
Initial statistics: 1 variables; iteration 0; function evaluation 0; phase 1
Function value 2.6378034e+03; maximum gradient component mag -5.7444e+03
Var    Value     Gradient |Var    Value     Gradient |Var    Value     Gradient
  1  0.63197 -5.74444e+03 |

 - final statistics:
1 variables; iteration 4; function evaluation 7
Function value 2.6115e+03; maximum gradient component mag -1.9199e+00
Exit code = 1;  converg criter 1.0000e+01
Var    Value     Gradient |Var    Value     Gradient |Var    Value     Gradient
  1  0.64188 -1.91989e+00 |

Initial statistics: 98 variables; iteration 0; function evaluation 0; phase 2
Function value 2.6115167e+03; maximum gradient component mag -2.2933e+03
Var    Value     Gradient |Var    Value     Gradient |Var    Value     Gradient
  1  0.64188 -1.91989e+00 |  2  0.00000 -2.17043e+01 |  3  0.00000 -2.85945e+01
  4  0.00000  4.83202e+01 |  5  0.00000  6.19566e+01 |  6  0.00000  6.26565e+01
  7  0.00000  1.95123e+01 |  8  0.00000  4.31126e+01 |  9  0.00000 -5.10101e+01
 10  0.00000  3.03222e+01 | 11  0.00000  1.65227e+02 | 12  0.00000  2.51306e+01
 13  0.00000  5.13657e+01 | 14  0.00000  8.78655e+01 | 15  0.00000  1.80063e+02
 16  0.00000  3.36104e+02 | 17  0.00000 -5.93800e+01 | 18  0.00000 -5.08143e+02
 19  0.00000 -2.08544e+02 | 20  0.00000 -2.84540e+02 | 21  0.00000  1.89488e+02
 22  0.00000  1.03486e+02 | 23  0.00000  4.86272e+01 | 24  0.00000 -3.43899e+02
 25  0.00000 -3.10640e+02 | 26  0.00000 -6.59948e+01 | 27  0.00000  8.83449e+01
 28  0.00000 -2.01434e+02 | 29  0.00000  3.40313e+01 | 30  0.00000  1.83180e+02
 31  0.00000  4.31232e+02 | 32  0.00000 -2.22941e+02 | 33  0.00000  1.89702e+02
 34  0.00000 -1.06973e+02 | 35  0.00000  3.32240e+02 | 36  0.00000  3.26410e+02
 37  0.00000  2.35788e+02 | 38  0.00000 -1.11545e+03 | 39  0.00000  6.03754e+02
 40  0.00000  7.00162e+02 | 41  0.00000 -4.48755e+02 | 42  0.00000  2.71160e+01
 43  0.00000  3.81847e+02 | 44  0.00000  2.78646e+02 | 45  0.00000 -1.35193e+02
 46  0.00000  4.06444e+02 | 47  0.00000  1.87590e+02 | 48  0.00000  3.37942e+02
 49  0.00000  4.08036e+02 | 50  0.00000 -3.06292e+02 | 51  0.00000 -2.87271e+01
 52  0.00000  7.42727e+01 | 53  0.00000  7.64584e+02 | 54  0.00000  7.29412e+01
 55  0.00000 -1.09911e+03 | 56  0.00000  6.33819e+02 | 57  0.00000  1.99816e+02
 58  0.00000 -1.19423e+02 | 59  0.00000 -3.07153e+00 | 60  0.00000  3.31327e+02
 61  0.00000 -3.20037e+02 | 62  0.00000  2.69726e+02 | 63  0.00000 -1.20475e+02
 64  0.00000  3.91645e+02 | 65  0.00000 -1.66025e+02 | 66  0.00000  3.58469e+02
 67  0.00000 -2.29331e+03 | 68  0.00000  7.53676e+02 | 69  0.00000 -1.06661e+03
 70  0.00000 -5.00246e+01 | 71  0.00000  9.27171e+02 | 72  0.00000  6.13893e+02
 73  0.00000 -3.91267e+02 | 74  0.00000  1.54798e+02 | 75  0.00000  6.20174e+02
 76  0.00000  2.26823e+01 | 77  0.00000 -9.83985e+01 | 78  0.00000  3.12544e+02
 79  0.00000 -7.76885e+02 | 80  0.00000  2.85745e+02 | 81  0.00000  4.50021e+02
 82  0.00000 -2.01755e+03 | 83  0.00000 -1.80865e+03 | 84  0.00000 -1.11731e+02
 85  0.00000  5.57477e+02 | 86  0.00000  5.92852e+02 | 87  0.00000 -3.12961e+02
 88  0.00000 -4.39389e+01 | 89  0.00000  3.04163e+02 | 90  0.00000 -1.41304e+02
 91  0.00000  4.20892e+02 | 92  0.00000 -2.46206e+01 | 93  0.00000 -1.89422e+02
 94  0.00000 -5.45055e+01 | 95  0.00000 -2.68136e+01 | 96  0.00000  7.15441e+01
 97  0.14825  2.48825e+01 | 98 -0.09833  7.40893e+02 |

Intermediate statistics: 98 variables; iteration 20; function evaluation 33; phase 2
Function value 2.2246151e+03; maximum gradient component mag -1.3512e+03
Var    Value     Gradient |Var    Value     Gradient |Var    Value     Gradient
  1  0.65830 -6.47360e+02 |  2  0.01987  2.61499e+01 |  3 -0.00852 -4.63298e+01
  4 -0.07236 -1.05082e+02 |  5 -0.04860 -5.29785e+01 |  6 -0.00852  4.04399e+01
  7 -0.01824 -3.41922e+01 |  8 -0.01439 -3.42635e+00 |  9  0.01280  1.34753e+01
 10 -0.02305 -6.20499e+01 | 11 -0.04971 -3.94674e+01 | 12 -0.01563 -5.45137e+01
 13 -0.01811 -5.28224e+01 | 14 -0.01909 -3.49994e+01 | 15 -0.02213  2.30757e+01
 16 -0.02753  1.26577e+02 | 17 -0.00637 -5.62224e+01 | 18  0.01265 -2.21204e+02
 19  0.00057 -9.69167e+01 | 20  0.00693 -9.47211e+01 | 21 -0.01991  2.96805e+01
 22 -0.01117  7.17491e+00 | 23 -0.00932 -1.65100e+01 | 24  0.01021 -1.28737e+02
 25  0.00825 -1.24971e+02 | 26 -0.00384 -5.92743e+01 | 27 -0.01101 -3.96010e+00
 28  0.00402 -7.62788e+01 | 29 -0.00599  2.16940e+00 | 30 -0.01370  3.89928e+01
 31 -0.02742  1.32835e+02 | 32  0.00376 -9.92832e+01 | 33 -0.01521  4.49091e+01
 34 -0.00099 -5.33349e+01 | 35 -0.01948  1.09927e+02 | 36 -0.01940  1.05158e+02
 37 -0.01768  5.48696e+01 | 38  0.02562 -5.52462e+02 | 39 -0.04126  1.50384e+02
 40 -0.04439  2.01071e+02 | 41  0.01665 -6.34044e+01 | 42 -0.00540  4.02014e+00
 43 -0.02137  1.14843e+02 | 44 -0.01591  8.14665e+01 | 45  0.00161 -6.27278e+01
 46 -0.02020  1.36107e+02 | 47 -0.00635  1.15867e+02 | 48 -0.01125  1.77740e+02
 49 -0.01322  2.10856e+02 | 50  0.00436 -1.61153e+02 | 51 -0.00098  4.92467e+00
 52 -0.00456  1.76252e+01 | 53 -0.02052  3.39281e+02 | 54 -0.00359  7.70771e+01
 55  0.01107 -6.15227e+02 | 56 -0.01551  3.17358e+02 | 57 -0.00685  1.08979e+02
 58 -0.00128 -3.81134e+01 | 59 -0.00067  1.04923e+02 | 60 -0.00897  2.16545e+02
 61  0.00429 -5.89549e+01 | 62 -0.01475 -4.72480e+00 | 63 -0.00455 -1.46088e+02
 64 -0.01264  1.72197e+02 | 65 -0.00282 -1.21877e+02 | 66 -0.01118  2.47605e+02
 67  0.02534 -1.35125e+03 | 68 -0.03506  1.76038e+02 | 69  0.01092 -6.07590e+02
 70 -0.00335 -1.30466e+01 | 71 -0.02485  3.95690e+02 | 72 -0.01550  2.90721e+02
 73 -0.00692 -4.56347e+02 | 74 -0.00612  1.18669e+02 | 75 -0.01953  2.35516e+02
 76 -0.00620 -1.65219e+01 | 77 -0.00792 -1.83440e+02 | 78 -0.01378  9.40543e+01
 79  0.00566 -4.74094e+02 | 80 -0.01466  3.67249e+01 | 81 -0.02731  2.31509e+01
 82  0.02753 -9.95898e+02 | 83  0.01844 -1.10762e+03 | 84 -0.01108 -2.05519e+02
 85 -0.01647  2.80237e+02 | 86 -0.01648  3.12496e+02 | 87 -0.00023 -2.07204e+02
 88 -0.00544 -4.72728e+01 | 89 -0.01491  1.31307e+02 | 90  0.00185 -4.63839e+01
 91 -0.03649  6.57984e+01 | 92 -0.00132  3.32784e+00 | 93  0.02564 -1.83400e+01
 94 -0.00493 -6.52358e+01 | 95 -0.00193 -3.16967e+01 | 96  0.00442  8.27240e+01
 97  0.14844 -2.70565e+02 | 98 -0.09760  6.15095e+02 |
98 variables; iteration 40; function evaluation 57; phase 2
Function value 2.1328890e+03; maximum gradient component mag 2.1778e+03
Var    Value     Gradient |Var    Value     Gradient |Var    Value     Gradient
  1  0.62109  2.17784e+03 |  2  0.02021  1.57390e+01 |  3  0.02894  3.20784e+01
  4  0.00476  4.96483e+01 |  5 -0.00478  3.74931e+01 |  6 -0.03139 -3.14639e+01
  7  0.01692  5.64967e+01 |  8  0.00435  3.59900e+01 |  9  0.01495 -1.71649e+01
 10  0.01332  5.81490e+01 | 11  0.00974  1.74845e+02 | 12  0.02274  1.17658e+02
 13  0.01485  9.33743e+01 | 14  0.00745  7.29650e+01 | 15  0.00081  1.04640e+02
 16 -0.03432 -7.31089e+00 | 17  0.01740  5.37579e+01 | 18  0.04039 -5.94302e+00
 19  0.02406  2.50306e+01 | 20  0.02789 -7.21368e+00 | 21 -0.00766  7.26045e+00
 22  0.00985  1.19341e+02 | 23  0.01114  9.63409e+01 | 24  0.02742 -3.61852e+01
 25  0.02631 -1.38686e+01 | 26  0.01457  4.67383e+01 | 27  0.00785  1.02343e+02
 28  0.01931 -1.08915e+01 | 29  0.00709  2.61553e+01 | 30  0.00286  1.05793e+02
 31 -0.03413 -2.89089e+01 | 32  0.02174  1.01732e+01 | 33 -0.00685  1.30899e+01
 34  0.01262 -2.17768e+01 | 35 -0.01535  2.01711e+01 | 36 -0.01401  3.39733e+01
 37 -0.00867  4.33570e+01 | 38  0.06088  1.50016e+02 | 39 -0.04543  4.04258e+01
 40 -0.05720  2.66638e+01 | 41  0.02955 -3.19284e+01 | 42  0.00531  7.19543e+00
 43 -0.00995  1.36993e+02 | 44 -0.00595  9.13204e+01 | 45  0.01699  4.97311e+01
 46 -0.01124  1.35006e+02 | 47 -0.00294  1.34745e+01 | 48 -0.01098  2.80732e+01
 49 -0.01635  1.79801e+01 | 50  0.02204  2.92145e+01 | 51  0.01135  6.80539e+01
 52  0.00941  1.14723e+02 | 53 -0.01848  1.87733e+02 | 54  0.00958  1.93519e+02
 55  0.03795  1.23825e+02 | 56 -0.01171  1.95187e+02 | 57  0.00499  1.82991e+02
 58  0.01227  9.74888e+01 | 59  0.01002  1.59339e+02 | 60 -0.00345  1.34898e+02
 61  0.01778  1.11159e+02 | 62 -0.00132  1.32715e+02 | 63  0.01274  1.17481e+02
 64 -0.00772  9.67769e+01 | 65  0.01576  1.81793e+02 | 66 -0.00913  1.76433e+02
 67  0.06953  7.13535e+02 | 68 -0.02922  2.13099e+02 | 69  0.03181 -7.31084e+01
 70  0.00647  4.54242e+01 | 71 -0.03063  1.24461e+02 | 72 -0.01846  3.58574e+01
 73  0.02168  2.78181e+02 | 74 -0.00137  5.43220e+01 | 75 -0.01726  1.21993e+02
 76  0.00202  4.46923e+00 | 77  0.00669  1.48844e+01 | 78 -0.00923  4.18322e+01
 79  0.03120  1.67394e+02 | 80 -0.00372  1.09539e+02 | 81 -0.01882  5.13376e+01
 82  0.05751  3.55603e+01 | 83  0.06117  3.60007e+02 | 84  0.00996  9.37589e+01
 85 -0.01888  3.80041e+01 | 86 -0.01999  1.41715e+01 | 87  0.02168  9.89885e+00
 88  0.01170  2.95962e+01 | 89 -0.00964  3.15850e+00 | 90  0.01855 -5.76424e+00
 91 -0.01076  1.94808e+02 | 92  0.01247  2.26249e+01 | 93  0.04633  5.98017e+01
 94  0.04383  5.90481e+01 | 95  0.02142  2.73459e+01 | 96 -0.05570 -6.88796e+01
 97  0.14810  3.26086e+02 | 98 -0.10070  1.71029e+02 |
98 variables; iteration 60; function evaluation 83; phase 2
Function value 2.1083293e+03; maximum gradient component mag 8.0851e+02
Var    Value     Gradient |Var    Value     Gradient |Var    Value     Gradient
  1  0.63144  8.08513e+02 |  2 -0.00447 -3.70648e+01 |  3  0.02725  2.87322e+01
  4 -0.01095  1.35548e+01 |  5 -0.03305 -2.70535e+01 |  6 -0.01363  1.25679e+01
  7 -0.01208 -3.23104e+01 |  8 -0.02297 -4.76479e+01 |  9  0.01606 -7.73725e+00
 10 -0.00264 -8.77067e+00 | 11 -0.03072  4.02205e+00 | 12  0.00204 -2.79619e+00
 13  0.00644  4.79372e+01 | 14  0.00160  4.80828e+01 | 15 -0.01541  7.20470e+00
 16 -0.03434  1.59149e+01 | 17  0.00998  2.55484e+01 | 18  0.03585  1.62233e+01
 19  0.01881  3.00651e+01 | 20  0.02613  5.31213e+01 | 21 -0.01078  2.41424e+01
 22  0.00018  3.95593e+01 | 23  0.00255  2.69664e+01 | 24  0.02583 -5.22435e+00
 25  0.02412  4.74218e+00 | 26  0.00881  7.85441e+00 | 27 -0.00027  3.35359e+01
 28  0.01673 -8.89670e-01 | 29  0.00419  2.95239e+01 | 30 -0.00731  1.33594e+01
 31 -0.03213  1.13720e+01 | 32  0.01856  1.00356e+01 | 33 -0.01361 -3.16915e+01
 34  0.00979 -1.98557e+01 | 35 -0.02067 -9.33994e+00 | 36 -0.01942  5.12480e-01
 37 -0.01493 -4.91131e+00 | 38  0.05466  2.50061e+01 | 39 -0.04841  3.29780e+01
 40 -0.05661  4.47726e+01 | 41  0.03025  4.20847e+01 | 42  0.00180 -1.56082e+01
 43 -0.01971  3.59622e+01 | 44 -0.01400  2.80556e+00 | 45  0.01507  3.50466e+01
 46 -0.02319  2.28416e+00 | 47 -0.00362  2.27551e+01 | 48 -0.01235  3.02054e+01
 49 -0.01551  5.10691e+01 | 50  0.02120  4.67271e+01 | 51  0.00817  2.63541e+01
 52  0.00438  2.15111e+01 | 53 -0.02705  5.98957e+01 | 54  0.00370  6.96361e+01
 55  0.03418  4.09010e+01 | 56 -0.02147  2.44544e+01 | 57 -0.00136  5.89682e+01
 58  0.00922  5.46498e+01 | 59  0.00456  5.28882e+01 | 60 -0.00826  6.02392e+01
 61  0.01480  7.71955e+01 | 62 -0.00640  5.42053e+01 | 63  0.01008  1.00146e+02
 64 -0.01145  5.49484e+01 | 65  0.00902  2.89843e+01 | 66 -0.01777  9.35757e+00
 67  0.05715 -1.18707e+01 | 68 -0.03985  6.55879e+01 | 69  0.03313  6.87060e+01
 70  0.00374  3.27534e+01 | 71 -0.03849  2.82210e+01 | 72 -0.02015  4.18297e+01
 73  0.01344  5.35451e+01 | 74 -0.00292  7.41294e+01 | 75 -0.02246  6.68703e+01
 76  0.00123  6.18771e+01 | 77  0.00468  4.31021e+01 | 78 -0.01175  4.41270e+01
 79  0.02573  6.15180e+01 | 80 -0.00869  5.59771e+01 | 81 -0.02286  3.23404e+01
 82  0.05575  1.02484e+02 | 83  0.05148  5.06982e+01 | 84  0.00390  2.47961e+01
 85 -0.02204  4.65853e+01 | 86 -0.02385  1.89691e+01 | 87  0.01636  1.15904e+00
 88  0.00567  1.02024e+01 | 89 -0.01401  1.59929e+01 | 90  0.01275 -2.17261e+01
 91 -0.03945 -1.14259e+01 | 92  0.00724  1.82684e+01 | 93  0.03076  1.84065e+00
 94  0.01760 -7.49252e+00 | 95  0.01014 -1.15772e+00 | 96 -0.02825  1.09116e-01
 97  0.14909  1.57838e+02 | 98 -0.10367  2.90051e+01 |
Maximum number of function evaluations exceeded

 - final statistics:
98 variables; iteration 73; function evaluation 100
Function value 2.1058e+03; maximum gradient component mag 1.7316e+02
Exit code = 3;  converg criter 1.0000e+01
Var    Value     Gradient |Var    Value     Gradient |Var    Value     Gradient
  1  0.63387  1.73157e+02 |  2  0.01720  1.13404e+01 |  3  0.01141 -8.11853e+00
  4 -0.01288  1.07545e+01 |  5 -0.01751  9.53410e+00 |  6 -0.01597  8.75190e+00
  7  0.00812  3.25703e+01 |  8 -0.00884 -2.24620e+00 |  9  0.01124 -2.40540e+01
 10 -0.00348 -7.96655e+00 | 11 -0.04026 -2.59661e+01 | 12  0.00349  1.11602e+01
 13 -0.00346 -1.05731e+01 | 14 -0.00347  1.66208e+01 | 15 -0.01824 -8.16225e+00
 16 -0.03771 -1.56476e+00 | 17  0.00621 -1.14809e+01 | 18  0.03385 -4.43796e+00
 19  0.01548 -7.01333e+00 | 20  0.02256  6.17911e+00 | 21 -0.01693 -3.04592e+01
 22 -0.00505 -1.59201e+01 | 23  0.00046  8.25834e+00 | 24  0.02430 -2.10799e+01
 25  0.02269 -1.11597e+01 | 26  0.00826  6.33525e+00 | 27 -0.00232  1.22766e+01
 28  0.01690  8.48924e+00 | 29  0.00316  1.89973e+01 | 30 -0.00852  1.33355e+00
 31 -0.03209  1.31812e+01 | 32  0.01814  5.90894e+00 | 33 -0.01323 -2.54071e+01
 34  0.01046 -5.13291e+00 | 35 -0.01874  1.51229e+01 | 36 -0.01794  1.93310e+01
 37 -0.01473 -2.36676e+00 | 38  0.05344 -1.71185e+01 | 39 -0.05014  1.88631e+01
 40 -0.06113  1.36136e+01 | 41  0.02822 -7.87975e+00 | 42  0.00352  9.35861e+00
 43 -0.02365 -1.06287e+01 | 44 -0.01542 -1.88958e+01 | 45  0.01386  4.94627e+00
 46 -0.02385 -9.40108e+00 | 47 -0.00395  1.12057e+01 | 48 -0.01426 -3.51614e+00
 49 -0.01761  1.48583e+01 | 50  0.02017  9.10563e+00 | 51  0.00765  5.93464e+00
 52  0.00313 -1.56894e+01 | 53 -0.03027  3.62266e+00 | 54  0.00159  6.20836e+00
 55  0.03304 -1.11171e+01 | 56 -0.02225  9.61533e+00 | 57 -0.00299  1.74505e+01
 58  0.00783  1.22268e+01 | 59  0.00318  1.33144e+01 | 60 -0.01076 -8.87025e-02
 61  0.01257  3.91116e-01 | 62 -0.00830  4.82261e+00 | 63  0.00727  1.21129e+01
 64 -0.01275  2.51516e+01 | 65  0.00868  2.09276e+01 | 66 -0.01722  2.29887e+01
 67  0.05756  1.42827e+01 | 68 -0.04270  2.36805e+01 | 69  0.03204  1.83714e+01
 70  0.00298  1.11679e+01 | 71 -0.03882  2.40750e+01 | 72 -0.02130  1.93722e+01
 73  0.01194  3.56728e+00 | 74 -0.00535  8.43654e+00 | 75 -0.02392  3.86299e+01
 76 -0.00030  2.37975e+01 | 77  0.00343  1.41930e+01 | 78 -0.01275  2.71848e+01
 79  0.02378 -6.95990e-01 | 80 -0.01019  2.87606e+01 | 81 -0.02444  9.13634e+00
 82  0.05302 -2.29196e+01 | 83  0.04978 -1.28717e+01 | 84  0.00319  1.76474e+01
 85 -0.02473  1.24786e+01 | 86 -0.02462  1.86667e+01 | 87  0.01590  1.60476e+01
 88  0.00424  2.97408e+00 | 89 -0.01545  1.23734e+01 | 90  0.01285  5.31620e+00
 91 -0.04037 -1.00019e+01 | 92  0.00474  3.84783e+00 | 93  0.02751 -1.27255e+01
 94  0.01958 -2.41208e+00 | 95  0.01099  9.69225e-01 | 96 -0.03086 -6.46719e+00
 97  0.14920  4.16025e+01 | 98 -0.10399  1.75790e+00 |

Initial statistics: 100 variables; iteration 0; function evaluation 0; phase 3
Function value 2.1057602e+03; maximum gradient component mag -2.5857e+02
Var    Value     Gradient |Var    Value     Gradient |Var    Value     Gradient
  1  0.63387  1.73157e+02 |  2  0.01720  1.13404e+01 |  3  0.01141 -8.11853e+00
  4 -0.01288  1.07545e+01 |  5 -0.01751  9.53410e+00 |  6 -0.01597  8.75190e+00
  7  0.00812  3.25703e+01 |  8 -0.00884 -2.24620e+00 |  9  0.01124 -2.40540e+01
 10 -0.00348 -7.96655e+00 | 11 -0.04026 -2.59661e+01 | 12  0.00349  1.11602e+01
 13 -0.00346 -1.05731e+01 | 14 -0.00347  1.66208e+01 | 15 -0.01824 -8.16225e+00
 16 -0.03771 -1.56476e+00 | 17  0.00621 -1.14809e+01 | 18  0.03385 -4.43796e+00
 19  0.01548 -7.01333e+00 | 20  0.02256  6.17911e+00 | 21 -0.01693 -3.04592e+01
 22 -0.00505 -1.59201e+01 | 23  0.00046  8.25834e+00 | 24  0.02430 -2.10799e+01
 25  0.02269 -1.11597e+01 | 26  0.00826  6.33525e+00 | 27 -0.00232  1.22766e+01
 28  0.01690  8.48924e+00 | 29  0.00316  1.89973e+01 | 30 -0.00852  1.33355e+00
 31 -0.03209  1.31812e+01 | 32  0.01814  5.90894e+00 | 33 -0.01323 -2.54071e+01
 34  0.01046 -5.13291e+00 | 35 -0.01874  1.51229e+01 | 36 -0.01794  1.93310e+01
 37 -0.01473 -2.36676e+00 | 38  0.05344 -1.71185e+01 | 39 -0.05014  1.88631e+01
 40 -0.06113  1.36136e+01 | 41  0.02822 -7.87975e+00 | 42  0.00352  9.35861e+00
 43 -0.02365 -1.06287e+01 | 44 -0.01542 -1.88958e+01 | 45  0.01386  4.94627e+00
 46 -0.02385 -9.40108e+00 | 47 -0.00395  1.12057e+01 | 48 -0.01426 -3.51614e+00
 49 -0.01761  1.48583e+01 | 50  0.02017  9.10563e+00 | 51  0.00765  5.93464e+00
 52  0.00313 -1.56894e+01 | 53 -0.03027  3.62266e+00 | 54  0.00159  6.20836e+00
 55  0.03304 -1.11171e+01 | 56 -0.02225  9.61533e+00 | 57 -0.00299  1.74505e+01
 58  0.00783  1.22268e+01 | 59  0.00318  1.33144e+01 | 60 -0.01076 -8.87025e-02
 61  0.01257  3.91116e-01 | 62 -0.00830  4.82261e+00 | 63  0.00727  1.21129e+01
 64 -0.01275  2.51516e+01 | 65  0.00868  2.09276e+01 | 66 -0.01722  2.29887e+01
 67  0.05756  1.42827e+01 | 68 -0.04270  2.36805e+01 | 69  0.03204  1.83714e+01
 70  0.00298  1.11679e+01 | 71 -0.03882  2.40750e+01 | 72 -0.02130  1.93722e+01
 73  0.01194  3.56728e+00 | 74 -0.00535  8.43654e+00 | 75 -0.02392  3.86299e+01
 76 -0.00030  2.37975e+01 | 77  0.00343  1.41930e+01 | 78 -0.01275  2.71848e+01
 79  0.02378 -6.95990e-01 | 80 -0.01019  2.87606e+01 | 81 -0.02444  9.13634e+00
 82  0.05302 -2.29196e+01 | 83  0.04978 -1.28717e+01 | 84  0.00319  1.76474e+01
 85 -0.02473  1.24786e+01 | 86 -0.02462  1.86667e+01 | 87  0.01590  1.60476e+01
 88  0.00424  2.97408e+00 | 89 -0.01545  1.23734e+01 | 90  0.01285  5.31620e+00
 91 -0.04037 -1.00019e+01 | 92  0.00474  3.84783e+00 | 93  0.02751 -1.27255e+01
 94  0.01958 -2.41208e+00 | 95  0.01099  9.69225e-01 | 96 -0.03086 -6.46719e+00
 97  0.14920  4.16025e+01 | 98 -0.41581 -2.58569e+02 | 99 -0.10399  1.75790e+00
100 -0.25275  3.69721e+01 |

Intermediate statistics: 100 variables; iteration 20; function evaluation 23; phase 3
Function value 2.1047849e+03; maximum gradient component mag 2.0455e+02
Var    Value     Gradient |Var    Value     Gradient |Var    Value     Gradient
  1  0.63118 -1.12644e+02 |  2  0.01228 -1.07809e+00 |  3  0.01553  1.24250e-01
  4 -0.01763 -1.06065e+00 |  5 -0.02137 -8.11478e-01 |  6 -0.01897 -5.20272e-01
  7 -0.00060  1.86252e+00 |  8 -0.00755 -9.00781e-01 |  9  0.01654 -5.13225e+00
 10 -0.00123 -2.58375e+00 | 11 -0.03266 -2.85386e+00 | 12  0.00278  8.78435e-01
 13 -0.00162 -5.78777e+00 | 14 -0.00412  4.64597e+00 | 15 -0.01678 -5.24008e+00
 16 -0.03677 -1.71959e+00 | 17  0.00736 -1.08204e+01 | 18  0.03485 -6.69927e+00
 19  0.01649 -8.27928e+00 | 20  0.02336  1.05473e+00 | 21 -0.01493 -2.13695e+01
 22 -0.00389 -1.41273e+01 | 23  0.00105  3.07224e+00 | 24  0.02549 -1.88494e+01
 25  0.02372 -1.17575e+01 | 26  0.00896  1.33414e+00 | 27 -0.00180  5.62710e+00
 28  0.01758  1.47916e+00 | 29  0.00364  1.04112e+01 | 30 -0.00777 -2.67082e+00
 31 -0.03198  5.17016e+00 | 32  0.01883 -1.71513e+00 | 33 -0.01190 -2.24026e+01
 34  0.01128 -1.00387e+01 | 35 -0.01840  6.54735e+00 | 36 -0.01770  9.30127e+00
 37 -0.01394 -6.41865e+00 | 38  0.05453 -2.28664e+01 | 39 -0.05081  6.12339e+00
 40 -0.06169  3.03745e+00 | 41  0.02917 -1.66879e+01 | 42  0.00414 -1.70720e+00
 43 -0.02258 -1.29837e+01 | 44 -0.01422 -2.07903e+01 | 45  0.01457 -9.07584e+00
 46 -0.02274 -1.28948e+01 | 47 -0.00331 -1.88479e+00 | 48 -0.01336 -1.16754e+01
 49 -0.01703  2.27587e+00 | 50  0.02080 -1.45812e+01 | 51  0.00836 -1.24776e+01
 52  0.00423 -2.45701e+01 | 53 -0.02953 -6.31975e+00 | 54  0.00224 -1.10593e+01
 55  0.03415 -1.68453e+01 | 56 -0.02166 -3.31589e+00 | 57 -0.00251 -2.30153e+00
 58  0.00845 -9.18353e+00 | 59  0.00380 -4.79437e+00 | 60 -0.00998 -1.10929e+01
 61  0.01340 -1.27547e+01 | 62 -0.00760 -8.90266e+00 | 63  0.00791 -7.13038e+00
 64 -0.01241  3.59353e+00 | 65  0.00918 -3.09889e+00 | 66 -0.01684  6.31692e+00
 67  0.05917  3.59027e+01 | 68 -0.04236  1.25930e+01 | 69  0.03262 -1.12876e+01
 70  0.00358 -8.77802e+00 | 71 -0.03845  1.12936e+01 | 72 -0.02091  1.80467e+00
 73  0.01266 -1.23368e+01 | 74 -0.00474 -7.11692e+00 | 75 -0.02381  1.83045e+01
 76  0.00004  2.03257e-01 | 77  0.00399 -1.83524e+00 | 78 -0.01252  8.04355e+00
 79  0.02454 -1.16382e+01 | 80 -0.01001  9.58163e+00 | 81 -0.02389  2.66065e+00
 82  0.05400 -2.73537e+01 | 83  0.05082 -9.85667e+00 | 84  0.00355  4.32638e+00
 85 -0.02422  7.37013e+00 | 86 -0.02423  1.17348e+01 | 87  0.01633  7.11356e+00
 88  0.00486  1.09469e+00 | 89 -0.01489  1.28190e+01 | 90  0.01339  5.66786e+00
 91 -0.03905 -1.94195e+00 | 92  0.00495  3.82770e+00 | 93  0.02900 -3.51167e-02
 94  0.02070  6.67565e-01 | 95  0.01060 -1.86401e-02 | 96 -0.02825  1.30884e-01
 97  0.15073 -6.60455e+01 | 98 -0.41442 -7.02685e+01 | 99 -0.10553 -1.00642e+02
100 -0.25293  2.04552e+02 |
100 variables; iteration 40; function evaluation 49; phase 3
Function value 2.1044276e+03; maximum gradient component mag 1.0449e+02
Var    Value     Gradient |Var    Value     Gradient |Var    Value     Gradient
  1  0.63141 -5.86001e+01 |  2  0.01134 -2.79216e+00 |  3  0.01576  1.14834e+00
  4 -0.01893 -3.56578e+00 |  5 -0.02087  7.32820e-01 |  6 -0.01677  5.50497e+00
  7 -0.00056  2.79164e+00 |  8 -0.00888 -4.27979e+00 |  9  0.01667 -3.00004e+00
 10 -0.00182 -3.75011e+00 | 11 -0.03083  4.63846e+00 | 12  0.00323  5.40104e+00
 13 -0.00203 -6.19201e+00 | 14 -0.00503  5.36952e-01 | 15 -0.01635 -3.80573e-01
 16 -0.03684 -8.02354e-01 | 17  0.00758 -5.60111e+00 | 18  0.03488 -1.95488e+00
 19  0.01656 -4.14667e+00 | 20  0.02290 -2.68146e+00 | 21 -0.01453 -1.53780e+01
 22 -0.00323 -3.88621e+00 | 23  0.00063  6.94651e-01 | 24  0.02562 -1.23862e+01
 25  0.02359 -9.44220e+00 | 26  0.00896  4.66989e+00 | 27 -0.00208  4.89004e+00
 28  0.01725 -3.71122e-01 | 29  0.00340  1.00951e+01 | 30 -0.00809 -3.73956e+00
 31 -0.03168  9.78363e+00 | 32  0.01859 -8.46605e-01 | 33 -0.01111 -9.96211e+00
 34  0.01130 -5.31051e+00 | 35 -0.01922 -4.73040e-01 | 36 -0.01870  3.13388e-01
 37 -0.01391 -3.05633e+00 | 38  0.05459 -1.15415e+01 | 39 -0.05202 -6.89642e-01
 40 -0.06193  2.90466e+00 | 41  0.02907 -1.28546e+01 | 42  0.00388 -1.38324e+00
 43 -0.02212 -4.71516e+00 | 44 -0.01374 -1.11393e+01 | 45  0.01448 -4.58947e+00
 46 -0.02219 -3.45199e+00 | 47 -0.00347 -1.35750e-01 | 48 -0.01348 -9.80829e+00
 49 -0.01735  1.50661e+00 | 50  0.02072 -9.47070e+00 | 51  0.00838 -5.44556e+00
 52  0.00454 -1.07593e+01 | 53 -0.02954 -2.46672e+00 | 54  0.00216 -6.68521e+00
 55  0.03417 -8.56583e+00 | 56 -0.02192 -4.60187e+00 | 57 -0.00253  8.56215e-01
 58  0.00849 -2.09513e+00 | 59  0.00378 -1.26987e+00 | 60 -0.00997 -6.47611e+00
 61  0.01348 -5.52172e+00 | 62 -0.00763 -5.25912e+00 | 63  0.00784 -5.60258e+00
 64 -0.01268  1.29321e+00 | 65  0.00908 -3.12547e+00 | 66 -0.01726  5.98455e-01
 67  0.05879  1.81435e+01 | 68 -0.04273  9.26675e+00 | 69  0.03263 -6.40783e+00
 70  0.00360 -4.11653e+00 | 71 -0.03894  4.89515e+00 | 72 -0.02107  1.27844e+00
 73  0.01274 -6.06771e+00 | 74 -0.00479 -5.35821e+00 | 75 -0.02454  4.64298e+00
 76  0.00001  2.26279e+00 | 77  0.00394 -1.30249e+00 | 78 -0.01280  4.82830e+00
 79  0.02463 -5.87940e+00 | 80 -0.01030  5.80187e+00 | 81 -0.02396  2.47223e+00
 82  0.05411 -1.41403e+01 | 83  0.05083 -4.97993e+00 | 84  0.00324 -1.73088e-01
 85 -0.02452  3.13468e+00 | 86 -0.02475  4.82631e+00 | 87  0.01621  5.26122e+00
 88  0.00476  8.99436e-01 | 89 -0.01577  2.79047e-01 | 90  0.01326  5.15357e+00
 91 -0.03876  5.33643e-01 | 92  0.00440  7.99791e-01 | 93  0.02875 -2.80170e+00
 94  0.02008 -1.25378e+00 | 95  0.01079  4.63420e-01 | 96 -0.02950 -3.04489e+00
 97  0.15276 -3.70583e+01 | 98 -0.41293 -3.33614e+01 | 99 -0.10648 -5.58558e+01
100 -0.25382  1.04491e+02 |
100 variables; iteration 60; function evaluation 78; phase 3
Function value 2.1042557e+03; maximum gradient component mag 2.3140e+01
Var    Value     Gradient |Var    Value     Gradient |Var    Value     Gradient
  1  0.63128 -1.51833e+01 |  2  0.01195 -1.28007e+00 |  3  0.01539  4.53980e-01
  4 -0.01701  8.03048e-01 |  5 -0.02197 -1.64169e+00 |  6 -0.01818  2.16110e+00
  7 -0.00160 -7.12649e-02 |  8 -0.00792 -8.85226e-01 |  9  0.01720  1.62488e-02
 10 -0.00150 -1.85203e+00 | 11 -0.03225 -2.97206e-02 | 12  0.00255  2.34782e+00
 13 -0.00105  7.37073e-01 | 14 -0.00530 -4.15623e-01 | 15 -0.01661 -1.42116e+00
 16 -0.03674  2.26404e-01 | 17  0.00791 -9.98644e-01 | 18  0.03489 -4.61902e-01
 19  0.01667 -1.34788e+00 | 20  0.02291 -9.48362e-01 | 21 -0.01337 -3.20920e+00
 22 -0.00316 -2.01633e+00 | 23  0.00047 -5.18200e-02 | 24  0.02606 -2.62611e+00
 25  0.02391 -1.76970e+00 | 26  0.00867  1.91006e+00 | 27 -0.00259 -4.57939e-01
 28  0.01716 -2.72969e-01 | 29  0.00280  2.76713e+00 | 30 -0.00790 -4.10863e-01
 31 -0.03253  3.17903e+00 | 32  0.01845 -1.04303e+00 | 33 -0.01078 -4.57832e+00
 34  0.01134 -2.48305e+00 | 35 -0.01931 -3.25818e-01 | 36 -0.01884 -9.22181e-02
 37 -0.01388 -1.36829e+00 | 38  0.05474 -2.71707e+00 | 39 -0.05174  2.00867e+00
 40 -0.06271 -1.39192e+00 | 41  0.02942 -2.27739e+00 | 42  0.00375 -1.29591e+00
 43 -0.02178  4.54529e-01 | 44 -0.01319 -2.55255e+00 | 45  0.01453 -7.98066e-01
 46 -0.02203 -1.29228e-01 | 47 -0.00356  7.25242e-01 | 48 -0.01308 -2.42312e+00
 49 -0.01765 -6.84132e-01 | 50  0.02084 -2.97764e+00 | 51  0.00839 -2.04001e+00
 52  0.00479 -1.66734e+00 | 53 -0.02949  1.22042e-01 | 54  0.00227 -1.28400e+00
 55  0.03428 -2.02261e+00 | 56 -0.02181 -1.27535e+00 | 57 -0.00255  6.46870e-01
 58  0.00850 -5.37135e-01 | 59  0.00379 -5.92028e-01 | 60 -0.00980 -1.35986e+00
 61  0.01359 -1.52617e+00 | 62 -0.00750 -1.00333e+00 | 63  0.00794 -2.45863e+00
 64 -0.01273  1.15011e+00 | 65  0.00914 -1.37489e+00 | 66 -0.01733 -3.09164e-01
 67  0.05858  3.92639e+00 | 68 -0.04325  2.31744e+00 | 69  0.03275 -1.73061e+00
 70  0.00375  8.51839e-01 | 71 -0.03914  1.55617e+00 | 72 -0.02111  6.81815e-01
 73  0.01289 -1.56462e+00 | 74 -0.00464 -1.03337e+00 | 75 -0.02472  4.18712e-01
 76 -0.00011 -1.29602e+00 | 77  0.00404  1.60039e-01 | 78 -0.01297  1.14150e+00
 79  0.02479 -1.60666e+00 | 80 -0.01045  2.18319e+00 | 81 -0.02411 -7.66271e-01
 82  0.05431 -3.07697e+00 | 83  0.05095 -1.02886e+00 | 84  0.00327  1.58197e-01
 85 -0.02457  1.38563e+00 | 86 -0.02490  1.79893e+00 | 87  0.01620  2.38227e+00
 88  0.00482  1.12980e+00 | 89 -0.01565  2.03914e-01 | 90  0.01313  9.90555e-01
 91 -0.03899 -2.38768e+00 | 92  0.00443  9.87176e-01 | 93  0.02922 -1.59247e+00
 94  0.02042 -5.71477e-01 | 95  0.01068  1.99149e-01 | 96 -0.02883 -1.33146e+00
 97  0.15459 -1.29607e+01 | 98 -0.41162  5.86132e-01 | 99 -0.10673 -1.43813e+01
100 -0.25430  2.31404e+01 |
Maximum number of function evaluations exceeded

 - final statistics:
100 variables; iteration 79; function evaluation 100
Function value 2.1042e+03; maximum gradient component mag -1.8544e+00
Exit code = 3;  converg criter 1.0000e+00
Var    Value     Gradient |Var    Value     Gradient |Var    Value     Gradient
  1  0.63129 -7.02383e-01 |  2  0.01252  5.43841e-02 |  3  0.01513 -7.76448e-02
  4 -0.01743 -7.57280e-02 |  5 -0.02136 -1.63472e-01 |  6 -0.01904  1.01580e-01
  7 -0.00161 -1.16922e-02 |  8 -0.00769 -2.40569e-02 |  9  0.01712 -9.37190e-02
 10 -0.00113 -5.48622e-02 | 11 -0.03229 -5.65678e-03 | 12  0.00205 -2.35987e-01
 13 -0.00122  3.06689e-02 | 14 -0.00528  8.92141e-02 | 15 -0.01643  1.01752e-01
 16 -0.03681  3.61260e-02 | 17  0.00798  2.63295e-01 | 18  0.03493  9.10047e-01
 19  0.01667 -6.96422e-01 | 20  0.02294  4.12628e-01 | 21 -0.01309  3.67074e-02
 22 -0.00300  4.01246e-01 | 23  0.00040 -4.53759e-01 | 24  0.02611 -1.02554e+00
 25  0.02393 -6.58414e-01 | 26  0.00847 -2.30967e-01 | 27 -0.00259  1.18683e-01
 28  0.01720  1.16533e+00 | 29  0.00255 -1.98198e-01 | 30 -0.00782  9.78772e-01
 31 -0.03290  2.97170e-01 | 32  0.01842 -7.38606e-01 | 33 -0.01050 -6.91048e-01
 34  0.01140 -5.57372e-01 | 35 -0.01936 -3.91419e-01 | 36 -0.01886  1.71583e-01
 37 -0.01374  8.23114e-01 | 38  0.05478  1.82784e-02 | 39 -0.05208 -9.15117e-02
 40 -0.06252  3.45292e-02 | 41  0.02946 -6.02696e-02 | 42  0.00384  1.01298e+00
 43 -0.02186  1.96465e-01 | 44 -0.01304  3.66791e-02 | 45  0.01446 -1.06870e+00
 46 -0.02211 -4.88097e-01 | 47 -0.00369 -5.67395e-01 | 48 -0.01308 -1.59687e+00
 49 -0.01761  7.15974e-01 | 50  0.02088 -8.57681e-02 | 51  0.00841 -1.14829e-01
 52  0.00482  3.66197e-01 | 53 -0.02957 -3.05359e-01 | 54  0.00229  3.99159e-01
 55  0.03429 -1.02581e-01 | 56 -0.02171  1.30791e+00 | 57 -0.00260 -1.10536e-01
 58  0.00849 -9.47196e-03 | 59  0.00379 -2.10200e-02 | 60 -0.00973  8.38415e-01
 61  0.01361 -1.32241e-01 | 62 -0.00750 -2.04397e-01 | 63  0.00800 -1.72297e-01
 64 -0.01276  1.08462e+00 | 65  0.00916 -2.73168e-01 | 66 -0.01732  1.25592e-01
 67  0.05851  1.02022e-01 | 68 -0.04343  1.20606e-01 | 69  0.03277 -9.84786e-02
 70  0.00371  6.62871e-02 | 71 -0.03927 -5.15263e-01 | 72 -0.02119 -8.35102e-01
 73  0.01292  9.14857e-03 | 74 -0.00462  1.13942e-02 | 75 -0.02476 -2.91452e-01
 76 -0.00008  2.51887e-02 | 77  0.00404  1.51810e-01 | 78 -0.01306 -7.25784e-01
 79  0.02483 -2.31988e-02 | 80 -0.01052  7.68243e-01 | 81 -0.02407 -1.03662e-01
 82  0.05435 -9.72079e-02 | 83  0.05096 -4.82488e-02 | 84  0.00325 -6.55920e-02
 85 -0.02461  5.51797e-01 | 86 -0.02496  7.29312e-01 | 87  0.01615  2.13400e-01
 88  0.00471 -1.85436e+00 | 89 -0.01563 -4.69342e-02 | 90  0.01311  3.27596e-01
 91 -0.03872 -6.33788e-01 | 92  0.00432 -1.79148e-01 | 93  0.02956 -1.20618e-01
 94  0.02064 -2.39358e-02 | 95  0.01061  6.84537e-03 | 96 -0.02831 -4.25797e-02
 97  0.15507 -4.44491e-01 | 98 -0.41130  4.53950e-01 | 99 -0.10656 -6.43671e-01
100 -0.25431  7.92178e-01 |

Initial statistics: 108 variables; iteration 0; function evaluation 0; phase 4
Function value 2.1042423e+03; maximum gradient component mag 1.3859e+03
Var    Value     Gradient |Var    Value     Gradient |Var    Value     Gradient
  1 -0.42263 -7.46638e+00 |  2 -0.42263  1.38588e+03 |  3 -0.41094  4.39591e+02
  4  0.63129 -7.02383e-01 |  5  0.00000 -1.14129e+01 |  6  0.00000  7.87241e+00
  7  0.00000  9.54966e+00 |  8  0.00000  6.22165e+00 |  9  0.00000 -4.75931e+00
 10  0.01252  5.43841e-02 | 11  0.01513 -7.76448e-02 | 12 -0.01743 -7.57280e-02
 13 -0.02136 -1.63472e-01 | 14 -0.01904  1.01580e-01 | 15 -0.00161 -1.16922e-02
 16 -0.00769 -2.40569e-02 | 17  0.01712 -9.37190e-02 | 18 -0.00113 -5.48622e-02
 19 -0.03229 -5.65678e-03 | 20  0.00205 -2.35987e-01 | 21 -0.00122  3.06689e-02
 22 -0.00528  8.92141e-02 | 23 -0.01643  1.01752e-01 | 24 -0.03681  3.61260e-02
 25  0.00798  2.63295e-01 | 26  0.03493  9.10047e-01 | 27  0.01667 -6.96422e-01
 28  0.02294  4.12628e-01 | 29 -0.01309  3.67074e-02 | 30 -0.00300  4.01246e-01
 31  0.00040 -4.53759e-01 | 32  0.02611 -1.02554e+00 | 33  0.02393 -6.58414e-01
 34  0.00847 -2.30967e-01 | 35 -0.00259  1.18683e-01 | 36  0.01720  1.16533e+00
 37  0.00255 -1.98198e-01 | 38 -0.00782  9.78772e-01 | 39 -0.03290  2.97170e-01
 40  0.01842 -7.38606e-01 | 41 -0.01050 -6.91048e-01 | 42  0.01140 -5.57372e-01
 43 -0.01936 -3.91419e-01 | 44 -0.01886  1.71583e-01 | 45 -0.01374  8.23114e-01
 46  0.05478  1.82784e-02 | 47 -0.05208 -9.15117e-02 | 48 -0.06252  3.45292e-02
 49  0.02946 -6.02696e-02 | 50  0.00384  1.01298e+00 | 51 -0.02186  1.96465e-01
 52 -0.01304  3.66791e-02 | 53  0.01446 -1.06870e+00 | 54 -0.02211 -4.88097e-01
 55 -0.00369 -5.67395e-01 | 56 -0.01308 -1.59687e+00 | 57 -0.01761  7.15974e-01
 58  0.02088 -8.57681e-02 | 59  0.00841 -1.14829e-01 | 60  0.00482  3.66197e-01
 61 -0.02957 -3.05359e-01 | 62  0.00229  3.99159e-01 | 63  0.03429 -1.02581e-01
 64 -0.02171  1.30791e+00 | 65 -0.00260 -1.10536e-01 | 66  0.00849 -9.47196e-03
 67  0.00379 -2.10200e-02 | 68 -0.00973  8.38415e-01 | 69  0.01361 -1.32241e-01
 70 -0.00750 -2.04397e-01 | 71  0.00800 -1.72297e-01 | 72 -0.01276  1.08462e+00
 73  0.00916 -2.73168e-01 | 74 -0.01732  1.25592e-01 | 75  0.05851  1.02022e-01
 76 -0.04343  1.20606e-01 | 77  0.03277 -9.84786e-02 | 78  0.00371  6.62871e-02
 79 -0.03927 -5.15263e-01 | 80 -0.02119 -8.35102e-01 | 81  0.01292  9.14857e-03
 82 -0.00462  1.13942e-02 | 83 -0.02476 -2.91452e-01 | 84 -0.00008  2.51887e-02
 85  0.00404  1.51810e-01 | 86 -0.01306 -7.25784e-01 | 87  0.02483 -2.31988e-02
 88 -0.01052  7.68243e-01 | 89 -0.02407 -1.03662e-01 | 90  0.05435 -9.72079e-02
 91  0.05096 -4.82488e-02 | 92  0.00325 -6.55920e-02 | 93 -0.02461  5.51797e-01
 94 -0.02496  7.29312e-01 | 95  0.01615  2.13400e-01 | 96  0.00471 -1.85436e+00
 97 -0.01563 -4.69342e-02 | 98  0.01311  3.27596e-01 | 99 -0.03872 -6.33788e-01
100  0.00432 -1.79148e-01 |101  0.02956 -1.20618e-01 |102  0.02064 -2.39358e-02
103  0.01061  6.84537e-03 |104 -0.02831 -4.25797e-02 |105  0.15507 -4.44491e-01
106 -0.41130  4.53950e-01 |107 -0.10656 -6.43671e-01 |108 -0.25431  7.92178e-01

Intermediate statistics: 108 variables; iteration 20; function evaluation 24; phase 4
Function value 2.1026417e+03; maximum gradient component mag 1.0417e+03
Var    Value     Gradient |Var    Value     Gradient |Var    Value     Gradient
  1 -0.39337  3.79529e+01 |  2 -0.42159  1.04168e+03 |  3 -0.41983  4.12984e+02
  4  0.63128  1.41993e+02 |  5 -0.00192 -1.81188e+01 |  6 -0.00183  4.22755e+00
  7 -0.00210  5.28276e+00 |  8 -0.00103  3.69680e+00 |  9 -0.00039 -6.24589e+00
 10  0.01167 -2.80957e+00 | 11  0.01411 -3.76393e+00 | 12 -0.01816 -2.53544e+00
 13 -0.02214 -2.94675e+00 | 14 -0.01991 -3.34722e+00 | 15 -0.00283 -5.73911e+00
 16 -0.00888 -6.06850e+00 | 17  0.01535 -1.20774e+01 | 18 -0.00250 -9.45839e+00
 19 -0.03311 -5.49804e+00 | 20  0.00063 -1.31539e+01 | 21 -0.00233 -1.19540e+01
 22 -0.00608 -1.00648e+01 | 23 -0.01692 -6.84099e+00 | 24 -0.03714 -4.14464e+00
 25  0.00762 -7.95574e+00 | 26  0.03475 -8.61307e+00 | 27  0.01611 -1.31845e+01
 28  0.02267 -8.01922e+00 | 29 -0.01350 -5.62446e+00 | 30 -0.00333 -7.14547e+00
 31 -0.00004 -1.10217e+01 | 32  0.02599 -1.03174e+01 | 33  0.02390 -5.59916e+00
 34  0.00829 -6.64643e+00 | 35 -0.00281 -5.21093e+00 | 36  0.01720 -2.56800e+00
 37  0.00231 -7.15894e+00 | 38 -0.00790 -2.36523e+00 | 39 -0.03307 -2.13219e+00
 40  0.01851 -2.62051e+00 | 41 -0.01068 -3.45424e+00 | 42  0.01139 -1.47464e+00
 43 -0.01964 -4.48177e+00 | 44 -0.01910 -3.56558e+00 | 45 -0.01389 -2.25740e+00
 46  0.05545  1.99678e+01 | 47 -0.05221 -6.11701e-01 | 48 -0.06266 -3.17324e-01
 49  0.02986  1.03549e+01 | 50  0.00422  6.74896e+00 | 51 -0.02170  2.63059e+00
 52 -0.01268  5.97468e+00 | 53  0.01513  1.43594e+01 | 54 -0.02161  7.60424e+00
 55 -0.00297  1.37809e+01 | 56 -0.01255  7.88786e+00 | 57 -0.01672  1.51892e+01
 58  0.02209  3.63170e+01 | 59  0.00943  2.95924e+01 | 60  0.00581  3.04138e+01
 61 -0.02877  1.72611e+01 | 62  0.00324  3.07699e+01 | 63  0.03466  2.23570e+01
 64 -0.02094  1.93274e+01 | 65 -0.00196  2.21230e+01 | 66  0.00903  2.03785e+01
 67  0.00430  2.01395e+01 | 68 -0.00917  1.79313e+01 | 69  0.01401  1.60460e+01
 70 -0.00694  1.52377e+01 | 71  0.00835  1.42132e+01 | 72 -0.01227  1.43798e+01
 73  0.00957  1.21635e+01 | 74 -0.01687  1.18285e+01 | 75  0.05984  9.23625e+01
 76 -0.04290  9.65214e+00 | 77  0.03252  2.31317e+00 | 78  0.00388  4.47086e+00
 79 -0.03888  7.03763e+00 | 80 -0.02079  7.68430e+00 | 81  0.01307  3.96080e+00
 82 -0.00417  8.51596e+00 | 83 -0.02438  7.21468e+00 | 84  0.00043  1.12039e+01
 85  0.00436  7.73433e+00 | 86 -0.01266  6.39856e+00 | 87  0.02494 -1.06049e+00
 88 -0.00994  9.23266e+00 | 89 -0.02360  4.78634e+00 | 90  0.05454 -2.43365e+00
 91  0.05054 -2.94805e+01 | 92  0.00382  9.89063e+00 | 93 -0.02370  1.52978e+01
 94 -0.02394  1.73575e+01 | 95  0.01722  2.43741e+01 | 96  0.00581  1.56231e+01
 97 -0.01459  1.15130e+01 | 98  0.01452  1.87056e+01 | 99 -0.03852 -8.50172e-01
100  0.00473 -8.27928e-01 |101  0.02830 -9.97094e+00 |102  0.02164  1.34756e+00
103  0.01061  7.98716e-03 |104 -0.02832 -5.09205e-02 |105  0.15476 -9.95566e+01
106 -0.41200  1.09984e+02 |107 -0.10026  6.53205e+01 |108 -0.25300 -8.51442e+01
108 variables; iteration 40; function evaluation 51; phase 4
Function value 2.1018121e+03; maximum gradient component mag 4.8925e+02
Var    Value     Gradient |Var    Value     Gradient |Var    Value     Gradient
  1 -0.38108  2.40598e+01 |  2 -0.42114  4.89255e+02 |  3 -0.42437  1.99782e+02
  4  0.63233  6.13156e+01 |  5  0.00189 -8.16701e+00 |  6 -0.00601 -2.24752e+00
  7 -0.00600 -7.45466e-01 |  8  0.00135  8.61359e+00 |  9 -0.00207 -9.01386e+00
 10  0.01240 -5.19072e-01 | 11  0.01586  1.27584e+00 | 12 -0.01796 -1.54102e+00
 13 -0.02159 -1.06268e+00 | 14 -0.01829  1.45525e+00 | 15  0.00037  5.19233e+00
 16 -0.00616  3.85105e+00 | 17  0.01411 -1.56233e+01 | 18 -0.00370 -1.27879e+01
 19 -0.03256 -2.39321e+00 | 20  0.00305  2.67493e+00 | 21 -0.00070  5.04462e-01
 22 -0.00652 -1.07068e+01 | 23 -0.01779 -1.08649e+01 | 24 -0.03726 -3.79285e+00
 25  0.00785 -4.00787e+00 | 26  0.03523  1.55015e+00 | 27  0.01658 -5.06568e+00
 28  0.02267 -5.78117e+00 | 29 -0.01312 -2.29058e-01 | 30 -0.00315 -3.09154e+00
 31  0.00019 -7.11026e+00 | 32  0.02612 -6.31437e+00 | 33  0.02363 -5.87624e+00
 34  0.00822 -4.99038e+00 | 35 -0.00288 -3.93948e+00 | 36  0.01692 -5.20304e+00
 37  0.00243 -4.44872e+00 | 38 -0.00780 -6.59682e-01 | 39 -0.03336 -4.09752e+00
 40  0.01855 -1.76287e+00 | 41 -0.01035  1.32225e+00 | 42  0.01127 -2.13664e+00
 43 -0.01893  3.67953e+00 | 44 -0.01848  3.10078e+00 | 45 -0.01344  1.52309e+00
 46  0.05523  9.83313e+00 | 47 -0.05251 -2.96084e+00 | 48 -0.06254  4.72794e-02
 49  0.02957  2.79140e-01 | 50  0.00421  3.60900e+00 | 51 -0.02160  1.65214e+00
 52 -0.01313 -2.08084e+00 | 53  0.01511  9.71447e+00 | 54 -0.02220 -1.24321e+00
 55 -0.00315  7.95848e+00 | 56 -0.01249  5.25927e+00 | 57 -0.01687  9.16547e+00
 58  0.02139  1.21685e+01 | 59  0.00891  1.29142e+01 | 60  0.00533  1.44240e+01
 61 -0.02931  6.54358e+00 | 62  0.00274  1.55318e+01 | 63  0.03441  1.02510e+01
 64 -0.02159  5.37154e+00 | 65 -0.00229  1.12382e+01 | 66  0.00867  6.59974e+00
 67  0.00400  9.18586e+00 | 68 -0.00949  9.01703e+00 | 69  0.01379  5.87132e+00
 70 -0.00708  9.68330e+00 | 71  0.00837  1.32155e+01 | 72 -0.01261  5.66058e+00
 73  0.00952  7.01818e+00 | 74 -0.01700  4.98895e+00 | 75  0.05913  4.11776e+01
 76 -0.04321  4.35575e+00 | 77  0.03238  2.32225e-01 | 78  0.00383  3.49413e+00
 79 -0.03921  2.81632e+00 | 80 -0.02104  3.38346e+00 | 81  0.01296  1.32591e+00
 82 -0.00437  3.19204e+00 | 83 -0.02472  1.55664e+00 | 84  0.00010  1.27005e+00
 85  0.00402 -3.65089e-01 | 86 -0.01296  1.92390e+00 | 87  0.02489  3.26149e-01
 88 -0.01019  5.32910e+00 | 89 -0.02378  2.37787e+00 | 90  0.05451  2.70546e-01
 91  0.05067 -1.21423e+01 | 92  0.00341  7.49812e+00 | 93 -0.02485  1.54278e+00
 94 -0.02508  3.18622e+00 | 95  0.01656  1.32064e+01 | 96  0.00505  6.28195e+00
 97 -0.01505  9.74519e+00 | 98  0.01385  1.44995e+01 | 99 -0.03941 -4.23522e+00
100  0.00406 -1.95298e+00 |101  0.02812 -4.81408e+00 |102  0.02162  9.61444e-01
103  0.01060  6.62745e-03 |104 -0.02832 -4.56080e-02 |105  0.15525 -5.93403e+01
106 -0.41188  7.34027e+01 |107 -0.10023  1.59273e+01 |108 -0.25339 -1.73679e+01
108 variables; iteration 60; function evaluation 80; phase 4
Function value 2.1014934e+03; maximum gradient component mag 2.6060e+01
Var    Value     Gradient |Var    Value     Gradient |Var    Value     Gradient
  1 -0.37318  9.87855e-01 |  2 -0.42084  2.60601e+01 |  3 -0.42748  8.35222e+00
  4  0.63271 -2.26754e+00 |  5  0.00487  1.36897e-01 |  6 -0.00393  1.57533e+00
  7 -0.00645 -1.05248e+00 |  8 -0.00321  2.54706e-01 |  9  0.00162 -1.49800e+00
 10  0.01263  2.97929e-01 | 11  0.01548  7.32896e-01 | 12 -0.01745 -1.98607e-01
 13 -0.02121  6.17900e-02 | 14 -0.01882  4.34373e-01 | 15 -0.00182 -1.06774e+00
 16 -0.00766 -4.82684e-01 | 17  0.01696 -2.06515e+00 | 18 -0.00096 -5.75314e-01
 19 -0.03177  8.99157e-01 | 20  0.00244  2.08985e-01 | 21 -0.00135 -2.35825e+00
 22 -0.00516 -2.78330e-01 | 23 -0.01648 -9.18030e-01 | 24 -0.03672 -2.94884e-02
 25  0.00814 -7.31168e-01 | 26  0.03524 -2.67057e-01 | 27  0.01700 -4.18045e-01
 28  0.02308 -2.92071e-01 | 29 -0.01326 -1.81367e+00 | 30 -0.00275  1.44077e+00
 31  0.00072 -1.20457e+00 | 32  0.02663  1.99039e+00 | 33  0.02402  2.05144e+00
 34  0.00862  8.65312e-01 | 35 -0.00274 -2.25727e+00 | 36  0.01709 -3.00378e+00
 37  0.00287  5.04807e-01 | 38 -0.00781 -1.72736e+00 | 39 -0.03265  1.61849e+00
 40  0.01891  3.07987e+00 | 41 -0.01040  3.67693e-01 | 42  0.01158  2.26033e+00
 43 -0.01921 -7.34173e-01 | 44 -0.01862 -1.87425e-01 | 45 -0.01332  4.21700e-01
 46  0.05491 -5.99682e+00 | 47 -0.05202 -3.35818e-01 | 48 -0.06245 -8.92481e-02
 49  0.02979  7.45642e-01 | 50  0.00423  2.03471e-01 | 51 -0.02143  7.47708e-01
 52 -0.01305 -4.41796e+00 | 53  0.01490  6.39596e-01 | 54 -0.02171  1.36700e+00
 55 -0.00346 -9.38690e-01 | 56 -0.01251  3.41753e-01 | 57 -0.01709  1.61911e+00
 58  0.02128  1.36958e+00 | 59  0.00883  5.05147e+00 | 60  0.00516  4.36647e+00
 61 -0.02935  2.47374e+00 | 62  0.00238  2.83443e-01 | 63  0.03437  3.00514e-01
 64 -0.02172 -8.51923e-01 | 65 -0.00256 -1.53399e+00 | 66  0.00858 -2.50428e+00
 67  0.00402  3.85730e+00 | 68 -0.00965  1.01815e+00 | 69  0.01381 -1.03444e+00
 70 -0.00725  9.84507e-02 | 71  0.00832  5.78721e+00 | 72 -0.01262  7.78230e-01
 73  0.00928 -7.42527e+00 | 74 -0.01688  1.41677e+00 | 75  0.05875  3.00340e+00
 76 -0.04337 -1.27024e-01 | 77  0.03249  5.50900e-01 | 78  0.00376 -2.44526e+00
 79 -0.03931 -3.48875e-01 | 80 -0.02112 -7.48523e-01 | 81  0.01305  1.62069e-01
 82 -0.00429  1.91503e+00 | 83 -0.02461  2.36376e+00 | 84  0.00009 -2.14549e+00
 85  0.00419  2.33030e+00 | 86 -0.01302 -1.99093e-01 | 87  0.02497  2.11173e-01
 88 -0.01032  1.04862e+00 | 89 -0.02374  1.27852e+00 | 90  0.05457  1.10109e-01
 91  0.05088 -2.38575e-01 | 92  0.00291 -8.63970e-01 | 93 -0.02511 -7.71815e-01
 94 -0.02551 -1.92676e+00 | 95  0.01603  6.57442e-01 | 96  0.00469  5.94431e-01
 97 -0.01580 -1.69931e-01 | 98  0.01304  2.72740e+00 | 99 -0.03948 -3.21082e+00
100  0.00417  2.17334e+00 |101  0.02825 -6.61979e-01 |102  0.02129 -1.43435e-01
103  0.01060  1.20033e-04 |104 -0.02830 -1.57225e-03 |105  0.15547 -6.85237e+00
106 -0.41194  7.07217e+00 |107 -0.10037 -3.46513e+00 |108 -0.25381 -6.86031e-02
Maximum number of function evaluations exceeded

 - final statistics:
108 variables; iteration 76; function evaluation 100
Function value 2.1015e+03; maximum gradient component mag 6.5052e+00
Exit code = 3;  converg criter 1.0000e+00
Var    Value     Gradient |Var    Value     Gradient |Var    Value     Gradient
  1 -0.37271  3.99712e-01 |  2 -0.42086  6.50523e+00 |  3 -0.42756  2.13537e+00
  4  0.63300  1.85840e-01 |  5  0.00474 -5.96427e-03 |  6 -0.00468  3.43605e-01
  7 -0.00602 -3.03460e-01 |  8 -0.00338 -8.51232e-03 |  9  0.00217 -3.45052e-01
 10  0.01247  3.89633e-02 | 11  0.01506 -1.59540e-01 | 12 -0.01721  4.44972e-01
 13 -0.02118  2.32863e-01 | 14 -0.01888  4.27280e-01 | 15 -0.00162 -2.29253e-01
 16 -0.00761 -6.89243e-02 | 17  0.01729 -1.02221e-01 | 18 -0.00094 -7.72216e-02
 19 -0.03203  2.74052e-01 | 20  0.00242  7.57744e-01 | 21 -0.00131 -1.41165e+00
 22 -0.00504  1.30643e+00 | 23 -0.01669 -1.68880e+00 | 24 -0.03683 -1.05468e-01
 25  0.00810 -1.06078e-01 | 26  0.03522  1.10589e+00 | 27  0.01692 -2.86155e-01
 28  0.02297 -5.46282e-01 | 29 -0.01329 -1.33898e+00 | 30 -0.00301 -5.82413e-01
 31  0.00081  8.69543e-01 | 32  0.02643 -7.16836e-02 | 33  0.02384  5.16717e-01
 34  0.00851  5.57287e-01 | 35 -0.00269 -4.87314e-01 | 36  0.01709 -1.38388e+00
 37  0.00275  9.32454e-02 | 38 -0.00776 -1.30201e-01 | 39 -0.03301 -8.74835e-01
 40  0.01868  1.43893e-01 | 41 -0.01052 -3.18767e-01 | 42  0.01141  6.43328e-01
 43 -0.01923 -1.66591e-01 | 44 -0.01869 -2.34864e-01 | 45 -0.01348 -6.26433e-01
 46  0.05499 -9.25296e-01 | 47 -0.05211 -5.49315e-01 | 48 -0.06252 -1.80547e-01
 49  0.02972  5.50325e-01 | 50  0.00412 -5.59313e-01 | 51 -0.02157 -9.05393e-02
 52 -0.01287 -1.36128e+00 | 53  0.01485  9.00325e-01 | 54 -0.02196 -6.50856e-01
 55 -0.00347 -1.01448e-01 | 56 -0.01265 -6.66123e-01 | 57 -0.01724  5.80990e-01
 58  0.02117  5.77177e-01 | 59  0.00858  1.16333e+00 | 60  0.00496  1.20905e+00
 61 -0.02965 -1.17303e+00 | 62  0.00230  3.03989e-01 | 63  0.03428  1.56269e-01
 64 -0.02176  1.07209e-01 | 65 -0.00260 -9.89840e-02 | 66  0.00857 -3.41430e-01
 67  0.00383  6.70569e-01 | 68 -0.00974  8.25183e-01 | 69  0.01375 -1.97141e-01
 70 -0.00731  4.68405e-01 | 71  0.00808  1.03374e+00 | 72 -0.01273  1.69914e-01
 73  0.00940 -1.36290e+00 | 74 -0.01700  7.05240e-01 | 75  0.05863  5.55750e-01
 76 -0.04346 -4.73162e-01 | 77  0.03239  1.32450e-01 | 78  0.00374 -4.37022e-01
 79 -0.03936  1.25630e-01 | 80 -0.02120 -5.47430e-01 | 81  0.01296  9.45183e-02
 82 -0.00442  5.60682e-01 | 83 -0.02477  8.39080e-01 | 84  0.00008 -3.25223e-01
 85  0.00403  3.38247e-01 | 86 -0.01305  8.89428e-01 | 87  0.02488  6.56720e-02
 88 -0.01044  3.28729e-02 | 89 -0.02385  6.19298e-01 | 90  0.05449  1.09847e-01
 91  0.05081  3.69817e-02 | 92  0.00282 -9.51586e-01 | 93 -0.02514  5.41907e-02
 94 -0.02543  6.03251e-01 | 95  0.01593  1.48828e-01 | 96  0.00459 -2.23746e-01
 97 -0.01587 -5.97509e-01 | 98  0.01286  4.00153e-01 | 99 -0.03896  1.00235e+00
100  0.00404  1.33457e+00 |101  0.02836  3.30845e-03 |102  0.02136  7.09532e-02
103  0.01060  5.61676e-04 |104 -0.02830 -3.88197e-03 |105  0.15556 -6.41513e-01
106 -0.41191  1.74470e+00 |107 -0.10002 -1.04796e+00 |108 -0.25367 -3.92666e-01

Initial statistics: 110 variables; iteration 0; function evaluation 0; phase 5
Function value 2.1014814e+03; maximum gradient component mag -6.6614e+01
Var    Value     Gradient |Var    Value     Gradient |Var    Value     Gradient
  1 -0.37271  3.99712e-01 |  2 -0.42086  6.50523e+00 |  3 -0.42756  2.13537e+00
  4 -0.41222 -1.63308e+01 |  5 -0.41222 -6.66139e+01 |  6  0.63300  1.85840e-01
  7  0.00474 -5.96427e-03 |  8 -0.00468  3.43605e-01 |  9 -0.00602 -3.03460e-01
 10 -0.00338 -8.51232e-03 | 11  0.00217 -3.45052e-01 | 12  0.01247  3.89633e-02
 13  0.01506 -1.59540e-01 | 14 -0.01721  4.44972e-01 | 15 -0.02118  2.32863e-01
 16 -0.01888  4.27280e-01 | 17 -0.00162 -2.29253e-01 | 18 -0.00761 -6.89243e-02
 19  0.01729 -1.02221e-01 | 20 -0.00094 -7.72216e-02 | 21 -0.03203  2.74052e-01
 22  0.00242  7.57744e-01 | 23 -0.00131 -1.41165e+00 | 24 -0.00504  1.30643e+00
 25 -0.01669 -1.68880e+00 | 26 -0.03683 -1.05468e-01 | 27  0.00810 -1.06078e-01
 28  0.03522  1.10589e+00 | 29  0.01692 -2.86155e-01 | 30  0.02297 -5.46282e-01
 31 -0.01329 -1.33898e+00 | 32 -0.00301 -5.82413e-01 | 33  0.00081  8.69543e-01
 34  0.02643 -7.16836e-02 | 35  0.02384  5.16717e-01 | 36  0.00851  5.57287e-01
 37 -0.00269 -4.87314e-01 | 38  0.01709 -1.38388e+00 | 39  0.00275  9.32454e-02
 40 -0.00776 -1.30201e-01 | 41 -0.03301 -8.74835e-01 | 42  0.01868  1.43893e-01
 43 -0.01052 -3.18767e-01 | 44  0.01141  6.43328e-01 | 45 -0.01923 -1.66591e-01
 46 -0.01869 -2.34864e-01 | 47 -0.01348 -6.26433e-01 | 48  0.05499 -9.25296e-01
 49 -0.05211 -5.49315e-01 | 50 -0.06252 -1.80547e-01 | 51  0.02972  5.50325e-01
 52  0.00412 -5.59313e-01 | 53 -0.02157 -9.05393e-02 | 54 -0.01287 -1.36128e+00
 55  0.01485  9.00325e-01 | 56 -0.02196 -6.50856e-01 | 57 -0.00347 -1.01448e-01
 58 -0.01265 -6.66123e-01 | 59 -0.01724  5.80990e-01 | 60  0.02117  5.77177e-01
 61  0.00858  1.16333e+00 | 62  0.00496  1.20905e+00 | 63 -0.02965 -1.17303e+00
 64  0.00230  3.03989e-01 | 65  0.03428  1.56269e-01 | 66 -0.02176  1.07209e-01
 67 -0.00260 -9.89840e-02 | 68  0.00857 -3.41430e-01 | 69  0.00383  6.70569e-01
 70 -0.00974  8.25183e-01 | 71  0.01375 -1.97141e-01 | 72 -0.00731  4.68405e-01
 73  0.00808  1.03374e+00 | 74 -0.01273  1.69914e-01 | 75  0.00940 -1.36290e+00
 76 -0.01700  7.05240e-01 | 77  0.05863  5.55750e-01 | 78 -0.04346 -4.73162e-01
 79  0.03239  1.32450e-01 | 80  0.00374 -4.37022e-01 | 81 -0.03936  1.25630e-01
 82 -0.02120 -5.47430e-01 | 83  0.01296  9.45183e-02 | 84 -0.00442  5.60682e-01
 85 -0.02477  8.39080e-01 | 86  0.00008 -3.25223e-01 | 87  0.00403  3.38247e-01
 88 -0.01305  8.89428e-01 | 89  0.02488  6.56720e-02 | 90 -0.01044  3.28729e-02
 91 -0.02385  6.19298e-01 | 92  0.05449  1.09847e-01 | 93  0.05081  3.69817e-02
 94  0.00282 -9.51586e-01 | 95 -0.02514  5.41907e-02 | 96 -0.02543  6.03251e-01
 97  0.01593  1.48828e-01 | 98  0.00459 -2.23746e-01 | 99 -0.01587 -5.97509e-01
100  0.01286  4.00153e-01 |101 -0.03896  1.00235e+00 |102  0.00404  1.33457e+00
103  0.02836  3.30845e-03 |104  0.02136  7.09532e-02 |105  0.01060  5.61676e-04
106 -0.02830 -3.88197e-03 |107  0.15556 -6.41513e-01 |108 -0.41191  1.74470e+00
109 -0.10002 -1.04796e+00 |110 -0.25367 -3.92666e-01 |

Intermediate statistics: 110 variables; iteration 20; function evaluation 25; phase 5
Function value 2.1006967e+03; maximum gradient component mag -1.5285e+02
Var    Value     Gradient |Var    Value     Gradient |Var    Value     Gradient
  1 -0.39193  1.33049e+01 |  2 -0.42480  4.49273e+01 |  3 -0.41598  5.06956e+01
  4 -0.41181 -2.00588e+00 |  5 -0.39144 -1.94990e+01 |  6  0.63306 -1.52854e+02
  7  0.00537 -1.00820e-01 |  8 -0.00456  2.74264e-01 |  9 -0.00578 -2.16073e-01
 10 -0.00311  3.31706e-02 | 11  0.00252 -2.65414e-01 | 12  0.01286  2.68019e-02
 13  0.01548 -2.24422e-01 | 14 -0.01689  3.66569e-01 | 15 -0.02085  1.30822e-01
 16 -0.01856  1.97001e-01 | 17 -0.00128 -6.88106e-01 | 18 -0.00733 -6.71921e-01
 19  0.01751 -1.40543e+00 | 20 -0.00078 -1.11044e+00 | 21 -0.03196 -4.60455e-01
 22  0.00231 -1.26908e+00 | 23 -0.00097 -2.27913e-01 | 24 -0.00530 -6.41069e-01
 25 -0.01625  2.01887e+00 | 26 -0.03678  7.68142e-01 | 27  0.00807 -7.45606e-01
 28  0.03510 -3.35459e+00 | 29  0.01690 -1.84648e+00 | 30  0.02292 -1.30544e+00
 31 -0.01287  2.09695e+00 | 32 -0.00290  7.56092e-01 | 33  0.00042 -3.27780e+00
 34  0.02631 -8.58481e-01 | 35  0.02375 -4.98600e+00 | 36  0.00834 -6.51638e+00
 37 -0.00258 -1.92340e+00 | 38  0.01730 -2.36411e+00 | 39  0.00262 -3.98886e+00
 40 -0.00775  1.79768e+00 | 41 -0.03272  2.38697e+00 | 42  0.01855 -2.59378e+00
 43 -0.01041 -9.95567e-01 | 44  0.01140 -5.71591e+00 | 45 -0.01922 -2.35438e+00
 46 -0.01867 -1.49316e+00 | 47 -0.01337  6.64958e-02 | 48  0.05508 -5.62200e+00
 49 -0.05199 -1.07137e+00 | 50 -0.06247 -6.31127e-01 | 51  0.02971 -8.71768e-01
 52  0.00418 -2.33288e+00 | 53 -0.02158  2.00560e-01 | 54 -0.01254  2.88712e+00
 55  0.01470 -3.24197e+00 | 56 -0.02185 -1.39435e+00 | 57 -0.00345 -4.81965e+00
 58 -0.01255 -2.70560e+00 | 59 -0.01746 -3.70524e+00 | 60  0.02134  7.45591e-02
 61  0.00903  4.23331e+00 | 62  0.00525  3.39050e+00 | 63 -0.02946  1.25998e+00
 64  0.00176 -1.64122e+01 | 65  0.03424 -2.37804e+01 | 66 -0.02171 -6.55103e+00
 67 -0.00293 -1.38087e+01 | 68  0.00813 -1.85044e+01 | 69  0.00384 -6.28600e+00
 70 -0.00989 -6.67403e+00 | 71  0.01337 -1.94605e+01 | 72 -0.00749 -7.81363e+00
 73  0.00804 -7.65664e+00 | 74 -0.01308 -1.04757e+01 | 75  0.00886 -2.54654e+01
 76 -0.01722 -8.24722e+00 | 77  0.05830 -3.67158e+01 | 78 -0.04352 -6.08386e+00
 79  0.03236 -2.15386e+01 | 80  0.00366 -1.25806e+01 | 81 -0.03964 -4.52290e+00
 82 -0.02177 -1.32245e+01 | 83  0.01266 -1.84175e+01 | 84 -0.00449 -4.88777e+00
 85 -0.02497 -6.56308e+00 | 86 -0.00039 -1.59195e+01 | 87  0.00358 -1.43903e+01
 88 -0.01321 -5.80146e+00 | 89  0.02474 -1.26958e+01 | 90 -0.01063 -6.41809e+00
 91 -0.02404 -4.45964e+00 | 92  0.05442 -1.28000e+01 | 93  0.05102 -6.92482e+00
 94  0.00283 -8.00645e+00 | 95 -0.02520 -1.89385e+00 | 96 -0.02563  1.64823e-01
 97  0.01557 -8.22594e+00 | 98  0.00445 -2.14117e+00 | 99 -0.01584  3.58555e+00
100  0.01265  5.80227e-01 |101 -0.03915  4.58333e-01 |102  0.00382  4.80846e-01
103  0.02908  3.11708e+00 |104  0.02087 -9.20579e-01 |105  0.01060  8.73042e-04
106 -0.02830 -3.40199e-03 |107  0.15605 -8.07054e+01 |108 -0.41190  9.38399e+01
109 -0.10320  1.50906e+01 |110 -0.25477 -6.43712e+01 |
110 variables; iteration 40; function evaluation 51; phase 5
Function value 2.1005323e+03; maximum gradient component mag -6.5916e+01
Var    Value     Gradient |Var    Value     Gradient |Var    Value     Gradient
  1 -0.39446  6.79981e+00 |  2 -0.42561  2.62279e+01 |  3 -0.41445  2.56017e+01
  4 -0.41132 -8.29776e-01 |  5 -0.38629 -7.95683e+00 |  6  0.63304 -6.59157e+01
  7  0.00591  1.11290e+00 |  8 -0.00390  1.37056e+00 |  9 -0.00581 -2.52541e-01
 10 -0.00320 -1.97137e-01 | 11  0.00300  6.00627e-01 | 12  0.01234 -1.22529e+00
 13  0.01583  4.58457e-01 | 14 -0.01846 -3.20074e+00 | 15 -0.02157 -1.63312e+00
 16 -0.01889 -7.50660e-01 | 17 -0.00173 -2.25131e+00 | 18 -0.00803 -3.10682e+00
 19  0.01656 -6.00186e+00 | 20 -0.00154 -4.53291e+00 | 21 -0.03105  2.71624e+00
 22  0.00287  1.91643e+00 | 23 -0.00116 -1.24691e+00 | 24 -0.00593 -4.44135e+00
 25 -0.01603  4.28185e+00 | 26 -0.03696  2.79344e-01 | 27  0.00809  1.79340e-01
 28  0.03522 -5.56340e-01 | 29  0.01704  8.82923e-01 | 30  0.02290 -4.68684e-01
 31 -0.01251  6.25348e+00 | 32 -0.00302 -2.54173e-01 | 33  0.00072  6.79952e-01
 34  0.02625 -1.24150e+00 | 35  0.02393 -1.81682e+00 | 36  0.00852 -4.32342e+00
 37 -0.00243 -3.13386e-02 | 38  0.01756  1.88116e+00 | 39  0.00284 -1.07935e+00
 40 -0.00788  5.99869e-01 | 41 -0.03315 -9.01336e-01 | 42  0.01871  6.76867e-01
 43 -0.01040 -5.15758e-01 | 44  0.01166 -1.67963e+00 | 45 -0.01907 -8.16567e-01
 46 -0.01857 -4.43547e-01 | 47 -0.01338 -1.35588e-01 | 48  0.05530  1.16976e+00
 49 -0.05206 -1.40733e+00 | 50 -0.06246 -5.07838e-01 | 51  0.02968 -1.05330e+00
 52  0.00427 -7.81821e-01 | 53 -0.02160  4.56006e-01 | 54 -0.01275  7.20779e-01
 55  0.01470 -2.52869e+00 | 56 -0.02182 -7.31212e-01 | 57 -0.00327 -2.03909e+00
 58 -0.01236 -9.53893e-02 | 59 -0.01723 -3.84225e-01 | 60  0.02121 -3.05357e+00
 61  0.00885 -3.65538e-01 | 62  0.00523  2.65452e+00 | 63 -0.02951  1.23366e+00
 64  0.00205 -8.03444e+00 | 65  0.03455 -1.04502e+01 | 66 -0.02151 -3.22639e+00
 67 -0.00267 -6.15184e+00 | 68  0.00826 -1.29129e+01 | 69  0.00393 -2.12581e+00
 70 -0.00979 -2.95162e+00 | 71  0.01363 -8.12252e+00 | 72 -0.00736 -3.60910e+00
 73  0.00807 -3.95408e+00 | 74 -0.01294 -5.68375e+00 | 75  0.00923 -1.17257e+01
 76 -0.01693 -9.84261e-01 | 77  0.05853 -1.56021e+01 | 78 -0.04327 -1.28979e+00
 79  0.03255 -9.03969e+00 | 80  0.00392 -2.77363e+00 | 81 -0.03966 -1.97192e+00
 82 -0.02147 -4.57806e+00 | 83  0.01289 -8.08791e+00 | 84 -0.00441 -1.34339e+00
 85 -0.02480 -1.62024e+00 | 86  0.00002 -3.48472e+00 | 87  0.00379 -5.70711e+00
 88 -0.01322 -5.41542e+00 | 89  0.02491 -6.08581e+00 | 90 -0.01048 -3.33037e+00
 91 -0.02381 -7.59589e-01 | 92  0.05464 -5.52300e+00 | 93  0.05115 -3.20406e+00
 94  0.00309 -3.93561e+00 | 95 -0.02509 -1.07857e+00 | 96 -0.02552  6.09226e-01
 97  0.01606  8.33623e-01 | 98  0.00476  1.78722e-01 | 99 -0.01545  6.56653e+00
100  0.01311  4.14777e+00 |101 -0.03903 -2.53931e-01 |102  0.00424  6.97446e-01
103  0.02943  3.37940e+00 |104  0.02121  3.60987e-01 |105  0.01060 -3.44753e-03
106 -0.02829  7.96819e-03 |107  0.15685 -3.70607e+01 |108 -0.41158  4.88533e+01
109 -0.10214  6.36060e+00 |110 -0.25395 -2.76197e+01 |
110 variables; iteration 60; function evaluation 77; phase 5
Function value 2.1004925e+03; maximum gradient component mag -3.2165e+01
Var    Value     Gradient |Var    Value     Gradient |Var    Value     Gradient
  1 -0.39547  3.63147e+00 |  2 -0.42594  1.30336e+01 |  3 -0.41382  1.28048e+01
  4 -0.41074 -3.75208e-01 |  5 -0.38438 -3.89372e+00 |  6  0.63316 -3.21651e+01
  7  0.00527 -4.90879e-01 |  8 -0.00525 -8.98659e-01 |  9 -0.00635 -1.22017e+00
 10 -0.00273  7.25098e-01 | 11  0.00346  1.56937e+00 | 12  0.01269 -3.61345e-01
 13  0.01594  8.56079e-01 | 14 -0.01855 -3.28234e+00 | 15 -0.02074  3.77392e-01
 16 -0.01766  2.45720e+00 | 17 -0.00074  9.99846e-01 | 18 -0.00710  1.25997e-01
 19  0.01770 -3.95802e-01 | 20 -0.00167 -4.67998e+00 | 21 -0.03059  4.63519e+00
 22  0.00255  6.43402e-01 | 23 -0.00118 -7.78981e-01 | 24 -0.00585 -3.35613e+00
 25 -0.01658  9.16339e-01 | 26 -0.03734 -1.81886e+00 | 27  0.00810  6.52460e-01
 28  0.03524 -5.01694e-03 | 29  0.01705  1.21956e+00 | 30  0.02280 -1.58252e+00
 31 -0.01282  3.44019e+00 | 32 -0.00305 -1.13002e-01 | 33  0.00076  1.68123e+00
 34  0.02628  1.82613e-01 | 35  0.02397 -3.41002e-01 | 36  0.00868 -1.70243e+00
 37 -0.00244  2.25560e-01 | 38  0.01750  1.16330e+00 | 39  0.00289 -1.17300e-01
 40 -0.00805 -8.67280e-01 | 41 -0.03289  1.76697e+00 | 42  0.01867  5.39295e-01
 43 -0.01045 -7.42533e-01 | 44  0.01167 -1.00480e+00 | 45 -0.01903 -2.61318e-02
 46 -0.01850  6.80260e-01 | 47 -0.01340 -1.66346e-02 | 48  0.05525  4.90631e-01
 49 -0.05215 -1.81506e+00 | 50 -0.06230  7.28006e-01 | 51  0.02968  2.11237e-01
 52  0.00427 -1.97942e-01 | 53 -0.02145  2.67908e+00 | 54 -0.01278  1.08365e+00
 55  0.01470 -1.48004e+00 | 56 -0.02198 -1.93568e+00 | 57 -0.00325 -1.10878e+00
 58 -0.01237  2.83926e-01 | 59 -0.01725 -3.63075e-02 | 60  0.02123 -1.35383e+00
 61  0.00882 -2.62395e-01 | 62  0.00510  4.67078e-01 | 63 -0.02963  1.53697e-01
 64  0.00214 -4.24408e+00 | 65  0.03463 -5.07899e+00 | 66 -0.02150 -2.49294e+00
 67 -0.00262 -3.21838e+00 | 68  0.00843 -6.01495e+00 | 69  0.00384 -2.78656e+00
 70 -0.00975 -7.00742e-01 | 71  0.01369 -4.17079e+00 | 72 -0.00729 -6.13710e-01
 73  0.00804 -2.79193e+00 | 74 -0.01285 -2.25132e+00 | 75  0.00938 -4.83230e+00
 76 -0.01694  1.20335e-01 | 77  0.05858 -7.56753e+00 | 78 -0.04330 -7.03999e-01
 79  0.03258 -4.38428e+00 | 80  0.00390 -1.64248e+00 | 81 -0.03973 -1.61580e+00
 82 -0.02143 -2.20434e+00 | 83  0.01293 -4.51721e+00 | 84 -0.00436  1.63247e+00
 85 -0.02482 -5.43687e-01 | 86  0.00006 -1.15975e+00 | 87  0.00375 -4.83970e+00
 88 -0.01314 -2.63037e+00 | 89  0.02494 -3.21930e+00 | 90 -0.01037 -2.24031e-01
 91 -0.02382 -2.08418e-01 | 92  0.05468 -2.75873e+00 | 93  0.05113 -1.64713e+00
 94  0.00314 -1.73816e+00 | 95 -0.02511 -4.36580e-01 | 96 -0.02557  5.66119e-01
 97  0.01601  3.93435e-01 | 98  0.00476  3.84589e-01 | 99 -0.01573  2.94422e+00
100  0.01295  1.46155e+00 |101 -0.03922 -1.38815e+00 |102  0.00409 -8.30304e-01
103  0.02912  1.56617e+00 |104  0.02034 -1.72019e+00 |105  0.01061  7.02016e-03
106 -0.02830 -1.70476e-02 |107  0.15690 -1.87043e+01 |108 -0.41163  2.35837e+01
109 -0.10178  2.51824e+00 |110 -0.25363 -1.23820e+01 |
110 variables; iteration 80; function evaluation 104; phase 5
Function value 2.1004687e+03; maximum gradient component mag -3.2998e+00
Var    Value     Gradient |Var    Value     Gradient |Var    Value     Gradient
  1 -0.39664 -6.87604e-02 |  2 -0.42626  1.50605e+00 |  3 -0.41320  1.12535e-01
  4 -0.41014 -1.82659e-01 |  5 -0.38245  2.40489e-01 |  6  0.63361  9.06439e-01
  7  0.00520 -3.05325e-01 |  8 -0.00458  2.61686e-01 |  9 -0.00577 -1.66057e-01
 10 -0.00274  7.82445e-01 | 11  0.00269  1.57529e-01 | 12  0.01287  1.76614e-01
 13  0.01535 -3.71212e-01 | 14 -0.01730 -4.10442e-01 | 15 -0.02070  6.36786e-01
 16 -0.01888 -3.82722e-01 | 17 -0.00141 -7.27628e-01 | 18 -0.00730 -1.48951e-01
 19  0.01784  9.43989e-01 | 20 -0.00097 -1.05139e+00 | 21 -0.03223 -6.99609e-01
 22  0.00234  4.90211e-01 | 23 -0.00142 -1.01606e+00 | 24 -0.00559 -1.51181e-01
 25 -0.01705 -8.63043e-01 | 26 -0.03701  1.39057e+00 | 27  0.00790  5.21477e-01
 28  0.03503 -6.78961e-01 | 29  0.01658 -3.29979e+00 | 30  0.02263 -1.59925e+00
 31 -0.01333  1.07339e-01 | 32 -0.00303  1.88217e+00 | 33  0.00056  1.26069e+00
 34  0.02614  7.02304e-01 | 35  0.02387  6.72005e-01 | 36  0.00863 -5.77621e-01
 37 -0.00265 -7.54272e-01 | 38  0.01728 -2.54869e-01 | 39  0.00291  2.10992e+00
 40 -0.00832 -2.26484e+00 | 41 -0.03319  4.84255e-01 | 42  0.01850  2.97524e-01
 43 -0.01060 -6.83452e-01 | 44  0.01159 -9.75673e-03 | 45 -0.01912  5.16317e-01
 46 -0.01872 -2.70402e-01 | 47 -0.01353  1.84473e-02 | 48  0.05510  4.49836e-01
 49 -0.05203 -1.05150e-01 | 50 -0.06275 -1.20166e+00 | 51  0.02961  2.23597e+00
 52  0.00414  9.59288e-02 | 53 -0.02208 -2.52989e+00 | 54 -0.01295  9.79269e-01
 55  0.01454 -1.27662e+00 | 56 -0.02199 -2.78605e-01 | 57 -0.00326  1.01792e+00
 58 -0.01266 -1.84539e+00 | 59 -0.01750 -1.39590e+00 | 60  0.02115  2.27518e-01
 61  0.00873  8.83842e-01 | 62  0.00494  2.26997e-01 | 63 -0.02978  2.13132e-01
 64  0.00216  4.44331e-01 | 65  0.03460  2.35013e-01 | 66 -0.02141  1.96024e+00
 67 -0.00265  2.88629e-01 | 68  0.00846  3.34690e-01 | 69  0.00378  5.24866e-01
 70 -0.00996 -1.37252e+00 | 71  0.01364  2.50481e-01 | 72 -0.00738  1.24666e+00
 73  0.00796  3.24723e-01 | 74 -0.01308 -2.98859e+00 | 75  0.00939  6.64709e-01
 76 -0.01706  1.06264e+00 | 77  0.05851  2.02092e-01 | 78 -0.04338  5.21867e-01
 79  0.03250  1.87784e-01 | 80  0.00379  2.35419e-01 | 81 -0.03983  1.03873e-01
 82 -0.02154 -6.16979e-01 | 83  0.01289  2.81599e-01 | 84 -0.00457  2.03162e-01
 85 -0.02493  3.12693e-01 | 86 -0.00005  2.04425e-01 | 87  0.00375  3.69174e-01
 88 -0.01320 -3.43420e-01 | 89  0.02488  1.89959e-01 | 90 -0.01045  9.53081e-01
 91 -0.02397 -5.43397e-01 | 92  0.05461  1.88026e-01 | 93  0.05103  1.13678e-01
 94  0.00314  9.68047e-01 | 95 -0.02525 -6.88203e-01 | 96 -0.02581 -1.51923e+00
 97  0.01592  5.71817e-01 | 98  0.00467 -1.07957e-02 | 99 -0.01599  3.07463e-01
100  0.01285  7.06543e-01 |101 -0.03915 -3.47129e-01 |102  0.00412 -5.37931e-01
103  0.02886 -7.05426e-02 |104  0.02110  3.93715e-01 |105  0.01060 -9.21930e-04
106 -0.02830  1.90758e-03 |107  0.15699 -1.15988e+00 |108 -0.41166 -1.42479e+00
109 -0.10145 -2.88266e-01 |110 -0.25334  7.22929e-01 |
110 variables; iteration 100; function evaluation 132; phase 5
Function value 2.1004650e+03; maximum gradient component mag -5.3364e-01
Var    Value     Gradient |Var    Value     Gradient |Var    Value     Gradient
  1 -0.39664 -4.46768e-03 |  2 -0.42626  5.02721e-01 |  3 -0.41319  7.60551e-02
  4 -0.41012 -2.51752e-02 |  5 -0.38248  4.85733e-02 |  6  0.63354  1.90703e-01
  7  0.00528 -1.26236e-01 |  8 -0.00473  1.68719e-02 |  9 -0.00555  1.97222e-01
 10 -0.00299  3.02319e-01 | 11  0.00270  1.67707e-01 | 12  0.01275 -1.08115e-01
 13  0.01550 -3.89417e-02 | 14 -0.01708  6.03152e-02 | 15 -0.02100 -7.86708e-02
 16 -0.01873 -3.49186e-02 | 17 -0.00125 -2.93333e-01 | 18 -0.00720  1.35024e-01
 19  0.01768  1.05517e-01 | 20 -0.00073 -1.28054e-01 | 21 -0.03204 -7.68602e-02
 22  0.00227 -4.12733e-04 | 23 -0.00128 -3.02061e-01 | 24 -0.00554  4.03749e-02
 25 -0.01692 -1.26448e-01 | 26 -0.03720  6.08411e-02 | 27  0.00791  2.95469e-01
 28  0.03509 -3.67161e-02 | 29  0.01678 -5.33640e-01 | 30  0.02273 -1.53243e-01
 31 -0.01332 -4.71676e-03 | 32 -0.00314  3.74855e-01 | 33  0.00050  1.51113e-01
 34  0.02613  6.48968e-02 | 35  0.02386  1.40137e-01 | 36  0.00867 -1.43935e-01
 37 -0.00261 -3.12621e-01 | 38  0.01731 -2.78307e-02 | 39  0.00280  3.27282e-01
 40 -0.00815 -3.73234e-01 | 41 -0.03323  9.93798e-02 | 42  0.01851  9.48901e-02
 43 -0.01055 -3.41041e-01 | 44  0.01161 -5.65822e-02 | 45 -0.01915 -5.94030e-02
 46 -0.01869 -1.18850e-01 | 47 -0.01352 -1.57012e-02 | 48  0.05510  9.27178e-03
 49 -0.05199  7.18425e-02 | 50 -0.06258 -2.72865e-01 | 51  0.02953 -7.97681e-02
 52  0.00416  2.69434e-02 | 53 -0.02185 -2.21019e-01 | 54 -0.01299  2.25207e-01
 55  0.01463 -4.57093e-02 | 56 -0.02193  2.34614e-01 | 57 -0.00330  7.28884e-02
 58 -0.01252 -1.47935e-01 | 59 -0.01738 -6.34580e-02 | 60  0.02116  6.78028e-02
 61  0.00873  3.89027e-01 | 62  0.00496  7.47492e-02 | 63 -0.02977  6.26651e-02
 64  0.00217  1.25860e-01 | 65  0.03462  6.97952e-02 | 66 -0.02147  3.09584e-01
 67 -0.00264  8.32731e-02 | 68  0.00848  7.47881e-02 | 69  0.00379  9.72390e-02
 70 -0.00988 -1.50924e-01 | 71  0.01366  5.85467e-02 | 72 -0.00740  2.09390e-01
 73  0.00797  8.65844e-02 | 74 -0.01294 -4.83993e-01 | 75  0.00939  1.42513e-01
 76 -0.01708  1.48905e-01 | 77  0.05853  7.03086e-02 | 78 -0.04340 -1.14683e-02
 79  0.03252  6.29851e-02 | 80  0.00381  7.85023e-02 | 81 -0.03981 -3.82398e-02
 82 -0.02150 -1.67619e-01 | 83  0.01291  8.18413e-02 | 84 -0.00455  5.15269e-02
 85 -0.02493 -4.10338e-03 | 86 -0.00003  5.30748e-02 | 87  0.00376  1.66578e-01
 88 -0.01318 -4.59036e-01 | 89  0.02490  7.04322e-02 | 90 -0.01046  4.13474e-01
 91 -0.02393 -1.36619e-01 | 92  0.05463  6.68833e-02 | 93  0.05105  4.91942e-02
 94  0.00313  3.23047e-01 | 95 -0.02519 -6.19860e-02 | 96 -0.02571 -2.10925e-01
 97  0.01593  1.10089e-01 | 98  0.00470  2.44481e-01 | 99 -0.01599  2.94235e-02
100  0.01283  4.45990e-02 |101 -0.03909 -1.72164e-03 |102  0.00418 -1.03042e-01
103  0.02887 -7.55588e-02 |104  0.02094 -2.93561e-02 |105  0.01060  2.25859e-05
106 -0.02830 -3.89666e-05 |107  0.15707 -7.98196e-02 |108 -0.41161 -1.67276e-01
109 -0.10146 -1.08523e-01 |110 -0.25335  1.32591e-01 |

 - final statistics:
110 variables; iteration 119; function evaluation 166
Function value 2.1005e+03; maximum gradient component mag 3.3629e-06
Exit code = 1;  converg criter 1.0000e-04
Var    Value     Gradient |Var    Value     Gradient |Var    Value     Gradient
  1 -0.39664  7.09014e-07 |  2 -0.42626  3.36289e-06 |  3 -0.41319  2.04120e-06
  4 -0.41011  1.29188e-07 |  5 -0.38249  1.53452e-07 |  6  0.63354  1.37280e-06
  7  0.00534 -9.17176e-09 |  8 -0.00474 -2.76499e-09 |  9 -0.00567  1.34305e-09
 10 -0.00315 -4.93134e-09 | 11  0.00262 -3.79424e-09 | 12  0.01279 -2.81139e-09
 13  0.01551 -7.62929e-09 | 14 -0.01710  2.12361e-09 | 15 -0.02097 -1.73324e-09
 16 -0.01872 -6.18173e-09 | 17 -0.00116 -3.01635e-09 | 18 -0.00724 -9.17820e-09
 19  0.01765 -8.15091e-09 | 20 -0.00071 -2.70232e-09 | 21 -0.03202 -8.46352e-09
 22  0.00227 -1.52535e-08 | 23 -0.00124  6.26506e-09 | 24 -0.00555 -9.05624e-09
 25 -0.01690  1.38022e-08 | 26 -0.03721  1.18698e-09 | 27  0.00789  1.62847e-09
 28  0.03509 -1.35638e-08 | 29  0.01682  1.43950e-08 | 30  0.02274 -1.38983e-08
 31 -0.01331 -1.34277e-08 | 32 -0.00317 -5.23846e-10 | 33  0.00049  1.17111e-08
 34  0.02613 -5.08240e-09 | 35  0.02385 -1.47268e-08 | 36  0.00868  3.98024e-09
 37 -0.00258  1.29301e-08 | 38  0.01731 -1.19661e-08 | 39  0.00278 -2.19750e-09
 40 -0.00812  1.58956e-08 | 41 -0.03324  1.78330e-08 | 42  0.01850  6.64858e-09
 43 -0.01052  9.40900e-09 | 44  0.01161  1.05831e-08 | 45 -0.01915  1.89971e-09
 46 -0.01868  1.07331e-08 | 47 -0.01352  2.90672e-08 | 48  0.05510  2.47275e-08
 49 -0.05200  9.83260e-09 | 50 -0.06254  1.44061e-08 | 51  0.02953  4.36889e-08
 52  0.00416  4.17892e-08 | 53 -0.02183  2.87812e-08 | 54 -0.01301  1.20850e-08
 55  0.01463  6.55822e-08 | 56 -0.02195  4.51839e-08 | 57 -0.00330  5.09449e-08
 58 -0.01251  5.56605e-08 | 59 -0.01738  5.26208e-08 | 60  0.02116  1.09768e-07
 61  0.00871  8.32706e-08 | 62  0.00496  8.41448e-08 | 63 -0.02978  3.55516e-08
 64  0.00217  1.07703e-07 | 65  0.03462  2.07553e-07 | 66 -0.02149  7.00432e-08
 67 -0.00264  1.11691e-07 | 68  0.00848  9.95746e-08 | 69  0.00379  1.06510e-07
 70 -0.00987  7.48659e-08 | 71  0.01365  1.18035e-07 | 72 -0.00741  8.62438e-08
 73  0.00797  1.19370e-07 | 74 -0.01291  8.22622e-08 | 75  0.00938  1.02592e-07
 76 -0.01709  8.33914e-08 | 77  0.05853  2.79552e-07 | 78 -0.04340  3.00733e-08
 79  0.03252  1.65589e-07 | 80  0.00380  5.96140e-08 | 81 -0.03981  3.08356e-08
 82 -0.02149  4.99317e-08 | 83  0.01291  1.33606e-07 | 84 -0.00455  7.59207e-08
 85 -0.02493  5.86211e-08 | 86 -0.00003  8.49218e-08 | 87  0.00376  8.77797e-08
 88 -0.01316  5.63013e-08 | 89  0.02489  1.20060e-07 | 90 -0.01048  5.23914e-08
 91 -0.02392  5.50276e-08 | 92  0.05463  1.80177e-07 | 93  0.05105  1.30762e-07
 94  0.00312  2.25437e-08 | 95 -0.02519  1.20048e-08 | 96 -0.02570  1.07705e-08
 97  0.01592  6.26097e-08 | 98  0.00469  8.43613e-09 | 99 -0.01599  4.00542e-09
100  0.01283 -1.47827e-08 |101 -0.03909  2.57154e-09 |102  0.00419  6.09917e-11
103  0.02888  4.74931e-08 |104  0.02095 -1.79781e-09 |105  0.01060 -4.18999e-10
106 -0.02830 -4.59352e-10 |107  0.15707 -4.66819e-07 |108 -0.41161  6.81809e-07
109 -0.10146 -4.05378e-07 |110 -0.25335  5.11119e-07 |

 - final statistics:
122 variables; iteration 0; function evaluation 0
Function value 2.1005e+03; maximum gradient component mag 3.3629e-06
Exit code = 0;  converg criter 1.0000e-04
Var    Value     Gradient |Var    Value     Gradient |Var    Value     Gradient
  1 -0.39664  7.09027e-07 |  2 -0.42626  3.36292e-06 |  3 -0.41319  2.04122e-06
  4 -0.41011  1.29192e-07 |  5 -0.38249  1.53458e-07 |  6  0.63354  1.37266e-06
  7  0.00534 -9.17190e-09 |  8 -0.00474 -2.76502e-09 |  9 -0.00567  1.34303e-09
 10 -0.00315 -4.93138e-09 | 11  0.00262 -3.79430e-09 | 12  0.01279 -2.81150e-09
 13  0.01551 -7.62937e-09 | 14 -0.01710  2.12354e-09 | 15 -0.02097 -1.73335e-09
 16 -0.01872 -6.18183e-09 | 17 -0.00116 -3.01649e-09 | 18 -0.00724 -9.17841e-09
 19  0.01765 -8.15138e-09 | 20 -0.00071 -2.70271e-09 | 21 -0.03202 -8.46383e-09
 22  0.00227 -1.52544e-08 | 23 -0.00124  6.26418e-09 | 24 -0.00555 -9.05734e-09
 25 -0.01690  1.38010e-08 | 26 -0.03721  1.18605e-09 | 27  0.00789  1.62632e-09
 28  0.03509 -1.35667e-08 | 29  0.01682  1.43927e-08 | 30  0.02274 -1.39010e-08
 31 -0.01331 -1.34294e-08 | 32 -0.00317 -5.25835e-10 | 33  0.00049  1.17090e-08
 34  0.02613 -5.08493e-09 | 35  0.02385 -1.47302e-08 | 36  0.00868  3.97717e-09
 37 -0.00258  1.29278e-08 | 38  0.01731 -1.19698e-08 | 39  0.00278 -2.20019e-09
 40 -0.00812  1.58931e-08 | 41 -0.03324  1.78313e-08 | 42  0.01850  6.64476e-09
 43 -0.01052  9.40596e-09 | 44  0.01161  1.05784e-08 | 45 -0.01915  1.89718e-09
 46 -0.01868  1.07303e-08 | 47 -0.01352  2.90649e-08 | 48  0.05510  2.47180e-08
 49 -0.05200  9.83054e-09 | 50 -0.06254  1.44043e-08 | 51  0.02953  4.36810e-08
 52  0.00416  4.17839e-08 | 53 -0.02183  2.87777e-08 | 54 -0.01301  1.20801e-08
 55  0.01463  6.55743e-08 | 56 -0.02195  4.51789e-08 | 57 -0.00330  5.09380e-08
 58 -0.01251  5.56546e-08 | 59 -0.01738  5.26152e-08 | 60  0.02116  1.09756e-07
 61  0.00871  8.32605e-08 | 62  0.00496  8.41351e-08 | 63 -0.02978  3.55460e-08
 64  0.00217  1.07693e-07 | 65  0.03462  2.07536e-07 | 66 -0.02149  7.00365e-08
 67 -0.00264  1.11682e-07 | 68  0.00848  9.95635e-08 | 69  0.00379  1.06501e-07
 70 -0.00987  7.48578e-08 | 71  0.01365  1.18024e-07 | 72 -0.00741  8.62359e-08
 73  0.00797  1.19361e-07 | 74 -0.01291  8.22548e-08 | 75  0.00938  1.02583e-07
 76 -0.01709  8.33852e-08 | 77  0.05853  2.79531e-07 | 78 -0.04340  3.00690e-08
 79  0.03252  1.65575e-07 | 80  0.00380  5.96049e-08 | 81 -0.03981  3.08311e-08
 82 -0.02149  4.99262e-08 | 83  0.01291  1.33597e-07 | 84 -0.00455  7.59142e-08
 85 -0.02493  5.86169e-08 | 86 -0.00003  8.49157e-08 | 87  0.00376  8.77736e-08
 88 -0.01316  5.62964e-08 | 89  0.02489  1.20055e-07 | 90 -0.01048  5.23875e-08
 91 -0.02392  5.50251e-08 | 92  0.05463  1.80169e-07 | 93  0.05105  1.30754e-07
 94  0.00312  2.25399e-08 | 95 -0.02519  1.20033e-08 | 96 -0.02570  1.07689e-08
 97  0.01592  6.26090e-08 | 98  0.00469  8.43474e-09 | 99 -0.01599  4.00565e-09
100  0.01283 -1.47824e-08 |101 -0.03909  2.57178e-09 |102  0.00419  6.17555e-11
103  0.02888  4.74946e-08 |104  0.02095 -1.79780e-09 |105  0.01060 -4.18999e-10
106 -0.02830 -4.59352e-10 |107  0.00000  0.00000e+00 |108  0.00000  0.00000e+00
109  0.00000  0.00000e+00 |110  0.00000  0.00000e+00 |111  0.00000  0.00000e+00
112  0.00000  0.00000e+00 |113  0.00000  0.00000e+00 |114  0.00000  0.00000e+00
115  0.00000  0.00000e+00 |116  0.00000  0.00000e+00 |117  0.00000  0.00000e+00
118  0.00000  0.00000e+00 |119  0.15707 -4.66875e-07 |120 -0.41161  6.81887e-07
121 -0.10146 -4.05397e-07 |122 -0.25335  5.11154e-07 |
size of file gradfil1.tmp = 0
size of file gradfil2.tmp = 0
size of file varssave.tmp = 0
size of file cmpdiff.tmp = 0
