
Initial statistics: 1 variables; iteration 0; function evaluation 0; phase 1
Function value 2.6976228e+03; maximum gradient component mag -5.0981e+03
Var    Value     Gradient |Var    Value     Gradient |Var    Value     Gradient
  1  0.63197 -5.09806e+03 |

 - final statistics:
1 variables; iteration 4; function evaluation 7
Function value 2.6770e+03; maximum gradient component mag -6.3554e-01
Exit code = 1;  converg criter 1.0000e+01
Var    Value     Gradient |Var    Value     Gradient |Var    Value     Gradient
  1  0.64066 -6.35540e-01 |

Initial statistics: 98 variables; iteration 0; function evaluation 0; phase 2
Function value 2.6769792e+03; maximum gradient component mag -3.2113e+03
Var    Value     Gradient |Var    Value     Gradient |Var    Value     Gradient
  1  0.64066 -6.35540e-01 |  2  0.00000 -5.24185e+00 |  3  0.00000  1.71312e+01
  4  0.00000  9.67352e+00 |  5  0.00000 -1.14623e+01 |  6  0.00000  4.87177e+00
  7  0.00000 -9.67792e+00 |  8  0.00000 -8.39467e-01 |  9  0.00000 -3.15894e+02
 10  0.00000  1.30285e+02 | 11  0.00000  1.25960e+02 | 12  0.00000  1.34132e+02
 13  0.00000 -1.48614e+02 | 14  0.00000  3.03995e+02 | 15  0.00000 -1.17846e+01
 16  0.00000 -1.56153e+01 | 17  0.00000  1.94721e+02 | 18  0.00000  2.61047e+02
 19  0.00000 -1.08753e+02 | 20  0.00000 -2.31129e+02 | 21  0.00000 -1.13448e+02
 22  0.00000  2.30219e+02 | 23  0.00000  2.06301e+02 | 24  0.00000 -1.08871e+03
 25  0.00000 -5.76904e+02 | 26  0.00000  1.62683e+02 | 27  0.00000 -8.25936e+01
 28  0.00000 -5.85286e+02 | 29  0.00000  2.71974e+02 | 30  0.00000 -1.49220e+02
 31  0.00000  1.42650e+02 | 32  0.00000  4.82684e+02 | 33  0.00000  4.18006e+02
 34  0.00000 -5.64360e+02 | 35  0.00000  4.17576e+02 | 36  0.00000  3.36028e+02
 37  0.00000 -4.81026e+02 | 38  0.00000  2.51110e+02 | 39  0.00000  1.43911e+02
 40  0.00000  1.19135e+02 | 41  0.00000  2.11053e+02 | 42  0.00000 -4.54471e+01
 43  0.00000 -4.08253e+02 | 44  0.00000  3.50118e+02 | 45  0.00000  4.81310e+02
 46  0.00000  1.41786e+02 | 47  0.00000 -2.88865e+02 | 48  0.00000 -5.78401e+01
 49  0.00000  4.32251e+02 | 50  0.00000  6.68769e+02 | 51  0.00000  1.92552e+02
 52  0.00000 -2.79489e+02 | 53  0.00000  3.35682e+02 | 54  0.00000  5.63175e+02
 55  0.00000 -5.43643e+02 | 56  0.00000 -2.99087e+02 | 57  0.00000  8.52546e+02
 58  0.00000  7.75121e+02 | 59  0.00000  6.16379e+02 | 60  0.00000 -3.49553e+01
 61  0.00000  6.06073e+02 | 62  0.00000  4.46707e+02 | 63  0.00000 -1.07746e+02
 64  0.00000  1.05049e+02 | 65  0.00000  4.23266e+02 | 66  0.00000  4.18966e+02
 67  0.00000 -8.08674e+02 | 68  0.00000  8.86265e+02 | 69  0.00000  7.63254e+02
 70  0.00000  7.30049e+02 | 71  0.00000 -4.80024e+02 | 72  0.00000  3.72117e+02
 73  0.00000  4.59516e+02 | 74  0.00000 -1.25688e+03 | 75  0.00000 -2.57951e+02
 76  0.00000  3.92275e+02 | 77  0.00000 -4.35962e+02 | 78  0.00000  1.23566e+02
 79  0.00000 -7.15995e+02 | 80  0.00000 -2.07339e+02 | 81  0.00000 -8.03405e+02
 82  0.00000 -3.21132e+03 | 83  0.00000 -5.86359e+01 | 84  0.00000 -1.24641e+03
 85  0.00000 -3.86012e+02 | 86  0.00000 -2.63245e+02 | 87  0.00000  5.97792e+02
 88  0.00000 -4.40231e+02 | 89  0.00000  1.40099e+02 | 90  0.00000  1.80934e+02
 91  0.00000  1.74295e+02 | 92  0.00000  2.17964e+02 | 93  0.00000  1.17766e+02
 94  0.00000  1.65666e+00 | 95  0.00000 -2.23794e+00 | 96  0.00000 -2.23804e+00
 97  0.81654 -2.54267e+00 | 98  0.22185 -3.98810e+02 |

Intermediate statistics: 98 variables; iteration 20; function evaluation 31; phase 2
Function value 2.3047773e+03; maximum gradient component mag -2.0330e+03
Var    Value     Gradient |Var    Value     Gradient |Var    Value     Gradient
  1  0.62786 -1.95723e+03 |  2  0.00765  6.59686e+01 |  3 -0.03471  6.31717e+00
  4 -0.01181  3.94673e+01 |  5  0.00421  5.12844e+01 |  6 -0.00171  5.22981e+01
  7 -0.00166  3.56266e+01 |  8 -0.00390  3.49592e+01 |  9  0.05393 -1.89586e+01
 10 -0.02358  8.53282e+01 | 11 -0.03270  3.24693e+01 | 12 -0.02836  3.25441e+01
 13  0.01898  1.27417e+01 | 14 -0.03377  1.16494e+02 | 15  0.00015  1.99715e+00
 16 -0.00077 -1.63512e+01 | 17 -0.00830  1.07224e+02 | 18 -0.01014  1.52790e+02
 19  0.00499 -3.43047e+01 | 20  0.01213 -6.47727e+01 | 21  0.00567 -4.17881e+01
 22 -0.00964  1.18142e+02 | 23 -0.01079  1.10225e+02 | 24  0.04312 -4.38688e+02
 25  0.02691 -2.07929e+02 | 26 -0.00823  8.52571e+01 | 27  0.00218 -6.38543e+01
 28  0.02251 -2.88979e+02 | 29 -0.01032  1.42390e+02 | 30  0.01115 -1.87721e+01
 31 -0.00271  7.97727e+01 | 32 -0.01747  2.40368e+02 | 33 -0.01568  2.04659e+02
 34  0.02383 -2.08489e+02 | 35 -0.01553  1.96361e+02 | 36 -0.01165  1.57067e+02
 37  0.02100 -1.74205e+02 | 38 -0.00707  1.28684e+02 | 39  0.00048  1.06395e+02
 40  0.00236  1.03287e+02 | 41 -0.00230  1.29854e+02 | 42  0.00799  2.42048e+01
 43  0.02115 -1.27843e+02 | 44 -0.00732  1.87223e+02 | 45 -0.01070  2.56496e+02
 46  0.00290  1.07136e+02 | 47  0.01530 -9.08439e+01 | 48  0.00967  3.11967e+01
 49 -0.00308  2.71475e+02 | 50 -0.00736  4.14292e+02 | 51  0.00288  1.31718e+02
 52  0.00644 -2.54677e+02 | 53  0.00238  2.63859e+02 | 54 -0.00148  3.86559e+02
 55  0.00878 -4.22508e+02 | 56  0.00759 -2.03842e+02 | 57 -0.00177  6.56951e+02
 58 -0.00047  6.08420e+02 | 59  0.00087  4.96984e+02 | 60  0.00415 -4.76460e+01
 61 -0.00072  4.44880e+02 | 62 -0.00127  2.74398e+02 | 63  0.00480 -9.36344e+01
 64  0.00559  1.55600e+02 | 65  0.00022  3.18258e+02 | 66 -0.00000  3.24214e+02
 67  0.01261 -5.36842e+02 | 68 -0.00700  5.88418e+02 | 69 -0.00704  4.57252e+02
 70 -0.00721  4.34198e+02 | 71  0.00519 -4.36423e+02 | 72 -0.00356  1.95413e+02
 73 -0.00566  2.58385e+02 | 74  0.01635 -8.68586e+02 | 75  0.00313 -2.37157e+02
 76 -0.00953  1.26515e+02 | 77  0.00319 -4.49684e+02 | 78 -0.01000 -1.05102e+02
 79  0.01157 -5.52796e+02 | 80 -0.00439 -2.89434e+02 | 81  0.00048 -7.20936e+02
 82  0.05273 -2.03303e+03 | 83 -0.04572 -4.31751e+02 | 84  0.01950 -8.99260e+02
 85  0.00113 -3.59741e+02 | 86  0.00524 -1.81570e+02 | 87 -0.01636  3.04186e+02
 88  0.01285 -1.75185e+02 | 89 -0.00131  1.53313e+02 | 90 -0.00148  1.95579e+02
 91 -0.00387  1.70750e+02 | 92 -0.01414  1.58263e+02 | 93 -0.02157  8.86176e+01
 94 -0.01387  3.95970e+01 | 95  0.00361  6.35155e+01 | 96  0.00361  6.35160e+01
 97  0.82052 -6.74593e+01 | 98  0.22599 -2.24343e+02 |
98 variables; iteration 40; function evaluation 59; phase 2
Function value 2.1621804e+03; maximum gradient component mag -3.1854e+02
Var    Value     Gradient |Var    Value     Gradient |Var    Value     Gradient
  1  0.62906  2.74421e+01 |  2  0.03978  8.39324e+01 |  3 -0.00130  1.70522e+01
  4  0.02745  7.87366e+01 |  5  0.00373  4.81728e-01 |  6  0.00440  1.91311e+01
  7  0.01267  3.13287e+01 |  8 -0.00591 -1.84850e+01 |  9  0.05779 -1.93940e+01
 10 -0.07497 -1.08098e+02 | 11 -0.02806  1.07136e+00 | 12 -0.00681  8.83744e+01
 13  0.02536  3.73359e+01 | 14 -0.04756  3.45569e+00 | 15  0.01711  1.33666e+02
 16  0.00115 -4.43794e+01 | 17 -0.02161 -7.76735e+01 | 18 -0.02526 -4.90148e+01
 19  0.01088 -2.10882e+00 | 20  0.01786 -1.61608e+01 | 21  0.01444  3.91039e+01
 22 -0.02065 -3.26707e+01 | 23 -0.01282  4.94137e+01 | 24  0.05068 -2.79583e+02
 25  0.03770 -3.10197e+01 | 26 -0.00533  8.64336e+01 | 27  0.01187  3.84564e+01
 28  0.03813 -1.42927e+01 | 29 -0.02192 -1.41236e+01 | 30  0.01283 -3.90713e+01
 31 -0.00344  1.58980e+01 | 32 -0.03052  5.63897e+01 | 33 -0.02225  8.44787e+01
 34  0.03479 -2.11634e+01 | 35 -0.01627  1.38331e+02 | 36 -0.01844  2.97058e+01
 37  0.03262  2.13281e+01 | 38 -0.00875  6.20846e+01 | 39  0.00343  9.91596e+01
 40  0.00203  4.81240e+01 | 41 -0.00325  6.72339e+01 | 42  0.00772 -2.06745e+01
 43  0.03095  3.45468e+01 | 44 -0.01286  7.57656e+01 | 45 -0.02405  5.60283e+01
 46  0.00455  9.55364e+01 | 47  0.01994 -2.04253e+01 | 48  0.00816 -3.30161e+01
 49 -0.01248  7.00560e+01 | 50 -0.02461  9.57088e+01 | 51  0.00297  9.50000e+01
 52  0.01152 -1.57894e+02 | 53 -0.00242  1.05881e+02 | 54 -0.00920  1.50634e+02
 55  0.01585 -2.18087e+02 | 56  0.01344 -4.52957e+01 | 57 -0.01976  1.45586e+02
 58 -0.01366  1.66899e+02 | 59 -0.00962  1.40093e+02 | 60  0.00899  6.50068e+01
 61 -0.01306  7.52415e+01 | 62 -0.00368  1.81128e+02 | 63  0.00933  3.37003e+01
 64  0.00249  4.31685e+01 | 65 -0.00626  1.18962e+02 | 66 -0.01145  3.45285e+01
 67  0.02434 -8.55433e+01 | 68 -0.02561  1.62734e+02 | 69 -0.01905  1.62451e+02
 70 -0.02148  1.16418e+02 | 71  0.01050 -2.19156e+02 | 72 -0.01102  5.82903e+01
 73 -0.01923  1.95861e+01 | 74  0.03193 -1.40673e+02 | 75  0.00093 -1.83938e+02
 76 -0.01943  7.35319e+00 | 77  0.01523 -2.12399e+01 | 78 -0.01323 -6.50164e+01
 79  0.02185 -1.57227e+02 | 80 -0.01250 -3.18539e+02 | 81  0.01556 -2.60668e+02
 82  0.07926 -2.57783e+02 | 83 -0.01420 -7.17877e+00 | 84  0.03768 -1.83618e+02
 85  0.00457 -2.09197e+02 | 86  0.01035 -5.67642e+01 | 87 -0.03083  6.25461e+01
 88  0.02199 -3.29832e+01 | 89 -0.01200 -8.38710e+01 | 90 -0.00587  2.15190e+01
 91 -0.01032 -1.99186e+01 | 92 -0.05618 -1.43555e+02 | 93  0.00478  1.16639e+02
 94  0.01000  1.87054e+01 | 95 -0.03580 -5.58020e+01 | 96 -0.03581 -5.58083e+01
 97  0.81814  3.04516e+01 | 98  0.23183 -1.01036e+02 |
98 variables; iteration 60; function evaluation 83; phase 2
Function value 2.1354944e+03; maximum gradient component mag 6.0912e+02
Var    Value     Gradient |Var    Value     Gradient |Var    Value     Gradient
  1  0.62857  6.09122e+02 |  2 -0.00428 -3.17761e+01 |  3 -0.01116 -2.39461e+01
  4 -0.02931 -6.95647e+01 |  5  0.01235 -8.36614e-01 |  6 -0.01279 -4.69058e+01
  7  0.00151 -2.60396e+01 |  8 -0.00498 -3.81116e+01 |  9  0.06438 -2.23325e+00
 10 -0.02413  1.37563e+01 | 11 -0.02554 -1.11836e+01 | 12 -0.03220 -5.14219e+01
 13  0.02393 -1.31143e+00 | 14 -0.04786 -1.82279e+01 | 15  0.00771  1.24417e+01
 16  0.00433 -2.54760e+01 | 17 -0.01339 -1.39969e+01 | 18 -0.02158 -2.86685e+01
 19  0.01143 -5.64796e+00 | 20  0.01972 -2.97118e+00 | 21  0.01241 -8.95297e+00
 22 -0.01697 -1.94575e+01 | 23 -0.01723 -9.96731e+00 | 24  0.06116 -3.91657e+01
 25  0.04114  1.68828e+01 | 26 -0.01302 -1.17201e+01 | 27  0.01125  5.80698e+00
 28  0.04112  2.52729e+01 | 29 -0.02102 -2.48902e+01 | 30  0.01613 -8.24014e+00
 31 -0.00485 -2.31961e+01 | 32 -0.03703 -2.02967e+01 | 33 -0.02853  4.69683e+00
 34  0.03883  5.20490e+01 | 35 -0.02890 -1.16761e+01 | 36 -0.02185 -2.54947e+01
 37  0.03378  2.95022e+01 | 38 -0.01369 -1.52705e+01 | 39 -0.00279 -8.41709e+00
 40 -0.00112 -1.84149e+01 | 41 -0.00749 -7.85898e+00 | 42  0.01026  2.08391e-01
 43  0.03210  3.49891e+01 | 44 -0.01816 -8.42788e+00 | 45 -0.02885 -1.80944e+01
 46  0.00119  1.36057e+01 | 47  0.02441  5.48149e+01 | 48  0.01119 -1.14701e-01
 49 -0.01548 -3.95549e+00 | 50 -0.03096 -1.70508e+01 | 51 -0.00152 -3.13936e+01
 52  0.01880  1.34734e+01 | 53 -0.00585 -2.05334e+00 | 54 -0.01393  2.22659e+01
 55  0.02785  2.29630e+02 | 56  0.01690  6.94363e+01 | 57 -0.02626 -1.43694e+01
 58 -0.01594  7.71086e+01 | 59 -0.01218  4.82401e+01 | 60  0.01032  9.45244e+01
 61 -0.01211  8.01891e+01 | 62 -0.00998 -1.53144e+01 | 63  0.00548 -1.11874e+02
 64  0.00563  1.38630e+02 | 65 -0.00799  7.36553e+01 | 66 -0.01275  6.62907e-03
 67  0.02470 -7.91904e+01 | 68 -0.03513 -3.48883e+01 | 69 -0.02732 -2.97754e+01
 70 -0.02882 -3.37104e+01 | 71  0.02389  3.01849e+02 | 72 -0.01651 -5.78196e+01
 73 -0.02194 -3.73828e+01 | 74  0.03628  8.99936e+01 | 75  0.00719 -4.11106e+00
 76 -0.02159 -3.42845e+01 | 77  0.01288 -9.51488e+01 | 78 -0.01387 -7.97920e+01
 79  0.02636 -2.30831e-01 | 80  0.00053 -6.46459e+01 | 81  0.02588  2.21640e+01
 82  0.08430  9.32082e+01 | 83 -0.01232  1.01707e+01 | 84  0.04181 -6.24621e+01
 85  0.01254 -7.07685e+01 | 86  0.01463 -9.95438e+00 | 87 -0.03479 -2.94141e+01
 88  0.02971  8.05709e+01 | 89 -0.00211 -1.15362e+01 | 90 -0.00407 -2.21907e+01
 91 -0.00555 -1.92572e+01 | 92 -0.01814 -2.67232e+00 | 93 -0.04150 -7.23751e+01
 94 -0.00886 -3.03828e+01 | 95  0.02009  1.18175e+01 | 96  0.02009  1.18212e+01
 97  0.82103  4.02849e+01 | 98  0.23654  8.61267e+00 |
Maximum number of function evaluations exceeded

 - final statistics:
98 variables; iteration 71; function evaluation 100
Function value 2.1298e+03; maximum gradient component mag 8.1644e+01
Exit code = 3;  converg criter 1.0000e+01
Var    Value     Gradient |Var    Value     Gradient |Var    Value     Gradient
  1  0.62871  8.16439e+01 |  2 -0.00815 -2.29802e+01 |  3 -0.01290 -1.11213e+01
  4 -0.00332 -9.56999e-02 |  5  0.00860  6.19583e+00 |  6  0.00020  1.78209e+00
  7 -0.00163 -1.87493e+01 |  8  0.00441  8.08414e+00 |  9  0.06296  2.46731e+00
 10 -0.03391 -2.29109e+00 | 11 -0.02678 -3.80147e-01 | 12 -0.02674 -1.37543e+01
 13  0.02251 -5.04569e-01 | 14 -0.04684  1.17816e+00 | 15  0.00547  3.64813e+00
 16  0.00598  6.87458e+00 | 17 -0.01199  1.48802e+01 | 18 -0.01716  2.78573e+01
 19  0.01100  1.10405e+00 | 20  0.01991  1.07180e+01 | 21  0.01234  1.07535e+00
 22 -0.01815 -1.70985e+01 | 23 -0.01712  5.24717e+00 | 24  0.06182 -1.17228e+01
 25  0.03934 -5.88281e+00 | 26 -0.01248  6.91415e+00 | 27  0.00990 -7.92093e-01
 28  0.03920 -7.29844e+00 | 29 -0.02255 -2.59044e+01 | 30  0.01592 -1.61530e-01
 31 -0.00462 -8.25867e+00 | 32 -0.03926 -2.46596e+01 | 33 -0.02828  1.87694e+01
 34  0.03699  1.14473e+01 | 35 -0.02893 -7.09844e-01 | 36 -0.02179 -1.47352e+01
 37  0.03214 -6.11909e+00 | 38 -0.01355 -5.28907e+00 | 39 -0.00090  2.30486e+01
 40 -0.00079 -8.26335e+00 | 41 -0.00634  1.12910e+01 | 42  0.00879 -2.46217e+01
 43  0.03124  5.09414e+00 | 44 -0.01849 -8.72076e+00 | 45 -0.02659  8.22402e+00
 46  0.00056 -6.90052e-01 | 47  0.02288  3.32354e+00 | 48  0.01135 -8.99305e+00
 49 -0.01504 -1.29340e-01 | 50 -0.03062 -1.08809e+01 | 51  0.00065  7.04475e+00
 52  0.01846 -8.34368e+00 | 53 -0.00404  3.55086e+01 | 54 -0.01323  3.04977e+01
 55  0.02394  4.13317e+01 | 56  0.01636  2.53482e+01 | 57 -0.02623 -1.61810e+01
 58 -0.01846  1.40581e+01 | 59 -0.01305  1.84683e+01 | 60  0.00823  4.50007e+00
 61 -0.01374  3.38246e+01 | 62 -0.01134 -4.93726e+01 | 63  0.00959  1.03198e+01
 64  0.00085 -2.14954e+01 | 65 -0.00891  4.00631e+01 | 66 -0.01186  1.92636e+01
 67  0.02579 -4.21860e+01 | 68 -0.03454 -1.54764e+01 | 69 -0.02626 -1.85969e+00
 70 -0.02790 -1.32238e+01 | 71  0.01805  5.80118e+01 | 72 -0.01575 -3.97725e+01
 73 -0.02147 -2.15260e+01 | 74  0.03469  1.05699e+01 | 75  0.00643 -2.41646e+01
 76 -0.02066 -7.14432e+00 | 77  0.01541 -9.09275e+00 | 78 -0.01042 -1.14949e+00
 79  0.02663  2.26208e+01 | 80  0.00323  2.03485e+00 | 81  0.02451 -8.55585e+00
 82  0.08236 -3.92331e+01 | 83 -0.01490 -1.43637e+01 | 84  0.04336  1.19005e+01
 85  0.01493  6.01366e+00 | 86  0.01408 -2.27478e+00 | 87 -0.03413 -5.71876e+00
 88  0.02730  3.19627e+01 | 89 -0.00100  2.04540e+01 | 90 -0.00434 -6.01822e+00
 91 -0.00468  5.21732e+00 | 92 -0.02222 -6.95838e+00 | 93 -0.02737 -1.74801e+01
 94 -0.00278 -4.66478e+00 | 95  0.00307  1.68672e+00 | 96  0.00307  1.68704e+00
 97  0.82043  1.74875e+01 | 98  0.23672  7.89353e-01 |

Initial statistics: 100 variables; iteration 0; function evaluation 0; phase 3
Function value 2.1297582e+03; maximum gradient component mag 8.1644e+01
Var    Value     Gradient |Var    Value     Gradient |Var    Value     Gradient
  1  0.62871  8.16439e+01 |  2 -0.00815 -2.29183e+01 |  3 -0.01290 -1.10594e+01
  4 -0.00332 -3.38120e-02 |  5  0.00860  6.25771e+00 |  6  0.00020  1.84398e+00
  7 -0.00163 -1.86874e+01 |  8  0.00441  8.14603e+00 |  9  0.06296  2.52890e+00
 10 -0.03391 -2.22929e+00 | 11 -0.02678 -3.18313e-01 | 12 -0.02674 -1.36925e+01
 13  0.02251 -4.42719e-01 | 14 -0.04684  1.23988e+00 | 15  0.00547  3.71001e+00
 16  0.00598  6.93646e+00 | 17 -0.01199  1.49421e+01 | 18 -0.01716  2.79191e+01
 19  0.01100  1.16593e+00 | 20  0.01991  1.07799e+01 | 21  0.01234  1.13722e+00
 22 -0.01814 -1.70367e+01 | 23 -0.01712  5.30904e+00 | 24  0.06182 -1.16612e+01
 25  0.03934 -5.82104e+00 | 26 -0.01248  6.97603e+00 | 27  0.00990 -7.30212e-01
 28  0.03920 -7.23666e+00 | 29 -0.02255 -2.58426e+01 | 30  0.01593 -9.96606e-02
 31 -0.00462 -8.19679e+00 | 32 -0.03925 -2.45978e+01 | 33 -0.02827  1.88312e+01
 34  0.03699  1.15091e+01 | 35 -0.02893 -6.48019e-01 | 36 -0.02179 -1.46734e+01
 37  0.03214 -6.05728e+00 | 38 -0.01355 -5.22720e+00 | 39 -0.00090  2.31105e+01
 40 -0.00079 -8.20146e+00 | 41 -0.00634  1.13529e+01 | 42  0.00879 -2.45599e+01
 43  0.03124  5.15596e+00 | 44 -0.01849 -8.65890e+00 | 45 -0.02659  8.28586e+00
 46  0.00056 -6.28163e-01 | 47  0.02288  3.38539e+00 | 48  0.01135 -8.93117e+00
 49 -0.01504 -6.74683e-02 | 50 -0.03062 -1.08191e+01 | 51  0.00065  7.10664e+00
 52  0.01846 -8.28182e+00 | 53 -0.00404  3.55705e+01 | 54 -0.01323  3.05596e+01
 55  0.02394  4.13935e+01 | 56  0.01636  2.54101e+01 | 57 -0.02623 -1.61191e+01
 58 -0.01846  1.41200e+01 | 59 -0.01304  1.85302e+01 | 60  0.00823  4.56195e+00
 61 -0.01373  3.38865e+01 | 62 -0.01134 -4.93107e+01 | 63  0.00959  1.03817e+01
 64  0.00086 -2.14335e+01 | 65 -0.00891  4.01249e+01 | 66 -0.01186  1.93255e+01
 67  0.02579 -4.21242e+01 | 68 -0.03454 -1.54146e+01 | 69 -0.02626 -1.79785e+00
 70 -0.02790 -1.31620e+01 | 71  0.01806  5.80736e+01 | 72 -0.01575 -3.97106e+01
 73 -0.02146 -2.14641e+01 | 74  0.03469  1.06317e+01 | 75  0.00643 -2.41027e+01
 76 -0.02066 -7.08246e+00 | 77  0.01541 -9.03088e+00 | 78 -0.01042 -1.08761e+00
 79  0.02663  2.26827e+01 | 80  0.00324  2.09674e+00 | 81  0.02451 -8.49401e+00
 82  0.08236 -3.91717e+01 | 83 -0.01490 -1.43018e+01 | 84  0.04336  1.19622e+01
 85  0.01493  6.07553e+00 | 86  0.01408 -2.21290e+00 | 87 -0.03413 -5.65696e+00
 88  0.02730  3.20245e+01 | 89 -0.00099  2.05159e+01 | 90 -0.00434 -5.95633e+00
 91 -0.00467  5.27920e+00 | 92 -0.02222 -6.89653e+00 | 93 -0.02737 -1.74183e+01
 94 -0.00278 -4.60289e+00 | 95  0.00307  1.74861e+00 | 96  0.00307  1.74893e+00
 97  0.82043  1.74875e+01 | 98 -0.41581  4.74925e+00 | 99  0.23672  7.89353e-01
100 -0.25275  5.88944e+01 |

Intermediate statistics: 100 variables; iteration 20; function evaluation 28; phase 3
Function value 2.1287261e+03; maximum gradient component mag 1.6525e+02
Var    Value     Gradient |Var    Value     Gradient |Var    Value     Gradient
  1  0.62914 -6.16978e+01 |  2  0.00257  2.26906e+00 |  3 -0.00844  2.05477e+00
  4 -0.00438  1.86072e+00 |  5  0.00510  1.82850e+00 |  6 -0.00138  1.78074e+00
  7  0.00400  1.39022e+00 |  8  0.00132  1.68781e+00 |  9  0.06242  6.59749e-01
 10 -0.03388  1.63006e+00 | 11 -0.02724  1.47254e+00 | 12 -0.02402  1.20392e+00
 13  0.02245  3.07790e-01 | 14 -0.04752  1.38813e+00 | 15  0.00508  1.16548e+00
 16  0.00544  1.94769e+00 | 17 -0.01332  3.88192e+00 | 18 -0.01968  6.45294e+00
 19  0.01091  1.50220e+00 | 20  0.01937  4.19372e+00 | 21  0.01214  9.56384e-01
 22 -0.01688 -1.68469e+00 | 23 -0.01781  2.30770e+00 | 24  0.06222 -2.87897e+00
 25  0.03961 -1.43666e+00 | 26 -0.01315  2.59560e+00 | 27  0.00996  9.32548e-01
 28  0.03946 -2.58726e+00 | 29 -0.02039 -3.22142e+00 | 30  0.01587  2.58528e-01
 31 -0.00422 -1.08958e+00 | 32 -0.03681 -2.41419e+00 | 33 -0.03011  4.51869e+00
 34  0.03675  2.82987e+00 | 35 -0.02898  1.04763e+00 | 36 -0.02076 -1.80057e+00
 37  0.03233 -2.59495e+00 | 38 -0.01321 -9.58499e-02 | 39 -0.00224  6.28342e+00
 40 -0.00037 -1.82107e+00 | 41 -0.00712  2.82890e+00 | 42  0.00977 -8.89566e+00
 43  0.03105 -7.12853e-02 | 44 -0.01792 -1.10116e+00 | 45 -0.02740  2.13808e+00
 46  0.00054 -8.79594e-01 | 47  0.02278 -6.10779e-01 | 48  0.01159 -4.70023e+00
 49 -0.01517 -6.30567e-01 | 50 -0.03010 -2.47688e+00 | 51  0.00038  1.37781e+00
 52  0.01876 -3.27090e+00 | 53 -0.00510  8.79108e+00 | 54 -0.01425  8.03148e+00
 55  0.02309  4.54905e+00 | 56  0.01571  2.08282e+00 | 57 -0.02576 -5.41243e+00
 58 -0.01905  3.58406e+00 | 59 -0.01362  5.12733e+00 | 60  0.00803 -2.53172e+00
 61 -0.01476  1.06541e+01 | 62 -0.01006 -1.30838e+01 | 63  0.00932  3.21018e+00
 64  0.00132 -7.10060e+00 | 65 -0.01013  1.08377e+01 | 66 -0.01262  4.02342e+00
 67  0.02667 -3.03945e+00 | 68 -0.03425 -4.82318e+00 | 69 -0.02637  2.38341e-01
 70 -0.02769 -6.03365e+00 | 71  0.01650  1.77161e+00 | 72 -0.01482 -1.43473e+01
 73 -0.02093 -6.47875e+00 | 74  0.03412 -9.03743e+00 | 75  0.00694 -5.82466e+00
 76 -0.02074 -2.00988e+00 | 77  0.01546 -1.76457e+00 | 78 -0.01069 -5.74089e-01
 79  0.02588  4.81202e+00 | 80  0.00287  1.04549e+00 | 81  0.02456 -1.88503e-01
 82  0.08215 -3.97323e+01 | 83 -0.01452 -2.77138e+00 | 84  0.04273  2.36192e+00
 85  0.01450  6.18123e+00 | 86  0.01376  3.61446e+00 | 87 -0.03416  2.17543e+00
 88  0.02597  1.31991e+01 | 89 -0.00237  1.17731e+01 | 90 -0.00465  3.39957e+00
 91 -0.00587  6.22831e+00 | 92 -0.02249  2.88004e+00 | 93 -0.02286  3.84642e+00
 94 -0.00104  2.46279e+00 | 95  0.00038  2.00204e+00 | 96  0.00038  2.00201e+00
 97  0.80501 -2.46412e+01 | 98 -0.41776  1.56100e+02 | 99  0.23034 -5.14960e+01
100 -0.25432  1.65245e+02 |
100 variables; iteration 40; function evaluation 53; phase 3
Function value 2.1285957e+03; maximum gradient component mag -1.0998e+01
Var    Value     Gradient |Var    Value     Gradient |Var    Value     Gradient
  1  0.62915  5.26423e+00 |  2  0.00206 -8.82516e-01 |  3 -0.00879 -7.67214e-01
  4 -0.00435 -1.29876e-01 |  5  0.00543  6.70126e-01 |  6 -0.00130  5.89216e-02
  7  0.00419  1.65232e-01 |  8  0.00139  2.10057e-01 |  9  0.06235 -1.15748e-01
 10 -0.03389 -2.18240e-01 | 11 -0.02711  3.30600e-01 | 12 -0.02428 -1.38018e+00
 13  0.02235 -7.37100e-01 | 14 -0.04736  5.73598e-01 | 15  0.00496 -3.03957e-01
 16  0.00546  1.90807e+00 | 17 -0.01345  1.60143e+00 | 18 -0.02032 -8.93066e-01
 19  0.01087  1.35171e-01 | 20  0.01899 -2.18225e+00 | 21  0.01212  8.39024e-02
 22 -0.01656  2.69813e-01 | 23 -0.01801 -8.12739e-01 | 24  0.06216 -3.38330e+00
 25  0.03968 -2.70668e-01 | 26 -0.01330 -1.22363e-01 | 27  0.00995  7.34126e-02
 28  0.03964  1.80617e+00 | 29 -0.01974  1.80283e+00 | 30  0.01584 -2.39794e-01
 31 -0.00405  2.31049e-01 | 32 -0.03652 -1.52492e+00 | 33 -0.03056 -8.47412e-01
 34  0.03667  1.48312e+00 | 35 -0.02896 -1.27153e-02 | 36 -0.02061 -1.08404e+00
 37  0.03239 -4.16742e-01 | 38 -0.01322 -1.12429e+00 | 39 -0.00287 -2.40992e+00
 40 -0.00010  1.44884e+00 | 41 -0.00739 -9.91319e-01 | 42  0.01031  6.01737e-03
 43  0.03101  7.38364e-01 | 44 -0.01783 -8.50238e-01 | 45 -0.02758 -4.51892e-01
 46  0.00059 -2.18325e-01 | 47  0.02272 -5.49307e-01 | 48  0.01173 -7.59113e-01
 49 -0.01511  5.99550e-01 | 50 -0.02983  8.01088e-01 | 51  0.00020 -8.99032e-01
 52  0.01874 -1.03162e+00 | 53 -0.00542  2.53253e+00 | 54 -0.01460  4.71321e-02
 55  0.02291 -3.51631e+00 | 56  0.01578  6.36340e+00 | 57 -0.02553 -2.13679e+00
 58 -0.01930 -1.98093e+00 | 59 -0.01393 -3.95222e+00 | 60  0.00786 -7.69577e+00
 61 -0.01520 -6.82274e-01 | 62 -0.00961 -2.74161e-01 | 63  0.00908 -3.88937e+00
 64  0.00163  3.67325e+00 | 65 -0.01073 -3.94949e+00 | 66 -0.01294 -2.70817e+00
 67  0.02672  2.53270e-01 | 68 -0.03374  4.72965e+00 | 69 -0.02639  3.29397e-02
 70 -0.02731  2.40746e+00 | 71  0.01638 -1.24603e+00 | 72 -0.01410  3.42693e+00
 73 -0.02059  1.01028e-01 | 74  0.03419 -5.02379e-02 | 75  0.00730  4.85855e+00
 76 -0.02063  6.66038e-01 | 77  0.01559  2.38092e+00 | 78 -0.01064  1.01756e+00
 79  0.02606  9.97660e+00 | 80  0.00288  1.97380e+00 | 81  0.02470  3.25516e+00
 82  0.08268  3.12831e+00 | 83 -0.01429 -2.88815e-01 | 84  0.04246 -6.35573e+00
 85  0.01414 -4.87630e+00 | 86  0.01361 -2.01227e+00 | 87 -0.03413 -6.93138e-01
 88  0.02567  1.29257e+00 | 89 -0.00270  1.74600e+00 | 90 -0.00457  2.99710e-01
 91 -0.00603 -5.68767e-01 | 92 -0.02202  2.16009e+00 | 93 -0.02260  1.26732e-02
 94 -0.00067  4.82550e-01 | 95 -0.00016 -1.17026e+00 | 96 -0.00016 -1.17034e+00
 97  0.80458  1.60180e+00 | 98 -0.41827 -4.92307e+00 | 99  0.23014  3.41478e+00
100 -0.25514 -1.09984e+01 |
100 variables; iteration 60; function evaluation 80; phase 3
Function value 2.1285855e+03; maximum gradient component mag -1.8072e+00
Var    Value     Gradient |Var    Value     Gradient |Var    Value     Gradient
  1  0.62918 -1.51585e-02 |  2  0.00236 -9.92358e-02 |  3 -0.00853 -7.57014e-02
  4 -0.00424  2.68372e-01 |  5  0.00490 -4.42022e-01 |  6 -0.00113  6.78513e-01
  7  0.00400 -2.37447e-01 |  8  0.00138  3.18509e-01 |  9  0.06234 -1.07676e-01
 10 -0.03377  3.08822e-01 | 11 -0.02713  3.78149e-01 | 12 -0.02413 -6.22429e-01
 13  0.02236 -6.02594e-01 | 14 -0.04783 -1.37129e+00 | 15  0.00499  4.16963e-02
 16  0.00535  6.72873e-01 | 17 -0.01368 -5.25840e-01 | 18 -0.02027 -2.60774e-01
 19  0.01088  5.94862e-01 | 20  0.01905 -9.46648e-01 | 21  0.01216  9.03160e-01
 22 -0.01660  5.17492e-02 | 23 -0.01800 -4.68047e-01 | 24  0.06226 -6.31342e-01
 25  0.03966 -2.77744e-01 | 26 -0.01325  5.23630e-01 | 27  0.00993 -1.43331e-01
 28  0.03947 -1.65626e+00 | 29 -0.01996 -1.52695e-01 | 30  0.01583 -7.53874e-02
 31 -0.00401  1.10370e+00 | 32 -0.03639 -1.39715e-01 | 33 -0.03052 -1.95165e-01
 34  0.03660 -2.58611e-02 | 35 -0.02898  5.69378e-02 | 36 -0.02055 -2.23992e-01
 37  0.03238 -4.08414e-01 | 38 -0.01314  1.83336e-01 | 39 -0.00259  1.48359e+00
 40 -0.00015  1.14031e+00 | 41 -0.00737 -3.92361e-01 | 42  0.01030  1.62744e-01
 43  0.03098  4.75215e-01 | 44 -0.01779 -1.31887e-01 | 45 -0.02757 -1.56901e-02
 46  0.00053 -7.38310e-01 | 47  0.02270 -6.01359e-01 | 48  0.01177  6.58485e-01
 49 -0.01511  1.01987e+00 | 50 -0.02982  1.28874e+00 | 51  0.00021 -1.43289e-01
 52  0.01874 -3.33746e-01 | 53 -0.00555  1.01917e-01 | 54 -0.01462  2.81261e-02
 55  0.02298 -4.18246e-01 | 56  0.01560  5.06196e-01 | 57 -0.02553 -1.76031e+00
 58 -0.01923  1.85465e-01 | 59 -0.01383 -7.31818e-01 | 60  0.00804 -5.73251e-01
 61 -0.01523 -7.11722e-01 | 62 -0.00960  3.04825e-01 | 63  0.00918 -3.56945e-01
 64  0.00150  2.76875e-01 | 65 -0.01057  6.24399e-02 | 66 -0.01284  3.20855e-02
 67  0.02671  1.07064e-01 | 68 -0.03407 -1.13022e+00 | 69 -0.02644 -1.25440e+00
 70 -0.02736  1.35087e+00 | 71  0.01641 -1.52438e-01 | 72 -0.01423  5.50769e-01
 73 -0.02062 -3.98993e-01 | 74  0.03420  6.83451e-02 | 75  0.00714  5.53268e-01
 76 -0.02060  1.38837e+00 | 77  0.01552  3.46085e-01 | 78 -0.01075 -1.23112e+00
 79  0.02579  1.24257e+00 | 80  0.00275 -1.11702e+00 | 81  0.02460  4.48027e-01
 82  0.08265  3.74580e-01 | 83 -0.01428 -3.05628e-02 | 84  0.04261 -3.29333e-01
 85  0.01424 -1.80725e+00 | 86  0.01371  1.20243e+00 | 87 -0.03408  3.34806e-01
 88  0.02561  2.35769e-01 | 89 -0.00289 -4.77228e-01 | 90 -0.00464  4.46153e-02
 91 -0.00599  4.27179e-01 | 92 -0.02243  2.61455e-01 | 93 -0.02261  3.55733e-01
 94 -0.00058  8.24067e-01 | 95  0.00056  1.26942e-01 | 96  0.00056  1.26977e-01
 97  0.80405 -7.85238e-03 | 98 -0.41834  6.41497e-01 | 99  0.23003  2.00480e-01
100 -0.25513 -1.09632e+00 |

 - final statistics:
100 variables; iteration 70; function evaluation 93
Function value 2.1286e+03; maximum gradient component mag 8.1702e-01
Exit code = 1;  converg criter 1.0000e+00
Var    Value     Gradient |Var    Value     Gradient |Var    Value     Gradient
  1  0.62916 -5.38676e-02 |  2  0.00234 -1.52184e-01 |  3 -0.00841  1.53176e-01
  4 -0.00461 -5.27836e-01 |  5  0.00506 -9.03099e-02 |  6 -0.00116  5.66759e-01
  7  0.00407 -7.18250e-02 |  8  0.00128 -1.56078e-02 |  9  0.06237 -5.06014e-03
 10 -0.03395 -2.43916e-01 | 11 -0.02716  2.40847e-01 | 12 -0.02402 -1.44354e-01
 13  0.02244 -3.04515e-02 | 14 -0.04760 -3.77131e-01 | 15  0.00499 -1.35449e-02
 16  0.00533  3.28910e-01 | 17 -0.01363 -1.14046e-01 | 18 -0.02022  1.10797e-01
 19  0.01087  2.77482e-01 | 20  0.01910 -4.14675e-01 | 21  0.01213  4.00129e-01
 22 -0.01657  2.98199e-01 | 23 -0.01796 -1.89377e-01 | 24  0.06228 -1.95878e-01
 25  0.03970  1.36921e-01 | 26 -0.01326  3.56279e-01 | 27  0.00995  3.60525e-02
 28  0.03954 -4.98942e-01 | 29 -0.01995 -1.52654e-01 | 30  0.01584 -1.91519e-01
 31 -0.00409 -4.71621e-02 | 32 -0.03636 -3.99636e-02 | 33 -0.03050 -1.25641e-01
 34  0.03662  3.23713e-01 | 35 -0.02897  9.09307e-02 | 36 -0.02054 -2.10894e-01
 37  0.03240 -1.20967e-01 | 38 -0.01313  1.66794e-01 | 39 -0.00267  3.45043e-01
 40 -0.00019  2.79890e-01 | 41 -0.00734 -1.75094e-01 | 42  0.01030  1.65731e-02
 43  0.03099  4.03831e-01 | 44 -0.01775  2.13998e-01 | 45 -0.02757 -6.98396e-02
 46  0.00057 -2.73692e-01 | 47  0.02272 -4.12942e-01 | 48  0.01176  1.19730e-01
 49 -0.01518 -8.70201e-02 | 50 -0.02988  3.43410e-01 | 51  0.00023  2.55238e-02
 52  0.01876 -9.91059e-02 | 53 -0.00554  7.24002e-02 | 54 -0.01462 -3.28507e-02
 55  0.02299 -8.92286e-02 | 56  0.01559  1.22909e-01 | 57 -0.02545 -3.87261e-01
 58 -0.01923  1.54757e-01 | 59 -0.01380 -2.32040e-01 | 60  0.00806 -9.76239e-02
 61 -0.01521 -3.68763e-01 | 62 -0.00960  1.41905e-01 | 63  0.00919 -8.92122e-02
 64  0.00150  4.78576e-02 | 65 -0.01057  7.63023e-02 | 66 -0.01283 -1.94196e-02
 67  0.02671  2.77334e-02 | 68 -0.03402 -3.31166e-01 | 69 -0.02639 -3.46099e-01
 70 -0.02741  2.06552e-01 | 71  0.01642 -3.02080e-02 | 72 -0.01424  1.45479e-01
 73 -0.02060 -3.35753e-02 | 74  0.03421  2.37217e-02 | 75  0.00713  1.03880e-01
 76 -0.02062  8.17022e-01 | 77  0.01551  6.27434e-02 | 78 -0.01070 -3.48902e-01
 79  0.02576  3.26751e-01 | 80  0.00279 -4.36618e-01 | 81  0.02459  1.19561e-01
 82  0.08265  9.71788e-02 | 83 -0.01429 -2.83980e-01 | 84  0.04262 -8.54978e-02
 85  0.01430 -3.51371e-01 | 86  0.01367  2.53195e-01 | 87 -0.03410  5.97243e-02
 88  0.02560  6.38196e-02 | 89 -0.00288 -3.46131e-01 | 90 -0.00462  3.74212e-01
 91 -0.00605 -4.86843e-02 | 92 -0.02246  6.70057e-02 | 93 -0.02273  1.34665e-02
 94 -0.00095  2.50367e-01 | 95  0.00050  4.98666e-02 | 96  0.00050  4.99115e-02
 97  0.80397 -1.24034e-02 | 98 -0.41835  2.95209e-01 | 99  0.23000 -9.86987e-02
100 -0.25513 -2.29742e-01 |

Initial statistics: 108 variables; iteration 0; function evaluation 0; phase 4
Function value 2.1285840e+03; maximum gradient component mag 3.1183e+02
Var    Value     Gradient |Var    Value     Gradient |Var    Value     Gradient
  1 -0.42263  7.24444e+01 |  2 -0.42263  2.94815e+02 |  3 -0.41094  3.11834e+02
  4  0.62916 -5.38676e-02 |  5  0.00000 -2.63017e+01 |  6  0.00000 -1.10375e+01
  7  0.00000  5.77732e+00 |  8  0.00000 -5.09476e+00 |  9  0.00000 -3.05681e+01
 10  0.00234 -1.51251e-01 | 11 -0.00841  1.54109e-01 | 12 -0.00461 -5.26903e-01
 13  0.00506 -8.93764e-02 | 14 -0.00116  5.67693e-01 | 15  0.00407 -7.08914e-02
 16  0.00128 -1.46742e-02 | 17  0.06237 -4.13103e-03 | 18 -0.03395 -2.42984e-01
 19 -0.02716  2.41780e-01 | 20 -0.02402 -1.43421e-01 | 21  0.02244 -2.95185e-02
 22 -0.04760 -3.76200e-01 | 23  0.00499 -1.26114e-02 | 24  0.00533  3.29843e-01
 25 -0.01363 -1.13113e-01 | 26 -0.02022  1.11730e-01 | 27  0.01087  2.78415e-01
 28  0.01910 -4.13742e-01 | 29  0.01213  4.01063e-01 | 30 -0.01657  2.99132e-01
 31 -0.01796 -1.88444e-01 | 32  0.06228 -1.94949e-01 | 33  0.03970  1.37853e-01
 34 -0.01326  3.57213e-01 | 35  0.00995  3.69860e-02 | 36  0.03954 -4.98011e-01
 37 -0.01995 -1.51720e-01 | 38  0.01584 -1.90585e-01 | 39 -0.00409 -4.62285e-02
 40 -0.03636 -3.90316e-02 | 41 -0.03050 -1.24708e-01 | 42  0.03662  3.24645e-01
 43 -0.02897  9.18633e-02 | 44 -0.02054 -2.09961e-01 | 45  0.03240 -1.20034e-01
 46 -0.01313  1.67728e-01 | 47 -0.00267  3.45977e-01 | 48 -0.00019  2.80824e-01
 49 -0.00734 -1.74160e-01 | 50  0.01030  1.75065e-02 | 51  0.03099  4.04763e-01
 52 -0.01775  2.14931e-01 | 53 -0.02757 -6.89069e-02 | 54  0.00057 -2.72759e-01
 55  0.02272 -4.12009e-01 | 56  0.01176  1.20663e-01 | 57 -0.01518 -8.60867e-02
 58 -0.02988  3.44342e-01 | 59  0.00023  2.64574e-02 | 60  0.01876 -9.81727e-02
 61 -0.00554  7.33338e-02 | 62 -0.01462 -3.19174e-02 | 63  0.02299 -8.82956e-02
 64  0.01559  1.23842e-01 | 65 -0.02545 -3.86328e-01 | 66 -0.01923  1.55690e-01
 67 -0.01380 -2.31107e-01 | 68  0.00806 -9.66903e-02 | 69 -0.01521 -3.67830e-01
 70 -0.00960  1.42838e-01 | 71  0.00919 -8.82787e-02 | 72  0.00150  4.87912e-02
 73 -0.01057  7.72358e-02 | 74 -0.01283 -1.84862e-02 | 75  0.02671  2.86662e-02
 76 -0.03402 -3.30233e-01 | 77 -0.02639 -3.45166e-01 | 78 -0.02741  2.07484e-01
 79  0.01642 -2.92748e-02 | 80 -0.01424  1.46413e-01 | 81 -0.02060 -3.26422e-02
 82  0.03421  2.46539e-02 | 83  0.00713  1.04814e-01 | 84 -0.02062  8.17955e-01
 85  0.01551  6.36767e-02 | 86 -0.01070 -3.47968e-01 | 87  0.02576  3.27684e-01
 88  0.00279 -4.35685e-01 | 89  0.02459  1.20493e-01 | 90  0.08265  9.81045e-02
 91 -0.01429 -2.83047e-01 | 92  0.04262 -8.45663e-02 | 93  0.01430 -3.50437e-01
 94  0.01367  2.54128e-01 | 95 -0.03410  6.06566e-02 | 96  0.02560  6.47525e-02
 97 -0.00288 -3.45197e-01 | 98 -0.00462  3.75146e-01 | 99 -0.00605 -4.77508e-02
100 -0.02246  6.79387e-02 |101 -0.02273  1.43995e-02 |102 -0.00095  2.51301e-01
103  0.00050  5.08002e-02 |104  0.00050  5.08450e-02 |105  0.80397 -1.24034e-02
106 -0.41835  2.95209e-01 |107  0.23000 -9.86987e-02 |108 -0.25513 -2.29742e-01

Intermediate statistics: 108 variables; iteration 20; function evaluation 26; phase 4
Function value 2.1276471e+03; maximum gradient component mag 2.9700e+02
Var    Value     Gradient |Var    Value     Gradient |Var    Value     Gradient
  1 -0.41381  1.92486e+01 |  2 -0.42072  2.97002e+02 |  3 -0.41812  1.12744e+02
  4  0.62909  3.64784e+01 |  5  0.00832 -4.14582e+00 |  6  0.00509 -1.44255e+00
  7 -0.00403  6.36807e-01 |  8  0.00164 -7.10275e-01 |  9  0.01325 -4.33861e+00
 10  0.00172 -7.96636e-01 | 11 -0.00916 -7.44376e-01 | 12 -0.00516 -7.79243e-01
 13  0.00423 -5.45465e-01 | 14 -0.00211 -3.52816e-01 | 15  0.00328 -2.95992e-01
 16  0.00054 -2.00182e-01 | 17  0.06184  3.69085e+00 | 18 -0.03440 -4.57167e-01
 19 -0.02769 -2.55263e-01 | 20 -0.02437 -2.50992e-01 | 21  0.02249  3.62999e+00
 22 -0.04773 -5.31237e-01 | 23  0.00511  2.86368e+00 | 24  0.00546  3.51526e+00
 25 -0.01355  1.05321e+00 | 26 -0.02018  7.21014e-01 | 27  0.01100  2.28101e+00
 28  0.01920  1.72152e+00 | 29  0.01223  4.00060e+00 | 30 -0.01651  2.48461e+00
 31 -0.01784  1.26662e+00 | 32  0.06261  1.17314e+01 | 33  0.03966  4.56793e+00
 34 -0.01321  2.79215e+00 | 35  0.01004  3.22090e+00 | 36  0.03951  2.19475e+00
 37 -0.01986  1.69096e+00 | 38  0.01592  2.26932e+00 | 39 -0.00397  2.28270e+00
 40 -0.03628  4.30187e-01 | 41 -0.03039 -5.72404e-02 | 42  0.03669  3.94007e+00
 43 -0.02887  1.28377e+00 | 44 -0.02044  7.63067e-01 | 45  0.03251  2.42966e+00
 46 -0.01303  1.21196e+00 | 47 -0.00259  2.27622e+00 | 48 -0.00011  1.94391e+00
 49 -0.00722  4.05207e-01 | 50  0.01038  9.25442e-02 | 51  0.03109  2.29759e+00
 52 -0.01768  9.45235e-01 | 53 -0.02748  9.56471e-01 | 54  0.00064 -6.52929e-01
 55  0.02293  2.27431e+00 | 56  0.01188  1.12417e+00 | 57 -0.01510 -9.64254e-01
 58 -0.02980 -8.63217e-01 | 59  0.00040 -2.71844e+00 | 60  0.01846 -1.50882e+01
 61 -0.00551 -2.31061e+00 | 62 -0.01448 -2.08336e+00 | 63  0.02301 -7.57044e+00
 64  0.01558 -2.91663e+00 | 65 -0.02541 -1.40253e+00 | 66 -0.01916 -2.89574e+00
 67 -0.01376 -4.34729e+00 | 68  0.00813 -4.66339e+00 | 69 -0.01515 -1.79899e+00
 70 -0.00958 -6.72301e+00 | 71  0.00938  1.60983e+00 | 72  0.00159 -3.96076e+00
 73 -0.01047 -3.11096e+00 | 74 -0.01276 -3.31918e+00 | 75  0.02680  1.40256e-01
 76 -0.03395 -1.62862e+00 | 77 -0.02633 -2.26164e+00 | 78 -0.02730 -1.56050e+00
 79  0.01683  6.52468e+00 | 80 -0.01413 -1.74598e+00 | 81 -0.02050 -1.76905e+00
 82  0.03453  6.02574e+00 | 83  0.00730  2.07087e+00 | 84 -0.02058 -7.10756e-01
 85  0.01550 -8.34310e+00 | 86 -0.01059 -3.90713e+00 | 87  0.02583 -4.61941e+00
 88  0.00291 -2.81019e+00 | 89  0.02470 -4.80804e+00 | 90  0.08342  3.89126e+01
 91 -0.01414  1.37632e+00 | 92  0.04272 -4.86947e-01 | 93  0.01440 -5.20105e-01
 94  0.01383 -1.73955e-01 | 95 -0.03399 -3.20767e+00 | 96  0.02560 -1.23408e+01
 97 -0.00289 -5.24734e+00 | 98 -0.00459 -1.93735e+00 | 99 -0.00593 -2.03830e+00
100 -0.02222  2.97212e-01 |101 -0.02248 -5.87671e-01 |102 -0.00137 -9.57100e-01
103  0.00028 -9.77107e-01 |104  0.00028 -9.77101e-01 |105  0.80227 -4.08727e+00
106 -0.41815  3.83753e+01 |107  0.23060  1.90773e+00 |108 -0.25510 -3.74167e+00
108 variables; iteration 40; function evaluation 48; phase 4
Function value 2.1275784e+03; maximum gradient component mag 3.5261e+01
Var    Value     Gradient |Var    Value     Gradient |Var    Value     Gradient
  1 -0.41320  1.45952e+00 |  2 -0.42072  3.52607e+01 |  3 -0.41868  1.11605e+01
  4  0.62901  4.61310e+00 |  5  0.01041  6.61839e-01 |  6  0.00614  3.93257e-01
  7 -0.00477 -4.65144e-01 |  8  0.00195 -7.38324e-02 |  9  0.01462 -1.67828e+00
 10  0.00174  5.06703e-02 | 11 -0.00916  6.18617e-02 | 12 -0.00521 -9.71062e-02
 13  0.00377 -9.33130e-01 | 14 -0.00270 -1.16602e+00 | 15  0.00270 -1.37707e+00
 16  0.00036 -1.89482e-01 | 17  0.06173  2.90023e+00 | 18 -0.03458 -3.54869e-01
 19 -0.02759  6.61336e-01 | 20 -0.02481 -1.66455e+00 | 21  0.02209  8.85556e-02
 22 -0.04805 -1.38612e+00 | 23  0.00498  1.89273e+00 | 24  0.00500 -1.38630e+00
 25 -0.01370 -1.66447e-01 | 26 -0.02035 -5.75788e-01 | 27  0.01087  3.03693e-02
 28  0.01903 -1.48530e+00 | 29  0.01202  1.02747e+00 | 30 -0.01664  1.38299e+00
 31 -0.01793  2.88477e-01 | 32  0.06232  3.77953e-01 | 33  0.03948 -5.06306e-01
 34 -0.01335  1.24867e+00 | 35  0.01001  2.21749e+00 | 36  0.03954  1.46627e+00
 37 -0.01995  8.05174e-01 | 38  0.01575 -1.31694e+00 | 39 -0.00425 -1.39095e+00
 40 -0.03638 -2.69266e-01 | 41 -0.03036  6.61991e-02 | 42  0.03652 -1.41478e+00
 43 -0.02894  6.61272e-01 | 44 -0.02048 -2.41124e-02 | 45  0.03248 -4.23134e-01
 46 -0.01313 -6.03119e-01 | 47 -0.00264  7.75253e-01 | 48 -0.00011  1.06091e+00
 49 -0.00712  6.46229e-01 | 50  0.01070  3.45510e+00 | 51  0.03118  1.48640e+00
 52 -0.01779 -9.52284e-01 | 53 -0.02752  1.92246e-01 | 54  0.00095  2.34686e+00
 55  0.02286 -2.48611e+00 | 56  0.01191 -1.00815e+00 | 57 -0.01502 -1.23542e+00
 58 -0.02953  1.54521e+00 | 59  0.00075  2.39033e+00 | 60  0.01896 -2.84991e+00
 61 -0.00537 -4.52667e-01 | 62 -0.01438 -1.57871e+00 | 63  0.02326 -1.31313e+00
 64  0.01579  2.63672e+00 | 65 -0.02537 -9.93732e-01 | 66 -0.01896  4.48951e-01
 67 -0.01351  6.04277e-01 | 68  0.00837  1.65697e+00 | 69 -0.01511 -1.43576e+00
 70 -0.00927 -7.80386e-01 | 71  0.00934 -1.45225e+00 | 72  0.00177 -8.91662e-01
 73 -0.01034 -1.19884e+00 | 74 -0.01264 -1.64778e+00 | 75  0.02683 -1.26722e-01
 76 -0.03377  1.27219e+00 | 77 -0.02620 -1.44208e-01 | 78 -0.02713  5.83100e-01
 79  0.01676  4.20552e-01 | 80 -0.01400 -4.55442e-01 | 81 -0.02038 -6.01264e-01
 82  0.03452  3.59305e-01 | 83  0.00739  2.15474e+00 | 84 -0.02039  1.82883e+00
 85  0.01584 -1.40122e+00 | 86 -0.01052 -3.93866e+00 | 87  0.02605 -4.46064e-01
 88  0.00319  1.74407e+00 | 89  0.02501  8.75812e-02 | 90  0.08302  4.34565e+00
 91 -0.01410  1.03235e+00 | 92  0.04282  6.15920e-01 | 93  0.01444 -4.63511e-01
 94  0.01396  1.88237e+00 | 95 -0.03379 -9.77568e-01 | 96  0.02605 -2.19330e+00
 97 -0.00264 -1.32289e+00 | 98 -0.00450 -5.19702e-01 | 99 -0.00547  2.06503e+00
100 -0.02225  2.99919e-01 |101 -0.02334 -2.72708e+00 |102 -0.00136 -6.12280e-02
103  0.00020 -2.41260e-01 |104  0.00020 -2.41289e-01 |105  0.80073 -2.31809e+00
106 -0.41849  5.33294e+00 |107  0.23053  3.98465e-01 |108 -0.25507  3.50481e-01
108 variables; iteration 60; function evaluation 75; phase 4
Function value 2.1275703e+03; maximum gradient component mag 9.6556e+00
Var    Value     Gradient |Var    Value     Gradient |Var    Value     Gradient
  1 -0.41305  3.53419e-01 |  2 -0.42073  9.65558e+00 |  3 -0.41871  2.88513e+00
  4  0.62902  1.40110e+00 |  5  0.01022  2.68513e-01 |  6  0.00595  7.62222e-02
  7 -0.00439  1.64441e-01 |  8  0.00204  8.57202e-02 |  9  0.01525 -4.78806e-01
 10  0.00157 -1.84984e-01 | 11 -0.00939 -3.14059e-01 | 12 -0.00555 -7.34453e-01
 13  0.00411 -1.02506e-03 | 14 -0.00218  2.83533e-01 | 15  0.00291 -6.40368e-01
 16  0.00041  7.23772e-02 | 17  0.06144  9.90523e-01 | 18 -0.03458 -2.36826e-01
 19 -0.02788 -2.61171e-01 | 20 -0.02447 -7.50673e-02 | 21  0.02210  3.63570e-01
 22 -0.04790 -5.78065e-01 | 23  0.00483  6.22763e-01 | 24  0.00503 -7.78374e-01
 25 -0.01371 -1.13448e-01 | 26 -0.02030  3.29534e-02 | 27  0.01085  5.75288e-02
 28  0.01910 -2.99338e-01 | 29  0.01196  3.74818e-01 | 30 -0.01674  5.09632e-01
 31 -0.01793  3.55815e-01 | 32  0.06229 -1.85250e-01 | 33  0.03949 -1.81489e-01
 34 -0.01349  4.31308e-02 | 35  0.00988  5.44077e-01 | 36  0.03948  1.28637e-01
 37 -0.02004  1.15176e-01 | 38  0.01578 -6.87671e-01 | 39 -0.00415  4.38672e-02
 40 -0.03653 -1.33616e+00 | 41 -0.03031  6.11605e-01 | 42  0.03656 -2.75934e-01
 43 -0.02901  9.55725e-02 | 44 -0.02047  1.82000e-01 | 45  0.03250  1.76410e-01
 46 -0.01311 -2.82013e-01 | 47 -0.00268  3.50622e-01 | 48 -0.00018  3.86543e-02
 49 -0.00715  2.19582e-01 | 50  0.01056  1.06515e+00 | 51  0.03117  1.06192e+00
 52 -0.01774 -4.44527e-01 | 53 -0.02751  2.36882e-01 | 54  0.00086  7.87684e-01
 55  0.02293 -1.04510e+00 | 56  0.01196 -1.79114e-01 | 57 -0.01495 -3.02742e-01
 58 -0.02961  4.31270e-01 | 59  0.00068  6.08505e-01 | 60  0.01904 -8.76629e-01
 61 -0.00535  8.60536e-02 | 62 -0.01432 -3.44317e-01 | 63  0.02329 -3.45597e-01
 64  0.01573  8.17069e-01 | 65 -0.02534 -4.09163e-01 | 66 -0.01896  5.44067e-01
 67 -0.01352  4.06728e-01 | 68  0.00834  5.16574e-01 | 69 -0.01508 -5.49845e-01
 70 -0.00925 -1.16199e-01 | 71  0.00937 -4.18490e-01 | 72  0.00178 -3.25485e-01
 73 -0.01029 -1.18210e-02 | 74 -0.01259 -3.49340e-01 | 75  0.02683  9.72107e-04
 76 -0.03386 -1.92809e-01 | 77 -0.02618  2.70143e-01 | 78 -0.02715  1.71542e-01
 79  0.01676  1.58440e-01 | 80 -0.01398 -3.61435e-02 | 81 -0.02036 -3.46170e-01
 82  0.03452  1.30314e-01 | 83  0.00736  1.02243e+00 | 84 -0.02046  3.89999e-01
 85  0.01588 -1.94413e-01 | 86 -0.01040 -1.47189e+00 | 87  0.02607 -3.89082e-03
 88  0.00312  7.74449e-02 | 89  0.02502 -1.13344e-01 | 90  0.08297  1.21653e+00
 91 -0.01415  3.67678e-01 | 92  0.04281  2.10728e-01 | 93  0.01446 -9.38508e-02
 94  0.01390  5.07043e-01 | 95 -0.03375 -3.96999e-01 | 96  0.02611 -6.12827e-01
 97 -0.00258 -3.05769e-01 | 98 -0.00446 -1.20957e-02 | 99 -0.00559  7.50543e-01
100 -0.02230  1.39826e-01 |101 -0.02280 -9.76191e-01 |102 -0.00128  1.47086e-01
103  0.00009 -3.14112e-01 |104  0.00009 -3.14198e-01 |105  0.80154 -6.66557e-01
106 -0.41838  7.68768e-01 |107  0.23044  1.74292e-01 |108 -0.25511  8.85660e-02
Maximum number of function evaluations exceeded

 - final statistics:
108 variables; iteration 80; function evaluation 100
Function value 2.1276e+03; maximum gradient component mag 2.8884e+00
Exit code = 3;  converg criter 1.0000e+00
Var    Value     Gradient |Var    Value     Gradient |Var    Value     Gradient
  1 -0.41302  1.45538e-01 |  2 -0.42074  2.88844e+00 |  3 -0.41871  8.92035e-01
  4  0.62906  3.99745e-01 |  5  0.01008 -1.72975e-03 |  6  0.00610  3.29976e-01
  7 -0.00432  2.74809e-01 |  8  0.00219  3.50426e-01 |  9  0.01539 -1.94539e-01
 10  0.00156 -1.74528e-01 | 11 -0.00942 -3.18630e-01 | 12 -0.00516  1.43924e-01
 13  0.00403 -1.45895e-01 | 14 -0.00226  1.23327e-01 | 15  0.00298 -3.65559e-01
 16  0.00054  5.76784e-01 | 17  0.06133  3.05989e-01 | 18 -0.03471 -5.96715e-01
 19 -0.02781  7.05082e-02 | 20 -0.02451 -1.41862e-01 | 21  0.02206  1.80991e-01
 22 -0.04781 -8.87253e-02 | 23  0.00476  1.67382e-01 | 24  0.00504 -4.36040e-01
 25 -0.01371  8.93957e-02 | 26 -0.02032  1.94986e-02 | 27  0.01084  7.66478e-02
 28  0.01910  3.77832e-02 | 29  0.01194  2.41730e-01 | 30 -0.01680  4.76430e-02
 31 -0.01797  7.89062e-02 | 32  0.06228 -1.23915e-01 | 33  0.03949  4.03773e-02
 34 -0.01350  1.04661e-01 | 35  0.00987  5.22795e-01 | 36  0.03946  4.37470e-02
 37 -0.02006 -1.33080e-02 | 38  0.01579 -2.84755e-01 | 39 -0.00417 -2.72289e-02
 40 -0.03643 -4.41736e-01 | 41 -0.03037  1.98231e-01 | 42  0.03654 -6.48479e-01
 43 -0.02903  4.11241e-02 | 44 -0.02047  2.67345e-01 | 45  0.03249  2.05799e-01
 46 -0.01311 -1.86749e-01 | 47 -0.00272 -1.50758e-02 | 48 -0.00021 -2.10603e-01
 49 -0.00719 -1.32110e-01 | 50  0.01049  1.84278e-01 | 51  0.03112  1.75474e-01
 52 -0.01769  1.22784e-01 | 53 -0.02756 -1.72743e-01 | 54  0.00082  3.06899e-01
 55  0.02295 -5.53030e-01 | 56  0.01197  1.45298e-01 | 57 -0.01493 -2.06964e-02
 58 -0.02965 -1.76801e-02 | 59  0.00065  9.53854e-02 | 60  0.01905 -2.98968e-01
 61 -0.00535  3.20030e-01 | 62 -0.01430  3.93132e-01 | 63  0.02329 -1.63840e-01
 64  0.01571  2.30363e-01 | 65 -0.02534 -1.60941e-01 | 66 -0.01898  3.71658e-01
 67 -0.01356 -1.80010e-01 | 68  0.00832  1.26662e-01 | 69 -0.01507 -1.36392e-01
 70 -0.00927 -2.57940e-01 | 71  0.00937 -1.47799e-01 | 72  0.00178 -1.41616e-01
 73 -0.01031 -7.98790e-02 | 74 -0.01260 -3.20196e-01 | 75  0.02682 -1.81744e-02
 76 -0.03385  2.34771e-01 | 77 -0.02619  1.97689e-01 | 78 -0.02716  2.80233e-01
 79  0.01674  7.99683e-03 | 80 -0.01399  1.07012e-01 | 81 -0.02037 -1.77761e-01
 82  0.03451  1.82078e-02 | 83  0.00732  2.85919e-01 | 84 -0.02050 -8.86513e-02
 85  0.01587 -9.36051e-02 | 86 -0.01035 -4.83736e-01 | 87  0.02605 -6.38382e-02
 88  0.00311  1.25475e-01 | 89  0.02501 -1.16592e-01 | 90  0.08295  3.48557e-01
 91 -0.01417  9.72470e-02 | 92  0.04279  1.25901e-05 | 93  0.01447  2.76910e-01
 94  0.01386 -1.85633e-01 | 95 -0.03372  4.93497e-02 | 96  0.02611 -2.39735e-01
 97 -0.00256  6.35864e-02 | 98 -0.00448 -2.17489e-01 | 99 -0.00563  3.04345e-01
100 -0.02233  5.40267e-02 |101 -0.02252 -9.57610e-02 |102 -0.00120  3.03151e-01
103  0.00027 -4.29801e-03 |104  0.00027 -4.29630e-03 |105  0.80185 -2.46485e-01
106 -0.41833  4.38986e-01 |107  0.23043  1.06208e-01 |108 -0.25512  6.28395e-02

Initial statistics: 110 variables; iteration 0; function evaluation 0; phase 5
Function value 2.1275693e+03; maximum gradient component mag -1.7027e+01
Var    Value     Gradient |Var    Value     Gradient |Var    Value     Gradient
  1 -0.41302  1.45538e-01 |  2 -0.42074  2.88844e+00 |  3 -0.41871  8.92035e-01
  4 -0.41222 -1.70268e+01 |  5 -0.41222  7.43872e+00 |  6  0.62906  3.99745e-01
  7  0.01008 -1.72975e-03 |  8  0.00610  3.29976e-01 |  9 -0.00432  2.74809e-01
 10  0.00219  3.50426e-01 | 11  0.01539 -1.94539e-01 | 12  0.00156 -1.74734e-01
 13 -0.00942 -3.18835e-01 | 14 -0.00516  1.43719e-01 | 15  0.00403 -1.46101e-01
 16 -0.00226  1.23121e-01 | 17  0.00298 -3.65765e-01 | 18  0.00054  5.76578e-01
 19  0.06133  3.05784e-01 | 20 -0.03471 -5.96920e-01 | 21 -0.02781  7.03026e-02
 22 -0.02451 -1.42068e-01 | 23  0.02206  1.80785e-01 | 24 -0.04781 -8.89305e-02
 25  0.00476  1.67176e-01 | 26  0.00504 -4.36246e-01 | 27 -0.01371  8.91899e-02
 28 -0.02032  1.92929e-02 | 29  0.01084  7.64420e-02 | 30  0.01910  3.75775e-02
 31  0.01194  2.41524e-01 | 32 -0.01680  4.74373e-02 | 33 -0.01797  7.87005e-02
 34  0.06228 -1.24120e-01 | 35  0.03949  4.01719e-02 | 36 -0.01350  1.04455e-01
 37  0.00987  5.22590e-01 | 38  0.03946  4.35416e-02 | 39 -0.02006 -1.35137e-02
 40  0.01579 -2.84960e-01 | 41 -0.00417 -2.74348e-02 | 42 -0.03643 -4.41942e-01
 43 -0.03037  1.98026e-01 | 44  0.03654 -6.48684e-01 | 45 -0.02903  4.09185e-02
 46 -0.02047  2.67140e-01 | 47  0.03249  2.05594e-01 | 48 -0.01311 -1.86955e-01
 49 -0.00272 -1.52817e-02 | 50 -0.00021 -2.10808e-01 | 51 -0.00719 -1.32316e-01
 52  0.01049  1.84073e-01 | 53  0.03112  1.75269e-01 | 54 -0.01769  1.22578e-01
 55 -0.02756 -1.72949e-01 | 56  0.00082  3.06693e-01 | 57  0.02295 -5.53236e-01
 58  0.01197  1.45092e-01 | 59 -0.01493 -2.09021e-02 | 60 -0.02965 -1.78857e-02
 61  0.00065  9.51796e-02 | 62  0.01905 -2.99174e-01 | 63 -0.00535  3.19824e-01
 64 -0.01430  3.92926e-01 | 65  0.02329 -1.64046e-01 | 66  0.01571  2.30158e-01
 67 -0.02534 -1.61147e-01 | 68 -0.01898  3.71452e-01 | 69 -0.01356 -1.80216e-01
 70  0.00832  1.26456e-01 | 71 -0.01507 -1.36598e-01 | 72 -0.00927 -2.58146e-01
 73  0.00937 -1.48005e-01 | 74  0.00178 -1.41822e-01 | 75 -0.01031 -8.00848e-02
 76 -0.01260 -3.20402e-01 | 77  0.02682 -1.83800e-02 | 78 -0.03385  2.34565e-01
 79 -0.02619  1.97483e-01 | 80 -0.02716  2.80027e-01 | 81  0.01674  7.79109e-03
 82 -0.01399  1.06807e-01 | 83 -0.02037 -1.77967e-01 | 84  0.03451  1.80022e-02
 85  0.00732  2.85713e-01 | 86 -0.02050 -8.88570e-02 | 87  0.01587 -9.38109e-02
 88 -0.01035 -4.83942e-01 | 89  0.02605 -6.40438e-02 | 90  0.00311  1.25269e-01
 91  0.02501 -1.16798e-01 | 92  0.08295  3.48353e-01 | 93 -0.01417  9.70413e-02
 94  0.04279 -1.92761e-04 | 95  0.01447  2.76704e-01 | 96  0.01386 -1.85839e-01
 97 -0.03372  4.91442e-02 | 98  0.02611 -2.39941e-01 | 99 -0.00256  6.33806e-02
100 -0.00448 -2.17694e-01 |101 -0.00563  3.04139e-01 |102 -0.02233  5.38210e-02
103 -0.02252 -9.59667e-02 |104 -0.00120  3.02945e-01 |105  0.00027 -4.50382e-03
106  0.00027 -4.50212e-03 |107  0.80185 -2.46485e-01 |108 -0.41833  4.38986e-01
109  0.23043  1.06208e-01 |110 -0.25512  6.28395e-02 |

Intermediate statistics: 110 variables; iteration 20; function evaluation 26; phase 5
Function value 2.1272187e+03; maximum gradient component mag 1.4862e+02
Var    Value     Gradient |Var    Value     Gradient |Var    Value     Gradient
  1 -0.41685  6.04256e+00 |  2 -0.41981 -3.10381e+01 |  3 -0.42131  8.15262e-01
  4 -0.38036 -3.77917e+00 |  5 -0.42084  8.30328e+00 |  6  0.62896 -6.21339e+01
  7  0.00992 -6.10992e-01 |  8  0.00619  4.25805e-01 |  9 -0.00427  3.21346e-01
 10  0.00226  4.13855e-01 | 11  0.01515 -7.10178e-01 | 12  0.00131  1.31554e+00
 13 -0.00975  1.00522e+00 | 14 -0.00532  1.82066e+00 | 15  0.00366  1.04598e+00
 16 -0.00253  1.54739e+00 | 17  0.00245  3.01408e-01 | 18  0.00034  2.22032e+00
 19  0.06088  1.21715e-01 | 20 -0.03531 -1.88597e-01 | 21 -0.02815  1.06707e+00
 22 -0.02489  3.53890e-01 | 23  0.02184  1.87325e-01 | 24 -0.04805  7.19350e-01
 25  0.00459  1.93334e-01 | 26  0.00481 -1.87280e+00 | 27 -0.01379  7.39858e-01
 28 -0.02044  8.78588e-01 | 29  0.01083  8.65007e-01 | 30  0.01897 -7.79373e-02
 31  0.01187  1.29883e+00 | 32 -0.01687  9.66760e-01 | 33 -0.01799  1.21963e+00
 34  0.06232  1.11226e+00 | 35  0.03940 -6.15121e-02 | 36 -0.01356  1.13785e+00
 37  0.00997  3.00657e+00 | 38  0.03941 -9.99158e-02 | 39 -0.02008  7.39951e-01
 40  0.01561 -2.97501e+00 | 41 -0.00429 -3.36036e-01 | 42 -0.03651 -4.90752e-02
 43 -0.03036  1.61873e+00 | 44  0.03662  1.57575e+00 | 45 -0.02899  1.27912e+00
 46 -0.02048  1.58736e+00 | 47  0.03253 -7.82827e-01 | 48 -0.01322 -1.34094e-01
 49 -0.00280 -6.55707e-02 | 50 -0.00030 -1.16152e+00 | 51 -0.00714  3.51052e-02
 52  0.01059  1.67598e+00 | 53  0.03122 -2.38533e-02 | 54 -0.01779  8.29574e-01
 55 -0.02763  4.21962e-01 | 56  0.00102  3.17331e+00 | 57  0.02313  1.48747e+00
 58  0.01206  1.09099e+00 | 59 -0.01489  5.82145e-01 | 60 -0.02960  7.42362e-01
 61  0.00079  6.49485e-01 | 62  0.01919  1.27297e+00 | 63 -0.00534 -7.43614e-01
 64 -0.01420 -1.45516e+00 | 65  0.02334 -5.32770e+00 | 66  0.01568 -2.79601e+00
 67 -0.02528 -7.47880e-01 | 68 -0.01889 -1.51161e+00 | 69 -0.01354 -7.89264e-01
 70  0.00850 -2.70531e+00 | 71 -0.01509 -5.26639e-01 | 72 -0.00912 -1.70131e+00
 73  0.00937 -4.37508e+00 | 74  0.00191 -2.91837e+00 | 75 -0.01033 -1.28263e+00
 76 -0.01252 -6.49359e-01 | 77  0.02685 -6.35279e+00 | 78 -0.03372  1.02342e+00
 79 -0.02629 -8.77622e-01 | 80 -0.02703 -1.35354e-01 | 81  0.01670 -8.42861e+00
 82 -0.01391 -7.93297e-01 | 83 -0.02046 -3.91000e-01 | 84  0.03468 -6.61932e+00
 85  0.00728 -1.73008e+00 | 86 -0.02041  1.87204e-01 | 87  0.01603 -1.16588e+00
 88 -0.01027 -5.13703e-01 | 89  0.02608 -1.34877e+00 | 90  0.00316  1.95767e-01
 91  0.02519 -6.08653e-02 | 92  0.08330  6.38577e+00 | 93 -0.01434  8.68520e-01
 94  0.04295 -5.41486e-01 | 95  0.01455  8.97262e-01 | 96  0.01413  2.29967e+00
 97 -0.03334  2.59510e+00 | 98  0.02657  2.46583e+00 | 99 -0.00218  4.06103e+00
100 -0.00413  2.93355e+00 |101 -0.00506  4.11261e+00 |102 -0.02192  3.30414e+00
103 -0.02224  2.02980e+00 |104 -0.00114  2.39583e+00 |105  0.00025  1.99013e+00
106  0.00025  1.99013e+00 |107  0.79098 -3.18010e+01 |108 -0.41969  1.48616e+02
109  0.22713  1.56466e+00 |110 -0.25609 -1.19745e+01 |
110 variables; iteration 40; function evaluation 50; phase 5
Function value 2.1271321e+03; maximum gradient component mag 2.7894e+01
Var    Value     Gradient |Var    Value     Gradient |Var    Value     Gradient
  1 -0.41774  2.36562e+00 |  2 -0.41932  2.78943e+01 |  3 -0.42259  1.26758e+01
  4 -0.36732  6.88259e-01 |  5 -0.42591  3.06528e-01 |  6  0.62896  5.70761e+00
  7  0.00983 -5.93769e-02 |  8  0.00589  8.97492e-02 |  9 -0.00452  7.14101e-02
 10  0.00195  1.11423e-01 | 11  0.01544  2.06103e-01 | 12  0.00163  1.93477e-01
 13 -0.00921  3.72497e-01 | 14 -0.00548 -1.18244e-01 | 15  0.00382  6.54496e-02
 16 -0.00274 -2.34029e-01 | 17  0.00259 -2.54814e-01 | 18  0.00004  5.21704e-01
 19  0.06076  1.58053e+00 | 20 -0.03492  5.05876e-02 | 21 -0.02802  9.16436e-01
 22 -0.02524 -1.58631e+00 | 23  0.02146 -1.31375e+00 | 24 -0.04825 -8.84146e-01
 25  0.00442 -1.59243e-01 | 26  0.00487 -2.50819e-01 | 27 -0.01393 -8.43172e-01
 28 -0.02056 -6.68753e-01 | 29  0.01074 -1.78762e-01 | 30  0.01888 -3.49851e-01
 31  0.01169 -3.43134e-01 | 32 -0.01694  6.64109e-02 | 33 -0.01811 -4.91401e-01
 34  0.06223  2.61082e+00 | 35  0.03935  1.51449e+00 | 36 -0.01366 -8.19858e-02
 37  0.00970 -2.24599e-01 | 38  0.03919 -2.31782e+00 | 39 -0.02011 -2.41608e-02
 40  0.01573 -1.62918e-02 | 41 -0.00428  1.40606e-01 | 42 -0.03653 -1.24544e+00
 43 -0.03050 -4.36115e-01 | 44  0.03637 -2.30209e+00 | 45 -0.02907 -2.44818e-01
 46 -0.02065 -4.19235e-01 | 47  0.03252  2.51812e-01 | 48 -0.01322 -1.57396e-01
 49 -0.00282  3.31497e-02 | 50 -0.00023 -9.44310e-02 | 51 -0.00711 -2.87170e-02
 52  0.01043 -4.86404e-01 | 53  0.03114 -7.54503e-01 | 54 -0.01789 -3.44983e-01
 55 -0.02751  9.96149e-01 | 56  0.00077 -5.88993e-01 | 57  0.02306  9.48945e-01
 58  0.01196  7.03497e-02 | 59 -0.01493 -5.29125e-03 | 60 -0.02961  1.07618e-02
 61  0.00080  8.57914e-01 | 62  0.01904 -1.98531e+00 | 63 -0.00537 -1.22361e+00
 64 -0.01407  4.02282e-01 | 65  0.02349  2.32528e+00 | 66  0.01562 -2.60511e+00
 67 -0.02522  3.23264e-01 | 68 -0.01883 -8.42535e-01 | 69 -0.01353  9.17756e-01
 70  0.00861  6.59318e-01 | 71 -0.01508  1.60909e+00 | 72 -0.00900  1.32430e+00
 73  0.00939 -9.82698e-01 | 74  0.00190 -3.51381e+00 | 75 -0.01039 -1.43377e+00
 76 -0.01249  1.76511e-01 | 77  0.02690 -7.30002e-01 | 78 -0.03365  1.78483e+00
 79 -0.02628  2.63587e-01 | 80 -0.02694  4.65910e-01 | 81  0.01684 -2.06542e+00
 82 -0.01386 -3.03336e-01 | 83 -0.02046  7.07891e-01 | 84  0.03484 -1.09436e+00
 85  0.00742  3.49255e+00 | 86 -0.02033  1.96267e-01 | 87  0.01610 -4.05798e-01
 88 -0.01010  1.26924e+00 | 89  0.02630  6.00810e+00 | 90  0.00328  1.67540e+00
 91  0.02532  2.50853e+00 | 92  0.08320 -5.50939e-01 | 93 -0.01437  1.08479e-01
 94  0.04298 -2.10226e+00 | 95  0.01456 -3.49581e-01 | 96  0.01429  2.07929e+00
 97 -0.03324  3.07538e-02 | 98  0.02678 -8.23196e-01 | 99 -0.00214 -2.63198e-01
100 -0.00387  2.24785e-02 |101 -0.00498 -4.86933e-01 |102 -0.02183  6.64527e-02
103 -0.02200  3.56522e-01 |104 -0.00148 -1.98888e-01 |105  0.00021 -2.16009e-01
106  0.00021 -2.16004e-01 |107  0.79175 -1.20453e+00 |108 -0.41991  1.09270e+01
109  0.22714 -4.33873e-02 |110 -0.25602  2.00053e+00 |
110 variables; iteration 60; function evaluation 76; phase 5
Function value 2.1271280e+03; maximum gradient component mag 3.6553e+00
Var    Value     Gradient |Var    Value     Gradient |Var    Value     Gradient
  1 -0.41769  4.51142e-01 |  2 -0.41934  3.65530e+00 |  3 -0.42262  1.72900e+00
  4 -0.36707  1.43633e-01 |  5 -0.42573  1.01836e-01 |  6  0.62895  7.03261e-01
  7  0.00994  1.07318e-01 |  8  0.00584 -4.36949e-03 |  9 -0.00455  3.58920e-03
 10  0.00189  4.85479e-04 | 11  0.01542  1.44077e-01 | 12  0.00151  7.60091e-02
 13 -0.00940  1.06054e-01 | 14 -0.00549 -2.94815e-02 | 15  0.00375  8.77128e-03
 16 -0.00264  1.07167e-01 | 17  0.00266  4.90010e-02 | 18 -0.00009  1.77382e-01
 19  0.06060  3.13192e-01 | 20 -0.03496  3.27576e-02 | 21 -0.02825  1.43460e-01
 22 -0.02489  5.41198e-02 | 23  0.02166  5.45675e-01 | 24 -0.04811 -1.29254e-01
 25  0.00440 -3.05885e-01 | 26  0.00489  1.03191e-01 | 27 -0.01390 -4.75906e-01
 28 -0.02049  7.90171e-02 | 29  0.01076  1.38616e-01 | 30  0.01890 -1.48432e-02
 31  0.01171  7.08834e-02 | 32 -0.01696 -4.47370e-02 | 33 -0.01804  1.35134e-01
 34  0.06216  4.33383e-01 | 35  0.03929  2.22435e-01 | 36 -0.01372 -5.33367e-01
 37  0.00969 -2.80837e-01 | 38  0.03927 -6.61436e-01 | 39 -0.02015 -3.20976e-01
 40  0.01572 -1.83968e-01 | 41 -0.00434 -5.03871e-01 | 42 -0.03644 -3.68152e-01
 43 -0.03042  3.75712e-01 | 44  0.03648  2.64992e-01 | 45 -0.02906 -8.00525e-02
 46 -0.02060  7.35243e-02 | 47  0.03253  1.14344e-01 | 48 -0.01322 -1.68339e-01
 49 -0.00283 -8.62538e-02 | 50 -0.00019  3.78798e-01 | 51 -0.00714 -3.58844e-01
 52  0.01046 -3.74655e-02 | 53  0.03117 -1.61920e-01 | 54 -0.01785  8.41397e-02
 55 -0.02757  5.18746e-01 | 56  0.00080 -2.24981e-01 | 57  0.02303  1.22941e-01
 58  0.01197  1.48505e-01 | 59 -0.01493 -1.11531e-01 | 60 -0.02962 -1.47786e-01
 61  0.00076 -2.94759e-01 | 62  0.01911 -1.68433e-01 | 63 -0.00532 -4.79757e-02
 64 -0.01405  6.65628e-01 | 65  0.02344  2.30707e-01 | 66  0.01570 -1.38445e-01
 67 -0.02525 -1.39988e-01 | 68 -0.01879 -4.40415e-02 | 69 -0.01354  5.96312e-01
 70  0.00861  1.77831e-01 | 71 -0.01515 -3.94724e-01 | 72 -0.00904 -1.08594e-01
 73  0.00944  1.25653e-01 | 74  0.00202 -1.45291e-01 | 75 -0.01037 -1.02365e+00
 76 -0.01251 -3.16783e-01 | 77  0.02693  3.05108e-02 | 78 -0.03374  6.44517e-02
 79 -0.02628 -3.89597e-02 | 80 -0.02697 -9.21168e-02 | 81  0.01691 -1.10408e-01
 82 -0.01385 -1.70438e-01 | 83 -0.02049 -1.81020e-01 | 84  0.03488 -2.17954e-02
 85  0.00733  7.53415e-01 | 86 -0.02034 -5.08784e-02 | 87  0.01613  2.41914e-01
 88 -0.01014  1.90636e-01 | 89  0.02616  1.11695e+00 | 90  0.00322  5.89033e-02
 91  0.02526  3.09207e-01 | 92  0.08323 -1.00354e-01 | 93 -0.01438 -1.05406e-01
 94  0.04303 -2.51542e-01 | 95  0.01456 -3.46742e-01 | 96  0.01420 -3.91968e-02
 97 -0.03322  3.70109e-01 | 98  0.02679 -2.95313e-01 | 99 -0.00213  1.76563e-01
100 -0.00391 -8.78547e-02 |101 -0.00496 -5.38084e-02 |102 -0.02189 -3.12650e-02
103 -0.02221 -9.51038e-02 |104 -0.00146 -1.63822e-02 |105  0.00027  3.00264e-02
106  0.00027  3.00208e-02 |107  0.79142 -5.55948e-02 |108 -0.42000  1.58523e+00
109  0.22689 -1.93980e-01 |110 -0.25610  4.78339e-01 |
110 variables; iteration 80; function evaluation 101; phase 5
Function value 2.1271278e+03; maximum gradient component mag 8.3272e-01
Var    Value     Gradient |Var    Value     Gradient |Var    Value     Gradient
  1 -0.41773  1.09324e-01 |  2 -0.41934  8.32717e-01 |  3 -0.42262  4.09867e-01
  4 -0.36702  2.85169e-02 |  5 -0.42573  1.21174e-02 |  6  0.62894  1.23865e-01
  7  0.00992  4.72864e-02 |  8  0.00588  4.77508e-02 |  9 -0.00453  2.48671e-02
 10  0.00184 -1.03574e-01 | 11  0.01538  5.45388e-02 | 12  0.00147  5.69291e-04
 13 -0.00945  5.91977e-04 | 14 -0.00547  2.75012e-02 | 15  0.00377  3.26914e-02
 16 -0.00265  7.76932e-02 | 17  0.00262 -8.21850e-02 | 18 -0.00014 -1.09129e-02
 19  0.06058  9.47588e-02 | 20 -0.03494  7.33046e-02 | 21 -0.02828  7.34475e-03
 22 -0.02489  3.19337e-02 | 23  0.02163  2.23689e-01 | 24 -0.04809 -5.51292e-02
 25  0.00443  7.90840e-03 | 26  0.00488  6.27508e-02 | 27 -0.01387 -1.71012e-01
 28 -0.02050 -1.16399e-02 | 29  0.01075 -1.58585e-02 | 30  0.01890 -8.67882e-02
 31  0.01171 -4.33543e-02 | 32 -0.01695  2.79599e-02 | 33 -0.01807 -1.17101e-01
 34  0.06215  1.03613e-01 | 35  0.03928  1.06336e-02 | 36 -0.01367 -9.74354e-02
 37  0.00971 -7.28210e-03 | 38  0.03930 -1.50477e-01 | 39 -0.02013 -8.14981e-02
 40  0.01574  3.77192e-02 | 41 -0.00430 -3.35550e-02 | 42 -0.03640 -9.74443e-02
 43 -0.03047 -6.92007e-02 | 44  0.03647  4.17102e-02 | 45 -0.02905 -2.57256e-02
 46 -0.02060  3.30766e-02 | 47  0.03253  3.53122e-02 | 48 -0.01321 -9.15782e-02
 49 -0.00282 -6.22134e-02 | 50 -0.00021  7.62685e-02 | 51 -0.00711 -3.03476e-02
 52  0.01046 -1.90200e-02 | 53  0.03118  5.34757e-02 | 54 -0.01785  1.56383e-01
 55 -0.02761  4.68765e-02 | 56  0.00082  5.54068e-02 | 57  0.02303  1.03937e-01
 58  0.01196 -1.52205e-01 | 59 -0.01492 -6.51062e-02 | 60 -0.02961 -7.70784e-02
 61  0.00077 -6.90072e-02 | 62  0.01911 -9.80402e-03 | 63 -0.00532 -8.86419e-02
 64 -0.01407  1.05374e-01 | 65  0.02344  5.63842e-02 | 66  0.01570 -1.58629e-02
 67 -0.02524 -7.68553e-02 | 68 -0.01878  6.17161e-03 | 69 -0.01356  1.10625e-01
 70  0.00861  3.43464e-02 | 71 -0.01513  2.63413e-05 | 72 -0.00903 -1.86506e-03
 73  0.00944  2.24762e-02 | 74  0.00202 -1.41566e-03 | 75 -0.01034 -3.29670e-01
 76 -0.01250 -4.27469e-02 | 77  0.02694  6.75214e-03 | 78 -0.03373  6.69242e-02
 79 -0.02628 -4.83529e-02 | 80 -0.02696 -1.15911e-02 | 81  0.01691 -2.41782e-02
 82 -0.01383  1.05714e-01 | 83 -0.02048 -1.53151e-02 | 84  0.03489  2.28986e-03
 85  0.00731  1.50528e-01 | 86 -0.02033  4.65555e-02 | 87  0.01613  4.78530e-02
 88 -0.01014  5.70334e-02 | 89  0.02613  2.12816e-01 | 90  0.00323  1.59456e-01
 91  0.02526  3.77025e-02 | 92  0.08324 -2.83256e-02 | 93 -0.01437 -6.55822e-03
 94  0.04304 -5.97215e-02 | 95  0.01458  2.24388e-02 | 96  0.01420 -1.36489e-01
 97 -0.03325 -4.65146e-03 | 98  0.02681  8.33807e-03 | 99 -0.00214 -2.50264e-02
100 -0.00390 -5.84695e-03 |101 -0.00495  5.88731e-02 |102 -0.02189 -3.19232e-03
103 -0.02217  4.49588e-02 |104 -0.00147 -2.73615e-02 |105  0.00020 -6.76728e-02
106  0.00020 -6.76639e-02 |107  0.79132 -1.41508e-02 |108 -0.42002  4.73192e-01
109  0.22689 -7.24023e-02 |110 -0.25610  1.45280e-01 |
110 variables; iteration 100; function evaluation 129; phase 5
Function value 2.1271278e+03; maximum gradient component mag 1.5744e-01
Var    Value     Gradient |Var    Value     Gradient |Var    Value     Gradient
  1 -0.41773  2.14137e-02 |  2 -0.41934  1.57435e-01 |  3 -0.42262  7.76982e-02
  4 -0.36700  6.68466e-03 |  5 -0.42573  3.79889e-03 |  6  0.62894  2.35470e-02
  7  0.00992  2.42494e-02 |  8  0.00585  7.26011e-03 |  9 -0.00453  2.37650e-02
 10  0.00188 -2.80357e-02 | 11  0.01535  4.82098e-03 | 12  0.00147 -4.02626e-03
 13 -0.00945  7.01861e-03 | 14 -0.00547  1.77802e-02 | 15  0.00375 -1.28789e-02
 16 -0.00269 -7.95272e-03 | 17  0.00264 -3.44962e-02 | 18 -0.00014 -6.70973e-04
 19  0.06057  1.78229e-02 | 20 -0.03496  2.77267e-02 | 21 -0.02828  4.98386e-03
 22 -0.02490  7.85394e-03 | 23  0.02161  3.59659e-02 | 24 -0.04808 -1.13701e-02
 25  0.00443  1.27001e-04 | 26  0.00488  1.44017e-02 | 27 -0.01386 -2.56766e-02
 28 -0.02051 -6.83553e-03 | 29  0.01075 -4.68941e-04 | 30  0.01890 -9.48226e-03
 31  0.01171 -1.03666e-02 | 32 -0.01695  6.28589e-03 | 33 -0.01806 -2.78667e-02
 34  0.06215  1.94008e-02 | 35  0.03928  1.08803e-03 | 36 -0.01366 -1.73453e-02
 37  0.00971  1.65018e-02 | 38  0.03930 -4.54211e-02 | 39 -0.02012 -9.06515e-03
 40  0.01574  7.08858e-03 | 41 -0.00430 -5.46386e-03 | 42 -0.03639 -1.29329e-02
 43 -0.03046  1.49423e-02 | 44  0.03647 -3.05572e-03 | 45 -0.02905 -4.62773e-03
 46 -0.02060  5.08015e-03 | 47  0.03252 -2.34713e-02 | 48 -0.01320 -1.07388e-02
 49 -0.00282  1.96293e-02 | 50 -0.00021  2.04708e-02 | 51 -0.00711 -1.68679e-02
 52  0.01046 -5.55937e-02 | 53  0.03118  5.26738e-03 | 54 -0.01786  2.58675e-02
 55 -0.02762  1.03913e-02 | 56  0.00082  3.05685e-02 | 57  0.02303  7.50391e-02
 58  0.01196 -4.62789e-02 | 59 -0.01492 -3.03633e-02 | 60 -0.02961 -1.79155e-02
 61  0.00077 -5.21011e-02 | 62  0.01911  6.33988e-03 | 63 -0.00532 -1.76209e-02
 64 -0.01408  3.14292e-02 | 65  0.02344  8.86491e-03 | 66  0.01570 -4.60027e-03
 67 -0.02524  1.39352e-04 | 68 -0.01878  2.81726e-02 | 69 -0.01356  2.71169e-03
 70  0.00861  7.52383e-03 | 71 -0.01513 -5.10875e-03 | 72 -0.00903 -9.81792e-04
 73  0.00944  2.77949e-03 | 74  0.00202 -4.53688e-03 | 75 -0.01033 -4.06906e-02
 76 -0.01250 -3.54037e-02 | 77  0.02694  2.07897e-03 | 78 -0.03373  2.48631e-02
 79 -0.02628  1.97878e-02 | 80 -0.02696 -1.99280e-03 | 81  0.01691 -4.12244e-03
 82 -0.01384  2.14679e-02 | 83 -0.02049 -2.51824e-02 | 84  0.03489  1.07676e-03
 85  0.00731  2.57026e-02 | 86 -0.02033  1.90561e-02 | 87  0.01612  6.13608e-03
 88 -0.01015  7.33662e-03 | 89  0.02613  4.45148e-02 | 90  0.00322 -1.91095e-02
 91  0.02525  1.62504e-02 | 92  0.08324 -5.21199e-03 | 93 -0.01437 -4.67870e-04
 94  0.04305 -9.51423e-03 | 95  0.01458  1.78861e-02 | 96  0.01420 -1.80118e-02
 97 -0.03325  1.89573e-03 | 98  0.02681  1.04695e-02 | 99 -0.00214 -1.69785e-03
100 -0.00390 -3.63490e-05 |101 -0.00495  1.50341e-03 |102 -0.02188 -9.16415e-05
103 -0.02218 -8.63316e-03 |104 -0.00144  2.91612e-02 |105  0.00023 -1.46360e-02
106  0.00023 -1.46426e-02 |107  0.79128  2.73804e-04 |108 -0.42002  9.16798e-02
109  0.22689 -1.00452e-02 |110 -0.25610  2.90537e-02 |

 - final statistics:
110 variables; iteration 118; function evaluation 156
Function value 2.1271e+03; maximum gradient component mag 2.5834e-06
Exit code = 1;  converg criter 1.0000e-04
Var    Value     Gradient |Var    Value     Gradient |Var    Value     Gradient
  1 -0.41774  1.93494e-07 |  2 -0.41934 -8.95769e-07 |  3 -0.42262  1.53071e-07
  4 -0.36699  5.09567e-08 |  5 -0.42573 -4.33200e-08 |  6  0.62894 -6.08425e-07
  7  0.00991 -2.42263e-08 |  8  0.00585 -9.33628e-09 |  9 -0.00455 -1.22104e-07
 10  0.00190  6.87540e-08 | 11  0.01535 -9.96571e-08 | 12  0.00147  6.30228e-09
 13 -0.00945 -8.13348e-08 | 14 -0.00548  1.96577e-08 | 15  0.00375 -6.80831e-08
 16 -0.00268  1.11542e-08 | 17  0.00265  6.28701e-08 | 18 -0.00014 -6.84051e-08
 19  0.06057 -1.20332e-07 | 20 -0.03497  2.72847e-08 | 21 -0.02828 -2.18180e-08
 22 -0.02490  1.66962e-08 | 23  0.02161 -3.80670e-08 | 24 -0.04808  3.25101e-08
 25  0.00443 -2.29165e-07 | 26  0.00488  1.26736e-10 | 27 -0.01386  2.59486e-08
 28 -0.02050  1.03825e-07 | 29  0.01075 -2.02630e-08 | 30  0.01890 -1.79990e-08
 31  0.01171  3.10383e-08 | 32 -0.01695  7.46418e-08 | 33 -0.01806  5.14175e-08
 34  0.06215 -2.75350e-07 | 35  0.03928 -9.04361e-08 | 36 -0.01366  5.59606e-07
 37  0.00971 -8.05135e-08 | 38  0.03930  1.77892e-07 | 39 -0.02012 -4.34007e-08
 40  0.01574 -3.54538e-08 | 41 -0.00430  1.08602e-07 | 42 -0.03639  1.29726e-07
 43 -0.03046  1.11444e-08 | 44  0.03647 -2.72160e-08 | 45 -0.02905 -6.38330e-07
 46 -0.02061  6.52878e-08 | 47  0.03252 -8.34324e-08 | 48 -0.01320 -8.07799e-09
 49 -0.00282  6.54084e-08 | 50 -0.00022 -5.65844e-08 | 51 -0.00711  2.53095e-07
 52  0.01046 -5.20607e-09 | 53  0.03118  4.47891e-09 | 54 -0.01786  1.88810e-09
 55 -0.02762 -2.68608e-08 | 56  0.00082 -6.13167e-08 | 57  0.02303 -2.21203e-07
 58  0.01197  5.10710e-08 | 59 -0.01492  6.06846e-08 | 60 -0.02961 -9.86269e-09
 61  0.00077  1.99073e-08 | 62  0.01911  3.16935e-08 | 63 -0.00531  1.10551e-07
 64 -0.01408 -5.94561e-08 | 65  0.02344 -1.40895e-07 | 66  0.01570  1.52919e-07
 67 -0.02524  3.90585e-08 | 68 -0.01878  3.94510e-08 | 69 -0.01356 -5.93462e-08
 70  0.00861 -4.65754e-08 | 71 -0.01513 -3.24160e-09 | 72 -0.00903 -7.74108e-08
 73  0.00944  2.45484e-08 | 74  0.00202  2.39548e-07 | 75 -0.01033  2.19442e-07
 76 -0.01250  4.63617e-08 | 77  0.02694  9.27310e-08 | 78 -0.03374 -1.17787e-07
 79 -0.02628  3.58630e-08 | 80 -0.02696  1.20861e-08 | 81  0.01691  2.92413e-07
 82 -0.01384 -5.25978e-09 | 83 -0.02048  1.85870e-08 | 84  0.03489  1.57488e-07
 85  0.00731 -2.37623e-07 | 86 -0.02033 -4.23538e-09 | 87  0.01612 -1.56154e-08
 88 -0.01015 -7.78795e-08 | 89  0.02613 -5.47169e-07 | 90  0.00322 -9.75028e-08
 91  0.02525 -1.43635e-07 | 92  0.08324 -5.72344e-08 | 93 -0.01437  1.86472e-09
 94  0.04305  2.08100e-07 | 95  0.01458  2.75215e-08 | 96  0.01420 -4.41313e-08
 97 -0.03325  2.11045e-08 | 98  0.02681  2.90470e-08 | 99 -0.00214  5.06351e-08
100 -0.00390 -3.04108e-08 |101 -0.00495 -3.50614e-08 |102 -0.02189 -4.80339e-08
103 -0.02218  9.43204e-09 |104 -0.00146  2.16455e-08 |105  0.00024  5.67025e-08
106  0.00024  5.06208e-08 |107  0.79127  1.13775e-07 |108 -0.42003  2.58338e-06
109  0.22689 -9.60492e-08 |110 -0.25610  4.99816e-07 |

 - final statistics:
122 variables; iteration 0; function evaluation 0
Function value 2.1271e+03; maximum gradient component mag 2.5834e-06
Exit code = 0;  converg criter 1.0000e-04
Var    Value     Gradient |Var    Value     Gradient |Var    Value     Gradient
  1 -0.41774  1.93513e-07 |  2 -0.41934 -8.95509e-07 |  3 -0.42262  1.53169e-07
  4 -0.36699  5.09628e-08 |  5 -0.42573 -4.33082e-08 |  6  0.62894 -6.08342e-07
  7  0.00991 -2.42260e-08 |  8  0.00585 -9.33621e-09 |  9 -0.00455 -1.22104e-07
 10  0.00190  6.87541e-08 | 11  0.01535 -9.96570e-08 | 12  0.00147  8.60213e-09
 13 -0.00945 -7.90350e-08 | 14 -0.00548  2.19577e-08 | 15  0.00375 -6.57827e-08
 16 -0.00268  1.34544e-08 | 17  0.00265  6.51703e-08 | 18 -0.00014 -6.61048e-08
 19  0.06057 -1.18042e-07 | 20 -0.03497  2.95814e-08 | 21 -0.02828 -1.95200e-08
 22 -0.02490  1.89947e-08 | 23  0.02161 -3.57678e-08 | 24 -0.04808  3.48037e-08
 25  0.00443 -2.26864e-07 | 26  0.00488  2.42720e-09 | 27 -0.01386  2.82489e-08
 28 -0.02050  1.06125e-07 | 29  0.01075 -1.79621e-08 | 30  0.01890 -1.56966e-08
 31  0.01171  3.33392e-08 | 32 -0.01695  7.69420e-08 | 33 -0.01806  5.37175e-08
 34  0.06215 -2.73057e-07 | 35  0.03928 -8.81407e-08 | 36 -0.01366  5.61906e-07
 37  0.00971 -7.82136e-08 | 38  0.03930  1.80191e-07 | 39 -0.02012 -4.11006e-08
 40  0.01574 -3.31522e-08 | 41 -0.00430  1.10904e-07 | 42 -0.03639  1.32023e-07
 43 -0.03046  1.34433e-08 | 44  0.03647 -2.49154e-08 | 45 -0.02905 -6.36031e-07
 46 -0.02061  6.75887e-08 | 47  0.03252 -8.11306e-08 | 48 -0.01320 -5.77597e-09
 49 -0.00282  6.77114e-08 | 50 -0.00022 -5.42810e-08 | 51 -0.00711  2.55399e-07
 52  0.01046 -2.90336e-09 | 53  0.03118  6.78280e-09 | 54 -0.01786  4.19077e-09
 55 -0.02762 -2.45600e-08 | 56  0.00082 -5.90113e-08 | 57  0.02303 -2.18897e-07
 58  0.01197  5.33777e-08 | 59 -0.01492  6.29889e-08 | 60 -0.02961 -7.56123e-09
 61  0.00077  2.22138e-08 | 62  0.01911  3.39977e-08 | 63 -0.00531  1.12857e-07
 64 -0.01408 -5.71512e-08 | 65  0.02344 -1.38581e-07 | 66  0.01570  1.55225e-07
 67 -0.02524  4.13608e-08 | 68 -0.01878  4.17548e-08 | 69 -0.01356 -5.70414e-08
 70  0.00861 -4.42688e-08 | 71 -0.01513 -9.38099e-10 | 72 -0.00903 -7.51064e-08
 73  0.00944  2.68534e-08 | 74  0.00202  2.41852e-07 | 75 -0.01033  2.21746e-07
 76 -0.01250  4.86648e-08 | 77  0.02694  9.50351e-08 | 78 -0.03374 -1.15488e-07
 79 -0.02628  3.81632e-08 | 80 -0.02696  1.43857e-08 | 81  0.01691  2.94717e-07
 82 -0.01384 -2.95782e-09 | 83 -0.02048  2.08875e-08 | 84  0.03489  1.59782e-07
 85  0.00731 -2.35325e-07 | 86 -0.02033 -1.93547e-09 | 87  0.01612 -1.33137e-08
 88 -0.01015 -7.55788e-08 | 89  0.02613 -5.44868e-07 | 90  0.00322 -9.52008e-08
 91  0.02525 -1.41329e-07 | 92  0.08324 -5.49478e-08 | 93 -0.01437  4.16462e-09
 94  0.04305  2.10396e-07 | 95  0.01458  2.98217e-08 | 96  0.01420 -4.18348e-08
 97 -0.03325  2.34020e-08 | 98  0.02681  3.13411e-08 | 99 -0.00214  5.29350e-08
100 -0.00390 -2.81110e-08 |101 -0.00495 -3.27610e-08 |102 -0.02189 -4.57351e-08
103 -0.02218  1.17311e-08 |104 -0.00146  2.39454e-08 |105  0.00024  5.90027e-08
106  0.00024  5.29208e-08 |107  0.00000  0.00000e+00 |108  0.00000  0.00000e+00
109  0.00000  0.00000e+00 |110  0.00000  0.00000e+00 |111  0.00000  0.00000e+00
112  0.00000  0.00000e+00 |113  0.00000  0.00000e+00 |114  0.00000  0.00000e+00
115  0.00000  0.00000e+00 |116  0.00000  0.00000e+00 |117  0.00000  0.00000e+00
118  0.00000  0.00000e+00 |119  0.79127  1.13775e-07 |120 -0.42003  2.58339e-06
121  0.22689 -9.60598e-08 |122 -0.25610  4.99847e-07 |
size of file gradfil1.tmp = 0
size of file gradfil2.tmp = 0
size of file varssave.tmp = 0
size of file cmpdiff.tmp = 0
