
Initial statistics: 1 variables; iteration 0; function evaluation 0; phase 1
Function value 2.6858655e+03; maximum gradient component mag -5.8205e+03
Var    Value     Gradient |Var    Value     Gradient |Var    Value     Gradient
  1  0.63197 -5.82047e+03 |

 - final statistics:
1 variables; iteration 4; function evaluation 7
Function value 2.6590e+03; maximum gradient component mag -2.1156e+00
Exit code = 1;  converg criter 1.0000e+01
Var    Value     Gradient |Var    Value     Gradient |Var    Value     Gradient
  1  0.64198 -2.11561e+00 |

Initial statistics: 98 variables; iteration 0; function evaluation 0; phase 2
Function value 2.6589723e+03; maximum gradient component mag -2.6454e+03
Var    Value     Gradient |Var    Value     Gradient |Var    Value     Gradient
  1  0.64198 -2.11561e+00 |  2  0.00000 -2.84910e+01 |  3  0.00000 -3.53841e+01
  4  0.00000  4.15260e+01 |  5  0.00000  5.51568e+01 |  6  0.00000  5.58492e+01
  7  0.00000  1.26950e+01 |  8  0.00000  3.62823e+01 |  9  0.00000 -5.78580e+01
 10  0.00000  2.34521e+01 | 11  0.00000  1.58329e+02 | 12  0.00000  1.81961e+01
 13  0.00000  4.43855e+01 | 14  0.00000  8.08286e+01 | 15  0.00000  1.72959e+02
 16  0.00000  3.28928e+02 | 17  0.00000 -6.66152e+01 | 18  0.00000 -5.15401e+02
 19  0.00000 -2.15189e+02 | 20  0.00000 -2.91158e+02 | 21  0.00000  1.82883e+02
 22  0.00000  9.67723e+01 | 23  0.00000  4.18941e+01 | 24  0.00000 -3.50651e+02
 25  0.00000 -3.17404e+02 | 26  0.00000 -7.27609e+01 | 27  0.00000  8.15788e+01
 28  0.00000 -2.08199e+02 | 29  0.00000  2.72697e+01 | 30  0.00000  1.76422e+02
 31  0.00000  4.24474e+02 | 32  0.00000 -2.29699e+02 | 33  0.00000  1.82943e+02
 34  0.00000 -1.13730e+02 | 35  0.00000  3.25487e+02 | 36  0.00000  3.19661e+02
 37  0.00000  2.29036e+02 | 38  0.00000 -1.12220e+03 | 39  0.00000  5.96998e+02
 40  0.00000  6.93407e+02 | 41  0.00000 -4.55512e+02 | 42  0.00000  2.03563e+01
 43  0.00000  3.75086e+02 | 44  0.00000  2.71880e+02 | 45  0.00000 -1.41962e+02
 46  0.00000  3.99673e+02 | 47  0.00000  1.80817e+02 | 48  0.00000  3.31170e+02
 49  0.00000  4.01264e+02 | 50  0.00000 -3.13064e+02 | 51  0.00000 -3.54986e+01
 52  0.00000  6.75057e+01 | 53  0.00000  7.57825e+02 | 54  0.00000  6.61867e+01
 55  0.00000 -1.10586e+03 | 56  0.00000  6.27071e+02 | 57  0.00000  1.93070e+02
 58  0.00000 -1.26165e+02 | 59  0.00000 -9.80982e+00 | 60  0.00000  3.24593e+02
 61  0.00000 -3.26766e+02 | 62  0.00000  2.63005e+02 | 63  0.00000 -1.27187e+02
 64  0.00000  3.84944e+02 | 65  0.00000 -1.72711e+02 | 66  0.00000  3.67572e+02
 67  0.00000 -2.64536e+03 | 68  0.00000  1.01185e+03 | 69  0.00000 -1.24809e+03
 70  0.00000  3.91996e+01 | 71  0.00000  1.19806e+03 | 72  0.00000  7.47412e+02
 73  0.00000 -3.89945e+02 | 74  0.00000  2.06286e+02 | 75  0.00000  8.01836e+02
 76  0.00000  1.25270e+01 | 77  0.00000 -1.38585e+02 | 78  0.00000  3.73152e+02
 79  0.00000 -9.66075e+02 | 80  0.00000  3.76405e+02 | 81  0.00000  6.13839e+02
 82  0.00000 -2.37117e+03 | 83  0.00000 -2.02039e+03 | 84  0.00000 -6.28252e+01
 85  0.00000  7.77333e+02 | 86  0.00000  6.10696e+02 | 87  0.00000 -3.28127e+02
 88  0.00000 -6.61390e+01 | 89  0.00000  3.98656e+02 | 90  0.00000 -1.62716e+02
 91  0.00000  6.43507e+02 | 92  0.00000 -6.98731e+01 | 93  0.00000 -3.92769e+02
 94  0.00000 -2.19771e+02 | 95  0.00000 -5.80563e+01 | 96  0.00000  3.28997e+02
 97  0.14825  2.53120e+01 | 98 -0.09833  7.46087e+02 |

Intermediate statistics: 98 variables; iteration 20; function evaluation 33; phase 2
Function value 2.2567895e+03; maximum gradient component mag -1.5816e+03
Var    Value     Gradient |Var    Value     Gradient |Var    Value     Gradient
  1  0.63984 -5.00024e+02 |  2  0.05799  1.34894e+02 |  3  0.00304 -1.23353e+01
  4 -0.05007 -5.35137e+01 |  5 -0.03112 -7.10710e+00 |  6  0.01757  1.24185e+02
  7 -0.00656  3.91898e+00 |  8  0.01181  9.11078e+01 |  9  0.05242  2.32482e+02
 10 -0.00778 -5.03136e+00 | 11  0.00226  1.71822e+02 | 12  0.01558  1.14022e+02
 13  0.00418  6.27554e+01 | 14 -0.00119  5.33463e+01 | 15 -0.00891  7.32730e+01
 16 -0.03294  3.68539e+01 | 17  0.00846  1.22576e+01 | 18  0.02901 -1.06563e+02
 19  0.01355 -4.00963e+01 | 20  0.01741 -7.23661e+01 | 21 -0.01234  2.43824e+01
 22 -0.00254  4.02233e+01 | 23 -0.00027  2.63832e+01 | 24  0.01808 -9.21422e+01
 25  0.01606 -8.42164e+01 | 26  0.00567  3.23256e+00 | 27 -0.00437  1.79542e+01
 28  0.00992 -6.86221e+01 | 29  0.00124  2.91503e+01 | 30 -0.00514  8.05266e+01
 31 -0.03166  4.42100e+01 | 32  0.01242 -5.12215e+01 | 33 -0.01217  1.85362e+01
 34  0.00557 -3.88499e+01 | 35 -0.01467  1.03698e+02 | 36 -0.01385  1.09749e+02
 37 -0.01273  5.79484e+01 | 38  0.04066 -3.09370e+02 | 39 -0.03507  1.71328e+02
 40 -0.03858  2.13952e+02 | 41  0.01847 -1.50346e+02 | 42  0.00078  1.73382e+01
 43 -0.01345  1.58371e+02 | 44 -0.00655  1.51695e+02 | 45  0.00933 -4.25080e+00
 46 -0.01020  2.16580e+02 | 47 -0.00384  8.01218e+01 | 48 -0.00923  1.33826e+02
 49 -0.01160  1.64189e+02 | 50  0.01309 -6.63542e+01 | 51  0.00551  5.15897e+01
 52  0.00383  1.11970e+02 | 53 -0.01048  4.52291e+02 | 54 -0.00007  1.96155e+01
 55  0.01246 -7.68336e+02 | 56 -0.00764  3.81244e+02 | 57  0.00058  1.70847e+02
 58  0.00627  2.54013e+01 | 59  0.00306  4.88990e+01 | 60 -0.00345  2.06128e+02
 61  0.00544 -2.03561e+02 | 62 -0.00334  1.45155e+02 | 63  0.00297 -8.64753e+01
 64 -0.00622  1.94717e+02 | 65  0.00288 -1.25617e+02 | 66 -0.00805  1.65447e+02
 67  0.03126 -1.53591e+03 | 68 -0.02023  4.96832e+02 | 69  0.00820 -1.01931e+03
 70 -0.00357 -1.09144e+02 | 71 -0.01128  8.04917e+02 | 72 -0.00289  6.30944e+02
 73  0.00868 -7.59228e+01 | 74 -0.00248  1.12692e+02 | 75 -0.01042  4.49669e+02
 76 -0.00356 -1.27895e+02 | 77 -0.00113 -1.97629e+02 | 78 -0.00695  1.63951e+02
 79  0.01492 -4.51496e+02 | 80 -0.00720  1.56393e+02 | 81 -0.01493  2.43329e+02
 82  0.02346 -1.58155e+03 | 83  0.01885 -1.40020e+03 | 84 -0.00481 -1.61571e+02
 85 -0.01269  4.23793e+02 | 86 -0.00856  3.69531e+02 | 87  0.00771 -7.97249e+01
 88  0.00194  2.57998e+01 | 89 -0.00968  2.12998e+02 | 90  0.00347 -6.30208e+01
 91 -0.02313  2.87560e+02 | 92 -0.00062 -4.59905e+01 | 93  0.01888 -1.66783e+02
 94  0.02334 -2.01379e+01 | 95  0.00702  1.44017e+01 | 96 -0.03428  8.29776e+01
 97  0.14203 -1.00214e+03 | 98 -0.09749  6.88736e+02 |
98 variables; iteration 40; function evaluation 60; phase 2
Function value 2.1013623e+03; maximum gradient component mag 1.6266e+03
Var    Value     Gradient |Var    Value     Gradient |Var    Value     Gradient
  1  0.63377  1.62656e+03 |  2 -0.00801 -9.98567e+01 |  3  0.03618 -9.98799e-01
  4  0.01340  1.85360e+01 |  5 -0.02386 -6.18420e+01 |  6 -0.05837 -1.44206e+02
  7  0.01313 -6.21636e+00 |  8 -0.00616 -4.95909e+01 |  9  0.00687 -9.82094e+01
 10  0.01327  1.39005e+01 | 11 -0.02324 -2.06681e+01 | 12  0.00562 -3.15148e+01
 13 -0.00257 -6.08259e+01 | 14 -0.00337 -3.94286e+01 | 15 -0.01338 -3.25750e+01
 16 -0.03239 -2.78634e+01 | 17  0.00579 -8.24649e+01 | 18  0.02841 -1.73294e+02
 19  0.01767 -3.66266e+01 | 20  0.02380 -2.94175e+01 | 21 -0.00991 -1.52255e+01
 22 -0.00298 -4.32707e+01 | 23 -0.00179 -7.21381e+01 | 24  0.02378 -8.12043e+01
 25  0.02187 -7.40171e+01 | 26  0.00883 -3.44776e+01 | 27 -0.00318 -4.75144e+01
 28  0.01658 -3.98899e+01 | 29  0.00810  5.18131e+01 | 30 -0.00757 -3.11990e+01
 31 -0.03183 -3.27429e+01 | 32  0.01597 -6.91848e+01 | 33 -0.00749  1.31316e+00
 34  0.00861 -6.98378e+01 | 35 -0.01570  1.01496e+01 | 36 -0.01524  1.15760e+01
 37 -0.01044  9.90861e+00 | 38  0.04901 -1.58735e+02 | 39 -0.03833  6.99716e+01
 40 -0.04513  8.91326e+01 | 41  0.03634  1.99182e+02 | 42  0.00224 -2.74744e+01
 43 -0.01884  1.65092e+01 | 44 -0.01140  1.08461e+01 | 45  0.01106 -4.57890e+01
 46 -0.02161 -1.43114e+00 | 47 -0.00008  8.16498e+01 | 48 -0.00736  1.06939e+02
 49 -0.00944  1.43176e+02 | 50  0.01705 -2.00675e+01 | 51  0.00785  4.74933e+01
 52  0.00647  1.06335e+02 | 53 -0.02340  1.20498e+02 | 54  0.00251  4.56467e+01
 55  0.02779 -2.05814e+02 | 56 -0.01844  7.61036e+01 | 57 -0.00246  3.76754e+01
 58  0.00930  7.72441e+01 | 59  0.00475  6.96411e+01 | 60 -0.00699  8.89892e+01
 61  0.01432  7.33007e+01 | 62 -0.00513  7.81492e+01 | 63  0.00881  6.63253e+01
 64 -0.00693  1.52632e+02 | 65  0.01033  8.28359e+01 | 66 -0.01007  1.31624e+02
 67  0.05734  2.60640e+01 | 68 -0.03685  1.52704e+02 | 69  0.02941 -9.87571e+01
 70  0.00242  9.57635e+01 | 71 -0.03099  2.49259e+02 | 72 -0.01511  2.04721e+02
 73  0.01267  8.84639e+01 | 74 -0.00415  4.75888e+01 | 75 -0.02217  1.07358e+02
 76  0.00091  2.63639e+01 | 77  0.00457  6.51605e+00 | 78 -0.00813  1.24719e+02
 79  0.02326 -1.08626e+02 | 80 -0.00672  1.36181e+02 | 81 -0.02108  8.47891e+01
 82  0.04874 -3.52678e+02 | 83  0.04657 -1.61229e+02 | 84  0.00105 -1.35966e+01
 85 -0.02571  4.78256e+01 | 86 -0.01751  3.17333e+01 | 87  0.01265 -5.17915e+01
 88  0.00239 -8.65927e+01 | 89 -0.01652 -4.01799e+01 | 90  0.00857 -8.48766e+01
 91 -0.03707 -1.76709e+00 | 92 -0.00237 -1.61658e+02 | 93  0.02726 -1.33620e+02
 94  0.02958 -3.95971e+01 | 95  0.00830 -4.44768e+01 | 96 -0.04364 -5.75228e+01
 97  0.14675 -4.63842e+01 | 98 -0.10140  3.03322e+02 |
98 variables; iteration 60; function evaluation 88; phase 2
Function value 2.0801207e+03; maximum gradient component mag 8.1076e+02
Var    Value     Gradient |Var    Value     Gradient |Var    Value     Gradient
  1  0.63035  8.10758e+02 |  2  0.01166 -3.53905e+01 |  3  0.02493 -9.57309e+00
  4 -0.01984 -3.89210e+01 |  5 -0.01159 -1.08241e+01 |  6 -0.01547 -2.47483e+01
  7 -0.01079 -6.12506e+01 |  8 -0.01184 -4.74254e+01 |  9  0.01721 -3.52003e+01
 10  0.00259 -1.93003e+01 | 11 -0.02754 -1.76396e+01 | 12  0.00738 -5.95597e+00
 13 -0.00110 -3.64929e+01 | 14 -0.00638 -4.51236e+01 | 15 -0.01663 -3.88151e+01
 16 -0.03513 -2.60826e+01 | 17  0.00811 -3.76488e+01 | 18  0.03632 -1.60135e+01
 19  0.01825 -1.67698e+01 | 20  0.02376 -2.51607e+01 | 21 -0.01077 -1.24032e+01
 22  0.00028  4.26478e+00 | 23  0.00058 -3.41216e+01 | 24  0.02649 -3.24691e+01
 25  0.02453 -2.73585e+01 | 26  0.01046 -6.45333e+00 | 27 -0.00017 -3.01355e+00
 28  0.01950  6.40051e+00 | 29  0.00407 -1.40223e+01 | 30 -0.00682 -2.25048e+01
 31 -0.03376 -4.11600e+01 | 32  0.01920 -1.93061e+01 | 33 -0.00388  5.11581e+01
 34  0.01508  3.43983e+01 | 35 -0.01632  3.21380e+00 | 36 -0.01697 -9.52839e+00
 37 -0.01041  1.03042e+01 | 38  0.05503 -1.36689e+01 | 39 -0.04679  9.10811e+00
 40 -0.05743  4.09098e+00 | 41  0.03007 -2.02493e+00 | 42  0.00478 -3.28307e+00
 43 -0.01848  1.71004e+01 | 44 -0.01254 -1.20263e+01 | 45  0.01479 -3.56900e+00
 46 -0.02299 -2.79364e+01 | 47 -0.00302  8.80396e-01 | 48 -0.01121  1.58679e+01
 49 -0.01615  1.12120e+01 | 50  0.02138  2.16211e+01 | 51  0.00739 -2.26948e+01
 52  0.00470 -5.24845e+00 | 53 -0.02964 -1.75120e+01 | 54  0.00363  2.88197e+01
 55  0.03451  1.74972e+01 | 56 -0.01956  2.77777e+01 | 57 -0.00114  2.87202e+01
 58  0.00975  3.24394e+01 | 59  0.00575  4.84977e+01 | 60 -0.00812  2.40791e+01
 61  0.01453  2.30678e+01 | 62 -0.00544  3.22126e+01 | 63  0.00746 -2.77243e+01
 64 -0.01142  1.12243e+01 | 65  0.01035  2.70472e+01 | 66 -0.01400 -3.92229e+00
 67  0.05955  5.07021e+01 | 68 -0.04221  4.14488e+01 | 69  0.03406  5.67632e+01
 70  0.00317  8.03113e+01 | 71 -0.03996  3.43336e+01 | 72 -0.01930  5.55430e+01
 73  0.01267  4.57387e+01 | 74 -0.00412  2.54640e+01 | 75 -0.02423  4.75684e+01
 76  0.00136  2.08840e+01 | 77  0.00503 -6.88636e-01 | 78 -0.01178  8.03842e+00
 79  0.02712  2.49602e+01 | 80 -0.00956  4.10704e+01 | 81 -0.02330  3.42046e+01
 82  0.05670  4.28969e+01 | 83  0.05080  2.59913e+01 | 84  0.00386  5.54770e+01
 85 -0.02743  1.07601e+01 | 86 -0.01884 -7.28082e+00 | 87  0.01463 -8.30253e+00
 88  0.00543 -1.54614e+01 | 89 -0.01553 -1.70429e+01 | 90  0.01191 -1.95480e+01
 91 -0.04020 -2.82555e+01 | 92  0.00353 -6.68078e+01 | 93  0.03389 -2.90197e+01
 94  0.02693 -3.53579e+01 | 95  0.00676 -3.22374e+01 | 96 -0.04197 -2.06114e+01
 97  0.14888  1.48074e+02 | 98 -0.10386  2.57717e+01 |
Maximum number of function evaluations exceeded

 - final statistics:
98 variables; iteration 69; function evaluation 100
Function value 2.0781e+03; maximum gradient component mag 2.3465e+02
Exit code = 3;  converg criter 1.0000e+01
Var    Value     Gradient |Var    Value     Gradient |Var    Value     Gradient
  1  0.62991  2.34653e+02 |  2  0.02119  4.64948e+00 |  3  0.01800 -8.29237e+00
  4 -0.01121 -1.29672e+00 |  5 -0.01624 -3.46682e+00 |  6 -0.01368 -1.69122e+00
  7  0.00163 -5.71505e+00 |  8  0.00148  1.45387e+01 |  9  0.01848 -1.10040e+01
 10 -0.00037 -1.37907e+01 | 11 -0.03246 -1.70637e+01 | 12  0.00472 -3.43369e+00
 13 -0.00036 -1.38624e+01 | 14 -0.00350 -7.73133e+00 | 15 -0.01414 -4.15137e+00
 16 -0.03396 -1.49346e+00 | 17  0.01004  6.98029e-01 | 18  0.03686  4.08055e+00
 19  0.01792 -1.13268e+01 | 20  0.02318 -2.56245e+01 | 21 -0.00982  9.38503e+00
 22 -0.00235 -1.34561e+01 | 23  0.00214 -9.53148e-01 | 24  0.02730 -5.34015e+00
 25  0.02469 -1.17009e+01 | 26  0.01081  1.12682e+01 | 27 -0.00088  5.91442e-01
 28  0.01835 -3.30061e+00 | 29  0.00421  9.27092e-01 | 30 -0.00650 -3.90967e+00
 31 -0.03132 -4.73859e+00 | 32  0.01942 -6.82707e+00 | 33 -0.00859  1.81619e+00
 34  0.01222 -9.34471e+00 | 35 -0.01719  4.96638e+00 | 36 -0.01661  6.96994e+00
 37 -0.01262 -4.59356e+00 | 38  0.05579  6.53658e+00 | 39 -0.05106 -8.94565e+00
 40 -0.06098 -5.91005e+00 | 41  0.02959 -1.57771e+01 | 42  0.00541  9.72956e+00
 43 -0.02158 -1.16900e+01 | 44 -0.01243 -7.10134e+00 | 45  0.01403 -2.32321e+01
 46 -0.02189 -1.18133e+01 | 47 -0.00387 -1.56457e+01 | 48 -0.01209  5.88617e-01
 49 -0.01663  2.54502e+00 | 50  0.02150  5.72272e+00 | 51  0.00885 -1.74054e+00
 52  0.00476 -1.41367e+01 | 53 -0.02787  1.10754e+01 | 54  0.00240 -1.62631e+01
 55  0.03484  3.65747e+00 | 56 -0.02058  5.87475e+00 | 57 -0.00156  1.08849e+01
 58  0.01006  2.90208e+01 | 59  0.00473  8.89224e+00 | 60 -0.00872  4.32598e+00
 61  0.01443  5.29913e+00 | 62 -0.00632  5.93131e+00 | 63  0.00852 -6.80698e+00
 64 -0.01162  4.13726e+00 | 65  0.00982 -3.88033e-02 | 66 -0.01353  6.10269e+00
 67  0.05961  8.91786e+00 | 68 -0.04359  2.00541e+01 | 69  0.03375  1.33716e+01
 70  0.00166  1.86023e+01 | 71 -0.04101  1.51730e+01 | 72 -0.02079  1.35676e+01
 73  0.01213  1.22667e+01 | 74 -0.00427  1.62500e+01 | 75 -0.02584  1.04055e+01
 76  0.00126  1.47048e+01 | 77  0.00520  4.26854e+00 | 78 -0.01173  1.35291e+01
 79  0.02710  1.72914e+01 | 80 -0.01072  1.36833e+01 | 81 -0.02411  2.43665e+01
 82  0.05646  1.63440e+01 | 83  0.05046  2.71907e+00 | 84  0.00235  2.08074e+01
 85 -0.02872 -1.43718e+00 | 86 -0.01892  6.58670e+00 | 87  0.01370 -1.80458e+01
 88  0.00490 -8.54962e+00 | 89 -0.01628 -9.90035e+00 | 90  0.01149 -5.56153e+00
 91 -0.04129 -2.03225e+01 | 92  0.00608 -7.13366e+00 | 93  0.03325 -1.41195e+01
 94  0.02836 -5.98006e+00 | 95  0.00768 -6.78384e+00 | 96 -0.04289 -9.41360e+00
 97  0.14892  8.01196e+01 | 98 -0.10427 -1.04784e+01 |

Initial statistics: 100 variables; iteration 0; function evaluation 0; phase 3
Function value 2.0780687e+03; maximum gradient component mag -2.8388e+02
Var    Value     Gradient |Var    Value     Gradient |Var    Value     Gradient
  1  0.62991  2.34653e+02 |  2  0.02119  4.62076e+00 |  3  0.01800 -8.32110e+00
  4 -0.01121 -1.32545e+00 |  5 -0.01624 -3.49555e+00 |  6 -0.01368 -1.71996e+00
  7  0.00163 -5.74379e+00 |  8  0.00148  1.45099e+01 |  9  0.01848 -1.10327e+01
 10 -0.00037 -1.38194e+01 | 11 -0.03246 -1.70924e+01 | 12  0.00472 -3.46243e+00
 13 -0.00036 -1.38911e+01 | 14 -0.00350 -7.76007e+00 | 15 -0.01414 -4.18010e+00
 16 -0.03396 -1.52216e+00 | 17  0.01004  6.69291e-01 | 18  0.03686  4.05185e+00
 19  0.01792 -1.13555e+01 | 20  0.02317 -2.56532e+01 | 21 -0.00982  9.35629e+00
 22 -0.00235 -1.34848e+01 | 23  0.00214 -9.81890e-01 | 24  0.02730 -5.36887e+00
 25  0.02469 -1.17296e+01 | 26  0.01081  1.12395e+01 | 27 -0.00088  5.62700e-01
 28  0.01835 -3.32935e+00 | 29  0.00421  8.98350e-01 | 30 -0.00650 -3.93841e+00
 31 -0.03132 -4.76729e+00 | 32  0.01942 -6.85580e+00 | 33 -0.00860  1.78745e+00
 34  0.01222 -9.37345e+00 | 35 -0.01719  4.93765e+00 | 36 -0.01661  6.94121e+00
 37 -0.01262 -4.62229e+00 | 38  0.05578  6.50795e+00 | 39 -0.05106 -8.97430e+00
 40 -0.06098 -5.93866e+00 | 41  0.02959 -1.58058e+01 | 42  0.00541  9.70082e+00
 43 -0.02158 -1.17188e+01 | 44 -0.01243 -7.13008e+00 | 45  0.01403 -2.32608e+01
 46 -0.02189 -1.18421e+01 | 47 -0.00387 -1.56744e+01 | 48 -0.01209  5.59880e-01
 49 -0.01663  2.51628e+00 | 50  0.02150  5.69400e+00 | 51  0.00885 -1.76928e+00
 52  0.00476 -1.41654e+01 | 53 -0.02787  1.10467e+01 | 54  0.00240 -1.62918e+01
 55  0.03484  3.62877e+00 | 56 -0.02058  5.84603e+00 | 57 -0.00156  1.08561e+01
 58  0.01006  2.89921e+01 | 59  0.00473  8.86350e+00 | 60 -0.00872  4.29724e+00
 61  0.01443  5.27040e+00 | 62 -0.00633  5.90257e+00 | 63  0.00852 -6.83572e+00
 64 -0.01162  4.10852e+00 | 65  0.00982 -6.75419e-02 | 66 -0.01353  6.07396e+00
 67  0.05961  8.88925e+00 | 68 -0.04359  2.00254e+01 | 69  0.03375  1.33429e+01
 70  0.00166  1.85736e+01 | 71 -0.04101  1.51443e+01 | 72 -0.02079  1.35388e+01
 73  0.01213  1.22380e+01 | 74 -0.00427  1.62213e+01 | 75 -0.02584  1.03768e+01
 76  0.00126  1.46760e+01 | 77  0.00520  4.23980e+00 | 78 -0.01173  1.35004e+01
 79  0.02710  1.72627e+01 | 80 -0.01072  1.36545e+01 | 81 -0.02411  2.43378e+01
 82  0.05646  1.63154e+01 | 83  0.05046  2.69042e+00 | 84  0.00235  2.07787e+01
 85 -0.02872 -1.46589e+00 | 86 -0.01892  6.55797e+00 | 87  0.01370 -1.80745e+01
 88  0.00490 -8.57836e+00 | 89 -0.01628 -9.92908e+00 | 90  0.01149 -5.59027e+00
 91 -0.04129 -2.03512e+01 | 92  0.00608 -7.16240e+00 | 93  0.03325 -1.41482e+01
 94  0.02836 -6.00877e+00 | 95  0.00768 -6.81258e+00 | 96 -0.04289 -9.44228e+00
 97  0.14892  8.01196e+01 | 98 -0.41581 -2.83876e+02 | 99 -0.10427 -1.04784e+01
100 -0.25275  6.16834e+01 |

Intermediate statistics: 100 variables; iteration 20; function evaluation 25; phase 3
Function value 2.0773189e+03; maximum gradient component mag 9.2134e+01
Var    Value     Gradient |Var    Value     Gradient |Var    Value     Gradient
  1  0.62871 -6.71294e+00 |  2  0.01522 -2.67257e+00 |  3  0.01885 -5.33275e-02
  4 -0.01411 -1.44466e+00 |  5 -0.01789 -9.94822e-01 |  6 -0.01599 -1.34123e+00
  7  0.00133 -7.30612e-01 |  8 -0.00574 -3.68152e+00 |  9  0.01953 -7.04789e-01
 10  0.00148 -1.70214e-01 | 11 -0.02914  7.34438e-01 | 12  0.00405 -2.05394e+00
 13  0.00084 -1.20536e+00 | 14 -0.00336 -1.75300e+00 | 15 -0.01445 -1.46435e+00
 16 -0.03465 -9.63231e-01 | 17  0.00989  8.31036e-01 | 18  0.03674  2.16065e+00
 19  0.01830 -3.31035e+00 | 20  0.02416 -8.38883e+00 | 21 -0.01106  5.83513e-01
 22 -0.00163 -2.59438e+00 | 23  0.00200 -2.68002e-01 | 24  0.02749 -1.84608e+00
 25  0.02514 -4.08877e+00 | 26  0.01020  3.39428e+00 | 27 -0.00106  3.99476e-02
 28  0.01847 -1.45242e+00 | 29  0.00406 -1.13362e-01 | 30 -0.00645 -1.40757e+00
 31 -0.03130 -1.17363e+00 | 32  0.01966 -3.49092e+00 | 33 -0.00893 -4.46572e-01
 34  0.01258 -4.14240e+00 | 35 -0.01772  4.28628e-01 | 36 -0.01726  7.59528e-01
 37 -0.01244 -1.82507e+00 | 38  0.05573 -6.47642e+00 | 39 -0.05034 -8.23385e-01
 40 -0.06073 -8.40188e-01 | 41  0.03021 -1.00165e+01 | 42  0.00516  1.47833e+00
 43 -0.02070 -2.89230e+00 | 44 -0.01192 -3.21445e+00 | 45  0.01502 -1.26281e+01
 46 -0.02101 -3.79805e+00 | 47 -0.00294 -7.56581e+00 | 48 -0.01184 -1.55207e+00
 49 -0.01648 -9.23314e-01 | 50  0.02165 -6.81717e+00 | 51  0.00919 -7.02058e+00
 52  0.00544 -1.09720e+01 | 53 -0.02810  2.43083e+00 | 54  0.00296 -1.18938e+01
 55  0.03494 -1.64748e+01 | 56 -0.02055  8.63973e-02 | 57 -0.00147  9.63120e-01
 58  0.00981  6.00228e+00 | 59  0.00492  2.04560e-01 | 60 -0.00856 -1.01117e+00
 61  0.01472 -2.12852e+00 | 62 -0.00619 -1.62836e-01 | 63  0.00909 -4.46284e+00
 64 -0.01143  4.86469e-01 | 65  0.01029 -9.69859e-01 | 66 -0.01345  6.58633e-01
 67  0.05970 -2.56663e+01 | 68 -0.04412  7.88706e+00 | 69  0.03412  5.75889e+00
 70  0.00174  8.98743e+00 | 71 -0.04121  7.64341e+00 | 72 -0.02080  6.70653e+00
 73  0.01253  1.25177e+01 | 74 -0.00416  1.00235e+01 | 75 -0.02578  6.61052e+00
 76  0.00139  9.32449e+00 | 77  0.00557  6.17302e+00 | 78 -0.01177  7.60759e+00
 79  0.02752  2.08022e+01 | 80 -0.01078  7.75583e+00 | 81 -0.02458  1.21869e+01
 82  0.05688  2.00471e+01 | 83  0.05090  8.10526e+00 | 84  0.00210  1.06498e+01
 85 -0.02851  2.85297e+00 | 86 -0.01903  4.86453e+00 | 87  0.01423 -4.11204e+00
 88  0.00515 -1.13765e+00 | 89 -0.01590  1.90362e-01 | 90  0.01162  6.17409e-01
 91 -0.04028 -1.88036e+00 | 92  0.00605  2.79849e-01 | 93  0.03379  7.03645e-01
 94  0.02833  2.79946e-01 | 95  0.00767 -7.20322e-02 | 96 -0.04255 -2.92016e-02
 97  0.15262  8.61708e-01 | 98 -0.41292 -6.46531e+01 | 99 -0.10699 -5.25306e+01
100 -0.25410  9.21340e+01 |
100 variables; iteration 40; function evaluation 53; phase 3
Function value 2.0772160e+03; maximum gradient component mag 1.3439e+01
Var    Value     Gradient |Var    Value     Gradient |Var    Value     Gradient
  1  0.62865 -6.42690e+00 |  2  0.01635  3.61085e-01 |  3  0.01862 -8.19880e-02
  4 -0.01370 -5.98577e-02 |  5 -0.01811 -1.03377e+00 |  6 -0.01629 -1.57469e+00
  7  0.00159  7.47901e-01 |  8 -0.00467  4.94709e-01 |  9  0.01957  4.46893e-01
 10  0.00163  1.38612e+00 | 11 -0.02945  3.80839e-01 | 12  0.00385 -2.07595e+00
 13  0.00096  7.41021e-01 | 14 -0.00323  2.32745e-01 | 15 -0.01429  5.03637e-01
 16 -0.03462 -2.64370e-01 | 17  0.00984  6.20360e-01 | 18  0.03657 -3.28158e-01
 19  0.01838 -9.49740e-01 | 20  0.02451 -1.43511e+00 | 21 -0.01151 -2.97350e+00
 22 -0.00144  6.42015e-01 | 23  0.00206  1.64171e+00 | 24  0.02753  5.98852e-01
 25  0.02528  4.77387e-02 | 26  0.00980 -1.08175e+00 | 27 -0.00107  1.02893e+00
 28  0.01847  1.05141e-01 | 29  0.00393 -5.19865e-01 | 30 -0.00635  1.06097e+00
 31 -0.03144 -1.33815e+00 | 32  0.01974 -1.51655e-02 | 33 -0.00891  1.28376e+00
 34  0.01270 -1.97018e-01 | 35 -0.01777  1.18597e+00 | 36 -0.01732  1.39697e+00
 37 -0.01241  1.31101e-01 | 38  0.05576 -1.49591e+00 | 39 -0.05045 -4.83626e-01
 40 -0.06072  1.43591e-01 | 41  0.03044 -1.42429e+00 | 42  0.00501  1.37399e+00
 43 -0.02060 -1.44698e-01 | 44 -0.01193 -1.11267e+00 | 45  0.01543 -1.46551e+00
 46 -0.02090 -2.75358e-01 | 47 -0.00257  9.73543e-01 | 48 -0.01189  1.69881e-01
 49 -0.01662 -6.26815e-01 | 50  0.02165 -2.62621e+00 | 51  0.00933 -1.57060e-01
 52  0.00577  4.15438e-01 | 53 -0.02830  1.71868e+00 | 54  0.00321 -2.15410e+00
 55  0.03521 -1.14644e+00 | 56 -0.02071 -1.73388e+00 | 57 -0.00152 -1.06511e-01
 58  0.00957  6.93975e-03 | 59  0.00488 -7.81223e-01 | 60 -0.00858 -7.74315e-01
 61  0.01458 -6.72319e+00 | 62 -0.00625 -9.74751e-01 | 63  0.00927  6.92490e-01
 64 -0.01143  9.59681e-01 | 65  0.01038  8.00260e-01 | 66 -0.01349 -2.03378e-02
 67  0.06008 -3.38012e+00 | 68 -0.04454  2.48136e-01 | 69  0.03409  1.12586e+00
 70  0.00150 -5.49377e-01 | 71 -0.04149  4.72143e-01 | 72 -0.02094  1.46929e+00
 73  0.01233  9.28292e-01 | 74 -0.00437  1.19690e+00 | 75 -0.02596  3.75044e-01
 76  0.00124  2.21390e+00 | 77  0.00549  2.56978e-01 | 78 -0.01191  2.05504e+00
 79  0.02722  3.20182e+00 | 80 -0.01093  2.03726e+00 | 81 -0.02490  3.29402e+00
 82  0.05664  2.28862e+00 | 83  0.05086  6.75066e-01 | 84  0.00189  3.24216e+00
 85 -0.02860 -3.54835e-02 | 86 -0.01918  1.35923e+00 | 87  0.01434 -1.38874e+00
 88  0.00517 -2.57510e-01 | 89 -0.01597 -1.45224e+00 | 90  0.01164  1.24709e+00
 91 -0.04019 -8.22795e-01 | 92  0.00598 -2.46529e-01 | 93  0.03403  1.78615e+00
 94  0.02824 -2.45613e-01 | 95  0.00767  2.00861e-01 | 96 -0.04257  9.93090e-02
 97  0.15407 -4.89854e+00 | 98 -0.41178 -6.71234e-01 | 99 -0.10661 -5.78975e+00
100 -0.25423  1.34395e+01 |
100 variables; iteration 60; function evaluation 81; phase 3
Function value 2.0772102e+03; maximum gradient component mag 1.6129e+00
Var    Value     Gradient |Var    Value     Gradient |Var    Value     Gradient
  1  0.62867 -7.93923e-01 |  2  0.01625 -1.61785e-03 |  3  0.01870  1.53074e-02
  4 -0.01356  1.06397e-01 |  5 -0.01762 -2.35521e-02 |  6 -0.01575 -3.19929e-01
  7  0.00131 -2.08962e-01 |  8 -0.00474  1.58311e-01 |  9  0.01967  8.85069e-01
 10  0.00135  1.02278e-01 | 11 -0.02952  3.89376e-02 | 12  0.00417 -2.17990e-01
 13  0.00085  9.42548e-02 | 14 -0.00324  1.59803e-01 | 15 -0.01437 -2.51078e-02
 16 -0.03454  1.45434e-01 | 17  0.00981  2.32237e-01 | 18  0.03655 -4.99643e-01
 19  0.01844  9.18629e-02 | 20  0.02454 -6.60955e-01 | 21 -0.01123 -1.53241e-01
 22 -0.00148  2.52764e-01 | 23  0.00196  4.77918e-01 | 24  0.02751  4.89316e-01
 25  0.02526 -1.68326e-01 | 26  0.00984 -2.95448e-01 | 27 -0.00114  2.34528e-01
 28  0.01842 -4.71350e-01 | 29  0.00392 -5.51624e-01 | 30 -0.00644  1.53978e-01
 31 -0.03141 -1.04721e+00 | 32  0.01972  5.58527e-02 | 33 -0.00902  9.73257e-02
 34  0.01271  3.22988e-01 | 35 -0.01788 -1.66128e-03 | 36 -0.01745 -5.85155e-02
 37 -0.01243  2.59257e-02 | 38  0.05575 -7.31596e-01 | 39 -0.05034  2.66013e-01
 40 -0.06074  2.62395e-02 | 41  0.03045 -7.02487e-01 | 42  0.00491  4.50812e-02
 43 -0.02060  8.10435e-03 | 44 -0.01187 -1.57364e-01 | 45  0.01547 -1.98966e-01
 46 -0.02088  1.18308e-01 | 47 -0.00265 -4.30983e-02 | 48 -0.01188  4.65037e-01
 49 -0.01659  8.65376e-02 | 50  0.02172 -2.56831e-01 | 51  0.00930 -8.52442e-02
 52  0.00573  5.98679e-02 | 53 -0.02844 -2.12552e-01 | 54  0.00326 -2.13532e-01
 55  0.03521 -8.81895e-02 | 56 -0.02063  2.46763e-01 | 57 -0.00152  2.12141e-01
 58  0.00955  1.55646e-01 | 59  0.00493  9.94256e-01 | 60 -0.00858  3.84552e-03
 61  0.01473 -1.01217e+00 | 62 -0.00628 -1.15249e+00 | 63  0.00925  2.14613e-01
 64 -0.01148  2.40130e-01 | 65  0.01037  6.26993e-01 | 66 -0.01349  3.73220e-01
 67  0.06010 -4.54419e-01 | 68 -0.04456 -9.70786e-03 | 69  0.03406  1.22021e-01
 70  0.00149 -6.16242e-01 | 71 -0.04148  7.25651e-01 | 72 -0.02099  4.21782e-02
 73  0.01232  5.73142e-02 | 74 -0.00440  7.45229e-02 | 75 -0.02598 -3.55794e-01
 76  0.00115 -5.81075e-01 | 77  0.00551  6.79990e-01 | 78 -0.01196  7.47657e-01
 79  0.02717  3.82146e-01 | 80 -0.01098  3.07083e-01 | 81 -0.02503  2.00369e-01
 82  0.05660  2.91875e-01 | 83  0.05085  8.36820e-02 | 84  0.00179  3.84848e-01
 85 -0.02859 -1.41950e-01 | 86 -0.01924  5.79554e-02 | 87  0.01440  1.83716e-01
 88  0.00515 -3.48644e-01 | 89 -0.01592 -5.58269e-01 | 90  0.01158 -6.00096e-03
 91 -0.04014 -3.42242e-01 | 92  0.00601  3.11971e-01 | 93  0.03393  1.81645e-01
 94  0.02835  3.71404e-01 | 95  0.00767 -2.32577e-03 | 96 -0.04258 -1.27539e-01
 97  0.15424 -7.84665e-01 | 98 -0.41166  2.07789e-01 | 99 -0.10676 -6.82193e-01
100 -0.25436  1.61289e+00 |

 - final statistics:
100 variables; iteration 66; function evaluation 88
Function value 2.0772e+03; maximum gradient component mag 7.2902e-01
Exit code = 1;  converg criter 1.0000e+00
Var    Value     Gradient |Var    Value     Gradient |Var    Value     Gradient
  1  0.62867 -3.51748e-01 |  2  0.01626  2.01046e-02 |  3  0.01872  4.33425e-02
  4 -0.01359  3.29165e-02 |  5 -0.01760  1.50476e-02 |  6 -0.01568 -1.47151e-01
  7  0.00135 -7.81276e-02 |  8 -0.00477  7.88324e-02 |  9  0.01957  4.07545e-01
 10  0.00134  5.24607e-02 | 11 -0.02951  4.47224e-02 | 12  0.00420 -4.79563e-02
 13  0.00087  2.05652e-01 | 14 -0.00326  5.76182e-02 | 15 -0.01437 -2.19310e-02
 16 -0.03454  1.11162e-01 | 17  0.00978 -3.35597e-02 | 18  0.03655 -4.21834e-01
 19  0.01846  3.62655e-01 | 20  0.02456 -3.44820e-01 | 21 -0.01123 -7.11107e-02
 22 -0.00150 -8.99973e-03 | 23  0.00194  1.15049e-01 | 24  0.02749  1.14849e-01
 25  0.02527  3.46869e-02 | 26  0.00985 -1.04056e-01 | 27 -0.00115  1.06735e-01
 28  0.01843 -1.78600e-01 | 29  0.00394 -2.24171e-01 | 30 -0.00644  2.33594e-01
 31 -0.03135 -4.60575e-01 | 32  0.01972  3.18853e-02 | 33 -0.00901  2.29853e-01
 34  0.01267 -3.28987e-01 | 35 -0.01788  4.33148e-02 | 36 -0.01746 -9.98482e-02
 37 -0.01245 -1.83187e-01 | 38  0.05576 -3.02319e-01 | 39 -0.05039 -1.86647e-02
 40 -0.06075 -3.63894e-02 | 41  0.03047 -1.36191e-01 | 42  0.00491  6.06504e-02
 43 -0.02058  1.92488e-01 | 44 -0.01187 -1.22184e-01 | 45  0.01548 -5.93637e-02
 46 -0.02087  2.60178e-01 | 47 -0.00265 -2.06489e-02 | 48 -0.01188  4.87640e-01
 49 -0.01659  1.45704e-01 | 50  0.02172 -1.40339e-01 | 51  0.00929 -2.89435e-01
 52  0.00574  1.54173e-01 | 53 -0.02844 -2.20947e-01 | 54  0.00326  6.08501e-02
 55  0.03521 -5.06344e-02 | 56 -0.02063  2.48481e-01 | 57 -0.00153 -2.73143e-02
 58  0.00955  1.40774e-01 | 59  0.00491  3.87957e-01 | 60 -0.00857  1.60423e-01
 61  0.01475 -4.40070e-01 | 62 -0.00626 -7.13074e-01 | 63  0.00925  1.82475e-01
 64 -0.01150 -2.35442e-01 | 65  0.01036  2.98780e-01 | 66 -0.01350  2.17225e-01
 67  0.06011 -2.01400e-01 | 68 -0.04455  1.91128e-01 | 69  0.03406  5.42044e-02
 70  0.00150 -2.53955e-01 | 71 -0.04150  2.28966e-01 | 72 -0.02099  1.26385e-01
 73  0.01232  2.42602e-02 | 74 -0.00441 -7.41323e-03 | 75 -0.02595  2.17547e-01
 76  0.00116 -2.89604e-01 | 77  0.00550  2.73492e-01 | 78 -0.01197  5.38674e-01
 79  0.02716  1.62690e-01 | 80 -0.01100 -5.60888e-02 | 81 -0.02503  3.48421e-01
 82  0.05660  1.02809e-01 | 83  0.05085  1.12280e-02 | 84  0.00178  1.17966e-01
 85 -0.02859 -1.78258e-01 | 86 -0.01925 -1.82671e-01 | 87  0.01439  2.62063e-02
 88  0.00516 -1.93810e-01 | 89 -0.01591 -4.81408e-01 | 90  0.01157 -2.11435e-01
 91 -0.04011 -1.37308e-02 | 92  0.00597 -2.52075e-01 | 93  0.03391  6.48974e-03
 94  0.02833  2.02066e-01 | 95  0.00767  2.93648e-02 | 96 -0.04255  6.03912e-02
 97  0.15426 -3.41692e-01 | 98 -0.41165  6.40637e-02 | 99 -0.10677 -2.49738e-01
100 -0.25437  7.29015e-01 |

Initial statistics: 108 variables; iteration 0; function evaluation 0; phase 4
Function value 2.0772099e+03; maximum gradient component mag 1.5413e+03
Var    Value     Gradient |Var    Value     Gradient |Var    Value     Gradient
  1 -0.42263 -3.02598e+00 |  2 -0.42263  1.54130e+03 |  3 -0.41094  4.76874e+02
  4  0.62867 -3.51748e-01 |  5  0.00000 -1.23492e+01 |  6  0.00000  7.66552e+00
  7  0.00000  9.29799e+00 |  8  0.00000  5.91445e+00 |  9  0.00000 -5.13472e+00
 10  0.01626  1.83052e-02 | 11  0.01872  4.15432e-02 | 12 -0.01359  3.11168e-02
 13 -0.01760  1.32482e-02 | 14 -0.01568 -1.48951e-01 | 15  0.00135 -7.99276e-02
 16 -0.00477  7.70323e-02 | 17  0.01957  4.05745e-01 | 18  0.00134  5.06606e-02
 19 -0.02951  4.29242e-02 | 20  0.00420 -4.97563e-02 | 21  0.00087  2.03852e-01
 22 -0.00326  5.58182e-02 | 23 -0.01437 -2.37307e-02 | 24 -0.03455  1.09365e-01
 25  0.00978 -3.53596e-02 | 26  0.03655 -4.23631e-01 | 27  0.01846  3.60855e-01
 28  0.02456 -3.46619e-01 | 29 -0.01123 -7.29105e-02 | 30 -0.00150 -1.07998e-02
 31  0.00194  1.13249e-01 | 32  0.02749  1.13051e-01 | 33  0.02527  3.28883e-02
 34  0.00985 -1.05856e-01 | 35 -0.00115  1.04935e-01 | 36  0.01843 -1.80399e-01
 37  0.00394 -2.25971e-01 | 38 -0.00644  2.31794e-01 | 39 -0.03135 -4.62373e-01
 40  0.01972  3.00861e-02 | 41 -0.00901  2.28053e-01 | 42  0.01267 -3.30787e-01
 43 -0.01788  4.15154e-02 | 44 -0.01746 -1.01648e-01 | 45 -0.01245 -1.84987e-01
 46  0.05576 -3.04113e-01 | 47 -0.05039 -2.04592e-02 | 48 -0.06075 -3.81812e-02
 49  0.03047 -1.37989e-01 | 50  0.00491  5.88504e-02 | 51 -0.02058  1.90689e-01
 52 -0.01187 -1.23984e-01 | 53  0.01548 -6.11633e-02 | 54 -0.02087  2.58379e-01
 55 -0.00265 -2.24490e-02 | 56 -0.01188  4.85840e-01 | 57 -0.01659  1.43905e-01
 58  0.02172 -1.42138e-01 | 59  0.00929 -2.91235e-01 | 60  0.00574  1.52373e-01
 61 -0.02844 -2.22746e-01 | 62  0.00326  5.90501e-02 | 63  0.03521 -5.24318e-02
 64 -0.02063  2.46682e-01 | 65 -0.00153 -2.91144e-02 | 66  0.00955  1.38974e-01
 67  0.00491  3.86157e-01 | 68 -0.00857  1.58623e-01 | 69  0.01475 -4.41869e-01
 70 -0.00626 -7.14874e-01 | 71  0.00925  1.80675e-01 | 72 -0.01150 -2.37241e-01
 73  0.01036  2.96980e-01 | 74 -0.01350  2.15425e-01 | 75  0.06011 -2.03192e-01
 76 -0.04455  1.89332e-01 | 77  0.03406  5.24069e-02 | 78  0.00150 -2.55755e-01
 79 -0.04150  2.27169e-01 | 80 -0.02099  1.24586e-01 | 81  0.01232  2.24605e-02
 82 -0.00441 -9.21326e-03 | 83 -0.02595  2.15749e-01 | 84  0.00116 -2.91405e-01
 85  0.00550  2.71692e-01 | 86 -0.01197  5.36874e-01 | 87  0.02716  1.60891e-01
 88 -0.01100 -5.78886e-02 | 89 -0.02503  3.46623e-01 | 90  0.05660  1.01016e-01
 91  0.05085  9.43364e-03 | 92  0.00178  1.16166e-01 | 93 -0.02859 -1.80056e-01
 94 -0.01925 -1.84470e-01 | 95  0.01439  2.44067e-02 | 96  0.00516 -1.95610e-01
 97 -0.01591 -4.83208e-01 | 98  0.01157 -2.13235e-01 | 99 -0.04011 -1.55273e-02
100  0.00597 -2.53875e-01 |101  0.03391  4.69222e-03 |102  0.02833  2.00268e-01
103  0.00767  2.75649e-02 |104 -0.04255  5.85951e-02 |105  0.15426 -3.41692e-01
106 -0.41165  6.40637e-02 |107 -0.10677 -2.49738e-01 |108 -0.25437  7.29015e-01

Intermediate statistics: 108 variables; iteration 20; function evaluation 27; phase 4
Function value 2.0750194e+03; maximum gradient component mag 1.2613e+03
Var    Value     Gradient |Var    Value     Gradient |Var    Value     Gradient
  1 -0.37041  7.98578e+01 |  2 -0.41982  1.26126e+03 |  3 -0.42876  4.53568e+02
  4  0.62967  1.43530e+02 |  5  0.00451 -7.34902e-01 |  6 -0.00518 -5.32413e-01
  7 -0.00617 -6.14356e-01 |  8 -0.00341 -9.83487e-02 |  9  0.00243  9.74008e-02
 10  0.01588 -4.72072e+00 | 11  0.01830 -4.75174e+00 | 12 -0.01390 -4.70569e+00
 13 -0.01791 -4.72205e+00 | 14 -0.01592 -4.77292e+00 | 15  0.00106 -4.91252e+00
 16 -0.00506 -4.94749e+00 | 17  0.01918 -5.59174e+00 | 18  0.00111 -5.49800e+00
 19 -0.02964 -5.18595e+00 | 20  0.00392 -7.09494e+00 | 21  0.00053 -7.63598e+00
 22 -0.00361 -8.03874e+00 | 23 -0.01467 -7.47965e+00 | 24 -0.03478 -6.22380e+00
 25  0.00962 -7.70254e+00 | 26  0.03635 -1.10705e+01 | 27  0.01825 -8.09054e+00
 28  0.02424 -9.21858e+00 | 29 -0.01157 -6.43880e+00 | 30 -0.00174 -6.74855e+00
 31  0.00190 -6.54964e+00 | 32  0.02733 -8.76251e+00 | 33  0.02483 -8.59102e+00
 34  0.00956 -7.20231e+00 | 35 -0.00147 -6.25840e+00 | 36  0.01814 -7.84016e+00
 37  0.00381 -6.28705e+00 | 38 -0.00655 -4.88491e+00 | 39 -0.03154 -5.41036e+00
 40  0.01967 -5.16493e+00 | 41 -0.00924 -4.50771e+00 | 42  0.01241 -5.34378e+00
 43 -0.01800 -4.37177e+00 | 44 -0.01752 -4.23594e+00 | 45 -0.01237 -3.76112e+00
 46  0.05589  2.57764e+00 | 47 -0.05053 -3.91134e+00 | 48 -0.06087 -3.74300e+00
 49  0.03062  2.80824e+00 | 50  0.00511 -9.26026e-01 | 51 -0.02042 -1.12027e+00
 52 -0.01168 -8.62017e-02 | 53  0.01580  4.81799e+00 | 54 -0.02069  6.89661e-01
 55 -0.00241  2.99814e+00 | 56 -0.01152  2.92413e+00 | 57 -0.01618  2.86240e+00
 58  0.02228  1.45482e+01 | 59  0.00976  1.20000e+01 | 60  0.00616  1.25380e+01
 61 -0.02831  3.55758e+00 | 62  0.00359  1.33416e+01 | 63  0.03566  2.78232e+01
 64 -0.02041  5.75925e+00 | 65 -0.00134  8.38823e+00 | 66  0.00971  5.46812e+00
 67  0.00502  5.85000e+00 | 68 -0.00841  5.61367e+00 | 69  0.01500  7.27484e+00
 70 -0.00594  6.41128e+00 | 71  0.00937  7.12928e+00 | 72 -0.01130  5.60836e+00
 73  0.01071  8.00503e+00 | 74 -0.01321  4.96109e+00 | 75  0.05966 -2.18464e+01
 76 -0.04449 -6.40425e-01 | 77  0.03352 -3.63381e+00 | 78  0.00166  3.81861e+00
 79 -0.04146  1.39541e+00 | 80 -0.02082  5.45104e+00 | 81  0.01271  1.88563e+01
 82 -0.00404  8.34778e+00 | 83 -0.02587  3.01933e+00 | 84  0.00156  1.05991e+01
 85  0.00568  7.61833e+00 | 86 -0.01185  3.54728e+00 | 87  0.02745  1.23146e+01
 88 -0.01072  4.00081e+00 | 89 -0.02475  3.15890e+00 | 90  0.05776  6.82295e+01
 91  0.05010 -3.36488e+01 | 92  0.00169 -9.94689e-01 | 93 -0.02865 -2.43788e-02
 94 -0.01920  2.59617e+00 | 95  0.01458  4.58957e+00 | 96  0.00540  2.03356e+00
 97 -0.01574 -1.28895e+00 | 98  0.01182  6.80858e-01 | 99 -0.04027 -4.91507e+00
100  0.00576 -5.33132e+00 |101  0.03311 -8.54315e+00 |102  0.02851 -4.79339e+00
103  0.00761 -4.96576e+00 |104 -0.04262 -4.93292e+00 |105  0.15383 -1.59756e+02
106 -0.41249  2.18798e+02 |107 -0.09877  6.07717e+01 |108 -0.25361 -1.02718e+02
108 variables; iteration 40; function evaluation 53; phase 4
Function value 2.0744622e+03; maximum gradient component mag 4.3953e+02
Var    Value     Gradient |Var    Value     Gradient |Var    Value     Gradient
  1 -0.37304  2.24471e+01 |  2 -0.42066  4.39529e+02 |  3 -0.42760  1.43462e+02
  4  0.63037  5.31112e+01 |  5  0.00537  6.07270e-01 |  6 -0.00656 -2.91422e+00
  7 -0.00726 -2.55497e+00 |  8 -0.00152  3.26605e+00 |  9 -0.00074 -6.33987e+00
 10  0.01636 -9.98797e-01 | 11  0.01950  7.57734e-01 | 12 -0.01373 -1.61714e+00
 13 -0.01750 -1.09994e+00 | 14 -0.01495  3.04912e-01 | 15  0.00263  2.49686e+00
 16 -0.00405  8.58676e-01 | 17  0.01849 -6.48958e+00 | 18 -0.00008 -8.09427e+00
 19 -0.03002 -3.76868e+00 | 20  0.00560  5.50741e+00 | 21  0.00122 -3.02655e-02
 22 -0.00420 -8.58544e+00 | 23 -0.01535 -8.59030e+00 | 24 -0.03491 -3.74813e+00
 25  0.00972 -3.70437e+00 | 26  0.03673 -2.06881e+00 | 27  0.01869  7.05530e-01
 28  0.02444 -3.31120e+00 | 29 -0.01120  2.62498e-01 | 30 -0.00162 -2.90245e+00
 31  0.00173 -6.80298e+00 | 32  0.02755 -3.74046e+00 | 33  0.02482 -5.65580e+00
 34  0.00984 -5.36487e-01 | 35 -0.00145 -3.54820e+00 | 36  0.01819 -4.98209e+00
 37  0.00427  1.90130e+00 | 38 -0.00639 -1.51179e+00 | 39 -0.03179 -5.47550e+00
 40  0.01983 -1.79361e+00 | 41 -0.00892  1.15023e+00 | 42  0.01249 -2.58487e+00
 43 -0.01745  3.33851e+00 | 44 -0.01695  3.25002e+00 | 45 -0.01201  7.39613e-01
 46  0.05599  1.63869e+00 | 47 -0.05087 -4.54559e+00 | 48 -0.06084 -1.77801e+00
 49  0.03046 -4.13034e+00 | 50  0.00528  7.40307e-01 | 51 -0.02039 -9.88352e-01
 52 -0.01195 -3.98700e+00 | 53  0.01601  6.31219e+00 | 54 -0.02139 -7.31764e+00
 55 -0.00272 -3.14723e+00 | 56 -0.01148  2.19697e+00 | 57 -0.01605  3.26740e+00
 58  0.02185 -6.15449e-01 | 59  0.00938  8.95637e-01 | 60  0.00599  5.82993e+00
 61 -0.02880 -4.51118e+00 | 62  0.00344  7.12592e+00 | 63  0.03532  1.04622e+01
 64 -0.02052  3.49345e+00 | 65 -0.00147  3.91111e+00 | 66  0.00965  3.18143e+00
 67  0.00501  5.47235e+00 | 68 -0.00857  1.86628e+00 | 69  0.01463 -6.23650e+00
 70 -0.00603  3.32804e+00 | 71  0.00944  8.34325e+00 | 72 -0.01146  1.58627e+00
 73  0.01067  5.41048e+00 | 74 -0.01314  5.37251e+00 | 75  0.06001 -4.33382e+00
 76 -0.04455  4.29208e-01 | 77  0.03364  1.49764e+00 | 78  0.00165  5.84746e+00
 79 -0.04160  9.82560e-01 | 80 -0.02096  2.80295e+00 | 81  0.01239  5.42884e+00
 82 -0.00423  3.05285e+00 | 83 -0.02596  2.32654e+00 | 84  0.00122 -6.60056e-01
 85  0.00556  4.79529e+00 | 86 -0.01198  2.66432e+00 | 87  0.02724  4.70726e+00
 88 -0.01086  2.18854e+00 | 89 -0.02500 -1.51405e+00 | 90  0.05701  2.13020e+01
 91  0.05052 -6.95627e+00 | 92  0.00150  1.12185e+00 | 93 -0.02881  1.74331e+00
 94 -0.01966 -3.24246e+00 | 95  0.01416 -3.46019e+00 | 96  0.00495 -3.48534e+00
 97 -0.01574  4.29669e+00 | 98  0.01146  2.89667e-01 | 99 -0.04066 -5.38683e+00
100  0.00587  2.69767e-01 |101  0.03266 -8.88858e+00 |102  0.02861 -6.76893e-01
103  0.00735 -3.95692e+00 |104 -0.04288 -3.92925e+00 |105  0.15451 -4.54300e+01
106 -0.41226  6.46270e+01 |107 -0.09997  1.40037e+01 |108 -0.25368 -2.32886e+01
108 variables; iteration 60; function evaluation 79; phase 4
Function value 2.0743270e+03; maximum gradient component mag -3.2047e+01
Var    Value     Gradient |Var    Value     Gradient |Var    Value     Gradient
  1 -0.37406 -6.87901e-01 |  2 -0.42128 -3.20469e+01 |  3 -0.42660 -6.95878e+00
  4  0.63076 -3.40245e-01 |  5  0.00552  6.08263e-01 |  6 -0.00384  1.54325e+00
  7 -0.00604 -5.82563e-01 |  8 -0.00423 -1.98330e+00 |  9  0.00218 -8.43372e-01
 10  0.01619  5.58402e-02 | 11  0.01869  1.38116e-01 | 12 -0.01376 -2.11979e-01
 13 -0.01766 -2.64182e-02 | 14 -0.01572 -2.49805e-01 | 15  0.00085 -1.86408e+00
 16 -0.00470 -9.05336e-02 | 17  0.02000  1.41114e+00 | 18  0.00129 -1.09729e+00
 19 -0.02882  1.99392e+00 | 20  0.00442  7.83241e-02 | 21  0.00045 -3.18306e+00
 22 -0.00313  8.41553e-01 | 23 -0.01434  5.98470e-01 | 24 -0.03462  7.13024e-02
 25  0.00988 -2.98192e-01 | 26  0.03683 -4.48507e-02 | 27  0.01856 -1.04070e+00
 28  0.02463 -4.07711e-02 | 29 -0.01143 -9.84341e-01 | 30 -0.00142  4.28165e-01
 31  0.00213 -9.91277e-01 | 32  0.02784  1.91167e+00 | 33  0.02510  3.65496e-01
 34  0.00988  9.65103e-01 | 35 -0.00128 -3.10943e-01 | 36  0.01836 -1.63056e+00
 37  0.00414  6.24866e-01 | 38 -0.00638 -4.57840e-01 | 39 -0.03103  2.51719e+00
 40  0.01994  7.99416e-01 | 41 -0.00910  2.08118e-01 | 42  0.01263  4.43300e-01
 43 -0.01779  1.15451e-01 | 44 -0.01725  3.45578e-01 | 45 -0.01203  6.08747e-01
 46  0.05599 -3.84440e-01 | 47 -0.05040  2.31166e-02 | 48 -0.06087 -6.76841e-01
 49  0.03071  2.80912e-01 | 50  0.00531  8.86068e-01 | 51 -0.02024  1.01792e+00
 52 -0.01161  3.83946e-01 | 53  0.01572  2.82903e-01 | 54 -0.02083 -3.57789e-01
 55 -0.00248  6.49186e-01 | 56 -0.01174 -1.68606e+00 | 57 -0.01632 -4.16606e-01
 58  0.02191 -6.30394e-02 | 59  0.00940  1.10117e+00 | 60  0.00571 -7.84428e-01
 61 -0.02856 -1.90139e-01 | 62  0.00319  2.03977e-01 | 63  0.03510 -5.75594e-01
 64 -0.02065  1.31817e+00 | 65 -0.00157  8.06041e-01 | 66  0.00956  4.28803e-02
 67  0.00486  7.17962e-01 | 68 -0.00863  7.31018e-01 | 69  0.01482 -3.80622e-01
 70 -0.00615  7.27353e-03 | 71  0.00922  5.03072e-01 | 72 -0.01149  1.03187e-01
 73  0.01054 -5.81795e-01 | 74 -0.01327  8.25652e-01 | 75  0.06018  8.76178e-01
 76 -0.04459  5.05864e-01 | 77  0.03365  6.05727e-02 | 78  0.00148  3.41142e-01
 79 -0.04165  5.01798e-01 | 80 -0.02110 -4.83312e-01 | 81  0.01229  1.81390e-01
 82 -0.00439 -2.15244e+00 | 83 -0.02610 -2.70673e-01 | 84  0.00130  1.86674e+00
 85  0.00536 -1.45289e+00 | 86 -0.01213 -5.64009e-01 | 87  0.02713 -1.69118e-01
 88 -0.01099 -4.75934e-01 | 89 -0.02498 -4.08611e-01 | 90  0.05664 -1.18855e+00
 91  0.05065  7.86193e-01 | 92  0.00134 -8.07611e-02 | 93 -0.02904 -1.39913e-01
 94 -0.01966 -4.47590e-01 | 95  0.01409 -1.43635e+00 | 96  0.00496  4.85373e-01
 97 -0.01615 -1.00179e+00 | 98  0.01125 -1.11885e+00 | 99 -0.04027  1.72915e+00
100  0.00562 -8.49690e-01 |101  0.03333  1.67519e+00 |102  0.02851  4.39009e-01
103  0.00748 -1.12270e+00 |104 -0.04274 -1.06093e+00 |105  0.15486  5.16518e+00
106 -0.41217 -5.52645e+00 |107 -0.10059 -1.65333e+00 |108 -0.25388 -2.53096e+00
Maximum number of function evaluations exceeded

 - final statistics:
108 variables; iteration 78; function evaluation 100
Function value 2.0743e+03; maximum gradient component mag -9.1405e+00
Exit code = 3;  converg criter 1.0000e+00
Var    Value     Gradient |Var    Value     Gradient |Var    Value     Gradient
  1 -0.37381 -1.46589e-01 |  2 -0.42121 -9.14053e+00 |  3 -0.42678 -2.22283e+00
  4  0.63077 -5.70031e-01 |  5  0.00525 -5.04709e-04 |  6 -0.00455  3.65080e-01
  7 -0.00579 -1.58739e-01 |  8 -0.00346 -5.37399e-01 |  9  0.00247 -2.53589e-01
 10  0.01621  1.42314e-01 | 11  0.01840 -5.41246e-01 | 12 -0.01335  7.41606e-01
 13 -0.01757  2.32848e-01 | 14 -0.01540  5.95181e-01 | 15  0.00117 -8.17697e-01
 16 -0.00464  1.84812e-01 | 17  0.01973  2.77233e-01 | 18  0.00144 -3.19971e-01
 19 -0.02929  3.40699e-01 | 20  0.00438 -8.47929e-02 | 21  0.00083 -7.61468e-01
 22 -0.00327 -9.18008e-02 | 23 -0.01437  4.11654e-01 | 24 -0.03469 -3.49635e-01
 25  0.00990  1.47263e-01 | 26  0.03688  1.14839e+00 | 27  0.01857 -7.66080e-01
 28  0.02461 -1.64097e-01 | 29 -0.01137 -1.86470e-01 | 30 -0.00138  1.11540e+00
 31  0.00213 -7.81537e-01 | 32  0.02773  1.78579e-01 | 33  0.02493 -2.40431e+00
 34  0.00979 -1.18600e-01 | 35 -0.00126  8.74662e-02 | 36  0.01837 -1.01488e+00
 37  0.00411  4.13149e-01 | 38 -0.00636 -2.39463e-02 | 39 -0.03126  6.14712e-01
 40  0.01984 -8.51651e-01 | 41 -0.00911  1.98498e-01 | 42  0.01268  1.42214e+00
 43 -0.01781  1.43527e-03 | 44 -0.01729  2.43107e-02 | 45 -0.01203  7.22466e-01
 46  0.05599 -5.34599e-02 | 47 -0.05042 -7.68748e-02 | 48 -0.06088 -7.14980e-01
 49  0.03067 -2.69527e-01 | 50  0.00525  9.93601e-02 | 51 -0.02032  1.54225e-01
 52 -0.01161  4.80568e-01 | 53  0.01569 -2.71192e-01 | 54 -0.02076  4.40405e-01
 55 -0.00253 -7.79192e-02 | 56 -0.01164 -2.38500e-01 | 57 -0.01632 -3.52443e-01
 58  0.02191  1.84987e-02 | 59  0.00929 -1.18361e+00 | 60  0.00575  2.74656e-01
 61 -0.02847  1.20022e+00 | 62  0.00311 -2.02898e+00 | 63  0.03511 -1.40552e-01
 64 -0.02068  6.41612e-01 | 65 -0.00157  8.33050e-01 | 66  0.00953 -7.74218e-01
 67  0.00484  3.67578e-01 | 68 -0.00859  1.77810e+00 | 69  0.01481 -4.35129e-01
 70 -0.00617 -5.27738e-01 | 71  0.00920 -3.81775e-02 | 72 -0.01153 -6.85931e-01
 73  0.01053 -5.79742e-01 | 74 -0.01333 -4.21786e-01 | 75  0.06016  2.93579e-02
 76 -0.04463 -2.05584e-01 | 77  0.03364 -1.65880e-01 | 78  0.00145 -5.34701e-01
 79 -0.04158  2.18983e+00 | 80 -0.02103  1.56876e+00 | 81  0.01227 -3.11495e-01
 82 -0.00435 -6.85103e-01 | 83 -0.02613 -9.37538e-01 | 84  0.00125  3.69580e-01
 85  0.00535 -1.44737e+00 | 86 -0.01197  3.99658e+00 | 87  0.02711 -4.52214e-01
 88 -0.01104 -1.57980e+00 | 89 -0.02502 -1.18601e+00 | 90  0.05665 -4.17440e-01
 91  0.05062 -1.04738e-01 | 92  0.00138  9.17215e-01 | 93 -0.02902  4.34360e-01
 94 -0.01958  1.41900e+00 | 95  0.01412 -6.22846e-01 | 96  0.00494 -1.87434e-01
 97 -0.01616 -1.32783e+00 | 98  0.01130 -1.87161e-01 | 99 -0.04035  7.84819e-01
100  0.00575  8.29055e-01 |101  0.03318 -2.09490e-01 |102  0.02855  7.83414e-01
103  0.00767  2.95481e-01 |104 -0.04260  1.89558e-02 |105  0.15481  1.15628e+00
106 -0.41219 -9.43519e-01 |107 -0.10037 -8.27617e-01 |108 -0.25376 -4.48136e-01

Initial statistics: 110 variables; iteration 0; function evaluation 0; phase 5
Function value 2.0743217e+03; maximum gradient component mag -6.8957e+01
Var    Value     Gradient |Var    Value     Gradient |Var    Value     Gradient
  1 -0.37381 -1.46589e-01 |  2 -0.42121 -9.14053e+00 |  3 -0.42678 -2.22283e+00
  4 -0.41222 -1.51196e+01 |  5 -0.41222 -6.89573e+01 |  6  0.63077 -5.70031e-01
  7  0.00525 -5.04709e-04 |  8 -0.00455  3.65080e-01 |  9 -0.00579 -1.58739e-01
 10 -0.00346 -5.37399e-01 | 11  0.00247 -2.53589e-01 | 12  0.01621  1.40056e-01
 13  0.01840 -5.43503e-01 | 14 -0.01335  7.39348e-01 | 15 -0.01757  2.30591e-01
 16 -0.01540  5.92924e-01 | 17  0.00117 -8.19955e-01 | 18 -0.00464  1.82553e-01
 19  0.01973  2.74976e-01 | 20  0.00144 -3.22230e-01 | 21 -0.02929  3.38443e-01
 22  0.00438 -8.70512e-02 | 23  0.00083 -7.63726e-01 | 24 -0.00327 -9.40591e-02
 25 -0.01437  4.09396e-01 | 26 -0.03469 -3.51890e-01 | 27  0.00990  1.45005e-01
 28  0.03688  1.14614e+00 | 29  0.01857 -7.68337e-01 | 30  0.02461 -1.66353e-01
 31 -0.01137 -1.88728e-01 | 32 -0.00138  1.11314e+00 | 33  0.00213 -7.83795e-01
 34  0.02773  1.76323e-01 | 35  0.02493 -2.40656e+00 | 36  0.00979 -1.20858e-01
 37 -0.00126  8.52079e-02 | 38  0.01837 -1.01714e+00 | 39  0.00411  4.10891e-01
 40 -0.00636 -2.62044e-02 | 41 -0.03126  6.12456e-01 | 42  0.01984 -8.53908e-01
 43 -0.00911  1.96240e-01 | 44  0.01268  1.41989e+00 | 45 -0.01781 -8.22105e-04
 46 -0.01729  2.20533e-02 | 47 -0.01203  7.20208e-01 | 48  0.05599 -5.57094e-02
 49 -0.05042 -7.91260e-02 | 50 -0.06088 -7.17228e-01 | 51  0.03067 -2.71783e-01
 52  0.00525  9.71019e-02 | 53 -0.02032  1.51968e-01 | 54 -0.01161  4.78310e-01
 55  0.01569 -2.73449e-01 | 56 -0.02076  4.38148e-01 | 57 -0.00253 -8.01774e-02
 58 -0.01164 -2.40758e-01 | 59 -0.01632 -3.54701e-01 | 60  0.02191  1.62418e-02
 61  0.00929 -1.18587e+00 | 62  0.00575  2.72398e-01 | 63 -0.02847  1.19796e+00
 64  0.00311 -2.03124e+00 | 65  0.03511 -1.42807e-01 | 66 -0.02068  6.39355e-01
 67 -0.00157  8.30792e-01 | 68  0.00953 -7.76476e-01 | 69  0.00484  3.65320e-01
 70 -0.00859  1.77585e+00 | 71  0.01481 -4.37386e-01 | 72 -0.00617 -5.29997e-01
 73  0.00920 -4.04355e-02 | 74 -0.01153 -6.88189e-01 | 75  0.01053 -5.82000e-01
 76 -0.01333 -4.24044e-01 | 77  0.06016  2.71097e-02 | 78 -0.04463 -2.07837e-01
 79  0.03364 -1.68135e-01 | 80  0.00145 -5.36960e-01 | 81 -0.04158  2.18758e+00
 82 -0.02103  1.56650e+00 | 83  0.01227 -3.13753e-01 | 84 -0.00435 -6.87361e-01
 85 -0.02613 -9.39794e-01 | 86  0.00125  3.67322e-01 | 87  0.00535 -1.44963e+00
 88 -0.01197  3.99432e+00 | 89  0.02711 -4.54470e-01 | 90 -0.01104 -1.58206e+00
 91 -0.02502 -1.18827e+00 | 92  0.05665 -4.19689e-01 | 93  0.05062 -1.06990e-01
 94  0.00138  9.14957e-01 | 95 -0.02902  4.32104e-01 | 96 -0.01958  1.41674e+00
 97  0.01412 -6.25103e-01 | 98  0.00494 -1.89693e-01 | 99 -0.01616 -1.33009e+00
100  0.01130 -1.89418e-01 |101 -0.04035  7.82565e-01 |102  0.00575  8.26796e-01
103  0.03318 -2.11745e-01 |104  0.02855  7.81158e-01 |105  0.00767  2.93223e-01
106 -0.04260  1.67026e-02 |107  0.15481  1.15628e+00 |108 -0.41219 -9.43519e-01
109 -0.10037 -8.27617e-01 |110 -0.25376 -4.48136e-01 |

Intermediate statistics: 110 variables; iteration 20; function evaluation 28; phase 5
Function value 2.0734471e+03; maximum gradient component mag -1.3900e+02
Var    Value     Gradient |Var    Value     Gradient |Var    Value     Gradient
  1 -0.39004  4.20323e+00 |  2 -0.42535 -1.38998e+02 |  3 -0.41632 -3.13165e+01
  4 -0.41312 -6.98585e+00 |  5 -0.39007 -2.88846e+01 |  6  0.63150  5.28408e+01
  7  0.00582 -5.75307e-02 |  8 -0.00447  2.53108e-01 |  9 -0.00558 -9.51650e-02
 10 -0.00315 -3.58178e-01 | 11  0.00279 -1.63269e-01 | 12  0.01650 -1.59210e+00
 13  0.01878 -2.18739e+00 | 14 -0.01317 -1.13993e+00 | 15 -0.01733 -1.57274e+00
 16 -0.01520 -1.39067e+00 | 17  0.00152 -2.63651e+00 | 18 -0.00446 -2.10133e+00
 19  0.01981 -2.87125e+00 | 20  0.00161 -2.50094e+00 | 21 -0.02928 -1.82342e+00
 22  0.00443 -1.96167e+00 | 23  0.00105 -7.52402e-01 | 24 -0.00320  5.50860e-02
 25 -0.01442  6.64627e-01 | 26 -0.03457  6.25633e-01 | 27  0.00981 -9.04279e-01
 28  0.03653 -7.12662e+00 | 29  0.01869  1.20669e-02 | 30  0.02455 -3.34531e-01
 31 -0.01128 -1.20205e-01 | 32 -0.00179 -3.76846e+00 | 33  0.00229  1.43540e+00
 34  0.02755 -1.03189e+00 | 35  0.02544  4.07718e+00 | 36  0.00976 -4.36462e+00
 37 -0.00130 -2.90218e+00 | 38  0.01858 -1.06960e+00 | 39  0.00392 -4.42581e+00
 40 -0.00634  2.03875e+00 | 41 -0.03141 -1.16110e-01 | 42  0.01992  1.53841e+00
 43 -0.00918 -1.84895e+00 | 44  0.01235 -8.36924e+00 | 45 -0.01788 -2.83337e+00
 46 -0.01736 -2.32017e+00 | 47 -0.01235 -3.81521e+00 | 48  0.05626  5.88867e+00
 49 -0.05043 -1.53769e+00 | 50 -0.06070 -6.67143e-01 | 51  0.03068  1.99672e+00
 52  0.00511 -2.93483e+00 | 53 -0.02042  1.11867e-01 | 54 -0.01182 -7.21208e-01
 55  0.01573  2.43987e+00 | 56 -0.02099 -2.63220e+00 | 57 -0.00250 -1.92265e+00
 58 -0.01162 -1.34479e+00 | 59 -0.01624  1.25718e+00 | 60  0.02218  7.71795e+00
 61  0.00975  7.24187e+00 | 62  0.00598  5.18496e+00 | 63 -0.02877 -1.81871e+00
 64  0.00289 -4.70510e+00 | 65  0.03518 -4.80127e+00 | 66 -0.02069 -2.74802e+00
 67 -0.00150  4.70876e+00 | 68  0.00941  1.11316e-01 | 69  0.00494  5.55766e+00
 70 -0.00880 -1.00346e-01 | 71  0.01472  1.58592e+00 | 72 -0.00621  1.21684e+00
 73  0.00909  1.93952e-01 | 74 -0.01151  2.89969e+00 | 75  0.01045 -1.92377e-01
 76 -0.01334  2.83281e-01 | 77  0.06029  1.78004e+01 | 78 -0.04465 -7.19040e-01
 79  0.03372  3.88897e+00 | 80  0.00144  1.64397e+00 | 81 -0.04208 -2.31685e+00
 82 -0.02122  2.78278e+00 | 83  0.01205 -4.68963e+00 | 84 -0.00455 -3.18334e+00
 85 -0.02616  7.05427e-01 | 86  0.00110 -7.29745e-01 | 87  0.00501 -5.91526e+00
 88 -0.01181  1.03019e+01 | 89  0.02705 -7.01586e-01 | 90 -0.01115 -3.38986e+00
 91 -0.02485  2.92807e+00 | 92  0.05687  9.19859e+00 | 93  0.05092  1.09372e+01
 94  0.00163  5.75001e+00 | 95 -0.02902  1.39720e+00 | 96 -0.01978 -3.68626e-01
 97  0.01400 -3.06644e+00 | 98  0.00491 -1.55909e+00 | 99 -0.01596  4.49855e+00
100  0.01118 -1.05960e+00 |101 -0.04058 -2.82206e+00 |102  0.00555 -3.81499e+00
103  0.03366  4.18577e+00 |104  0.02821 -3.01155e+00 |105  0.00755 -2.14613e+00
106 -0.04263 -1.81186e+00 |107  0.15533  1.71216e+01 |108 -0.41244 -4.96430e+01
109 -0.10337 -4.73310e+01 |110 -0.25438  5.10457e+01 |
110 variables; iteration 40; function evaluation 49; phase 5
Function value 2.0733378e+03; maximum gradient component mag -4.2793e+01
Var    Value     Gradient |Var    Value     Gradient |Var    Value     Gradient
  1 -0.39462  2.82038e+00 |  2 -0.42615 -4.27932e+01 |  3 -0.41377 -8.71013e+00
  4 -0.41370 -2.44140e+00 |  5 -0.38469 -9.10345e+00 |  6  0.63125  1.90340e+01
  7  0.00551 -8.92228e-01 |  8 -0.00329  2.17057e+00 |  9 -0.00566 -2.59488e-01
 10 -0.00323 -5.43306e-01 | 11  0.00276 -2.63546e-01 | 12  0.01605 -1.72431e+00
 13  0.01962  7.15138e-01 | 14 -0.01457 -3.39132e+00 | 15 -0.01774 -1.65094e+00
 16 -0.01561 -1.57498e+00 | 17  0.00038 -5.29961e+00 | 18 -0.00476 -2.21740e+00
 19  0.02037  5.97961e-01 | 20  0.00174 -1.02874e+00 | 21 -0.02896  2.41564e-01
 22  0.00526  3.74581e+00 | 23  0.00083 -1.14719e+00 | 24 -0.00346 -7.22439e-01
 25 -0.01454  9.03602e-01 | 26 -0.03524 -2.51112e+00 | 27  0.00980 -3.37312e-02
 28  0.03676 -1.90976e+00 | 29  0.01886  3.59442e+00 | 30  0.02430 -3.06181e+00
 31 -0.01082  5.33145e+00 | 32 -0.00168 -1.47411e+00 | 33  0.00201 -8.17497e-01
 34  0.02757  6.41771e-01 | 35  0.02520  1.34170e-01 | 36  0.00991 -2.37528e+00
 37 -0.00129 -2.46727e+00 | 38  0.01851 -2.43039e+00 | 39  0.00411 -1.24171e+00
 40 -0.00665 -6.49913e-01 | 41 -0.03146  4.02521e-01 | 42  0.01986  1.13668e+00
 43 -0.00919 -1.72287e+00 | 44  0.01265 -4.04599e+00 | 45 -0.01785 -2.20374e+00
 46 -0.01730 -1.15844e+00 | 47 -0.01203  6.68914e-01 | 48  0.05627  4.75782e+00
 49 -0.05069 -2.99874e+00 | 50 -0.06076 -4.95986e-01 | 51  0.03063  6.22049e-01
 52  0.00521 -1.50444e+00 | 53 -0.02044  5.99320e-01 | 54 -0.01156  2.90120e+00
 55  0.01568  1.39278e+00 | 56 -0.02059  1.86379e+00 | 57 -0.00251 -3.02286e+00
 58 -0.01171 -3.23386e+00 | 59 -0.01606  3.54351e+00 | 60  0.02198  7.04423e-01
 61  0.00964  2.24289e+00 | 62  0.00593  2.49536e+00 | 63 -0.02880 -2.23836e+00
 64  0.00300 -2.84450e+00 | 65  0.03539 -1.96065e+00 | 66 -0.02047 -3.62059e-01
 67 -0.00151  2.70246e+00 | 68  0.00936 -3.56754e+00 | 69  0.00487  1.14165e+00
 70 -0.00884 -2.75926e+00 | 71  0.01468 -2.23521e+00 | 72 -0.00619  6.97848e-01
 73  0.00914 -3.11597e-01 | 74 -0.01162  5.95573e-03 | 75  0.01043 -2.73741e+00
 76 -0.01342 -2.91627e+00 | 77  0.06021  6.83404e+00 | 78 -0.04459 -2.94524e-01
 79  0.03380  2.34163e+00 | 80  0.00151  1.29336e+00 | 81 -0.04201 -2.98178e-01
 82 -0.02120  3.52485e+00 | 83  0.01212 -3.56329e+00 | 84 -0.00410  1.07878e+01
 85 -0.02610  1.98807e+00 | 86  0.00139  7.71234e+00 | 87  0.00488 -1.18030e+01
 88 -0.01214 -4.22835e-01 | 89  0.02712 -1.10434e+00 | 90 -0.01099  8.65834e-02
 91 -0.02493  8.58472e-01 | 92  0.05683  2.67984e+00 | 93  0.05091  4.21460e+00
 94  0.00169  4.75590e+00 | 95 -0.02900  1.27062e+00 | 96 -0.01974  6.63326e-01
 97  0.01437  7.21416e+00 | 98  0.00500 -7.62762e-01 | 99 -0.01608  1.88668e+00
100  0.01125 -8.97810e-01 |101 -0.04026  1.44419e+00 |102  0.00585 -1.19841e-01
103  0.03364  2.20978e+00 |104  0.02897  4.05137e+00 |105  0.00709 -4.77194e+00
106 -0.04311 -4.56576e+00 |107  0.15615  2.10171e+00 |108 -0.41195 -1.05702e+01
109 -0.10252 -2.04264e+01 |110 -0.25386  2.11386e+01 |
110 variables; iteration 60; function evaluation 75; phase 5
Function value 2.0732918e+03; maximum gradient component mag -2.8002e+00
Var    Value     Gradient |Var    Value     Gradient |Var    Value     Gradient
  1 -0.39773  1.87869e-01 |  2 -0.42667  1.78491e+00 |  3 -0.41210  5.92665e-01
  4 -0.41338  1.08367e-01 |  5 -0.38168  7.29716e-01 |  6  0.63123 -2.80022e+00
  7  0.00606  4.86372e-01 |  8 -0.00482 -3.30394e-01 |  9 -0.00561 -1.38820e-01
 10 -0.00312 -3.11878e-01 | 11  0.00298  2.06584e-01 | 12  0.01650  5.50629e-02
 13  0.01928  6.76607e-01 | 14 -0.01317  4.95279e-01 | 15 -0.01741 -1.01790e-01
 16 -0.01524  1.56660e-01 | 17  0.00206  7.16600e-01 | 18 -0.00434 -5.96818e-03
 19  0.02031  1.20356e+00 | 20  0.00130 -2.01349e+00 | 21 -0.02942 -5.47132e-01
 22  0.00439 -2.30837e-01 | 23  0.00080 -3.09171e-01 | 24 -0.00347  3.22493e-01
 25 -0.01492 -5.87258e-01 | 26 -0.03489  7.50364e-01 | 27  0.00970  3.92231e-03
 28  0.03680  4.76086e-01 | 29  0.01848 -7.52759e-01 | 30  0.02439 -2.16344e-01
 31 -0.01135  1.04773e+00 | 32 -0.00165 -5.22773e-02 | 33  0.00199  2.46654e-01
 34  0.02738 -1.05479e+00 | 35  0.02516  9.63490e-02 | 36  0.01005  1.38584e-01
 37 -0.00111  6.43390e-01 | 38  0.01857 -6.81597e-01 | 39  0.00417  2.85926e-01
 40 -0.00667  3.17912e-01 | 41 -0.03162  2.89312e-02 | 42  0.01977  4.47751e-01
 43 -0.00907  5.39293e-01 | 44  0.01288  3.66556e-01 | 45 -0.01767  5.68695e-01
 46 -0.01724  3.20029e-01 | 47 -0.01219 -3.74313e-01 | 48  0.05603 -2.08074e+00
 49 -0.05012  1.75909e+00 | 50 -0.06082 -9.16527e-02 | 51  0.03056  4.58102e-01
 52  0.00524 -9.72226e-02 | 53 -0.02058  1.04220e-01 | 54 -0.01185  2.58639e-01
 55  0.01555 -2.81006e-01 | 56 -0.02092 -1.09891e+00 | 57 -0.00228  9.86272e-01
 58 -0.01158 -8.04369e-01 | 59 -0.01629  1.25459e+00 | 60  0.02198  1.38135e+00
 61  0.00963  2.21633e+00 | 62  0.00578 -6.53791e-01 | 63 -0.02871  2.82753e-01
 64  0.00302 -1.63939e+00 | 65  0.03547  2.40601e-01 | 66 -0.02042  1.86528e-01
 67 -0.00167 -8.40011e-01 | 68  0.00948  2.80358e-01 | 69  0.00479 -6.70943e-01
 70 -0.00873  4.53903e-01 | 71  0.01473  9.19479e-03 | 72 -0.00629 -1.39755e+00
 73  0.00916  7.04114e-01 | 74 -0.01169 -8.84905e-01 | 75  0.01046 -1.47444e+00
 76 -0.01337 -1.04917e+00 | 77  0.06010 -4.10631e-01 | 78 -0.04461 -3.23785e-01
 79  0.03378  6.34514e-04 | 80  0.00147  8.72719e-02 | 81 -0.04204  7.78835e-02
 82 -0.02129  2.03092e+00 | 83  0.01221  1.09609e-01 | 84 -0.00443  2.60463e-01
 85 -0.02619 -1.19556e-01 | 86  0.00115  2.58538e-01 | 87  0.00522  5.82709e-01
 88 -0.01219 -1.06292e+00 | 89  0.02716  1.70800e-01 | 90 -0.01099  3.77375e-01
 91 -0.02501 -4.49076e-01 | 92  0.05679 -2.15719e-01 | 93  0.05085 -1.07908e-01
 94  0.00146 -2.28099e+00 | 95 -0.02911 -5.47448e-01 | 96 -0.01980 -1.76910e-01
 97  0.01410 -5.40861e-01 | 98  0.00507  1.81144e+00 | 99 -0.01627 -5.61486e-01
100  0.01129  9.64183e-01 |101 -0.04045 -5.76960e-02 |102  0.00583 -1.29783e-01
103  0.03340 -1.18558e+00 |104  0.02838  4.01416e-01 |105  0.00763  1.29962e-01
106 -0.04257  3.28614e-01 |107  0.15651 -2.32437e+00 |108 -0.41177  2.42834e+00
109 -0.10177  3.27867e-01 |110 -0.25341 -2.86500e-02 |
110 variables; iteration 80; function evaluation 102; phase 5
Function value 2.0732895e+03; maximum gradient component mag -8.4851e-01
Var    Value     Gradient |Var    Value     Gradient |Var    Value     Gradient
  1 -0.39766  6.62780e-02 |  2 -0.42664  2.84120e-01 |  3 -0.41216  1.13544e-01
  4 -0.41328  1.22508e-02 |  5 -0.38185  1.19068e-01 |  6  0.63122 -6.40210e-01
  7  0.00588  2.36877e-02 |  8 -0.00466 -6.75099e-02 |  9 -0.00553 -1.43461e-02
 10 -0.00301 -1.20938e-01 | 11  0.00286 -2.98663e-02 | 12  0.01658  1.52436e-01
 13  0.01901 -6.52496e-02 | 14 -0.01339 -7.93564e-02 | 15 -0.01725  1.88457e-01
 16 -0.01532 -1.31319e-01 | 17  0.00185 -1.66913e-02 | 18 -0.00432 -3.31637e-02
 19  0.02008  5.08734e-02 | 20  0.00180  5.46986e-02 | 21 -0.02948 -8.48512e-01
 22  0.00443 -8.62663e-02 | 23  0.00079 -4.49811e-01 | 24 -0.00351 -6.82344e-02
 25 -0.01487 -3.82790e-01 | 26 -0.03497  1.18129e-01 | 27  0.00972  9.84900e-02
 28  0.03680  3.16692e-01 | 29  0.01852 -2.07337e-01 | 30  0.02442  1.83767e-01
 31 -0.01142  3.12324e-01 | 32 -0.00163  6.96043e-02 | 33  0.00198  3.07976e-02
 34  0.02744 -1.32006e-01 | 35  0.02515 -1.61304e-01 | 36  0.01005  8.51662e-02
 37 -0.00114  6.07111e-02 | 38  0.01863  2.37454e-01 | 39  0.00418  3.53742e-01
 40 -0.00668  6.38426e-02 | 41 -0.03160  4.16353e-02 | 42  0.01977  3.83715e-01
 43 -0.00910  1.20444e-01 | 44  0.01287  9.86433e-02 | 45 -0.01769  2.04792e-01
 46 -0.01724  1.84770e-01 | 47 -0.01213  1.65372e-01 | 48  0.05610 -2.73683e-01
 49 -0.05035  1.74849e-02 | 50 -0.06082 -2.30138e-01 | 51  0.03056  1.83824e-01
 52  0.00525 -1.69080e-01 | 53 -0.02057  7.89049e-02 | 54 -0.01187 -5.23791e-02
 55  0.01557  1.56303e-02 | 56 -0.02083 -2.81526e-01 | 57 -0.00232  1.94006e-01
 58 -0.01153 -2.53633e-01 | 59 -0.01635  2.47729e-01 | 60  0.02194  1.03490e-01
 61  0.00956  3.12938e-01 | 62  0.00580 -2.59851e-01 | 63 -0.02872  8.11989e-02
 64  0.00308 -2.82478e-01 | 65  0.03547  4.42466e-02 | 66 -0.02042  2.49317e-01
 67 -0.00164 -2.42606e-01 | 68  0.00948  1.41203e-01 | 69  0.00482 -1.20843e-01
 70 -0.00874  9.50554e-02 | 71  0.01474  1.98774e-02 | 72 -0.00623  9.46529e-02
 73  0.00914 -5.31463e-03 | 74 -0.01164  1.06773e-01 | 75  0.01050 -1.63628e-01
 76 -0.01334 -1.70674e-01 | 77  0.06011 -6.38872e-02 | 78 -0.04460 -1.54566e-01
 79  0.03378  1.21883e-02 | 80  0.00148  5.71380e-02 | 81 -0.04205 -3.34309e-01
 82 -0.02136  1.77746e-01 | 83  0.01222  5.52997e-02 | 84 -0.00443  2.58928e-02
 85 -0.02618 -1.09725e-01 | 86  0.00114  2.62882e-02 | 87  0.00521  1.43080e-01
 88 -0.01215 -2.16107e-01 | 89  0.02716  5.70988e-02 | 90 -0.01100 -1.45013e-04
 91 -0.02499 -7.70621e-02 | 92  0.05680 -1.01267e-03 | 93  0.05086  2.50041e-03
 94  0.00154 -8.80941e-02 | 95 -0.02908 -5.58554e-02 | 96 -0.01979 -6.08953e-02
 97  0.01413 -8.09474e-02 | 98  0.00504  6.39198e-01 | 99 -0.01622  1.51855e-01
100  0.01127  7.07426e-02 |101 -0.04044 -1.90509e-01 |102  0.00587  2.36920e-01
103  0.03349 -1.43093e-01 |104  0.02830 -3.41965e-01 |105  0.00764  8.09739e-02
106 -0.04263 -2.34603e-01 |107  0.15653 -3.57931e-01 |108 -0.41175  5.78797e-01
109 -0.10180 -9.96719e-02 |110 -0.25343 -7.26714e-02 |
110 variables; iteration 100; function evaluation 131; phase 5
Function value 2.0732893e+03; maximum gradient component mag -2.6849e-01
Var    Value     Gradient |Var    Value     Gradient |Var    Value     Gradient
  1 -0.39766  2.47630e-02 |  2 -0.42664  5.74533e-02 |  3 -0.41216  2.05634e-02
  4 -0.41327  4.55440e-03 |  5 -0.38187  5.03685e-02 |  6  0.63123 -2.64713e-01
  7  0.00584 -6.54377e-02 |  8 -0.00463 -3.28758e-02 |  9 -0.00554 -3.25011e-02
 10 -0.00298 -5.54703e-02 | 11  0.00286 -3.77539e-02 | 12  0.01663  2.53375e-01
 13  0.01906  6.28199e-02 | 14 -0.01338 -4.35385e-02 | 15 -0.01729  9.82119e-02
 16 -0.01528 -2.40867e-02 | 17  0.00185 -5.40114e-03 | 18 -0.00433 -4.77378e-02
 19  0.02006  8.80747e-03 | 20  0.00179  1.12373e-02 | 21 -0.02933 -2.68491e-01
 22  0.00444 -1.57692e-02 | 23  0.00084 -8.11750e-02 | 24 -0.00351 -6.73972e-02
 25 -0.01484 -8.76009e-02 | 26 -0.03498  7.03158e-02 | 27  0.00971  3.59167e-02
 28  0.03679  1.61078e-01 | 29  0.01853 -9.98845e-02 | 30  0.02441  4.14619e-02
 31 -0.01144  1.03322e-01 | 32 -0.00164 -1.01101e-02 | 33  0.00198 -3.96379e-03
 34  0.02744 -9.48941e-02 | 35  0.02514 -1.75258e-01 | 36  0.01004  2.41230e-02
 37 -0.00115 -3.17143e-02 | 38  0.01863  1.82835e-01 | 39  0.00417  1.87193e-01
 40 -0.00668  3.15538e-02 | 41 -0.03161  6.00153e-03 | 42  0.01976  2.07645e-01
 43 -0.00911  3.63197e-02 | 44  0.01286 -2.85208e-03 | 45 -0.01771  6.92585e-02
 46 -0.01726  5.28510e-02 | 47 -0.01215 -2.63781e-03 | 48  0.05610 -1.02424e-01
 49 -0.05035  1.74477e-02 | 50 -0.06083 -2.51638e-01 | 51  0.03055  6.50452e-02
 52  0.00525 -8.80201e-02 | 53 -0.02058 -7.55367e-02 | 54 -0.01186  5.42027e-02
 55  0.01557  5.36297e-02 | 56 -0.02082 -8.89643e-02 | 57 -0.00233  1.00103e-01
 58 -0.01152 -9.48736e-02 | 59 -0.01637  6.12569e-02 | 60  0.02194  7.65565e-02
 61  0.00955  1.54916e-01 | 62  0.00580 -9.73959e-02 | 63 -0.02872  3.68809e-02
 64  0.00308 -7.53166e-02 | 65  0.03547  1.94317e-02 | 66 -0.02043 -2.55756e-02
 67 -0.00163 -3.42214e-03 | 68  0.00947  3.20343e-02 | 69  0.00482 -3.06875e-02
 70 -0.00875  2.63250e-02 | 71  0.01473  1.40257e-02 | 72 -0.00623  3.44291e-03
 73  0.00914  8.09259e-03 | 74 -0.01165  6.79465e-02 | 75  0.01050 -6.78329e-02
 76 -0.01333 -1.77944e-03 | 77  0.06010 -2.60176e-02 | 78 -0.04460 -1.50805e-01
 79  0.03377  7.40280e-03 | 80  0.00147  2.23748e-02 | 81 -0.04204 -1.08635e-01
 82 -0.02136  1.26059e-01 | 83  0.01221  2.10693e-02 | 84 -0.00444  1.97425e-02
 85 -0.02618 -2.80368e-02 | 86  0.00114  2.00771e-02 | 87  0.00521  5.64555e-02
 88 -0.01215 -4.47338e-02 | 89  0.02716  2.11661e-02 | 90 -0.01100  3.88710e-02
 91 -0.02500 -1.55150e-01 | 92  0.05679 -9.03468e-04 | 93  0.05085 -3.24444e-03
 94  0.00154 -1.29146e-01 | 95 -0.02908  1.18834e-02 | 96 -0.01979  1.66489e-02
 97  0.01412 -3.69099e-02 | 98  0.00501  4.38648e-02 | 99 -0.01623  7.31881e-02
100  0.01126 -7.83404e-02 |101 -0.04043 -8.26626e-02 |102  0.00586  1.74790e-01
103  0.03350 -4.31508e-02 |104  0.02833 -1.06553e-01 |105  0.00763  2.81287e-02
106 -0.04261 -6.58628e-02 |107  0.15652 -1.71241e-01 |108 -0.41176  2.16326e-01
109 -0.10179 -2.50324e-02 |110 -0.25343 -9.54631e-03 |

 - final statistics:
110 variables; iteration 119; function evaluation 166
Function value 2.0733e+03; maximum gradient component mag 3.1640e-06
Exit code = 1;  converg criter 1.0000e-04
Var    Value     Gradient |Var    Value     Gradient |Var    Value     Gradient
  1 -0.39766 -4.82192e-09 |  2 -0.42664  2.08166e-06 |  3 -0.41216  2.57653e-07
  4 -0.41326  9.98196e-09 |  5 -0.38188 -6.33796e-08 |  6  0.63123  2.34082e-06
  7  0.00586  1.19621e-07 |  8 -0.00462  1.92321e-08 |  9 -0.00552  2.63255e-08
 10 -0.00295  4.47992e-08 | 11  0.00288  1.92797e-08 | 12  0.01652  2.10234e-07
 13  0.01904 -7.17645e-08 | 14 -0.01336 -5.67576e-09 | 15 -0.01733 -3.13007e-08
 16 -0.01527 -4.45236e-08 | 17  0.00186 -2.49277e-08 | 18 -0.00431  2.53546e-08
 19  0.02006 -5.16697e-10 | 20  0.00178 -1.73873e-08 | 21 -0.02925  7.96796e-07
 22  0.00444  1.00798e-07 | 23  0.00085  3.45055e-07 | 24 -0.00351  6.48159e-07
 25 -0.01482  4.00458e-07 | 26 -0.03499  3.15352e-08 | 27  0.00971  6.39282e-07
 28  0.03678 -3.89139e-07 | 29  0.01854 -4.97901e-07 | 30  0.02441 -1.29423e-06
 31 -0.01145 -3.78869e-07 | 32 -0.00164 -6.33414e-07 | 33  0.00198  3.10644e-07
 34  0.02745 -4.01195e-07 | 35  0.02515  1.26560e-06 | 36  0.01004  1.42088e-06
 37 -0.00115 -1.02200e-06 | 38  0.01862  1.10791e-06 | 39  0.00415  2.17675e-06
 40 -0.00669 -1.24935e-06 | 41 -0.03161 -4.47045e-07 | 42  0.01975  5.63213e-07
 43 -0.00911  4.40988e-07 | 44  0.01286  1.38627e-06 | 45 -0.01771  1.81078e-07
 46 -0.01726 -7.83745e-07 | 47 -0.01215 -1.41509e-07 | 48  0.05610  1.05681e-07
 49 -0.05035  1.66106e-07 | 50 -0.06079  5.79298e-07 | 51  0.03055  3.54789e-08
 52  0.00526 -8.47572e-07 | 53 -0.02058 -1.04499e-07 | 54 -0.01186 -1.06434e-07
 55  0.01557  1.81450e-07 | 56 -0.02081 -3.05209e-09 | 57 -0.00234 -3.28138e-07
 58 -0.01151  1.55667e-07 | 59 -0.01637  7.76197e-07 | 60  0.02194 -8.54516e-09
 61  0.00954  6.60732e-09 | 62  0.00581  2.01938e-07 | 63 -0.02873 -1.47111e-06
 64  0.00308  1.16198e-07 | 65  0.03546  3.56291e-08 | 66 -0.02043 -5.32601e-08
 67 -0.00163 -4.55229e-08 | 68  0.00947 -3.78598e-08 | 69  0.00482 -3.11638e-08
 70 -0.00875 -3.23541e-08 | 71  0.01473 -6.51668e-08 | 72 -0.00623 -6.85355e-08
 73  0.00914 -7.20454e-08 | 74 -0.01165 -9.15093e-08 | 75  0.01050 -6.01315e-08
 76 -0.01333 -9.74285e-08 | 77  0.06010 -1.55966e-07 | 78 -0.04459  1.25752e-07
 79  0.03377 -1.24456e-07 | 80  0.00147 -1.25057e-07 | 81 -0.04204 -6.66208e-08
 82 -0.02137 -1.32970e-07 | 83  0.01221 -1.52243e-07 | 84 -0.00444 -1.49934e-07
 85 -0.02618 -9.87290e-08 | 86  0.00114 -1.62777e-07 | 87  0.00521 -1.50043e-07
 88 -0.01215 -1.16239e-07 | 89  0.02715 -1.70011e-07 | 90 -0.01100 -1.45158e-07
 91 -0.02499 -5.90233e-08 | 92  0.05679 -2.62968e-07 | 93  0.05085 -1.75201e-07
 94  0.00154 -9.37874e-08 | 95 -0.02908 -1.27826e-07 | 96 -0.01979 -2.42765e-07
 97  0.01413 -1.84914e-07 | 98  0.00501 -2.43174e-07 | 99 -0.01623 -4.07094e-07
100  0.01126 -2.97200e-07 |101 -0.04043  7.43858e-07 |102  0.00585 -2.27895e-06
103  0.03351  3.25169e-07 |104  0.02834  8.33364e-07 |105  0.00763  3.16405e-06
106 -0.04260 -2.44985e-06 |107  0.15652  7.53721e-07 |108 -0.41176 -1.25201e-06
109 -0.10179 -4.85788e-08 |110 -0.25343  6.10975e-07 |

 - final statistics:
122 variables; iteration 0; function evaluation 0
Function value 2.0733e+03; maximum gradient component mag 3.1633e-06
Exit code = 0;  converg criter 1.0000e-04
Var    Value     Gradient |Var    Value     Gradient |Var    Value     Gradient
  1 -0.39766 -4.79753e-09 |  2 -0.42664  2.08204e-06 |  3 -0.41216  2.57787e-07
  4 -0.41326  9.99068e-09 |  5 -0.38188 -6.33569e-08 |  6  0.63123  2.34092e-06
  7  0.00586  1.19621e-07 |  8 -0.00462  1.92322e-08 |  9 -0.00552  2.63256e-08
 10 -0.00295  4.47993e-08 | 11  0.00288  1.92799e-08 | 12  0.01652  2.09515e-07
 13  0.01904 -7.24835e-08 | 14 -0.01336 -6.39501e-09 | 15 -0.01733 -3.20199e-08
 16 -0.01527 -4.52428e-08 | 17  0.00186 -2.56469e-08 | 18 -0.00431  2.46354e-08
 19  0.02006 -1.23524e-09 | 20  0.00178 -1.81064e-08 | 21 -0.02925  7.96077e-07
 22  0.00444  1.00078e-07 | 23  0.00085  3.44336e-07 | 24 -0.00351  6.47440e-07
 25 -0.01482  3.99739e-07 | 26 -0.03499  3.08171e-08 | 27  0.00971  6.38565e-07
 28  0.03678 -3.89855e-07 | 29  0.01854 -4.98619e-07 | 30  0.02441 -1.29494e-06
 31 -0.01145 -3.79587e-07 | 32 -0.00164 -6.34133e-07 | 33  0.00198  3.09926e-07
 34  0.02745 -4.01911e-07 | 35  0.02515  1.26488e-06 | 36  0.01004  1.42017e-06
 37 -0.00115 -1.02272e-06 | 38  0.01862  1.10719e-06 | 39  0.00415  2.17603e-06
 40 -0.00669 -1.25006e-06 | 41 -0.03161 -4.47763e-07 | 42  0.01975  5.62497e-07
 43 -0.00911  4.40270e-07 | 44  0.01286  1.38555e-06 | 45 -0.01771  1.80360e-07
 46 -0.01726 -7.84462e-07 | 47 -0.01215 -1.42226e-07 | 48  0.05610  1.04971e-07
 49 -0.05035  1.65390e-07 | 50 -0.06079  5.78583e-07 | 51  0.03055  3.47686e-08
 52  0.00526 -8.48286e-07 | 53 -0.02058 -1.05215e-07 | 54 -0.01186 -1.07150e-07
 55  0.01557  1.80736e-07 | 56 -0.02081 -3.76801e-09 | 57 -0.00234 -3.28853e-07
 58 -0.01151  1.54952e-07 | 59 -0.01637  7.75482e-07 | 60  0.02194 -9.25670e-09
 61  0.00954  5.89407e-09 | 62  0.00581  2.01221e-07 | 63 -0.02873 -1.47182e-06
 64  0.00308  1.15484e-07 | 65  0.03546  3.49143e-08 | 66 -0.02043 -5.39760e-08
 67 -0.00163 -4.62373e-08 | 68  0.00947 -3.85738e-08 | 69  0.00482 -3.18796e-08
 70 -0.00875 -3.30688e-08 | 71  0.01473 -6.58814e-08 | 72 -0.00623 -6.92510e-08
 73  0.00914 -7.27592e-08 | 74 -0.01165 -9.22234e-08 | 75  0.01050 -6.08406e-08
 76 -0.01333 -9.81427e-08 | 77  0.06010 -1.56666e-07 | 78 -0.04459  1.25037e-07
 79  0.03377 -1.25165e-07 | 80  0.00147 -1.25772e-07 | 81 -0.04204 -6.73366e-08
 82 -0.02137 -1.33686e-07 | 83  0.01221 -1.52957e-07 | 84 -0.00444 -1.50650e-07
 85 -0.02618 -9.94453e-08 | 86  0.00114 -1.63493e-07 | 87  0.00521 -1.50758e-07
 88 -0.01215 -1.16955e-07 | 89  0.02715 -1.70724e-07 | 90 -0.01100 -1.45873e-07
 91 -0.02499 -5.97396e-08 | 92  0.05679 -2.63675e-07 | 93  0.05085 -1.75913e-07
 94  0.00154 -9.45085e-08 | 95 -0.02908 -1.28544e-07 | 96 -0.01979 -2.43483e-07
 97  0.01413 -1.85631e-07 | 98  0.00501 -2.43893e-07 | 99 -0.01623 -4.07812e-07
100  0.01126 -2.97920e-07 |101 -0.04043  7.43140e-07 |102  0.00585 -2.27967e-06
103  0.03351  3.24451e-07 |104  0.02834  8.32645e-07 |105  0.00763  3.16333e-06
106 -0.04260 -2.45056e-06 |107  0.00000  0.00000e+00 |108  0.00000  0.00000e+00
109  0.00000  0.00000e+00 |110  0.00000  0.00000e+00 |111  0.00000  0.00000e+00
112  0.00000  0.00000e+00 |113  0.00000  0.00000e+00 |114  0.00000  0.00000e+00
115  0.00000  0.00000e+00 |116  0.00000  0.00000e+00 |117  0.00000  0.00000e+00
118  0.00000  0.00000e+00 |119  0.15652  7.53707e-07 |120 -0.41176 -1.25198e-06
121 -0.10179 -4.85835e-08 |122 -0.25343  6.10982e-07 |
size of file gradfil1.tmp = 0
size of file gradfil2.tmp = 0
size of file varssave.tmp = 0
size of file cmpdiff.tmp = 0
