
Initial statistics: 1 variables; iteration 0; function evaluation 0; phase 1
Function value 2.7881774e+03; maximum gradient component mag -1.6302e+04
Var    Value     Gradient |Var    Value     Gradient |Var    Value     Gradient
  1  0.63197 -1.63024e+04 |

 - final statistics:
1 variables; iteration 7; function evaluation 10
Function value 2.6488e+03; maximum gradient component mag -3.3220e-01
Exit code = 1;  converg criter 1.0000e+01
Var    Value     Gradient |Var    Value     Gradient |Var    Value     Gradient
  1  0.65280 -3.32200e-01 |

Initial statistics: 98 variables; iteration 0; function evaluation 0; phase 2
Function value 2.6488096e+03; maximum gradient component mag -1.8067e+03
Var    Value     Gradient |Var    Value     Gradient |Var    Value     Gradient
  1  0.65280 -3.32200e-01 |  2  0.00000 -1.77164e+01 |  3  0.00000  4.81946e+00
  4  0.00000  1.31668e+01 |  5  0.00000  1.11743e+01 |  6  0.00000  4.02634e+01
  7  0.00000  1.30490e+01 |  8  0.00000  6.88516e+01 |  9  0.00000 -4.62030e+01
 10  0.00000 -1.07685e+01 | 11  0.00000 -3.03609e+00 | 12  0.00000  7.80313e+01
 13  0.00000  2.21975e+01 | 14  0.00000 -1.35922e+02 | 15  0.00000 -1.36182e+01
 16  0.00000  3.36981e+01 | 17  0.00000 -4.42339e+02 | 18  0.00000 -6.80424e+01
 19  0.00000 -2.14948e+02 | 20  0.00000  2.94382e+02 | 21  0.00000  9.57720e+01
 22  0.00000  3.71873e+02 | 23  0.00000  3.01009e+02 | 24  0.00000  9.65357e+01
 25  0.00000  2.24062e+02 | 26  0.00000  1.28989e+02 | 27  0.00000  1.35294e+02
 28  0.00000  1.70114e+02 | 29  0.00000  4.54347e+02 | 30  0.00000  5.58101e+01
 31  0.00000  3.39725e+02 | 32  0.00000 -6.42421e+02 | 33  0.00000 -8.69959e+02
 34  0.00000 -3.66915e+01 | 35  0.00000  4.15598e+02 | 36  0.00000  8.59278e+01
 37  0.00000 -1.33552e+02 | 38  0.00000  1.23576e+02 | 39  0.00000  7.26023e+01
 40  0.00000 -1.01849e+03 | 41  0.00000 -5.54910e+02 | 42  0.00000  2.61925e+02
 43  0.00000 -2.75532e+02 | 44  0.00000 -4.65431e+02 | 45  0.00000 -4.51147e+02
 46  0.00000 -2.71746e+02 | 47  0.00000 -6.21904e+02 | 48  0.00000  4.62429e+02
 49  0.00000 -4.96312e+02 | 50  0.00000 -6.93040e+01 | 51  0.00000  2.38866e+02
 52  0.00000 -7.26861e+01 | 53  0.00000 -3.69511e+02 | 54  0.00000  2.22357e+02
 55  0.00000 -1.19313e+02 | 56  0.00000 -4.83602e+02 | 57  0.00000 -4.46624e+02
 58  0.00000 -5.34572e+00 | 59  0.00000  2.32571e+02 | 60  0.00000  2.97829e+02
 61  0.00000 -4.63347e+02 | 62  0.00000 -8.52496e+02 | 63  0.00000 -3.66290e+02
 64  0.00000  2.91585e+02 | 65  0.00000  9.47742e+01 | 66  0.00000  1.00077e+02
 67  0.00000  7.70500e+02 | 68  0.00000  1.13324e+03 | 69  0.00000  6.69626e+02
 70  0.00000 -3.95188e+02 | 71  0.00000 -1.36381e+03 | 72  0.00000  1.09144e+03
 73  0.00000  4.69130e+02 | 74  0.00000  3.73204e+00 | 75  0.00000  3.26194e+02
 76  0.00000  7.81560e+02 | 77  0.00000  1.10991e+03 | 78  0.00000 -1.28096e+03
 79  0.00000  4.09244e+02 | 80  0.00000  4.00735e+02 | 81  0.00000 -4.77371e+01
 82  0.00000  2.55094e+02 | 83  0.00000 -1.80669e+03 | 84  0.00000  7.47084e+02
 85  0.00000  4.74006e+02 | 86  0.00000  3.28800e+02 | 87  0.00000  4.77262e+01
 88  0.00000  3.28088e+02 | 89  0.00000  1.51766e+02 | 90  0.00000 -7.19914e+01
 91  0.00000 -3.23789e+00 | 92  0.00000 -1.50017e+02 | 93  0.00000 -1.92941e+02
 94  0.00000  2.68572e+00 | 95  0.00000 -1.02769e+00 | 96  0.00000 -1.02778e+00
 97  0.81654  1.99127e+01 | 98  0.22185  3.28625e+02 |

Intermediate statistics: 98 variables; iteration 20; function evaluation 32; phase 2
Function value 2.2773430e+03; maximum gradient component mag 7.5818e+02
Var    Value     Gradient |Var    Value     Gradient |Var    Value     Gradient
  1  0.64479  7.58182e+02 |  2  0.07484  1.50399e+02 |  3 -0.00531 -2.49187e+01
  4 -0.01951 -4.75948e+01 |  5  0.00900  1.67704e+01 |  6  0.00046  2.43362e+01
  7  0.01143  3.26936e+01 |  8  0.03197  1.80166e+02 |  9  0.00507 -4.22132e+01
 10 -0.01198 -7.67501e+01 | 11 -0.01336 -8.11709e+01 | 12 -0.02052 -4.34822e+01
 13  0.01296  1.03943e+02 | 14  0.02980  1.35077e+02 | 15  0.00552  3.09322e+01
 16 -0.00848 -5.37152e+01 | 17  0.02703 -4.63131e+01 | 18  0.00252 -3.10862e+01
 19  0.00911 -7.95540e+01 | 20 -0.02385 -1.20212e+01 | 21 -0.00410  2.64640e+01
 22 -0.02632  1.88289e+01 | 23 -0.02346  4.97494e+00 | 24 -0.01002 -1.69233e+01
 25 -0.02086 -1.87579e+01 | 26 -0.01281 -4.77113e+00 | 27 -0.01188  1.27381e+01
 28 -0.01158  4.49621e+01 | 29 -0.03438  5.63682e+01 | 30 -0.00181  6.09751e+01
 31 -0.02651  6.36634e+01 | 32  0.02581 -1.84009e+02 | 33  0.03104 -3.32094e+02
 34 -0.00266 -5.82613e+01 | 35 -0.01954  1.67078e+02 | 36 -0.00330  2.79417e+01
 37  0.00999 -4.57674e+00 | 38 -0.00763  3.26374e+01 | 39 -0.00084  9.07345e+01
 40  0.04766 -1.58625e+02 | 41  0.02041 -2.45101e+02 | 42 -0.04183 -7.23003e+01
 43  0.00862 -1.43732e+02 | 44  0.01401 -2.33298e+02 | 45  0.01587 -1.65073e+02
 46  0.00782 -8.20113e+01 | 47  0.03029 -1.98231e+01 | 48 -0.02243  2.54302e+02
 49  0.01746 -1.03810e+02 | 50  0.00427  7.75714e+01 | 51 -0.00585  1.88703e+02
 52 -0.00642 -1.54109e+02 | 53  0.01145 -4.05437e+01 | 54 -0.00696  6.63463e+01
 55  0.00227 -3.83415e+01 | 56  0.01188 -1.12409e+02 | 57  0.01186 -9.78432e+01
 58  0.00075 -2.80366e+00 | 59 -0.00407  7.80089e+01 | 60 -0.00652  8.26079e+01
 61  0.01307 -9.60049e+01 | 62  0.02382 -7.14438e+01 | 63  0.01455  6.88759e+01
 64 -0.00167  1.93542e+02 | 65  0.00430  1.40905e+02 | 66 -0.00125 -4.47221e+01
 67 -0.01600  2.02912e+02 | 68 -0.02222  3.80913e+02 | 69 -0.01425  1.61577e+02
 70  0.00551 -2.69123e+02 | 71  0.03112 -2.65670e+02 | 72 -0.02698  3.10819e+02
 73 -0.00615  1.47751e+02 | 74  0.00073 -1.13391e+02 | 75 -0.00437  4.81221e+01
 76 -0.01511  2.14295e+02 | 77 -0.02693  3.56354e+02 | 78  0.03359 -1.45886e+02
 79 -0.00980  7.96695e+01 | 80 -0.00780  7.28967e+01 | 81  0.00324 -7.82435e+01
 82 -0.00265  1.53241e+02 | 83  0.03708 -6.40358e+02 | 84 -0.01933  2.62380e+02
 85 -0.01294  7.03855e+01 | 86 -0.00892  3.38054e+01 | 87  0.00251  3.11405e+01
 88 -0.01555 -3.88452e+01 | 89 -0.00725 -3.78483e+01 | 90  0.00000 -1.11177e+02
 91  0.00377 -1.22785e+01 | 92 -0.00465 -1.75122e+02 | 93  0.07805  2.22706e+02
 94 -0.09092 -1.59381e+02 | 95 -0.00612 -3.15000e+01 | 96 -0.00612 -3.14959e+01
 97  0.79915 -1.18626e+02 | 98  0.22388  2.20625e+02 |
98 variables; iteration 40; function evaluation 60; phase 2
Function value 2.2183634e+03; maximum gradient component mag 2.1591e+03
Var    Value     Gradient |Var    Value     Gradient |Var    Value     Gradient
  1  0.63895  2.15912e+03 |  2 -0.00158 -8.52474e+01 |  3 -0.00313 -6.61151e+01
  4 -0.00256 -5.68199e+01 |  5 -0.00691 -6.96810e+01 |  6 -0.01269 -5.64177e+01
  7 -0.00232 -5.72626e+01 |  8 -0.03538 -9.88736e+01 |  9  0.01503 -4.62778e+01
 10  0.01203 -1.51120e+01 | 11  0.00441 -3.95563e+01 | 12 -0.01180 -4.37363e+01
 13 -0.00367 -5.58321e+01 | 14  0.01197 -8.35099e+01 | 15 -0.00108 -6.44515e+01
 16 -0.00716 -7.01078e+01 | 17  0.02649 -6.31253e+01 | 18  0.00326 -3.14491e+01
 19  0.01336 -6.74071e+00 | 20 -0.02640 -5.53755e+01 | 21 -0.01021 -6.59198e+01
 22 -0.03196 -6.33827e+01 | 23 -0.02718 -5.22305e+01 | 24 -0.01215 -4.88143e+01
 25 -0.02208 -3.93773e+01 | 26 -0.01582 -4.92179e+01 | 27 -0.01663 -6.02118e+01
 28 -0.01947 -7.56629e+01 | 29 -0.04665 -8.87265e+01 | 30 -0.00988 -8.17613e+01
 31 -0.03660 -6.08261e+01 | 32  0.03788  7.71160e+01 | 33  0.05100  1.47517e+02
 34  0.00256 -1.69685e+01 | 35 -0.04094 -6.98318e+01 | 36 -0.00804 -7.52167e+01
 37  0.00922 -5.84809e+01 | 38 -0.01100 -4.62354e+01 | 39 -0.00987 -5.09544e+01
 40  0.05686  7.58049e+01 | 41  0.03859  7.89832e+01 | 42 -0.02876 -1.99769e+00
 43  0.02077  3.17786e+01 | 44  0.03070  5.10906e+01 | 45  0.02642  2.01469e+01
 46  0.01453  1.76926e+01 | 47  0.02934 -3.69542e+01 | 48 -0.04935 -2.15181e+01
 49  0.02722  1.17501e+02 | 50  0.00207  2.49290e+01 | 51 -0.01444  2.42846e+01
 52  0.00553  7.78688e+01 | 53  0.01455  2.33868e+01 | 54 -0.00434  1.01367e+02
 55  0.00805  1.08307e+02 | 56  0.01708  3.00321e+01 | 57  0.01668  4.05113e+01
 58  0.00554  9.03451e+01 | 59 -0.00318  6.94282e+01 | 60 -0.00461  8.94865e+01
 61  0.01876  7.53161e+01 | 62  0.02488 -7.12599e+01 | 63  0.01210 -5.54401e+01
 64 -0.00818 -3.96882e+01 | 65 -0.00148 -7.74556e+01 | 66  0.00468  6.28480e+01
 67 -0.02119  2.26420e+01 | 68 -0.03823 -8.50688e+00 | 69 -0.01243  1.62703e+02
 70  0.02335  3.52957e+02 | 71  0.03890  1.16765e+02 | 72 -0.03531  9.35132e+01
 73 -0.00956 -1.10554e+01 | 74  0.00306 -1.16807e+02 | 75 -0.00355  8.23284e+00
 76 -0.01929  4.79072e+01 | 77 -0.03566  1.46696e+02 | 78  0.04031  1.06100e+02
 79 -0.00518  1.40692e+02 | 80 -0.00664  3.43532e+01 | 81  0.01081  7.11185e+01
 82 -0.00518  5.03197e+01 | 83  0.06185  6.17291e+02 | 84 -0.03644 -6.72454e+01
 85 -0.01078  2.48786e+01 | 86 -0.00976 -9.51640e+01 | 87 -0.00199 -1.79228e+02
 88 -0.01390 -1.03616e+02 | 89 -0.00310 -3.68373e+01 | 90  0.00489 -1.01701e+02
 91  0.00107 -6.13662e+01 | 92  0.02009 -4.89936e+01 | 93  0.03444 -7.51813e+01
 94  0.01119 -4.30448e+01 | 95  0.00205 -6.23239e+01 | 96  0.00205 -6.23254e+01
 97  0.82567  1.03523e+02 | 98  0.20659 -9.53987e+01 |
98 variables; iteration 60; function evaluation 85; phase 2
Function value 2.2059904e+03; maximum gradient component mag 6.6680e+02
Var    Value     Gradient |Var    Value     Gradient |Var    Value     Gradient
  1  0.63433  6.66797e+02 |  2  0.00386 -3.08121e+01 |  3 -0.00075 -1.79567e+01
  4 -0.00669 -2.30618e+01 |  5  0.00117 -8.02113e+00 |  6 -0.01963 -3.09044e+01
  7 -0.02341 -7.32137e+01 |  8 -0.01614 -4.41459e+00 |  9  0.01422 -1.30308e+01
 10  0.01236  2.20039e+01 | 11  0.00597  3.54975e+00 | 12 -0.01214 -9.54472e+00
 13  0.00366  2.50252e+01 | 14  0.01419 -3.71049e+01 | 15 -0.00194 -4.46237e+01
 16 -0.00686 -4.14496e+01 | 17  0.02783 -3.27432e+01 | 18  0.00366 -1.00808e+01
 19  0.01194 -2.20544e+01 | 20 -0.02373 -1.38769e+00 | 21 -0.00786 -1.33031e+01
 22 -0.03034 -1.85036e+01 | 23 -0.02759 -3.04981e+01 | 24 -0.01071 -9.12273e+00
 25 -0.02457 -4.57747e+01 | 26 -0.01487 -1.41971e+01 | 27 -0.01457 -9.50432e+00
 28 -0.01808 -3.06152e+01 | 29 -0.04291 -2.13036e+01 | 30 -0.00853 -3.71009e+01
 31 -0.03616 -2.55051e+01 | 32  0.03482  4.79892e+00 | 33  0.04758  4.13876e+01
 34  0.00103 -2.00758e+01 | 35 -0.03812 -1.56754e+01 | 36 -0.00752 -4.52064e+01
 37  0.01196 -2.72415e+00 | 38 -0.00820  6.27353e+00 | 39 -0.00923 -2.69456e+01
 40  0.05639  1.80350e+01 | 41  0.03615  4.18543e+00 | 42 -0.02770  2.44720e+01
 43  0.02068  1.50428e+01 | 44  0.03116  2.97556e+01 | 45  0.02846  2.72514e+01
 46  0.01582  1.79865e+01 | 47  0.03383  1.32406e+01 | 48 -0.04747  9.29118e+00
 49  0.02587  2.80149e+01 | 50  0.00371  2.46874e+01 | 51 -0.01379  1.99241e+01
 52  0.00554  4.03986e+01 | 53  0.01672  3.18300e+01 | 54 -0.00605  2.93530e+01
 55  0.00834  6.62277e+01 | 56  0.01900  3.10818e+01 | 57  0.01755  3.90942e+00
 58  0.00443  1.32018e+01 | 59 -0.00211  5.35114e+01 | 60 -0.00567  2.60865e+01
 61  0.01913  1.25549e+01 | 62  0.02827 -2.30619e+01 | 63  0.01521 -1.42030e+01
 64 -0.00596 -1.35745e+01 | 65  0.00322  8.66627e+00 | 66  0.00443  6.23916e+00
 67 -0.01955  3.44328e+01 | 68 -0.03652  1.14942e+01 | 69 -0.01506  6.00211e+01
 70  0.01894  8.37627e+01 | 71  0.03986  2.49928e+01 | 72 -0.03715  5.58190e+01
 73 -0.00781  5.45108e+00 | 74  0.00718 -2.85854e+01 | 75 -0.00296 -9.90291e+00
 76 -0.01980  1.71135e+01 | 77 -0.04031  7.07228e+01 | 78  0.04026 -7.68406e-01
 79 -0.00848  4.37461e+01 | 80 -0.00688  1.54210e+01 | 81  0.00886 -1.03735e+01
 82 -0.00574  2.27832e+01 | 83  0.05400  5.26204e+01 | 84 -0.03351 -1.22751e+01
 85 -0.01138  3.23687e+01 | 86 -0.00827 -2.87370e+01 | 87  0.00255 -3.66779e+01
 88 -0.01186 -2.32640e+01 | 89 -0.00521 -3.06488e+01 | 90  0.00740 -1.16559e+01
 91  0.00158 -1.28962e+01 | 92  0.01664 -3.52942e+01 | 93  0.03640 -2.52218e+01
 94  0.00431 -8.93260e+00 | 95 -0.01811 -4.79970e+01 | 96 -0.01811 -4.79936e+01
 97  0.82569  4.42801e+01 | 98  0.20917 -2.73196e+01 |
Maximum number of function evaluations exceeded

 - final statistics:
98 variables; iteration 71; function evaluation 100
Function value 2.2035e+03; maximum gradient component mag 2.3585e+02
Exit code = 3;  converg criter 1.0000e+01
Var    Value     Gradient |Var    Value     Gradient |Var    Value     Gradient
  1  0.63476  2.35848e+02 |  2  0.00665 -1.27667e+01 |  3  0.00328  2.84200e+00
  4 -0.01265 -2.33759e+01 |  5 -0.00797 -1.76111e+01 |  6 -0.01364 -4.57111e+00
  7 -0.01009 -2.65207e+01 |  8 -0.01860  2.46513e-01 |  9  0.01845  1.59896e+01
 10  0.00677  6.08260e+00 | 11  0.00232 -4.86662e+00 | 12 -0.01319 -4.14624e+00
 13 -0.00058  6.51150e+00 | 14  0.01682 -4.19850e+00 | 15 -0.00108 -2.72158e+01
 16 -0.00369  2.79359e-02 | 17  0.02850 -1.14179e+01 | 18  0.00337 -4.75786e+00
 19  0.01223 -1.03168e+01 | 20 -0.02531 -9.54835e+00 | 21 -0.00803 -8.56139e+00
 22 -0.02896  5.87831e+00 | 23 -0.02542  2.79809e+00 | 24 -0.01095 -4.85301e+00
 25 -0.02340 -2.36970e+01 | 26 -0.01395  5.53998e+00 | 27 -0.01384  7.53044e+00
 28 -0.01782 -1.98643e+01 | 29 -0.04363 -1.86017e+01 | 30 -0.00825 -2.58414e+01
 31 -0.03570 -1.16479e+01 | 32  0.03478  7.75755e+00 | 33  0.04592  1.72407e+00
 34  0.00009 -2.44501e+01 | 35 -0.03716  2.30298e+00 | 36 -0.00712 -3.23108e+01
 37  0.01097 -1.14191e+01 | 38 -0.00906  4.41238e+00 | 39 -0.00720  2.81684e+00
 40  0.05526 -1.51555e+01 | 41  0.03570 -5.88554e+00 | 42 -0.02998  1.42370e+01
 43  0.01924 -7.30698e+00 | 44  0.02980  1.28192e+00 | 45  0.02800  1.46073e+01
 46  0.01527  7.32270e+00 | 47  0.03400  8.51019e+00 | 48 -0.04839  8.92464e+00
 49  0.02526  6.22264e+00 | 50  0.00396  2.68269e+01 | 51 -0.01463  8.72045e+00
 52  0.00507  2.74491e+01 | 53  0.01626  1.30149e+01 | 54 -0.00757 -5.62515e+00
 55  0.00718  2.94834e+01 | 56  0.01856  1.17038e+01 | 57  0.01749 -3.57278e+00
 58  0.00421  5.36654e+00 | 59 -0.00292  3.21448e+01 | 60 -0.00671  1.38178e+00
 61  0.01910  5.08763e+00 | 62  0.02885 -6.73849e+00 | 63  0.01578  1.33351e+00
 64 -0.00568 -5.07603e+00 | 65  0.00307  3.45543e+00 | 66  0.00409 -5.15312e+00
 67 -0.02029  2.09988e+01 | 68 -0.03750 -1.10958e+00 | 69 -0.01707  1.50810e+01
 70  0.01750  2.43898e+01 | 71  0.03938 -1.28723e+01 | 72 -0.03855  3.92229e+01
 73 -0.00822 -1.26881e+00 | 74  0.00736 -1.85896e+01 | 75 -0.00275 -4.50358e-02
 76 -0.02015  1.51165e+01 | 77 -0.04345  3.26294e+01 | 78  0.04021 -8.36559e+00
 79 -0.00981  1.90354e+01 | 80 -0.00818 -7.64225e+00 | 81  0.00888 -4.88073e+00
 82 -0.00621  2.12899e+01 | 83  0.05368  3.79938e+01 | 84 -0.03373 -4.67686e+00
 85 -0.01226  2.61301e+01 | 86 -0.00838 -1.72455e+01 | 87  0.00298 -1.14016e+01
 88 -0.01180 -6.24111e+00 | 89 -0.00543 -1.87723e+01 | 90  0.00810  1.74235e+01
 91  0.00100 -3.42156e+00 | 92  0.01895 -2.01164e+00 | 93  0.03637 -1.42556e+01
 94 -0.00047 -3.89168e+00 | 95 -0.00660 -1.74333e+01 | 96 -0.00660 -1.74308e+01
 97  0.82136 -2.19438e+00 | 98  0.21019 -8.02480e+00 |

Initial statistics: 100 variables; iteration 0; function evaluation 0; phase 3
Function value 2.2034707e+03; maximum gradient component mag 2.3585e+02
Var    Value     Gradient |Var    Value     Gradient |Var    Value     Gradient
  1  0.63476  2.35848e+02 |  2  0.00665 -1.27708e+01 |  3  0.00328  2.83791e+00
  4 -0.01265 -2.33800e+01 |  5 -0.00797 -1.76152e+01 |  6 -0.01364 -4.57519e+00
  7 -0.01009 -2.65248e+01 |  8 -0.01860  2.42427e-01 |  9  0.01845  1.59855e+01
 10  0.00677  6.07852e+00 | 11  0.00232 -4.87071e+00 | 12 -0.01319 -4.15033e+00
 13 -0.00058  6.50741e+00 | 14  0.01682 -4.20259e+00 | 15 -0.00108 -2.72199e+01
 16 -0.00369  2.38482e-02 | 17  0.02850 -1.14220e+01 | 18  0.00337 -4.76195e+00
 19  0.01223 -1.03209e+01 | 20 -0.02531 -9.55243e+00 | 21 -0.00803 -8.56547e+00
 22 -0.02896  5.87423e+00 | 23 -0.02542  2.79401e+00 | 24 -0.01095 -4.85709e+00
 25 -0.02340 -2.37010e+01 | 26 -0.01395  5.53589e+00 | 27 -0.01384  7.52636e+00
 28 -0.01782 -1.98683e+01 | 29 -0.04363 -1.86058e+01 | 30 -0.00825 -2.58455e+01
 31 -0.03570 -1.16519e+01 | 32  0.03478  7.75346e+00 | 33  0.04592  1.72000e+00
 34  0.00009 -2.44542e+01 | 35 -0.03716  2.29889e+00 | 36 -0.00712 -3.23149e+01
 37  0.01097 -1.14232e+01 | 38 -0.00906  4.40829e+00 | 39 -0.00720  2.81275e+00
 40  0.05526 -1.51596e+01 | 41  0.03570 -5.88962e+00 | 42 -0.02998  1.42329e+01
 43  0.01924 -7.31106e+00 | 44  0.02980  1.27784e+00 | 45  0.02800  1.46032e+01
 46  0.01526  7.31861e+00 | 47  0.03400  8.50611e+00 | 48 -0.04839  8.92057e+00
 49  0.02526  6.21856e+00 | 50  0.00396  2.68228e+01 | 51 -0.01463  8.71636e+00
 52  0.00507  2.74450e+01 | 53  0.01626  1.30108e+01 | 54 -0.00757 -5.62924e+00
 55  0.00718  2.94793e+01 | 56  0.01856  1.16997e+01 | 57  0.01749 -3.57687e+00
 58  0.00421  5.36245e+00 | 59 -0.00292  3.21407e+01 | 60 -0.00671  1.37769e+00
 61  0.01910  5.08354e+00 | 62  0.02885 -6.74257e+00 | 63  0.01578  1.32942e+00
 64 -0.00568 -5.08012e+00 | 65  0.00307  3.45134e+00 | 66  0.00409 -5.15721e+00
 67 -0.02029  2.09947e+01 | 68 -0.03750 -1.11366e+00 | 69 -0.01707  1.50770e+01
 70  0.01750  2.43857e+01 | 71  0.03938 -1.28763e+01 | 72 -0.03855  3.92188e+01
 73 -0.00822 -1.27290e+00 | 74  0.00736 -1.85937e+01 | 75 -0.00275 -4.91235e-02
 76 -0.02015  1.51124e+01 | 77 -0.04345  3.26253e+01 | 78  0.04021 -8.36967e+00
 79 -0.00981  1.90313e+01 | 80 -0.00818 -7.64634e+00 | 81  0.00888 -4.88482e+00
 82 -0.00621  2.12858e+01 | 83  0.05368  3.79897e+01 | 84 -0.03373 -4.68094e+00
 85 -0.01226  2.61260e+01 | 86 -0.00838 -1.72496e+01 | 87  0.00298 -1.14057e+01
 88 -0.01180 -6.24519e+00 | 89 -0.00543 -1.87764e+01 | 90  0.00810  1.74195e+01
 91  0.00100 -3.42565e+00 | 92  0.01895 -2.01573e+00 | 93  0.03637 -1.42596e+01
 94 -0.00047 -3.89577e+00 | 95 -0.00660 -1.74374e+01 | 96 -0.00660 -1.74349e+01
 97  0.82136 -2.19438e+00 | 98 -0.41581  1.97914e+02 | 99  0.21019 -8.02480e+00
100 -0.25275  1.70635e+02 |

Intermediate statistics: 100 variables; iteration 20; function evaluation 23; phase 3
Function value 2.2022626e+03; maximum gradient component mag 3.8066e+02
Var    Value     Gradient |Var    Value     Gradient |Var    Value     Gradient
  1  0.63625  3.80657e+02 |  2  0.00970 -1.03448e+01 |  3 -0.00101 -9.98121e+00
  4 -0.00484 -1.06027e+01 |  5 -0.00342 -1.07958e+01 |  6 -0.01418 -9.72170e+00
  7 -0.00373 -1.27469e+01 |  8 -0.02019 -8.27009e+00 |  9  0.01610  1.58459e+00
 10  0.00583 -2.41383e+00 | 11  0.00277 -6.99482e+00 | 12 -0.01286 -6.96477e+00
 13 -0.00064  1.56680e+00 | 14  0.01728 -4.56760e+00 | 15 -0.00038 -2.51560e+01
 16 -0.00357 -1.72797e+00 | 17  0.02859 -1.02753e+01 | 18  0.00342 -6.11338e+00
 19  0.01233 -1.08683e+01 | 20 -0.02521 -1.15659e+01 | 21 -0.00795 -1.03807e+01
 22 -0.02883  4.28636e+00 | 23 -0.02527  1.41186e+00 | 24 -0.01081 -5.89739e+00
 25 -0.02332 -2.58256e+01 | 26 -0.01369  6.27855e+00 | 27 -0.01358  8.61475e+00
 28 -0.01775 -2.10378e+01 | 29 -0.04335 -1.86795e+01 | 30 -0.00829 -2.77233e+01
 31 -0.03548 -1.19969e+01 | 32  0.03458  4.61926e+00 | 33  0.04590  4.19470e+00
 34 -0.00002 -2.54180e+01 | 35 -0.03735 -4.87793e-01 | 36 -0.00731 -3.40458e+01
 37  0.01075 -1.26843e+01 | 38 -0.00917  3.82290e+00 | 39 -0.00731  2.75335e+00
 40  0.05601  1.44410e+01 | 41  0.03567  7.06858e-01 | 42 -0.03080  8.55999e+00
 43  0.01887 -6.67731e+00 | 44  0.02959  6.37314e+00 | 45  0.02773  1.96478e+01
 46  0.01500  1.18751e+01 | 47  0.03392  2.15339e+01 | 48 -0.04906  5.56646e+00
 49  0.02517  1.87645e+01 | 50  0.00354  2.90140e+01 | 51 -0.01495  1.01427e+01
 52  0.00429  2.00328e+01 | 53  0.01599  1.83409e+01 | 54 -0.00776  4.14667e+00
 55  0.00621  1.63843e+01 | 56  0.01818  2.08565e+01 | 57  0.01784  2.41184e+01
 58  0.00383  1.07802e+01 | 59 -0.00407  1.49367e+01 | 60 -0.00718  2.65796e+00
 61  0.01888  1.24860e+01 | 62  0.02813 -1.31669e+01 | 63  0.01564  1.09485e+01
 64 -0.00582  4.65123e+00 | 65  0.00291  1.16477e+01 | 66  0.00403  9.37773e+00
 67 -0.02112  1.08982e+01 | 68 -0.03823 -7.09250e+00 | 69 -0.01782  4.49071e+00
 70  0.01666  1.07188e+01 | 71  0.03929  2.83257e+00 | 72 -0.03900  3.78066e+01
 73 -0.00845  1.87278e+00 | 74  0.00781  1.29557e+01 | 75 -0.00297  3.64091e+00
 76 -0.02115  3.58582e+00 | 77 -0.04361  3.23571e+01 | 78  0.04004  7.98356e+00
 79 -0.01072  5.79296e+00 | 80 -0.00860 -6.39574e+00 | 81  0.00873  1.69531e+00
 82 -0.00739  5.09165e+00 | 83  0.05309  3.03825e+01 | 84 -0.03457 -1.13085e+01
 85 -0.01333  1.28556e+01 | 86 -0.00904 -1.74325e+01 | 87  0.00258 -5.99198e+00
 88 -0.01272 -8.11020e+00 | 89 -0.00641 -2.35892e+01 | 90  0.00647  6.58332e+00
 91 -0.00039 -1.18887e+01 | 92  0.01679 -1.16626e+01 | 93  0.03507 -1.75367e+01
 94 -0.00160 -1.05157e+01 | 95  0.00090 -9.83433e+00 | 96  0.00090 -9.83465e+00
 97  0.78913  3.09121e+00 | 98 -0.42151 -3.85415e+01 | 99  0.19391 -2.67092e+01
100 -0.25839  9.55918e+01 |
100 variables; iteration 40; function evaluation 49; phase 3
Function value 2.2018290e+03; maximum gradient component mag 1.1087e+02
Var    Value     Gradient |Var    Value     Gradient |Var    Value     Gradient
  1  0.63571  1.10868e+02 |  2  0.00874 -4.80215e+00 |  3  0.00185  3.51989e+00
  4 -0.00759 -9.01393e+00 |  5 -0.00303 -2.43798e+00 |  6 -0.01381 -1.39278e+00
  7 -0.00248 -1.88417e+00 |  8 -0.02167 -5.04369e+00 |  9  0.01666  1.09535e+01
 10  0.00384 -4.30042e+00 | 11  0.00115 -8.03262e+00 | 12 -0.01446 -7.56147e+00
 13 -0.00115  5.26391e+00 | 14  0.01700 -3.02179e-01 | 15  0.00219  4.84053e+00
 16 -0.00333  7.74594e+00 | 17  0.02849 -6.23893e+00 | 18  0.00319 -3.26869e+00
 19  0.01256 -1.52164e+00 | 20 -0.02532 -6.44559e+00 | 21 -0.00814 -7.55057e+00
 22 -0.02898  8.42806e+00 | 23 -0.02565  2.79131e+00 | 24 -0.01111 -4.75930e+00
 25 -0.02178 -1.96565e+00 | 26 -0.01421  4.03918e+00 | 27 -0.01458  5.86918e-01
 28 -0.01637  8.32263e-01 | 29 -0.04237 -3.82450e+00 | 30 -0.00727 -9.11896e+00
 31 -0.03490 -1.73358e+00 | 32  0.03435 -1.41033e+00 | 33  0.04579 -7.36064e-01
 34  0.00183  1.17762e+00 | 35 -0.03830 -3.04654e+00 | 36 -0.00628 -1.89408e+01
 37  0.01107 -7.05917e+00 | 38 -0.01000 -3.11676e+00 | 39 -0.00794 -2.16875e+00
 40  0.05623  1.26627e+01 | 41  0.03569 -2.70788e+00 | 42 -0.03142  7.42475e+00
 43  0.01877 -1.07299e+01 | 44  0.02989  5.86972e+00 | 45  0.02731  5.66165e+00
 46  0.01474  2.56219e+00 | 47  0.03377  6.82396e+00 | 48 -0.04961  3.54239e+00
 49  0.02498  2.43650e+00 | 50  0.00296  1.14070e+01 | 51 -0.01520  2.29170e+00
 52  0.00416  8.47068e+00 | 53  0.01574 -4.29995e-01 | 54 -0.00801 -6.37576e+00
 55  0.00598  8.11298e-01 | 56  0.01850  1.92408e+01 | 57  0.01749  5.96870e-01
 58  0.00404  8.02578e+00 | 59 -0.00417  5.50724e+00 | 60 -0.00743 -8.81261e+00
 61  0.01850 -1.33574e+01 | 62  0.02887  1.73724e+00 | 63  0.01558 -2.40624e+00
 64 -0.00593 -4.53099e+00 | 65  0.00227 -1.57668e+01 | 66  0.00402 -3.43760e-01
 67 -0.02161 -2.63262e+00 | 68 -0.03797 -1.97663e+00 | 69 -0.01736  1.17002e+01
 70  0.01673  5.35317e+00 | 71  0.03966  1.71554e+00 | 72 -0.04122  2.80447e+00
 73 -0.00815  4.80702e+00 | 74  0.00790  1.08623e+01 | 75 -0.00271  5.58764e+00
 76 -0.02153 -5.19539e+00 | 77 -0.04542  8.16462e+00 | 78  0.04015  1.18424e+00
 79 -0.01107 -2.46826e+00 | 80 -0.00816  4.15980e+00 | 81  0.00869 -2.02372e+00
 82 -0.00752  3.14348e+00 | 83  0.05288  7.53555e+00 | 84 -0.03432 -4.08383e+00
 85 -0.01381  5.99334e+00 | 86 -0.00876 -7.71685e+00 | 87  0.00280  1.82517e+00
 88 -0.01298 -7.21464e+00 | 89 -0.00555 -5.12689e+00 | 90  0.00601  2.98851e+00
 91  0.00070  3.66506e+00 | 92  0.01705 -1.58672e+00 | 93  0.03814  5.09156e+00
 94 -0.00175 -3.23787e+00 | 95  0.00182 -6.60942e-01 | 96  0.00182 -6.61624e-01
 97  0.79471  5.27906e+00 | 98 -0.42066 -3.03677e+01 | 99  0.19161 -1.94240e+01
100 -0.25953  4.85402e+01 |
100 variables; iteration 60; function evaluation 77; phase 3
Function value 2.2016608e+03; maximum gradient component mag 8.0538e+00
Var    Value     Gradient |Var    Value     Gradient |Var    Value     Gradient
  1  0.63521  8.05377e+00 |  2  0.00975  1.92021e-03 |  3 -0.00095  3.91790e-01
  4 -0.00535 -1.53386e+00 |  5 -0.00300  2.38481e-01 |  6 -0.01417  3.32883e-01
  7 -0.00271 -1.06387e-01 |  8 -0.02027  1.34457e+00 |  9  0.01415  2.16258e+00
 10  0.00441  1.75834e-01 | 11  0.00247  2.17502e-01 | 12 -0.01336 -3.98067e-01
 13 -0.00215  3.35171e-01 | 14  0.01683 -1.38136e+00 | 15  0.00162  4.95032e-01
 16 -0.00397  2.14796e+00 | 17  0.02882 -8.41698e-01 | 18  0.00334 -4.17612e-01
 19  0.01258 -3.96128e-01 | 20 -0.02475  1.33177e+00 | 21 -0.00778 -1.27054e+00
 22 -0.02977  1.07164e+00 | 23 -0.02589  1.46774e+00 | 24 -0.01092 -9.15380e-01
 25 -0.02173 -2.84731e-02 | 26 -0.01452  8.63710e-01 | 27 -0.01462  6.96182e-01
 28 -0.01645  8.10243e-01 | 29 -0.04216 -1.53662e-01 | 30 -0.00675 -1.25845e+00
 31 -0.03483  2.50894e-01 | 32  0.03454 -1.85306e-01 | 33  0.04600 -4.20286e-01
 34  0.00198  2.16976e+00 | 35 -0.03800  2.90725e-01 | 36 -0.00492 -2.55776e+00
 37  0.01163  5.04151e-01 | 38 -0.00978 -7.67072e-01 | 39 -0.00777 -8.30479e-01
 40  0.05607  2.01940e+00 | 41  0.03601 -6.64223e-01 | 42 -0.03248  6.05567e-01
 43  0.01962 -8.26519e-01 | 44  0.02979  7.37050e-01 | 45  0.02727  1.03240e+00
 46  0.01489  1.57536e+00 | 47  0.03369 -1.17387e+00 | 48 -0.05000  1.03943e+00
 49  0.02512 -1.15610e+00 | 50  0.00252 -4.04299e-01 | 51 -0.01510  9.12823e-01
 52  0.00395 -5.47314e-01 | 53  0.01592 -9.46480e-01 | 54 -0.00762 -4.14135e-01
 55  0.00615  4.32156e-02 | 56  0.01818  2.18246e+00 | 57  0.01772 -1.99390e-01
 58  0.00392 -1.13874e-01 | 59 -0.00427 -1.14010e+00 | 60 -0.00699 -1.74716e+00
 61  0.01901 -2.72620e+00 | 62  0.02904  1.96483e-01 | 63  0.01583 -8.99126e-01
 64 -0.00565 -8.30908e-01 | 65  0.00286 -4.12103e+00 | 66  0.00417 -4.75017e-02
 67 -0.02141 -1.07232e+00 | 68 -0.03778 -3.70706e-01 | 69 -0.01769  1.38404e+00
 70  0.01677  2.59779e-01 | 71  0.03982 -2.42334e-01 | 72 -0.04135  2.18584e-01
 73 -0.00816  8.25734e-01 | 74  0.00776  1.02422e+00 | 75 -0.00276  2.09400e-01
 76 -0.02131 -2.99733e+00 | 77 -0.04588  1.60752e+00 | 78  0.04028 -5.69591e-01
 79 -0.01079  1.77000e+00 | 80 -0.00817  2.35033e+00 | 81  0.00882 -1.47645e+00
 82 -0.00754  1.59817e+00 | 83  0.05289  3.55348e-01 | 84 -0.03407  2.37887e-01
 85 -0.01403  2.30095e+00 | 86 -0.00842  4.95299e-02 | 87  0.00269  8.15049e-01
 88 -0.01281 -1.46553e+00 | 89 -0.00555 -2.21077e+00 | 90  0.00570  4.84078e-01
 91 -0.00002 -1.64792e+00 | 92  0.01701  8.79548e-01 | 93  0.03714  1.94241e+00
 94 -0.00288 -2.06100e+00 | 95  0.00033  1.77292e-02 | 96  0.00033  1.73983e-02
 97  0.79593  2.96774e-01 | 98 -0.42043 -1.92402e+00 | 99  0.19206 -3.12082e+00
100 -0.25954  6.92131e+00 |
Maximum number of function evaluations exceeded

 - final statistics:
100 variables; iteration 76; function evaluation 100
Function value 2.2017e+03; maximum gradient component mag 3.0791e+00
Exit code = 3;  converg criter 1.0000e+00
Var    Value     Gradient |Var    Value     Gradient |Var    Value     Gradient
  1  0.63516  3.07914e+00 |  2  0.00997  5.56086e-01 |  3 -0.00100  3.86615e-01
  4 -0.00491 -4.74250e-01 |  5 -0.00314  8.75528e-03 |  6 -0.01421  3.28477e-01
  7 -0.00275 -1.57412e-01 |  8 -0.02063  4.10671e-01 |  9  0.01379  6.55694e-01
 10  0.00436 -4.06269e-02 | 11  0.00255  6.28117e-01 | 12 -0.01354 -1.26577e+00
 13 -0.00215  2.76680e-01 | 14  0.01696 -2.54494e-01 | 15  0.00162  4.46957e-01
 16 -0.00416  3.08744e-01 | 17  0.02886 -1.83161e-01 | 18  0.00337  5.05673e-02
 19  0.01260 -6.94484e-03 | 20 -0.02479  9.89877e-01 | 21 -0.00774 -6.12618e-01
 22 -0.02986  1.24201e-01 | 23 -0.02596  8.40771e-01 | 24 -0.01090 -5.44973e-01
 25 -0.02173  5.99471e-02 | 26 -0.01451  1.08306e+00 | 27 -0.01471 -3.26734e-01
 28 -0.01645  8.01285e-01 | 29 -0.04223 -6.37824e-01 | 30 -0.00672 -7.99533e-01
 31 -0.03488 -1.16907e-01 | 32  0.03453 -4.13291e-01 | 33  0.04603  1.22015e-01
 34  0.00185  4.02932e-01 | 35 -0.03805 -1.01519e-01 | 36 -0.00481 -1.14011e+00
 37  0.01160  1.62563e-01 | 38 -0.00974 -3.83646e-01 | 39 -0.00773 -4.63525e-01
 40  0.05604  7.89937e-01 | 41  0.03605 -1.07992e-01 | 42 -0.03262 -3.44584e-01
 43  0.01968 -1.71455e-01 | 44  0.02979  4.38379e-01 | 45  0.02728  9.05908e-01
 46  0.01483  3.08844e-01 | 47  0.03374 -5.44146e-01 | 48 -0.04997  1.27583e+00
 49  0.02516 -4.59456e-01 | 50  0.00255 -1.16446e-01 | 51 -0.01512  5.97080e-01
 52  0.00397 -3.99577e-01 | 53  0.01595 -2.64024e-01 | 54 -0.00760 -2.74663e-01
 55  0.00616  7.67683e-02 | 56  0.01815  8.40796e-01 | 57  0.01774 -3.68829e-02
 58  0.00394  5.04000e-02 | 59 -0.00423 -4.49888e-01 | 60 -0.00693 -5.38080e-01
 61  0.01907 -9.65853e-01 | 62  0.02904  9.50786e-02 | 63  0.01586 -2.83586e-01
 64 -0.00563 -4.55749e-01 | 65  0.00296 -1.41337e+00 | 66  0.00418  3.91551e-02
 67 -0.02139 -7.01131e-01 | 68 -0.03777 -3.10417e-01 | 69 -0.01771  6.34284e-01
 70  0.01678  1.08700e-01 | 71  0.03984 -7.55398e-02 | 72 -0.04134  2.56997e-01
 73 -0.00817  3.22037e-01 | 74  0.00776  4.04176e-01 | 75 -0.00276 -1.29663e-02
 76 -0.02118 -5.70072e-01 | 77 -0.04596  5.90219e-01 | 78  0.04030 -2.04990e-01
 79 -0.01083  6.32022e-01 | 80 -0.00823  8.35695e-01 | 81  0.00887 -5.49484e-01
 82 -0.00758  5.56473e-01 | 83  0.05290  8.61483e-02 | 84 -0.03403  7.37088e-01
 85 -0.01410  8.33799e-01 | 86 -0.00842 -3.35837e-02 | 87  0.00267  1.93840e-01
 88 -0.01278 -8.29623e-01 | 89 -0.00549 -1.16393e+00 | 90  0.00563 -5.14223e-01
 91  0.00007 -4.62107e-01 | 92  0.01692  2.12848e-01 | 93  0.03691  6.22832e-01
 94 -0.00215 -7.54527e-01 | 95  0.00023  4.50713e-03 | 96  0.00023  4.82803e-03
 97  0.79614  1.42838e-01 | 98 -0.42039 -7.04550e-01 | 99  0.19219 -1.04175e+00
100 -0.25951  2.56629e+00 |

Initial statistics: 108 variables; iteration 0; function evaluation 0; phase 4
Function value 2.2016552e+03; maximum gradient component mag -8.3334e+02
Var    Value     Gradient |Var    Value     Gradient |Var    Value     Gradient
  1 -0.42263 -8.47642e+00 |  2 -0.42263 -8.33337e+02 |  3 -0.41094 -2.88222e+02
  4  0.63516  3.07914e+00 |  5  0.00000  2.44578e-01 |  6  0.00000  7.03803e+00
  7  0.00000  8.64445e+00 |  8  0.00000 -3.65283e+01 |  9  0.00000 -1.14605e+01
 10  0.00997  5.54230e-01 | 11 -0.00100  3.84758e-01 | 12 -0.00491 -4.76106e-01
 13 -0.00314  6.89861e-03 | 14 -0.01421  3.26621e-01 | 15 -0.00275 -1.59268e-01
 16 -0.02063  4.08815e-01 | 17  0.01379  6.53837e-01 | 18  0.00436 -4.24835e-02
 19  0.00255  6.26260e-01 | 20 -0.01354 -1.26762e+00 | 21 -0.00215  2.74824e-01
 22  0.01696 -2.56350e-01 | 23  0.00162  4.45100e-01 | 24 -0.00416  3.06888e-01
 25  0.02886 -1.85016e-01 | 26  0.00337  4.87106e-02 | 27  0.01260 -8.80117e-03
 28 -0.02479  9.88021e-01 | 29 -0.00774 -6.14474e-01 | 30 -0.02986  1.22346e-01
 31 -0.02596  8.38916e-01 | 32 -0.01090 -5.46830e-01 | 33 -0.02173  5.80915e-02
 34 -0.01451  1.08120e+00 | 35 -0.01471 -3.28591e-01 | 36 -0.01645  7.99429e-01
 37 -0.04223 -6.39677e-01 | 38 -0.00672 -8.01389e-01 | 39 -0.03488 -1.18761e-01
 40  0.03453 -4.15145e-01 | 41  0.04603  1.20163e-01 | 42  0.00185  4.01075e-01
 43 -0.03805 -1.03372e-01 | 44 -0.00481 -1.14197e+00 | 45  0.01160  1.60707e-01
 46 -0.00974 -3.85503e-01 | 47 -0.00773 -4.65381e-01 | 48  0.05604  7.88088e-01
 49  0.03605 -1.09845e-01 | 50 -0.03262 -3.46438e-01 | 51  0.01968 -1.73311e-01
 52  0.02979  4.36525e-01 | 53  0.02728  9.04053e-01 | 54  0.01483  3.06988e-01
 55  0.03374 -5.46000e-01 | 56 -0.04997  1.27398e+00 | 57  0.02516 -4.61311e-01
 58  0.00255 -1.18303e-01 | 59 -0.01512  5.95224e-01 | 60  0.00397 -4.01434e-01
 61  0.01595 -2.65880e-01 | 62 -0.00760 -2.76520e-01 | 63  0.00616  7.49117e-02
 64  0.01815  8.38941e-01 | 65  0.01774 -3.87388e-02 | 66  0.00394  4.85434e-02
 67 -0.00423 -4.51744e-01 | 68 -0.00693 -5.39937e-01 | 69  0.01907 -9.67709e-01
 70  0.02904  9.32238e-02 | 71  0.01586 -2.85442e-01 | 72 -0.00563 -4.57606e-01
 73  0.00296 -1.41523e+00 | 74  0.00418  3.72985e-02 | 75 -0.02139 -7.02987e-01
 76 -0.03777 -3.12270e-01 | 77 -0.01771  6.32428e-01 | 78  0.01678  1.06844e-01
 79  0.03984 -7.73929e-02 | 80 -0.04134  2.55144e-01 | 81 -0.00817  3.20180e-01
 82  0.00776  4.02319e-01 | 83 -0.00276 -1.48230e-02 | 84 -0.02118 -5.71928e-01
 85 -0.04596  5.88367e-01 | 86  0.04030 -2.06843e-01 | 87 -0.01083  6.30165e-01
 88 -0.00823  8.33838e-01 | 89  0.00887 -5.51340e-01 | 90 -0.00758  5.54617e-01
 91  0.05289  8.42980e-02 | 92 -0.03403  7.35234e-01 | 93 -0.01410  8.31943e-01
 94 -0.00842 -3.54403e-02 | 95  0.00267  1.91983e-01 | 96 -0.01278 -8.31479e-01
 97 -0.00549 -1.16579e+00 | 98  0.00563 -5.16079e-01 | 99  0.00007 -4.63964e-01
100  0.01692  2.10992e-01 |101  0.03691  6.20978e-01 |102 -0.00215 -7.56383e-01
103  0.00023  2.65044e-03 |104  0.00023  2.97134e-03 |105  0.79614  1.42838e-01
106 -0.42039 -7.04550e-01 |107  0.19219 -1.04175e+00 |108 -0.25951  2.56629e+00

Intermediate statistics: 108 variables; iteration 20; function evaluation 25; phase 4
Function value 2.2009049e+03; maximum gradient component mag -2.3567e+02
Var    Value     Gradient |Var    Value     Gradient |Var    Value     Gradient
  1 -0.43688  1.80936e+01 |  2 -0.42304 -2.35669e+02 |  3 -0.40577 -6.13484e+01
  4  0.63445 -1.27129e+02 |  5 -0.00028  7.95005e-01 |  6 -0.00181  4.29129e+00
  7 -0.00212  5.38554e+00 |  8  0.00765 -2.29701e+01 |  9  0.00185 -7.66302e+00
 10  0.01003  5.14879e+00 | 11 -0.00092  5.02899e+00 | 12 -0.00472  4.44529e+00
 13 -0.00291  5.15223e+00 | 14 -0.01400  5.43593e+00 | 15 -0.00240  5.62598e+00
 16 -0.02030  5.97786e+00 | 17  0.01451  8.95302e+00 | 18  0.00499  7.96662e+00
 19  0.00332  9.85171e+00 | 20 -0.01318  5.66800e+00 | 21 -0.00145  1.02612e+01
 22  0.01755  1.11578e+01 | 23  0.00215  1.00085e+01 | 24 -0.00378  7.78901e+00
 25  0.02906  5.60767e+00 | 26  0.00363  5.80429e+00 | 27  0.01286  5.67348e+00
 28 -0.02439  7.38875e+00 | 29 -0.00766  1.60325e+00 | 30 -0.02961  5.53817e+00
 31 -0.02561  7.53164e+00 | 32 -0.01073  4.53970e+00 | 33 -0.02144  6.88010e+00
 34 -0.01396  1.19658e+01 | 35 -0.01468  1.55450e+00 | 36 -0.01636  2.50621e+00
 37 -0.04217  3.19182e+00 | 38 -0.00632  9.57293e+00 | 39 -0.03455  7.27721e+00
 40  0.03488  1.17859e+01 | 41  0.04617  5.74543e+00 | 42  0.00198  2.97774e+00
 43 -0.03791  3.98885e+00 | 44 -0.00470  3.71378e+00 | 45  0.01192  7.17157e+00
 46 -0.00967  3.71354e+00 | 47 -0.00742  7.49595e+00 | 48  0.05637  1.31257e+01
 49  0.03619  5.61134e+00 | 50 -0.03253  3.69579e+00 | 51  0.01983  4.69789e+00
 52  0.02981  3.28853e+00 | 53  0.02738  4.76422e+00 | 54  0.01475  2.05773e-02
 55  0.03317 -1.36098e+01 | 56 -0.04974  5.12489e+00 | 57  0.02461 -1.42268e+01
 58  0.00208 -8.48580e+00 | 59 -0.01531 -2.10179e+00 | 60  0.00345 -1.45193e+01
 61  0.01527 -2.54485e+01 | 62 -0.00799 -8.80117e+00 | 63  0.00583 -1.01249e+01
 64  0.01769 -1.55469e+01 | 65  0.01713 -2.61529e+01 | 66  0.00337 -1.89039e+01
 67 -0.00474 -1.69379e+01 | 68 -0.00730 -1.00442e+01 | 69  0.01880 -1.46173e+01
 70  0.02850 -2.65223e+01 | 71  0.01544 -2.17821e+01 | 72 -0.00586 -8.91875e+00
 73  0.00237 -2.19805e+01 | 74  0.00367 -2.07743e+01 | 75 -0.02187 -1.33478e+01
 76 -0.03804 -1.44164e+00 | 77 -0.01744  9.34984e+00 | 78  0.01682  3.35557e+00
 79  0.04036  1.84831e+01 | 80 -0.04179 -5.33626e+00 | 81 -0.00813  4.80993e-01
 82  0.00765 -1.58056e+00 | 83 -0.00300 -5.92288e+00 | 84 -0.02161 -8.37677e+00
 85 -0.04588  4.46867e+00 | 86  0.04021  1.80491e+00 | 87 -0.01099 -2.65514e-01
 88 -0.00834  1.65165e+00 | 89  0.00865 -2.75852e+00 | 90 -0.00747  7.56414e+00
 91  0.05283 -6.23292e-01 | 92 -0.03449 -3.11219e+00 | 93 -0.01430 -6.55331e-01
 94 -0.00896 -7.74273e+00 | 95  0.00209 -9.78992e+00 | 96 -0.01357 -1.03377e+01
 97 -0.00597 -5.87832e+00 | 98  0.00524  3.75156e+00 | 99  0.00066  1.39101e+01
100  0.01717  1.00543e+01 |101  0.03679  8.24654e+00 |102 -0.00132  4.01477e+00
103  0.00017  3.94847e+00 |104  0.00017  3.94863e+00 |105  0.79411  3.09891e+00
106 -0.42074 -2.30978e+01 |107  0.18420 -2.57370e+01 |108 -0.26158  3.37304e+01
108 variables; iteration 40; function evaluation 49; phase 4
Function value 2.2004923e+03; maximum gradient component mag -3.3538e+01
Var    Value     Gradient |Var    Value     Gradient |Var    Value     Gradient
  1 -0.44688  7.79916e+00 |  2 -0.42345 -3.35378e+01 |  3 -0.40273 -1.53189e+00
  4  0.63405 -2.45027e+01 |  5  0.00206  7.26432e+00 |  6 -0.00207  4.20479e+00
  7 -0.00268  4.84644e+00 |  8  0.01740 -5.20181e+00 |  9  0.00823  4.70974e+00
 10  0.00954  1.34590e+00 | 11 -0.00128  1.48178e+00 | 12 -0.00434  2.49556e+00
 13 -0.00318  1.67801e+00 | 14 -0.01454  1.30243e+00 | 15 -0.00154  5.23578e+00
 16 -0.01967  4.83495e+00 | 17  0.01333  1.07513e+00 | 18  0.00351 -1.52109e+00
 19  0.00196  9.21776e-02 | 20 -0.01331  2.01829e+00 | 21 -0.00117  9.03662e+00
 22  0.01737  6.37770e+00 | 23  0.00157  1.59912e+00 | 24 -0.00370  5.20697e+00
 25  0.02900  9.82574e-01 | 26  0.00368  3.36125e+00 | 27  0.01272  3.48716e-01
 28 -0.02451  3.29986e+00 | 29 -0.00764 -5.30388e-01 | 30 -0.02980  1.08079e+00
 31 -0.02588  2.46241e+00 | 32 -0.01088  7.97007e-01 | 33 -0.02176  1.32617e+00
 34 -0.01483 -5.06319e-01 | 35 -0.01463  2.40446e-01 | 36 -0.01651 -8.36337e-01
 37 -0.04312 -6.81214e+00 | 38 -0.00679  2.35864e+00 | 39 -0.03581 -5.42740e+00
 40  0.03425 -1.89957e+00 | 41  0.04599  1.51889e+00 | 42  0.00165 -3.45768e+00
 43 -0.03823 -7.53823e-01 | 44 -0.00506 -1.81780e+00 | 45  0.01180  4.52419e+00
 46 -0.00979  1.17588e+00 | 47 -0.00766  3.46545e+00 | 48  0.05587  7.49932e-01
 49  0.03607  2.47080e+00 | 50 -0.03291 -1.27647e+00 | 51  0.02003  6.19438e+00
 52  0.02972  1.26767e+00 | 53  0.02725  2.26728e+00 | 54  0.01485  7.43759e-01
 55  0.03373 -1.30156e+00 | 56 -0.05045 -1.78665e+00 | 57  0.02502 -3.60176e+00
 58  0.00270  3.59047e+00 | 59 -0.01509  1.85108e+00 | 60  0.00390 -2.77537e+00
 61  0.01594 -2.86450e+00 | 62 -0.00765 -9.13696e-01 | 63  0.00595 -5.58999e+00
 64  0.01813  2.28815e+00 | 65  0.01752 -1.11132e+01 | 66  0.00367 -8.36385e+00
 67 -0.00434 -6.43848e+00 | 68 -0.00712 -5.02829e+00 | 69  0.01858 -1.98137e+01
 70  0.02893 -3.18426e+00 | 71  0.01615  4.00099e+00 | 72 -0.00566 -2.65176e+00
 73  0.00292 -4.03204e+00 | 74  0.00430 -1.46715e-01 | 75 -0.02123 -3.07092e-01
 76 -0.03793 -1.16472e-01 | 77 -0.01761  4.43291e+00 | 78  0.01675  1.16672e+00
 79  0.04003  2.99340e+00 | 80 -0.04132  7.70655e-01 | 81 -0.00824 -4.05986e+00
 82  0.00763 -2.69989e+00 | 83 -0.00295 -5.56522e+00 | 84 -0.02117 -2.13836e+00
 85 -0.04579  3.35010e+00 | 86  0.04017  7.92096e-03 | 87 -0.01080  1.30525e+00
 88 -0.00824  8.50896e-01 | 89  0.00899  3.19987e+00 | 90 -0.00749  2.63243e+00
 91  0.05299 -2.24017e-01 | 92 -0.03411 -2.33010e+00 | 93 -0.01386  1.52974e+00
 94 -0.00835 -1.33933e+00 | 95  0.00272 -1.43635e+00 | 96 -0.01283 -3.20228e+00
 97 -0.00514  9.33993e-01 | 98  0.00559  1.96875e+00 | 99  0.00025  8.50537e-01
100  0.01700  1.30751e+00 |101  0.03624  1.96629e-01 |102 -0.00068  1.85269e+00
103  0.00035  1.24012e+00 |104  0.00035  1.24024e+00 |105  0.79633  1.84393e+00
106 -0.42012  3.34895e+00 |107  0.18468 -8.45471e+00 |108 -0.26091  1.32228e+01
108 variables; iteration 60; function evaluation 76; phase 4
Function value 2.2004078e+03; maximum gradient component mag 9.4047e+00
Var    Value     Gradient |Var    Value     Gradient |Var    Value     Gradient
  1 -0.45018  8.53494e-01 |  2 -0.42349  9.40470e+00 |  3 -0.40201  3.55394e+00
  4  0.63391  2.80388e+00 |  5 -0.00153 -1.50547e+00 |  6 -0.00527 -1.37255e+00
  7 -0.00595 -9.74787e-01 |  8  0.02037 -5.12582e-01 |  9  0.00665  1.33979e+00
 10  0.00924 -5.71676e-01 | 11 -0.00163 -5.55888e-01 | 12 -0.00513 -5.68776e-01
 13 -0.00343 -2.92941e-01 | 14 -0.01455 -1.02736e-01 | 15 -0.00247  1.04163e+00
 16 -0.02078  2.93326e-01 | 17  0.01341 -4.18505e-01 | 18  0.00412 -6.29377e-01
 19  0.00248  7.80881e-01 | 20 -0.01354 -7.82169e-01 | 21 -0.00236 -4.63299e-01
 22  0.01685 -7.70155e-01 | 23  0.00176  1.35071e+00 | 24 -0.00423 -1.62834e+00
 25  0.02903 -4.97970e-02 | 26  0.00346 -8.06348e-01 | 27  0.01269 -1.08787e+00
 28 -0.02478 -3.28265e-01 | 29 -0.00750  8.67598e-01 | 30 -0.02981 -9.62528e-02
 31 -0.02603 -1.81118e-01 | 32 -0.01087  8.68240e-02 | 33 -0.02180  6.96887e-02
 34 -0.01464  1.00965e+00 | 35 -0.01454  3.62354e-01 | 36 -0.01650 -1.65966e+00
 37 -0.04218  6.49274e-01 | 38 -0.00695 -9.35344e-01 | 39 -0.03519 -1.33781e+00
 40  0.03428 -3.03684e+00 | 41  0.04607  1.41524e+00 | 42  0.00207  5.35452e-01
 43 -0.03809 -7.25529e-01 | 44 -0.00493 -1.36107e+00 | 45  0.01161  5.62431e-01
 46 -0.00979  4.06575e-01 | 47 -0.00788  2.86050e-01 | 48  0.05574 -2.66595e+00
 49  0.03592 -4.97514e-01 | 50 -0.03261  5.99146e-02 | 51  0.01964 -3.23439e-02
 52  0.02962 -8.64011e-01 | 53  0.02711 -3.24008e-01 | 54  0.01490  1.41356e+00
 55  0.03385  1.85877e+00 | 56 -0.04992  1.50033e+00 | 57  0.02518  3.87450e-01
 58  0.00241 -1.36205e+00 | 59 -0.01516  7.66542e-01 | 60  0.00414  2.76048e+00
 61  0.01600 -2.83178e-02 | 62 -0.00769 -1.84704e+00 | 63  0.00609 -2.10976e+00
 64  0.01804  4.48367e-01 | 65  0.01787  4.25722e-01 | 66  0.00391 -1.13232e+00
 67 -0.00406  7.46915e-01 | 68 -0.00679  3.74136e+00 | 69  0.01915  2.82017e-01
 70  0.02897  2.59480e-01 | 71  0.01600 -4.37244e-01 | 72 -0.00533  5.42410e+00
 73  0.00297 -2.06741e+00 | 74  0.00432  5.91426e-01 | 75 -0.02130 -1.98095e+00
 76 -0.03795 -1.07981e+00 | 77 -0.01772  1.23917e+00 | 78  0.01673 -2.94151e-01
 79  0.03998 -3.28344e-01 | 80 -0.04128  1.05437e+00 | 81 -0.00798  1.48664e+00
 82  0.00770 -6.36344e-01 | 83 -0.00262  2.56277e+00 | 84 -0.02109 -1.38411e+00
 85 -0.04594  1.94657e-01 | 86  0.04020  6.74541e-02 | 87 -0.01086 -1.48744e+00
 88 -0.00842 -4.88099e+00 | 89  0.00896 -1.17217e-01 | 90 -0.00740  2.55153e+00
 91  0.05306 -3.41724e-02 | 92 -0.03377  9.53203e-01 | 93 -0.01382 -4.22299e-01
 94 -0.00808  1.59668e+00 | 95  0.00292 -1.30932e-02 | 96 -0.01250 -1.21862e-02
 97 -0.00491  1.09861e+00 | 98  0.00575  1.19882e+00 | 99  0.00053  2.04926e-01
100  0.01732  1.00752e+00 |101  0.03676  3.90202e-01 |102 -0.00170 -7.81017e-01
103 -0.00010 -4.12212e-01 |104 -0.00010 -4.12388e-01 |105  0.79429 -3.59468e-01
106 -0.42041  7.94964e-01 |107  0.18507 -4.25383e-01 |108 -0.26065  7.65887e-01
Maximum number of function evaluations exceeded

 - final statistics:
108 variables; iteration 79; function evaluation 100
Function value 2.2004e+03; maximum gradient component mag 2.3752e+00
Exit code = 3;  converg criter 1.0000e+00
Var    Value     Gradient |Var    Value     Gradient |Var    Value     Gradient
  1 -0.45024  3.30711e-01 |  2 -0.42350  2.37515e+00 |  3 -0.40197  1.08774e+00
  4  0.63396  7.45612e-01 |  5 -0.00111 -4.53466e-01 |  6 -0.00479 -5.43035e-01
  7 -0.00538  3.29089e-02 |  8  0.02056 -9.41152e-02 |  9  0.00613  4.05446e-01
 10  0.00965  3.77063e-01 | 11 -0.00124  3.66026e-01 | 12 -0.00487  1.22638e-01
 13 -0.00335  9.41865e-03 | 14 -0.01460 -1.26298e-01 | 15 -0.00264  6.96323e-01
 16 -0.02120 -7.63517e-01 | 17  0.01345 -1.10176e-01 | 18  0.00421 -1.00335e-01
 19  0.00233  2.23699e-01 | 20 -0.01344 -1.69744e-01 | 21 -0.00233 -6.43142e-02
 22  0.01694  2.86795e-01 | 23  0.00158 -6.74365e-02 | 24 -0.00418 -8.74412e-01
 25  0.02905  5.41372e-01 | 26  0.00347 -3.12838e-01 | 27  0.01273 -1.32323e-01
 28 -0.02475  1.56734e-01 | 29 -0.00757  1.09336e-01 | 30 -0.02983 -1.30567e-01
 31 -0.02605 -2.52174e-01 | 32 -0.01088 -3.40414e-02 | 33 -0.02186 -6.29152e-01
 34 -0.01472  1.10200e-01 | 35 -0.01458 -3.57022e-02 | 36 -0.01638 -3.44306e-03
 37 -0.04227  1.99377e-02 | 38 -0.00693 -4.90147e-01 | 39 -0.03505 -3.89499e-02
 40  0.03439 -5.20081e-01 | 41  0.04603  3.58432e-01 | 42  0.00205  2.66986e-01
 43 -0.03804 -2.53665e-01 | 44 -0.00486 -4.00598e-01 | 45  0.01158  2.40922e-01
 46 -0.00984  5.66111e-03 | 47 -0.00790  1.80835e-01 | 48  0.05579 -1.05642e+00
 49  0.03593 -1.47237e-01 | 50 -0.03261  1.95100e-01 | 51  0.01963  1.20050e-01
 52  0.02965 -1.11920e-02 | 53  0.02711 -1.14520e-01 | 54  0.01480  3.99122e-02
 55  0.03379  6.30434e-01 | 56 -0.05009  3.58133e-01 | 57  0.02516  8.15631e-02
 58  0.00247 -1.31012e-01 | 59 -0.01520  3.62533e-01 | 60  0.00404  7.66981e-01
 61  0.01599 -4.33702e-02 | 62 -0.00765 -5.98733e-01 | 63  0.00614 -4.24657e-01
 64  0.01802  7.47050e-02 | 65  0.01785  2.67455e-02 | 66  0.00395  1.45645e-01
 67 -0.00411 -3.30622e-01 | 68 -0.00694  3.08068e-01 | 69  0.01914  1.84111e-01
 70  0.02895  5.47333e-02 | 71  0.01601 -1.05332e-01 | 72 -0.00551  1.05476e+00
 73  0.00303 -3.70743e-01 | 74  0.00429  1.74059e-01 | 75 -0.02125 -7.77810e-01
 76 -0.03792 -3.54240e-01 | 77 -0.01779 -1.01379e-01 | 78  0.01672 -2.12244e-02
 79  0.03997 -7.88732e-02 | 80 -0.04135  7.25109e-02 | 81 -0.00803  5.91192e-01
 82  0.00771 -1.30464e-01 | 83 -0.00271  5.70198e-01 | 84 -0.02103  7.02331e-02
 85 -0.04593  5.14510e-01 | 86  0.04018 -9.80969e-03 | 87 -0.01081  7.66304e-02
 88 -0.00829 -1.45954e+00 | 89  0.00894  5.26086e-02 | 90 -0.00753  1.15582e-01
 91  0.05305 -2.29483e-02 | 92 -0.03383  3.68480e-01 | 93 -0.01387 -8.54500e-01
 94 -0.00816  5.30060e-01 | 95  0.00286 -5.56123e-01 | 96 -0.01252  2.61316e-01
 97 -0.00500  3.35917e-01 | 98  0.00567  6.27273e-01 | 99  0.00048  2.32112e-01
100  0.01719  3.30782e-01 |101  0.03661 -1.16710e-01 |102 -0.00140 -2.29514e-01
103  0.00017  7.35472e-02 |104  0.00017  7.35960e-02 |105  0.79434 -1.22791e-01
106 -0.42040  4.23893e-01 |107  0.18504 -1.55050e-01 |108 -0.26066  2.84944e-01

Initial statistics: 110 variables; iteration 0; function evaluation 0; phase 5
Function value 2.2004015e+03; maximum gradient component mag 7.2031e+00
Var    Value     Gradient |Var    Value     Gradient |Var    Value     Gradient
  1 -0.45024  3.30711e-01 |  2 -0.42350  2.37515e+00 |  3 -0.40197  1.08774e+00
  4 -0.41222  7.20312e+00 |  5 -0.41222 -4.75146e+00 |  6  0.63396  7.45612e-01
  7 -0.00111 -4.53466e-01 |  8 -0.00479 -5.43035e-01 |  9 -0.00538  3.29089e-02
 10  0.02056 -9.41152e-02 | 11  0.00613  4.05446e-01 | 12  0.00965  3.77195e-01
 13 -0.00124  3.66157e-01 | 14 -0.00487  1.22769e-01 | 15 -0.00335  9.54978e-03
 16 -0.01460 -1.26167e-01 | 17 -0.00264  6.96454e-01 | 18 -0.02120 -7.63385e-01
 19  0.01345 -1.10045e-01 | 20  0.00421 -1.00204e-01 | 21  0.00233  2.23830e-01
 22 -0.01344 -1.69612e-01 | 23 -0.00233 -6.41831e-02 | 24  0.01694  2.86926e-01
 25  0.00158 -6.73054e-02 | 26 -0.00418 -8.74280e-01 | 27  0.02905  5.41503e-01
 28  0.00347 -3.12707e-01 | 29  0.01273 -1.32192e-01 | 30 -0.02475  1.56865e-01
 31 -0.00757  1.09467e-01 | 32 -0.02983 -1.30436e-01 | 33 -0.02605 -2.52043e-01
 34 -0.01088 -3.39103e-02 | 35 -0.02186 -6.29021e-01 | 36 -0.01472  1.10331e-01
 37 -0.01458 -3.55712e-02 | 38 -0.01638 -3.31197e-03 | 39 -0.04227  2.00685e-02
 40 -0.00693 -4.90016e-01 | 41 -0.03505 -3.88190e-02 | 42  0.03439 -5.19950e-01
 43  0.04603  3.58563e-01 | 44  0.00205  2.67117e-01 | 45 -0.03804 -2.53534e-01
 46 -0.00486 -4.00467e-01 | 47  0.01158  2.41053e-01 | 48 -0.00984  5.79223e-03
 49 -0.00790  1.80966e-01 | 50  0.05579 -1.05629e+00 | 51  0.03593 -1.47106e-01
 52 -0.03261  1.95231e-01 | 53  0.01963  1.20181e-01 | 54  0.02965 -1.10610e-02
 55  0.02711 -1.14389e-01 | 56  0.01480  4.00433e-02 | 57  0.03379  6.30565e-01
 58 -0.05009  3.58264e-01 | 59  0.02516  8.16941e-02 | 60  0.00247 -1.30881e-01
 61 -0.01520  3.62664e-01 | 62  0.00404  7.67112e-01 | 63  0.01599 -4.32391e-02
 64 -0.00765 -5.98601e-01 | 65  0.00614 -4.24526e-01 | 66  0.01802  7.48361e-02
 67  0.01785  2.68766e-02 | 68  0.00395  1.45776e-01 | 69 -0.00411 -3.30491e-01
 70 -0.00694  3.08199e-01 | 71  0.01914  1.84242e-01 | 72  0.02895  5.48643e-02
 73  0.01601 -1.05201e-01 | 74 -0.00551  1.05489e+00 | 75  0.00303 -3.70612e-01
 76  0.00429  1.74190e-01 | 77 -0.02125 -7.77678e-01 | 78 -0.03792 -3.54109e-01
 79 -0.01779 -1.01248e-01 | 80  0.01672 -2.10933e-02 | 81  0.03997 -7.87423e-02
 82 -0.04135  7.26417e-02 | 83 -0.00803  5.91323e-01 | 84  0.00771 -1.30333e-01
 85 -0.00271  5.70329e-01 | 86 -0.02103  7.03642e-02 | 87 -0.04593  5.14640e-01
 88  0.04018 -9.67882e-03 | 89 -0.01081  7.67616e-02 | 90 -0.00829 -1.45941e+00
 91  0.00894  5.27397e-02 | 92 -0.00753  1.15713e-01 | 93  0.05305 -2.28177e-02
 94 -0.03383  3.68611e-01 | 95 -0.01387 -8.54369e-01 | 96 -0.00816  5.30191e-01
 97  0.00286 -5.55991e-01 | 98 -0.01252  2.61448e-01 | 99 -0.00500  3.36048e-01
100  0.00567  6.27404e-01 |101  0.00048  2.32243e-01 |102  0.01719  3.30913e-01
103  0.03661 -1.16579e-01 |104 -0.00140 -2.29383e-01 |105  0.00017  7.36783e-02
106  0.00017  7.37272e-02 |107  0.79434 -1.22791e-01 |108 -0.42040  4.23893e-01
109  0.18504 -1.55050e-01 |110 -0.26066  2.84944e-01 |

Intermediate statistics: 110 variables; iteration 20; function evaluation 23; phase 5
Function value 2.2003492e+03; maximum gradient component mag 6.1821e+01
Var    Value     Gradient |Var    Value     Gradient |Var    Value     Gradient
  1 -0.44851 -2.42432e+00 |  2 -0.42375 -1.32534e+01 |  3 -0.40131 -8.85549e+00
  4 -0.42502  8.73965e-01 |  5 -0.40924 -2.29698e+00 |  6  0.63403 -1.64388e+00
  7 -0.00109 -4.89514e-01 |  8 -0.00480 -5.61172e-01 |  9 -0.00535  5.79446e-02
 10  0.02059 -6.57721e-02 | 11  0.00622  5.36974e-01 | 12  0.00977  6.09590e-01
 13 -0.00112  6.01714e-01 | 14 -0.00477  3.11889e-01 | 15 -0.00325  1.85200e-01
 16 -0.01452  1.42317e-02 | 17 -0.00244  1.12778e+00 | 18 -0.02116 -7.99964e-01
 19  0.01362  2.22735e-01 | 20  0.00438  2.48719e-01 | 21  0.00258  9.60877e-01
 22 -0.01332  3.50701e-02 | 23 -0.00220  1.90318e-01 | 24  0.01709  8.99577e-01
 25  0.00164 -2.81335e-01 | 26 -0.00431 -2.80652e+00 | 27  0.02906 -3.22720e-01
 28  0.00350 -5.77176e-01 | 29  0.01277 -3.49816e-01 | 30 -0.02466  6.11910e-01
 31 -0.00753  4.91672e-02 | 32 -0.02982 -3.32113e-01 | 33 -0.02605 -6.15663e-01
 34 -0.01087 -5.85359e-02 | 35 -0.02192 -1.56877e+00 | 36 -0.01473  8.50549e-03
 37 -0.01451 -1.54423e-01 | 38 -0.01636  1.20311e-01 | 39 -0.04226  1.89603e-01
 40 -0.00692 -9.66618e-01 | 41 -0.03502 -8.48439e-02 | 42  0.03437 -7.63910e-01
 43  0.04604  4.23149e-01 | 44  0.00211  7.98873e-01 | 45 -0.03812 -6.92410e-01
 46 -0.00493 -1.14525e+00 | 47  0.01162  3.29483e-01 | 48 -0.00987  5.44199e-02
 49 -0.00788  4.46591e-01 | 50  0.05583  5.77460e-01 | 51  0.03594  5.45813e-01
 52 -0.03252  7.74890e-01 | 53  0.01963  4.59102e-01 | 54  0.02966  7.44189e-01
 55  0.02714  8.42873e-01 | 56  0.01483  7.57459e-01 | 57  0.03383  2.23935e+00
 58 -0.04996  1.51909e+00 | 59  0.02512  2.84668e-01 | 60  0.00248  6.09933e-01
 61 -0.01522  6.96188e-01 | 62  0.00404  1.73690e+00 | 63  0.01600  1.70836e+00
 64 -0.00767  1.91056e-01 | 65  0.00625  3.80106e+00 | 66  0.01792 -3.72777e-02
 67  0.01787  7.16451e-01 | 68  0.00388  3.74093e-01 | 69 -0.00407 -4.98540e-01
 70 -0.00701  6.82486e-01 | 71  0.01914  4.11879e-01 | 72  0.02888 -2.66338e-01
 73  0.01602  1.05198e-01 | 74 -0.00558  7.09770e-01 | 75  0.00303 -1.72201e-01
 76  0.00430  7.09606e-01 | 77 -0.02127 -1.22019e+00 | 78 -0.03795 -6.75267e-01
 79 -0.01784 -1.40770e+00 | 80  0.01661 -2.15287e+00 | 81  0.04006  4.80570e+00
 82 -0.04136 -1.44111e-01 | 83 -0.00812 -1.65729e+00 | 84  0.00763 -8.90854e-01
 85 -0.00282 -2.57450e+00 | 86 -0.02100 -8.59227e-01 | 87 -0.04598  2.03684e-01
 88  0.03996 -6.50304e+00 | 89 -0.01078 -2.91216e-01 | 90 -0.00839 -2.67457e+00
 91  0.00896  1.38813e+00 | 92 -0.00758 -6.26039e-01 | 93  0.05286 -5.62013e+00
 94 -0.03379  4.54003e-01 | 95 -0.01392 -6.81713e-01 | 96 -0.00827  1.65830e-01
 97  0.00280 -2.71396e-01 | 98 -0.01268  4.54039e-01 | 99 -0.00510  6.10432e-01
100  0.00536  6.32458e-01 |101  0.00041  4.92890e-01 |102  0.01714  1.17104e+00
103  0.03630 -6.21472e-01 |104 -0.00135 -1.24257e-01 |105  0.00017  1.39061e-01
106  0.00017  1.39109e-01 |107  0.79852 -8.58641e+00 |108 -0.41951  6.18205e+01
109  0.18588  1.83251e+00 |110 -0.26046 -2.61064e+00 |
110 variables; iteration 40; function evaluation 45; phase 5
Function value 2.2003346e+03; maximum gradient component mag 1.1461e+01
Var    Value     Gradient |Var    Value     Gradient |Var    Value     Gradient
  1 -0.44807 -4.19653e-01 |  2 -0.42393 -2.13498e-02 |  3 -0.40087 -1.27940e+00
  4 -0.42758  1.46790e-01 |  5 -0.40779 -1.36803e-01 |  6  0.63396 -2.28759e-01
  7 -0.00080  5.11145e-02 |  8 -0.00501 -9.25288e-01 |  9 -0.00529  1.38457e-01
 10  0.02064 -9.24619e-03 | 11  0.00599  5.05520e-02 | 12  0.00943 -1.79713e-01
 13 -0.00145 -1.81538e-01 | 14 -0.00489 -8.11982e-02 | 15 -0.00325  3.85829e-02
 16 -0.01447 -1.36798e-02 | 17 -0.00272  1.18734e-01 | 18 -0.02110 -8.18068e-01
 19  0.01371  2.29827e-01 | 20  0.00449  3.46066e-01 | 21  0.00234 -5.98150e-01
 22 -0.01336 -4.84397e-01 | 23 -0.00233 -9.86980e-01 | 24  0.01704 -1.69589e-04
 25  0.00171  1.79750e-01 | 26 -0.00401 -1.13839e-01 | 27  0.02914  8.05905e-01
 28  0.00353 -5.83199e-01 | 29  0.01288  1.06237e+00 | 30 -0.02456  1.43944e+00
 31 -0.00753 -3.30546e-01 | 32 -0.02983 -7.24930e-01 | 33 -0.02608 -1.09456e+00
 34 -0.01086 -6.93768e-02 | 35 -0.02177  1.10302e-01 | 36 -0.01477 -5.52834e-01
 37 -0.01449 -6.34465e-02 | 38 -0.01638 -5.72837e-01 | 39 -0.04228 -1.11331e-01
 40 -0.00694 -1.18141e+00 | 41 -0.03502 -1.34813e-01 | 42  0.03438 -1.09955e+00
 43  0.04604 -3.49924e-01 | 44  0.00214  5.54748e-01 | 45 -0.03805 -3.82663e-01
 46 -0.00478  5.98526e-01 | 47  0.01157 -6.52950e-01 | 48 -0.00985 -1.24830e-01
 49 -0.00783  7.47258e-01 | 50  0.05588  8.61804e-01 | 51  0.03595 -6.12531e-02
 52 -0.03255  2.91051e-01 | 53  0.01959 -6.71354e-01 | 54  0.02970  6.12616e-01
 55  0.02711 -4.19059e-01 | 56  0.01481 -3.22067e-01 | 57  0.03377 -1.41750e-01
 58 -0.05000  8.43713e-01 | 59  0.02519  6.78458e-01 | 60  0.00245 -5.39856e-01
 61 -0.01531 -1.10918e+00 | 62  0.00397 -4.17818e-01 | 63  0.01597  7.52357e-02
 64 -0.00762  8.40659e-01 | 65  0.00620  1.89909e+00 | 66  0.01797  1.33199e+00
 67  0.01791  1.75881e+00 | 68  0.00390  6.51012e-01 | 69 -0.00399  6.86876e-01
 70 -0.00704 -2.96486e-01 | 71  0.01919  1.82336e+00 | 72  0.02888 -9.29245e-01
 73  0.01611  2.37589e+00 | 74 -0.00557  8.92780e-01 | 75  0.00301 -8.74279e-01
 76  0.00428 -1.79284e-02 | 77 -0.02126 -1.36026e+00 | 78 -0.03793 -3.55796e-01
 79 -0.01782 -2.65007e-01 | 80  0.01665 -4.24210e-01 | 81  0.04001  1.10912e+00
 82 -0.04134 -4.24592e-01 | 83 -0.00802  1.06951e+00 | 84  0.00765  3.55400e-01
 85 -0.00272  3.18401e-01 | 86 -0.02098 -3.63063e-01 | 87 -0.04594  1.00112e+00
 88  0.04006 -9.39583e-01 | 89 -0.01077 -4.67833e-02 | 90 -0.00833 -1.39258e+00
 91  0.00887 -1.20193e+00 | 92 -0.00757 -3.42770e-01 | 93  0.05295 -7.76443e-01
 94 -0.03384 -5.68967e-01 | 95 -0.01385  9.38110e-01 | 96 -0.00833 -7.05746e-01
 97  0.00283  5.94044e-01 | 98 -0.01269  3.43722e-01 | 99 -0.00517 -5.38312e-01
100  0.00535  9.01031e-01 |101  0.00038  4.87072e-01 |102  0.01705  2.91152e-01
103  0.03606 -1.71139e+00 |104 -0.00133 -1.09609e-01 |105  0.00027  2.67556e-01
106  0.00027  2.67664e-01 |107  0.79812 -1.89571e+00 |108 -0.41980  1.14607e+01
109  0.18618  7.25785e-01 |110 -0.26039 -1.11539e-01 |
110 variables; iteration 60; function evaluation 66; phase 5
Function value 2.2003325e+03; maximum gradient component mag -2.1736e+00
Var    Value     Gradient |Var    Value     Gradient |Var    Value     Gradient
  1 -0.44810  2.90668e-01 |  2 -0.42399  2.11389e+00 |  3 -0.40068  1.00244e+00
  4 -0.42825 -3.17754e-03 |  5 -0.40744 -8.85320e-02 |  6  0.63399  4.35995e-01
  7 -0.00089 -9.39712e-02 |  8 -0.00418  4.57929e-01 |  9 -0.00543 -8.20197e-02
 10  0.02062 -2.48197e-02 | 11  0.00586 -1.80293e-01 | 12  0.00952 -4.29089e-03
 13 -0.00134  4.03801e-02 | 14 -0.00477  1.85691e-01 | 15 -0.00320  1.48957e-01
 16 -0.01445  2.69696e-02 | 17 -0.00283 -1.77343e-01 | 18 -0.02069  3.33474e-01
 19  0.01368  1.42328e-01 | 20  0.00441  7.83227e-02 | 21  0.00246  6.01459e-02
 22 -0.01327  5.57905e-03 | 23 -0.00211  5.50492e-01 | 24  0.01701 -3.30548e-02
 25  0.00167 -4.73651e-02 | 26 -0.00402 -6.10898e-02 | 27  0.02909 -1.79505e-01
 28  0.00357  3.31919e-03 | 29  0.01281 -3.68767e-01 | 30 -0.02471 -2.32444e-01
 31 -0.00749  1.01963e-01 | 32 -0.02977  2.79749e-02 | 33 -0.02597  1.80154e-01
 34 -0.01084  1.47694e-01 | 35 -0.02177  6.07084e-02 | 36 -0.01471  1.79601e-01
 37 -0.01447  8.95822e-02 | 38 -0.01631  2.19457e-01 | 39 -0.04226 -3.65587e-02
 40 -0.00684  1.16285e-01 | 41 -0.03501 -6.45297e-02 | 42  0.03445  5.40423e-01
 43  0.04606  2.06115e-02 | 44  0.00210 -4.18176e-02 | 45 -0.03798  1.69882e-01
 46 -0.00485 -3.64515e-02 | 47  0.01160  1.78577e-02 | 48 -0.00985 -4.35594e-03
 49 -0.00792 -1.27222e-01 | 50  0.05581 -4.82362e-01 | 51  0.03594  4.94967e-02
 52 -0.03261 -4.47649e-02 | 53  0.01962 -5.17058e-02 | 54  0.02965 -1.04885e-01
 55  0.02713  1.83514e-01 | 56  0.01484  1.29468e-01 | 57  0.03378  1.86665e-01
 58 -0.05014 -1.48090e-01 | 59  0.02513 -4.66811e-01 | 60  0.00249  1.74883e-01
 61 -0.01524 -7.41949e-03 | 62  0.00399  2.62722e-01 | 63  0.01597  3.38245e-01
 64 -0.00767  7.09924e-03 | 65  0.00611 -5.04745e-01 | 66  0.01791 -4.03671e-01
 67  0.01784 -6.46963e-01 | 68  0.00389  5.54491e-01 | 69 -0.00401  2.58858e-01
 70 -0.00703  1.66783e-01 | 71  0.01912 -6.26268e-01 | 72  0.02891  2.43394e-01
 73  0.01602 -4.70998e-01 | 74 -0.00563 -5.47903e-01 | 75  0.00303 -4.52021e-01
 76  0.00427 -3.01454e-02 | 77 -0.02119  2.23592e-01 | 78 -0.03793 -8.82057e-03
 79 -0.01783 -2.26148e-01 | 80  0.01665  1.95541e-01 | 81  0.03998 -1.90727e-01
 82 -0.04131  1.30513e-01 | 83 -0.00808 -2.74938e-01 | 84  0.00764  3.29486e-01
 85 -0.00276 -4.16505e-01 | 86 -0.02095  4.16116e-01 | 87 -0.04605 -2.72889e-01
 88  0.04007  2.22559e-01 | 89 -0.01079 -1.32649e-01 | 90 -0.00828  2.42962e-01
 91  0.00889  5.05148e-02 | 92 -0.00758 -1.04271e-01 | 93  0.05295  1.71616e-01
 94 -0.03381 -6.11429e-03 | 95 -0.01392 -5.20189e-02 | 96 -0.00830  2.12602e-01
 97  0.00279 -1.71646e-01 | 98 -0.01273 -4.54904e-02 | 99 -0.00513  2.63791e-01
100  0.00529  1.64414e-02 |101  0.00035 -1.14262e-01 |102  0.01694 -5.13760e-01
103  0.03653  9.79414e-01 |104 -0.00117  9.50557e-02 |105 -0.00015 -4.16081e-01
106 -0.00015 -4.16246e-01 |107  0.79833  4.56728e-01 |108 -0.41982 -2.17364e+00
109  0.18583 -6.21925e-01 |110 -0.26054  6.75215e-02 |
110 variables; iteration 80; function evaluation 93; phase 5
Function value 2.2003320e+03; maximum gradient component mag -3.4357e-01
Var    Value     Gradient |Var    Value     Gradient |Var    Value     Gradient
  1 -0.44811  8.06429e-03 |  2 -0.42399  1.38203e-01 |  3 -0.40069  4.65995e-02
  4 -0.42819 -3.44742e-03 |  5 -0.40743  4.06207e-03 |  6  0.63399  2.34640e-02
  7 -0.00086 -5.08073e-02 |  8 -0.00443  4.03477e-02 |  9 -0.00538 -4.49104e-03
 10  0.02065  1.36697e-02 | 11  0.00596 -1.16530e-03 | 12  0.00952  5.65484e-04
 13 -0.00137 -2.06832e-02 | 14 -0.00488 -4.13307e-02 | 15 -0.00325  3.73345e-02
 16 -0.01447 -3.13822e-02 | 17 -0.00276 -6.22728e-03 | 18 -0.02080  1.84208e-02
 19  0.01364 -2.71653e-02 | 20  0.00440 -1.21750e-02 | 21  0.00245 -3.02100e-02
 22 -0.01325  8.37492e-02 | 23 -0.00218  6.26527e-02 | 24  0.01702 -1.04488e-02
 25  0.00168 -2.49011e-02 | 26 -0.00401 -2.05322e-02 | 27  0.02909 -3.66582e-03
 28  0.00357 -2.80773e-02 | 29  0.01283 -1.16979e-02 | 30 -0.02469  1.32333e-02
 31 -0.00750  3.05354e-02 | 32 -0.02977  5.03058e-02 | 33 -0.02598  7.14487e-02
 34 -0.01085  4.11729e-02 | 35 -0.02178 -1.45325e-02 | 36 -0.01473 -4.49702e-02
 37 -0.01448  4.24499e-02 | 38 -0.01633 -3.43301e-02 | 39 -0.04226 -2.93419e-02
 40 -0.00686  2.34438e-03 | 41 -0.03501 -7.15979e-02 | 42  0.03442 -3.53769e-02
 43  0.04604 -3.43573e-01 | 44  0.00210  3.37943e-02 | 45 -0.03800  6.74522e-02
 46 -0.00484  2.79831e-02 | 47  0.01160  7.35365e-02 | 48 -0.00985  3.60338e-02
 49 -0.00791  1.35187e-03 | 50  0.05583 -9.17817e-02 | 51  0.03594 -8.12056e-02
 52 -0.03260  5.84841e-02 | 53  0.01963  7.29837e-02 | 54  0.02965 -8.36425e-03
 55  0.02712  4.90719e-02 | 56  0.01483 -5.48137e-02 | 57  0.03378  1.12052e-01
 58 -0.05013 -5.06012e-02 | 59  0.02515  5.32963e-02 | 60  0.00248  3.31388e-02
 61 -0.01524  6.70247e-02 | 62  0.00399  1.15740e-01 | 63  0.01596  7.56560e-03
 64 -0.00767 -7.46961e-02 | 65  0.00612 -1.75990e-02 | 66  0.01792 -2.57390e-02
 67  0.01786 -5.37880e-02 | 68  0.00387  3.32761e-02 | 69 -0.00402  5.83079e-02
 70 -0.00704 -8.13533e-02 | 71  0.01913 -3.08109e-02 | 72  0.02890  1.23237e-02
 73  0.01604 -3.21895e-02 | 74 -0.00561  3.01279e-03 | 75  0.00304 -4.84039e-02
 76  0.00427  5.96207e-03 | 77 -0.02120  2.38353e-02 | 78 -0.03792  4.83018e-02
 79 -0.01783 -7.47028e-02 | 80  0.01665  2.01737e-02 | 81  0.03998 -9.22152e-03
 82 -0.04132 -1.86511e-02 | 83 -0.00807 -1.12360e-03 | 84  0.00763  2.36523e-02
 85 -0.00275 -2.94186e-02 | 86 -0.02097  2.94359e-02 | 87 -0.04603 -5.78285e-02
 88  0.04006  1.99672e-02 | 89 -0.01078 -5.48414e-02 | 90 -0.00828  5.75457e-02
 91  0.00889  8.43721e-03 | 92 -0.00757 -1.46255e-02 | 93  0.05295  1.98956e-02
 94 -0.03381 -6.21272e-02 | 95 -0.01391  6.40511e-03 | 96 -0.00831 -6.02993e-03
 97  0.00279  5.20867e-02 | 98 -0.01272  9.26854e-02 | 99 -0.00514  3.81153e-02
100  0.00529 -2.71687e-02 |101  0.00035  1.40979e-03 |102  0.01700  8.51199e-03
103  0.03636  2.49366e-02 |104 -0.00125 -7.31610e-03 |105  0.00011 -5.53516e-03
106  0.00011 -5.53677e-03 |107  0.79827  2.00436e-02 |108 -0.41982 -1.32055e-01
109  0.18601 -2.90083e-02 |110 -0.26047  9.93102e-03 |
110 variables; iteration 100; function evaluation 122; phase 5
Function value 2.2003320e+03; maximum gradient component mag 5.5104e-02
Var    Value     Gradient |Var    Value     Gradient |Var    Value     Gradient
  1 -0.44811 -4.97543e-04 |  2 -0.42399  1.39143e-02 |  3 -0.40069  4.71217e-03
  4 -0.42818  6.59151e-04 |  5 -0.40742  6.28304e-03 |  6  0.63399  3.05436e-03
  7 -0.00085 -2.31947e-02 |  8 -0.00445  8.11182e-03 |  9 -0.00537  1.43384e-02
 10  0.02065  2.39493e-02 | 11  0.00596  3.57546e-03 | 12  0.00951 -1.37836e-02
 13 -0.00136  3.05857e-04 | 14 -0.00485  7.63015e-03 | 15 -0.00326  1.16402e-02
 16 -0.01447 -2.65243e-02 | 17 -0.00276  2.72141e-03 | 18 -0.02081  4.44286e-03
 19  0.01364 -1.15825e-02 | 20  0.00440  1.18188e-02 | 21  0.00246  1.04286e-02
 22 -0.01327 -4.22463e-03 | 23 -0.00219  1.05543e-02 | 24  0.01702  5.67051e-03
 25  0.00168  8.77976e-03 | 26 -0.00401  8.34805e-03 | 27  0.02909 -7.94515e-03
 28  0.00357 -3.78346e-03 | 29  0.01283  2.95844e-03 | 30 -0.02469 -1.91318e-02
 31 -0.00750 -8.10725e-03 | 32 -0.02977 -6.17059e-03 | 33 -0.02599  5.07179e-04
 34 -0.01085 -4.78669e-03 | 35 -0.02178 -2.60844e-02 | 36 -0.01473  2.79612e-03
 37 -0.01448  2.33238e-02 | 38 -0.01633 -1.07390e-02 | 39 -0.04226  2.70538e-02
 40 -0.00685  1.06479e-02 | 41 -0.03501 -5.23717e-02 | 42  0.03443 -3.49124e-04
 43  0.04605 -2.16700e-02 | 44  0.00210 -8.42966e-03 | 45 -0.03800  8.78905e-03
 46 -0.00484  1.79512e-02 | 47  0.01160 -2.62171e-03 | 48 -0.00985  1.03056e-02
 49 -0.00791  1.70058e-02 | 50  0.05583 -4.42775e-03 | 51  0.03594 -2.00977e-02
 52 -0.03260  4.28192e-02 | 53  0.01962 -3.60420e-03 | 54  0.02965 -6.84534e-03
 55  0.02712 -1.07512e-02 | 56  0.01483 -1.57359e-02 | 57  0.03377 -1.92529e-02
 58 -0.05013 -2.35103e-02 | 59  0.02515  1.22166e-02 | 60  0.00248  1.54008e-02
 61 -0.01524  1.35410e-03 | 62  0.00398  5.51041e-02 | 63  0.01596 -5.36407e-03
 64 -0.00766  1.19294e-02 | 65  0.00612 -2.04764e-03 | 66  0.01793 -1.15023e-03
 67  0.01786 -5.28694e-03 | 68  0.00387  3.94708e-03 | 69 -0.00402  1.19328e-03
 70 -0.00704 -1.09902e-02 | 71  0.01913 -4.37543e-03 | 72  0.02890  9.61998e-05
 73  0.01604 -4.48769e-03 | 74 -0.00561 -2.64001e-03 | 75  0.00304 -5.68730e-03
 76  0.00427 -8.69567e-04 | 77 -0.02120  2.73552e-03 | 78 -0.03793  1.68566e-02
 79 -0.01782 -4.49918e-03 | 80  0.01664  1.30349e-03 | 81  0.03998 -1.35052e-03
 82 -0.04132  9.70868e-03 | 83 -0.00807 -1.31728e-03 | 84  0.00763  2.30952e-03
 85 -0.00275 -3.89796e-03 | 86 -0.02097 -1.12453e-03 | 87 -0.04603  8.90747e-03
 88  0.04006  1.32237e-03 | 89 -0.01078 -1.02283e-02 | 90 -0.00828 -5.75468e-05
 91  0.00889  3.06907e-03 | 92 -0.00757 -1.62845e-02 | 93  0.05295  2.01920e-03
 94 -0.03381  3.62906e-03 | 95 -0.01391  8.95839e-03 | 96 -0.00831  1.62139e-02
 97  0.00279 -4.21343e-03 | 98 -0.01273  8.48467e-03 | 99 -0.00515 -3.49542e-03
100  0.00529 -4.91442e-03 |101  0.00035  3.52215e-03 |102  0.01700  8.75824e-03
103  0.03636  4.34442e-03 |104 -0.00126 -1.88369e-02 |105  0.00011 -2.88251e-03
106  0.00011 -2.88468e-03 |107  0.79826  6.46423e-04 |108 -0.41982 -1.40026e-02
109  0.18603  3.71712e-03 |110 -0.26046  4.85570e-03 |

 - final statistics:
110 variables; iteration 120; function evaluation 153
Function value 2.2003e+03; maximum gradient component mag -3.1412e-09
Exit code = 1;  converg criter 1.0000e-04
Var    Value     Gradient |Var    Value     Gradient |Var    Value     Gradient
  1 -0.44811  6.11795e-11 |  2 -0.42399  2.35448e-09 |  3 -0.40069  5.39216e-10
  4 -0.42818  9.35236e-11 |  5 -0.40743  2.38502e-10 |  6  0.63399  1.11366e-09
  7 -0.00084  5.55998e-11 |  8 -0.00445 -6.83374e-11 |  9 -0.00538  5.53682e-11
 10  0.02064 -9.30802e-11 | 11  0.00596 -1.05348e-11 | 12  0.00952  2.34821e-10
 13 -0.00136 -8.13740e-11 | 14 -0.00486  4.03037e-10 | 15 -0.00327 -4.36896e-11
 16 -0.01446  2.07200e-11 | 17 -0.00276 -5.70808e-11 | 18 -0.02081 -9.40718e-11
 19  0.01365  2.82440e-11 | 20  0.00440 -1.57771e-10 | 21  0.00246 -1.65896e-10
 22 -0.01326 -1.37045e-10 | 23 -0.00219 -3.11015e-10 | 24  0.01702 -6.31693e-10
 25  0.00168 -7.24318e-10 | 26 -0.00401 -6.68380e-10 | 27  0.02909  1.67044e-10
 28  0.00357  9.43068e-10 | 29  0.01283  8.19890e-11 | 30 -0.02469 -4.29688e-10
 31 -0.00750  1.82523e-09 | 32 -0.02977  1.22980e-09 | 33 -0.02599 -5.33678e-10
 34 -0.01085 -1.79715e-09 | 35 -0.02178  7.26045e-10 | 36 -0.01473  1.40653e-09
 37 -0.01448  8.22510e-10 | 38 -0.01633 -1.15883e-10 | 39 -0.04226 -4.48117e-10
 40 -0.00686 -6.87416e-10 | 41 -0.03500  3.58565e-10 | 42  0.03443  6.97772e-11
 43  0.04606  2.12064e-10 | 44  0.00210 -4.82983e-10 | 45 -0.03801 -1.01308e-10
 46 -0.00485 -4.88469e-10 | 47  0.01160  2.68997e-09 | 48 -0.00985 -3.14119e-09
 49 -0.00791  2.74032e-09 | 50  0.05583  1.30867e-10 | 51  0.03594  2.52743e-10
 52 -0.03260 -2.08819e-10 | 53  0.01962 -9.22652e-10 | 54  0.02965  2.99356e-11
 55  0.02712  1.69993e-10 | 56  0.01483  2.65532e-11 | 57  0.03377  1.45939e-10
 58 -0.05012  1.96532e-10 | 59  0.02515 -1.47799e-11 | 60  0.00248  3.74806e-11
 61 -0.01524 -3.72439e-10 | 62  0.00398 -2.92647e-10 | 63  0.01596  7.16090e-11
 64 -0.00766 -8.56840e-11 | 65  0.00612  6.64815e-11 | 66  0.01793  4.50666e-11
 67  0.01786  1.12613e-10 | 68  0.00387 -5.68706e-11 | 69 -0.00402 -6.43949e-12
 70 -0.00703  9.04640e-11 | 71  0.01913  8.60366e-11 | 72  0.02890  1.21793e-11
 73  0.01604  7.46297e-11 | 74 -0.00561  4.09376e-11 | 75  0.00304  7.63881e-11
 76  0.00427 -2.84562e-12 | 77 -0.02120 -2.90061e-11 | 78 -0.03793 -2.02036e-11
 79 -0.01782  2.42904e-11 | 80  0.01664 -1.78716e-11 | 81  0.03998  2.98594e-11
 82 -0.04132 -5.49491e-11 | 83 -0.00807  3.04011e-11 | 84  0.00763 -3.78176e-11
 85 -0.00275  5.57254e-11 | 86 -0.02097  8.50589e-11 | 87 -0.04603 -4.66209e-10
 88  0.04006 -2.42565e-11 | 89 -0.01078  7.85432e-11 | 90 -0.00828 -5.61234e-11
 91  0.00889 -5.92352e-11 | 92 -0.00757  1.27478e-10 | 93  0.05295 -3.60825e-12
 94 -0.03381 -1.39050e-09 | 95 -0.01391  2.30662e-11 | 96 -0.00831 -2.06664e-10
 97  0.00279 -6.07133e-11 | 98 -0.01273 -3.08947e-10 | 99 -0.00515 -7.73610e-11
100  0.00529 -1.17981e-10 |101  0.00035  8.68506e-12 |102  0.01700 -1.33101e-11
103  0.03635 -1.55290e-11 |104 -0.00125  2.09620e-10 |105  0.00011  2.08509e-09
106  0.00011 -2.07951e-09 |107  0.79826  9.79015e-11 |108 -0.41982 -3.12042e-10
109  0.18602  5.06792e-11 |110 -0.26046  4.59325e-10 |

 - final statistics:
122 variables; iteration 0; function evaluation 0
Function value 2.2003e+03; maximum gradient component mag -3.1424e-09
Exit code = 0;  converg criter 1.0000e-04
Var    Value     Gradient |Var    Value     Gradient |Var    Value     Gradient
  1 -0.44811  9.14975e-11 |  2 -0.42399  2.80024e-09 |  3 -0.40069  7.02512e-10
  4 -0.42818  1.03114e-10 |  5 -0.40743  2.62032e-10 |  6  0.63399  1.22906e-09
  7 -0.00084  5.58773e-11 |  8 -0.00445 -6.82746e-11 |  9 -0.00538  5.54484e-11
 10  0.02064 -9.29617e-11 | 11  0.00596 -1.03883e-11 | 12  0.00952  2.31549e-10
 13 -0.00136 -8.46467e-11 | 14 -0.00486  3.99804e-10 | 15 -0.00327 -4.69327e-11
 16 -0.01446  1.74620e-11 | 17 -0.00276 -6.02375e-11 | 18 -0.02081 -9.72416e-11
 19  0.01365  2.52894e-11 | 20  0.00440 -1.60725e-10 | 21  0.00246 -1.68877e-10
 22 -0.01326 -1.40185e-10 | 23 -0.00219 -3.13905e-10 | 24  0.01702 -6.34584e-10
 25  0.00168 -7.27343e-10 | 26 -0.00401 -6.71410e-10 | 27  0.02909  1.64509e-10
 28  0.00357  9.40477e-10 | 29  0.01283  7.95155e-11 | 30 -0.02469 -4.32481e-10
 31 -0.00750  1.82233e-09 | 32 -0.02977  1.22665e-09 | 33 -0.02599 -5.36401e-10
 34 -0.01085 -1.80005e-09 | 35 -0.02178  7.23538e-10 | 36 -0.01473  1.40401e-09
 37 -0.01448  8.19893e-10 | 38 -0.01633 -1.18887e-10 | 39 -0.04226 -4.51003e-10
 40 -0.00686 -6.89102e-10 | 41 -0.03500  3.56262e-10 | 42  0.03443  7.09986e-11
 43  0.04606  2.12032e-10 | 44  0.00210 -4.84862e-10 | 45 -0.03801 -1.03423e-10
 46 -0.00485 -4.89524e-10 | 47  0.01160  2.69007e-09 | 48 -0.00985 -3.14240e-09
 49 -0.00791  2.73959e-09 | 50  0.05583  1.35532e-10 | 51  0.03594  2.54758e-10
 52 -0.03260 -2.10168e-10 | 53  0.01962 -9.20578e-10 | 54  0.02965  3.36730e-11
 55  0.02712  1.73745e-10 | 56  0.01483  2.92266e-11 | 57  0.03377  1.51653e-10
 58 -0.05012  1.95638e-10 | 59  0.02515 -9.77288e-12 | 60  0.00248  4.05178e-11
 61 -0.01524 -3.70446e-10 | 62  0.00398 -2.88980e-10 | 63  0.01596  7.73366e-11
 64 -0.00766 -8.31793e-11 | 65  0.00612  7.15446e-11 | 66  0.01793  5.02430e-11
 67  0.01786  1.18672e-10 | 68  0.00387 -5.32766e-11 | 69 -0.00402 -3.52914e-12
 70 -0.00703  9.33315e-11 | 71  0.01913  9.30151e-11 | 72  0.02890  1.94011e-11
 73  0.01604  7.94682e-11 | 74 -0.00561  4.31128e-11 | 75  0.00304  7.99359e-11
 76  0.00427 -7.39156e-14 | 77 -0.02120 -2.80625e-11 | 78 -0.03793 -1.99018e-11
 79 -0.01782  2.60814e-11 | 80  0.01664 -1.32598e-11 | 81  0.03998  3.71231e-11
 82 -0.04132 -5.58169e-11 | 83 -0.00807  3.24629e-11 | 84  0.00763 -3.50600e-11
 85 -0.00275  5.71804e-11 | 86 -0.02097  8.44059e-11 | 87 -0.04603 -4.66937e-10
 88  0.04006 -1.98542e-11 | 89 -0.01078  7.83503e-11 | 90 -0.00828 -5.60774e-11
 91  0.00889 -5.82127e-11 | 92 -0.00757  1.27709e-10 | 93  0.05295  9.05749e-13
 94 -0.03381 -1.39325e-09 | 95 -0.01391  2.12972e-11 | 96 -0.00831 -2.09159e-10
 97  0.00279 -6.28995e-11 | 98 -0.01273 -3.11916e-10 | 99 -0.00515 -8.03703e-11
100  0.00529 -1.20187e-10 |101  0.00035  6.99710e-12 |102  0.01700 -1.60413e-11
103  0.03635 -1.82079e-11 |104 -0.00125  2.06193e-10 |105  0.00011  2.08165e-09
106  0.00011 -2.08295e-09 |107  0.00000  0.00000e+00 |108  0.00000  0.00000e+00
109  0.00000  0.00000e+00 |110  0.00000  0.00000e+00 |111  0.00000  0.00000e+00
112  0.00000  0.00000e+00 |113  0.00000  0.00000e+00 |114  0.00000  0.00000e+00
115  0.00000  0.00000e+00 |116  0.00000  0.00000e+00 |117  0.00000  0.00000e+00
118  0.00000  0.00000e+00 |119  0.79826  8.63074e-11 |120 -0.41982 -2.37060e-10
121  0.18602  4.32169e-11 |122 -0.26046  4.75170e-10 |
size of file gradfil1.tmp = 0
size of file gradfil2.tmp = 0
size of file varssave.tmp = 0
size of file cmpdiff.tmp = 0
