
Initial statistics: 1 variables; iteration 0; function evaluation 0; phase 1
Function value 3.0479928e+03; maximum gradient component mag -2.3930e+04
Var    Value     Gradient |Var    Value     Gradient |Var    Value     Gradient
  1  0.63197 -2.39301e+04 |

 - final statistics:
1 variables; iteration 5; function evaluation 9
Function value 2.8374e+03; maximum gradient component mag -9.8037e+00
Exit code = 1;  converg criter 1.0000e+01
Var    Value     Gradient |Var    Value     Gradient |Var    Value     Gradient
  1  0.65503 -9.80372e+00 |

Initial statistics: 98 variables; iteration 0; function evaluation 0; phase 2
Function value 2.8374064e+03; maximum gradient component mag -2.2462e+03
Var    Value     Gradient |Var    Value     Gradient |Var    Value     Gradient
  1  0.65503 -9.80372e+00 |  2  0.00000  2.48007e+01 |  3  0.00000 -3.19272e+01
  4  0.00000 -8.70755e+00 |  5  0.00000 -1.51186e+01 |  6  0.00000 -2.80638e+01
  7  0.00000 -1.22024e+01 |  8  0.00000  8.61320e+01 |  9  0.00000  1.68190e+01
 10  0.00000 -2.02822e+02 | 11  0.00000  2.63017e+01 | 12  0.00000  5.75353e+01
 13  0.00000  1.57231e+02 | 14  0.00000  3.49610e+01 | 15  0.00000  1.86272e+02
 16  0.00000  7.48442e+01 | 17  0.00000  2.81079e+02 | 18  0.00000 -7.52084e+02
 19  0.00000 -6.20041e+02 | 20  0.00000 -9.33305e+00 | 21  0.00000  2.74071e+02
 22  0.00000  1.16258e+02 | 23  0.00000  2.35199e+01 | 24  0.00000 -2.48093e+02
 25  0.00000 -1.78759e+02 | 26  0.00000  2.01721e+02 | 27  0.00000 -2.33553e+02
 28  0.00000 -1.56622e+02 | 29  0.00000  3.49950e+01 | 30  0.00000 -3.09865e+01
 31  0.00000 -2.24620e+03 | 32  0.00000 -1.35008e+02 | 33  0.00000 -2.64765e+02
 34  0.00000  3.46281e+01 | 35  0.00000 -3.30396e+02 | 36  0.00000  3.38795e+02
 37  0.00000  2.20335e+02 | 38  0.00000 -4.78406e+01 | 39  0.00000  7.03173e+01
 40  0.00000  1.58764e+02 | 41  0.00000  1.17499e+02 | 42  0.00000 -4.16267e+02
 43  0.00000  4.65526e+02 | 44  0.00000 -7.48599e+02 | 45  0.00000 -6.86371e+02
 46  0.00000 -1.00786e+01 | 47  0.00000  3.26550e+02 | 48  0.00000  2.52497e+02
 49  0.00000  2.22877e+02 | 50  0.00000  1.17131e+02 | 51  0.00000  4.70005e+02
 52  0.00000 -8.99537e+02 | 53  0.00000  1.64641e+01 | 54  0.00000 -2.00870e+03
 55  0.00000 -2.55543e+02 | 56  0.00000 -7.69818e+02 | 57  0.00000 -1.06822e+02
 58  0.00000  6.85653e+02 | 59  0.00000  7.10513e+02 | 60  0.00000  5.22579e+01
 61  0.00000  4.03705e+02 | 62  0.00000 -1.54256e+03 | 63  0.00000  2.80514e+02
 64  0.00000  8.37499e+02 | 65  0.00000  1.06174e+02 | 66  0.00000  7.36039e+02
 67  0.00000 -8.40049e+02 | 68  0.00000 -4.60700e+02 | 69  0.00000 -1.14138e+02
 70  0.00000  2.63239e+02 | 71  0.00000  4.97931e+02 | 72  0.00000  1.31663e+03
 73  0.00000  7.55649e+02 | 74  0.00000  1.15268e+03 | 75  0.00000 -3.42662e+01
 76  0.00000  1.08253e+03 | 77  0.00000  4.65793e+02 | 78  0.00000  5.06705e+02
 79  0.00000 -1.12337e+03 | 80  0.00000 -8.76691e+01 | 81  0.00000  9.05874e+02
 82  0.00000  5.96001e+02 | 83  0.00000 -3.99706e+02 | 84  0.00000  7.32792e+02
 85  0.00000 -3.03113e+02 | 86  0.00000  1.65541e+02 | 87  0.00000 -7.55971e+02
 88  0.00000  2.98810e+02 | 89  0.00000  5.01378e+02 | 90  0.00000  2.61246e+02
 91  0.00000 -2.65103e+02 | 92  0.00000 -2.56495e+02 | 93  0.00000 -8.19332e+01
 94  0.00000  1.05632e+00 | 95  0.00000 -2.41283e+00 | 96  0.00000 -2.41292e+00
 97  0.81654  2.05530e+01 | 98  0.22185 -2.26723e+02 |

Intermediate statistics: 98 variables; iteration 20; function evaluation 33; phase 2
Function value 2.4763353e+03; maximum gradient component mag 1.4551e+03
Var    Value     Gradient |Var    Value     Gradient |Var    Value     Gradient
  1  0.65207  1.45508e+03 |  2 -0.05775 -1.27236e+02 |  3  0.01812 -3.91709e+01
  4  0.00221 -5.01254e+01 |  5  0.00341 -5.30149e+01 |  6  0.00338 -6.46335e+01
  7  0.00123 -5.38195e+01 |  8 -0.01285  1.94678e+00 |  9 -0.00580 -4.79028e+01
 10  0.02899 -1.06484e+02 | 11 -0.00932 -5.91754e+01 | 12 -0.00939 -3.65563e+01
 13 -0.01688  1.04683e+01 | 14  0.00026 -3.70923e+00 | 15 -0.01333  3.05878e+01
 16 -0.00346  5.81775e+00 | 17 -0.02152  4.47869e+01 | 18  0.02372 -4.21712e+02
 19  0.01878 -3.53953e+02 | 20 -0.00424 -6.69280e+01 | 21 -0.01332  9.06227e+01
 22 -0.00839 -1.11173e+01 | 23 -0.00463 -4.62794e+01 | 24  0.00619 -1.73114e+02
 25  0.00354 -1.40240e+02 | 26 -0.01852  7.93574e+00 | 27  0.00561 -1.79105e+02
 28  0.00109 -1.45918e+02 | 29 -0.00742 -3.73144e+01 | 30 -0.01716 -1.50862e+02
 31  0.06262 -1.15124e+03 | 32 -0.00825 -1.70950e+02 | 33  0.00397 -2.00781e+02
 34 -0.00663 -2.82285e+01 | 35  0.01147 -1.68537e+02 | 36 -0.01452  1.51892e+02
 37 -0.01059  7.47827e+01 | 38  0.00125 -3.41117e+01 | 39 -0.00358  1.84818e+01
 40 -0.00732  5.51800e+01 | 41 -0.00663  2.93246e+01 | 42  0.01161 -2.32936e+02
 43 -0.02439  2.00353e+02 | 44  0.02183 -3.69800e+02 | 45  0.01951 -3.40232e+02
 46 -0.00211 -1.25014e+01 | 47 -0.01254  1.63226e+02 | 48 -0.00583  1.72418e+02
 49 -0.00497  1.54891e+02 | 50 -0.00159  1.06187e+02 | 51 -0.01061  3.02322e+02
 52  0.01307 -5.72202e+02 | 53 -0.00464 -9.12466e+00 | 54  0.02173 -1.34880e+03
 55  0.00280 -1.16162e+02 | 56  0.00903 -4.91851e+02 | 57  0.00406  1.53989e+01
 58 -0.00305  5.92555e+02 | 59 -0.00311  6.02285e+02 | 60  0.00348  1.46615e+02
 61 -0.00261  3.40157e+02 | 62  0.01243 -1.15979e+03 | 63 -0.00130  2.36893e+02
 64 -0.00446  6.66937e+02 | 65  0.00265  1.42941e+02 | 66 -0.00328  6.08787e+02
 67  0.00831 -6.06873e+02 | 68  0.00669 -2.64708e+02 | 69  0.00415 -1.03319e+01
 70  0.00157  2.73887e+02 | 71 -0.00239  3.61487e+02 | 72 -0.00671  1.01964e+03
 73 -0.00292  5.85686e+02 | 74 -0.00333  9.82198e+02 | 75  0.00434  5.85182e+01
 76 -0.00456  8.66831e+02 | 77 -0.00186  3.27162e+02 | 78 -0.00380  3.26873e+02
 79  0.00866 -9.16155e+02 | 80  0.00289 -6.71265e+01 | 81 -0.00445  6.95811e+02
 82 -0.00094  4.89134e+02 | 83  0.00796 -2.51832e+02 | 84 -0.00684  4.76329e+02
 85  0.00479 -2.68103e+02 | 86 -0.00077  8.32410e+01 | 87  0.01291 -5.35527e+02
 88 -0.00519  1.02486e+02 | 89 -0.00600  2.73285e+02 | 90 -0.00613  7.36492e+01
 91  0.01469 -1.74490e+02 | 92  0.02501 -1.10770e+02 | 93  0.02825 -2.70315e+01
 94 -0.01651 -7.35873e+01 | 95 -0.00726 -6.14316e+01 | 96 -0.00726 -6.14314e+01
 97  0.81874  7.11118e+01 | 98  0.22852 -1.35714e+02 |
98 variables; iteration 40; function evaluation 58; phase 2
Function value 2.2983462e+03; maximum gradient component mag 2.2615e+03
Var    Value     Gradient |Var    Value     Gradient |Var    Value     Gradient
  1  0.65294  2.26155e+03 |  2  0.03625  3.55011e+01 |  3  0.02833 -3.53102e+01
  4  0.00293 -6.89102e+01 |  5  0.01078 -5.47030e+01 |  6  0.01707 -4.61662e+01
  7  0.00496 -6.35452e+01 |  8 -0.08154 -1.81909e+02 |  9  0.01057 -8.17934e+00
 10  0.04441 -3.28848e+01 | 11 -0.00371 -5.69477e+01 | 12 -0.02042 -1.15193e+02
 13 -0.04267 -1.40635e+02 | 14 -0.00685 -8.93372e+01 | 15 -0.01349 -6.61412e-01
 16 -0.00368 -2.34171e+01 | 17 -0.02880 -3.28513e+01 | 18  0.04014 -9.83632e+01
 19  0.03271 -9.10915e+01 | 20  0.00100 -5.17677e+00 | 21 -0.01826  2.07566e+01
 22 -0.00646  1.19091e+00 | 23 -0.00239 -2.72977e+01 | 24  0.00923 -1.31008e+02
 25  0.00775 -8.31935e+01 | 26 -0.02427 -4.65903e+01 | 27  0.00927 -1.25130e+02
 28  0.00738 -5.73385e+01 | 29 -0.00851 -3.96091e+01 | 30 -0.00884 -5.12814e+01
 31  0.08418 -3.05610e+02 | 32 -0.00297 -8.27635e+01 | 33  0.01202 -5.69732e+01
 34 -0.00856 -2.64809e+01 | 35  0.01423 -9.64043e+01 | 36 -0.02272  6.60302e+01
 37 -0.01227  5.88446e+01 | 38 -0.00042 -4.71053e+01 | 39 -0.00715 -2.03801e+01
 40 -0.01240  1.13245e+00 | 41 -0.00986  7.89918e+00 | 42  0.01858 -5.83889e+01
 43 -0.04573  2.79126e+01 | 44  0.03020 -1.04184e+02 | 45  0.02801 -6.95502e+01
 46 -0.00614 -1.61930e+01 | 47 -0.02314  6.47697e+01 | 48 -0.01414  8.82240e+01
 49 -0.00898  1.30836e+02 | 50 -0.00722  4.83861e+01 | 51 -0.02112  1.71928e+02
 52  0.02443 -1.63605e+02 | 53 -0.00758  7.32131e+00 | 54  0.03758 -6.08375e+02
 55  0.00239 -3.30547e+01 | 56  0.01975 -7.61140e+01 | 57  0.00485  7.41475e+01
 58 -0.01366  3.21081e+02 | 59 -0.01451  2.95619e+02 | 60  0.00324  1.42625e+02
 61 -0.00704  2.59325e+02 | 62  0.03043 -3.86776e+02 | 63 -0.00438  1.75718e+02
 64 -0.01608  3.33077e+02 | 65  0.00414  1.55643e+02 | 66 -0.01524  2.80834e+02
 67  0.01892 -2.19497e+02 | 68  0.00969 -1.43459e+02 | 69  0.00483  2.14031e+01
 70 -0.00085  1.98714e+02 | 71 -0.00511  2.69368e+02 | 72 -0.02307  5.28956e+02
 73 -0.01123  2.98852e+02 | 74 -0.02236  3.98379e+02 | 75  0.00001 -1.24681e+02
 76 -0.02135  3.72853e+02 | 77 -0.00646  1.64714e+02 | 78 -0.01012  1.59420e+02
 79  0.02386 -3.05963e+02 | 80  0.00562  1.92645e+01 | 81 -0.01982  2.94960e+02
 82 -0.01085  2.00273e+02 | 83  0.01271 -1.08614e+02 | 84 -0.02250  1.38902e+02
 85  0.00838 -1.46530e+02 | 86 -0.00714 -1.01152e+01 | 87  0.01984 -2.67313e+02
 88 -0.01640 -5.76914e+01 | 89 -0.02287  4.16676e+01 | 90 -0.02002 -7.09652e+01
 91  0.01113 -1.64064e+02 | 92  0.00898 -2.20401e+02 | 93 -0.02032 -2.29191e+02
 94  0.04152 -2.71195e+00 | 95  0.02345 -3.64191e+01 | 96  0.02345 -3.64199e+01
 97  0.79922  8.18297e+00 | 98  0.22904 -1.08745e+00 |
98 variables; iteration 60; function evaluation 82; phase 2
Function value 2.2359384e+03; maximum gradient component mag 9.0437e+02
Var    Value     Gradient |Var    Value     Gradient |Var    Value     Gradient
  1  0.63995  9.04369e+02 |  2 -0.03062 -5.87240e+01 |  3  0.03082  8.66528e+00
  4  0.00509 -2.47263e+01 |  5  0.00589 -2.89634e+01 |  6  0.02018 -1.23764e+00
  7  0.00217 -3.55955e+01 |  8 -0.01891  9.04789e-01 |  9 -0.01642 -6.84596e+01
 10  0.03754 -5.69935e+01 | 11 -0.00789 -4.47282e+01 | 12 -0.00896 -2.97042e+01
 13 -0.02745 -3.92920e+01 | 14 -0.01075 -9.05889e+01 | 15 -0.01876 -1.36663e+01
 16 -0.00145  1.98791e+01 | 17 -0.03804 -7.26942e+01 | 18  0.04863  7.88818e+01
 19  0.03272 -9.85245e+01 | 20  0.00175  1.14173e+01 | 21 -0.03009 -7.65211e+01
 22 -0.00935 -2.59918e+01 | 23 -0.00189 -7.25721e+00 | 24  0.02021  4.94721e+01
 25  0.01681  5.93919e+01 | 26 -0.02642 -3.94032e+01 | 27  0.01572 -3.74562e+01
 28  0.01312  1.64390e+01 | 29 -0.00504  2.97663e+00 | 30 -0.00550 -8.28505e+00
 31  0.09408 -2.16465e+01 | 32  0.01187  9.87372e+01 | 33  0.01399 -3.51993e+01
 34 -0.00829 -1.78152e+01 | 35  0.01902 -3.84659e+01 | 36 -0.03461 -3.59268e+01
 37 -0.01261  5.46136e+01 | 38  0.00565  3.37114e+01 | 39 -0.00142  5.52169e+01
 40 -0.01486 -2.97559e+01 | 41 -0.01288 -2.99909e+01 | 42  0.02814  1.09905e+02
 43 -0.04582  4.96091e+01 | 44  0.03690  1.73354e+01 | 45  0.03460  4.56203e+01
 46 -0.00101  4.90469e+01 | 47 -0.02708  1.88779e+01 | 48 -0.01702  2.94757e+01
 49 -0.01018  7.60045e+01 | 50 -0.00901 -2.76739e+01 | 51 -0.03097  1.48722e+01
 52  0.04168  3.15715e+02 | 53 -0.00275  7.79922e+01 | 54  0.05774  2.16014e+02
 55  0.00333 -7.47230e+01 | 56  0.02374 -8.79935e+01 | 57  0.01041  9.94188e+01
 58 -0.02120  6.95750e+01 | 59 -0.02127  5.60130e+01 | 60  0.01174  2.67881e+02
 61 -0.01102  8.19788e+01 | 62  0.04534  1.12014e+02 | 63 -0.00760 -1.49758e+01
 64 -0.02708 -1.37347e+01 | 65  0.00102 -1.29356e+02 | 66 -0.02430 -1.31315e+01
 67  0.03123  6.31593e+01 | 68  0.01409 -1.60003e+02 | 69  0.00556 -1.21309e+02
 70 -0.00455 -6.80117e+01 | 71 -0.00731  3.90089e+01 | 72 -0.04045  4.91442e+01
 73 -0.01676 -4.45605e+00 | 74 -0.03390  4.68141e+01 | 75  0.00828 -1.44149e+01
 76 -0.03664 -3.50721e+01 | 77 -0.00722 -2.12729e+00 | 78 -0.01258 -5.10440e+00
 79  0.03563 -2.65900e+00 | 80  0.00552 -1.44407e+02 | 81 -0.03654 -9.06683e+01
 82 -0.01622 -2.33269e+01 | 83  0.02302  8.75834e+01 | 84 -0.02987 -3.97728e+01
 85  0.01477 -8.49941e+01 | 86 -0.00489 -2.08058e+01 | 87  0.03445  7.47858e+01
 88 -0.01471 -8.13949e+01 | 89 -0.02960 -8.67813e+01 | 90 -0.01533 -4.55118e+01
 91  0.03112  8.19332e+01 | 92  0.03226 -1.14855e+01 | 93  0.02550 -3.15528e+01
 94  0.00349 -1.97628e+01 | 95 -0.02472 -6.57630e+01 | 96 -0.02472 -6.57636e+01
 97  0.81490  5.23202e+01 | 98  0.23259 -1.43090e+01 |
Maximum number of function evaluations exceeded

 - final statistics:
98 variables; iteration 74; function evaluation 100
Function value 2.2276e+03; maximum gradient component mag 4.6022e+02
Exit code = 3;  converg criter 1.0000e+01
Var    Value     Gradient |Var    Value     Gradient |Var    Value     Gradient
  1  0.64036  4.60217e+02 |  2 -0.02100 -2.76753e+01 |  3  0.02063 -6.71462e-01
  4 -0.00104 -2.41241e+01 |  5  0.00877 -7.95210e+00 |  6  0.01544 -3.38167e-01
  7  0.01089  4.82920e+00 |  8 -0.02416  1.35858e+00 |  9 -0.00980 -3.30626e+01
 10  0.03919 -3.02040e+01 | 11 -0.00833 -3.11190e+01 | 12 -0.00135  2.53047e+01
 13 -0.02992 -3.58583e+01 | 14 -0.00491 -3.44521e+01 | 15 -0.02060 -1.23970e+01
 16 -0.00279  1.90619e+01 | 17 -0.03530 -4.17765e+01 | 18  0.04437 -1.04832e+01
 19  0.03383 -6.77570e+01 | 20 -0.00205 -2.26322e+01 | 21 -0.02407 -8.04027e+00
 22 -0.01121 -3.15415e+01 | 23 -0.00214  3.20505e+00 | 24  0.01765  2.01207e+01
 25  0.01398  2.88493e+01 | 26 -0.02651 -2.78442e+01 | 27  0.01669 -1.47381e+01
 28  0.00908 -2.77936e+01 | 29 -0.00655 -2.90306e+00 | 30 -0.00345  2.31756e+01
 31  0.09548  2.83915e+01 | 32  0.00733  4.83709e+01 | 33  0.01741  1.66248e+01
 34 -0.01267 -5.52215e+01 | 35  0.01997 -1.91301e+01 | 36 -0.03178 -2.72418e+00
 37 -0.01391  4.65115e+01 | 38  0.00471  2.23895e+01 | 39 -0.00487  1.17239e+01
 40 -0.01325 -4.62001e+00 | 41 -0.01086 -2.00007e+00 | 42  0.02337  3.13579e+00
 43 -0.04968  2.65978e+01 | 44  0.03502 -4.10117e+01 | 45  0.03610  6.43784e+01
 46 -0.00257  2.32028e+01 | 47 -0.02589  3.22621e+01 | 48 -0.01738  2.30396e+01
 49 -0.01231  4.18786e+01 | 50 -0.00547  2.67080e+01 | 51 -0.02895  3.93830e+01
 52  0.03783  1.40860e+02 | 53 -0.00461  2.82666e+01 | 54  0.05599  8.66188e+01
 55  0.00546 -2.76484e+01 | 56  0.02534 -3.87116e+01 | 57  0.00939  6.65253e+01
 58 -0.02292  3.84750e+01 | 59 -0.02287  2.38237e+01 | 60  0.00764  1.25995e+02
 61 -0.01242  4.70594e+01 | 62  0.04388  2.11130e+01 | 63 -0.00711 -9.95606e-01
 64 -0.02783 -1.76631e+01 | 65  0.00381 -4.45924e+01 | 66 -0.02525 -2.20887e+01
 67  0.03017  1.62502e+01 | 68  0.01613 -8.25357e+01 | 69  0.00854 -2.11221e+01
 70 -0.00482 -6.39839e+01 | 71 -0.00782  3.26439e+01 | 72 -0.04196  3.18530e+01
 73 -0.01740 -1.14660e+01 | 74 -0.03485  4.06396e+01 | 75  0.00859  9.67680e+00
 76 -0.03767 -3.94879e+01 | 77 -0.00750  3.45513e+00 | 78 -0.01277  4.28895e+00
 79  0.03508 -9.71036e+00 | 80  0.00790 -5.49138e+01 | 81 -0.03640 -7.17974e+01
 82 -0.01692 -2.51489e+01 | 83  0.02078  1.81485e+01 | 84 -0.02964 -2.06032e+01
 85  0.01613 -2.20909e+01 | 86 -0.00453  7.24728e+00 | 87  0.03312  5.63379e+01
 88 -0.01251 -2.38102e+01 | 89 -0.02856 -5.36340e+01 | 90 -0.01633 -4.03276e+01
 91  0.02667  2.86895e+01 | 92  0.03002 -1.67973e+01 | 93  0.02609 -1.18464e+01
 94  0.00040 -1.11915e+01 | 95 -0.01051 -3.04832e+01 | 96 -0.01051 -3.04817e+01
 97  0.81336  2.67503e+01 | 98  0.23315 -4.57977e+00 |

Initial statistics: 100 variables; iteration 0; function evaluation 0; phase 3
Function value 2.2275578e+03; maximum gradient component mag 4.6022e+02
Var    Value     Gradient |Var    Value     Gradient |Var    Value     Gradient
  1  0.64036  4.60217e+02 |  2 -0.02100 -2.76539e+01 |  3  0.02063 -6.50088e-01
  4 -0.00104 -2.41027e+01 |  5  0.00877 -7.93071e+00 |  6  0.01544 -3.16788e-01
  7  0.01089  4.85058e+00 |  8 -0.02416  1.37995e+00 |  9 -0.00980 -3.30412e+01
 10  0.03919 -3.01826e+01 | 11 -0.00833 -3.10977e+01 | 12 -0.00135  2.53260e+01
 13 -0.02992 -3.58369e+01 | 14 -0.00491 -3.44307e+01 | 15 -0.02060 -1.23757e+01
 16 -0.00279  1.90833e+01 | 17 -0.03530 -4.17552e+01 | 18  0.04437 -1.04619e+01
 19  0.03383 -6.77356e+01 | 20 -0.00205 -2.26108e+01 | 21 -0.02407 -8.01890e+00
 22 -0.01121 -3.15201e+01 | 23 -0.00214  3.22643e+00 | 24  0.01765  2.01421e+01
 25  0.01398  2.88706e+01 | 26 -0.02651 -2.78229e+01 | 27  0.01669 -1.47167e+01
 28  0.00908 -2.77722e+01 | 29 -0.00655 -2.88168e+00 | 30 -0.00345  2.31970e+01
 31  0.09549  2.84127e+01 | 32  0.00733  4.83922e+01 | 33  0.01741  1.66461e+01
 34 -0.01267 -5.52001e+01 | 35  0.01997 -1.91087e+01 | 36 -0.03178 -2.70283e+00
 37 -0.01391  4.65328e+01 | 38  0.00471  2.24108e+01 | 39 -0.00487  1.17452e+01
 40 -0.01325 -4.59863e+00 | 41 -0.01086 -1.97869e+00 | 42  0.02337  3.15716e+00
 43 -0.04968  2.66191e+01 | 44  0.03502 -4.09903e+01 | 45  0.03610  6.43998e+01
 46 -0.00257  2.32242e+01 | 47 -0.02589  3.22834e+01 | 48 -0.01738  2.30610e+01
 49 -0.01231  4.19000e+01 | 50 -0.00547  2.67294e+01 | 51 -0.02895  3.94043e+01
 52  0.03783  1.40881e+02 | 53 -0.00461  2.82879e+01 | 54  0.05599  8.66401e+01
 55  0.00546 -2.76270e+01 | 56  0.02534 -3.86903e+01 | 57  0.00939  6.65467e+01
 58 -0.02292  3.84963e+01 | 59 -0.02287  2.38451e+01 | 60  0.00764  1.26016e+02
 61 -0.01242  4.70807e+01 | 62  0.04388  2.11343e+01 | 63 -0.00711 -9.74222e-01
 64 -0.02783 -1.76417e+01 | 65  0.00381 -4.45710e+01 | 66 -0.02525 -2.20673e+01
 67  0.03017  1.62716e+01 | 68  0.01613 -8.25143e+01 | 69  0.00854 -2.11007e+01
 70 -0.00482 -6.39625e+01 | 71 -0.00782  3.26653e+01 | 72 -0.04196  3.18744e+01
 73 -0.01740 -1.14446e+01 | 74 -0.03485  4.06610e+01 | 75  0.00859  9.69818e+00
 76 -0.03767 -3.94665e+01 | 77 -0.00750  3.47652e+00 | 78 -0.01277  4.31033e+00
 79  0.03508 -9.68901e+00 | 80  0.00790 -5.48924e+01 | 81 -0.03640 -7.17760e+01
 82 -0.01692 -2.51275e+01 | 83  0.02078  1.81699e+01 | 84 -0.02964 -2.05818e+01
 85  0.01613 -2.20695e+01 | 86 -0.00453  7.26867e+00 | 87  0.03313  5.63592e+01
 88 -0.01251 -2.37889e+01 | 89 -0.02856 -5.36126e+01 | 90 -0.01633 -4.03062e+01
 91  0.02667  2.87109e+01 | 92  0.03002 -1.67760e+01 | 93  0.02609 -1.18250e+01
 94  0.00040 -1.11701e+01 | 95 -0.01051 -3.04618e+01 | 96 -0.01051 -3.04603e+01
 97  0.81336  2.67503e+01 | 98 -0.41581  9.42110e+01 | 99  0.23315 -4.57977e+00
100 -0.25275 -8.26360e+00 |

Intermediate statistics: 100 variables; iteration 20; function evaluation 25; phase 3
Function value 2.2250357e+03; maximum gradient component mag 3.2716e+02
Var    Value     Gradient |Var    Value     Gradient |Var    Value     Gradient
  1  0.64180  3.27162e+02 |  2 -0.01273 -8.54732e+00 |  3  0.01491 -9.96633e+00
  4  0.00435 -9.05072e+00 |  5  0.00683 -9.54110e+00 |  6  0.01139 -9.07249e+00
  7  0.00553 -8.65225e+00 |  8 -0.02956 -9.43851e+00 |  9 -0.00354 -1.02736e+01
 10  0.04197 -1.40440e+01 | 11 -0.00401 -1.12716e+01 | 12 -0.00675 -2.24086e+00
 13 -0.02524 -1.24096e+01 | 14 -0.00257 -1.76307e+01 | 15 -0.02022 -9.03600e+00
 16 -0.00406  7.26836e+00 | 17 -0.03264 -1.91994e+01 | 18  0.04461 -2.64236e+00
 19  0.03602 -2.23928e+01 | 20 -0.00140 -1.16291e+01 | 21 -0.02405 -4.95365e+00
 22 -0.01023 -1.77738e+01 | 23 -0.00246  1.35074e+00 | 24  0.01686  8.45466e+00
 25  0.01283  1.44908e+01 | 26 -0.02525 -1.37278e+01 | 27  0.01692 -5.77285e+00
 28  0.00974 -1.34973e+01 | 29 -0.00687 -1.12587e+00 | 30 -0.00485  1.36872e+01
 31  0.09643  7.58318e+01 | 32  0.00528  2.95860e+01 | 33  0.01669  1.29420e+01
 34 -0.01058 -2.80120e+01 | 35  0.02070  5.57213e-01 | 36 -0.03207 -3.74399e-01
 37 -0.01597  2.81053e+01 | 38  0.00397  1.54120e+01 | 39 -0.00536  1.01800e+01
 40 -0.01324  1.26862e+00 | 41 -0.01089  4.27919e+00 | 42  0.02386  2.20001e+01
 43 -0.05284  1.09190e+01 | 44  0.03697  1.67331e+01 | 45  0.03550  6.40596e+01
 46 -0.00317  2.40229e+01 | 47 -0.02736  2.45496e+01 | 48 -0.01822  2.11391e+01
 49 -0.01370  3.18621e+01 | 50 -0.00610  2.68650e+01 | 51 -0.03039  3.03380e+01
 52  0.03782  1.58971e+02 | 53 -0.00500  3.22463e+01 | 54  0.05596  1.06703e+02
 55  0.00616  2.62059e+00 | 56  0.02572 -1.29540e+01 | 57  0.00851  5.18248e+01
 58 -0.02425  1.97104e+01 | 59 -0.02364  1.49740e+01 | 60  0.00653  9.59131e+01
 61 -0.01375  2.22184e+01 | 62  0.04263 -4.11256e+01 | 63 -0.00752 -6.37291e+00
 64 -0.02777 -1.13030e+01 | 65  0.00369 -4.08812e+01 | 66 -0.02507 -1.59466e+01
 67  0.02885 -3.79528e+01 | 68  0.01569 -9.93173e+01 | 69  0.00771 -4.44398e+01
 70 -0.00446 -5.34752e+01 | 71 -0.00916  3.49854e-01 | 72 -0.04369  4.94103e+00
 73 -0.01776 -1.66783e+01 | 74 -0.03683  6.20522e+00 | 75  0.00767 -1.56031e+01
 76 -0.03699 -2.17694e+01 | 77 -0.00832 -1.00212e+01 | 78 -0.01356 -1.15228e+01
 79  0.03306 -9.85761e+01 | 80  0.00746 -6.19693e+01 | 81 -0.03478 -3.95830e+01
 82 -0.01688 -1.50180e+01 | 83  0.02005  7.37774e+00 | 84 -0.02971 -1.36777e+01
 85  0.01571 -1.97021e+01 | 86 -0.00547 -1.64956e+00 | 87  0.03219  4.61468e+01
 88 -0.01258 -1.00182e+01 | 89 -0.02778 -2.92029e+01 | 90 -0.01603 -2.25894e+01
 91  0.02449  1.45682e+01 | 92  0.03014 -7.63842e+00 | 93  0.02555 -7.53588e+00
 94 -0.00166 -1.00157e+01 | 95  0.00128 -8.07952e+00 | 96  0.00128 -8.07968e+00
 97  0.78273 -3.93600e+01 | 98 -0.42035  2.51047e+02 | 99  0.23678 -4.52263e+00
100 -0.25144  2.81895e+01 |
100 variables; iteration 40; function evaluation 50; phase 3
Function value 2.2237158e+03; maximum gradient component mag 1.3952e+02
Var    Value     Gradient |Var    Value     Gradient |Var    Value     Gradient
  1  0.64109  9.62843e+01 |  2 -0.00867  5.97014e+00 |  3  0.01703  1.45216e+00
  4  0.00242 -6.44648e+00 |  5  0.00810  2.52172e-01 |  6  0.01143 -2.31713e+00
  7  0.00332 -8.42878e+00 |  8 -0.02574  6.92110e+00 |  9  0.00023  9.01019e+00
 10  0.04207 -7.82463e+00 | 11 -0.00251  1.33620e+00 | 12 -0.00652  4.63918e+00
 13 -0.02530 -7.03336e+00 | 14 -0.00180 -7.40153e+00 | 15 -0.02036 -5.48139e+00
 16 -0.00451  5.99876e+00 | 17 -0.03100 -3.02454e+00 | 18  0.04462 -5.92334e+00
 19  0.03729  7.30090e-01 | 20 -0.00077 -2.14464e+00 | 21 -0.02355  2.65409e+00
 22 -0.00891 -8.46618e-01 | 23 -0.00251  1.81828e+00 | 24  0.01616 -4.25566e+00
 25  0.01262  1.03295e+01 | 26 -0.02512 -9.82581e+00 | 27  0.01712 -3.27415e+00
 28  0.00995 -1.00673e+01 | 29 -0.00697 -4.20172e-01 | 30 -0.00579  5.11049e+00
 31  0.09575  2.30814e+01 | 32  0.00325  5.28084e+00 | 33  0.01610  1.68396e+00
 34 -0.00870 -8.81613e+00 | 35  0.02103  8.33188e-01 | 36 -0.03238 -2.49864e+00
 37 -0.01795  4.82507e+00 | 38  0.00360  3.22614e+00 | 39 -0.00571  7.52947e-01
 40 -0.01310 -8.72398e-01 | 41 -0.01083  5.76454e-02 | 42  0.02383  5.96120e+00
 43 -0.05506 -4.15824e+00 | 44  0.03731 -1.21982e+00 | 45  0.03484  2.19165e+01
 46 -0.00355  5.73137e+00 | 47 -0.02843  6.32355e+00 | 48 -0.01852  7.42240e+00
 49 -0.01419  1.33245e+01 | 50 -0.00578  1.73018e+01 | 51 -0.03113  1.25126e+01
 52  0.03594  5.41379e+01 | 53 -0.00530  9.56989e+00 | 54  0.05546  3.59060e+01
 55  0.00672  1.24326e+00 | 56  0.02656 -4.64577e+00 | 57  0.00787  2.04028e+01
 58 -0.02447  9.93481e+00 | 59 -0.02408  5.77935e-01 | 60  0.00489  3.48161e+01
 61 -0.01405  1.05369e+01 | 62  0.04348 -1.40043e+01 | 63 -0.00728 -2.82235e+00
 64 -0.02760 -7.25600e+00 | 65  0.00487 -9.19744e+00 | 66 -0.02489 -1.00121e+01
 67  0.02954 -1.18989e+01 | 68  0.01750 -3.47454e+01 | 69  0.00846 -1.69252e+01
 70 -0.00312 -1.37672e+01 | 71 -0.00943 -3.15208e+00 | 72 -0.04388  5.94485e+00
 73 -0.01730 -1.96869e+00 | 74 -0.03726  2.45777e+00 | 75  0.00775 -1.12557e+01
 76 -0.03698 -1.68105e+01 | 77 -0.00804  5.98836e-01 | 78 -0.01353 -5.52810e+00
 79  0.03440 -3.15784e+01 | 80  0.00854 -2.12844e+01 | 81 -0.03288 -2.88972e+00
 82 -0.01660 -3.69528e+00 | 83  0.02018  1.41653e+01 | 84 -0.02917  5.21376e-01
 85  0.01602 -6.76567e+00 | 86 -0.00568 -2.16852e+00 | 87  0.03106  9.40942e+00
 88 -0.01232 -9.67253e-02 | 89 -0.02723 -1.54643e+01 | 90 -0.01584 -1.34651e+01
 91  0.02396  1.18205e+01 | 92  0.02912 -1.22509e+01 | 93  0.02493 -3.85757e+00
 94 -0.00237 -4.23527e+00 | 95 -0.00509 -1.09818e+01 | 96 -0.00509 -1.09814e+01
 97  0.78034 -2.66041e+01 | 98 -0.42127  1.39521e+02 | 99  0.23675 -6.89861e-01
100 -0.25157  1.01087e+01 |
100 variables; iteration 60; function evaluation 76; phase 3
Function value 2.2233728e+03; maximum gradient component mag 1.1937e+01
Var    Value     Gradient |Var    Value     Gradient |Var    Value     Gradient
  1  0.64091 -4.94314e+00 |  2 -0.01165  3.22939e+00 |  3  0.01626  2.59857e+00
  4  0.00248 -3.50584e+00 |  5  0.00650 -7.60777e-01 |  6  0.01159  9.39142e-01
  7  0.00657  3.80275e+00 |  8 -0.03130 -4.20114e+00 |  9 -0.00189  4.57822e+00
 10  0.04220 -4.22603e+00 | 11 -0.00486 -5.90720e+00 | 12 -0.00806  1.89503e-01
 13 -0.02385  3.35798e+00 | 14 -0.00132 -1.08162e-02 | 15 -0.02037 -1.64619e+00
 16 -0.00572 -1.27530e+00 | 17 -0.03080  2.22457e+00 | 18  0.04467  3.29390e-01
 19  0.03713  2.22951e+00 | 20 -0.00080  1.21744e+00 | 21 -0.02451 -2.88458e+00
 22 -0.00901  8.51378e-01 | 23 -0.00286  4.86645e-01 | 24  0.01615 -2.01670e+00
 25  0.01198  3.61937e+00 | 26 -0.02518 -7.83096e+00 | 27  0.01697 -3.26646e+00
 28  0.01092  4.50875e+00 | 29 -0.00715 -4.77721e-01 | 30 -0.00621  2.03118e+00
 31  0.09541  1.29655e+00 | 32  0.00291  1.65833e+00 | 33  0.01590 -1.57562e+00
 34 -0.00811 -2.14750e+00 | 35  0.02087 -3.17451e+00 | 36 -0.03197  1.80882e+00
 37 -0.01884 -4.44151e+00 | 38  0.00345 -8.43938e-01 | 39 -0.00556  1.45884e+00
 40 -0.01311 -2.11353e+00 | 41 -0.01077 -9.70411e-01 | 42  0.02380 -4.44245e-01
 43 -0.05474 -1.84477e+00 | 44  0.03762 -4.30585e+00 | 45  0.03421 -2.98358e+00
 46 -0.00378 -2.81989e+00 | 47 -0.02879 -1.71065e-01 | 48 -0.01869  9.02650e-01
 49 -0.01488 -1.31144e+00 | 50 -0.00649 -1.15726e+00 | 51 -0.03158  3.13033e+00
 52  0.03498  6.13128e+00 | 53 -0.00548 -4.60941e-01 | 54  0.05511  1.09018e+00
 55  0.00686 -9.21963e-01 | 56  0.02696  1.51066e+00 | 57  0.00730 -5.92640e-02
 58 -0.02502 -1.32750e+00 | 59 -0.02395  1.15686e+00 | 60  0.00385  1.40459e+00
 61 -0.01438  2.56676e+00 | 62  0.04378 -1.29891e+00 | 63 -0.00717  9.87188e-01
 64 -0.02737 -9.50874e-01 | 65  0.00521  2.10893e+00 | 66 -0.02459 -1.95079e+00
 67  0.02977  6.69139e-02 | 68  0.01819 -5.71805e+00 | 69  0.00923  1.19366e+01
 70 -0.00250  8.09659e+00 | 71 -0.00931  3.88407e+00 | 72 -0.04439  4.99259e-02
 73 -0.01728  9.90741e-01 | 74 -0.03744  2.29895e+00 | 75  0.00799  1.45972e+00
 76 -0.03622  3.89620e-01 | 77 -0.00838 -4.79639e+00 | 78 -0.01344  3.66369e-01
 79  0.03497  3.63824e-01 | 80  0.00883 -7.55491e+00 | 81 -0.03279  1.89186e+00
 82 -0.01661 -1.69703e+00 | 83  0.01979  9.67324e-01 | 84 -0.02937 -1.13138e+00
 85  0.01592 -9.41236e+00 | 86 -0.00563 -5.10287e-01 | 87  0.03081 -1.27304e+00
 88 -0.01246 -1.83956e+00 | 89 -0.02604  1.66230e-01 | 90 -0.01465  1.27416e+00
 91  0.02344  2.22447e+00 | 92  0.03102  5.84687e+00 | 93  0.02565  7.42578e-01
 94 -0.00019  2.14380e+00 | 95  0.00035  3.77131e-01 | 96  0.00035  3.77580e-01
 97  0.78275 -1.09902e+00 | 98 -0.42135  8.62430e+00 | 99  0.23671 -5.01013e-01
100 -0.25168  6.17595e-02 |
Maximum number of function evaluations exceeded

 - final statistics:
100 variables; iteration 80; function evaluation 100
Function value 2.2233e+03; maximum gradient component mag 6.1307e+00
Exit code = 3;  converg criter 1.0000e+00
Var    Value     Gradient |Var    Value     Gradient |Var    Value     Gradient
  1  0.64098 -1.53443e+00 |  2 -0.01260  1.40265e+00 |  3  0.01666  3.45547e+00
  4  0.00464  1.20944e+00 |  5  0.00621 -1.41145e+00 |  6  0.01147  6.27754e-01
  7  0.00572  1.33596e+00 |  8 -0.03001 -1.02373e+00 |  9 -0.00288  1.30391e+00
 10  0.04262 -1.49566e+00 | 11 -0.00397 -1.98842e+00 | 12 -0.00818 -4.24883e-01
 13 -0.02444  4.55090e-01 | 14 -0.00159 -1.98247e+00 | 15 -0.02068 -3.88928e+00
 16 -0.00552  5.33374e-01 | 17 -0.03078  2.31550e+00 | 18  0.04459 -1.30084e+00
 19  0.03714  2.52864e+00 | 20 -0.00073  2.19076e+00 | 21 -0.02431 -1.01040e+00
 22 -0.00895  1.59089e+00 | 23 -0.00285  7.01174e-01 | 24  0.01624 -5.70771e-01
 25  0.01179  1.24756e+00 | 26 -0.02448 -2.03053e+00 | 27  0.01711 -8.45044e-01
 28  0.01066  1.37227e+00 | 29 -0.00721 -1.04675e+00 | 30 -0.00649 -6.62726e-01
 31  0.09535  7.56811e-02 | 32  0.00265 -9.14160e-01 | 33  0.01591 -9.94611e-01
 34 -0.00799 -6.05088e-01 | 35  0.02111  1.46435e+00 | 36 -0.03213  6.64625e-01
 37 -0.01843  8.48968e-02 | 38  0.00343 -7.59457e-01 | 39 -0.00567  8.31642e-02
 40 -0.01304 -1.09851e+00 | 41 -0.01067  4.62920e-01 | 42  0.02369 -2.21075e+00
 43 -0.05444  2.05425e-01 | 44  0.03766 -2.53347e+00 | 45  0.03419 -2.60669e+00
 46 -0.00369 -1.13730e+00 | 47 -0.02881 -1.34789e-01 | 48 -0.01882 -2.60963e-01
 49 -0.01482 -5.30093e-02 | 50 -0.00627  2.97233e+00 | 51 -0.03184  3.78324e-01
 52  0.03482  1.73330e+00 | 53 -0.00556 -1.61484e+00 | 54  0.05507  6.45401e-02
 55  0.00683 -1.21871e+00 | 56  0.02691  2.60596e-01 | 57  0.00726 -6.13903e-01
 58 -0.02505 -1.80613e+00 | 59 -0.02405 -5.47035e-01 | 60  0.00381  1.58858e-01
 61 -0.01455 -8.25021e-01 | 62  0.04379 -6.72573e-01 | 63 -0.00715  1.75553e+00
 64 -0.02724  1.40932e+00 | 65  0.00511 -2.16879e-01 | 66 -0.02439  1.97811e+00
 67  0.02974 -3.29662e-01 | 68  0.01830 -2.08304e+00 | 69  0.00896  3.76022e+00
 70 -0.00270  2.32039e+00 | 71 -0.00942  7.98483e-01 | 72 -0.04444 -7.47424e-01
 73 -0.01738 -1.09058e+00 | 74 -0.03737  3.92610e+00 | 75  0.00792 -2.85724e-01
 76 -0.03617  1.55145e+00 | 77 -0.00829 -1.97957e+00 | 78 -0.01357 -2.50554e+00
 79  0.03495  1.01772e-01 | 80  0.00897 -3.04817e+00 | 81 -0.03292  1.54322e-01
 82 -0.01643  2.10204e+00 | 83  0.01975 -8.86296e-02 | 84 -0.02945 -2.43460e+00
 85  0.01607 -3.98276e+00 | 86 -0.00534  6.13066e+00 | 87  0.03080 -9.01138e-01
 88 -0.01253 -3.25474e+00 | 89 -0.02621 -2.08784e+00 | 90 -0.01468  4.92460e-01
 91  0.02336  8.77266e-01 | 92  0.03091  4.30742e+00 | 93  0.02588  1.72223e+00
 94 -0.00103  7.48178e-01 | 95  0.00027  1.59431e-01 | 96  0.00026  1.56198e-01
 97  0.78251 -2.63862e-01 | 98 -0.42140  3.23009e+00 | 99  0.23728  9.43890e-01
100 -0.25150  7.52965e-01 |

Initial statistics: 108 variables; iteration 0; function evaluation 0; phase 4
Function value 2.2233416e+03; maximum gradient component mag -5.2721e+02
Var    Value     Gradient |Var    Value     Gradient |Var    Value     Gradient
  1 -0.42263  2.25791e+01 |  2 -0.42263 -5.27208e+02 |  3 -0.41094 -1.72056e+02
  4  0.64098 -1.53443e+00 |  5  0.00000 -3.89900e+00 |  6  0.00000  6.11572e+00
  7  0.00000 -2.39308e+01 |  8  0.00000  9.14409e+00 |  9  0.00000 -1.32530e+01
 10 -0.01260  1.40261e+00 | 11  0.01666  3.45543e+00 | 12  0.00464  1.20940e+00
 13  0.00621 -1.41149e+00 | 14  0.01147  6.27716e-01 | 15  0.00572  1.33593e+00
 16 -0.03001 -1.02376e+00 | 17 -0.00288  1.30387e+00 | 18  0.04262 -1.49569e+00
 19 -0.00397 -1.98845e+00 | 20 -0.00818 -4.24920e-01 | 21 -0.02444  4.55053e-01
 22 -0.00159 -1.98251e+00 | 23 -0.02068 -3.88932e+00 | 24 -0.00552  5.33337e-01
 25 -0.03078  2.31546e+00 | 26  0.04459 -1.30088e+00 | 27  0.03714  2.52860e+00
 28 -0.00073  2.19072e+00 | 29 -0.02431 -1.01043e+00 | 30 -0.00895  1.59085e+00
 31 -0.00285  7.01137e-01 | 32  0.01624 -5.70808e-01 | 33  0.01179  1.24752e+00
 34 -0.02448 -2.03057e+00 | 35  0.01711 -8.45082e-01 | 36  0.01066  1.37223e+00
 37 -0.00721 -1.04679e+00 | 38 -0.00649 -6.62763e-01 | 39  0.09535  7.56444e-02
 40  0.00265 -9.14197e-01 | 41  0.01591 -9.94648e-01 | 42 -0.00799 -6.05125e-01
 43  0.02111  1.46431e+00 | 44 -0.03213  6.64588e-01 | 45 -0.01843  8.48597e-02
 46  0.00343 -7.59494e-01 | 47 -0.00567  8.31271e-02 | 48 -0.01304 -1.09855e+00
 49 -0.01067  4.62883e-01 | 50  0.02369 -2.21078e+00 | 51 -0.05444  2.05388e-01
 52  0.03766 -2.53351e+00 | 53  0.03419 -2.60672e+00 | 54 -0.00369 -1.13734e+00
 55 -0.02881 -1.34826e-01 | 56 -0.01882 -2.61000e-01 | 57 -0.01482 -5.30464e-02
 58 -0.00627  2.97230e+00 | 59 -0.03184  3.78287e-01 | 60  0.03482  1.73326e+00
 61 -0.00556 -1.61488e+00 | 62  0.05507  6.45032e-02 | 63  0.00683 -1.21875e+00
 64  0.02691  2.60559e-01 | 65  0.00726 -6.13940e-01 | 66 -0.02505 -1.80617e+00
 67 -0.02405 -5.47072e-01 | 68  0.00381  1.58821e-01 | 69 -0.01455 -8.25058e-01
 70  0.04379 -6.72610e-01 | 71 -0.00715  1.75549e+00 | 72 -0.02724  1.40928e+00
 73  0.00511 -2.16916e-01 | 74 -0.02439  1.97807e+00 | 75  0.02974 -3.29700e-01
 76  0.01830 -2.08308e+00 | 77  0.00896  3.76019e+00 | 78 -0.00270  2.32035e+00
 79 -0.00942  7.98446e-01 | 80 -0.04444 -7.47461e-01 | 81 -0.01738 -1.09061e+00
 82 -0.03737  3.92606e+00 | 83  0.00792 -2.85761e-01 | 84 -0.03617  1.55141e+00
 85 -0.00829 -1.97961e+00 | 86 -0.01357 -2.50558e+00 | 87  0.03495  1.01735e-01
 88  0.00897 -3.04820e+00 | 89 -0.03292  1.54285e-01 | 90 -0.01643  2.10200e+00
 91  0.01975 -8.86667e-02 | 92 -0.02945 -2.43463e+00 | 93  0.01607 -3.98280e+00
 94 -0.00534  6.13063e+00 | 95  0.03080 -9.01175e-01 | 96 -0.01253 -3.25477e+00
 97 -0.02621 -2.08787e+00 | 98 -0.01468  4.92423e-01 | 99  0.02336  8.77229e-01
100  0.03091  4.30738e+00 |101  0.02588  1.72219e+00 |102 -0.00103  7.48140e-01
103  0.00027  1.59394e-01 |104  0.00026  1.56161e-01 |105  0.78251 -2.63862e-01
106 -0.42140  3.23009e+00 |107  0.23728  9.43890e-01 |108 -0.25150  7.52965e-01

Intermediate statistics: 108 variables; iteration 20; function evaluation 25; phase 4
Function value 2.2222546e+03; maximum gradient component mag -3.6205e+02
Var    Value     Gradient |Var    Value     Gradient |Var    Value     Gradient
  1 -0.46006 -2.00734e+01 |  2 -0.42436 -3.62048e+02 |  3 -0.39957 -1.29676e+02
  4  0.64061 -6.42914e+00 |  5  0.00147 -5.43604e-01 |  6 -0.00392 -2.11927e-01
  7  0.01430  1.53016e-01 |  8 -0.00568 -2.58613e-01 |  9  0.00704 -2.66566e-01
 10 -0.01337  1.69422e-01 | 11  0.01511  2.06743e-01 | 12  0.00408  1.17112e-01
 13  0.00674 -4.97937e-02 | 14  0.01124  3.56395e-03 | 15  0.00527  2.85811e-02
 16 -0.02964  3.05169e-02 | 17 -0.00327 -1.98317e-02 | 18  0.04293  4.78416e-02
 19 -0.00347 -6.68085e-03 | 20 -0.00800  1.50535e-01 | 21 -0.02441  2.57116e-01
 22 -0.00122  7.12018e-02 | 23 -0.02019 -7.49911e-01 | 24 -0.00537  1.93111e+00
 25 -0.03091  1.77403e+00 | 26  0.04475  2.47640e+00 | 27  0.03753  8.32847e+00
 28 -0.00043  5.01665e+00 | 29 -0.02420  1.21939e-01 | 30 -0.00870  3.68064e+00
 31 -0.00274  2.61929e+00 | 32  0.01630  1.97214e+00 | 33  0.01190  4.14366e+00
 34 -0.02441 -7.88846e-01 | 35  0.01726  5.96221e-01 | 36  0.01088  3.89136e+00
 37 -0.00710  4.06878e-01 | 38 -0.00634  1.16365e+00 | 39  0.09591  2.39116e+01
 40  0.00284  1.30902e+00 | 41  0.01615  1.06965e+00 | 42 -0.00774  9.03846e-01
 43  0.02134  4.03174e+00 | 44 -0.03213  1.06582e+00 | 45 -0.01836  6.71448e-01
 46  0.00344 -6.11387e-01 | 47 -0.00568  7.32306e-01 | 48 -0.01303 -7.40088e-01
 49 -0.01061  1.40359e+00 | 50  0.02357 -2.99368e+00 | 51 -0.05455  1.58466e-01
 52  0.03755 -3.81318e+00 | 53  0.03407 -4.99896e+00 | 54 -0.00371 -1.71565e+00
 55 -0.02880 -3.91060e-02 | 56 -0.01887 -6.37714e-01 | 57 -0.01496 -5.08023e-01
 58 -0.00638  4.65690e+00 | 59 -0.03203  6.44782e-01 | 60  0.03468  1.24136e+00
 61 -0.00574 -4.66455e+00 | 62  0.05438 -3.30709e+01 | 63  0.00673 -5.02970e+00
 64  0.02658 -1.16135e+01 | 65  0.00731 -4.10497e+00 | 66 -0.02524 -4.88150e+00
 67 -0.02394 -1.20888e+00 | 68  0.00376  1.61504e+00 | 69 -0.01448  2.29619e-01
 70  0.04398  1.79151e+01 | 71 -0.00718  3.56711e+00 | 72 -0.02730  2.00834e+00
 73  0.00520  9.79323e-02 | 74 -0.02423  4.13165e+00 | 75  0.02988  9.40874e+00
 76  0.01808 -4.98022e+00 | 77  0.00925  1.04028e+01 | 78 -0.00255  3.35527e+00
 79 -0.00948 -2.21383e-01 | 80 -0.04451 -2.40793e+00 | 81 -0.01747 -3.89166e+00
 82 -0.03725  5.84631e+00 | 83  0.00775 -4.36847e+00 | 84 -0.03621  1.91323e+00
 85 -0.00843 -4.76748e+00 | 86 -0.01372 -5.18138e+00 | 87  0.03493 -4.57420e-01
 88  0.00858 -1.21845e+01 | 89 -0.03296 -7.52381e-01 | 90 -0.01630  1.69904e+00
 91  0.01951 -7.27125e+00 | 92 -0.02961 -5.01071e+00 | 93  0.01580 -1.20173e+01
 94 -0.00526  8.05372e+00 | 95  0.03068 -1.16524e+01 | 96 -0.01283 -7.27042e+00
 97 -0.02599 -1.50604e+00 | 98 -0.01455  2.71996e+00 | 99  0.02397  6.07783e+00
100  0.03059  6.51100e+00 |101  0.02654  1.67639e+00 |102 -0.00100  4.10880e-01
103  0.00013  2.68106e-01 |104  0.00013  2.68184e-01 |105  0.78060  6.01448e+00
106 -0.42102 -2.77294e+01 |107  0.22933 -2.53929e+01 |108 -0.25170  8.03960e+01
108 variables; iteration 40; function evaluation 46; phase 4
Function value 2.2221669e+03; maximum gradient component mag -7.9958e+01
Var    Value     Gradient |Var    Value     Gradient |Var    Value     Gradient
  1 -0.45890 -5.52545e+00 |  2 -0.42415 -7.99579e+01 |  3 -0.39972 -3.07075e+01
  4  0.64023  1.90316e+00 |  5  0.00303  3.42239e+00 |  6 -0.00407 -2.83815e-01
  7  0.01380 -4.26092e-01 |  8 -0.00540  4.60359e-01 |  9  0.00637 -1.24197e+00
 10 -0.01313  5.11607e-01 | 11  0.01446 -1.10694e+00 | 12  0.00388 -2.41673e-01
 13  0.00727  1.38909e+00 | 14  0.01121  1.88488e-01 | 15  0.00549  9.53584e-01
 16 -0.02926  1.05934e+00 | 17 -0.00211  4.24645e+00 | 18  0.04340  4.08258e+00
 19 -0.00398 -1.77806e+00 | 20 -0.00842 -1.60877e+00 | 21 -0.02508 -2.85772e+00
 22 -0.00127 -1.51875e-01 | 23 -0.02034 -1.87956e+00 | 24 -0.00553  2.87330e-01
 25 -0.03145 -2.36107e+00 | 26  0.04468  1.12770e+00 | 27  0.03736  4.74354e+00
 28 -0.00082 -3.49390e-01 | 29 -0.02425 -5.40693e-01 | 30 -0.00886  1.80451e+00
 31 -0.00286  1.23375e+00 | 32  0.01631  2.60586e+00 | 33  0.01176  2.47960e+00
 34 -0.02417  1.29038e+00 | 35  0.01733  1.40451e+00 | 36  0.01054 -7.89676e-01
 37 -0.00704  1.19124e+00 | 38 -0.00632  1.68574e+00 | 39  0.09538  3.29810e+00
 40  0.00269 -5.49694e-01 | 41  0.01632  3.40891e+00 | 42 -0.00776  3.72121e-01
 43  0.02103 -1.42349e+00 | 44 -0.03246 -1.81122e+00 | 45 -0.01828  1.70570e+00
 46  0.00336 -1.52261e+00 | 47 -0.00579 -4.89168e-01 | 48 -0.01303 -4.42408e-01
 49 -0.01083 -1.01027e+00 | 50  0.02362 -1.68663e+00 | 51 -0.05448  5.64729e-01
 52  0.03770  1.02358e+00 | 53  0.03438  2.24730e+00 | 54 -0.00348  1.13931e+00
 55 -0.02876  5.14698e-02 | 56 -0.01884 -5.97498e-01 | 57 -0.01488  8.70578e-02
 58 -0.00677 -2.02060e+00 | 59 -0.03220 -1.52255e+00 | 60  0.03440 -7.31594e+00
 61 -0.00562 -1.70033e+00 | 62  0.05482 -9.25741e+00 | 63  0.00672 -5.83617e+00
 64  0.02666 -1.02816e+01 | 65  0.00776  7.45429e+00 | 66 -0.02485  1.31573e+00
 67 -0.02391 -1.28130e+00 | 68  0.00368 -1.20157e+00 | 69 -0.01451 -7.81132e-01
 70  0.04373  3.94589e+00 | 71 -0.00698  6.47823e+00 | 72 -0.02729  1.85134e+00
 73  0.00513 -1.98981e+00 | 74 -0.02434  2.06301e+00 | 75  0.02974  2.68408e+00
 76  0.01783 -1.48885e+01 | 77  0.00914  5.40122e+00 | 78 -0.00242  5.90361e+00
 79 -0.00926  3.79814e+00 | 80 -0.04421  2.37592e+00 | 81 -0.01733 -1.04001e+00
 82 -0.03733  4.43100e+00 | 83  0.00776 -5.46428e+00 | 84 -0.03618  2.28015e+00
 85 -0.00804  5.76806e+00 | 86 -0.01343  2.47629e+00 | 87  0.03489 -2.47129e+00
 88  0.00877 -7.93053e+00 | 89 -0.03300 -2.68657e+00 | 90 -0.01637 -9.70094e-01
 91  0.01963 -5.51181e+00 | 92 -0.02952 -4.23116e+00 | 93  0.01634  2.12861e+00
 94 -0.00548  2.26290e+00 | 95  0.03123  2.98024e+00 | 96 -0.01229 -8.87976e-01
 97 -0.02586 -2.02560e+00 | 98 -0.01464 -5.25002e-01 | 99  0.02387  1.80700e+00
100  0.03031  1.32723e+00 |101  0.02637 -3.50811e-01 |102 -0.00131 -4.13622e-01
103  0.00003 -2.04714e-01 |104  0.00003 -2.03819e-01 |105  0.78296  4.72986e+00
106 -0.42066 -5.16521e+00 |107  0.23012 -5.96736e+00 |108 -0.25183  2.12259e+01
108 variables; iteration 60; function evaluation 72; phase 4
Function value 2.2221333e+03; maximum gradient component mag -3.6560e+00
Var    Value     Gradient |Var    Value     Gradient |Var    Value     Gradient
  1 -0.45795 -9.15110e-02 |  2 -0.42404 -3.65601e+00 |  3 -0.39999 -7.73341e-01
  4  0.64010 -8.95961e-02 |  5  0.00150 -1.83083e-01 |  6 -0.00405 -3.58069e-01
  7  0.01404 -1.83468e-01 |  8 -0.00569 -1.91019e-01 |  9  0.00699 -2.42276e-01
 10 -0.01336  9.31519e-03 | 11  0.01465 -8.75044e-01 | 12  0.00382 -5.40593e-01
 13  0.00640 -9.05018e-01 | 14  0.01132  2.20828e-01 | 15  0.00516 -2.70142e-01
 16 -0.02992 -7.79286e-01 | 17 -0.00302  8.21984e-01 | 18  0.04281 -4.63282e-01
 19 -0.00346 -2.58121e-02 | 20 -0.00801 -4.51567e-02 | 21 -0.02433  3.57970e-01
 22 -0.00104  1.05698e+00 | 23 -0.02021 -1.25966e+00 | 24 -0.00552  1.78778e-01
 25 -0.03121 -6.25299e-01 | 26  0.04465 -5.56914e-02 | 27  0.03727  2.16918e+00
 28 -0.00084 -9.49227e-01 | 29 -0.02408  8.83823e-01 | 30 -0.00889  1.22669e+00
 31 -0.00289  5.46583e-01 | 32  0.01627  1.60450e+00 | 33  0.01157 -5.74073e-01
 34 -0.02422  7.28008e-01 | 35  0.01724 -1.62295e-01 | 36  0.01073  1.50032e+00
 37 -0.00715 -2.92605e-02 | 38 -0.00659 -1.17985e+00 | 39  0.09532 -7.90207e-01
 40  0.00271 -7.47968e-01 | 41  0.01608 -4.96197e-01 | 42 -0.00770  6.72831e-01
 43  0.02117  7.18513e-01 | 44 -0.03219  5.03658e-01 | 45 -0.01845  6.16840e-02
 46  0.00356  1.37035e+00 | 47 -0.00567  1.13473e+00 | 48 -0.01295  6.57206e-01
 49 -0.01084 -1.06573e+00 | 50  0.02362 -1.35380e+00 | 51 -0.05453  4.25385e-01
 52  0.03774  2.36893e+00 | 53  0.03424 -7.32378e-01 | 54 -0.00356  2.07990e-01
 55 -0.02871  8.16132e-01 | 56 -0.01875  9.26346e-01 | 57 -0.01486  7.25784e-01
 58 -0.00668 -9.52013e-02 | 59 -0.03216 -7.88300e-01 | 60  0.03453 -2.30681e+00
 61 -0.00558 -5.59512e-01 | 62  0.05497 -6.17603e-01 | 63  0.00697  5.36101e-01
 64  0.02691 -1.70053e+00 | 65  0.00759  2.37037e+00 | 66 -0.02487  4.69668e-01
 67 -0.02376  1.37457e+00 | 68  0.00376  1.21066e+00 | 69 -0.01441  1.19132e+00
 70  0.04367 -2.28350e-01 | 71 -0.00720  9.45995e-02 | 72 -0.02738 -3.25926e-01
 73  0.00517 -1.34769e+00 | 74 -0.02448 -7.11635e-01 | 75  0.02969  6.25136e-02
 76  0.01821 -1.46643e+00 | 77  0.00909  2.87001e+00 | 78 -0.00270 -3.23508e+00
 79 -0.00940 -1.83171e+00 | 80 -0.04434 -4.39244e-01 | 81 -0.01733 -1.67598e+00
 82 -0.03754  3.74743e-01 | 83  0.00793 -2.35530e-01 | 84 -0.03635 -1.22258e+00
 85 -0.00831 -2.71010e+00 | 86 -0.01354 -1.13623e+00 | 87  0.03497  6.03459e-02
 88  0.00908  1.17928e+00 | 89 -0.03288 -1.16780e+00 | 90 -0.01631  2.88946e-01
 91  0.01982  3.96592e-01 | 92 -0.02927 -2.54851e-01 | 93  0.01638  1.94768e+00
 94 -0.00563 -1.63697e+00 | 95  0.03122  1.07866e+00 | 96 -0.01214  1.20615e+00
 97 -0.02563  8.49351e-01 | 98 -0.01454  9.52386e-01 | 99  0.02373 -4.01895e-01
100  0.03024  1.48554e-01 |101  0.02642 -3.25230e-01 |102 -0.00118 -1.80415e-01
103  0.00013 -3.58158e-02 |104  0.00013 -3.56165e-02 |105  0.78075  1.48632e-01
106 -0.42111 -1.31270e+00 |107  0.23016  1.31740e-01 |108 -0.25197 -3.11206e-01
108 variables; iteration 80; function evaluation 100; phase 4
Function value 2.2221302e+03; maximum gradient component mag -1.0297e+00
Var    Value     Gradient |Var    Value     Gradient |Var    Value     Gradient
  1 -0.45794 -1.78814e-02 |  2 -0.42403 -7.15892e-01 |  3 -0.40000 -1.61238e-01
  4  0.64011  7.90141e-02 |  5  0.00159  1.02185e-01 |  6 -0.00400 -2.50072e-01
  7  0.01406 -1.17235e-01 |  8 -0.00562 -3.67837e-02 |  9  0.00712  5.06444e-02
 10 -0.01338 -6.40021e-03 | 11  0.01503 -9.12202e-03 | 12  0.00401 -7.56202e-02
 13  0.00667 -1.99903e-01 | 14  0.01124  5.57121e-02 | 15  0.00522 -3.66339e-02
 16 -0.02977 -3.51878e-01 | 17 -0.00323  1.99129e-01 | 18  0.04280 -3.46549e-01
 19 -0.00341  2.46818e-01 | 20 -0.00798  1.40483e-01 | 21 -0.02446 -2.06738e-01
 22 -0.00119  2.37446e-02 | 23 -0.02010 -4.76453e-01 | 24 -0.00555 -5.38024e-02
 25 -0.03116 -2.00539e-01 | 26  0.04464 -1.26809e-01 | 27  0.03717  3.69918e-01
 28 -0.00078 -1.60802e-01 | 29 -0.02413  5.16607e-01 | 30 -0.00898  3.53110e-01
 31 -0.00293  1.68786e-01 | 32  0.01618  3.14408e-01 | 33  0.01160 -6.31510e-02
 34 -0.02428  2.83949e-01 | 35  0.01723 -1.48255e-01 | 36  0.01063  2.29152e-01
 37 -0.00714  9.05757e-02 | 38 -0.00651 -3.01163e-01 | 39  0.09533 -2.42254e-01
 40  0.00277 -5.25558e-02 | 41  0.01610 -2.00163e-01 | 42 -0.00776  6.50542e-02
 43  0.02114  1.71257e-01 | 44 -0.03223  1.25403e-01 | 45 -0.01844  6.27672e-02
 46  0.00350  5.33282e-01 | 47 -0.00576  5.28398e-02 | 48 -0.01298  3.18676e-01
 49 -0.01079 -3.28325e-01 | 50  0.02364 -8.08371e-01 | 51 -0.05451  5.71409e-01
 52  0.03766  5.63012e-01 | 53  0.03426 -2.66537e-01 | 54 -0.00357  5.86393e-02
 55 -0.02876  2.56324e-01 | 56 -0.01879  3.66346e-01 | 57 -0.01490  1.82925e-01
 58 -0.00667 -7.37795e-02 | 59 -0.03213 -3.49699e-01 | 60  0.03458 -6.33290e-01
 61 -0.00556 -3.07144e-01 | 62  0.05498 -1.82719e-01 | 63  0.00696  3.13903e-01
 64  0.02694 -5.01402e-01 | 65  0.00752  6.13049e-01 | 66 -0.02487  4.05214e-01
 67 -0.02381  4.65481e-01 | 68  0.00372  2.94573e-01 | 69 -0.01444  5.30261e-01
 70  0.04367 -1.02247e-01 | 71 -0.00720  1.56750e-01 | 72 -0.02737 -4.54308e-02
 73  0.00519 -4.75629e-01 | 74 -0.02446 -1.37265e-01 | 75  0.02968 -1.99369e-02
 76  0.01824 -4.20269e-01 | 77  0.00901  7.95331e-01 | 78 -0.00263 -1.02973e+00
 79 -0.00937 -6.40346e-01 | 80 -0.04433 -5.96278e-02 | 81 -0.01729 -5.91113e-01
 82 -0.03757  4.62039e-02 | 83  0.00792 -9.68033e-02 | 84 -0.03630 -1.08930e-01
 85 -0.00825 -9.14260e-01 | 86 -0.01352 -3.60438e-01 | 87  0.03496  1.13293e-02
 88  0.00905  3.59324e-01 | 89 -0.03285 -4.53890e-01 | 90 -0.01632  1.56951e-01
 91  0.01981  1.07147e-01 | 92 -0.02925  8.93905e-02 | 93  0.01632  5.44496e-01
 94 -0.00558 -4.33774e-01 | 95  0.03118  3.25801e-01 | 96 -0.01220  2.80791e-01
 97 -0.02567  3.77678e-01 | 98 -0.01459  4.89759e-01 | 99  0.02374 -4.57910e-02
100  0.03024  2.19684e-01 |101  0.02646 -1.11829e-01 |102 -0.00114 -1.31486e-01
103  0.00014 -1.25976e-02 |104  0.00014 -1.25184e-02 |105  0.78077 -1.07100e-02
106 -0.42111 -3.25863e-01 |107  0.23015  1.42903e-02 |108 -0.25197 -1.37353e-01
Maximum number of function evaluations exceeded

 - final statistics:
108 variables; iteration 81; function evaluation 100
Function value 2.2221e+03; maximum gradient component mag -1.0297e+00
Exit code = 3;  converg criter 1.0000e+00
Var    Value     Gradient |Var    Value     Gradient |Var    Value     Gradient
  1 -0.45794 -1.78814e-02 |  2 -0.42403 -7.15892e-01 |  3 -0.40000 -1.61238e-01
  4  0.64011  7.90141e-02 |  5  0.00159  1.02185e-01 |  6 -0.00400 -2.50072e-01
  7  0.01406 -1.17235e-01 |  8 -0.00562 -3.67837e-02 |  9  0.00712  5.06444e-02
 10 -0.01338 -6.40021e-03 | 11  0.01503 -9.12202e-03 | 12  0.00401 -7.56202e-02
 13  0.00667 -1.99903e-01 | 14  0.01124  5.57121e-02 | 15  0.00522 -3.66339e-02
 16 -0.02977 -3.51878e-01 | 17 -0.00323  1.99129e-01 | 18  0.04280 -3.46549e-01
 19 -0.00341  2.46818e-01 | 20 -0.00798  1.40483e-01 | 21 -0.02446 -2.06738e-01
 22 -0.00119  2.37446e-02 | 23 -0.02010 -4.76453e-01 | 24 -0.00555 -5.38024e-02
 25 -0.03116 -2.00539e-01 | 26  0.04464 -1.26809e-01 | 27  0.03717  3.69918e-01
 28 -0.00078 -1.60802e-01 | 29 -0.02413  5.16607e-01 | 30 -0.00898  3.53110e-01
 31 -0.00293  1.68786e-01 | 32  0.01618  3.14408e-01 | 33  0.01160 -6.31510e-02
 34 -0.02428  2.83949e-01 | 35  0.01723 -1.48255e-01 | 36  0.01063  2.29152e-01
 37 -0.00714  9.05757e-02 | 38 -0.00651 -3.01163e-01 | 39  0.09533 -2.42254e-01
 40  0.00277 -5.25558e-02 | 41  0.01610 -2.00163e-01 | 42 -0.00776  6.50542e-02
 43  0.02114  1.71257e-01 | 44 -0.03223  1.25403e-01 | 45 -0.01844  6.27672e-02
 46  0.00350  5.33282e-01 | 47 -0.00576  5.28398e-02 | 48 -0.01298  3.18676e-01
 49 -0.01079 -3.28325e-01 | 50  0.02364 -8.08371e-01 | 51 -0.05451  5.71409e-01
 52  0.03766  5.63012e-01 | 53  0.03426 -2.66537e-01 | 54 -0.00357  5.86393e-02
 55 -0.02876  2.56324e-01 | 56 -0.01879  3.66346e-01 | 57 -0.01490  1.82925e-01
 58 -0.00667 -7.37795e-02 | 59 -0.03213 -3.49699e-01 | 60  0.03458 -6.33290e-01
 61 -0.00556 -3.07144e-01 | 62  0.05498 -1.82719e-01 | 63  0.00696  3.13903e-01
 64  0.02694 -5.01402e-01 | 65  0.00752  6.13049e-01 | 66 -0.02487  4.05214e-01
 67 -0.02381  4.65481e-01 | 68  0.00372  2.94573e-01 | 69 -0.01444  5.30261e-01
 70  0.04367 -1.02247e-01 | 71 -0.00720  1.56750e-01 | 72 -0.02737 -4.54308e-02
 73  0.00519 -4.75629e-01 | 74 -0.02446 -1.37265e-01 | 75  0.02968 -1.99369e-02
 76  0.01824 -4.20269e-01 | 77  0.00901  7.95331e-01 | 78 -0.00263 -1.02973e+00
 79 -0.00937 -6.40346e-01 | 80 -0.04433 -5.96278e-02 | 81 -0.01729 -5.91113e-01
 82 -0.03757  4.62039e-02 | 83  0.00792 -9.68033e-02 | 84 -0.03630 -1.08930e-01
 85 -0.00825 -9.14260e-01 | 86 -0.01352 -3.60438e-01 | 87  0.03496  1.13293e-02
 88  0.00905  3.59324e-01 | 89 -0.03285 -4.53890e-01 | 90 -0.01632  1.56951e-01
 91  0.01981  1.07147e-01 | 92 -0.02925  8.93905e-02 | 93  0.01632  5.44496e-01
 94 -0.00558 -4.33774e-01 | 95  0.03118  3.25801e-01 | 96 -0.01220  2.80791e-01
 97 -0.02567  3.77678e-01 | 98 -0.01459  4.89759e-01 | 99  0.02374 -4.57910e-02
100  0.03024  2.19684e-01 |101  0.02646 -1.11829e-01 |102 -0.00114 -1.31486e-01
103  0.00014 -1.25976e-02 |104  0.00014 -1.25184e-02 |105  0.78077 -1.07100e-02
106 -0.42111 -3.25863e-01 |107  0.23015  1.42903e-02 |108 -0.25197 -1.37353e-01

Initial statistics: 110 variables; iteration 0; function evaluation 0; phase 5
Function value 2.2221302e+03; maximum gradient component mag 7.6762e+01
Var    Value     Gradient |Var    Value     Gradient |Var    Value     Gradient
  1 -0.45794 -1.78814e-02 |  2 -0.42403 -7.15892e-01 |  3 -0.40000 -1.61238e-01
  4 -0.41222  1.18032e+01 |  5 -0.41222  7.67623e+01 |  6  0.64011  7.90141e-02
  7  0.00159  1.02185e-01 |  8 -0.00400 -2.50072e-01 |  9  0.01406 -1.17235e-01
 10 -0.00562 -3.67837e-02 | 11  0.00712  5.06444e-02 | 12 -0.01338 -6.26019e-03
 13  0.01503 -8.98201e-03 | 14  0.00401 -7.54802e-02 | 15  0.00667 -1.99763e-01
 16  0.01124  5.58522e-02 | 17  0.00522 -3.64939e-02 | 18 -0.02977 -3.51738e-01
 19 -0.00323  1.99269e-01 | 20  0.04280 -3.46409e-01 | 21 -0.00341  2.46958e-01
 22 -0.00798  1.40623e-01 | 23 -0.02446 -2.06598e-01 | 24 -0.00119  2.38847e-02
 25 -0.02010 -4.76313e-01 | 26 -0.00555 -5.36624e-02 | 27 -0.03116 -2.00399e-01
 28  0.04464 -1.26670e-01 | 29  0.03717  3.70058e-01 | 30 -0.00078 -1.60662e-01
 31 -0.02413  5.16747e-01 | 32 -0.00898  3.53250e-01 | 33 -0.00293  1.68927e-01
 34  0.01618  3.14548e-01 | 35  0.01160 -6.30110e-02 | 36 -0.02428  2.84088e-01
 37  0.01723 -1.48115e-01 | 38  0.01063  2.29292e-01 | 39 -0.00714  9.07158e-02
 40 -0.00651 -3.01023e-01 | 41  0.09533 -2.42115e-01 | 42  0.00277 -5.24157e-02
 43  0.01610 -2.00023e-01 | 44 -0.00776  6.51943e-02 | 45  0.02114  1.71396e-01
 46 -0.03223  1.25543e-01 | 47 -0.01844  6.29071e-02 | 48  0.00350  5.33422e-01
 49 -0.00576  5.29799e-02 | 50 -0.01298  3.18816e-01 | 51 -0.01079 -3.28185e-01
 52  0.02364 -8.08231e-01 | 53 -0.05451  5.71549e-01 | 54  0.03766  5.63152e-01
 55  0.03426 -2.66398e-01 | 56 -0.00357  5.87794e-02 | 57 -0.02876  2.56464e-01
 58 -0.01879  3.66486e-01 | 59 -0.01490  1.83065e-01 | 60 -0.00667 -7.36395e-02
 61 -0.03213 -3.49559e-01 | 62  0.03458 -6.33150e-01 | 63 -0.00556 -3.07004e-01
 64  0.05498 -1.82580e-01 | 65  0.00696  3.14043e-01 | 66  0.02694 -5.01262e-01
 67  0.00752  6.13189e-01 | 68 -0.02487  4.05354e-01 | 69 -0.02381  4.65621e-01
 70  0.00372  2.94713e-01 | 71 -0.01444  5.30401e-01 | 72  0.04367 -1.02107e-01
 73 -0.00720  1.56890e-01 | 74 -0.02737 -4.52909e-02 | 75  0.00519 -4.75489e-01
 76 -0.02446 -1.37126e-01 | 77  0.02968 -1.97970e-02 | 78  0.01824 -4.20129e-01
 79  0.00901  7.95471e-01 | 80 -0.00263 -1.02959e+00 | 81 -0.00937 -6.40206e-01
 82 -0.04433 -5.94881e-02 | 83 -0.01729 -5.90973e-01 | 84 -0.03757  4.63437e-02
 85  0.00792 -9.66633e-02 | 86 -0.03630 -1.08790e-01 | 87 -0.00825 -9.14120e-01
 88 -0.01352 -3.60298e-01 | 89  0.03496  1.14691e-02 | 90  0.00905  3.59464e-01
 91 -0.03285 -4.53750e-01 | 92 -0.01632  1.57091e-01 | 93  0.01981  1.07287e-01
 94 -0.02925  8.95304e-02 | 95  0.01632  5.44636e-01 | 96 -0.00558 -4.33634e-01
 97  0.03118  3.25941e-01 | 98 -0.01220  2.80931e-01 | 99 -0.02567  3.77818e-01
100 -0.01459  4.89899e-01 |101  0.02374 -4.56511e-02 |102  0.03024  2.19824e-01
103  0.02646 -1.11689e-01 |104 -0.00114 -1.31346e-01 |105  0.00014 -1.24575e-02
106  0.00014 -1.23784e-02 |107  0.78077 -1.07100e-02 |108 -0.42111 -3.25863e-01
109  0.23015  1.42903e-02 |110 -0.25197 -1.37353e-01 |

Intermediate statistics: 110 variables; iteration 20; function evaluation 27; phase 5
Function value 2.2213399e+03; maximum gradient component mag 4.4016e+02
Var    Value     Gradient |Var    Value     Gradient |Var    Value     Gradient
  1 -0.44375  1.82032e+01 |  2 -0.42105  4.40164e+02 |  3 -0.40794  1.33192e+02
  4 -0.40865  1.19323e+01 |  5 -0.43006  5.29890e+01 |  6  0.63975  9.68652e+01
  7  0.00143  2.00414e-01 |  8 -0.00396 -1.09798e-01 |  9  0.01404 -1.45862e-02
 10 -0.00565  2.86307e-02 | 11  0.00705  1.07083e-01 | 12 -0.01343 -2.83162e+00
 13  0.01494 -2.78221e+00 | 14  0.00394 -2.82305e+00 | 15  0.00660 -2.87510e+00
 16  0.01113 -2.63221e+00 | 17  0.00513 -2.65254e+00 | 18 -0.02980 -2.95440e+00
 19 -0.00333 -2.34238e+00 | 20  0.04290 -8.08659e-01 | 21 -0.00350 -1.86520e+00
 22 -0.00804 -1.61979e+00 | 23 -0.02446 -1.85626e+00 | 24 -0.00102 -2.10092e-01
 25 -0.01992 -1.78367e+00 | 26 -0.00543 -2.12803e+00 | 27 -0.03110 -2.97618e+00
 28  0.04457 -1.72888e+00 | 29  0.03708  4.03395e-01 | 30 -0.00046  3.00026e+00
 31 -0.02427 -3.80799e+00 | 32 -0.00944 -9.47911e+00 | 33 -0.00287 -2.31780e+00
 34  0.01620 -3.17120e+00 | 35  0.01182 -2.60745e-01 | 36 -0.02448 -5.90142e+00
 37  0.01699 -9.28547e+00 | 38  0.01095  4.55520e+00 | 39 -0.00672  5.01255e+00
 40 -0.00643 -1.07720e+00 | 41  0.09504 -8.64915e-01 | 42  0.00319  4.93104e+00
 43  0.01612 -2.07121e+00 | 44 -0.00790 -3.76744e+00 | 45  0.02122  6.67140e-03
 46 -0.03221 -2.43234e+00 | 47 -0.01883 -8.81766e+00 | 48  0.00330 -5.98101e+00
 49 -0.00553  1.95804e+00 | 50 -0.01309 -2.19640e+00 | 51 -0.01038  5.76541e+00
 52  0.02378  6.26613e+00 | 53 -0.05451 -3.34146e-01 | 54  0.03765  6.12384e+00
 55  0.03410  4.24641e+00 | 56 -0.00341  4.32416e+00 | 57 -0.02887 -1.64012e+00
 58 -0.01907 -4.20708e+00 | 59 -0.01488  4.84721e-01 | 60 -0.00648  3.66570e+00
 61 -0.03192  8.51444e-01 | 62  0.03459  2.79059e+00 | 63 -0.00551  3.99751e+00
 64  0.05554  4.71805e+01 | 65  0.00698  5.77465e+00 | 66  0.02670 -1.22584e+00
 67  0.00782  1.01910e+01 | 68 -0.02474  9.79981e-01 | 69 -0.02384 -3.34958e-01
 70  0.00378  4.85860e+00 | 71 -0.01445  3.01874e+00 | 72  0.04352  2.58167e+00
 73 -0.00726  1.07722e+00 | 74 -0.02722  3.76137e+00 | 75  0.00521  2.92969e+00
 76 -0.02437  1.34831e+00 | 77  0.02970  1.06037e+01 | 78  0.01821  2.68394e+00
 79  0.00903  5.56111e+00 | 80 -0.00271 -3.38482e+00 | 81 -0.00941 -2.78289e+00
 82 -0.04430 -3.08432e+00 | 83 -0.01713  1.23897e+00 | 84 -0.03748 -6.29080e-01
 85  0.00787 -1.32983e+00 | 86 -0.03617  6.55905e-02 | 87 -0.00818 -1.98536e+00
 88 -0.01353 -8.10087e-01 | 89  0.03511  1.53373e+01 | 90  0.00906  1.20294e+00
 91 -0.03286 -5.74314e+00 | 92 -0.01625 -1.10384e+00 | 93  0.01980 -2.29593e+00
 94 -0.02930 -4.00152e+00 | 95  0.01647  2.20639e+00 | 96 -0.00553 -3.08922e+00
 97  0.03094 -3.81323e+00 | 98 -0.01209  8.60486e-01 | 99 -0.02647 -1.41300e+01
100 -0.01490 -7.75321e+00 |101  0.02310 -1.11891e+01 |102  0.03093  5.43438e+00
103  0.02594 -4.00891e+00 |104 -0.00132 -2.99949e+00 |105  0.00015 -2.90920e+00
106  0.00015 -2.90915e+00 |107  0.77738 -1.74460e+01 |108 -0.42098  1.08340e+02
109  0.23342  4.45151e+00 |110 -0.25143  6.24239e+00 |
110 variables; iteration 40; function evaluation 48; phase 5
Function value 2.2211085e+03; maximum gradient component mag -1.6152e+01
Var    Value     Gradient |Var    Value     Gradient |Var    Value     Gradient
  1 -0.43451  2.32891e+00 |  2 -0.41970  4.84163e+00 |  3 -0.41240  2.46026e+00
  4 -0.40567  5.78032e-01 |  5 -0.44100  1.03429e+00 |  6  0.63980 -5.41245e+00
  7  0.00182  7.63824e-01 |  8 -0.00380  1.20956e-01 |  9  0.01412  5.51323e-02
 10 -0.00559  7.93583e-02 | 11  0.00707  4.25760e-02 | 12 -0.01341  1.77574e-01
 13  0.01513  5.32250e-01 | 14  0.00417  5.80016e-01 | 15  0.00691  7.44630e-01
 16  0.01072 -9.29553e-01 | 17  0.00449 -1.65307e+00 | 18 -0.02967  3.25838e-01
 19 -0.00364 -4.61071e-01 | 20  0.04325  4.45002e+00 | 21 -0.00315  2.94878e+00
 22 -0.00919 -3.79748e+00 | 23 -0.02571 -4.32750e+00 | 24 -0.00160 -8.98274e-01
 25 -0.01974  2.52630e+00 | 26 -0.00543  5.87152e-01 | 27 -0.03088  1.20051e+00
 28  0.04464  2.40197e+00 | 29  0.03696  2.10999e+00 | 30 -0.00098 -8.45940e-02
 31 -0.02400  1.08391e+00 | 32 -0.00867  6.65051e-01 | 33 -0.00282  7.03799e-02
 34  0.01641  3.63288e-01 | 35  0.01174 -9.96946e-02 | 36 -0.02346  3.63015e+00
 37  0.01766  2.58381e-01 | 38  0.01037 -2.99913e-01 | 39 -0.00734  1.13304e+00
 40 -0.00641  2.49338e-01 | 41  0.09506 -6.53237e-01 | 42  0.00251 -7.60486e-01
 43  0.01628 -1.85582e-01 | 44 -0.00768 -4.43213e-01 | 45  0.02131  1.14358e+00
 46 -0.03219 -1.10320e+00 | 47 -0.01800 -7.11172e-01 | 48  0.00375 -6.80463e-01
 49 -0.00572 -8.96780e-01 | 50 -0.01287 -2.19180e-01 | 51 -0.01094 -1.01770e+00
 52  0.02357 -6.90997e-01 | 53 -0.05436  1.78322e+00 | 54  0.03716 -1.07734e+01
 55  0.03403 -1.01664e+00 | 56 -0.00372 -1.23508e+00 | 57 -0.02870 -7.53698e-01
 58 -0.01856 -3.13685e-01 | 59 -0.01480 -7.29549e-01 | 60 -0.00643  6.92799e-01
 61 -0.03187 -8.59508e-01 | 62  0.03470 -5.30712e+00 | 63 -0.00563 -2.31906e+00
 64  0.05480 -1.13962e+00 | 65  0.00671 -4.60256e+00 | 66  0.02704  7.87758e+00
 67  0.00727 -8.86623e+00 | 68 -0.02489 -3.43869e+00 | 69 -0.02395 -4.24872e+00
 70  0.00343 -8.25753e+00 | 71 -0.01434  3.60312e+00 | 72  0.04354 -1.38022e+00
 73 -0.00718  2.03387e+00 | 74 -0.02746 -7.48831e-01 | 75  0.00471 -1.61520e+01
 76 -0.02449 -2.18281e+00 | 77  0.02956 -5.66223e-01 | 78  0.01795 -9.47852e+00
 79  0.00915  8.33374e+00 | 80 -0.00263 -1.01718e-01 | 81 -0.00946 -3.65787e+00
 82 -0.04398  4.28406e+00 | 83 -0.01672  1.19425e+01 | 84 -0.03746  1.26164e+00
 85  0.00751 -1.49936e+01 | 86 -0.03624  9.31602e-01 | 87 -0.00770  1.07531e+01
 88 -0.01346  3.12295e+00 | 89  0.03467 -3.80131e+00 | 90  0.00931  1.19598e+01
 91 -0.03243  2.30694e+00 | 92 -0.01597  8.97806e+00 | 93  0.02010  1.05593e+01
 94 -0.02907  2.34718e+00 | 95  0.01658  5.64844e+00 | 96 -0.00540  2.03397e+00
 97  0.03103  3.99073e+00 | 98 -0.01260 -2.94163e+00 | 99 -0.02547 -1.72529e-01
100 -0.01465 -1.07909e+00 |101  0.02378 -3.67210e-01 |102  0.02988 -1.98433e+00
103  0.02604 -1.17811e-02 |104 -0.00075  1.04678e+00 |105  0.00019  2.23956e-01
106  0.00019  2.23809e-01 |107  0.77513 -1.60854e+00 |108 -0.42158  1.20273e+01
109  0.23214 -2.87175e+00 |110 -0.25222  5.95890e+00 |
110 variables; iteration 60; function evaluation 73; phase 5
Function value 2.2210779e+03; maximum gradient component mag -6.3870e+00
Var    Value     Gradient |Var    Value     Gradient |Var    Value     Gradient
  1 -0.43505  4.40960e-01 |  2 -0.41974 -3.49095e+00 |  3 -0.41222 -8.46949e-01
  4 -0.40574 -2.13677e-01 |  5 -0.44093 -1.58541e-01 |  6  0.63974 -2.57540e+00
  7  0.00191  8.36054e-01 |  8 -0.00396 -1.69359e-01 |  9  0.01418  1.17183e-01
 10 -0.00559  4.48842e-02 | 11  0.00730  4.18190e-01 | 12 -0.01325  3.36012e-01
 13  0.01511  3.06826e-01 | 14  0.00413  3.21867e-01 | 15  0.00630 -9.16343e-01
 16  0.01091 -6.28590e-01 | 17  0.00472 -1.21121e+00 | 18 -0.03002 -7.53276e-01
 19 -0.00400 -1.89921e+00 | 20  0.04263  1.42036e-01 | 21 -0.00369  3.52180e-01
 22 -0.00862 -1.18714e+00 | 23 -0.02468  4.98732e-01 | 24 -0.00158 -9.02863e-01
 25 -0.01948  4.24542e+00 | 26 -0.00567 -1.78820e+00 | 27 -0.03078  1.80359e+00
 28  0.04449 -1.00014e+00 | 29  0.03688  3.64518e-01 | 30 -0.00098 -6.43997e-02
 31 -0.02401  1.05515e+00 | 32 -0.00884 -1.26243e+00 | 33 -0.00300 -1.92365e+00
 34  0.01634 -6.10785e-01 | 35  0.01168 -8.40853e-01 | 36 -0.02384  4.30864e-01
 37  0.01763 -4.05765e-01 | 38  0.01025 -2.01494e+00 | 39 -0.00737  6.17642e-01
 40 -0.00631  9.94345e-01 | 41  0.09508 -6.05713e-01 | 42  0.00269  1.00282e+00
 43  0.01648  2.47785e+00 | 44 -0.00750  1.28587e+00 | 45  0.02130  8.89589e-01
 46 -0.03195  8.30136e-01 | 47 -0.01790  2.90663e-01 | 48  0.00377 -2.94250e-01
 49 -0.00562  4.82352e-01 | 50 -0.01279  7.75930e-01 | 51 -0.01087 -1.35054e-01
 52  0.02360  4.49221e-02 | 53 -0.05461  1.82726e-01 | 54  0.03743 -3.85554e+00
 55  0.03412  1.68039e+00 | 56 -0.00368 -3.33171e-01 | 57 -0.02860  5.05539e-01
 58 -0.01855  2.55039e-01 | 59 -0.01461  2.19949e+00 | 60 -0.00652 -2.81221e-01
 61 -0.03185 -2.66954e-01 | 62  0.03469 -4.52650e+00 | 63 -0.00558 -7.17670e-01
 64  0.05477 -1.58775e+00 | 65  0.00685 -1.00642e+00 | 66  0.02683  1.25835e+00
 67  0.00755 -8.15815e-01 | 68 -0.02477 -8.87044e-01 | 69 -0.02380 -1.08720e+00
 70  0.00365 -1.61320e+00 | 71 -0.01445  1.16501e+00 | 72  0.04357 -4.83946e-01
 73 -0.00730 -1.03278e+00 | 74 -0.02735  1.24540e+00 | 75  0.00504 -6.38698e+00
 76 -0.02441 -4.79543e-01 | 77  0.02957 -4.61901e-01 | 78  0.01813 -3.69317e+00
 79  0.00894  1.33383e+00 | 80 -0.00254  1.43400e+00 | 81 -0.00940 -2.84349e+00
 82 -0.04403  2.34806e+00 | 83 -0.01704  2.30286e+00 | 84 -0.03749 -1.16086e-02
 85  0.00779 -5.66107e+00 | 86 -0.03626 -1.90258e-03 | 87 -0.00785  5.54336e+00
 88 -0.01348  1.70921e+00 | 89  0.03475 -1.50155e+00 | 90  0.00911  4.38540e+00
 91 -0.03252 -6.45861e-02 | 92 -0.01618  3.38759e+00 | 93  0.01996  3.71518e+00
 94 -0.02909  1.28896e+00 | 95  0.01642 -4.72104e-01 | 96 -0.00545 -3.45687e-02
 97  0.03099  1.47304e+00 | 98 -0.01243 -3.74219e-01 | 99 -0.02533  1.40576e+00
100 -0.01460 -6.26548e-01 |101  0.02390  9.22187e-01 |102  0.03016  2.91395e-01
103  0.02621  2.14975e-01 |104 -0.00178 -6.72562e-01 |105  0.00015  8.03328e-02
106  0.00015  8.03804e-02 |107  0.77463 -8.30045e-01 |108 -0.42170  2.81369e+00
109  0.23218 -1.16841e+00 |110 -0.25220  1.73114e+00 |
110 variables; iteration 80; function evaluation 101; phase 5
Function value 2.2210691e+03; maximum gradient component mag -1.1873e+00
Var    Value     Gradient |Var    Value     Gradient |Var    Value     Gradient
  1 -0.43528  1.10645e-01 |  2 -0.41978  8.43976e-02 |  3 -0.41212  1.06750e-01
  4 -0.40556  8.22368e-03 |  5 -0.44081  4.50649e-02 |  6  0.63975 -2.85752e-01
  7  0.00150 -2.93350e-02 |  8 -0.00382  5.96103e-02 |  9  0.01410 -1.63561e-02
 10 -0.00562 -1.72963e-02 | 11  0.00730  4.21666e-01 | 12 -0.01325  2.94927e-01
 13  0.01496 -5.84631e-02 | 14  0.00396 -8.79978e-02 | 15  0.00663 -1.57470e-01
 16  0.01111 -7.97604e-02 | 17  0.00512 -5.90729e-02 | 18 -0.02964  2.00099e-01
 19 -0.00359 -5.07767e-01 | 20  0.04260  7.76138e-02 | 21 -0.00382 -1.70839e-01
 22 -0.00834  2.49014e-01 | 23 -0.02483 -2.44116e-01 | 24 -0.00148 -1.95840e-01
 25 -0.02002  4.24960e-01 | 26 -0.00547  8.24411e-02 | 27 -0.03106 -3.60153e-01
 28  0.04456  3.63674e-01 | 29  0.03681 -1.18732e+00 | 30 -0.00098 -1.72236e-01
 31 -0.02410  1.00999e-01 | 32 -0.00872  1.23900e-01 | 33 -0.00285 -2.01202e-01
 34  0.01636 -2.62869e-01 | 35  0.01174 -5.44795e-02 | 36 -0.02390 -6.65154e-02
 37  0.01766 -2.28386e-02 | 38  0.01040  3.68382e-02 | 39 -0.00741  2.07792e-01
 40 -0.00639  1.86851e-01 | 41  0.09509  7.15844e-03 | 42  0.00259 -6.40063e-02
 43  0.01631  6.16723e-02 | 44 -0.00760  2.71768e-01 | 45  0.02124 -6.13063e-03
 46 -0.03207 -1.51146e-01 | 47 -0.01793  8.45950e-02 | 48  0.00377 -2.52926e-02
 49 -0.00568 -1.64426e-01 | 50 -0.01286  3.05075e-02 | 51 -0.01083  3.98657e-01
 52  0.02361  5.66926e-01 | 53 -0.05464  2.40277e-02 | 54  0.03757 -1.86910e-01
 55  0.03402 -1.90995e-02 | 56 -0.00368 -1.63189e-01 | 57 -0.02865  1.17610e-01
 58 -0.01857  6.76171e-02 | 59 -0.01477  1.01721e-01 | 60 -0.00651  4.57757e-02
 61 -0.03183  1.70738e-01 | 62  0.03479 -2.31433e-01 | 63 -0.00556  9.16395e-02
 64  0.05479 -6.26787e-02 | 65  0.00688  1.87412e-02 | 66  0.02679  8.78793e-02
 67  0.00757 -5.66574e-02 | 68 -0.02474 -2.44437e-02 | 69 -0.02376  4.95069e-02
 70  0.00369  5.73331e-02 | 71 -0.01455 -5.42023e-01 | 72  0.04357  5.71006e-03
 73 -0.00726  1.00303e-01 | 74 -0.02743 -2.07742e-02 | 75  0.00523 -2.70626e-01
 76 -0.02440 -3.52538e-02 | 77  0.02956  8.18138e-03 | 78  0.01822 -1.50300e-01
 79  0.00890  1.30620e-01 | 80 -0.00260 -7.67240e-03 | 81 -0.00929  4.77460e-02
 82 -0.04416  1.22370e-01 | 83 -0.01712  1.82570e-01 | 84 -0.03750  1.72545e-02
 85  0.00793 -2.08281e-01 | 86 -0.03629 -5.89381e-01 | 87 -0.00804  2.81568e-01
 88 -0.01353  2.08047e-01 | 89  0.03478 -4.02709e-02 | 90  0.00897  2.62295e-01
 91 -0.03250  9.30320e-02 | 92 -0.01628  1.01951e+00 | 93  0.01986  1.79765e-01
 94 -0.02918 -1.72893e-01 | 95  0.01643  1.13649e-01 | 96 -0.00548 -3.52179e-01
 97  0.03094  1.60471e-01 | 98 -0.01243 -1.09776e-01 | 99 -0.02546 -8.97810e-04
100 -0.01455  2.34337e-01 |101  0.02381 -1.83968e-02 |102  0.03012 -6.66185e-02
103  0.02616  1.49448e-02 |104 -0.00132 -9.76708e-03 |105  0.00009 -7.84238e-02
106  0.00009 -7.82922e-02 |107  0.77472 -1.09966e-01 |108 -0.42169  4.63618e-01
109  0.23225 -1.00676e-01 |110 -0.25217  2.41414e-01 |
110 variables; iteration 100; function evaluation 130; phase 5
Function value 2.2210688e+03; maximum gradient component mag -1.7269e-01
Var    Value     Gradient |Var    Value     Gradient |Var    Value     Gradient
  1 -0.43533 -1.13714e-02 |  2 -0.41978 -7.00978e-02 |  3 -0.41210 -4.29116e-02
  4 -0.40556 -8.26820e-03 |  5 -0.44080 -4.86572e-03 |  6  0.63976 -1.03236e-02
  7  0.00152  2.41409e-02 |  8 -0.00386 -2.68312e-03 |  9  0.01411 -1.06676e-02
 10 -0.00562 -2.19550e-02 | 11  0.00710  4.67348e-02 | 12 -0.01339  3.16085e-02
 13  0.01498 -2.09163e-02 | 14  0.00398 -4.70130e-02 | 15  0.00670  2.10855e-03
 16  0.01113 -3.03246e-02 | 17  0.00514  8.44551e-03 | 18 -0.02972 -5.88061e-04
 19 -0.00346 -4.96267e-02 | 20  0.04259  2.64346e-02 | 21 -0.00378 -1.37373e-02
 22 -0.00838  3.43258e-02 | 23 -0.02478 -2.57980e-02 | 24 -0.00146 -1.43966e-02
 25 -0.02007  5.99693e-02 | 26 -0.00547  6.56046e-02 | 27 -0.03101 -2.68462e-02
 28  0.04455  4.07214e-02 | 29  0.03687 -1.21293e-01 | 30 -0.00096  4.53362e-02
 31 -0.02410  6.94791e-02 | 32 -0.00873  1.49948e-02 | 33 -0.00283  6.99633e-03
 34  0.01638 -3.78198e-03 | 35  0.01175 -7.96324e-03 | 36 -0.02389 -1.12888e-02
 37  0.01765 -7.14880e-02 | 38  0.01040 -9.07489e-03 | 39 -0.00743  5.15199e-02
 40 -0.00641  1.40789e-02 | 41  0.09508 -4.68771e-03 | 42  0.00259 -6.66533e-02
 43  0.01629 -3.94026e-02 | 44 -0.00762  1.14483e-01 | 45  0.02124 -1.31200e-02
 46 -0.03206 -4.88675e-02 | 47 -0.01794  1.59688e-02 | 48  0.00378  5.37509e-02
 49 -0.00568 -4.80600e-02 | 50 -0.01286  5.01042e-02 | 51 -0.01086  4.91566e-02
 52  0.02358 -1.63143e-02 | 53 -0.05465 -2.57269e-02 | 54  0.03758 -4.17196e-02
 55  0.03402 -3.14519e-02 | 56 -0.00367 -5.69110e-02 | 57 -0.02866  4.21930e-02
 58 -0.01858  6.98389e-03 | 59 -0.01478  7.92966e-03 | 60 -0.00652  2.06803e-02
 61 -0.03185  1.70206e-03 | 62  0.03479 -3.87786e-02 | 63 -0.00555  1.64360e-01
 64  0.05478 -1.63273e-02 | 65  0.00688  4.30233e-03 | 66  0.02679  1.12062e-02
 67  0.00756 -2.50506e-03 | 68 -0.02475 -8.33029e-02 | 69 -0.02376  7.60000e-02
 70  0.00369  1.93624e-03 | 71 -0.01453 -1.20277e-01 | 72  0.04357 -9.18056e-04
 73 -0.00727  2.45472e-03 | 74 -0.02744  2.14212e-02 | 75  0.00523 -1.99222e-02
 76 -0.02441 -1.72690e-01 | 77  0.02956  5.61000e-03 | 78  0.01822 -2.13435e-02
 79  0.00889  1.35958e-02 | 80 -0.00260 -1.47761e-03 | 81 -0.00930  2.03542e-03
 82 -0.04417  2.25848e-02 | 83 -0.01712  2.55860e-02 | 84 -0.03750 -6.11190e-02
 85  0.00793 -2.55360e-02 | 86 -0.03626 -6.33889e-02 | 87 -0.00805  3.00500e-02
 88 -0.01354  2.32424e-02 | 89  0.03478 -9.97734e-03 | 90  0.00896  3.01307e-02
 91 -0.03251  3.18841e-03 | 92 -0.01633  1.55869e-01 | 93  0.01986  2.10954e-02
 94 -0.02918 -7.66766e-02 | 95  0.01642  1.42451e-02 | 96 -0.00547 -1.56280e-02
 97  0.03093  1.95718e-02 | 98 -0.01242 -2.78809e-02 | 99 -0.02546  5.56491e-02
100 -0.01456  2.40389e-02 |101  0.02381 -1.79784e-02 |102  0.03013  1.11427e-01
103  0.02615 -1.21207e-02 |104 -0.00131  6.29633e-04 |105  0.00013 -2.16757e-02
106  0.00013 -2.16371e-02 |107  0.77471  1.77730e-03 |108 -0.42169 -1.58314e-02
109  0.23225 -9.48704e-03 |110 -0.25217 -1.78444e-03 |
  ic > imax  in fminim is answer attained ?
Var    Value     Gradient |Var    Value     Gradient |Var    Value     Gradient
  1 -0.43533 -5.43198e-05 |  2 -0.41978 -2.24106e-04 |  3 -0.41210 -1.40021e-04
  4 -0.40556 -1.38005e-05 |  5 -0.44080 -1.77712e-05 |  6  0.63976 -3.41122e-06
  7  0.00151  8.67000e-07 |  8 -0.00385  1.08840e-07 |  9  0.01411  3.97674e-07
 10 -0.00561 -9.33760e-08 | 11  0.00707  3.12857e-07 | 12 -0.01340  1.04660e-06
 13  0.01499  1.01469e-06 | 14  0.00400  1.62903e-06 | 15  0.00670  1.21841e-06
 16  0.01114  6.26254e-07 | 17  0.00514  7.20591e-07 | 18 -0.02972  9.06785e-07
 19 -0.00344  1.01333e-06 | 20  0.04258  4.09800e-06 | 21 -0.00378  2.89901e-06
 22 -0.00839  2.86193e-06 | 23 -0.02478  1.04412e-06 | 24 -0.00146  2.48102e-06
 25 -0.02008  2.92691e-06 | 26 -0.00547  2.66378e-06 | 27 -0.03101  8.76654e-07
 28  0.04455  3.35912e-06 | 29  0.03687  2.98021e-06 | 30 -0.00096  1.42545e-06
 31 -0.02411  6.93354e-07 | 32 -0.00873  1.50901e-06 | 33 -0.00283  2.12918e-06
 34  0.01638  7.00111e-07 | 35  0.01175  6.02123e-07 | 36 -0.02389  1.56621e-06
 37  0.01766  1.82195e-06 | 38  0.01040  2.51726e-06 | 39 -0.00743  1.40085e-06
 40 -0.00642  9.30612e-07 | 41  0.09508  3.19088e-06 | 42  0.00259  2.76760e-06
 43  0.01630  1.96748e-06 | 44 -0.00763  7.70093e-07 | 45  0.02124  2.47222e-06
 46 -0.03206  1.24494e-07 | 47 -0.01794  6.39717e-07 | 48  0.00377  1.32140e-07
 49 -0.00567  1.09029e-06 | 50 -0.01287  2.93460e-08 | 51 -0.01087  3.44993e-07
 52  0.02358  2.31596e-06 | 53 -0.05465  7.31022e-07 | 54  0.03758 -2.08703e-06
 55  0.03402  2.34122e-06 | 56 -0.00367  3.33367e-08 | 57 -0.02866  3.60801e-07
 58 -0.01858 -5.97448e-07 | 59 -0.01478 -1.36967e-06 | 60 -0.00652 -4.45709e-07
 61 -0.03185 -1.02386e-06 | 62  0.03480 -2.80025e-06 | 63 -0.00556 -2.34050e-06
 64  0.05478 -1.08314e-05 | 65  0.00688 -2.40654e-06 | 66  0.02679  1.29372e-06
 67  0.00756 -1.52549e-06 | 68 -0.02474  2.92884e-07 | 69 -0.02377 -2.40471e-06
 70  0.00369 -4.06229e-06 | 71 -0.01452 -2.02361e-06 | 72  0.04357 -2.20098e-06
 73 -0.00727  1.49766e-06 | 74 -0.02744 -8.15822e-07 | 75  0.00523 -5.10772e-06
 76 -0.02441 -6.51522e-07 | 77  0.02956 -4.84856e-06 | 78  0.01822 -4.38029e-06
 79  0.00889  5.04079e-07 | 80 -0.00260  1.27214e-06 | 81 -0.00930  9.69334e-07
 82 -0.04417  1.09807e-06 | 83 -0.01712  9.35653e-07 | 84 -0.03750 -9.06697e-07
 85  0.00793 -5.89945e-06 | 86 -0.03626 -9.67300e-07 | 87 -0.00806 -1.88222e-07
 88 -0.01355 -8.98869e-07 | 89  0.03478 -8.57790e-06 | 90  0.00896  1.20646e-06
 91 -0.03251  1.18872e-06 | 92 -0.01633  2.53393e-06 | 93  0.01985  2.03880e-06
 94 -0.02917  6.98144e-07 | 95  0.01642 -1.73195e-06 | 96 -0.00547 -9.81691e-07
 97  0.03093 -1.16691e-06 | 98 -0.01242 -9.04465e-07 | 99 -0.02547 -2.58776e-06
100 -0.01457 -1.06201e-06 |101  0.02381 -4.27591e-06 |102  0.03012 -1.81289e-06
103  0.02616 -2.49240e-06 |104 -0.00131 -7.16661e-07 |105  0.00015  1.27167e-08
106  0.00015 -7.30324e-09 |107  0.77471  2.95081e-05 |108 -0.42169 -1.30928e-04
109  0.23225  2.23983e-05 |110 -0.25217 -4.47911e-05 |
Function minimizer not making progress ... is minimum attained?
Minimprove criterion = 0.0000e+00

 - final statistics:
110 variables; iteration 119; function evaluation 192
Function value 2.2211e+03; maximum gradient component mag -2.2411e-04
Exit code = 1;  converg criter 1.0000e-04
Var    Value     Gradient |Var    Value     Gradient |Var    Value     Gradient
  1 -0.43533 -5.43198e-05 |  2 -0.41978 -2.24106e-04 |  3 -0.41210 -1.40021e-04
  4 -0.40556 -1.38005e-05 |  5 -0.44080 -1.77712e-05 |  6  0.63976 -3.41122e-06
  7  0.00151  8.67000e-07 |  8 -0.00385  1.08840e-07 |  9  0.01411  3.97674e-07
 10 -0.00561 -9.33760e-08 | 11  0.00707  3.12857e-07 | 12 -0.01340  1.04660e-06
 13  0.01499  1.01469e-06 | 14  0.00400  1.62903e-06 | 15  0.00670  1.21841e-06
 16  0.01114  6.26254e-07 | 17  0.00514  7.20591e-07 | 18 -0.02972  9.06785e-07
 19 -0.00344  1.01333e-06 | 20  0.04258  4.09800e-06 | 21 -0.00378  2.89901e-06
 22 -0.00839  2.86193e-06 | 23 -0.02478  1.04412e-06 | 24 -0.00146  2.48102e-06
 25 -0.02008  2.92691e-06 | 26 -0.00547  2.66378e-06 | 27 -0.03101  8.76654e-07
 28  0.04455  3.35912e-06 | 29  0.03687  2.98021e-06 | 30 -0.00096  1.42545e-06
 31 -0.02411  6.93354e-07 | 32 -0.00873  1.50901e-06 | 33 -0.00283  2.12918e-06
 34  0.01638  7.00111e-07 | 35  0.01175  6.02123e-07 | 36 -0.02389  1.56621e-06
 37  0.01766  1.82195e-06 | 38  0.01040  2.51726e-06 | 39 -0.00743  1.40085e-06
 40 -0.00642  9.30612e-07 | 41  0.09508  3.19088e-06 | 42  0.00259  2.76760e-06
 43  0.01630  1.96748e-06 | 44 -0.00763  7.70093e-07 | 45  0.02124  2.47222e-06
 46 -0.03206  1.24494e-07 | 47 -0.01794  6.39717e-07 | 48  0.00377  1.32140e-07
 49 -0.00567  1.09029e-06 | 50 -0.01287  2.93460e-08 | 51 -0.01087  3.44993e-07
 52  0.02358  2.31596e-06 | 53 -0.05465  7.31022e-07 | 54  0.03758 -2.08703e-06
 55  0.03402  2.34122e-06 | 56 -0.00367  3.33367e-08 | 57 -0.02866  3.60801e-07
 58 -0.01858 -5.97448e-07 | 59 -0.01478 -1.36967e-06 | 60 -0.00652 -4.45709e-07
 61 -0.03185 -1.02386e-06 | 62  0.03480 -2.80025e-06 | 63 -0.00556 -2.34050e-06
 64  0.05478 -1.08314e-05 | 65  0.00688 -2.40654e-06 | 66  0.02679  1.29372e-06
 67  0.00756 -1.52549e-06 | 68 -0.02474  2.92884e-07 | 69 -0.02377 -2.40471e-06
 70  0.00369 -4.06229e-06 | 71 -0.01452 -2.02361e-06 | 72  0.04357 -2.20098e-06
 73 -0.00727  1.49766e-06 | 74 -0.02744 -8.15822e-07 | 75  0.00523 -5.10772e-06
 76 -0.02441 -6.51522e-07 | 77  0.02956 -4.84856e-06 | 78  0.01822 -4.38029e-06
 79  0.00889  5.04079e-07 | 80 -0.00260  1.27214e-06 | 81 -0.00930  9.69334e-07
 82 -0.04417  1.09807e-06 | 83 -0.01712  9.35653e-07 | 84 -0.03750 -9.06697e-07
 85  0.00793 -5.89945e-06 | 86 -0.03626 -9.67300e-07 | 87 -0.00806 -1.88222e-07
 88 -0.01355 -8.98869e-07 | 89  0.03478 -8.57790e-06 | 90  0.00896  1.20646e-06
 91 -0.03251  1.18872e-06 | 92 -0.01633  2.53393e-06 | 93  0.01985  2.03880e-06
 94 -0.02917  6.98144e-07 | 95  0.01642 -1.73195e-06 | 96 -0.00547 -9.81691e-07
 97  0.03093 -1.16691e-06 | 98 -0.01242 -9.04465e-07 | 99 -0.02547 -2.58776e-06
100 -0.01457 -1.06201e-06 |101  0.02381 -4.27591e-06 |102  0.03012 -1.81289e-06
103  0.02616 -2.49240e-06 |104 -0.00131 -7.16661e-07 |105  0.00015  1.27167e-08
106  0.00015 -7.30324e-09 |107  0.77471  2.95081e-05 |108 -0.42169 -1.30928e-04
109  0.23225  2.23983e-05 |110 -0.25217 -4.47911e-05 |

Initial statistics: 122 variables; iteration 0; function evaluation 0; phase 6
Function value 2.2210688e+03; maximum gradient component mag -2.2398e-04
Var    Value     Gradient |Var    Value     Gradient |Var    Value     Gradient
  1 -0.43533 -5.42905e-05 |  2 -0.41978 -2.23984e-04 |  3 -0.41210 -1.39945e-04
  4 -0.40556 -1.37930e-05 |  5 -0.44080 -1.77616e-05 |  6  0.63976 -3.40885e-06
  7  0.00151  8.66526e-07 |  8 -0.00385  1.08783e-07 |  9  0.01411  3.97472e-07
 10 -0.00561 -9.33241e-08 | 11  0.00707  3.12676e-07 | 12 -0.01340  1.07329e-06
 13  0.01499  1.04142e-06 | 14  0.00400  1.65544e-06 | 15  0.00670  1.24503e-06
 16  0.01114  6.53198e-07 | 17  0.00514  7.47476e-07 | 18 -0.02972  9.33543e-07
 19 -0.00344  1.04008e-06 | 20  0.04258  4.12300e-06 | 21 -0.00378  2.92472e-06
 22 -0.00839  2.88765e-06 | 23 -0.02478  1.07082e-06 | 24 -0.00146  2.50697e-06
 25 -0.02008  2.95258e-06 | 26 -0.00547  2.68960e-06 | 27 -0.03101  9.03436e-07
 28  0.04455  3.38452e-06 | 29  0.03687  3.00588e-06 | 30 -0.00096  1.45196e-06
 31 -0.02411  7.20220e-07 | 32 -0.00873  1.53546e-06 | 33 -0.00283  2.15532e-06
 34  0.01638  7.27030e-07 | 35  0.01175  6.29033e-07 | 36 -0.02389  1.59263e-06
 37  0.01766  1.84828e-06 | 38  0.01040  2.54319e-06 | 39 -0.00743  1.42735e-06
 40 -0.00642  9.57390e-07 | 41  0.09508  3.21618e-06 | 42  0.00259  2.79342e-06
 43  0.01630  1.99367e-06 | 44 -0.00763  7.96956e-07 | 45  0.02124  2.49817e-06
 46 -0.03206  1.51692e-07 | 47 -0.01794  6.66642e-07 | 48  0.00377  1.59327e-07
 49 -0.00567  1.11697e-06 | 50 -0.01287  5.65685e-08 | 51 -0.01087  3.72099e-07
 52  0.02358  2.34200e-06 | 53 -0.05465  7.57820e-07 | 54  0.03758 -2.05862e-06
 55  0.03402  2.36725e-06 | 56 -0.00367  6.06771e-08 | 57 -0.02866  3.87810e-07
 58 -0.01858 -5.69856e-07 | 59 -0.01478 -1.34159e-06 | 60 -0.00652 -4.18186e-07
 61 -0.03185 -9.96037e-07 | 62  0.03480 -2.77144e-06 | 63 -0.00556 -2.31198e-06
 64  0.05478 -1.07984e-05 | 65  0.00688 -2.37794e-06 | 66  0.02679  1.32032e-06
 67  0.00756 -1.49737e-06 | 68 -0.02474  3.20023e-07 | 69 -0.02377 -2.37615e-06
 70  0.00369 -4.03278e-06 | 71 -0.01452 -1.99519e-06 | 72  0.04357 -2.17251e-06
 73 -0.00727  1.52415e-06 | 74 -0.02744 -7.88122e-07 | 75  0.00523 -5.07765e-06
 76 -0.02441 -6.23839e-07 | 77  0.02956 -4.81865e-06 | 78  0.01822 -4.35062e-06
 79  0.00889  5.31107e-07 | 80 -0.00260  1.29876e-06 | 81 -0.00930  9.96102e-07
 82 -0.04417  1.12469e-06 | 83 -0.01712  9.62426e-07 | 84 -0.03750 -8.78946e-07
 85  0.00793 -5.86896e-06 | 86 -0.03626 -9.39516e-07 | 87 -0.00806 -1.60836e-07
 88 -0.01355 -8.71103e-07 | 89  0.03478 -8.54601e-06 | 90  0.00896  1.23310e-06
 91 -0.03251  1.21533e-06 | 92 -0.01633  2.55980e-06 | 93  0.01985  2.06498e-06
 94 -0.02917  7.25048e-07 | 95  0.01642 -1.70374e-06 | 96 -0.00547 -9.53875e-07
 97  0.03093 -1.13904e-06 | 98 -0.01242 -8.76702e-07 | 99 -0.02547 -2.55910e-06
100 -0.01457 -1.03417e-06 |101  0.02381 -4.24633e-06 |102  0.03012 -1.78471e-06
103  0.02616 -2.46380e-06 |104 -0.00131 -6.88999e-07 |105  0.00015  3.99951e-08
106  0.00015  1.99809e-08 |107  0.00000  0.00000e+00 |108  0.00000  0.00000e+00
109  0.00000  0.00000e+00 |110  0.00000  0.00000e+00 |111  0.00000  0.00000e+00
112  0.00000  0.00000e+00 |113  0.00000  0.00000e+00 |114  0.00000  0.00000e+00
115  0.00000  0.00000e+00 |116  0.00000  0.00000e+00 |117  0.00000  0.00000e+00
118  0.00000  0.00000e+00 |119  0.77471  2.94922e-05 |120 -0.42169 -1.30858e-04
121  0.23225  2.23862e-05 |122 -0.25217 -4.47669e-05 |
  ic > imax  in fminim is answer attained ?
Var    Value     Gradient |Var    Value     Gradient |Var    Value     Gradient
  1 -0.43533 -3.48416e-05 |  2 -0.41978  9.89682e-05 |  3 -0.41210 -2.46472e-05
  4 -0.40556 -7.41967e-06 |  5 -0.44080 -3.27344e-06 |  6  0.63976  8.41760e-05
  7  0.00151  1.18032e-06 |  8 -0.00385  1.72228e-07 |  9  0.01411  4.98893e-07
 10 -0.00561 -3.08037e-09 | 11  0.00707  4.44694e-07 | 12 -0.01340 -1.45777e-06
 13  0.01499 -1.39082e-06 | 14  0.00400 -7.78981e-07 | 15  0.00670 -1.14153e-06
 16  0.01114 -1.66927e-06 | 17  0.00514 -1.56228e-06 | 18 -0.02972 -1.49168e-06
 19 -0.00344 -1.24470e-06 | 20  0.04258  2.26369e-06 | 21 -0.00378  6.67712e-07
 22 -0.00839  6.02562e-07 | 23 -0.02478 -1.29145e-06 | 24 -0.00146  2.84258e-07
 25 -0.02008  6.71311e-07 | 26 -0.00547  6.57072e-07 | 27 -0.03101 -1.13499e-06
 28  0.04455  2.83355e-06 | 29  0.03687  1.98226e-06 | 30 -0.00096 -4.12031e-07
 31 -0.02411 -1.21889e-06 | 32 -0.00873 -1.40894e-07 | 33 -0.00283  5.26024e-07
 34  0.01638 -2.80358e-07 | 35  0.01175 -5.54096e-07 | 36 -0.02389 -1.19386e-07
 37  0.01766  7.00323e-07 | 38  0.01040  1.24026e-06 | 39 -0.00743  1.95097e-07
 40 -0.00642  3.32939e-08 | 41  0.09508  8.34252e-06 | 42  0.00259  1.91385e-06
 43  0.01630  1.60109e-06 | 44 -0.00763 -3.07012e-07 | 45  0.02124  2.46221e-06
 46 -0.03206 -1.17496e-06 | 47 -0.01794 -1.67006e-07 | 48  0.00377  1.22316e-08
 49 -0.00567  8.49536e-07 | 50 -0.01287 -2.28060e-07 | 51 -0.01087  3.29297e-07
 52  0.02358  4.50016e-06 | 53 -0.05465 -3.51893e-07 | 54  0.03758  2.30050e-06
 55  0.03402  6.14989e-06 | 56 -0.00367  1.09010e-06 | 57 -0.02866  3.47031e-07
 58 -0.01858  8.19845e-08 | 59 -0.01478 -2.36368e-07 | 60 -0.00652  1.52984e-06
 61 -0.03185 -3.47014e-07 | 62  0.03480  4.01662e-06 | 63 -0.00556 -9.97638e-08
 64  0.05478 -8.27557e-07 | 65  0.00688  5.71203e-07 | 66  0.02679  5.68513e-06
 67  0.00756  1.28321e-06 | 68 -0.02474  6.59426e-07 | 69 -0.02377 -1.56125e-06
 70  0.00369 -7.99454e-07 | 71 -0.01452 -2.95404e-08 | 72  0.04357  5.40500e-06
 73 -0.00727  2.82524e-06 | 74 -0.02744 -2.80040e-07 | 75  0.00523 -1.76174e-06
 76 -0.02441  3.37758e-07 | 77  0.02956  1.25647e-06 | 78  0.01822 -1.80153e-07
 79  0.00889  3.13779e-06 | 80 -0.00260  2.47877e-06 | 81 -0.00930  1.41871e-06
 82 -0.04417  4.50793e-07 | 83 -0.01712  1.47662e-06 | 84 -0.03750 -1.06833e-06
 85  0.00793 -3.86826e-06 | 86 -0.03626 -1.51063e-06 | 87 -0.00806  5.52371e-07
 88 -0.01355 -5.96754e-07 | 89  0.03478 -4.94069e-06 | 90  0.00896  1.48129e-06
 91 -0.03251 -1.74509e-07 | 92 -0.01633  1.46036e-06 | 93  0.01985  2.00533e-06
 94 -0.02917 -8.99271e-07 | 95  0.01642 -2.31434e-06 | 96 -0.00547 -2.82089e-06
 97  0.03093 -3.06759e-06 | 98 -0.01242 -3.84730e-06 | 99 -0.02547 -5.13651e-06
100 -0.01457 -3.28820e-06 |101  0.02381 -5.70800e-06 |102  0.03012 -4.22240e-06
103  0.02616 -4.52159e-06 |104 -0.00131 -3.32006e-06 |105  0.00015 -2.60555e-06
106  0.00015 -2.62555e-06 |107  0.00000  0.00000e+00 |108  0.00000  0.00000e+00
109  0.00000  0.00000e+00 |110  0.00000  0.00000e+00 |111  0.00000  0.00000e+00
112  0.00000  0.00000e+00 |113  0.00000  0.00000e+00 |114  0.00000  0.00000e+00
115  0.00000  0.00000e+00 |116  0.00000  0.00000e+00 |117  0.00000  0.00000e+00
118  0.00000  0.00000e+00 |119  0.77471  2.62581e-05 |120 -0.42169 -1.07767e-04
121  0.23225  1.80152e-05 |122 -0.25217 -3.17132e-05 |
Function minimizer not making progress ... is minimum attained?
Minimprove criterion = 0.0000e+00

 - final statistics:
122 variables; iteration 2; function evaluation 32
Function value 2.2211e+03; maximum gradient component mag -1.0777e-04
Exit code = 1;  converg criter 1.0000e-04
Var    Value     Gradient |Var    Value     Gradient |Var    Value     Gradient
  1 -0.43533 -3.48416e-05 |  2 -0.41978  9.89682e-05 |  3 -0.41210 -2.46472e-05
  4 -0.40556 -7.41967e-06 |  5 -0.44080 -3.27344e-06 |  6  0.63976  8.41760e-05
  7  0.00151  1.18032e-06 |  8 -0.00385  1.72228e-07 |  9  0.01411  4.98893e-07
 10 -0.00561 -3.08037e-09 | 11  0.00707  4.44694e-07 | 12 -0.01340 -1.45777e-06
 13  0.01499 -1.39082e-06 | 14  0.00400 -7.78981e-07 | 15  0.00670 -1.14153e-06
 16  0.01114 -1.66927e-06 | 17  0.00514 -1.56228e-06 | 18 -0.02972 -1.49168e-06
 19 -0.00344 -1.24470e-06 | 20  0.04258  2.26369e-06 | 21 -0.00378  6.67712e-07
 22 -0.00839  6.02562e-07 | 23 -0.02478 -1.29145e-06 | 24 -0.00146  2.84258e-07
 25 -0.02008  6.71311e-07 | 26 -0.00547  6.57072e-07 | 27 -0.03101 -1.13499e-06
 28  0.04455  2.83355e-06 | 29  0.03687  1.98226e-06 | 30 -0.00096 -4.12031e-07
 31 -0.02411 -1.21889e-06 | 32 -0.00873 -1.40894e-07 | 33 -0.00283  5.26024e-07
 34  0.01638 -2.80358e-07 | 35  0.01175 -5.54096e-07 | 36 -0.02389 -1.19386e-07
 37  0.01766  7.00323e-07 | 38  0.01040  1.24026e-06 | 39 -0.00743  1.95097e-07
 40 -0.00642  3.32939e-08 | 41  0.09508  8.34252e-06 | 42  0.00259  1.91385e-06
 43  0.01630  1.60109e-06 | 44 -0.00763 -3.07012e-07 | 45  0.02124  2.46221e-06
 46 -0.03206 -1.17496e-06 | 47 -0.01794 -1.67006e-07 | 48  0.00377  1.22316e-08
 49 -0.00567  8.49536e-07 | 50 -0.01287 -2.28060e-07 | 51 -0.01087  3.29297e-07
 52  0.02358  4.50016e-06 | 53 -0.05465 -3.51893e-07 | 54  0.03758  2.30050e-06
 55  0.03402  6.14989e-06 | 56 -0.00367  1.09010e-06 | 57 -0.02866  3.47031e-07
 58 -0.01858  8.19845e-08 | 59 -0.01478 -2.36368e-07 | 60 -0.00652  1.52984e-06
 61 -0.03185 -3.47014e-07 | 62  0.03480  4.01662e-06 | 63 -0.00556 -9.97638e-08
 64  0.05478 -8.27557e-07 | 65  0.00688  5.71203e-07 | 66  0.02679  5.68513e-06
 67  0.00756  1.28321e-06 | 68 -0.02474  6.59426e-07 | 69 -0.02377 -1.56125e-06
 70  0.00369 -7.99454e-07 | 71 -0.01452 -2.95404e-08 | 72  0.04357  5.40500e-06
 73 -0.00727  2.82524e-06 | 74 -0.02744 -2.80040e-07 | 75  0.00523 -1.76174e-06
 76 -0.02441  3.37758e-07 | 77  0.02956  1.25647e-06 | 78  0.01822 -1.80153e-07
 79  0.00889  3.13779e-06 | 80 -0.00260  2.47877e-06 | 81 -0.00930  1.41871e-06
 82 -0.04417  4.50793e-07 | 83 -0.01712  1.47662e-06 | 84 -0.03750 -1.06833e-06
 85  0.00793 -3.86826e-06 | 86 -0.03626 -1.51063e-06 | 87 -0.00806  5.52371e-07
 88 -0.01355 -5.96754e-07 | 89  0.03478 -4.94069e-06 | 90  0.00896  1.48129e-06
 91 -0.03251 -1.74509e-07 | 92 -0.01633  1.46036e-06 | 93  0.01985  2.00533e-06
 94 -0.02917 -8.99271e-07 | 95  0.01642 -2.31434e-06 | 96 -0.00547 -2.82089e-06
 97  0.03093 -3.06759e-06 | 98 -0.01242 -3.84730e-06 | 99 -0.02547 -5.13651e-06
100 -0.01457 -3.28820e-06 |101  0.02381 -5.70800e-06 |102  0.03012 -4.22240e-06
103  0.02616 -4.52159e-06 |104 -0.00131 -3.32006e-06 |105  0.00015 -2.60555e-06
106  0.00015 -2.62555e-06 |107  0.00000  0.00000e+00 |108  0.00000  0.00000e+00
109  0.00000  0.00000e+00 |110  0.00000  0.00000e+00 |111  0.00000  0.00000e+00
112  0.00000  0.00000e+00 |113  0.00000  0.00000e+00 |114  0.00000  0.00000e+00
115  0.00000  0.00000e+00 |116  0.00000  0.00000e+00 |117  0.00000  0.00000e+00
118  0.00000  0.00000e+00 |119  0.77471  2.62581e-05 |120 -0.42169 -1.07767e-04
121  0.23225  1.80152e-05 |122 -0.25217 -3.17132e-05 |
size of file gradfil1.tmp = 0
size of file gradfil2.tmp = 0
size of file varssave.tmp = 0
size of file cmpdiff.tmp = 0
