
Initial statistics: 1 variables; iteration 0; function evaluation 0; phase 1
Function value 2.9152785e+03; maximum gradient component mag -5.9843e+03
Var    Value     Gradient |Var    Value     Gradient |Var    Value     Gradient
  1  0.63197 -5.98431e+03 |

 - final statistics:
1 variables; iteration 4; function evaluation 7
Function value 2.8871e+03; maximum gradient component mag -2.5816e+00
Exit code = 1;  converg criter 1.0000e+01
Var    Value     Gradient |Var    Value     Gradient |Var    Value     Gradient
  1  0.64221 -2.58164e+00 |

Initial statistics: 98 variables; iteration 0; function evaluation 0; phase 2
Function value 2.8870581e+03; maximum gradient component mag -3.8011e+03
Var    Value     Gradient |Var    Value     Gradient |Var    Value     Gradient
  1  0.64221 -2.58164e+00 |  2  0.00000 -4.58637e+01 |  3  0.00000 -5.27487e+01
  4  0.00000  2.41716e+01 |  5  0.00000  3.78145e+01 |  6  0.00000  3.85217e+01
  7  0.00000 -4.61464e+00 |  8  0.00000  1.89942e+01 |  9  0.00000 -7.51202e+01
 10  0.00000  6.22082e+00 | 11  0.00000  1.41134e+02 | 12  0.00000  1.04388e+00
 13  0.00000  2.72824e+01 | 14  0.00000  6.37806e+01 | 15  0.00000  1.55970e+02
 16  0.00000  3.11996e+02 | 17  0.00000 -8.35026e+01 | 18  0.00000 -5.32268e+02
 19  0.00000 -2.32407e+02 | 20  0.00000 -3.08378e+02 | 21  0.00000  1.65663e+02
 22  0.00000  7.94643e+01 | 23  0.00000  2.45941e+01 | 24  0.00000 -3.67934e+02
 25  0.00000 -3.34676e+02 | 26  0.00000 -9.00445e+01 | 27  0.00000  6.42806e+01
 28  0.00000 -2.25515e+02 | 29  0.00000  9.93252e+00 | 30  0.00000  1.59068e+02
 31  0.00000  4.07110e+02 | 32  0.00000 -2.47073e+02 | 33  0.00000  1.65563e+02
 34  0.00000 -1.31122e+02 | 35  0.00000  3.08084e+02 | 36  0.00000  3.02253e+02
 37  0.00000  2.11624e+02 | 38  0.00000 -1.13962e+03 | 39  0.00000  5.79576e+02
 40  0.00000  6.75975e+02 | 41  0.00000 -4.72954e+02 | 42  0.00000  2.90447e+00
 43  0.00000  3.57625e+02 | 44  0.00000  2.54409e+02 | 45  0.00000 -1.59445e+02
 46  0.00000  3.82180e+02 | 47  0.00000  1.63314e+02 | 48  0.00000  3.13658e+02
 49  0.00000  3.83741e+02 | 50  0.00000 -3.30599e+02 | 51  0.00000 -5.30476e+01
 52  0.00000  4.99454e+01 | 53  0.00000  7.40256e+02 | 54  0.00000  4.86047e+01
 55  0.00000 -1.12345e+03 | 56  0.00000  6.09471e+02 | 57  0.00000  1.75462e+02
 58  0.00000 -1.43784e+02 | 59  0.00000 -2.74363e+01 | 60  0.00000  3.06959e+02
 61  0.00000 -3.44405e+02 | 62  0.00000  2.45363e+02 | 63  0.00000 -1.44824e+02
 64  0.00000  3.67315e+02 | 65  0.00000 -1.90330e+02 | 66  0.00000  4.77607e+02
 67  0.00000 -3.80111e+03 | 68  0.00000  1.97715e+03 | 69  0.00000 -1.94394e+03
 70  0.00000  2.94591e+02 | 71  0.00000  2.06516e+03 | 72  0.00000  1.15580e+03
 73  0.00000 -4.04452e+02 | 74  0.00000  4.11433e+02 | 75  0.00000  1.33955e+03
 76  0.00000 -1.65052e+01 | 77  0.00000 -2.71260e+02 | 78  0.00000  5.58707e+02
 79  0.00000 -1.55456e+03 | 80  0.00000  6.77318e+02 | 81  0.00000  1.14707e+03
 82  0.00000 -3.49250e+03 | 83  0.00000 -2.76393e+03 | 84  0.00000  8.18883e+01
 85  0.00000  1.45883e+03 | 86  0.00000  7.38012e+02 | 87  0.00000 -4.51889e+02
 88  0.00000 -3.23162e+01 | 89  0.00000  6.27892e+02 | 90  0.00000 -3.55188e+02
 91  0.00000  1.43721e+03 | 92  0.00000 -1.44514e+02 | 93  0.00000 -1.05517e+03
 94  0.00000 -7.77283e+02 | 95  0.00000 -7.42002e+01 | 96  0.00000  1.17044e+03
 97  0.14825  2.68323e+01 | 98 -0.09833  7.46108e+02 |

Intermediate statistics: 98 variables; iteration 20; function evaluation 28; phase 2
Function value 2.5994196e+03; maximum gradient component mag -4.4049e+03
Var    Value     Gradient |Var    Value     Gradient |Var    Value     Gradient
  1  0.63301 -4.40491e+03 |  2  0.04514  1.82441e+02 |  3  0.03793  1.61893e+02
  4 -0.01792  1.02080e+02 |  5 -0.02504  9.45787e+01 |  6 -0.01832  1.04809e+02
  7  0.00194  1.13314e+02 |  8 -0.00262  1.18691e+02 |  9  0.01531  9.20871e+01
 10  0.00183  1.13224e+02 | 11 -0.01444  1.69408e+02 | 12  0.00614  1.21262e+02
 13  0.00238  1.18903e+02 | 14 -0.00253  1.12682e+02 | 15 -0.01440  1.05747e+02
 16 -0.03447  1.05807e+02 | 17  0.00499  3.81075e+01 | 18  0.02733 -8.16952e+01
 19  0.01135 -1.22627e+01 | 20  0.01705 -2.67201e+01 | 21 -0.01001  1.10411e+02
 22 -0.00445  6.61953e+01 | 23 -0.00239  4.29430e+01 | 24  0.01885 -6.35261e+01
 25  0.01667 -6.26817e+01 | 26  0.00329 -6.53557e+00 | 27 -0.00438  4.61347e+01
 28  0.01133 -3.83095e+01 | 29 -0.00048  2.34582e+01 | 30 -0.00756  7.49276e+01
 31 -0.02039  1.90243e+02 | 32  0.01257 -5.50399e+01 | 33 -0.00852  7.92154e+01
 34  0.00743 -2.10461e+01 | 35 -0.01360  1.29466e+02 | 36 -0.01369  1.20328e+02
 37 -0.01157  7.46881e+01 | 38  0.04290 -3.78295e+02 | 39 -0.03396  2.04371e+02
 40 -0.03853  2.38916e+02 | 41  0.02045 -1.98534e+02 | 42  0.00160 -2.09396e+01
 43 -0.01507  1.10722e+02 | 44 -0.01039  5.39148e+01 | 45  0.01058 -9.04196e+01
 46 -0.01484  1.02200e+02 | 47 -0.00319  2.12072e+00 | 48 -0.00920  5.25721e+01
 49 -0.01238  6.71802e+01 | 50  0.01248 -2.68873e+02 | 51  0.00412 -1.48846e+02
 52  0.00178 -1.08355e+02 | 53 -0.01020  3.31828e+02 | 54  0.00064 -1.03770e+02
 55  0.01480 -8.71101e+02 | 56 -0.00789  2.57172e+02 | 57 -0.00069 -1.03548e+00
 58  0.00358 -2.27598e+02 | 59  0.00148 -1.45517e+02 | 60 -0.00427  4.68086e+01
 61  0.00590 -3.48045e+02 | 62 -0.00321  1.30332e+01 | 63  0.00436 -1.94711e+02
 64 -0.00516  9.50627e+01 | 65  0.00477 -2.26201e+02 | 66 -0.00027  3.23046e+02
 67  0.00655 -3.64867e+03 | 68 -0.00302  1.69982e+03 | 69  0.00395 -1.89909e+03
 70  0.00002  1.52771e+02 | 71 -0.00221  1.83566e+03 | 72 -0.00093  9.84774e+02
 73  0.00155 -4.25303e+02 | 74 -0.00030  2.93246e+02 | 75 -0.00103  1.20945e+03
 76  0.00172 -1.46102e+01 | 77  0.00186 -2.41421e+02 | 78  0.00063  5.23031e+02
 79  0.00351 -1.43243e+03 | 80  0.00009  6.28268e+02 | 81 -0.00039  1.11216e+03
 82  0.00711 -3.19567e+03 | 83  0.00606 -2.49005e+03 | 84  0.00038  1.03442e+02
 85 -0.00090  1.44406e+03 | 86 -0.00126  7.14197e+02 | 87  0.00047 -3.53875e+02
 88  0.00001  5.68621e+01 | 89 -0.00212  6.66445e+02 | 90  0.00216 -1.42809e+02
 91 -0.00750  1.31554e+03 | 92  0.00014  8.51683e+00 | 93  0.01348 -4.92530e+02
 94  0.01122 -3.52014e+02 | 95  0.00100  8.01042e+01 | 96 -0.01717  8.48100e+02
 97  0.14581 -1.25617e+03 | 98 -0.11064 -3.21315e+02 |
98 variables; iteration 40; function evaluation 55; phase 2
Function value 2.1010135e+03; maximum gradient component mag 1.8954e+03
Var    Value     Gradient |Var    Value     Gradient |Var    Value     Gradient
  1  0.63669  1.89539e+03 |  2  0.01733 -7.01180e+01 |  3  0.04951  1.59221e+01
  4  0.00843 -1.91577e+01 |  5 -0.00146 -3.18151e+01 |  6 -0.01969 -8.21484e+01
  7  0.01292 -2.83472e+01 |  8 -0.00672 -7.37275e+01 |  9  0.00090 -1.43021e+02
 10  0.00180 -5.96676e+01 | 11 -0.02519 -4.95862e+01 | 12  0.01325  2.58532e+00
 13  0.01073  1.56066e+01 | 14  0.00353 -3.70937e+00 | 15 -0.01865 -8.97881e+01
 16 -0.05031 -1.57275e+02 | 17  0.00537 -1.09929e+02 | 18  0.03119 -1.40512e+02
 19  0.01774 -5.19471e+01 | 20  0.02562 -1.37114e+01 | 21 -0.00785 -1.58116e+01
 22 -0.01007 -1.45127e+02 | 23 -0.00472 -1.26884e+02 | 24  0.02644 -4.41260e+01
 25  0.02452 -3.78538e+01 | 26  0.00814 -6.04445e+01 | 27 -0.00696 -1.13846e+02
 28  0.02070  1.90827e+01 | 29  0.00676  1.11613e+01 | 30 -0.01509 -1.42167e+02
 31 -0.02124  4.84518e+01 | 32  0.01777 -4.70125e+01 | 33 -0.01099 -5.79035e+01
 34  0.01295 -9.14007e+00 | 35 -0.02273 -9.46608e+01 | 36 -0.02332 -1.07261e+02
 37 -0.01661 -9.06134e+01 | 38  0.04639 -2.49861e+02 | 39 -0.04225  1.16432e+01
 40 -0.05425 -6.10530e+00 | 41  0.03564  1.69029e+02 | 42  0.00840  5.72650e+01
 43 -0.02472 -7.99727e+01 | 44 -0.01996 -1.28272e+02 | 45  0.01196 -6.15814e+01
 46 -0.02328 -4.93360e+01 | 47  0.00330  1.17795e+02 | 48 -0.00477  1.26243e+02
 49 -0.01236  7.09549e+01 | 50  0.01668 -5.51284e+01 | 51  0.00200 -1.15562e+02
 52  0.00342 -5.19284e+00 | 53 -0.04169 -2.01341e+02 | 54  0.00242  2.27679e+01
 55  0.02378 -3.67312e+02 | 56 -0.02086  1.64811e+01 | 57  0.00072  1.20938e+02
 58  0.00432 -7.42048e+01 | 59  0.00485  7.24094e+01 | 60 -0.00619  1.08022e+02
 61  0.01398  7.17591e+01 | 62 -0.00536  6.82159e+01 | 63  0.00878  5.95398e+01
 64 -0.01475 -3.98264e+01 | 65  0.01171  1.32380e+02 | 66 -0.00271  4.41256e+02
 67  0.06005  2.63781e+02 | 68 -0.04051  3.02332e+02 | 69  0.02758 -3.28217e+02
 70  0.00158  3.68766e+02 | 71 -0.03745  2.78435e+02 | 72 -0.02033  9.52498e+01
 73  0.00846  1.04147e+02 | 74  0.00434  6.93004e+02 | 75 -0.02129  3.13247e+02
 76 -0.00013  7.10491e-01 | 77  0.00354 -6.17221e+01 | 78 -0.00997  8.25409e+01
 79  0.01598 -6.91307e+02 | 80 -0.01134  9.64117e+01 | 81 -0.02618  3.19330e+01
 82  0.06180  5.17030e+02 | 83  0.04982  2.46697e+02 | 84 -0.00594 -1.64620e+02
 85 -0.02801  1.54813e+02 | 86 -0.01332  9.25520e-02 | 87  0.01148 -1.74421e+01
 88 -0.00076 -1.73926e+02 | 89 -0.01102  6.78457e+01 | 90  0.00478 -3.08229e+02
 91 -0.03433  1.73605e+02 | 92  0.01109  1.49314e+02 | 93  0.03461 -7.99778e+01
 94  0.02922 -7.02679e+01 | 95  0.00260 -6.78023e+01 | 96 -0.04450 -5.68413e+01
 97  0.14806  3.05897e+02 | 98 -0.10302  1.03515e+02 |
98 variables; iteration 60; function evaluation 82; phase 2
Function value 2.0743072e+03; maximum gradient component mag 1.4645e+03
Var    Value     Gradient |Var    Value     Gradient |Var    Value     Gradient
  1  0.63442  1.46450e+03 |  2  0.01773 -5.38659e+01 |  3  0.03610 -1.04066e+01
  4 -0.00567 -3.92357e+01 |  5 -0.00756 -3.26801e+01 |  6 -0.00765 -3.53778e+01
  7 -0.00717 -8.09256e+01 |  8 -0.00692 -6.10152e+01 |  9  0.00619 -1.09006e+02
 10  0.02025  4.41055e+01 | 11 -0.02329 -2.90806e+01 | 12  0.00275 -5.44251e+01
 13 -0.00072 -5.46785e+01 | 14  0.00849  4.70622e+01 | 15 -0.00139  5.49997e+01
 16 -0.04616 -1.19140e+02 | 17  0.00637 -8.56304e+01 | 18  0.03499 -6.60672e+01
 19  0.01955 -2.18829e+01 | 20  0.02550 -1.86670e+01 | 21 -0.01420 -7.40759e+01
 22 -0.00270 -5.27181e+01 | 23  0.00009 -5.85318e+01 | 24  0.02644 -3.94414e+01
 25  0.02498 -2.67181e+01 | 26  0.00399 -1.13083e+02 | 27 -0.00427 -7.28604e+01
 28  0.01862 -1.52143e+01 | 29  0.00663  1.61555e+01 | 30 -0.01069 -8.13977e+01
 31 -0.02642  6.50685e+00 | 32  0.01750 -5.00771e+01 | 33 -0.00684  4.78579e-01
 34  0.01138 -3.52500e+01 | 35 -0.02043 -6.02917e+01 | 36 -0.01950 -5.44243e+01
 37 -0.01591 -6.97095e+01 | 38  0.05281 -5.18808e+01 | 39 -0.04708 -1.31855e+01
 40 -0.05527 -1.41859e+00 | 41  0.03300  9.34619e+01 | 42  0.00449 -7.45374e+00
 43 -0.02691 -9.22463e+01 | 44 -0.01495 -5.41547e+01 | 45  0.01286 -3.40243e+01
 46 -0.02186 -2.26283e+01 | 47 -0.00083  4.54819e+01 | 48 -0.00752  8.09269e+01
 49 -0.01147  8.77696e+01 | 50  0.02252  8.83646e+01 | 51  0.00208 -1.21946e+02
 52  0.00320 -2.24371e+01 | 53 -0.03180 -5.25956e+01 | 54  0.00374  5.87012e+01
 55  0.03143 -5.51251e+01 | 56 -0.01911  4.93428e+01 | 57  0.00009  8.35159e+01
 58  0.00424 -1.04332e+02 | 59  0.00386  1.39358e+01 | 60 -0.01012 -1.03064e+01
 61  0.01466  6.18630e+01 | 62 -0.00874 -3.52732e+01 | 63  0.00820  1.81727e+01
 64 -0.01120  2.82594e+01 | 65  0.01106  8.58722e+01 | 66 -0.00499  3.05291e+02
 67  0.05962  1.33002e+02 | 68 -0.04497  1.30441e+02 | 69  0.03172 -1.05264e+02
 70 -0.00264  1.24335e+02 | 71 -0.03903  2.05338e+02 | 72 -0.02097  4.89341e+01
 73  0.00878  8.23261e+01 | 74 -0.00154  3.27530e+02 | 75 -0.02372  1.82618e+02
 76  0.00052  1.09283e+01 | 77  0.00539  1.77909e+01 | 78 -0.00981  8.82217e+01
 79  0.02371 -2.40647e+02 | 80 -0.01425 -4.07797e+01 | 81 -0.02607  3.09476e+01
 82  0.05945  2.60372e+02 | 83  0.04875  1.32486e+02 | 84 -0.00371 -6.63081e+01
 85 -0.02909  1.22875e+02 | 86 -0.01262  3.98944e+01 | 87  0.01095 -2.87539e+01
 88  0.00060 -9.44982e+01 | 89 -0.01200  5.62394e+01 | 90  0.00797 -1.51979e+02
 91 -0.04025  9.84310e+00 | 92  0.00679  2.46422e+01 | 93  0.03180 -1.40863e+02
 94  0.03008 -2.95934e+01 | 95  0.00260 -4.96257e+01 | 96 -0.04608 -8.00128e+01
 97  0.14780  2.00884e+02 | 98 -0.10376  5.74536e+01 |
Maximum number of function evaluations exceeded

 - final statistics:
98 variables; iteration 75; function evaluation 100
Function value 2.0612e+03; maximum gradient component mag 5.7077e+02
Exit code = 3;  converg criter 1.0000e+01
Var    Value     Gradient |Var    Value     Gradient |Var    Value     Gradient
  1  0.63131  5.70773e+02 |  2  0.01648 -2.53719e+01 |  3  0.02614 -6.68159e+00
  4 -0.01434 -2.77478e+01 |  5 -0.01010 -7.81150e+00 |  6 -0.01930 -3.49037e+01
  7  0.00127 -2.49076e+01 |  8  0.00577  1.22796e+01 |  9  0.02077 -1.61373e+01
 10  0.00532 -4.85139e+00 | 11 -0.02755 -1.68108e+01 | 12  0.00817  2.56600e+00
 13  0.00048 -2.31489e+01 | 14 -0.00052 -1.20031e+00 | 15 -0.01216 -6.04754e+00
 16 -0.03155 -4.29911e+00 | 17  0.01000 -1.86015e+01 | 18  0.03516 -4.73729e+01
 19  0.01837 -2.26607e+01 | 20  0.02430 -2.23156e+01 | 21 -0.00751  1.77506e+01
 22 -0.00045 -3.49662e+00 | 23  0.00347  3.09095e+00 | 24  0.02547 -4.66543e+01
 25  0.02403 -3.16696e+01 | 26  0.01082  2.17084e+00 | 27 -0.00078 -8.83036e+00
 28  0.01616 -4.81639e+01 | 29  0.00447 -4.25138e+00 | 30 -0.00755 -2.70613e+01
 31 -0.03137 -1.81728e+01 | 32  0.01800 -3.38237e+01 | 33 -0.00667  1.86071e+01
 34  0.01218 -1.10708e+01 | 35 -0.01887 -2.32487e+01 | 36 -0.01821 -2.06916e+01
 37 -0.01505 -4.17361e+01 | 38  0.05463 -1.06548e+01 | 39 -0.04936 -8.69601e+00
 40 -0.05971 -1.01079e+01 | 41  0.03023  1.32859e+01 | 42  0.00586  2.09510e+01
 43 -0.02122 -1.15870e+01 | 44 -0.01190 -9.39211e-01 | 45  0.01401 -1.23483e+01
 46 -0.02220 -1.62869e+01 | 47 -0.00143  3.07629e+01 | 48 -0.01236  1.58208e+00
 49 -0.01706  9.36435e-01 | 50  0.02318  7.69566e+01 | 51  0.00934  2.90725e+01
 52  0.00496  6.74121e+00 | 53 -0.02764  1.65326e+01 | 54  0.00401  4.24538e+01
 55  0.03436  1.43251e+01 | 56 -0.01949  2.90351e+01 | 57 -0.00158  2.13188e+01
 58  0.01176  9.71416e+01 | 59  0.00450  1.31716e+01 | 60 -0.00837  1.50405e+01
 61  0.01515  3.83872e+01 | 62 -0.00686 -1.13571e+01 | 63  0.00670 -6.26001e+01
 64 -0.01289 -2.84568e+01 | 65  0.01197  7.10704e+01 | 66 -0.00965  5.98961e+01
 67  0.05957 -8.71383e-01 | 68 -0.04811  1.79732e+01 | 69  0.03457  1.22986e+01
 70 -0.00414  1.78653e+01 | 71 -0.04347  2.61353e+01 | 72 -0.02113  2.01838e+01
 73  0.00851  1.32925e+01 | 74 -0.00628  3.92952e+01 | 75 -0.02639  4.63063e+01
 76  0.00089 -4.27636e+00 | 77  0.00586  9.23798e+00 | 78 -0.01108  1.75444e+01
 79  0.02854  2.88938e+01 | 80 -0.01325  1.56686e+00 | 81 -0.02651  1.39505e+01
 82  0.05723  4.45420e-01 | 83  0.04751 -7.02049e+00 | 84 -0.00136  3.66106e+01
 85 -0.03237  1.19828e+01 | 86 -0.01405 -7.97035e+00 | 87  0.01096 -1.10340e+01
 88  0.00239  1.16495e+01 | 89 -0.01431  1.27113e+00 | 90  0.01066 -5.97109e+00
 91 -0.04199 -1.04077e+01 | 92  0.00476 -9.98240e+00 | 93  0.03406 -3.53786e+01
 94  0.02868 -3.32663e+01 | 95  0.00191 -3.51193e+01 | 96 -0.04584 -4.09737e+01
 97  0.14834  1.08886e+02 | 98 -0.10437  5.23847e+00 |

Initial statistics: 100 variables; iteration 0; function evaluation 0; phase 3
Function value 2.0612466e+03; maximum gradient component mag 5.7077e+02
Var    Value     Gradient |Var    Value     Gradient |Var    Value     Gradient
  1  0.63131  5.70773e+02 |  2  0.01649 -2.51225e+01 |  3  0.02615 -6.43240e+00
  4 -0.01434 -2.74985e+01 |  5 -0.01010 -7.56214e+00 |  6 -0.01930 -3.46544e+01
  7  0.00127 -2.46582e+01 |  8  0.00578  1.25290e+01 |  9  0.02077 -1.58881e+01
 10  0.00532 -4.60200e+00 | 11 -0.02754 -1.65617e+01 | 12  0.00817  2.81538e+00
 13  0.00048 -2.28995e+01 | 14 -0.00052 -9.50912e-01 | 15 -0.01215 -5.79819e+00
 16 -0.03154 -4.05002e+00 | 17  0.01000 -1.83522e+01 | 18  0.03516 -4.71239e+01
 19  0.01838 -2.24114e+01 | 20  0.02430 -2.20663e+01 | 21 -0.00751  1.79999e+01
 22 -0.00045 -3.24723e+00 | 23  0.00347  3.34034e+00 | 24  0.02547 -4.64051e+01
 25  0.02403 -3.14204e+01 | 26  0.01083  2.42020e+00 | 27 -0.00078 -8.58096e+00
 28  0.01616 -4.79145e+01 | 29  0.00447 -4.00199e+00 | 30 -0.00755 -2.68119e+01
 31 -0.03136 -1.79237e+01 | 32  0.01801 -3.35744e+01 | 33 -0.00666  1.88565e+01
 34  0.01218 -1.08215e+01 | 35 -0.01886 -2.29994e+01 | 36 -0.01820 -2.04423e+01
 37 -0.01504 -4.14867e+01 | 38  0.05463 -1.04063e+01 | 39 -0.04935 -8.44737e+00
 40 -0.05970 -9.85959e+00 | 41  0.03023  1.35350e+01 | 42  0.00586  2.12003e+01
 43 -0.02121 -1.13378e+01 | 44 -0.01189 -6.89859e-01 | 45  0.01401 -1.20990e+01
 46 -0.02220 -1.60377e+01 | 47 -0.00142  3.10123e+01 | 48 -0.01235  1.83143e+00
 49 -0.01706  1.18574e+00 | 50  0.02319  7.72058e+01 | 51  0.00935  2.93219e+01
 52  0.00496  6.99059e+00 | 53 -0.02764  1.67818e+01 | 54  0.00402  4.27032e+01
 55  0.03436  1.45741e+01 | 56 -0.01949  2.92844e+01 | 57 -0.00157  2.15682e+01
 58  0.01177  9.73909e+01 | 59  0.00450  1.34210e+01 | 60 -0.00836  1.52899e+01
 61  0.01515  3.86365e+01 | 62 -0.00686 -1.11077e+01 | 63  0.00670 -6.23507e+01
 64 -0.01289 -2.82075e+01 | 65  0.01198  7.13197e+01 | 66 -0.00964  6.01455e+01
 67  0.05957 -6.23077e-01 | 68 -0.04811  1.82219e+01 | 69  0.03457  1.25476e+01
 70 -0.00414  1.81147e+01 | 71 -0.04347  2.63841e+01 | 72 -0.02113  2.04331e+01
 73  0.00851  1.35419e+01 | 74 -0.00627  3.95445e+01 | 75 -0.02638  4.65555e+01
 76  0.00089 -4.02696e+00 | 77  0.00586  9.48737e+00 | 78 -0.01108  1.77937e+01
 79  0.02855  2.91430e+01 | 80 -0.01325  1.81620e+00 | 81 -0.02650  1.41997e+01
 82  0.05723  6.93808e-01 | 83  0.04752 -6.77179e+00 | 84 -0.00136  3.68600e+01
 85 -0.03236  1.22319e+01 | 86 -0.01404 -7.72102e+00 | 87  0.01096 -1.07846e+01
 88  0.00239  1.18989e+01 | 89 -0.01431  1.52046e+00 | 90  0.01066 -5.72173e+00
 91 -0.04198 -1.01588e+01 | 92  0.00477 -9.73301e+00 | 93  0.03407 -3.51296e+01
 94  0.02868 -3.30171e+01 | 95  0.00191 -3.48699e+01 | 96 -0.04583 -4.07250e+01
 97  0.14834  1.08886e+02 | 98 -0.41581 -2.85735e+02 | 99 -0.10437  5.23847e+00
100 -0.25275  3.88995e+01 |

Intermediate statistics: 100 variables; iteration 20; function evaluation 26; phase 3
Function value 2.0598111e+03; maximum gradient component mag 4.3180e+02
Var    Value     Gradient |Var    Value     Gradient |Var    Value     Gradient
  1  0.63058  4.31796e+02 |  2  0.02026 -1.24759e+01 |  3  0.02129 -1.48952e+01
  4 -0.00935 -1.21548e+01 |  5 -0.01477 -1.49767e+01 |  6 -0.01170 -1.12296e+01
  7  0.00387 -1.24922e+01 |  8 -0.00326 -1.51093e+01 |  9  0.02070 -1.24092e+01
 10  0.00261 -1.30939e+01 | 11 -0.02761 -1.29426e+01 | 12  0.00498 -1.26249e+01
 13  0.00170 -1.12499e+01 | 14 -0.00254 -1.16589e+01 | 15 -0.01352 -1.16401e+01
 16 -0.03349 -1.24004e+01 | 17  0.01017 -1.10005e+01 | 18  0.03600 -2.36774e+01
 19  0.01861 -1.25629e+01 | 20  0.02466 -1.15088e+01 | 21 -0.01021 -6.39798e+00
 22 -0.00094 -7.12500e+00 | 23  0.00250 -6.20699e+00 | 24  0.02684 -1.95782e+01
 25  0.02488 -1.44426e+01 | 26  0.01025 -4.52191e+00 | 27 -0.00082 -7.36857e+00
 28  0.01783 -1.80750e+01 | 29  0.00428 -5.24930e+00 | 30 -0.00633 -9.76020e+00
 31 -0.03066 -9.25795e+00 | 32  0.01925 -1.22366e+01 | 33 -0.00829 -1.06876e+00
 34  0.01270 -3.52486e+00 | 35 -0.01763 -7.85070e+00 | 36 -0.01722 -7.58488e+00
 37 -0.01256 -1.05172e+01 | 38  0.05492 -6.66803e+00 | 39 -0.04963 -8.66179e+00
 40 -0.05985 -8.94585e+00 | 41  0.03040  1.18629e+01 | 42  0.00524  8.39413e+00
 43 -0.02050 -3.56352e+00 | 44 -0.01184 -6.73308e-01 | 45  0.01477 -9.08268e-01
 46 -0.02105 -3.36386e+00 | 47 -0.00238  1.19624e+01 | 48 -0.01207  2.79109e+00
 49 -0.01674  2.59574e+00 | 50  0.02247  4.86756e+01 | 51  0.00926  1.96666e+01
 52  0.00529  7.23036e+00 | 53 -0.02817  4.72172e+00 | 54  0.00367  2.70115e+01
 55  0.03470  1.64308e+01 | 56 -0.02008  1.39794e+01 | 57 -0.00139  1.80220e+01
 58  0.01124  7.12437e+01 | 59  0.00483  1.33947e+01 | 60 -0.00833  1.04149e+01
 61  0.01517  2.82337e+01 | 62 -0.00650 -6.98209e+00 | 63  0.00762 -4.25264e+01
 64 -0.01196 -1.19583e+01 | 65  0.01162  5.04026e+01 | 66 -0.00995  3.90677e+01
 67  0.05923 -5.67879e+01 | 68 -0.04822  1.30808e+01 | 69  0.03486  1.67438e+01
 70 -0.00413  1.31522e+01 | 71 -0.04357  2.06062e+01 | 72 -0.02119  1.42145e+01
 73  0.00864  1.14411e+01 | 74 -0.00642  2.64574e+01 | 75 -0.02658  3.47134e+01
 76  0.00106 -1.80157e-02 | 77  0.00598  9.91034e+00 | 78 -0.01114  1.24236e+01
 79  0.02851  1.65544e+01 | 80 -0.01323  7.92829e-01 | 81 -0.02654  1.18291e+01
 82  0.05767  2.35783e+01 | 83  0.04788  9.77343e+00 | 84 -0.00156  2.69528e+01
 85 -0.03243  1.00225e+01 | 86 -0.01401 -5.86195e+00 | 87  0.01107 -6.87855e+00
 88  0.00229  8.23718e+00 | 89 -0.01433  1.81814e+00 | 90  0.01065 -4.25046e+00
 91 -0.04206 -9.26453e+00 | 92  0.00458 -9.67932e+00 | 93  0.03414 -2.65295e+01
 94  0.02894 -2.26299e+01 | 95  0.00218 -2.38135e+01 | 96 -0.04546 -2.69487e+01
 97  0.15215  1.43143e+02 | 98 -0.41321 -2.24206e+02 | 99 -0.10745 -2.84948e+01
100 -0.25436  4.81265e+01 |
100 variables; iteration 40; function evaluation 51; phase 3
Function value 2.0592915e+03; maximum gradient component mag -5.4625e+01
Var    Value     Gradient |Var    Value     Gradient |Var    Value     Gradient
  1  0.62975  1.15355e+00 |  2  0.01962 -7.42433e-01 |  3  0.02187 -3.50613e-01
  4 -0.01051 -1.54868e+00 |  5 -0.01362  9.94499e-01 |  6 -0.01130  2.88915e+00
  7  0.00373 -2.52751e-01 |  8 -0.00213  1.26454e+00 |  9  0.02069 -8.09443e-01
 10  0.00263 -1.09821e+00 | 11 -0.02767 -7.82209e-01 | 12  0.00486 -2.34453e+00
 13  0.00213  2.24151e+00 | 14 -0.00210  1.88634e+00 | 15 -0.01317  1.38179e+00
 16 -0.03338 -5.64293e-01 | 17  0.01039 -9.62487e-02 | 18  0.03687 -1.67943e+00
 19  0.01900  4.11215e-01 | 20  0.02493 -1.74275e+00 | 21 -0.01112 -6.89413e+00
 22 -0.00067  4.01782e+00 | 23  0.00260  2.95406e+00 | 24  0.02738 -4.91360e+00
 25  0.02531 -2.25794e+00 | 26  0.00975 -5.64664e+00 | 27 -0.00068  1.29498e+00
 28  0.01848 -2.52624e+00 | 29  0.00430  5.65416e-01 | 30 -0.00596  1.29357e+00
 31 -0.03077 -1.61774e+00 | 32  0.01979 -8.39416e-01 | 33 -0.00827  4.73339e+00
 34  0.01308  4.35659e+00 | 35 -0.01747 -2.25057e-01 | 36 -0.01711 -8.34672e-01
 37 -0.01237 -3.41910e+00 | 38  0.05562  2.66955e+00 | 39 -0.04957  1.52752e-01
 40 -0.05972  4.66825e-01 | 41  0.03011 -4.08920e+00 | 42  0.00482 -1.01631e+00
 43 -0.02041 -1.16009e-01 | 44 -0.01194 -1.44742e+00 | 45  0.01538  3.19762e+00
 46 -0.02101 -1.78374e+00 | 47 -0.00268  2.73260e+00 | 48 -0.01187  2.78529e+00
 49 -0.01675 -2.40508e-01 | 50  0.02144  4.21560e+00 | 51  0.00885 -2.41824e+00
 52  0.00539 -9.65883e-01 | 53 -0.02848 -8.13355e-01 | 54  0.00296 -2.66542e+00
 55  0.03505  6.83703e+00 | 56 -0.02052  2.35394e+00 | 57 -0.00158  1.02475e+00
 58  0.00947  7.88378e-01 | 59  0.00510  7.09145e+00 | 60 -0.00851 -5.24619e-01
 61  0.01486  2.57267e+00 | 62 -0.00613 -2.39014e+00 | 63  0.00926 -4.09588e+00
 64 -0.01121 -6.16234e-01 | 65  0.01038 -2.03215e+00 | 66 -0.01044  1.14041e+01
 67  0.06039 -2.18235e+00 | 68 -0.04888 -6.74772e+00 | 69  0.03505  2.38308e+00
 70 -0.00452 -1.45300e+01 | 71 -0.04406  3.17872e+00 | 72 -0.02157 -5.67082e+00
 73  0.00871  2.18240e+00 | 74 -0.00683 -9.90289e-01 | 75 -0.02777 -1.79010e+01
 76  0.00014 -5.46246e+01 | 77  0.00688  4.98521e+01 | 78 -0.01148 -3.03359e+00
 79  0.02847  1.73174e+00 | 80 -0.01343 -6.63778e+00 | 81 -0.02681  5.21509e+00
 82  0.05761  2.02113e+00 | 83  0.04795  2.17771e+00 | 84 -0.00211  5.38606e+00
 85 -0.03304 -4.31838e+00 | 86 -0.01394  6.42601e+00 | 87  0.01118  8.12407e+00
 88  0.00195  5.61110e+00 | 89 -0.01483 -4.25757e+00 | 90  0.01044  2.10460e+00
 91 -0.04229 -1.80395e+00 | 92  0.00440 -1.95441e-01 | 93  0.03446 -3.53513e+00
 94  0.02915 -3.25093e+00 | 95  0.00243 -3.41058e+00 | 96 -0.04513 -4.58177e+00
 97  0.15339 -4.05737e+00 | 98 -0.41191  1.50737e+01 | 99 -0.10691  1.22401e+00
100 -0.25437  4.00176e+00 |
100 variables; iteration 60; function evaluation 79; phase 3
Function value 2.0592100e+03; maximum gradient component mag 1.9620e+00
Var    Value     Gradient |Var    Value     Gradient |Var    Value     Gradient
  1  0.62977 -7.90879e-01 |  2  0.01985  2.35238e-02 |  3  0.02215  5.73099e-01
  4 -0.00972  4.93099e-01 |  5 -0.01403  2.53291e-01 |  6 -0.01246  7.86063e-02
  7  0.00347 -9.24164e-01 |  8 -0.00268 -4.39921e-01 |  9  0.02068 -7.69658e-01
 10  0.00293  3.14362e-01 | 11 -0.02746  1.38092e-01 | 12  0.00525 -1.70811e-02
 13  0.00176 -1.36252e-01 | 14 -0.00228  6.49337e-01 | 15 -0.01336  9.64890e-02
 16 -0.03309  1.47761e+00 | 17  0.01039  1.92816e-01 | 18  0.03695  1.94488e-01
 19  0.01896  6.56104e-02 | 20  0.02498 -4.96449e-01 | 21 -0.01048 -2.02977e-01
 22 -0.00102 -1.19394e-01 | 23  0.00231 -6.66382e-01 | 24  0.02769  3.73508e-01
 25  0.02543  2.01161e-01 | 26  0.01021  1.16903e+00 | 27 -0.00079 -2.74752e-02
 28  0.01861 -4.08592e-01 | 29  0.00429  5.30751e-01 | 30 -0.00605  2.98880e-01
 31 -0.03042  1.62956e+00 | 32  0.01984 -5.79742e-03 | 33 -0.00869 -4.48328e-01
 34  0.01286  2.39706e-01 | 35 -0.01746 -1.08320e-01 | 36 -0.01708 -3.36725e-01
 37 -0.01214 -4.09398e-01 | 38  0.05556  5.32825e-01 | 39 -0.04961 -6.14654e-02
 40 -0.05978  3.02339e-01 | 41  0.03032  4.36983e-01 | 42  0.00488 -1.14395e-01
 43 -0.02040  5.35638e-02 | 44 -0.01183 -2.31681e-01 | 45  0.01517 -1.13361e+00
 46 -0.02088 -4.60893e-01 | 47 -0.00284  7.16024e-02 | 48 -0.01208 -4.49861e-01
 49 -0.01669  2.84197e-01 | 50  0.02127 -5.48485e-01 | 51  0.00897  9.76723e-02
 52  0.00546  5.87588e-01 | 53 -0.02846 -2.98292e-01 | 54  0.00308  6.86256e-01
 55  0.03491  2.54422e-01 | 56 -0.02065 -1.39027e-01 | 57 -0.00161  7.26021e-02
 58  0.00946  3.30273e-01 | 59  0.00484 -4.87014e-01 | 60 -0.00849 -1.53382e-01
 61  0.01478 -7.07490e-02 | 62 -0.00605  2.98725e-01 | 63  0.00938  1.71594e-01
 64 -0.01117  9.80381e-01 | 65  0.01044 -1.62478e-01 | 66 -0.01070 -2.62812e-01
 67  0.06042  1.85806e-01 | 68 -0.04867  9.73596e-01 | 69  0.03501 -5.77389e-02
 70 -0.00423  1.56177e-01 | 71 -0.04415  7.24070e-02 | 72 -0.02146 -6.68296e-01
 73  0.00866  2.58384e-02 | 74 -0.00683  1.79880e-02 | 75 -0.02736  1.01637e+00
 76  0.00121  1.96204e+00 | 77  0.00589 -1.78057e+00 | 78 -0.01138  7.46839e-01
 79  0.02843 -7.23552e-02 | 80 -0.01329  8.55626e-02 | 81 -0.02694  5.41302e-01
 82  0.05757 -1.45151e-01 | 83  0.04791 -2.27480e-01 | 84 -0.00224  3.48679e-01
 85 -0.03293 -2.90991e-02 | 86 -0.01410  3.17604e-01 | 87  0.01099 -1.14546e+00
 88  0.00178 -1.66997e+00 | 89 -0.01474 -5.67645e-02 | 90  0.01035 -6.07322e-01
 91 -0.04224  2.90924e-01 | 92  0.00439  3.17225e-01 | 93  0.03456  1.43696e-01
 94  0.02926 -3.32862e-01 | 95  0.00254 -3.00365e-01 | 96 -0.04497 -2.56617e-01
 97  0.15313  2.99534e-01 | 98 -0.41212 -6.62870e-01 | 99 -0.10729 -5.20748e-01
100 -0.25457 -4.56534e-01 |
Maximum number of function evaluations exceeded

 - final statistics:
100 variables; iteration 75; function evaluation 100
Function value 2.0592e+03; maximum gradient component mag -1.0796e+00
Exit code = 3;  converg criter 1.0000e+00
Var    Value     Gradient |Var    Value     Gradient |Var    Value     Gradient
  1  0.62977 -3.30863e-01 |  2  0.01976 -2.27047e-01 |  3  0.02211  4.27382e-01
  4 -0.00989  4.58679e-02 |  5 -0.01427 -3.78236e-01 |  6 -0.01241  1.41204e-01
  7  0.00372 -1.70097e-01 |  8 -0.00256 -5.92420e-02 |  9  0.02083 -1.16812e-01
 10  0.00289  9.89788e-02 | 11 -0.02746  8.55252e-02 | 12  0.00525 -4.70561e-02
 13  0.00177 -1.32120e-01 | 14 -0.00233  2.19119e-01 | 15 -0.01336  3.23063e-02
 16 -0.03324  4.05155e-01 | 17  0.01039  6.37387e-02 | 18  0.03696  1.72825e-01
 19  0.01897  1.47926e-01 | 20  0.02501 -1.00881e-01 | 21 -0.01045 -7.62504e-03
 22 -0.00099  1.14237e-01 | 23  0.00237 -6.72490e-02 | 24  0.02766 -9.16234e-02
 25  0.02542 -1.15895e-01 | 26  0.01017  4.74812e-01 | 27 -0.00078  1.03386e-01
 28  0.01864  7.53144e-02 | 29  0.00426  2.10099e-02 | 30 -0.00606  1.48489e-02
 31 -0.03056  3.89062e-01 | 32  0.01985 -2.44689e-02 | 33 -0.00867 -2.13350e-01
 34  0.01284 -7.92375e-02 | 35 -0.01745 -3.98400e-03 | 36 -0.01706 -1.12958e-01
 37 -0.01210  2.24575e-03 | 38  0.05556  4.19359e-01 | 39 -0.04958  8.66574e-02
 40 -0.05979  1.57303e-01 | 41  0.03030 -8.01992e-02 | 42  0.00489  3.54924e-02
 43 -0.02039  1.40958e-01 | 44 -0.01181  4.04660e-02 | 45  0.01520 -4.89213e-01
 46 -0.02086 -1.72517e-01 | 47 -0.00284  1.05770e-01 | 48 -0.01205  5.51695e-03
 49 -0.01670  1.53020e-01 | 50  0.02128 -5.98777e-02 | 51  0.00898  3.35717e-01
 52  0.00544  1.75084e-01 | 53 -0.02844 -1.26545e-01 | 54  0.00305 -2.45680e-01
 55  0.03491  1.54212e-01 | 56 -0.02063  8.00963e-02 | 57 -0.00161  6.90642e-02
 58  0.00947  4.15636e-01 | 59  0.00485 -2.96824e-01 | 60 -0.00849 -7.29751e-02
 61  0.01478  2.51427e-02 | 62 -0.00606 -5.41207e-02 | 63  0.00938  6.87122e-02
 64 -0.01120  2.35005e-01 | 65  0.01045  2.26715e-01 | 66 -0.01069 -8.35402e-02
 67  0.06042  6.52727e-02 | 68 -0.04869  1.68927e-01 | 69  0.03501  2.26441e-03
 70 -0.00423  4.68901e-02 | 71 -0.04415  1.34438e-01 | 72 -0.02144 -2.89891e-02
 73  0.00867  9.15263e-03 | 74 -0.00682  3.01179e-02 | 75 -0.02738  2.53965e-01
 76  0.00119  5.56456e-01 | 77  0.00591 -4.70418e-01 | 78 -0.01139  1.87796e-01
 79  0.02844 -5.67883e-03 | 80 -0.01329 -7.50196e-02 | 81 -0.02695  9.94156e-02
 82  0.05757 -3.56527e-02 | 83  0.04791 -6.96247e-02 | 84 -0.00224  4.45201e-02
 85 -0.03292  1.30175e-01 | 86 -0.01410 -6.97895e-02 | 87  0.01100 -3.38038e-01
 88  0.00180 -5.46947e-01 | 89 -0.01474 -4.26302e-01 | 90  0.01036 -2.98355e-01
 91 -0.04223  3.82559e-01 | 92  0.00435 -1.07959e+00 | 93  0.03456  1.62367e-01
 94  0.02927 -6.74822e-02 | 95  0.00255 -5.78741e-02 | 96 -0.04496 -2.75464e-02
 97  0.15314  1.29453e-01 | 98 -0.41212  2.02018e-02 | 99 -0.10723 -9.60932e-02
100 -0.25454 -9.81164e-02 |

Initial statistics: 108 variables; iteration 0; function evaluation 0; phase 4
Function value 2.0592091e+03; maximum gradient component mag 1.7596e+03
Var    Value     Gradient |Var    Value     Gradient |Var    Value     Gradient
  1 -0.42263  1.81864e+00 |  2 -0.42263  1.75964e+03 |  3 -0.41094  5.22441e+02
  4  0.62977 -3.30863e-01 |  5  0.00000 -1.10146e+01 |  6  0.00000  7.95962e+00
  7  0.00000  9.65564e+00 |  8  0.00000  6.34911e+00 |  9  0.00000 -4.60828e+00
 10  0.01976 -2.37761e-01 | 11  0.02211  4.16670e-01 | 12 -0.00990  3.51503e-02
 13 -0.01427 -3.88953e-01 | 14 -0.01241  1.30487e-01 | 15  0.00372 -1.80816e-01
 16 -0.00256 -6.99608e-02 | 17  0.02083 -1.27525e-01 | 18  0.00289  8.82600e-02
 19 -0.02746  7.48163e-02 | 20  0.00525 -5.77747e-02 | 21  0.00177 -1.42839e-01
 22 -0.00233  2.08400e-01 | 23 -0.01336  2.15897e-02 | 24 -0.03324  3.94450e-01
 25  0.01039  5.30212e-02 | 26  0.03696  1.62124e-01 | 27  0.01897  1.37212e-01
 28  0.02501 -1.11591e-01 | 29 -0.01045 -1.83425e-02 | 30 -0.00099  1.03518e-01
 31  0.00237 -7.79679e-02 | 32  0.02766 -1.02332e-01 | 33  0.02542 -1.26606e-01
 34  0.01017  4.64094e-01 | 35 -0.00078  9.26671e-02 | 36  0.01864  6.46001e-02
 37  0.00426  1.02913e-02 | 38 -0.00606  4.13053e-03 | 39 -0.03056  3.78356e-01
 40  0.01985 -3.51825e-02 | 41 -0.00867 -2.24068e-01 | 42  0.01284 -8.99542e-02
 43 -0.01745 -1.46989e-02 | 44 -0.01706 -1.23673e-01 | 45 -0.01210 -8.47120e-03
 46  0.05556  4.08681e-01 | 47 -0.04958  7.59710e-02 | 48 -0.05979  1.46631e-01
 49  0.03030 -9.09060e-02 | 50  0.00489  2.47738e-02 | 51 -0.02039  1.30244e-01
 52 -0.01181  2.97489e-02 | 53  0.01520 -4.99928e-01 | 54 -0.02086 -1.83230e-01
 55 -0.00284  9.50513e-02 | 56 -0.01205 -5.20002e-03 | 57 -0.01670  1.42305e-01
 58  0.02128 -7.05906e-02 | 59  0.00898  3.24999e-01 | 60  0.00544  1.64366e-01
 61 -0.02844 -1.37253e-01 | 62  0.00305 -2.56398e-01 | 63  0.03491  1.43509e-01
 64 -0.02063  6.93830e-02 | 65 -0.00161  5.83454e-02 | 66  0.00947  4.04918e-01
 67  0.00485 -3.07542e-01 | 68 -0.00849 -8.36930e-02 | 69  0.01478  1.44268e-02
 70 -0.00606 -6.48391e-02 | 71  0.00938  5.79945e-02 | 72 -0.01120  2.24288e-01
 73  0.01045  2.15997e-01 | 74 -0.01069 -9.42576e-02 | 75  0.06042  5.46021e-02
 76 -0.04869  1.58240e-01 | 77  0.03501 -8.43827e-03 | 78 -0.00423  3.61714e-02
 79 -0.04415  1.23745e-01 | 80 -0.02144 -3.97019e-02 | 81  0.00867 -1.56526e-03
 82 -0.00682  1.93996e-02 | 83 -0.02738  2.43256e-01 | 84  0.00119  5.45738e-01
 85  0.00591 -4.81137e-01 | 86 -0.01139  1.77079e-01 | 87  0.02844 -1.63870e-02
 88 -0.01329 -8.57362e-02 | 89 -0.02695  8.87063e-02 | 90  0.05757 -4.63278e-02
 91  0.04791 -8.03132e-02 | 92 -0.00224  3.38013e-02 | 93 -0.03292  1.19471e-01
 94 -0.01410 -8.05058e-02 | 95  0.01100 -3.48755e-01 | 96  0.00180 -5.57666e-01
 97 -0.01475 -4.37018e-01 | 98  0.01036 -3.09073e-01 | 99 -0.04223  3.71864e-01
100  0.00435 -1.09031e+00 |101  0.03456  1.51664e-01 |102  0.02927 -7.81897e-02
103  0.00255 -6.85929e-02 |104 -0.04496 -3.82385e-02 |105  0.15314  1.29453e-01
106 -0.41212  2.02018e-02 |107 -0.10723 -9.60932e-02 |108 -0.25454 -9.81164e-02

Intermediate statistics: 108 variables; iteration 20; function evaluation 25; phase 4
Function value 2.0575533e+03; maximum gradient component mag 1.4885e+03
Var    Value     Gradient |Var    Value     Gradient |Var    Value     Gradient
  1 -0.39453  6.77233e+01 |  2 -0.42177  1.48847e+03 |  3 -0.41897  5.53390e+02
  4  0.63005  1.22435e+02 |  5 -0.00100 -1.52125e+01 |  6 -0.00234  3.60670e+00
  7 -0.00273  4.49215e+00 |  8 -0.00138  3.30409e+00 |  9  0.00009 -4.98547e+00
 10  0.01900 -8.62351e+00 | 11  0.02119 -8.73278e+00 | 12 -0.01054 -7.99249e+00
 13 -0.01496 -8.67584e+00 | 14 -0.01320 -8.80017e+00 | 15  0.00257 -1.13463e+01
 16 -0.00367 -1.14843e+01 | 17  0.01925 -1.65981e+01 | 18  0.00168 -1.39912e+01
 19 -0.02819 -1.05562e+01 | 20  0.00419 -1.60604e+01 | 21  0.00090 -1.55412e+01
 22 -0.00293 -1.34971e+01 | 23 -0.01375 -1.12551e+01 | 24 -0.03342 -8.01990e+00
 25  0.00991 -1.42478e+01 | 26  0.03664 -1.55688e+01 | 27  0.01844 -1.60943e+01
 28  0.02459 -1.48412e+01 | 29 -0.01092 -1.12455e+01 | 30 -0.00155 -1.45638e+01
 31  0.00180 -1.64894e+01 | 32  0.02747 -1.39397e+01 | 33  0.02521 -1.19535e+01
 34  0.00987 -1.19222e+01 | 35 -0.00118 -1.21937e+01 | 36  0.01838 -1.22951e+01
 37  0.00389 -1.33766e+01 | 38 -0.00643 -1.15538e+01 | 39 -0.03074 -7.41131e+00
 40  0.01980 -8.49782e+00 | 41 -0.00890 -8.68025e+00 | 42  0.01266 -8.65465e+00
 43 -0.01779 -9.99337e+00 | 44 -0.01746 -1.10522e+01 | 45 -0.01250 -1.14067e+01
 46  0.05601  8.29760e+00 | 47 -0.04963 -5.58302e+00 | 48 -0.05982 -5.24696e+00
 49  0.03060  2.43861e+00 | 50  0.00506 -3.55224e+00 | 51 -0.02029 -3.89924e+00
 52 -0.01149 -4.61988e-01 | 53  0.01579  7.30858e+00 | 54 -0.02032  2.25695e+00
 55 -0.00208  8.83421e+00 | 56 -0.01128  7.15717e+00 | 57 -0.01582  8.62746e+00
 58  0.02228  2.46137e+01 | 59  0.00995  2.24309e+01 | 60  0.00637  2.26920e+01
 61 -0.02749  1.41195e+01 | 62  0.00379  1.92306e+01 | 63  0.03468 -1.04897e+01
 64 -0.01986  1.27369e+01 | 65 -0.00097  1.68068e+01 | 66  0.00969  5.39317e+00
 67  0.00521  9.33258e+00 | 68 -0.00795  1.06172e+01 | 69  0.01498  4.31122e+00
 70 -0.00545  1.20684e+01 | 71  0.00963  7.61169e+00 | 72 -0.01063  1.14298e+01
 73  0.01085  8.27894e+00 | 74 -0.01053  2.39058e+00 | 75  0.05997 -3.54455e+01
 76 -0.04860 -1.68347e-01 | 77  0.03561  5.22212e+01 | 78 -0.00409  4.80528e+00
 79 -0.04407  6.44069e-01 | 80 -0.02132  2.69327e+00 | 81  0.00891  1.25274e+01
 82 -0.00658  7.69589e+00 | 83 -0.02723  3.95804e+00 | 84  0.00154  1.53954e+01
 85  0.00620  1.33180e+01 | 86 -0.01121  5.89683e+00 | 87  0.02885  2.41838e+01
 88 -0.01307  4.44043e+00 | 89 -0.02665  7.16441e+00 | 90  0.05821  4.97745e+01
 91  0.04889  6.73539e+01 | 92 -0.00222  1.56771e-01 | 93 -0.03289 -1.76131e+00
 94 -0.01408 -3.37043e+00 | 95  0.01095 -9.17456e+00 | 96  0.00182 -8.58056e+00
 97 -0.01460 -1.92408e+00 | 98  0.01041 -7.42204e+00 | 99 -0.04204  5.73374e-01
100  0.00473  6.10664e+00 |101  0.03480  4.71830e+00 |102  0.02939 -3.74811e+00
103  0.00267 -2.69774e+00 |104 -0.04484 -2.70348e+00 |105  0.15262 -1.33206e+02
106 -0.41284  1.56314e+02 |107 -0.10248  2.94430e+01 |108 -0.25388 -4.13441e+01
108 variables; iteration 40; function evaluation 48; phase 4
Function value 2.0564127e+03; maximum gradient component mag 3.0144e+02
Var    Value     Gradient |Var    Value     Gradient |Var    Value     Gradient
  1 -0.37811  1.97660e+01 |  2 -0.42160  3.01435e+02 |  3 -0.42482  1.12608e+02
  4  0.63184  1.89861e+01 |  5  0.00275 -5.53307e+00 |  6 -0.00656 -3.00656e+00
  7 -0.00752 -3.10042e+00 |  8 -0.00210  2.31840e+00 |  9  0.00036 -4.00281e+00
 10  0.02078  2.12430e+00 | 11  0.02389  4.84515e+00 | 12 -0.00905  1.94507e+00
 13 -0.01329  1.88072e+00 | 14 -0.01082  4.11943e+00 | 15  0.00754  1.17570e+01
 16  0.00076  1.06396e+01 | 17  0.01676 -2.02098e+01 | 18  0.00001 -1.36659e+01
 19 -0.02758 -1.13016e+00 | 20  0.00666  6.76172e+00 | 21  0.00353  1.00269e+01
 22 -0.00374 -1.04534e+01 | 23 -0.01558 -1.59011e+01 | 24 -0.03439 -7.10100e+00
 25  0.01023 -4.22995e+00 | 26  0.03669 -9.75829e+00 | 27  0.01883 -4.19859e+00
 28  0.02533  5.30706e+00 | 29 -0.01067 -5.73902e-01 | 30 -0.00079  2.30318e+00
 31  0.00248 -1.76366e+00 | 32  0.02762 -4.98092e+00 | 33  0.02507 -3.58386e+00
 34  0.00960 -7.20645e+00 | 35 -0.00103 -1.87113e+00 | 36  0.01884  3.89157e+00
 37  0.00367 -1.03216e+01 | 38 -0.00587  7.43068e-01 | 39 -0.03239 -1.56419e+01
 40  0.01989 -2.25951e+00 | 41 -0.00856  2.07354e+00 | 42  0.01264 -1.49135e+00
 43 -0.01706  4.14217e+00 | 44 -0.01652  4.81964e+00 | 45 -0.01143  4.58066e+00
 46  0.05575  2.23788e-01 | 47 -0.05113 -1.09513e+01 | 48 -0.06028 -2.95247e+00
 49  0.03067  5.05551e+00 | 50  0.00514 -2.15009e-01 | 51 -0.02021 -2.13300e-01
 52 -0.01242 -9.67392e+00 | 53  0.01578  7.29549e+00 | 54 -0.02150 -8.18302e+00
 55 -0.00271  9.24167e-01 | 56 -0.01163  3.07154e+00 | 57 -0.01643  1.06543e+00
 58  0.02206  1.70866e+01 | 59  0.00910  3.66413e+00 | 60  0.00565  5.66492e+00
 61 -0.02844  1.88697e+00 | 62  0.00276 -5.60103e+00 | 63  0.03488  5.48994e+00
 64 -0.01993  1.71134e+01 | 65 -0.00143  9.47299e+00 | 66  0.00972  1.06574e+01
 67  0.00481  2.36278e+00 | 68 -0.00878 -3.93891e+00 | 69  0.01458 -6.86890e+00
 70 -0.00620 -3.85503e+00 | 71  0.00920 -1.61643e+00 | 72 -0.01103  6.01268e+00
 73  0.01062  2.63306e+00 | 74 -0.01064 -1.40693e+00 | 75  0.06035 -3.44455e+00
 76 -0.04874  2.44070e-01 | 77  0.03485  1.13380e+01 | 78 -0.00448 -8.27674e+00
 79 -0.04415  4.18152e+00 | 80 -0.02156 -1.19995e+00 | 81  0.00873  8.08430e+00
 82 -0.00706 -1.18648e+01 | 83 -0.02743  2.49776e+00 | 84  0.00134  8.66065e+00
 85  0.00587  2.64023e+00 | 86 -0.01152 -9.01151e-01 | 87  0.02846  6.73398e+00
 88 -0.01330  3.81612e-01 | 89 -0.02692  1.15721e+00 | 90  0.05771  1.11038e+01
 91  0.04788  1.27079e+01 | 92 -0.00255 -1.02184e+00 | 93 -0.03306  3.56757e+00
 94 -0.01428  1.13820e+00 | 95  0.01076 -4.43026e+00 | 96  0.00165 -1.66923e+00
 97 -0.01464  7.20238e+00 | 98  0.01011 -5.62744e+00 | 99 -0.04253 -5.67501e+00
100  0.00423 -1.18486e+00 |101  0.03404 -7.36130e+00 |102  0.02915 -4.36895e+00
103  0.00238 -4.39884e+00 |104 -0.04516 -5.02486e+00 |105  0.15408 -3.42756e+01
106 -0.41223  6.16134e+01 |107 -0.10161 -1.67675e+01 |108 -0.25401  2.50753e+01
108 variables; iteration 60; function evaluation 70; phase 4
Function value 2.0562484e+03; maximum gradient component mag 1.2753e+02
Var    Value     Gradient |Var    Value     Gradient |Var    Value     Gradient
  1 -0.37687  6.65218e+00 |  2 -0.42162  1.27530e+02 |  3 -0.42535  4.13140e+01
  4  0.63205  7.19149e+00 |  5  0.00423 -1.82089e+00 |  6 -0.00698 -3.59748e+00
  7 -0.00623 -8.16213e-01 |  8 -0.00171  3.02164e+00 |  9  0.00093 -2.90701e+00
 10  0.02050  1.86720e+00 | 11  0.02332  3.76080e+00 | 12 -0.00937  1.60981e+00
 13 -0.01359  1.53169e+00 | 14 -0.01150  2.68262e+00 | 15  0.00482  3.17113e+00
 16 -0.00145  3.34170e+00 | 17  0.01887 -1.04085e+01 | 18  0.00180 -5.68849e+00
 19 -0.02700  1.29238e+00 | 20  0.00627  4.64443e+00 | 21  0.00179 -9.46910e-01
 22 -0.00294 -4.45213e+00 | 23 -0.01444 -7.38001e+00 | 24 -0.03387 -3.21736e+00
 25  0.01041 -1.32042e+00 | 26  0.03685 -6.57910e+00 | 27  0.01930  3.03916e+00
 28  0.02513  2.50909e+00 | 29 -0.00960  1.07873e+01 | 30 -0.00082  2.54686e+00
 31  0.00284  2.84298e+00 | 32  0.02753 -6.64517e+00 | 33  0.02505 -3.48391e+00
 34  0.00976 -4.52530e+00 | 35 -0.00093 -9.64698e-02 | 36  0.01913  9.63436e+00
 37  0.00405 -4.32665e+00 | 38 -0.00583  1.90831e+00 | 39 -0.03162 -8.29355e+00
 40  0.01979 -3.80132e+00 | 41 -0.00882 -4.80432e-01 | 42  0.01254 -2.78689e+00
 43 -0.01738  7.78745e-01 | 44 -0.01683  1.44440e+00 | 45 -0.01154  3.51126e+00
 46  0.05568 -1.24235e+00 | 47 -0.05048 -5.67295e+00 | 48 -0.06017 -1.69647e+00
 49  0.03074  6.69554e+00 | 50  0.00517  1.86055e-01 | 51 -0.02037 -2.05238e+00
 52 -0.01236 -8.76902e+00 | 53  0.01592  1.01762e+01 | 54 -0.02083  9.00521e-02
 55 -0.00272  1.39824e+00 | 56 -0.01127  8.46366e+00 | 57 -0.01606  6.12225e+00
 58  0.02149  2.54929e+00 | 59  0.00923  6.90408e+00 | 60  0.00541  4.52470e-01
 61 -0.02845  2.37056e+00 | 62  0.00294  3.21313e-02 | 63  0.03456 -9.63541e+00
 64 -0.02042  7.24929e+00 | 65 -0.00124  1.32746e+01 | 66  0.00947  3.08266e+00
 67  0.00486  3.46678e+00 | 68 -0.00860  8.72700e-01 | 69  0.01488  2.97675e+00
 70 -0.00624 -5.48858e+00 | 71  0.00889 -1.26642e+01 | 72 -0.01174 -1.03886e+01
 73  0.01056 -1.51320e+00 | 74 -0.01056  1.74631e+00 | 75  0.06041 -1.11628e+00
 76 -0.04931 -1.98681e+01 | 77  0.03480  6.37626e+00 | 78 -0.00452 -1.05519e+01
 79 -0.04421  2.09976e+00 | 80 -0.02134  8.66327e+00 | 81  0.00863  1.94406e+00
 82 -0.00686 -1.72397e+00 | 83 -0.02741  3.30026e+00 | 84  0.00123  2.67209e+00
 85  0.00593  5.41309e+00 | 86 -0.01190 -1.80067e+01 | 87  0.02842  3.67748e+00
 88 -0.01316  7.31068e+00 | 89 -0.02659  1.44463e+01 | 90  0.05764  4.81001e+00
 91  0.04780  6.45129e+00 | 92 -0.00299 -1.94075e+01 | 93 -0.03267  1.89670e+01
 94 -0.01447 -5.92957e+00 | 95  0.01078 -2.95058e+00 | 96  0.00169  1.39841e+00
 97 -0.01484  2.67675e-01 | 98  0.01032  4.39761e+00 | 99 -0.04239 -5.96615e-01
100  0.00429  1.32226e+00 |101  0.03427 -1.60390e-01 |102  0.02906 -6.35521e+00
103  0.00229 -6.14834e+00 |104 -0.04528 -7.69146e+00 |105  0.15386 -1.65714e+01
106 -0.41243  2.85000e+01 |107 -0.10183 -1.19609e+01 |108 -0.25425  9.41334e+00
108 variables; iteration 80; function evaluation 93; phase 4
Function value 2.0561686e+03; maximum gradient component mag 3.1560e+01
Var    Value     Gradient |Var    Value     Gradient |Var    Value     Gradient
  1 -0.37614  5.62555e-01 |  2 -0.42169  3.15602e+01 |  3 -0.42546  8.13809e+00
  4  0.63212  1.61932e+00 |  5  0.00507  2.65216e-01 |  6 -0.00280  3.39027e+00
  7 -0.00835 -4.30797e+00 |  8 -0.00324  1.20526e-01 |  9  0.00086 -3.10880e+00
 10  0.02053  1.90164e+00 | 11  0.02174 -2.48478e-01 | 12 -0.00940  1.51524e+00
 13 -0.01440 -4.13686e-01 | 14 -0.01404 -3.92412e+00 | 15  0.00404  5.87378e-01
 16 -0.00104  4.62563e+00 | 17  0.02115  1.10948e-01 | 18  0.00205 -4.69331e+00
 19 -0.02762 -9.75424e-01 | 20  0.00582  1.97390e+00 | 21  0.00169 -1.49842e+00
 22 -0.00187  3.28429e+00 | 23 -0.01431 -6.16731e+00 | 24 -0.03308  2.01414e+00
 25  0.01049 -2.41543e-01 | 26  0.03705 -3.29370e+00 | 27  0.01927  1.68946e+00
 28  0.02514  1.56672e+00 | 29 -0.01032  2.84052e+00 | 30 -0.00072  3.05169e+00
 31  0.00245 -2.42700e+00 | 32  0.02788 -7.33125e-01 | 33  0.02524 -9.26025e-02
 34  0.00996 -1.79792e+00 | 35 -0.00090  1.83012e-03 | 36  0.01873  1.80522e+00
 37  0.00427 -1.73022e+00 | 38 -0.00601 -4.95447e-01 | 39 -0.03074 -7.46117e-01
 40  0.01995 -1.12205e+00 | 41 -0.00876 -3.83041e-03 | 42  0.01277  4.86075e-01
 43 -0.01747 -8.57336e-01 | 44 -0.01689  1.17836e-01 | 45 -0.01156  2.57348e+00
 46  0.05579  1.13421e-01 | 47 -0.05042 -5.44799e+00 | 48 -0.05960  1.72557e+00
 49  0.03065  3.21063e+00 | 50  0.00512 -1.35541e+00 | 51 -0.01973  4.92144e+00
 52 -0.01172 -1.11384e+00 | 53  0.01566  4.57124e+00 | 54 -0.02090 -1.27946e+00
 55 -0.00278 -3.91272e-01 | 56 -0.01158  3.22395e+00 | 57 -0.01637  1.35540e+00
 58  0.02146  1.10266e+00 | 59  0.00900  1.32891e+00 | 60  0.00540  3.35307e-01
 61 -0.02856  8.09035e-01 | 62  0.00295  1.41120e-02 | 63  0.03459 -8.48293e+00
 64 -0.02067  1.65795e+00 | 65 -0.00153  5.19215e+00 | 66  0.00943  7.96277e-01
 67  0.00483  2.21950e+00 | 68 -0.00854  1.94211e+00 | 69  0.01485  1.71498e+00
 70 -0.00610 -2.11784e+00 | 71  0.00912 -5.55850e+00 | 72 -0.01146 -4.41936e+00
 73  0.01060 -5.91937e-01 | 74 -0.01053  2.49352e+00 | 75  0.06043 -2.30267e-01
 76 -0.04898 -8.06220e+00 | 77  0.03472  1.97653e+00 | 78 -0.00440 -4.77103e+00
 79 -0.04422  2.20550e+00 | 80 -0.02130  1.02294e+01 | 81  0.00859 -3.05276e-01
 82 -0.00681  1.59254e-01 | 83 -0.02765 -7.10119e+00 | 84  0.00122  1.12225e+00
 85  0.00589  2.70966e+00 | 86 -0.01182 -1.47813e+01 | 87  0.02839  1.27209e+00
 88 -0.01330  6.79612e-01 | 89 -0.02682  4.88855e+00 | 90  0.05761  1.47597e+00
 91  0.04773  1.84425e+00 | 92 -0.00267 -5.28218e+00 | 93 -0.03295  8.82418e+00
 94 -0.01426  3.26474e+00 | 95  0.01078 -2.11159e+00 | 96  0.00171  2.40467e+00
 97 -0.01487 -6.82295e-01 | 98  0.01020 -6.28630e-01 | 99 -0.04233  1.02836e+00
100  0.00433  2.18468e+00 |101  0.03423 -1.67018e+00 |102  0.02921 -2.19059e+00
103  0.00244 -2.10148e+00 |104 -0.04510 -2.79061e+00 |105  0.15378 -4.19335e+00
106 -0.41254  7.46170e+00 |107 -0.10104 -2.92306e+00 |108 -0.25390  4.35331e+00
Maximum number of function evaluations exceeded

 - final statistics:
108 variables; iteration 85; function evaluation 100
Function value 2.0561e+03; maximum gradient component mag 1.3902e+01
Exit code = 3;  converg criter 1.0000e+00
Var    Value     Gradient |Var    Value     Gradient |Var    Value     Gradient
  1 -0.37583  3.81223e-01 |  2 -0.42171  1.39023e+01 |  3 -0.42549  3.99119e+00
  4  0.63214  1.42512e+00 |  5  0.00506  2.59532e-01 |  6 -0.00414  1.16781e+00
  7 -0.00668 -1.50102e+00 |  8 -0.00356 -4.87997e-01 |  9  0.00159 -1.68210e+00
 10  0.01954 -4.85839e-01 | 11  0.02171 -4.51412e-01 | 12 -0.01020 -4.20633e-01
 13 -0.01426 -1.92124e-01 | 14 -0.01239  2.22519e-01 | 15  0.00357 -1.03435e+00
 16 -0.00151  2.92891e+00 | 17  0.02117  8.85798e-02 | 18  0.00274 -1.75384e+00
 19 -0.02760 -1.03213e+00 | 20  0.00556  3.60830e-01 | 21  0.00188 -3.89345e-01
 22 -0.00189  3.08055e+00 | 23 -0.01366 -1.69098e+00 | 24 -0.03363 -1.52932e+00
 25  0.01055  3.65941e-01 | 26  0.03717 -1.31835e+00 | 27  0.01926  1.22060e+00
 28  0.02511  5.62246e-01 | 29 -0.01050  7.59623e-01 | 30 -0.00069  3.17701e+00
 31  0.00236 -3.76678e+00 | 32  0.02795  1.91306e-01 | 33  0.02531  8.39130e-01
 34  0.01008 -2.19870e-01 | 35 -0.00080  9.54135e-01 | 36  0.01868  4.66925e-01
 37  0.00435 -8.22366e-01 | 38 -0.00599 -5.05486e-01 | 39 -0.03065 -1.39437e-01
 40  0.02002 -2.51701e-01 | 41 -0.00874 -3.88161e-02 | 42  0.01270 -1.11750e+00
 43 -0.01742 -5.88982e-01 | 44 -0.01690 -2.21111e-01 | 45 -0.01153  2.73304e+00
 46  0.05579  7.45154e-02 | 47 -0.05008 -3.20674e+00 | 48 -0.06002 -1.11931e+00
 49  0.03059  1.48353e+00 | 50  0.00518 -7.66230e-01 | 51 -0.02025 -1.21742e+00
 52 -0.01160  1.31565e-01 | 53  0.01552  1.54161e+00 | 54 -0.02074  3.63421e-01
 55 -0.00273  1.95320e-01 | 56 -0.01166  1.86368e+00 | 57 -0.01650 -8.05657e-01
 58  0.02150  1.51967e+00 | 59  0.00901  1.19747e+00 | 60  0.00540 -5.86662e-03
 61 -0.02862 -3.30913e-01 | 62  0.00280 -4.35411e+00 | 63  0.03471 -3.44150e+00
 64 -0.02071  6.82920e-01 | 65 -0.00165  1.71530e+00 | 66  0.00935 -1.84993e+00
 67  0.00492  4.68345e+00 | 68 -0.00862  8.94234e-02 | 69  0.01483  7.40028e-01
 70 -0.00604 -4.59376e-01 | 71  0.00924 -1.81331e+00 | 72 -0.01136 -2.07896e+00
 73  0.01059 -8.07017e-01 | 74 -0.01055  1.23417e+00 | 75  0.06043 -1.20038e-01
 76 -0.04884 -3.26378e+00 | 77  0.03470  7.32000e-01 | 78 -0.00434 -1.91930e+00
 79 -0.04425  9.47196e-01 | 80 -0.02143  4.40436e+00 | 81  0.00860 -2.10091e-01
 82 -0.00681  4.48267e-02 | 83 -0.02756 -3.04589e+00 | 84  0.00120  3.99621e-01
 85  0.00585  1.10585e+00 | 86 -0.01164 -6.30517e+00 | 87  0.02838  4.97679e-01
 88 -0.01331  2.41455e-01 | 89 -0.02688  2.15198e+00 | 90  0.05760  5.95681e-01
 91  0.04771  7.66000e-01 | 92 -0.00260 -2.15537e+00 | 93 -0.03308  4.02824e+00
 94 -0.01430  1.66982e+00 | 95  0.01081 -5.94679e-01 | 96  0.00169  1.33952e+00
 97 -0.01484  1.60912e-01 | 98  0.01022  9.27057e-02 | 99 -0.04223  4.15933e+00
100  0.00434  2.16296e+00 |101  0.03430  5.40454e-02 |102  0.02926 -1.00204e+00
103  0.00249 -9.09396e-01 |104 -0.04503 -1.12434e+00 |105  0.15375 -1.77736e+00
106 -0.41258  3.04696e+00 |107 -0.10086 -7.60572e-01 |108 -0.25384  2.02797e+00

Initial statistics: 110 variables; iteration 0; function evaluation 0; phase 5
Function value 2.0561354e+03; maximum gradient component mag -6.8720e+01
Var    Value     Gradient |Var    Value     Gradient |Var    Value     Gradient
  1 -0.37583  3.81223e-01 |  2 -0.42171  1.39023e+01 |  3 -0.42549  3.99119e+00
  4 -0.41222 -1.24991e+01 |  5 -0.41222 -6.87202e+01 |  6  0.63214  1.42512e+00
  7  0.00506  2.59532e-01 |  8 -0.00414  1.16781e+00 |  9 -0.00668 -1.50102e+00
 10 -0.00356 -4.87997e-01 | 11  0.00159 -1.68210e+00 | 12  0.01954 -4.87239e-01
 13  0.02171 -4.52811e-01 | 14 -0.01020 -4.22033e-01 | 15 -0.01426 -1.93524e-01
 16 -0.01239  2.21119e-01 | 17  0.00357 -1.03575e+00 | 18 -0.00151  2.92751e+00
 19  0.02117  8.71802e-02 | 20  0.00274 -1.75524e+00 | 21 -0.02760 -1.03353e+00
 22  0.00556  3.59430e-01 | 23  0.00188 -3.90745e-01 | 24 -0.00189  3.07915e+00
 25 -0.01366 -1.69238e+00 | 26 -0.03363 -1.53071e+00 | 27  0.01055  3.64541e-01
 28  0.03717 -1.31975e+00 | 29  0.01926  1.21920e+00 | 30  0.02511  5.60847e-01
 31 -0.01050  7.58223e-01 | 32 -0.00069  3.17561e+00 | 33  0.00236 -3.76818e+00
 34  0.02795  1.89907e-01 | 35  0.02531  8.37730e-01 | 36  0.01008 -2.21270e-01
 37 -0.00080  9.52735e-01 | 38  0.01868  4.65526e-01 | 39  0.00435 -8.23766e-01
 40 -0.00599 -5.06886e-01 | 41 -0.03065 -1.40835e-01 | 42  0.02002 -2.53101e-01
 43 -0.00874 -4.02163e-02 | 44  0.01270 -1.11890e+00 | 45 -0.01742 -5.90382e-01
 46 -0.01690 -2.22511e-01 | 47 -0.01153  2.73164e+00 | 48  0.05579  7.31205e-02
 49 -0.05008 -3.20813e+00 | 50 -0.06002 -1.12070e+00 | 51  0.03059  1.48213e+00
 52  0.00518 -7.67630e-01 | 53 -0.02025 -1.21882e+00 | 54 -0.01160  1.30165e-01
 55  0.01552  1.54021e+00 | 56 -0.02074  3.62022e-01 | 57 -0.00273  1.93920e-01
 58 -0.01166  1.86228e+00 | 59 -0.01650 -8.07057e-01 | 60  0.02150  1.51827e+00
 61  0.00901  1.19607e+00 | 62  0.00540 -7.26690e-03 | 63 -0.02862 -3.32312e-01
 64  0.00280 -4.35551e+00 | 65  0.03471 -3.44290e+00 | 66 -0.02071  6.81520e-01
 67 -0.00165  1.71390e+00 | 68  0.00935 -1.85133e+00 | 69  0.00492  4.68205e+00
 70 -0.00862  8.80232e-02 | 71  0.01483  7.38628e-01 | 72 -0.00604 -4.60776e-01
 73  0.00924 -1.81472e+00 | 74 -0.01136 -2.08036e+00 | 75  0.01059 -8.08417e-01
 76 -0.01055  1.23277e+00 | 77  0.06043 -1.21432e-01 | 78 -0.04884 -3.26517e+00
 79  0.03470  7.30602e-01 | 80 -0.00434 -1.92070e+00 | 81 -0.04425  9.45799e-01
 82 -0.02143  4.40296e+00 | 83  0.00860 -2.11491e-01 | 84 -0.00681  4.34265e-02
 85 -0.02756 -3.04729e+00 | 86  0.00120  3.98220e-01 | 87  0.00585  1.10445e+00
 88 -0.01164 -6.30657e+00 | 89  0.02838  4.96280e-01 | 90 -0.01331  2.40055e-01
 91 -0.02688  2.15058e+00 | 92  0.05760  5.94287e-01 | 93  0.04771  7.64604e-01
 94 -0.00260 -2.15677e+00 | 95 -0.03308  4.02684e+00 | 96 -0.01430  1.66842e+00
 97  0.01081 -5.96079e-01 | 98  0.00169  1.33812e+00 | 99 -0.01484  1.59512e-01
100  0.01022  9.13056e-02 |101 -0.04223  4.15793e+00 |102  0.00434  2.16156e+00
103  0.03430  5.26471e-02 |104  0.02926 -1.00344e+00 |105  0.00249 -9.10796e-01
106 -0.04503 -1.12574e+00 |107  0.15375 -1.77736e+00 |108 -0.41258  3.04696e+00
109 -0.10086 -7.60572e-01 |110 -0.25384  2.02797e+00 |

Intermediate statistics: 110 variables; iteration 20; function evaluation 25; phase 5
Function value 2.0552428e+03; maximum gradient component mag 1.1135e+02
Var    Value     Gradient |Var    Value     Gradient |Var    Value     Gradient
  1 -0.39717  1.62500e+01 |  2 -0.42602  1.01332e+02 |  3 -0.41292  6.10714e+01
  4 -0.41585  3.57013e-02 |  5 -0.38934 -1.48229e+01 |  6  0.63270  2.81823e+00
  7  0.00572  2.07030e-01 |  8 -0.00443  4.03396e-01 |  9 -0.00589 -5.03997e-01
 10 -0.00314 -1.88474e-01 | 11  0.00239 -7.36145e-01 | 12  0.01994 -6.57013e-03
 13  0.02215 -3.58213e-02 | 14 -0.00987  1.68572e-02 | 15 -0.01396  1.12050e-01
 16 -0.01213  2.97194e-01 | 17  0.00404 -6.68488e-01 | 18 -0.00158  1.53699e+00
 19  0.02140 -8.76779e-01 | 20  0.00321 -1.05418e+00 | 21 -0.02736 -6.97347e-01
 22  0.00556 -6.54162e-01 | 23  0.00204  2.64735e-01 | 24 -0.00259 -1.30898e+00
 25 -0.01316  3.45206e+00 | 26 -0.03322  2.66952e+00 | 27  0.01041  3.85118e-02
 28  0.03728  8.31404e-01 | 29  0.01900 -2.33038e+00 | 30  0.02502  4.77709e-01
 31 -0.01065 -4.46503e-01 | 32 -0.00153 -5.37666e+00 | 33  0.00322  9.24413e+00
 34  0.02780  1.34594e+00 | 35  0.02525 -1.80082e+00 | 36  0.01019 -1.48631e+00
 37 -0.00097 -2.67222e+00 | 38  0.01874 -1.19236e+00 | 39  0.00453  1.20036e+00
 40 -0.00588  4.31515e+00 | 41 -0.03061  2.39383e+00 | 42  0.01998  1.37645e+00
 43 -0.00869  6.59473e-01 | 44  0.01302  1.03640e+00 | 45 -0.01728  7.07958e-01
 46 -0.01685  4.57070e-01 | 47 -0.01226 -4.99277e+00 | 48  0.05600  4.82379e+00
 49 -0.04931  2.72178e+00 | 50 -0.05977  1.35716e+00 | 51  0.03054  4.44377e+00
 52  0.00527  2.14168e+00 | 53 -0.02001  4.94347e+00 | 54 -0.01169  2.72543e+00
 55  0.01533  2.46076e+00 | 56 -0.02088  5.91121e-01 | 57 -0.00268  9.74305e-01
 58 -0.01207 -2.64087e+00 | 59 -0.01630  5.50071e+00 | 60  0.02163  9.22420e+00
 61  0.00926  7.57089e+00 | 62  0.00548  4.11447e+00 | 63 -0.02863  3.28530e+00
 64  0.00222 -1.39532e+01 | 65  0.03498  2.75725e+00 | 66 -0.02062  1.41076e+00
 67 -0.00168  4.37082e+00 | 68  0.00902 -6.25396e+00 | 69  0.00514  1.42726e+01
 70 -0.00876  1.02155e+00 | 71  0.01470  2.12839e+00 | 72 -0.00627 -1.96946e+00
 73  0.00894 -7.43273e+00 | 74 -0.01159 -2.85475e+00 | 75  0.01041 -2.83198e+00
 76 -0.01059  2.07505e+00 | 77  0.06013 -2.01858e+01 | 78 -0.04897 -7.26338e+00
 79  0.03458 -1.07220e+01 | 80 -0.00442 -2.22243e+00 | 81 -0.04442  1.17953e+00
 82 -0.02158  6.20826e+00 | 83  0.00846 -2.49017e+00 | 84 -0.00698 -2.03038e+00
 85 -0.02766 -4.32367e+00 | 86  0.00098 -5.26258e+00 | 87  0.00569 -8.89001e-01
 88 -0.01179 -1.10227e+01 | 89  0.02823 -6.76091e+00 | 90 -0.01338  9.05549e-02
 91 -0.02692  2.94664e+00 | 92  0.05747 -9.65042e+00 | 93  0.04766 -6.97525e+00
 94 -0.00259 -3.05675e+00 | 95 -0.03306  6.99749e+00 | 96 -0.01440  2.18798e+00
 97  0.01066 -3.25446e+00 | 98  0.00168  4.11839e+00 | 99 -0.01492  2.62331e+00
100  0.01016  3.74413e+00 |101 -0.04199  1.39870e+01 |102  0.00440  6.27281e+00
103  0.03427 -9.36739e-01 |104  0.02919 -1.96625e+00 |105  0.00242 -2.12362e+00
106 -0.04511 -2.62196e+00 |107  0.15460 -8.42860e+01 |108 -0.41214  1.11350e+02
109 -0.10462 -3.23572e+01 |110 -0.25474  2.09954e+01 |
110 variables; iteration 40; function evaluation 45; phase 5
Function value 2.0552143e+03; maximum gradient component mag 1.0336e+02
Var    Value     Gradient |Var    Value     Gradient |Var    Value     Gradient
  1 -0.39681  1.54358e+01 |  2 -0.42617  9.22348e+01 |  3 -0.41263  5.57648e+01
  4 -0.41876 -1.11708e+00 |  5 -0.38804 -1.30388e+01 |  6  0.63272  2.28796e+00
  7  0.00605  1.09800e+00 |  8 -0.00535 -1.07935e+00 |  9 -0.00501  1.01333e+00
 10 -0.00314 -1.77253e-01 | 11  0.00214 -1.20946e+00 | 12  0.01979 -2.22832e-01
 13  0.02207 -9.91300e-02 | 14 -0.01002 -2.07853e-01 | 15 -0.01400  1.27961e-01
 16 -0.01201  7.21279e-01 | 17  0.00442  6.77738e-01 | 18 -0.00173  1.20919e+00
 19  0.02167  6.03207e-01 | 20  0.00335 -2.66167e-01 | 21 -0.02699  8.50414e-01
 22  0.00554 -5.35273e-01 | 23  0.00208  7.40516e-01 | 24 -0.00235  5.98106e-01
 25 -0.01324  3.12041e+00 | 26 -0.03328  2.44561e+00 | 27  0.01040  6.57505e-02
 28  0.03726  5.59806e-01 | 29  0.01906 -1.25862e+00 | 30  0.02496 -4.53783e-01
 31 -0.01064 -3.60386e-01 | 32 -0.00154 -5.40724e+00 | 33  0.00319  9.05218e+00
 34  0.02776  7.68728e-01 | 35  0.02525 -1.86921e+00 | 36  0.01023 -7.56162e-01
 37 -0.00097 -2.49378e+00 | 38  0.01871 -1.69119e+00 | 39  0.00443 -3.02437e-02
 40 -0.00592  3.95116e+00 | 41 -0.03047  3.78361e+00 | 42  0.01995  1.08772e+00
 43 -0.00870  6.10275e-01 | 44  0.01299  6.84184e-01 | 45 -0.01729  6.92286e-01
 46 -0.01687  3.91017e-01 | 47 -0.01227 -5.01403e+00 | 48  0.05593  2.53529e+00
 49 -0.04939  2.22821e+00 | 50 -0.05979  1.36626e+00 | 51  0.03048  2.97008e+00
 52  0.00522  1.50424e+00 | 53 -0.02006  4.38447e+00 | 54 -0.01174  2.04854e+00
 55  0.01534  2.48613e+00 | 56 -0.02091  2.21401e-01 | 57 -0.00262  1.76344e+00
 58 -0.01197 -1.31319e+00 | 59 -0.01640  3.99938e+00 | 60  0.02164  8.99069e+00
 61  0.00921  6.21382e+00 | 62  0.00551  4.75354e+00 | 63 -0.02872  1.93964e+00
 64  0.00229 -1.21172e+01 | 65  0.03494  1.01069e+00 | 66 -0.02064  1.18606e+00
 67 -0.00166  5.10461e+00 | 68  0.00905 -5.07100e+00 | 69  0.00511  1.39607e+01
 70 -0.00872  2.16079e+00 | 71  0.01468  2.03429e+00 | 72 -0.00629 -1.90884e+00
 73  0.00892 -7.45750e+00 | 74 -0.01152 -1.04889e+00 | 75  0.01041 -2.30093e+00
 76 -0.01068 -1.59695e+00 | 77  0.06015 -1.83456e+01 | 78 -0.04892 -5.39607e+00
 79  0.03458 -1.00144e+01 | 80 -0.00444 -2.85377e+00 | 81 -0.04442  1.45277e+00
 82 -0.02162  4.73894e+00 | 83  0.00843 -3.11222e+00 | 84 -0.00696 -5.05347e-01
 85 -0.02770 -5.76893e+00 | 86  0.00097 -5.52050e+00 | 87  0.00564 -3.53352e+00
 88 -0.01176 -9.05316e+00 | 89  0.02825 -5.15758e+00 | 90 -0.01342 -1.85558e+00
 91 -0.02689  4.30247e+00 | 92  0.05747 -8.68807e+00 | 93  0.04767 -6.66021e+00
 94 -0.00260 -3.38260e+00 | 95 -0.03313  4.35751e+00 | 96 -0.01440  2.49717e+00
 97  0.01071 -1.14421e-01 | 98  0.00165  3.32026e+00 | 99 -0.01490  3.83078e+00
100  0.01009  1.18698e+00 |101 -0.04198  1.43246e+01 |102  0.00437  5.58476e+00
103  0.03425 -1.54018e+00 |104  0.02919 -1.87946e+00 |105  0.00242 -2.04105e+00
106 -0.04511 -2.60674e+00 |107  0.15487 -7.74826e+01 |108 -0.41201  1.03361e+02
109 -0.10428 -2.87586e+01 |110 -0.25459  1.86106e+01 |
110 variables; iteration 60; function evaluation 68; phase 5
Function value 2.0551009e+03; maximum gradient component mag 1.7108e+01
Var    Value     Gradient |Var    Value     Gradient |Var    Value     Gradient
  1 -0.39890  2.97517e+00 |  2 -0.42712  1.25602e+01 |  3 -0.41077  8.48494e+00
  4 -0.41740  4.82969e-01 |  5 -0.38178 -2.97153e-01 |  6  0.63274 -1.23645e+00
  7  0.00512 -1.07738e+00 |  8 -0.00335  2.19806e+00 |  9 -0.00644 -1.42769e+00
 10 -0.00279  5.34134e-01 | 11  0.00507  4.64849e+00 | 12  0.02042  1.40230e+00
 13  0.02229  6.36457e-01 | 14 -0.00935  1.47311e+00 | 15 -0.01386  6.40001e-01
 16 -0.01241 -1.21669e-01 | 17  0.00304 -3.39371e+00 | 18 -0.00103  3.84739e+00
 19  0.02262  5.60282e+00 | 20  0.00395  2.89704e+00 | 21 -0.02747 -5.07639e-01
 22  0.00519 -1.72176e+00 | 23  0.00167 -8.87284e-01 | 24 -0.00284 -1.62184e+00
 25 -0.01351  2.48804e+00 | 26 -0.03330  3.27249e+00 | 27  0.01033  3.09612e-01
 28  0.03713 -1.06751e+00 | 29  0.01914  9.31309e-01 | 30  0.02480 -1.18168e+00
 31 -0.01065  5.33363e-01 | 32 -0.00095  2.47486e+00 | 33  0.00261  2.60396e+00
 34  0.02767  4.68245e-01 | 35  0.02523 -1.62242e+00 | 36  0.01035  6.46491e-01
 37 -0.00092 -1.63571e+00 | 38  0.01876 -8.53612e-01 | 39  0.00429 -2.18562e+00
 40 -0.00626  6.76757e-01 | 41 -0.03020  6.86528e+00 | 42  0.01983 -7.28782e-01
 43 -0.00874  2.06926e-01 | 44  0.01304  5.51675e-01 | 45 -0.01734 -2.70938e-01
 46 -0.01694 -5.53348e-01 | 47 -0.01175  1.14364e+00 | 48  0.05589 -1.55447e-01
 49 -0.04940  1.93774e+00 | 50 -0.05983  9.39341e-01 | 51  0.03035 -4.92746e-01
 52  0.00522  2.43453e-01 | 53 -0.02061 -2.01065e+00 | 54 -0.01183  4.96465e-01
 55  0.01529  4.95172e-01 | 56 -0.02078  8.30393e-01 | 57 -0.00252  1.49950e+00
 58 -0.01170  6.73008e-01 | 59 -0.01664 -7.54790e-01 | 60  0.02143  3.53381e-01
 61  0.00907 -5.24093e-01 | 62  0.00541  5.35702e-02 | 63 -0.02887 -2.88021e-01
 64  0.00282  1.41120e+00 | 65  0.03512  3.48350e+00 | 66 -0.02057 -2.88094e-01
 67 -0.00183 -5.97511e-01 | 68  0.00917 -3.58847e+00 | 69  0.00473  1.36263e+00
 70 -0.00876 -1.21034e-01 | 71  0.01460 -1.38028e+00 | 72 -0.00622 -8.40297e-01
 73  0.00912 -1.63046e+00 | 74 -0.01148  7.01496e-02 | 75  0.01049 -7.06390e-01
 76 -0.01076 -6.25463e+00 | 77  0.06036 -5.45421e-01 | 78 -0.04876  2.91989e-01
 79  0.03473 -9.37236e-02 | 80 -0.00433  1.99143e+00 | 81 -0.04450  2.23656e-01
 82 -0.02166  4.42522e+00 | 83  0.00848  3.32896e-01 | 84 -0.00697 -1.29056e+00
 85 -0.02767 -3.66993e+00 | 86  0.00110  9.41019e-01 | 87  0.00568 -9.12472e-02
 88 -0.01156 -4.64384e-01 | 89  0.02835  1.61800e-02 | 90 -0.01332  2.12590e+00
 91 -0.02702 -9.52869e-01 | 92  0.05762 -3.69618e-01 | 93  0.04780  1.05941e-01
 94 -0.00253 -1.26317e+00 | 95 -0.03325 -3.29176e-01 | 96 -0.01445 -1.57053e-01
 97  0.01075 -2.04894e-01 | 98  0.00172  3.99787e+00 | 99 -0.01503 -2.39265e+00
100  0.01015  2.28132e-01 |101 -0.04239  6.54234e-01 |102  0.00427 -2.38000e-01
103  0.03442  1.44708e+00 |104  0.02923 -3.67882e-01 |105  0.00249 -3.74210e-01
106 -0.04503 -4.58751e-01 |107  0.15556 -1.39856e+01 |108 -0.41202  1.71083e+01
109 -0.10221 -1.77282e+00 |110 -0.25351  3.99718e+00 |
110 variables; iteration 80; function evaluation 93; phase 5
Function value 2.0550775e+03; maximum gradient component mag 2.7271e+00
Var    Value     Gradient |Var    Value     Gradient |Var    Value     Gradient
  1 -0.39928  2.39614e-01 |  2 -0.42719  2.72706e+00 |  3 -0.41058  9.40347e-01
  4 -0.41759  1.01239e-01 |  5 -0.38123  1.35679e-01 |  6  0.63267  3.92608e-01
  7  0.00549 -3.03514e-01 |  8 -0.00495 -4.57564e-01 |  9 -0.00609 -8.40008e-01
 10 -0.00304  2.87245e-02 | 11  0.00305  6.14290e-01 | 12  0.01982 -4.28884e-01
 13  0.02234  3.19456e-01 | 14 -0.00998 -3.83011e-01 | 15 -0.01391  8.44922e-02
 16 -0.01195  6.46483e-01 | 17  0.00435  2.99389e-01 | 18 -0.00170  1.19915e+00
 19  0.02156  1.60670e-01 | 20  0.00351  5.61577e-01 | 21 -0.02722  3.21960e-02
 22  0.00541 -7.83242e-01 | 23  0.00198  8.58156e-01 | 24 -0.00255  1.65922e-01
 25 -0.01359  1.67791e+00 | 26 -0.03388 -6.79926e-01 | 27  0.01031 -8.00935e-02
 28  0.03719 -4.59169e-02 | 29  0.01904 -8.08878e-01 | 30  0.02485 -5.32408e-01
 31 -0.01071 -4.28060e-01 | 32 -0.00107  7.37870e-01 | 33  0.00248  5.51077e-01
 34  0.02765 -8.42343e-02 | 35  0.02537  3.44344e-01 | 36  0.01026 -1.00098e+00
 37 -0.00086 -1.29810e+00 | 38  0.01882 -3.62395e-01 | 39  0.00451  5.14798e-01
 40 -0.00627  5.47143e-02 | 41 -0.03092 -1.58124e-02 | 42  0.01987 -6.07326e-01
 43 -0.00872 -2.16091e-02 | 44  0.01311  1.21826e+00 | 45 -0.01729 -1.02835e-01
 46 -0.01683  1.89299e-01 | 47 -0.01176  6.08322e-01 | 48  0.05593  3.13055e-01
 49 -0.04945  1.09331e+00 | 50 -0.05987  2.07144e-01 | 51  0.03036 -8.80828e-01
 52  0.00524  1.00972e-01 | 53 -0.02034  5.81592e-01 | 54 -0.01187 -4.36589e-01
 55  0.01527 -4.09249e-01 | 56 -0.02079  1.06989e-01 | 57 -0.00255  3.44947e-01
 58 -0.01166  5.99790e-01 | 59 -0.01663 -1.33931e+00 | 60  0.02143 -4.00913e-01
 61  0.00912 -1.69264e-01 | 62  0.00546  5.66174e-01 | 63 -0.02884 -4.18872e-01
 64  0.00282  3.66729e-01 | 65  0.03509  3.98761e-01 | 66 -0.02055 -6.94987e-01
 67 -0.00178  4.29584e-02 | 68  0.00930 -1.62404e-01 | 69  0.00473  6.75929e-01
 70 -0.00877 -7.78260e-01 | 71  0.01468  4.98452e-01 | 72 -0.00616  1.58668e-01
 73  0.00919 -9.72736e-02 | 74 -0.01148 -5.85479e-01 | 75  0.01052 -4.15494e-01
 76 -0.01062 -3.68029e-01 | 77  0.06038  1.90781e-01 | 78 -0.04876 -3.42508e-02
 79  0.03474  1.25297e-01 | 80 -0.00436  2.47176e-01 | 81 -0.04449  1.44024e-01
 82 -0.02174  2.12879e-02 | 83  0.00850  1.51785e-01 | 84 -0.00694 -1.50487e-01
 85 -0.02757 -1.90924e-02 | 86  0.00110  1.83303e-01 | 87  0.00569  7.27539e-02
 88 -0.01154 -7.90907e-02 | 89  0.02837  8.80640e-02 | 90 -0.01334  2.12202e-01
 91 -0.02700 -8.28837e-01 | 92  0.05765  1.16502e-01 | 93  0.04782  1.38025e-01
 94 -0.00251 -1.15365e+00 | 95 -0.03323  1.15908e-01 | 96 -0.01439  1.75164e+00
 97  0.01076 -6.55054e-01 | 98  0.00168  1.04430e+00 | 99 -0.01496 -4.52165e-01
100  0.01012 -1.74363e+00 |101 -0.04239  1.24158e-01 |102  0.00428 -7.39469e-01
103  0.03441  6.03683e-01 |104  0.02927  4.15886e-01 |105  0.00253  3.70408e-01
106 -0.04499  2.85621e-01 |107  0.15575 -4.47559e-01 |108 -0.41196  5.93051e-01
109 -0.10225  3.94463e-02 |110 -0.25352  8.76610e-01 |
110 variables; iteration 100; function evaluation 122; phase 5
Function value 2.0550758e+03; maximum gradient component mag 4.7720e-01
Var    Value     Gradient |Var    Value     Gradient |Var    Value     Gradient
  1 -0.39932  6.76562e-02 |  2 -0.42720  4.77205e-01 |  3 -0.41056  1.90238e-01
  4 -0.41763  1.22576e-02 |  5 -0.38119  2.01260e-02 |  6  0.63266  7.52202e-02
  7  0.00564  1.03650e-01 |  8 -0.00474 -8.94278e-02 |  9 -0.00570 -1.72571e-01
 10 -0.00315 -1.66427e-01 | 11  0.00284  1.91383e-01 | 12  0.02003  4.41823e-02
 13  0.02230  2.02455e-01 | 14 -0.00987 -1.70268e-01 | 15 -0.01382  2.74121e-01
 16 -0.01207  3.00778e-01 | 17  0.00428  5.15331e-02 | 18 -0.00195  2.91964e-01
 19  0.02154  2.78499e-02 | 20  0.00342  1.03176e-01 | 21 -0.02723 -3.39091e-02
 22  0.00553 -1.31182e-01 | 23  0.00192  4.02443e-01 | 24 -0.00257 -4.01140e-02
 25 -0.01379  2.33240e-01 | 26 -0.03378 -8.03579e-02 | 27  0.01032 -3.13333e-02
 28  0.03720  9.17718e-02 | 29  0.01909 -3.45865e-02 | 30  0.02486 -4.11624e-01
 31 -0.01068 -8.99315e-02 | 32 -0.00113 -1.14777e-01 | 33  0.00245  1.07058e-01
 34  0.02767 -1.96110e-03 | 35  0.02537  9.50139e-02 | 36  0.01032 -2.90989e-01
 37 -0.00078 -3.64904e-01 | 38  0.01885  1.78998e-01 | 39  0.00449  1.71499e-01
 40 -0.00628 -1.01908e-01 | 41 -0.03092 -6.57651e-02 | 42  0.01989 -2.28755e-01
 43 -0.00872  3.05968e-02 | 44  0.01306  3.49145e-01 | 45 -0.01726  1.72912e-01
 46 -0.01684  1.20484e-01 | 47 -0.01179  2.34069e-01 | 48  0.05593  8.68747e-02
 49 -0.04954  4.18673e-01 | 50 -0.05992 -1.25984e-01 | 51  0.03039 -2.31960e-01
 52  0.00523 -7.75728e-02 | 53 -0.02039 -5.24165e-02 | 54 -0.01185 -2.18103e-01
 55  0.01531  1.41888e-01 | 56 -0.02077  3.79460e-01 | 57 -0.00257 -6.80602e-02
 58 -0.01169  5.68171e-02 | 59 -0.01656 -4.40363e-01 | 60  0.02144 -3.11857e-01
 61  0.00914  8.05032e-02 | 62  0.00545  2.17570e-01 | 63 -0.02882 -1.32756e-01
 64  0.00281  3.95741e-02 | 65  0.03509  7.92687e-02 | 66 -0.02053 -2.68843e-01
 67 -0.00178  1.89741e-02 | 68  0.00931 -4.03254e-02 | 69  0.00471  1.26215e-01
 70 -0.00873 -9.70344e-02 | 71  0.01467  1.08620e-01 | 72 -0.00616 -2.19468e-02
 73  0.00920 -4.99764e-02 | 74 -0.01146 -1.48259e-01 | 75  0.01054 -8.19974e-02
 76 -0.01061 -8.76397e-02 | 77  0.06038  3.21794e-02 | 78 -0.04876 -1.51587e-02
 79  0.03475  2.28943e-02 | 80 -0.00436  4.62230e-02 | 81 -0.04450  3.53852e-02
 82 -0.02174 -5.67450e-03 | 83  0.00850  2.82751e-02 | 84 -0.00694 -4.12732e-02
 85 -0.02757 -8.92178e-03 | 86  0.00110  3.50690e-02 | 87  0.00569  1.13432e-02
 88 -0.01154 -3.27910e-02 | 89  0.02837  1.43118e-02 | 90 -0.01335  4.61288e-02
 91 -0.02698 -2.02003e-01 | 92  0.05765  1.79727e-02 | 93  0.04782  2.64904e-02
 94 -0.00249 -2.73379e-01 | 95 -0.03323  2.61751e-02 | 96 -0.01442  4.12433e-01
 97  0.01077 -1.64501e-01 | 98  0.00166  2.39022e-01 | 99 -0.01495 -1.14238e-01
100  0.01015 -4.27850e-01 |101 -0.04239  1.65009e-02 |102  0.00429 -1.88076e-01
103  0.03440  1.43891e-01 |104  0.02925 -7.86209e-02 |105  0.00251 -3.66148e-02
106 -0.04499  2.97851e-01 |107  0.15575 -2.67525e-01 |108 -0.41196  6.15248e-02
109 -0.10229  1.59548e-02 |110 -0.25354  2.35944e-01 |

 - final statistics:
110 variables; iteration 119; function evaluation 154
Function value 2.0551e+03; maximum gradient component mag -3.5098e-06
Exit code = 1;  converg criter 1.0000e-04
Var    Value     Gradient |Var    Value     Gradient |Var    Value     Gradient
  1 -0.39934  1.34396e-07 |  2 -0.42720  1.16442e-06 |  3 -0.41056  8.53370e-07
  4 -0.41764  2.09308e-08 |  5 -0.38118 -4.97884e-08 |  6  0.63265  6.16573e-07
  7  0.00560 -7.72595e-08 |  8 -0.00468 -2.21686e-09 |  9 -0.00560  1.32137e-08
 10 -0.00306  1.74328e-08 | 11  0.00274 -3.73066e-08 | 12  0.02003 -9.87582e-08
 13  0.02223 -6.03606e-08 | 14 -0.00978  5.65893e-09 | 15 -0.01392 -1.16758e-07
 16 -0.01218 -1.64957e-07 | 17  0.00428 -3.92521e-08 | 18 -0.00203 -8.20722e-08
 19  0.02155 -9.96934e-08 | 20  0.00341 -1.15846e-07 | 21 -0.02721 -5.26700e-08
 22  0.00557 -1.09747e-07 | 23  0.00187 -1.36808e-07 | 24 -0.00256 -1.29552e-07
 25 -0.01381 -1.02841e-07 | 26 -0.03376  1.43460e-08 | 27  0.01033  3.48768e-06
 28  0.03719 -1.72533e-07 | 29  0.01909  1.91410e-07 | 30  0.02489  5.42405e-07
 31 -0.01067 -2.64054e-07 | 32 -0.00112 -6.43044e-07 | 33  0.00244 -8.37819e-07
 34  0.02767 -1.01832e-07 | 35  0.02536  6.92741e-09 | 36  0.01034 -1.05171e-07
 37 -0.00075 -8.51022e-07 | 38  0.01884 -2.97385e-07 | 39  0.00448 -4.95882e-07
 40 -0.00627  8.33705e-07 | 41 -0.03091  7.23312e-08 | 42  0.01991  2.99787e-07
 43 -0.00872 -3.50984e-06 | 44  0.01304  9.15140e-08 | 45 -0.01728  5.38393e-07
 46 -0.01684  1.14195e-06 | 47 -0.01180  7.92249e-08 | 48  0.05593  4.71779e-08
 49 -0.04959 -1.46178e-07 | 50 -0.05990 -2.37290e-08 | 51  0.03040  8.61599e-08
 52  0.00524  7.10364e-07 | 53 -0.02039 -2.95098e-07 | 54 -0.01183 -2.51299e-07
 55  0.01530 -3.65452e-09 | 56 -0.02079  1.41486e-07 | 57 -0.00256  3.08520e-07
 58 -0.01169 -8.36608e-08 | 59 -0.01653 -5.40302e-08 | 60  0.02146  9.59311e-08
 61  0.00914  3.15221e-08 | 62  0.00545  2.24536e-08 | 63 -0.02881 -1.66858e-07
 64  0.00281  1.07429e-09 | 65  0.03509  5.97200e-09 | 66 -0.02051  5.70904e-08
 67 -0.00178  5.54363e-08 | 68  0.00932  3.73767e-08 | 69  0.00471  7.12396e-08
 70 -0.00872  4.99514e-08 | 71  0.01468  5.29073e-08 | 72 -0.00615  2.71606e-08
 73  0.00920  4.27473e-08 | 74 -0.01145  2.50234e-08 | 75  0.01054  5.71363e-08
 76 -0.01061  8.21364e-08 | 77  0.06038  7.64175e-08 | 78 -0.04875 -3.02608e-08
 79  0.03475  6.76521e-08 | 80 -0.00436 -4.52211e-08 | 81 -0.04449  4.18617e-09
 82 -0.02174  1.06751e-07 | 83  0.00850  2.11064e-08 | 84 -0.00693  1.70317e-08
 85 -0.02756 -4.97035e-08 | 86  0.00110  3.05510e-08 | 87  0.00570  4.08979e-08
 88 -0.01153 -1.60591e-07 | 89  0.02837  4.06501e-08 | 90 -0.01335  3.24573e-09
 91 -0.02697  6.99284e-08 | 92  0.05765  3.78328e-08 | 93  0.04782  4.78141e-08
 94 -0.00248 -2.36321e-08 | 95 -0.03323  3.49818e-08 | 96 -0.01443 -7.94554e-09
 97  0.01078  2.06359e-08 | 98  0.00166 -5.64687e-09 | 99 -0.01495  7.07278e-09
100  0.01016  3.81780e-08 |101 -0.04239  5.86108e-09 |102  0.00430  2.97987e-08
103  0.03440 -2.43123e-08 |104  0.02926 -4.52987e-08 |105  0.00252 -1.97266e-08
106 -0.04500 -5.63377e-08 |107  0.15577 -6.95174e-08 |108 -0.41195  1.97398e-07
109 -0.10231 -1.62527e-08 |110 -0.25355  1.28997e-07 |

 - final statistics:
122 variables; iteration 0; function evaluation 0
Function value 2.0551e+03; maximum gradient component mag -3.5092e-06
Exit code = 0;  converg criter 1.0000e-04
Var    Value     Gradient |Var    Value     Gradient |Var    Value     Gradient
  1 -0.39934  1.34415e-07 |  2 -0.42720  1.16450e-06 |  3 -0.41056  8.53423e-07
  4 -0.41764  2.09360e-08 |  5 -0.38118 -4.97797e-08 |  6  0.63265  6.16443e-07
  7  0.00560 -7.72597e-08 |  8 -0.00468 -2.21690e-09 |  9 -0.00560  1.32137e-08
 10 -0.00306  1.74327e-08 | 11  0.00274 -3.73067e-08 | 12  0.02003 -9.80672e-08
 13  0.02223 -5.96698e-08 | 14 -0.00978  6.35021e-09 | 15 -0.01392 -1.16067e-07
 16 -0.01218 -1.64265e-07 | 17  0.00428 -3.85614e-08 | 18 -0.00203 -8.13812e-08
 19  0.02155 -9.90035e-08 | 20  0.00341 -1.15155e-07 | 21 -0.02721 -5.19797e-08
 22  0.00557 -1.09057e-07 | 23  0.00187 -1.36118e-07 | 24 -0.00256 -1.28862e-07
 25 -0.01381 -1.02151e-07 | 26 -0.03376  1.50353e-08 | 27  0.01033  3.48837e-06
 28  0.03719 -1.71845e-07 | 29  0.01909  1.92101e-07 | 30  0.02489  5.43093e-07
 31 -0.01067 -2.63364e-07 | 32 -0.00112 -6.42355e-07 | 33  0.00244 -8.37130e-07
 34  0.02767 -1.01142e-07 | 35  0.02536  7.61482e-09 | 36  0.01034 -1.04483e-07
 37 -0.00075 -8.50333e-07 | 38  0.01884 -2.96696e-07 | 39  0.00448 -4.95193e-07
 40 -0.00627  8.34394e-07 | 41 -0.03091  7.30202e-08 | 42  0.01991  3.00474e-07
 43 -0.00872 -3.50915e-06 | 44  0.01304  9.22029e-08 | 45 -0.01728  5.39082e-07
 46 -0.01684  1.14264e-06 | 47 -0.01180  7.99140e-08 | 48  0.05593  4.78588e-08
 49 -0.04959 -1.45491e-07 | 50 -0.05990 -2.30423e-08 | 51  0.03040  8.68438e-08
 52  0.00524  7.11051e-07 | 53 -0.02039 -2.94411e-07 | 54 -0.01183 -2.50611e-07
 55  0.01530 -2.96757e-09 | 56 -0.02079  1.42173e-07 | 57 -0.00256  3.09206e-07
 58 -0.01169 -8.29749e-08 | 59 -0.01653 -5.33437e-08 | 60  0.02146  9.66116e-08
 61  0.00914  3.22015e-08 | 62  0.00545  2.31361e-08 | 63 -0.02881 -1.66172e-07
 64  0.00281  1.75845e-09 | 65  0.03509  6.64838e-09 | 66 -0.02051  5.77767e-08
 67 -0.00178  5.61210e-08 | 68  0.00932  3.80554e-08 | 69  0.00471  7.19234e-08
 70 -0.00872  5.06364e-08 | 71  0.01468  5.35922e-08 | 72 -0.00615  2.78456e-08
 73  0.00920  4.34332e-08 | 74 -0.01145  2.57088e-08 | 75  0.01054  5.78198e-08
 76 -0.01061  8.28224e-08 | 77  0.06038  7.70901e-08 | 78 -0.04875 -2.95753e-08
 79  0.03475  6.83364e-08 | 80 -0.00436 -4.45376e-08 | 81 -0.04449  4.87187e-09
 82 -0.02174  1.07436e-07 | 83  0.00850  2.17958e-08 | 84 -0.00693  1.77161e-08
 85 -0.02756 -4.90176e-08 | 86  0.00110  3.12354e-08 | 87  0.00570  4.15821e-08
 88 -0.01153 -1.59904e-07 | 89  0.02837  4.13327e-08 | 90 -0.01335  3.93307e-09
 91 -0.02697  7.06172e-08 | 92  0.05765  3.85122e-08 | 93  0.04782  4.84934e-08
 94 -0.00248 -2.29450e-08 | 95 -0.03323  3.56696e-08 | 96 -0.01443 -7.25621e-09
 97  0.01078  2.13259e-08 | 98  0.00166 -4.95623e-09 | 99 -0.01495  7.76409e-09
100  0.01016  3.88734e-08 |101 -0.04239  6.55131e-09 |102  0.00430  3.04948e-08
103  0.03440 -2.36241e-08 |104  0.02926 -4.46080e-08 |105  0.00252 -1.90352e-08
106 -0.04500 -5.56481e-08 |107  0.00000  0.00000e+00 |108  0.00000  0.00000e+00
109  0.00000  0.00000e+00 |110  0.00000  0.00000e+00 |111  0.00000  0.00000e+00
112  0.00000  0.00000e+00 |113  0.00000  0.00000e+00 |114  0.00000  0.00000e+00
115  0.00000  0.00000e+00 |116  0.00000  0.00000e+00 |117  0.00000  0.00000e+00
118  0.00000  0.00000e+00 |119  0.15577 -6.95962e-08 |120 -0.41195  1.97510e-07
121 -0.10231 -1.62709e-08 |122 -0.25355  1.29031e-07 |
size of file gradfil1.tmp = 0
size of file gradfil2.tmp = 0
size of file varssave.tmp = 0
size of file cmpdiff.tmp = 0
