
Initial statistics: 1 variables; iteration 0; function evaluation 0; phase 1
Function value 2.6275061e+03; maximum gradient component mag -5.7514e+03
Var    Value     Gradient |Var    Value     Gradient |Var    Value     Gradient
  1  0.63197 -5.75143e+03 |

 - final statistics:
1 variables; iteration 4; function evaluation 7
Function value 2.6012e+03; maximum gradient component mag -1.9372e+00
Exit code = 1;  converg criter 1.0000e+01
Var    Value     Gradient |Var    Value     Gradient |Var    Value     Gradient
  1  0.64189 -1.93722e+00 |

Initial statistics: 98 variables; iteration 0; function evaluation 0; phase 2
Function value 2.6011651e+03; maximum gradient component mag -2.2029e+03
Var    Value     Gradient |Var    Value     Gradient |Var    Value     Gradient
  1  0.64189 -1.93722e+00 |  2  0.00000 -2.10450e+01 |  3  0.00000 -2.79391e+01
  4  0.00000  4.89695e+01 |  5  0.00000  6.25984e+01 |  6  0.00000  6.32884e+01
  7  0.00000  2.01311e+01 |  8  0.00000  4.37146e+01 |  9  0.00000 -5.04308e+01
 10  0.00000  3.08732e+01 | 11  0.00000  1.65742e+02 | 12  0.00000  2.56001e+01
 13  0.00000  5.17779e+01 | 14  0.00000  8.82068e+01 | 15  0.00000  1.80320e+02
 16  0.00000  3.36271e+02 | 17  0.00000 -5.92884e+01 | 18  0.00000 -5.08086e+02
 19  0.00000 -2.07837e+02 | 20  0.00000 -2.83809e+02 | 21  0.00000  1.90232e+02
 22  0.00000  1.04176e+02 | 23  0.00000  4.92984e+01 | 24  0.00000 -3.43249e+02
 25  0.00000 -3.10003e+02 | 26  0.00000 -6.53566e+01 | 27  0.00000  8.89877e+01
 28  0.00000 -2.00784e+02 | 29  0.00000  3.46901e+01 | 30  0.00000  1.83847e+02
 31  0.00000  4.31903e+02 | 32  0.00000 -2.22267e+02 | 33  0.00000  1.90377e+02
 34  0.00000 -1.06292e+02 | 35  0.00000  3.32928e+02 | 36  0.00000  3.27102e+02
 37  0.00000  2.36479e+02 | 38  0.00000 -1.11476e+03 | 39  0.00000  6.04445e+02
 40  0.00000  7.00857e+02 | 41  0.00000 -4.48058e+02 | 42  0.00000  2.78139e+01
 43  0.00000  3.82547e+02 | 44  0.00000  2.79345e+02 | 45  0.00000 -1.34493e+02
 46  0.00000  4.07146e+02 | 47  0.00000  1.88294e+02 | 48  0.00000  3.38650e+02
 49  0.00000  4.08747e+02 | 50  0.00000 -3.05577e+02 | 51  0.00000 -2.80071e+01
 52  0.00000  7.50001e+01 | 53  0.00000  7.65321e+02 | 54  0.00000  7.36862e+01
 55  0.00000 -1.09836e+03 | 56  0.00000  6.34576e+02 | 57  0.00000  2.00578e+02
 58  0.00000 -1.18654e+02 | 59  0.00000 -2.29637e+00 | 60  0.00000  3.32109e+02
 61  0.00000 -3.19249e+02 | 62  0.00000  2.70522e+02 | 63  0.00000 -1.19672e+02
 64  0.00000  3.92455e+02 | 65  0.00000 -1.65206e+02 | 66  0.00000  3.74114e+02
 67  0.00000 -2.20285e+03 | 68  0.00000  7.13344e+02 | 69  0.00000 -1.04592e+03
 70  0.00000 -8.47838e+01 | 71  0.00000  8.48554e+02 | 72  0.00000  5.69426e+02
 73  0.00000 -3.98228e+02 | 74  0.00000  1.48422e+02 | 75  0.00000  5.55937e+02
 76  0.00000  2.45855e+01 | 77  0.00000 -8.98432e+01 | 78  0.00000  2.91495e+02
 79  0.00000 -7.20796e+02 | 80  0.00000  2.61051e+02 | 81  0.00000  4.04187e+02
 82  0.00000 -1.91642e+03 | 83  0.00000 -1.76673e+03 | 84  0.00000 -1.30059e+02
 85  0.00000  4.88260e+02 | 86  0.00000  6.04125e+02 | 87  0.00000 -3.28382e+02
 88  0.00000 -1.18809e+01 | 89  0.00000  2.59215e+02 | 90  0.00000 -1.65782e+02
 91  0.00000  3.76142e+02 | 92  0.00000 -6.46569e+00 | 93  0.00000 -1.43610e+02
 94  0.00000 -1.73257e+01 | 95  0.00000  6.66182e-01 | 96  0.00000  6.66085e-01
 97  0.14825  2.49959e+01 | 98 -0.09833  7.45548e+02 |

Intermediate statistics: 98 variables; iteration 20; function evaluation 31; phase 2
Function value 2.2849670e+03; maximum gradient component mag -1.6419e+03
Var    Value     Gradient |Var    Value     Gradient |Var    Value     Gradient
  1  0.63824 -1.64190e+03 |  2  0.01645  5.97039e+01 |  3 -0.00050  1.44879e+01
  4 -0.02579  3.21438e+01 |  5 -0.01510  6.55891e+01 |  6  0.00435  1.15927e+02
  7 -0.00326  4.80286e+01 |  8 -0.00282  6.98851e+01 |  9  0.01950  6.84232e+01
 10 -0.00959  2.05279e+01 | 11 -0.03115  5.82796e+01 | 12 -0.00435  2.36595e+01
 13 -0.00787  2.02982e+01 | 14 -0.01062  2.67678e+01 | 15 -0.01560  6.94664e+01
 16 -0.02297  1.56171e+02 | 17  0.00337  1.75091e+01 | 18  0.02492 -1.00971e+02
 19  0.00771 -5.75687e+01 | 20  0.01215 -8.66577e+01 | 21 -0.01150  8.67548e+01
 22 -0.00241  8.55806e+01 | 23 -0.00133  5.30361e+01 | 24  0.01542 -1.00512e+02
 25  0.01358 -9.35274e+01 | 26  0.00198 -1.65001e+01 | 27 -0.00253  7.39183e+01
 28  0.00851 -5.87088e+01 | 29 -0.00249  1.03560e+01 | 30 -0.00596  1.07104e+02
 31 -0.01911  2.05322e+02 | 32  0.00983 -5.67207e+01 | 33 -0.00572  1.33779e+02
 34  0.00587 -4.90090e-01 | 35 -0.01179  1.74101e+02 | 36 -0.01235  1.62164e+02
 37 -0.00986  1.25531e+02 | 38  0.03734 -3.71767e+02 | 39 -0.03124  2.40002e+02
 40 -0.03419  2.87100e+02 | 41  0.01344 -2.21105e+02 | 42  0.00095  4.78117e+01
 43 -0.01334  1.88160e+02 | 44 -0.01051  1.21142e+02 | 45  0.00871  1.10001e+00
 46 -0.01404  1.85354e+02 | 47 -0.00111  1.44768e+02 | 48 -0.00490  2.23279e+02
 49 -0.00738  2.44631e+02 | 50  0.00844 -1.77649e+02 | 51  0.00174 -3.65473e+01
 52  0.00447  1.33739e+02 | 53 -0.00050  7.06441e+02 | 54  0.00007  4.04022e+01
 55  0.01681 -6.22912e+02 | 56 -0.00607  4.26577e+02 | 57 -0.00033  1.35912e+02
 58  0.00326 -7.86042e+01 | 59 -0.00069 -7.17323e+01 | 60 -0.00454  1.67859e+02
 61  0.00211 -3.10543e+02 | 62 -0.00043  2.21410e+02 | 63  0.00206 -1.14176e+02
 64 -0.00323  2.64876e+02 | 65  0.00194 -1.72264e+02 | 66 -0.01324  8.36449e+01
 67  0.02651 -1.53882e+03 | 68 -0.01861  3.41282e+02 | 69  0.01428 -7.19813e+02
 70 -0.00150 -1.67523e+02 | 71 -0.00916  5.54983e+02 | 72 -0.00938  2.75189e+02
 73  0.00469 -3.09810e+02 | 74 -0.00524 -2.59279e+01 | 75 -0.00808  3.03338e+02
 76 -0.00801 -2.19832e+02 | 77 -0.00285 -2.14276e+02 | 78 -0.00789  7.58886e+01
 79  0.00529 -6.19647e+02 | 80 -0.00113  2.10698e+02 | 81 -0.01283  1.55818e+02
 82  0.01977 -1.40009e+03 | 83  0.02279 -1.19036e+03 | 84 -0.00209 -1.41889e+02
 85 -0.00955  2.73228e+02 | 86 -0.01124  3.62380e+02 | 87  0.00427 -2.26364e+02
 88 -0.00101  6.80264e-01 | 89 -0.01047  1.25199e+02 | 90  0.00842 -3.75642e+00
 91 -0.02405  1.63007e+02 | 92  0.00462  7.48610e+01 | 93  0.03679  7.34623e+01
 94  0.12339  2.28320e+02 | 95  0.00178  5.12901e+01 | 96  0.00178  5.12921e+01
 97  0.14803 -4.33969e+02 | 98 -0.09315  9.39067e+02 |
98 variables; iteration 40; function evaluation 57; phase 2
Function value 2.1437430e+03; maximum gradient component mag 2.3083e+03
Var    Value     Gradient |Var    Value     Gradient |Var    Value     Gradient
  1  0.63468  2.30830e+03 |  2  0.02021 -4.85833e+01 |  3  0.02348 -4.45968e+01
  4 -0.04061 -1.16226e+02 |  5 -0.02771 -8.12943e+01 |  6 -0.01932 -6.63449e+01
  7  0.00795 -3.21500e+01 |  8  0.01166  6.80545e+00 |  9  0.03038  9.09579e+00
 10 -0.00308 -6.85272e+01 | 11  0.00189  8.58644e+01 | 12  0.01118 -1.42133e-01
 13  0.00153 -3.86014e+01 | 14 -0.00640 -6.56099e+01 | 15 -0.01304 -3.66432e+01
 16 -0.03657 -6.30381e+01 | 17  0.01046 -3.05776e+01 | 18  0.04115  6.37222e+01
 19  0.01494 -9.08485e+01 | 20  0.01703 -1.53247e+02 | 21 -0.01095 -4.07301e+01
 22  0.00109  1.41549e+00 | 23  0.00405 -1.23520e+00 | 24  0.02059 -1.34891e+02
 25  0.01882 -1.24104e+02 | 26  0.00469 -9.37169e+01 | 27  0.00291  3.28188e+01
 28  0.01519 -6.58598e+01 | 29 -0.00702 -1.72439e+02 | 30 -0.00528 -7.43234e+00
 31 -0.02391  3.67684e+01 | 32  0.01547 -7.34727e+01 | 33 -0.00205  7.22472e+01
 34  0.01046 -4.05396e+01 | 35 -0.01850 -3.19189e+01 | 36 -0.01861 -3.65313e+01
 37 -0.01114 -1.67777e+00 | 38  0.05396  1.12791e+01 | 39 -0.05296 -5.40774e+01
 40 -0.06293 -5.14965e+01 | 41  0.03083  5.73831e+01 | 42  0.00311 -1.40009e+01
 43 -0.01969  3.55667e+00 | 44 -0.01677 -5.97038e+01 | 45  0.01354  8.93640e+00
 46 -0.02063  1.04363e+01 | 47 -0.00117  6.51499e+01 | 48 -0.00843  8.67392e+01
 49 -0.01451  5.59217e+01 | 50  0.01418 -1.00151e+02 | 51  0.00256 -8.60899e+01
 52  0.00351  2.20323e+01 | 53 -0.02593  7.01819e+01 | 54  0.00271  7.21521e+01
 55  0.03618  2.24526e+02 | 56 -0.02011  5.19265e+01 | 57  0.00105  1.50492e+02
 58  0.01276  2.17342e+02 | 59  0.00566  1.20244e+02 | 60 -0.00476  1.61083e+02
 61  0.01233  2.72918e+01 | 62 -0.00820  1.61551e+01 | 63  0.01093  1.61699e+02
 64 -0.00898  1.25064e+02 | 65  0.01294  1.84041e+02 | 66 -0.02948 -1.75080e+02
 67  0.06226  5.01167e+02 | 68 -0.03458  1.26862e+02 | 69  0.03249  1.19234e+02
 70  0.00742  1.40966e+02 | 71 -0.03141  8.47123e+01 | 72 -0.02624 -1.27861e+02
 73  0.00651 -2.12277e+02 | 74 -0.00929 -1.15904e+02 | 75 -0.01850  7.96577e+01
 76 -0.00491 -1.05881e+02 | 77  0.00736  1.24446e+02 | 78 -0.00862  8.63744e+01
 79  0.02172 -6.08206e+01 | 80 -0.00614  7.12814e+01 | 81 -0.01598  1.02393e+02
 82  0.06276  5.81661e+02 | 83  0.04537 -2.15174e+02 | 84  0.00179 -8.89198e+01
 85 -0.02543 -1.11442e+02 | 86 -0.03108 -1.11226e+02 | 87  0.01623 -9.82543e+01
 88 -0.00082 -1.62076e+02 | 89 -0.02133 -1.82964e+02 | 90  0.01406 -9.44460e+01
 91 -0.02456  2.10678e+01 | 92  0.00168 -8.32797e+01 | 93  0.04565  1.80130e+01
 94 -0.03877 -1.44615e+02 | 95  0.00426 -6.30308e+01 | 96  0.00426 -6.30328e+01
 97  0.14820  3.80678e+02 | 98 -0.10110  1.84008e+02 |
98 variables; iteration 60; function evaluation 81; phase 2
Function value 2.1175797e+03; maximum gradient component mag 9.8157e+02
Var    Value     Gradient |Var    Value     Gradient |Var    Value     Gradient
  1  0.62989  9.81574e+02 |  2  0.01487 -2.50343e+01 |  3  0.01116 -4.00489e+01
  4 -0.01632 -2.78162e+01 |  5 -0.02755 -4.43974e+01 |  6 -0.02179 -3.72544e+01
  7 -0.00256 -3.43071e+01 |  8 -0.00961 -3.76933e+01 |  9  0.01388 -4.78475e+01
 10 -0.00434 -4.62847e+01 | 11 -0.02098  1.00311e+01 | 12  0.00944  8.74525e+00
 13  0.00076 -2.20919e+01 | 14 -0.00927 -6.06576e+01 | 15 -0.01166  1.55239e-01
 16 -0.03521 -2.19943e+01 | 17  0.01047 -3.54944e+00 | 18  0.03786  1.69421e+01
 19  0.01763 -2.45770e+01 | 20  0.02410 -1.98925e+01 | 21 -0.01274 -3.03464e+01
 22  0.00057  1.00930e+01 | 23  0.00250 -6.92201e+00 | 24  0.02650 -2.85756e+01
 25  0.02452 -2.45470e+01 | 26  0.00824 -3.62619e+01 | 27 -0.00083 -9.78717e+00
 28  0.01622 -4.85935e+01 | 29  0.00289 -2.63286e+01 | 30 -0.00610 -6.35904e+00
 31 -0.02812  1.48837e+01 | 32  0.01912 -1.39394e+01 | 33 -0.00770  6.36217e+00
 34  0.01334  5.60053e+00 | 35 -0.01993 -3.52581e+01 | 36 -0.01936 -3.32088e+01
 37 -0.01145  2.26410e+00 | 38  0.05508 -5.28687e+00 | 39 -0.04738  8.59372e+00
 40 -0.05944 -5.67619e+00 | 41  0.02964 -1.03512e+01 | 42  0.00421 -1.10441e+01
 43 -0.01974  4.05312e+00 | 44 -0.01320 -1.86947e+01 | 45  0.01544  1.07173e+01
 46 -0.01986  1.16096e+01 | 47 -0.00204  1.84432e+01 | 48 -0.01120  1.61689e+01
 49 -0.01501  2.57003e+01 | 50  0.01911 -4.26539e+01 | 51  0.00727 -2.98414e+01
 52  0.00460 -6.07796e+00 | 53 -0.02556  5.53257e+01 | 54  0.00650  1.19364e+02
 55  0.03386 -1.43487e+01 | 56 -0.02035  1.34394e+01 | 57  0.00044  7.41691e+01
 58  0.01126  8.60125e+01 | 59  0.00470  2.27924e+01 | 60 -0.00711  5.23280e+01
 61  0.01398  1.02249e+01 | 62 -0.00618  2.49051e+01 | 63  0.01085  8.88379e+01
 64 -0.01093  3.40710e+01 | 65  0.00924 -7.61694e-01 | 66 -0.01926 -1.85341e+01
 67  0.05861  6.66283e+01 | 68 -0.03900  4.50190e+01 | 69  0.03373  4.61075e+01
 70  0.00568  2.04371e+01 | 71 -0.03313  4.33427e+01 | 72 -0.01941  2.70439e+00
 73  0.01453  3.09738e+01 | 74 -0.00419 -2.29820e+00 | 75 -0.02011  3.32078e+01
 76 -0.00081 -3.34620e+01 | 77  0.00573  3.54971e+01 | 78 -0.01053  2.51420e+01
 79  0.02580  5.04575e+01 | 80 -0.00798  1.85881e+01 | 81 -0.01985  2.53540e+01
 82  0.05748  1.92141e+02 | 83  0.05211  2.18473e+01 | 84  0.00488 -1.65825e+01
 85 -0.02097 -2.60676e+01 | 86 -0.02676 -3.05591e+01 | 87  0.01809 -4.32557e+01
 88  0.00454 -3.70273e+01 | 89 -0.01414 -5.91679e+01 | 90  0.01641 -3.40043e+01
 91 -0.03157  6.47982e-01 | 92  0.00393 -3.67761e+01 | 93  0.03752  1.18106e+01
 94 -0.00237 -4.84783e+01 | 95 -0.01278 -4.88748e+01 | 96 -0.01278 -4.88719e+01
 97  0.14917  1.66728e+02 | 98 -0.10279  7.29648e+01 |
Maximum number of function evaluations exceeded

 - final statistics:
98 variables; iteration 73; function evaluation 100
Function value 2.1148e+03; maximum gradient component mag 4.9886e+02
Exit code = 3;  converg criter 1.0000e+01
Var    Value     Gradient |Var    Value     Gradient |Var    Value     Gradient
  1  0.62927  4.98856e+02 |  2  0.01055 -2.05443e+01 |  3  0.01369 -2.01819e+01
  4 -0.01687 -1.49795e+01 |  5 -0.02572 -2.62939e+01 |  6 -0.01851 -1.53166e+01
  7  0.00696  8.78856e+00 |  8 -0.01159 -3.03090e+01 |  9  0.01591 -2.63726e+01
 10 -0.00436 -3.35932e+01 | 11 -0.02676  1.11341e+00 | 12  0.00481 -7.22436e+00
 13 -0.00206 -2.82800e+01 | 14 -0.00540 -2.40932e+01 | 15 -0.01375 -3.59420e+00
 16 -0.03560 -1.23945e+01 | 17  0.01060  7.78324e+00 | 18  0.03677  3.41655e+00
 19  0.01807 -7.98099e+00 | 20  0.02437 -5.27565e+00 | 21 -0.00973  1.12722e+01
 22 -0.00075  3.95239e+00 | 23  0.00199 -4.43902e+00 | 24  0.02750 -4.89996e+00
 25  0.02470 -1.42469e+01 | 26  0.01055  5.26575e+00 | 27 -0.00135 -7.25377e+00
 28  0.01677 -3.27943e+01 | 29  0.00322 -1.44525e+01 | 30 -0.00665 -6.14415e+00
 31 -0.03091 -1.41589e+00 | 32  0.01831 -2.66887e+01 | 33 -0.00893 -2.32035e+00
 34  0.01303  4.32433e+00 | 35 -0.01966 -2.35261e+01 | 36 -0.01813 -1.11093e+01
 37 -0.01216  3.78437e-01 | 38  0.05540 -5.40441e+00 | 39 -0.04851  9.36823e+00
 40 -0.06029 -1.39669e+00 | 41  0.02986 -1.06424e+01 | 42  0.00418 -1.14697e+01
 43 -0.02092 -5.61948e+00 | 44 -0.01317 -1.73113e+01 | 45  0.01437 -1.73419e+01
 46 -0.02013  8.72004e+00 | 47 -0.00252  5.98960e+00 | 48 -0.01099  1.62248e+01
 49 -0.01629  5.91979e+00 | 50  0.02062 -1.96853e+01 | 51  0.00896 -1.88126e+00
 52  0.00485 -1.23513e+01 | 53 -0.02684  2.99093e+01 | 54  0.00469  5.11266e+01
 55  0.03452 -9.43784e+00 | 56 -0.02029  1.23537e+01 | 57 -0.00057  3.78049e+01
 58  0.01007  3.36200e+01 | 59  0.00479  1.40968e+01 | 60 -0.00829  1.82889e+01
 61  0.01424  5.97219e+00 | 62 -0.00625  1.62133e+01 | 63  0.00965  3.88347e+01
 64 -0.01150  1.62705e+01 | 65  0.00995  1.04075e+01 | 66 -0.01818  9.51808e-01
 67  0.05878  3.77907e+01 | 68 -0.04030  2.95510e+01 | 69  0.03379  2.49528e+01
 70  0.00601  1.85153e+01 | 71 -0.03494  1.54013e+01 | 72 -0.01939  8.19493e-01
 73  0.01472  2.82282e+01 | 74 -0.00405 -9.00966e-01 | 75 -0.01978  4.37287e+01
 76  0.00036 -2.14434e+00 | 77  0.00536  2.37011e+01 | 78 -0.01161  2.75359e+00
 79  0.02529  2.70323e+01 | 80 -0.00824  1.70493e+01 | 81 -0.02064  1.79104e+01
 82  0.05545  7.62221e+01 | 83  0.05206  1.44662e+01 | 84  0.00476 -9.47313e+00
 85 -0.01989  5.27397e+00 | 86 -0.02615 -4.70462e+00 | 87  0.01846 -1.09793e+01
 88  0.00387 -2.79253e+01 | 89 -0.01333 -2.63975e+01 | 90  0.01530 -2.83019e+01
 91 -0.03423  8.63789e-01 | 92  0.00063 -4.38997e+01 | 93  0.03168  4.30617e-01
 94  0.00596 -2.11445e+01 | 95 -0.00507 -2.25585e+01 | 96 -0.00507 -2.25552e+01
 97  0.14922  9.15728e+01 | 98 -0.10358  3.16219e+01 |

Initial statistics: 100 variables; iteration 0; function evaluation 0; phase 3
Function value 2.1147758e+03; maximum gradient component mag 4.9886e+02
Var    Value     Gradient |Var    Value     Gradient |Var    Value     Gradient
  1  0.62927  4.98856e+02 |  2  0.01055 -2.05901e+01 |  3  0.01369 -2.02277e+01
  4 -0.01687 -1.50253e+01 |  5 -0.02572 -2.63397e+01 |  6 -0.01851 -1.53624e+01
  7  0.00696  8.74276e+00 |  8 -0.01159 -3.03548e+01 |  9  0.01591 -2.64184e+01
 10 -0.00436 -3.36391e+01 | 11 -0.02676  1.06764e+00 | 12  0.00480 -7.27017e+00
 13 -0.00206 -2.83258e+01 | 14 -0.00540 -2.41390e+01 | 15 -0.01375 -3.64000e+00
 16 -0.03560 -1.24402e+01 | 17  0.01060  7.73743e+00 | 18  0.03677  3.37082e+00
 19  0.01807 -8.02678e+00 | 20  0.02437 -5.32143e+00 | 21 -0.00973  1.12264e+01
 22 -0.00075  3.90658e+00 | 23  0.00199 -4.48483e+00 | 24  0.02750 -4.94573e+00
 25  0.02470 -1.42927e+01 | 26  0.01054  5.21995e+00 | 27 -0.00135 -7.29958e+00
 28  0.01677 -3.28401e+01 | 29  0.00322 -1.44983e+01 | 30 -0.00665 -6.18996e+00
 31 -0.03091 -1.46165e+00 | 32  0.01831 -2.67344e+01 | 33 -0.00894 -2.36615e+00
 34  0.01303  4.27853e+00 | 35 -0.01966 -2.35719e+01 | 36 -0.01813 -1.11551e+01
 37 -0.01216  3.32634e-01 | 38  0.05540 -5.45005e+00 | 39 -0.04851  9.32255e+00
 40 -0.06029 -1.44230e+00 | 41  0.02986 -1.06881e+01 | 42  0.00418 -1.15155e+01
 43 -0.02092 -5.66526e+00 | 44 -0.01317 -1.73571e+01 | 45  0.01437 -1.73877e+01
 46 -0.02014  8.67425e+00 | 47 -0.00252  5.94379e+00 | 48 -0.01099  1.61790e+01
 49 -0.01629  5.87399e+00 | 50  0.02062 -1.97311e+01 | 51  0.00896 -1.92707e+00
 52  0.00485 -1.23971e+01 | 53 -0.02684  2.98636e+01 | 54  0.00469  5.10808e+01
 55  0.03452 -9.48358e+00 | 56 -0.02029  1.23079e+01 | 57 -0.00057  3.77591e+01
 58  0.01007  3.35741e+01 | 59  0.00479  1.40510e+01 | 60 -0.00829  1.82431e+01
 61  0.01424  5.92640e+00 | 62 -0.00625  1.61675e+01 | 63  0.00965  3.87889e+01
 64 -0.01150  1.62247e+01 | 65  0.00995  1.03617e+01 | 66 -0.01818  9.06016e-01
 67  0.05878  3.77450e+01 | 68 -0.04030  2.95053e+01 | 69  0.03379  2.49071e+01
 70  0.00601  1.84695e+01 | 71 -0.03494  1.53556e+01 | 72 -0.01939  7.73704e-01
 73  0.01472  2.81824e+01 | 74 -0.00405 -9.46775e-01 | 75 -0.01978  4.36829e+01
 76  0.00036 -2.19015e+00 | 77  0.00536  2.36553e+01 | 78 -0.01161  2.70779e+00
 79  0.02529  2.69865e+01 | 80 -0.00824  1.70035e+01 | 81 -0.02064  1.78646e+01
 82  0.05545  7.61765e+01 | 83  0.05206  1.44205e+01 | 84  0.00476 -9.51894e+00
 85 -0.01989  5.22818e+00 | 86 -0.02615 -4.75039e+00 | 87  0.01846 -1.10251e+01
 88  0.00386 -2.79711e+01 | 89 -0.01333 -2.64433e+01 | 90  0.01530 -2.83476e+01
 91 -0.03423  8.18044e-01 | 92  0.00063 -4.39455e+01 | 93  0.03168  3.84863e-01
 94  0.00596 -2.11903e+01 | 95 -0.00507 -2.26043e+01 | 96 -0.00507 -2.26010e+01
 97  0.14922  9.15728e+01 | 98 -0.41581 -3.14383e+02 | 99 -0.10358  3.16219e+01
100 -0.25275 -4.75876e+00 |

Intermediate statistics: 100 variables; iteration 20; function evaluation 25; phase 3
Function value 2.1134197e+03; maximum gradient component mag 3.1129e+02
Var    Value     Gradient |Var    Value     Gradient |Var    Value     Gradient
  1  0.62909  3.11294e+02 |  2  0.01295 -9.17632e+00 |  3  0.01562 -9.32411e+00
  4 -0.01711 -9.46823e+00 |  5 -0.02072 -8.93607e+00 |  6 -0.01867 -9.47084e+00
  7 -0.00077 -8.63813e+00 |  8 -0.00724 -9.95460e+00 |  9  0.01773 -1.03936e+01
 10 -0.00064 -1.06411e+01 | 11 -0.03141 -8.63974e+00 | 12  0.00304 -8.87937e+00
 13 -0.00070 -1.15291e+01 | 14 -0.00469 -1.10538e+01 | 15 -0.01531 -6.90671e+00
 16 -0.03594 -8.19902e+00 | 17  0.00953  5.23534e-01 | 18  0.03620 -4.19938e-01
 19  0.01776 -5.67854e+00 | 20  0.02403 -4.15496e+00 | 21 -0.01144 -9.33309e-02
 22 -0.00172 -1.65926e+00 | 23  0.00148 -4.72807e+00 | 24  0.02715 -4.56201e+00
 25  0.02469 -8.62542e+00 | 26  0.00978 -1.16937e-01 | 27 -0.00167 -5.68098e+00
 28  0.01737 -1.68306e+01 | 29  0.00326 -8.54984e+00 | 30 -0.00696 -5.18954e+00
 31 -0.03183 -4.59948e+00 | 32  0.01878 -1.44065e+01 | 33 -0.00942 -3.82585e+00
 34  0.01254 -3.32386e-01 | 35 -0.01896 -1.12569e+01 | 36 -0.01814 -6.99107e+00
 37 -0.01274 -2.79315e+00 | 38  0.05538 -7.58407e+00 | 39 -0.05073 -2.83370e+00
 40 -0.06155 -5.59300e+00 | 41  0.02997 -8.99245e+00 | 42  0.00436 -7.62175e+00
 43 -0.02104 -4.83309e+00 | 44 -0.01260 -9.16721e+00 | 45  0.01484 -1.12329e+01
 46 -0.02083  6.61484e-01 | 47 -0.00269  2.68192e-01 | 48 -0.01162  4.76147e+00
 49 -0.01659  2.06938e-01 | 50  0.02113 -1.40744e+01 | 51  0.00912 -3.46124e+00
 52  0.00523 -9.27961e+00 | 53 -0.02787  1.13063e+01 | 54  0.00381  2.13350e+01
 55  0.03465 -1.42739e+01 | 56 -0.02065  4.44477e+00 | 57 -0.00113  1.89585e+01
 58  0.00957  1.25142e+01 | 59  0.00464  4.75847e+00 | 60 -0.00860  9.33554e+00
 61  0.01426  8.71376e-01 | 62 -0.00650  7.71400e+00 | 63  0.00916  1.83068e+01
 64 -0.01177  8.73472e+00 | 65  0.00996  6.30682e+00 | 66 -0.01818  5.08185e-01
 67  0.05857  9.34400e+00 | 68 -0.04176  1.15320e+01 | 69  0.03381  1.68513e+01
 70  0.00590  1.29267e+01 | 71 -0.03548  8.23466e+00 | 72 -0.01934  3.37259e+00
 73  0.01464  2.48341e+01 | 74 -0.00386  5.20595e+00 | 75 -0.02072  2.65130e+01
 76  0.00056  4.96307e+00 | 77  0.00513  1.87941e+01 | 78 -0.01168  4.24194e+00
 79  0.02515  2.18461e+01 | 80 -0.00858  1.21885e+01 | 81 -0.02127  1.02956e+01
 82  0.05577  9.40883e+01 | 83  0.05283  5.21447e+01 | 84  0.00493 -1.65192e+00
 85 -0.02036  1.36216e+00 | 86 -0.02640 -4.67657e+00 | 87  0.01839 -1.06631e+01
 88  0.00408 -1.90716e+01 | 89 -0.01289 -1.57026e+01 | 90  0.01558 -1.88905e+01
 91 -0.03635 -7.52446e+00 | 92  0.00302 -1.78483e+01 | 93  0.02852 -8.93975e+00
 94  0.01093 -8.32909e+00 | 95  0.00062 -8.31031e+00 | 96  0.00062 -8.31081e+00
 97  0.15300  1.15713e+02 | 98 -0.41321 -2.39355e+02 | 99 -0.10613  6.23653e+00
100 -0.25403 -1.11222e+00 |
100 variables; iteration 40; function evaluation 50; phase 3
Function value 2.1131534e+03; maximum gradient component mag 1.4079e+02
Var    Value     Gradient |Var    Value     Gradient |Var    Value     Gradient
  1  0.62850  1.40786e+02 |  2  0.01378 -2.46416e+00 |  3  0.01431 -7.64592e+00
  4 -0.01791 -6.33360e+00 |  5 -0.01978 -1.89639e+00 |  6 -0.01947 -6.61907e+00
  7  0.00057  1.33929e-01 |  8 -0.00800 -7.73255e+00 |  9  0.01717 -8.62402e+00
 10  0.00036 -1.99360e+00 | 11 -0.03447 -1.47167e+01 | 12  0.00437  2.72331e+00
 13 -0.00093 -9.04885e+00 | 14 -0.00442 -5.50874e+00 | 15 -0.01636 -1.04426e+01
 16 -0.03605 -5.05850e+00 | 17  0.00949  2.32412e+00 | 18  0.03605 -2.13570e+00
 19  0.01778 -3.28042e+00 | 20  0.02377 -7.01876e+00 | 21 -0.01214 -4.28936e+00
 22 -0.00221 -5.00487e+00 | 23  0.00168  9.93554e-02 | 24  0.02718 -2.78773e+00
 25  0.02484 -5.11646e+00 | 26  0.00999  4.34711e+00 | 27 -0.00157 -2.50347e+00
 28  0.01756 -1.27020e+01 | 29  0.00386  1.71330e+00 | 30 -0.00686 -1.83799e+00
 31 -0.03146  1.66801e+00 | 32  0.01919 -6.83684e+00 | 33 -0.00952 -2.96788e+00
 34  0.01268  2.74170e+00 | 35 -0.01812  6.86862e-01 | 36 -0.01794 -2.41159e+00
 37 -0.01286 -2.30154e+00 | 38  0.05557 -6.74945e+00 | 39 -0.05214 -9.63048e+00
 40 -0.06177 -3.65215e+00 | 41  0.03021 -5.48806e+00 | 42  0.00482  2.28231e-01
 43 -0.02087 -1.09882e+00 | 44 -0.01212 -1.98897e+00 | 45  0.01527 -4.68401e+00
 46 -0.02093  5.76722e-01 | 47 -0.00241  3.64309e+00 | 48 -0.01184  1.26617e+00
 49 -0.01661 -5.60877e-02 | 50  0.02159 -6.57588e+00 | 51  0.00951  2.97391e+00
 52  0.00573 -2.62684e-01 | 53 -0.02820  5.63802e+00 | 54  0.00363  1.12502e+01
 55  0.03507 -6.35651e+00 | 56 -0.02093 -3.12358e+00 | 57 -0.00141  7.16979e+00
 58  0.00985  1.44618e+01 | 59  0.00478  3.42699e+00 | 60 -0.00869  3.84080e+00
 61  0.01469  7.79843e+00 | 62 -0.00655  1.57566e+00 | 63  0.00892  3.43828e+00
 64 -0.01169  6.37339e+00 | 65  0.01037  1.12321e+01 | 66 -0.01804  5.31963e-01
 67  0.05885  4.35627e+00 | 68 -0.04151  1.41387e+01 | 69  0.03396  8.46779e+00
 70  0.00593  5.56046e+00 | 71 -0.03570  2.84718e+00 | 72 -0.01928  2.75575e-02
 73  0.01461  1.29954e+01 | 74 -0.00367  2.75167e+00 | 75 -0.02157  4.99253e+00
 76  0.00018 -1.40868e+01 | 77  0.00497  6.35966e+00 | 78 -0.01173 -7.36596e-01
 79  0.02513  1.19317e+01 | 80 -0.00849  1.10803e+01 | 81 -0.02134  7.68059e+00
 82  0.05514  4.62048e+01 | 83  0.05261  2.76279e+01 | 84  0.00506 -2.05479e+00
 85 -0.02066 -2.95812e+00 | 86 -0.02652 -4.46200e+00 | 87  0.01884  2.51518e+00
 88  0.00445 -8.62314e+00 | 89 -0.01271 -9.19816e+00 | 90  0.01598 -8.54770e+00
 91 -0.03656 -4.34704e+00 | 92  0.00342 -1.01914e+01 | 93  0.02925 -2.30352e-01
 94  0.01150 -2.29215e+00 | 95 -0.00025 -4.57397e+00 | 96 -0.00025 -4.57448e+00
 97  0.15449  4.79351e+01 | 98 -0.41197 -1.00725e+02 | 99 -0.10568  8.78998e+00
100 -0.25380  2.70636e+00 |
100 variables; iteration 60; function evaluation 74; phase 3
Function value 2.1130528e+03; maximum gradient component mag 7.4646e+01
Var    Value     Gradient |Var    Value     Gradient |Var    Value     Gradient
  1  0.62832  7.46463e+01 |  2  0.01410  1.60868e-01 |  3  0.01502 -4.05209e+00
  4 -0.01867 -6.08077e+00 |  5 -0.02079 -2.31335e+00 |  6 -0.01815 -1.47394e+00
  7 -0.00072 -1.97710e+00 |  8 -0.00837 -7.08338e+00 |  9  0.01739 -5.91815e+00
 10  0.00026 -6.57035e-01 | 11 -0.03305 -7.97303e+00 | 12  0.00336 -1.35754e+00
 13 -0.00078 -6.42076e+00 | 14 -0.00409 -1.50967e+00 | 15 -0.01571 -4.30926e+00
 16 -0.03581 -1.93786e+00 | 17  0.00940  2.22895e+00 | 18  0.03600 -2.48182e+00
 19  0.01785 -1.19988e+00 | 20  0.02396 -3.00375e+00 | 21 -0.01211 -2.63876e+00
 22 -0.00216 -3.18655e+00 | 23  0.00169  1.44105e+00 | 24  0.02712 -3.16254e+00
 25  0.02492 -3.06650e+00 | 26  0.00960 -2.32196e-01 | 27 -0.00157 -1.19125e+00
 28  0.01787 -6.40853e+00 | 29  0.00350 -2.44038e+00 | 30 -0.00688 -1.17494e+00
 31 -0.03211 -2.56695e+00 | 32  0.01942 -2.20426e+00 | 33 -0.00961 -2.89929e+00
 34  0.01267  3.13233e+00 | 35 -0.01848 -2.42647e+00 | 36 -0.01779  1.59775e-01
 37 -0.01298 -2.82621e+00 | 38  0.05573 -2.91992e+00 | 39 -0.05216 -8.41154e+00
 40 -0.06109  2.04864e+00 | 41  0.03044 -7.99316e-01 | 42  0.00496  2.55058e+00
 43 -0.02083  5.35114e-02 | 44 -0.01195  3.42993e-01 | 45  0.01530 -4.84563e+00
 46 -0.02093  8.77373e-01 | 47 -0.00245  2.71778e+00 | 48 -0.01167  3.75070e+00
 49 -0.01652  1.43941e+00 | 50  0.02179 -3.00205e+00 | 51  0.00948  1.16306e+00
 52  0.00572 -2.23730e+00 | 53 -0.02836  2.82917e+00 | 54  0.00352  6.58137e+00
 55  0.03520 -3.71297e+00 | 56 -0.02063  2.75534e+00 | 57 -0.00151  3.34724e+00
 58  0.00974  8.88679e+00 | 59  0.00477  9.25191e-01 | 60 -0.00873  1.88880e+00
 61  0.01467  4.20267e+00 | 62 -0.00648  2.14283e+00 | 63  0.00890  4.98318e-01
 64 -0.01173  3.96915e+00 | 65  0.01027  5.40959e+00 | 66 -0.01801  2.91188e-01
 67  0.05895  2.26621e+00 | 68 -0.04186  9.63290e+00 | 69  0.03397  4.10034e+00
 70  0.00610  7.94563e+00 | 71 -0.03574  1.85419e+00 | 72 -0.01923 -3.77517e-02
 73  0.01454  6.93174e+00 | 74 -0.00355  3.87874e+00 | 75 -0.02175  7.01674e-01
 76  0.00036 -1.10781e+01 | 77  0.00497  4.83303e+00 | 78 -0.01170 -8.75960e-01
 79  0.02505  6.18979e+00 | 80 -0.00859  8.39235e+00 | 81 -0.02136  7.10809e+00
 82  0.05482  2.54944e+01 | 83  0.05240  1.48285e+01 | 84  0.00516  3.82452e-01
 85 -0.02069 -2.30017e+00 | 86 -0.02652 -2.98133e+00 | 87  0.01861 -2.50883e+00
 88  0.00448 -5.83020e+00 | 89 -0.01264 -5.78770e+00 | 90  0.01594 -6.06401e+00
 91 -0.03657 -1.87602e+00 | 92  0.00361 -5.75403e+00 | 93  0.02892  5.16983e-01
 94  0.01093 -1.23403e+00 | 95 -0.00016 -2.42514e+00 | 96 -0.00016 -2.42510e+00
 97  0.15506  2.57847e+01 | 98 -0.41150 -5.11781e+01 | 99 -0.10603  5.92681e+00
100 -0.25398  1.84159e+00 |
100 variables; iteration 80; function evaluation 100; phase 3
Function value 2.1129938e+03; maximum gradient component mag 7.4788e+00
Var    Value     Gradient |Var    Value     Gradient |Var    Value     Gradient
  1  0.62833  7.47883e+00 |  2  0.01318  3.08888e-01 |  3  0.01519 -1.41307e+00
  4 -0.01674  3.36403e-01 |  5 -0.02070  8.93248e-02 |  6 -0.01782  1.59433e+00
  7 -0.00079  1.15122e-01 |  8 -0.00697 -3.00685e-01 |  9  0.01802 -5.89628e-01
 10 -0.00018 -9.06170e-02 | 11 -0.03168 -8.83440e-01 | 12  0.00311 -2.69036e-01
 13 -0.00030 -1.00261e+00 | 14 -0.00413  5.02728e-01 | 15 -0.01551 -8.77634e-01
 16 -0.03589 -5.79245e-01 | 17  0.00891 -2.33292e+00 | 18  0.03606 -3.40959e-01
 19  0.01769 -2.00646e+00 | 20  0.02419  2.25905e+00 | 21 -0.01207 -3.58400e-01
 22 -0.00216 -1.26001e+00 | 23  0.00155  1.64923e+00 | 24  0.02723  5.94280e-01
 25  0.02501  2.64447e-01 | 26  0.00945 -6.11366e-01 | 27 -0.00152  1.14090e+00
 28  0.01807 -1.31660e+00 | 29  0.00357  2.40247e-01 | 30 -0.00679  1.69910e+00
 31 -0.03199  2.28733e-01 | 32  0.01928 -3.30761e+00 | 33 -0.00952 -3.72598e-01
 34  0.01242  3.07034e-02 | 35 -0.01849 -1.08054e+00 | 36 -0.01796 -2.47612e-01
 37 -0.01303 -1.91719e+00 | 38  0.05579 -3.93015e-01 | 39 -0.05128 -5.61821e-01
 40 -0.06163  3.81693e-01 | 41  0.03044 -5.45849e-01 | 42  0.00496  3.11416e+00
 43 -0.02117 -2.82775e+00 | 44 -0.01224 -2.31090e+00 | 45  0.01552 -4.42742e-01
 46 -0.02092  2.06377e+00 | 47 -0.00255  1.55258e+00 | 48 -0.01200 -6.05712e-01
 49 -0.01662  5.53799e-01 | 50  0.02193 -2.86734e-01 | 51  0.00947  4.77117e-01
 52  0.00579 -1.07248e+00 | 53 -0.02852  6.01867e-01 | 54  0.00331  6.37031e-01
 55  0.03531 -4.77013e-01 | 56 -0.02075  9.46558e-01 | 57 -0.00161  8.85394e-02
 58  0.00951  7.45456e-01 | 59  0.00477 -1.25547e-01 | 60 -0.00881 -8.38819e-02
 61  0.01460  5.00510e-01 | 62 -0.00665 -2.23301e+00 | 63  0.00894  2.13926e-01
 64 -0.01184  1.34218e+00 | 65  0.01013 -1.30732e-01 | 66 -0.01784  3.55255e+00
 67  0.05901 -9.36857e-03 | 68 -0.04251  1.82547e+00 | 69  0.03398  3.11107e-01
 70  0.00590  6.27749e-01 | 71 -0.03585  2.28735e-01 | 72 -0.01914  1.37291e+00
 73  0.01442  3.92712e-01 | 74 -0.00363  6.06613e-01 | 75 -0.02181 -5.26732e-01
 76  0.00073 -1.19115e+00 | 77  0.00480 -7.65745e-02 | 78 -0.01163  8.65329e-01
 79  0.02493  3.30216e-01 | 80 -0.00893  1.29032e+00 | 81 -0.02186 -9.34881e-01
 82  0.05441  2.52344e+00 | 83  0.05215  1.31424e+00 | 84  0.00514  6.70997e-01
 85 -0.02073 -1.20408e+00 | 86 -0.02645  3.09623e-01 | 87  0.01859 -1.62966e-01
 88  0.00448 -2.44883e+00 | 89 -0.01234  1.60323e+00 | 90  0.01596 -1.49074e+00
 91 -0.03666  2.89630e-01 | 92  0.00385 -6.89983e-01 | 93  0.02832 -1.85548e-02
 94  0.01039 -1.07066e-01 | 95 -0.00007 -2.11376e-01 | 96 -0.00012 -2.94377e-01
 97  0.15541  2.60883e+00 | 98 -0.41116 -4.69012e+00 | 99 -0.10674  1.43905e-01
100 -0.25436  2.82564e-01 |
Maximum number of function evaluations exceeded

 - final statistics:
100 variables; iteration 81; function evaluation 100
Function value 2.1130e+03; maximum gradient component mag 7.4788e+00
Exit code = 3;  converg criter 1.0000e+00
Var    Value     Gradient |Var    Value     Gradient |Var    Value     Gradient
  1  0.62833  7.47883e+00 |  2  0.01318  3.08888e-01 |  3  0.01519 -1.41307e+00
  4 -0.01674  3.36403e-01 |  5 -0.02070  8.93248e-02 |  6 -0.01782  1.59433e+00
  7 -0.00079  1.15122e-01 |  8 -0.00697 -3.00685e-01 |  9  0.01802 -5.89628e-01
 10 -0.00018 -9.06170e-02 | 11 -0.03168 -8.83440e-01 | 12  0.00311 -2.69036e-01
 13 -0.00030 -1.00261e+00 | 14 -0.00413  5.02728e-01 | 15 -0.01551 -8.77634e-01
 16 -0.03589 -5.79245e-01 | 17  0.00891 -2.33292e+00 | 18  0.03606 -3.40959e-01
 19  0.01769 -2.00646e+00 | 20  0.02419  2.25905e+00 | 21 -0.01207 -3.58400e-01
 22 -0.00216 -1.26001e+00 | 23  0.00155  1.64923e+00 | 24  0.02723  5.94280e-01
 25  0.02501  2.64447e-01 | 26  0.00945 -6.11366e-01 | 27 -0.00152  1.14090e+00
 28  0.01807 -1.31660e+00 | 29  0.00357  2.40247e-01 | 30 -0.00679  1.69910e+00
 31 -0.03199  2.28733e-01 | 32  0.01928 -3.30761e+00 | 33 -0.00952 -3.72598e-01
 34  0.01242  3.07034e-02 | 35 -0.01849 -1.08054e+00 | 36 -0.01796 -2.47612e-01
 37 -0.01303 -1.91719e+00 | 38  0.05579 -3.93015e-01 | 39 -0.05128 -5.61821e-01
 40 -0.06163  3.81693e-01 | 41  0.03044 -5.45849e-01 | 42  0.00496  3.11416e+00
 43 -0.02117 -2.82775e+00 | 44 -0.01224 -2.31090e+00 | 45  0.01552 -4.42742e-01
 46 -0.02092  2.06377e+00 | 47 -0.00255  1.55258e+00 | 48 -0.01200 -6.05712e-01
 49 -0.01662  5.53799e-01 | 50  0.02193 -2.86734e-01 | 51  0.00947  4.77117e-01
 52  0.00579 -1.07248e+00 | 53 -0.02852  6.01867e-01 | 54  0.00331  6.37031e-01
 55  0.03531 -4.77013e-01 | 56 -0.02075  9.46558e-01 | 57 -0.00161  8.85394e-02
 58  0.00951  7.45456e-01 | 59  0.00477 -1.25547e-01 | 60 -0.00881 -8.38819e-02
 61  0.01460  5.00510e-01 | 62 -0.00665 -2.23301e+00 | 63  0.00894  2.13926e-01
 64 -0.01184  1.34218e+00 | 65  0.01013 -1.30732e-01 | 66 -0.01784  3.55255e+00
 67  0.05901 -9.36857e-03 | 68 -0.04251  1.82547e+00 | 69  0.03398  3.11107e-01
 70  0.00590  6.27749e-01 | 71 -0.03585  2.28735e-01 | 72 -0.01914  1.37291e+00
 73  0.01442  3.92712e-01 | 74 -0.00363  6.06613e-01 | 75 -0.02181 -5.26732e-01
 76  0.00073 -1.19115e+00 | 77  0.00480 -7.65745e-02 | 78 -0.01163  8.65329e-01
 79  0.02493  3.30216e-01 | 80 -0.00893  1.29032e+00 | 81 -0.02186 -9.34881e-01
 82  0.05441  2.52344e+00 | 83  0.05215  1.31424e+00 | 84  0.00514  6.70997e-01
 85 -0.02073 -1.20408e+00 | 86 -0.02645  3.09623e-01 | 87  0.01859 -1.62966e-01
 88  0.00448 -2.44883e+00 | 89 -0.01234  1.60323e+00 | 90  0.01596 -1.49074e+00
 91 -0.03666  2.89630e-01 | 92  0.00385 -6.89983e-01 | 93  0.02832 -1.85548e-02
 94  0.01039 -1.07066e-01 | 95 -0.00007 -2.11376e-01 | 96 -0.00012 -2.94377e-01
 97  0.15541  2.60883e+00 | 98 -0.41116 -4.69012e+00 | 99 -0.10674  1.43905e-01
100 -0.25436  2.82564e-01 |

Initial statistics: 108 variables; iteration 0; function evaluation 0; phase 4
Function value 2.1129938e+03; maximum gradient component mag 1.3197e+03
Var    Value     Gradient |Var    Value     Gradient |Var    Value     Gradient
  1 -0.42263 -1.05245e+01 |  2 -0.42263  1.31968e+03 |  3 -0.41094  4.21341e+02
  4  0.62833  7.47883e+00 |  5  0.00000 -1.32534e+01 |  6  0.00000  7.46632e+00
  7  0.00000  9.05571e+00 |  8  0.00000  5.61999e+00 |  9  0.00000 -5.49103e+00
 10  0.01318  3.11213e-01 | 11  0.01519 -1.41074e+00 | 12 -0.01674  3.38728e-01
 13 -0.02070  9.16491e-02 | 14 -0.01782  1.59665e+00 | 15 -0.00079  1.17447e-01
 16 -0.00697 -2.98360e-01 | 17  0.01802 -5.87303e-01 | 18 -0.00018 -8.82915e-02
 19 -0.03168 -8.81118e-01 | 20  0.00311 -2.66710e-01 | 21 -0.00030 -1.00029e+00
 22 -0.00413  5.05054e-01 | 23 -0.01551 -8.75310e-01 | 24 -0.03589 -5.76923e-01
 25  0.00891 -2.33059e+00 | 26  0.03606 -3.38638e-01 | 27  0.01769 -2.00414e+00
 28  0.02419  2.26137e+00 | 29 -0.01207 -3.56074e-01 | 30 -0.00216 -1.25769e+00
 31  0.00155  1.65155e+00 | 32  0.02723  5.96603e-01 | 33  0.02501  2.66771e-01
 34  0.00945 -6.09041e-01 | 35 -0.00152  1.14323e+00 | 36  0.01807 -1.31428e+00
 37  0.00357  2.42573e-01 | 38 -0.00679  1.70142e+00 | 39 -0.03199  2.31056e-01
 40  0.01928 -3.30529e+00 | 41 -0.00952 -3.70273e-01 | 42  0.01242  3.30285e-02
 43 -0.01849 -1.07821e+00 | 44 -0.01796 -2.45287e-01 | 45 -0.01303 -1.91487e+00
 46  0.05579 -3.90699e-01 | 47 -0.05128 -5.59503e-01 | 48 -0.06163  3.84007e-01
 49  0.03044 -5.43526e-01 | 50  0.00496  3.11649e+00 | 51 -0.02117 -2.82543e+00
 52 -0.01224 -2.30857e+00 | 53  0.01552 -4.40417e-01 | 54 -0.02092  2.06610e+00
 55 -0.00255  1.55490e+00 | 56 -0.01200 -6.03387e-01 | 57 -0.01662  5.56124e-01
 58  0.02193 -2.84409e-01 | 59  0.00947  4.79443e-01 | 60  0.00579 -1.07015e+00
 61 -0.02852  6.04190e-01 | 62  0.00331  6.39357e-01 | 63  0.03531 -4.74691e-01
 64 -0.02075  9.48882e-01 | 65 -0.00161  9.08649e-02 | 66  0.00951  7.47781e-01
 67  0.00477 -1.23222e-01 | 68 -0.00881 -8.15566e-02 | 69  0.01460  5.02835e-01
 70 -0.00665 -2.23069e+00 | 71  0.00894  2.16251e-01 | 72 -0.01184  1.34450e+00
 73  0.01013 -1.28407e-01 | 74 -0.01784  3.55487e+00 | 75  0.05901 -7.05305e-03
 76 -0.04251  1.82779e+00 | 77  0.03398  3.13429e-01 | 78  0.00590  6.30074e-01
 79 -0.03585  2.31057e-01 | 80 -0.01914  1.37523e+00 | 81  0.01442  3.95037e-01
 82 -0.00363  6.08938e-01 | 83 -0.02181 -5.24408e-01 | 84  0.00073 -1.18882e+00
 85  0.00480 -7.42490e-02 | 86 -0.01163  8.67654e-01 | 87  0.02493  3.32540e-01
 88 -0.00893  1.29264e+00 | 89 -0.02186 -9.32557e-01 | 90  0.05441  2.52576e+00
 91  0.05215  1.31656e+00 | 92  0.00514  6.73323e-01 | 93 -0.02073 -1.20176e+00
 94 -0.02645  3.11946e-01 | 95  0.01859 -1.60641e-01 | 96  0.00448 -2.44651e+00
 97 -0.01234  1.60556e+00 | 98  0.01596 -1.48841e+00 | 99 -0.03666  2.91952e-01
100  0.00385 -6.87657e-01 |101  0.02832 -1.62316e-02 |102  0.01039 -1.04741e-01
103 -0.00007 -2.09050e-01 |104 -0.00012 -2.92051e-01 |105  0.15541  2.60883e+00
106 -0.41116 -4.69012e+00 |107 -0.10674  1.43905e-01 |108 -0.25436  2.82564e-01

Intermediate statistics: 108 variables; iteration 20; function evaluation 23; phase 4
Function value 2.1114746e+03; maximum gradient component mag 9.5899e+02
Var    Value     Gradient |Var    Value     Gradient |Var    Value     Gradient
  1 -0.39287  3.03789e+01 |  2 -0.42152  9.58992e+02 |  3 -0.42017  3.79695e+02
  4  0.62862  1.54277e+02 |  5 -0.00203 -1.99629e+01 |  6 -0.00197  3.64432e+00
  7 -0.00227  4.55059e+00 |  8 -0.00109  3.07131e+00 |  9 -0.00027 -6.65749e+00
 10  0.01219 -7.65745e+00 | 11  0.01397 -1.03354e+01 | 12 -0.01758 -7.20045e+00
 13 -0.02159 -7.75045e+00 | 14 -0.01871 -6.68909e+00 | 15 -0.00213 -1.06673e+01
 16 -0.00834 -1.15964e+01 | 17  0.01602 -1.79748e+01 | 18 -0.00166 -1.44764e+01
 19 -0.03279 -1.19763e+01 | 20  0.00171 -1.74276e+01 | 21 -0.00164 -1.86028e+01
 22 -0.00478 -1.29615e+01 | 23 -0.01625 -1.38720e+01 | 24 -0.03641 -1.03298e+01
 25  0.00799 -2.13557e+01 | 26  0.03578 -1.50195e+01 | 27  0.01684 -2.21095e+01
 28  0.02406 -7.01838e+00 | 29 -0.01265 -1.15919e+01 | 30 -0.00297 -1.81492e+01
 31  0.00134 -1.00513e+01 | 32  0.02713 -1.15720e+01 | 33  0.02497 -8.03198e+00
 34  0.00910 -1.30247e+01 | 35 -0.00166 -7.03309e+00 | 36  0.01778 -1.34503e+01
 37  0.00326 -1.12490e+01 | 38 -0.00687 -5.34987e+00 | 39 -0.03224 -7.11697e+00
 40  0.01906 -1.39178e+01 | 41 -0.00977 -7.74849e+00 | 42  0.01234 -5.18509e+00
 43 -0.01908 -1.24666e+01 | 44 -0.01843 -1.06051e+01 | 45 -0.01386 -1.70744e+01
 46  0.05634  1.34175e+01 | 47 -0.05161 -6.66792e+00 | 48 -0.06174 -4.12337e+00
 49  0.03076  5.39912e+00 | 50  0.00550  7.78953e+00 | 51 -0.02178 -1.30963e+01
 52 -0.01242 -7.35770e+00 | 53  0.01615  1.05639e+01 | 54 -0.02003  1.06338e+01
 55 -0.00168  1.46938e+01 | 56 -0.01146  5.22556e+00 | 57 -0.01582  9.68264e+00
 58  0.02299  2.91958e+01 | 59  0.01045  2.59365e+01 | 60  0.00666  2.33435e+01
 61 -0.02770  1.48949e+01 | 62  0.00407  2.31975e+01 | 63  0.03555  1.60529e+01
 64 -0.02007  1.40895e+01 | 65 -0.00108  1.67825e+01 | 66  0.00983  1.25268e+01
 67  0.00510  1.26794e+01 | 68 -0.00838  1.14055e+01 | 69  0.01487  1.12301e+01
 70 -0.00620  7.94946e+00 | 71  0.00913  7.93918e+00 | 72 -0.01145  9.48056e+00
 73  0.01043  7.34176e+00 | 74 -0.01729  1.42655e+01 | 75  0.06072  1.17736e+02
 76 -0.04173  1.08815e+01 | 77  0.03345 -8.69751e+00 | 78  0.00591 -2.05867e+00
 79 -0.03550  3.51030e+00 | 80 -0.01875  6.59941e+00 | 81  0.01442 -2.08701e+00
 82 -0.00328  3.80806e+00 | 83 -0.02151  2.04486e+00 | 84  0.00118  5.59118e+00
 85  0.00500  1.46205e+00 | 86 -0.01125  4.33562e+00 | 87  0.02490 -7.35110e+00
 88 -0.00836  5.85408e+00 | 89 -0.02160 -3.76419e+00 | 90  0.05428 -1.66597e+01
 91  0.05165 -3.25579e+01 | 92  0.00570  6.93920e+00 | 93 -0.02004  6.12518e+00
 94 -0.02549  1.06178e+01 | 95  0.01951  1.64861e+01 | 96  0.00553  9.73903e+00
 97 -0.01104  1.24308e+01 | 98  0.01727  1.09467e+01 | 99 -0.03641 -4.32403e+00
100  0.00378 -1.02496e+01 |101  0.02679 -1.48652e+01 |102  0.01201 -3.85319e+00
103 -0.00020 -5.36113e+00 |104 -0.00023 -5.41251e+00 |105  0.15508 -9.24873e+01
106 -0.41189  9.81255e+01 |107 -0.10013  6.97095e+01 |108 -0.25290 -8.72723e+01
108 variables; iteration 40; function evaluation 49; phase 4
Function value 2.1105421e+03; maximum gradient component mag 3.9973e+02
Var    Value     Gradient |Var    Value     Gradient |Var    Value     Gradient
  1 -0.37875  2.09696e+01 |  2 -0.42094  3.99731e+02 |  3 -0.42534  1.65473e+02
  4  0.62949  5.71299e+01 |  5  0.00301 -6.69899e+00 |  6 -0.00462 -1.28095e-01
  7 -0.00454  1.49134e+00 |  8  0.00084  7.15692e+00 |  9 -0.00220 -9.81924e+00
 10  0.01333 -1.06743e+00 | 11  0.01588 -1.56964e+00 | 12 -0.01695 -1.89758e+00
 13 -0.02070 -1.72900e+00 | 14 -0.01721  1.16517e+00 | 15  0.00039  1.49311e+00
 16 -0.00599  4.20549e-01 | 17  0.01551 -1.50201e+01 | 18 -0.00229 -1.21418e+01
 19 -0.03189 -4.41300e+00 | 20  0.00316 -3.89430e+00 | 21 -0.00027 -4.69693e+00
 22 -0.00502 -9.05116e+00 | 23 -0.01624 -8.74308e+00 | 24 -0.03622 -4.90876e+00
 25  0.00851 -1.09707e+01 | 26  0.03619 -3.88916e+00 | 27  0.01775 -5.21722e+00
 28  0.02368 -8.46968e+00 | 29 -0.01192 -5.37489e-02 | 30 -0.00239 -6.76107e+00
 31  0.00111 -9.09270e+00 | 32  0.02731 -4.44822e+00 | 33  0.02479 -4.26141e+00
 34  0.00938 -3.74481e+00 | 35 -0.00183 -4.25151e+00 | 36  0.01779 -8.72924e+00
 37  0.00365 -2.43623e+00 | 38 -0.00689 -2.52860e+00 | 39 -0.03205 -2.10561e+00
 40  0.01937 -6.36254e+00 | 41 -0.00944 -5.27737e-01 | 42  0.01233 -1.85322e+00
 43 -0.01802  2.05785e+00 | 44 -0.01774 -5.41459e-01 | 45 -0.01279 -3.51498e+00
 46  0.05605  1.70199e+00 | 47 -0.05153 -3.67499e+00 | 48 -0.06179 -1.98163e+00
 49  0.03062 -7.21737e-02 | 50  0.00516  1.44916e+00 | 51 -0.02059  3.87529e-01
 52 -0.01273 -1.11849e+01 | 53  0.01605  5.64108e+00 | 54 -0.02128 -3.77505e+00
 55 -0.00216  5.65252e+00 | 56 -0.01131  5.69024e+00 | 57 -0.01588  6.84566e+00
 58  0.02229  5.58414e+00 | 59  0.00991  9.60421e+00 | 60  0.00632  1.13375e+01
 61 -0.02829  5.38039e+00 | 62  0.00377  1.41545e+01 | 63  0.03539  6.49373e+00
 64 -0.02062  3.52912e+00 | 65 -0.00135  8.30296e+00 | 66  0.00959  2.26314e+00
 67  0.00494  6.31166e+00 | 68 -0.00863  4.83198e+00 | 69  0.01455 -3.24523e+00
 70 -0.00625  4.75383e+00 | 71  0.00902  3.23899e+00 | 72 -0.01170  3.85578e+00
 73  0.01052  6.36069e+00 | 74 -0.01753  6.37598e+00 | 75  0.05973  4.56800e+01
 76 -0.04211  6.69604e+00 | 77  0.03348 -4.24394e+00 | 78  0.00595 -3.68586e-01
 79 -0.03591  1.02366e-01 | 80 -0.01905  2.57809e+00 | 81  0.01443 -2.02669e-01
 82 -0.00346 -7.70754e-02 | 83 -0.02176  5.43742e-01 | 84  0.00101  1.94057e+00
 85  0.00493  2.80551e+00 | 86 -0.01156  1.69083e+00 | 87  0.02488 -4.76490e+00
 88 -0.00868  2.17268e+00 | 89 -0.02161 -9.32422e-01 | 90  0.05441 -5.82800e+00
 91  0.05183 -1.29833e+01 | 92  0.00524  5.70140e+00 | 93 -0.02096 -5.44673e-01
 94 -0.02641  4.50531e+00 | 95  0.01903  1.33206e+01 | 96  0.00481  4.44793e+00
 97 -0.01181  9.16105e+00 | 98  0.01658  8.82008e+00 | 99 -0.03735 -4.38412e+00
100  0.00245 -1.23646e+01 |101  0.02782  2.68994e-01 |102  0.00762 -7.79888e+00
103 -0.00010 -1.87003e+00 |104 -0.00005 -1.79772e+00 |105  0.15568 -5.43526e+01
106 -0.41172  6.90988e+01 |107 -0.09978  1.40887e+01 |108 -0.25321 -8.88628e+00
108 variables; iteration 60; function evaluation 75; phase 4
Function value 2.1103429e+03; maximum gradient component mag 1.6185e+02
Var    Value     Gradient |Var    Value     Gradient |Var    Value     Gradient
  1 -0.37498  7.82013e+00 |  2 -0.42079  1.61852e+02 |  3 -0.42688  6.53848e+01
  4  0.62969  2.01050e+01 |  5  0.00521 -9.20793e-01 |  6 -0.00525 -9.49437e-01
  7 -0.00542  2.71355e-01 |  8 -0.00023  5.27788e+00 |  9  0.00033 -4.75390e+00
 10  0.01227 -2.07201e+00 | 11  0.01455 -3.33997e+00 | 12 -0.01726 -1.24953e+00
 13 -0.02130 -1.76477e+00 | 14 -0.02037 -5.28166e+00 | 15 -0.00019  1.18455e+00
 16 -0.00562  3.11127e+00 | 17  0.01814 -1.54593e+00 | 18 -0.00189 -8.86218e+00
 19 -0.03170 -2.24459e+00 | 20  0.00260 -5.23668e+00 | 21  0.00023  3.16365e-01
 22 -0.00472 -5.04746e+00 | 23 -0.01597 -5.03906e+00 | 24 -0.03607 -2.41191e+00
 25  0.00887 -5.13520e+00 | 26  0.03635  7.58836e-02 | 27  0.01792 -1.95217e+00
 28  0.02385 -4.80213e+00 | 29 -0.01220 -1.56893e+00 | 30 -0.00237 -5.21962e+00
 31  0.00160 -2.14082e+00 | 32  0.02725 -4.45436e+00 | 33  0.02472 -3.52455e+00
 34  0.00934 -2.77172e+00 | 35 -0.00161  1.14314e-01 | 36  0.01800 -3.57474e+00
 37  0.00364 -1.61484e+00 | 38 -0.00664  1.31848e+00 | 39 -0.03242 -4.21427e+00
 40  0.01943 -4.91667e+00 | 41 -0.00942  6.66690e-01 | 42  0.01221 -3.16043e+00
 43 -0.01793  3.67443e+00 | 44 -0.01771  1.89577e-01 | 45 -0.01273 -2.75560e+00
 46  0.05612  2.60843e+00 | 47 -0.05141 -2.06367e+00 | 48 -0.06169 -6.00825e-01
 49  0.03061 -1.96462e+00 | 50  0.00511 -2.40349e-01 | 51 -0.02034  3.10298e+00
 52 -0.01196 -1.96959e+00 | 53  0.01594  2.39852e+00 | 54 -0.02108 -1.80148e+00
 55 -0.00224  3.40574e+00 | 56 -0.01141  2.99499e+00 | 57 -0.01612  2.53473e+00
 58  0.02234  3.94155e+00 | 59  0.00961  1.00429e+00 | 60  0.00613  4.85370e+00
 61 -0.02845  2.25344e+00 | 62  0.00343  3.38523e+00 | 63  0.03536  2.65192e+00
 64 -0.02079 -4.38531e-01 | 65 -0.00147  3.56274e+00 | 66  0.00957 -1.78895e-01
 67  0.00492  3.94123e+00 | 68 -0.00869  2.56414e+00 | 69  0.01467 -1.70237e+00
 70 -0.00624  3.60943e+00 | 71  0.00896 -3.60444e-01 | 72 -0.01168  3.30301e+00
 73  0.01057  5.36578e+00 | 74 -0.01754  4.39111e+00 | 75  0.05941  1.92090e+01
 76 -0.04238  3.13726e+00 | 77  0.03355 -2.21032e+00 | 78  0.00605  2.12073e+00
 79 -0.03594  2.24450e-01 | 80 -0.01909  1.88264e+00 | 81  0.01447  2.90119e-02
 82 -0.00353 -2.33433e+00 | 83 -0.02181 -2.93341e-01 | 84  0.00100  1.11739e+00
 85  0.00481 -6.25209e-01 | 86 -0.01156  2.22191e+00 | 87  0.02496 -2.04493e+00
 88 -0.00879  4.31921e-01 | 89 -0.02157 -1.42196e-01 | 90  0.05449 -2.12252e+00
 91  0.05197 -4.69369e+00 | 92  0.00495  2.11246e+00 | 93 -0.02093  1.81010e+00
 94 -0.02659  3.83562e+00 | 95  0.01874  7.17576e+00 | 96  0.00466  3.18116e+00
 97 -0.01213  5.67774e+00 | 98  0.01619  3.31878e+00 | 99 -0.03765 -4.59767e+00
100  0.00345 -1.77854e+00 |101  0.02783  3.19361e+00 |102  0.01056 -2.16523e+00
103 -0.00005 -5.87130e-01 |104 -0.00006 -6.06748e-01 |105  0.15590 -2.23783e+01
106 -0.41169  2.99705e+01 |107 -0.10009  3.86639e+00 |108 -0.25356 -3.68043e+00
108 variables; iteration 80; function evaluation 100; phase 4
Function value 2.1102719e+03; maximum gradient component mag 1.1707e+01
Var    Value     Gradient |Var    Value     Gradient |Var    Value     Gradient
  1 -0.37212  8.84393e-01 |  2 -0.42074  1.17071e+01 |  3 -0.42783  4.96343e+00
  4  0.62996  1.62548e+00 |  5  0.00548  8.96343e-02 |  6 -0.00375  1.60806e+00
  7 -0.00643 -1.32471e+00 |  8 -0.00261  9.14944e-01 |  9  0.00278  1.62037e-01
 10  0.01224 -1.34641e+00 | 11  0.01539 -5.25181e-01 | 12 -0.01713 -2.01142e-01
 13 -0.02105 -4.19169e-01 | 14 -0.01837  4.62502e-01 | 15 -0.00058  8.75478e-01
 16 -0.00723 -1.13214e+00 | 17  0.01828  2.00697e-01 | 18 -0.00044 -1.70416e+00
 19 -0.03120  4.83701e-01 | 20  0.00333  2.44152e-01 | 21 -0.00012 -3.98156e-01
 22 -0.00407  8.43900e-01 | 23 -0.01539  3.07527e-01 | 24 -0.03588 -1.58486e-01
 25  0.00923  1.53479e-01 | 26  0.03634  2.86149e-01 | 27  0.01804  3.06290e-01
 28  0.02408 -3.63931e-01 | 29 -0.01211  2.40723e-01 | 30 -0.00204 -2.96935e-01
 31  0.00172  3.64656e-01 | 32  0.02741 -5.45738e-01 | 33  0.02480 -4.22664e-01
 34  0.00944 -9.05376e-02 | 35 -0.00170  1.39420e-01 | 36  0.01813 -3.85507e-01
 37  0.00368 -2.29749e-01 | 38 -0.00681  4.73801e-02 | 39 -0.03207 -3.44493e-01
 40  0.01962 -7.67914e-01 | 41 -0.00955  1.52797e-01 | 42  0.01249  2.39200e+00
 43 -0.01827  3.74232e-01 | 44 -0.01776  5.20413e-02 | 45 -0.01254 -2.11676e-01
 46  0.05605  3.12030e-01 | 47 -0.05118  2.29384e-01 | 48 -0.06165  2.42318e-01
 49  0.03067 -5.74449e-01 | 50  0.00506 -1.09938e+00 | 51 -0.02062  1.84931e-01
 52 -0.01183 -2.44732e-01 | 53  0.01580 -1.64821e-01 | 54 -0.02095 -5.10482e-02
 55 -0.00249 -3.72400e-01 | 56 -0.01161  2.78658e-02 | 57 -0.01628  1.38163e-01
 58  0.02223  5.63998e-01 | 59  0.00957 -4.98823e-02 | 60  0.00595  4.55607e-01
 61 -0.02859  1.85645e-01 | 62  0.00330  1.90170e-01 | 63  0.03530  2.53949e-01
 64 -0.02076  6.76029e-01 | 65 -0.00161  1.85057e-01 | 66  0.00958 -4.71276e-02
 67  0.00482  6.86353e-01 | 68 -0.00888 -1.79247e+00 | 69  0.01474  1.67523e-01
 70 -0.00639  7.27903e-02 | 71  0.00897 -5.70978e-02 | 72 -0.01186 -7.20149e-01
 73  0.01044  5.22339e-01 | 74 -0.01766  1.37459e+00 | 75  0.05915  1.18255e+00
 76 -0.04262  2.27360e-01 | 77  0.03358 -5.25900e-03 | 78  0.00596  1.06595e-01
 79 -0.03599  1.49435e-01 | 80 -0.01910  2.48648e+00 | 81  0.01443 -1.66625e-01
 82 -0.00347 -9.55286e-02 | 83 -0.02196 -2.15281e+00 | 84  0.00095  1.83062e-01
 85  0.00478 -1.39507e-01 | 86 -0.01176 -6.53134e-01 | 87  0.02497 -1.49420e-01
 88 -0.00887 -8.47372e-02 | 89 -0.02161  3.02604e-01 | 90  0.05447 -2.35995e-02
 91  0.05196 -2.36767e-01 | 92  0.00475  8.71104e-01 | 93 -0.02110  1.73462e+00
 94 -0.02700  4.88354e-01 | 95  0.01833  2.59272e-01 | 96  0.00439  1.18825e+00
 97 -0.01279 -7.07364e-01 | 98  0.01575  1.23927e-01 | 99 -0.03764 -2.09612e+00
100  0.00327 -2.86912e-01 |101  0.02661 -7.81300e-01 |102  0.01142 -3.20885e-01
103 -0.00049 -6.22350e-01 |104 -0.00033 -3.77344e-01 |105  0.15589 -1.26902e+00
106 -0.41178  2.39075e+00 |107 -0.10002 -3.59295e-01 |108 -0.25365  6.31608e-01
Maximum number of function evaluations exceeded

 - final statistics:
108 variables; iteration 81; function evaluation 100
Function value 2.1103e+03; maximum gradient component mag 1.1707e+01
Exit code = 3;  converg criter 1.0000e+00
Var    Value     Gradient |Var    Value     Gradient |Var    Value     Gradient
  1 -0.37212  8.84393e-01 |  2 -0.42074  1.17071e+01 |  3 -0.42783  4.96343e+00
  4  0.62996  1.62548e+00 |  5  0.00548  8.96343e-02 |  6 -0.00375  1.60806e+00
  7 -0.00643 -1.32471e+00 |  8 -0.00261  9.14944e-01 |  9  0.00278  1.62037e-01
 10  0.01224 -1.34641e+00 | 11  0.01539 -5.25181e-01 | 12 -0.01713 -2.01142e-01
 13 -0.02105 -4.19169e-01 | 14 -0.01837  4.62502e-01 | 15 -0.00058  8.75478e-01
 16 -0.00723 -1.13214e+00 | 17  0.01828  2.00697e-01 | 18 -0.00044 -1.70416e+00
 19 -0.03120  4.83701e-01 | 20  0.00333  2.44152e-01 | 21 -0.00012 -3.98156e-01
 22 -0.00407  8.43900e-01 | 23 -0.01539  3.07527e-01 | 24 -0.03588 -1.58486e-01
 25  0.00923  1.53479e-01 | 26  0.03634  2.86149e-01 | 27  0.01804  3.06290e-01
 28  0.02408 -3.63931e-01 | 29 -0.01211  2.40723e-01 | 30 -0.00204 -2.96935e-01
 31  0.00172  3.64656e-01 | 32  0.02741 -5.45738e-01 | 33  0.02480 -4.22664e-01
 34  0.00944 -9.05376e-02 | 35 -0.00170  1.39420e-01 | 36  0.01813 -3.85507e-01
 37  0.00368 -2.29749e-01 | 38 -0.00681  4.73801e-02 | 39 -0.03207 -3.44493e-01
 40  0.01962 -7.67914e-01 | 41 -0.00955  1.52797e-01 | 42  0.01249  2.39200e+00
 43 -0.01827  3.74232e-01 | 44 -0.01776  5.20413e-02 | 45 -0.01254 -2.11676e-01
 46  0.05605  3.12030e-01 | 47 -0.05118  2.29384e-01 | 48 -0.06165  2.42318e-01
 49  0.03067 -5.74449e-01 | 50  0.00506 -1.09938e+00 | 51 -0.02062  1.84931e-01
 52 -0.01183 -2.44732e-01 | 53  0.01580 -1.64821e-01 | 54 -0.02095 -5.10482e-02
 55 -0.00249 -3.72400e-01 | 56 -0.01161  2.78658e-02 | 57 -0.01628  1.38163e-01
 58  0.02223  5.63998e-01 | 59  0.00957 -4.98823e-02 | 60  0.00595  4.55607e-01
 61 -0.02859  1.85645e-01 | 62  0.00330  1.90170e-01 | 63  0.03530  2.53949e-01
 64 -0.02076  6.76029e-01 | 65 -0.00161  1.85057e-01 | 66  0.00958 -4.71276e-02
 67  0.00482  6.86353e-01 | 68 -0.00888 -1.79247e+00 | 69  0.01474  1.67523e-01
 70 -0.00639  7.27903e-02 | 71  0.00897 -5.70978e-02 | 72 -0.01186 -7.20149e-01
 73  0.01044  5.22339e-01 | 74 -0.01766  1.37459e+00 | 75  0.05915  1.18255e+00
 76 -0.04262  2.27360e-01 | 77  0.03358 -5.25900e-03 | 78  0.00596  1.06595e-01
 79 -0.03599  1.49435e-01 | 80 -0.01910  2.48648e+00 | 81  0.01443 -1.66625e-01
 82 -0.00347 -9.55286e-02 | 83 -0.02196 -2.15281e+00 | 84  0.00095  1.83062e-01
 85  0.00478 -1.39507e-01 | 86 -0.01176 -6.53134e-01 | 87  0.02497 -1.49420e-01
 88 -0.00887 -8.47372e-02 | 89 -0.02161  3.02604e-01 | 90  0.05447 -2.35995e-02
 91  0.05196 -2.36767e-01 | 92  0.00475  8.71104e-01 | 93 -0.02110  1.73462e+00
 94 -0.02700  4.88354e-01 | 95  0.01833  2.59272e-01 | 96  0.00439  1.18825e+00
 97 -0.01279 -7.07364e-01 | 98  0.01575  1.23927e-01 | 99 -0.03764 -2.09612e+00
100  0.00327 -2.86912e-01 |101  0.02661 -7.81300e-01 |102  0.01142 -3.20885e-01
103 -0.00049 -6.22350e-01 |104 -0.00033 -3.77344e-01 |105  0.15589 -1.26902e+00
106 -0.41178  2.39075e+00 |107 -0.10002 -3.59295e-01 |108 -0.25365  6.31608e-01

Initial statistics: 110 variables; iteration 0; function evaluation 0; phase 5
Function value 2.1102719e+03; maximum gradient component mag -6.5109e+01
Var    Value     Gradient |Var    Value     Gradient |Var    Value     Gradient
  1 -0.37212  8.84393e-01 |  2 -0.42074  1.17071e+01 |  3 -0.42783  4.96343e+00
  4 -0.41222 -1.62199e+01 |  5 -0.41222 -6.51089e+01 |  6  0.62996  1.62548e+00
  7  0.00548  8.96343e-02 |  8 -0.00375  1.60806e+00 |  9 -0.00643 -1.32471e+00
 10 -0.00261  9.14944e-01 | 11  0.00278  1.62037e-01 | 12  0.01224 -1.34733e+00
 13  0.01539 -5.26099e-01 | 14 -0.01713 -2.02060e-01 | 15 -0.02105 -4.20087e-01
 16 -0.01837  4.61584e-01 | 17 -0.00058  8.74559e-01 | 18 -0.00723 -1.13306e+00
 19  0.01828  1.99779e-01 | 20 -0.00044 -1.70508e+00 | 21 -0.03120  4.82783e-01
 22  0.00333  2.43234e-01 | 23 -0.00012 -3.99075e-01 | 24 -0.00407  8.42982e-01
 25 -0.01539  3.06609e-01 | 26 -0.03588 -1.59403e-01 | 27  0.00923  1.52561e-01
 28  0.03634  2.85232e-01 | 29  0.01804  3.05372e-01 | 30  0.02408 -3.64848e-01
 31 -0.01211  2.39805e-01 | 32 -0.00204 -2.97853e-01 | 33  0.00172  3.63738e-01
 34  0.02741 -5.46656e-01 | 35  0.02480 -4.23582e-01 | 36  0.00944 -9.14560e-02
 37 -0.00170  1.38501e-01 | 38  0.01813 -3.86425e-01 | 39  0.00368 -2.30667e-01
 40 -0.00681  4.64617e-02 | 41 -0.03207 -3.45410e-01 | 42  0.01962 -7.68832e-01
 43 -0.00955  1.51878e-01 | 44  0.01249  2.39108e+00 | 45 -0.01827  3.73314e-01
 46 -0.01776  5.11232e-02 | 47 -0.01254 -2.12594e-01 | 48  0.05605  3.11115e-01
 49 -0.05118  2.28468e-01 | 50 -0.06165  2.41404e-01 | 51  0.03067 -5.75367e-01
 52  0.00506 -1.10030e+00 | 53 -0.02062  1.84013e-01 | 54 -0.01183 -2.45651e-01
 55  0.01580 -1.65739e-01 | 56 -0.02095 -5.19662e-02 | 57 -0.00249 -3.73319e-01
 58 -0.01161  2.69475e-02 | 59 -0.01628  1.37244e-01 | 60  0.02223  5.63081e-01
 61  0.00957 -5.08007e-02 | 62  0.00595  4.54689e-01 | 63 -0.02859  1.84727e-01
 64  0.00330  1.89251e-01 | 65  0.03530  2.53032e-01 | 66 -0.02076  6.75111e-01
 67 -0.00161  1.84139e-01 | 68  0.00958 -4.80460e-02 | 69  0.00482  6.85435e-01
 70 -0.00888 -1.79339e+00 | 71  0.01474  1.66605e-01 | 72 -0.00639  7.18719e-02
 73  0.00897 -5.80162e-02 | 74 -0.01186 -7.21067e-01 | 75  0.01044  5.21421e-01
 76 -0.01766  1.37367e+00 | 77  0.05915  1.18163e+00 | 78 -0.04262  2.26443e-01
 79  0.03358 -6.17619e-03 | 80  0.00596  1.05677e-01 | 81 -0.03599  1.48518e-01
 82 -0.01910  2.48556e+00 | 83  0.01443 -1.67544e-01 | 84 -0.00347 -9.64471e-02
 85 -0.02196 -2.15373e+00 | 86  0.00095  1.82143e-01 | 87  0.00478 -1.40425e-01
 88 -0.01176 -6.54052e-01 | 89  0.02497 -1.50338e-01 | 90 -0.00887 -8.56556e-02
 91 -0.02161  3.01686e-01 | 92  0.05447 -2.45146e-02 | 93  0.05196 -2.37682e-01
 94  0.00475  8.70185e-01 | 95 -0.02110  1.73370e+00 | 96 -0.02700  4.87436e-01
 97  0.01833  2.58354e-01 | 98  0.00439  1.18733e+00 | 99 -0.01279 -7.08282e-01
100  0.01575  1.23008e-01 |101 -0.03764 -2.09703e+00 |102  0.00327 -2.87831e-01
103  0.02661 -7.82217e-01 |104  0.01142 -3.21804e-01 |105 -0.00049 -6.23268e-01
106 -0.00033 -3.78263e-01 |107  0.15589 -1.26902e+00 |108 -0.41178  2.39075e+00
109 -0.10002 -3.59295e-01 |110 -0.25365  6.31608e-01 |

Intermediate statistics: 110 variables; iteration 20; function evaluation 26; phase 5
Function value 2.1095729e+03; maximum gradient component mag -1.1607e+02
Var    Value     Gradient |Var    Value     Gradient |Var    Value     Gradient
  1 -0.38859  2.11575e+01 |  2 -0.42432  1.14545e+02 |  3 -0.41742  8.56888e+01
  4 -0.41163 -1.27422e+00 |  5 -0.39333 -2.00759e+01 |  6  0.62995 -1.09866e+02
  7  0.00610  7.15251e-02 |  8 -0.00372  1.39631e+00 |  9 -0.00612 -1.10826e+00
 10 -0.00238  9.01965e-01 | 11  0.00309  2.06987e-01 | 12  0.01267  2.30566e+00
 13  0.01583  3.04193e+00 | 14 -0.01676  3.39420e+00 | 15 -0.02068  3.13744e+00
 16 -0.01802  3.89203e+00 | 17 -0.00030  3.82929e+00 | 18 -0.00685  2.18907e+00
 19  0.01847  2.32002e+00 | 20  0.00002  2.07305e+00 | 21 -0.03111  3.34460e+00
 22  0.00339  2.58012e+00 | 23  0.00009  3.33673e+00 | 24 -0.00412  3.57638e+00
 25 -0.01526  5.01471e+00 | 26 -0.03571  4.71515e+00 | 27  0.00919  2.33505e+00
 28  0.03632  4.14019e-01 | 29  0.01793  3.66911e-01 | 30  0.02409  2.46249e+00
 31 -0.01210  2.56962e+00 | 32 -0.00191  4.25690e+00 | 33  0.00152  1.63233e+00
 34  0.02739  3.37709e+00 | 35  0.02484 -4.61597e-01 | 36  0.00940 -2.06037e+00
 37 -0.00175 -2.40508e-01 | 38  0.01821 -5.17390e-01 | 39  0.00364  1.27231e-01
 40 -0.00676  5.52926e+00 | 41 -0.03181  5.89603e+00 | 42  0.01959  1.30004e+00
 43 -0.00958  8.79714e-01 | 44  0.01210 -7.31609e+00 | 45 -0.01846 -9.65531e-01
 46 -0.01782  9.60964e-01 | 47 -0.01250  2.73154e+00 | 48  0.05631  3.98393e+00
 49 -0.05123  1.83094e+00 | 50 -0.06167  2.63914e+00 | 51  0.03053 -2.70947e+00
 52  0.00521  1.38699e+00 | 53 -0.02066  3.12276e+00 | 54 -0.01174  3.72136e+00
 55  0.01579  7.05731e-01 | 56 -0.02102  2.09405e-01 | 57 -0.00241 -1.11722e+00
 58 -0.01169 -1.31731e+00 | 59 -0.01637  6.75333e-01 | 60  0.02234  1.44722e+00
 61  0.00980  1.05999e+00 | 62  0.00610  1.96876e+00 | 63 -0.02863  2.31934e+00
 64  0.00287 -8.90341e+00 | 65  0.03537 -1.38855e+01 | 66 -0.02070 -9.96410e-01
 67 -0.00173 -3.81926e+00 | 68  0.00929 -8.51080e+00 | 69  0.00480 -2.45209e+00
 70 -0.00932 -1.07363e+01 | 71  0.01452 -9.08128e+00 | 72 -0.00655 -2.62967e+00
 73  0.00872 -9.53769e+00 | 74 -0.01209 -2.96175e+00 | 75  0.01043 -1.50146e+00
 76 -0.01789 -4.67850e-01 | 77  0.05913 -7.25352e+00 | 78 -0.04288 -2.47816e+00
 79  0.03370 -7.52225e+00 | 80  0.00610  5.65779e-01 | 81 -0.03602  4.03241e+00
 82 -0.01938  1.64654e+00 | 83  0.01428 -7.39550e+00 | 84 -0.00372 -4.27319e+00
 85 -0.02190  3.70202e-01 | 86  0.00069 -2.95038e+00 | 87  0.00435 -8.78680e+00
 88 -0.01191 -1.65184e+00 | 89  0.02489 -4.38699e+00 | 90 -0.00893  1.50843e+00
 91 -0.02168  1.80114e+00 | 92  0.05463  6.18179e+00 | 93  0.05222  8.39949e-01
 94  0.00500  3.77662e+00 | 95 -0.02147 -1.76603e+00 | 96 -0.02705  5.76479e+00
 97  0.01813 -1.51751e+00 | 98  0.00420  9.95709e-01 | 99 -0.01271  5.55628e+00
100  0.01538 -7.37461e-01 |101 -0.03704  5.66958e+00 |102  0.00361  7.50831e+00
103  0.02755  5.26940e+00 |104  0.01044  1.72020e+00 |105 -0.00037  3.10014e+00
106 -0.00024  3.29505e+00 |107  0.15619 -8.11053e+01 |108 -0.41189  9.28210e+01
109 -0.10374  3.40449e+01 |110 -0.25544 -1.16073e+02 |
110 variables; iteration 40; function evaluation 47; phase 5
Function value 2.1093071e+03; maximum gradient component mag 1.4890e+01
Var    Value     Gradient |Var    Value     Gradient |Var    Value     Gradient
  1 -0.39602  2.43554e+00 |  2 -0.42624  4.11576e+00 |  3 -0.41339  3.15131e+00
  4 -0.40899  1.37724e+00 |  5 -0.38203  3.06151e+00 |  6  0.63070  1.04802e+01
  7  0.00597  4.23853e-02 |  8 -0.00426  5.56548e-01 |  9 -0.00565 -2.50468e-01
 10 -0.00362 -1.31544e+00 | 11  0.00247 -8.88568e-01 | 12  0.01465  3.11032e+00
 13  0.01632  6.73354e-01 | 14 -0.01689 -4.89696e-01 | 15 -0.02032  4.02740e-01
 16 -0.01870 -1.30176e+00 | 17  0.00068  3.54033e+00 | 18 -0.00748 -2.98519e+00
 19  0.01874  1.00493e+00 | 20  0.00086  3.10707e+00 | 21 -0.03025  3.60473e+00
 22  0.00316 -3.39278e-01 | 23 -0.00039 -7.78287e-01 | 24 -0.00460 -2.80353e-01
 25 -0.01577  1.03170e+00 | 26 -0.03617  6.12899e-01 | 27  0.00894 -4.52419e-01
 28  0.03622 -1.81527e-01 | 29  0.01786 -2.50493e-01 | 30  0.02385  6.76077e-01
 31 -0.01235 -4.26156e-01 | 32 -0.00246 -2.39885e+00 | 33  0.00143  2.76345e-01
 34  0.02704 -4.94585e-01 | 35  0.02481  1.03726e-01 | 36  0.00960 -3.53970e-01
 37 -0.00171 -5.64156e-01 | 38  0.01820 -9.98402e-01 | 39  0.00362 -1.18172e+00
 40 -0.00725 -2.32726e-01 | 41 -0.03188  4.43029e+00 | 42  0.01951  1.31773e+00
 43 -0.00967 -4.89623e-01 | 44  0.01265  1.68952e+00 | 45 -0.01818  7.72710e-01
 46 -0.01784 -5.48663e-01 | 47 -0.01270 -9.90957e-01 | 48  0.05608 -8.22592e-02
 49 -0.05117  8.14057e-02 | 50 -0.06180 -3.47715e-01 | 51  0.03066  3.89324e+00
 52  0.00510 -1.07603e-01 | 53 -0.02107 -1.57859e+00 | 54 -0.01203  6.03239e-01
 55  0.01566  1.07339e+00 | 56 -0.02092  1.17281e+00 | 57 -0.00233  2.59375e-02
 58 -0.01153  3.23114e-01 | 59 -0.01645 -2.82762e-01 | 60  0.02196 -5.00325e+00
 61  0.00963 -1.60653e+00 | 62  0.00595  4.44843e-01 | 63 -0.02883  1.90957e-01
 64  0.00293 -5.44215e+00 | 65  0.03562  9.08030e-01 | 66 -0.02053  7.22251e-02
 67 -0.00180 -2.55387e+00 | 68  0.00943 -4.60603e-01 | 69  0.00461 -3.37975e+00
 70 -0.00875  4.37511e+00 | 71  0.01454 -1.01044e+00 | 72 -0.00634  4.06349e+00
 73  0.00908  6.97579e+00 | 74 -0.01207 -5.25640e-01 | 75  0.01021 -3.19066e+00
 76 -0.01795 -2.38754e+00 | 77  0.05899  1.00157e+00 | 78 -0.04268 -5.26837e-01
 79  0.03367 -3.66247e-02 | 80  0.00603  9.42160e-01 | 81 -0.03644  6.01247e-01
 82 -0.01953  7.72051e-01 | 83  0.01435 -2.55588e-01 | 84 -0.00371 -2.85979e+00
 85 -0.02205 -1.15543e+00 | 86  0.00052 -7.51126e+00 | 87  0.00461  3.62032e+00
 88 -0.01183  3.73049e-01 | 89  0.02492 -4.58006e-01 | 90 -0.00890  5.48288e-01
 91 -0.02172 -5.75448e-01 | 92  0.05458 -4.81338e-01 | 93  0.05220  3.16391e-01
 94  0.00500  4.92418e-01 | 95 -0.02126 -4.72473e-02 | 96 -0.02738 -1.03195e+00
 97  0.01851  5.78968e+00 | 98  0.00448  1.33011e+00 | 99 -0.01295 -1.07124e+00
100  0.01567 -2.37169e+00 |101 -0.03736 -5.99491e-01 |102  0.00338 -2.29062e+00
103  0.02765  1.29299e+00 |104  0.01033 -1.04781e+00 |105 -0.00027 -5.44341e-01
106 -0.00020 -4.42859e-01 |107  0.15734 -5.29260e+00 |108 -0.41151  9.47626e+00
109 -0.10110 -3.87862e+00 |110 -0.25311  1.48896e+01 |
110 variables; iteration 60; function evaluation 72; phase 5
Function value 2.1092873e+03; maximum gradient component mag -3.0537e+00
Var    Value     Gradient |Var    Value     Gradient |Var    Value     Gradient
  1 -0.39572  5.69186e-01 |  2 -0.42607  1.80048e+00 |  3 -0.41372  9.38205e-01
  4 -0.40933  1.35426e-01 |  5 -0.38287  4.73362e-01 |  6  0.63052  1.95141e+00
  7  0.00602  2.94965e-02 |  8 -0.00461 -4.17570e-02 |  9 -0.00550 -2.95496e-02
 10 -0.00300 -1.95311e-01 | 11  0.00278 -3.31619e-01 | 12  0.01328  2.20591e-01
 13  0.01590 -1.86026e-01 | 14 -0.01680 -1.26220e-01 | 15 -0.02059 -7.54593e-02
 16 -0.01817  1.68417e-01 | 17 -0.00049  7.11215e-02 | 18 -0.00665 -2.88830e-01
 19  0.01852 -7.38007e-02 | 20  0.00000 -6.04264e-01 | 21 -0.03101  9.15981e-01
 22  0.00349  1.41378e+00 | 23 -0.00031 -4.72125e-01 | 24 -0.00467 -9.99099e-01
 25 -0.01593 -2.24842e-01 | 26 -0.03615  6.76994e-01 | 27  0.00901  2.69800e-01
 28  0.03622 -6.17060e-01 | 29  0.01773 -2.43323e+00 | 30  0.02384  9.68214e-02
 31 -0.01218  1.15669e+00 | 32 -0.00208  1.76965e+00 | 33  0.00145  2.50361e-01
 34  0.02718  1.11209e+00 | 35  0.02485  2.11200e-01 | 36  0.00960 -6.97982e-01
 37 -0.00153  1.40158e+00 | 38  0.01830  2.95092e-01 | 39  0.00358 -2.15923e+00
 40 -0.00719 -6.81384e-04 | 41 -0.03235  6.89226e-02 | 42  0.01944 -7.55762e-01
 43 -0.00951  1.03442e+00 | 44  0.01263  9.64759e-01 | 45 -0.01812  1.31621e+00
 46 -0.01790 -1.37014e+00 | 47 -0.01258  2.86533e-01 | 48  0.05611 -1.37088e-01
 49 -0.05121 -2.08400e-01 | 50 -0.06176 -1.18562e-01 | 51  0.03046 -1.49191e+00
 52  0.00511 -3.94307e-01 | 53 -0.02117 -3.05368e+00 | 54 -0.01221 -1.99140e+00
 55  0.01576  2.14423e+00 | 56 -0.02086  1.45061e+00 | 57 -0.00234 -7.85703e-01
 58 -0.01164 -1.86906e+00 | 59 -0.01637  2.51287e-02 | 60  0.02226  1.05718e+00
 61  0.00977  1.37352e-01 | 62  0.00596 -9.35151e-01 | 63 -0.02877  3.73852e-01
 64  0.00318  1.00189e-01 | 65  0.03565  2.00490e-01 | 66 -0.02052 -3.26745e-01
 67 -0.00171 -1.51086e+00 | 68  0.00949  4.30925e-02 | 69  0.00477 -1.02756e-01
 70 -0.00886  1.09230e+00 | 71  0.01462 -2.41242e-01 | 72 -0.00643  9.58860e-01
 73  0.00891  4.13034e-01 | 74 -0.01199  3.55151e-01 | 75  0.01034 -3.80767e-01
 76 -0.01773  1.34732e+00 | 77  0.05902  6.94876e-02 | 78 -0.04255  8.96850e-01
 79  0.03372 -7.62446e-02 | 80  0.00603  5.52240e-02 | 81 -0.03638  7.02069e-01
 82 -0.01961 -1.90884e+00 | 83  0.01441  2.37544e-01 | 84 -0.00363 -1.60826e+00
 85 -0.02196 -1.20413e-01 | 86  0.00081 -4.72481e-01 | 87  0.00454  6.89674e-01
 88 -0.01182 -2.34746e-01 | 89  0.02497 -6.45988e-02 | 90 -0.00885  1.09159e+00
 91 -0.02171 -9.45265e-01 | 92  0.05463  4.95009e-02 | 93  0.05223  7.20009e-02
 94  0.00505  1.11205e+00 | 95 -0.02120  3.06478e-01 | 96 -0.02728 -3.89888e-01
 97  0.01836  1.85569e-01 | 98  0.00457  2.43605e+00 | 99 -0.01280  5.15897e-01
100  0.01586  6.20461e-01 |101 -0.03749 -1.48362e+00 |102  0.00362 -2.94997e-01
103  0.02751  5.01491e-01 |104  0.01084 -1.48710e-01 |105 -0.00025 -2.81670e-01
106 -0.00020 -2.08240e-01 |107  0.15732 -9.60002e-01 |108 -0.41153  5.38280e-01
109 -0.10154 -1.00184e+00 |110 -0.25339  1.54938e+00 |
110 variables; iteration 80; function evaluation 99; phase 5
Function value 2.1092841e+03; maximum gradient component mag 6.5791e-01
Var    Value     Gradient |Var    Value     Gradient |Var    Value     Gradient
  1 -0.39577  2.96095e-02 |  2 -0.42606  4.97089e-01 |  3 -0.41373  1.46787e-01
  4 -0.40936 -2.19009e-03 |  5 -0.38297  4.80986e-02 |  6  0.63049  4.08981e-02
  7  0.00597 -1.04070e-01 |  8 -0.00456  2.71829e-02 |  9 -0.00550 -4.36647e-02
 10 -0.00295 -1.16483e-01 | 11  0.00305  1.88383e-01 | 12  0.01315 -2.55384e-02
 13  0.01596  2.82702e-03 | 14 -0.01674  3.41227e-02 | 15 -0.02057  2.81931e-02
 16 -0.01825 -7.81569e-03 | 17 -0.00064 -3.62024e-01 | 18 -0.00672 -4.92471e-01
 19  0.01854  5.09396e-02 | 20  0.00017  1.19186e-01 | 21 -0.03129 -3.11215e-02
 22  0.00328  1.86146e-01 | 23 -0.00018  3.45701e-01 | 24 -0.00450  1.74263e-01
 25 -0.01595 -3.68541e-01 | 26 -0.03627 -5.29589e-02 | 27  0.00899 -5.20368e-02
 28  0.03622 -5.95766e-01 | 29  0.01789 -2.69185e-02 | 30  0.02384  1.35145e-02
 31 -0.01229  3.51370e-02 | 32 -0.00222  1.27083e-01 | 33  0.00143 -5.48928e-02
 34  0.02711 -1.45683e-01 | 35  0.02483 -2.56258e-01 | 36  0.00964 -1.71154e-01
 37 -0.00164 -3.52066e-02 | 38  0.01830  1.88074e-01 | 39  0.00372 -1.15682e-01
 40 -0.00720 -7.00530e-02 | 41 -0.03236  1.69575e-03 | 42  0.01949  2.70316e-01
 43 -0.00960  2.04699e-02 | 44  0.01257 -5.79760e-02 | 45 -0.01824 -2.00647e-02
 46 -0.01779 -1.26083e-01 | 47 -0.01261 -2.58788e-02 | 48  0.05612  5.77553e-02
 49 -0.05118  2.59848e-02 | 50 -0.06171  2.22589e-01 | 51  0.03053  8.75193e-02
 52  0.00512 -1.54552e-01 | 53 -0.02090 -3.95445e-02 | 54 -0.01205 -3.30586e-02
 55  0.01565 -1.14185e-01 | 56 -0.02097  1.14830e-01 | 57 -0.00231 -2.58867e-01
 58 -0.01151 -6.91044e-02 | 59 -0.01638 -1.98040e-02 | 60  0.02222  4.48414e-02
 61  0.00979  6.57911e-01 | 62  0.00599 -2.99548e-02 | 63 -0.02879 -6.27401e-02
 64  0.00319  1.48045e-01 | 65  0.03565  6.41942e-02 | 66 -0.02052 -1.97103e-01
 67 -0.00164  1.25290e-01 | 68  0.00949  4.26971e-02 | 69  0.00478  5.64610e-02
 70 -0.00890  1.31932e-01 | 71  0.01463  1.62801e-02 | 72 -0.00646  1.35146e-01
 73  0.00891  6.57156e-02 | 74 -0.01201 -2.71845e-01 | 75  0.01036  8.26143e-02
 76 -0.01778  2.38508e-01 | 77  0.05903  2.49819e-02 | 78 -0.04261  1.13172e-02
 79  0.03373  3.16995e-02 | 80  0.00604  3.20431e-02 | 81 -0.03641  6.41016e-02
 82 -0.01951  5.10387e-02 | 83  0.01441  3.92702e-02 | 84 -0.00356  3.71631e-02
 85 -0.02196 -1.04639e-01 | 86  0.00083  6.74574e-02 | 87  0.00453  1.21139e-01
 88 -0.01182 -4.41185e-01 | 89  0.02498  4.53528e-02 | 90 -0.00888  3.22037e-01
 91 -0.02166 -8.00341e-02 | 92  0.05463  4.16621e-02 | 93  0.05223  1.77980e-02
 94  0.00501  3.14788e-01 | 95 -0.02121  2.10901e-01 | 96 -0.02726  6.35607e-02
 97  0.01835  5.86711e-02 | 98  0.00445  2.24770e-02 | 99 -0.01284 -4.84519e-02
100  0.01579 -2.94075e-01 |101 -0.03733 -2.66002e-01 |102  0.00363 -7.28865e-02
103  0.02744  2.03823e-01 |104  0.01094  5.71708e-02 |105 -0.00014 -5.91066e-02
106 -0.00013 -4.32076e-02 |107  0.15734 -1.65266e-01 |108 -0.41151  1.18910e-02
109 -0.10156 -5.10619e-02 |110 -0.25340  6.99044e-02 |
110 variables; iteration 100; function evaluation 128; phase 5
Function value 2.1092839e+03; maximum gradient component mag 4.2882e-01
Var    Value     Gradient |Var    Value     Gradient |Var    Value     Gradient
  1 -0.39577  1.83916e-02 |  2 -0.42606  2.50212e-01 |  3 -0.41373  7.98877e-02
  4 -0.40936  1.92374e-03 |  5 -0.38297  1.95482e-02 |  6  0.63050  1.00736e-02
  7  0.00595 -1.35421e-01 |  8 -0.00454  6.10325e-02 |  9 -0.00546  2.66855e-02
 10 -0.00293 -7.69243e-02 | 11  0.00304  1.69858e-01 | 12  0.01317  2.13039e-02
 13  0.01597  1.93383e-02 | 14 -0.01677 -2.08872e-02 | 15 -0.02057  1.56281e-02
 16 -0.01821  1.05660e-01 | 17 -0.00056 -1.27758e-01 | 18 -0.00663 -1.89002e-01
 19  0.01853  5.63840e-03 | 20  0.00015  5.38075e-02 | 21 -0.03129 -2.51473e-02
 22  0.00326  8.49506e-02 | 23 -0.00021  1.57031e-01 | 24 -0.00452  7.19138e-02
 25 -0.01592 -1.35041e-01 | 26 -0.03627 -2.87063e-02 | 27  0.00899 -2.11463e-02
 28  0.03623 -3.82359e-01 | 29  0.01789 -1.31827e-02 | 30  0.02384  5.53297e-02
 31 -0.01229  2.08899e-02 | 32 -0.00222  1.01484e-01 | 33  0.00143 -7.76720e-02
 34  0.02712  3.43512e-02 | 35  0.02484 -6.97925e-02 | 36  0.00964 -7.82128e-02
 37 -0.00165 -6.52876e-02 | 38  0.01829  1.88287e-02 | 39  0.00372 -9.58334e-02
 40 -0.00720 -8.17940e-02 | 41 -0.03236  9.94175e-04 | 42  0.01948  1.22460e-01
 43 -0.00960 -1.60805e-02 | 44  0.01257 -2.55822e-02 | 45 -0.01824  3.07401e-04
 46 -0.01778 -2.06217e-02 | 47 -0.01261 -2.39204e-02 | 48  0.05612  3.00931e-02
 49 -0.05119 -3.38182e-02 | 50 -0.06174  1.12708e-02 | 51  0.03053  5.16051e-02
 52  0.00512 -1.31666e-01 | 53 -0.02090  3.29015e-03 | 54 -0.01205 -1.56877e-02
 55  0.01565 -1.30383e-01 | 56 -0.02097  1.27203e-01 | 57 -0.00230 -8.02655e-02
 58 -0.01151 -1.58732e-02 | 59 -0.01639 -8.30466e-02 | 60  0.02222  2.47751e-02
 61  0.00977  4.28825e-01 | 62  0.00599 -1.00189e-02 | 63 -0.02880 -9.66044e-02
 64  0.00318  9.64013e-02 | 65  0.03565  3.97755e-02 | 66 -0.02052 -1.50335e-01
 67 -0.00165  9.20478e-02 | 68  0.00949  2.95636e-02 | 69  0.00478  2.88449e-02
 70 -0.00890  9.50627e-02 | 71  0.01463  9.95816e-03 | 72 -0.00646  8.44231e-02
 73  0.00891  5.69993e-02 | 74 -0.01201 -2.97562e-01 | 75  0.01036  7.71252e-02
 76 -0.01779  8.57025e-02 | 77  0.05903  1.60374e-02 | 78 -0.04262 -1.08090e-02
 79  0.03373  1.92954e-02 | 80  0.00604  2.80774e-02 | 81 -0.03642  4.27217e-02
 82 -0.01952 -5.74494e-02 | 83  0.01441  2.85494e-02 | 84 -0.00357  3.67848e-02
 85 -0.02196 -8.03434e-02 | 86  0.00083  4.14594e-02 | 87  0.00453  4.66798e-02
 88 -0.01181 -1.23082e-01 | 89  0.02498  2.21834e-02 | 90 -0.00889  1.02434e-01
 91 -0.02165  2.92815e-02 | 92  0.05463  2.01209e-02 | 93  0.05223  5.65383e-03
 94  0.00501  2.29361e-01 | 95 -0.02121  9.94666e-02 | 96 -0.02726  7.42838e-02
 97  0.01835  3.96790e-02 | 98  0.00445 -1.56242e-02 | 99 -0.01284 -5.31240e-02
100  0.01580 -1.67836e-01 |101 -0.03731 -1.05236e-01 |102  0.00363 -2.50235e-02
103  0.02741  7.95618e-02 |104  0.01093  5.46200e-02 |105 -0.00014 -6.13736e-02
106 -0.00012 -3.69378e-02 |107  0.15735 -6.15269e-02 |108 -0.41151  3.12240e-02
109 -0.10156 -1.96459e-02 |110 -0.25340  3.98856e-02 |

 - final statistics:
110 variables; iteration 119; function evaluation 158
Function value 2.1093e+03; maximum gradient component mag 3.5974e-05
Exit code = 1;  converg criter 1.0000e-04
Var    Value     Gradient |Var    Value     Gradient |Var    Value     Gradient
  1 -0.39578  4.02306e-08 |  2 -0.42606  2.84375e-05 |  3 -0.41372  5.63397e-06
  4 -0.40936 -5.84087e-08 |  5 -0.38297  1.38761e-06 |  6  0.63050  1.72510e-05
  7  0.00601  1.17808e-06 |  8 -0.00458  1.77219e-07 |  9 -0.00548  1.81551e-07
 10 -0.00289  2.58540e-07 | 11  0.00295  1.17507e-06 | 12  0.01316 -3.71479e-07
 13  0.01596 -1.31399e-07 | 14 -0.01676  4.68263e-07 | 15 -0.02058  3.53647e-06
 16 -0.01825  3.00797e-07 | 17 -0.00052  5.35938e-07 | 18 -0.00657  1.34982e-06
 19  0.01853  3.00633e-07 | 20  0.00014  3.50339e-07 | 21 -0.03128 -7.10018e-08
 22  0.00324  7.54212e-07 | 23 -0.00024  1.41173e-06 | 24 -0.00453  3.88585e-07
 25 -0.01590  2.45369e-07 | 26 -0.03627 -5.11051e-07 | 27  0.00899 -9.49362e-06
 28  0.03625  2.81116e-07 | 29  0.01789 -7.60919e-06 | 30  0.02384 -3.89803e-06
 31 -0.01230 -2.90090e-07 | 32 -0.00223 -1.05977e-06 | 33  0.00143  1.11788e-05
 34  0.02712 -5.60418e-07 | 35  0.02484 -4.11599e-06 | 36  0.00964  9.73061e-06
 37 -0.00164 -3.60322e-06 | 38  0.01828 -1.15487e-06 | 39  0.00373 -1.23606e-06
 40 -0.00719 -3.88109e-06 | 41 -0.03237 -3.56158e-07 | 42  0.01948  3.39506e-08
 43 -0.00960 -7.44513e-06 | 44  0.01257  1.68216e-06 | 45 -0.01825 -9.13956e-06
 46 -0.01778  1.39070e-06 | 47 -0.01261  3.59744e-05 | 48  0.05611 -3.55236e-07
 49 -0.05119 -1.42627e-06 | 50 -0.06174 -3.37745e-07 | 51  0.03053  4.21108e-07
 52  0.00513  9.07470e-06 | 53 -0.02090 -1.83118e-06 | 54 -0.01205  8.61584e-07
 55  0.01565 -8.26233e-07 | 56 -0.02098  6.91327e-06 | 57 -0.00229 -6.07795e-06
 58 -0.01151  8.11328e-06 | 59 -0.01638 -2.09236e-06 | 60  0.02222 -1.74276e-06
 61  0.00975  7.43629e-07 | 62  0.00599 -7.47737e-07 | 63 -0.02879 -1.82459e-05
 64  0.00318 -2.38824e-07 | 65  0.03565 -3.04066e-07 | 66 -0.02051 -2.52017e-06
 67 -0.00165 -6.29741e-07 | 68  0.00948 -4.98860e-07 | 69  0.00478 -5.18884e-07
 70 -0.00890 -6.37766e-07 | 71  0.01463 -3.96222e-07 | 72 -0.00646 -5.97045e-07
 73  0.00890 -4.60327e-07 | 74 -0.01200  6.91222e-07 | 75  0.01036 -4.15078e-07
 76 -0.01780 -8.41483e-07 | 77  0.05903 -2.91089e-07 | 78 -0.04262  1.12897e-05
 79  0.03373 -6.60095e-07 | 80  0.00603 -9.13300e-07 | 81 -0.03642  3.47675e-06
 82 -0.01952 -1.38176e-06 | 83  0.01441 -6.54398e-07 | 84 -0.00357 -8.79995e-07
 85 -0.02196 -1.46170e-06 | 86  0.00083 -8.92142e-07 | 87  0.00452 -7.54075e-07
 88 -0.01180 -1.71211e-06 | 89  0.02498 -7.51246e-07 | 90 -0.00890 -1.31142e-06
 91 -0.02165 -1.71043e-07 | 92  0.05462 -6.47506e-07 | 93  0.05223 -6.45323e-07
 94  0.00500 -4.42732e-07 | 95 -0.02122  3.67844e-06 | 96 -0.02726 -1.18044e-06
 97  0.01835 -7.63633e-07 | 98  0.00445 -1.19308e-06 | 99 -0.01284  2.69422e-06
100  0.01581 -1.00543e-06 |101 -0.03729 -1.94953e-07 |102  0.00363 -3.68432e-07
103  0.02740 -2.80151e-07 |104  0.01090 -4.20626e-07 |105 -0.00010 -1.42973e-07
106 -0.00010 -1.04598e-06 |107  0.15735  5.25287e-06 |108 -0.41151 -1.14510e-05
109 -0.10156 -2.80327e-07 |110 -0.25340  7.30210e-08 |

 - final statistics:
122 variables; iteration 0; function evaluation 0
Function value 2.1093e+03; maximum gradient component mag 3.5964e-05
Exit code = 0;  converg criter 1.0000e-04
Var    Value     Gradient |Var    Value     Gradient |Var    Value     Gradient
  1 -0.39578  4.02398e-08 |  2 -0.42606  2.84374e-05 |  3 -0.41372  5.63397e-06
  4 -0.40936 -5.84068e-08 |  5 -0.38297  1.38761e-06 |  6  0.63050  1.72509e-05
  7  0.00601  1.17808e-06 |  8 -0.00458  1.77219e-07 |  9 -0.00548  1.81551e-07
 10 -0.00289  2.58540e-07 | 11  0.00295  1.17507e-06 | 12  0.01316 -3.82281e-07
 13  0.01596 -1.42200e-07 | 14 -0.01676  4.57462e-07 | 15 -0.02058  3.52567e-06
 16 -0.01825  2.89997e-07 | 17 -0.00052  5.25134e-07 | 18 -0.00657  1.33902e-06
 19  0.01853  2.89833e-07 | 20  0.00014  3.39535e-07 | 21 -0.03128 -8.17932e-08
 22  0.00324  7.43407e-07 | 23 -0.00024  1.40093e-06 | 24 -0.00453  3.77779e-07
 25 -0.01590  2.34567e-07 | 26 -0.03627 -5.21839e-07 | 27  0.00899 -9.50442e-06
 28  0.03625  2.70326e-07 | 29  0.01789 -7.61999e-06 | 30  0.02384 -3.90883e-06
 31 -0.01230 -3.00894e-07 | 32 -0.00223 -1.07058e-06 | 33  0.00143  1.11680e-05
 34  0.02712 -5.71216e-07 | 35  0.02484 -4.12679e-06 | 36  0.00964  9.71981e-06
 37 -0.00164 -3.61402e-06 | 38  0.01828 -1.16568e-06 | 39  0.00373 -1.24686e-06
 40 -0.00719 -3.89190e-06 | 41 -0.03237 -3.66950e-07 | 42  0.01948  2.31468e-08
 43 -0.00960 -7.45594e-06 | 44  0.01257  1.67135e-06 | 45 -0.01825 -9.15036e-06
 46 -0.01778  1.37990e-06 | 47 -0.01261  3.59636e-05 | 48  0.05611 -3.66009e-07
 49 -0.05119 -1.43704e-06 | 50 -0.06174 -3.48500e-07 | 51  0.03053  4.10308e-07
 52  0.00513  9.06389e-06 | 53 -0.02090 -1.84198e-06 | 54 -0.01205  8.50776e-07
 55  0.01565 -8.37042e-07 | 56 -0.02098  6.90247e-06 | 57 -0.00229 -6.08877e-06
 58 -0.01151  8.10247e-06 | 59 -0.01638 -2.10316e-06 | 60  0.02222 -1.75357e-06
 61  0.00975  7.32815e-07 | 62  0.00599 -7.58551e-07 | 63 -0.02879 -1.82567e-05
 64  0.00318 -2.49637e-07 | 65  0.03565 -3.14869e-07 | 66 -0.02051 -2.53098e-06
 67 -0.00165 -6.40553e-07 | 68  0.00948 -5.09674e-07 | 69  0.00478 -5.29697e-07
 70 -0.00890 -6.48577e-07 | 71  0.01463 -4.07034e-07 | 72 -0.00646 -6.07856e-07
 73  0.00890 -4.71140e-07 | 74 -0.01200  6.80413e-07 | 75  0.01036 -4.25890e-07
 76 -0.01780 -8.52289e-07 | 77  0.05903 -3.01867e-07 | 78 -0.04262  1.12789e-05
 79  0.03373 -6.70897e-07 | 80  0.00603 -9.24114e-07 | 81 -0.03642  3.46595e-06
 82 -0.01952 -1.39256e-06 | 83  0.01441 -6.65209e-07 | 84 -0.00357 -8.90807e-07
 85 -0.02196 -1.47250e-06 | 86  0.00083 -9.02954e-07 | 87  0.00452 -7.64886e-07
 88 -0.01180 -1.72292e-06 | 89  0.02498 -7.62051e-07 | 90 -0.00890 -1.32222e-06
 91 -0.02165 -1.81843e-07 | 92  0.05462 -6.58281e-07 | 93  0.05223 -6.56101e-07
 94  0.00500 -4.53541e-07 | 95 -0.02122  3.66764e-06 | 96 -0.02726 -1.19123e-06
 97  0.01835 -7.74433e-07 | 98  0.00445 -1.20388e-06 | 99 -0.01284  2.68342e-06
100  0.01581 -1.01623e-06 |101 -0.03729 -2.05737e-07 |102  0.00363 -3.79234e-07
103  0.02740 -2.90943e-07 |104  0.01090 -4.31428e-07 |105 -0.00010 -1.53776e-07
106 -0.00010 -1.05678e-06 |107  0.00000  0.00000e+00 |108  0.00000  0.00000e+00
109  0.00000  0.00000e+00 |110  0.00000  0.00000e+00 |111  0.00000  0.00000e+00
112  0.00000  0.00000e+00 |113  0.00000  0.00000e+00 |114  0.00000  0.00000e+00
115  0.00000  0.00000e+00 |116  0.00000  0.00000e+00 |117  0.00000  0.00000e+00
118  0.00000  0.00000e+00 |119  0.15735  5.25280e-06 |120 -0.41151 -1.14509e-05
121 -0.10156 -2.80341e-07 |122 -0.25340  7.30426e-08 |
size of file gradfil1.tmp = 0
size of file gradfil2.tmp = 0
size of file varssave.tmp = 0
size of file cmpdiff.tmp = 0
