
Initial statistics: 1 variables; iteration 0; function evaluation 0; phase 1
Function value 2.8015539e+03; maximum gradient component mag -6.5802e+03
Var    Value     Gradient |Var    Value     Gradient |Var    Value     Gradient
  1  0.63197 -6.58023e+03 |

 - final statistics:
1 variables; iteration 4; function evaluation 7
Function value 2.7677e+03; maximum gradient component mag -4.7034e+00
Exit code = 1;  converg criter 1.0000e+01
Var    Value     Gradient |Var    Value     Gradient |Var    Value     Gradient
  1  0.64320 -4.70339e+00 |

Initial statistics: 98 variables; iteration 0; function evaluation 0; phase 2
Function value 2.7677169e+03; maximum gradient component mag -2.4102e+03
Var    Value     Gradient |Var    Value     Gradient |Var    Value     Gradient
  1  0.64320 -4.70339e+00 |  2  0.00000 -1.01296e+00 |  3  0.00000 -2.31005e+01
  4  0.00000  1.97695e+01 |  5  0.00000  3.72086e+01 |  6  0.00000 -4.28486e+00
  7  0.00000  7.77386e+01 |  8  0.00000 -4.00969e+01 |  9  0.00000  7.08797e+01
 10  0.00000 -2.47884e+00 | 11  0.00000  1.05850e+02 | 12  0.00000 -2.55544e+01
 13  0.00000 -3.30249e+02 | 14  0.00000 -8.18068e+01 | 15  0.00000  2.81060e+02
 16  0.00000 -3.35683e+01 | 17  0.00000  3.56816e+02 | 18  0.00000  6.20796e+02
 19  0.00000 -1.78308e+02 | 20  0.00000  3.72481e+02 | 21  0.00000 -2.01714e+02
 22  0.00000  2.72038e+02 | 23  0.00000  4.28911e+02 | 24  0.00000  2.39756e+02
 25  0.00000  3.45523e+02 | 26  0.00000 -5.90951e+01 | 27  0.00000 -9.06100e+01
 28  0.00000 -4.66245e+02 | 29  0.00000 -2.34697e+02 | 30  0.00000  1.69352e+02
 31  0.00000  4.69945e+02 | 32  0.00000  7.40711e+01 | 33  0.00000  2.14030e+02
 34  0.00000 -2.18738e+02 | 35  0.00000  1.67623e+02 | 36  0.00000  1.25242e+02
 37  0.00000  2.88845e+02 | 38  0.00000  7.46232e+01 | 39  0.00000 -2.71886e+02
 40  0.00000 -5.33125e+02 | 41  0.00000  3.46977e+02 | 42  0.00000  3.16468e+02
 43  0.00000  5.13334e+02 | 44  0.00000  1.40392e+02 | 45  0.00000  4.06655e+02
 46  0.00000 -6.73588e+02 | 47  0.00000  5.92404e+02 | 48  0.00000  8.56543e+01
 49  0.00000  3.87532e+02 | 50  0.00000  1.86232e+02 | 51  0.00000 -4.98959e+02
 52  0.00000  6.84612e+02 | 53  0.00000  3.70417e+02 | 54  0.00000  3.48937e+02
 55  0.00000 -3.96045e+02 | 56  0.00000 -2.41022e+03 | 57  0.00000  4.09624e+02
 58  0.00000 -5.92212e+02 | 59  0.00000 -5.65238e+02 | 60  0.00000 -1.84413e+01
 61  0.00000  1.56523e+01 | 62  0.00000  1.58180e+01 | 63  0.00000 -1.86401e+03
 64  0.00000  4.61768e+02 | 65  0.00000 -3.34581e+02 | 66  0.00000  7.98815e+02
 67  0.00000  1.10131e+03 | 68  0.00000 -3.32201e+01 | 69  0.00000 -6.26336e+02
 70  0.00000 -1.31469e+03 | 71  0.00000  8.69128e+01 | 72  0.00000 -8.17550e+02
 73  0.00000 -6.15376e+02 | 74  0.00000 -2.38518e+02 | 75  0.00000  6.79844e+02
 76  0.00000  8.27133e+02 | 77  0.00000  4.65525e+02 | 78  0.00000 -1.78540e+02
 79  0.00000  7.69062e+02 | 80  0.00000 -8.07325e+02 | 81  0.00000 -8.74772e+02
 82  0.00000 -2.39874e+02 | 83  0.00000 -9.77614e+01 | 84  0.00000 -1.15100e+03
 85  0.00000 -2.33761e+02 | 86  0.00000 -2.63892e+02 | 87  0.00000  5.42004e+02
 88  0.00000  1.07085e+03 | 89  0.00000  4.54774e+02 | 90  0.00000  2.59612e+02
 91  0.00000  2.50961e+02 | 92  0.00000  1.16393e+02 | 93  0.00000  1.09080e+02
 94  0.00000  7.01448e+00 | 95  0.00000  4.07622e+00 | 96  0.00000  4.07613e+00
 97  0.81654  1.34730e+02 | 98  0.22185  1.08327e+01 |

Intermediate statistics: 98 variables; iteration 20; function evaluation 30; phase 2
Function value 2.2972739e+03; maximum gradient component mag -1.5515e+03
Var    Value     Gradient |Var    Value     Gradient |Var    Value     Gradient
  1  0.62748  1.03349e+03 |  2  0.00587 -2.10666e+01 |  3 -0.01016 -7.57022e+01
  4 -0.01413 -4.30242e+01 |  5 -0.00640 -1.01487e+01 |  6  0.00024 -3.43282e+01
  7 -0.00631  2.74762e+01 |  8  0.03257  6.66296e+01 |  9 -0.01720 -2.42441e+01
 10  0.01373  3.67609e+01 | 11  0.00644  1.11986e+02 | 12 -0.01635 -1.49409e+02
 13  0.03769 -4.42617e+00 | 14  0.02373  1.24695e+02 | 15 -0.04410 -1.13025e+02
 16  0.01155  5.74391e+01 | 17 -0.02403  1.14043e+00 | 18 -0.02735  2.08431e+02
 19  0.01561  2.16491e+01 | 20 -0.02351  3.78552e+01 | 21  0.01709  3.73976e+01
 22 -0.01715 -1.93572e+01 | 23 -0.02328  6.70003e+01 | 24 -0.01401 -2.20412e+01
 25 -0.02143  6.56948e+00 | 26 -0.00023 -1.14649e+02 | 27  0.00549 -4.16881e+01
 28  0.04015  2.41050e+02 | 29  0.01118 -1.11997e+02 | 30 -0.00502  2.34009e+01
 31 -0.02698  4.68361e+01 | 32  0.00036 -1.44384e+01 | 33 -0.01011 -3.53465e+00
 34  0.01820  1.79011e+01 | 35 -0.00301  5.34825e+01 | 36  0.00335  9.48332e+01
 37 -0.01832 -2.89823e+01 | 38  0.00419  6.97976e+01 | 39  0.01837 -2.97357e+01
 40  0.02422 -1.79608e+02 | 41 -0.01716  5.05232e+01 | 42 -0.01580  3.63606e+00
 43 -0.02718  6.72126e+01 | 44  0.00046  5.67621e+01 | 45 -0.02448  1.09692e+01
 46  0.04181  1.92311e+02 | 47 -0.03769  1.71903e+01 | 48  0.00224  2.53681e+01
 49 -0.00414  2.14948e+02 | 50 -0.00254  4.27125e+01 | 51  0.03115  1.68026e+02
 52 -0.02877  7.64403e+01 | 53  0.00064  2.57259e+02 | 54 -0.00142  2.32484e+02
 55  0.02033  1.24459e+02 | 56  0.03290 -1.55145e+03 | 57 -0.04518 -2.97094e+02
 58  0.02022 -1.22969e+02 | 59  0.02709  1.91790e+02 | 60  0.00927  1.89695e+02
 61  0.00656  1.42247e+02 | 62  0.00299  1.14725e+02 | 63  0.06273  8.02515e+02
 64 -0.02005  7.24898e+01 | 65  0.01301 -5.63787e+01 | 66 -0.02388  1.30131e+02
 67 -0.04074  1.34958e+02 | 68  0.00174 -5.09620e+01 | 69  0.01454 -2.19036e+02
 70  0.03262 -3.07024e+02 | 71 -0.00398  2.69765e+01 | 72  0.01823 -3.20987e+02
 73  0.01169 -3.31874e+02 | 74  0.00128 -2.82342e+02 | 75 -0.02216  7.55098e+01
 76 -0.02542  1.00093e+02 | 77 -0.01026  9.85386e+01 | 78  0.01616  2.32920e+02
 79 -0.01702  3.10523e+02 | 80  0.01336 -4.89224e+02 | 81  0.02063 -3.63058e+02
 82 -0.00218 -3.50875e+02 | 83 -0.00057 -1.29946e+02 | 84  0.04202  2.63144e+02
 85  0.00955  6.61423e+01 | 86  0.00519 -1.59320e+02 | 87 -0.02258 -5.46071e-02
 88 -0.05040  1.47936e+02 | 89 -0.02046  3.94913e+01 | 90 -0.01526  3.37646e+01
 91 -0.01606  9.52087e+01 | 92 -0.03101 -1.11282e+02 | 93 -0.05878 -1.12876e+02
 94  0.01482 -1.30367e+00 | 95  0.07606  8.88012e+01 | 96  0.07607  8.88055e+01
 97  0.82204  1.88575e+02 | 98  0.22434  2.34543e+02 |
98 variables; iteration 40; function evaluation 55; phase 2
Function value 2.2339132e+03; maximum gradient component mag 2.0585e+03
Var    Value     Gradient |Var    Value     Gradient |Var    Value     Gradient
  1  0.62045  2.05845e+03 |  2  0.02681 -1.13409e+01 |  3  0.02066 -4.37699e+01
  4  0.00378 -3.78772e+01 |  5 -0.00833 -5.06028e+01 |  6  0.01956 -1.57119e+01
  7 -0.05362 -1.29948e+02 |  8  0.00720 -8.81294e+01 |  9 -0.01334 -5.30617e+01
 10  0.01641 -2.42159e+00 | 11 -0.01832 -6.00895e+01 | 12  0.02612  6.73876e+01
 13  0.04192 -4.21141e+01 | 14  0.02286  3.17059e+01 | 15 -0.02064 -1.34056e+01
 16  0.01232 -2.11887e+01 | 17 -0.02212 -4.83781e+01 | 18 -0.03397  7.75797e+01
 19  0.01803 -4.39441e+01 | 20 -0.02329 -3.12857e+01 | 21  0.01846 -4.51540e+01
 22 -0.01019 -3.88570e+00 | 23 -0.02553 -1.87290e+01 | 24 -0.00802 -1.67522e+01
 25 -0.02206 -6.00249e+01 | 26  0.00770 -7.12851e+01 | 27  0.01015 -4.88824e+01
 28  0.03653  5.21692e+01 | 29  0.01924 -6.23616e+01 | 30 -0.00658 -6.34251e+01
 31 -0.03111 -4.86858e+01 | 32  0.00286 -4.82957e+01 | 33 -0.00846 -4.53038e+01
 34  0.02159  6.96114e-01 | 35 -0.00465 -3.66173e+01 | 36  0.00076 -1.54398e+01
 37 -0.01310 -2.80659e+01 | 38  0.00368 -2.24855e+00 | 39  0.02507  2.24452e+01
 40  0.02921 -1.53429e+02 | 41 -0.01938 -2.68765e+01 | 42 -0.01028  1.54102e+01
 43 -0.03058 -1.71142e+01 | 44 -0.00159 -3.46637e+01 | 45 -0.01994  1.49601e+01
 46  0.04119  9.84405e+01 | 47 -0.03705 -1.84506e+01 | 48  0.00651  5.12543e+01
 49 -0.01102  5.80385e+01 | 50  0.00312  9.25587e+01 | 51  0.03445  1.95412e+02
 52 -0.02870  2.35325e+01 | 53  0.00122  1.88866e+02 | 54 -0.00505  6.63785e+01
 55  0.02026  8.20745e+01 | 56  0.05958 -3.44700e+02 | 57 -0.02312 -1.64715e+01
 58  0.02460 -2.49493e+01 | 59  0.02575  6.26883e+01 | 60  0.00765  6.77978e+01
 61  0.00411  1.56362e+01 | 62  0.00557  1.36315e+02 | 63  0.07040  1.28676e+03
 64 -0.01987  4.48574e+01 | 65  0.01709  1.98484e+01 | 66 -0.02739  1.72571e+01
 67 -0.04598  1.57778e+01 | 68  0.00600  2.61937e+01 | 69  0.02304  2.65593e+01
 70  0.03804 -1.15932e+02 | 71 -0.00392  5.46143e+00 | 72  0.02709 -3.62020e+01
 73  0.02271  1.15277e+01 | 74  0.01287  1.67593e+01 | 75 -0.02388  1.18909e+01
 76 -0.02865 -1.51859e+01 | 77 -0.00840  7.14892e+01 | 78  0.01606  1.34644e+02
 79 -0.02685  7.80075e+01 | 80  0.02687 -6.44811e+01 | 81  0.02999 -4.35296e+01
 82  0.00798 -1.24216e+02 | 83  0.00367 -7.22890e+01 | 84  0.03643 -5.18352e+01
 85  0.01267  9.49365e+01 | 86  0.01131 -4.03229e+01 | 87 -0.02255 -5.04979e+01
 88 -0.06463 -4.11977e+01 | 89 -0.02361 -6.97300e+01 | 90 -0.02197 -1.21631e+02
 91 -0.02583 -5.27891e+01 | 92 -0.02907 -1.22699e+02 | 93 -0.01744  8.14670e+00
 94  0.00178 -5.10087e+01 | 95 -0.04416 -1.25323e+02 | 96 -0.04416 -1.25330e+02
 97  0.79165 -5.69021e+01 | 98  0.22135  1.38267e+02 |
98 variables; iteration 60; function evaluation 82; phase 2
Function value 2.2063668e+03; maximum gradient component mag 9.5904e+02
Var    Value     Gradient |Var    Value     Gradient |Var    Value     Gradient
  1  0.61794  9.59039e+02 |  2 -0.00663 -4.87772e+01 |  3  0.02886  2.78659e+00
  4 -0.00331 -2.48929e+01 |  5 -0.01620 -3.96542e+01 |  6  0.01211 -1.05738e+01
  7 -0.01257 -1.23324e+00 |  8  0.01286 -3.97134e+01 |  9 -0.01917 -4.41506e+01
 10  0.00459 -3.32996e+01 | 11 -0.01738 -2.84052e+01 | 12  0.01203 -1.05138e+01
 13  0.04023 -3.78528e+01 | 14  0.01690 -4.26327e+00 | 15 -0.03079 -5.42096e+01
 16  0.01092 -7.44834e+00 | 17 -0.02127 -6.49613e+00 | 18 -0.04919 -1.14867e+01
 19  0.01751 -1.16628e+01 | 20 -0.02514 -1.32256e+01 | 21  0.01801 -1.08431e+01
 22 -0.01214  3.99482e+00 | 23 -0.02791 -1.13195e+01 | 24 -0.00935 -3.55661e+00
 25 -0.02189 -2.90264e+01 | 26  0.00887 -2.77806e+01 | 27  0.01066 -2.15222e+01
 28  0.03313 -9.70479e+00 | 29  0.02193 -4.81461e+00 | 30 -0.00685 -4.81210e+01
 31 -0.02914 -8.32473e+00 | 32  0.00377 -1.91524e+01 | 33 -0.00892 -3.42807e+01
 34  0.02135  1.23168e+00 | 35 -0.00491 -2.81903e+01 | 36  0.00063 -9.19300e+00
 37 -0.01270 -1.28880e+01 | 38  0.00325 -5.92135e+00 | 39  0.02445  2.05536e+00
 40  0.03495 -4.65008e+01 | 41 -0.01951 -1.98847e+01 | 42 -0.01056  1.32039e+01
 43 -0.03086 -1.16122e+01 | 44  0.00035 -1.26991e+01 | 45 -0.02017  1.41584e+01
 46  0.04100  4.62930e+01 | 47 -0.03727 -1.35218e+01 | 48  0.00610  2.50162e+01
 49 -0.01312  1.79826e+01 | 50  0.00122  3.06650e+01 | 51  0.03004 -1.15494e+01
 52 -0.02900  3.46531e+00 | 53 -0.00443  2.52848e+01 | 54 -0.00550  3.34662e+01
 55  0.02048  5.90941e+01 | 56  0.06949  1.26515e+02 | 57 -0.02240  2.01437e+00
 58  0.02778  3.57486e+01 | 59  0.02803  1.00582e+02 | 60  0.00652  1.88149e+01
 61  0.00408 -6.90412e-01 | 62  0.00310  3.78943e+01 | 63  0.05447  1.44038e+02
 64 -0.02018  2.18702e+01 | 65  0.01637 -2.40752e+01 | 66 -0.02692  3.42729e+01
 67 -0.04672  2.16826e+01 | 68  0.00673  3.76788e+01 | 69  0.02256 -9.64336e+00
 70  0.04273  2.67001e+01 | 71 -0.00244  2.90645e+01 | 72  0.02854 -2.30929e+01
 73  0.02785  1.66508e+02 | 74  0.01585  9.41838e+01 | 75 -0.02336  3.08834e+01
 76 -0.02599  3.62453e+01 | 77 -0.01019  2.66813e+01 | 78  0.01367  2.56110e+01
 79 -0.03193  1.42876e+00 | 80  0.02899 -3.30458e+00 | 81  0.03078 -1.41093e+01
 82  0.01356  3.61566e+01 | 83  0.00593 -7.69828e+00 | 84  0.03528 -1.23168e+02
 85  0.01008  1.72299e+01 | 86  0.01051 -6.98951e+01 | 87 -0.02115 -1.37501e+01
 88 -0.06474 -1.88098e+01 | 89 -0.02181 -2.06172e+01 | 90 -0.01739 -3.28610e+01
 91 -0.02564 -1.84200e+01 | 92 -0.01586  1.16140e+01 | 93 -0.03636 -3.21706e+01
 94 -0.01959 -5.45144e+01 | 95 -0.00012 -2.73017e+01 | 96 -0.00012 -2.72936e+01
 97  0.80451 -1.27035e+01 | 98  0.21542  1.88896e+00 |
Maximum number of function evaluations exceeded

 - final statistics:
98 variables; iteration 74; function evaluation 100
Function value 2.2041e+03; maximum gradient component mag 5.7630e+02
Exit code = 3;  converg criter 1.0000e+01
Var    Value     Gradient |Var    Value     Gradient |Var    Value     Gradient
  1  0.61719  5.76302e+02 |  2 -0.00104 -2.78811e+01 |  3  0.02361  1.58394e+00
  4 -0.00800 -2.44407e+01 |  5 -0.00714 -8.29644e+00 |  6  0.00800 -1.21118e+01
  7 -0.01787 -4.79914e+00 |  8  0.01027 -3.93092e+01 |  9 -0.01707 -2.69045e+01
 10  0.00654 -1.39043e+01 | 11 -0.01648 -1.40338e+01 | 12  0.01092 -7.23673e+00
 13  0.04060 -2.27477e+01 | 14  0.01633  1.07740e+00 | 15 -0.02872 -2.99033e+01
 16  0.01162  1.17708e+01 | 17 -0.02393 -2.21253e+01 | 18 -0.05110 -1.58156e+01
 19  0.01709 -1.23140e+01 | 20 -0.02589 -1.20815e+01 | 21  0.01729 -1.62658e+01
 22 -0.01336 -3.06378e+00 | 23 -0.02842 -7.34523e+00 | 24 -0.00956  2.66206e+00
 25 -0.02040 -3.36661e+00 | 26  0.00910 -1.65358e+01 | 27  0.01074 -1.47278e+01
 28  0.03272 -1.60365e+01 | 29  0.02201  8.01788e-01 | 30 -0.00629 -3.55716e+01
 31 -0.02827  6.69269e+00 | 32  0.00349 -1.92519e+01 | 33 -0.00872 -2.70788e+01
 34  0.02088 -6.82328e+00 | 35 -0.00358 -7.86638e+00 | 36 -0.00116 -3.15270e+01
 37 -0.01307 -1.45461e+01 | 38  0.00300 -8.79838e+00 | 39  0.02436 -4.09694e+00
 40  0.03693 -9.33643e+00 | 41 -0.01821 -2.82428e+00 | 42 -0.01103  7.59003e+00
 43 -0.03133 -1.32299e+01 | 44  0.00049 -1.54675e+01 | 45 -0.02106  4.67658e+00
 46  0.04062  1.53497e+01 | 47 -0.03580  1.53730e+00 | 48  0.00572  9.05274e+00
 49 -0.01487 -1.07267e+01 | 50  0.00049  8.91160e+00 | 51  0.03070 -1.25237e+01
 52 -0.02818  1.30659e+01 | 53 -0.00444  1.95322e+01 | 54 -0.00536  2.82868e+01
 55  0.01856 -1.49113e+01 | 56  0.06894  4.53363e+01 | 57 -0.02292 -7.99946e+00
 58  0.02827  3.44136e+01 | 59  0.02727  6.02768e+01 | 60  0.00736  3.18156e+01
 61  0.00501  1.53680e+01 | 62  0.00290  2.49535e+01 | 63  0.05402  8.83534e+01
 64 -0.01973  2.90527e+01 | 65  0.01747 -4.89767e-01 | 66 -0.02709  3.42895e+01
 67 -0.04783  9.34998e+00 | 68  0.00647  2.31971e+01 | 69  0.02354  1.22851e+01
 70  0.04315  2.74771e+01 | 71 -0.00338  4.84494e+00 | 72  0.02943 -5.46447e+00
 73  0.02588  8.45570e+01 | 74  0.01526  6.58466e+01 | 75 -0.02359  2.71198e+01
 76 -0.02690  2.17099e+01 | 77 -0.01104  7.04150e+00 | 78  0.01390  3.07750e+01
 79 -0.03154  1.23895e+01 | 80  0.02908 -5.92260e+00 | 81  0.03102 -1.34613e+01
 82  0.01304  1.85223e+01 | 83  0.00635  4.05068e+00 | 84  0.03711 -5.49579e+01
 85  0.00986  1.60961e+01 | 86  0.01157 -3.83862e+01 | 87 -0.02126 -9.80357e+00
 88 -0.06437 -6.25221e+00 | 89 -0.02119 -2.33835e+00 | 90 -0.01624 -6.71011e+00
 91 -0.02574 -1.05731e+01 | 92 -0.01831 -4.11445e-01 | 93 -0.03843 -2.89448e+01
 94 -0.01029 -2.91331e+01 | 95  0.00072 -1.51731e+01 | 96  0.00068 -1.52009e+01
 97  0.80793 -8.50345e-02 | 98  0.21530  2.93108e+00 |

Initial statistics: 100 variables; iteration 0; function evaluation 0; phase 3
Function value 2.2041321e+03; maximum gradient component mag 5.6997e+02
Var    Value     Gradient |Var    Value     Gradient |Var    Value     Gradient
  1  0.61719  5.69965e+02 |  2 -0.00104 -2.75669e+01 |  3  0.02361  1.44224e+00
  4 -0.00800 -2.41858e+01 |  5 -0.00714 -8.26615e+00 |  6  0.00800 -1.20525e+01
  7 -0.01787 -4.83817e+00 |  8  0.01027 -3.88172e+01 |  9 -0.01707 -2.66266e+01
 10  0.00653 -1.38033e+01 | 11 -0.01648 -1.39243e+01 | 12  0.01092 -7.17380e+00
 13  0.04060 -2.28756e+01 | 14  0.01633  9.61600e-01 | 15 -0.02872 -2.95534e+01
 16  0.01162  1.20216e+01 | 17 -0.02393 -2.22729e+01 | 18 -0.05110 -1.55352e+01
 19  0.01709 -1.20022e+01 | 20 -0.02589 -1.16608e+01 | 21  0.01729 -1.74204e+01
 22 -0.01336 -3.21841e+00 | 23 -0.02842 -7.05625e+00 | 24 -0.00956  2.96242e+00
 25 -0.02040 -4.02964e+00 | 26  0.00910 -1.65801e+01 | 27  0.01074 -1.44825e+01
 28  0.03272 -1.56475e+01 | 29  0.02201 -3.19149e-01 | 30 -0.00629 -3.52917e+01
 31 -0.02827  7.15973e+00 | 32  0.00348 -1.83307e+01 | 33 -0.00872 -2.63184e+01
 34  0.02088 -5.95605e+00 | 35 -0.00358 -7.31027e+00 | 36 -0.00116 -3.17709e+01
 37 -0.01307 -1.43147e+01 | 38  0.00300 -9.07387e+00 | 39  0.02436 -2.88983e+00
 40  0.03693 -9.06944e+00 | 41 -0.01822 -3.57933e+00 | 42 -0.01103  7.64308e+00
 43 -0.03133 -1.36852e+01 | 44  0.00049 -1.51840e+01 | 45 -0.02106  3.49331e+00
 46  0.04062  1.51337e+01 | 47 -0.03580  1.76784e+00 | 48  0.00572  8.76399e+00
 49 -0.01487 -1.08270e+01 | 50  0.00049  8.66323e+00 | 51  0.03069 -1.25519e+01
 52 -0.02818  1.33366e+01 | 53 -0.00444  1.92524e+01 | 54 -0.00536  2.85277e+01
 55  0.01856 -1.49596e+01 | 56  0.06894  4.43628e+01 | 57 -0.02292 -7.81661e+00
 58  0.02827  3.39535e+01 | 59  0.02727  5.95810e+01 | 60  0.00736  3.15606e+01
 61  0.00501  1.51107e+01 | 62  0.00290  2.49101e+01 | 63  0.05402  8.67580e+01
 64 -0.01973  2.80927e+01 | 65  0.01747  2.92811e-01 | 66 -0.02709  3.16940e+01
 67 -0.04784  9.53508e+00 | 68  0.00647  2.31355e+01 | 69  0.02354  1.21734e+01
 70  0.04315  2.70904e+01 | 71 -0.00338  6.12215e+00 | 72  0.02943 -5.24112e+00
 73  0.02587  8.33974e+01 | 74  0.01526  6.51241e+01 | 75 -0.02359  2.66001e+01
 76 -0.02690  2.14935e+01 | 77 -0.01104  8.16369e+00 | 78  0.01390  3.00970e+01
 79 -0.03154  1.22098e+01 | 80  0.02908 -6.18168e+00 | 81  0.03102 -1.34685e+01
 82  0.01304  1.79522e+01 | 83  0.00634  3.34333e+00 | 84  0.03711 -5.45762e+01
 85  0.00986  1.53330e+01 | 86  0.01157 -3.82027e+01 | 87 -0.02127 -9.16975e+00
 88 -0.06437 -6.47973e+00 | 89 -0.02119 -2.25532e+00 | 90 -0.01624 -6.40936e+00
 91 -0.02574 -1.08562e+01 | 92 -0.01831 -4.82770e-01 | 93 -0.03843 -2.85782e+01
 94 -0.01029 -2.88065e+01 | 95  0.00071 -1.50549e+01 | 96  0.00068 -1.51053e+01
 97  0.80793  3.15108e-01 | 98 -0.41581 -9.35905e+01 | 99  0.21530  2.15043e+00
100 -0.25275 -2.00199e+02 |

Intermediate statistics: 100 variables; iteration 20; function evaluation 26; phase 3
Function value 2.2025710e+03; maximum gradient component mag 3.8775e+02
Var    Value     Gradient |Var    Value     Gradient |Var    Value     Gradient
  1  0.61668  3.87751e+02 |  2  0.00408 -1.21386e+01 |  3  0.01696 -7.32525e+00
  4 -0.00493 -1.18821e+01 |  5 -0.01001 -9.00292e+00 |  6  0.00676 -9.33405e+00
  7 -0.02140 -7.97173e+00 |  8  0.01473 -1.52734e+01 |  9 -0.01478 -1.25550e+01
 10  0.00595 -9.15625e+00 | 11 -0.01705 -9.31242e+00 | 12  0.00987 -5.78737e+00
 13  0.04014 -1.71900e+01 | 14  0.01540  1.16313e+00 | 15 -0.02805 -1.76070e+01
 16  0.01096  1.20974e+01 | 17 -0.02389 -1.49680e+01 | 18 -0.05123 -9.97144e+00
 19  0.01690 -6.21324e+00 | 20 -0.02621 -7.36576e+00 | 21  0.01721 -9.40779e+00
 22 -0.01375 -5.44009e-01 | 23 -0.02880 -4.09944e+00 | 24 -0.01000  4.33611e+00
 25 -0.02082 -1.89102e+00 | 26  0.00891 -1.19332e+01 | 27  0.01055 -9.62564e+00
 28  0.03278 -6.14586e+00 | 29  0.02172  1.99411e+00 | 30 -0.00605 -2.61317e+01
 31 -0.02903  5.91905e+00 | 32  0.00343 -1.30538e+01 | 33 -0.00858 -1.87037e+01
 34  0.02076 -2.05597e+00 | 35 -0.00370 -3.40202e+00 | 36 -0.00103 -2.48370e+01
 37 -0.01307 -9.31249e+00 | 38  0.00294 -5.12599e+00 | 39  0.02439  2.16298e+00
 40  0.03729  2.81810e+00 | 41 -0.01837 -9.75984e-01 | 42 -0.01131  7.81273e+00
 43 -0.03119 -8.74328e+00 | 44  0.00060 -1.10512e+01 | 45 -0.02130  4.03993e+00
 46  0.04087  2.09447e+01 | 47 -0.03607  2.31424e+00 | 48  0.00581  1.08003e+01
 49 -0.01474 -7.29037e+00 | 50  0.00058  1.11890e+01 | 51  0.03137  4.70661e+00
 52 -0.02846  1.20877e+01 | 53 -0.00472  1.25531e+01 | 54 -0.00564  1.55908e+01
 55  0.01911 -2.96561e+00 | 56  0.06924  4.43024e+01 | 57 -0.02292 -7.06213e+00
 58  0.02818  1.95234e+01 | 59  0.02667  3.14129e+01 | 60  0.00709  1.66626e+01
 61  0.00493  8.54553e+00 | 62  0.00270  1.19142e+01 | 63  0.05327  2.73581e+01
 64 -0.02019  1.53622e+01 | 65  0.01742 -1.04671e+01 | 66 -0.02755  1.95717e+01
 67 -0.04812  5.95844e+00 | 68  0.00628  8.01851e+00 | 69  0.02330 -3.44438e+00
 70  0.04350  2.50434e+01 | 71 -0.00351  7.69867e-01 | 72  0.02962 -1.34232e+01
 73  0.02435  2.08278e+01 | 74  0.01443  2.71595e+01 | 75 -0.02419  1.42168e+01
 76 -0.02729  1.20058e+01 | 77 -0.01125  2.45061e+00 | 78  0.01371  1.65448e+01
 79 -0.03179  9.82502e+00 | 80  0.02961  5.21037e+00 | 81  0.03138 -5.93014e+00
 82  0.01297  8.31349e+00 | 83  0.00639  3.40189e+00 | 84  0.03917  1.91944e+01
 85  0.00964  9.59956e+00 | 86  0.01231 -2.56915e+01 | 87 -0.02112 -8.45691e+00
 88 -0.06420 -5.58214e+00 | 89 -0.02098 -2.87604e+00 | 90 -0.01565 -5.77972e+00
 91 -0.02529 -8.53620e+00 | 92 -0.01780 -6.74771e-01 | 93 -0.03577 -1.60762e+01
 94 -0.00407 -1.25433e+01 | 95 -0.00006 -1.09173e+01 | 96 -0.00006 -1.09203e+01
 97  0.83003  2.65454e+01 | 98 -0.41291 -1.49082e+02 | 99  0.22886  2.20695e+01
100 -0.24844 -1.22250e+02 |
100 variables; iteration 40; function evaluation 49; phase 3
Function value 2.2021927e+03; maximum gradient component mag 1.2601e+02
Var    Value     Gradient |Var    Value     Gradient |Var    Value     Gradient
  1  0.61618  1.26006e+02 |  2  0.00288 -7.45282e+00 |  3  0.01616 -2.26993e+00
  4 -0.00486 -4.83916e+00 |  5 -0.01076 -3.88392e+00 |  6  0.00720 -1.45206e+00
  7 -0.02259 -4.25857e+00 |  8  0.01650 -2.35986e+00 |  9 -0.01527 -7.75400e+00
 10  0.00626 -1.94947e+00 | 11 -0.01603  1.00961e+00 | 12  0.00943 -3.69926e+00
 13  0.04075 -7.60567e+00 | 14  0.01511  1.91466e+00 | 15 -0.02821 -1.35349e+01
 16  0.01028  5.81208e+00 | 17 -0.02342 -6.01576e+00 | 18 -0.05137 -5.35416e+00
 19  0.01691 -3.45546e+00 | 20 -0.02601 -5.25194e-01 | 21  0.01751 -1.69910e+00
 22 -0.01409 -8.78740e-01 | 23 -0.02883  1.59387e-01 | 24 -0.01054  1.23760e+00
 25 -0.02112 -8.19316e-01 | 26  0.00925 -4.28026e+00 | 27  0.01080 -3.69522e+00
 28  0.03295 -3.27378e+00 | 29  0.02169  1.78855e+00 | 30 -0.00458 -5.69215e+00
 31 -0.02953  5.30825e+00 | 32  0.00393 -4.44523e+00 | 33 -0.00748 -3.04990e+00
 34  0.02089 -8.94516e-01 | 35 -0.00346  1.29687e+00 | 36 -0.00007 -1.05406e+01
 37 -0.01269 -2.84467e+00 | 38  0.00313 -1.99965e+00 | 39  0.02450  1.50699e+00
 40  0.03752  2.44945e+00 | 41 -0.01853 -8.19574e-01 | 42 -0.01198  8.26719e-01
 43 -0.03092 -3.70922e+00 | 44  0.00143  1.54116e-01 | 45 -0.02178 -1.02211e-01
 46  0.04071  5.99157e+00 | 47 -0.03621  2.70019e+00 | 48  0.00559  3.20426e+00
 49 -0.01438 -3.83231e+00 | 50  0.00008 -1.01273e+00 | 51  0.03172  2.80719e+00
 52 -0.02892  6.14642e+00 | 53 -0.00484  5.71467e+00 | 54 -0.00574  8.95519e+00
 55  0.01944 -5.42514e-01 | 56  0.06919  1.40394e+01 | 57 -0.02248 -1.04320e+00
 58  0.02820  8.01794e+00 | 59  0.02628  7.86636e+00 | 60  0.00671 -6.94836e-01
 61  0.00504  5.31687e+00 | 62  0.00246 -5.11044e-01 | 63  0.05331  9.27291e+00
 64 -0.02054  7.59503e+00 | 65  0.01802  7.86898e-02 | 66 -0.02792  1.25865e+01
 67 -0.04845  3.53607e+00 | 68  0.00633  2.51398e+00 | 69  0.02358 -3.06764e+00
 70  0.04350  8.19073e+00 | 71 -0.00343 -2.13554e-01 | 72  0.03019 -4.21264e+00
 73  0.02416  5.76048e+00 | 74  0.01412  8.92606e+00 | 75 -0.02487  1.61603e+00
 76 -0.02799 -9.41720e-01 | 77 -0.01128  8.57283e-01 | 78  0.01374  1.24454e+01
 79 -0.03266 -1.00126e+00 | 80  0.02982  6.54950e+00 | 81  0.03138 -9.09005e+00
 82  0.01289  4.62406e+00 | 83  0.00636  3.84821e+00 | 84  0.03888  4.37951e+00
 85  0.00939  7.63736e+00 | 86  0.01270 -9.33953e+00 | 87 -0.02150 -6.93329e+00
 88 -0.06481 -3.61238e+00 | 89 -0.02171 -4.37892e+00 | 90 -0.01601 -1.66170e+00
 91 -0.02566 -2.33624e+00 | 92 -0.01934 -4.73465e+00 | 93 -0.03293  3.28448e+00
 94 -0.00216 -1.57856e+00 | 95 -0.00041 -4.08979e+00 | 96 -0.00040 -4.06624e+00
 97  0.82813  1.01115e+01 | 98 -0.41301 -5.45969e+01 | 99  0.23153  3.19975e+00
100 -0.24733 -2.48140e+01 |
100 variables; iteration 60; function evaluation 74; phase 3
Function value 2.2021106e+03; maximum gradient component mag -6.6257e+00
Var    Value     Gradient |Var    Value     Gradient |Var    Value     Gradient
  1  0.61603 -6.62567e+00 |  2  0.00480 -2.35722e-01 |  3  0.01524 -7.62412e-01
  4 -0.00431 -1.81207e-01 |  5 -0.01086 -6.42610e-01 |  6  0.00612 -1.25727e+00
  7 -0.02190  9.01061e-01 |  8  0.01624 -3.80738e-01 |  9 -0.01328  2.09273e+00
 10  0.00568 -1.79589e+00 | 11 -0.01685  5.39708e-01 | 12  0.00912 -3.25403e+00
 13  0.04121 -9.59801e-01 | 14  0.01467 -5.96820e-01 | 15 -0.02636  1.69473e+00
 16  0.00962 -9.20873e-01 | 17 -0.02293  1.28168e+00 | 18 -0.05128 -1.80175e+00
 19  0.01705  3.86345e-01 | 20 -0.02631 -9.90405e-01 | 21  0.01749 -1.19084e+00
 22 -0.01416  1.57314e-01 | 23 -0.02916 -7.32712e-01 | 24 -0.01076  3.70186e-01
 25 -0.02116  1.02298e+00 | 26  0.00945  4.43199e-01 | 27  0.01099  6.64007e-01
 28  0.03311  1.12012e-01 | 29  0.02156  9.34658e-02 | 30 -0.00418  5.71060e-01
 31 -0.03019  1.42128e+00 | 32  0.00423  7.82552e-01 | 33 -0.00727  8.41473e-01
 34  0.02101  1.03265e+00 | 35 -0.00363  2.10635e-01 | 36  0.00075  1.59614e+00
 37 -0.01258 -8.73173e-02 | 38  0.00327  3.13969e-01 | 39  0.02447 -3.73870e-02
 40  0.03754  4.05985e-01 | 41 -0.01846  9.33336e-01 | 42 -0.01217 -6.08820e-01
 43 -0.03074 -7.36105e-01 | 44  0.00137 -9.78265e-01 | 45 -0.02173  1.19470e+00
 46  0.04069  6.54620e-01 | 47 -0.03671 -8.69271e-01 | 48  0.00553  7.89400e-01
 49 -0.01405  4.95267e-01 | 50  0.00019 -2.66064e-01 | 51  0.03177 -6.83500e-01
 52 -0.02938  4.64700e-01 | 53 -0.00509 -1.04068e+00 | 54 -0.00606  4.91184e-01
 55  0.01959  6.52063e-01 | 56  0.06914 -7.50515e-01 | 57 -0.02244 -5.74670e-01
 58  0.02811 -1.91344e-01 | 59  0.02617 -2.40607e-01 | 60  0.00682 -8.03392e-01
 61  0.00486 -1.09316e+00 | 62  0.00254 -7.89833e-01 | 63  0.05330 -5.72498e-01
 64 -0.02100 -7.89259e-01 | 65  0.01817 -3.41582e-02 | 66 -0.02864  3.11537e-01
 67 -0.04879  5.85335e-02 | 68  0.00616 -4.63852e+00 | 69  0.02383  1.41465e+00
 70  0.04346 -3.75013e-01 | 71 -0.00340 -4.97911e-01 | 72  0.03046  5.24445e-01
 73  0.02409 -4.11591e-01 | 74  0.01397  1.30434e+00 | 75 -0.02500 -1.79827e-01
 76 -0.02798 -3.55921e-01 | 77 -0.01133 -1.90916e-01 | 78  0.01342  2.48012e-01
 79 -0.03275 -9.02053e-01 | 80  0.02969  1.17243e-02 | 81  0.03165 -1.05266e-02
 82  0.01269 -8.77857e-01 | 83  0.00620  8.03249e-01 | 84  0.03879 -3.30165e-01
 85  0.00900 -2.85781e-01 | 86  0.01293  4.64121e-01 | 87 -0.02134  4.64982e-01
 88 -0.06486  2.97890e-01 | 89 -0.02176  3.88846e-01 | 90 -0.01616  1.49325e+00
 91 -0.02594  2.95748e-01 | 92 -0.01929  1.60035e-01 | 93 -0.03482  5.35430e-01
 94 -0.00325  4.87285e-01 | 95  0.00110  1.95985e+00 | 96  0.00104  1.86434e+00
 97  0.82567 -5.05368e-01 | 98 -0.41325 -1.64549e+00 | 99  0.23248 -2.77177e-01
100 -0.24695 -7.78616e-01 |
Maximum number of function evaluations exceeded

 - final statistics:
100 variables; iteration 80; function evaluation 100
Function value 2.2021e+03; maximum gradient component mag -2.8391e+00
Exit code = 3;  converg criter 1.0000e+00
Var    Value     Gradient |Var    Value     Gradient |Var    Value     Gradient
  1  0.61602 -2.83911e+00 |  2  0.00490 -8.96554e-02 |  3  0.01540 -4.42456e-01
  4 -0.00425 -7.91286e-02 |  5 -0.01046  2.44110e-01 |  6  0.00666  2.57385e-01
  7 -0.02197  6.88717e-01 |  8  0.01625 -2.92432e-01 |  9 -0.01364  8.47841e-01
 10  0.00590 -7.50353e-01 | 11 -0.01694  1.84874e-01 | 12  0.00945 -1.07303e+00
 13  0.04122 -7.40414e-01 | 14  0.01472 -5.31492e-02 | 15 -0.02649  7.26838e-01
 16  0.00969 -9.75728e-02 | 17 -0.02300  4.38206e-01 | 18 -0.05116 -1.05921e+00
 19  0.01706  1.14788e-01 | 20 -0.02622 -3.17409e-01 | 21  0.01755 -4.88019e-01
 22 -0.01417 -8.72307e-02 | 23 -0.02910 -3.22013e-01 | 24 -0.01075  3.36285e-01
 25 -0.02126 -1.67311e-01 | 26  0.00945  2.92295e-01 | 27  0.01097  3.56750e-01
 28  0.03311 -2.41980e-02 | 29  0.02155  3.31499e-02 | 30 -0.00420  2.90508e-01
 31 -0.03025  8.22133e-01 | 32  0.00420  2.85650e-01 | 33 -0.00731  3.00716e-01
 34  0.02098  4.06203e-01 | 35 -0.00366 -2.66393e-01 | 36  0.00068  5.45763e-01
 37 -0.01257 -1.15551e-01 | 38  0.00326  1.47015e-01 | 39  0.02448 -7.56498e-02
 40  0.03754  2.32594e-01 | 41 -0.01856 -1.86296e-01 | 42 -0.01215 -4.29996e-01
 43 -0.03064  1.08248e-01 | 44  0.00142 -4.45204e-01 | 45 -0.02176  7.77434e-01
 46  0.04068  2.61425e-01 | 47 -0.03672 -1.05092e+00 | 48  0.00551  3.70801e-01
 49 -0.01406  2.85935e-01 | 50  0.00021 -6.78746e-02 | 51  0.03180 -1.67363e-01
 52 -0.02942 -1.26971e-01 | 53 -0.00506 -5.52616e-01 | 54 -0.00606  2.20566e-01
 55  0.01958  2.86190e-01 | 56  0.06915 -3.35635e-01 | 57 -0.02239  4.65672e-02
 58  0.02811 -9.96382e-02 | 59  0.02618 -3.81803e-02 | 60  0.00683 -6.47292e-01
 61  0.00489 -3.93090e-01 | 62  0.00258  1.40901e-01 | 63  0.05331 -2.55522e-01
 64 -0.02096 -3.17375e-01 | 65  0.01817 -5.47563e-03 | 66 -0.02865  8.91835e-02
 67 -0.04879 -5.95987e-02 | 68  0.00626 -1.71956e+00 | 69  0.02380  5.33417e-01
 70  0.04347 -1.56341e-01 | 71 -0.00339 -3.31056e-01 | 72  0.03045  2.13214e-01
 73  0.02410 -1.78254e-01 | 74  0.01395  5.74701e-01 | 75 -0.02499 -7.18322e-02
 76 -0.02796 -1.27435e-01 | 77 -0.01132  3.86412e-02 | 78  0.01342  1.00446e-01
 79 -0.03270 -3.38457e-01 | 80  0.02969 -7.55015e-03 | 81  0.03166  4.00063e-02
 82  0.01272 -3.73966e-01 | 83  0.00617 -1.54591e-02 | 84  0.03880 -1.12201e-01
 85  0.00901 -1.04784e-01 | 86  0.01292  1.01533e-01 | 87 -0.02136  1.04180e-01
 88 -0.06483  4.55647e-01 | 89 -0.02176  1.68482e-01 | 90 -0.01621  5.33027e-01
 91 -0.02595  1.13261e-01 | 92 -0.01930 -1.33036e-02 | 93 -0.03488  2.52032e-01
 94 -0.00336  2.33139e-01 | 95  0.00042  8.18381e-01 | 96  0.00039  7.68852e-01
 97  0.82609 -2.03479e-01 | 98 -0.41318 -9.55894e-02 | 99  0.23263 -7.88338e-02
100 -0.24690  2.07925e-01 |

Initial statistics: 108 variables; iteration 0; function evaluation 0; phase 4
Function value 2.2021048e+03; maximum gradient component mag -1.0690e+03
Var    Value     Gradient |Var    Value     Gradient |Var    Value     Gradient
  1 -0.42263 -8.88542e+00 |  2 -0.42263 -1.06905e+03 |  3 -0.41094 -2.07640e+02
  4  0.61602 -2.83651e+00 |  5  0.00000 -3.19194e+01 |  6  0.00000 -1.41475e-01
  7  0.00000  6.78360e+00 |  8  0.00000  1.17750e+01 |  9  0.00000  2.16446e+00
 10  0.00490 -8.86823e-02 | 11  0.01540 -4.41236e-01 | 12 -0.00425 -7.81757e-02
 13 -0.01046  2.44867e-01 | 14  0.00666  2.58022e-01 | 15 -0.02197  6.89025e-01
 16  0.01625 -2.91304e-01 | 17 -0.01364  8.48060e-01 | 18  0.00590 -7.48889e-01
 19 -0.01694  1.85625e-01 | 20  0.00945 -1.07141e+00 | 21  0.04122 -7.38444e-01
 22  0.01472 -5.22687e-02 | 23 -0.02649  7.27020e-01 | 24  0.00969 -9.54560e-02
 25 -0.02300  4.38079e-01 | 26 -0.05116 -1.05746e+00 | 27  0.01706  1.15678e-01
 28 -0.02622 -3.11673e-01 | 29  0.01755 -4.86133e-01 | 30 -0.01417 -8.64970e-02
 31 -0.02910 -3.19205e-01 | 32 -0.01075  3.32904e-01 | 33 -0.02126 -1.62162e-01
 34  0.00945  2.87306e-01 | 35  0.01097  3.56473e-01 | 36  0.03311 -2.24139e-02
 37  0.02155  3.18911e-02 | 38 -0.00420  2.89412e-01 | 39 -0.03025  8.24891e-01
 40  0.00420  2.91195e-01 | 41 -0.00731  3.03061e-01 | 42  0.02098  4.13360e-01
 43 -0.00366 -2.68276e-01 | 44  0.00068  5.43574e-01 | 45 -0.01257 -1.13295e-01
 46  0.00326  1.49867e-01 | 47  0.02448 -7.19464e-02 | 48  0.03754  2.33846e-01
 49 -0.01856 -1.84863e-01 | 50 -0.01215 -4.28083e-01 | 51 -0.03064  1.11786e-01
 52  0.00142 -4.46012e-01 | 53 -0.02176  7.76414e-01 | 54  0.04068  2.62163e-01
 55 -0.03672 -1.05484e+00 | 56  0.00551  3.67369e-01 | 57 -0.01406  2.85376e-01
 58  0.00021 -7.25224e-02 | 59  0.03180 -1.66084e-01 | 60 -0.02942 -1.23818e-01
 61 -0.00506 -5.51489e-01 | 62 -0.00606  2.21066e-01 | 63  0.01958  2.87033e-01
 64  0.06915 -3.34508e-01 | 65 -0.02239  5.37913e-02 | 66  0.02811 -9.87816e-02
 67  0.02618 -3.71701e-02 | 68  0.00683 -6.45852e-01 | 69  0.00489 -3.91931e-01
 70  0.00258  1.41551e-01 | 71  0.05331 -2.54442e-01 | 72 -0.02096 -3.18536e-01
 73  0.01817 -4.50149e-03 | 74 -0.02865  8.92771e-02 | 75 -0.04879 -5.85240e-02
 76  0.00626 -1.71755e+00 | 77  0.02380  5.33764e-01 | 78  0.04347 -1.55421e-01
 79 -0.00339 -3.30110e-01 | 80  0.03045  2.13845e-01 | 81  0.02410 -1.77301e-01
 82  0.01395  5.74927e-01 | 83 -0.02499 -7.01771e-02 | 84 -0.02796 -1.25816e-01
 85 -0.01131  3.89943e-02 | 86  0.01342  1.01028e-01 | 87 -0.03270 -3.34943e-01
 88  0.02969 -6.85103e-03 | 89  0.03166  4.07436e-02 | 90  0.01272 -3.72930e-01
 91  0.00617 -1.47168e-02 | 92  0.03880 -1.11356e-01 | 93  0.00901 -1.03913e-01
 94  0.01292  1.02084e-01 | 95 -0.02136  1.07864e-01 | 96 -0.06483  4.48600e-01
 97 -0.02176  1.68528e-01 | 98 -0.01621  5.36183e-01 | 99 -0.02595  1.10210e-01
100 -0.01930 -8.61544e-03 |101 -0.03488  2.52848e-01 |102 -0.00336  2.33865e-01
103  0.00042  8.19614e-01 |104  0.00039  7.68160e-01 |105  0.82609 -2.03165e-01
106 -0.41318 -9.53918e-02 |107  0.23263 -7.88446e-02 |108 -0.24690  2.07507e-01

Intermediate statistics: 108 variables; iteration 20; function evaluation 26; phase 4
Function value 2.2013341e+03; maximum gradient component mag -5.7476e+02
Var    Value     Gradient |Var    Value     Gradient |Var    Value     Gradient
  1 -0.42253 -2.36145e+01 |  2 -0.42133 -5.74764e+02 |  3 -0.41346 -1.75293e+02
  4  0.61509 -7.03355e+01 |  5  0.00792 -1.29874e+01 |  6 -0.00143 -1.04808e+00
  7 -0.00382  1.40057e+00 |  8 -0.00545  3.25241e+00 |  9 -0.00136  6.24371e-01
 10  0.00418  1.87789e+00 | 11  0.01481  2.00969e+00 | 12 -0.00481  2.20665e+00
 13 -0.01097  2.57498e+00 | 14  0.00630  3.39140e+00 | 15 -0.02240  3.15861e+00
 16  0.01612  4.37020e+00 | 17 -0.01389  4.24143e+00 | 18  0.00592  4.50569e+00
 19 -0.01697  4.36921e+00 | 20  0.00965  5.58385e+00 | 21  0.04153  9.89384e+00
 22  0.01499  7.42526e+00 | 23 -0.02633  5.09372e+00 | 24  0.00988  5.88685e+00
 25 -0.02282  5.02822e+00 | 26 -0.05104  2.40744e+00 | 27  0.01713  4.66539e+00
 28 -0.02608  3.43842e+00 | 29  0.01770  4.97248e+00 | 30 -0.01400  4.71888e+00
 31 -0.02896  3.35746e+00 | 32 -0.01060  4.66114e+00 | 33 -0.02112  3.94315e+00
 34  0.00953  4.92563e+00 | 35  0.01106  4.93013e+00 | 36  0.03315  4.43318e+00
 37  0.02162  3.85895e+00 | 38 -0.00407  3.98198e+00 | 39 -0.03013  3.83825e+00
 40  0.00427  2.81859e+00 | 41 -0.00721  3.02083e+00 | 42  0.02100  1.87998e+00
 43 -0.00357  2.17958e+00 | 44  0.00076  3.02268e+00 | 45 -0.01250  2.02027e+00
 46  0.00328  1.01053e+00 | 47  0.02444 -5.92659e-01 | 48  0.03746 -2.79080e+00
 49 -0.01852  4.04195e-01 | 50 -0.01214 -9.37333e-01 | 51 -0.03062 -2.99773e-02
 52  0.00138 -2.85658e+00 | 53 -0.02175 -3.24938e-02 | 54  0.04041 -1.37361e+01
 55 -0.03670 -1.40571e+00 | 56  0.00539 -5.69314e+00 | 57 -0.01414 -3.96734e+00
 58  0.00009 -7.41452e+00 | 59  0.03162 -1.63766e+01 | 60 -0.02950 -4.75338e+00
 61 -0.00509 -7.33690e+00 | 62 -0.00619 -8.12658e+00 | 63  0.01945 -1.07173e+01
 64  0.06923 -1.29573e+01 | 65 -0.02235 -1.26212e+00 | 66  0.02814 -7.48511e+00
 67  0.02622 -6.66223e+00 | 68  0.00688 -4.82435e+00 | 69  0.00491 -5.00845e+00
 70  0.00261 -3.46590e+00 | 71  0.05348 -2.85093e+00 | 72 -0.02089 -1.24294e+00
 73  0.01831 -1.98040e+00 | 74 -0.02857 -3.22583e-01 | 75 -0.04873  5.39119e-01
 76  0.00624 -6.52043e+00 | 77  0.02382 -3.99136e+00 | 78  0.04366  1.38624e+00
 79 -0.00329  8.24773e-02 | 80  0.03062  1.17702e+00 | 81  0.02424 -6.91658e-01
 82  0.01409  2.63390e-01 | 83 -0.02490 -1.93245e-01 | 84 -0.02793 -1.67712e+00
 85 -0.01128 -1.80247e+00 | 86  0.01350 -1.59722e+00 | 87 -0.03266  1.60982e-01
 88  0.02976 -2.24209e+00 | 89  0.03183  1.91855e+00 | 90  0.01278 -1.62170e+00
 91  0.00615 -3.55057e+00 | 92  0.03901  1.31325e+00 | 93  0.00910 -9.65878e-01
 94  0.01300 -2.55784e+00 | 95 -0.02141 -3.71790e+00 | 96 -0.06484 -6.43042e-01
 97 -0.02187 -4.23907e+00 | 98 -0.01633 -2.72011e+00 | 99 -0.02598  5.65085e-01
100 -0.01921  2.37921e+00 |101 -0.03476  2.74984e+00 |102 -0.00351  2.22619e+00
103 -0.00008  2.16144e+00 |104 -0.00009  2.14894e+00 |105  0.82434  9.77777e+00
106 -0.41346 -6.80252e+01 |107  0.23252 -1.03564e+01 |108 -0.24668  4.16448e+01
108 variables; iteration 40; function evaluation 46; phase 4
Function value 2.2011632e+03; maximum gradient component mag -4.1978e+01
Var    Value     Gradient |Var    Value     Gradient |Var    Value     Gradient
  1 -0.42063  1.01588e-01 |  2 -0.42064 -4.19785e+01 |  3 -0.41473 -1.10515e+01
  4  0.61438 -4.98914e+00 |  5  0.01362  1.06175e+00 |  6 -0.00257 -2.02768e+00
  7 -0.00513 -2.36872e-01 |  8 -0.00661  1.71663e+00 |  9 -0.00127  1.24488e+00
 10  0.00457  1.44084e+00 | 11  0.01439  3.20283e-02 | 12 -0.00522  5.65396e-02
 13 -0.01184 -7.79488e-01 | 14  0.00574  5.39271e-01 | 15 -0.02338 -7.61289e-01
 16  0.01493 -1.27260e+00 | 17 -0.01382  3.15390e+00 | 18  0.00530  4.12054e-01
 19 -0.01819 -2.22869e+00 | 20  0.00982  5.07578e+00 | 21  0.04064 -2.60788e+00
 22  0.01454  4.84529e-01 | 23 -0.02668  3.34254e-01 | 24  0.00968  5.18836e-01
 25 -0.02308  6.58159e-01 | 26 -0.05096  1.70655e+00 | 27  0.01700  2.51656e+00
 28 -0.02630  1.21883e-01 | 29  0.01733 -2.82603e+00 | 30 -0.01429 -3.05620e-01
 31 -0.02918 -1.09230e-01 | 32 -0.01092 -4.10046e-01 | 33 -0.02129  9.49147e-01
 34  0.00903 -3.31307e+00 | 35  0.01066 -1.79706e+00 | 36  0.03291 -1.06927e+00
 37  0.02171  3.87565e+00 | 38 -0.00433 -8.72028e-01 | 39 -0.03047 -7.66735e-01
 40  0.00418  5.60833e-01 | 41 -0.00747 -1.07401e+00 | 42  0.02114  4.46222e+00
 43 -0.00374 -7.21245e-01 | 44  0.00060  2.31906e-01 | 45 -0.01265 -3.29159e-01
 46  0.00322  2.49543e-01 | 47  0.02458  2.47783e+00 | 48  0.03772  3.66205e+00
 49 -0.01849 -3.05459e-01 | 50 -0.01206 -8.00073e-01 | 51 -0.03052 -7.19862e-02
 52  0.00142 -2.34765e+00 | 53 -0.02176 -3.34566e-01 | 54  0.04070 -3.65733e+00
 55 -0.03650 -1.94794e-01 | 56  0.00542 -4.35236e+00 | 57 -0.01376  1.22741e+00
 58  0.00051  2.80225e-01 | 59  0.03214  7.87830e-01 | 60 -0.02897  1.40541e+00
 61 -0.00445  4.67822e+00 | 62 -0.00612 -6.91977e+00 | 63  0.01985  9.93262e-01
 64  0.06937 -8.78451e-01 | 65 -0.02223 -7.28677e-01 | 66  0.02825 -3.81945e+00
 67  0.02647  1.30978e+00 | 68  0.00718  2.14724e+00 | 69  0.00527  3.27658e+00
 70  0.00287  2.13255e+00 | 71  0.05355  1.11412e-01 | 72 -0.02063  1.12362e+00
 73  0.01837 -3.41287e+00 | 74 -0.02824  2.04643e+00 | 75 -0.04859  1.60424e-01
 76  0.00644 -1.40519e+00 | 77  0.02386 -3.18707e+00 | 78  0.04370  1.63522e+00
 79 -0.00298  4.26973e+00 | 80  0.03046 -6.87489e+00 | 81  0.02422 -3.96926e+00
 82  0.01429  1.86269e+00 | 83 -0.02476 -1.31364e+00 | 84 -0.02778 -1.84231e+00
 85 -0.01103  3.84179e-01 | 86  0.01362 -1.51670e+00 | 87 -0.03252 -6.00818e-01
 88  0.03000  3.21602e+00 | 89  0.03199  2.23779e+00 | 90  0.01303  1.26348e-01
 91  0.00662  3.16698e+00 | 92  0.03919  3.25561e-01 | 93  0.00964  4.67084e+00
 94  0.01334 -2.68132e+00 | 95 -0.02106 -4.75234e+00 | 96 -0.06382  3.74347e+00
 97 -0.02114 -6.10841e-02 | 98 -0.01583 -2.22464e+00 | 99 -0.02556 -2.35409e-01
100 -0.01857  2.94802e+00 |101 -0.03572 -3.59430e+00 |102 -0.00355  2.28142e-01
103 -0.00046 -2.20784e-01 |104 -0.00045 -2.00220e-01 |105  0.82469  8.00940e-01
106 -0.41335 -2.03528e+00 |107  0.23286  1.08623e+00 |108 -0.24685  2.48911e+00
108 variables; iteration 60; function evaluation 71; phase 4
Function value 2.2011446e+03; maximum gradient component mag 6.7407e+00
Var    Value     Gradient |Var    Value     Gradient |Var    Value     Gradient
  1 -0.42139  4.70137e-01 |  2 -0.42062 -5.26513e+00 |  3 -0.41458 -1.39455e+00
  4  0.61439 -3.52466e-01 |  5  0.01325  2.69104e-01 |  6 -0.00128 -1.61971e-02
  7 -0.00516 -3.13598e-01 |  8 -0.00735  4.02100e-01 |  9 -0.00178  2.90076e-01
 10  0.00392  2.53155e-03 | 11  0.01431 -3.24734e-01 | 12 -0.00530 -2.57392e-01
 13 -0.01131  3.21290e-01 | 14  0.00555 -1.01084e-01 | 15 -0.02286  4.67963e-01
 16  0.01497 -1.20355e+00 | 17 -0.01447  8.21469e-01 | 18  0.00512 -5.11916e-01
 19 -0.01738  1.02071e+00 | 20  0.00923  1.13558e+00 | 21  0.04086 -9.78786e-02
 22  0.01444 -5.24938e-01 | 23 -0.02693 -1.48213e+00 | 24  0.00977  1.72180e+00
 25 -0.02303  1.07742e+00 | 26 -0.05125 -3.98883e-01 | 27  0.01684 -2.03482e-01
 28 -0.02620  1.09484e+00 | 29  0.01747  8.42180e-02 | 30 -0.01426  1.59387e-01
 31 -0.02909  7.24101e-01 | 32 -0.01084  5.17459e-01 | 33 -0.02145 -6.18208e-01
 34  0.00918 -7.44676e-01 | 35  0.01074 -4.11596e-01 | 36  0.03281 -2.94106e+00
 37  0.02157  1.53312e+00 | 38 -0.00426  6.50142e-02 | 39 -0.03039  6.05034e-02
 40  0.00414  2.94315e-01 | 41 -0.00740 -2.92086e-02 | 42  0.02095  1.21574e+00
 43 -0.00364  8.33760e-01 | 44  0.00051 -5.87839e-01 | 45 -0.01250  1.62748e+00
 46  0.00317 -1.57195e-01 | 47  0.02439 -5.84800e-01 | 48  0.03752 -2.11660e-01
 49 -0.01848 -3.01892e-02 | 50 -0.01212 -1.16717e+00 | 51 -0.03051  2.32464e-01
 52  0.00159  5.56956e-01 | 53 -0.02169  6.67729e-01 | 54  0.04073 -2.27676e+00
 55 -0.03652 -2.10404e-01 | 56  0.00569  6.94531e-01 | 57 -0.01389 -1.75040e-01
 58  0.00055  1.27290e+00 | 59  0.03206 -1.17587e+00 | 60 -0.02892  1.95433e+00
 61 -0.00455  2.94508e+00 | 62 -0.00589 -1.32047e+00 | 63  0.01976 -8.23654e-01
 64  0.06936 -2.91862e-01 | 65 -0.02221 -7.01740e-02 | 66  0.02832 -8.29062e-01
 67  0.02641 -7.95606e-02 | 68  0.00700 -1.76618e+00 | 69  0.00541  6.74072e+00
 70  0.00257 -4.66461e+00 | 71  0.05354  6.55910e-02 | 72 -0.02068  4.89822e-01
 73  0.01842 -1.35850e+00 | 74 -0.02826  2.17340e+00 | 75 -0.04853  1.04908e+00
 76  0.00648  4.07308e-01 | 77  0.02391 -1.16619e+00 | 78  0.04366  3.90016e-01
 79 -0.00329 -2.08456e+00 | 80  0.03060 -1.32970e+00 | 81  0.02432 -3.40308e-01
 82  0.01416 -1.20319e+00 | 83 -0.02467  1.02115e-01 | 84 -0.02770 -4.92899e-01
 85 -0.01122 -3.61312e+00 | 86  0.01364 -5.63834e-01 | 87 -0.03250 -3.08475e-01
 88  0.02991  3.98006e-01 | 89  0.03193  1.25522e-01 | 90  0.01305  9.80875e-01
 91  0.00661  2.79088e+00 | 92  0.03919  8.15468e-02 | 93  0.00944 -6.53775e-01
 94  0.01348  1.41750e+00 | 95 -0.02084 -1.12494e+00 | 96 -0.06408  1.51102e+00
 97 -0.02117 -8.39033e-01 | 98 -0.01566  5.46524e-01 | 99 -0.02552 -1.34878e-01
100 -0.01902 -6.97546e-01 |101 -0.03478 -3.98736e-01 |102 -0.00358  6.63513e-03
103 -0.00016  1.00657e-01 |104 -0.00016  9.70904e-02 |105  0.82416  1.49482e-01
106 -0.41340 -3.01100e-01 |107  0.23219  7.00421e-02 |108 -0.24701 -6.86013e-02
108 variables; iteration 80; function evaluation 97; phase 4
Function value 2.2011403e+03; maximum gradient component mag 2.0308e+00
Var    Value     Gradient |Var    Value     Gradient |Var    Value     Gradient
  1 -0.42181  2.94251e-02 |  2 -0.42064  5.94295e-02 |  3 -0.41446  4.77100e-02
  4  0.61440  3.00987e-01 |  5  0.01321  1.97035e-01 |  6 -0.00144 -2.69599e-01
  7 -0.00472  4.19535e-01 |  8 -0.00763 -6.31094e-02 |  9 -0.00218 -4.33138e-01
 10  0.00398  1.17416e-01 | 11  0.01454  1.79211e-01 | 12 -0.00510  1.70789e-01
 13 -0.01140  9.40505e-02 | 14  0.00594  1.01641e+00 | 15 -0.02308 -1.11732e-01
 16  0.01525 -1.19212e-01 | 17 -0.01477 -1.91943e-01 | 18  0.00520 -1.47191e-01
 19 -0.01763 -3.43431e-02 | 20  0.00909  1.93574e-01 | 21  0.04087 -2.39637e-02
 22  0.01446 -3.88970e-01 | 23 -0.02681 -6.45858e-01 | 24  0.00965  1.69214e-01
 25 -0.02311  3.10805e-01 | 26 -0.05122 -1.66951e-01 | 27  0.01687  4.92179e-01
 28 -0.02627  4.82449e-01 | 29  0.01747  1.00653e-01 | 30 -0.01429 -1.39787e-01
 31 -0.02914  2.58810e-01 | 32 -0.01090 -1.71434e-01 | 33 -0.02138  6.28020e-02
 34  0.00919 -6.33455e-01 | 35  0.01077  5.39010e-02 | 36  0.03290 -9.07319e-01
 37  0.02152  7.63967e-01 | 38 -0.00424  2.77958e-01 | 39 -0.03032  6.62052e-01
 40  0.00415  5.14942e-01 | 41 -0.00738  1.78574e-01 | 42  0.02087 -2.99098e-01
 43 -0.00369  1.58429e-01 | 44  0.00053 -3.41594e-01 | 45 -0.01257  8.64891e-01
 46  0.00317 -1.20840e-01 | 47  0.02439 -5.95488e-01 | 48  0.03752 -1.61671e-01
 49 -0.01846  1.71829e-01 | 50 -0.01203 -1.47614e-01 | 51 -0.03058 -3.53166e-01
 52  0.00157  2.76522e-01 | 53 -0.02173  2.70855e-01 | 54  0.04078 -6.50331e-01
 55 -0.03655 -3.73275e-01 | 56  0.00565  4.15518e-02 | 57 -0.01390 -2.62414e-01
 58  0.00048  2.16005e-01 | 59  0.03208 -3.67638e-01 | 60 -0.02904  4.93960e-01
 61 -0.00466  7.33276e-01 | 62 -0.00583 -1.17627e-01 | 63  0.01977 -4.43560e-01
 64  0.06935 -5.95701e-02 | 65 -0.02221  3.09586e-03 | 66  0.02834 -2.04165e-01
 67  0.02640 -1.28917e-01 | 68  0.00705 -5.20270e-01 | 69  0.00522  2.03079e+00
 70  0.00269 -1.70532e+00 | 71  0.05353 -1.11786e-02 | 72 -0.02070  3.88023e-01
 73  0.01845 -2.43798e-01 | 74 -0.02840 -7.76859e-02 | 75 -0.04860  1.87420e-01
 76  0.00647  4.32958e-01 | 77  0.02393 -3.76888e-01 | 78  0.04364  1.86687e-02
 79 -0.00322 -5.24057e-01 | 80  0.03062 -2.81346e-01 | 81  0.02432 -3.31019e-02
 82  0.01417 -7.23138e-01 | 83 -0.02468  5.65196e-02 | 84 -0.02768 -4.75036e-02
 85 -0.01112 -1.21756e+00 | 86  0.01364 -2.13225e-01 | 87 -0.03250 -1.70557e-01
 88  0.02990  1.11835e-03 | 89  0.03192 -6.99025e-02 | 90  0.01302  4.16826e-01
 91  0.00654  8.41225e-01 | 92  0.03918  6.65816e-03 | 93  0.00945 -3.28856e-01
 94  0.01345  5.77117e-01 | 95 -0.02077 -1.25642e-01 | 96 -0.06418  5.76869e-01
 97 -0.02110  9.21617e-02 | 98 -0.01567  1.42883e-01 | 99 -0.02548  1.71756e-01
100 -0.01898 -5.17553e-01 |101 -0.03461  6.21804e-02 |102 -0.00356  1.51534e-02
103 -0.00017  6.96542e-02 |104 -0.00017  6.64806e-02 |105  0.82404  4.20123e-02
106 -0.41340 -7.32496e-02 |107  0.23227  3.79517e-01 |108 -0.24697 -1.16088e-02
Maximum number of function evaluations exceeded

 - final statistics:
108 variables; iteration 83; function evaluation 100
Function value 2.2011e+03; maximum gradient component mag 2.0145e+00
Exit code = 3;  converg criter 1.0000e+00
Var    Value     Gradient |Var    Value     Gradient |Var    Value     Gradient
  1 -0.42181  2.53948e-02 |  2 -0.42064  6.08337e-02 |  3 -0.41446  4.75910e-02
  4  0.61440  2.91298e-01 |  5  0.01321  1.86401e-01 |  6 -0.00146 -3.06690e-01
  7 -0.00471  4.41024e-01 |  8 -0.00764 -8.12230e-02 |  9 -0.00219 -4.66186e-01
 10  0.00401  1.65052e-01 | 11  0.01452  1.39061e-01 | 12 -0.00511  1.40088e-01
 13 -0.01138  1.49136e-01 | 14  0.00592  9.38084e-01 | 15 -0.02310 -1.67076e-01
 16  0.01526 -1.11278e-01 | 17 -0.01477 -1.73804e-01 | 18  0.00520 -1.42433e-01
 19 -0.01763 -3.03118e-02 | 20  0.00909  1.91135e-01 | 21  0.04087 -2.46928e-02
 22  0.01447 -2.48667e-01 | 23 -0.02681 -6.45600e-01 | 24  0.00965  2.23338e-01
 25 -0.02312  2.65015e-01 | 26 -0.05122 -1.61815e-01 | 27  0.01687  4.81535e-01
 28 -0.02627  4.84269e-01 | 29  0.01747  1.38246e-01 | 30 -0.01430 -2.31837e-01
 31 -0.02913  3.24959e-01 | 32 -0.01091 -2.47721e-01 | 33 -0.02139  6.09105e-03
 34  0.00919 -5.71975e-01 | 35  0.01077  9.91960e-02 | 36  0.03290 -8.86813e-01
 37  0.02152  7.42827e-01 | 38 -0.00423  3.70448e-01 | 39 -0.03035  4.20537e-01
 40  0.00415  4.99408e-01 | 41 -0.00738  2.19297e-01 | 42  0.02087 -2.55117e-01
 43 -0.00369  1.19248e-01 | 44  0.00053 -3.90471e-01 | 45 -0.01257  8.88890e-01
 46  0.00317 -1.01497e-01 | 47  0.02439 -5.91377e-01 | 48  0.03752 -1.51703e-01
 49 -0.01847  9.43798e-02 | 50 -0.01203 -1.66217e-01 | 51 -0.03058 -3.50976e-01
 52  0.00156  2.17654e-01 | 53 -0.02173  2.75413e-01 | 54  0.04078 -6.31187e-01
 55 -0.03656 -5.34629e-01 | 56  0.00565  6.48772e-02 | 57 -0.01390 -2.07982e-01
 58  0.00049  2.54920e-01 | 59  0.03209 -3.52374e-01 | 60 -0.02904  4.66158e-01
 61 -0.00466  7.45297e-01 | 62 -0.00583 -1.03098e-01 | 63  0.01977 -4.31813e-01
 64  0.06935 -5.15580e-02 | 65 -0.02221 -6.57521e-02 | 66  0.02834 -1.93690e-01
 67  0.02640 -1.23445e-01 | 68  0.00705 -5.10217e-01 | 69  0.00522  2.01450e+00
 70  0.00269 -1.68277e+00 | 71  0.05353 -7.78301e-03 | 72 -0.02070  3.84438e-01
 73  0.01845 -2.39894e-01 | 74 -0.02839 -3.74648e-02 | 75 -0.04861  1.46435e-01
 76  0.00647  4.33629e-01 | 77  0.02393 -3.69818e-01 | 78  0.04364  2.07450e-02
 79 -0.00322 -5.13978e-01 | 80  0.03062 -2.75627e-01 | 81  0.02432 -3.00021e-02
 82  0.01417 -7.13043e-01 | 83 -0.02468  5.94355e-02 | 84 -0.02768 -3.03624e-02
 85 -0.01112 -1.20272e+00 | 86  0.01364 -2.08311e-01 | 87 -0.03250 -1.52757e-01
 88  0.02990  3.56514e-03 | 89  0.03192 -6.68460e-02 | 90  0.01302  4.15493e-01
 91  0.00654  8.35309e-01 | 92  0.03918  8.75468e-03 | 93  0.00945 -3.22956e-01
 94  0.01345  5.76477e-01 | 95 -0.02077 -1.32611e-01 | 96 -0.06419  5.27472e-01
 97 -0.02110  9.79182e-02 | 98 -0.01567  1.44690e-01 | 99 -0.02548  1.94396e-01
100 -0.01898 -5.09939e-01 |101 -0.03461  7.32458e-02 |102 -0.00356  1.71003e-02
103 -0.00013  1.34570e-01 |104 -0.00013  1.28476e-01 |105  0.82404  4.20823e-02
106 -0.41340 -7.05298e-02 |107  0.23228  3.94714e-01 |108 -0.24697 -6.61545e-03

Initial statistics: 110 variables; iteration 0; function evaluation 0; phase 5
Function value 2.2011403e+03; maximum gradient component mag -1.2126e+02
Var    Value     Gradient |Var    Value     Gradient |Var    Value     Gradient
  1 -0.42181  2.53948e-02 |  2 -0.42064  6.08337e-02 |  3 -0.41446  4.75910e-02
  4 -0.41222 -4.94958e+01 |  5 -0.41222 -1.21255e+02 |  6  0.61440  2.91298e-01
  7  0.01321  1.86401e-01 |  8 -0.00146 -3.06690e-01 |  9 -0.00471  4.41024e-01
 10 -0.00764 -8.12230e-02 | 11 -0.00219 -4.66186e-01 | 12  0.00401  1.65209e-01
 13  0.01452  1.39218e-01 | 14 -0.00511  1.40245e-01 | 15 -0.01138  1.49293e-01
 16  0.00592  9.38242e-01 | 17 -0.02310 -1.66919e-01 | 18  0.01526 -1.11121e-01
 19 -0.01477 -1.73647e-01 | 20  0.00520 -1.42276e-01 | 21 -0.01763 -3.01546e-02
 22  0.00909  1.91292e-01 | 23  0.04087 -2.45358e-02 | 24  0.01447 -2.48510e-01
 25 -0.02681 -6.45443e-01 | 26  0.00965  2.23496e-01 | 27 -0.02312  2.65172e-01
 28 -0.05122 -1.61658e-01 | 29  0.01687  4.81692e-01 | 30 -0.02627  4.84427e-01
 31  0.01747  1.38403e-01 | 32 -0.01430 -2.31680e-01 | 33 -0.02913  3.25116e-01
 34 -0.01091 -2.47564e-01 | 35 -0.02139  6.24824e-03 | 36  0.00919 -5.71818e-01
 37  0.01077  9.93533e-02 | 38  0.03290 -8.86656e-01 | 39  0.02152  7.42984e-01
 40 -0.00423  3.70605e-01 | 41 -0.03035  4.20694e-01 | 42  0.00415  4.99565e-01
 43 -0.00738  2.19454e-01 | 44  0.02087 -2.54959e-01 | 45 -0.00369  1.19406e-01
 46  0.00053 -3.90314e-01 | 47 -0.01257  8.89047e-01 | 48  0.00317 -1.01340e-01
 49  0.02439 -5.91220e-01 | 50  0.03752 -1.51546e-01 | 51 -0.01847  9.45370e-02
 52 -0.01203 -1.66059e-01 | 53 -0.03058 -3.50819e-01 | 54  0.00156  2.17812e-01
 55 -0.02173  2.75570e-01 | 56  0.04078 -6.31030e-01 | 57 -0.03656 -5.34472e-01
 58  0.00565  6.50344e-02 | 59 -0.01390 -2.07825e-01 | 60  0.00049  2.55077e-01
 61  0.03209 -3.52217e-01 | 62 -0.02904  4.66315e-01 | 63 -0.00466  7.45454e-01
 64 -0.00583 -1.02941e-01 | 65  0.01977 -4.31656e-01 | 66  0.06935 -5.14017e-02
 67 -0.02221 -6.55949e-02 | 68  0.02834 -1.93533e-01 | 69  0.02640 -1.23288e-01
 70  0.00705 -5.10060e-01 | 71  0.00522  2.01466e+00 | 72  0.00269 -1.68261e+00
 73  0.05353 -7.62629e-03 | 74 -0.02070  3.84595e-01 | 75  0.01845 -2.39737e-01
 76 -0.02839 -3.73077e-02 | 77 -0.04861  1.46592e-01 | 78  0.00647  4.33787e-01
 79  0.02393 -3.69661e-01 | 80  0.04364  2.09019e-02 | 81 -0.00322 -5.13821e-01
 82  0.03062 -2.75470e-01 | 83  0.02432 -2.98449e-02 | 84  0.01417 -7.12886e-01
 85 -0.02468  5.95927e-02 | 86 -0.02768 -3.02053e-02 | 87 -0.01112 -1.20256e+00
 88  0.01364 -2.08154e-01 | 89 -0.03250 -1.52600e-01 | 90  0.02990  3.72224e-03
 91  0.03192 -6.66889e-02 | 92  0.01302  4.15650e-01 | 93  0.00654  8.35467e-01
 94  0.03918  8.91166e-03 | 95  0.00945 -3.22799e-01 | 96  0.01345  5.76634e-01
 97 -0.02077 -1.32454e-01 | 98 -0.06419  5.27628e-01 | 99 -0.02110  9.80754e-02
100 -0.01567  1.44847e-01 |101 -0.02548  1.94553e-01 |102 -0.01898 -5.09781e-01
103 -0.03461  7.34028e-02 |104 -0.00356  1.72576e-02 |105 -0.00013  1.34727e-01
106 -0.00013  1.28633e-01 |107  0.82404  4.20823e-02 |108 -0.41340 -7.05298e-02
109  0.23228  3.94714e-01 |110 -0.24697 -6.61545e-03 |

Intermediate statistics: 110 variables; iteration 20; function evaluation 24; phase 5
Function value 2.1991536e+03; maximum gradient component mag -4.6570e+02
Var    Value     Gradient |Var    Value     Gradient |Var    Value     Gradient
  1 -0.45885 -2.84955e+01 |  2 -0.42562 -2.51176e+02 |  3 -0.39927 -7.22367e+01
  4 -0.38380 -3.57752e+01 |  5 -0.39406 -1.07295e+02 |  6  0.61494  1.16189e+02
  7  0.01360  6.61450e-01 |  8 -0.00136 -1.76138e-01 |  9 -0.00465  4.83012e-01
 10 -0.00753  2.64446e-02 | 11 -0.00205 -3.17167e-01 | 12  0.00415 -3.37636e+00
 13  0.01471 -3.34805e+00 | 14 -0.00495 -3.39116e+00 | 15 -0.01123 -3.40085e+00
 16  0.00605 -2.69881e+00 | 17 -0.02300 -3.81039e+00 | 18  0.01534 -3.90444e+00
 19 -0.01473 -3.98741e+00 | 20  0.00526 -3.88811e+00 | 21 -0.01762 -3.86612e+00
 22  0.00910 -3.68219e+00 | 23  0.04104 -2.40643e+00 | 24  0.01451 -4.19681e+00
 25 -0.02661 -3.06107e+00 | 26  0.00984  2.01533e-01 | 27 -0.02318 -3.98383e+00
 28 -0.05119 -3.79937e+00 | 29  0.01649 -1.63893e-01 | 30 -0.02652  7.04941e-01
 31  0.01726 -2.45801e-01 | 32 -0.01439 -2.26899e+00 | 33 -0.02930  5.33330e-02
 34 -0.01113 -5.23010e-01 | 35 -0.02156 -1.15527e+00 | 36  0.00909 -6.51387e-01
 37  0.01058  5.11921e-03 | 38  0.03288  1.57250e+00 | 39  0.02136  1.11386e+00
 40 -0.00425 -1.12869e+00 | 41 -0.03046 -1.00242e+00 | 42  0.00388  7.09027e-01
 43 -0.00762 -3.12658e-03 | 44  0.02088  1.83784e+00 | 45 -0.00377 -2.71173e-01
 46  0.00048 -2.06755e-01 | 47 -0.01281 -9.50471e-01 | 48  0.00298  1.28400e+00
 49  0.02433  3.01428e+00 | 50  0.03760  8.71902e+00 | 51 -0.01859  3.69633e-01
 52 -0.01215  1.67247e+00 | 53 -0.03062  3.21318e+00 | 54  0.00138  2.18551e+00
 55 -0.02191 -4.28357e-01 | 56  0.04108  1.48775e+01 | 57 -0.03666 -3.98495e+00
 58  0.00557  4.96157e+00 | 59 -0.01406  2.52678e+00 | 60  0.00038  4.85855e+00
 61  0.03201  8.59406e+00 | 62 -0.02933  2.98259e+00 | 63 -0.00470  4.10632e+00
 64 -0.00552  4.23413e+00 | 65  0.01976  3.77202e+00 | 66  0.07014  3.25343e+01
 67 -0.02267  9.99930e-01 | 68  0.02841  7.30746e+00 | 69  0.02649  4.97774e+00
 70  0.00668 -2.89848e+00 | 71  0.00539  9.98639e+00 | 72  0.00277 -1.39267e+00
 73  0.05443  4.40262e+01 | 74 -0.02083 -8.99183e-01 | 75  0.01776 -9.25856e+00
 76 -0.02892 -3.48710e+00 | 77 -0.04879 -2.70574e+00 | 78  0.00594 -1.15151e+01
 79  0.02336 -1.66456e+01 | 80  0.04391  5.41171e+00 | 81 -0.00330 -2.23156e+00
 82  0.03087 -1.22426e+00 | 83  0.02452 -4.22774e+00 | 84  0.01368 -1.17998e+01
 85 -0.02514 -3.50533e+00 | 86 -0.02785 -4.02135e+00 | 87 -0.01160 -9.65034e+00
 88  0.01311 -1.40561e+01 | 89 -0.03261 -3.94455e+00 | 90  0.02964 -1.97365e+01
 91  0.03165 -1.31723e+01 | 92  0.01389  1.06159e+01 | 93  0.00714  4.78815e+00
 94  0.03948 -1.25078e+01 | 95  0.00969  1.50673e+00 | 96  0.01424  1.04296e+01
 97 -0.02094 -1.60224e+00 | 98 -0.06421  4.97425e+00 | 99 -0.02137 -3.45795e+00
100 -0.01506 -5.31640e+00 |101 -0.02503 -5.14107e+00 |102 -0.01905 -7.11822e+00
103 -0.03324  5.40853e-01 |104 -0.00296 -3.29480e+00 |105 -0.00015 -3.58674e+00
106 -0.00015 -3.59216e+00 |107  0.81980  6.70991e+01 |108 -0.41582 -4.65702e+02
109  0.22471 -3.88912e+01 |110 -0.24713  9.74706e+01 |
110 variables; iteration 40; function evaluation 45; phase 5
Function value 2.1987580e+03; maximum gradient component mag -3.2700e+02
Var    Value     Gradient |Var    Value     Gradient |Var    Value     Gradient
  1 -0.45863 -1.50146e+01 |  2 -0.42556 -1.03558e+02 |  3 -0.40033 -2.70386e+01
  4 -0.36888 -2.20186e+01 |  5 -0.39270 -7.21876e+01 |  6  0.61526  1.07639e+02
  7  0.01158 -4.66166e+00 |  8 -0.00272 -2.65073e+00 |  9 -0.00438  7.07149e-01
 10 -0.00791 -8.18490e-01 | 11 -0.00187 -1.63790e-01 | 12  0.00287 -4.65670e+00
 13  0.01355 -4.71268e+00 | 14 -0.00589 -4.18954e+00 | 15 -0.01176 -3.33356e+00
 16  0.00646 -1.87504e-01 | 17 -0.02224 -5.11411e-01 | 18  0.01476 -4.98667e+00
 19 -0.01615 -7.50598e+00 | 20  0.00523 -2.89423e+00 | 21 -0.01535  6.89770e+00
 22  0.00604 -2.22516e+01 | 23  0.04029 -1.04769e+01 | 24  0.01615  1.30032e+01
 25 -0.02516  8.34596e+00 | 26  0.01058  1.20801e+01 | 27 -0.02290  8.48988e-01
 28 -0.04935  1.11978e+01 | 29  0.01719  1.61676e+01 | 30 -0.02674  1.85972e+00
 31  0.01743  5.88686e+00 | 32 -0.01465 -4.17763e+00 | 33 -0.02915  3.58985e+00
 34 -0.01109  2.09605e+00 | 35 -0.02175 -1.39238e+00 | 36  0.00864 -6.17334e+00
 37  0.01015 -3.83207e+00 | 38  0.03310  9.14089e+00 | 39  0.02189  1.43234e+01
 40 -0.00432  3.31170e-01 | 41 -0.03007  4.42130e+00 | 42  0.00346 -3.08491e+00
 43 -0.00775  4.41732e-01 | 44  0.02056 -2.44883e+00 | 45 -0.00368  3.21165e+00
 46  0.00067  4.55866e+00 | 47 -0.01257  3.95877e+00 | 48  0.00235 -4.34144e+00
 49  0.02436  5.77769e+00 | 50  0.03692 -3.93223e+00 | 51 -0.01887 -3.76514e-01
 52 -0.01242  8.97588e-01 | 53 -0.02978  1.36252e+01 | 54  0.00096 -1.13866e+00
 55 -0.02123  8.39958e+00 | 56  0.04066  5.39532e+00 | 57 -0.03724 -8.78783e+00
 58  0.00538  2.98689e+00 | 59 -0.01438 -3.81659e-02 | 60  0.00050  8.89732e+00
 61  0.03241  2.19310e+01 | 62 -0.02912  8.67294e+00 | 63 -0.00464  7.65343e+00
 64 -0.00595 -6.71738e+00 | 65  0.01969  7.75683e-01 | 66  0.07019  2.64823e+01
 67 -0.02328 -4.83955e+00 | 68  0.02828  3.19759e+00 | 69  0.02590 -1.40635e+01
 70  0.00611 -1.62131e+01 | 71  0.00459 -8.85576e+00 | 72  0.00215 -1.79875e+01
 73  0.05429  3.46881e+01 | 74 -0.02036  7.85810e+00 | 75  0.01703 -2.73025e+01
 76 -0.02896 -1.17257e+00 | 77 -0.04866  1.02958e+00 | 78  0.00630  1.29047e+00
 79  0.02396  6.48221e+00 | 80  0.04378  1.59009e+00 | 81 -0.00303  6.54964e+00
 82  0.03106  6.28145e+00 | 83  0.02432 -1.06136e+01 | 84  0.01297 -2.90382e+01
 85 -0.02519 -1.06862e+00 | 86 -0.02780 -2.06966e-01 | 87 -0.01135  1.21462e-01
 88  0.01399  1.97707e+01 | 89 -0.03292 -6.41376e+00 | 90  0.02967 -1.79617e+01
 91  0.03157 -1.16260e+01 | 92  0.01395  1.21430e+01 | 93  0.00739  1.21836e+01
 94  0.03942 -1.62096e+01 | 95  0.01005  1.16459e+01 | 96  0.01444  1.31958e+01
 97 -0.02130 -7.39160e+00 | 98 -0.06502  1.21892e+00 | 99 -0.02038  1.20099e+01
100 -0.01468 -2.86642e+00 |101 -0.02466 -2.25019e+00 |102 -0.01849 -4.32662e+00
103 -0.03272  2.90436e+00 |104  0.00030  3.37410e+00 |105  0.00031 -1.42984e+00
106  0.00028 -1.47717e+00 |107  0.81411  4.60877e+01 |108 -0.41648 -3.26996e+02
109  0.22558 -2.73711e+01 |110 -0.24714  7.00109e+01 |
110 variables; iteration 60; function evaluation 74; phase 5
Function value 2.1979564e+03; maximum gradient component mag 1.4910e+02
Var    Value     Gradient |Var    Value     Gradient |Var    Value     Gradient
  1 -0.46572  4.95661e+00 |  2 -0.42737  1.49095e+02 |  3 -0.39624  4.02511e+01
  4 -0.36299  1.41756e+00 |  5 -0.37768  1.24814e+01 |  6  0.61488  4.58081e+01
  7  0.01355  1.40107e+00 |  8 -0.00085  7.67243e-01 |  9 -0.00453  8.37779e-01
 10 -0.00749  2.81147e-01 | 11 -0.00191  1.86516e-01 | 12  0.00389 -1.21256e+00
 13  0.01461 -7.82663e-01 | 14 -0.00506 -9.15592e-01 | 15 -0.01122 -6.81192e-01
 16  0.00560 -1.16322e+00 | 17 -0.02296 -1.07204e+00 | 18  0.01550 -4.78537e-01
 19 -0.01426  1.27306e-01 | 20  0.00558 -5.03987e-02 | 21 -0.01748 -1.24656e+00
 22  0.01021  4.61972e+00 | 23  0.04163  2.83858e+00 | 24  0.01466 -4.55537e+00
 25 -0.02662 -3.61412e+00 | 26  0.00988 -2.06943e+00 | 27 -0.02280 -1.50798e+00
 28 -0.05088 -1.60537e+00 | 29  0.01613 -4.06457e+00 | 30 -0.02707 -5.91939e-01
 31  0.01714 -1.14957e+00 | 32 -0.01415  8.47931e-01 | 33 -0.02973 -1.16630e+00
 34 -0.01133 -1.12482e-01 | 35 -0.02166  2.35233e-01 | 36  0.00905  1.09250e-01
 37  0.01043  8.30531e-01 | 38  0.03264 -2.26459e+00 | 39  0.02108 -1.51706e+00
 40 -0.00421 -5.14140e-01 | 41 -0.03070 -1.58593e+00 | 42  0.00373  1.01809e+00
 43 -0.00780  1.69397e-01 | 44  0.02099  2.94444e+00 | 45 -0.00383 -4.05377e-01
 46  0.00047 -7.00477e-01 | 47 -0.01276  6.90722e-01 | 48  0.00281  1.39534e+00
 49  0.02421  1.00053e+00 | 50  0.03759  7.59733e+00 | 51 -0.01869  5.72205e-01
 52 -0.01247 -1.24735e+00 | 53 -0.03156 -2.60889e+00 | 54  0.00129  6.16248e-01
 55 -0.02184 -3.24336e-01 | 56  0.04070 -1.35273e+00 | 57 -0.03579  1.64516e+00
 58  0.00548  1.74029e+00 | 59 -0.01416  1.16879e+00 | 60  0.00023  1.49513e+00
 61  0.03229  1.16646e+01 | 62 -0.02988 -6.04025e-01 | 63 -0.00487  6.00045e-01
 64 -0.00529  1.52729e+00 | 65  0.01960 -8.80999e+00 | 66  0.07028  5.68574e+00
 67 -0.02278  7.92651e-01 | 68  0.02805 -1.00266e+01 | 69  0.02659  2.77269e+00
 70  0.00690  1.90002e+00 | 71  0.00476 -6.10439e+00 | 72  0.00322  1.90845e+00
 73  0.05402  4.12534e+00 | 74 -0.02084 -2.73065e+00 | 75  0.01755 -1.02542e+01
 76 -0.02902 -5.31450e-01 | 77 -0.04881 -1.00049e+00 | 78  0.00651  6.32650e+00
 79  0.02404  8.00435e+00 | 80  0.04399  1.38723e+00 | 81 -0.00324 -1.04714e+00
 82  0.03130  5.34286e+00 | 83  0.02467 -4.92717e+00 | 84  0.01393 -2.38248e+00
 85 -0.02529 -7.14113e-01 | 86 -0.02783 -1.01462e+00 | 87 -0.01119  2.58689e+00
 88  0.01392  1.58492e+01 | 89 -0.03238  7.61457e-01 | 90  0.03027 -2.88237e-01
 91  0.03196 -1.11894e+00 | 92  0.01382 -3.73059e-01 | 93  0.00725  3.15703e+00
 94  0.04004 -3.03480e+00 | 95  0.01011  9.05703e+00 | 96  0.01423  3.82281e-01
 97 -0.02097 -1.04435e+00 | 98 -0.06580 -1.70614e+00 | 99 -0.02174 -6.59274e+00
100 -0.01446 -2.59139e+00 |101 -0.02473 -2.70666e+00 |102 -0.01822 -2.08630e+00
103 -0.03423 -2.53200e+00 |104 -0.00320 -1.46671e+00 |105 -0.00052 -1.79273e+00
106 -0.00050 -1.76859e+00 |107  0.82144  4.74486e+00 |108 -0.41508 -2.25307e+01
109  0.22780 -3.82038e+00 |110 -0.24657  1.08380e+01 |
110 variables; iteration 80; function evaluation 100; phase 5
Function value 2.1979212e+03; maximum gradient component mag 2.7523e+01
Var    Value     Gradient |Var    Value     Gradient |Var    Value     Gradient
  1 -0.46507  1.60439e+00 |  2 -0.42717  2.75229e+01 |  3 -0.39701  9.16697e+00
  4 -0.35856  4.61981e-01 |  5 -0.37977  1.66625e+00 |  6  0.61496  9.62965e+00
  7  0.01310 -1.24248e-01 |  8 -0.00136 -1.58801e-01 |  9 -0.00485  1.93961e-01
 10 -0.00756  5.27163e-02 | 11 -0.00204 -1.79489e-01 | 12  0.00419  2.32386e-01
 13  0.01446 -2.83737e-01 | 14 -0.00513 -2.28337e-01 | 15 -0.01140 -2.39095e-01
 16  0.00539 -9.84159e-01 | 17 -0.02269  4.62247e-01 | 18  0.01525 -7.98329e-01
 19 -0.01430  7.62516e-01 | 20  0.00544 -5.60374e-02 | 21 -0.01737 -3.40479e-02
 22  0.00949  6.04866e-01 | 23  0.04140  7.78337e-01 | 24  0.01508  4.42962e-01
 25 -0.02653 -1.93556e+00 | 26  0.00991 -5.26122e-01 | 27 -0.02291 -1.34754e+00
 28 -0.05072  5.48040e-01 | 29  0.01633  1.62026e-01 | 30 -0.02703  6.40925e-01
 31  0.01702 -2.34115e+00 | 32 -0.01425  1.39266e-01 | 33 -0.02962  7.02284e-01
 34 -0.01136  2.08371e-01 | 35 -0.02173  1.39721e-01 | 36  0.00912  1.44910e+00
 37  0.01036  9.09367e-02 | 38  0.03265 -1.92760e+00 | 39  0.02118  7.85445e-01
 40 -0.00423 -5.82451e-02 | 41 -0.03060 -1.16914e-02 | 42  0.00363 -2.03548e-01
 43 -0.00788 -3.40680e-01 | 44  0.02088  9.45150e-01 | 45 -0.00383  9.89869e-02
 46  0.00053  7.11505e-01 | 47 -0.01292 -6.81039e-01 | 48  0.00265 -6.53166e-01
 49  0.02412 -9.10629e-01 | 50  0.03740  2.64735e+00 | 51 -0.01878  8.19678e-03
 52 -0.01237  1.73582e-01 | 53 -0.03143 -9.70970e-01 | 54  0.00134  1.43466e+00
 55 -0.02180  2.68373e-01 | 56  0.04071 -2.06217e+00 | 57 -0.03589  1.11473e+00
 58  0.00544  7.55528e-01 | 59 -0.01420  5.67694e-01 | 60  0.00024  1.23227e+00
 61  0.03197  1.13333e+00 | 62 -0.02986 -1.86975e-01 | 63 -0.00497 -1.05143e+00
 64 -0.00538 -2.55483e-01 | 65  0.01987 -1.17022e+00 | 66  0.07024  9.49104e-01
 67 -0.02295 -7.43847e-01 | 68  0.02832 -1.57683e+00 | 69  0.02653  6.44487e-01
 70  0.00674 -1.81575e+00 | 71  0.00493 -1.77658e+00 | 72  0.00323  2.12257e+00
 73  0.05396  3.90713e-01 | 74 -0.02076 -5.86867e-01 | 75  0.01779 -1.69308e+00
 76 -0.02900  1.01178e+00 | 77 -0.04878  5.90060e-03 | 78  0.00631 -2.01625e-01
 79  0.02388  1.31640e+00 | 80  0.04398  1.61477e-01 | 81 -0.00312  2.17157e+00
 82  0.03116  5.78889e-01 | 83  0.02480 -5.84471e-01 | 84  0.01398 -3.13220e-01
 85 -0.02535 -7.80107e-01 | 86 -0.02786 -1.18953e+00 | 87 -0.01126  5.49481e-01
 88  0.01349  1.78557e+00 | 89 -0.03236  1.10419e+00 | 90  0.03029  4.23261e-02
 91  0.03197 -1.06436e-01 | 92  0.01379 -8.83160e-01 | 93  0.00714  9.07205e-01
 94  0.04013 -5.51110e-02 | 95  0.00971 -3.43253e-01 | 96  0.01421  2.99140e-01
 97 -0.02090  9.97266e-01 | 98 -0.06579 -2.47035e-01 | 99 -0.02140 -6.32242e-01
100 -0.01436 -5.04637e-01 |101 -0.02459 -7.02429e-01 |102 -0.01813 -1.06601e+00
103 -0.03388 -5.52881e-01 |104 -0.00327 -5.49049e-01 |105  0.00016  2.94453e-01
106  0.00014  2.68479e-01 |107  0.81907  8.90820e-01 |108 -0.41537 -6.78693e+00
109  0.22789 -4.74478e-01 |110 -0.24664  1.41393e+00 |
110 variables; iteration 100; function evaluation 132; phase 5
Function value 2.1979178e+03; maximum gradient component mag 4.5273e+00
Var    Value     Gradient |Var    Value     Gradient |Var    Value     Gradient
  1 -0.46526  3.48883e-01 |  2 -0.42717  4.52730e+00 |  3 -0.39702  1.69870e+00
  4 -0.35828  8.36779e-02 |  5 -0.37989  2.68114e-01 |  6  0.61493  1.42740e+00
  7  0.01316 -6.18477e-02 |  8 -0.00127 -3.74584e-02 |  9 -0.00498 -3.29429e-02
 10 -0.00754  6.71003e-02 | 11 -0.00198 -1.02503e-01 | 12  0.00392 -7.50995e-02
 13  0.01449 -2.90423e-02 | 14 -0.00510  4.13376e-02 | 15 -0.01136  4.11698e-02
 16  0.00562 -1.64533e-01 | 17 -0.02297 -5.42408e-02 | 18  0.01541 -8.32344e-02
 19 -0.01454  8.49236e-02 | 20  0.00543  5.77303e-03 | 21 -0.01740 -1.05932e-02
 22  0.00941  9.43768e-02 | 23  0.04136  1.50789e-01 | 24  0.01503 -5.73996e-02
 25 -0.02629 -1.76880e-01 | 26  0.00995 -4.46009e-02 | 27 -0.02277  8.64006e-02
 28 -0.05081  4.60143e-02 | 29  0.01633  1.67494e-02 | 30 -0.02710  1.98366e-02
 31  0.01715 -2.04663e-01 | 32 -0.01426  6.62649e-02 | 33 -0.02968  1.50485e-01
 34 -0.01136  1.15326e-01 | 35 -0.02174  3.14890e-02 | 36  0.00905  2.09617e-01
 37  0.01034 -2.06691e-01 | 38  0.03275 -2.31410e-01 | 39  0.02115  8.06672e-02
 40 -0.00423 -5.97765e-02 | 41 -0.03063 -1.74493e-01 | 42  0.00363 -2.65474e-01
 43 -0.00786 -1.85633e-01 | 44  0.02084  9.08396e-02 | 45 -0.00383  1.80921e-02
 46  0.00049  1.44934e-03 | 47 -0.01286 -7.41855e-02 | 48  0.00270 -2.87442e-02
 49  0.02418 -2.51724e-01 | 50  0.03732  3.03024e-01 | 51 -0.01879 -1.65669e-01
 52 -0.01236  1.18567e-01 | 53 -0.03132 -7.83530e-02 | 54  0.00127  1.74163e-01
 55 -0.02181  1.13056e-01 | 56  0.04080 -2.04564e-01 | 57 -0.03600  6.85442e-02
 58  0.00543  2.11852e-01 | 59 -0.01421  1.77159e-01 | 60  0.00019  8.42708e-02
 61  0.03196  1.55621e-01 | 62 -0.02984 -1.27955e-02 | 63 -0.00491 -1.24570e-01
 64 -0.00536 -1.70807e-02 | 65  0.01993 -1.12309e-01 | 66  0.07025  1.53069e-01
 67 -0.02289  2.25769e-02 | 68  0.02838 -1.75617e-01 | 69  0.02653  8.52707e-02
 70  0.00681 -1.90756e-01 | 71  0.00501 -1.91091e-01 | 72  0.00316  2.31117e-01
 73  0.05398  7.64601e-02 | 74 -0.02072  2.64922e-02 | 75  0.01785 -1.89225e-01
 76 -0.02906  4.05354e-02 | 77 -0.04878 -6.57909e-03 | 78  0.00634  3.90947e-03
 79  0.02386  1.75350e-01 | 80  0.04400  4.04226e-02 | 81 -0.00320  2.30816e-01
 82  0.03116  8.06742e-02 | 83  0.02483 -4.43145e-02 | 84  0.01400 -3.61597e-02
 85 -0.02530 -4.28721e-02 | 86 -0.02779 -1.52397e-01 | 87 -0.01127  5.09755e-02
 88  0.01346  2.17154e-01 | 89 -0.03241  7.73018e-02 | 90  0.03031  2.20713e-02
 91  0.03199 -1.72735e-03 | 92  0.01383 -9.35716e-02 | 93  0.00712  1.08718e-01
 94  0.04015  1.06069e-02 | 95  0.00973 -3.17515e-02 | 96  0.01422  1.56992e-02
 97 -0.02094  1.95564e-01 | 98 -0.06576  4.58993e-02 | 99 -0.02136 -1.29895e-01
100 -0.01433 -8.46452e-02 |101 -0.02454 -1.59692e-01 |102 -0.01801 -2.85762e-02
103 -0.03378 -8.63398e-02 |104 -0.00311 -5.62490e-02 |105 -0.00019 -4.16456e-03
106 -0.00019 -5.66509e-03 |107  0.81909 -3.76361e-02 |108 -0.41535 -6.10542e-01
109  0.22789 -1.24768e-01 |110 -0.24663  2.84962e-01 |

 - final statistics:
110 variables; iteration 120; function evaluation 165
Function value 2.1979e+03; maximum gradient component mag 7.2207e-05
Exit code = 1;  converg criter 1.0000e-04
Var    Value     Gradient |Var    Value     Gradient |Var    Value     Gradient
  1 -0.46531  1.40212e-05 |  2 -0.42717 -1.53114e-05 |  3 -0.39701  3.10977e-05
  4 -0.35828 -6.75165e-07 |  5 -0.37988 -2.53699e-06 |  6  0.61492 -2.52035e-05
  7  0.01319 -1.06382e-07 |  8 -0.00125  1.57904e-07 |  9 -0.00496  6.02170e-07
 10 -0.00758 -3.21978e-07 | 11 -0.00193  7.17438e-07 | 12  0.00394  5.27862e-07
 13  0.01449  1.49133e-06 | 14 -0.00514 -1.16130e-06 | 15 -0.01139  3.33850e-07
 16  0.00566  1.29342e-06 | 17 -0.02296  5.81409e-07 | 18  0.01542  4.57650e-07
 19 -0.01458 -9.50280e-07 | 20  0.00542  4.83847e-07 | 21 -0.01740  1.03536e-06
 22  0.00939 -1.98290e-06 | 23  0.04134 -1.95198e-06 | 24  0.01503  1.58084e-06
 25 -0.02627  1.53584e-06 | 26  0.00995 -2.44114e-06 | 27 -0.02278 -6.02330e-06
 28 -0.05082 -1.91101e-07 | 29  0.01633  7.05063e-07 | 30 -0.02711 -1.02496e-05
 31  0.01715  8.04807e-07 | 32 -0.01427  7.15953e-08 | 33 -0.02970  3.92257e-06
 34 -0.01137 -2.63405e-06 | 35 -0.02175  7.09399e-06 | 36  0.00904 -1.63018e-06
 37  0.01036 -1.56411e-06 | 38  0.03276  1.59427e-06 | 39  0.02114 -5.65294e-06
 40 -0.00423  2.09780e-06 | 41 -0.03061 -1.98008e-07 | 42  0.00365  5.34386e-06
 43 -0.00785  1.46599e-06 | 44  0.02084 -2.71589e-06 | 45 -0.00383  2.80519e-06
 46  0.00049 -1.33834e-06 | 47 -0.01286  5.37857e-07 | 48  0.00270  6.16767e-07
 49  0.02419  3.42588e-07 | 50  0.03731 -5.09448e-06 | 51 -0.01877  1.78420e-06
 52 -0.01237  5.66736e-07 | 53 -0.03132  1.21205e-06 | 54  0.00126 -2.69918e-06
 55 -0.02182 -2.77620e-08 | 56  0.04081  7.59298e-07 | 57 -0.03600 -3.10954e-06
 58  0.00542 -3.74504e-06 | 59 -0.01422 -5.00989e-08 | 60  0.00019 -5.63788e-07
 61  0.03196 -4.30581e-06 | 62 -0.02984  6.39037e-06 | 63 -0.00490 -4.58235e-07
 64 -0.00536  1.07641e-07 | 65  0.01994  3.63689e-06 | 66  0.07025  3.68320e-07
 67 -0.02289 -2.57788e-06 | 68  0.02839  2.53607e-06 | 69  0.02653 -1.09047e-06
 70  0.00682  2.31947e-07 | 71  0.00502  3.07201e-06 | 72  0.00315 -2.08260e-06
 73  0.05398  2.22919e-07 | 74 -0.02072  5.07918e-06 | 75  0.01786  1.40363e-06
 76 -0.02906  1.14430e-07 | 77 -0.04878 -3.31032e-07 | 78  0.00634  1.32152e-07
 79  0.02386 -1.70590e-06 | 80  0.04401  7.48660e-07 | 81 -0.00321 -1.30647e-06
 82  0.03116 -7.48533e-07 | 83  0.02484  2.92437e-06 | 84  0.01400  2.15865e-07
 85 -0.02530 -8.56645e-07 | 86 -0.02778 -4.55686e-07 | 87 -0.01127 -1.02414e-06
 88  0.01346 -4.08612e-06 | 89 -0.03242 -5.06784e-07 | 90  0.03031  1.33098e-06
 91  0.03199  1.50159e-06 | 92  0.01384  2.26141e-06 | 93  0.00712  4.43402e-07
 94  0.04015  3.37350e-06 | 95  0.00974 -9.55371e-07 | 96  0.01422  3.36931e-07
 97 -0.02095 -1.72434e-06 | 98 -0.06577  2.26122e-06 | 99 -0.02135  1.31927e-06
100 -0.01432 -9.31808e-07 |101 -0.02453  1.59866e-08 |102 -0.01801  1.20194e-06
103 -0.03376  6.68542e-07 |104 -0.00310  1.76212e-06 |105 -0.00022  3.65609e-07
106 -0.00021  4.28650e-07 |107  0.81924 -1.41653e-05 |108 -0.41533  7.22073e-05
109  0.22790 -9.50432e-06 |110 -0.24663  2.41811e-05 |

 - final statistics:
122 variables; iteration 0; function evaluation 0
Function value 2.1979e+03; maximum gradient component mag 7.2207e-05
Exit code = 0;  converg criter 1.0000e-04
Var    Value     Gradient |Var    Value     Gradient |Var    Value     Gradient
  1 -0.46531  1.40212e-05 |  2 -0.42717 -1.53113e-05 |  3 -0.39701  3.10978e-05
  4 -0.35828 -6.75161e-07 |  5 -0.37988 -2.53698e-06 |  6  0.61492 -2.52036e-05
  7  0.01319 -1.06382e-07 |  8 -0.00125  1.57904e-07 |  9 -0.00496  6.02170e-07
 10 -0.00758 -3.21978e-07 | 11 -0.00193  7.17438e-07 | 12  0.00394  4.81642e-07
 13  0.01449  1.44512e-06 | 14 -0.00514 -1.20752e-06 | 15 -0.01139  2.87637e-07
 16  0.00566  1.24720e-06 | 17 -0.02296  5.35218e-07 | 18  0.01542  4.11442e-07
 19 -0.01458 -9.96489e-07 | 20  0.00542  4.37628e-07 | 21 -0.01740  9.89157e-07
 22  0.00939 -2.02912e-06 | 23  0.04134 -1.99810e-06 | 24  0.01503  1.53463e-06
 25 -0.02627  1.48966e-06 | 26  0.00995 -2.48735e-06 | 27 -0.02278 -6.06949e-06
 28 -0.05082 -2.37175e-07 | 29  0.01633  6.58855e-07 | 30 -0.02711 -1.02958e-05
 31  0.01715  7.58600e-07 | 32 -0.01427  2.53840e-08 | 33 -0.02970  3.87639e-06
 34 -0.01137 -2.68026e-06 | 35 -0.02175  7.04780e-06 | 36  0.00904 -1.67640e-06
 37  0.01036 -1.61033e-06 | 38  0.03276  1.54811e-06 | 39  0.02114 -5.69914e-06
 40 -0.00423  2.05158e-06 | 41 -0.03061 -2.44177e-07 | 42  0.00365  5.29764e-06
 43 -0.00785  1.41977e-06 | 44  0.02084 -2.76209e-06 | 45 -0.00383  2.75897e-06
 46  0.00049 -1.38457e-06 | 47 -0.01286  4.91643e-07 | 48  0.00270  5.70543e-07
 49  0.02419  2.96395e-07 | 50  0.03731 -5.14062e-06 | 51 -0.01877  1.73800e-06
 52 -0.01237  5.20521e-07 | 53 -0.03132  1.16589e-06 | 54  0.00126 -2.74541e-06
 55 -0.02182 -7.39590e-08 | 56  0.04081  7.13166e-07 | 57 -0.03600 -3.15569e-06
 58  0.00542 -3.79126e-06 | 59 -0.01422 -9.63126e-08 | 60  0.00019 -6.10014e-07
 61  0.03196 -4.35198e-06 | 62 -0.02984  6.34420e-06 | 63 -0.00490 -5.04461e-07
 64 -0.00536  6.14164e-08 | 65  0.01994  3.59069e-06 | 66  0.07025  3.22369e-07
 67 -0.02289 -2.62407e-06 | 68  0.02839  2.48988e-06 | 69  0.02653 -1.13666e-06
 70  0.00682  1.85721e-07 | 71  0.00502  3.02579e-06 | 72  0.00315 -2.12882e-06
 73  0.05398  1.76857e-07 | 74 -0.02072  5.03298e-06 | 75  0.01786  1.35742e-06
 76 -0.02906  6.82528e-08 | 77 -0.04878 -3.77119e-07 | 78  0.00634  8.59294e-08
 79  0.02386 -1.75209e-06 | 80  0.04401  7.02545e-07 | 81 -0.00321 -1.35269e-06
 82  0.03116 -7.94707e-07 | 83  0.02484  2.87817e-06 | 84  0.01400  1.69647e-07
 85 -0.02530 -9.02834e-07 | 86 -0.02778 -5.01867e-07 | 87 -0.01127 -1.07035e-06
 88  0.01346 -4.13234e-06 | 89 -0.03242 -5.52947e-07 | 90  0.03031  1.28480e-06
 91  0.03199  1.45542e-06 | 92  0.01384  2.21519e-06 | 93  0.00712  3.97181e-07
 94  0.04015  3.32737e-06 | 95  0.00974 -1.00159e-06 | 96  0.01422  2.90713e-07
 97 -0.02095 -1.77054e-06 | 98 -0.06577  2.21524e-06 | 99 -0.02135  1.27308e-06
100 -0.01432 -9.78018e-07 |101 -0.02453 -3.01992e-08 |102 -0.01801  1.15574e-06
103 -0.03376  6.22387e-07 |104 -0.00310  1.71590e-06 |105 -0.00022  3.19388e-07
106 -0.00021  3.82429e-07 |107  0.00000  0.00000e+00 |108  0.00000  0.00000e+00
109  0.00000  0.00000e+00 |110  0.00000  0.00000e+00 |111  0.00000  0.00000e+00
112  0.00000  0.00000e+00 |113  0.00000  0.00000e+00 |114  0.00000  0.00000e+00
115  0.00000  0.00000e+00 |116  0.00000  0.00000e+00 |117  0.00000  0.00000e+00
118  0.00000  0.00000e+00 |119  0.81924 -1.41653e-05 |120 -0.41533  7.22074e-05
121  0.22790 -9.50433e-06 |122 -0.24663  2.41812e-05 |
size of file gradfil1.tmp = 0
size of file gradfil2.tmp = 0
size of file varssave.tmp = 0
size of file cmpdiff.tmp = 0
