
Initial statistics: 1 variables; iteration 0; function evaluation 0; phase 1
Function value 2.7021675e+03; maximum gradient component mag -1.7272e+04
Var    Value     Gradient |Var    Value     Gradient |Var    Value     Gradient
  1  0.63197 -1.72719e+04 |

 - final statistics:
1 variables; iteration 7; function evaluation 10
Function value 2.5546e+03; maximum gradient component mag -6.6515e-01
Exit code = 1;  converg criter 1.0000e+01
Var    Value     Gradient |Var    Value     Gradient |Var    Value     Gradient
  1  0.65301 -6.65154e-01 |

Initial statistics: 98 variables; iteration 0; function evaluation 0; phase 2
Function value 2.5546128e+03; maximum gradient component mag -1.8640e+03
Var    Value     Gradient |Var    Value     Gradient |Var    Value     Gradient
  1  0.65301 -6.65154e-01 |  2  0.00000  2.61173e+00 |  3  0.00000 -1.52264e+01
  4  0.00000 -2.13551e+01 |  5  0.00000  7.23463e+01 |  6  0.00000 -6.27768e+01
  7  0.00000  4.21011e+00 |  8  0.00000  7.55716e+01 |  9  0.00000 -1.27759e+00
 10  0.00000 -1.68467e+02 | 11  0.00000  6.52671e+01 | 12  0.00000  1.67569e+02
 13  0.00000  6.53556e+01 | 14  0.00000  5.27672e+01 | 15  0.00000  1.94836e+02
 16  0.00000  1.16977e+02 | 17  0.00000  1.20271e+02 | 18  0.00000  1.62711e+02
 19  0.00000  5.35332e+02 | 20  0.00000  2.87764e+02 | 21  0.00000 -2.81258e+02
 22  0.00000  3.34336e+02 | 23  0.00000 -4.37091e+02 | 24  0.00000 -1.01461e+00
 25  0.00000 -3.23293e+02 | 26  0.00000  1.40492e+02 | 27  0.00000 -2.52224e+00
 28  0.00000  4.62021e+02 | 29  0.00000 -1.68670e+02 | 30  0.00000 -8.67413e+01
 31  0.00000 -2.12737e+02 | 32  0.00000 -1.35817e+02 | 33  0.00000  3.39590e+02
 34  0.00000 -8.61862e+02 | 35  0.00000 -2.03728e+01 | 36  0.00000  1.45843e+02
 37  0.00000  9.84765e+01 | 38  0.00000  7.18201e+01 | 39  0.00000 -3.71584e+01
 40  0.00000  1.74441e+01 | 41  0.00000  3.23860e+02 | 42  0.00000  4.58651e+02
 43  0.00000 -7.50213e+02 | 44  0.00000  1.17097e+01 | 45  0.00000 -3.16591e+02
 46  0.00000 -1.22248e+02 | 47  0.00000 -1.84610e+02 | 48  0.00000  7.63587e+01
 49  0.00000  2.11854e+02 | 50  0.00000  5.65329e+02 | 51  0.00000  1.33655e+02
 52  0.00000  9.28988e+02 | 53  0.00000  4.07663e+02 | 54  0.00000 -1.86403e+03
 55  0.00000  1.30463e+02 | 56  0.00000  6.10729e+02 | 57  0.00000 -1.44371e+03
 58  0.00000 -2.75075e+02 | 59  0.00000 -2.01717e+02 | 60  0.00000  7.67928e+02
 61  0.00000  6.29542e+02 | 62  0.00000  4.56960e+02 | 63  0.00000 -1.77916e+02
 64  0.00000 -3.14244e+01 | 65  0.00000 -1.08877e+03 | 66  0.00000  4.23966e+02
 67  0.00000  3.40744e+02 | 68  0.00000 -5.57622e+02 | 69  0.00000  2.34937e+02
 70  0.00000 -4.14815e+02 | 71  0.00000  3.55750e+02 | 72  0.00000 -2.08942e+00
 73  0.00000 -4.27116e+02 | 74  0.00000  1.44704e+01 | 75  0.00000 -1.23278e+03
 76  0.00000 -4.00663e+02 | 77  0.00000 -3.26309e+02 | 78  0.00000 -1.86567e+02
 79  0.00000  5.90258e+02 | 80  0.00000 -1.12274e+01 | 81  0.00000  1.80085e+02
 82  0.00000  2.15080e+02 | 83  0.00000 -3.79245e+02 | 84  0.00000  5.97989e+00
 85  0.00000 -7.17881e+02 | 86  0.00000  7.79029e+02 | 87  0.00000  2.37426e+02
 88  0.00000  3.40312e+02 | 89  0.00000  7.53338e+02 | 90  0.00000 -1.55382e+02
 91  0.00000  3.43920e+02 | 92  0.00000  9.16890e+01 | 93  0.00000 -5.82080e+01
 94  0.00000  1.63411e+00 | 95  0.00000  3.96291e+00 | 96  0.00000  3.96282e+00
 97  0.81654  5.26855e+01 | 98  0.22185 -2.80081e+02 |

Intermediate statistics: 98 variables; iteration 20; function evaluation 30; phase 2
Function value 2.2364001e+03; maximum gradient component mag 8.3406e+02
Var    Value     Gradient |Var    Value     Gradient |Var    Value     Gradient
  1  0.63956  8.34064e+02 |  2 -0.00283 -3.29471e+01 |  3  0.00914 -2.51503e+01
  4 -0.00260 -5.83050e+01 |  5 -0.05059 -7.24171e+01 |  6  0.01091 -6.15383e+01
  7  0.00266 -1.97913e+01 |  8  0.00879  7.45409e+01 |  9 -0.00056 -3.83982e+01
 10  0.00808 -1.65780e+02 | 11 -0.02510 -8.94561e+01 | 12 -0.05398 -1.22370e+02
 13  0.00317  4.75775e+01 | 14 -0.00379 -2.10647e+01 | 15 -0.01734 -2.45768e+00
 16 -0.00518  1.81072e+01 | 17 -0.00358  3.39389e+01 | 18 -0.00565  4.33428e+01
 19 -0.02530  1.93744e+02 | 20 -0.01168  8.86140e+01 | 21  0.01087 -1.52079e+02
 22 -0.01320  1.09392e+02 | 23  0.01773 -2.20529e+02 | 24  0.00292 -2.06817e+01
 25  0.01617 -1.47587e+02 | 26 -0.00131  4.45294e+01 | 27  0.00667  1.42214e-01
 28 -0.01549  1.90612e+02 | 29  0.01308 -6.82496e+01 | 30  0.00901 -4.44875e+01
 31  0.01522 -8.30749e+01 | 32  0.01147 -6.59605e+01 | 33 -0.01055  1.41110e+02
 34  0.03478 -3.84128e+02 | 35  0.00417 -3.96342e+01 | 36 -0.00245  3.78932e+01
 37  0.00042  1.84039e+01 | 38  0.00178  1.19196e+01 | 39  0.00606 -3.36744e+01
 40  0.00412 -1.18298e+01 | 41 -0.01025  1.03583e+02 | 42 -0.01669  1.75538e+02
 43  0.02796 -3.73573e+02 | 44  0.00125 -3.14297e+01 | 45  0.01590 -1.46392e+02
 46  0.00751 -7.72047e+01 | 47  0.00959 -1.08586e+02 | 48  0.00007 -1.11821e+01
 49 -0.00601  3.83711e+00 | 50 -0.01777  1.52295e+02 | 51 -0.00130 -3.24955e+01
 52 -0.01380  5.09469e+02 | 53 -0.00705  1.58277e+02 | 54  0.03940 -5.11533e+02
 55  0.00390  1.80596e+02 | 56 -0.01334  2.46870e+02 | 57  0.03306 -4.79134e+02
 58  0.00297 -2.37174e+02 | 59  0.00410 -1.86885e+02 | 60 -0.01269  3.34650e+02
 61 -0.00628  3.41460e+02 | 62 -0.00715  1.70780e+02 | 63  0.00587 -8.23957e+01
 64  0.00852  1.92370e+02 | 65  0.02564 -2.97808e+02 | 66 -0.00474  2.44892e+02
 67 -0.00055  2.62670e+02 | 68  0.01473 -1.80490e+02 | 69  0.00314  2.85174e+02
 70  0.01261 -1.10905e+02 | 71 -0.00015  2.95614e+02 | 72  0.00261  5.87278e+00
 73  0.01110 -1.75576e+02 | 74  0.00552  1.38694e+02 | 75  0.02370 -5.71714e+02
 76  0.01086 -1.20709e+02 | 77  0.01128 -6.02168e+01 | 78  0.00938  3.84200e+00
 79 -0.00666  3.45381e+02 | 80  0.00537  3.62423e+01 | 81  0.00143  1.27179e+02
 82  0.00015  1.38035e+02 | 83  0.00970 -1.74924e+02 | 84  0.00502  9.69252e+01
 85  0.01697 -2.86130e+02 | 86 -0.01822  3.00175e+02 | 87 -0.00522  3.27918e+01
 88 -0.00261  2.02623e+02 | 89 -0.02312  3.02211e+02 | 90  0.01043 -2.94235e+01
 91 -0.02605  3.93769e+01 | 92 -0.00179  4.83100e+01 | 93  0.01864  7.33481e+00
 94 -0.01976 -5.55099e+01 | 95 -0.04134 -8.74676e+01 | 96 -0.04134 -8.74661e+01
 97  0.81975  5.13254e+01 | 98  0.22133 -3.25423e+02 |
98 variables; iteration 40; function evaluation 54; phase 2
Function value 2.1767170e+03; maximum gradient component mag 1.7191e+03
Var    Value     Gradient |Var    Value     Gradient |Var    Value     Gradient
  1  0.64095  1.71909e+03 |  2 -0.00505 -6.17159e+01 |  3 -0.00132 -7.20687e+01
  4  0.00618 -5.98663e+01 |  5 -0.03196 -5.79072e+01 |  6  0.01407 -7.06348e+01
  7  0.00021 -4.72147e+01 |  8 -0.04176 -1.06570e+02 |  9  0.00451 -3.27398e+01
 10  0.05241  1.27676e+02 | 11 -0.00196  3.60071e+00 | 12 -0.00892  6.16999e+01
 13 -0.02616 -1.55945e+02 | 14 -0.00129 -1.69019e+01 | 15 -0.00953  3.87608e+01
 16 -0.00972 -6.43238e+01 | 17 -0.01189 -1.06662e+02 | 18 -0.00813 -4.29161e+01
 19 -0.05947 -1.10127e+02 | 20 -0.01405  1.83310e+01 | 21  0.01774 -5.43505e+01
 22 -0.01844  3.57245e+01 | 23  0.02732 -3.94215e+01 | 24  0.00114 -5.26508e+01
 25  0.01824 -1.16106e+02 | 26 -0.00531 -2.13462e+01 | 27  0.00134 -9.17052e+01
 28 -0.03553 -1.60448e+01 | 29  0.01137 -1.03950e+02 | 30  0.00755 -7.13449e+01
 31  0.01416 -1.01923e+02 | 32  0.01424 -3.04626e+01 | 33 -0.03152 -6.64386e+01
 34  0.04800 -5.58896e+01 | 35  0.00921  3.83014e+01 | 36 -0.00175  5.02503e+01
 37  0.00128  3.19816e+01 | 38  0.00069 -2.12151e+00 | 39  0.00525 -4.18279e+01
 40  0.00237 -3.12697e+01 | 41 -0.00754  1.39420e+02 | 42 -0.03228  2.42655e+01
 43  0.04348  4.68652e+01 | 44  0.00453  5.10138e+01 | 45  0.01798 -5.72608e+01
 46  0.00940  1.38908e-01 | 47  0.00982 -5.21416e+01 | 48 -0.00194  1.00276e+00
 49 -0.00630  4.01117e+01 | 50 -0.02595  6.93555e+01 | 51  0.00742  2.12756e+02
 52 -0.03034  2.53144e+02 | 53 -0.01884 -4.68585e+01 | 54  0.05002  1.75431e+02
 55 -0.00034  1.09629e+02 | 56 -0.02415  5.38452e+01 | 57  0.03480 -3.08769e+02
 58  0.02391  5.06428e+02 | 59  0.01524  2.13183e+02 | 60 -0.02479  8.45561e+01
 61 -0.02031  6.84376e+00 | 62 -0.01338  1.23734e+01 | 63  0.00929  3.13613e+01
 64  0.00135  2.43144e+01 | 65  0.03319  7.46118e+01 | 66 -0.01057  1.22688e+02
 67 -0.01007  3.84417e+01 | 68  0.01647 -1.02278e+02 | 69 -0.00662  4.54429e+01
 70  0.01003 -1.93821e+02 | 71 -0.01025  4.77164e+01 | 72  0.00337  3.81510e+01
 73  0.01957  1.12254e+02 | 74  0.00276  1.00290e+02 | 75  0.03899  7.57042e+01
 76  0.01835  1.53715e+02 | 77  0.01229 -1.56727e+01 | 78  0.00594 -9.68614e+01
 79 -0.02119  2.08895e+01 | 80 -0.00069 -1.47525e+02 | 81 -0.00624 -7.35038e+01
 82 -0.00608  6.62475e+00 | 83  0.01747  1.32944e+02 | 84 -0.00080 -8.51565e-01
 85  0.02179 -4.67291e+01 | 86 -0.03591  1.92440e+01 | 87 -0.00840 -1.20021e+01
 88 -0.01557 -4.65491e+01 | 89 -0.05373 -6.26239e+01 | 90  0.00166 -1.54334e+02
 91 -0.03030  1.59327e+01 | 92 -0.00484  3.42042e+01 | 93 -0.00982 -1.43838e+02
 94  0.01916 -2.47434e+01 | 95  0.02767 -8.57329e+00 | 96  0.02767 -8.57157e+00
 97  0.80638  2.69305e+01 | 98  0.23278  4.01675e+01 |
98 variables; iteration 60; function evaluation 80; phase 2
Function value 2.1536696e+03; maximum gradient component mag 7.9118e+02
Var    Value     Gradient |Var    Value     Gradient |Var    Value     Gradient
  1  0.63815  7.91178e+02 |  2 -0.00122 -2.55437e+01 |  3  0.02123  9.92215e+00
  4  0.01636 -5.19218e+00 |  5 -0.02299 -9.51577e+00 |  6  0.03355  2.75116e+01
  7 -0.00972 -5.16800e+01 |  8 -0.01575 -3.58159e+00 |  9  0.00194 -1.82842e+01
 10  0.03885  3.84263e+01 | 11 -0.00643  4.52638e+00 | 12 -0.02460  3.70745e+00
 13 -0.00106  2.51268e+01 | 14 -0.00857 -5.45887e+01 | 15 -0.01953 -2.21159e+01
 16 -0.00754 -2.07806e+01 | 17 -0.00474 -7.14291e+00 | 18 -0.01188 -6.32334e+01
 19 -0.05359 -5.11988e+01 | 20 -0.01844 -1.27099e+01 | 21  0.01818 -4.08169e+01
 22 -0.02464 -1.43042e+01 | 23  0.03152  5.26154e+01 | 24  0.00329 -9.96087e+00
 25  0.02181 -4.76740e+01 | 26 -0.00692 -3.07506e+01 | 27  0.00421 -4.66585e+01
 28 -0.03614 -4.28554e+00 | 29  0.01527 -3.81996e+01 | 30  0.01221  3.51765e+00
 31  0.01858 -2.85722e+01 | 32  0.01494 -1.61548e+01 | 33 -0.02722 -1.49317e+01
 34  0.05131  6.82720e+00 | 35  0.00653  8.42781e-01 | 36 -0.00722 -1.03287e+01
 37 -0.00105  1.70561e+00 | 38  0.00067  2.95191e-01 | 39  0.00960  2.63837e+01
 40  0.00533  1.05813e+01 | 41 -0.01384  6.50082e+01 | 42 -0.03452  1.12465e+01
 43  0.04307 -8.86986e+00 | 44  0.00341  2.35564e+01 | 45  0.02212 -5.77896e+00
 46  0.01104  9.22218e+00 | 47  0.01365 -6.65092e+00 | 48  0.00009  1.35138e+01
 49 -0.00800 -1.02070e+01 | 50 -0.02920  1.33219e+01 | 51  0.00293  6.08911e+01
 52 -0.03904  1.18428e+02 | 53 -0.01491  6.94482e+00 | 54  0.04922  3.45304e+01
 55  0.00091  1.13673e+02 | 56 -0.02527  3.11987e+01 | 57  0.04238 -5.04211e+01
 58  0.01497  1.40868e+02 | 59  0.01228  5.11480e+01 | 60 -0.02678  2.98193e+01
 61 -0.01933  8.60750e+00 | 62 -0.01329 -2.38406e+00 | 63  0.00996  1.50805e+01
 64  0.00225  1.72409e+01 | 65  0.03317 -4.50545e+00 | 66 -0.01262  4.86830e+01
 67 -0.01163 -1.95670e+01 | 68  0.02095  1.23636e+01 | 69 -0.00649  3.93846e+01
 70  0.01591 -3.81112e+01 | 71 -0.01026  3.73788e+01 | 72  0.00373  2.13376e+01
 73  0.01869  4.08959e+01 | 74 -0.00106 -1.94134e+01 | 75  0.03870 -6.93351e-01
 76  0.01487  1.66785e+01 | 77  0.01385  9.43193e+00 | 78  0.00868 -3.40499e+01
 79 -0.02475 -3.79221e+01 | 80  0.00224 -7.47203e+01 | 81 -0.00515 -4.67890e+01
 82 -0.00591  6.44046e+00 | 83  0.01468  2.23042e+01 | 84 -0.00034  1.07957e+01
 85  0.02252 -2.52926e+01 | 86 -0.03833 -1.15701e-01 | 87 -0.00850  6.09950e-01
 88 -0.01560 -2.23576e+01 | 89 -0.05149 -9.61814e+00 | 90  0.00568 -4.61623e+01
 91 -0.03526 -4.77396e-01 | 92 -0.01313 -9.15319e+00 | 93  0.00435 -5.93649e+01
 94 -0.01280 -4.47319e+01 | 95  0.00749 -1.13617e+01 | 96  0.00748 -1.13695e+01
 97  0.80902  1.66858e+01 | 98  0.23267  9.38695e+00 |
Maximum number of function evaluations exceeded

 - final statistics:
98 variables; iteration 74; function evaluation 100
Function value 2.1496e+03; maximum gradient component mag 7.5539e+01
Exit code = 3;  converg criter 1.0000e+01
Var    Value     Gradient |Var    Value     Gradient |Var    Value     Gradient
  1  0.63523  7.55390e+01 |  2  0.01483  2.74943e+01 |  3  0.00422 -1.20008e+01
  4  0.01094 -1.08095e+00 |  5 -0.03014 -6.29117e+00 |  6  0.02328  5.02113e+00
  7  0.00884  2.62405e+01 |  8 -0.01950  2.33151e+00 |  9  0.00278  6.44592e-01
 10  0.03444  1.64306e+01 | 11 -0.01606 -2.65385e+01 | 12 -0.02568  1.41317e+01
 13 -0.00790 -9.34253e+00 | 14 -0.00466 -1.14535e+01 | 15 -0.02058 -1.52232e+01
 16 -0.00935 -2.34867e+01 | 17 -0.00528  3.89369e+00 | 18 -0.00955 -1.82282e+01
 19 -0.04780  7.21275e+00 | 20 -0.01947 -5.29111e+00 | 21  0.01871 -2.20096e+01
 22 -0.02300  1.32078e+01 | 23  0.02902 -3.88538e+00 | 24  0.00431  8.66643e+00
 25  0.02500  1.02404e+01 | 26 -0.00653 -1.80598e+01 | 27  0.00871  2.05273e+01
 28 -0.03670  3.41600e+00 | 29  0.01718 -9.72498e+00 | 30  0.01294  1.35781e+01
 31  0.02042 -2.94929e+00 | 32  0.01639  3.52877e+00 | 33 -0.02522  1.10493e+01
 34  0.05194 -7.77365e-01 | 35  0.00709  6.56292e+00 | 36 -0.00721 -8.07572e+00
 37 -0.00178 -7.86424e+00 | 38  0.00103  2.22386e+00 | 39  0.00845  4.07122e-01
 40  0.00552  3.80814e+00 | 41 -0.01755  2.32564e+01 | 42 -0.03832 -1.58429e+01
 43  0.04524  4.90574e+00 | 44  0.00263  1.63266e-02 | 45  0.02370 -7.26880e+00
 46  0.01148 -7.75386e+00 | 47  0.01619  8.47908e+00 | 48  0.00087  2.92960e+00
 49 -0.00609 -2.47415e+00 | 50 -0.02911  3.18007e+00 | 51  0.00244  1.27063e+01
 52 -0.04460  4.19942e+01 | 53 -0.01375  5.45961e+00 | 54  0.05036 -4.01883e-01
 55 -0.00181  1.48894e+01 | 56 -0.02630  1.02324e+00 | 57  0.04534  4.73120e+00
 58  0.01231  1.69960e+01 | 59  0.01228  2.54940e+00 | 60 -0.02758  9.64541e-01
 61 -0.01898 -2.68873e+00 | 62 -0.01234 -1.87304e+00 | 63  0.01055 -3.03299e+00
 64  0.00279  2.58022e+00 | 65  0.03456 -7.22945e+00 | 66 -0.01413 -1.55236e+00
 67 -0.00994 -1.65286e+00 | 68  0.02182  1.12592e+00 | 69 -0.00744  2.24687e+00
 70  0.01815 -2.54152e-01 | 71 -0.01139  4.63679e-01 | 72  0.00379 -2.47929e-01
 73  0.01844  1.56967e+00 | 74  0.00010 -6.89952e+00 | 75  0.03951 -1.22387e+01
 76  0.01475 -1.07692e+01 | 77  0.01422 -1.92411e+00 | 78  0.01030 -4.61701e+00
 79 -0.02355 -1.45196e+01 | 80  0.00493 -7.40520e+00 | 81 -0.00303  2.17316e+00
 82 -0.00610 -3.24562e+00 | 83  0.01448 -1.39255e+00 | 84 -0.00095 -1.10691e+01
 85  0.02345 -3.36564e+00 | 86 -0.03824  1.11790e+01 | 87 -0.00864  2.79890e+00
 88 -0.01541 -9.47273e+00 | 89 -0.05173  4.90868e+00 | 90  0.00723 -5.48365e+00
 91 -0.03771 -3.98531e+00 | 92 -0.01509 -6.67884e+00 | 93  0.01081 -8.16854e+00
 94  0.00221  9.89610e-03 | 95 -0.00237 -5.24509e+00 | 96 -0.00237 -5.24522e+00
 97  0.81249  6.06169e+00 | 98  0.23273 -7.33905e+00 |

Initial statistics: 100 variables; iteration 0; function evaluation 0; phase 3
Function value 2.1496113e+03; maximum gradient component mag -1.6771e+02
Var    Value     Gradient |Var    Value     Gradient |Var    Value     Gradient
  1  0.63523  7.52568e+01 |  2  0.01483  2.74888e+01 |  3  0.00422 -1.19722e+01
  4  0.01094 -1.05524e+00 |  5 -0.03014 -6.26102e+00 |  6  0.02329  5.02241e+00
  7  0.00884  2.61796e+01 |  8 -0.01950  2.34560e+00 |  9  0.00278  7.44284e-01
 10  0.03444  1.63459e+01 | 11 -0.01606 -2.65833e+01 | 12 -0.02568  1.41473e+01
 13 -0.00790 -9.33959e+00 | 14 -0.00466 -1.14328e+01 | 15 -0.02058 -1.51860e+01
 16 -0.00935 -2.36247e+01 | 17 -0.00528  4.01724e+00 | 18 -0.00955 -1.83539e+01
 19 -0.04780  7.18645e+00 | 20 -0.01947 -5.28551e+00 | 21  0.01871 -2.18552e+01
 22 -0.02300  1.33261e+01 | 23  0.02902 -3.79414e+00 | 24  0.00431  8.43310e+00
 25  0.02500  1.01880e+01 | 26 -0.00653 -1.81744e+01 | 27  0.00871  2.05401e+01
 28 -0.03670  3.54678e+00 | 29  0.01718 -9.75429e+00 | 30  0.01294  1.34841e+01
 31  0.02042 -2.83164e+00 | 32  0.01639  3.59619e+00 | 33 -0.02522  1.09782e+01
 34  0.05194 -4.13038e-01 | 35  0.00709  6.72735e+00 | 36 -0.00721 -7.79245e+00
 37 -0.00178 -7.61498e+00 | 38  0.00103  2.33236e+00 | 39  0.00845  6.82414e-01
 40  0.00552  3.92386e+00 | 41 -0.01755  2.30110e+01 | 42 -0.03832 -1.57342e+01
 43  0.04524  4.45123e+00 | 44  0.00263  1.15937e-01 | 45  0.02370 -7.16554e+00
 46  0.01148 -8.03834e+00 | 47  0.01619  8.69637e+00 | 48  0.00087  2.92060e+00
 49 -0.00609 -2.57898e+00 | 50 -0.02911  3.19410e+00 | 51  0.00244  1.28310e+01
 52 -0.04460  4.19928e+01 | 53 -0.01375  5.44295e+00 | 54  0.05036 -3.79465e-01
 55 -0.00181  1.47496e+01 | 56 -0.02630  1.04569e+00 | 57  0.04534  4.80193e+00
 58  0.01231  1.69688e+01 | 59  0.01228  2.55881e+00 | 60 -0.02758  1.09924e+00
 61 -0.01898 -2.62066e+00 | 62 -0.01234 -1.57457e+00 | 63  0.01055 -3.23288e+00
 64  0.00279  2.80959e+00 | 65  0.03456 -7.23140e+00 | 66 -0.01413 -1.76093e+00
 67 -0.00994 -1.63075e+00 | 68  0.02182  9.83929e-01 | 69 -0.00744  2.61231e+00
 70  0.01815 -2.97282e-01 | 71 -0.01139  4.49758e-01 | 72  0.00379 -2.67773e-01
 73  0.01844  1.66987e+00 | 74  0.00010 -6.95134e+00 | 75  0.03951 -1.20703e+01
 76  0.01475 -1.06708e+01 | 77  0.01422 -1.73326e+00 | 78  0.01030 -4.52752e+00
 79 -0.02355 -1.43822e+01 | 80  0.00493 -7.09558e+00 | 81 -0.00303  1.90030e+00
 82 -0.00610 -4.30735e+00 | 83  0.01448 -1.10515e+00 | 84 -0.00095 -1.10904e+01
 85  0.02345 -3.27613e+00 | 86 -0.03824  1.13043e+01 | 87 -0.00864  2.99022e+00
 88 -0.01541 -9.35755e+00 | 89 -0.05173  4.92732e+00 | 90  0.00723 -5.50281e+00
 91 -0.03771 -3.77206e+00 | 92 -0.01509 -6.72859e+00 | 93  0.01081 -8.11561e+00
 94  0.00221  3.98138e-02 | 95 -0.00237 -5.20977e+00 | 96 -0.00237 -5.21015e+00
 97  0.81249  5.75178e+00 | 98 -0.41581  1.65554e+02 | 99  0.23273 -7.34530e+00
100 -0.25275 -1.67709e+02 |

Intermediate statistics: 100 variables; iteration 20; function evaluation 26; phase 3
Function value 2.1481990e+03; maximum gradient component mag -1.7021e+02
Var    Value     Gradient |Var    Value     Gradient |Var    Value     Gradient
  1  0.63551 -3.73213e+01 |  2  0.00596  1.15451e+01 |  3  0.00779 -1.25472e+00
  4  0.01160  2.84871e+00 |  5 -0.02822  7.18997e-01 |  6  0.02353  7.10858e+00
  7  0.00657  1.97472e+01 |  8 -0.01931  4.78320e+00 |  9  0.00356  4.66132e+00
 10  0.03545  2.09312e+01 | 11 -0.01417 -1.76589e+01 | 12 -0.02551  1.53744e+01
 13 -0.00724 -6.23197e+00 | 14 -0.00412 -9.19864e+00 | 15 -0.02018 -1.30788e+01
 16 -0.00882 -1.95537e+01 | 17 -0.00518  4.94957e+00 | 18 -0.00912 -1.37100e+01
 19 -0.04745  1.11605e+01 | 20 -0.01920 -1.91323e+00 | 21  0.02019  3.21204e+00
 22 -0.02293  1.46516e+01 | 23  0.02928 -2.24913e+00 | 24  0.00416  4.90205e+00
 25  0.02437 -4.61770e+00 | 26 -0.00607 -1.28429e+01 | 27  0.00816  1.21802e+01
 28 -0.03651  6.74124e+00 | 29  0.01768 -2.68289e+00 | 30  0.01262  7.94504e+00
 31  0.02056 -2.35901e+00 | 32  0.01627  4.45431e-01 | 33 -0.02511  1.29361e+01
 34  0.05220  6.05183e-01 | 35  0.00696  4.39235e+00 | 36 -0.00711 -6.51706e+00
 37 -0.00166 -6.16251e+00 | 38  0.00092  5.09080e-01 | 39  0.00832 -2.37042e+00
 40  0.00523 -1.18843e+00 | 41 -0.01798  1.90607e+01 | 42 -0.03862 -1.66745e+01
 43  0.04531  1.01584e+00 | 44  0.00247 -2.81732e+00 | 45  0.02415 -1.33787e+00
 46  0.01165 -6.66654e+00 | 47  0.01562 -3.16901e+00 | 48  0.00050 -3.14968e+00
 49 -0.00630 -5.47900e+00 | 50 -0.02960 -9.98900e-01 | 51  0.00139 -7.77941e+00
 52 -0.04579  3.11875e+01 | 53 -0.01437 -3.79998e+00 | 54  0.05047 -5.41862e+00
 55 -0.00312 -1.58917e+01 | 56 -0.02638 -7.10604e-01 | 57  0.04625  4.50090e+01
 58  0.01152 -8.85243e+00 | 59  0.01225  3.93810e-01 | 60 -0.02772 -1.82328e+00
 61 -0.01906 -1.98796e+00 | 62 -0.01224 -1.31864e-01 | 63  0.01059 -2.46418e-01
 64  0.00261 -3.02607e+00 | 65  0.03489  8.29638e+00 | 66 -0.01407 -3.79477e-01
 67 -0.01009 -1.78248e+00 | 68  0.02174 -3.84568e+00 | 69 -0.00798 -5.92062e+00
 70  0.01814 -2.86213e+00 | 71 -0.01177 -3.91421e+00 | 72  0.00372 -2.63867e+00
 73  0.01804 -7.41898e+00 | 74  0.00056  5.02141e+00 | 75  0.03980  5.38982e+00
 76  0.01525  4.41305e+00 | 77  0.01386 -7.89589e+00 | 78  0.01040 -7.65933e-01
 79 -0.02310 -1.70514e+00 | 80  0.00524  2.92496e+00 | 81 -0.00367 -9.00939e+00
 82 -0.00595  6.27816e-01 | 83  0.01413 -6.24413e+00 | 84 -0.00028  8.41995e+00
 85  0.02316 -8.40638e+00 | 86 -0.03879  5.17478e+00 | 87 -0.00943 -9.11318e+00
 88 -0.01505  4.55967e-01 | 89 -0.05200  7.86741e+00 | 90  0.00745  1.36358e+00
 91 -0.03771  1.46702e-01 | 92 -0.01379  2.32162e-01 | 93  0.01225 -1.43123e+00
 94  0.00000  9.24128e-01 | 95 -0.00068  1.06878e+00 | 96 -0.00068  1.06882e+00
 97  0.78289 -1.10428e+01 | 98 -0.42115  5.82418e+01 | 99  0.24456  2.57489e+01
100 -0.24929 -1.70206e+02 |
100 variables; iteration 40; function evaluation 51; phase 3
Function value 2.1478322e+03; maximum gradient component mag -5.0346e+01
Var    Value     Gradient |Var    Value     Gradient |Var    Value     Gradient
  1  0.63561 -2.14014e+01 |  2  0.00613  1.12350e+01 |  3  0.00784 -1.83290e+00
  4  0.01202  3.21969e+00 |  5 -0.02805  4.29913e-01 |  6  0.02386  7.50089e+00
  7  0.00414  1.08339e+01 |  8 -0.01957  3.28224e+00 |  9  0.00337  3.11445e+00
 10  0.03390  9.58639e+00 | 11 -0.01209 -8.75723e+00 | 12 -0.02796  3.73495e+00
 13 -0.00561  4.13934e+00 | 14 -0.00372 -5.99341e+00 | 15 -0.01982 -1.01316e+01
 16 -0.00701 -5.73708e-01 | 17 -0.00501  8.14616e+00 | 18 -0.00841 -5.12353e+00
 19 -0.04838  4.72787e+00 | 20 -0.01874  2.36343e+00 | 21  0.01983 -4.29065e+00
 22 -0.02345  8.83831e+00 | 23  0.02929 -1.79078e+00 | 24  0.00368 -1.65736e+00
 25  0.02448 -1.62824e+00 | 26 -0.00519 -1.89564e+00 | 27  0.00748  3.34435e+00
 28 -0.03662  5.82573e+00 | 29  0.01771 -1.53575e+00 | 30  0.01224  3.18246e+00
 31  0.02029 -6.03101e+00 | 32  0.01610 -1.76813e+00 | 33 -0.02650  1.08628e+00
 34  0.05213  4.04232e-01 | 35  0.00658  1.57644e-01 | 36 -0.00690 -3.78028e+00
 37 -0.00103  2.00120e+00 | 38  0.00080 -5.65033e-01 | 39  0.00840 -9.67440e-01
 40  0.00523 -1.12152e+00 | 41 -0.01865  1.20919e+01 | 42 -0.03761 -8.99561e+00
 43  0.04517 -1.16323e+00 | 44  0.00284  2.37465e+00 | 45  0.02430  2.25201e+00
 46  0.01174 -4.56548e+00 | 47  0.01570 -1.14205e+00 | 48  0.00042 -4.07693e+00
 49 -0.00635 -6.02785e+00 | 50 -0.02991 -4.60197e+00 | 51  0.00136 -8.23076e+00
 52 -0.04694  1.82230e+01 | 53 -0.01427 -1.77491e+00 | 54  0.05050 -4.12583e+00
 55 -0.00282 -6.96848e+00 | 56 -0.02640 -2.74364e+00 | 57  0.04567  2.01371e+01
 58  0.01176 -3.77012e+00 | 59  0.01220  8.83278e-01 | 60 -0.02781 -4.35172e+00
 61 -0.01905 -9.34397e-01 | 62 -0.01221 -9.83580e-01 | 63  0.01045 -1.97154e+00
 64  0.00273 -1.27871e+00 | 65  0.03470  3.46686e+00 | 66 -0.01404 -8.96512e-01
 67 -0.01017 -1.94956e+00 | 68  0.02181 -2.37480e+00 | 69 -0.00813 -7.31570e+00
 70  0.01837  3.84581e+00 | 71 -0.01181 -3.19109e+00 | 72  0.00377 -2.60536e+00
 73  0.01797 -7.24029e+00 | 74  0.00039 -3.41730e-01 | 75  0.03965  2.37942e+00
 76  0.01522  2.69757e+00 | 77  0.01398 -2.06247e+00 | 78  0.01038 -2.11571e+00
 79 -0.02282  4.10430e+00 | 80  0.00522  8.56446e-01 | 81 -0.00352 -4.34439e+00
 82 -0.00600 -2.77220e+00 | 83  0.01418 -4.39179e+00 | 84 -0.00032  4.51204e+00
 85  0.02329 -3.80600e+00 | 86 -0.03858  6.02642e+00 | 87 -0.00917 -4.52914e+00
 88 -0.01482  5.76043e-01 | 89 -0.05239  2.78385e+00 | 90  0.00793  4.30244e+00
 91 -0.03729  2.41513e+00 | 92 -0.01285  3.15882e+00 | 93  0.01266  4.84370e-01
 94 -0.00622 -8.81550e+00 | 95  0.00235  5.14049e+00 | 96  0.00235  5.14174e+00
 97  0.78370 -5.42828e+00 | 98 -0.42106  3.53732e+01 | 99  0.25064  6.77556e+00
100 -0.24708 -5.03455e+01 |
100 variables; iteration 60; function evaluation 77; phase 3
Function value 2.1476500e+03; maximum gradient component mag 1.0088e+01
Var    Value     Gradient |Var    Value     Gradient |Var    Value     Gradient
  1  0.63530 -4.18441e+00 |  2  0.00219  2.15172e+00 |  3  0.00807 -2.41250e+00
  4  0.01140  4.38141e-01 |  5 -0.02768  2.21711e-01 |  6  0.02205 -2.71005e-01
  7  0.00217  3.02938e+00 |  8 -0.02035 -2.91629e-01 |  9  0.00361  2.60024e+00
 10  0.03300  1.47220e+00 | 11 -0.01054 -2.96194e+00 | 12 -0.02894 -1.87952e+00
 13 -0.00621 -1.22576e+00 | 14 -0.00298 -1.43110e+00 | 15 -0.01857 -1.70141e+00
 16 -0.00687 -7.09405e-02 | 17 -0.00567 -7.48691e-02 | 18 -0.00794 -9.19788e-01
 19 -0.04889  3.80936e-01 | 20 -0.01871  1.55484e+00 | 21  0.02006 -1.50914e+00
 22 -0.02377  4.19692e+00 | 23  0.02953  5.69220e-01 | 24  0.00378 -1.86446e+00
 25  0.02470  4.29791e-01 | 26 -0.00496 -7.47379e-01 | 27  0.00744  8.66932e-01
 28 -0.03686  2.69495e+00 | 29  0.01784 -1.27292e+00 | 30  0.01229  2.25500e+00
 31  0.02065 -2.01871e+00 | 32  0.01616 -2.47772e+00 | 33 -0.02672 -1.97989e+00
 34  0.05223  7.40078e-01 | 35  0.00685  2.34620e+00 | 36 -0.00654 -1.07188e+00
 37 -0.00109  1.39792e-01 | 38  0.00105  1.53856e+00 | 39  0.00846 -1.30832e+00
 40  0.00544  3.34487e-01 | 41 -0.01934  3.98257e+00 | 42 -0.03674 -2.95147e+00
 43  0.04527  4.79094e-02 | 44  0.00300  3.55966e+00 | 45  0.02434  1.88518e+00
 46  0.01219  1.58275e+00 | 47  0.01575 -1.14352e+00 | 48  0.00071 -3.14981e-01
 49 -0.00601 -1.44415e+00 | 50 -0.02934  1.26897e+00 | 51  0.00169 -2.92068e+00
 52 -0.04825  2.52426e+00 | 53 -0.01404  5.89488e-01 | 54  0.05065 -9.21576e-01
 55 -0.00254 -1.65860e+00 | 56 -0.02611 -1.52496e-01 | 57  0.04540  4.11246e+00
 58  0.01199 -6.26246e-01 | 59  0.01215 -2.56133e+00 | 60 -0.02744  1.07832e-02
 61 -0.01896 -3.28647e-01 | 62 -0.01205  1.17601e-01 | 63  0.01057 -6.24536e-01
 64  0.00285 -1.47448e+00 | 65  0.03471  1.02803e+00 | 66 -0.01388  1.38603e-02
 67 -0.01002 -3.14005e-01 | 68  0.02197 -4.51761e-02 | 69 -0.00777 -1.16649e+00
 70  0.01842  2.02319e+00 | 71 -0.01161 -6.59745e-01 | 72  0.00397 -1.45015e-01
 73  0.01826 -1.26059e-01 | 74  0.00049 -6.65472e-01 | 75  0.03967  4.49435e-01
 76  0.01533  2.51774e+00 | 77  0.01407 -1.50594e+00 | 78  0.01051 -1.86033e+00
 79 -0.02295 -1.04650e-01 | 80  0.00531 -2.14189e-01 | 81 -0.00329 -1.06803e+00
 82 -0.00579 -5.76263e-01 | 83  0.01437 -1.13857e+00 | 84 -0.00032  9.39611e-01
 85  0.02348 -7.38414e-01 | 86 -0.03870  2.03544e+00 | 87 -0.00883  4.69459e-01
 88 -0.01471 -4.00796e-01 | 89 -0.05254 -2.72113e-01 | 90  0.00798  9.84861e-01
 91 -0.03729  8.20443e-01 | 92 -0.01286  6.49715e-01 | 93  0.01284  1.20803e+00
 94 -0.00161 -2.17901e+00 | 95 -0.00026  3.75824e-01 | 96 -0.00027  3.74792e-01
 97  0.78325 -1.72854e+00 | 98 -0.42124  1.00879e+01 | 99  0.25269 -3.04529e-02
100 -0.24632 -4.84913e+00 |
Maximum number of function evaluations exceeded

 - final statistics:
100 variables; iteration 76; function evaluation 100
Function value 2.1476e+03; maximum gradient component mag 2.9358e+00
Exit code = 3;  converg criter 1.0000e+00
Var    Value     Gradient |Var    Value     Gradient |Var    Value     Gradient
  1  0.63534 -9.99641e-01 |  2  0.00143  5.12075e-01 |  3  0.00895 -5.01442e-01
  4  0.01127  2.22314e-02 |  5 -0.02759  3.11698e-01 |  6  0.02212 -1.28180e-01
  7  0.00147  6.82838e-01 |  8 -0.02010  3.59941e-01 |  9  0.00321  8.81761e-01
 10  0.03281  1.90118e-01 | 11 -0.01001 -5.46285e-01 | 12 -0.02857 -2.86311e-01
 13 -0.00605 -2.05011e-01 | 14 -0.00281 -8.93697e-03 | 15 -0.01839 -3.22035e-01
 16 -0.00687 -9.40830e-02 | 17 -0.00569 -2.70061e-01 | 18 -0.00784  1.18375e-01
 19 -0.04888  3.88294e-01 | 20 -0.01883  2.10151e-01 | 21  0.02012 -4.71334e-01
 22 -0.02407  1.14087e+00 | 23  0.02951  4.28623e-01 | 24  0.00386 -6.46934e-01
 25  0.02468  2.26336e-01 | 26 -0.00492 -2.19161e-01 | 27  0.00738  7.14933e-02
 28 -0.03704  1.26662e+00 | 29  0.01791 -2.01971e-01 | 30  0.01218  7.89147e-01
 31  0.02075 -2.53607e-01 | 32  0.01627 -6.66943e-01 | 33 -0.02651 -1.92727e-01
 34  0.05219 -2.76083e-01 | 35  0.00668  1.57132e-01 | 36 -0.00647 -2.97947e-01
 37 -0.00111  1.72524e-02 | 38  0.00094  1.20028e-01 | 39  0.00850 -6.80584e-01
 40  0.00541 -6.42382e-02 | 41 -0.01967  6.94818e-01 | 42 -0.03643 -4.54744e-01
 43  0.04527  4.08964e-01 | 44  0.00278  5.75919e-01 | 45  0.02427  6.95137e-01
 46  0.01210  6.00089e-02 | 47  0.01580 -5.36856e-02 | 48  0.00072  1.54227e-02
 49 -0.00593 -1.45415e-01 | 50 -0.02944  2.54460e-01 | 51  0.00180 -5.89888e-01
 52 -0.04843  6.17571e-01 | 53 -0.01409 -4.69366e-01 | 54  0.05066 -2.12583e-01
 55 -0.00249 -3.81203e-01 | 56 -0.02610 -5.21678e-02 | 57  0.04532  8.52646e-01
 58  0.01200 -1.02438e-01 | 59  0.01220 -5.19713e-01 | 60 -0.02744  1.01028e-01
 61 -0.01896 -1.95365e-01 | 62 -0.01208 -3.09583e-01 | 63  0.01057 -3.88360e-02
 64  0.00288 -3.00340e-01 | 65  0.03468  2.24430e-01 | 66 -0.01389 -7.71016e-02
 67 -0.01004 -4.98842e-01 | 68  0.02196  5.62221e-02 | 69 -0.00774 -2.52173e-01
 70  0.01836  4.18033e-01 | 71 -0.01158  1.72284e-01 | 72  0.00397  1.05780e-01
 73  0.01825  7.47494e-02 | 74  0.00047 -9.88361e-01 | 75  0.03965  1.43782e-01
 76  0.01525  5.76699e-01 | 77  0.01409 -3.35340e-01 | 78  0.01055 -3.55112e-01
 79 -0.02297 -5.57814e-02 | 80  0.00531  5.58088e-02 | 81 -0.00329 -4.84338e-01
 82 -0.00576  3.60951e-01 | 83  0.01438 -2.98286e-01 | 84 -0.00036  2.13714e-01
 85  0.02348 -1.64717e-01 | 86 -0.03882  4.44490e-01 | 87 -0.00888 -1.82329e-01
 88 -0.01470 -1.53369e-01 | 89 -0.05257 -4.68945e-01 | 90  0.00793  1.79744e-01
 91 -0.03738  2.20669e-01 | 92 -0.01292  5.60742e-02 | 93  0.01258  7.85565e-02
 94 -0.00045 -4.67579e-01 | 95 -0.00038  8.60070e-02 | 96 -0.00038  8.57948e-02
 97  0.78311 -4.23140e-01 | 98 -0.42128  2.93583e+00 | 99  0.25303 -8.70538e-02
100 -0.24621 -5.85919e-01 |

Initial statistics: 108 variables; iteration 0; function evaluation 0; phase 4
Function value 2.1476355e+03; maximum gradient component mag -2.3942e+03
Var    Value     Gradient |Var    Value     Gradient |Var    Value     Gradient
  1 -0.42263 -1.64014e+02 |  2 -0.42263 -2.39419e+03 |  3 -0.41094 -1.12857e+03
  4  0.63534 -9.99641e-01 |  5  0.00000  4.05632e+01 |  6  0.00000 -6.73625e+00
  7  0.00000  1.09293e+01 |  8  0.00000 -1.46266e+01 |  9  0.00000 -1.09515e+01
 10  0.00143  5.03748e-01 | 11  0.00895 -5.09768e-01 | 12  0.01127  1.39059e-02
 13 -0.02759  3.03379e-01 | 14  0.02212 -1.36502e-01 | 15  0.00147  6.74512e-01
 16 -0.02010  3.51619e-01 | 17  0.00321  8.73435e-01 | 18  0.03281  1.81802e-01
 19 -0.01001 -5.54611e-01 | 20 -0.02857 -2.94629e-01 | 21 -0.00605 -2.13337e-01
 22 -0.00281 -1.72637e-02 | 23 -0.01839 -3.30358e-01 | 24 -0.00688 -1.02409e-01
 25 -0.00569 -2.78388e-01 | 26 -0.00784  1.10049e-01 | 27 -0.04888  3.79991e-01
 28 -0.01883  2.01828e-01 | 29  0.02012 -4.79656e-01 | 30 -0.02407  1.13255e+00
 31  0.02951  4.20305e-01 | 32  0.00386 -6.55261e-01 | 33  0.02468  2.18016e-01
 34 -0.00492 -2.27487e-01 | 35  0.00738  6.31671e-02 | 36 -0.03704  1.25831e+00
 37  0.01791 -2.10295e-01 | 38  0.01218  7.80822e-01 | 39  0.02075 -2.61929e-01
 40  0.01627 -6.75268e-01 | 41 -0.02651 -2.01046e-01 | 42  0.05219 -2.84382e-01
 43  0.00668  1.48805e-01 | 44 -0.00647 -3.06273e-01 | 45 -0.00111  8.92561e-03
 46  0.00094  1.11701e-01 | 47  0.00850 -6.88910e-01 | 48  0.00541 -7.25647e-02
 49 -0.01967  6.86496e-01 | 50 -0.03643 -4.63057e-01 | 51  0.04527  4.00658e-01
 52  0.00278  5.67592e-01 | 53  0.02427  6.86816e-01 | 54  0.01209  5.16836e-02
 55  0.01580 -6.20098e-02 | 56  0.00072  7.09586e-03 | 57 -0.00593 -1.53742e-01
 58 -0.02944  2.46142e-01 | 59  0.00180 -5.98214e-01 | 60 -0.04843  6.09268e-01
 61 -0.01409 -4.77691e-01 | 62  0.05066 -2.20884e-01 | 63 -0.00249 -3.89530e-01
 64 -0.02611 -6.04876e-02 | 65  0.04532  8.44341e-01 | 66  0.01200 -1.10764e-01
 67  0.01220 -5.28039e-01 | 68 -0.02744  9.27090e-02 | 69 -0.01896 -2.03688e-01
 70 -0.01208 -3.17908e-01 | 71  0.01057 -4.71616e-02 | 72  0.00288 -3.08667e-01
 73  0.03468  2.16115e-01 | 74 -0.01389 -8.54264e-02 | 75 -0.01004 -5.07168e-01
 76  0.02196  4.79003e-02 | 77 -0.00774 -2.60499e-01 | 78  0.01836  4.09710e-01
 79 -0.01158  1.63959e-01 | 80  0.00397  9.74537e-02 | 81  0.01825  6.64260e-02
 82  0.00047 -9.96688e-01 | 83  0.03965  1.35471e-01 | 84  0.01525  5.68374e-01
 85  0.01409 -3.43665e-01 | 86  0.01055 -3.63438e-01 | 87 -0.02297 -6.41028e-02
 88  0.00531  4.74823e-02 | 89 -0.00329 -4.92665e-01 | 90 -0.00576  3.52625e-01
 91  0.01438 -3.06611e-01 | 92 -0.00036  2.05387e-01 | 93  0.02348 -1.73038e-01
 94 -0.03882  4.36179e-01 | 95 -0.00888 -1.90655e-01 | 96 -0.01470 -1.61694e-01
 97 -0.05257 -4.77243e-01 | 98  0.00793  1.71418e-01 | 99 -0.03738  2.12356e-01
100 -0.01292  4.77491e-02 |101  0.01258  7.02314e-02 |102 -0.00045 -4.75906e-01
103 -0.00038  7.76802e-02 |104 -0.00038  7.74680e-02 |105  0.78311 -4.23140e-01
106 -0.42128  2.93583e+00 |107  0.25303 -8.70538e-02 |108 -0.24621 -5.85919e-01

Intermediate statistics: 108 variables; iteration 20; function evaluation 28; phase 4
Function value 2.1427848e+03; maximum gradient component mag -6.6212e+02
Var    Value     Gradient |Var    Value     Gradient |Var    Value     Gradient
  1 -0.45718  1.67773e+01 |  2 -0.42490 -6.62120e+02 |  3 -0.39345 -1.82993e+02
  4  0.63251 -2.78914e+02 |  5 -0.00367  3.05392e+01 |  6  0.00278 -2.55082e+00
  7 -0.00221  6.57867e+00 |  8  0.00419 -7.62551e+00 |  9  0.00317 -5.72597e+00
 10  0.00216  9.25311e+00 | 11  0.00967  8.17178e+00 | 12  0.01197  8.52498e+00
 13 -0.02710  8.65432e+00 | 14  0.02264  7.62222e+00 | 15  0.00195  8.53055e+00
 16 -0.01968  8.24392e+00 | 17  0.00358  8.09111e+00 | 18  0.03287  4.32727e+00
 19 -0.00990  5.60365e+00 | 20 -0.02848  6.05163e+00 | 21 -0.00621  3.33475e+00
 22 -0.00305  1.61781e+00 | 23 -0.01862  1.72229e+00 | 24 -0.00700  2.21524e+00
 25 -0.00578  3.24831e+00 | 26 -0.00793  2.20979e+00 | 27 -0.04887  5.98027e+00
 28 -0.01895  1.51870e+00 | 29  0.01986 -1.17035e+00 | 30 -0.02414  4.12754e+00
 31  0.02920 -7.28097e+00 | 32  0.00372 -6.90347e-01 | 33  0.02445 -4.01199e+00
 34 -0.00497  3.09194e+00 | 35  0.00732  6.77938e-01 | 36 -0.03705  6.12520e+00
 37  0.01784  4.39982e+00 | 38  0.01208  4.39747e+00 | 39  0.02042 -5.74037e+00
 40  0.01610 -3.43216e+00 | 41 -0.02660  2.43479e+00 | 42  0.05182 -9.41522e+00
 43  0.00657  8.92093e-01 | 44 -0.00660 -3.76791e+00 | 45 -0.00118 -5.49532e+00
 46  0.00067 -6.20601e+00 | 47  0.00835  3.28930e-01 | 48  0.00523 -4.44786e+00
 49 -0.01986 -5.05230e-01 | 50 -0.03651  4.71264e+00 | 51  0.04516  1.14796e-01
 52  0.00249 -2.76529e+00 | 53  0.02412 -8.03897e+00 | 54  0.01178 -1.51096e+01
 55  0.01553 -1.58051e+01 | 56  0.00047 -1.11008e+01 | 57 -0.00605 -6.27998e+00
 58 -0.02954 -4.72195e+00 | 59  0.00167 -1.30687e+01 | 60 -0.04840  4.42117e+00
 61 -0.01367  1.11823e+01 | 62  0.05025 -2.01888e+01 | 63 -0.00256 -9.47276e+00
 64 -0.02599  4.24188e+00 | 65  0.04464 -4.42461e+01 | 66  0.01167 -2.43085e+01
 67  0.01211 -1.79390e+01 | 68 -0.02759 -4.11593e+00 | 69 -0.01872  5.30517e+00
 70 -0.01189  9.01066e+00 | 71  0.01045  2.96703e-02 | 72  0.00300  7.91643e+00
 73  0.03451 -2.29125e+01 | 74 -0.01416 -7.27091e+00 | 75 -0.00993  2.77587e-01
 76  0.02156 -7.65853e+00 | 77 -0.00777  2.03583e+00 | 78  0.01804 -1.97590e+01
 79 -0.01169 -1.43605e+00 | 80  0.00400  6.67765e+00 | 81  0.01820  4.04533e+00
 82  0.00034  3.50836e+00 | 83  0.03915 -2.18971e+01 | 84  0.01476 -1.93697e+01
 85  0.01423 -1.52949e+00 | 86  0.01015 -1.63439e+01 | 87 -0.02289  3.10807e+00
 88  0.00531  2.94113e+00 | 89 -0.00320  1.62420e+00 | 90 -0.00545  1.58840e+01
 91  0.01450  5.84391e+00 | 92 -0.00022  5.72425e+00 | 93  0.02403  1.39285e+01
 94 -0.03870  2.93066e+00 | 95 -0.00861  3.97904e+00 | 96 -0.01480  2.69408e+00
 97 -0.05197  1.60701e+01 | 98  0.00803  1.57674e+01 | 99 -0.03682  1.15738e+01
100 -0.01215  2.11125e+01 |101  0.01460  2.42794e+01 |102 -0.00165  6.36311e+00
103 -0.00020  8.45301e+00 |104 -0.00020  8.45267e+00 |105  0.78191 -6.93187e+00
106 -0.42250 -1.72508e+01 |107  0.24123 -8.21546e+01 |108 -0.24803  1.96997e+02
108 variables; iteration 40; function evaluation 53; phase 4
Function value 2.1420135e+03; maximum gradient component mag -1.2021e+02
Var    Value     Gradient |Var    Value     Gradient |Var    Value     Gradient
  1 -0.47100  1.36842e+01 |  2 -0.42541 -1.20208e+02 |  3 -0.38915 -2.30828e+01
  4  0.63255 -6.70237e+01 |  5 -0.01533  4.08226e+00 |  6  0.00262 -3.53821e+00
  7 -0.00395  2.85423e+00 |  8  0.00504 -6.67333e+00 |  9  0.00383 -5.18821e+00
 10  0.00162  1.15667e+00 | 11  0.01011  2.46179e+00 | 12  0.01266  3.48084e+00
 13 -0.02709  2.07849e+00 | 14  0.02280  1.77477e+00 | 15  0.00211  2.63818e+00
 16 -0.01936  2.84334e+00 | 17  0.00397  3.55853e+00 | 18  0.03231 -5.08067e+00
 19 -0.00825  7.44143e+00 | 20 -0.02706  6.47452e+00 | 21 -0.00710 -7.90482e+00
 22 -0.00236  1.97733e+00 | 23 -0.01815  1.09685e-01 | 24 -0.00713 -3.59620e+00
 25 -0.00553  2.15291e+00 | 26 -0.00746  3.46077e+00 | 27 -0.04944 -3.08406e+00
 28 -0.01878 -1.55577e+00 | 29  0.01977 -5.00864e+00 | 30 -0.02404  4.62354e-01
 31  0.02953 -2.68054e+00 | 32  0.00378 -3.31198e+00 | 33  0.02432 -8.67806e+00
 34 -0.00491  2.00064e-01 | 35  0.00741 -1.23555e+00 | 36 -0.03720  3.84701e-01
 37  0.01770  9.41747e-01 | 38  0.01209  3.50701e+00 | 39  0.02080  1.81698e-01
 40  0.01644  1.21361e+00 | 41 -0.02635  1.20454e+00 | 42  0.05188 -2.22752e+00
 43  0.00643 -1.13373e+00 | 44 -0.00635 -2.66706e+00 | 45 -0.00044  2.55486e+00
 46  0.00076 -4.76649e+00 | 47  0.00830  1.66275e+00 | 48  0.00533 -1.57314e+00
 49 -0.01982 -1.00430e+00 | 50 -0.03690 -1.27397e-03 | 51  0.04457 -1.62271e+00
 52  0.00233 -8.19910e-01 | 53  0.02411  1.05281e+00 | 54  0.01230 -2.41817e-01
 55  0.01551 -7.45001e+00 | 56  0.00052 -3.86090e+00 | 57 -0.00616 -1.89161e+00
 58 -0.02939 -6.89907e-01 | 59  0.00164 -4.76682e+00 | 60 -0.04889 -2.97129e-01
 61 -0.01446  1.44927e+00 | 62  0.05004 -3.96513e+00 | 63 -0.00240 -1.06382e+00
 64 -0.02650 -2.19130e+00 | 65  0.04501 -8.37085e+00 | 66  0.01209 -3.17284e+00
 67  0.01208 -1.05892e+01 | 68 -0.02749 -1.70235e+00 | 69 -0.01895  2.11078e+00
 70 -0.01211  6.16866e+00 | 71  0.01017 -1.11181e+00 | 72  0.00262  3.61459e+00
 73  0.03464 -5.06131e+00 | 74 -0.01397 -5.11186e-01 | 75 -0.01006 -6.95493e-01
 76  0.02135 -5.35883e+00 | 77 -0.00793  1.84658e+00 | 78  0.01832 -3.75927e+00
 79 -0.01159  2.46946e+00 | 80  0.00384  6.33557e+00 | 81  0.01797  2.21357e+00
 82  0.00007  1.31245e-01 | 83  0.03934 -5.42528e+00 | 84  0.01509 -4.53060e+00
 85  0.01424  1.76997e+00 | 86  0.01055 -1.37337e+00 | 87 -0.02292  7.03924e-01
 88  0.00501 -4.41873e+00 | 89 -0.00309  2.46137e+00 | 90 -0.00585  4.74855e+00
 91  0.01462  1.03656e+01 | 92 -0.00024  3.24371e+00 | 93  0.02385  4.28377e+00
 94 -0.03859 -1.32606e+00 | 95 -0.00859 -1.23671e+00 | 96 -0.01475 -7.33926e-01
 97 -0.05200  9.65214e+00 | 98  0.00759  2.70130e+00 | 99 -0.03666  5.45412e+00
100 -0.01361  1.47595e+00 |101  0.01250  2.79005e+00 |102 -0.00168  2.31617e-01
103 -0.00036  1.71792e+00 |104 -0.00036  1.71770e+00 |105  0.78499 -4.96314e+00
106 -0.42147  2.10528e+01 |107  0.24257 -3.17246e+01 |108 -0.24749  7.13494e+01
108 variables; iteration 60; function evaluation 77; phase 4
Function value 2.1418779e+03; maximum gradient component mag 3.2745e+01
Var    Value     Gradient |Var    Value     Gradient |Var    Value     Gradient
  1 -0.47943  2.61287e+00 |  2 -0.42579  3.27446e+01 |  3 -0.38654  1.37283e+01
  4  0.63281  1.10566e+01 |  5 -0.01739  2.37199e-02 |  6  0.00532  9.78052e-01
  7 -0.00600 -5.90738e-01 |  8  0.00892  4.72607e-01 |  9  0.00697  7.70473e-01
 10  0.00258  9.74165e-01 | 11  0.01026  6.63823e-01 | 12  0.01190 -5.20291e-01
 13 -0.02681  5.65998e-01 | 14  0.02303  3.90823e-01 | 15  0.00243  1.54686e+00
 16 -0.01945  4.38680e-01 | 17  0.00360 -1.15669e-01 | 18  0.03320 -1.25060e+00
 19 -0.01006 -3.15239e+00 | 20 -0.02765  1.81397e+00 | 21 -0.00539  1.42857e+00
 22 -0.00224  1.16682e+00 | 23 -0.01793 -3.16650e-02 | 24 -0.00655  4.33201e-01
 25 -0.00562 -6.33440e-01 | 26 -0.00762 -8.08734e-03 | 27 -0.04850  1.32482e+00
 28 -0.01853 -7.83471e-01 | 29  0.02006 -9.85106e-01 | 30 -0.02401 -9.00509e-01
 31  0.02992  4.11520e+00 | 32  0.00437  3.86030e+00 | 33  0.02480 -2.67627e-01
 34 -0.00509 -2.94972e+00 | 35  0.00744 -1.64942e+00 | 36 -0.03720 -9.28104e-01
 37  0.01759 -7.55684e-01 | 38  0.01168 -2.16521e+00 | 39  0.02083  1.53366e+00
 40  0.01620 -1.65906e+00 | 41 -0.02633  7.89666e-01 | 42  0.05176 -8.28637e-01
 43  0.00639 -6.67413e-01 | 44 -0.00623 -1.16211e+00 | 45 -0.00068  1.39155e-01
 46  0.00089 -1.98048e+00 | 47  0.00820  2.28035e+00 | 48  0.00544  1.80965e+00
 49 -0.01982 -2.96624e-01 | 50 -0.03665  2.31200e+00 | 51  0.04429 -1.44405e+00
 52  0.00227  1.03518e+00 | 53  0.02360 -3.40327e+00 | 54  0.01222  2.39540e+00
 55  0.01559 -7.15409e-01 | 56  0.00041 -1.31020e+00 | 57 -0.00628  4.70780e-01
 58 -0.02956 -1.91434e-01 | 59  0.00163  1.20819e+00 | 60 -0.04904 -8.50627e-02
 61 -0.01472  8.92957e-01 | 62  0.04986  3.15405e-01 | 63 -0.00250 -6.81425e-02
 64 -0.02638  1.21284e+00 | 65  0.04504  2.00098e+00 | 66  0.01200 -5.24547e-01
 67  0.01231  1.38972e+00 | 68 -0.02765 -3.11720e+00 | 69 -0.01928 -2.71312e+00
 70 -0.01245  1.65723e-01 | 71  0.01000 -1.54781e+00 | 72  0.00246  3.04186e+00
 73  0.03462  7.75145e-01 | 74 -0.01407 -6.67237e-01 | 75 -0.00995  3.60721e+00
 76  0.02133 -2.92156e-02 | 77 -0.00801  2.85737e+00 | 78  0.01833  3.27547e-01
 79 -0.01189 -2.26633e+00 | 80  0.00343 -2.68388e+00 | 81  0.01780  5.47426e-02
 82 -0.00007 -9.13224e-01 | 83  0.03937  7.29714e-01 | 84  0.01523  2.68214e+00
 85  0.01402 -2.56942e+00 | 86  0.01057  1.49383e+00 | 87 -0.02300 -2.36679e-01
 88  0.00506 -1.10895e+00 | 89 -0.00323 -6.46079e-02 | 90 -0.00603  9.02337e-02
 91  0.01421 -1.46729e+00 | 92 -0.00035  3.04320e-01 | 93  0.02370 -4.58438e-01
 94 -0.03841 -1.72603e-01 | 95 -0.00852 -2.82530e-01 | 96 -0.01455  2.19795e+00
 97 -0.05299 -2.15570e+00 | 98  0.00752 -1.31952e+00 | 99 -0.03692  5.37239e-01
100 -0.01327 -7.57051e-02 |101  0.01293 -4.50703e-01 |102 -0.00037  4.42520e-01
103 -0.00025 -2.56959e-01 |104 -0.00025 -2.56858e-01 |105  0.78380 -7.51746e-01
106 -0.42153  4.32210e+00 |107  0.24512  1.74729e+00 |108 -0.24670 -4.16419e+00
Maximum number of function evaluations exceeded

 - final statistics:
108 variables; iteration 78; function evaluation 100
Function value 2.1419e+03; maximum gradient component mag 9.9827e+00
Exit code = 3;  converg criter 1.0000e+00
Var    Value     Gradient |Var    Value     Gradient |Var    Value     Gradient
  1 -0.47958  1.14488e+00 |  2 -0.42578  9.98274e+00 |  3 -0.38657  4.79107e+00
  4  0.63271  3.14212e+00 |  5 -0.01736 -4.07860e-02 |  6  0.00480  6.42157e-02
  7 -0.00568 -8.96524e-02 |  8  0.00879  1.79308e-01 |  9  0.00661  4.38809e-02
 10  0.00214  2.56723e-01 | 11  0.00980 -2.41040e-01 | 12  0.01209  6.79554e-02
 13 -0.02717 -6.26758e-02 | 14  0.02284 -1.44236e-01 | 15  0.00203  3.63014e-01
 16 -0.01971 -1.95733e-01 | 17  0.00368  3.28472e-01 | 18  0.03332 -4.52325e-01
 19 -0.00951 -4.67849e-01 | 20 -0.02809 -4.59113e-02 | 21 -0.00556  3.44908e-01
 22 -0.00236  2.67135e-01 | 23 -0.01791  1.41803e-01 | 24 -0.00661 -8.62569e-02
 25 -0.00558 -9.23664e-02 | 26 -0.00764 -1.86001e-01 | 27 -0.04868  2.56008e-01
 28 -0.01850 -3.15103e-01 | 29  0.02009 -2.54680e-01 | 30 -0.02392 -3.44202e-02
 31  0.02978  8.70418e-01 | 32  0.00417  8.72914e-01 | 33  0.02484  9.54312e-02
 34 -0.00484  2.12769e-02 | 35  0.00756 -9.98293e-02 | 36 -0.03706  1.52334e-01
 37  0.01765 -1.64759e-01 | 38  0.01185 -3.02106e-02 | 39  0.02078  4.19676e-01
 40  0.01632 -2.36104e-01 | 41 -0.02634  6.85558e-01 | 42  0.05182 -1.56296e-01
 43  0.00642 -5.07021e-01 | 44 -0.00615 -4.38594e-01 | 45 -0.00068  1.99842e-02
 46  0.00102 -5.30801e-01 | 47  0.00808 -9.92761e-02 | 48  0.00535 -2.37083e-02
 49 -0.01978 -1.49689e-01 | 50 -0.03693 -4.84339e-02 | 51  0.04439 -2.82590e-02
 52  0.00224  3.11731e-01 | 53  0.02380 -5.52532e-01 | 54  0.01210 -7.04057e-03
 55  0.01565 -5.40289e-01 | 56  0.00054  3.28120e-02 | 57 -0.00625  1.56638e-01
 58 -0.02950  5.24006e-03 | 59  0.00162  2.59231e-02 | 60 -0.04902 -2.03719e-01
 61 -0.01472  1.27987e-01 | 62  0.04990  1.76615e-01 | 63 -0.00246 -1.82345e-02
 64 -0.02640  2.91784e-01 | 65  0.04505  5.20033e-01 | 66  0.01205 -2.10095e-02
 67  0.01230  2.50060e-01 | 68 -0.02746 -3.12592e-01 | 69 -0.01910  2.88359e-01
 70 -0.01242  3.47760e-01 | 71  0.01008 -2.89531e-01 | 72  0.00240  3.34396e-01
 73  0.03465  2.23709e-01 | 74 -0.01401 -2.46675e-02 | 75 -0.01005  6.90822e-01
 76  0.02138  2.61634e-02 | 77 -0.00810  1.61503e-01 | 78  0.01836  9.12209e-02
 79 -0.01177 -4.72104e-01 | 80  0.00354 -4.59952e-01 | 81  0.01783 -7.37559e-02
 82  0.00001  2.98939e-01 | 83  0.03940  1.79931e-01 | 84  0.01518  3.19499e-01
 85  0.01413 -3.35355e-01 | 86  0.01055  1.63040e-01 | 87 -0.02296  4.69377e-02
 88  0.00512 -1.95418e-01 | 89 -0.00320 -5.20561e-02 | 90 -0.00602 -4.74222e-01
 91  0.01428 -2.20774e-01 | 92 -0.00034 -4.94407e-02 | 93  0.02374 -1.21294e-01
 94 -0.03840 -2.30634e-01 | 95 -0.00845  6.09672e-01 | 96 -0.01462  5.23526e-01
 97 -0.05281 -5.18023e-01 | 98  0.00756 -9.80257e-01 | 99 -0.03697  9.99698e-02
100 -0.01324  2.05475e-01 |101  0.01296 -9.98934e-02 |102 -0.00073  9.41529e-02
103 -0.00024 -4.14807e-02 |104 -0.00024 -4.14233e-02 |105  0.78393 -3.58521e-01
106 -0.42151  1.98309e+00 |107  0.24487  2.00668e-01 |108 -0.24674 -5.52372e-01

Initial statistics: 110 variables; iteration 0; function evaluation 0; phase 5
Function value 2.1418677e+03; maximum gradient component mag -2.7318e+01
Var    Value     Gradient |Var    Value     Gradient |Var    Value     Gradient
  1 -0.47958  1.14488e+00 |  2 -0.42578  9.98274e+00 |  3 -0.38657  4.79107e+00
  4 -0.41222 -2.73185e+01 |  5 -0.41222  4.73322e+00 |  6  0.63271  3.14212e+00
  7 -0.01736 -4.07860e-02 |  8  0.00480  6.42157e-02 |  9 -0.00568 -8.96524e-02
 10  0.00879  1.79308e-01 | 11  0.00661  4.38809e-02 | 12  0.00214  2.53138e-01
 13  0.00980 -2.44624e-01 | 14  0.01209  6.43712e-02 | 15 -0.02717 -6.62574e-02
 16  0.02284 -1.47818e-01 | 17  0.00203  3.59429e-01 | 18 -0.01971 -1.99316e-01
 19  0.00368  3.24887e-01 | 20  0.03332 -4.55905e-01 | 21 -0.00951 -4.71434e-01
 22 -0.02809 -4.94926e-02 | 23 -0.00556  3.41324e-01 | 24 -0.00236  2.63551e-01
 25 -0.01791  1.38220e-01 | 26 -0.00661 -8.98415e-02 | 27 -0.00558 -9.59511e-02
 28 -0.00764 -1.89585e-01 | 29 -0.04868  2.52434e-01 | 30 -0.01850 -3.18686e-01
 31  0.02009 -2.58263e-01 | 32 -0.02392 -3.80025e-02 | 33  0.02978  8.66837e-01
 34  0.00417  8.69329e-01 | 35  0.02484  9.18491e-02 | 36 -0.00484  1.76922e-02
 37  0.00756 -1.03414e-01 | 38 -0.03706  1.48755e-01 | 39  0.01765 -1.68342e-01
 40  0.01185 -3.37948e-02 | 41  0.02078  4.16093e-01 | 42  0.01632 -2.39688e-01
 43 -0.02634  6.81977e-01 | 44  0.05182 -1.59869e-01 | 45  0.00642 -5.10606e-01
 46 -0.00615 -4.42179e-01 | 47 -0.00068  1.63994e-02 | 48  0.00102 -5.34385e-01
 49  0.00808 -1.02861e-01 | 50  0.00535 -2.72930e-02 | 51 -0.01978 -1.53272e-01
 52 -0.03693 -5.20127e-02 | 53  0.04439 -3.18351e-02 | 54  0.00224  3.08146e-01
 55  0.02380 -5.56114e-01 | 56  0.01210 -1.06247e-02 | 57  0.01565 -5.43873e-01
 58  0.00054  2.92272e-02 | 59 -0.00625  1.53053e-01 | 60 -0.02950  1.65909e-03
 61  0.00162  2.23383e-02 | 62 -0.04902 -2.07293e-01 | 63 -0.01472  1.24403e-01
 64  0.04989  1.73041e-01 | 65 -0.00246 -2.18193e-02 | 66 -0.02640  2.88202e-01
 67  0.04505  5.16457e-01 | 68  0.01205 -2.45937e-02 | 69  0.01230  2.46475e-01
 70 -0.02746 -3.16173e-01 | 71 -0.01910  2.84776e-01 | 72 -0.01242  3.44175e-01
 73  0.01008 -2.93116e-01 | 74  0.00240  3.30811e-01 | 75  0.03465  2.20130e-01
 76 -0.01401 -2.82514e-02 | 77 -0.01005  6.87237e-01 | 78  0.02138  2.25806e-02
 79 -0.00810  1.57918e-01 | 80  0.01836  8.76376e-02 | 81 -0.01177 -4.75688e-01
 82  0.00354 -4.63536e-01 | 83  0.01783 -7.73393e-02 | 84  0.00001  2.95354e-01
 85  0.03940  1.76353e-01 | 86  0.01518  3.15915e-01 | 87  0.01413 -3.38939e-01
 88  0.01055  1.59455e-01 | 89 -0.02296  4.33552e-02 | 90  0.00512 -1.99003e-01
 91 -0.00320 -5.56409e-02 | 92 -0.00602 -4.77807e-01 | 93  0.01428 -2.24358e-01
 94 -0.00034 -5.30255e-02 | 95  0.02374 -1.24877e-01 | 96 -0.03840 -2.34212e-01
 97 -0.00845  6.06088e-01 | 98 -0.01462  5.19942e-01 | 99 -0.05281 -5.21596e-01
100  0.00756 -9.83842e-01 |101 -0.03697  9.63910e-02 |102 -0.01324  2.01891e-01
103  0.01296 -1.03477e-01 |104 -0.00073  9.05681e-02 |105 -0.00024 -4.50655e-02
106 -0.00024 -4.50081e-02 |107  0.78393 -3.58521e-01 |108 -0.42151  1.98309e+00
109  0.24487  2.00668e-01 |110 -0.24674 -5.52372e-01 |

Intermediate statistics: 110 variables; iteration 20; function evaluation 25; phase 5
Function value 2.1411877e+03; maximum gradient component mag -5.4294e+01
Var    Value     Gradient |Var    Value     Gradient |Var    Value     Gradient
  1 -0.48922 -5.85799e+00 |  2 -0.42514  3.86731e+01 |  3 -0.38805  8.03363e+00
  4 -0.37037 -1.06896e+01 |  5 -0.42172 -6.16097e+00 |  6  0.63275  5.22769e+01
  7 -0.01755 -2.35203e-01 |  8  0.00473  8.08195e-03 |  9 -0.00577 -1.86172e-01
 10  0.00871  1.26406e-01 | 11  0.00649 -6.45974e-02 | 12  0.00204 -1.28984e+00
 13  0.00958 -1.99977e+00 | 14  0.01190 -1.58023e+00 | 15 -0.02735 -1.73497e+00
 16  0.02253 -2.05358e+00 | 17  0.00183 -1.16400e+00 | 18 -0.02000 -2.00032e+00
 19  0.00341 -1.23941e+00 | 20  0.03243 -5.62866e+00 | 21 -0.01016 -3.65762e+00
 22 -0.02850 -2.11759e+00 | 23 -0.00583 -8.89946e-01 | 24 -0.00261 -9.92862e-01
 25 -0.01811 -1.19616e+00 | 26 -0.00677 -1.91607e+00 | 27 -0.00578 -2.11301e+00
 28 -0.00795 -3.14407e+00 | 29 -0.04876 -5.19120e-01 | 30 -0.01902 -4.27131e+00
 31  0.02001 -8.10232e-01 | 32 -0.02414 -1.92681e+00 | 33  0.02973  1.09669e+00
 34  0.00458  7.00845e+00 | 35  0.02485  3.74381e-01 | 36 -0.00484 -7.04827e-01
 37  0.00731 -2.26203e+00 | 38 -0.03704 -3.60340e-01 | 39  0.01766 -9.01549e-01
 40  0.01173 -1.13742e+00 | 41  0.02095  3.30034e+00 | 42  0.01599 -3.14206e+00
 43 -0.02607  3.16376e+00 | 44  0.05189  1.49681e+00 | 45  0.00598 -4.99167e+00
 46 -0.00660 -3.90137e+00 | 47 -0.00090 -6.07105e-01 | 48  0.00084 -3.29992e+00
 49  0.00810  8.09109e-01 | 50  0.00526  7.01227e-01 | 51 -0.01991 -6.68501e-01
 52 -0.03684  1.00890e-01 | 53  0.04444  4.37391e+00 | 54  0.00253  5.14421e+00
 55  0.02374  1.45181e+00 | 56  0.01218  3.85839e+00 | 57  0.01560  1.45540e+00
 58  0.00066  3.75184e+00 | 59 -0.00614  4.00850e+00 | 60 -0.02970  4.93124e-01
 61  0.00164  2.84822e+00 | 62 -0.04908 -6.89935e-01 | 63 -0.01472  3.63013e+00
 64  0.05068  3.69985e+01 | 65 -0.00257  2.90187e+00 | 66 -0.02613  3.41407e+00
 67  0.04492 -7.92955e+00 | 68  0.01208  2.35693e+00 | 69  0.01243  5.39288e+00
 70 -0.02758 -1.40125e+00 | 71 -0.01899  1.79871e+00 | 72 -0.01241  1.33939e+00
 73  0.01017 -4.96901e-01 | 74  0.00252  3.10163e+00 | 75  0.03482  7.86858e+00
 76 -0.01404  3.48956e-01 | 77 -0.01002  5.43963e-01 | 78  0.02138 -5.86376e+00
 79 -0.00806 -9.90645e-01 | 80  0.01827 -2.36124e+00 | 81 -0.01166 -1.67309e+00
 82  0.00357 -1.92375e+00 | 83  0.01776 -2.76244e+00 | 84  0.00012  7.21463e-02
 85  0.03948 -3.31695e+00 | 86  0.01514 -3.98195e-01 | 87  0.01413 -3.81821e+00
 88  0.01057 -8.44794e-01 | 89 -0.02292 -8.94144e-01 | 90  0.00526 -9.30892e-01
 91 -0.00313 -1.18639e+00 | 92 -0.00576 -1.08607e+00 | 93  0.01437 -1.69324e+00
 94 -0.00009 -3.83264e-01 | 95  0.02394 -4.05192e+00 | 96 -0.03851 -3.00929e+00
 97 -0.00806  9.06965e-01 | 98 -0.01404  2.00916e+00 | 99 -0.05265 -3.38534e+00
100  0.00835 -1.67620e-01 |101 -0.03641  2.56454e-01 |102 -0.01218  1.81812e+00
103  0.01377 -2.71704e+00 |104 -0.00064 -1.35537e+00 |105 -0.00026 -1.57357e+00
106 -0.00026 -1.57350e+00 |107  0.77010  2.89514e+00 |108 -0.42420 -4.90946e+01
109  0.24224  1.48006e+01 |110 -0.24730 -5.42942e+01 |
110 variables; iteration 40; function evaluation 47; phase 5
Function value 2.1410952e+03; maximum gradient component mag 3.3962e+01
Var    Value     Gradient |Var    Value     Gradient |Var    Value     Gradient
  1 -0.49110  7.62069e-01 |  2 -0.42510  3.39615e+01 |  3 -0.38846  1.04603e+01
  4 -0.35737 -3.37891e-01 |  5 -0.42269  3.68381e-01 |  6  0.63259  1.14306e+01
  7 -0.01732  4.79644e-01 |  8  0.00470  5.39032e-02 |  9 -0.00574 -4.06033e-02
 10  0.00861  7.73221e-02 | 11  0.00658  2.48138e-01 | 12  0.00166 -5.92513e-01
 13  0.00977 -4.01161e-02 | 14  0.01144 -1.12996e+00 | 15 -0.02722  3.16314e-02
 16  0.02269  3.20977e-01 | 17  0.00175  3.40729e-01 | 18 -0.02065 -2.24549e+00
 19  0.00338  6.19192e-01 | 20  0.03327  2.48484e+00 | 21 -0.00999 -8.25762e-01
 22 -0.02836  4.17055e-01 | 23 -0.00621 -1.15748e+00 | 24 -0.00312 -2.77159e+00
 25 -0.01825 -4.64976e-01 | 26 -0.00672  8.86815e-02 | 27 -0.00569  5.16898e-01
 28 -0.00797 -1.43481e+00 | 29 -0.04826  4.77854e+00 | 30 -0.01917 -3.45077e+00
 31  0.01995 -4.69392e-01 | 32 -0.02435 -2.39275e+00 | 33  0.02973  2.54702e+00
 34  0.00394 -6.72387e-01 | 35  0.02485  1.67507e+00 | 36 -0.00460  3.46799e+00
 37  0.00715 -2.51838e+00 | 38 -0.03698  1.43184e+00 | 39  0.01760 -1.18155e+00
 40  0.01176  5.24796e-01 | 41  0.02078  8.28290e-01 | 42  0.01597 -2.66944e+00
 43 -0.02644  8.10755e-01 | 44  0.05196  1.48344e+00 | 45  0.00634  3.52145e-01
 46 -0.00660 -2.78053e+00 | 47 -0.00095 -3.36857e-01 | 48  0.00116  1.01118e-01
 49  0.00810 -1.00177e-01 | 50  0.00520 -4.85891e-01 | 51 -0.01986 -2.78459e-01
 52 -0.03698 -1.13678e+00 | 53  0.04449  2.21166e+00 | 54  0.00214 -1.60130e+00
 55  0.02380 -1.08595e-03 | 56  0.01210  3.15829e-01 | 57  0.01571  3.47764e-01
 58  0.00059 -9.82349e-02 | 59 -0.00626  4.33767e-02 | 60 -0.02970 -6.14538e-02
 61  0.00157 -1.46008e+00 | 62 -0.04915 -2.09251e+00 | 63 -0.01471  2.02886e+00
 64  0.05037  3.60251e+00 | 65 -0.00275 -3.44176e+00 | 66 -0.02626 -6.62826e-01
 67  0.04523  1.67255e-01 | 68  0.01221  2.39600e+00 | 69  0.01225 -2.44372e+00
 70 -0.02733  1.86890e+00 | 71 -0.01907 -4.34521e-01 | 72 -0.01246 -6.78196e-01
 73  0.01029  1.61336e-01 | 74  0.00263  3.61049e+00 | 75  0.03473  4.32284e-01
 76 -0.01386  2.95498e+00 | 77 -0.01022 -3.89330e+00 | 78  0.02164 -6.87814e-01
 79 -0.00804 -3.82595e-01 | 80  0.01830 -2.67042e+00 | 81 -0.01138  3.02084e+00
 82  0.00345 -6.35303e+00 | 83  0.01794  2.45159e+00 | 84  0.00006 -2.92575e+00
 85  0.03961 -2.34516e-01 | 86  0.01515 -8.20231e-01 | 87  0.01439  3.31178e+00
 88  0.01050 -3.03842e+00 | 89 -0.02284  1.75020e+00 | 90  0.00577  1.29071e+01
 91 -0.00291  5.05939e+00 | 92 -0.00564 -9.73082e-02 | 93  0.01430 -5.27043e+00
 94  0.00006  1.25283e+00 | 95  0.02409 -1.28376e+00 | 96 -0.03847 -1.77928e+00
 97 -0.00806 -5.46279e-02 | 98 -0.01398  8.95425e-01 | 99 -0.05188  4.95778e+00
100  0.00845 -1.79096e+00 |101 -0.03677 -1.75737e+00 |102 -0.01244 -2.52365e-01
103  0.01343 -2.35997e+00 |104 -0.00051  1.80758e-01 |105 -0.00032 -3.70822e-01
106 -0.00032 -3.70749e-01 |107  0.77268  9.60564e-01 |108 -0.42362 -6.01631e+00
109  0.24224  1.14051e+00 |110 -0.24704 -2.06185e+00 |
110 variables; iteration 60; function evaluation 73; phase 5
Function value 2.1410793e+03; maximum gradient component mag 4.9780e+00
Var    Value     Gradient |Var    Value     Gradient |Var    Value     Gradient
  1 -0.49131  1.21491e-01 |  2 -0.42511  4.97797e+00 |  3 -0.38848  1.55044e+00
  4 -0.35643 -7.84624e-02 |  5 -0.42271 -4.46642e-01 |  6  0.63260  1.27353e+00
  7 -0.01751  7.17659e-02 |  8  0.00470  3.55504e-02 |  9 -0.00569  2.51224e-02
 10  0.00858  3.92159e-03 | 11  0.00659  2.68226e-01 | 12  0.00161 -3.94926e-01
 13  0.00962 -9.96680e-02 | 14  0.01207  7.36820e-01 | 15 -0.02740 -5.72368e-02
 16  0.02266  5.13805e-01 | 17  0.00164  2.72116e-01 | 18 -0.02015 -4.65034e-01
 19  0.00317  4.35916e-02 | 20  0.03293  5.36858e-01 | 21 -0.00959  1.37466e+00
 22 -0.02854 -5.40029e-02 | 23 -0.00604  3.40798e-01 | 24 -0.00274  5.99715e-01
 25 -0.01826 -2.30885e-01 | 26 -0.00668  7.03117e-01 | 27 -0.00574  1.32867e-01
 28 -0.00789 -5.17071e-01 | 29 -0.04893  4.50309e-01 | 30 -0.01889 -3.77310e-01
 31  0.01999  6.65667e-01 | 32 -0.02417 -2.19065e-01 | 33  0.02965  1.12246e+00
 34  0.00386 -1.44816e+00 | 35  0.02480  9.83650e-01 | 36 -0.00498 -9.31525e-01
 37  0.00720 -1.51547e+00 | 38 -0.03715  4.71623e-01 | 39  0.01761 -6.47096e-01
 40  0.01169 -2.81775e-01 | 41  0.02066 -8.80189e-01 | 42  0.01615  2.98502e-01
 43 -0.02662 -4.40501e-01 | 44  0.05194  8.78108e-01 | 45  0.00624 -7.54117e-01
 46 -0.00644 -9.81290e-01 | 47 -0.00096 -2.83134e-01 | 48  0.00113 -1.93925e-01
 49  0.00811  3.41696e-02 | 50  0.00521 -2.79412e-01 | 51 -0.01983  1.60809e-01
 52 -0.03682  2.72232e-01 | 53  0.04444  6.10141e-01 | 54  0.00220 -8.07873e-01
 55  0.02379 -4.37539e-01 | 56  0.01211  3.01615e-01 | 57  0.01569 -2.69090e-01
 58  0.00062  4.11160e-01 | 59 -0.00621  8.00662e-01 | 60 -0.02972 -9.94803e-02
 61  0.00164 -2.33018e-01 | 62 -0.04913 -1.83270e+00 | 63 -0.01483 -6.14922e-01
 64  0.05033  2.29059e-01 | 65 -0.00260  2.42491e-02 | 66 -0.02621  2.12046e-01
 67  0.04525  1.39420e-01 | 68  0.01212 -2.66593e-01 | 69  0.01235  1.42034e-01
 70 -0.02746 -2.55824e-01 | 71 -0.01907 -4.13592e-01 | 72 -0.01242  1.10395e-01
 73  0.01028 -5.24590e-01 | 74  0.00255  1.34730e+00 | 75  0.03473 -1.03165e-01
 76 -0.01398  6.01953e-01 | 77 -0.01009 -1.18253e+00 | 78  0.02167  4.50186e-03
 79 -0.00801  3.76134e-01 | 80  0.01837 -3.49713e-01 | 81 -0.01150  6.35622e-01
 82  0.00368 -4.17556e-01 | 83  0.01787  1.00969e-01 | 84  0.00020  2.46063e-01
 85  0.03962 -2.46915e-02 | 86  0.01516 -6.37585e-01 | 87  0.01430  7.60633e-01
 88  0.01058 -1.07531e+00 | 89 -0.02288  8.26005e-01 | 90  0.00538  1.22974e+00
 91 -0.00304  1.25616e+00 | 92 -0.00562  4.79976e-01 | 93  0.01443 -7.92213e-01
 94  0.00002  3.50508e-01 | 95  0.02412 -1.80485e-01 | 96 -0.03841 -5.27802e-01
 97 -0.00805  2.22270e-01 | 98 -0.01407 -1.01503e+00 | 99 -0.05232  7.22196e-01
100  0.00851 -5.46949e-01 |101 -0.03654  3.04059e-01 |102 -0.01235  8.74205e-01
103  0.01387 -3.24114e-02 |104 -0.00095 -2.11008e-01 |105 -0.00028  4.25642e-03
106 -0.00028  4.21485e-03 |107  0.77286  2.04576e-01 |108 -0.42357 -2.08265e-01
109  0.24201 -1.25999e-01 |110 -0.24710  2.21555e-01 |
110 variables; iteration 80; function evaluation 102; phase 5
Function value 2.1410778e+03; maximum gradient component mag 6.3908e-01
Var    Value     Gradient |Var    Value     Gradient |Var    Value     Gradient
  1 -0.49137  4.14557e-02 |  2 -0.42513  6.39080e-01 |  3 -0.38846  2.20854e-01
  4 -0.35633 -5.59015e-03 |  5 -0.42259 -4.44265e-02 |  6  0.63258  1.25483e-01
  7 -0.01759 -1.08126e-01 |  8  0.00472  6.15371e-02 |  9 -0.00563  1.09743e-01
 10  0.00856 -3.05999e-02 | 11  0.00654  1.64042e-01 | 12  0.00186  1.16338e-01
 13  0.00970  1.03299e-01 | 14  0.01182  9.46474e-02 | 15 -0.02739 -1.69656e-02
 16  0.02253  3.72715e-02 | 17  0.00159  1.04427e-01 | 18 -0.02003 -1.13554e-01
 19  0.00312 -1.90174e-01 | 20  0.03288  1.06660e-01 | 21 -0.00983  2.10537e-01
 22 -0.02860 -3.59619e-01 | 23 -0.00605  2.26411e-01 | 24 -0.00281  1.91731e-02
 25 -0.01825 -1.40752e-01 | 26 -0.00673  2.34051e-01 | 27 -0.00577 -1.36937e-01
 28 -0.00786  4.40079e-02 | 29 -0.04899  1.53598e-01 | 30 -0.01887 -7.10593e-04
 31  0.01995 -4.44228e-02 | 32 -0.02414  1.79809e-02 | 33  0.02960  1.87529e-01
 34  0.00396 -1.44699e-01 | 35  0.02476  1.16842e-01 | 36 -0.00491 -5.13910e-02
 37  0.00730 -1.43765e-01 | 38 -0.03727 -4.50265e-01 | 39  0.01765 -6.43056e-02
 40  0.01171 -1.84727e-02 | 41  0.02071 -1.11983e-01 | 42  0.01614  8.59118e-02
 43 -0.02655  9.55609e-02 | 44  0.05191 -3.30501e-02 | 45  0.00630 -5.37999e-02
 46 -0.00637 -1.70377e-01 | 47 -0.00094  1.50682e-02 | 48  0.00115 -4.57167e-02
 49  0.00811  4.79046e-02 | 50  0.00523 -1.80599e-02 | 51 -0.01983  1.76189e-01
 52 -0.03687 -8.43967e-02 | 53  0.04442  4.62737e-02 | 54  0.00226 -6.23898e-02
 55  0.02381  6.33927e-03 | 56  0.01210  8.51896e-02 | 57  0.01570 -1.23454e-02
 58  0.00061  1.13924e-01 | 59 -0.00625  1.53659e-01 | 60 -0.02971  1.46803e-02
 61  0.00164 -8.17701e-02 | 62 -0.04897 -3.94257e-02 | 63 -0.01481 -5.92241e-02
 64  0.05033  1.03360e-02 | 65 -0.00260 -4.96359e-02 | 66 -0.02622  7.72927e-02
 67  0.04525  1.90729e-02 | 68  0.01214 -3.76639e-02 | 69  0.01235  2.98471e-02
 70 -0.02745  1.99389e-02 | 71 -0.01906 -1.40351e-01 | 72 -0.01242  9.09072e-02
 73  0.01030 -5.06994e-02 | 74  0.00252  1.38896e-01 | 75  0.03474  4.97846e-03
 76 -0.01400 -8.43492e-02 | 77 -0.01004 -1.62810e-01 | 78  0.02168  4.17913e-02
 79 -0.00803 -2.30874e-01 | 80  0.01839  2.39643e-03 | 81 -0.01152  1.17710e-01
 82  0.00370 -9.08284e-02 | 83  0.01787  4.62574e-02 | 84  0.00020  4.43216e-02
 85  0.03963  1.69459e-02 | 86  0.01519 -3.89164e-02 | 87  0.01428  9.79340e-02
 88  0.01062 -7.24947e-02 | 89 -0.02291  4.88567e-02 | 90  0.00535  1.45136e-01
 91 -0.00308  1.53311e-01 | 92 -0.00563  7.39774e-02 | 93  0.01446 -6.00858e-02
 94  0.00001 -1.16261e-01 | 95  0.02413  1.12501e-03 | 96 -0.03838 -8.49091e-02
 97 -0.00806  1.62018e-01 | 98 -0.01402 -1.97919e-01 | 99 -0.05239  1.30702e-01
100  0.00854 -4.85486e-02 |101 -0.03658  3.18426e-02 |102 -0.01245  1.11396e-01
103  0.01383 -1.47909e-01 |104 -0.00081  3.32530e-02 |105 -0.00029 -1.64647e-04
106 -0.00029 -1.72559e-04 |107  0.77284  1.36001e-02 |108 -0.42358  4.04621e-02
109  0.24196 -1.05765e-01 |110 -0.24711  5.67244e-02 |
110 variables; iteration 100; function evaluation 132; phase 5
Function value 2.1410777e+03; maximum gradient component mag 2.1510e-01
Var    Value     Gradient |Var    Value     Gradient |Var    Value     Gradient
  1 -0.49138  1.57152e-02 |  2 -0.42513  2.15097e-01 |  3 -0.38845  7.13586e-02
  4 -0.35631 -4.56123e-03 |  5 -0.42258 -2.53516e-02 |  6  0.63258  4.40404e-02
  7 -0.01755 -3.13759e-02 |  8  0.00473  7.45088e-02 |  9 -0.00569  1.88115e-02
 10  0.00856 -4.04333e-02 | 11  0.00649  5.21143e-02 | 12  0.00182  4.27871e-02
 13  0.00969  6.69823e-02 | 14  0.01179  3.43514e-02 | 15 -0.02738 -9.23429e-03
 16  0.02253  2.82896e-02 | 17  0.00155 -1.47021e-02 | 18 -0.02001 -4.77102e-02
 19  0.00315 -6.37988e-02 | 20  0.03287  3.65095e-02 | 21 -0.00986  6.88155e-02
 22 -0.02854 -6.72755e-02 | 23 -0.00607  6.55834e-02 | 24 -0.00281  1.68975e-03
 25 -0.01823  1.04827e-02 | 26 -0.00676  2.65025e-03 | 27 -0.00576 -2.06418e-03
 28 -0.00786  3.13120e-02 | 29 -0.04901  4.31510e-02 | 30 -0.01887 -6.19805e-02
 31  0.01995 -1.01432e-02 | 32 -0.02415 -1.65108e-02 | 33  0.02960  1.86791e-02
 34  0.00397 -2.89829e-02 | 35  0.02476  3.31992e-03 | 36 -0.00491 -2.66295e-02
 37  0.00730 -4.91302e-02 | 38 -0.03723 -1.34718e-01 | 39  0.01765 -5.32079e-02
 40  0.01171  2.68937e-02 | 41  0.02071 -5.78260e-02 | 42  0.01614  5.42411e-02
 43 -0.02656  1.43161e-02 | 44  0.05192  2.33000e-03 | 45  0.00629 -7.43595e-02
 46 -0.00636 -3.16715e-02 | 47 -0.00093  7.34525e-02 | 48  0.00115  1.71454e-02
 49  0.00811  4.56207e-02 | 50  0.00523 -1.89636e-02 | 51 -0.01983  1.63511e-01
 52 -0.03686 -3.75633e-02 | 53  0.04442  2.28269e-02 | 54  0.00226 -1.97321e-02
 55  0.02382  3.33100e-02 | 56  0.01209 -6.99248e-02 | 57  0.01570 -2.53888e-02
 58  0.00061  1.10198e-01 | 59 -0.00627 -5.96655e-02 | 60 -0.02971 -3.83318e-02
 61  0.00165  2.38695e-02 | 62 -0.04897 -1.15231e-02 | 63 -0.01480  2.44024e-03
 64  0.05033  2.54977e-03 | 65 -0.00260 -2.57949e-03 | 66 -0.02622  1.57066e-02
 67  0.04525  6.83269e-03 | 68  0.01214 -1.34935e-02 | 69  0.01235  1.57790e-02
 70 -0.02745 -4.71357e-02 | 71 -0.01906 -1.49484e-01 | 72 -0.01242  5.43117e-02
 73  0.01030 -2.02696e-02 | 74  0.00251  3.84677e-02 | 75  0.03474  1.48511e-03
 76 -0.01400 -5.32901e-02 | 77 -0.01003 -9.82503e-03 | 78  0.02168  6.15657e-03
 79 -0.00802 -2.07412e-02 | 80  0.01839 -1.34659e-02 | 81 -0.01151  1.24277e-01
 82  0.00370 -4.31176e-02 | 83  0.01787  1.39052e-02 | 84  0.00020  6.73834e-03
 85  0.03963  3.22863e-03 | 86  0.01519 -1.79997e-02 | 87  0.01428  2.60413e-02
 88  0.01062 -3.74763e-02 | 89 -0.02291  1.25084e-01 | 90  0.00535  3.14579e-02
 91 -0.00308  4.52727e-02 | 92 -0.00563  1.67406e-02 | 93  0.01446 -2.21573e-02
 94  0.00001 -4.31983e-02 | 95  0.02413 -1.23974e-05 | 96 -0.03838 -9.40246e-02
 97 -0.00806  1.52297e-02 | 98 -0.01401 -1.96697e-02 | 99 -0.05240  3.44386e-02
100  0.00854 -4.46085e-02 |101 -0.03658  3.69043e-02 |102 -0.01246  3.84534e-02
103  0.01386 -3.76154e-02 |104 -0.00083  9.10767e-03 |105 -0.00029  4.11088e-03
106 -0.00029  4.09326e-03 |107  0.77284  8.05649e-03 |108 -0.42359  1.52091e-02
109  0.24197 -6.40796e-02 |110 -0.24711  1.33434e-02 |

 - final statistics:
110 variables; iteration 118; function evaluation 160
Function value 2.1411e+03; maximum gradient component mag 2.0458e-06
Exit code = 1;  converg criter 1.0000e-04
Var    Value     Gradient |Var    Value     Gradient |Var    Value     Gradient
  1 -0.49139  2.51905e-07 |  2 -0.42513  2.04583e-06 |  3 -0.38845  9.64215e-07
  4 -0.35631  4.37278e-08 |  5 -0.42257  1.54674e-07 |  6  0.63258  1.07981e-07
  7 -0.01753  2.02107e-08 |  8  0.00469 -5.59374e-10 |  9 -0.00570 -1.21231e-09
 10  0.00858  9.61111e-09 | 11  0.00646 -3.64228e-10 | 12  0.00180 -2.62328e-09
 13  0.00966  6.42271e-10 | 14  0.01178 -1.91598e-09 | 15 -0.02738  2.29811e-08
 16  0.02252  1.50048e-09 | 17  0.00156 -3.60349e-09 | 18 -0.01999  3.89894e-09
 19  0.00317 -4.76746e-10 | 20  0.03287  1.10518e-08 | 21 -0.00987  8.70780e-09
 22 -0.02852  4.89659e-09 | 23 -0.00608 -8.47100e-09 | 24 -0.00281 -1.33469e-08
 25 -0.01824 -1.10856e-08 | 26 -0.00676 -2.32637e-08 | 27 -0.00576 -3.00657e-08
 28 -0.00786 -3.05097e-08 | 29 -0.04902 -1.69890e-08 | 30 -0.01887 -2.86848e-09
 31  0.01995 -2.26444e-08 | 32 -0.02414  1.48865e-08 | 33  0.02960 -1.97608e-08
 34  0.00397 -9.89138e-09 | 35  0.02476 -1.78776e-08 | 36 -0.00490 -9.15566e-09
 37  0.00731  3.58105e-09 | 38 -0.03721 -8.22219e-09 | 39  0.01766 -6.08294e-11
 40  0.01171 -2.00756e-08 | 41  0.02072 -6.62337e-09 | 42  0.01614 -3.24580e-09
 43 -0.02656 -1.28710e-08 | 44  0.05192 -1.09568e-08 | 45  0.00630 -1.90297e-09
 46 -0.00636 -1.04724e-08 | 47 -0.00094  2.11245e-09 | 48  0.00115 -5.56479e-09
 49  0.00811  3.13472e-08 | 50  0.00523  1.15210e-08 | 51 -0.01984 -4.28885e-09
 52 -0.03685 -2.32879e-09 | 53  0.04442  4.83298e-09 | 54  0.00226  2.55915e-09
 55  0.02381  1.76620e-09 | 56  0.01209 -4.16159e-09 | 57  0.01570  4.71547e-10
 58  0.00060 -2.91974e-09 | 59 -0.00626  1.29239e-09 | 60 -0.02971 -5.02883e-09
 61  0.00165  6.22001e-09 | 62 -0.04897  2.73631e-09 | 63 -0.01480  6.29053e-09
 64  0.05033 -1.19402e-08 | 65 -0.00259  6.63010e-09 | 66 -0.02622  7.75189e-09
 67  0.04525  3.71934e-08 | 68  0.01214  4.61553e-09 | 69  0.01235  7.07495e-09
 70 -0.02745 -3.07189e-09 | 71 -0.01905  6.44925e-09 | 72 -0.01243  1.07492e-08
 73  0.01030  6.01575e-09 | 74  0.00251  8.18728e-09 | 75  0.03474  5.84285e-09
 76 -0.01400 -4.35666e-09 | 77 -0.01003  1.88835e-08 | 78  0.02168  2.00385e-08
 79 -0.00802  8.57383e-09 | 80  0.01839  5.33445e-09 | 81 -0.01152 -3.67376e-09
 82  0.00371  1.26953e-08 | 83  0.01787  1.01320e-08 | 84  0.00020  1.15462e-08
 85  0.03963  3.49344e-08 | 86  0.01519  4.89436e-09 | 87  0.01428  6.04649e-10
 88  0.01062  9.64519e-09 | 89 -0.02292 -1.35227e-09 | 90  0.00535 -1.73044e-08
 91 -0.00308 -5.82129e-09 | 92 -0.00563  2.19112e-10 | 93  0.01446  6.39749e-09
 94  0.00001  3.37977e-09 | 95  0.02413  1.40292e-08 | 96 -0.03837 -2.18179e-09
 97 -0.00806  6.99639e-09 | 98 -0.01401  1.09461e-09 | 99 -0.05240 -8.00228e-09
100  0.00854  4.31319e-09 |101 -0.03658 -2.70612e-09 |102 -0.01247 -1.06934e-08
103  0.01387 -2.07425e-10 |104 -0.00084 -4.95770e-09 |105 -0.00030 -2.16404e-09
106 -0.00030 -3.99545e-09 |107  0.77283 -2.66026e-07 |108 -0.42359  1.41688e-06
109  0.24200 -6.93405e-08 |110 -0.24710  2.23243e-07 |

 - final statistics:
122 variables; iteration 0; function evaluation 0
Function value 2.1411e+03; maximum gradient component mag 2.0457e-06
Exit code = 0;  converg criter 1.0000e-04
Var    Value     Gradient |Var    Value     Gradient |Var    Value     Gradient
  1 -0.49139  2.51913e-07 |  2 -0.42513  2.04569e-06 |  3 -0.38845  9.64198e-07
  4 -0.35631  4.37289e-08 |  5 -0.42257  1.54672e-07 |  6  0.63258  1.07770e-07
  7 -0.01753  2.02104e-08 |  8  0.00469 -5.59482e-10 |  9 -0.00570 -1.21241e-09
 10  0.00858  9.61095e-09 | 11  0.00646 -3.64386e-10 | 12  0.00180 -2.74055e-09
 13  0.00966  5.24895e-10 | 14  0.01178 -2.03342e-09 | 15 -0.02738  2.28639e-08
 16  0.02252  1.38278e-09 | 17  0.00156 -3.72115e-09 | 18 -0.01999  3.78142e-09
 19  0.00317 -5.94257e-10 | 20  0.03287  1.09331e-08 | 21 -0.00987  8.58965e-09
 22 -0.02852  4.77866e-09 | 23 -0.00608 -8.58978e-09 | 24 -0.00281 -1.34662e-08
 25 -0.01824 -1.12047e-08 | 26 -0.00676 -2.33836e-08 | 27 -0.00576 -3.01855e-08
 28 -0.00786 -3.06296e-08 | 29 -0.04902 -1.71070e-08 | 30 -0.01887 -2.98774e-09
 31  0.01995 -2.27661e-08 | 32 -0.02414  1.47672e-08 | 33  0.02960 -1.98829e-08
 34  0.00397 -1.00105e-08 | 35  0.02476 -1.79997e-08 | 36 -0.00490 -9.27629e-09
 37  0.00731  3.45950e-09 | 38 -0.03721 -8.34133e-09 | 39  0.01766 -1.83095e-10
 40  0.01171 -2.01976e-08 | 41  0.02072 -6.74507e-09 | 42  0.01614 -3.36883e-09
 43 -0.02656 -1.29912e-08 | 44  0.05192 -1.10845e-08 | 45  0.00630 -2.02560e-09
 46 -0.00636 -1.05947e-08 | 47 -0.00094  1.98891e-09 | 48  0.00115 -5.68845e-09
 49  0.00811  3.12226e-08 | 50  0.00523  1.13962e-08 | 51 -0.01984 -4.41134e-09
 52 -0.03685 -2.44993e-09 | 53  0.04442  4.70032e-09 | 54  0.00226  2.43324e-09
 55  0.02381  1.63554e-09 | 56  0.01209 -4.29048e-09 | 57  0.01570  3.38602e-10
 58  0.00060 -3.05029e-09 | 59 -0.00626  1.16424e-09 | 60 -0.02971 -5.15363e-09
 61  0.00165  6.08950e-09 | 62 -0.04897  2.61374e-09 | 63 -0.01480  6.16345e-09
 64  0.05033 -1.20864e-08 | 65 -0.00259  6.50146e-09 | 66 -0.02622  7.62697e-09
 67  0.04525  3.70529e-08 | 68  0.01214  4.48301e-09 | 69  0.01235  6.94370e-09
 70 -0.02745 -3.19687e-09 | 71 -0.01905  6.32356e-09 | 72 -0.01243  1.06220e-08
 73  0.01030  5.88481e-09 | 74  0.00251  8.05832e-09 | 75  0.03474  5.70113e-09
 76 -0.01400 -4.48264e-09 | 77 -0.01003  1.87582e-08 | 78  0.02168  1.99084e-08
 79 -0.00802  8.44804e-09 | 80  0.01839  5.20481e-09 | 81 -0.01152 -3.79770e-09
 82  0.00371  1.25698e-08 | 83  0.01787  1.00059e-08 | 84  0.00020  1.14217e-08
 85  0.03963  3.48031e-08 | 86  0.01519  4.76824e-09 | 87  0.01428  4.78622e-10
 88  0.01062  9.51933e-09 | 89 -0.02292 -1.47387e-09 | 90  0.00535 -1.74275e-08
 91 -0.00308 -5.94218e-09 | 92 -0.00563  9.84402e-11 | 93  0.01446  6.28111e-09
 94  0.00001  3.25925e-09 | 95  0.02413  1.39088e-08 | 96 -0.03837 -2.29942e-09
 97 -0.00806  6.87809e-09 | 98 -0.01401  9.77506e-10 | 99 -0.05240 -8.11813e-09
100  0.00854  4.19782e-09 |101 -0.03658 -2.82202e-09 |102 -0.01247 -1.08090e-08
103  0.01387 -3.23093e-10 |104 -0.00084 -5.07473e-09 |105 -0.00030 -2.28110e-09
106 -0.00030 -4.11250e-09 |107  0.00000  0.00000e+00 |108  0.00000  0.00000e+00
109  0.00000  0.00000e+00 |110  0.00000  0.00000e+00 |111  0.00000  0.00000e+00
112  0.00000  0.00000e+00 |113  0.00000  0.00000e+00 |114  0.00000  0.00000e+00
115  0.00000  0.00000e+00 |116  0.00000  0.00000e+00 |117  0.00000  0.00000e+00
118  0.00000  0.00000e+00 |119  0.77283 -2.66055e-07 |120 -0.42359  1.41700e-06
121  0.24200 -6.93530e-08 |122 -0.24710  2.23282e-07 |
size of file gradfil1.tmp = 0
size of file gradfil2.tmp = 0
size of file varssave.tmp = 0
size of file cmpdiff.tmp = 0
