
Initial statistics: 1 variables; iteration 0; function evaluation 0; phase 1
Function value 2.8687439e+03; maximum gradient component mag -1.4291e+04
Var    Value     Gradient |Var    Value     Gradient |Var    Value     Gradient
  1  0.63197 -1.42913e+04 |

 - final statistics:
1 variables; iteration 7; function evaluation 10
Function value 2.7409e+03; maximum gradient component mag -1.0455e-01
Exit code = 1;  converg criter 1.0000e+01
Var    Value     Gradient |Var    Value     Gradient |Var    Value     Gradient
  1  0.65352 -1.04547e-01 |

Initial statistics: 98 variables; iteration 0; function evaluation 0; phase 2
Function value 2.7408844e+03; maximum gradient component mag -2.2534e+03
Var    Value     Gradient |Var    Value     Gradient |Var    Value     Gradient
  1  0.65352 -1.04547e-01 |  2  0.00000  2.10476e+01 |  3  0.00000 -3.14929e+00
  4  0.00000 -2.57630e+01 |  5  0.00000  4.78174e+01 |  6  0.00000 -2.98513e+01
  7  0.00000  2.18207e+01 |  8  0.00000  1.28603e+02 |  9  0.00000  1.28298e+02
 10  0.00000  8.44244e+01 | 11  0.00000 -1.08698e+02 | 12  0.00000 -6.90733e+01
 13  0.00000  8.83915e+01 | 14  0.00000  1.63167e+02 | 15  0.00000 -4.69817e+01
 16  0.00000 -6.29306e+02 | 17  0.00000  5.13975e+02 | 18  0.00000  1.08439e+02
 19  0.00000  1.07114e+02 | 20  0.00000  2.04636e+02 | 21  0.00000  3.15183e+02
 22  0.00000  4.86512e+02 | 23  0.00000  2.27365e+02 | 24  0.00000  2.67009e+02
 25  0.00000 -2.01188e+02 | 26  0.00000  3.17731e+02 | 27  0.00000 -5.16448e+02
 28  0.00000  2.37163e+02 | 29  0.00000  3.50404e+02 | 30  0.00000 -2.29033e+02
 31  0.00000  6.29396e+02 | 32  0.00000  1.55438e+02 | 33  0.00000  2.34691e+02
 34  0.00000 -1.66198e+03 | 35  0.00000  4.75078e+02 | 36  0.00000  3.24673e+00
 37  0.00000  4.43145e+02 | 38  0.00000 -1.72812e+02 | 39  0.00000  3.99028e+02
 40  0.00000  4.07433e+01 | 41  0.00000  1.67644e+02 | 42  0.00000 -1.84985e+02
 43  0.00000 -8.10024e+02 | 44  0.00000  1.63396e+02 | 45  0.00000  4.98559e+02
 46  0.00000  1.44391e+02 | 47  0.00000  4.70377e+02 | 48  0.00000  1.77021e+02
 49  0.00000  4.87886e+02 | 50  0.00000  4.56849e+02 | 51  0.00000  5.68420e+02
 52  0.00000  9.81664e+01 | 53  0.00000 -6.24868e+02 | 54  0.00000  9.23475e+01
 55  0.00000  5.97414e+01 | 56  0.00000 -7.81191e+02 | 57  0.00000 -5.40159e+01
 58  0.00000  6.12902e+02 | 59  0.00000  8.37904e+02 | 60  0.00000  6.84839e+02
 61  0.00000  1.63552e+02 | 62  0.00000 -7.25920e+02 | 63  0.00000 -1.56011e+03
 64  0.00000  6.34148e+01 | 65  0.00000  6.18772e+02 | 66  0.00000 -6.33021e+02
 67  0.00000 -1.29429e+01 | 68  0.00000 -9.59306e+02 | 69  0.00000  6.03098e+02
 70  0.00000  6.45094e+02 | 71  0.00000  2.37640e+02 | 72  0.00000 -2.33621e+02
 73  0.00000  7.97009e+02 | 74  0.00000  3.71345e+02 | 75  0.00000 -2.25341e+03
 76  0.00000 -1.18432e+03 | 77  0.00000 -2.24667e+02 | 78  0.00000  3.14915e+02
 79  0.00000  1.93100e+02 | 80  0.00000  1.08780e+02 | 81  0.00000  2.26055e+02
 82  0.00000 -1.18267e+02 | 83  0.00000 -1.46970e+03 | 84  0.00000 -1.84125e+02
 85  0.00000 -2.01026e+01 | 86  0.00000 -4.35752e+02 | 87  0.00000  3.26014e+02
 88  0.00000 -4.92993e+02 | 89  0.00000 -6.43916e+01 | 90  0.00000  1.92403e+02
 91  0.00000  2.95413e+02 | 92  0.00000 -2.97514e+01 | 93  0.00000 -1.09399e+02
 94  0.00000 -2.36488e+01 | 95  0.00000  3.94895e+00 | 96  0.00000  3.94886e+00
 97  0.81654  5.23024e+01 | 98  0.22185 -2.64909e+01 |

Intermediate statistics: 98 variables; iteration 20; function evaluation 31; phase 2
Function value 2.4360223e+03; maximum gradient component mag -1.4365e+03
Var    Value     Gradient |Var    Value     Gradient |Var    Value     Gradient
  1  0.64775 -1.85454e+01 |  2 -0.00942  2.14065e+00 |  3 -0.00068 -4.96481e+00
  4 -0.00019 -2.68741e+01 |  5 -0.00972  2.36796e+01 |  6  0.00330 -2.21548e+01
  7 -0.00910 -6.24840e+00 |  8 -0.02757  4.17109e+01 |  9 -0.03838 -1.45092e+00
 10 -0.02207 -5.79760e+00 | 11  0.01070 -5.03699e+01 | 12  0.01051  3.66247e-01
 13 -0.00388  6.55269e+01 | 14 -0.02141  1.45176e+01 | 15 -0.00060 -4.00337e+01
 16  0.01970 -3.49214e+02 | 17 -0.02278  2.73338e+02 | 18 -0.00791  2.23232e+01
 19 -0.00612  4.56409e+01 | 20 -0.00758  1.23674e+02 | 21 -0.00919  2.09683e+02
 22 -0.01326  3.11475e+02 | 23 -0.00861  1.27272e+02 | 24 -0.01093  1.36697e+02
 25  0.00136 -1.61640e+02 | 26 -0.01275  1.64002e+02 | 27  0.00737 -3.91068e+02
 28 -0.00660  1.45771e+02 | 29 -0.00805  2.29654e+02 | 30  0.00456 -1.72191e+02
 31 -0.01657  3.91427e+02 | 32 -0.00305  8.86553e+01 | 33 -0.00816  1.21710e+02
 34  0.03442 -1.13931e+03 | 35 -0.01281  2.78612e+02 | 36  0.00537  1.88945e+01
 37 -0.01081  2.41097e+02 | 38  0.00752 -1.26545e+02 | 39 -0.00744  2.30194e+02
 40  0.00444  3.37377e+01 | 41 -0.00296  6.04282e+01 | 42  0.00522 -1.74547e+02
 43  0.01729 -6.13034e+02 | 44 -0.00256  4.97506e+01 | 45 -0.00758  2.99638e+02
 46  0.00156  7.73189e+01 | 47 -0.00431  3.06695e+02 | 48 -0.00168  5.19228e+01
 49 -0.00542  2.86646e+02 | 50 -0.00399  2.73587e+02 | 51 -0.00470  3.65004e+02
 52 -0.00138 -3.27072e+01 | 53  0.00355 -6.29867e+02 | 54 -0.00147 -2.60869e+01
 55 -0.00042 -2.27493e+01 | 56  0.00705 -6.48446e+02 | 57  0.00119 -8.44503e+01
 58 -0.00408  4.27676e+02 | 59 -0.00575  6.07128e+02 | 60 -0.00449  5.00794e+02
 61 -0.00032  1.26078e+02 | 62  0.00781 -5.13304e+02 | 63  0.01468 -1.17292e+03
 64  0.00148  9.42630e+01 | 65 -0.00300  5.22425e+02 | 66  0.00704 -4.47277e+02
 67  0.00303  8.74806e+01 | 68  0.01358 -5.28188e+02 | 69 -0.00111  5.86664e+02
 70 -0.00149  6.08977e+02 | 71  0.00143  2.88351e+02 | 72  0.00358 -1.22959e+02
 73 -0.00373  7.23918e+02 | 74 -0.00082  4.32324e+02 | 75  0.02627 -1.43647e+03
 76  0.01508 -6.92305e+02 | 77  0.00589 -2.50386e+01 | 78  0.00029  3.43745e+02
 79  0.00089  2.22588e+02 | 80  0.00234  1.73199e+02 | 81  0.00090  2.62368e+02
 82  0.00384  1.07715e+01 | 83  0.01793 -9.92627e+02 | 84  0.00365 -8.03211e+01
 85  0.00229  1.75060e+01 | 86  0.00768 -2.93495e+02 | 87 -0.00269  2.41864e+02
 88  0.00807 -3.82097e+02 | 89  0.00418 -4.31976e+01 | 90 -0.00043  1.22637e+02
 91 -0.00552  1.77219e+02 | 92  0.00394 -1.86034e+01 | 93  0.03297  2.25646e+01
 94  0.06025  7.50448e+01 | 95 -0.00127  3.38342e+00 | 96 -0.00127  3.38357e+00
 97  0.82106 -4.25958e-01 | 98  0.22375 -8.70107e+01 |
98 variables; iteration 40; function evaluation 58; phase 2
Function value 2.2344013e+03; maximum gradient component mag 1.1522e+03
Var    Value     Gradient |Var    Value     Gradient |Var    Value     Gradient
  1  0.63729  1.15222e+03 |  2 -0.06669 -1.39575e+02 |  3 -0.01399 -7.08512e+01
  4  0.03843  3.34554e+01 |  5 -0.05178 -1.02721e+02 |  6  0.02799  1.47568e+01
  7  0.00526 -1.77575e+00 |  8 -0.04213 -3.53308e+01 |  9  0.00723  1.17225e+02
 10 -0.03260 -8.11323e+01 | 11  0.01215 -8.16962e+01 | 12 -0.00169 -1.17904e+02
 13 -0.04222 -1.83190e+02 | 14  0.00273  1.53824e+02 | 15  0.00744  9.21918e-01
 16  0.03810 -8.10599e+01 | 17 -0.05224 -1.09493e+01 | 18 -0.01042 -6.73012e+01
 19 -0.00617 -1.50103e+01 | 20 -0.01078  1.82936e+01 | 21 -0.01633  4.66435e+01
 22 -0.03082  3.57826e+01 | 23 -0.01449 -4.71975e+00 | 24 -0.01917 -1.09932e+01
 25  0.00988 -6.63591e+01 | 26 -0.01923  5.12519e+01 | 27  0.02293 -1.51183e+02
 28 -0.01127  3.01842e+01 | 29 -0.01700  5.48672e+01 | 30  0.01583 -5.88510e+01
 31 -0.03511  1.41137e+02 | 32 -0.00162  3.51205e+01 | 33 -0.00962  5.89000e+01
 34  0.07140 -2.15793e+02 | 35 -0.01802  1.62704e+02 | 36  0.00963 -9.23644e+00
 37 -0.01328  1.38387e+02 | 38  0.01867 -3.34670e+01 | 39 -0.01478  6.71465e+01
 40  0.00804  8.04210e+00 | 41 -0.00345 -7.22192e+00 | 42  0.01337 -9.65838e+01
 43  0.03768 -2.44356e+02 | 44 -0.00178  1.40650e+01 | 45 -0.02424  4.33352e+01
 46  0.00799  1.23323e+02 | 47 -0.01171  1.37007e+02 | 48 -0.00117 -4.78122e+00
 49 -0.01679  2.66400e+01 | 50 -0.01087  6.84263e+01 | 51 -0.01142  1.63100e+02
 52  0.00604  8.29996e+01 | 53  0.02528 -2.82742e+01 | 54 -0.00079 -5.69243e+01
 55  0.00331  1.66855e+01 | 56  0.02510 -9.73869e+01 | 57  0.01036  1.14485e+02
 58 -0.00988  1.76804e+02 | 59 -0.01906  1.76549e+02 | 60 -0.01385  1.48018e+02
 61 -0.00041  4.19413e+01 | 62  0.01871 -2.02787e+02 | 63  0.03936 -3.07245e+02
 64  0.00524  1.43555e+02 | 65 -0.01362  2.11131e+02 | 66  0.01749 -2.16847e+02
 67  0.00047 -3.79106e+01 | 68  0.02818 -6.81754e+01 | 69 -0.01217  2.32137e+02
 70 -0.01077  2.75452e+02 | 71 -0.00072  1.40150e+02 | 72  0.01178  1.25632e+01
 73 -0.01866  3.04176e+02 | 74 -0.01361  9.84299e+01 | 75  0.05370 -3.29022e+02
 76  0.03065 -2.17174e+02 | 77  0.01333  9.46776e+01 | 78 -0.00485  1.23012e+02
 79 -0.00050  6.63419e+01 | 80  0.00279  5.49808e+01 | 81 -0.00402  4.27198e+01
 82  0.00794  2.39062e+01 | 83  0.03944 -3.83471e+02 | 84  0.01021 -1.38642e+01
 85  0.00685  4.31826e+00 | 86  0.02316 -3.91289e+01 | 87 -0.01223 -2.02966e+01
 88  0.02728 -9.10625e+01 | 89  0.01296 -1.38549e+01 | 90 -0.00204 -2.37016e+01
 91 -0.00908  4.32685e+01 | 92  0.01921  1.71187e+01 | 93  0.03387 -3.33775e+01
 94 -0.02597 -1.02503e+02 | 95 -0.01007 -4.85815e+01 | 96 -0.01007 -4.85830e+01
 97  0.83145  9.15429e+01 | 98  0.22594 -2.12254e+01 |
98 variables; iteration 60; function evaluation 85; phase 2
Function value 2.1947218e+03; maximum gradient component mag 1.4896e+03
Var    Value     Gradient |Var    Value     Gradient |Var    Value     Gradient
  1  0.63991  1.48957e+03 |  2  0.00856 -7.57425e+00 |  3  0.02507  9.25778e+00
  4  0.01813 -2.69616e+01 |  5 -0.02235 -5.05282e+01 |  6  0.00665 -5.58199e+01
  7 -0.00461 -3.66924e+01 |  8 -0.04511 -5.00274e+01 |  9 -0.03522 -3.69063e+01
 10 -0.01754 -3.08843e+01 | 11  0.02128 -1.77920e+01 | 12  0.01806  2.24960e+01
 13 -0.00368  3.08241e+01 | 14 -0.02169 -2.61733e+01 | 15 -0.00233 -9.27571e+01
 16  0.03769 -7.08283e+01 | 17 -0.05845 -5.47378e+01 | 18 -0.00434  1.59874e+01
 19 -0.00910 -5.23084e+01 | 20 -0.01314 -1.35556e+01 | 21 -0.02154 -2.35078e+01
 22 -0.03617 -2.43182e+01 | 23 -0.01431 -1.11318e+00 | 24 -0.02061 -2.51854e+01
 25  0.01056 -4.11694e+01 | 26 -0.01997  4.87367e+01 | 27  0.02596 -6.45816e+01
 28 -0.01403  1.34939e+00 | 29 -0.02236 -3.96581e+00 | 30  0.01751 -1.96347e+01
 31 -0.05806 -3.62515e+01 | 32 -0.00440 -3.26388e-01 | 33 -0.02257 -6.85395e+01
 34  0.07627  1.70767e+01 | 35 -0.03537  7.99409e+00 | 36  0.01164  2.57756e+01
 37 -0.03061 -3.34930e+01 | 38  0.01699 -6.06333e+01 | 39 -0.02195 -1.16470e+01
 40  0.00770  5.11268e+00 | 41 -0.00224  1.29448e+01 | 42  0.01852  7.09182e+00
 43  0.04789  4.35028e+01 | 44 -0.00387 -1.12460e+01 | 45 -0.03006 -2.26870e+01
 46  0.00339  4.05356e+01 | 47 -0.02372 -2.44466e+01 | 48  0.00016  2.43507e+01
 49 -0.02170 -4.24525e+01 | 50 -0.01270  4.17648e+01 | 51 -0.01872  4.30608e+01
 52  0.00638  1.07132e+02 | 53  0.02387 -3.83166e+01 | 54  0.00133  2.58939e+01
 55  0.00108 -1.10168e+01 | 56  0.03112  1.94054e+02 | 57  0.00373 -5.81157e+01
 58 -0.01376  8.71599e+01 | 59 -0.02619  3.14704e+01 | 60 -0.02077 -1.52838e+00
 61 -0.00178  2.99793e+01 | 62  0.02413  4.82270e+01 | 63  0.04577  6.14192e+01
 64  0.00035  4.10976e+01 | 65 -0.02278  4.38477e+01 | 66  0.01951 -1.11435e+02
 67  0.00230  4.71444e+01 | 68  0.02970  5.38956e+01 | 69 -0.01892  9.73078e+01
 70 -0.02220  3.53471e+01 | 71 -0.00365  7.69119e+01 | 72  0.01234  4.70676e+01
 73 -0.03254  6.35059e+01 | 74 -0.01952  3.02561e+00 | 75  0.06040  1.33627e+02
 76  0.03538  1.67904e+01 | 77  0.00873 -1.27592e+01 | 78 -0.00987  1.78653e+01
 79 -0.00302  7.17633e+00 | 80 -0.00010 -1.20951e+01 | 81 -0.00616  2.92683e+00
 82  0.00742  3.62201e+01 | 83  0.04860  3.66926e+01 | 84  0.00718 -7.49464e+01
 85  0.00598 -1.87032e+01 | 86  0.02683  6.82812e+01 | 87 -0.01331 -4.13301e+01
 88  0.02959 -3.84254e+01 | 89  0.01411 -6.72835e+00 | 90 -0.00148 -3.94214e+01
 91 -0.01938 -6.12529e+01 | 92  0.01873 -6.33629e+00 | 93  0.03885 -2.51648e+01
 94  0.01638 -4.68472e+01 | 95  0.00822 -3.16177e+01 | 96  0.00822 -3.16164e+01
 97  0.83598  1.35560e+02 | 98  0.22820  1.26904e+01 |
Maximum number of function evaluations exceeded

 - final statistics:
98 variables; iteration 69; function evaluation 100
Function value 2.1879e+03; maximum gradient component mag 6.2399e+02
Exit code = 3;  converg criter 1.0000e+01
Var    Value     Gradient |Var    Value     Gradient |Var    Value     Gradient
  1  0.63634  6.23985e+02 |  2 -0.00167 -6.22035e+00 |  3  0.00848 -8.81861e+00
  4  0.01816 -6.87228e+00 |  5 -0.01823 -1.93997e+01 |  6  0.01198 -2.16102e+01
  7 -0.00928 -3.10650e+01 |  8 -0.04196 -2.07002e+01 |  9 -0.03290 -1.01996e+01
 10 -0.01842 -1.75448e+01 | 11  0.02460  1.04862e+01 | 12  0.01300 -9.89427e+00
 13 -0.00995 -1.20499e+00 | 14 -0.02040 -6.22678e+00 | 15  0.00210 -4.40164e+01
 16  0.04169 -3.59189e+00 | 17 -0.05745 -3.14334e+01 | 18 -0.00581  1.21613e+00
 19 -0.00630 -9.92326e+00 | 20 -0.01404 -2.14618e+01 | 21 -0.02201 -2.38420e+01
 22 -0.03649 -1.79213e+01 | 23 -0.01519 -6.88147e+00 | 24 -0.01949 -4.71943e+00
 25  0.01185 -2.31380e+01 | 26 -0.02383  1.48814e+01 | 27  0.02860 -2.12533e+01
 28 -0.01501 -6.50332e+00 | 29 -0.02438 -1.89085e+01 | 30  0.01952  9.89074e+00
 31 -0.05380  7.02488e+00 | 32 -0.00504 -6.32318e+00 | 33 -0.01717 -1.03319e+01
 34  0.07746 -8.69633e+00 | 35 -0.03891 -1.13482e+01 | 36  0.01203  1.97749e+01
 37 -0.02802 -4.68694e+00 | 38  0.01918 -3.89429e+01 | 39 -0.02107 -8.02173e-01
 40  0.00850  2.54972e+00 | 41 -0.00314 -8.57067e+00 | 42  0.01949 -2.93125e+00
 43  0.04806 -1.28415e+01 | 44 -0.00219 -3.58116e+00 | 45 -0.02728  1.52973e+00
 46  0.00192 -7.43799e+00 | 47 -0.02093 -1.27557e+00 | 48  0.00148  1.95666e+01
 49 -0.01884 -1.73518e+01 | 50 -0.01335  7.13632e+00 | 51 -0.01838  2.70348e+01
 52  0.00534  3.89046e+01 | 53  0.02615 -2.43806e+01 | 54  0.00173  1.22869e+00
 55  0.00175 -3.12654e+01 | 56  0.02969  6.04292e+01 | 57  0.00628 -2.77167e+01
 58 -0.01528  3.04813e+01 | 59 -0.02660  8.44654e+00 | 60 -0.02051 -1.37003e+01
 61 -0.00069  2.93401e+01 | 62  0.02529  3.45719e+01 | 63  0.04720  4.14530e+01
 64  0.00051  1.39149e+01 | 65 -0.02342  2.18200e+01 | 66  0.02334 -2.22412e+01
 67  0.00255  2.71249e+01 | 68  0.03065  3.05865e+01 | 69 -0.02036  5.31001e+01
 70 -0.02249  1.52633e+01 | 71 -0.00390  4.69558e+01 | 72  0.01281  2.45163e+01
 73 -0.03419  3.57090e+01 | 74 -0.01807  2.15522e+01 | 75  0.06051  5.58987e+01
 76  0.03681  2.45936e+01 | 77  0.00968 -7.51541e+00 | 78 -0.00889  3.01909e+01
 79 -0.00255  8.37920e+00 | 80  0.00033 -1.26863e+01 | 81 -0.00621 -2.58924e+00
 82  0.00726  2.37548e+01 | 83  0.04889  2.02529e+01 | 84  0.00785 -5.74310e+01
 85  0.00703  1.12835e+01 | 86  0.02508  1.96245e+01 | 87 -0.01223 -6.91594e+00
 88  0.03013 -3.58507e+00 | 89  0.01317  4.95446e+00 | 90 -0.00361 -3.42953e+01
 91 -0.01703 -1.36005e+01 | 92  0.01426 -1.23454e+01 | 93  0.03544 -1.28274e+01
 94  0.01779 -1.85773e+01 | 95  0.00070 -1.73390e+01 | 96  0.00070 -1.73387e+01
 97  0.82687  3.68290e+01 | 98  0.22719 -3.68612e+00 |

Initial statistics: 100 variables; iteration 0; function evaluation 0; phase 3
Function value 2.1878575e+03; maximum gradient component mag 6.2399e+02
Var    Value     Gradient |Var    Value     Gradient |Var    Value     Gradient
  1  0.63634  6.23985e+02 |  2 -0.00166 -6.12402e+00 |  3  0.00848 -8.72229e+00
  4  0.01817 -6.77599e+00 |  5 -0.01823 -1.93034e+01 |  6  0.01198 -2.15139e+01
  7 -0.00928 -3.09687e+01 |  8 -0.04196 -2.06041e+01 |  9 -0.03290 -1.01034e+01
 10 -0.01842 -1.74485e+01 | 11  0.02460  1.05824e+01 | 12  0.01301 -9.79796e+00
 13 -0.00995 -1.10867e+00 | 14 -0.02040 -6.13050e+00 | 15  0.00211 -4.39200e+01
 16  0.04170 -3.49576e+00 | 17 -0.05745 -3.13375e+01 | 18 -0.00580  1.31246e+00
 19 -0.00630 -9.82694e+00 | 20 -0.01404 -2.13655e+01 | 21 -0.02201 -2.37457e+01
 22 -0.03649 -1.78251e+01 | 23 -0.01518 -6.78517e+00 | 24 -0.01949 -4.62315e+00
 25  0.01185 -2.30417e+01 | 26 -0.02382  1.49777e+01 | 27  0.02860 -2.11571e+01
 28 -0.01501 -6.40701e+00 | 29 -0.02438 -1.88123e+01 | 30  0.01952  9.98703e+00
 31 -0.05380  7.12087e+00 | 32 -0.00504 -6.22685e+00 | 33 -0.01717 -1.02356e+01
 34  0.07746 -8.60071e+00 | 35 -0.03891 -1.12521e+01 | 36  0.01203  1.98712e+01
 37 -0.02801 -4.59070e+00 | 38  0.01918 -3.88466e+01 | 39 -0.02106 -7.05894e-01
 40  0.00850  2.64605e+00 | 41 -0.00314 -8.47434e+00 | 42  0.01949 -2.83496e+00
 43  0.04806 -1.27454e+01 | 44 -0.00219 -3.48483e+00 | 45 -0.02728  1.62598e+00
 46  0.00192 -7.34166e+00 | 47 -0.02093 -1.17929e+00 | 48  0.00148  1.96629e+01
 49 -0.01884 -1.72556e+01 | 50 -0.01335  7.23264e+00 | 51 -0.01837  2.71311e+01
 52  0.00534  3.90009e+01 | 53  0.02616 -2.42844e+01 | 54  0.00173  1.32502e+00
 55  0.00175 -3.11690e+01 | 56  0.02970  6.05255e+01 | 57  0.00628 -2.76203e+01
 58 -0.01528  3.05776e+01 | 59 -0.02660  8.54279e+00 | 60 -0.02051 -1.36040e+01
 61 -0.00069  2.94364e+01 | 62  0.02529  3.46681e+01 | 63  0.04720  4.15490e+01
 64  0.00051  1.40113e+01 | 65 -0.02342  2.19163e+01 | 66  0.02335 -2.21449e+01
 67  0.00255  2.72213e+01 | 68  0.03065  3.06827e+01 | 69 -0.02035  5.31964e+01
 70 -0.02249  1.53596e+01 | 71 -0.00390  4.70522e+01 | 72  0.01281  2.46126e+01
 73 -0.03419  3.58052e+01 | 74 -0.01807  2.16485e+01 | 75  0.06051  5.59946e+01
 76  0.03681  2.46897e+01 | 77  0.00968 -7.41909e+00 | 78 -0.00889  3.02873e+01
 79 -0.00254  8.47553e+00 | 80  0.00033 -1.25900e+01 | 81 -0.00620 -2.49292e+00
 82  0.00726  2.38512e+01 | 83  0.04890  2.03490e+01 | 84  0.00786 -5.73347e+01
 85  0.00703  1.13798e+01 | 86  0.02508  1.97208e+01 | 87 -0.01223 -6.81962e+00
 88  0.03013 -3.48885e+00 | 89  0.01317  5.05077e+00 | 90 -0.00361 -3.41990e+01
 91 -0.01703 -1.35042e+01 | 92  0.01426 -1.22491e+01 | 93  0.03544 -1.27312e+01
 94  0.01779 -1.84810e+01 | 95  0.00071 -1.72426e+01 | 96  0.00071 -1.72424e+01
 97  0.82687  3.68290e+01 | 98 -0.41581 -3.20424e+02 | 99  0.22719 -3.68612e+00
100 -0.25275 -1.45086e+01 |

Intermediate statistics: 100 variables; iteration 20; function evaluation 25; phase 3
Function value 2.1868706e+03; maximum gradient component mag 6.5490e+02
Var    Value     Gradient |Var    Value     Gradient |Var    Value     Gradient
  1  0.63546  6.54901e+02 |  2 -0.00811 -2.06809e+01 |  3  0.00431 -1.98807e+01
  4  0.01399 -1.94365e+01 |  5 -0.01716 -1.89122e+01 |  6  0.01411 -1.79475e+01
  7 -0.00370 -1.75681e+01 |  8 -0.04037 -1.86604e+01 |  9 -0.03512 -1.89413e+01
 10 -0.01768 -1.76709e+01 | 11  0.02182 -1.32251e+01 | 12  0.01296 -1.52235e+01
 13 -0.01164 -1.56567e+01 | 14 -0.02134 -1.59965e+01 | 15  0.00489 -2.11997e+01
 16  0.04182 -1.07139e+01 | 17 -0.05482 -1.79881e+01 | 18 -0.00634 -1.05559e+01
 19 -0.00618 -1.31828e+01 | 20 -0.01334 -1.65752e+01 | 21 -0.02117 -1.72430e+01
 22 -0.03600 -1.64814e+01 | 23 -0.01533 -1.30569e+01 | 24 -0.01987 -1.29164e+01
 25  0.01261 -1.52304e+01 | 26 -0.02591 -9.37605e+00 | 27  0.02922 -1.23228e+01
 28 -0.01528 -1.22492e+01 | 29 -0.02376 -1.50774e+01 | 30  0.01911 -3.42044e+00
 31 -0.05658 -1.37245e+01 | 32 -0.00504 -9.97778e+00 | 33 -0.01709 -1.16620e+01
 34  0.07805  7.38262e+00 | 35 -0.03881 -1.27953e+01 | 36  0.01119  2.66726e+00
 37 -0.02830 -9.79088e+00 | 38  0.02097 -1.14268e+01 | 39 -0.02144 -7.17909e+00
 40  0.00860  4.37392e-01 | 41 -0.00252 -3.67260e+00 | 42  0.02007  4.36144e+00
 43  0.04920  1.43462e+01 | 44 -0.00165  1.37460e+00 | 45 -0.02749 -2.54939e+00
 46  0.00284  4.27580e+00 | 47 -0.02057  8.28238e-01 | 48  0.00140  1.50849e+01
 49 -0.01752 -1.00984e+00 | 50 -0.01305  8.50716e+00 | 51 -0.01900  1.34889e+01
 52  0.00497  2.59268e+01 | 53  0.02745  1.61380e+01 | 54  0.00231  1.34203e+01
 55  0.00321  4.63781e+00 | 56  0.02944  4.30756e+01 | 57  0.00770  7.09571e+00
 58 -0.01571  1.54834e+01 | 59 -0.02649  5.71485e+00 | 60 -0.01950  6.76231e-01
 61 -0.00078  2.14951e+01 | 62  0.02566  3.92424e+01 | 63  0.04783  6.51298e+01
 64  0.00086  1.66527e+01 | 65 -0.02393  1.00327e+01 | 66  0.02457  1.40976e+01
 67  0.00251  2.18854e+01 | 68  0.03128  4.48576e+01 | 69 -0.02176  1.97060e+01
 70 -0.02247  6.78867e+00 | 71 -0.00456  2.26304e+01 | 72  0.01316  2.12851e+01
 73 -0.03562  8.61529e+00 | 74 -0.01843  8.36139e+00 | 75  0.06144  9.87406e+01
 76  0.03738  3.69508e+01 | 77  0.01053  7.12534e+00 | 78 -0.00955  9.58754e+00
 79 -0.00238  4.39967e+00 | 80  0.00110 -3.14367e+00 | 81 -0.00586 -1.86134e+00
 82  0.00694  8.10115e+00 | 83  0.04924  2.78180e+01 | 84  0.00967 -1.90239e+01
 85  0.00668 -1.04566e+00 | 86  0.02478  1.47084e+00 | 87 -0.01233 -1.21510e+01
 88  0.03013 -1.07079e+01 | 89  0.01237 -9.81256e+00 | 90 -0.00251 -2.23434e+01
 91 -0.01781 -1.85196e+01 | 92  0.01358 -1.83308e+01 | 93  0.03369 -1.94405e+01
 94  0.01737 -1.99445e+01 | 95 -0.00051 -2.02235e+01 | 96 -0.00051 -2.02235e+01
 97  0.84544 -6.84312e+00 | 98 -0.41217  1.26605e+02 | 99  0.22904 -2.22045e+01
100 -0.25173  7.01867e+01 |
100 variables; iteration 40; function evaluation 51; phase 3
Function value 2.1861647e+03; maximum gradient component mag -1.7330e+01
Var    Value     Gradient |Var    Value     Gradient |Var    Value     Gradient
  1  0.63379 -1.73303e+01 |  2 -0.00743  4.30598e-01 |  3  0.00569  2.65443e+00
  4  0.01489  1.94474e+00 |  5 -0.01731  2.36945e-01 |  6  0.01396  3.02244e-01
  7 -0.00348  1.91434e+00 |  8 -0.04063 -6.48798e-02 |  9 -0.03545 -9.26937e-01
 10 -0.01829 -1.69871e+00 | 11  0.02169  1.69542e+00 | 12  0.01290  1.02127e-01
 13 -0.01178  1.77423e-01 | 14 -0.02131  8.89819e-01 | 15  0.00561  3.54505e-01
 16  0.04196 -1.93237e-01 | 17 -0.05434  2.04517e+00 | 18 -0.00640  1.12858e+00
 19 -0.00607  4.60991e-01 | 20 -0.01310 -5.05164e-01 | 21 -0.02092 -5.55776e-01
 22 -0.03582  3.92364e-01 | 23 -0.01531  5.06613e-01 | 24 -0.01987  7.44995e-01
 25  0.01301  6.32332e-01 | 26 -0.02639 -1.99565e-01 | 27  0.02956 -1.68468e-01
 28 -0.01527  3.18685e-01 | 29 -0.02360 -1.31391e-01 | 30  0.01889 -1.53310e+00
 31 -0.05686  2.02908e-01 | 32 -0.00497  7.88491e-01 | 33 -0.01703  3.75660e-02
 34  0.07808 -1.48051e+01 | 35 -0.03883 -1.80525e-01 | 36  0.01085  8.66446e-01
 37 -0.02844 -2.65546e-01 | 38  0.02167 -6.99777e-01 | 39 -0.02153  3.38890e-01
 40  0.00871  1.59312e+00 | 41 -0.00235  4.44373e-02 | 42  0.02023 -1.23418e+00
 43  0.04956 -4.80063e+00 | 44 -0.00151 -9.53219e-02 | 45 -0.02757  9.10797e-02
 46  0.00319  5.69955e-01 | 47 -0.02048  4.23997e-01 | 48  0.00128  4.17949e-01
 49 -0.01698  1.15126e+00 | 50 -0.01295  1.14933e+00 | 51 -0.01941  7.01960e-04
 52  0.00480  2.03220e+00 | 53  0.02814  4.50220e+00 | 54  0.00264  5.01996e+00
 55  0.00391  3.87090e+00 | 56  0.02928 -1.79126e+00 | 57  0.00810 -4.12347e+00
 58 -0.01588  3.35326e+00 | 59 -0.02659 -3.37678e-01 | 60 -0.01943 -4.42444e+00
 61 -0.00107 -2.15384e+00 | 62  0.02550 -2.46762e-01 | 63  0.04760 -3.33058e+00
 64  0.00098  3.05422e+00 | 65 -0.02415  2.47691e+00 | 66  0.02494 -3.42549e+00
 67  0.00233  5.78587e-01 | 68  0.03104 -3.34874e+00 | 69 -0.02258 -4.37097e-01
 70 -0.02241  3.98919e+00 | 71 -0.00502  1.21353e+00 | 72  0.01293 -4.56745e+00
 73 -0.03650 -1.61197e+00 | 74 -0.01891 -2.83126e+00 | 75  0.06072 -1.31440e+00
 76  0.03722 -8.54585e-02 | 77  0.01079  1.94949e+00 | 78 -0.01004 -1.15285e+00
 79 -0.00252 -1.47595e+00 | 80  0.00125 -6.05632e-01 | 81 -0.00574  2.40360e+00
 82  0.00674  2.98085e+00 | 83  0.04895 -1.63722e+00 | 84  0.01048  4.43993e+00
 85  0.00631 -2.67823e+00 | 86  0.02438 -4.00762e+00 | 87 -0.01250 -9.11049e-01
 88  0.03015  2.77903e+00 | 89  0.01216  3.27345e+00 | 90 -0.00225  1.04790e-01
 91 -0.01777  1.08487e+00 | 92  0.01352  9.54954e-01 | 93  0.03421  1.73790e+00
 94  0.01712 -1.93648e-01 | 95 -0.00134 -1.22341e+00 | 96 -0.00134 -1.22365e+00
 97  0.84334  1.43066e-01 | 98 -0.41317 -4.99250e+00 | 99  0.22924  1.98033e-01
100 -0.25199 -1.57436e-01 |
100 variables; iteration 60; function evaluation 80; phase 3
Function value 2.1861524e+03; maximum gradient component mag -7.0114e+00
Var    Value     Gradient |Var    Value     Gradient |Var    Value     Gradient
  1  0.63382 -7.01142e+00 |  2 -0.00724  4.96719e-01 |  3  0.00480  4.00922e-01
  4  0.01467  1.09734e+00 |  5 -0.01716  2.55964e-01 |  6  0.01391 -1.48222e-01
  7 -0.00377  7.78567e-01 |  8 -0.04042  1.77586e-01 |  9 -0.03522 -5.66208e-01
 10 -0.01781 -1.90659e-01 | 11  0.02156  6.55906e-01 | 12  0.01282 -6.64496e-01
 13 -0.01159  1.13987e+00 | 14 -0.02139  2.35351e-01 | 15  0.00561  1.94255e-01
 16  0.04198  2.94176e-01 | 17 -0.05445  1.10900e+00 | 18 -0.00647  1.97095e-01
 19 -0.00611 -1.32566e-01 | 20 -0.01303  3.75608e-01 | 21 -0.02096 -1.08973e+00
 22 -0.03580  4.60070e-01 | 23 -0.01533  1.34075e-01 | 24 -0.02000 -8.18681e-01
 25  0.01298  1.35320e-01 | 26 -0.02638 -2.31065e-01 | 27  0.02956  1.07744e-01
 28 -0.01534 -6.10604e-01 | 29 -0.02364 -6.95661e-01 | 30  0.01894 -7.89726e-01
 31 -0.05690 -2.89232e-01 | 32 -0.00499  3.35067e-01 | 33 -0.01705 -2.45026e-01
 34  0.07832 -5.54340e+00 | 35 -0.03882 -3.44964e-01 | 36  0.01083  2.95474e-01
 37 -0.02831  5.34615e-01 | 38  0.02172  1.15605e-01 | 39 -0.02150  4.04118e-01
 40  0.00866  7.50884e-01 | 41 -0.00236 -2.30550e-01 | 42  0.02024 -7.79061e-01
 43  0.04965 -1.75367e+00 | 44 -0.00148  4.64148e-01 | 45 -0.02752  5.11254e-01
 46  0.00317  3.72299e-01 | 47 -0.02052 -5.21715e-02 | 48  0.00123 -2.03025e-01
 49 -0.01706  1.28056e-01 | 50 -0.01298  8.69132e-01 | 51 -0.01944 -2.46742e-01
 52  0.00471  2.11929e-01 | 53  0.02806  1.86333e+00 | 54  0.00252  1.88719e+00
 55  0.00381  1.44160e+00 | 56  0.02929 -7.14111e-01 | 57  0.00819 -1.31169e+00
 58 -0.01601  7.91378e-01 | 59 -0.02659 -2.92132e-01 | 60 -0.01931 -1.88543e+00
 61 -0.00104 -1.10343e+00 | 62  0.02550 -7.99528e-02 | 63  0.04763 -1.30804e+00
 64  0.00090  1.44039e+00 | 65 -0.02424  8.96490e-01 | 66  0.02499 -1.35773e+00
 67  0.00232  6.66595e-01 | 68  0.03107 -1.35450e+00 | 69 -0.02252  6.02707e-01
 70 -0.02255  1.31019e+00 | 71 -0.00507  1.55028e-01 | 72  0.01301 -1.77563e+00
 73 -0.03642 -3.79330e-01 | 74 -0.01880 -6.66079e-01 | 75  0.06071 -5.63232e-01
 76  0.03721 -8.07794e-02 | 77  0.01072  3.31616e-01 | 78 -0.01005 -1.21749e+00
 79 -0.00247 -2.75474e-01 | 80  0.00125 -4.87889e-01 | 81 -0.00576  1.97665e+00
 82  0.00670  2.07570e+00 | 83  0.04896 -6.73288e-01 | 84  0.01037  1.87772e+00
 85  0.00641 -3.44119e-01 | 86  0.02446 -1.40846e+00 | 87 -0.01247 -5.17053e-01
 88  0.03009  1.06817e+00 | 89  0.01207  1.75908e+00 | 90 -0.00223  2.63310e-01
 91 -0.01785  3.13887e-01 | 92  0.01345  2.52084e-01 | 93  0.03404  7.43629e-01
 94  0.01679 -1.03736e+00 | 95 -0.00060 -3.94680e-01 | 96 -0.00060 -3.94707e-01
 97  0.84340  6.79112e-03 | 98 -0.41314 -1.77561e+00 | 99  0.22917  4.22515e-02
100 -0.25201 -1.46008e-01 |
Maximum number of function evaluations exceeded

 - final statistics:
100 variables; iteration 75; function evaluation 100
Function value 2.1861e+03; maximum gradient component mag -2.2885e+00
Exit code = 3;  converg criter 1.0000e+00
Var    Value     Gradient |Var    Value     Gradient |Var    Value     Gradient
  1  0.63385 -2.28852e+00 |  2 -0.00736  1.13842e-01 |  3  0.00464 -9.05402e-02
  4  0.01451  5.80241e-01 |  5 -0.01749 -6.14167e-01 |  6  0.01413  3.56803e-01
  7 -0.00402 -8.26224e-02 |  8 -0.04040  8.68829e-02 |  9 -0.03510 -3.62790e-01
 10 -0.01773 -2.06337e-02 | 11  0.02153  3.53010e-01 | 12  0.01295  1.10345e-01
 13 -0.01167  5.58043e-01 | 14 -0.02141 -3.86284e-02 | 15  0.00562  2.36703e-01
 16  0.04195 -2.09541e-01 | 17 -0.05453  5.10377e-01 | 18 -0.00644  4.75251e-01
 19 -0.00610  3.86681e-02 | 20 -0.01305  1.12691e-01 | 21 -0.02088 -9.38469e-02
 22 -0.03578  5.88621e-01 | 23 -0.01534  2.63966e-03 | 24 -0.01996 -4.85816e-01
 25  0.01298  7.16137e-02 | 26 -0.02634  1.09440e-01 | 27  0.02956  1.26420e-01
 28 -0.01529 -8.49367e-02 | 29 -0.02361 -4.91463e-01 | 30  0.01898 -5.02099e-02
 31 -0.05681  1.58485e-01 | 32 -0.00502 -1.00502e-01 | 33 -0.01701  1.43124e-01
 34  0.07840 -1.86133e+00 | 35 -0.03884 -5.35966e-01 | 36  0.01078 -3.88323e-01
 37 -0.02835  1.61801e-01 | 38  0.02170 -1.50471e-01 | 39 -0.02150  3.31352e-01
 40  0.00861  9.88014e-02 | 41 -0.00236 -9.48995e-02 | 42  0.02026 -2.19121e-01
 43  0.04968 -6.15772e-01 | 44 -0.00151  1.68152e-01 | 45 -0.02758  1.77512e-02
 46  0.00312 -2.45729e-01 | 47 -0.02051  1.40013e-01 | 48  0.00122 -1.60588e-01
 49 -0.01708 -1.29166e-01 | 50 -0.01301  5.17353e-01 | 51 -0.01944 -6.15493e-02
 52  0.00470  4.02056e-01 | 53  0.02801  6.32194e-01 | 54  0.00246  4.82409e-01
 55  0.00378  6.79566e-01 | 56  0.02929 -2.25624e-01 | 57  0.00821 -4.13351e-01
 58 -0.01604  1.83793e-01 | 59 -0.02659 -1.48657e-01 | 60 -0.01926 -6.36705e-01
 61 -0.00102 -3.74553e-01 | 62  0.02549 -2.34198e-02 | 63  0.04764 -4.36941e-01
 64  0.00086  5.18153e-01 | 65 -0.02429  1.12312e-01 | 66  0.02501 -4.32518e-01
 67  0.00229  1.31132e-01 | 68  0.03108 -4.34898e-01 | 69 -0.02256 -5.62840e-03
 70 -0.02258  7.73406e-01 | 71 -0.00509 -8.04196e-02 | 72  0.01304 -5.76410e-01
 73 -0.03641 -4.47113e-02 | 74 -0.01876  8.87033e-02 | 75  0.06071 -1.96139e-01
 76  0.03720 -1.77213e-02 | 77  0.01070  8.19736e-02 | 78 -0.01003 -7.19739e-01
 79 -0.00247  6.22579e-02 | 80  0.00127  1.63680e-02 | 81 -0.00584  5.58983e-01
 82  0.00664  8.50419e-01 | 83  0.04896 -2.34611e-01 | 84  0.01031  5.88672e-01
 85  0.00641  4.00186e-03 | 86  0.02448 -4.51291e-01 | 87 -0.01247 -4.08070e-01
 88  0.03006  4.11962e-01 | 89  0.01200  5.40690e-01 | 90 -0.00226 -1.68965e-01
 91 -0.01786  2.47635e-01 | 92  0.01340 -3.13092e-01 | 93  0.03401  4.66184e-01
 94  0.01732 -2.99284e-01 | 95 -0.00034 -1.33456e-01 | 96 -0.00034 -1.33662e-01
 97  0.84342  1.50449e-02 | 98 -0.41313 -5.69781e-01 | 99  0.22942  7.98607e-01
100 -0.25193  2.22838e-01 |

Initial statistics: 108 variables; iteration 0; function evaluation 0; phase 4
Function value 2.1861500e+03; maximum gradient component mag -4.4948e+02
Var    Value     Gradient |Var    Value     Gradient |Var    Value     Gradient
  1 -0.42263 -1.92288e+02 |  2 -0.42263 -3.46921e+02 |  3 -0.41094 -4.49481e+02
  4  0.63385 -2.28852e+00 |  5  0.00000  8.51489e-01 |  6  0.00000  3.64251e+00
  7  0.00000  7.95516e+00 |  8  0.00000 -1.12518e+01 |  9  0.00000 -2.25107e+01
 10 -0.00736  1.15041e-01 | 11  0.00464 -8.93407e-02 | 12  0.01451  5.81441e-01
 13 -0.01749 -6.12968e-01 | 14  0.01413  3.58002e-01 | 15 -0.00402 -8.14228e-02
 16 -0.04040  8.80801e-02 | 17 -0.03510 -3.61592e-01 | 18 -0.01773 -1.94345e-02
 19  0.02153  3.54209e-01 | 20  0.01295  1.11544e-01 | 21 -0.01167  5.59243e-01
 22 -0.02141 -3.74294e-02 | 23  0.00562  2.37903e-01 | 24  0.04195 -2.08344e-01
 25 -0.05453  5.11573e-01 | 26 -0.00644  4.76450e-01 | 27 -0.00610  3.98677e-02
 28 -0.01305  1.13890e-01 | 29 -0.02088 -9.26479e-02 | 30 -0.03578  5.89818e-01
 31 -0.01534  3.83893e-03 | 32 -0.01996 -4.84617e-01 | 33  0.01298  7.28131e-02
 34 -0.02634  1.10639e-01 | 35  0.02956  1.27619e-01 | 36 -0.01529 -8.37374e-02
 37 -0.02361 -4.90265e-01 | 38  0.01898 -4.90109e-02 | 39 -0.05681  1.59680e-01
 40 -0.00502 -9.93029e-02 | 41 -0.01701  1.44324e-01 | 42  0.07840 -1.86013e+00
 43 -0.03884 -5.34769e-01 | 44  0.01078 -3.87124e-01 | 45 -0.02835  1.63000e-01
 46  0.02170 -1.49272e-01 | 47 -0.02150  3.32551e-01 | 48  0.00861  1.00001e-01
 49 -0.00236 -9.36999e-02 | 50  0.02026 -2.17922e-01 | 51  0.04968 -6.14576e-01
 52 -0.00151  1.69352e-01 | 53 -0.02758  1.89497e-02 | 54  0.00312 -2.44530e-01
 55 -0.02051  1.41212e-01 | 56  0.00122 -1.59388e-01 | 57 -0.01708 -1.27967e-01
 58 -0.01301  5.18553e-01 | 59 -0.01944 -6.03502e-02 | 60  0.00470  4.03255e-01
 61  0.02801  6.33393e-01 | 62  0.00246  4.83609e-01 | 63  0.00378  6.80765e-01
 64  0.02929 -2.24426e-01 | 65  0.00821 -4.12152e-01 | 66 -0.01604  1.84992e-01
 67 -0.02659 -1.47458e-01 | 68 -0.01926 -6.35506e-01 | 69 -0.00102 -3.73354e-01
 70  0.02549 -2.22211e-02 | 71  0.04764 -4.35745e-01 | 72  0.00086  5.19353e-01
 73 -0.02429  1.13510e-01 | 74  0.02501 -4.31320e-01 | 75  0.00229  1.32332e-01
 76  0.03108 -4.33699e-01 | 77 -0.02256 -4.42954e-03 | 78 -0.02258  7.74604e-01
 79 -0.00509 -7.92200e-02 | 80  0.01304 -5.75210e-01 | 81 -0.03641 -4.35136e-02
 82 -0.01876  8.99024e-02 | 83  0.06071 -1.94945e-01 | 84  0.03720 -1.65237e-02
 85  0.01070  8.31730e-02 | 86 -0.01003 -7.18540e-01 | 87 -0.00247  6.34575e-02
 88  0.00127  1.75676e-02 | 89 -0.00584  5.60183e-01 | 90  0.00664  8.51618e-01
 91  0.04896 -2.33415e-01 | 92  0.01031  5.89872e-01 | 93  0.00641  5.20141e-03
 94  0.02448 -4.50092e-01 | 95 -0.01247 -4.06870e-01 | 96  0.03006  4.13160e-01
 97  0.01200  5.41890e-01 | 98 -0.00226 -1.67766e-01 | 99 -0.01786  2.48835e-01
100  0.01340 -3.11893e-01 |101  0.03401  4.67382e-01 |102  0.01732 -2.98085e-01
103 -0.00034 -1.32256e-01 |104 -0.00034 -1.32462e-01 |105  0.84342  1.50449e-02
106 -0.41313 -5.69781e-01 |107  0.22942  7.98607e-01 |108 -0.25193  2.22838e-01

Intermediate statistics: 108 variables; iteration 20; function evaluation 26; phase 4
Function value 2.1839698e+03; maximum gradient component mag 3.6565e+02
Var    Value     Gradient |Var    Value     Gradient |Var    Value     Gradient
  1 -0.37885 -4.12926e+01 |  2 -0.42079  3.65647e+02 |  3 -0.42296 -5.60252e+01
  4  0.63403  3.18724e+02 |  5 -0.00024  8.62176e-01 |  6 -0.00178  8.94884e-01
  7 -0.00370  1.92848e+00 |  8  0.00429 -2.86924e+00 |  9  0.00806 -6.29647e+00
 10 -0.00757 -9.47457e+00 | 11  0.00445 -9.51007e+00 | 12  0.01410 -9.22704e+00
 13 -0.01750 -9.68760e+00 | 14  0.01381 -9.21655e+00 | 15 -0.00420 -9.42292e+00
 16 -0.04054 -9.38524e+00 | 17 -0.03515 -9.54669e+00 | 18 -0.01788 -9.43961e+00
 19  0.02051 -1.44470e+01 | 20  0.01193 -1.53161e+01 | 21 -0.01222 -1.16308e+01
 22 -0.02189 -1.19478e+01 | 23  0.00468 -1.78193e+01 | 24  0.04126 -2.08978e+01
 25 -0.05471 -9.16772e+00 | 26 -0.00716 -1.55156e+01 | 27 -0.00671 -1.44100e+01
 28 -0.01362 -1.45816e+01 | 29 -0.02117 -9.98808e+00 | 30 -0.03595 -7.92780e+00
 31 -0.01550 -8.05048e+00 | 32 -0.02017 -8.97078e+00 | 33  0.01272 -8.76346e+00
 34 -0.02668 -9.51114e+00 | 35  0.02928 -8.49917e+00 | 36 -0.01581 -1.19470e+01
 37 -0.02406 -1.16532e+01 | 38  0.01867 -9.29652e+00 | 39 -0.05682 -8.05360e+00
 40 -0.00506 -6.22725e+00 | 41 -0.01691 -2.55039e+00 | 42  0.08016  7.51568e+01
 43 -0.03921 -9.91641e+00 | 44  0.01029 -8.53339e+00 | 45 -0.02871 -7.71943e+00
 46  0.02151 -5.47011e+00 | 47 -0.02135 -2.73794e+00 | 48  0.00868  1.64987e+00
 49 -0.00227 -3.29948e-01 | 50  0.02076  1.32668e+01 | 51  0.05079  4.58081e+01
 52 -0.00141  3.20475e+00 | 53 -0.02739  1.57498e+00 | 54  0.00358  1.39062e+01
 55 -0.02018  4.69823e+00 | 56  0.00198  1.89076e+01 | 57 -0.01634  1.26150e+01
 58 -0.01197  2.18007e+01 | 59 -0.01845  1.86670e+01 | 60  0.00560  2.99644e+01
 61  0.02810  2.13492e+01 | 62  0.00318  1.89691e+01 | 63  0.00396  1.95413e+01
 64  0.02914  2.44419e+00 | 65  0.00856  1.79956e+01 | 66 -0.01573  8.74389e+00
 67 -0.02647  1.87810e+00 | 68 -0.01893  4.61170e+00 | 69 -0.00104  5.23370e+00
 70  0.02501 -1.47309e+01 | 71  0.04714 -2.19590e+00 | 72  0.00101 -6.38167e-01
 73 -0.02422 -5.29173e-01 | 74  0.02468 -6.85380e+00 | 75  0.00225  2.94589e+00
 76  0.03156  1.82366e+01 | 77 -0.02246  1.28759e+00 | 78 -0.02240  4.71213e+00
 79 -0.00480  4.65934e+00 | 80  0.01311 -5.31077e-01 | 81 -0.03595 -6.30941e+00
 82 -0.01827  1.73226e+01 | 83  0.06122  5.07245e+01 | 84  0.03819  2.95371e+01
 85  0.01060  1.98831e+00 | 86 -0.01011 -8.09142e-01 | 87 -0.00221 -8.77870e-01
 88  0.00150  1.39145e+00 | 89 -0.00531  6.85901e+00 | 90  0.00685  4.22061e+00
 91  0.04861 -1.53774e+01 | 92  0.01074  2.65508e+00 | 93  0.00665  3.68214e+00
 94  0.02455 -4.16407e+00 | 95 -0.01212 -3.40913e+00 | 96  0.03046  8.50531e+00
 97  0.01228 -2.08786e+00 | 98 -0.00207 -1.34384e+01 | 99 -0.01904 -9.83605e+00
100  0.01261 -9.40779e+00 |101  0.03418 -9.88130e+00 |102  0.01592 -1.02372e+01
103 -0.00032 -9.69764e+00 |104 -0.00032 -9.69762e+00 |105  0.85198 -6.71978e+00
106 -0.41312  8.82064e+01 |107  0.23642 -1.13519e+01 |108 -0.25252  5.22533e+01
108 variables; iteration 40; function evaluation 47; phase 4
Function value 2.1832849e+03; maximum gradient component mag 1.6659e+02
Var    Value     Gradient |Var    Value     Gradient |Var    Value     Gradient
  1 -0.37800 -1.45028e+00 |  2 -0.42198  1.66591e+02 |  3 -0.41939  2.04568e+01
  4  0.63353  8.88375e+01 |  5 -0.00031 -4.46863e-01 |  6 -0.00089  2.05821e+00
  7 -0.00180  4.78501e+00 |  8  0.00511 -1.80387e+00 |  9  0.01424  5.43518e+00
 10 -0.00655 -1.13247e+00 | 11  0.00614  2.42006e-01 | 12  0.01478 -1.77996e+00
 13 -0.01562  5.72080e-01 | 14  0.01184 -9.57827e+00 | 15 -0.00565 -8.02452e+00
 16 -0.04007 -2.22508e+00 | 17 -0.03598 -6.14599e+00 | 18 -0.01539  5.05147e+00
 19  0.02189 -1.99917e+00 | 20  0.01506  9.99477e+00 | 21 -0.01244 -8.41352e+00
 22 -0.02169 -6.18985e+00 | 23  0.00670  5.43261e+00 | 24  0.04216 -6.44563e+00
 25 -0.05605 -1.34587e+01 | 26 -0.00633 -5.41564e+00 | 27 -0.00536  3.63718e+00
 28 -0.01259 -2.30158e+00 | 29 -0.02052 -2.49155e+00 | 30 -0.03607 -7.15512e+00
 31 -0.01542 -6.25267e+00 | 32 -0.01945  4.31767e-01 | 33  0.01309 -4.35437e+00
 34 -0.02693 -9.98994e+00 | 35  0.03001  1.64922e+00 | 36 -0.01508 -2.36540e+00
 37 -0.02321 -8.59869e-01 | 38  0.01914 -2.24722e+00 | 39 -0.05708 -5.48285e+00
 40 -0.00492 -2.73521e+00 | 41 -0.01642  5.56519e+00 | 42  0.07917  1.94097e+01
 43 -0.03816  6.51242e-01 | 44  0.01110  2.99772e+00 | 45 -0.02880 -5.66011e+00
 46  0.02203 -5.59825e-01 | 47 -0.02071  5.64782e+00 | 48  0.00895  3.58821e+00
 49 -0.00238 -3.67457e+00 | 50  0.02046  2.14792e+00 | 51  0.05014  1.22255e+01
 52 -0.00109  3.22760e+00 | 53 -0.02652  1.02336e+01 | 54  0.00289 -1.72843e+00
 55 -0.02059 -2.81562e+00 | 56  0.00141  2.08163e+00 | 57 -0.01686  1.92211e+00
 58 -0.01242  1.10999e+01 | 59 -0.01918  5.21296e+00 | 60  0.00468  2.41411e+00
 61  0.02809  9.07721e+00 | 62  0.00287  2.96442e+00 | 63  0.00341  1.54139e+00
 64  0.02946  4.03712e+00 | 65  0.00837  5.36622e+00 | 66 -0.01584  4.39485e+00
 67 -0.02643  1.52082e+00 | 68 -0.01901  3.24342e+00 | 69 -0.00120  3.09025e+00
 70  0.02561  3.54672e+00 | 71  0.04744  2.40592e+00 | 72  0.00128 -5.07931e-01
 73 -0.02435 -2.40843e+00 | 74  0.02507  2.13299e+00 | 75  0.00221  2.52852e-01
 76  0.03148  5.21959e+00 | 77 -0.02244  2.44288e+00 | 78 -0.02268  2.07214e+00
 79 -0.00503  1.50066e+00 | 80  0.01310 -2.86536e+00 | 81 -0.03564 -4.58414e-01
 82 -0.01972 -2.48094e+00 | 83  0.06068  1.28940e+01 | 84  0.03786  7.45983e+00
 85  0.01076  6.20932e+00 | 86 -0.01016  1.90729e+00 | 87 -0.00214  3.53644e+00
 88  0.00142  4.46849e+00 | 89 -0.00585  2.78198e+00 | 90  0.00652  4.45502e+00
 91  0.04871 -3.58536e+00 | 92  0.01034 -7.75773e-01 | 93  0.00613  1.19353e+00
 94  0.02399 -6.19516e+00 | 95 -0.01303 -6.82610e+00 | 96  0.02939 -1.73917e+00
 97  0.01141 -4.54903e+00 | 98 -0.00273 -1.12753e+01 | 99 -0.02045 -7.89387e+00
100  0.01168 -3.49764e+00 |101  0.03192 -1.20875e+01 |102  0.01206 -9.45820e+00
103 -0.00019 -2.58147e+00 |104 -0.00019 -2.57956e+00 |105  0.85360 -1.14083e-01
106 -0.41358  1.32618e+01 |107  0.23740  3.02056e+00 |108 -0.25270  4.84978e+00
108 variables; iteration 60; function evaluation 75; phase 4
Function value 2.1831253e+03; maximum gradient component mag -2.7787e+01
Var    Value     Gradient |Var    Value     Gradient |Var    Value     Gradient
  1 -0.38003 -2.53862e+00 |  2 -0.42241 -2.77874e+01 |  3 -0.41787 -9.36483e+00
  4  0.63378 -1.03223e+01 |  5 -0.00050 -1.97588e+00 |  6 -0.00242 -6.44479e-01
  7 -0.00411  6.72818e-01 |  8  0.00491 -2.42950e+00 |  9  0.01206  7.06723e-01
 10 -0.00709  4.23934e-01 | 11  0.00448 -8.40316e-01 | 12  0.01382 -1.76502e+00
 13 -0.01759 -1.25270e+00 | 14  0.01423 -4.59724e-01 | 15 -0.00336  8.23697e-01
 16 -0.04051 -7.79765e-01 | 17 -0.03435  9.57074e-01 | 18 -0.01688  1.76357e+00
 19  0.02175 -1.30329e+00 | 20  0.01355  1.32596e+00 | 21 -0.01138  1.32649e-01
 22 -0.02110 -3.18994e-02 | 23  0.00598  4.28330e-01 | 24  0.04237  5.14326e-01
 25 -0.05427  5.39782e-01 | 26 -0.00609  4.13296e-01 | 27 -0.00580  3.96569e-02
 28 -0.01249  1.36576e+00 | 29 -0.02053 -4.98724e-02 | 30 -0.03561 -1.38964e-02
 31 -0.01518 -9.27093e-01 | 32 -0.01958  1.34437e+00 | 33  0.01323  6.39552e-02
 34 -0.02612  1.40972e-01 | 35  0.02996  1.16938e+00 | 36 -0.01490  1.41770e+00
 37 -0.02331 -2.85947e-03 | 38  0.01927  1.84076e+00 | 39 -0.05666 -2.17965e-01
 40 -0.00479  1.07471e+00 | 41 -0.01718  3.31488e-01 | 42  0.07867 -7.51223e-01
 43 -0.03843  9.61068e-01 | 44  0.01077  8.88750e-02 | 45 -0.02858 -1.63645e+00
 46  0.02200 -7.13189e-02 | 47 -0.02143  4.17911e-01 | 48  0.00866  1.62942e-01
 49 -0.00217 -2.23551e-01 | 50  0.02031 -7.89975e-01 | 51  0.04969 -3.26205e+00
 52 -0.00117  1.84651e+00 | 53 -0.02760  6.43576e-01 | 54  0.00298 -1.03841e+00
 55 -0.02042 -4.32144e-01 | 56  0.00134  3.59398e-01 | 57 -0.01694  8.34179e-01
 58 -0.01303  1.28927e+00 | 59 -0.01952  2.57017e-01 | 60  0.00466  9.60818e-01
 61  0.02784 -1.51671e+00 | 62  0.00281  2.04333e+00 | 63  0.00316 -4.94559e+00
 64  0.02935 -2.14551e-01 | 65  0.00815 -1.06889e+00 | 66 -0.01611  4.57745e-01
 67 -0.02659  2.46549e-01 | 68 -0.01923  1.47541e+00 | 69 -0.00121  4.74497e+00
 70  0.02544 -6.11816e-01 | 71  0.04741 -3.61987e-01 | 72  0.00126  2.72720e-01
 73 -0.02433 -5.14473e-01 | 74  0.02498  3.27963e-01 | 75  0.00194 -5.53626e+00
 76  0.03133 -2.71867e-01 | 77 -0.02266  2.31263e-01 | 78 -0.02287  1.04624e+00
 79 -0.00518  7.29170e-01 | 80  0.01306 -1.00235e+00 | 81 -0.03577  5.50647e-01
 82 -0.01980 -6.07771e-01 | 83  0.06041 -1.01615e+00 | 84  0.03763 -2.40015e-01
 85  0.01028 -5.06573e+00 | 86 -0.01046 -1.65641e+00 | 87 -0.00240  2.70040e-01
 88  0.00108  9.38198e-02 | 89 -0.00605  1.76935e+00 | 90  0.00630  3.12317e+00
 91  0.04871 -3.73633e-01 | 92  0.01022 -4.93175e-01 | 93  0.00605  2.21543e+00
 94  0.02399 -1.33070e+00 | 95 -0.01273  8.32399e-01 | 96  0.02920 -2.44863e+00
 97  0.01154  4.09767e-01 | 98 -0.00219 -1.27007e+00 | 99 -0.01983 -5.73728e-01
100  0.01161  1.93950e-01 |101  0.03392  4.22532e-01 |102  0.01668  7.07518e-01
103 -0.00018  3.57915e-01 |104 -0.00018  3.56693e-01 |105  0.85377  5.16772e-01
106 -0.41369 -5.11695e+00 |107  0.23527 -2.17576e+00 |108 -0.25341 -4.27044e+00
Maximum number of function evaluations exceeded

 - final statistics:
108 variables; iteration 79; function evaluation 100
Function value 2.1831e+03; maximum gradient component mag 2.0766e+00
Exit code = 3;  converg criter 1.0000e+00
Var    Value     Gradient |Var    Value     Gradient |Var    Value     Gradient
  1 -0.37943  3.11576e-01 |  2 -0.42237 -1.43418e+00 |  3 -0.41806 -8.17905e-02
  4  0.63380 -7.50764e-01 |  5  0.00045  4.54971e-01 |  6 -0.00190  3.45972e-01
  7 -0.00428  5.33416e-01 |  8  0.00604 -2.40805e-01 |  9  0.01177  2.27217e-01
 10 -0.00729 -1.39147e-01 | 11  0.00474 -4.30624e-01 | 12  0.01453 -1.47475e-01
 13 -0.01700 -1.01711e-01 | 14  0.01432 -2.50042e-01 | 15 -0.00351  2.95751e-01
 16 -0.04052 -9.83893e-01 | 17 -0.03456  2.05773e-01 | 18 -0.01728  1.65189e-01
 19  0.02191 -2.32881e-01 | 20  0.01332 -3.40958e-01 | 21 -0.01134  2.66606e-01
 22 -0.02111 -2.71801e-01 | 23  0.00596  9.24648e-02 | 24  0.04237  3.11418e-01
 25 -0.05434 -1.19777e-01 | 26 -0.00609  2.87194e-01 | 27 -0.00579 -4.35507e-02
 28 -0.01257  1.08525e-01 | 29 -0.02053 -2.83773e-01 | 30 -0.03557  2.57325e-01
 31 -0.01512 -3.13834e-01 | 32 -0.01968  8.86551e-02 | 33  0.01323 -6.72697e-02
 34 -0.02615 -2.74364e-01 | 35  0.02990  7.06780e-02 | 36 -0.01500  2.44695e-01
 37 -0.02332 -1.91156e-01 | 38  0.01917  1.17525e-01 | 39 -0.05652  5.13651e-01
 40 -0.00483  4.81498e-01 | 41 -0.01722 -5.60342e-02 | 42  0.07868  7.49820e-02
 43 -0.03840  1.01526e+00 | 44  0.01076 -1.13747e-01 | 45 -0.02837  4.01657e-02
 46  0.02200  7.32672e-02 | 47 -0.02147 -4.67771e-02 | 48  0.00865  3.93737e-02
 49 -0.00214  1.99630e-01 | 50  0.02033 -1.15310e-01 | 51  0.04978 -2.75242e-01
 52 -0.00132 -1.25806e-01 | 53 -0.02769 -1.87922e-01 | 54  0.00300 -4.18227e-01
 55 -0.02040 -8.93138e-02 | 56  0.00131  7.80933e-02 | 57 -0.01702 -1.29880e-01
 58 -0.01312  5.78695e-02 | 59 -0.01954  8.07229e-02 | 60  0.00463  8.70156e-01
 61  0.02785 -1.42993e-01 | 62  0.00274  1.53328e-01 | 63  0.00331 -3.28848e-01
 64  0.02934  5.34534e-02 | 65  0.00817  9.62374e-03 | 66 -0.01612  3.92119e-01
 67 -0.02659  2.19229e-01 | 68 -0.01928  2.28556e-01 | 69 -0.00133  2.07663e+00
 70  0.02544 -2.44450e-01 | 71  0.04740  1.33514e-02 | 72  0.00124 -2.61333e-01
 73 -0.02431  1.59949e-02 | 74  0.02496  8.46688e-02 | 75  0.00209 -1.10774e+00
 76  0.03132  4.03334e-02 | 77 -0.02267  2.37753e-01 | 78 -0.02292  6.34135e-02
 79 -0.00522  7.23672e-02 | 80  0.01309  4.67246e-02 | 81 -0.03580 -3.68238e-03
 82 -0.01977 -6.46740e-02 | 83  0.06041  5.30170e-02 | 84  0.03763  3.18158e-02
 85  0.01046  1.27240e-01 | 86 -0.01040 -3.79514e-01 | 87 -0.00242 -5.67058e-02
 88  0.00108 -2.13071e-01 | 89 -0.00614 -1.25088e-01 | 90  0.00615 -6.53638e-01
 91  0.04873  6.02372e-02 | 92  0.01025 -5.14456e-02 | 93  0.00599  6.69944e-01
 94  0.02404 -3.22731e-01 | 95 -0.01274  2.87321e-01 | 96  0.02929 -7.52627e-01
 97  0.01155  1.19768e-01 | 98 -0.00204 -2.90147e-01 | 99 -0.01981 -7.53382e-01
100  0.01173  3.34413e-01 |101  0.03403  2.50755e-01 |102  0.01663  4.61049e-01
103 -0.00045 -3.24746e-01 |104 -0.00045 -3.20627e-01 |105  0.85375 -5.70062e-02
106 -0.41369  3.59978e-01 |107  0.23633 -3.34287e-01 |108 -0.25311 -4.11124e-01

Initial statistics: 110 variables; iteration 0; function evaluation 0; phase 5
Function value 2.1831144e+03; maximum gradient component mag 8.8180e+01
Var    Value     Gradient |Var    Value     Gradient |Var    Value     Gradient
  1 -0.37943  3.11576e-01 |  2 -0.42237 -1.43418e+00 |  3 -0.41806 -8.17905e-02
  4 -0.41222  3.88146e+01 |  5 -0.41222  8.81801e+01 |  6  0.63380 -7.50764e-01
  7  0.00045  4.54971e-01 |  8 -0.00190  3.45972e-01 |  9 -0.00428  5.33416e-01
 10  0.00604 -2.40805e-01 | 11  0.01177  2.27217e-01 | 12 -0.00729 -1.39077e-01
 13  0.00474 -4.30554e-01 | 14  0.01453 -1.47406e-01 | 15 -0.01700 -1.01642e-01
 16  0.01432 -2.49973e-01 | 17 -0.00351  2.95821e-01 | 18 -0.04052 -9.83823e-01
 19 -0.03456  2.05842e-01 | 20 -0.01728  1.65259e-01 | 21  0.02191 -2.32811e-01
 22  0.01332 -3.40888e-01 | 23 -0.01134  2.66676e-01 | 24 -0.02111 -2.71731e-01
 25  0.00596  9.25345e-02 | 26  0.04237  3.11488e-01 | 27 -0.05434 -1.19708e-01
 28 -0.00609  2.87263e-01 | 29 -0.00579 -4.34810e-02 | 30 -0.01257  1.08595e-01
 31 -0.02053 -2.83704e-01 | 32 -0.03557  2.57394e-01 | 33 -0.01512 -3.13764e-01
 34 -0.01968  8.87248e-02 | 35  0.01323 -6.72000e-02 | 36 -0.02615 -2.74294e-01
 37  0.02990  7.07477e-02 | 38 -0.01500  2.44765e-01 | 39 -0.02332 -1.91086e-01
 40  0.01917  1.17595e-01 | 41 -0.05652  5.13720e-01 | 42 -0.00483  4.81568e-01
 43 -0.01722 -5.59645e-02 | 44  0.07868  7.50512e-02 | 45 -0.03840  1.01533e+00
 46  0.01076 -1.13678e-01 | 47 -0.02837  4.02354e-02 | 48  0.02200  7.33369e-02
 49 -0.02147 -4.67074e-02 | 50  0.00865  3.94434e-02 | 51 -0.00214  1.99699e-01
 52  0.02033 -1.15240e-01 | 53  0.04978 -2.75172e-01 | 54 -0.00132 -1.25737e-01
 55 -0.02769 -1.87853e-01 | 56  0.00300 -4.18157e-01 | 57 -0.02040 -8.92441e-02
 58  0.00131  7.81630e-02 | 59 -0.01702 -1.29810e-01 | 60 -0.01312  5.79392e-02
 61 -0.01954  8.07925e-02 | 62  0.00463  8.70226e-01 | 63  0.02785 -1.42923e-01
 64  0.00274  1.53398e-01 | 65  0.00331 -3.28779e-01 | 66  0.02934  5.35230e-02
 67  0.00817  9.69345e-03 | 68 -0.01612  3.92188e-01 | 69 -0.02659  2.19299e-01
 70 -0.01928  2.28626e-01 | 71 -0.00133  2.07670e+00 | 72  0.02544 -2.44381e-01
 73  0.04740  1.34209e-02 | 74  0.00124 -2.61263e-01 | 75 -0.02431  1.60645e-02
 76  0.02496  8.47385e-02 | 77  0.00209 -1.10767e+00 | 78  0.03132  4.04030e-02
 79 -0.02267  2.37822e-01 | 80 -0.02292  6.34832e-02 | 81 -0.00522  7.24369e-02
 82  0.01309  4.67943e-02 | 83 -0.03580 -3.61277e-03 | 84 -0.01977 -6.46043e-02
 85  0.06041  5.30864e-02 | 86  0.03763  3.18854e-02 | 87  0.01046  1.27309e-01
 88 -0.01040 -3.79445e-01 | 89 -0.00242 -5.66361e-02 | 90  0.00108 -2.13001e-01
 91 -0.00614 -1.25018e-01 | 92  0.00615 -6.53569e-01 | 93  0.04873  6.03067e-02
 94  0.01025 -5.13759e-02 | 95  0.00599  6.70014e-01 | 96  0.02404 -3.22661e-01
 97 -0.01274  2.87391e-01 | 98  0.02929 -7.52557e-01 | 99  0.01155  1.19838e-01
100 -0.00204 -2.90077e-01 |101 -0.01981 -7.53313e-01 |102  0.01173  3.34482e-01
103  0.03403  2.50825e-01 |104  0.01663  4.61119e-01 |105 -0.00045 -3.24676e-01
106 -0.00045 -3.20557e-01 |107  0.85375 -5.70062e-02 |108 -0.41369  3.59978e-01
109  0.23633 -3.34287e-01 |110 -0.25311 -4.11124e-01 |

Intermediate statistics: 110 variables; iteration 20; function evaluation 24; phase 5
Function value 2.1816316e+03; maximum gradient component mag 4.1886e+02
Var    Value     Gradient |Var    Value     Gradient |Var    Value     Gradient
  1 -0.35585  1.09586e+01 |  2 -0.41858  4.18857e+02 |  3 -0.42817  7.37186e+01
  4 -0.45237  1.67400e+01 |  5 -0.42414  7.95397e+01 |  6  0.63355  6.34012e+01
  7  0.00028  1.55993e+00 |  8 -0.00199  4.94855e-01 |  9 -0.00442  6.62001e-01
 10  0.00598  1.71167e-01 | 11  0.01165  6.77787e-01 | 12 -0.00733 -1.44588e+00
 13  0.00476 -1.37541e+00 | 14  0.01458 -7.25370e-01 | 15 -0.01697 -1.07906e+00
 16  0.01454 -5.45308e-03 | 17 -0.00338  2.76543e-02 | 18 -0.04027 -1.45756e+00
 19 -0.03441 -3.57996e-01 | 20 -0.01709  1.90035e-01 | 21  0.02225  2.24263e+00
 22  0.01373  2.40601e+00 | 23 -0.01114  5.07049e-01 | 24 -0.02079 -4.05949e-02
 25  0.00634  1.41922e+00 | 26  0.04267  4.96373e+00 | 27 -0.05418 -1.18731e+00
 28 -0.00593 -1.82421e-01 | 29 -0.00555 -1.15101e+00 | 30 -0.01233 -1.19358e+00
 31 -0.02030 -1.54435e+00 | 32 -0.03556 -5.02722e+00 | 33 -0.01485 -2.51889e+00
 34 -0.01953 -3.25101e+00 | 35  0.01354 -7.20422e-02 | 36 -0.02591 -1.43944e+00
 37  0.02975  6.48485e-01 | 38 -0.01488  1.44350e+00 | 39 -0.02309  2.29439e+00
 40  0.01948  1.89238e+00 | 41 -0.05608 -4.82227e-01 | 42 -0.00471 -3.85314e+00
 43 -0.01710 -4.64369e+00 | 44  0.07845  6.43174e+00 | 45 -0.03861  1.91669e+00
 46  0.01091  2.00784e+00 | 47 -0.02828 -3.15272e+00 | 48  0.02221  6.81870e+00
 49 -0.02136 -5.52885e-01 | 50  0.00888 -1.45114e+00 | 51 -0.00202  2.79235e+00
 52  0.02047  5.35915e+00 | 53  0.04977  7.25580e+00 | 54 -0.00121  7.02622e+00
 55 -0.02760  1.70387e+00 | 56  0.00318 -3.19299e-01 | 57 -0.02023  2.70309e+00
 58  0.00142  7.09453e+00 | 59 -0.01689  6.57606e+00 | 60 -0.01301  4.48098e+00
 61 -0.01943  1.97365e+00 | 62  0.00433  2.59727e+00 | 63  0.02756  3.07107e+00
 64  0.00268  2.51619e+00 | 65  0.00290 -1.94631e-01 | 66  0.02887 -5.81278e+00
 67  0.00808  3.78493e+00 | 68 -0.01579  2.93594e+00 | 69 -0.02640 -1.23783e+00
 70 -0.01902  5.27994e+00 | 71 -0.00115  1.29414e+01 | 72  0.02509 -6.84897e-01
 73  0.04766  2.52887e+01 | 74  0.00137  3.33912e+00 | 75 -0.02416 -1.67606e+00
 76  0.02474 -4.02200e+00 | 77  0.00192 -5.55382e+00 | 78  0.03107 -3.42981e-01
 79 -0.02260  2.61646e-01 | 80 -0.02285 -3.88028e+00 | 81 -0.00488  6.11392e+00
 82  0.01311  1.81564e+00 | 83 -0.03531  1.96720e+00 | 84 -0.02016 -1.16275e+01
 85  0.05980 -2.38899e+01 | 86  0.03692 -8.13228e+00 | 87  0.01029 -1.48776e+00
 88 -0.01037 -8.72614e-01 | 89 -0.00195  2.61946e+00 | 90  0.00088 -1.66761e+00
 91 -0.00609 -2.91169e+00 | 92  0.00624 -2.12870e+00 | 93  0.04811 -1.09117e+01
 94  0.00968 -7.94038e+00 | 95  0.00547 -1.59401e+00 | 96  0.02349 -7.28873e+00
 97 -0.01285 -2.39864e+00 | 98  0.02830 -8.74933e+00 | 99  0.01135 -8.96996e-01
100 -0.00209  6.23022e+00 |101 -0.02026 -2.82665e+00 |102  0.01045 -1.77849e+00
103  0.03440  2.80552e+00 |104  0.01529 -2.42839e+00 |105 -0.00038 -2.03024e+00
106 -0.00038 -2.02690e+00 |107  0.85618 -2.16709e+01 |108 -0.41244  1.96256e+02
109  0.24202 -2.67302e+01 |110 -0.25206  1.00902e+02 |
110 variables; iteration 40; function evaluation 45; phase 5
Function value 2.1813735e+03; maximum gradient component mag 3.1471e+02
Var    Value     Gradient |Var    Value     Gradient |Var    Value     Gradient
  1 -0.35233  1.17413e+01 |  2 -0.41814  3.14714e+02 |  3 -0.42940  6.19687e+01
  4 -0.45406  1.25726e+01 |  5 -0.42848  5.52145e+01 |  6  0.63344  4.81885e+01
  7  0.00059  2.06540e+00 |  8 -0.00189  6.41885e-01 |  9 -0.00432  7.94711e-01
 10  0.00625  5.97655e-01 | 11  0.01191  1.07326e+00 | 12 -0.00698 -3.88787e-01
 13  0.00545  4.68368e-01 | 14  0.01483  1.56632e-01 | 15 -0.01661  7.45431e-02
 16  0.01404 -1.27499e+00 | 17 -0.00383 -1.02349e+00 | 18 -0.03984 -4.17102e-02
 19 -0.03474 -9.65215e-01 | 20 -0.01715  2.81511e-01 | 21  0.02204  1.15607e+00
 22  0.01329 -2.05743e-01 | 23 -0.01099  1.83700e+00 | 24 -0.02075  5.50253e-01
 25  0.00636  1.75136e+00 | 26  0.04242 -7.51348e-02 | 27 -0.05410 -4.81948e-01
 28 -0.00597 -8.31071e-01 | 29 -0.00548 -5.20955e-01 | 30 -0.01226 -5.57498e-01
 31 -0.02025 -1.02804e+00 | 32 -0.03497  6.75826e-01 | 33 -0.01490 -3.40917e+00
 34 -0.01914  9.32107e-01 | 35  0.01370  2.09123e+00 | 36 -0.02579 -3.70229e-01
 37  0.02977  1.42849e+00 | 38 -0.01474  3.23163e+00 | 39 -0.02338 -6.54923e-01
 40  0.01963  3.22561e+00 | 41 -0.05680 -5.34858e+00 | 42 -0.00476 -5.68063e+00
 43 -0.01683 -2.65842e+00 | 44  0.07823 -4.40369e-01 | 45 -0.03896 -4.63994e-02
 46  0.01104  3.37670e+00 | 47 -0.02862 -6.60967e+00 | 48  0.02215  5.06421e+00
 49 -0.02122  3.39353e-01 | 50  0.00897 -1.65056e+00 | 51 -0.00208  1.36666e+00
 52  0.02052  5.29595e+00 | 53  0.04992  9.31070e+00 | 54 -0.00160  1.43571e+00
 55 -0.02737  3.38707e+00 | 56  0.00294 -5.90440e+00 | 57 -0.02036  1.32723e-01
 58  0.00137  5.19707e+00 | 59 -0.01712  3.00113e+00 | 60 -0.01276  7.57001e+00
 61 -0.01936  1.87901e+00 | 62  0.00404 -4.39900e+00 | 63  0.02777  9.90586e+00
 64  0.00277  4.07459e+00 | 65  0.00312  5.41511e+00 | 66  0.02885 -6.74385e+00
 67  0.00820  6.57840e+00 | 68 -0.01565  4.88967e+00 | 69 -0.02603  4.01664e+00
 70 -0.01908  3.23271e+00 | 71 -0.00128  8.37858e+00 | 72  0.02482 -1.14203e+01
 73  0.04757  1.95300e+01 | 74  0.00143  4.05873e+00 | 75 -0.02401  1.62919e-02
 76  0.02490  2.06218e+00 | 77  0.00173 -1.07664e+01 | 78  0.03106 -6.87868e-01
 79 -0.02289 -5.78155e+00 | 80 -0.02285 -5.09726e+00 | 81 -0.00509 -6.46048e-01
 82  0.01283 -7.92686e+00 | 83 -0.03519  2.47496e+00 | 84 -0.01974 -3.27110e+00
 85  0.05992 -1.51160e+01 | 86  0.03696 -4.07534e+00 | 87  0.01058  6.64287e+00
 88 -0.01049 -2.76949e+00 | 89 -0.00198  1.24023e-01 | 90  0.00104  2.51752e+00
 91 -0.00606 -2.48563e+00 | 92  0.00649  4.35944e+00 | 93  0.04816 -6.55423e+00
 94  0.00992 -6.79943e-01 | 95  0.00531 -4.17524e+00 | 96  0.02341 -9.35522e+00
 97 -0.01288 -3.71035e+00 | 98  0.02842 -4.02823e+00 | 99  0.01150  2.30425e-01
100 -0.00217  4.80027e+00 |101 -0.01983  8.90328e-02 |102  0.01056  3.08690e-01
103  0.03443  2.09000e+00 |104  0.01384 -4.28610e+00 |105 -0.00055 -1.82729e+00
106 -0.00055 -1.81938e+00 |107  0.85875 -1.32870e+01 |108 -0.41233  1.34323e+02
109  0.24224 -1.88003e+01 |110 -0.25234  6.82327e+01 |
110 variables; iteration 60; function evaluation 71; phase 5
Function value 2.1811358e+03; maximum gradient component mag 7.6408e+01
Var    Value     Gradient |Var    Value     Gradient |Var    Value     Gradient
  1 -0.34879  3.50987e+00 |  2 -0.41764  7.64081e+01 |  3 -0.43064  1.85813e+01
  4 -0.45603  2.46088e+00 |  5 -0.43555  1.04048e+01 |  6  0.63347  1.45408e+01
  7 -0.00035 -1.00817e+00 |  8 -0.00235 -3.96427e-01 |  9 -0.00474 -2.04041e-01
 10  0.00587 -3.86667e-01 | 11  0.01139 -3.24792e-01 | 12 -0.00748 -7.67731e-01
 13  0.00417 -1.86054e+00 | 14  0.01425 -9.48523e-01 | 15 -0.01748 -1.36665e+00
 16  0.01496  1.59696e+00 | 17 -0.00314  1.30339e+00 | 18 -0.04061 -1.38476e+00
 19 -0.03433  7.94058e-01 | 20 -0.01695  1.55641e+00 | 21  0.02244  4.15061e+00
 22  0.01354  2.12573e+00 | 23 -0.01203 -3.67555e+00 | 24 -0.02079  1.01734e+00
 25  0.00621  7.59698e-01 | 26  0.04255  3.67046e+00 | 27 -0.05437 -1.31545e+00
 28 -0.00598 -3.15514e-01 | 29 -0.00548 -6.31670e-01 | 30 -0.01227 -7.38763e-01
 31 -0.02034 -1.85891e+00 | 32 -0.03495  7.87087e-01 | 33 -0.01466 -6.99847e-01
 34 -0.01940 -2.07763e+00 | 35  0.01361 -2.10942e-01 | 36 -0.02578 -6.31762e-02
 37  0.02959 -1.11653e+00 | 38 -0.01537 -3.67344e+00 | 39 -0.02349 -1.19454e+00
 40  0.01939 -2.46466e+00 | 41 -0.05583  7.35904e-01 | 42 -0.00417  5.29412e-01
 43 -0.01655 -7.42995e-01 | 44  0.07827  1.61474e+00 | 45 -0.03909  3.31910e-02
 46  0.01104  2.37877e+00 | 47 -0.02747  2.34718e+00 | 48  0.02193  3.21076e-01
 49 -0.02117  1.43366e-01 | 50  0.00916 -1.23662e+00 | 51 -0.00213  3.15697e-02
 52  0.02042  2.03880e+00 | 53  0.04970  1.48706e+00 | 54 -0.00158  1.91265e+00
 55 -0.02767  6.69297e-01 | 56  0.00350  1.18282e+00 | 57 -0.02026  1.14337e+00
 58  0.00111  3.59690e-01 | 59 -0.01744 -1.37888e+00 | 60 -0.01322 -2.49972e-01
 61 -0.01947 -4.51297e-01 | 62  0.00429  2.18767e+00 | 63  0.02749  1.19285e+00
 64  0.00264  3.79712e-01 | 65  0.00290 -1.22803e-01 | 66  0.02897 -5.22927e-01
 67  0.00800  9.14678e-01 | 68 -0.01570  2.15321e+00 | 69 -0.02612  1.70979e-01
 70 -0.01919  8.65281e-01 | 71 -0.00153  2.10176e+00 | 72  0.02510 -2.53137e-01
 73  0.04725  3.56826e+00 | 74  0.00126 -7.22583e-01 | 75 -0.02410 -2.82785e+00
 76  0.02481  2.68493e-01 | 77  0.00216  9.33743e-01 | 78  0.03100  2.24563e-02
 79 -0.02279 -3.36817e+00 | 80 -0.02265 -1.20277e+00 | 81 -0.00513 -1.41271e+00
 82  0.01304  4.88116e-01 | 83 -0.03524  1.45214e+00 | 84 -0.01971 -9.90153e-01
 85  0.06007 -1.77818e+00 | 86  0.03688 -5.58837e-01 | 87  0.01022 -5.92336e-01
 88 -0.01052 -1.97440e+00 | 89 -0.00198 -7.35623e-01 | 90  0.00092  2.39891e+00
 91 -0.00569  5.45308e+00 | 92  0.00607 -3.13798e+00 | 93  0.04815 -1.20903e+00
 94  0.00979  5.34386e-01 | 95  0.00522 -1.76121e+00 | 96  0.02348 -2.20589e+00
 97 -0.01281 -1.12060e+00 | 98  0.02814 -5.09565e+00 | 99  0.01130 -2.62399e+00
100 -0.00250  1.99431e+00 |101 -0.02007 -1.18315e+00 |102  0.01060  3.51301e+00
103  0.03375 -1.45613e+00 |104  0.01626  6.17961e-01 |105  0.00067  9.75327e-01
106  0.00065  9.55550e-01 |107  0.85768 -1.79750e+00 |108 -0.41268  1.93522e+01
109  0.24218 -3.33536e+00 |110 -0.25279  1.01735e+01 |
110 variables; iteration 80; function evaluation 99; phase 5
Function value 2.1811165e+03; maximum gradient component mag 3.7061e+00
Var    Value     Gradient |Var    Value     Gradient |Var    Value     Gradient
  1 -0.34826  7.91281e-02 |  2 -0.41754  3.70608e+00 |  3 -0.43087  1.01460e+00
  4 -0.45619  7.51994e-02 |  5 -0.43697  5.46345e-01 |  6  0.63337  6.95460e-01
  7  0.00000 -4.58758e-01 |  8 -0.00195  2.24636e-01 |  9 -0.00466 -1.07055e-01
 10  0.00634  3.83721e-01 | 11  0.01134 -5.66328e-01 | 12 -0.00768 -9.07171e-01
 13  0.00494  4.69350e-03 | 14  0.01472  3.20511e-01 | 15 -0.01688  1.44727e-01
 16  0.01431 -2.97062e-01 | 17 -0.00344  4.69768e-01 | 18 -0.03978  8.37629e-01
 19 -0.03445  5.44292e-01 | 20 -0.01776 -1.46756e+00 | 21  0.02181 -4.14740e-01
 22  0.01315 -9.62630e-01 | 23 -0.01142 -2.29085e-01 | 24 -0.02094 -9.41206e-02
 25  0.00624  5.30879e-01 | 26  0.04240 -3.58393e-01 | 27 -0.05417 -3.48399e-03
 28 -0.00592  2.30908e-01 | 29 -0.00541  1.38556e-01 | 30 -0.01220  5.36604e-02
 31 -0.02012  7.62893e-01 | 32 -0.03500  1.34569e-01 | 33 -0.01457 -2.63437e-02
 34 -0.01929 -1.19135e+00 | 35  0.01366 -3.01586e-01 | 36 -0.02572  1.61738e-01
 37  0.02972  8.95279e-01 | 38 -0.01505 -1.66511e-01 | 39 -0.02339 -2.79444e-01
 40  0.01961  6.45364e-01 | 41 -0.05592  5.49980e-02 | 42 -0.00422 -9.49153e-01
 43 -0.01643 -3.46877e-02 | 44  0.07827  2.43344e-01 | 45 -0.03914 -1.98085e-01
 46  0.01094  9.80176e-02 | 47 -0.02767  2.82475e-01 | 48  0.02194 -2.79765e-01
 49 -0.02116 -4.52501e-03 | 50  0.00928 -4.25334e-01 | 51 -0.00208  7.56144e-02
 52  0.02041  8.69801e-01 | 53  0.04973  3.16241e-01 | 54 -0.00170 -1.46421e-01
 55 -0.02768  2.31416e-01 | 56  0.00355  6.78705e-01 | 57 -0.02032 -1.94764e-01
 58  0.00112 -3.22007e-01 | 59 -0.01729  2.54783e-01 | 60 -0.01316  1.48669e-01
 61 -0.01940 -1.52809e-01 | 62  0.00424  8.79897e-02 | 63  0.02750  1.21014e-01
 64  0.00268  4.53664e-01 | 65  0.00293 -2.06197e-01 | 66  0.02903  1.34841e-01
 67  0.00802  2.40268e-01 | 68 -0.01577 -4.91422e-01 | 69 -0.02602  9.54000e-01
 70 -0.01915  9.04574e-01 | 71 -0.00158 -5.63145e-02 | 72  0.02515  5.89041e-02
 73  0.04722  2.41699e-01 | 74  0.00134  3.51722e-01 | 75 -0.02393 -6.00244e-01
 76  0.02484  1.42086e-01 | 77  0.00216  1.39458e-02 | 78  0.03103  6.56551e-02
 79 -0.02258  3.41204e-01 | 80 -0.02255  2.19436e-01 | 81 -0.00503  1.95584e-01
 82  0.01305  9.78794e-02 | 83 -0.03533 -3.91895e-01 | 84 -0.01964 -1.56373e-01
 85  0.06013  6.20636e-02 | 86  0.03689  6.89129e-02 | 87  0.01023 -2.62075e-01
 88 -0.01038  6.86340e-01 | 89 -0.00188  6.89604e-01 | 90  0.00085 -2.49356e-02
 91 -0.00593 -3.94227e-02 | 92  0.00624  9.40626e-02 | 93  0.04818 -2.85879e-02
 94  0.00978  6.74302e-02 | 95  0.00528 -5.24730e-01 | 96  0.02356 -1.57298e-01
 97 -0.01273  6.46326e-02 | 98  0.02830 -3.13626e-01 | 99  0.01144 -5.06415e-01
100 -0.00272 -9.55828e-01 |101 -0.02005 -1.54200e+00 |102  0.01022  6.40931e-01
103  0.03414  4.16903e-01 |104  0.01575  1.82399e-01 |105 -0.00055 -5.21630e-01
106 -0.00055 -5.13284e-01 |107  0.85760 -4.15686e-02 |108 -0.41273  8.26696e-01
109  0.24238 -4.22618e-02 |110 -0.25280  5.53633e-01 |
110 variables; iteration 100; function evaluation 129; phase 5
Function value 2.1811151e+03; maximum gradient component mag 1.3452e+00
Var    Value     Gradient |Var    Value     Gradient |Var    Value     Gradient
  1 -0.34823 -2.67711e-02 |  2 -0.41754  1.34516e+00 |  3 -0.43089  2.91340e-01
  4 -0.45613  2.51756e-02 |  5 -0.43705  2.20916e-01 |  6  0.63338  3.15536e-01
  7  0.00011 -1.89597e-01 |  8 -0.00198  1.92559e-01 |  9 -0.00465 -6.73263e-02
 10  0.00624  2.10481e-01 | 11  0.01155 -1.31479e-01 | 12 -0.00751 -5.46692e-01
 13  0.00497  9.90249e-02 | 14  0.01465  1.86823e-01 | 15 -0.01701 -1.11251e-01
 16  0.01436 -1.13575e-01 | 17 -0.00356  1.92239e-01 | 18 -0.04000  3.27363e-01
 19 -0.03457  2.25125e-01 | 20 -0.01754 -6.22471e-01 | 21  0.02182 -2.06183e-01
 22  0.01324 -2.38600e-01 | 23 -0.01142 -1.49235e-01 | 24 -0.02099 -3.50398e-01
 25  0.00619  1.59062e-01 | 26  0.04240 -1.72494e-01 | 27 -0.05417  3.93829e-02
 28 -0.00591  3.96632e-01 | 29 -0.00542 -1.08234e-02 | 30 -0.01222 -2.21743e-01
 31 -0.02015  3.05581e-01 | 32 -0.03500  1.46862e-01 | 33 -0.01456  1.92681e-01
 34 -0.01921 -2.43461e-01 | 35  0.01368  2.19246e-01 | 36 -0.02572  1.25218e-01
 37  0.02970  4.12352e-01 | 38 -0.01507 -3.27749e-01 | 39 -0.02333  2.96951e-01
 40  0.01959  2.41629e-01 | 41 -0.05594 -8.04942e-02 | 42 -0.00420 -6.10449e-01
 43 -0.01645 -2.08701e-01 | 44  0.07826  9.23989e-02 | 45 -0.03912 -8.59796e-03
 46  0.01094  7.58655e-02 | 47 -0.02769  1.68129e-01 | 48  0.02196  1.88154e-01
 49 -0.02113  3.32757e-01 | 50  0.00928 -3.15816e-01 | 51 -0.00208  8.53636e-02
 52  0.02037  2.29074e-01 | 53  0.04971  1.98488e-02 | 54 -0.00170 -1.18792e-01
 55 -0.02769  9.12901e-02 | 56  0.00352  3.79064e-01 | 57 -0.02032 -7.86202e-02
 58  0.00112 -1.77558e-01 | 59 -0.01731  1.11768e-01 | 60 -0.01316  1.07056e-01
 61 -0.01940 -8.16220e-02 | 62  0.00424  7.26591e-02 | 63  0.02750  1.42498e-02
 64  0.00267  1.52962e-01 | 65  0.00293 -1.29118e-01 | 66  0.02902  3.67408e-02
 67  0.00801  5.74660e-02 | 68 -0.01576 -1.81505e-01 | 69 -0.02605  3.97278e-01
 70 -0.01918  2.51384e-01 | 71 -0.00158 -4.59193e-02 | 72  0.02514  1.21706e-02
 73  0.04722  8.51013e-02 | 74  0.00133  1.99650e-01 | 75 -0.02391 -3.09528e-01
 76  0.02484  5.04071e-02 | 77  0.00215 -1.10033e-02 | 78  0.03102  2.13909e-02
 79 -0.02259  9.11131e-02 | 80 -0.02257 -8.49925e-02 | 81 -0.00504 -1.87766e-03
 82  0.01305  5.16407e-02 | 83 -0.03533 -2.41863e-01 | 84 -0.01964 -1.20396e-02
 85  0.06013  1.33409e-02 | 86  0.03688  2.04105e-02 | 87  0.01023 -1.36851e-01
 88 -0.01038  6.78345e-01 | 89 -0.00191  1.46202e-02 | 90  0.00084 -1.25109e-01
 91 -0.00593  2.76193e-02 | 92  0.00624  1.71560e-01 | 93  0.04818 -4.41295e-02
 94  0.00977 -4.94213e-02 | 95  0.00529 -2.50458e-01 | 96  0.02356 -1.11121e-01
 97 -0.01273  1.30596e-01 | 98  0.02831 -2.27523e-01 | 99  0.01146 -2.09571e-01
100 -0.00268 -4.11874e-01 |101 -0.01993 -5.57875e-01 |102  0.01019  3.44763e-01
103  0.03410  1.48637e-01 |104  0.01568  8.06962e-02 |105 -0.00036 -2.13115e-01
106 -0.00036 -2.11284e-01 |107  0.85754  3.31758e-03 |108 -0.41273  2.50137e-01
109  0.24236  7.52150e-03 |110 -0.25281  1.41791e-01 |

 - final statistics:
110 variables; iteration 120; function evaluation 159
Function value 2.1811e+03; maximum gradient component mag 1.3751e-06
Exit code = 1;  converg criter 1.0000e-04
Var    Value     Gradient |Var    Value     Gradient |Var    Value     Gradient
  1 -0.34819  1.33962e-07 |  2 -0.41753  3.15302e-07 |  3 -0.43091  2.95816e-07
  4 -0.45610 -3.95713e-08 |  5 -0.43711 -5.85242e-09 |  6  0.63340  2.44498e-07
  7  0.00019 -1.12599e-08 |  8 -0.00211 -2.07999e-08 |  9 -0.00461 -1.16642e-08
 10  0.00613 -1.47242e-08 | 11  0.01162  1.12510e-08 | 12 -0.00724  3.34745e-08
 13  0.00491 -1.91146e-09 | 14  0.01456 -5.20203e-08 | 15 -0.01698 -8.00625e-09
 16  0.01438 -7.85116e-09 | 17 -0.00363 -3.30889e-08 | 18 -0.04014 -4.03729e-08
 19 -0.03466 -3.42445e-08 | 20 -0.01739  3.89075e-08 | 21  0.02184 -4.08595e-08
 22  0.01327 -4.71959e-08 | 23 -0.01141 -7.07371e-09 | 24 -0.02094 -3.09932e-08
 25  0.00617 -3.37433e-08 | 26  0.04240 -2.78626e-08 | 27 -0.05418 -1.73625e-08
 28 -0.00595 -8.34176e-09 | 29 -0.00542  6.13992e-10 | 30 -0.01221 -9.69155e-09
 31 -0.02018 -2.09581e-08 | 32 -0.03501 -1.59691e-08 | 33 -0.01458 -3.04670e-09
 34 -0.01920  7.08345e-08 | 35  0.01367 -2.35764e-08 | 36 -0.02574 -2.22595e-08
 37  0.02968 -7.95343e-08 | 38 -0.01504  1.65090e-08 | 39 -0.02337 -3.40768e-08
 40  0.01957 -1.40080e-08 | 41 -0.05593 -3.83849e-08 | 42 -0.00415  6.25686e-08
 43 -0.01643  1.67603e-08 | 44  0.07826  3.76655e-09 | 45 -0.03912 -4.31397e-08
 46  0.01093 -2.41229e-08 | 47 -0.02771  1.12120e-08 | 48  0.02195 -2.56378e-08
 49 -0.02116 -2.76705e-10 | 50  0.00930  4.32897e-08 | 51 -0.00209 -3.83679e-09
 52  0.02035 -2.84600e-08 | 53  0.04971  3.06038e-09 | 54 -0.00169  3.37277e-09
 55 -0.02771 -5.76640e-09 | 56  0.00350 -5.72675e-09 | 57 -0.02031 -2.76769e-09
 58  0.00113  7.57524e-09 | 59 -0.01732 -6.39139e-08 | 60 -0.01317 -3.33245e-09
 61 -0.01940  8.56623e-09 | 62  0.00423  3.83036e-08 | 63  0.02749  1.90385e-08
 64  0.00266 -3.45504e-09 | 65  0.00293  3.49788e-08 | 66  0.02902  1.00330e-08
 67  0.00801 -1.39172e-09 | 68 -0.01576  3.66294e-08 | 69 -0.02608  2.89283e-09
 70 -0.01920 -1.08661e-08 | 71 -0.00158  3.64863e-08 | 72  0.02514  2.36326e-08
 73  0.04721  1.83688e-09 | 74  0.00132 -1.91075e-08 | 75 -0.02390  5.76769e-08
 76  0.02483 -1.60229e-08 | 77  0.00215  7.52718e-09 | 78  0.03102 -3.29622e-09
 79 -0.02260  1.12527e-08 | 80 -0.02257  2.86826e-08 | 81 -0.00504  7.74609e-09
 82  0.01304 -3.09379e-08 | 83 -0.03532 -1.30024e-08 | 84 -0.01964  6.37710e-08
 85  0.06012 -6.61294e-09 | 86  0.03688  2.19480e-08 | 87  0.01024  3.51092e-08
 88 -0.01042 -1.61110e-08 | 89 -0.00191  2.75918e-08 | 90  0.00085 -4.04061e-09
 91 -0.00593  1.84776e-08 | 92  0.00623 -2.52462e-08 | 93  0.04818  7.92622e-09
 94  0.00977 -1.32744e-08 | 95  0.00529  1.77216e-08 | 96  0.02356  5.30019e-09
 97 -0.01273  1.62168e-08 | 98  0.02831  1.08956e-08 | 99  0.01147  4.41903e-08
100 -0.00266 -8.55005e-09 |101 -0.01986  7.00585e-08 |102  0.01014 -5.74435e-08
103  0.03409 -2.97777e-08 |104  0.01563  4.24797e-08 |105 -0.00023  3.38286e-08
106 -0.00023  3.47617e-08 |107  0.85749  8.00764e-07 |108 -0.41274  1.37506e-06
109  0.24235 -9.78666e-08 |110 -0.25281  1.51735e-07 |

 - final statistics:
122 variables; iteration 0; function evaluation 0
Function value 2.1811e+03; maximum gradient component mag 1.3751e-06
Exit code = 0;  converg criter 1.0000e-04
Var    Value     Gradient |Var    Value     Gradient |Var    Value     Gradient
  1 -0.34819  1.33993e-07 |  2 -0.41753  3.15702e-07 |  3 -0.43091  2.95968e-07
  4 -0.45610 -3.95623e-08 |  5 -0.43711 -5.83348e-09 |  6  0.63340  2.44602e-07
  7  0.00019 -1.12594e-08 |  8 -0.00211 -2.07998e-08 |  9 -0.00461 -1.16641e-08
 10  0.00613 -1.47240e-08 | 11  0.01162  1.12512e-08 | 12 -0.00724  3.38064e-08
 13  0.00491 -1.57943e-09 | 14  0.01456 -5.16882e-08 | 15 -0.01698 -7.67428e-09
 16  0.01438 -7.51887e-09 | 17 -0.00363 -3.27566e-08 | 18 -0.04014 -4.00415e-08
 19 -0.03466 -3.39128e-08 | 20 -0.01739  3.92398e-08 | 21  0.02184 -4.05267e-08
 22  0.01327 -4.68630e-08 | 23 -0.01141 -6.74103e-09 | 24 -0.02094 -3.06609e-08
 25  0.00617 -3.34103e-08 | 26  0.04240 -2.75299e-08 | 27 -0.05418 -1.70317e-08
 28 -0.00595 -8.00933e-09 | 29 -0.00542  9.47053e-10 | 30 -0.01221 -9.35893e-09
 31 -0.02018 -2.06253e-08 | 32 -0.03501 -1.56372e-08 | 33 -0.01458 -2.71332e-09
 34 -0.01920  7.11679e-08 | 35  0.01367 -2.32427e-08 | 36 -0.02574 -2.19272e-08
 37  0.02968 -7.92031e-08 | 38 -0.01504  1.68418e-08 | 39 -0.02337 -3.37442e-08
 40  0.01957 -1.36736e-08 | 41 -0.05593 -3.80536e-08 | 42 -0.00415  6.29030e-08
 43 -0.01643  1.70942e-08 | 44  0.07826  4.10230e-09 | 45 -0.03912 -4.28075e-08
 46  0.01093 -2.37862e-08 | 47 -0.02771  1.15451e-08 | 48  0.02195 -2.53044e-08
 49 -0.02116  5.68333e-11 | 50  0.00930  4.36250e-08 | 51 -0.00209 -3.50156e-09
 52  0.02035 -2.81231e-08 | 53  0.04971  3.39901e-09 | 54 -0.00169  3.70807e-09
 55 -0.02771 -5.43222e-09 | 56  0.00350 -5.39062e-09 | 57 -0.02031 -2.43285e-09
 58  0.00113  7.91217e-09 | 59 -0.01732 -6.35785e-08 | 60 -0.01317 -2.99582e-09
 61 -0.01940  8.90195e-09 | 62  0.00423  3.86415e-08 | 63  0.02749  1.93821e-08
 64  0.00266 -3.11776e-09 | 65  0.00293  3.53168e-08 | 66  0.02902  1.03723e-08
 67  0.00801 -1.05462e-09 | 68 -0.01576  3.69643e-08 | 69 -0.02608  3.22708e-09
 70 -0.01920 -1.05311e-08 | 71 -0.00158  3.68244e-08 | 72  0.02514  2.39692e-08
 73  0.04721  2.18530e-09 | 74  0.00132 -1.87710e-08 | 75 -0.02390  5.80116e-08
 76  0.02483 -1.56840e-08 | 77  0.00215  7.86107e-09 | 78  0.03102 -2.95685e-09
 79 -0.02260  1.15880e-08 | 80 -0.02257  2.90175e-08 | 81 -0.00504  8.08250e-09
 82  0.01304 -3.06002e-08 | 83 -0.03532 -1.26689e-08 | 84 -0.01964  6.41069e-08
 85  0.06012 -6.26939e-09 | 86  0.03688  2.22871e-08 | 87  0.01024  3.54445e-08
 88 -0.01042 -1.57768e-08 | 89 -0.00191  2.79257e-08 | 90  0.00085 -3.70526e-09
 91 -0.00593  1.88134e-08 | 92  0.00623 -2.49114e-08 | 93  0.04818  8.26202e-09
 94  0.00977 -1.29402e-08 | 95  0.00529  1.80554e-08 | 96  0.02356  5.63456e-09
 97 -0.01273  1.65494e-08 | 98  0.02831  1.12282e-08 | 99  0.01147  4.45220e-08
100 -0.00266 -8.21873e-09 |101 -0.01986  7.03904e-08 |102  0.01014 -5.71099e-08
103  0.03409 -2.94455e-08 |104  0.01563  4.28114e-08 |105 -0.00023  3.41603e-08
106 -0.00023  3.50935e-08 |107  0.00000  0.00000e+00 |108  0.00000  0.00000e+00
109  0.00000  0.00000e+00 |110  0.00000  0.00000e+00 |111  0.00000  0.00000e+00
112  0.00000  0.00000e+00 |113  0.00000  0.00000e+00 |114  0.00000  0.00000e+00
115  0.00000  0.00000e+00 |116  0.00000  0.00000e+00 |117  0.00000  0.00000e+00
118  0.00000  0.00000e+00 |119  0.85749  8.00761e-07 |120 -0.41274  1.37511e-06
121  0.24235 -9.78755e-08 |122 -0.25281  1.51762e-07 |
size of file gradfil1.tmp = 0
size of file gradfil2.tmp = 0
size of file varssave.tmp = 0
size of file cmpdiff.tmp = 0
