
Initial statistics: 1 variables; iteration 0; function evaluation 0; phase 1
Function value 2.6909724e+03; maximum gradient component mag -4.6761e+03
Var    Value     Gradient |Var    Value     Gradient |Var    Value     Gradient
  1  0.63197 -4.67614e+03 |

 - final statistics:
1 variables; iteration 4; function evaluation 7
Function value 2.6729e+03; maximum gradient component mag -2.7573e-01
Exit code = 1;  converg criter 1.0000e+01
Var    Value     Gradient |Var    Value     Gradient |Var    Value     Gradient
  1  0.64023 -2.75732e-01 |

Initial statistics: 98 variables; iteration 0; function evaluation 0; phase 2
Function value 2.6728740e+03; maximum gradient component mag -1.8764e+03
Var    Value     Gradient |Var    Value     Gradient |Var    Value     Gradient
  1  0.64023 -2.75732e-01 |  2  0.00000 -9.33575e+00 |  3  0.00000  1.84883e+01
  4  0.00000  1.05946e+01 |  5  0.00000  3.93606e+01 |  6  0.00000 -7.57091e+00
  7  0.00000 -2.30977e+01 |  8  0.00000  1.19351e+01 |  9  0.00000 -1.84472e+02
 10  0.00000 -2.97333e+02 | 11  0.00000  4.34184e+00 | 12  0.00000  1.40735e+02
 13  0.00000 -4.31036e+01 | 14  0.00000 -2.76527e+02 | 15  0.00000 -3.50697e+01
 16  0.00000  1.04527e+01 | 17  0.00000  2.47636e+02 | 18  0.00000  6.62359e+01
 19  0.00000  3.11536e+01 | 20  0.00000 -1.63270e+02 | 21  0.00000 -6.57419e+01
 22  0.00000  1.45306e+02 | 23  0.00000  1.05105e+02 | 24  0.00000  2.75165e+02
 25  0.00000 -2.33143e+02 | 26  0.00000 -5.94634e+02 | 27  0.00000 -2.41854e+02
 28  0.00000  3.62249e+02 | 29  0.00000 -2.16919e+01 | 30  0.00000  1.59632e+02
 31  0.00000 -7.00727e+02 | 32  0.00000  1.96045e+02 | 33  0.00000  3.40549e+02
 34  0.00000  4.60286e+02 | 35  0.00000 -1.56474e+02 | 36  0.00000  1.11694e+02
 37  0.00000 -1.66556e+02 | 38  0.00000 -4.57631e+02 | 39  0.00000 -1.17327e+02
 40  0.00000 -2.83306e+02 | 41  0.00000  3.40564e+02 | 42  0.00000  7.29849e+02
 43  0.00000  1.66983e+02 | 44  0.00000  4.95347e+02 | 45  0.00000  5.62631e+01
 46  0.00000  6.03388e+02 | 47  0.00000 -6.63303e+01 | 48  0.00000 -4.43142e+02
 49  0.00000  2.64099e+02 | 50  0.00000 -5.82508e+02 | 51  0.00000  8.19494e+02
 52  0.00000  6.89552e+02 | 53  0.00000 -1.10501e+03 | 54  0.00000 -3.58608e+01
 55  0.00000  7.39738e+02 | 56  0.00000  6.34761e+02 | 57  0.00000  4.20474e+02
 58  0.00000 -4.04658e+02 | 59  0.00000  2.57538e+02 | 60  0.00000 -6.21259e+02
 61  0.00000 -7.55412e+02 | 62  0.00000 -2.08400e+02 | 63  0.00000  1.19078e+03
 64  0.00000 -1.79057e+02 | 65  0.00000  4.49681e+02 | 66  0.00000  4.15334e+02
 67  0.00000  5.84649e+02 | 68  0.00000  3.69944e+02 | 69  0.00000 -1.59098e+03
 70  0.00000 -2.04133e+02 | 71  0.00000 -1.66488e+03 | 72  0.00000 -3.18886e+02
 73  0.00000  2.78544e+02 | 74  0.00000 -1.21945e+02 | 75  0.00000 -4.08594e+01
 76  0.00000 -5.27009e+02 | 77  0.00000  6.06868e+02 | 78  0.00000 -1.69119e+02
 79  0.00000  6.20060e+02 | 80  0.00000  6.55847e+01 | 81  0.00000  3.57115e+02
 82  0.00000  7.49713e+02 | 83  0.00000 -1.87640e+03 | 84  0.00000  1.99373e+01
 85  0.00000 -5.87654e+02 | 86  0.00000 -4.01172e+02 | 87  0.00000  3.40531e+02
 88  0.00000  1.02825e+02 | 89  0.00000  4.14754e+02 | 90  0.00000  4.22691e+02
 91  0.00000 -2.01762e+02 | 92  0.00000  2.17997e+02 | 93  0.00000  2.51237e+01
 94  0.00000  7.67755e-01 | 95  0.00000 -1.30553e+00 | 96  0.00000 -1.30562e+00
 97  0.81654 -6.31738e+01 | 98  0.22185  1.06793e+02 |

Intermediate statistics: 98 variables; iteration 20; function evaluation 31; phase 2
Function value 2.2680275e+03; maximum gradient component mag -7.2121e+02
Var    Value     Gradient |Var    Value     Gradient |Var    Value     Gradient
  1  0.63179  2.99074e+02 |  2  0.03836  6.58554e+01 |  3 -0.05068 -8.51459e+01
  4  0.00585  1.89417e+01 |  5 -0.01272  4.32401e+00 |  6  0.01528  3.20206e+01
  7 -0.00482 -4.10685e+01 |  8  0.02142  8.60239e+01 |  9  0.04225  4.87837e+00
 10  0.04949 -3.10629e+01 | 11 -0.02253 -9.21845e+01 | 12 -0.02730  1.16004e+01
 13  0.00469 -1.91399e+01 | 14  0.02878 -4.21572e+01 | 15  0.00404 -2.06293e+01
 16  0.00485  2.28723e+01 | 17 -0.01357  5.46376e+01 | 18 -0.00293 -3.19547e+01
 19 -0.00185 -4.91115e+01 | 20  0.01410 -2.39289e+01 | 21  0.00940  3.64509e+00
 22 -0.00440  4.12239e+01 | 23 -0.00157  3.32184e+01 | 24 -0.01500  6.56148e+01
 25  0.01941  1.78412e+00 | 26  0.01978 -3.41444e+02 | 27  0.01782 -3.20634e+01
 28 -0.02207  7.89061e+01 | 29  0.01055  7.10219e+01 | 30 -0.00800  2.11239e+01
 31  0.03368 -1.61515e+02 | 32 -0.00692  4.99066e+01 | 33 -0.01271  9.96528e+01
 34 -0.02323  9.88837e+01 | 35  0.00988 -7.96450e+01 | 36 -0.00397  8.43776e-01
 37  0.00916 -8.10934e+01 | 38  0.01678 -2.47545e+02 | 39  0.00337 -1.05677e+02
 40  0.01341 -1.22039e+02 | 41 -0.01547  6.44259e+01 | 42 -0.03863  1.76834e+02
 43 -0.00119  6.93712e+01 | 44 -0.02293  1.04880e+02 | 45  0.00220 -2.19072e+00
 46 -0.02866  1.30377e+02 | 47  0.00621 -4.99684e+01 | 48  0.01932 -1.59821e+02
 49 -0.00362  9.74950e+01 | 50  0.02209 -2.28455e+02 | 51 -0.03277  1.63812e+02
 52 -0.00619  4.38183e+02 | 53  0.02141 -6.00050e+02 | 54  0.00176 -8.75813e+01
 55 -0.01485  2.36917e+02 | 56 -0.01113  1.94984e+02 | 57 -0.00841  8.96339e+01
 58  0.01467 -2.22347e+01 | 59 -0.00481  9.53430e+01 | 60  0.01265 -2.82889e+02
 61  0.01692 -2.59768e+02 | 62  0.00668 -5.36293e+01 | 63 -0.02192  6.00068e+02
 64  0.00973  7.69119e+01 | 65 -0.00404  3.02959e+02 | 66 -0.00445  2.39688e+02
 67 -0.00870  3.19802e+02 | 68 -0.00519  2.44248e+02 | 69  0.02829 -7.21213e+02
 70  0.00148 -7.68170e+01 | 71  0.03567 -5.04137e+02 | 72  0.01255  5.41328e+01
 73 -0.00400  1.91787e+02 | 74  0.00703  4.78975e+01 | 75  0.00036 -2.59984e+01
 76  0.01084 -2.26176e+02 | 77 -0.01346  2.76924e+02 | 78  0.00091 -1.89423e+02
 79 -0.01172  2.83639e+02 | 80  0.00131  5.05763e+01 | 81 -0.00562  1.61869e+02
 82 -0.01955  3.21756e+02 | 83  0.04390 -3.36619e+02 | 84 -0.00060  6.69628e+01
 85  0.00649 -4.23018e+02 | 86  0.00817 -2.19276e+02 | 87 -0.00682  1.78040e+02
 88 -0.00344 -1.22098e+01 | 89 -0.01781  9.14172e+01 | 90 -0.01566  1.82718e+02
 91  0.00824 -7.59759e+01 | 92 -0.04191 -5.20828e+01 | 93 -0.01324 -2.24532e+01
 94 -0.04947 -8.32334e+01 | 95 -0.00989 -2.37076e+01 | 96 -0.00989 -2.37043e+01
 97  0.81856  8.41665e+00 | 98  0.21567 -1.12356e+01 |
98 variables; iteration 40; function evaluation 57; phase 2
Function value 2.2242209e+03; maximum gradient component mag 1.5735e+03
Var    Value     Gradient |Var    Value     Gradient |Var    Value     Gradient
  1  0.63645  1.57354e+03 |  2 -0.03413 -1.16020e+02 |  3  0.01408  6.17536e+00
  4 -0.02680 -8.91721e+01 |  5 -0.04319 -9.83117e+01 |  6 -0.01508 -8.77266e+01
  7  0.01948  5.84944e-01 |  8 -0.04168 -1.45406e+02 |  9  0.05992  8.64219e+01
 10  0.04672 -7.85674e+01 | 11  0.02218  8.93548e+01 | 12 -0.01082  5.19629e+01
 13 -0.00199 -8.84203e+01 | 14  0.04031  7.06863e+01 | 15  0.01850  9.86013e+01
 16  0.01161  7.45538e+01 | 17 -0.00975  6.17884e+01 | 18 -0.00157 -4.83096e+01
 19  0.00414 -7.99664e+00 | 20  0.01315 -7.30014e+01 | 21  0.00804 -5.27073e+01
 22 -0.00800 -3.29197e+01 | 23 -0.00527 -3.92407e+01 | 24 -0.01908 -2.05193e+00
 25  0.01065 -1.40738e+02 | 26  0.03545 -3.85289e+01 | 27  0.01091 -1.35524e+02
 28 -0.02229  5.70931e+01 | 29 -0.00032 -9.40651e+01 | 30 -0.01261 -4.80478e+01
 31  0.03423 -1.34234e+02 | 32 -0.00886  1.61384e+01 | 33 -0.01519  5.70326e+01
 34 -0.02822  3.03346e+01 | 35  0.00911 -9.41043e+01 | 36 -0.00416 -6.63314e+00
 37  0.01002 -5.58140e+01 | 38  0.02624 -4.52453e+01 | 39  0.00715 -3.15702e+01
 40  0.01537 -6.28783e+01 | 41 -0.01521  6.53049e+01 | 42 -0.05902 -1.17925e+01
 43 -0.00874 -4.42763e+01 | 44 -0.02471  8.09614e+01 | 45 -0.00072 -2.78838e+01
 46 -0.02836  1.39206e+02 | 47  0.00575 -1.61422e+01 | 48  0.02191 -3.49328e+01
 49 -0.01333 -3.13433e+01 | 50  0.02500 -7.79622e+01 | 51 -0.03421  1.54421e+02
 52 -0.01951  2.25188e+02 | 53  0.03016 -1.61500e+02 | 54  0.00442  5.74893e+01
 55 -0.02108  1.21889e+02 | 56 -0.01771  5.43562e+01 | 57 -0.01139  3.35336e+01
 58  0.01364  4.97340e+00 | 59 -0.00571  1.21143e+02 | 60  0.01924  4.32084e+01
 61  0.02036 -3.30883e+01 | 62  0.00770  4.32559e+01 | 63 -0.03939  2.86046e+02
 64  0.00850  8.25800e+01 | 65 -0.01183  1.24364e+02 | 66 -0.01174  6.93028e+01
 67 -0.01757  1.29235e+02 | 68 -0.01112  1.40532e+02 | 69  0.03525 -3.41929e+02
 70 -0.00004 -5.00370e+01 | 71  0.04455 -3.20732e+00 | 72  0.01033  3.89994e+01
 73 -0.01047  6.16347e+01 | 74  0.00476  1.36592e+01 | 75  0.00050  8.44399e+00
 76  0.01388 -6.86370e+01 | 77 -0.01812  2.06085e+02 | 78  0.00703  3.26078e+01
 79 -0.01892  1.34349e+02 | 80 -0.00188 -2.95650e+01 | 81 -0.00889  7.92673e+01
 82 -0.02733  1.72030e+02 | 83  0.04638 -1.63490e+02 | 84 -0.00791 -7.18026e+01
 85  0.01667 -1.32013e+02 | 86  0.01341 -5.81703e+01 | 87 -0.01381  3.25463e+01
 88 -0.00132 -1.51632e+00 | 89 -0.02476 -4.92858e+01 | 90 -0.02916 -3.39347e+01
 91  0.01038 -8.97002e+01 | 92 -0.03528 -5.06580e+01 | 93  0.00509  2.01828e+01
 94  0.05265  4.07921e+01 | 95  0.01207 -2.78644e+01 | 96  0.01207 -2.78686e+01
 97  0.80467 -2.16704e+01 | 98  0.22024  6.65195e+01 |
98 variables; iteration 60; function evaluation 84; phase 2
Function value 2.1962878e+03; maximum gradient component mag 1.0576e+03
Var    Value     Gradient |Var    Value     Gradient |Var    Value     Gradient
  1  0.62949  1.05758e+03 |  2 -0.04245 -1.15696e+02 |  3 -0.02921 -6.90134e+01
  4 -0.01146 -4.35832e+01 |  5 -0.00966 -1.23026e+01 |  6  0.00901 -1.03239e+01
  7  0.01995  1.32987e+01 |  8 -0.01454 -6.01056e+01 |  9  0.05183  3.64100e+01
 10  0.05225 -3.66624e+01 | 11  0.00659  9.53104e+00 | 12 -0.01843  2.52052e+01
 13  0.01359  1.74265e+01 | 14  0.03605  1.01918e+01 | 15  0.01170  2.29634e+01
 16  0.00674  1.28367e+01 | 17 -0.01340  2.45933e+01 | 18  0.00246 -4.51265e+00
 19  0.00178 -4.30532e+01 | 20  0.01525 -5.09659e+01 | 21  0.01082 -2.25247e+01
 22 -0.00683 -2.56554e+01 | 23 -0.00362 -2.83514e+01 | 24 -0.01985 -1.12678e+01
 25  0.02032 -8.93329e+00 | 26  0.04021  3.11614e+01 | 27  0.01766 -5.32224e+01
 28 -0.02667  1.33127e+01 | 29  0.00599 -2.51747e+01 | 30 -0.00982 -2.56443e+01
 31  0.03958 -5.39970e+01 | 32 -0.01216 -4.08319e+01 | 33 -0.01879  2.47847e-01
 34 -0.03450 -3.59068e+01 | 35  0.01887  4.89099e+01 | 36 -0.00441 -2.57736e+01
 37  0.01261 -4.13816e+01 | 38  0.02925 -2.56416e+01 | 39  0.00958 -2.04530e+01
 40  0.02186  2.29908e+01 | 41 -0.01625  3.40191e+01 | 42 -0.05141  4.20739e+01
 43 -0.00571 -2.87885e+01 | 44 -0.02691  3.71922e+01 | 45  0.00306 -6.31076e+00
 46 -0.03422  5.70765e+01 | 47  0.00922  4.36483e+00 | 48  0.02546 -8.05297e+00
 49 -0.00872  9.98215e+00 | 50  0.02929 -3.34150e+01 | 51 -0.04217  3.70849e+01
 52 -0.02559  9.06853e+01 | 53  0.03561 -4.57660e+01 | 54  0.00584  3.03777e+01
 55 -0.02485  1.49791e+00 | 56 -0.01961 -4.03382e+01 | 57 -0.00944  2.39901e+01
 58  0.01530 -2.14728e+01 | 59 -0.00419  1.06066e+02 | 60  0.02156  4.30343e+01
 61  0.02365  6.98180e+00 | 62  0.01054  5.90178e+01 | 63 -0.04776  1.31274e+02
 64  0.00948  3.09946e+01 | 65 -0.01057  1.01878e+02 | 66 -0.01058  4.05168e+01
 67 -0.01962  3.97750e+01 | 68 -0.01154  8.77219e+01 | 69  0.04368 -5.70927e+01
 70  0.00317 -1.63847e+01 | 71  0.04723  2.54964e+00 | 72  0.01280  4.17291e+01
 73 -0.00883  5.36245e+01 | 74  0.00636 -3.65446e+00 | 75  0.00146 -1.78673e+01
 76  0.01842  1.09407e+01 | 77 -0.02521  3.58727e+01 | 78  0.00962  4.04677e+01
 79 -0.02339  9.58065e+00 | 80  0.00172  1.68846e+01 | 81 -0.00973  1.54703e+01
 82 -0.03281  5.65193e+01 | 83  0.05091 -2.03874e+01 | 84 -0.00317  8.11334e+00
 85  0.02111 -3.63171e+01 | 86  0.01690  1.24201e+00 | 87 -0.01572 -1.83219e+01
 88  0.00029  7.65660e+00 | 89 -0.02263 -2.68141e+01 | 90 -0.03185 -6.27112e+01
 91  0.01160 -6.43144e+01 | 92 -0.03204 -1.94444e+01 | 93 -0.01580 -5.71504e+01
 94  0.01464 -5.44980e+00 | 95 -0.01825 -5.90881e+01 | 96 -0.01825 -5.90854e+01
 97  0.81187  9.30979e+00 | 98  0.21788  4.77191e+01 |
Maximum number of function evaluations exceeded

 - final statistics:
98 variables; iteration 73; function evaluation 100
Function value 2.1868e+03; maximum gradient component mag 1.3046e+02
Exit code = 3;  converg criter 1.0000e+01
Var    Value     Gradient |Var    Value     Gradient |Var    Value     Gradient
  1  0.62790  1.30458e+02 |  2  0.00988  7.41377e+00 |  3 -0.00908 -2.85496e+00
  4  0.00705  2.40067e+01 |  5 -0.02282 -1.54634e+01 |  6 -0.00708 -2.85819e+01
  7  0.00731 -3.49318e+00 |  8  0.00292  1.90492e+01 |  9  0.04003 -1.05670e+01
 10  0.05360 -7.31931e+00 | 11  0.00032  2.31363e+00 | 12 -0.03108 -2.49751e+00
 13  0.00964  1.02341e+01 | 14  0.03285 -8.47714e+00 | 15  0.00583 -1.11788e+01
 16  0.00281 -6.28455e+00 | 17 -0.01874  1.76440e+00 | 18  0.00094  4.12652e+00
 19  0.00069 -2.67729e+01 | 20  0.01678  2.73868e+00 | 21  0.00940 -1.26348e+01
 22 -0.00701 -3.71864e+00 | 23 -0.00321 -1.90640e+00 | 24 -0.02156 -4.66194e+00
 25  0.02057  9.59803e+00 | 26  0.03775 -1.28415e+01 | 27  0.02043  2.81148e+00
 28 -0.03041  1.87019e+00 | 29  0.00600 -1.01978e+01 | 30 -0.00887  3.64778e+00
 31  0.04125 -5.81526e+00 | 32 -0.01097 -9.09204e+00 | 33 -0.01970  8.04481e+00
 34 -0.03434 -1.64044e+01 | 35  0.01651  1.27570e+01 | 36 -0.00402 -8.11853e+00
 37  0.01503  6.58126e+00 | 38  0.03058  3.12561e+00 | 39  0.01023 -4.57154e+00
 40  0.02155  1.44778e+01 | 41 -0.01924  7.94591e+00 | 42 -0.05784  1.03477e+01
 43 -0.00387  1.92422e+00 | 44 -0.03045  1.01899e+01 | 45  0.00440  9.78330e+00
 46 -0.04003  9.69317e+00 | 47  0.00987  3.58372e+00 | 48  0.02760  1.77137e+01
 49 -0.00842  7.63585e+00 | 50  0.03160 -9.43572e+00 | 51 -0.04510  9.16846e+00
 52 -0.03079  1.11492e+01 | 53  0.03806 -1.70301e+00 | 54  0.00527 -7.60800e+00
 55 -0.02460  3.21372e+00 | 56 -0.01784 -1.07866e+01 | 57 -0.01101 -2.26190e+01
 58  0.01654 -1.08401e+01 | 59 -0.00645  3.74570e+01 | 60  0.02108 -9.82136e+00
 61  0.02417 -7.07552e+00 | 62  0.00964  3.28904e+00 | 63 -0.05727  1.39016e+01
 64  0.00937 -1.47846e+00 | 65 -0.01354  2.17530e+01 | 66 -0.01159  3.52923e+00
 67 -0.02140 -3.11802e+00 | 68 -0.01551 -3.25141e+00 | 69  0.04638  2.23944e+01
 70  0.00442  1.34629e+00 | 71  0.04807 -1.83593e+01 | 72  0.01232  4.46683e-01
 73 -0.01111 -2.06060e+00 | 74  0.00732  7.01036e+00 | 75  0.00283  9.97987e+00
 76  0.01872  1.82516e+00 | 77 -0.02641  1.90713e+01 | 78  0.00868 -1.05790e+00
 79 -0.02357  1.19363e+01 | 80  0.00111 -3.64463e+00 | 81 -0.01096 -1.04130e+01
 82 -0.03685  6.69065e+00 | 83  0.05150 -5.96104e+00 | 84 -0.00384  4.57138e+00
 85  0.02204 -3.65567e+00 | 86  0.01600 -1.56976e+01 | 87 -0.01516  7.82440e+00
 88 -0.00137 -9.03349e+00 | 89 -0.02241 -2.45335e-01 | 90 -0.02926 -6.11387e+00
 91  0.01378 -1.08770e+00 | 92 -0.03627 -1.58887e+01 | 93 -0.01133 -1.07506e+01
 94 -0.00599 -1.09963e+01 | 95  0.00378  1.71658e+00 | 96  0.00378  1.71629e+00
 97  0.81798  2.91967e+00 | 98  0.21600 -1.41785e+01 |

Initial statistics: 100 variables; iteration 0; function evaluation 0; phase 3
Function value 2.1867981e+03; maximum gradient component mag -1.9204e+02
Var    Value     Gradient |Var    Value     Gradient |Var    Value     Gradient
  1  0.62790  1.30458e+02 |  2  0.00988  7.44270e+00 |  3 -0.00908 -2.82603e+00
  4  0.00705  2.40356e+01 |  5 -0.02282 -1.54345e+01 |  6 -0.00708 -2.85530e+01
  7  0.00731 -3.46425e+00 |  8  0.00292  1.90781e+01 |  9  0.04003 -1.05381e+01
 10  0.05360 -7.29048e+00 | 11  0.00032  2.34256e+00 | 12 -0.03108 -2.46861e+00
 13  0.00964  1.02631e+01 | 14  0.03285 -8.44825e+00 | 15  0.00583 -1.11499e+01
 16  0.00281 -6.25561e+00 | 17 -0.01874  1.79332e+00 | 18  0.00094  4.15546e+00
 19  0.00069 -2.67439e+01 | 20  0.01678  2.76760e+00 | 21  0.00940 -1.26059e+01
 22 -0.00701 -3.68971e+00 | 23 -0.00321 -1.87747e+00 | 24 -0.02156 -4.63302e+00
 25  0.02057  9.62695e+00 | 26  0.03775 -1.28126e+01 | 27  0.02043  2.84040e+00
 28 -0.03041  1.89909e+00 | 29  0.00600 -1.01688e+01 | 30 -0.00887  3.67671e+00
 31  0.04125 -5.78639e+00 | 32 -0.01097 -9.06311e+00 | 33 -0.01970  8.07373e+00
 34 -0.03434 -1.63755e+01 | 35  0.01651  1.27860e+01 | 36 -0.00402 -8.08960e+00
 37  0.01503  6.61019e+00 | 38  0.03058  3.15451e+00 | 39  0.01023 -4.54261e+00
 40  0.02155  1.45067e+01 | 41 -0.01924  7.97483e+00 | 42 -0.05784  1.03765e+01
 43 -0.00387  1.95315e+00 | 44 -0.03045  1.02188e+01 | 45  0.00440  9.81223e+00
 46 -0.04002  9.72205e+00 | 47  0.00987  3.61265e+00 | 48  0.02761  1.77426e+01
 49 -0.00842  7.66478e+00 | 50  0.03160 -9.40682e+00 | 51 -0.04510  9.19733e+00
 52 -0.03079  1.11781e+01 | 53  0.03806 -1.67413e+00 | 54  0.00527 -7.57907e+00
 55 -0.02460  3.24263e+00 | 56 -0.01784 -1.07577e+01 | 57 -0.01101 -2.25901e+01
 58  0.01654 -1.08112e+01 | 59 -0.00645  3.74859e+01 | 60  0.02108 -9.79244e+00
 61  0.02417 -7.04661e+00 | 62  0.00964  3.31797e+00 | 63 -0.05727  1.39304e+01
 64  0.00937 -1.44953e+00 | 65 -0.01354  2.17820e+01 | 66 -0.01159  3.55816e+00
 67 -0.02140 -3.08910e+00 | 68 -0.01551 -3.22249e+00 | 69  0.04638  2.24233e+01
 70  0.00442  1.37522e+00 | 71  0.04807 -1.83305e+01 | 72  0.01232  4.75610e-01
 73 -0.01111 -2.03168e+00 | 74  0.00732  7.03929e+00 | 75  0.00283  1.00088e+01
 76  0.01872  1.85408e+00 | 77 -0.02641  1.91002e+01 | 78  0.00868 -1.02897e+00
 79 -0.02356  1.19652e+01 | 80  0.00111 -3.61570e+00 | 81 -0.01096 -1.03840e+01
 82 -0.03685  6.71953e+00 | 83  0.05150 -5.93220e+00 | 84 -0.00384  4.60031e+00
 85  0.02204 -3.62675e+00 | 86  0.01600 -1.56686e+01 | 87 -0.01516  7.85333e+00
 88 -0.00136 -9.00456e+00 | 89 -0.02241 -2.16420e-01 | 90 -0.02926 -6.08497e+00
 91  0.01378 -1.05877e+00 | 92 -0.03627 -1.58598e+01 | 93 -0.01133 -1.07216e+01
 94 -0.00599 -1.09674e+01 | 95  0.00378  1.74552e+00 | 96  0.00378  1.74522e+00
 97  0.81798  2.91967e+00 | 98 -0.41581 -1.92041e+02 | 99  0.21600 -1.41785e+01
100 -0.25275  3.02900e+01 |

Intermediate statistics: 100 variables; iteration 20; function evaluation 20; phase 3
Function value 2.1861835e+03; maximum gradient component mag 1.5899e+02
Var    Value     Gradient |Var    Value     Gradient |Var    Value     Gradient
  1  0.62723  1.12973e+02 |  2  0.00586 -1.79769e-01 |  3 -0.00939 -3.11386e+00
  4 -0.00077  6.67494e+00 |  5 -0.01931 -7.35188e+00 |  6 -0.00169 -1.39970e+01
  7  0.00711 -3.54440e+00 |  8 -0.00052  8.39431e+00 |  9  0.03992 -1.03253e+01
 10  0.05309 -1.00483e+01 | 11 -0.00034  4.41903e-02 | 12 -0.03143 -3.15675e+00
 13  0.00929  8.91541e+00 | 14  0.03209 -1.52829e+01 | 15  0.00520 -1.58784e+01
 16  0.00239 -1.00905e+01 | 17 -0.01876  1.70883e+00 | 18  0.00102  5.50051e+00
 19 -0.00060 -4.19592e+01 | 20  0.01672  2.15110e+00 | 21  0.00871 -2.17267e+01
 22 -0.00725 -6.84592e+00 | 23 -0.00338 -4.30806e+00 | 24 -0.02175 -6.47214e+00
 25  0.02061  9.66629e+00 | 26  0.03770 -1.48860e+01 | 27  0.02036  6.62904e-01
 28 -0.03039  1.47113e+00 | 29  0.00546 -1.87137e+01 | 30 -0.00878  4.17505e+00
 31  0.04130 -5.77990e+00 | 32 -0.01140 -1.44281e+01 | 33 -0.01943  1.03567e+01
 34 -0.03481 -2.07898e+01 | 35  0.01651  1.12116e+01 | 36 -0.00447 -1.47434e+01
 37  0.01511  6.13383e+00 | 38  0.03058  3.01732e-01 | 39  0.01003 -1.00191e+01
 40  0.02161  1.22194e+01 | 41 -0.01885  1.06377e+01 | 42 -0.05759  1.12604e+01
 43 -0.00377  6.94634e-01 | 44 -0.02996  1.34231e+01 | 45  0.00460  9.35923e+00
 46 -0.03957  1.19630e+01 | 47  0.00989 -1.40615e+00 | 48  0.02731  2.43885e+00
 49 -0.00819  6.64043e+00 | 50  0.03218 -2.03443e+00 | 51 -0.04458  1.18601e+01
 52 -0.03029  1.42174e+01 | 53  0.03828 -5.26754e+00 | 54  0.00573 -2.34779e+00
 55 -0.02441  3.57162e+00 | 56 -0.01747 -7.24671e+00 | 57 -0.01031 -9.52484e+00
 58  0.01697 -4.09321e+00 | 59 -0.00715  1.73347e+01 | 60  0.02130 -1.08304e+01
 61  0.02419 -1.18419e+01 | 62  0.00969 -9.45708e-01 | 63 -0.05646  2.24956e+01
 64  0.00973  3.87299e+00 | 65 -0.01376  1.29805e+01 | 66 -0.01153 -7.38388e-01
 67 -0.02125 -3.23986e+00 | 68 -0.01531 -2.69664e+00 | 69  0.04695  4.61729e+01
 70  0.00451  2.20214e-01 | 71  0.04797 -2.83711e+01 | 72  0.01248  2.75058e-01
 73 -0.01098 -1.53394e+00 | 74  0.00744  5.57027e+00 | 75  0.00285  7.99488e+00
 76  0.01922  1.43596e+01 | 77 -0.02598  2.52835e+01 | 78  0.00901  3.65796e+00
 79 -0.02334  1.37971e+01 | 80  0.00151  1.45026e+00 | 81 -0.01057 -5.14184e+00
 82 -0.03628  1.22810e+01 | 83  0.05211  1.80202e+01 | 84 -0.00364  4.44342e+00
 85  0.02254  5.46678e+00 | 86  0.01682 -1.55692e+00 | 87 -0.01456  1.28479e+01
 88 -0.00094 -9.83353e+00 | 89 -0.02169  3.12943e+00 | 90 -0.02870 -6.23229e+00
 91  0.01454  3.84121e+00 | 92 -0.03548 -1.29128e+01 | 93 -0.01027 -5.19356e+00
 94 -0.00231 -4.43068e+00 | 95  0.00064 -2.67637e+00 | 96  0.00064 -2.67643e+00
 97  0.84365 -1.83318e+00 | 98 -0.41195  8.14127e+00 | 99  0.21721 -5.13953e+01
100 -0.25186  1.58991e+02 |
100 variables; iteration 40; function evaluation 43; phase 3
Function value 2.1857664e+03; maximum gradient component mag 3.9952e+01
Var    Value     Gradient |Var    Value     Gradient |Var    Value     Gradient
  1  0.62717  2.37277e+01 |  2  0.00697  4.63080e+00 |  3 -0.00963 -9.76144e-01
  4 -0.00325  3.83581e+00 |  5 -0.01917 -4.42387e+00 |  6  0.00419  4.54873e+00
  7  0.00704 -1.13603e+00 |  8 -0.00123  8.71905e+00 |  9  0.04103 -1.78840e+00
 10  0.05367 -3.28431e+00 | 11 -0.00280 -8.49747e+00 | 12 -0.03182 -2.04944e+00
 13  0.00884  8.27882e+00 | 14  0.03300 -3.51469e+00 | 15  0.00637 -3.58294e+00
 16  0.00251 -7.23979e+00 | 17 -0.01944 -2.46585e+00 | 18  0.00017 -3.28364e+00
 19  0.00186 -9.95709e+00 | 20  0.01668  3.61150e+00 | 21  0.00956 -8.27262e+00
 22 -0.00701 -1.90872e+00 | 23 -0.00321 -4.92098e-01 | 24 -0.02148 -2.34590e+00
 25  0.01993 -1.99057e-01 | 26  0.03817 -4.29956e+00 | 27  0.02013 -1.81621e+00
 28 -0.03136 -4.36446e+00 | 29  0.00632 -5.80916e+00 | 30 -0.00927  6.81011e-02
 31  0.04147 -1.70959e+00 | 32 -0.01024  5.54144e-01 | 33 -0.02008  5.41405e+00
 34 -0.03249  1.01063e+00 | 35  0.01596  1.90127e+00 | 36 -0.00391 -7.11034e+00
 37  0.01462 -1.49023e+00 | 38  0.03052 -5.52093e-01 | 39  0.01080  2.71202e+00
 40  0.02091 -9.26172e-01 | 41 -0.01992 -8.07796e-01 | 42 -0.05907  2.30680e+00
 43 -0.00400 -2.96241e+00 | 44 -0.03053  8.22755e+00 | 45  0.00407 -5.00856e-01
 46 -0.04037  5.48203e+00 | 47  0.00990 -2.73139e+00 | 48  0.02728 -1.18341e+00
 49 -0.00852  4.57953e-01 | 50  0.03213 -8.80105e+00 | 51 -0.04530  4.76388e+00
 52 -0.03070  8.58883e+00 | 53  0.03847 -7.17295e-01 | 54  0.00567 -6.06131e+00
 55 -0.02458 -4.06193e-01 | 56 -0.01714 -1.31049e-01 | 57 -0.00985  4.48706e-01
 58  0.01735  7.24569e+00 | 59 -0.00765  3.35994e+00 | 60  0.02086 -2.91238e+01
 61  0.02491  1.12474e+01 | 62  0.00968 -2.67846e+00 | 63 -0.05814  3.13781e+00
 64  0.00991  7.63282e+00 | 65 -0.01409  4.68117e+00 | 66 -0.01156 -1.08404e+00
 67 -0.02115 -1.36178e+00 | 68 -0.01521 -1.04862e+00 | 69  0.04639  9.79619e+00
 70  0.00453 -7.42518e-01 | 71  0.04848 -9.98603e+00 | 72  0.01249 -1.95279e-01
 73 -0.01085  2.02177e-02 | 74  0.00732  3.27781e-01 | 75  0.00266 -9.18120e-02
 76  0.01881 -4.48797e+00 | 77 -0.02682  9.79806e+00 | 78  0.00917  6.59583e+00
 79 -0.02397  2.38200e+00 | 80  0.00179  1.03845e+01 | 81 -0.01032  6.84175e-01
 82 -0.03714  1.13660e+00 | 83  0.05197  4.21984e+00 | 84 -0.00377  1.60831e+00
 85  0.02217 -7.54104e+00 | 86  0.01701  3.80776e+00 | 87 -0.01496  7.30036e+00
 88 -0.00054 -5.16334e-01 | 89 -0.02202  3.90130e-01 | 90 -0.02807  2.73150e+00
 91  0.01450  3.05870e+00 | 92 -0.03379 -1.74350e+00 | 93 -0.00909 -3.16604e-01
 94 -0.00096  2.18060e-01 | 95 -0.00092 -2.42778e+00 | 96 -0.00092 -2.42776e+00
 97  0.84370 -3.43263e+00 | 98 -0.41191  2.14878e+01 | 99  0.21886 -1.11114e+01
100 -0.25189  3.99522e+01 |
100 variables; iteration 60; function evaluation 66; phase 3
Function value 2.1856951e+03; maximum gradient component mag 1.1058e+01
Var    Value     Gradient |Var    Value     Gradient |Var    Value     Gradient
  1  0.62725  7.64526e+00 |  2  0.00666  4.65876e+00 |  3 -0.00974 -5.63250e-01
  4 -0.00477  1.16905e+00 |  5 -0.01683  1.40388e+00 |  6  0.00270  1.16422e+00
  7  0.01020  9.54539e+00 |  8 -0.00318  3.28973e+00 |  9  0.04147  1.60771e+00
 10  0.05366 -2.20967e+00 | 11 -0.00155 -2.01202e+00 | 12 -0.03119  1.10486e+00
 13  0.00798  3.57977e+00 | 14  0.03307 -1.59716e+00 | 15  0.00654 -1.01923e+00
 16  0.00295 -1.88753e+00 | 17 -0.01924  1.04076e-01 | 18  0.00034 -4.82544e-01
 19  0.00229 -3.86083e+00 | 20  0.01646  1.05270e+00 | 21  0.00987 -3.35020e+00
 22 -0.00707 -1.75517e+00 | 23 -0.00335 -1.12139e+00 | 24 -0.02133 -2.66590e-01
 25  0.01985 -2.87336e-01 | 26  0.03818 -2.61356e+00 | 27  0.01996 -3.33493e+00
 28 -0.03136 -3.42407e+00 | 29  0.00645 -2.74242e+00 | 30 -0.00945 -9.36159e-01
 31  0.04146 -7.67107e-01 | 32 -0.01037 -2.14127e-01 | 33 -0.02043  2.36828e+00
 34 -0.03286 -1.74364e+00 | 35  0.01580 -7.74901e-02 | 36 -0.00361 -2.30212e+00
 37  0.01455 -1.40520e+00 | 38  0.03058  1.66914e+00 | 39  0.01073  2.52143e+00
 40  0.02090 -4.69425e-01 | 41 -0.02026 -3.97114e+00 | 42 -0.05973 -1.68566e+00
 43 -0.00394 -1.58759e+00 | 44 -0.03109  3.19034e+00 | 45  0.00414  7.77678e-01
 46 -0.04108 -5.42479e-01 | 47  0.00986 -3.21872e+00 | 48  0.02733  1.79774e-01
 49 -0.00852  9.42648e-01 | 50  0.03234 -2.73513e+00 | 51 -0.04559  2.03827e+00
 52 -0.03134  3.17889e-02 | 53  0.03849 -1.10998e-01 | 54  0.00575 -2.64492e+00
 55 -0.02458  2.48266e-01 | 56 -0.01720 -5.62229e-01 | 57 -0.00984  8.93592e-01
 58  0.01718  2.17224e+00 | 59 -0.00778  1.16560e+00 | 60  0.02135 -1.03112e+01
 61  0.02468  3.68834e+00 | 62  0.00970 -1.40196e+00 | 63 -0.05834  1.12926e+00
 64  0.00971  1.97989e+00 | 65 -0.01426  1.37034e+00 | 66 -0.01158 -6.52083e-01
 67 -0.02118 -1.40601e+00 | 68 -0.01526 -1.23753e+00 | 69  0.04624  2.64846e+00
 70  0.00460  1.75045e+00 | 71  0.04860 -3.74079e+00 | 72  0.01257  2.96557e+00
 73 -0.01086  2.03991e-01 | 74  0.00724 -1.00203e+00 | 75  0.00259 -1.69176e+00
 76  0.01887 -1.68064e+00 | 77 -0.02730  1.76732e+00 | 78  0.00899  1.68119e+00
 79 -0.02401  1.91895e+00 | 80  0.00150  3.16862e+00 | 81 -0.01044 -1.34580e+00
 82 -0.03726  5.37475e-01 | 83  0.05188  1.11383e+00 | 84 -0.00392 -3.00459e-03
 85  0.02229 -2.65264e+00 | 86  0.01684  1.34527e+00 | 87 -0.01532  2.33039e+00
 88 -0.00055  1.60993e+00 | 89 -0.02222 -7.19717e-01 | 90 -0.02834  1.42208e+00
 91  0.01426  6.32724e-01 | 92 -0.03433 -3.48933e+00 | 93 -0.00833  3.72114e+00
 94  0.00006  2.32913e+00 | 95  0.00052  3.62691e-01 | 96  0.00052  3.62939e-01
 97  0.84417 -1.27341e+00 | 98 -0.41188  9.12236e+00 | 99  0.21780 -5.14190e+00
100 -0.25235  1.10582e+01 |
100 variables; iteration 80; function evaluation 91; phase 3
Function value 2.1856671e+03; maximum gradient component mag 5.7246e+00
Var    Value     Gradient |Var    Value     Gradient |Var    Value     Gradient
  1  0.62705  3.19094e+00 |  2  0.00550  2.35646e+00 |  3 -0.00862  1.71111e+00
  4 -0.00514  3.09003e-01 |  5 -0.01713  6.93092e-01 |  6  0.00275  1.17039e+00
  7  0.00828  3.28067e+00 |  8 -0.00376  1.23870e+00 |  9  0.04126 -1.60698e-01
 10  0.05343 -4.84496e+00 | 11 -0.00127 -1.14916e+00 | 12 -0.03101  1.58314e+00
 13  0.00759  4.76471e-01 | 14  0.03342  1.32465e+00 | 15  0.00670 -1.30415e-01
 16  0.00308 -1.03640e+00 | 17 -0.01953 -2.64667e+00 | 18  0.00038 -4.59817e-01
 19  0.00252 -1.27528e+00 | 20  0.01648  8.95699e-01 | 21  0.00998 -2.23593e+00
 22 -0.00685  3.17920e-01 | 23 -0.00315  5.79224e-01 | 24 -0.02123  2.25087e-01
 25  0.01989 -6.43594e-01 | 26  0.03829 -1.71636e+00 | 27  0.02017 -1.01481e+00
 28 -0.03112 -1.85410e+00 | 29  0.00657 -1.81497e+00 | 30 -0.00931  1.95642e-01
 31  0.04179  5.72460e+00 | 32 -0.01041 -1.38274e+00 | 33 -0.02056  3.44759e-01
 34 -0.03280 -1.68462e+00 | 35  0.01587  2.07804e-01 | 36 -0.00348 -1.29759e+00
 37  0.01466 -5.19981e-01 | 38  0.03063  1.54719e+00 | 39  0.01072  1.45170e+00
 40  0.02097 -1.29588e-01 | 41 -0.02000 -1.50654e+00 | 42 -0.05967 -1.50950e+00
 43 -0.00376  3.62600e-01 | 44 -0.03111  2.52788e+00 | 45  0.00418  5.30271e-01
 46 -0.04125 -2.41777e+00 | 47  0.01002 -1.25937e+00 | 48  0.02734 -1.06842e+00
 49 -0.00855 -3.54989e-01 | 50  0.03245 -1.36797e+00 | 51 -0.04553  2.18000e+00
 52 -0.03133 -5.24406e-01 | 53  0.03856 -2.91792e-02 | 54  0.00585 -1.24301e+00
 55 -0.02451  3.97144e-01 | 56 -0.01716 -9.09118e-01 | 57 -0.00989 -1.82974e+00
 58  0.01722  1.18343e+00 | 59 -0.00775  4.06031e-01 | 60  0.02157 -4.13640e+00
 61  0.02469  1.66810e+00 | 62  0.00979 -3.98509e-01 | 63 -0.05838  4.53845e-02
 64  0.00975  9.47729e-01 | 65 -0.01422  7.92673e-01 | 66 -0.01151 -1.11005e-01
 67 -0.02107 -3.20412e-01 | 68 -0.01518 -6.20699e-01 | 69  0.04628  1.17610e+00
 70  0.00462  7.59495e-01 | 71  0.04872 -1.51221e+00 | 72  0.01258  1.49379e+00
 73 -0.01079  2.64189e-01 | 74  0.00732 -4.91760e-01 | 75  0.00269 -8.63545e-01
 76  0.01896 -6.52196e-01 | 77 -0.02731  5.35761e-01 | 78  0.00902  6.35754e-01
 79 -0.02397  1.37404e+00 | 80  0.00148  1.02998e+00 | 81 -0.01031  8.45243e-02
 82 -0.03729 -4.99131e-01 | 83  0.05194  5.50517e-01 | 84 -0.00388 -1.40465e-01
 85  0.02240 -9.80416e-01 | 86  0.01686  5.55380e-01 | 87 -0.01530  2.02813e+00
 88 -0.00054  1.08708e+00 | 89 -0.02210  4.77725e-01 | 90 -0.02843  3.11838e-01
 91  0.01427  6.35233e-01 | 92 -0.03413 -2.14012e+00 | 93 -0.00894  1.19995e+00
 94 -0.00089  8.88538e-01 | 95  0.00031  1.63210e-01 | 96  0.00031  1.58139e-01
 97  0.84440 -7.26713e-01 | 98 -0.41187  4.86234e+00 | 99  0.21729 -4.24839e+00
100 -0.25252  3.82210e+00 |
Maximum number of function evaluations exceeded

 - final statistics:
100 variables; iteration 86; function evaluation 100
Function value 2.1857e+03; maximum gradient component mag 1.6777e+00
Exit code = 3;  converg criter 1.0000e+00
Var    Value     Gradient |Var    Value     Gradient |Var    Value     Gradient
  1  0.62691  3.17101e-01 |  2  0.00442  2.59346e-01 |  3 -0.00938  1.74548e-01
  4 -0.00526  4.87028e-02 |  5 -0.01742  7.37748e-02 |  6  0.00238  1.31729e-01
  7  0.00737  3.80539e-01 |  8 -0.00409  1.55474e-01 |  9  0.04135  4.70730e-02
 10  0.05414 -7.11511e-02 | 11 -0.00100 -8.84762e-02 | 12 -0.03134  2.39041e-01
 13  0.00758  1.49842e-01 | 14  0.03332 -2.65044e-01 | 15  0.00675 -1.86399e-02
 16  0.00320 -2.45305e-01 | 17 -0.01932 -1.09681e+00 | 18  0.00043 -1.58785e-01
 19  0.00266  2.68574e-02 | 20  0.01648  3.90699e-01 | 21  0.01015 -3.89061e-01
 22 -0.00686 -1.99478e-01 | 23 -0.00317 -5.46505e-02 | 24 -0.02119  2.76846e-01
 25  0.02002  7.29162e-01 | 26  0.03840 -1.96421e-01 | 27  0.02022 -6.31609e-01
 28 -0.03089 -1.75953e-01 | 29  0.00673 -1.11415e-01 | 30 -0.00927  2.20587e-01
 31  0.04163  7.32771e-01 | 32 -0.01026 -6.98508e-02 | 33 -0.02051  5.84312e-01
 34 -0.03264 -5.07657e-01 | 35  0.01592  4.79304e-01 | 36 -0.00337 -1.87036e-01
 37  0.01475  4.35213e-01 | 38  0.03058 -1.03517e-01 | 39  0.01068  3.09663e-01
 40  0.02093 -1.33900e+00 | 41 -0.01986 -1.97114e-01 | 42 -0.05945 -1.10624e-01
 43 -0.00368  1.09464e+00 | 44 -0.03133  3.38734e-02 | 45  0.00416 -5.18507e-01
 46 -0.04099 -3.73822e-01 | 47  0.01012  5.52452e-03 | 48  0.02741 -2.10944e-01
 49 -0.00850 -6.40494e-02 | 50  0.03253 -1.11489e-01 | 51 -0.04580 -7.89725e-01
 52 -0.03126 -5.05075e-02 | 53  0.03859 -5.84385e-03 | 54  0.00592 -3.25850e-01
 55 -0.02441  1.67769e+00 | 56 -0.01708 -1.47379e-01 | 57 -0.00979 -4.51475e-01
 58  0.01724  1.28073e-01 | 59 -0.00773 -1.41062e-02 | 60  0.02172 -4.51901e-01
 61  0.02468  1.32878e-01 | 62  0.00985 -9.66623e-02 | 63 -0.05834  9.51362e-02
 64  0.00977  6.18567e-02 | 65 -0.01421 -3.49277e-02 | 66 -0.01146 -2.15749e-01
 67 -0.02097  7.79180e-01 | 68 -0.01514 -7.22617e-01 | 69  0.04631  1.10793e-01
 70  0.00464  3.87265e-02 | 71  0.04879 -1.68081e-01 | 72  0.01258  1.07227e-01
 73 -0.01077 -1.50007e-02 | 74  0.00739 -6.54117e-02 | 75  0.00276 -9.38955e-02
 76  0.01903 -7.38596e-02 | 77 -0.02731 -1.53807e-01 | 78  0.00906  4.17321e-02
 79 -0.02398  2.71424e-01 | 80  0.00150  6.89689e-02 | 81 -0.01028 -5.63656e-02
 82 -0.03721 -1.27613e-01 | 83  0.05197  5.57926e-02 | 84 -0.00384 -2.97737e-01
 85  0.02247 -6.78735e-02 | 86  0.01689  2.74972e-02 | 87 -0.01535  4.14542e-01
 88 -0.00055 -1.32823e-01 | 89 -0.02203  7.55922e-01 | 90 -0.02838  3.41940e-01
 91  0.01426 -5.70437e-02 | 92 -0.03373 -2.61862e-01 | 93 -0.00913  8.56835e-02
 94 -0.00148  8.22321e-02 | 95  0.00018  4.88291e-02 | 96  0.00014 -8.32231e-03
 97  0.84459 -1.13793e-01 | 98 -0.41186  6.76532e-01 | 99  0.21825 -4.11559e-01
100 -0.25223  2.35928e-01 |

Initial statistics: 108 variables; iteration 0; function evaluation 0; phase 4
Function value 2.1856535e+03; maximum gradient component mag 1.0472e+03
Var    Value     Gradient |Var    Value     Gradient |Var    Value     Gradient
  1 -0.42263  9.84196e+01 |  2 -0.42263  1.04717e+03 |  3 -0.41094  5.75652e+02
  4  0.62691  3.17101e-01 |  5  0.00000  1.92530e+01 |  6  0.00000  4.28593e+00
  7  0.00000  5.23163e+00 |  8  0.00000  1.33695e+01 |  9  0.00000 -3.08006e+01
 10  0.00442  2.60182e-01 | 11 -0.00938  1.75383e-01 | 12 -0.00526  4.95384e-02
 13 -0.01742  7.46101e-02 | 14  0.00238  1.32565e-01 | 15  0.00737  3.81374e-01
 16 -0.00409  1.56310e-01 | 17  0.04135  4.79069e-02 | 18  0.05414 -7.03186e-02
 19 -0.00100 -8.76407e-02 | 20 -0.03134  2.39875e-01 | 21  0.00758  1.50678e-01
 22  0.03332 -2.64209e-01 | 23  0.00675 -1.78044e-02 | 24  0.00320 -2.44469e-01
 25 -0.01932 -1.09598e+00 | 26  0.00043 -1.57949e-01 | 27  0.00266  2.76929e-02
 28  0.01648  3.91534e-01 | 29  0.01015 -3.88226e-01 | 30 -0.00686 -1.98642e-01
 31 -0.00317 -5.38149e-02 | 32 -0.02119  2.77681e-01 | 33  0.02002  7.29997e-01
 34  0.03840 -1.95587e-01 | 35  0.02022 -6.30774e-01 | 36 -0.03089 -1.75118e-01
 37  0.00673 -1.10580e-01 | 38 -0.00927  2.21422e-01 | 39  0.04163  7.33605e-01
 40 -0.01026 -6.90154e-02 | 41 -0.02051  5.85147e-01 | 42 -0.03264 -5.06823e-01
 43  0.01592  4.80139e-01 | 44 -0.00337 -1.86201e-01 | 45  0.01475  4.36049e-01
 46  0.03058 -1.02683e-01 | 47  0.01068  3.10499e-01 | 48  0.02093 -1.33816e+00
 49 -0.01986 -1.96279e-01 | 50 -0.05945 -1.09792e-01 | 51 -0.00368  1.09547e+00
 52 -0.03133  3.47079e-02 | 53  0.00416 -5.17672e-01 | 54 -0.04099 -3.72988e-01
 55  0.01012  6.35999e-03 | 56  0.02741 -2.10109e-01 | 57 -0.00850 -6.32139e-02
 58  0.03253 -1.10654e-01 | 59 -0.04580 -7.88892e-01 | 60 -0.03126 -4.96729e-02
 61  0.03859 -5.00981e-03 | 62  0.00592 -3.25014e-01 | 63 -0.02441  1.67853e+00
 64 -0.01708 -1.46544e-01 | 65 -0.00979 -4.50640e-01 | 66  0.01724  1.28908e-01
 67 -0.00773 -1.32707e-02 | 68  0.02172 -4.51066e-01 | 69  0.02468  1.33713e-01
 70  0.00985 -9.58268e-02 | 71 -0.05834  9.59683e-02 | 72  0.00977  6.26922e-02
 73 -0.01421 -3.40923e-02 | 74 -0.01146 -2.14913e-01 | 75 -0.02097  7.80015e-01
 76 -0.01514 -7.21782e-01 | 77  0.04631  1.11626e-01 | 78  0.00464  3.95620e-02
 79  0.04879 -1.67248e-01 | 80  0.01258  1.08063e-01 | 81 -0.01077 -1.41652e-02
 82  0.00739 -6.45762e-02 | 83  0.00276 -9.30600e-02 | 84  0.01903 -7.30244e-02
 85 -0.02731 -1.52972e-01 | 86  0.00906  4.25676e-02 | 87 -0.02398  2.72259e-01
 88  0.00150  6.98045e-02 | 89 -0.01028 -5.55301e-02 | 90 -0.03721 -1.26779e-01
 91  0.05197  5.66254e-02 | 92 -0.00384 -2.96901e-01 | 93  0.02247 -6.70385e-02
 94  0.01689  2.83325e-02 | 95 -0.01535  4.15377e-01 | 96 -0.00055 -1.31987e-01
 97 -0.02203  7.56757e-01 | 98 -0.02838  3.42775e-01 | 99  0.01426 -5.62083e-02
100 -0.03373 -2.61028e-01 |101 -0.00913  8.65190e-02 |102 -0.00148  8.30676e-02
103  0.00018  4.96647e-02 |104  0.00014 -7.48674e-03 |105  0.84459 -1.13793e-01
106 -0.41186  6.76532e-01 |107  0.21825 -4.11559e-01 |108 -0.25223  2.35928e-01

Intermediate statistics: 108 variables; iteration 20; function evaluation 24; phase 4
Function value 2.1844085e+03; maximum gradient component mag 6.3211e+02
Var    Value     Gradient |Var    Value     Gradient |Var    Value     Gradient
  1 -0.41003  3.45886e+01 |  2 -0.42078  6.32108e+02 |  3 -0.41961  2.51750e+02
  4  0.62769  8.99897e-01 |  5 -0.00266  1.48902e+01 |  6 -0.00093  2.91412e+00
  7 -0.00110  3.58865e+00 |  8 -0.00324  8.09069e+00 |  9  0.00674 -1.80366e+01
 10  0.00432  9.82109e-01 | 11 -0.00955  7.63415e-01 | 12 -0.00542  8.05370e-01
 13 -0.01759  7.74800e-01 | 14  0.00219  1.18625e+00 | 15  0.00722  1.77427e+00
 16 -0.00422  1.52316e+00 | 17  0.04146  4.26401e+00 | 18  0.05449  7.05424e+00
 19 -0.00094  2.26496e+00 | 20 -0.03129  1.76085e+00 | 21  0.00785  4.17387e+00
 22  0.03372  7.31876e+00 | 23  0.00709  5.83154e+00 | 24  0.00352  6.49401e+00
 25 -0.01919  2.39416e+00 | 26  0.00064  4.16362e+00 | 27  0.00277  1.77998e+00
 28  0.01663  3.29093e+00 | 29  0.01036  3.93736e+00 | 30 -0.00672  2.81062e+00
 31 -0.00290  5.46906e+00 | 32 -0.02104  2.96784e+00 | 33  0.02038  9.49108e+00
 34  0.03863  7.86877e+00 | 35  0.02048  6.71925e+00 | 36 -0.03071  3.74494e+00
 37  0.00694  5.13698e+00 | 38 -0.00923  1.61981e+00 | 39  0.04165  5.78088e+00
 40 -0.01006  4.34943e+00 | 41 -0.02033  3.96225e+00 | 42 -0.03262  1.72925e-01
 43  0.01605  1.78833e+00 | 44 -0.00331 -6.10831e-02 | 45  0.01473 -1.04582e+00
 46  0.03063  2.27199e+00 | 47  0.01093  7.42307e+00 | 48  0.02114  7.16912e+00
 49 -0.01972  3.30984e+00 | 50 -0.05943  4.05193e-01 | 51 -0.00376 -3.49272e+00
 52 -0.03149 -3.91980e+00 | 53  0.00420 -3.52227e-01 | 54 -0.04103 -1.53620e+00
 55  0.00990 -5.85909e+00 | 56  0.02728 -4.14024e+00 | 57 -0.00861 -2.46236e+00
 58  0.03247 -3.52851e+00 | 59 -0.04589 -2.00941e+00 | 60 -0.03155 -5.72453e+00
 61  0.03834 -1.46814e+01 | 62  0.00589 -2.06612e+00 | 63 -0.02441  1.98663e+00
 64 -0.01733 -7.70152e+00 | 65 -0.00984 -3.48480e+00 | 66  0.01713 -1.20964e+01
 67 -0.00785 -6.53988e+00 | 68  0.02170 -4.06539e+00 | 69  0.02456 -4.82924e+00
 70  0.00984  4.02839e+00 | 71 -0.05837  6.94056e-01 | 72  0.00972 -5.63575e+00
 73 -0.01425 -2.55762e+00 | 74 -0.01140 -2.76879e+00 | 75 -0.02115 -5.17275e+00
 76 -0.01536 -1.13368e+01 | 77  0.04699  2.44949e+01 | 78  0.00469  1.08575e+00
 79  0.04887  2.82247e+00 | 80  0.01252  1.28371e-01 | 81 -0.01063  3.98853e+00
 82  0.00734 -4.30579e+00 | 83  0.00276  1.96515e+00 | 84  0.01901 -5.35353e+00
 85 -0.02717  3.16092e+00 | 86  0.00897 -2.30273e+00 | 87 -0.02393  1.40327e+00
 88  0.00158 -1.09258e+00 | 89 -0.01047 -7.46783e+00 | 90 -0.03752 -7.18562e+00
 91  0.05199 -9.74658e+00 | 92 -0.00402 -4.89016e+00 | 93  0.02223 -4.66491e+00
 94  0.01659 -3.71790e+00 | 95 -0.01559 -1.97311e+00 | 96 -0.00103 -7.93175e+00
 97 -0.02199  6.17118e+00 | 98 -0.02830  1.23132e+00 | 99  0.01340 -1.34241e+01
100 -0.03345  2.18435e+00 |101 -0.01011 -4.91612e+00 |102 -0.00126  8.24264e-01
103  0.00019  3.22001e-01 |104  0.00017  2.94038e-01 |105  0.84410 -2.56210e+01
106 -0.41084  2.39901e+02 |107  0.22292  1.71521e+01 |108 -0.25113 -1.47517e+01
108 variables; iteration 40; function evaluation 46; phase 4
Function value 2.1838818e+03; maximum gradient component mag 1.9815e+01
Var    Value     Gradient |Var    Value     Gradient |Var    Value     Gradient
  1 -0.40102  1.73342e+00 |  2 -0.42032  1.98149e+01 |  3 -0.42364  5.61081e+00
  4  0.62808 -5.03336e+00 |  5 -0.01099 -3.08026e+00 |  6 -0.00274 -7.04876e-01
  7 -0.00329 -8.20982e-01 |  8 -0.00771 -7.92883e-03 |  9  0.01520 -2.90351e+00
 10  0.00383 -5.20608e-01 | 11 -0.00977 -1.32652e-02 | 12 -0.00550  2.38950e-01
 13 -0.01763  3.54737e-01 | 14  0.00257  1.87189e+00 | 15  0.00822  4.48233e+00
 16 -0.00326  4.11231e+00 | 17  0.04045 -2.11840e+00 | 18  0.05376  5.36490e-01
 19 -0.00159 -1.29538e+00 | 20 -0.03061  3.94256e+00 | 21  0.00785  3.60877e+00
 22  0.03309  4.52619e-01 | 23  0.00588 -4.11410e+00 | 24  0.00262 -8.83220e-01
 25 -0.01969 -8.42477e-01 | 26  0.00020 -3.62179e-01 | 27  0.00263  2.61900e-01
 28  0.01640  2.14073e-01 | 29  0.00999 -7.32432e-01 | 30 -0.00712 -1.89005e+00
 31 -0.00345 -6.71112e-01 | 32 -0.02150 -1.76103e+00 | 33  0.01980 -6.49074e-01
 34  0.03806 -6.26759e+00 | 35  0.02004 -1.61437e+00 | 36 -0.03141 -1.90096e+00
 37  0.00638 -3.00579e+00 | 38 -0.00946 -1.19457e+00 | 39  0.04173  8.70519e+00
 40 -0.01052 -6.67614e-01 | 41 -0.02080 -5.51474e-01 | 42 -0.03273 -9.13528e-01
 43  0.01597 -9.51976e-01 | 44 -0.00330 -1.33646e+00 | 45  0.01484 -1.72985e+00
 46  0.03046 -3.50377e+00 | 47  0.01062  1.68266e+00 | 48  0.02076 -1.69618e-01
 49 -0.02002  7.28933e-03 | 50 -0.05962 -1.07691e+00 | 51 -0.00359 -2.54460e+00
 52 -0.03098 -7.58444e-02 | 53  0.00430  4.87003e-01 | 54 -0.04067  5.18713e-01
 55  0.01062  4.00485e+00 | 56  0.02737 -7.50848e+00 | 57 -0.00833 -1.77225e+00
 58  0.03284  1.32551e+00 | 59 -0.04556 -1.83893e-01 | 60 -0.03083  1.84547e+00
 61  0.03881 -1.04486e-01 | 62  0.00624  6.76459e+00 | 63 -0.02457 -1.46278e+00
 64 -0.01708 -2.81682e+00 | 65 -0.00965  2.17397e-02 | 66  0.01750 -1.57267e+00
 67 -0.00740  2.37462e+00 | 68  0.02191  3.02449e+00 | 69  0.02464 -2.07338e+00
 70  0.00957 -2.40612e+00 | 71 -0.05858 -1.57196e+00 | 72  0.00990 -8.48217e-01
 73 -0.01413 -4.47968e-01 | 74 -0.01112  3.10196e+00 | 75 -0.02093 -1.46643e+00
 76 -0.01487 -4.73392e+00 | 77  0.04664  3.11779e-01 | 78  0.00477  1.41679e+00
 79  0.04883 -1.29321e+00 | 80  0.01272  6.78237e+00 | 81 -0.01048  7.81932e+00
 82  0.00775  7.36671e+00 | 83  0.00271  1.06865e+00 | 84  0.01914 -3.48617e+00
 85 -0.02757 -4.45707e+00 | 86  0.00885 -6.30713e+00 | 87 -0.02383  1.80873e+00
 88  0.00173  1.23031e+00 | 89 -0.00984  5.18752e+00 | 90 -0.03690  1.10819e+00
 91  0.05232  9.65539e-03 | 92 -0.00377 -1.04809e+00 | 93  0.02249  2.65227e+00
 94  0.01696  6.61581e+00 | 95 -0.01565 -4.00976e+00 | 96 -0.00069 -3.29039e+00
 97 -0.02258 -2.53813e+00 | 98 -0.02801  1.49618e+00 | 99  0.01422 -4.49729e+00
100 -0.03310  4.19374e+00 |101 -0.00905 -3.73661e-02 |102 -0.00150 -4.50756e-02
103  0.00012  8.32509e-02 |104  0.00013  9.51603e-02 |105  0.83859 -6.03497e+00
106 -0.41222  1.82356e+01 |107  0.22030 -1.75724e+00 |108 -0.25222  6.74147e+00
108 variables; iteration 60; function evaluation 74; phase 4
Function value 2.1838424e+03; maximum gradient component mag -8.5521e+00
Var    Value     Gradient |Var    Value     Gradient |Var    Value     Gradient
  1 -0.40106 -3.46405e-01 |  2 -0.42038  3.10092e+00 |  3 -0.42351 -4.16614e-01
  4  0.62802  3.39979e+00 |  5 -0.00953  1.86958e-01 |  6 -0.00268 -4.29537e-01
  7 -0.00318 -4.36132e-01 |  8 -0.00765  2.32916e-01 |  9  0.01665  4.50635e-02
 10  0.00470  1.13687e+00 | 11 -0.00932  7.75719e-01 | 12 -0.00505  1.11557e+00
 13 -0.01740  7.46067e-01 | 14  0.00176 -4.63583e-01 | 15  0.00704  7.00800e-01
 16 -0.00428  7.83038e-01 | 17  0.04064 -1.01298e+00 | 18  0.05351 -1.11107e+00
 19 -0.00112  8.46318e-01 | 20 -0.03197 -1.25007e+00 | 21  0.00734  4.81141e-01
 22  0.03293 -6.17011e-01 | 23  0.00617 -1.09096e+00 | 24  0.00268  1.50101e-01
 25 -0.01963 -1.26965e-01 | 26  0.00017 -2.47978e-01 | 27  0.00258 -1.00791e-01
 28  0.01634 -2.85040e-01 | 29  0.01000 -1.19835e-01 | 30 -0.00694  3.55722e-01
 31 -0.00342 -1.81841e-01 | 32 -0.02139 -6.91018e-01 | 33  0.01982  3.19723e-02
 34  0.03832 -3.94542e-02 | 35  0.02009 -4.55004e-02 | 36 -0.03091  2.25463e+00
 37  0.00659  3.75425e-01 | 38 -0.00933  3.19053e-01 | 39  0.04139  5.11004e-01
 40 -0.01043  3.22171e-01 | 41 -0.02073  1.36958e-01 | 42 -0.03267 -3.73364e-01
 43  0.01602  3.53790e-01 | 44 -0.00321 -2.44071e-02 | 45  0.01491 -2.91626e-01
 46  0.03057 -8.19057e-01 | 47  0.01050  2.67145e-02 | 48  0.02073 -5.42923e-01
 49 -0.02003 -1.98557e-01 | 50 -0.05948 -1.89946e-01 | 51 -0.00345 -4.72697e-01
 52 -0.03097 -6.42558e-02 | 53  0.00433  8.61326e-01 | 54 -0.04070 -2.20231e-03
 55  0.01040 -1.91184e-01 | 56  0.02758 -2.15551e+00 | 57 -0.00823 -1.76829e-01
 58  0.03282  7.76940e-01 | 59 -0.04555 -2.95037e-01 | 60 -0.03096 -1.46302e-01
 61  0.03884  2.70572e-01 | 62  0.00603  3.20406e-01 | 63 -0.02449 -2.54675e-01
 64 -0.01698 -5.47040e-01 | 65 -0.00957  1.69511e+00 | 66  0.01755 -2.87900e-01
 67 -0.00749 -2.12343e-01 | 68  0.02185  1.15965e-01 | 69  0.02470 -1.55618e-01
 70  0.00965 -2.82097e-01 | 71 -0.05841  1.25000e-01 | 72  0.00994 -1.55176e-01
 73 -0.01411 -5.98973e-01 | 74 -0.01112  2.50104e+00 | 75 -0.02079  8.57066e-01
 76 -0.01457  1.05047e+00 | 77  0.04665 -1.78795e-01 | 78  0.00480  1.74562e+00
 79  0.04888 -1.59996e-01 | 80  0.01249 -8.20227e-01 | 81 -0.01076  9.11621e-01
 82  0.00747 -1.51089e+00 | 83  0.00277  1.47535e+00 | 84  0.01923 -5.84199e-01
 85 -0.02730  2.27619e-02 | 86  0.00905 -5.28154e-01 | 87 -0.02391 -2.78855e-01
 88  0.00172 -1.38709e-01 | 89 -0.01003 -4.15420e-01 | 90 -0.03693 -5.77160e-02
 91  0.05235 -4.25374e-02 | 92 -0.00372 -7.06812e-01 | 93  0.02245 -1.97045e-01
 94  0.01677  1.33539e-01 | 95 -0.01538 -3.28727e-01 | 96 -0.00050 -1.25948e-01
 97 -0.02240 -9.43227e-01 | 98 -0.02809 -1.26176e-01 | 99  0.01459 -2.91201e-01
100 -0.03386 -4.98641e-01 |101 -0.00895 -1.32775e-01 |102 -0.00153 -3.40221e-01
103  0.00017 -5.24298e-02 |104  0.00018 -3.00689e-02 |105  0.84330  1.07980e+00
106 -0.41172 -8.55214e+00 |107  0.22002 -3.74793e-01 |108 -0.25234  2.26064e-01

 - final statistics:
108 variables; iteration 77; function evaluation 96
Function value 2.1838e+03; maximum gradient component mag 5.0359e-01
Exit code = 1;  converg criter 1.0000e+00
Var    Value     Gradient |Var    Value     Gradient |Var    Value     Gradient
  1 -0.40113  2.88352e-02 |  2 -0.42039  4.90141e-01 |  3 -0.42348  1.45783e-01
  4  0.62796  1.69087e-01 |  5 -0.00960 -7.17245e-03 |  6 -0.00244 -6.51009e-02
  7 -0.00291 -2.55286e-02 |  8 -0.00777 -1.26833e-02 |  9  0.01665 -6.47849e-03
 10  0.00423  2.65843e-01 | 11 -0.00968  9.27397e-02 | 12 -0.00562 -1.08906e-01
 13 -0.01781 -1.34070e-01 | 14  0.00179 -3.75222e-01 | 15  0.00677 -1.55868e-01
 16 -0.00439  4.39574e-01 | 17  0.04083 -8.44038e-02 | 18  0.05369  3.93648e-03
 19 -0.00131 -4.07010e-02 | 20 -0.03169 -1.94751e-01 | 21  0.00729  6.78828e-02
 22  0.03301 -1.79385e-02 | 23  0.00630 -1.46365e-01 | 24  0.00268 -4.77575e-02
 25 -0.01965 -4.03226e-01 | 26  0.00021 -3.78616e-02 | 27  0.00261  1.51827e-01
 28  0.01637 -7.08129e-02 | 29  0.01003  9.40920e-02 | 30 -0.00694  2.03699e-01
 31 -0.00341 -1.83654e-01 | 32 -0.02126  3.57632e-01 | 33  0.01983 -7.79114e-02
 34  0.03833 -2.79703e-01 | 35  0.02011  2.15324e-03 | 36 -0.03114  3.47815e-01
 37  0.00658 -3.88411e-03 | 38 -0.00931  4.59801e-01 | 39  0.04138 -5.17134e-02
 40 -0.01043  2.75731e-01 | 41 -0.02074 -1.11769e-01 | 42 -0.03260  2.21057e-01
 43  0.01603  2.69788e-01 | 44 -0.00316  5.03591e-01 | 45  0.01495  1.42826e-01
 46  0.03062 -2.21593e-01 | 47  0.01052  1.11260e-01 | 48  0.02076 -1.91187e-01
 49 -0.02000  6.20911e-02 | 50 -0.05948 -2.26917e-01 | 51 -0.00342 -2.81781e-01
 52 -0.03096 -4.26487e-02 | 53  0.00430 -4.52992e-03 | 54 -0.04066  2.38128e-01
 55  0.01042 -4.23134e-02 | 56  0.02767 -2.21076e-01 | 57 -0.00822 -1.81139e-01
 58  0.03281 -4.28365e-03 | 59 -0.04550  1.38251e-01 | 60 -0.03092  2.20289e-01
 61  0.03885 -2.92837e-02 | 62  0.00603 -6.09642e-02 | 63 -0.02445  2.23833e-01
 64 -0.01695 -3.83125e-01 | 65 -0.00962  2.38896e-01 | 66  0.01757 -7.52164e-02
 67 -0.00746  1.78248e-01 | 68  0.02186 -6.55943e-02 | 69  0.02473 -2.74828e-02
 70  0.00968 -3.67647e-02 | 71 -0.05842 -1.66356e-01 | 72  0.00997 -3.22047e-02
 73 -0.01406 -7.85194e-02 | 74 -0.01119  1.20083e-01 | 75 -0.02081  2.56784e-02
 76 -0.01459  1.91006e-01 | 77  0.04667 -3.64150e-02 | 78  0.00476  3.42544e-01
 79  0.04890 -2.28748e-02 | 80  0.01254 -1.24967e-01 | 81 -0.01079 -1.26883e-01
 82  0.00755 -1.68424e-01 | 83  0.00274  1.54211e-01 | 84  0.01927 -3.43733e-02
 85 -0.02730 -1.29354e-01 | 86  0.00908 -4.16972e-02 | 87 -0.02388  4.36627e-02
 88  0.00175  2.42221e-02 | 89 -0.01002 -4.65811e-01 | 90 -0.03693 -2.23872e-01
 91  0.05237  2.45082e-03 | 92 -0.00367 -3.85439e-02 | 93  0.02248 -1.65433e-02
 94  0.01679 -1.76655e-02 | 95 -0.01534  4.77788e-02 | 96 -0.00047  2.19801e-01
 97 -0.02232 -5.94850e-02 | 98 -0.02808 -1.55517e-01 | 99  0.01464  8.58764e-02
100 -0.03377 -5.46698e-02 |101 -0.00891 -7.19153e-03 |102 -0.00145 -1.10654e-01
103  0.00018  6.54066e-02 |104  0.00020  9.46107e-02 |105  0.84327 -2.47749e-02
106 -0.41170 -4.48551e-02 |107  0.22013  6.49881e-03 |108 -0.25230  2.12753e-02

Initial statistics: 110 variables; iteration 0; function evaluation 0; phase 5
Function value 2.1838394e+03; maximum gradient component mag -6.7844e+01
Var    Value     Gradient |Var    Value     Gradient |Var    Value     Gradient
  1 -0.40113  2.88352e-02 |  2 -0.42039  4.90141e-01 |  3 -0.42348  1.45783e-01
  4 -0.41222 -1.96287e+01 |  5 -0.41222 -6.78439e+01 |  6  0.62796  1.69087e-01
  7 -0.00960 -7.17245e-03 |  8 -0.00244 -6.51009e-02 |  9 -0.00291 -2.55286e-02
 10 -0.00777 -1.26833e-02 | 11  0.01665 -6.47849e-03 | 12  0.00423  2.65934e-01
 13 -0.00968  9.28301e-02 | 14 -0.00562 -1.08816e-01 | 15 -0.01781 -1.33980e-01
 16  0.00179 -3.75132e-01 | 17  0.00677 -1.55778e-01 | 18 -0.00439  4.39665e-01
 19  0.04083 -8.43136e-02 | 20  0.05369  4.02652e-03 | 21 -0.00131 -4.06106e-02
 22 -0.03169 -1.94661e-01 | 23  0.00729  6.79731e-02 | 24  0.03301 -1.78482e-02
 25  0.00630 -1.46275e-01 | 26  0.00268 -4.76671e-02 | 27 -0.01965 -4.03136e-01
 28  0.00021 -3.77712e-02 | 29  0.00261  1.51918e-01 | 30  0.01637 -7.07226e-02
 31  0.01003  9.41823e-02 | 32 -0.00694  2.03789e-01 | 33 -0.00341 -1.83563e-01
 34 -0.02126  3.57722e-01 | 35  0.01983 -7.78211e-02 | 36  0.03833 -2.79612e-01
 37  0.02011  2.24356e-03 | 38 -0.03114  3.47906e-01 | 39  0.00658 -3.79375e-03
 40 -0.00931  4.59892e-01 | 41  0.04138 -5.16232e-02 | 42 -0.01043  2.75821e-01
 43 -0.02074 -1.11679e-01 | 44 -0.03260  2.21147e-01 | 45  0.01603  2.69878e-01
 46 -0.00316  5.03682e-01 | 47  0.01495  1.42916e-01 | 48  0.03062 -2.21503e-01
 49  0.01052  1.11350e-01 | 50  0.02076 -1.91096e-01 | 51 -0.02000  6.21814e-02
 52 -0.05948 -2.26827e-01 | 53 -0.00342 -2.81691e-01 | 54 -0.03096 -4.25585e-02
 55  0.00430 -4.43956e-03 | 56 -0.04066  2.38218e-01 | 57  0.01042 -4.22231e-02
 58  0.02767 -2.20986e-01 | 59 -0.00822 -1.81049e-01 | 60  0.03281 -4.19341e-03
 61 -0.04550  1.38341e-01 | 62 -0.03092  2.20379e-01 | 63  0.03885 -2.91935e-02
 64  0.00603 -6.08738e-02 | 65 -0.02445  2.23924e-01 | 66 -0.01695 -3.83035e-01
 67 -0.00962  2.38986e-01 | 68  0.01757 -7.51260e-02 | 69 -0.00746  1.78339e-01
 70  0.02186 -6.55040e-02 | 71  0.02473 -2.73925e-02 | 72  0.00968 -3.66743e-02
 73 -0.05842 -1.66266e-01 | 74  0.00997 -3.21144e-02 | 75 -0.01406 -7.84290e-02
 76 -0.01119  1.20174e-01 | 77 -0.02081  2.57687e-02 | 78 -0.01459  1.91096e-01
 79  0.04667 -3.63249e-02 | 80  0.00476  3.42634e-01 | 81  0.04890 -2.27847e-02
 82  0.01254 -1.24877e-01 | 83 -0.01079 -1.26792e-01 | 84  0.00755 -1.68334e-01
 85  0.00274  1.54301e-01 | 86  0.01927 -3.42830e-02 | 87 -0.02730 -1.29264e-01
 88  0.00908 -4.16069e-02 | 89 -0.02388  4.37530e-02 | 90  0.00175  2.43124e-02
 91 -0.01002 -4.65721e-01 | 92 -0.03693 -2.23782e-01 | 93  0.05237  2.54088e-03
 94 -0.00367 -3.84535e-02 | 95  0.02248 -1.64530e-02 | 96  0.01679 -1.75752e-02
 97 -0.01534  4.78692e-02 | 98 -0.00047  2.19891e-01 | 99 -0.02232 -5.93947e-02
100 -0.02808 -1.55426e-01 |101  0.01464  8.59667e-02 |102 -0.03377 -5.45796e-02
103 -0.00891 -7.10118e-03 |104 -0.00145 -1.10563e-01 |105  0.00018  6.54969e-02
106  0.00020  9.47010e-02 |107  0.84327 -2.47749e-02 |108 -0.41170 -4.48551e-02
109  0.22013  6.49881e-03 |110 -0.25230  2.12753e-02 |

Intermediate statistics: 110 variables; iteration 20; function evaluation 25; phase 5
Function value 2.1830977e+03; maximum gradient component mag -3.7942e+02
Var    Value     Gradient |Var    Value     Gradient |Var    Value     Gradient
  1 -0.41730 -2.36080e+01 |  2 -0.42380 -3.79416e+02 |  3 -0.41490 -1.34430e+02
  4 -0.40432 -1.35588e+01 |  5 -0.39451 -4.13438e+01 |  6  0.62828 -7.34836e+01
  7 -0.00931 -2.32784e-01 |  8 -0.00234 -9.90165e-02 |  9 -0.00281 -8.23459e-02
 10 -0.00765 -7.66538e-02 | 11  0.01685 -1.46175e-01 | 12  0.00440  2.20656e+00
 13 -0.00951  2.05539e+00 | 14 -0.00543  1.79662e+00 | 15 -0.01763  1.75528e+00
 16  0.00198  1.23054e+00 | 17  0.00690  1.09103e+00 | 18 -0.00435  1.48681e+00
 19  0.04068 -1.50684e+00 | 20  0.05317 -5.05529e+00 | 21 -0.00142  3.08741e-01
 22 -0.03175  1.14719e+00 | 23  0.00707  5.15382e-01 | 24  0.03285  1.58247e+00
 25  0.00640  4.10056e+00 | 26  0.00266  2.21341e+00 | 27 -0.01952  2.76410e+00
 28  0.00008  5.00152e-01 | 29  0.00237 -8.15060e-01 | 30  0.01628  1.52795e+00
 31  0.00983  7.66394e-01 | 32 -0.00680  7.49579e+00 | 33 -0.00314  8.25707e+00
 34 -0.02120  5.45168e+00 | 35  0.01969  9.60112e-01 | 36  0.03845  1.69374e+00
 37  0.01999  7.94865e-01 | 38 -0.03129  1.39138e+00 | 39  0.00643 -5.67972e-01
 40 -0.00953  5.48385e-01 | 41  0.04199  1.28271e+01 | 42 -0.01081 -2.77927e+00
 43 -0.02063  4.20196e+00 | 44 -0.03260  3.52435e+00 | 45  0.01583  8.21755e-01
 46 -0.00352 -8.30597e-01 | 47  0.01490  2.97718e+00 | 48  0.03079  6.79022e+00
 49  0.01049  1.67428e+00 | 50  0.02101  5.59675e+00 | 51 -0.02011  3.67670e-01
 52 -0.05941  2.66867e+00 | 53 -0.00323  7.25523e+00 | 54 -0.03058  9.19346e+00
 55  0.00435  5.71508e+00 | 56 -0.04092  4.05323e-01 | 57  0.01069  6.32999e+00
 58  0.02855  1.93304e+01 | 59 -0.00816  5.38166e-01 | 60  0.03353  2.12537e+01
 61 -0.04563  1.19902e+00 | 62 -0.03082  3.83032e+00 | 63  0.03851 -1.57112e+01
 64  0.00618  5.69703e+00 | 65 -0.02453  4.10499e+00 | 66 -0.01712  6.33500e-02
 67 -0.00966 -1.92413e+00 | 68  0.01747 -1.01341e+01 | 69 -0.00757 -3.15081e+00
 70  0.02211  2.59557e-02 | 71  0.02476 -8.95832e+00 | 72  0.00992  4.44558e+00
 73 -0.05820  3.27486e+00 | 74  0.00969 -1.16214e+01 | 75 -0.01444 -8.18829e+00
 76 -0.01170 -9.62464e+00 | 77 -0.02097 -2.63834e+00 | 78 -0.01493 -5.82067e+00
 79  0.04632 -3.81114e+01 | 80  0.00476 -4.38412e+00 | 81  0.04935 -1.41090e+00
 82  0.01235 -9.14825e+00 | 83 -0.01104 -7.52569e+00 | 84  0.00685 -2.01833e+01
 85  0.00271 -3.95522e+00 | 86  0.01913 -1.18624e+01 | 87 -0.02735 -2.97748e-01
 88  0.00910 -2.29876e+00 | 89 -0.02399 -9.91857e-01 | 90  0.00180  1.55291e+00
 91 -0.01035 -6.08566e+00 | 92 -0.03685  1.77046e+00 | 93  0.05198 -4.02024e+01
 94 -0.00350 -6.76406e-02 | 95  0.02280  3.12895e+00 | 96  0.01728  1.16695e+01
 97 -0.01518  3.06538e+00 | 98 -0.00047  4.24486e+00 | 99 -0.02185  1.00394e+01
100 -0.02847 -2.66404e+00 |101  0.01516  6.05125e+00 |102 -0.03410 -4.24160e-01
103 -0.00779  4.15473e+00 |104 -0.00193  1.06951e+00 |105  0.00018  2.19154e+00
106  0.00019  2.21273e+00 |107  0.84737  3.49127e+00 |108 -0.41178 -3.43192e+01
109  0.21425  2.45482e+01 |110 -0.25393 -1.11220e+02 |
110 variables; iteration 40; function evaluation 45; phase 5
Function value 2.1829712e+03; maximum gradient component mag -2.6890e+02
Var    Value     Gradient |Var    Value     Gradient |Var    Value     Gradient
  1 -0.42095 -1.67909e+01 |  2 -0.42414 -2.68900e+02 |  3 -0.41368 -9.52799e+01
  4 -0.39991 -8.63914e+00 |  5 -0.39285 -2.97652e+01 |  6  0.62821 -5.29072e+01
  7 -0.00942 -4.46544e-01 |  8 -0.00242 -2.39593e-01 |  9 -0.00274  1.47122e-02
 10 -0.00743  2.97809e-01 | 11  0.01687 -1.00390e-01 | 12  0.00463  1.99938e+00
 13 -0.00948  1.46166e+00 | 14 -0.00550  9.82997e-01 | 15 -0.01766  1.02085e+00
 16  0.00193  4.11243e-01 | 17  0.00643 -1.05375e+00 | 18 -0.00451  3.02223e-01
 19  0.04045 -3.45686e+00 | 20  0.05387 -6.00326e-01 | 21 -0.00136 -7.39319e-02
 22 -0.03249 -2.27698e+00 | 23  0.00738  1.96336e+00 | 24  0.03280  4.59022e-01
 25  0.00637  3.16662e+00 | 26  0.00263  1.09269e+00 | 27 -0.01942  2.71173e+00
 28  0.00011  9.98822e-02 | 29  0.00249  3.08482e-02 | 30  0.01637  2.23566e+00
 31  0.00983  7.32130e-02 | 32 -0.00695  5.48704e+00 | 33 -0.00335  5.53682e+00
 34 -0.02121  4.92900e+00 | 35  0.01977  1.60830e+00 | 36  0.03854  2.45903e+00
 37  0.02004  1.14471e+00 | 38 -0.03129  7.08760e-01 | 39  0.00660  1.03485e+00
 40 -0.00947  4.92298e-01 | 41  0.04186  7.83843e+00 | 42 -0.01078 -3.52151e+00
 43 -0.02076  2.15493e+00 | 44 -0.03264  2.56120e+00 | 45  0.01587  9.57262e-01
 46 -0.00349 -1.07879e+00 | 47  0.01484  1.43943e+00 | 48  0.03087  7.46138e+00
 49  0.01035 -1.57394e+00 | 50  0.02093  2.77290e+00 | 51 -0.02004  5.83109e-02
 52 -0.05933  2.47785e+00 | 53 -0.00333  5.05736e+00 | 54 -0.03088  5.75952e+00
 55  0.00429  3.96233e+00 | 56 -0.04106 -1.57011e+00 | 57  0.01061  3.69868e+00
 58  0.02829  1.09710e+01 | 59 -0.00810 -3.18281e-02 | 60  0.03344  1.65561e+01
 61 -0.04564  1.35886e-01 | 62 -0.03082  2.99148e+00 | 63  0.03866 -1.07260e+01
 64  0.00624  5.86406e+00 | 65 -0.02471  8.92081e-01 | 66 -0.01712 -1.22344e+00
 67 -0.00968 -2.67519e+00 | 68  0.01765 -5.29580e+00 | 69 -0.00755 -2.22368e+00
 70  0.02213 -8.05821e-01 | 71  0.02483 -6.32342e+00 | 72  0.01003  7.27594e+00
 73 -0.05827  2.21531e+00 | 74  0.00971 -1.16777e+01 | 75 -0.01442 -6.98936e+00
 76 -0.01164 -7.95944e+00 | 77 -0.02090 -3.76963e-01 | 78 -0.01478 -2.16486e+00
 79  0.04650 -2.76598e+01 | 80  0.00475 -3.88420e+00 | 81  0.04933 -1.21395e+00
 82  0.01244 -5.85169e+00 | 83 -0.01099 -5.65307e+00 | 84  0.00699 -1.56513e+01
 85  0.00273 -2.16700e+00 | 86  0.01919 -1.09319e+01 | 87 -0.02746 -1.47786e+00
 88  0.00926  1.83271e+00 | 89 -0.02393  5.46459e-01 | 90  0.00200  6.86488e+00
 91 -0.01021 -2.24938e+00 | 92 -0.03686  1.21461e+00 | 93  0.05221 -2.88254e+01
 94 -0.00338  1.09352e+00 | 95  0.02272 -3.93480e-01 | 96  0.01728  8.91255e+00
 97 -0.01508  3.31010e+00 | 98 -0.00034  4.36321e+00 | 99 -0.02201  7.11035e+00
100 -0.02830 -2.94640e+00 |101  0.01516  4.00035e+00 |102 -0.03402 -1.62497e+00
103 -0.00767  3.96422e+00 |104 -0.00366 -2.20002e+00 |105  0.00047  1.98885e+00
106  0.00060  2.20200e+00 |107  0.84566  1.88804e+00 |108 -0.41200 -2.47408e+01
109  0.21497  1.83695e+01 |110 -0.25340 -8.00487e+01 |
110 variables; iteration 60; function evaluation 73; phase 5
Function value 2.1828269e+03; maximum gradient component mag -4.9515e+01
Var    Value     Gradient |Var    Value     Gradient |Var    Value     Gradient
  1 -0.42723 -2.13670e+00 |  2 -0.42514 -4.95151e+01 |  3 -0.41045 -1.76585e+01
  4 -0.39954 -1.20933e+00 |  5 -0.38693 -4.49333e+00 |  6  0.62838 -1.42967e+01
  7 -0.00960 -5.64204e-01 |  8 -0.00235 -7.50933e-02 |  9 -0.00284 -7.95640e-02
 10 -0.00717  8.22658e-01 | 11  0.01686  4.08946e-03 | 12  0.00468  1.15772e+00
 13 -0.00953  3.98378e-01 | 14 -0.00495  1.27405e+00 | 15 -0.01703  1.49020e+00
 16  0.00239  8.45780e-01 | 17  0.00814  3.51406e+00 | 18 -0.00390  1.43523e+00
 19  0.04118  2.27208e-01 | 20  0.05365 -2.15683e+00 | 21 -0.00092  1.44518e+00
 22 -0.03064  4.09606e+00 | 23  0.00693 -1.07233e+00 | 24  0.03265 -5.26463e-01
 25  0.00598 -5.09749e-01 | 26  0.00263  3.13621e-01 | 27 -0.01966 -1.90591e-01
 28  0.00020  7.42942e-01 | 29  0.00250  2.15923e-01 | 30  0.01618 -6.49786e-02
 31  0.00989  1.26428e+00 | 32 -0.00736  1.55726e+00 | 33 -0.00371  1.86816e+00
 34 -0.02187 -7.10935e-01 | 35  0.01961 -1.20623e-01 | 36  0.03835 -7.31008e-01
 37  0.01996  6.55074e-01 | 38 -0.03134 -1.74257e-01 | 39  0.00637 -2.35098e+00
 40 -0.00955 -6.56256e-01 | 41  0.04166  2.35829e+00 | 42 -0.01048 -5.27595e-01
 43 -0.02087  8.01305e-01 | 44 -0.03290  1.21302e-01 | 45  0.01570 -8.56277e-01
 46 -0.00335  1.29776e+00 | 47  0.01482  1.94132e+00 | 48  0.03044 -4.45577e-01
 49  0.01060  1.79226e+00 | 50  0.02084  4.04939e-01 | 51 -0.02001 -4.40490e-01
 52 -0.05958 -4.17812e-02 | 53 -0.00360  1.59754e+00 | 54 -0.03131  2.03594e+00
 55  0.00394 -1.08332e+00 | 56 -0.04065  1.84129e+00 | 57  0.01037 -1.50362e-01
 58  0.02799  3.27153e+00 | 59 -0.00806 -2.00613e-01 | 60  0.03294  1.91858e+00
 61 -0.04559 -6.09754e-02 | 62 -0.03105  1.72901e-01 | 63  0.03878 -2.79346e+00
 64  0.00597 -4.20174e-01 | 65 -0.02472  2.83931e+00 | 66 -0.01714  8.40609e-02
 67 -0.00967 -4.22475e-02 | 68  0.01767 -2.23963e+00 | 69 -0.00756  8.01973e-01
 70  0.02211  3.01990e-01 | 71  0.02487 -1.85917e+00 | 72  0.00974 -2.58212e-01
 73 -0.05845  8.46071e-01 | 74  0.00989 -9.92528e-01 | 75 -0.01433 -5.01184e-01
 76 -0.01147 -3.80403e-01 | 77 -0.02122 -2.91770e+00 | 78 -0.01495 -2.02890e+00
 79  0.04678 -5.13305e+00 | 80  0.00476 -5.55465e-01 | 81  0.04920 -7.40999e-01
 82  0.01252 -1.27464e-02 | 83 -0.01096 -1.48206e+00 | 84  0.00728 -2.96004e+00
 85  0.00254 -1.73156e+00 | 86  0.01934 -1.15669e+00 | 87 -0.02749  3.28268e-01
 88  0.00907 -2.19924e+00 | 89 -0.02411 -1.29822e+00 | 90  0.00165 -1.52164e+00
 91 -0.01029 -1.55297e+00 | 92 -0.03695  7.06033e-01 | 93  0.05254 -5.23196e+00
 94 -0.00351 -8.18725e-01 | 95  0.02274  1.35425e+00 | 96  0.01701  6.87529e-01
 97 -0.01527 -1.25258e-01 | 98 -0.00054 -5.79915e-01 | 99 -0.02251  6.82373e-01
100 -0.02798 -6.62568e-02 |101  0.01490  1.30044e+00 |102 -0.03366 -9.64002e-01
103 -0.00827  1.25076e+00 |104  0.00002  2.80925e+00 |105 -0.00039 -4.10648e-01
106 -0.00064 -8.02566e-01 |107  0.84799 -2.40571e-01 |108 -0.41178  1.94331e+00
109  0.21604  2.46908e+00 |110 -0.25254 -1.32543e+01 |
110 variables; iteration 80; function evaluation 102; phase 5
Function value 2.1828123e+03; maximum gradient component mag -5.1723e+00
Var    Value     Gradient |Var    Value     Gradient |Var    Value     Gradient
  1 -0.42897 -3.31428e-02 |  2 -0.42536 -5.17234e+00 |  3 -0.40965 -1.56485e+00
  4 -0.39926 -6.30052e-02 |  5 -0.38580 -3.73062e-01 |  6  0.62830 -1.86560e+00
  7 -0.00921  1.36505e-01 |  8 -0.00229  2.75587e-02 |  9 -0.00278  2.18678e-02
 10 -0.00762  9.69257e-03 | 11  0.01691  4.67108e-02 | 12  0.00435  8.79976e-02
 13 -0.00945  1.52473e-01 | 14 -0.00531  5.45433e-02 | 15 -0.01744  1.51980e-01
 16  0.00231  1.64441e-01 | 17  0.00722  1.24585e-01 | 18 -0.00413  2.39241e-01
 19  0.04127  4.36954e-02 | 20  0.05401 -2.34466e-01 | 21 -0.00117 -2.56761e-01
 22 -0.03149  4.12213e-01 | 23  0.00718  6.01687e-03 | 24  0.03277  1.54571e-01
 25  0.00609 -1.09302e-01 | 26  0.00266  5.37971e-02 | 27 -0.01952  4.30254e-01
 28  0.00020  1.89994e-01 | 29  0.00252 -9.04283e-02 | 30  0.01627  8.52881e-01
 31  0.00984 -1.06597e-01 | 32 -0.00753 -8.53035e-01 | 33 -0.00381  2.32192e-01
 34 -0.02177 -2.44942e-01 | 35  0.01966  5.03225e-02 | 36  0.03839 -6.19772e-01
 37  0.01994 -2.76587e-01 | 38 -0.03119  5.24979e-01 | 39  0.00659  4.08701e-02
 40 -0.00944 -3.42605e-03 | 41  0.04164  6.41538e-01 | 42 -0.01044 -8.73515e-01
 43 -0.02085  4.57561e-01 | 44 -0.03289 -2.10946e-01 | 45  0.01584  9.97944e-01
 46 -0.00338  3.27244e-01 | 47  0.01478  7.23035e-01 | 48  0.03055  1.13913e+00
 49  0.01056  3.92461e-01 | 50  0.02091  8.32129e-01 | 51 -0.01996 -5.05130e-01
 52 -0.05955 -2.69279e-01 | 53 -0.00366  2.26824e-01 | 54 -0.03147  7.62536e-02
 55  0.00404 -6.39388e-02 | 56 -0.04083 -1.50958e-01 | 57  0.01038 -8.16737e-01
 58  0.02788 -3.53081e-01 | 59 -0.00802 -4.33467e-01 | 60  0.03290 -1.37407e-01
 61 -0.04554 -1.15199e-01 | 62 -0.03104 -2.05773e-01 | 63  0.03886 -3.52402e-01
 64  0.00601 -1.58221e-01 | 65 -0.02483  4.42473e-01 | 66 -0.01713 -3.68479e-01
 67 -0.00963  4.63329e-01 | 68  0.01775 -2.56662e-01 | 69 -0.00758  1.40147e-01
 70  0.02213  9.21727e-03 | 71  0.02494 -1.50364e-01 | 72  0.00978 -1.26422e-02
 73 -0.05850 -1.91953e-01 | 74  0.00993 -1.42953e-01 | 75 -0.01430  1.59124e-01
 76 -0.01146 -5.89458e-02 | 77 -0.02111 -7.65229e-01 | 78 -0.01492 -1.35952e+00
 79  0.04688 -3.44162e-01 | 80  0.00476 -8.09996e-01 | 81  0.04922 -6.24039e-02
 82  0.01252 -1.23621e-01 | 83 -0.01083  1.06498e+00 | 84  0.00737 -4.14274e-01
 85  0.00260 -2.56864e-02 | 86  0.01939 -8.58276e-02 | 87 -0.02751 -9.64051e-02
 88  0.00915 -2.82142e-01 | 89 -0.02398  8.65947e-01 | 90  0.00171 -2.38453e-01
 91 -0.01022 -2.93112e-01 | 92 -0.03698 -3.18703e-01 | 93  0.05265 -3.77941e-01
 94 -0.00346 -7.43411e-01 | 95  0.02275  2.47416e-01 | 96  0.01706  1.15968e-01
 97 -0.01528 -1.21741e+00 | 98 -0.00040  9.73387e-01 | 99 -0.02239  1.56857e+00
100 -0.02781  8.90393e-01 |101  0.01483 -1.04576e+00 |102 -0.03336 -1.41202e-01
103 -0.00842  1.13715e-01 |104 -0.00138  2.83149e-01 |105  0.00017  8.62430e-02
106  0.00018  9.85853e-02 |107  0.84821 -1.03800e-01 |108 -0.41177  7.75198e-01
109  0.21642  4.55080e-02 |110 -0.25229 -6.62152e-01 |
110 variables; iteration 100; function evaluation 132; phase 5
Function value 2.1828116e+03; maximum gradient component mag 1.1857e+00
Var    Value     Gradient |Var    Value     Gradient |Var    Value     Gradient
  1 -0.42917  7.35152e-03 |  2 -0.42538 -4.22466e-01 |  3 -0.40958 -1.13492e-01
  4 -0.39923 -5.16602e-04 |  5 -0.38570 -2.28982e-02 |  6  0.62829 -1.45280e-01
  7 -0.00925  4.62708e-02 |  8 -0.00237 -1.09426e-01 |  9 -0.00274  7.64099e-02
 10 -0.00765 -3.86124e-02 | 11  0.01690  2.35133e-02 | 12  0.00436  5.68644e-02
 13 -0.00954 -8.09079e-02 | 14 -0.00527  8.65412e-02 | 15 -0.01751 -4.42733e-02
 16  0.00228  1.41777e-02 | 17  0.00720  6.70173e-03 | 18 -0.00418  2.70498e-02
 19  0.04127  3.64132e-03 | 20  0.05405 -5.55943e-03 | 21 -0.00111 -1.49917e-02
 22 -0.03157  3.08111e-02 | 23  0.00719 -1.52599e-03 | 24  0.03276 -3.33904e-02
 25  0.00612  8.45290e-02 | 26  0.00267  3.04061e-02 | 27 -0.01956  5.58502e-02
 28  0.00019  5.93976e-02 | 29  0.00255  2.77556e-01 | 30  0.01623  1.06198e-01
 31  0.00985 -6.43416e-02 | 32 -0.00746 -9.40039e-02 | 33 -0.00382  1.04390e-01
 34 -0.02172  5.82159e-02 | 35  0.01966 -7.75469e-02 | 36  0.03842 -2.17300e-01
 37  0.01997  2.51859e-02 | 38 -0.03124  5.89080e-02 | 39  0.00658 -8.08650e-02
 40 -0.00943  9.14058e-02 | 41  0.04162  3.81046e-03 | 42 -0.01036 -4.40385e-02
 43 -0.02088  6.30059e-02 | 44 -0.03286 -3.43523e-02 | 45  0.01578 -4.90079e-02
 46 -0.00341 -4.02140e-02 | 47  0.01472 -1.41994e-01 | 48  0.03049 -1.61157e-01
 49  0.01053 -3.28828e-02 | 50  0.02086 -2.11889e-01 | 51 -0.01991  4.89109e-02
 52 -0.05950  7.90633e-03 | 53 -0.00366  2.05548e-01 | 54 -0.03147  3.51815e-02
 55  0.00404 -7.39002e-02 | 56 -0.04079  8.65653e-02 | 57  0.01043  4.49098e-02
 58  0.02790 -7.41620e-02 | 59 -0.00798  4.75398e-02 | 60  0.03291 -3.53147e-02
 61 -0.04553 -5.97169e-03 | 62 -0.03100  2.85643e-01 | 63  0.03887 -5.28963e-02
 64  0.00602 -4.17247e-02 | 65 -0.02484  9.21303e-02 | 66 -0.01711 -1.14150e-01
 67 -0.00964  4.02499e-02 | 68  0.01776 -3.61272e-02 | 69 -0.00758 -2.54122e-02
 70  0.02213 -1.49557e-02 | 71  0.02494 -2.36637e-02 | 72  0.00978 -1.89485e-02
 73 -0.05848  6.36013e-02 | 74  0.00994 -2.58346e-02 | 75 -0.01431  1.48780e-02
 76 -0.01145  1.40666e-02 | 77 -0.02108 -2.12958e-01 | 78 -0.01486 -1.91343e-01
 79  0.04688 -2.64849e-02 | 80  0.00479 -1.33619e-01 | 81  0.04922 -1.59407e-02
 82  0.01253  3.62078e-02 | 83 -0.01091 -5.29961e-01 | 84  0.00739  1.73532e-02
 85  0.00260 -7.95498e-03 | 86  0.01939 -1.14722e-02 | 87 -0.02751 -1.25846e-01
 88  0.00916 -1.42424e-01 | 89 -0.02396  1.18569e+00 | 90  0.00172 -1.35135e-01
 91 -0.01021 -5.27907e-02 | 92 -0.03696 -7.28932e-02 | 93  0.05266 -3.37355e-02
 94 -0.00342 -1.15522e-02 | 95  0.02274 -7.11598e-03 | 96  0.01706 -1.06459e-02
 97 -0.01521 -2.13571e-01 | 98 -0.00043  2.54140e-01 | 99 -0.02247  2.96501e-01
100 -0.02786  1.72490e-01 |101  0.01488 -3.44239e-01 |102 -0.03332 -1.32575e-02
103 -0.00842  1.98752e-02 |104 -0.00151  2.63722e-02 |105  0.00016  2.06327e-02
106  0.00015  1.02004e-03 |107  0.84824 -1.94428e-02 |108 -0.41177  1.30043e-01
109  0.21644 -1.14492e-02 |110 -0.25227  5.72532e-03 |

 - final statistics:
110 variables; iteration 118; function evaluation 162
Function value 2.1828e+03; maximum gradient component mag 5.4403e-05
Exit code = 1;  converg criter 1.0000e-04
Var    Value     Gradient |Var    Value     Gradient |Var    Value     Gradient
  1 -0.42920  2.13737e-05 |  2 -0.42538  4.58654e-05 |  3 -0.40957  4.14146e-05
  4 -0.39923  4.27886e-06 |  5 -0.38569  4.68013e-06 |  6  0.62828 -1.22898e-05
  7 -0.00927 -9.74481e-08 |  8 -0.00230 -6.13827e-07 |  9 -0.00278 -3.36906e-07
 10 -0.00762  2.80650e-07 | 11  0.01689 -1.15755e-07 | 12  0.00433  5.06279e-07
 13 -0.00949 -2.01537e-09 | 14 -0.00530  2.74555e-07 | 15 -0.01748 -1.13966e-07
 16  0.00228 -1.15064e-07 | 17  0.00720 -5.06509e-07 | 18 -0.00418 -4.06332e-07
 19  0.04127 -6.62336e-07 | 20  0.05406 -5.38620e-07 | 21 -0.00110 -3.84051e-08
 22 -0.03158 -1.32522e-06 | 23  0.00719 -2.40019e-07 | 24  0.03277 -1.89774e-06
 25  0.00611 -1.24824e-06 | 26  0.00267  3.42989e-07 | 27 -0.01957 -1.52467e-07
 28  0.00019  5.74240e-07 | 29  0.00253  9.82434e-07 | 30  0.01622  1.40845e-06
 31  0.00985 -5.88674e-07 | 32 -0.00745 -1.32488e-06 | 33 -0.00383 -1.54023e-06
 34 -0.02173 -2.54168e-07 | 35  0.01966 -2.86242e-06 | 36  0.03843 -1.58049e-06
 37  0.01997 -1.07883e-06 | 38 -0.03124 -6.87538e-07 | 39  0.00659 -4.12007e-07
 40 -0.00944 -9.45409e-08 | 41  0.04162 -3.69023e-06 | 42 -0.01036  4.81484e-07
 43 -0.02089 -3.32472e-07 | 44 -0.03286 -6.94454e-07 | 45  0.01578 -4.87971e-07
 46 -0.00341 -1.23794e-06 | 47  0.01473 -3.25239e-06 | 48  0.03050 -1.38968e-06
 49  0.01053 -1.17238e-06 | 50  0.02087 -2.31082e-06 | 51 -0.01991 -1.25029e-07
 52 -0.05950  3.89158e-07 | 53 -0.00368 -9.04657e-07 | 54 -0.03148 -1.52975e-06
 55  0.00404 -2.32139e-06 | 56 -0.04080 -2.18991e-07 | 57  0.01042 -4.61118e-07
 58  0.02790 -3.40604e-06 | 59 -0.00799 -1.08261e-06 | 60  0.03291 -2.73982e-06
 61 -0.04553 -1.01249e-06 | 62 -0.03102 -4.88902e-07 | 63  0.03887  4.41415e-07
 64  0.00602 -1.19467e-06 | 65 -0.02485 -6.87280e-08 | 66 -0.01711  2.70643e-07
 67 -0.00964  1.25382e-07 | 68  0.01776  1.42302e-06 | 69 -0.00758  4.78101e-07
 70  0.02214 -5.70363e-07 | 71  0.02494  1.28534e-06 | 72  0.00978 -1.35598e-06
 73 -0.05848  4.65661e-06 | 74  0.00994  6.33931e-07 | 75 -0.01431  8.33810e-07
 76 -0.01145  7.51026e-07 | 77 -0.02107  1.26287e-06 | 78 -0.01485  8.96565e-07
 79  0.04688  4.78344e-06 | 80  0.00480  1.99119e-07 | 81  0.04922  8.05139e-07
 82  0.01253  3.36025e-07 | 83 -0.01088 -4.42192e-07 | 84  0.00739  2.59507e-06
 85  0.00260  1.64531e-07 | 86  0.01939  1.45659e-06 | 87 -0.02750  1.44411e-06
 88  0.00917  6.27981e-07 | 89 -0.02402  3.28413e-06 | 90  0.00172  2.44920e-07
 91 -0.01021  1.84452e-06 | 92 -0.03696 -1.18754e-07 | 93  0.05266  6.49742e-06
 94 -0.00342  9.40453e-07 | 95  0.02274  7.24025e-07 | 96  0.01706 -5.62277e-07
 97 -0.01520  1.34141e-06 | 98 -0.00044  1.18635e-06 | 99 -0.02249  7.87242e-07
100 -0.02787  2.58857e-07 |101  0.01490  1.43509e-06 |102 -0.03332  4.42376e-07
103 -0.00842  1.69516e-06 |104 -0.00152 -8.16782e-07 |105  0.00015  8.95250e-07
106  0.00015  2.38579e-07 |107  0.84824 -7.84088e-06 |108 -0.41177  5.44026e-05
109  0.21644 -1.47306e-05 |110 -0.25227  3.84051e-05 |

 - final statistics:
122 variables; iteration 0; function evaluation 0
Function value 2.1828e+03; maximum gradient component mag 5.4403e-05
Exit code = 0;  converg criter 1.0000e-04
Var    Value     Gradient |Var    Value     Gradient |Var    Value     Gradient
  1 -0.42920  2.13737e-05 |  2 -0.42538  4.58657e-05 |  3 -0.40957  4.14147e-05
  4 -0.39923  4.27887e-06 |  5 -0.38569  4.68015e-06 |  6  0.62828 -1.22897e-05
  7 -0.00927 -9.74479e-08 |  8 -0.00230 -6.13827e-07 |  9 -0.00278 -3.36906e-07
 10 -0.00762  2.80650e-07 | 11  0.01689 -1.15754e-07 | 12  0.00433  4.99779e-07
 13 -0.00949 -8.51449e-09 | 14 -0.00530  2.68056e-07 | 15 -0.01748 -1.20463e-07
 16  0.00228 -1.21564e-07 | 17  0.00720 -5.13009e-07 | 18 -0.00418 -4.12832e-07
 19  0.04127 -6.68821e-07 | 20  0.05406 -5.45097e-07 | 21 -0.00110 -4.49047e-08
 22 -0.03158 -1.33172e-06 | 23  0.00719 -2.46518e-07 | 24  0.03277 -1.90424e-06
 25  0.00611 -1.25474e-06 | 26  0.00267  3.36489e-07 | 27 -0.01957 -1.58964e-07
 28  0.00019  5.67739e-07 | 29  0.00253  9.75936e-07 | 30  0.01622  1.40195e-06
 31  0.00985 -5.95172e-07 | 32 -0.00745 -1.33137e-06 | 33 -0.00383 -1.54673e-06
 34 -0.02173 -2.60663e-07 | 35  0.01966 -2.86892e-06 | 36  0.03843 -1.58698e-06
 37  0.01997 -1.08532e-06 | 38 -0.03124 -6.94029e-07 | 39  0.00659 -4.18505e-07
 40 -0.00944 -1.01039e-07 | 41  0.04162 -3.69671e-06 | 42 -0.01036  4.74986e-07
 43 -0.02089 -3.38967e-07 | 44 -0.03286 -7.00944e-07 | 45  0.01578 -4.94466e-07
 46 -0.00341 -1.24443e-06 | 47  0.01473 -3.25889e-06 | 48  0.03050 -1.39617e-06
 49  0.01053 -1.17887e-06 | 50  0.02087 -2.31731e-06 | 51 -0.01991 -1.31524e-07
 52 -0.05950  3.82688e-07 | 53 -0.00368 -9.11153e-07 | 54 -0.03148 -1.53624e-06
 55  0.00404 -2.32789e-06 | 56 -0.04080 -2.25475e-07 | 57  0.01042 -4.67611e-07
 58  0.02790 -3.41252e-06 | 59 -0.00799 -1.08910e-06 | 60  0.03291 -2.74631e-06
 61 -0.04553 -1.01897e-06 | 62 -0.03102 -4.95391e-07 | 63  0.03887  4.34938e-07
 64  0.00602 -1.20116e-06 | 65 -0.02485 -7.52194e-08 | 66 -0.01711  2.64150e-07
 67 -0.00964  1.18888e-07 | 68  0.01776  1.41653e-06 | 69 -0.00758  4.71606e-07
 70  0.02214 -5.76850e-07 | 71  0.02494  1.27885e-06 | 72  0.00978 -1.36247e-06
 73 -0.05848  4.65014e-06 | 74  0.00994  6.27440e-07 | 75 -0.01431  8.27316e-07
 76 -0.01145  7.44532e-07 | 77 -0.02107  1.25637e-06 | 78 -0.01485  8.90072e-07
 79  0.04688  4.77697e-06 | 80  0.00480  1.92625e-07 | 81  0.04922  7.98670e-07
 82  0.01253  3.29532e-07 | 83 -0.01088 -4.48688e-07 | 84  0.00739  2.58857e-06
 85  0.00260  1.58034e-07 | 86  0.01939  1.45009e-06 | 87 -0.02750  1.43762e-06
 88  0.00917  6.21484e-07 | 89 -0.02402  3.27763e-06 | 90  0.00172  2.38422e-07
 91 -0.01021  1.83802e-06 | 92 -0.03696 -1.25241e-07 | 93  0.05266  6.49095e-06
 94 -0.00342  9.33954e-07 | 95  0.02274  7.17529e-07 | 96  0.01706 -5.68775e-07
 97 -0.01520  1.33491e-06 | 98 -0.00044  1.17985e-06 | 99 -0.02249  7.80746e-07
100 -0.02787  2.52363e-07 |101  0.01490  1.42859e-06 |102 -0.03332  4.35885e-07
103 -0.00842  1.68866e-06 |104 -0.00152 -8.23282e-07 |105  0.00015  8.88750e-07
106  0.00015  2.32079e-07 |107  0.00000  0.00000e+00 |108  0.00000  0.00000e+00
109  0.00000  0.00000e+00 |110  0.00000  0.00000e+00 |111  0.00000  0.00000e+00
112  0.00000  0.00000e+00 |113  0.00000  0.00000e+00 |114  0.00000  0.00000e+00
115  0.00000  0.00000e+00 |116  0.00000  0.00000e+00 |117  0.00000  0.00000e+00
118  0.00000  0.00000e+00 |119  0.84824 -7.84089e-06 |120 -0.41177  5.44026e-05
121  0.21644 -1.47306e-05 |122 -0.25227  3.84051e-05 |
size of file gradfil1.tmp = 0
size of file gradfil2.tmp = 0
size of file varssave.tmp = 0
size of file cmpdiff.tmp = 0
