
Initial statistics: 1 variables; iteration 0; function evaluation 0; phase 1
Function value 2.7790989e+03; maximum gradient component mag -5.8303e+03
Var    Value     Gradient |Var    Value     Gradient |Var    Value     Gradient
  1  0.63197 -5.83030e+03 |

 - final statistics:
1 variables; iteration 4; function evaluation 7
Function value 2.7550e+03; maximum gradient component mag -1.7252e+00
Exit code = 1;  converg criter 1.0000e+01
Var    Value     Gradient |Var    Value     Gradient |Var    Value     Gradient
  1  0.64095 -1.72520e+00 |

Initial statistics: 98 variables; iteration 0; function evaluation 0; phase 2
Function value 2.7549526e+03; maximum gradient component mag -2.2113e+03
Var    Value     Gradient |Var    Value     Gradient |Var    Value     Gradient
  1  0.64095 -1.72520e+00 |  2  0.00000  4.13617e+00 |  3  0.00000  2.77465e+01
  4  0.00000 -9.84988e+00 |  5  0.00000 -1.40511e+01 |  6  0.00000 -8.90076e+00
  7  0.00000  7.21818e+01 |  8  0.00000 -7.85857e+01 |  9  0.00000  5.79903e+01
 10  0.00000  7.45078e+01 | 11  0.00000 -1.37650e+02 | 12  0.00000  2.01478e+01
 13  0.00000  1.58624e+01 | 14  0.00000  1.69027e+02 | 15  0.00000 -1.20076e+02
 16  0.00000  3.26379e+01 | 17  0.00000  1.36099e+02 | 18  0.00000 -3.73048e+01
 19  0.00000 -4.26307e+01 | 20  0.00000 -1.63243e+02 | 21  0.00000 -4.53088e+01
 22  0.00000  3.52991e+01 | 23  0.00000 -3.70341e+02 | 24  0.00000  3.94063e+02
 25  0.00000  2.03006e+02 | 26  0.00000  3.57353e+02 | 27  0.00000  2.28989e+02
 28  0.00000  1.90910e+02 | 29  0.00000 -3.61067e+02 | 30  0.00000 -3.02967e+02
 31  0.00000 -5.16723e+02 | 32  0.00000 -4.43004e+02 | 33  0.00000  1.09379e+02
 34  0.00000  2.07617e+02 | 35  0.00000  1.44956e+01 | 36  0.00000 -2.22556e+00
 37  0.00000 -4.02762e+01 | 38  0.00000 -7.31258e+02 | 39  0.00000 -2.32576e+02
 40  0.00000 -2.94755e+01 | 41  0.00000 -1.13506e+02 | 42  0.00000  6.50339e+01
 43  0.00000 -4.22029e+02 | 44  0.00000 -2.07991e+02 | 45  0.00000 -3.23840e+02
 46  0.00000  2.08267e+02 | 47  0.00000  2.00039e+02 | 48  0.00000  8.18456e+01
 49  0.00000  3.66798e+02 | 50  0.00000 -2.10241e+02 | 51  0.00000 -1.07133e+02
 52  0.00000  9.71949e+01 | 53  0.00000 -5.14778e+02 | 54  0.00000 -7.71547e+02
 55  0.00000  5.11530e+02 | 56  0.00000  7.46575e+02 | 57  0.00000  1.31645e+03
 58  0.00000  6.46008e+02 | 59  0.00000 -7.40476e+01 | 60  0.00000 -5.60369e+02
 61  0.00000  8.63537e+02 | 62  0.00000  1.32660e+03 | 63  0.00000  3.56322e+02
 64  0.00000 -9.70577e+02 | 65  0.00000  3.51080e+02 | 66  0.00000  5.70370e+01
 67  0.00000 -3.54475e+02 | 68  0.00000  4.45676e+02 | 69  0.00000  1.01830e+03
 70  0.00000  5.40604e+02 | 71  0.00000  7.93608e+02 | 72  0.00000  8.66212e+02
 73  0.00000  4.99760e+02 | 74  0.00000  8.39637e+01 | 75  0.00000 -9.58427e+02
 76  0.00000 -6.32026e+02 | 77  0.00000 -2.09893e+03 | 78  0.00000  2.50680e+02
 79  0.00000  3.09616e+02 | 80  0.00000  7.03734e+02 | 81  0.00000 -7.98629e+02
 82  0.00000 -2.12300e+00 | 83  0.00000  2.06040e+02 | 84  0.00000  6.11510e+02
 85  0.00000 -2.21134e+03 | 86  0.00000 -2.78078e+01 | 87  0.00000 -3.55255e+02
 88  0.00000 -3.87174e+02 | 89  0.00000 -9.13135e+02 | 90  0.00000  5.31587e+02
 91  0.00000 -5.92372e+01 | 92  0.00000  2.54641e+02 | 93  0.00000  9.98262e+01
 94  0.00000  2.78537e+00 | 95  0.00000 -1.08714e+00 | 96  0.00000 -1.08723e+00
 97  0.81654  1.71195e+02 | 98  0.22185  6.17163e+01 |

Intermediate statistics: 98 variables; iteration 20; function evaluation 30; phase 2
Function value 2.3251740e+03; maximum gradient component mag 1.3270e+03
Var    Value     Gradient |Var    Value     Gradient |Var    Value     Gradient
  1  0.62937  1.32703e+03 |  2 -0.00578 -4.66371e+01 |  3 -0.05219 -1.15066e+02
  4 -0.00191 -5.41440e+01 |  5 -0.01235 -8.44784e+01 |  6 -0.00842 -7.25437e+01
  7  0.04087  1.83853e+02 |  8  0.04477  7.19167e+01 |  9 -0.02578 -7.37615e+01
 10 -0.05897 -1.67383e+02 | 11  0.01502 -1.03193e+02 | 12  0.00379 -6.00607e+00
 13  0.00159 -2.41717e+01 | 14 -0.01221  2.84355e+01 | 15  0.02446  8.03365e+01
 16 -0.00551 -8.54658e+01 | 17 -0.01446 -7.91212e+01 | 18  0.00560 -2.56156e+01
 19  0.00624 -7.65599e+00 | 20  0.01433  1.11837e+01 | 21  0.00364 -3.00673e+01
 22 -0.00494 -6.17823e+01 | 23  0.01851 -1.16682e+02 | 24 -0.04506 -1.21208e+02
 25 -0.01167 -1.27477e+01 | 26 -0.02517 -3.29651e+00 | 27 -0.01494 -1.78870e+01
 28 -0.01213 -1.49958e+00 | 29  0.02437 -9.56001e+00 | 30  0.01810 -5.91481e+01
 31  0.03371 -2.58556e+01 | 32  0.02807 -5.76677e+01 | 33  0.00467  1.20184e+02
 34 -0.00162  1.19443e+02 | 35 -0.01024 -1.72165e+02 | 36 -0.00542 -1.20277e+02
 37  0.00369 -1.83062e+01 | 38  0.03751 -1.41010e+02 | 39  0.00829 -1.35343e+02
 40 -0.00015 -5.66784e+01 | 41 -0.00030 -1.46757e+02 | 42 -0.00015  4.71135e+01
 43  0.02689 -3.80791e+00 | 44  0.01018 -5.98824e+01 | 45  0.02084  7.51586e+00
 46 -0.01608 -4.52641e+01 | 47 -0.00694  5.53671e+01 | 48  0.01500  3.03751e+02
 49 -0.01099  1.48212e+02 | 50  0.00798 -1.07308e+02 | 51  0.00750 -5.28588e+00
 52  0.00025  4.75649e+01 | 53  0.01490 -1.62579e+02 | 54  0.01661 -3.36570e+02
 55 -0.00698  2.19520e+02 | 56 -0.00009  5.72696e+02 | 57 -0.02066  5.91510e+02
 58 -0.00540  3.14428e+02 | 59  0.00159 -1.50969e+02 | 60  0.01511 -1.86082e+02
 61 -0.01917  1.67968e+02 | 62 -0.02568  4.35870e+02 | 63  0.00558  3.98322e+02
 64  0.02075 -3.57922e+02 | 65  0.00042  2.60365e+02 | 66  0.00154 -1.30990e+01
 67  0.00873 -1.94257e+02 | 68 -0.00526  1.67803e+02 | 69 -0.01727  4.13428e+02
 70 -0.00533  2.42556e+02 | 71 -0.01542  2.43754e+02 | 72 -0.01307  3.72493e+02
 73 -0.01085  9.44294e+01 | 74 -0.00711 -1.57555e+02 | 75  0.02789 -1.84416e+02
 76  0.01154 -3.14745e+02 | 77  0.04563 -6.88075e+02 | 78 -0.00871 -3.74542e+00
 79 -0.00361  7.59562e+01 | 80 -0.01027  3.29077e+02 | 81  0.02684 -1.30694e+02
 82  0.00178 -6.74006e+01 | 83  0.00675  2.15762e+02 | 84 -0.02139  1.76107e+02
 85  0.06059 -4.51618e+02 | 86  0.00563  3.08970e+01 | 87  0.02890  1.32522e+02
 88  0.02630  1.64280e+01 | 89  0.04444 -1.98720e+02 | 90 -0.01809  1.54510e+02
 91  0.00194 -2.39947e+02 | 92 -0.01603  1.07307e+01 | 93 -0.00051  2.69036e+01
 94 -0.10446 -1.94899e+02 | 95 -0.04913 -1.13218e+02 | 96 -0.04913 -1.13216e+02
 97  0.81663  1.70067e+02 | 98  0.21778 -1.29589e+02 |
98 variables; iteration 40; function evaluation 57; phase 2
Function value 2.2404241e+03; maximum gradient component mag 1.8785e+03
Var    Value     Gradient |Var    Value     Gradient |Var    Value     Gradient
  1  0.64046  1.87849e+03 |  2 -0.00174 -5.57077e+01 |  3 -0.00847 -4.69738e+01
  4  0.00362 -5.69451e+01 |  5  0.01015 -4.25977e+01 |  6  0.00789 -4.08396e+01
  7 -0.03401 -7.94302e+01 |  8  0.02510 -3.32074e+01 |  9 -0.00702 -2.40384e+01
 10 -0.01379 -3.80852e+01 | 11  0.02622 -3.64612e+01 | 12 -0.00239 -4.84992e+01
 13  0.00145 -2.93851e+01 | 14 -0.02280 -4.44903e+01 | 15  0.01456 -2.77433e+01
 16 -0.00165 -4.16790e+01 | 17 -0.01143 -4.29189e+01 | 18  0.00174 -5.91713e+01
 19  0.00153 -5.54926e+01 | 20  0.01024 -3.25205e+01 | 21  0.00101 -4.85998e+01
 22 -0.00526 -4.98174e+01 | 23  0.02008 -5.30330e+01 | 24 -0.03620 -4.78221e+01
 25 -0.01446 -3.44069e+01 | 26 -0.02896 -3.70990e+01 | 27 -0.01718 -3.56386e+01
 28 -0.01542 -2.87774e+01 | 29  0.02164 -2.12816e+01 | 30  0.01749 -3.34070e+01
 31  0.03134 -1.91493e+01 | 32  0.02720 -3.11415e+01 | 33 -0.00820 -2.02707e+01
 34 -0.01511 -1.87241e+01 | 35 -0.00133 -4.46155e+01 | 36 -0.00047 -3.26123e+01
 37  0.00171 -1.27074e+01 | 38  0.03805 -6.20738e+01 | 39  0.01116 -5.57809e+01
 40  0.00072 -1.29973e+01 | 41  0.00323 -6.63302e+01 | 42 -0.00671 -3.90260e+00
 43  0.02345 -4.96992e+00 | 44  0.00970 -1.46349e+01 | 45  0.01686 -1.89355e+00
 46 -0.01696 -2.61617e+01 | 47 -0.01494 -2.30928e+01 | 48  0.00000  7.33219e+01
 49 -0.02341  9.44760e+00 | 50  0.01039  2.40156e+01 | 51  0.00471  1.87252e+01
 52 -0.00651 -1.46222e+01 | 53  0.01397 -5.56462e+01 | 54  0.01962 -8.62219e+01
 55 -0.02080 -4.69953e+01 | 56 -0.01730  1.37286e+02 | 57 -0.04310  1.72118e+02
 58 -0.01397  1.49451e+02 | 59  0.00542  9.09537e+01 | 60  0.01173 -1.70355e+02
 61 -0.02237  1.54466e+02 | 62 -0.03424  2.99677e+02 | 63 -0.00714  9.25654e+01
 64  0.03101  2.82161e+02 | 65 -0.01335 -1.42089e+01 | 66 -0.00222 -1.52130e+01
 67  0.00822 -7.86293e+01 | 68 -0.01435  1.57666e+01 | 69 -0.03554  7.95473e+01
 70 -0.01311  1.12256e+02 | 71 -0.02462  9.43421e+01 | 72 -0.03009  5.27191e+01
 73 -0.01663  3.13250e+01 | 74 -0.00102  1.00543e+02 | 75  0.02701 -5.89935e+01
 76  0.02050  7.92647e+01 | 77  0.05761  1.23158e+02 | 78 -0.01067  1.98665e+01
 79 -0.00764  2.55103e+01 | 80 -0.02798  2.25941e+01 | 81  0.03523  3.21148e+02
 82  0.00401  5.62648e+01 | 83 -0.00605 -4.11980e+01 | 84 -0.04089 -5.75654e+01
 85  0.07155  3.02604e+02 | 86 -0.00072 -4.03246e+01 | 87  0.01863 -6.75707e+01
 88  0.02077 -6.51614e+01 | 89  0.04880 -4.26151e+01 | 90 -0.04754 -8.13452e+01
 91  0.01242 -1.23091e+02 | 92 -0.02321 -4.89041e+01 | 93 -0.02139 -6.97776e+01
 94  0.02122 -2.06052e+01 | 95  0.02092 -2.55361e+01 | 96  0.02092 -2.55366e+01
 97  0.79847  5.39364e+01 | 98  0.22417  2.89494e+01 |
98 variables; iteration 60; function evaluation 83; phase 2
Function value 2.2268557e+03; maximum gradient component mag -1.7986e+02
Var    Value     Gradient |Var    Value     Gradient |Var    Value     Gradient
  1  0.63291  3.55893e+01 |  2  0.00362  9.79260e+00 |  3 -0.01247 -1.34040e+00
  4  0.00390 -3.51640e+00 |  5  0.00439 -6.38470e+00 |  6  0.00171 -8.37361e+00
  7 -0.02604 -6.55726e+00 |  8  0.02432  8.46209e+00 |  9 -0.01030  1.26471e+01
 10 -0.01429  7.72781e+00 | 11  0.02693  4.90920e+00 | 12  0.00199  1.77686e+01
 13  0.00271  1.72360e+01 | 14 -0.02539 -1.69172e+01 | 15  0.01442 -1.69704e+00
 16  0.00035  1.06905e+01 | 17 -0.00951  1.01177e+01 | 18  0.00439  1.99211e+00
 19  0.00503  1.67058e+01 | 20  0.01056 -9.15257e+00 | 21  0.00284 -3.09260e-01
 22 -0.00307  4.76048e+00 | 23  0.02123 -2.08526e+01 | 24 -0.03497 -1.04167e-01
 25 -0.01570 -1.96940e+01 | 26 -0.02804  5.17918e+00 | 27 -0.01721 -7.24939e+00
 28 -0.01701 -1.84452e+01 | 29  0.02148 -2.08541e+01 | 30  0.01733 -3.03741e+01
 31  0.03170 -2.19766e+01 | 32  0.02829 -2.02989e+01 | 33 -0.00753  4.60344e+00
 34 -0.01655 -1.33570e+01 | 35  0.00066 -1.16794e+01 | 36  0.00027 -1.81492e+01
 37  0.00169 -1.13412e+01 | 38  0.04162 -3.15290e+01 | 39  0.01522 -1.07063e+01
 40  0.00135 -1.05709e+01 | 41  0.01013  1.56004e+01 | 42 -0.00565  3.32468e+00
 43  0.02547 -1.77533e+01 | 44  0.01225 -9.08585e+00 | 45  0.01864 -2.12902e+01
 46 -0.01455 -9.43678e+00 | 47 -0.01230 -1.10055e+01 | 48 -0.00293 -1.99232e+01
 49 -0.02304 -8.49611e+00 | 50  0.01194 -2.64812e+01 | 51  0.00747  2.37014e+00
 52 -0.00232  1.49131e+01 | 53  0.01887  9.96426e-01 | 54  0.02755  1.05266e+02
 55 -0.01659 -4.48390e-01 | 56 -0.01887  3.32127e+01 | 57 -0.04920  5.21599e+01
 58 -0.01331  8.36627e+01 | 59  0.00017 -1.79857e+02 | 60  0.01954  1.29783e+01
 61 -0.02595  3.19994e+01 | 62 -0.04433  8.20408e+01 | 63 -0.00823 -2.55934e+01
 64  0.02846 -3.05220e+01 | 65 -0.01157 -3.54564e+01 | 66  0.00003 -2.15709e+01
 67  0.01386  2.12366e+01 | 68 -0.01309 -6.22771e+00 | 69 -0.03500  6.22311e+01
 70 -0.01351  3.77676e+01 | 71 -0.02485  4.83493e+01 | 72 -0.02971  2.98556e+01
 73 -0.01846 -5.04688e+01 | 74 -0.00171  2.96886e+01 | 75  0.03204  2.82284e+01
 76  0.01979 -2.01524e+01 | 77  0.05850 -9.73052e+00 | 78 -0.01128 -1.13853e+01
 79 -0.00833 -7.24447e+00 | 80 -0.02767  3.06709e+01 | 81  0.02966  2.58948e+01
 82  0.00232  1.84130e+00 | 83 -0.00291  3.61977e+01 | 84 -0.03856 -1.75430e+00
 85  0.06570 -1.08377e+02 | 86  0.00172  1.78578e+01 | 87  0.02179  1.67734e+01
 88  0.02169 -1.97718e+01 | 89  0.05053  3.03048e+01 | 90 -0.04678 -2.24846e+01
 91  0.01775 -2.66500e-01 | 92 -0.02089  2.02051e+01 | 93 -0.02224 -1.54060e+01
 94  0.00931  1.70102e+01 | 95 -0.00564 -9.71082e+00 | 96 -0.00564 -9.71240e+00
 97  0.80342  1.35894e+01 | 98  0.22422  4.31665e+01 |
Maximum number of function evaluations exceeded

 - final statistics:
98 variables; iteration 72; function evaluation 100
Function value 2.2250e+03; maximum gradient component mag -6.8616e+01
Exit code = 3;  converg criter 1.0000e+01
Var    Value     Gradient |Var    Value     Gradient |Var    Value     Gradient
  1  0.63226 -4.06907e+00 |  2 -0.00476 -6.79076e+00 |  3 -0.01181  8.57269e-01
  4  0.00148 -8.59152e+00 |  5  0.00765  2.61561e+00 |  6  0.00233 -6.09602e+00
  7 -0.02496 -3.15174e+00 |  8  0.02320  3.48420e+00 |  9 -0.01306  3.40795e+00
 10 -0.01552  3.27961e+00 | 11  0.02629 -3.85485e-01 | 12 -0.00262 -8.31863e+00
 13  0.00274  1.70010e+01 | 14 -0.02404 -9.00358e+00 | 15  0.01524  7.37301e+00
 16 -0.00046  3.28927e+00 | 17 -0.00870  1.94214e+01 | 18  0.00452  4.00460e+00
 19  0.00326 -6.77293e+00 | 20  0.01092 -3.01765e+00 | 21  0.00294  2.48756e+00
 22 -0.00263  1.15405e+01 | 23  0.02216 -2.81661e+00 | 24 -0.03435  5.70547e+00
 25 -0.01559 -1.93457e+01 | 26 -0.03088 -2.17066e+01 | 27 -0.01694 -5.62675e+00
 28 -0.01496  3.46980e+00 | 29  0.02239 -5.55442e+00 | 30  0.01932 -7.82273e-01
 31  0.03190 -2.00472e+01 | 32  0.02983  3.80978e+00 | 33 -0.00806 -2.24303e+00
 34 -0.01411  1.05991e+01 | 35  0.00137 -3.40482e+00 | 36  0.00118 -7.32792e+00
 37  0.00229 -3.83214e+00 | 38  0.04262 -9.87866e+00 | 39  0.01607  2.18140e+00
 40  0.00082 -1.74291e+01 | 41  0.00847 -9.01008e+00 | 42 -0.00584  5.28295e-01
 43  0.02564 -1.60218e+01 | 44  0.01217 -1.09294e+01 | 45  0.01946 -6.41000e+00
 46 -0.01364  2.01977e+00 | 47 -0.01079  8.68365e+00 | 48 -0.00192 -4.29396e+00
 49 -0.02269 -3.75001e+00 | 50  0.01273 -1.04050e+01 | 51  0.00764  4.86342e+00
 52 -0.00211  1.69697e+01 | 53  0.01904 -1.76437e+00 | 54  0.02588  2.54843e+01
 55 -0.01588  7.75496e+00 | 56 -0.02018 -3.04152e+00 | 57 -0.05017  3.25642e+01
 58 -0.01651 -9.96321e-01 | 59  0.00393 -6.86159e+01 | 60  0.01895 -1.82390e+01
 61 -0.02572  2.94844e+01 | 62 -0.04743  2.69825e+01 | 63 -0.00727 -8.31839e+00
 64  0.02883 -2.34607e+01 | 65 -0.00921  1.87481e+01 | 66  0.00050 -1.44345e+01
 67  0.01361  4.25035e+00 | 68 -0.01169  2.13910e+01 | 69 -0.03839 -3.61814e+00
 70 -0.01316  3.51542e+01 | 71 -0.02625  1.26818e+01 | 72 -0.03057  9.17044e+00
 73 -0.01685 -1.96091e+01 | 74 -0.00170  2.49480e+01 | 75  0.03190  1.29580e+01
 76  0.02041 -9.67212e+00 | 77  0.05889  3.06742e-01 | 78 -0.00997  1.06469e+01
 79 -0.00850 -1.55140e+01 | 80 -0.02949 -3.91698e+00 | 81  0.02940  3.41167e+00
 82  0.00190 -1.58885e+01 | 83 -0.00361  1.64861e+01 | 84 -0.03824  1.36994e+00
 85  0.06751 -1.94767e+01 | 86  0.00087 -2.48802e-01 | 87  0.02189  1.30693e+01
 88  0.02238 -1.16427e+01 | 89  0.05041  1.98999e+01 | 90 -0.04472 -8.88961e+00
 91  0.01882  1.21338e+01 | 92 -0.02335  7.94551e+00 | 93 -0.01867 -4.31451e+00
 94 -0.00100  1.76649e+00 | 95 -0.00136 -1.94789e+00 | 96 -0.00135 -1.94541e+00
 97  0.80442  1.94170e+01 | 98  0.22325  1.07200e+01 |

Initial statistics: 100 variables; iteration 0; function evaluation 0; phase 3
Function value 2.2249837e+03; maximum gradient component mag -1.5693e+02
Var    Value     Gradient |Var    Value     Gradient |Var    Value     Gradient
  1  0.63226 -4.06907e+00 |  2 -0.00476 -6.76733e+00 |  3 -0.01181  8.80697e-01
  4  0.00149 -8.56809e+00 |  5  0.00765  2.63904e+00 |  6  0.00234 -6.07259e+00
  7 -0.02496 -3.12832e+00 |  8  0.02320  3.50761e+00 |  9 -0.01306  3.43138e+00
 10 -0.01552  3.30304e+00 | 11  0.02629 -3.62073e-01 | 12 -0.00262 -8.29520e+00
 13  0.00274  1.70245e+01 | 14 -0.02404 -8.98016e+00 | 15  0.01524  7.39643e+00
 16 -0.00046  3.31270e+00 | 17 -0.00870  1.94449e+01 | 18  0.00452  4.02803e+00
 19  0.00326 -6.74950e+00 | 20  0.01092 -2.99422e+00 | 21  0.00294  2.51099e+00
 22 -0.00263  1.15639e+01 | 23  0.02216 -2.79320e+00 | 24 -0.03435  5.72887e+00
 25 -0.01559 -1.93223e+01 | 26 -0.03088 -2.16832e+01 | 27 -0.01694 -5.60333e+00
 28 -0.01496  3.49322e+00 | 29  0.02239 -5.53100e+00 | 30  0.01932 -7.58852e-01
 31  0.03190 -2.00238e+01 | 32  0.02983  3.83319e+00 | 33 -0.00806 -2.21960e+00
 34 -0.01411  1.06226e+01 | 35  0.00137 -3.38139e+00 | 36  0.00118 -7.30449e+00
 37  0.00229 -3.80871e+00 | 38  0.04262 -9.85528e+00 | 39  0.01607  2.20483e+00
 40  0.00082 -1.74057e+01 | 41  0.00847 -8.98665e+00 | 42 -0.00583  5.51726e-01
 43  0.02564 -1.59984e+01 | 44  0.01217 -1.09060e+01 | 45  0.01946 -6.38658e+00
 46 -0.01364  2.04319e+00 | 47 -0.01079  8.70708e+00 | 48 -0.00192 -4.27053e+00
 49 -0.02269 -3.72659e+00 | 50  0.01273 -1.03816e+01 | 51  0.00764  4.88685e+00
 52 -0.00211  1.69932e+01 | 53  0.01904 -1.74095e+00 | 54  0.02588  2.55078e+01
 55 -0.01588  7.77839e+00 | 56 -0.02018 -3.01810e+00 | 57 -0.05017  3.25875e+01
 58 -0.01651 -9.72897e-01 | 59  0.00393 -6.85925e+01 | 60  0.01895 -1.82155e+01
 61 -0.02572  2.95078e+01 | 62 -0.04742  2.70059e+01 | 63 -0.00727 -8.29496e+00
 64  0.02883 -2.34373e+01 | 65 -0.00921  1.87716e+01 | 66  0.00050 -1.44111e+01
 67  0.01361  4.27378e+00 | 68 -0.01169  2.14145e+01 | 69 -0.03839 -3.59475e+00
 70 -0.01316  3.51777e+01 | 71 -0.02625  1.27052e+01 | 72 -0.03057  9.19385e+00
 73 -0.01685 -1.95857e+01 | 74 -0.00169  2.49715e+01 | 75  0.03190  1.29814e+01
 76  0.02041 -9.64870e+00 | 77  0.05889  3.30074e-01 | 78 -0.00997  1.06703e+01
 79 -0.00850 -1.54905e+01 | 80 -0.02949 -3.89358e+00 | 81  0.02940  3.43508e+00
 82  0.00190 -1.58650e+01 | 83 -0.00361  1.65095e+01 | 84 -0.03824  1.39333e+00
 85  0.06751 -1.94534e+01 | 86  0.00087 -2.25370e-01 | 87  0.02189  1.30927e+01
 88  0.02238 -1.16193e+01 | 89  0.05041  1.99233e+01 | 90 -0.04472 -8.86624e+00
 91  0.01882  1.21572e+01 | 92 -0.02335  7.96892e+00 | 93 -0.01867 -4.29109e+00
 94 -0.00100  1.78993e+00 | 95 -0.00135 -1.92446e+00 | 96 -0.00135 -1.92197e+00
 97  0.80442  1.94170e+01 | 98 -0.41581 -1.56928e+02 | 99  0.22325  1.07200e+01
100 -0.25275  4.24424e+01 |

Intermediate statistics: 100 variables; iteration 20; function evaluation 26; phase 3
Function value 2.2243811e+03; maximum gradient component mag 5.1084e+01
Var    Value     Gradient |Var    Value     Gradient |Var    Value     Gradient
  1  0.63258  5.10845e+01 |  2 -0.00117 -9.99286e-01 |  3 -0.01227 -1.69110e+00
  4  0.00533 -9.78678e-01 |  5  0.00653 -1.81401e+00 |  6  0.00454 -1.30374e+00
  7 -0.02368 -1.42251e+00 |  8  0.02231 -1.78020e+00 |  9 -0.01414 -1.80478e+00
 10 -0.01647 -1.78474e+00 | 11  0.02625 -2.13665e+00 | 12 -0.00123 -2.33283e+00
 13  0.00048  3.95938e-01 | 14 -0.02258 -2.49406e+00 | 15  0.01474 -3.27275e-01
 16 -0.00066 -1.23597e+00 | 17 -0.01009  3.25025e+00 | 18  0.00428 -6.03802e-01
 19  0.00354 -4.08619e+00 | 20  0.01095 -3.27024e+00 | 21  0.00279 -7.95708e-01
 22 -0.00320  2.28652e+00 | 23  0.02220 -3.10803e+00 | 24 -0.03493 -3.40028e-01
 25 -0.01448 -7.15872e+00 | 26 -0.02924 -7.19734e+00 | 27 -0.01667 -3.14648e+00
 28 -0.01523 -5.49063e-01 | 29  0.02253 -3.70664e+00 | 30  0.01925 -1.80958e+00
 31  0.03237 -1.06982e+01 | 32  0.02958  4.54215e-01 | 33 -0.00798 -1.82726e+00
 34 -0.01494  1.59079e+00 | 35  0.00147 -2.12391e+00 | 36  0.00148 -3.24712e+00
 37  0.00237 -2.13902e+00 | 38  0.04274 -4.23335e+00 | 39  0.01583  3.00209e-01
 40  0.00166 -5.88283e+00 | 41  0.00873 -3.62329e+00 | 42 -0.00604 -5.46318e-01
 43  0.02595 -6.77085e+00 | 44  0.01241 -4.16935e+00 | 45  0.01954 -1.54690e+00
 46 -0.01385  7.19404e-01 | 47 -0.01136  3.07082e+00 | 48 -0.00183 -3.97851e-01
 49 -0.02259 -7.45404e-01 | 50  0.01295 -7.75604e-01 | 51  0.00756  7.12932e+00
 52 -0.00248  1.19924e+01 | 53  0.01906  2.16663e+00 | 54  0.02508  1.72530e+00
 55 -0.01608  4.36009e+00 | 56 -0.02018 -4.07168e-01 | 57 -0.05171  1.16292e+01
 58 -0.01654  3.76169e+00 | 59  0.00562 -6.83094e+00 | 60  0.01922  3.13681e+00
 61 -0.02637  1.62981e+01 | 62 -0.04849  1.10146e+01 | 63 -0.00711 -2.81223e+00
 64  0.02912 -2.36507e+00 | 65 -0.00961  1.08347e+01 | 66  0.00073 -2.80513e+00
 67  0.01348  2.99281e+00 | 68 -0.01229  8.95390e+00 | 69 -0.03825 -1.98319e+00
 70 -0.01410  1.31111e+01 | 71 -0.02654  5.80873e+00 | 72 -0.03099  3.85366e+00
 73 -0.01646 -1.04045e+01 | 74 -0.00241  9.43787e+00 | 75  0.03152 -1.04978e+00
 76  0.02049 -3.78546e+00 | 77  0.05905  1.28318e+01 | 78 -0.01039  4.24281e+00
 79 -0.00824 -9.75358e+00 | 80 -0.02954 -3.40053e+00 | 81  0.02925  1.87386e-01
 82  0.00204 -1.00579e+01 | 83 -0.00409  7.13359e+00 | 84 -0.03854 -7.90676e-01
 85  0.06769  6.03755e-01 | 86  0.00058 -1.34229e+00 | 87  0.02139  6.02093e+00
 88  0.02225 -8.02482e+00 | 89  0.04962  6.50296e+00 | 90 -0.04415 -3.35227e+00
 91  0.01775  2.93416e+00 | 92 -0.02579 -1.56360e+00 | 93 -0.01751 -9.67840e-01
 94 -0.00190 -1.67923e+00 | 95  0.00010 -1.39115e+00 | 96  0.00010 -1.39142e+00
 97  0.80778 -6.40536e+00 | 98 -0.41466  4.46309e+01 | 99  0.21437 -1.78592e+01
100 -0.25555  5.00880e+01 |
100 variables; iteration 40; function evaluation 51; phase 3
Function value 2.2243205e+03; maximum gradient component mag 1.3797e+01
Var    Value     Gradient |Var    Value     Gradient |Var    Value     Gradient
  1  0.63251  1.23739e+01 |  2 -0.00228 -2.06056e+00 |  3 -0.01210 -1.19545e-01
  4  0.00476 -1.11939e+00 |  5  0.00674 -2.75234e-02 |  6  0.00459  1.27919e-01
  7 -0.02358  8.59215e-02 |  8  0.02287  1.91331e+00 |  9 -0.01378  7.05098e-01
 10 -0.01592  1.56607e+00 | 11  0.02611 -1.60767e+00 | 12 -0.00105  2.85901e-02
 13  0.00027  3.71907e-01 | 14 -0.02232  2.72748e-01 | 15  0.01465 -4.87353e-02
 16 -0.00065  1.60088e-02 | 17 -0.01035  1.55825e+00 | 18  0.00416 -1.17502e+00
 19  0.00369 -1.10656e+00 | 20  0.01101 -1.29255e+00 | 21  0.00279  3.34015e-02
 22 -0.00340  3.46217e-01 | 23  0.02228 -9.32321e-01 | 24 -0.03506 -4.10093e-01
 25 -0.01419 -2.62459e+00 | 26 -0.02866 -5.54633e-01 | 27 -0.01665 -1.80112e+00
 28 -0.01528 -1.29220e-01 | 29  0.02264 -1.06848e+00 | 30  0.01927 -4.99385e-01
 31  0.03281 -1.93850e+00 | 32  0.02941 -1.83394e+00 | 33 -0.00800 -1.22137e+00
 34 -0.01514  4.47624e-01 | 35  0.00154 -4.51953e-01 | 36  0.00164 -4.50900e-01
 37  0.00245 -3.23306e-01 | 38  0.04288 -8.64287e-01 | 39  0.01576 -1.71704e-01
 40  0.00203 -5.86062e-01 | 41  0.00881 -2.03147e+00 | 42 -0.00606 -2.30596e-01
 43  0.02618 -2.42058e+00 | 44  0.01256 -1.54436e+00 | 45  0.01964  3.69994e-02
 46 -0.01393 -1.37668e-01 | 47 -0.01163 -3.42516e-01 | 48 -0.00186 -1.04392e+00
 49 -0.02258 -3.59261e-01 | 50  0.01308  1.24862e+00 | 51  0.00737  1.86777e+00
 52 -0.00284  3.63210e+00 | 53  0.01907  1.05791e+00 | 54  0.02510  4.70836e-01
 55 -0.01618  1.32547e+00 | 56 -0.02010  2.45592e-01 | 57 -0.05233  2.86347e+00
 58 -0.01663  6.49308e-01 | 59  0.00584 -1.44746e+00 | 60  0.01923  7.53084e-01
 61 -0.02696  2.76518e+00 | 62 -0.04898  2.95580e+00 | 63 -0.00699 -1.09817e+00
 64  0.02922 -5.33486e-01 | 65 -0.00993  1.58901e+00 | 66  0.00083 -1.38656e+00
 67  0.01349  7.86493e-01 | 68 -0.01251  2.40511e+00 | 69 -0.03806  6.29652e-01
 70 -0.01442  4.07381e+00 | 71 -0.02677  2.07164e-01 | 72 -0.03115  1.19853e+00
 73 -0.01613 -3.42754e+00 | 74 -0.00268  2.80641e+00 | 75  0.03159 -4.09920e-01
 76  0.02065 -1.95262e-01 | 77  0.05894  2.88721e+00 | 78 -0.01051  1.84810e+00
 79 -0.00791 -2.54234e+00 | 80 -0.02946 -1.10262e+00 | 81  0.02923 -1.72166e-01
 82  0.00240 -5.54843e-01 | 83 -0.00439  1.68497e+00 | 84 -0.03856 -1.19231e-01
 85  0.06768 -1.57142e-02 | 86  0.00056 -5.03232e-01 | 87  0.02110  1.11195e+00
 88  0.02246 -1.87101e+00 | 89  0.04933  5.54746e-02 | 90 -0.04421 -2.44666e+00
 91  0.01745  3.65067e-01 | 92 -0.02576 -1.15914e-01 | 93 -0.01789 -1.11334e+00
 94 -0.00219 -9.69017e-01 | 95  0.00097  1.16944e+00 | 96  0.00097  1.16751e+00
 97  0.80736 -1.62631e+00 | 98 -0.41482  9.67551e+00 | 99  0.21440 -5.75272e+00
100 -0.25569  1.37965e+01 |
100 variables; iteration 60; function evaluation 79; phase 3
Function value 2.2243121e+03; maximum gradient component mag 3.2919e+00
Var    Value     Gradient |Var    Value     Gradient |Var    Value     Gradient
  1  0.63239  7.28002e-01 |  2 -0.00154 -2.14659e-01 |  3 -0.01225 -9.59370e-02
  4  0.00509 -4.88018e-03 |  5  0.00663 -1.16438e-02 |  6  0.00442 -9.21740e-02
  7 -0.02369  1.07461e-01 |  8  0.02248  4.54952e-01 |  9 -0.01411 -1.68115e-01
 10 -0.01645 -1.66717e-01 | 11  0.02638  2.53784e-01 | 12 -0.00109 -2.88498e-02
 13  0.00012 -4.37656e-01 | 14 -0.02247 -3.54493e-01 | 15  0.01470  5.36335e-01
 16 -0.00071 -5.38151e-01 | 17 -0.01051  2.04518e-01 | 18  0.00427  4.38999e-01
 19  0.00377  1.21435e-01 | 20  0.01106 -3.74930e-01 | 21  0.00276 -3.75674e-01
 22 -0.00342  1.09627e-01 | 23  0.02232 -1.88878e-01 | 24 -0.03516 -1.05801e+00
 25 -0.01404 -8.00538e-01 | 26 -0.02864 -1.79512e-01 | 27 -0.01647  3.42470e-01
 28 -0.01525  2.90664e-01 | 29  0.02274  5.06595e-01 | 30  0.01929 -2.13498e-01
 31  0.03294  2.21181e-01 | 32  0.02959  1.20365e+00 | 33 -0.00789 -2.72382e-02
 34 -0.01518 -5.79246e-02 | 35  0.00153 -7.54768e-01 | 36  0.00165 -4.16447e-01
 37  0.00247 -1.82833e-01 | 38  0.04299  1.04914e+00 | 39  0.01577 -3.32686e-01
 40  0.00214  6.96865e-01 | 41  0.00902  8.43287e-01 | 42 -0.00604 -3.99994e-02
 43  0.02635  3.86026e-01 | 44  0.01271  5.15849e-01 | 45  0.01968  2.93433e-01
 46 -0.01392 -2.90440e-01 | 47 -0.01163 -5.82997e-01 | 48 -0.00186 -1.52094e+00
 49 -0.02255 -3.21799e-01 | 50  0.01304 -3.96789e-01 | 51  0.00732 -1.33239e-02
 52 -0.00292  1.26992e+00 | 53  0.01908  2.25248e-02 | 54  0.02513  9.93175e-02
 55 -0.01619  1.98325e-01 | 56 -0.02008 -5.11646e-01 | 57 -0.05247  6.30334e-01
 58 -0.01661  1.06514e-01 | 59  0.00593  6.06767e-02 | 60  0.01927  2.21165e-01
 61 -0.02706 -4.52634e-01 | 62 -0.04909  6.26400e-01 | 63 -0.00688  4.80615e-01
 64  0.02928  3.51031e-02 | 65 -0.00992  8.23689e-01 | 66  0.00092  1.88081e-01
 67  0.01354  6.80605e-01 | 68 -0.01266 -2.57030e+00 | 69 -0.03805  1.30336e-01
 70 -0.01441  3.29188e+00 | 71 -0.02672  5.66139e-01 | 72 -0.03123 -8.67720e-01
 73 -0.01599 -1.26973e+00 | 74 -0.00283 -1.97906e+00 | 75  0.03165  2.96999e-01
 76  0.02069  4.01443e-02 | 77  0.05895  2.52061e-01 | 78 -0.01053  8.18193e-01
 79 -0.00780 -1.03414e+00 | 80 -0.02937  5.10300e-02 | 81  0.02927  1.25814e-01
 82  0.00247  4.13855e-01 | 83 -0.00440  7.42455e-01 | 84 -0.03852  1.56898e-01
 85  0.06773  1.06389e-01 | 86  0.00061 -2.17015e-02 | 87  0.02109  1.67696e-02
 88  0.02262  8.17021e-01 | 89  0.04936 -4.48319e-02 | 90 -0.04397 -8.19776e-01
 91  0.01740 -1.04725e+00 | 92 -0.02582 -4.62321e-01 | 93 -0.01756 -1.10546e-01
 94 -0.00211 -4.87434e-01 | 95 -0.00001  5.23125e-03 | 96 -0.00001  5.12282e-03
 97  0.80765 -8.25825e-02 | 98 -0.41481  6.16003e-01 | 99  0.21481 -2.01211e-01
100 -0.25561  8.71285e-01 |
Maximum number of function evaluations exceeded

 - final statistics:
100 variables; iteration 78; function evaluation 100
Function value 2.2243e+03; maximum gradient component mag 1.0858e+00
Exit code = 3;  converg criter 1.0000e+00
Var    Value     Gradient |Var    Value     Gradient |Var    Value     Gradient
  1  0.63240  1.85820e-01 |  2 -0.00151 -1.24763e-01 |  3 -0.01233 -2.38787e-01
  4  0.00510  3.18405e-02 |  5  0.00660 -6.86626e-02 |  6  0.00447  6.62338e-02
  7 -0.02393 -4.94975e-01 |  8  0.02241  2.04366e-01 |  9 -0.01423 -5.37126e-01
 10 -0.01633  2.99877e-01 | 11  0.02640  3.65716e-01 | 12 -0.00104  2.68187e-01
 13  0.00018 -3.77296e-02 | 14 -0.02245 -2.15087e-01 | 15  0.01468  3.21985e-01
 16 -0.00069 -2.45279e-01 | 17 -0.01053  2.78621e-02 | 18  0.00425  1.50269e-01
 19  0.00376  3.88032e-03 | 20  0.01107 -1.76838e-01 | 21  0.00277 -1.12563e-01
 22 -0.00343  5.75983e-02 | 23  0.02232 -1.27363e-01 | 24 -0.03507 -2.28105e-01
 25 -0.01399 -2.16436e-01 | 26 -0.02862 -7.09468e-04 | 27 -0.01649  1.45964e-01
 28 -0.01527  7.61688e-02 | 29  0.02270 -1.79759e-01 | 30  0.01930 -1.08099e-01
 31  0.03292  3.67859e-02 | 32  0.02953  3.36641e-01 | 33 -0.00790 -1.35288e-01
 34 -0.01518  6.69334e-02 | 35  0.00158  3.04124e-03 | 36  0.00168  5.08323e-02
 37  0.00248  3.23926e-02 | 38  0.04296  3.45408e-01 | 39  0.01578 -9.19177e-02
 40  0.00209  8.22480e-02 | 41  0.00899  3.86301e-01 | 42 -0.00604  3.45589e-02
 43  0.02633  8.43410e-02 | 44  0.01269  3.37147e-01 | 45  0.01967  1.98964e-01
 46 -0.01391 -2.68422e-02 | 47 -0.01160 -9.02614e-02 | 48 -0.00181 -6.15036e-01
 49 -0.02254 -1.05221e-01 | 50  0.01305 -1.74129e-01 | 51  0.00731 -4.11608e-02
 52 -0.00296  4.56060e-01 | 53  0.01907 -1.29358e-02 | 54  0.02513  1.78529e-02
 55 -0.01620  1.41612e-01 | 56 -0.02007 -2.32374e-01 | 57 -0.05250  2.22010e-01
 58 -0.01661  3.94578e-02 | 59  0.00593  2.31654e-02 | 60  0.01926  7.06822e-02
 61 -0.02705 -1.32349e-01 | 62 -0.04913  1.92300e-01 | 63 -0.00690  1.61717e-01
 64  0.02928  1.49419e-02 | 65 -0.00995  2.72453e-01 | 66  0.00091  6.82736e-02
 67  0.01352  2.20496e-01 | 68 -0.01259 -8.04740e-01 | 69 -0.03806  3.20003e-02
 70 -0.01449  1.08583e+00 | 71 -0.02674  1.28384e-01 | 72 -0.03121 -3.62223e-01
 73 -0.01595 -1.89220e-01 | 74 -0.00278 -6.47690e-01 | 75  0.03165  1.06524e-01
 76  0.02069  2.03145e-02 | 77  0.05894  8.14032e-02 | 78 -0.01056  2.60907e-01
 79 -0.00778 -4.08230e-01 | 80 -0.02938 -2.78117e-02 | 81  0.02927  4.37071e-02
 82  0.00245  1.33231e-01 | 83 -0.00443  1.93064e-01 | 84 -0.03854  4.55147e-02
 85  0.06772  2.31993e-02 | 86  0.00061  1.78985e-03 | 87  0.02108 -7.86174e-02
 88  0.02259  1.26639e-01 | 89  0.04936 -5.77782e-02 | 90 -0.04389 -2.04094e-01
 91  0.01744 -4.73245e-01 | 92 -0.02573  3.17759e-02 | 93 -0.01756 -8.94084e-02
 94 -0.00190 -1.42488e-01 | 95 -0.00003  2.18328e-03 | 96 -0.00003  2.59591e-03
 97  0.80765 -2.53154e-02 | 98 -0.41481  1.82088e-01 | 99  0.21478 -1.42548e-01
100 -0.25562  2.93250e-01 |

Initial statistics: 108 variables; iteration 0; function evaluation 0; phase 4
Function value 2.2243111e+03; maximum gradient component mag 3.6208e+02
Var    Value     Gradient |Var    Value     Gradient |Var    Value     Gradient
  1 -0.42263 -2.46159e+01 |  2 -0.42263  3.62083e+02 |  3 -0.41094 -1.61177e+02
  4  0.63240  1.85820e-01 |  5  0.00000 -1.40425e+01 |  6  0.00000 -1.18880e+01
  7  0.00000  1.15732e+01 |  8  0.00000  1.75481e+01 |  9  0.00000 -3.13450e+00
 10 -0.00151 -1.24573e-01 | 11 -0.01233 -2.38597e-01 | 12  0.00510  3.20298e-02
 13  0.00660 -6.84733e-02 | 14  0.00447  6.64231e-02 | 15 -0.02393 -4.94786e-01
 16  0.02241  2.04555e-01 | 17 -0.01423 -5.36936e-01 | 18 -0.01633  3.00066e-01
 19  0.02640  3.65905e-01 | 20 -0.00104  2.68377e-01 | 21  0.00018 -3.75403e-02
 22 -0.02245 -2.14898e-01 | 23  0.01468  3.22175e-01 | 24 -0.00069 -2.45090e-01
 25 -0.01053  2.80513e-02 | 26  0.00425  1.50458e-01 | 27  0.00376  4.06960e-03
 28  0.01107 -1.76649e-01 | 29  0.00277 -1.12374e-01 | 30 -0.00343  5.77876e-02
 31  0.02232 -1.27173e-01 | 32 -0.03507 -2.27916e-01 | 33 -0.01399 -2.16247e-01
 34 -0.02862 -5.20378e-04 | 35 -0.01649  1.46153e-01 | 36 -0.01527  7.63580e-02
 37  0.02270 -1.79570e-01 | 38  0.01930 -1.07910e-01 | 39  0.03292  3.69749e-02
 40  0.02953  3.36830e-01 | 41 -0.00790 -1.35099e-01 | 42 -0.01518  6.71226e-02
 43  0.00158  3.23052e-03 | 44  0.00168  5.10216e-02 | 45  0.00248  3.25818e-02
 46  0.04296  3.45597e-01 | 47  0.01578 -9.17285e-02 | 48  0.00209  8.24373e-02
 49  0.00899  3.86490e-01 | 50 -0.00604  3.47481e-02 | 51  0.02633  8.45301e-02
 52  0.01269  3.37337e-01 | 53  0.01967  1.99154e-01 | 54 -0.01391 -2.66530e-02
 55 -0.01160 -9.00721e-02 | 56 -0.00181 -6.14847e-01 | 57 -0.02254 -1.05031e-01
 58  0.01305 -1.73940e-01 | 59  0.00731 -4.09715e-02 | 60 -0.00296  4.56249e-01
 61  0.01907 -1.27466e-02 | 62  0.02513  1.80420e-02 | 63 -0.01620  1.41801e-01
 64 -0.02007 -2.32185e-01 | 65 -0.05250  2.22199e-01 | 66 -0.01661  3.96471e-02
 67  0.00593  2.33547e-02 | 68  0.01926  7.08714e-02 | 69 -0.02705 -1.32160e-01
 70 -0.04913  1.92489e-01 | 71 -0.00690  1.61906e-01 | 72  0.02928  1.51310e-02
 73 -0.00995  2.72642e-01 | 74  0.00091  6.84629e-02 | 75  0.01352  2.20685e-01
 76 -0.01259 -8.04550e-01 | 77 -0.03806  3.21892e-02 | 78 -0.01449  1.08602e+00
 79 -0.02674  1.28573e-01 | 80 -0.03121 -3.62034e-01 | 81 -0.01595 -1.89030e-01
 82 -0.00278 -6.47500e-01 | 83  0.03165  1.06713e-01 | 84  0.02069  2.05036e-02
 85  0.05894  8.15917e-02 | 86 -0.01056  2.61097e-01 | 87 -0.00778 -4.08041e-01
 88 -0.02938 -2.76226e-02 | 89  0.02927  4.38962e-02 | 90  0.00245  1.33421e-01
 91 -0.00443  1.93253e-01 | 92 -0.03854  4.57036e-02 | 93  0.06772  2.33875e-02
 94  0.00061  1.97913e-03 | 95  0.02108 -7.84282e-02 | 96  0.02259  1.26829e-01
 97  0.04936 -5.75895e-02 | 98 -0.04389 -2.03905e-01 | 99  0.01744 -4.73056e-01
100 -0.02573  3.19650e-02 |101 -0.01756 -8.92192e-02 |102 -0.00190 -1.42299e-01
103 -0.00003  2.37256e-03 |104 -0.00003  2.78519e-03 |105  0.80765 -2.53154e-02
106 -0.41481  1.82088e-01 |107  0.21478 -1.42548e-01 |108 -0.25562  2.93250e-01

Intermediate statistics: 108 variables; iteration 20; function evaluation 23; phase 4
Function value 2.2231044e+03; maximum gradient component mag -3.4626e+02
Var    Value     Gradient |Var    Value     Gradient |Var    Value     Gradient
  1 -0.45061  8.53387e+00 |  2 -0.42526  2.79360e+02 |  3 -0.39765  3.15954e+01
  4  0.63104 -3.46255e+02 |  5  0.00308 -9.58250e+00 |  6  0.00452 -4.89360e+00
  7 -0.00390  4.27118e+00 |  8 -0.00520  7.35492e+00 |  9  0.00134 -1.60888e+00
 10 -0.00088  9.71712e+00 | 11 -0.01169  9.62665e+00 | 12  0.00572  9.38328e+00
 13  0.00720  8.96331e+00 | 14  0.00500  8.73528e+00 | 15 -0.02337  8.79810e+00
 16  0.02253  5.93129e+00 | 17 -0.01394  7.36207e+00 | 18 -0.01620  7.52521e+00
 19  0.02545 -2.40312e+00 | 20 -0.00150  3.03372e+00 | 21 -0.00053  1.92758e-01
 22 -0.02283  3.61024e+00 | 23  0.01387 -5.95563e+00 | 24 -0.00130 -2.54237e+00
 25 -0.01095  9.30804e-01 | 26  0.00389 -5.14974e-01 | 27  0.00337 -3.36541e+00
 28  0.01036 -9.99999e+00 | 29  0.00236 -1.86434e+00 | 30 -0.00389 -4.07889e+00
 31  0.02189 -7.76740e+00 | 32 -0.03533  3.50146e+00 | 33 -0.01444  1.11594e-01
 34 -0.02895  4.05860e+00 | 35 -0.01685  1.80119e+00 | 36 -0.01579  6.58858e-02
 37  0.02234 -3.11241e+00 | 38  0.01896 -4.67022e+00 | 39  0.03275 -9.74247e+00
 40  0.02913 -1.60466e+01 | 41 -0.00833 -5.16658e+00 | 42 -0.01547 -8.61168e-01
 43  0.00144 -7.07491e-01 | 44  0.00139 -3.36688e+00 | 45  0.00218 -4.44359e+00
 46  0.04307 -7.50413e+00 | 47  0.01558 -9.29586e+00 | 48  0.00194 -6.22653e+00
 49  0.00893 -5.73049e+00 | 50 -0.00601 -1.64912e+00 | 51  0.02660 -7.59862e+00
 52  0.01281 -9.17481e+00 | 53  0.01985 -9.74685e+00 | 54 -0.01385 -2.33532e+00
 55 -0.01142 -1.16659e+00 | 56 -0.00141 -9.52989e-01 | 57 -0.02240 -1.76761e+00
 58  0.01341 -3.74582e+00 | 59  0.00770 -2.31418e+00 | 60 -0.00258 -2.10398e+00
 61  0.01942 -8.25462e+00 | 62  0.02505 -2.02262e+01 | 63 -0.01582 -6.35626e+00
 64 -0.01988 -3.40430e+00 | 65 -0.05226  2.86242e+00 | 66 -0.01662 -8.48941e-01
 67  0.00603 -7.22773e+00 | 68  0.01885 -3.38170e+01 | 69 -0.02706 -8.85170e+00
 70 -0.04889  4.96734e+00 | 71 -0.00675  1.03920e+00 | 72  0.02881 -3.20590e+01
 73 -0.01017 -1.28851e+01 | 74  0.00082 -7.95769e+00 | 75  0.01316 -2.85456e+01
 76 -0.01288 -1.25458e+01 | 77 -0.03772  7.05651e+00 | 78 -0.01459  1.89749e+00
 79 -0.02662  5.31847e+00 | 80 -0.03127  6.95318e+00 | 81 -0.01574  6.99083e+00
 82 -0.00302  3.70267e+00 | 83  0.03104 -2.91930e+01 | 84  0.02034 -8.68175e+00
 85  0.05985  2.82595e+01 | 86 -0.01073 -4.65166e+00 | 87 -0.00757  1.83645e+00
 88 -0.02917  1.11487e+01 | 89  0.02914 -1.35164e+00 | 90  0.00235  3.36599e+00
 91 -0.00408  1.69549e+01 | 92 -0.03763  2.00498e+01 | 93  0.06760 -1.78775e+00
 94  0.00099  1.50869e+01 | 95  0.02185  1.92994e+01 | 96  0.02348  2.53137e+01
 97  0.05006  1.58318e+01 | 98 -0.04405  5.96676e+00 | 99  0.01861  2.00851e+01
100 -0.02531  1.15801e+01 |101 -0.01860  6.44951e+00 |102 -0.00115  9.97329e+00
103  0.00002  9.92351e+00 |104  0.00002  9.92364e+00 |105  0.80831 -6.29590e-01
106 -0.41521 -5.74681e+01 |107  0.20433 -3.39975e-01 |108 -0.25839 -5.75128e+01
108 variables; iteration 40; function evaluation 45; phase 4
Function value 2.2223606e+03; maximum gradient component mag -1.0677e+02
Var    Value     Gradient |Var    Value     Gradient |Var    Value     Gradient
  1 -0.45775  3.24818e+00 |  2 -0.42704 -1.06766e+02 |  3 -0.39306 -1.73984e+01
  4  0.63310 -8.15992e+01 |  5  0.00994  6.51822e+00 |  6  0.00733  3.72912e-01
  7 -0.00461  3.27520e+00 |  8 -0.00651  5.05434e+00 |  9  0.00214 -4.16217e-01
 10 -0.00042  2.68168e+00 | 11 -0.01119  2.69407e+00 | 12  0.00646  2.96820e+00
 13  0.00793  2.57592e+00 | 14  0.00539  1.32816e+00 | 15 -0.02250  2.81844e+00
 16  0.02485  6.53668e+00 | 17 -0.01409 -1.50562e+00 | 18 -0.01596  1.11146e-01
 19  0.02699 -1.24416e+00 | 20 -0.00067 -5.14781e-01 | 21  0.00063 -7.69957e-03
 22 -0.02242 -1.46205e+00 | 23  0.01469 -4.32913e+00 | 24 -0.00071 -3.99652e+00
 25 -0.01049 -2.04754e+00 | 26  0.00439 -1.32024e+00 | 27  0.00394 -2.83796e+00
 28  0.01168  3.01825e+00 | 29  0.00290 -2.08784e+00 | 30 -0.00338 -3.31750e+00
 31  0.02223 -6.82529e+00 | 32 -0.03412  7.36454e+00 | 33 -0.01416 -2.68656e+00
 34 -0.02853  1.64286e+00 | 35 -0.01667 -1.91602e+00 | 36 -0.01543 -1.61231e+00
 37  0.02312  7.72427e+00 | 38  0.01948  1.69786e+00 | 39  0.03242 -1.36757e+01
 40  0.02982 -1.01062e+00 | 41 -0.00772  1.27664e-01 | 42 -0.01540 -2.39378e+00
 43  0.00149 -5.36829e-01 | 44  0.00163 -3.57460e-01 | 45  0.00261  1.15072e+00
 46  0.04248 -1.21690e+01 | 47  0.01568 -3.51784e+00 | 48  0.00224  4.64613e-01
 49  0.00862 -5.07126e+00 | 50 -0.00598  1.67141e+00 | 51  0.02646  1.58285e+00
 52  0.01293  2.01147e+00 | 53  0.01984  2.07432e+00 | 54 -0.01420 -1.93877e+00
 55 -0.01213 -4.04385e+00 | 56 -0.00180  3.15871e+00 | 57 -0.02285 -1.30212e+00
 58  0.01271 -1.84990e+00 | 59  0.00671 -7.06057e+00 | 60 -0.00289  5.97266e+00
 61  0.01886 -6.72412e-01 | 62  0.02470 -3.52875e+00 | 63 -0.01618 -7.69394e-01
 64 -0.02040 -3.82500e+00 | 65 -0.05278 -3.42028e-01 | 66 -0.01710 -1.92230e+00
 67  0.00568  1.20433e+00 | 68  0.01892 -5.13955e+00 | 69 -0.02699  1.98957e+00
 70 -0.04912  3.95384e+00 | 71 -0.00691  9.37730e+00 | 72  0.02881 -6.48186e+00
 73 -0.01026 -4.10764e+00 | 74 -0.00046 -3.34155e+01 | 75  0.01338  1.25306e-01
 76 -0.01225  1.54622e+01 | 77 -0.03836  1.16684e+00 | 78 -0.01483  4.06373e+00
 79 -0.02700  3.35903e+00 | 80 -0.03161  3.24168e+00 | 81 -0.01613  3.40363e+00
 82 -0.00368 -6.73528e+00 | 83  0.03114 -7.60141e+00 | 84  0.02110  2.62747e+01
 85  0.05880  7.03015e-01 | 86 -0.01096 -5.43237e+00 | 87 -0.00773  4.38220e+00
 88 -0.02992  3.34711e-02 | 89  0.02872 -1.35702e+00 | 90  0.00214  4.31490e+00
 91 -0.00493  3.83606e+00 | 92 -0.03895  2.26336e+00 | 93  0.06708 -3.29699e-02
 94 -0.00012 -9.44905e-01 | 95  0.02032 -6.08961e+00 | 96  0.02178 -3.68523e+00
 97  0.04913  8.52229e+00 | 98 -0.04295  1.12312e+01 | 99  0.01680 -4.57366e-01
100 -0.02691 -1.32452e+00 |101 -0.01645  7.39911e+00 |102 -0.00108  2.63098e+00
103  0.00010  2.51117e+00 |104  0.00010  2.51115e+00 |105  0.81397 -5.76373e-01
106 -0.41375  2.09137e+01 |107  0.20712 -4.36994e+00 |108 -0.25686 -4.40699e+00
108 variables; iteration 60; function evaluation 71; phase 4
Function value 2.2222424e+03; maximum gradient component mag -2.1896e+01
Var    Value     Gradient |Var    Value     Gradient |Var    Value     Gradient
  1 -0.45875  8.67853e-01 |  2 -0.42704 -2.18960e+01 |  3 -0.39293 -3.76850e+00
  4  0.63341 -1.54697e+01 |  5  0.00755  3.45112e-01 |  6  0.00739  1.13014e-01
  7 -0.00503  2.36618e+00 |  8 -0.00913  2.48300e-01 |  9  0.00367  2.60294e+00
 10 -0.00077  8.81666e-03 | 11 -0.01149  1.14373e-01 | 12  0.00591 -3.43701e-01
 13  0.00790  5.06608e-01 | 14  0.00607  1.37300e+00 | 15 -0.02264  5.38073e-01
 16  0.02381  3.47934e-01 | 17 -0.01327 -6.61982e-01 | 18 -0.01477  2.59482e+00
 19  0.02733 -7.16014e-01 | 20 -0.00017  5.05704e-01 | 21  0.00082 -4.33967e-01
 22 -0.02166  1.24705e+00 | 23  0.01511 -1.12080e+00 | 24 -0.00033 -1.39742e+00
 25 -0.01021 -5.80383e-01 | 26  0.00456 -3.24876e-01 | 27  0.00423 -4.28290e-01
 28  0.01166  1.12866e+00 | 29  0.00310 -7.82758e-01 | 30 -0.00308 -5.45136e-01
 31  0.02251 -2.65036e+00 | 32 -0.03486 -6.78017e-01 | 33 -0.01391 -1.32112e+00
 34 -0.02819  3.51527e+00 | 35 -0.01654 -1.64446e+00 | 36 -0.01526 -9.71358e-01
 37  0.02280  1.60064e+00 | 38  0.01943  1.00078e+00 | 39  0.03302 -1.80366e+00
 40  0.02974 -1.19790e+00 | 41 -0.00753  1.80088e+00 | 42 -0.01525 -1.39481e+00
 43  0.00153 -2.10087e-01 | 44  0.00164 -3.24224e-01 | 45  0.00249 -1.20828e-01
 46  0.04278 -2.85009e+00 | 47  0.01571 -1.59136e+00 | 48  0.00207 -6.91474e-01
 49  0.00872 -2.29073e+00 | 50 -0.00612  8.45486e-01 | 51  0.02622 -3.08094e-02
 52  0.01268  2.34441e-01 | 53  0.01959  6.17103e-01 | 54 -0.01419 -5.07686e-01
 55 -0.01199 -5.60015e-01 | 56 -0.00214  5.51021e-01 | 57 -0.02291 -6.56614e-01
 58  0.01255 -1.04737e+00 | 59  0.00678 -1.69753e+00 | 60 -0.00332  3.13262e-01
 61  0.01872 -5.13413e-02 | 62  0.02462 -6.73024e-01 | 63 -0.01624  6.84759e-01
 64 -0.02031  1.28541e-01 | 65 -0.05283 -2.68580e-01 | 66 -0.01705  1.49046e+00
 67  0.00552  7.18147e-02 | 68  0.01890 -6.46963e-01 | 69 -0.02713  5.13932e-01
 70 -0.04930  8.80179e-01 | 71 -0.00725  1.71788e+00 | 72  0.02882 -1.06735e+00
 73 -0.01021  7.41064e-02 | 74  0.00030 -7.77771e+00 | 75  0.01327  3.85195e-01
 76 -0.01276  3.21372e+00 | 77 -0.03840  1.49321e-01 | 78 -0.01498  5.97714e-01
 79 -0.02712  1.25480e+00 | 80 -0.03172  1.06479e+00 | 81 -0.01625  1.69185e+00
 82 -0.00359 -3.24969e+00 | 83  0.03124 -9.02672e-01 | 84  0.02040  6.02862e+00
 85  0.05871  2.47743e-02 | 86 -0.01079 -1.90400e+00 | 87 -0.00790  1.35759e+00
 88 -0.02988  1.96556e-01 | 89  0.02871 -7.40034e-02 | 90  0.00194 -2.86759e-01
 91 -0.00503  1.45597e+00 | 92 -0.03902 -1.95400e-02 | 93  0.06704  2.49993e-01
 94 -0.00007 -5.70624e-01 | 95  0.02047 -2.55408e+00 | 96  0.02197 -5.10952e-01
 97  0.04892  1.86529e+00 | 98 -0.04377  3.57656e+00 | 99  0.01698  7.22597e-01
100 -0.02631 -5.28237e-01 |101 -0.01721  3.35079e+00 |102 -0.00160 -1.00456e-01
103  0.00007  5.20032e-01 |104  0.00007  5.19846e-01 |105  0.81092  7.08692e-01
106 -0.41413  1.14573e+00 |107  0.20824 -1.75924e+00 |108 -0.25638  1.11101e+00
108 variables; iteration 80; function evaluation 99; phase 4
Function value 2.2222321e+03; maximum gradient component mag -8.7963e+00
Var    Value     Gradient |Var    Value     Gradient |Var    Value     Gradient
  1 -0.45901  4.83642e-01 |  2 -0.42705 -8.79630e+00 |  3 -0.39287 -1.35667e+00
  4  0.63349 -6.29291e+00 |  5  0.00741 -3.65144e-02 |  6  0.00775  6.64694e-01
  7 -0.00538  1.75181e+00 |  8 -0.00951 -4.29996e-01 |  9  0.00257  4.00700e-01
 10 -0.00055  1.59105e-01 | 11 -0.01133  1.62814e-01 | 12  0.00635  4.10641e-01
 13  0.00762 -5.25891e-01 | 14  0.00609  1.13183e+00 | 15 -0.02280 -1.63611e-01
 16  0.02381  1.51645e-02 | 17 -0.01281  5.57717e-01 | 18 -0.01525  5.52240e-01
 19  0.02742 -4.17506e-01 | 20 -0.00032 -5.68215e-01 | 21  0.00099  3.61361e-01
 22 -0.02168  8.87344e-01 | 23  0.01517 -6.40596e-01 | 24 -0.00018 -6.29062e-02
 25 -0.01021 -6.43636e-01 | 26  0.00458 -2.14938e-01 | 27  0.00426 -1.04935e-01
 28  0.01161  2.48837e-01 | 29  0.00314 -3.19345e-01 | 30 -0.00307 -5.37793e-01
 31  0.02258 -1.36194e+00 | 32 -0.03479 -1.67754e-01 | 33 -0.01385 -7.48731e-01
 34 -0.02837  1.70041e+00 | 35 -0.01646 -8.94081e-01 | 36 -0.01523 -7.90669e-01
 37  0.02275  6.70839e-01 | 38  0.01938  3.69352e-01 | 39  0.03307 -7.88431e-01
 40  0.02976 -5.02763e-01 | 41 -0.00764  6.89775e-01 | 42 -0.01501  1.05266e+00
 43  0.00151 -4.08407e-01 | 44  0.00167  1.53141e-01 | 45  0.00249  7.24718e-02
 46  0.04283 -1.04232e+00 | 47  0.01575 -5.74961e-01 | 48  0.00208 -2.85730e-01
 49  0.00878 -1.19628e+00 | 50 -0.00618  3.22162e-01 | 51  0.02616 -4.65688e-01
 52  0.01263  2.58537e-02 | 53  0.01954  3.12535e-01 | 54 -0.01421 -4.46615e-01
 55 -0.01202 -5.23679e-01 | 56 -0.00220  2.49005e-01 | 57 -0.02292 -3.83020e-01
 58  0.01254 -3.91962e-01 | 59  0.00679 -6.98988e-01 | 60 -0.00337 -7.59098e-02
 61  0.01869 -6.28085e-02 | 62  0.02460 -3.24013e-01 | 63 -0.01629  1.38751e-01
 64 -0.02033  2.09375e-01 | 65 -0.05280  3.72108e-01 | 66 -0.01711  4.74015e-01
 67  0.00550 -1.95104e-02 | 68  0.01888 -3.34798e-01 | 69 -0.02714  5.31628e-01
 70 -0.04935  2.47338e-01 | 71 -0.00731  5.95528e-01 | 72  0.02882 -4.73028e-01
 73 -0.01024  5.57566e-03 | 74  0.00044 -2.93761e+00 | 75  0.01324  8.33804e-02
 76 -0.01285  1.11672e+00 | 77 -0.03840  2.14521e-01 | 78 -0.01501  2.17599e-01
 79 -0.02718  2.14145e-01 | 80 -0.03177  1.12296e-01 | 81 -0.01631  6.01241e-01
 82 -0.00353 -1.22220e+00 | 83  0.03124 -3.85337e-01 | 84  0.02027  2.26376e+00
 85  0.05869 -2.17408e-03 | 86 -0.01074 -7.03991e-01 | 87 -0.00796  3.21519e-01
 88 -0.02990  2.53924e-03 | 89  0.02870 -4.27445e-02 | 90  0.00193 -1.42663e-01
 91 -0.00508  6.85008e-01 | 92 -0.03898  2.82353e-01 | 93  0.06701  6.60911e-02
 94 -0.00005  2.91744e-02 | 95  0.02051 -1.13153e+00 | 96  0.02196 -2.07741e-01
 97  0.04886  7.04154e-01 | 98 -0.04407  1.34991e+00 | 99  0.01695  4.31773e-01
100 -0.02624 -4.54106e-01 |101 -0.01772  1.65818e+00 |102 -0.00081  8.70935e-01
103  0.00006  2.18338e-01 |104  0.00006  2.18776e-01 |105  0.81019  1.34875e-01
106 -0.41422  1.26897e+00 |107  0.20838 -8.12479e-01 |108 -0.25631  6.12164e-01
Maximum number of function evaluations exceeded

 - final statistics:
108 variables; iteration 82; function evaluation 100
Function value 2.2222e+03; maximum gradient component mag -8.7877e+00
Exit code = 3;  converg criter 1.0000e+00
Var    Value     Gradient |Var    Value     Gradient |Var    Value     Gradient
  1 -0.45901  4.83199e-01 |  2 -0.42705 -8.78773e+00 |  3 -0.39287 -1.35477e+00
  4  0.63349 -6.29147e+00 |  5  0.00741 -3.70919e-02 |  6  0.00775  6.67618e-01
  7 -0.00538  1.75511e+00 |  8 -0.00951 -4.32887e-01 |  9  0.00256  3.94675e-01
 10 -0.00055  1.58394e-01 | 11 -0.01133  1.62018e-01 | 12  0.00634  3.93731e-01
 13  0.00762 -5.15826e-01 | 14  0.00609  1.12302e+00 | 15 -0.02280 -1.58987e-01
 16  0.02381  1.35944e-02 | 17 -0.01281  5.53279e-01 | 18 -0.01525  5.53012e-01
 19  0.02742 -4.35495e-01 | 20 -0.00032 -5.89207e-01 | 21  0.00099  3.90427e-01
 22 -0.02168  8.99234e-01 | 23  0.01517 -6.33346e-01 | 24 -0.00019 -7.59427e-02
 25 -0.01021 -6.41253e-01 | 26  0.00458 -2.17408e-01 | 27  0.00426 -9.55110e-02
 28  0.01161  2.64114e-01 | 29  0.00314 -3.08446e-01 | 30 -0.00307 -5.42077e-01
 31  0.02258 -1.36503e+00 | 32 -0.03479 -1.69358e-01 | 33 -0.01385 -7.37147e-01
 34 -0.02837  1.69876e+00 | 35 -0.01646 -8.84782e-01 | 36 -0.01523 -7.80244e-01
 37  0.02274  6.47691e-01 | 38  0.01938  3.42964e-01 | 39  0.03307 -7.84791e-01
 40  0.02976 -4.91181e-01 | 41 -0.00764  6.87632e-01 | 42 -0.01501  1.02932e+00
 43  0.00151 -4.18119e-01 | 44  0.00167  1.58530e-01 | 45  0.00249  7.48760e-02
 46  0.04283 -1.02581e+00 | 47  0.01575 -5.66611e-01 | 48  0.00208 -2.88544e-01
 49  0.00877 -1.22526e+00 | 50 -0.00618  3.33792e-01 | 51  0.02616 -4.21078e-01
 52  0.01263  2.94643e-02 | 53  0.01953  2.79853e-01 | 54 -0.01422 -4.54025e-01
 55 -0.01202 -5.36572e-01 | 56 -0.00220  2.40031e-01 | 57 -0.02292 -3.88155e-01
 58  0.01254 -4.14955e-01 | 59  0.00679 -6.65768e-01 | 60 -0.00337 -6.44805e-02
 61  0.01869 -6.16058e-02 | 62  0.02460 -3.21226e-01 | 63 -0.01629  1.33957e-01
 64 -0.02033  2.26607e-01 | 65 -0.05279  4.02873e-01 | 66 -0.01711  4.73403e-01
 67  0.00550 -1.84813e-02 | 68  0.01888 -3.30974e-01 | 69 -0.02715  4.88118e-01
 70 -0.04935  2.53382e-01 | 71 -0.00731  5.96172e-01 | 72  0.02882 -4.73026e-01
 73 -0.01024  7.21257e-03 | 74  0.00044 -2.93585e+00 | 75  0.01324  8.41568e-02
 76 -0.01285  1.12157e+00 | 77 -0.03840  1.92651e-01 | 78 -0.01501  2.24302e-01
 79 -0.02718  2.07266e-01 | 80 -0.03177  1.32736e-01 | 81 -0.01631  6.01569e-01
 82 -0.00353 -1.21986e+00 | 83  0.03124 -3.84253e-01 | 84  0.02027  2.26485e+00
 85  0.05869 -9.35228e-04 | 86 -0.01074 -7.14113e-01 | 87 -0.00796  3.40820e-01
 88 -0.02990  1.78390e-02 | 89  0.02870 -4.28976e-02 | 90  0.00193 -1.37018e-01
 91 -0.00509  6.76351e-01 | 92 -0.03898  2.85660e-01 | 93  0.06701  6.53338e-02
 94 -0.00006  1.23528e-02 | 95  0.02051 -1.12434e+00 | 96  0.02196 -2.46666e-01
 97  0.04886  7.04054e-01 | 98 -0.04407  1.34974e+00 | 99  0.01695  4.48377e-01
100 -0.02624 -4.56814e-01 |101 -0.01772  1.65576e+00 |102 -0.00080  8.75878e-01
103  0.00006  2.18483e-01 |104  0.00006  2.18925e-01 |105  0.81019  1.34763e-01
106 -0.41422  1.26839e+00 |107  0.20838 -8.11105e-01 |108 -0.25631  6.12026e-01

Initial statistics: 110 variables; iteration 0; function evaluation 0; phase 5
Function value 2.2222321e+03; maximum gradient component mag 3.5659e+01
Var    Value     Gradient |Var    Value     Gradient |Var    Value     Gradient
  1 -0.45901  4.83199e-01 |  2 -0.42705 -8.78773e+00 |  3 -0.39287 -1.35477e+00
  4 -0.41222  3.56593e+01 |  5 -0.41222  1.26682e+01 |  6  0.63349 -6.29147e+00
  7  0.00741 -3.70919e-02 |  8  0.00775  6.67618e-01 |  9 -0.00538  1.75511e+00
 10 -0.00951 -4.32887e-01 | 11  0.00256  3.94675e-01 | 12 -0.00055  1.58854e-01
 13 -0.01133  1.62478e-01 | 14  0.00634  3.94191e-01 | 15  0.00762 -5.15366e-01
 16  0.00609  1.12348e+00 | 17 -0.02280 -1.58528e-01 | 18  0.02381  1.40534e-02
 19 -0.01281  5.53738e-01 | 20 -0.01525  5.53471e-01 | 21  0.02742 -4.35036e-01
 22 -0.00032 -5.88748e-01 | 23  0.00099  3.90887e-01 | 24 -0.02168  8.99693e-01
 25  0.01517 -6.32887e-01 | 26 -0.00019 -7.54833e-02 | 27 -0.01021 -6.40794e-01
 28  0.00458 -2.16948e-01 | 29  0.00426 -9.50516e-02 | 30  0.01161  2.64574e-01
 31  0.00314 -3.07986e-01 | 32 -0.00307 -5.41618e-01 | 33  0.02258 -1.36457e+00
 34 -0.03479 -1.68899e-01 | 35 -0.01385 -7.36688e-01 | 36 -0.02837  1.69922e+00
 37 -0.01646 -8.84323e-01 | 38 -0.01523 -7.79785e-01 | 39  0.02274  6.48150e-01
 40  0.01938  3.43423e-01 | 41  0.03307 -7.84332e-01 | 42  0.02976 -4.90722e-01
 43 -0.00764  6.88092e-01 | 44 -0.01501  1.02978e+00 | 45  0.00151 -4.17660e-01
 46  0.00167  1.58989e-01 | 47  0.00249  7.53353e-02 | 48  0.04283 -1.02536e+00
 49  0.01575 -5.66151e-01 | 50  0.00208 -2.88085e-01 | 51  0.00877 -1.22480e+00
 52 -0.00618  3.34252e-01 | 53  0.02616 -4.20619e-01 | 54  0.01263  2.99236e-02
 55  0.01953  2.80312e-01 | 56 -0.01422 -4.53565e-01 | 57 -0.01202 -5.36113e-01
 58 -0.00220  2.40491e-01 | 59 -0.02292 -3.87696e-01 | 60  0.01254 -4.14496e-01
 61  0.00679 -6.65308e-01 | 62 -0.00337 -6.40211e-02 | 63  0.01869 -6.11466e-02
 64  0.02460 -3.20767e-01 | 65 -0.01629  1.34416e-01 | 66 -0.02033  2.27067e-01
 67 -0.05279  4.03331e-01 | 68 -0.01711  4.73863e-01 | 69  0.00550 -1.80219e-02
 70  0.01888 -3.30515e-01 | 71 -0.02715  4.88577e-01 | 72 -0.04935  2.53840e-01
 73 -0.00731  5.96631e-01 | 74  0.02882 -4.72567e-01 | 75 -0.01024  7.67190e-03
 76  0.00044 -2.93539e+00 | 77  0.01324  8.46161e-02 | 78 -0.01285  1.12203e+00
 79 -0.03840  1.93109e-01 | 80 -0.01501  2.24761e-01 | 81 -0.02718  2.07725e-01
 82 -0.03177  1.33195e-01 | 83 -0.01631  6.02028e-01 | 84 -0.00353 -1.21940e+00
 85  0.03124 -3.83794e-01 | 86  0.02027  2.26531e+00 | 87  0.05869 -4.77798e-04
 88 -0.01074 -7.13653e-01 | 89 -0.00796  3.41280e-01 | 90 -0.02990  1.82979e-02
 91  0.02870 -4.24387e-02 | 92  0.00193 -1.36558e-01 | 93 -0.00509  6.76811e-01
 94 -0.03898  2.86119e-01 | 95  0.06701  6.57906e-02 | 96 -0.00006  1.28122e-02
 97  0.02051 -1.12388e+00 | 98  0.02196 -2.46207e-01 | 99  0.04886  7.04512e-01
100 -0.04407  1.35020e+00 |101  0.01695  4.48836e-01 |102 -0.02624 -4.56355e-01
103 -0.01772  1.65622e+00 |104 -0.00080  8.76338e-01 |105  0.00006  2.18943e-01
106  0.00006  2.19385e-01 |107  0.81019  1.34763e-01 |108 -0.41422  1.26839e+00
109  0.20838 -8.11105e-01 |110 -0.25631  6.12026e-01 |

Intermediate statistics: 110 variables; iteration 20; function evaluation 25; phase 5
Function value 2.2213618e+03; maximum gradient component mag 1.4695e+02
Var    Value     Gradient |Var    Value     Gradient |Var    Value     Gradient
  1 -0.44422  1.33773e+01 |  2 -0.42659  1.43171e+02 |  3 -0.39496  2.40624e+01
  4 -0.45937  1.67648e+01 |  5 -0.40692  2.59937e+01 |  6  0.63354  4.66344e+01
  7  0.00739  6.43297e-01 |  8  0.00789  1.04619e+00 |  9 -0.00500  2.55910e+00
 10 -0.00957 -3.77101e-01 | 11  0.00269  8.77642e-01 | 12 -0.00050 -1.03309e+00
 13 -0.01127 -1.02109e+00 | 14  0.00643 -5.57384e-01 | 15  0.00758 -1.72479e+00
 16  0.00620  3.79596e-01 | 17 -0.02276 -1.29134e+00 | 18  0.02384 -7.28750e-01
 19 -0.01273 -3.66685e-01 | 20 -0.01517 -4.12610e-01 | 21  0.02754 -7.39024e-01
 22 -0.00021 -1.35923e+00 | 23  0.00111 -2.69976e-01 | 24 -0.02159 -1.13431e-03
 25  0.01553  2.20192e+00 | 26 -0.00018 -1.15234e+00 | 27 -0.00994  3.19849e-01
 28  0.00463 -1.44612e+00 | 29  0.00422 -4.17776e+00 | 30  0.01153 -4.45347e-01
 31  0.00338  1.59673e+00 | 32 -0.00259  3.93387e+00 | 33  0.02364  2.07309e+01
 34 -0.03475 -1.50954e+00 | 35 -0.01365 -9.71687e-01 | 36 -0.02919 -9.11245e+00
 37 -0.01619 -1.26933e+00 | 38 -0.01468  4.46307e+00 | 39  0.02225 -8.33966e+00
 40  0.01908 -3.98407e+00 | 41  0.03349  6.20231e+00 | 42  0.03008  6.35779e+00
 43 -0.00800 -3.72593e+00 | 44 -0.01552 -4.99157e+00 | 45  0.00164 -6.95041e-01
 46  0.00142 -5.13583e+00 | 47  0.00241 -1.14718e+00 | 48  0.04297  2.48576e+00
 49  0.01609  4.74293e+00 | 50  0.00222  1.41977e+00 | 51  0.00968  1.18922e+01
 52 -0.00656 -5.49015e+00 | 53  0.02614 -1.28269e+00 | 54  0.01248 -2.36548e+00
 55  0.01916 -3.60790e+00 | 56 -0.01390  2.71514e+00 | 57 -0.01175  1.24712e+00
 58 -0.00273 -1.04508e+01 | 59 -0.02263  1.22889e+00 | 60  0.01238 -3.84450e+00
 61  0.00676 -2.20432e+00 | 62 -0.00359 -5.38008e+00 | 63  0.01863 -1.43212e-01
 64  0.02444 -2.38798e-02 | 65 -0.01633 -4.05958e+00 | 66 -0.02038  1.27266e+00
 67 -0.05334 -9.37968e+00 | 68 -0.01700  3.45576e+00 | 69  0.00551  7.00535e+00
 70  0.01884  4.99212e+00 | 71 -0.02732 -4.11359e+00 | 72 -0.04961 -5.50679e+00
 73 -0.00722  9.89034e+00 | 74  0.02866  2.15773e-01 | 75 -0.01004  2.58665e+00
 76 -0.00068 -2.95964e+01 | 77  0.01380  1.79993e+01 | 78 -0.01259  1.12384e+01
 79 -0.03856 -8.94537e-01 | 80 -0.01474  6.45923e+00 | 81 -0.02720 -2.00437e+00
 82 -0.03179  3.69704e-01 | 83 -0.01663 -7.17626e+00 | 84 -0.00396 -7.45339e+00
 85  0.03159  1.32300e+01 | 86  0.02071  2.29448e+01 | 87  0.05797 -2.68921e+01
 88 -0.01005  6.61130e+00 | 89 -0.00820 -2.51527e+00 | 90 -0.02983  1.36612e+00
 91  0.02830 -6.52996e+00 | 92  0.00186 -6.22111e-01 | 93 -0.00535 -4.67092e+00
 94 -0.03948 -1.58075e+01 | 95  0.06703  2.03731e+01 | 96 -0.00002  3.13685e+00
 97  0.02073  5.93277e+00 | 98  0.02190  3.42843e+00 | 99  0.04877  8.06780e+00
100 -0.04415 -1.35230e+00 |101  0.01642  1.00052e-01 |102 -0.02656 -2.20926e+00
103 -0.01735  2.28922e+00 |104 -0.00069 -2.81174e-01 |105  0.00008 -1.29493e+00
106  0.00008 -1.29437e+00 |107  0.82720  1.01018e+01 |108 -0.41175 -1.66248e+01
109  0.21157 -4.65693e+01 |110 -0.25529  1.46950e+02 |
110 variables; iteration 40; function evaluation 45; phase 5
Function value 2.2211020e+03; maximum gradient component mag 1.0891e+02
Var    Value     Gradient |Var    Value     Gradient |Var    Value     Gradient
  1 -0.44553  7.76898e+00 |  2 -0.42681  1.08913e+02 |  3 -0.39361  2.71314e+01
  4 -0.47207  8.02332e+00 |  5 -0.40622  1.45888e+01 |  6  0.63360  2.87492e+01
  7  0.00691 -1.01160e+00 |  8  0.00839  1.68966e+00 |  9 -0.00454  3.19109e+00
 10 -0.00960 -5.92266e-01 | 11  0.00189 -9.13185e-01 | 12 -0.00084 -1.41501e+00
 13 -0.01162 -1.44498e+00 | 14  0.00584 -1.81518e+00 | 15  0.00820 -5.38756e-02
 16  0.00695  2.55327e+00 | 17 -0.02251 -5.04991e-01 | 18  0.02342 -2.91232e+00
 19 -0.01190  2.31618e+00 | 20 -0.01482  6.66700e-01 | 21  0.02808  1.62390e+00
 22 -0.00002 -1.00467e+00 | 23  0.00123 -3.35820e-01 | 24 -0.02171 -1.27668e+00
 25  0.01547  1.45138e-01 | 26 -0.00002 -3.51471e-01 | 27 -0.00985  7.10271e-01
 28  0.00475 -5.23335e-01 | 29  0.00448 -2.00368e+00 | 30  0.01158  2.99563e-02
 31  0.00341  1.05813e+00 | 32 -0.00268  1.36765e+00 | 33  0.02312  9.84466e+00
 34 -0.03455 -1.27659e-01 | 35 -0.01366 -1.39429e+00 | 36 -0.02861 -4.09087e+00
 37 -0.01607 -4.20647e-01 | 38 -0.01510 -1.15206e-02 | 39  0.02260 -2.53086e+00
 40  0.01923 -2.07364e+00 | 41  0.03337  1.98894e+00 | 42  0.02989  1.47983e+00
 43 -0.00770 -8.40443e-01 | 44 -0.01532 -2.90997e+00 | 45  0.00165 -8.50670e-01
 46  0.00160 -3.35018e+00 | 47  0.00242 -8.85104e-01 | 48  0.04291  4.92410e-01
 49  0.01596  2.44897e+00 | 50  0.00213 -4.27990e-02 | 51  0.00912  3.99496e+00
 52 -0.00628 -2.44236e+00 | 53  0.02616 -8.74394e-01 | 54  0.01249 -2.03075e+00
 55  0.01916 -2.42656e+00 | 56 -0.01405  1.31732e+00 | 57 -0.01183  7.23159e-01
 58 -0.00247 -6.41804e+00 | 59 -0.02277 -1.14346e-01 | 60  0.01229 -4.89698e+00
 61  0.00669 -2.76590e+00 | 62 -0.00359 -4.26291e+00 | 63  0.01877  6.93595e+00
 64  0.02435  1.43969e+00 | 65 -0.01617 -2.22351e+00 | 66 -0.02061 -1.71187e+00
 67 -0.05293 -4.12382e+00 | 68 -0.01701  5.74111e+00 | 69  0.00540  4.16919e+00
 70  0.01863  3.89441e-01 | 71 -0.02719 -1.96774e+00 | 72 -0.04954 -4.02485e+00
 73 -0.00739  6.81414e+00 | 74  0.02854  1.01170e-01 | 75 -0.00978  9.09438e+00
 76 -0.00036 -1.61476e+01 | 77  0.01356  7.56957e+00 | 78 -0.01290  4.95992e+00
 79 -0.03845  1.31457e+00 | 80 -0.01492  3.72503e+00 | 81 -0.02712 -6.10859e-01
 82 -0.03194  4.42475e-01 | 83 -0.01643 -1.79682e+00 | 84 -0.00373  3.90127e+00
 85  0.03146  6.33347e+00 | 86  0.02001  5.37011e+00 | 87  0.05820 -1.25723e+01
 88 -0.01013  5.11199e+00 | 89 -0.00816 -1.11229e+00 | 90 -0.02993  1.83241e+00
 91  0.02831 -3.12282e+00 | 92  0.00183  2.76919e+00 | 93 -0.00530 -3.08467e-02
 94 -0.03874 -7.94230e+00 | 95  0.06667  9.58314e+00 | 96 -0.00037  5.44972e-01
 97  0.02040  1.17384e+00 | 98  0.02150  7.20649e-01 | 99  0.04826  2.40017e-01
100 -0.04438 -1.27153e+00 |101  0.01613  1.17050e+00 |102 -0.02667 -1.31056e+00
103 -0.01855 -1.15352e+00 |104  0.00028  1.58141e+00 |105  0.00018 -6.00716e-01
106  0.00018 -5.99304e-01 |107  0.82650  4.52701e+00 |108 -0.41170 -1.77421e+00
109  0.21006 -2.25226e+01 |110 -0.25604  6.75610e+01 |
110 variables; iteration 60; function evaluation 72; phase 5
Function value 2.2210269e+03; maximum gradient component mag 9.9328e+00
Var    Value     Gradient |Var    Value     Gradient |Var    Value     Gradient
  1 -0.44378  6.06835e-01 |  2 -0.42667  9.93284e+00 |  3 -0.39388  2.45000e+00
  4 -0.48012  3.65500e-01 |  5 -0.40713  1.07427e+00 |  6  0.63353  2.22540e+00
  7  0.00803  1.20213e+00 |  8  0.00765  5.15094e-01 |  9 -0.00613  4.51860e-01
 10 -0.00915  1.54403e-01 | 11  0.00202 -7.99686e-01 | 12 -0.00034  1.70602e-01
 13 -0.01107  2.49305e-01 | 14  0.00719  1.86791e+00 | 15  0.00778 -7.41006e-01
 16  0.00587 -2.73524e-01 | 17 -0.02252 -1.55950e-01 | 18  0.02457  1.72511e+00
 19 -0.01227  1.20839e+00 | 20 -0.01559 -2.08537e+00 | 21  0.02774 -1.43398e+00
 22 -0.00006 -1.66960e+00 | 23  0.00112 -1.66346e+00 | 24 -0.02184 -2.28874e+00
 25  0.01543 -1.33345e+00 | 26  0.00006  6.93844e-03 | 27 -0.00977  1.40747e+00
 28  0.00483  1.93505e-01 | 29  0.00470  1.40224e-01 | 30  0.01138 -2.93091e+00
 31  0.00346  1.24629e+00 | 32 -0.00274 -1.48943e-01 | 33  0.02274  2.39788e+00
 34 -0.03461 -7.07302e-01 | 35 -0.01372 -2.37110e+00 | 36 -0.02814 -2.98076e-02
 37 -0.01604 -4.77631e-01 | 38 -0.01504  8.47700e-01 | 39  0.02276 -1.85101e-01
 40  0.01930 -1.75580e+00 | 41  0.03325 -2.26984e+00 | 42  0.02978 -1.75167e+00
 43 -0.00767 -7.11308e-01 | 44 -0.01511 -8.05338e-01 | 45  0.00181  8.63939e-01
 46  0.00203  1.67970e+00 | 47  0.00258  1.08441e+00 | 48  0.04298  7.80499e-01
 49  0.01591  1.14087e+00 | 50  0.00227  1.31932e+00 | 51  0.00875 -1.39174e+00
 52 -0.00628 -2.77384e+00 | 53  0.02633  1.88434e+00 | 54  0.01257 -5.13851e-01
 55  0.01927  4.19278e-01 | 56 -0.01413  6.89646e-01 | 57 -0.01177  1.59416e+00
 58 -0.00221 -2.58365e+00 | 59 -0.02280  9.30782e-02 | 60  0.01243 -1.22488e+00
 61  0.00671 -2.05561e+00 | 62 -0.00337  4.51393e-01 | 63  0.01858  6.47981e-01
 64  0.02428 -3.34989e-01 | 65 -0.01576  5.45649e+00 | 66 -0.02026  7.18853e+00
 67 -0.05262 -4.84678e-01 | 68 -0.01723 -8.45428e-02 | 69  0.00535  5.78402e-01
 70  0.01862  3.97531e-01 | 71 -0.02715 -2.01442e+00 | 72 -0.04906  3.29167e+00
 73 -0.00761  7.83965e-02 | 74  0.02856  3.06363e-01 | 75 -0.01013 -1.43828e+00
 76  0.00014 -8.35685e-02 | 77  0.01344  3.04916e-01 | 78 -0.01305  9.76170e-01
 79 -0.03847 -9.44472e-02 | 80 -0.01504  2.55742e-02 | 81 -0.02698  5.77469e-01
 82 -0.03207 -1.61253e+00 | 83 -0.01654 -5.72309e+00 | 84 -0.00387  1.47004e+00
 85  0.03142  2.72421e-01 | 86  0.01982  5.52828e-01 | 87  0.05847  2.57663e-01
 88 -0.01051 -3.51934e+00 | 89 -0.00812 -1.03152e+00 | 90 -0.03014 -1.08497e+00
 91  0.02839 -1.40435e-01 | 92  0.00187  5.56292e+00 | 93 -0.00522  3.29806e+00
 94 -0.03776  2.64867e+00 | 95  0.06646  8.11113e-01 | 96 -0.00053 -9.67743e-01
 97  0.02028 -7.52868e-01 | 98  0.02141  2.11719e+00 | 99  0.04811 -1.98553e-02
100 -0.04447 -9.42051e-01 |101  0.01583 -8.03693e-01 |102 -0.02673 -5.90265e-01
103 -0.01849 -9.82754e-01 |104 -0.00152 -6.00378e-01 |105 -0.00006 -2.35060e-01
106 -0.00006 -2.35981e-01 |107  0.82407  1.08196e-01 |108 -0.41195 -1.47333e+00
109  0.21002 -8.18983e-01 |110 -0.25638  2.30220e+00 |
110 variables; iteration 80; function evaluation 102; phase 5
Function value 2.2210159e+03; maximum gradient component mag -1.5185e+00
Var    Value     Gradient |Var    Value     Gradient |Var    Value     Gradient
  1 -0.44384 -1.39388e-01 |  2 -0.42669 -1.51852e+00 |  3 -0.39380 -4.78110e-01
  4 -0.48066 -9.93978e-02 |  5 -0.40712 -1.28843e-01 |  6  0.63358 -3.46489e-01
  7  0.00755 -1.08023e-01 |  8  0.00738 -6.80651e-03 |  9 -0.00643 -1.12942e-01
 10 -0.00920  1.65001e-02 | 11  0.00250  1.38792e-01 | 12 -0.00043  4.84914e-02
 13 -0.01120  4.14358e-02 | 14  0.00630 -2.01832e-01 | 15  0.00808  5.20620e-02
 16  0.00603  2.24165e-01 | 17 -0.02248  5.47774e-03 | 18  0.02413 -6.43087e-02
 19 -0.01272 -2.33056e-01 | 20 -0.01503  4.22656e-02 | 21  0.02786 -5.09470e-01
 22  0.00030  4.14327e-01 | 23  0.00138  1.15102e-01 | 24 -0.02168 -1.24397e+00
 25  0.01551 -3.65895e-01 | 26  0.00002 -3.27982e-01 | 27 -0.00986  5.55792e-01
 28  0.00483  2.25900e-01 | 29  0.00469  7.66140e-02 | 30  0.01153 -4.32540e-01
 31  0.00337 -1.88399e-02 | 32 -0.00273 -9.17492e-03 | 33  0.02262  4.06607e-02
 34 -0.03447  6.28253e-01 | 35 -0.01355 -1.78396e-01 | 36 -0.02814  1.14769e-01
 37 -0.01603 -3.40667e-01 | 38 -0.01511  1.30009e-01 | 39  0.02278  2.11370e-01
 40  0.01939 -1.66698e-01 | 41  0.03335 -4.33119e-02 | 42  0.02985 -2.01597e-01
 43 -0.00762 -1.74223e-02 | 44 -0.01506 -1.41306e-01 | 45  0.00173 -4.70551e-02
 46  0.00191  2.27706e-01 | 47  0.00250  2.15642e-01 | 48  0.04293 -7.22680e-02
 49  0.01581 -1.84304e-01 | 50  0.00217  3.09369e-01 | 51  0.00880 -3.74845e-01
 52 -0.00606  1.30098e-02 | 53  0.02622  2.28846e-01 | 54  0.01257 -2.11232e-01
 55  0.01924  1.46154e-01 | 56 -0.01418  2.34412e-01 | 57 -0.01187  5.29199e-01
 58 -0.00210 -7.39167e-01 | 59 -0.02284 -7.36512e-02 | 60  0.01246 -5.66809e-02
 61  0.00678  6.22056e-02 | 62 -0.00342 -1.47453e-01 | 63  0.01854 -3.74018e-02
 64  0.02428 -8.49809e-02 | 65 -0.01596  8.40370e-01 | 66 -0.02054  9.89540e-01
 67 -0.05256  1.77849e-01 | 68 -0.01725 -3.89241e-02 | 69  0.00532 -4.16827e-02
 70  0.01860  5.98988e-02 | 71 -0.02708 -4.71947e-01 | 72 -0.04925  4.58435e-01
 73 -0.00763 -1.54660e-01 | 74  0.02854  1.94263e-02 | 75 -0.01010 -3.33626e-01
 76  0.00014  3.10886e-01 | 77  0.01342 -1.12418e-01 | 78 -0.01310  1.76677e-02
 79 -0.03846  1.80920e-01 | 80 -0.01506 -1.83463e-01 | 81 -0.02701  1.97535e-01
 82 -0.03203 -1.96072e-01 | 83 -0.01635 -9.24739e-01 | 84 -0.00394  1.92823e-01
 85  0.03141 -1.24417e-01 | 86  0.01978 -4.59018e-02 | 87  0.05845  3.48830e-01
 88 -0.01039 -6.81672e-01 | 89 -0.00810  6.87240e-04 | 90 -0.03011 -8.18383e-02
 91  0.02838 -4.08129e-03 | 92  0.00166  8.81527e-01 | 93 -0.00535  5.66576e-01
 94 -0.03795  3.36547e-01 | 95  0.06642 -1.40332e-01 | 96 -0.00052 -2.11595e-01
 97  0.02028 -2.19354e-01 | 98  0.02128  3.01632e-02 | 99  0.04809 -4.66172e-02
100 -0.04437 -5.54015e-02 |101  0.01583 -2.89967e-01 |102 -0.02665  1.43346e-01
103 -0.01825 -1.43828e-01 |104 -0.00107  1.69365e-01 |105  0.00009  7.17230e-02
106  0.00010  7.20457e-02 |107  0.82405 -7.89612e-02 |108 -0.41194 -3.03840e-01
109  0.20998  4.12874e-01 |110 -0.25641 -1.16784e+00 |
110 variables; iteration 100; function evaluation 130; phase 5
Function value 2.2210156e+03; maximum gradient component mag -5.6021e-01
Var    Value     Gradient |Var    Value     Gradient |Var    Value     Gradient
  1 -0.44386 -5.82231e-02 |  2 -0.42669 -5.60211e-01 |  3 -0.39380 -2.12663e-01
  4 -0.48063 -4.24367e-02 |  5 -0.40712 -6.76234e-02 |  6  0.63359 -8.86201e-02
  7  0.00756 -5.54163e-02 |  8  0.00740  2.99235e-02 |  9 -0.00641 -7.81931e-02
 10 -0.00930 -1.49719e-01 | 11  0.00249  1.17390e-01 | 12 -0.00049 -8.36622e-02
 13 -0.01125 -5.84482e-02 | 14  0.00642  7.17111e-02 | 15  0.00808  5.79580e-02
 16  0.00602  2.25455e-01 | 17 -0.02248  2.58123e-02 | 18  0.02413 -3.02804e-02
 19 -0.01268 -7.48045e-02 | 20 -0.01505 -2.11954e-02 | 21  0.02791 -1.40149e-01
 22  0.00023  6.50128e-02 | 23  0.00136  5.28088e-02 | 24 -0.02153 -3.69240e-01
 25  0.01554  2.05225e-02 | 26  0.00003 -2.47073e-01 | 27 -0.00990  9.38426e-02
 28  0.00480 -1.07406e-01 | 29  0.00468 -3.08784e-02 | 30  0.01155 -1.33092e-01
 31  0.00338  1.01977e-01 | 32 -0.00273 -3.11807e-02 | 33  0.02261 -3.41682e-02
 34 -0.03451  2.33455e-01 | 35 -0.01354 -1.16572e-01 | 36 -0.02815  6.05440e-02
 37 -0.01601 -9.20618e-02 | 38 -0.01511  9.26213e-02 | 39  0.02277  7.43449e-02
 40  0.01940 -6.69325e-02 | 41  0.03335 -3.90589e-02 | 42  0.02985 -1.06559e-01
 43 -0.00761  1.57312e-01 | 44 -0.01506 -1.62676e-01 | 45  0.00173 -6.15660e-03
 46  0.00190  1.31836e-01 | 47  0.00249  7.86628e-02 | 48  0.04293 -2.62246e-02
 49  0.01581 -1.78506e-01 | 50  0.00215  6.58353e-02 | 51  0.00882 -1.79366e-01
 52 -0.00606 -4.76615e-02 | 53  0.02622  1.00234e-01 | 54  0.01258 -9.00053e-02
 55  0.01923 -1.30950e-01 | 56 -0.01419  9.70760e-02 | 57 -0.01189  1.98671e-01
 58 -0.00207 -2.59232e-01 | 59 -0.02283  2.44614e-04 | 60  0.01247  1.05989e-01
 61  0.00678 -3.26274e-02 | 62 -0.00342 -1.61472e-01 | 63  0.01854 -7.78938e-03
 64  0.02429 -4.68066e-02 | 65 -0.01598  4.36984e-01 | 66 -0.02057  2.21882e-01
 67 -0.05257  2.46452e-02 | 68 -0.01725 -2.12554e-02 | 69  0.00532 -2.38631e-02
 70  0.01860  2.06937e-03 | 71 -0.02706 -3.85231e-02 | 72 -0.04927  1.63576e-01
 73 -0.00762 -7.02503e-02 | 74  0.02854 -4.29085e-04 | 75 -0.01009 -1.33709e-01
 76  0.00013  9.96390e-02 | 77  0.01342 -4.88583e-02 | 78 -0.01310 -1.67892e-02
 79 -0.03847  1.60518e-01 | 80 -0.01506 -1.06790e-01 | 81 -0.02702  1.28772e-01
 82 -0.03202 -4.47757e-02 | 83 -0.01633 -3.59162e-01 | 84 -0.00395  5.96942e-02
 85  0.03141 -5.47272e-02 | 86  0.01978 -3.85058e-02 | 87  0.05845  1.13948e-01
 88 -0.01037 -2.79068e-01 | 89 -0.00811 -1.42739e-01 | 90 -0.03010 -1.03621e-02
 91  0.02838 -9.99544e-03 | 92  0.00164  2.96747e-01 | 93 -0.00537  1.84213e-01
 94 -0.03796  1.84544e-01 | 95  0.06642 -4.07929e-02 | 96 -0.00051  7.64071e-02
 97  0.02029 -3.72816e-02 | 98  0.02129  1.93602e-01 | 99  0.04810  3.73670e-02
100 -0.04437 -4.87073e-02 |101  0.01586  9.89328e-03 |102 -0.02668 -2.82063e-02
103 -0.01816  1.01188e-01 |104 -0.00114  5.15017e-02 |105  0.00005 -7.82013e-03
106  0.00005 -7.85922e-03 |107  0.82410 -2.38304e-02 |108 -0.41194 -1.32994e-01
109  0.20995  8.08487e-02 |110 -0.25642 -4.38952e-01 |

 - final statistics:
110 variables; iteration 119; function evaluation 163
Function value 2.2210e+03; maximum gradient component mag 5.1483e-05
Exit code = 1;  converg criter 1.0000e-04
Var    Value     Gradient |Var    Value     Gradient |Var    Value     Gradient
  1 -0.44387  5.95348e-06 |  2 -0.42670  5.14829e-05 |  3 -0.39379  2.21890e-05
  4 -0.48061  7.91531e-08 |  5 -0.40710  2.10171e-06 |  6  0.63358  9.38172e-06
  7  0.00759  1.57355e-08 |  8  0.00738  1.74272e-07 |  9 -0.00637 -1.80816e-07
 10 -0.00921 -3.83652e-07 | 11  0.00243  3.09478e-07 | 12 -0.00045 -1.13954e-06
 13 -0.01122 -1.02482e-07 | 14  0.00639 -3.38079e-07 | 15  0.00805  4.83949e-07
 16  0.00595  6.65405e-07 | 17 -0.02249 -1.78593e-06 | 18  0.02414 -6.56919e-07
 19 -0.01265 -4.57041e-07 | 20 -0.01504 -3.73274e-07 | 21  0.02793 -8.52855e-07
 22  0.00022 -2.14238e-07 | 23  0.00136 -3.87783e-07 | 24 -0.02147 -1.92340e-06
 25  0.01554 -2.27254e-06 | 26  0.00005 -2.45293e-06 | 27 -0.00991 -6.27749e-07
 28  0.00481 -1.26805e-06 | 29  0.00468  2.98664e-07 | 30  0.01156  3.57102e-06
 31  0.00337  4.57722e-07 | 32 -0.00273 -2.21625e-06 | 33  0.02262  3.60978e-07
 34 -0.03454  8.99773e-07 | 35 -0.01353  3.55610e-06 | 36 -0.02815 -2.97348e-07
 37 -0.01600 -1.63990e-06 | 38 -0.01512 -2.08990e-06 | 39  0.02277 -9.81566e-07
 40  0.01940  1.53529e-07 | 41  0.03335 -1.75096e-06 | 42  0.02986  2.00686e-06
 43 -0.00762 -1.37021e-07 | 44 -0.01505 -1.48580e-06 | 45  0.00173  2.06189e-07
 46  0.00189  3.80928e-06 | 47  0.00249  7.67594e-07 | 48  0.04293  3.36465e-07
 49  0.01582  3.19784e-07 | 50  0.00215 -3.83097e-06 | 51  0.00883  1.20491e-06
 52 -0.00606 -3.37324e-06 | 53  0.02621  1.72809e-06 | 54  0.01259 -1.23180e-06
 55  0.01923  2.20221e-07 | 56 -0.01419  1.65102e-06 | 57 -0.01191  3.33045e-06
 58 -0.00205 -1.81657e-06 | 59 -0.02283  6.72555e-07 | 60  0.01246  1.14726e-06
 61  0.00678  8.13686e-07 | 62 -0.00342 -3.01454e-09 | 63  0.01854  6.63515e-07
 64  0.02429  6.81093e-07 | 65 -0.01600  1.79157e-06 | 66 -0.02058  1.09667e-06
 67 -0.05257  1.87725e-07 | 68 -0.01725  2.07988e-07 | 69  0.00532  5.31668e-07
 70  0.01860  3.24483e-07 | 71 -0.02706 -6.07692e-07 | 72 -0.04928  2.58583e-06
 73 -0.00762  2.37556e-07 | 74  0.02854  4.51904e-07 | 75 -0.01008 -4.50763e-07
 76  0.00013 -2.01364e-07 | 77  0.01342  2.66905e-07 | 78 -0.01310 -1.33593e-07
 79 -0.03847  2.23387e-06 | 80 -0.01506 -4.70350e-07 | 81 -0.02702  2.06413e-07
 82 -0.03202  1.12991e-07 | 83 -0.01631 -1.48609e-06 | 84 -0.00395  1.19672e-07
 85  0.03141  4.69158e-07 | 86  0.01978  1.86783e-07 | 87  0.05845 -3.10188e-07
 88 -0.01036 -1.40208e-06 | 89 -0.00810 -6.98540e-07 | 90 -0.03010 -4.27707e-07
 91  0.02838  1.66517e-07 | 92  0.00163  8.47066e-07 | 93 -0.00538  6.55075e-07
 94 -0.03798  1.34980e-07 | 95  0.06642  1.14783e-06 | 96 -0.00051 -8.55709e-07
 97  0.02029  2.96409e-08 | 98  0.02129  5.22313e-07 | 99  0.04810  2.72406e-07
100 -0.04436 -7.30049e-07 |101  0.01585  1.32656e-07 |102 -0.02667 -4.78487e-07
103 -0.01820  5.32246e-08 |104 -0.00118  1.58223e-08 |105  0.00005 -8.23714e-06
106  0.00005  7.48141e-06 |107  0.82413 -1.79584e-06 |108 -0.41193  1.46563e-05
109  0.20997 -2.78435e-06 |110 -0.25641  7.69885e-06 |

 - final statistics:
122 variables; iteration 0; function evaluation 0
Function value 2.2210e+03; maximum gradient component mag 5.1483e-05
Exit code = 0;  converg criter 1.0000e-04
Var    Value     Gradient |Var    Value     Gradient |Var    Value     Gradient
  1 -0.44387  5.95350e-06 |  2 -0.42670  5.14830e-05 |  3 -0.39379  2.21890e-05
  4 -0.48061  7.91567e-08 |  5 -0.40710  2.10172e-06 |  6  0.63358  9.38157e-06
  7  0.00759  1.57353e-08 |  8  0.00738  1.74272e-07 |  9 -0.00637 -1.80816e-07
 10 -0.00921 -3.83652e-07 | 11  0.00243  3.09478e-07 | 12 -0.00045 -1.14267e-06
 13 -0.01122 -1.05607e-07 | 14  0.00639 -3.41205e-07 | 15  0.00805  4.80823e-07
 16  0.00595  6.62279e-07 | 17 -0.02249 -1.78906e-06 | 18  0.02414 -6.60044e-07
 19 -0.01265 -4.60167e-07 | 20 -0.01504 -3.76400e-07 | 21  0.02793 -8.55980e-07
 22  0.00022 -2.17365e-07 | 23  0.00136 -3.90911e-07 | 24 -0.02147 -1.92653e-06
 25  0.01554 -2.27567e-06 | 26  0.00005 -2.45606e-06 | 27 -0.00991 -6.30877e-07
 28  0.00481 -1.27118e-06 | 29  0.00468  2.95536e-07 | 30  0.01156  3.56789e-06
 31  0.00337  4.54594e-07 | 32 -0.00273 -2.21938e-06 | 33  0.02262  3.57852e-07
 34 -0.03454  8.96650e-07 | 35 -0.01353  3.55298e-06 | 36 -0.02815 -3.00472e-07
 37 -0.01600 -1.64303e-06 | 38 -0.01512 -2.09303e-06 | 39  0.02277 -9.84695e-07
 40  0.01940  1.50401e-07 | 41  0.03335 -1.75409e-06 | 42  0.02986  2.00373e-06
 43 -0.00762 -1.40150e-07 | 44 -0.01505 -1.48892e-06 | 45  0.00173  2.03060e-07
 46  0.00189  3.80615e-06 | 47  0.00249  7.64464e-07 | 48  0.04293  3.33338e-07
 49  0.01582  3.16653e-07 | 50  0.00215 -3.83410e-06 | 51  0.00883  1.20178e-06
 52 -0.00606 -3.37637e-06 | 53  0.02621  1.72496e-06 | 54  0.01259 -1.23494e-06
 55  0.01923  2.17086e-07 | 56 -0.01419  1.64789e-06 | 57 -0.01191  3.32732e-06
 58 -0.00205 -1.81970e-06 | 59 -0.02283  6.69425e-07 | 60  0.01246  1.14413e-06
 61  0.00678  8.10549e-07 | 62 -0.00342 -6.15086e-09 | 63  0.01854  6.60376e-07
 64  0.02429  6.77953e-07 | 65 -0.01600  1.78844e-06 | 66 -0.02058  1.09354e-06
 67 -0.05257  1.84605e-07 | 68 -0.01725  2.04854e-07 | 69  0.00532  5.28535e-07
 70  0.01860  3.21342e-07 | 71 -0.02706 -6.10823e-07 | 72 -0.04928  2.58271e-06
 73 -0.00762  2.34422e-07 | 74  0.02854  4.48766e-07 | 75 -0.01008 -4.53897e-07
 76  0.00013 -2.04503e-07 | 77  0.01342  2.63767e-07 | 78 -0.01310 -1.36727e-07
 79 -0.03847  2.23074e-06 | 80 -0.01506 -4.73482e-07 | 81 -0.02702  2.03285e-07
 82 -0.03202  1.09863e-07 | 83 -0.01631 -1.48922e-06 | 84 -0.00395  1.16541e-07
 85  0.03141  4.66027e-07 | 86  0.01978  1.83650e-07 | 87  0.05845 -3.13316e-07
 88 -0.01036 -1.40521e-06 | 89 -0.00810 -7.01671e-07 | 90 -0.03010 -4.30833e-07
 91  0.02838  1.63389e-07 | 92  0.00163  8.43935e-07 | 93 -0.00538  6.51946e-07
 94 -0.03798  1.31858e-07 | 95  0.06642  1.14472e-06 | 96 -0.00051 -8.58837e-07
 97  0.02029  2.65114e-08 | 98  0.02129  5.19190e-07 | 99  0.04810  2.69290e-07
100 -0.04436 -7.33167e-07 |101  0.01585  1.29533e-07 |102 -0.02667 -4.81610e-07
103 -0.01820  5.01003e-08 |104 -0.00118  1.26960e-08 |105  0.00005 -8.24026e-06
106  0.00005  7.47828e-06 |107  0.00000  0.00000e+00 |108  0.00000  0.00000e+00
109  0.00000  0.00000e+00 |110  0.00000  0.00000e+00 |111  0.00000  0.00000e+00
112  0.00000  0.00000e+00 |113  0.00000  0.00000e+00 |114  0.00000  0.00000e+00
115  0.00000  0.00000e+00 |116  0.00000  0.00000e+00 |117  0.00000  0.00000e+00
118  0.00000  0.00000e+00 |119  0.82413 -1.79586e-06 |120 -0.41193  1.46564e-05
121  0.20997 -2.78437e-06 |122 -0.25641  7.69891e-06 |
size of file gradfil1.tmp = 0
size of file gradfil2.tmp = 0
size of file varssave.tmp = 0
size of file cmpdiff.tmp = 0
