
Initial statistics: 1 variables; iteration 0; function evaluation 0; phase 1
Function value 6.2637309e+05; maximum gradient component mag 3.7910e+05
Var    Value     Gradient |Var    Value     Gradient |Var    Value     Gradient
  1  0.63197  3.79104e+05 |

 - final statistics:
1 variables; iteration 4; function evaluation 13
Function value 8.4883e+04; maximum gradient component mag -2.3125e+00
Exit code = 1;  converg criter 1.0000e+01
Var    Value     Gradient |Var    Value     Gradient |Var    Value     Gradient
  1 -5.00000 -2.31253e+00 |

Initial statistics: 79 variables; iteration 0; function evaluation 0; phase 2
Function value 8.4883282e+04; maximum gradient component mag 1.8763e+04
Var    Value     Gradient |Var    Value     Gradient |Var    Value     Gradient
  1 -1.00000 -2.23643e+00 |  2  0.00000  4.44078e+02 |  3  0.00000  4.38031e+02
  4  0.00000 -5.42190e+01 |  5  0.00000 -2.84564e+01 |  6  0.00000  4.63347e+00
  7  0.00000  3.44273e+01 |  8  0.00000  5.96781e+01 |  9  0.00000  8.05161e+01
 10  0.00000  9.75318e+01 | 11  0.00000  1.11416e+02 | 12  0.00000  1.22807e+02
 13  0.00000  1.32242e+02 | 14  0.00000  1.40144e+02 | 15  0.00000  1.46839e+02
 16  0.00000  1.52573e+02 | 17  0.00000  1.57530e+02 | 18  0.00000  1.61849e+02
 19  0.00000  1.65638e+02 | 20  0.00000  1.68982e+02 | 21  0.00000  1.71947e+02
 22  0.00000  1.74591e+02 | 23  0.00000  1.76961e+02 | 24  0.00000  1.79099e+02
 25  0.00000  1.81043e+02 | 26  0.00000  1.82826e+02 | 27  0.00000  1.84478e+02
 28  0.00000  1.86029e+02 | 29  0.00000  1.87503e+02 | 30  0.00000  1.88930e+02
 31  0.00000  1.90332e+02 | 32  0.00000  1.91732e+02 | 33  0.00000  1.93156e+02
 34  0.00000  1.94626e+02 | 35  0.00000  1.96167e+02 | 36  0.00000  1.97806e+02
 37  0.00000  1.99569e+02 | 38  0.00000  2.01487e+02 | 39  0.00000  2.03588e+02
 40  0.00000  2.05904e+02 | 41  0.00000  2.08464e+02 | 42  0.00000  2.11297e+02
 43  0.00000  2.14421e+02 | 44  0.00000  2.17844e+02 | 45  0.00000  2.21549e+02
 46  0.00000  2.25487e+02 | 47  0.00000  2.29556e+02 | 48  0.00000  2.33592e+02
 49  0.00000  2.37358e+02 | 50  0.00000  2.40553e+02 | 51  0.00000  2.42845e+02
 52  0.00000  2.43911e+02 | 53  0.00000  2.43709e+02 | 54  0.00000  3.39974e+02
 55  0.00000  4.29062e+02 | 56  0.00000  5.09931e+02 | 57  0.00000  5.81367e+02
 58  0.00000  6.41935e+02 | 59  0.00000  6.89922e+02 | 60  0.00000  7.23252e+02
 61  0.00000  7.39378e+02 | 62  0.00000  7.35146e+02 | 63  0.00000  7.06657e+02
 64  0.00000  6.49146e+02 | 65  0.00000  5.56983e+02 | 66  0.00000  4.23898e+02
 67  0.00000  2.43587e+02 | 68  0.00000  1.07155e+01 | 69  0.00000 -2.77886e+02
 70  0.00000 -6.21960e+02 | 71  0.00000 -1.00467e+03 | 72  0.00000 -1.40512e+03
 73  0.00000 -1.86521e+03 | 74  0.00000 -2.38751e+03 | 75  0.00000 -2.97181e+03
 76  0.00000 -3.51936e+03 | 77  0.00000 -3.22202e+03 | 78 -0.03546  1.87629e+04
 79 -0.31026  7.17423e+03 |

Intermediate statistics: 79 variables; iteration 20; function evaluation 35; phase 2
Function value 8.0650940e+04; maximum gradient component mag 1.3999e+04
Var    Value     Gradient |Var    Value     Gradient |Var    Value     Gradient
  1 -1.00345 -1.21566e+03 |  2  0.00268  1.69107e+03 |  3 -0.00053  1.37864e+03
  4 -0.01229 -4.20404e+02 |  5 -0.01257 -3.24343e+02 |  6 -0.01398 -3.11411e+02
  7 -0.01402 -1.50229e+02 |  8 -0.01311  1.11135e+02 |  9 -0.01535  1.79610e+00
 10 -0.01838 -2.09078e+02 | 11 -0.02028 -2.97722e+02 | 12 -0.02072 -2.24476e+02
 13 -0.01951  3.20581e+01 | 14 -0.01856  2.59720e+02 | 15 -0.02030  1.61202e+02
 16 -0.02327 -8.54911e+01 | 17 -0.02537 -2.36787e+02 | 18 -0.02644 -2.74337e+02
 19 -0.02679 -2.35196e+02 | 20 -0.02662 -1.44343e+02 | 21 -0.02619 -2.83959e+01
 22 -0.02585  7.21579e+01 | 23 -0.02593  1.18517e+02 | 24 -0.02648  1.05376e+02
 25 -0.02726  6.26273e+01 | 26 -0.02796  2.53268e+01 | 27 -0.02846  1.08634e+01
 28 -0.02875  1.76126e+01 | 29 -0.02893  3.39641e+01 | 30 -0.02912  4.70300e+01
 31 -0.02937  4.87428e+01 | 32 -0.02969  3.83421e+01 | 33 -0.03004  2.05655e+01
 34 -0.03036  2.18876e+00 | 35 -0.03060 -1.07456e+01 | 36 -0.03071 -1.43401e+01
 37 -0.03070 -7.33460e+00 | 38 -0.03058  8.29006e+00 | 39 -0.03039  2.65364e+01
 40 -0.03023  3.86773e+01 | 41 -0.03014  3.91824e+01 | 42 -0.03008  3.31285e+01
 43 -0.02994  3.52387e+01 | 44 -0.02964  5.48428e+01 | 45 -0.02932  7.33576e+01
 46 -0.02938  4.53047e+01 | 47 -0.02990 -4.01180e+01 | 48 -0.03043 -1.31959e+02
 49 -0.03067 -1.99934e+02 | 50 -0.03077 -2.63138e+02 | 51 -0.03084 -3.40401e+02
 52 -0.03083 -4.27021e+02 | 53 -0.03119 -5.64876e+02 | 54 -0.02774 -2.20860e+02
 55 -0.02540 -1.28946e+01 | 56 -0.02325  1.45522e+02 | 57 -0.02110  2.79900e+02
 58 -0.01896  3.91754e+02 | 59 -0.01662  5.03989e+02 | 60 -0.01431  5.85738e+02
 61 -0.01311  5.19307e+02 | 62 -0.01215  3.96133e+02 | 63 -0.01055  3.00778e+02
 64 -0.00876  1.78252e+02 | 65 -0.00559  1.28055e+02 | 66 -0.00046  1.80478e+02
 67  0.00618  2.70499e+02 | 68  0.01351  2.88334e+02 | 69  0.01778 -9.88246e+01
 70  0.02334 -5.13709e+02 | 71  0.03807 -4.68266e+02 | 72  0.05942 -2.64806e+02
 73  0.08238 -4.74020e+02 | 74  0.12411 -4.27706e+02 | 75  0.20572 -2.07899e+01
 76  0.32986 -8.22883e+02 | 77  0.79719 -2.74289e+02 | 78 -0.03687  1.39985e+04
 79 -0.64382 -1.96366e+02 |
79 variables; iteration 40; function evaluation 71; phase 2
Function value 8.0038480e+04; maximum gradient component mag 8.7966e+02
Var    Value     Gradient |Var    Value     Gradient |Var    Value     Gradient
  1 -1.00025 -8.78137e+01 |  2 -0.01222  4.60360e+01 |  3 -0.01367 -1.61959e+01
  4 -0.01152 -1.31605e+02 |  5 -0.01280 -1.29304e+02 |  6 -0.01569 -3.01146e+02
  7 -0.01421 -2.79525e+00 |  8 -0.01747 -2.32496e+02 |  9 -0.01769 -1.30017e+02
 10 -0.01539  2.56097e+02 | 11 -0.01953 -9.29627e+01 | 12 -0.01812  1.89714e+02
 13 -0.01600  5.61185e+02 | 14 -0.02285 -1.25936e+02 | 15 -0.02349 -1.02357e+02
 16 -0.02568 -2.37310e+02 | 17 -0.02509 -6.97948e+01 | 18 -0.02608 -8.31245e+01
 19 -0.02793 -2.02324e+02 | 20 -0.02863 -2.02698e+02 | 21 -0.02917 -1.91026e+02
 22 -0.03018 -2.39078e+02 | 23 -0.03057 -2.18961e+02 | 24 -0.02885  3.51315e+01
 25 -0.02869  1.23875e+02 | 26 -0.02425  7.04631e+02 | 27 -0.03310 -2.76755e+02
 28 -0.03134 -4.36340e+01 | 29 -0.03091  5.69815e+01 | 30 -0.03315 -1.51363e+02
 31 -0.03401 -2.10516e+02 | 32 -0.03370 -1.40859e+02 | 33 -0.03357 -9.62846e+01
 34 -0.03389 -1.10753e+02 | 35 -0.03415 -1.25137e+02 | 36 -0.03396 -9.46400e+01
 37 -0.03352 -4.15943e+01 | 38 -0.03356 -4.99960e+01 | 39 -0.03417 -1.29785e+02
 40 -0.03418 -1.46238e+02 | 41 -0.03351 -8.97769e+01 | 42 -0.03273 -2.30798e+01
 43 -0.03218  1.03773e+01 | 44 -0.03205 -7.94489e+00 | 45 -0.03207 -4.86395e+01
 46 -0.03178 -5.59511e+01 | 47 -0.03125 -3.83214e+01 | 48 -0.03043  7.94885e+00
 49 -0.03017 -1.60208e+01 | 50 -0.03052 -1.16508e+02 | 51 -0.03065 -1.95249e+02
 52 -0.02893 -7.81549e+01 | 53 -0.02924 -1.91047e+02 | 54 -0.02741  1.38871e+01
 55 -0.02855 -1.20090e+02 | 56 -0.02702  1.82971e+01 | 57 -0.02505  1.83885e+02
 58 -0.02488  1.28216e+02 | 59 -0.02493  1.93301e+01 | 60 -0.02493 -1.07107e+02
 61 -0.02202  9.89883e+00 | 62 -0.02241 -2.29434e+02 | 63 -0.01851 -1.14744e+02
 64 -0.01127  2.39328e+02 | 65 -0.01150 -1.64234e+02 | 66 -0.00276  1.30100e+02
 67  0.00085 -1.26646e+02 | 68  0.00727 -2.71966e+02 | 69  0.01855 -1.86744e+02
 70  0.03439  3.24092e+01 | 71  0.04750 -2.28448e+02 | 72  0.06843 -2.52671e+02
 73  0.10524  2.16793e+02 | 74  0.14619 -8.64362e+01 | 75  0.22541  7.97773e+00
 76  0.37855 -1.21384e+02 | 77  0.79914 -9.90291e+01 | 78 -0.10838  8.79661e+02
 79 -0.62322  4.52148e+00 |
Maximum number of function evaluations exceeded

 - final statistics:
79 variables; iteration 56; function evaluation 100
Function value 8.0023e+04; maximum gradient component mag 1.1784e+02
Exit code = 3;  converg criter 1.0000e+01
Var    Value     Gradient |Var    Value     Gradient |Var    Value     Gradient
  1 -1.00003 -9.54120e+00 |  2 -0.01234  6.71459e+00 |  3 -0.01332 -8.42003e-01
  4 -0.01039 -2.37194e+01 |  5 -0.01179 -2.55574e+01 |  6 -0.01314 -2.59132e+01
  7 -0.01409  1.18865e+01 |  8 -0.01562 -2.21389e+01 |  9 -0.01670 -1.07411e+01
 10 -0.01740  3.70681e+01 | 11 -0.01912 -3.47965e+01 | 12 -0.01968  1.93922e+01
 13 -0.02016  7.75099e+01 | 14 -0.02207 -3.09156e+01 | 15 -0.02295 -2.79935e+01
 16 -0.02381 -2.61900e+01 | 17 -0.02449 -7.26555e+00 | 18 -0.02526 -4.67159e+00
 19 -0.02616 -2.15138e+01 | 20 -0.02701 -3.75524e+01 | 21 -0.02760 -2.76907e+01
 22 -0.02797  1.87869e+00 | 23 -0.02854  5.24882e+00 | 24 -0.02912  1.39383e+00
 25 -0.02972 -5.86445e+00 | 26 -0.02925  1.01879e+02 | 27 -0.03090 -3.45107e+01
 28 -0.03126 -3.13026e+01 | 29 -0.03137 -7.87151e-01 | 30 -0.03186 -1.90501e+01
 31 -0.03226 -3.16442e+01 | 32 -0.03239 -1.75074e+01 | 33 -0.03243  7.39827e-01
 34 -0.03267 -8.35927e+00 | 35 -0.03300 -3.26096e+01 | 36 -0.03302 -2.70842e+01
 37 -0.03284 -2.31159e+00 | 38 -0.03285 -4.74611e+00 | 39 -0.03290 -1.78783e+01
 40 -0.03275 -1.09258e+01 | 41 -0.03248  4.07397e+00 | 42 -0.03228  6.41766e+00
 43 -0.03212  3.19323e-01 | 44 -0.03183  4.37223e+00 | 45 -0.03157  2.07062e-01
 46 -0.03141 -2.03138e+01 | 47 -0.03104 -2.06834e+01 | 48 -0.03044  1.63999e-01
 49 -0.02998 -1.38417e+00 | 50 -0.02962 -1.92022e+01 | 51 -0.02923 -3.90744e+01
 52 -0.02843 -1.96023e+01 | 53 -0.02776 -2.21405e+01 | 54 -0.02754  1.21385e+01
 55 -0.02747  1.33894e+01 | 56 -0.02741 -2.94737e+00 | 57 -0.02655  4.48177e+01
 58 -0.02612  2.13952e+01 | 59 -0.02549 -1.27974e+01 | 60 -0.02448 -4.06688e+01
 61 -0.02232  1.64466e+00 | 62 -0.02047 -3.36383e+01 | 63 -0.01750 -1.87228e+01
 64 -0.01353  2.09100e+01 | 65 -0.00965 -2.31216e+01 | 66 -0.00330  5.57396e+01
 67  0.00240 -3.35161e+01 | 68  0.01070 -3.95606e+01 | 69  0.02141 -1.68910e+01
 70  0.03478 -3.51706e-01 | 71  0.05105 -2.83110e+01 | 72  0.07239 -2.78738e+01
 73  0.10306  2.55941e+01 | 74  0.14791 -1.45031e+01 | 75  0.22634  3.76403e+00
 76  0.38432 -2.12758e+01 | 77  0.82928 -4.39477e+01 | 78 -0.11208  1.17838e+02
 79 -0.62253 -9.82004e-01 |

Initial statistics: 82 variables; iteration 0; function evaluation 0; phase 3
Function value 8.0022578e+04; maximum gradient component mag -1.0544e+03
Var    Value     Gradient |Var    Value     Gradient |Var    Value     Gradient
  1 -0.99997  9.54120e+00 |  2 -0.01219  1.61992e+01 |  3 -0.01318  8.64224e+00
  4 -0.01025 -1.42345e+01 |  5 -0.01164 -1.60728e+01 |  6 -0.01299 -1.64291e+01
  7 -0.01394  2.13706e+01 |  8 -0.01547 -1.26555e+01 |  9 -0.01655 -1.25808e+00
 10 -0.01725  4.65511e+01 | 11 -0.01897 -2.53147e+01 | 12 -0.01953  2.88741e+01
 13 -0.02002  8.69920e+01 | 14 -0.02193 -2.14352e+01 | 15 -0.02280 -1.85135e+01
 16 -0.02367 -1.67105e+01 | 17 -0.02434  2.21374e+00 | 18 -0.02512  4.80726e+00
 19 -0.02601 -1.20356e+01 | 20 -0.02687 -2.80750e+01 | 21 -0.02745 -1.82135e+01
 22 -0.02782  1.13559e+01 | 23 -0.02839  1.47257e+01 | 24 -0.02898  1.08703e+01
 25 -0.02958  3.61153e+00 | 26 -0.02910  1.11357e+02 | 27 -0.03075 -2.50359e+01
 28 -0.03112 -2.18280e+01 | 29 -0.03122  8.68771e+00 | 30 -0.03172 -9.57585e+00
 31 -0.03212 -2.21704e+01 | 32 -0.03224 -8.03348e+00 | 33 -0.03229  1.02139e+01
 34 -0.03252  1.11453e+00 | 35 -0.03285 -2.31363e+01 | 36 -0.03288 -1.76109e+01
 37 -0.03269  7.16216e+00 | 38 -0.03270  4.72760e+00 | 39 -0.03276 -8.40483e+00
 40 -0.03260 -1.45213e+00 | 41 -0.03233  1.35481e+01 | 42 -0.03214  1.58919e+01
 43 -0.03198  9.79364e+00 | 44 -0.03169  1.38468e+01 | 45 -0.03142  9.68179e+00
 46 -0.03127 -1.08391e+01 | 47 -0.03089 -1.12085e+01 | 48 -0.03029  9.63954e+00
 49 -0.02984  8.09168e+00 | 50 -0.02947 -9.72630e+00 | 51 -0.02908 -2.95984e+01
 52 -0.02828 -1.01256e+01 | 53 -0.02761 -1.26634e+01 | 54 -0.02739  2.16162e+01
 55 -0.02732  2.28670e+01 | 56 -0.02726  6.53018e+00 | 57 -0.02640  5.42963e+01
 58 -0.02597  3.08738e+01 | 59 -0.02535 -3.31871e+00 | 60 -0.02433 -3.11898e+01
 61 -0.02217  1.11252e+01 | 62 -0.02033 -2.41571e+01 | 63 -0.01735 -9.24021e+00
 64 -0.01339  3.03943e+01 | 65 -0.00951 -1.36365e+01 | 66 -0.00315  6.52258e+01
 67  0.00255 -2.40299e+01 | 68  0.01085 -3.00755e+01 | 69  0.02156 -7.40998e+00
 70  0.03493  9.12030e+00 | 71  0.05120 -1.88548e+01 | 72  0.07254 -1.84483e+01
 73  0.10321  3.49550e+01 | 74  0.14806 -5.27139e+00 | 75  0.22650  1.26559e+01
 76  0.38449 -1.34636e+01 | 77  0.82983 -4.13033e+01 | 78 -0.33333  5.03832e-01
 79 -0.11208  1.17838e+02 | 80 -0.41581 -1.05444e+03 | 81 -0.62253 -9.82004e-01
 82 -0.25275  3.70963e+01 |

Intermediate statistics: 82 variables; iteration 20; function evaluation 27; phase 3
Function value 8.0011085e+04; maximum gradient component mag 5.5938e+02
Var    Value     Gradient |Var    Value     Gradient |Var    Value     Gradient
  1 -1.00099 -3.46552e+02 |  2 -0.01283  7.91431e+00 |  3 -0.01368  2.51456e+01
  4 -0.01079  6.86614e+00 |  5 -0.01238 -7.80712e+00 |  6 -0.01360  1.45564e+01
  7 -0.01514 -5.14272e+00 |  8 -0.01646 -6.96426e+00 |  9 -0.01754  1.18301e+01
 10 -0.01897 -1.47518e+01 | 11 -0.02008 -1.22237e+01 | 12 -0.02108 -1.22565e+00
 13 -0.02215 -3.35595e+00 | 14 -0.02307  4.40246e+00 | 15 -0.02448 -4.74235e+01
 16 -0.02509 -1.43884e+01 | 17 -0.02585 -2.79181e+00 | 18 -0.02670 -5.71275e+00
 19 -0.02753 -1.25504e+01 | 20 -0.02831 -1.85365e+01 | 21 -0.02888 -5.05430e+00
 22 -0.02938  1.14052e+01 | 23 -0.03006  2.31536e+00 | 24 -0.03095 -3.42256e+01
 25 -0.03095  2.39463e+01 | 26 -0.03175 -1.14965e+01 | 27 -0.03203  4.01762e+00
 28 -0.03287 -4.59706e+01 | 29 -0.03289 -9.49206e+00 | 30 -0.03316 -6.63750e+00
 31 -0.03368 -3.68900e+01 | 32 -0.03383 -3.06844e+01 | 33 -0.03385 -1.55149e+01
 34 -0.03405 -2.66264e+01 | 35 -0.03429 -4.80327e+01 | 36 -0.03425 -4.39535e+01
 37 -0.03403 -2.48273e+01 | 38 -0.03387 -1.84540e+01 | 39 -0.03374 -1.99089e+01
 40 -0.03340 -4.65756e+00 | 41 -0.03300  1.42438e+01 | 42 -0.03272  1.28579e+01
 43 -0.03245  6.87241e+00 | 44 -0.03205  8.92333e+00 | 45 -0.03168  3.39462e+00
 46 -0.03137 -1.42722e+01 | 47 -0.03091 -1.94945e+01 | 48 -0.03025 -8.33429e+00
 49 -0.02955  1.87249e+00 | 50 -0.02892 -1.86290e+00 | 51 -0.02810  9.46026e+00
 52 -0.02725  1.78966e+01 | 53 -0.02614  4.84664e+01 | 54 -0.02606  5.09833e+01
 55 -0.02566  7.39499e+01 | 56 -0.02524  8.07452e+01 | 57 -0.02494  5.56274e+01
 58 -0.02405  6.86607e+01 | 59 -0.02285  8.24561e+01 | 60 -0.02199  2.76377e+01
 61 -0.01964  7.61483e+01 | 62 -0.01850 -3.81169e+01 | 63 -0.01529 -1.05045e+01
 64 -0.01051  9.43172e+01 | 65 -0.00720 -7.78283e+00 | 66  0.00091  2.15242e+02
 67  0.00513 -1.41306e+01 | 68  0.01328 -4.58370e+01 | 69  0.02415 -2.39405e+01
 70  0.03760 -1.95222e+01 | 71  0.05445 -3.27446e+01 | 72  0.07618 -4.62306e+01
 73  0.10964  1.27388e+02 | 74  0.15435 -2.23415e+01 | 75  0.23601  1.05908e+02
 76  0.39455  1.27827e+02 | 77  0.77489 -4.25490e+01 | 78 -0.33458  5.02916e-01
 79 -0.06604 -4.91425e+02 | 80 -0.39271  5.59377e+02 | 81 -0.64112  8.47553e+01
 82 -0.32392  1.98541e+01 |
82 variables; iteration 40; function evaluation 64; phase 3
Function value 7.9998529e+04; maximum gradient component mag 6.5218e+03
Var    Value     Gradient |Var    Value     Gradient |Var    Value     Gradient
  1 -0.99992  2.69650e+01 |  2 -0.01140  5.72953e+01 |  3 -0.01288  5.47646e+00
  4 -0.00843  1.53039e+02 |  5 -0.00999  1.27005e+02 |  6 -0.01349 -1.18143e+02
  7 -0.01302  7.72667e+01 |  8 -0.01415  9.27006e+01 |  9 -0.01589  3.72002e+01
 10 -0.01490  2.85028e+02 | 11 -0.01776  9.14333e+01 | 12 -0.01846  1.37738e+02
 13 -0.01932  1.59150e+02 | 14 -0.02328 -1.66801e+02 | 15 -0.02300 -2.49008e+01
 16 -0.02442 -6.85627e+01 | 17 -0.02479 -1.16106e+00 | 18 -0.02532  3.82839e+01
 19 -0.02787 -1.54422e+02 | 20 -0.02873 -1.64822e+02 | 21 -0.02870 -7.99139e+01
 22 -0.02977 -1.23742e+02 | 23 -0.03045 -1.29514e+02 | 24 -0.02978  4.91498e+00
 25 -0.03180 -1.58883e+02 | 26 -0.02943  1.50571e+02 | 27 -0.03301 -2.04773e+02
 28 -0.03200 -6.33913e+01 | 29 -0.03265 -1.06805e+02 | 30 -0.03334 -1.60863e+02
 31 -0.03232 -3.22740e+01 | 32 -0.03249 -4.43755e+01 | 33 -0.03316 -1.18712e+02
 34 -0.03221 -1.77565e+01 | 35 -0.03139  6.47607e+01 | 36 -0.03154  3.20775e+01
 37 -0.03111  6.09583e+01 | 38 -0.03013  1.53486e+02 | 39 -0.02966  1.87440e+02
 40 -0.02949  1.84388e+02 | 41 -0.02947  1.63521e+02 | 42 -0.02944  1.42042e+02
 43 -0.02980  7.63829e+01 | 44 -0.02999  2.90600e+01 | 45 -0.02963  4.26415e+01
 46 -0.02943  3.32977e+01 | 47 -0.02961 -2.35101e+01 | 48 -0.02941 -4.31855e+01
 49 -0.02884 -2.85245e+01 | 50 -0.02842 -3.74471e+01 | 51 -0.02844 -1.02686e+02
 52 -0.02723 -3.99023e+01 | 53 -0.02712 -1.05932e+02 | 54 -0.02583  4.23110e+01
 55 -0.02600  1.45222e+01 | 56 -0.02527  6.51939e+01 | 57 -0.02477  7.01550e+01
 58 -0.02388  8.15428e+01 | 59 -0.02594 -2.24455e+02 | 60 -0.02233 -7.64245e+00
 61 -0.02142 -7.92920e+01 | 62 -0.01550  2.73206e+02 | 63 -0.01426  1.07223e+02
 64 -0.01538 -3.09901e+02 | 65 -0.00517  1.95946e+02 | 66 -0.00249 -4.89425e+01
 67  0.00357 -1.22553e+02 | 68  0.01093 -2.13771e+02 | 69  0.02395 -3.01522e+01
 70  0.03820  2.37222e+01 | 71  0.05479 -2.18456e+01 | 72  0.07883  1.13172e+02
 73  0.10655 -8.62770e+01 | 74  0.15745  2.41828e+02 | 75  0.22558 -1.03808e+02
 76  0.37375  6.78741e+01 | 77  0.67369 -2.87524e+01 | 78 -1.65803 -4.97410e-01
 79  0.01516 -2.88071e+03 | 80 -0.35572  6.52181e+03 | 81 -0.66040  6.47788e+02
 82 -0.36637 -3.40142e+02 |
Maximum number of function evaluations exceeded

 - final statistics:
82 variables; iteration 58; function evaluation 100
Function value 7.9971e+04; maximum gradient component mag 2.8532e+03
Exit code = 3;  converg criter 1.0000e+00
Var    Value     Gradient |Var    Value     Gradient |Var    Value     Gradient
  1 -0.99919  2.83202e+02 |  2 -0.01082  1.37748e+02 |  3 -0.01300  5.28159e+00
  4 -0.00825  1.93724e+02 |  5 -0.00909  2.61430e+02 |  6 -0.01180  1.06165e+02
  7 -0.01336  7.34685e+01 |  8 -0.01653 -1.45551e+02 |  9 -0.01916 -3.05213e+02
 10 -0.01986 -2.56261e+02 | 11 -0.02046 -1.90727e+02 | 12 -0.01808  2.04922e+02
 13 -0.01846  2.75743e+02 | 14 -0.02378 -2.22981e+02 | 15 -0.02278 -2.23517e+01
 16 -0.02456 -1.16407e+02 | 17 -0.02278  1.75244e+02 | 18 -0.02693 -1.95923e+02
 19 -0.02456  1.52627e+02 | 20 -0.02633  3.82294e+01 | 21 -0.02755 -1.90493e+01
 22 -0.02681  1.39859e+02 | 23 -0.02941 -7.79302e+01 | 24 -0.02876  5.58027e+01
 25 -0.03268 -3.08624e+02 | 26 -0.02949  9.91862e+01 | 27 -0.03304 -2.34450e+02
 28 -0.03098  3.80795e+01 | 29 -0.03292 -1.33682e+02 | 30 -0.03284 -9.18551e+01
 31 -0.03278 -6.16334e+01 | 32 -0.03543 -3.35611e+02 | 33 -0.03358 -1.32349e+02
 34 -0.03506 -2.93947e+02 | 35 -0.03376 -1.68554e+02 | 36 -0.03387 -2.01700e+02
 37 -0.03266 -9.03882e+01 | 38 -0.02917  2.85496e+02 | 39 -0.02724  4.85920e+02
 40 -0.02830  3.21677e+02 | 41 -0.03013  7.58057e+01 | 42 -0.02909  1.69480e+02
 43 -0.02841  2.31269e+02 | 44 -0.02898  1.52541e+02 | 45 -0.02820  2.25787e+02
 46 -0.02929  8.22072e+01 | 47 -0.03056 -8.27272e+01 | 48 -0.03015 -6.38682e+01
 49 -0.03124 -2.13477e+02 | 50 -0.03038 -1.56357e+02 | 51 -0.02956 -1.11415e+02
 52 -0.02958 -1.71175e+02 | 53 -0.02870 -1.46299e+02 | 54 -0.02898 -1.60101e+02
 55 -0.02750 -8.17687e+00 | 56 -0.02932 -2.18528e+02 | 57 -0.02475  2.03511e+02
 58 -0.02931 -3.36740e+02 | 59 -0.02565 -8.45999e+01 | 60 -0.02273  5.31126e+01
 61 -0.02718 -5.27945e+02 | 62 -0.01547  3.58035e+02 | 63 -0.01124  4.87975e+02
 64 -0.01314 -4.47750e+01 | 65 -0.00742  5.64949e+01 | 66 -0.00548 -2.31322e+02
 67  0.00671  2.30198e+02 | 68  0.00990 -2.10372e+02 | 69  0.01564 -5.66489e+02
 70  0.03629 -3.14579e+01 | 71  0.05215 -1.08881e+02 | 72  0.08059  3.52673e+02
 73  0.10378 -1.64765e+02 | 74  0.15240  2.69066e+01 | 75  0.22157 -2.67551e+02
 76  0.37055 -5.37595e+01 | 77  0.72985  5.36592e+01 | 78 -2.46366 -3.77889e-01
 79  0.02885 -1.81806e+03 | 80 -0.35705  2.85319e+03 | 81 -0.67525 -9.04562e+01
 82 -0.37296  1.30734e+02 |

Initial statistics: 98 variables; iteration 0; function evaluation 0; phase 4
Function value 7.9970806e+04; maximum gradient component mag 7.1532e+04
Var    Value     Gradient |Var    Value     Gradient |Var    Value     Gradient
  1 -0.42263  1.20581e+04 |  2 -0.42263  7.15322e+04 |  3 -0.41094  5.16619e+04
  4 -0.99919  2.83202e+02 |  5  0.00000  1.90134e+03 |  6  0.00000  1.85059e+03
  7  0.00000  1.82432e+03 |  8  0.00000  1.82908e+03 |  9  0.00000  1.87194e+03
 10  0.00000  1.96016e+03 | 11  0.00000  2.10132e+03 | 12  0.00000  2.30421e+03
 13  0.00000  2.57984e+03 | 14  0.00000  2.94248e+03 | 15  0.00000  3.40966e+03
 16  0.00000  3.98828e+03 | 17  0.00000  4.58689e+03 | 18 -0.01047  1.60230e+02
 19 -0.01266  2.77618e+01 | 20 -0.00790  2.16208e+02 | 21 -0.00874  2.83915e+02
 22 -0.01146  1.28647e+02 | 23 -0.01301  9.59493e+01 | 24 -0.01618 -1.23076e+02
 25 -0.01881 -2.82743e+02 | 26 -0.01951 -2.33792e+02 | 27 -0.02011 -1.68257e+02
 28 -0.01774  2.27401e+02 | 29 -0.01811  2.98223e+02 | 30 -0.02343 -2.00516e+02
 31 -0.02244  1.18535e-01 | 32 -0.02422 -9.39407e+01 | 33 -0.02243  1.97718e+02
 34 -0.02658 -1.73463e+02 | 35 -0.02421  1.75099e+02 | 36 -0.02598  6.06961e+01
 37 -0.02720  3.41434e+00 | 38 -0.02647  1.62327e+02 | 39 -0.02906 -5.54710e+01
 40 -0.02842  7.82663e+01 | 41 -0.03233 -2.86177e+02 | 42 -0.02914  1.21650e+02
 43 -0.03269 -2.12001e+02 | 44 -0.03063  6.05391e+01 | 45 -0.03258 -1.11230e+02
 46 -0.03250 -6.94024e+01 | 47 -0.03243 -3.91797e+01 | 48 -0.03509 -3.13171e+02
 49 -0.03324 -1.09899e+02 | 50 -0.03471 -2.71505e+02 | 51 -0.03341 -1.46105e+02
 52 -0.03353 -1.79252e+02 | 53 -0.03232 -6.79350e+01 | 54 -0.02883  3.07965e+02
 55 -0.02689  5.08396e+02 | 56 -0.02795  3.44148e+02 | 57 -0.02978  9.82677e+01
 58 -0.02875  1.91946e+02 | 59 -0.02807  2.53737e+02 | 60 -0.02863  1.75007e+02
 61 -0.02785  2.48255e+02 | 62 -0.02894  1.04671e+02 | 63 -0.03021 -6.02701e+01
 64 -0.02980 -4.14099e+01 | 65 -0.03089 -1.91025e+02 | 66 -0.03003 -1.33901e+02
 67 -0.02921 -8.89565e+01 | 68 -0.02923 -1.48719e+02 | 69 -0.02835 -1.23841e+02
 70 -0.02864 -1.37643e+02 | 71 -0.02715  1.42871e+01 | 72 -0.02897 -1.96072e+02
 73 -0.02441  2.25983e+02 | 74 -0.02896 -3.14287e+02 | 75 -0.02530 -6.21349e+01
 76 -0.02238  7.55844e+01 | 77 -0.02683 -5.05492e+02 | 78 -0.01513  3.80518e+02
 79 -0.01090  5.10461e+02 | 80 -0.01280 -2.22954e+01 | 81 -0.00708  7.89784e+01
 82 -0.00514 -2.08839e+02 | 83  0.00705  2.52680e+02 | 84  0.01025 -1.87889e+02
 85  0.01599 -5.44004e+02 | 86  0.03663 -9.00954e+00 | 87  0.05249 -8.64675e+01
 88  0.08094  3.74951e+02 | 89  0.10414 -1.42566e+02 | 90  0.15276  4.87434e+01
 91  0.22194 -2.46363e+02 | 92  0.37096 -3.49624e+01 | 93  0.73070  6.27324e+01
 94  0.46366  3.77889e-01 | 95  0.02885 -1.81806e+03 | 96 -0.35705  2.85319e+03
 97 -0.67525 -9.04562e+01 | 98 -0.37296  1.30734e+02 |

Intermediate statistics: 98 variables; iteration 20; function evaluation 32; phase 4
Function value 6.5602128e+04; maximum gradient component mag -1.5839e+05
Var    Value     Gradient |Var    Value     Gradient |Var    Value     Gradient
  1 -0.46095  1.01761e+04 |  2 -0.37983 -1.58394e+05 |  3 -0.71895 -7.87873e+04
  4 -1.00321 -7.69204e+02 |  5 -0.17775 -1.31085e+03 |  6 -0.14523 -1.18602e+03
  7 -0.13354 -1.14768e+03 |  8 -0.12617 -1.11747e+03 |  9 -0.11884 -1.04298e+03
 10 -0.11489 -9.72109e+02 | 11 -0.11566 -9.53167e+02 | 12 -0.11308 -8.29871e+02
 13 -0.10718 -5.77087e+02 | 14 -0.10868 -5.46103e+02 | 15 -0.12096 -9.06324e+02
 16 -0.14388 -1.53281e+03 | 17 -0.16396 -1.98677e+03 | 18 -0.06715 -1.06329e+02
 19 -0.06845 -8.60242e+01 | 20 -0.06150  5.25090e+01 | 21 -0.05893  1.32390e+02
 22 -0.05629  1.86663e+02 | 23 -0.05468  1.35213e+02 | 24 -0.05342  5.97221e+01
 25 -0.05248 -2.71643e+01 | 26 -0.05126 -6.70819e+01 | 27 -0.04936 -2.66270e+01
 28 -0.05077 -2.68054e+02 | 29 -0.05057 -3.40732e+02 | 30 -0.04695 -1.13829e+02
 31 -0.04828 -3.10136e+02 | 32 -0.04762 -3.20944e+02 | 33 -0.04867 -4.65012e+02
 34 -0.04608 -2.87872e+02 | 35 -0.04719 -4.25029e+02 | 36 -0.04575 -3.41105e+02
 37 -0.04476 -2.95954e+02 | 38 -0.04531 -3.86507e+02 | 39 -0.04341 -2.65901e+02
 40 -0.04405 -3.67576e+02 | 41 -0.04133 -1.80512e+02 | 42 -0.04335 -4.10018e+02
 43 -0.04045 -2.07508e+02 | 44 -0.04140 -3.42073e+02 | 45 -0.03948 -2.26510e+02
 46 -0.03887 -2.24135e+02 | 47 -0.03824 -2.19428e+02 | 48 -0.03595 -6.47333e+01
 49 -0.03616 -1.35017e+02 | 50 -0.03463 -5.12257e+01 | 51 -0.03481 -1.21756e+02
 52 -0.03405 -1.08876e+02 | 53 -0.03338 -1.08069e+02 | 54 -0.03429 -2.52194e+02
 55 -0.03481 -3.57193e+02 | 56 -0.03321 -2.73061e+02 | 57 -0.03155 -1.83709e+02
 58 -0.03163 -2.56326e+02 | 59 -0.03104 -2.73823e+02 | 60 -0.02941 -2.02042e+02
 61 -0.02890 -2.30311e+02 | 62 -0.02719 -1.51752e+02 | 63 -0.02533 -5.52874e+01
 64 -0.02380  1.50301e+01 | 65 -0.02148  1.63219e+02 | 66 -0.02026  2.12745e+02
 67 -0.01941  2.33363e+02 | 68 -0.01858  2.68064e+02 | 69 -0.01788  3.12390e+02
 70 -0.01670  3.74865e+02 | 71 -0.01575  3.94787e+02 | 72 -0.01327  5.30824e+02
 73 -0.01391  3.51222e+02 | 74 -0.00938  6.09688e+02 | 75 -0.00846  5.03234e+02
 76 -0.00618  4.76208e+02 | 77  0.00004  7.29396e+02 | 78 -0.00049  3.49037e+02
 79  0.00358  2.92741e+02 | 80  0.01136  4.52747e+02 | 81  0.01744  3.94503e+02
 82  0.02684  4.71076e+02 | 83  0.03287  2.00366e+02 | 84  0.04666  3.31212e+02
 85  0.06097  3.36410e+02 | 86  0.07230 -8.83384e+00 | 87  0.09148 -9.07412e+01
 88  0.11182 -3.28811e+02 | 89  0.14676 -2.92062e+02 | 90  0.19913 -2.27438e+02
 91  0.30515  3.87680e+02 | 92  0.50360  2.27138e+02 | 93  0.87952  1.61468e+02
 94  0.46259  3.78576e-01 | 95  0.36881 -9.20494e+03 | 96 -0.32781  1.37569e+04
 97 -0.50561 -9.10374e+03 | 98 -0.29447  4.55861e+03 |
98 variables; iteration 40; function evaluation 64; phase 4
Function value 6.4997746e+04; maximum gradient component mag -1.5183e+05
Var    Value     Gradient |Var    Value     Gradient |Var    Value     Gradient
  1 -0.44906  2.08006e+04 |  2 -0.37783 -1.51827e+05 |  3 -0.72092 -7.40247e+04
  4 -1.00571 -1.35119e+03 |  5 -0.08736 -2.29515e+02 |  6 -0.12779 -9.47402e+02
  7 -0.19971 -1.59182e+03 |  8 -0.12677 -1.09066e+03 |  9 -0.12654 -1.16931e+03
 10 -0.13582 -1.37573e+03 | 11 -0.19022 -1.95091e+03 | 12 -0.15583 -1.71844e+03
 13 -0.11877 -1.05645e+03 | 14 -0.13300 -1.30201e+03 | 15 -0.14279 -1.47422e+03
 16 -0.18115 -2.10408e+03 | 17 -0.10582  4.57768e+01 | 18 -0.07511 -4.10124e+02
 19 -0.08067 -8.17129e+02 | 20 -0.06304  2.11976e+02 | 21 -0.05322  1.02589e+03
 22 -0.05324  7.80557e+02 | 23 -0.05289  5.36486e+02 | 24 -0.05391  1.66011e+02
 25 -0.06131 -6.67597e+02 | 26 -0.05251 -6.50550e+01 | 27 -0.03813  1.23115e+03
 28 -0.04673  2.45426e+02 | 29 -0.04568  2.34100e+02 | 30 -0.03923  7.34264e+02
 31 -0.04594 -2.23148e+01 | 32 -0.05047 -5.07961e+02 | 33 -0.05049 -5.62715e+02
 34 -0.04557 -1.77210e+02 | 35 -0.04618 -2.37925e+02 | 36 -0.04226  9.46867e+01
 37 -0.03976  3.02425e+02 | 38 -0.04321 -4.31284e+01 | 39 -0.03804  3.77977e+02
 40 -0.04496 -2.95508e+02 | 41 -0.04025  4.33383e+01 | 42 -0.04767 -6.35465e+02
 43 -0.04103 -1.37398e+02 | 44 -0.04323 -3.62825e+02 | 45 -0.03890 -3.17289e+01
 46 -0.03672  1.26641e+02 | 47 -0.03583  1.70655e+02 | 48 -0.03118  5.72891e+02
 49 -0.03160  4.95433e+02 | 50 -0.02935  6.73933e+02 | 51 -0.03112  4.62530e+02
 52 -0.03288  2.69133e+02 | 53 -0.03167  3.65851e+02 | 54 -0.03295  2.34635e+02
 55 -0.03603 -4.95851e+01 | 56 -0.03395  1.30580e+02 | 57 -0.03422  8.22486e+01
 58 -0.04100 -5.38712e+02 | 59 -0.04252 -6.97659e+02 | 60 -0.03969 -5.06158e+02
 61 -0.04098 -6.45814e+02 | 62 -0.04049 -6.46797e+02 | 63 -0.03882 -5.38764e+02
 64 -0.03286 -4.62207e+01 | 65 -0.02581  5.91364e+02 | 66 -0.02384  7.32364e+02
 67 -0.02523  4.99664e+02 | 68 -0.03099 -1.26233e+02 | 69 -0.03299 -3.57980e+02
 70 -0.03134 -2.66624e+02 | 71 -0.02622  1.16696e+02 | 72 -0.01784  7.65408e+02
 73 -0.02486 -1.24385e+00 | 74 -0.01395  7.23089e+02 | 75 -0.01848  1.06177e+02
 76 -0.01085  4.53437e+02 | 77 -0.00375  7.22555e+02 | 78  0.00246  8.42047e+02
 79  0.00759  7.80247e+02 | 80  0.01269  6.26175e+02 | 81  0.01939  4.98873e+02
 82  0.03025  5.29764e+02 | 83  0.02394 -5.68699e+02 | 84  0.04740 -5.51493e+01
 85  0.06498  2.52679e+01 | 86  0.10257  1.03520e+03 | 87  0.12067  5.02609e+02
 88  0.14950  2.63153e+02 | 89  0.20589  8.32800e+02 | 90  0.26761  6.80911e+02
 91  0.39409  1.46366e+03 | 92  0.63242  1.19844e+03 | 93  1.12047 -7.58990e+01
 94  0.43123  3.98440e-01 | 95  0.39359 -9.95814e+03 | 96 -0.32490  2.66258e+04
 97 -0.38067 -1.25512e+04 | 98 -0.24453  1.10341e+04 |
98 variables; iteration 60; function evaluation 93; phase 4
Function value 6.1660157e+04; maximum gradient component mag -1.2970e+05
Var    Value     Gradient |Var    Value     Gradient |Var    Value     Gradient
  1 -0.42311  4.50598e+04 |  2 -0.34892 -1.29703e+05 |  3 -0.74977 -8.50510e+04
  4 -1.00930 -2.09630e+03 |  5 -0.19780 -1.35728e+03 |  6 -0.10982 -5.74548e+02
  7 -0.15207 -1.19190e+03 |  8 -0.11860 -7.28989e+02 |  9 -0.07378  6.80885e+02
 10 -0.02736  4.02322e+03 | 11 -0.18028 -1.73463e+03 | 12 -0.30882 -2.32182e+03
 13 -0.11701 -9.46223e+02 | 14 -0.15710 -1.85686e+03 | 15 -0.17852 -2.23507e+03
 16 -0.18740 -2.39648e+03 | 17 -0.14635 -1.80551e+03 | 18 -0.10184 -2.56778e+03
 19 -0.12779 -3.45684e+03 | 20 -0.09237 -1.75090e+03 | 21 -0.07670 -4.01124e+02
 22 -0.06476  7.21380e+02 | 23 -0.07198 -1.57246e+02 | 24 -0.06926 -1.87846e+02
 25 -0.08477 -1.64612e+03 | 26 -0.08469 -1.80343e+03 | 27 -0.06789 -6.73849e+02
 28 -0.05974 -4.51249e+01 | 29 -0.05060  6.91311e+02 | 30 -0.05706 -2.05765e+02
 31 -0.06551 -1.13768e+03 | 32 -0.06354 -1.16274e+03 | 33 -0.05518 -6.26249e+02
 34 -0.05307 -5.50972e+02 | 35 -0.05353 -6.67403e+02 | 36 -0.04926 -3.86942e+02
 37 -0.04456 -9.02410e+00 | 38 -0.03537  8.78285e+02 | 39 -0.02735  1.68893e+03
 40 -0.04579 -3.35929e+02 | 41 -0.03960  7.58683e+01 | 42 -0.05678 -1.40266e+03
 43 -0.03886 -3.22876e+00 | 44 -0.05218 -1.13046e+03 | 45 -0.03892 -6.03304e+01
 46 -0.03893 -1.09402e+02 | 47 -0.04261 -5.13585e+02 | 48 -0.04635 -8.72004e+02
 49 -0.04139 -4.52312e+02 | 50 -0.02493  1.21161e+03 | 51 -0.01820  2.00227e+03
 52 -0.03472  1.51999e+02 | 53 -0.03334  2.51406e+02 | 54 -0.02979  6.22205e+02
 55 -0.02439  1.20312e+03 | 56 -0.04350 -6.48586e+02 | 57 -0.04082 -4.29631e+02
 58 -0.04222 -5.16651e+02 | 59 -0.04224 -4.78558e+02 | 60 -0.04051 -3.10871e+02
 61 -0.04650 -8.30299e+02 | 62 -0.05167 -1.26415e+03 | 63 -0.05742 -1.68277e+03
 64 -0.05317 -1.37548e+03 | 65 -0.04884 -1.01057e+03 | 66 -0.04363 -5.48089e+02
 67 -0.04532 -6.49726e+02 | 68 -0.03429  3.58341e+02 | 69 -0.04290 -4.44261e+02
 70 -0.04596 -7.65859e+02 | 71 -0.04273 -5.98441e+02 | 72 -0.04757 -1.04574e+03
 73 -0.03811 -4.65179e+02 | 74 -0.04795 -1.25363e+03 | 75 -0.02206  5.13295e+02
 76 -0.03180 -5.24720e+02 | 77 -0.02739 -5.24333e+02 | 78 -0.01814 -2.45653e+02
 79 -0.01635 -5.52766e+02 | 80 -0.00951 -5.98903e+02 | 81 -0.00462 -8.12414e+02
 82  0.01569 -2.26181e+02 | 83  0.01686 -8.52260e+02 | 84  0.04225 -3.16987e+02
 85  0.06198 -3.52110e+02 | 86  0.04938 -1.81819e+03 | 87  0.09635 -1.24477e+03
 88  0.15995 -2.02900e+02 | 89  0.25571  1.92431e+03 | 90  0.34361  2.04612e+03
 91  0.48862  2.41250e+03 | 92  0.80861  1.56932e+03 | 93  1.00761  5.75380e+00
 94 -0.13773  5.89724e-01 | 95  0.53211 -1.02111e+04 | 96 -0.30731  6.98772e+04
 97  0.05160 -1.05289e+04 | 98 -0.09021  8.95420e+03 |
Maximum number of function evaluations exceeded

 - final statistics:
98 variables; iteration 65; function evaluation 100
Function value 6.1631e+04; maximum gradient component mag -1.3158e+05
Exit code = 3;  converg criter 1.0000e+00
Var    Value     Gradient |Var    Value     Gradient |Var    Value     Gradient
  1 -0.42269  4.53812e+04 |  2 -0.34868 -1.31577e+05 |  3 -0.75043 -8.79309e+04
  4 -1.00943 -2.12202e+03 |  5 -0.19522 -1.35051e+03 |  6 -0.11009 -6.00135e+02
  7 -0.15530 -1.23620e+03 |  8 -0.13348 -1.00376e+03 |  9 -0.07470  6.08170e+02
 10 -0.02393  4.33129e+03 | 11 -0.16946 -1.62121e+03 | 12 -0.25131 -2.23477e+03
 13 -0.10742 -6.41703e+02 | 14 -0.15086 -1.76361e+03 | 15 -0.17642 -2.24243e+03
 16 -0.23735 -2.68784e+03 | 17 -0.13773 -1.67542e+03 | 18 -0.10003 -2.52295e+03
 19 -0.12648 -3.44473e+03 | 20 -0.08962 -1.62729e+03 | 21 -0.07530 -3.59613e+02
 22 -0.06473  6.30930e+02 | 23 -0.06894  4.03220e+01 | 24 -0.06910 -2.52330e+02
 25 -0.08481 -1.71030e+03 | 26 -0.08476 -1.86076e+03 | 27 -0.06695 -6.49451e+02
 28 -0.05890 -1.12152e+01 | 29 -0.05020  6.99751e+02 | 30 -0.05548 -8.17250e+01
 31 -0.06491 -1.10669e+03 | 32 -0.06411 -1.22080e+03 | 33 -0.05620 -7.30308e+02
 34 -0.05562 -7.73399e+02 | 35 -0.05396 -6.98462e+02 | 36 -0.04970 -3.99549e+02
 37 -0.04413  7.24340e+01 | 38 -0.03513  9.56555e+02 | 39 -0.02842  1.61305e+03
 40 -0.04747 -4.55272e+02 | 41 -0.04288 -1.96568e+02 | 42 -0.05680 -1.37623e+03
 43 -0.03907  3.01480e+01 | 44 -0.05258 -1.12152e+03 | 45 -0.04002 -1.17778e+02
 46 -0.04102 -2.59593e+02 | 47 -0.04422 -6.13512e+02 | 48 -0.04676 -8.65570e+02
 49 -0.04158 -4.21616e+02 | 50 -0.02710  1.04085e+03 | 51 -0.01725  2.20695e+03
 52 -0.03558  1.32263e+02 | 53 -0.03370  2.70515e+02 | 54 -0.03213  4.36161e+02
 55 -0.02733  9.40573e+02 | 56 -0.04227 -4.95565e+02 | 57 -0.04164 -4.41868e+02
 58 -0.04289 -5.18203e+02 | 59 -0.04334 -5.20171e+02 | 60 -0.04223 -4.06989e+02
 61 -0.04718 -8.34178e+02 | 62 -0.05224 -1.25847e+03 | 63 -0.05832 -1.70283e+03
 64 -0.05441 -1.42774e+03 | 65 -0.05124 -1.16237e+03 | 66 -0.04560 -6.85604e+02
 67 -0.04821 -8.62309e+02 | 68 -0.03677  1.50688e+02 | 69 -0.04287 -4.07796e+02
 70 -0.04691 -8.08189e+02 | 71 -0.04205 -5.11569e+02 | 72 -0.04566 -8.87625e+02
 73 -0.03901 -5.22299e+02 | 74 -0.04644 -1.16223e+03 | 75 -0.02357  3.71971e+02
 76 -0.03120 -4.90219e+02 | 77 -0.02466 -3.36368e+02 | 78 -0.01688 -1.62293e+02
 79 -0.01605 -5.48923e+02 | 80 -0.00971 -6.30217e+02 | 81 -0.00460 -8.27355e+02
 82  0.01601 -2.14677e+02 | 83  0.01812 -7.92316e+02 | 84  0.04275 -2.94467e+02
 85  0.05897 -5.18343e+02 | 86  0.04800 -1.86396e+03 | 87  0.09823 -1.17804e+03
 88  0.15796 -2.82324e+02 | 89  0.25549  1.92367e+03 | 90  0.34447  2.09732e+03
 91  0.48862  2.41172e+03 | 92  0.80875  1.57727e+03 | 93  1.00639  4.92833e+00
 94 -0.14394  5.88678e-01 | 95  0.53785 -1.02108e+04 | 96 -0.30655  7.18995e+04
 97  0.06012 -1.03106e+04 | 98 -0.08320  7.91631e+03 |

Initial statistics: 100 variables; iteration 0; function evaluation 0; phase 5
Function value 6.1575957e+04; maximum gradient component mag -1.3155e+05
Var    Value     Gradient |Var    Value     Gradient |Var    Value     Gradient
  1 -0.42269  4.54052e+04 |  2 -0.34868 -1.31547e+05 |  3 -0.75043 -8.78682e+04
  4 -0.41222 -9.75180e+02 |  5 -0.41222 -3.49311e+04 |  6 -0.99057  2.12268e+03
  7 -0.19522 -1.35058e+03 |  8 -0.11009 -6.00461e+02 |  9 -0.15530 -1.23640e+03
 10 -0.13348 -1.00409e+03 | 11 -0.07470  6.07164e+02 | 12 -0.02393  4.32862e+03
 13 -0.16946 -1.62153e+03 | 14 -0.25131 -2.23487e+03 | 15 -0.10742 -6.42808e+02
 16 -0.15086 -1.76422e+03 | 17 -0.17642 -2.24287e+03 | 18 -0.23735 -2.68800e+03
 19 -0.13773 -1.67610e+03 | 20 -0.09520 -2.22167e+03 | 21 -0.12162 -3.14847e+03
 22 -0.08480 -1.32389e+03 | 23 -0.07049 -5.37715e+01 | 24 -0.05993  9.38069e+02
 25 -0.06414  3.46277e+02 | 26 -0.06430  5.30404e+01 | 27 -0.08000 -1.40782e+03
 28 -0.07994 -1.55858e+03 | 29 -0.06215 -3.44859e+02 | 30 -0.05410  2.94236e+02
 31 -0.04541  1.00598e+03 | 32 -0.05069  2.23739e+02 | 33 -0.06012 -8.02540e+02
 34 -0.05932 -9.16691e+02 | 35 -0.05141 -4.25351e+02 | 36 -0.05082 -4.68459e+02
 37 -0.04917 -3.93426e+02 | 38 -0.04491 -9.41279e+01 | 39 -0.03934  3.78337e+02
 40 -0.03035  1.26311e+03 | 41 -0.02364  1.91993e+03 | 42 -0.04268 -1.49905e+02
 43 -0.03810  1.09109e+02 | 44 -0.05201 -1.07200e+03 | 45 -0.03428  3.35992e+02
 46 -0.04779 -8.16944e+02 | 47 -0.03524  1.87890e+02 | 48 -0.03623  4.59533e+01
 49 -0.03944 -3.08279e+02 | 50 -0.04197 -5.60593e+02 | 51 -0.03679 -1.16188e+02
 52 -0.02232  1.34723e+03 | 53 -0.01247  2.51366e+03 | 54 -0.03080  4.38120e+02
 55 -0.02892  5.76462e+02 | 56 -0.02735  7.42179e+02 | 57 -0.02255  1.24680e+03
 58 -0.03748 -1.90350e+02 | 59 -0.03686 -1.36655e+02 | 60 -0.03811 -2.13128e+02
 61 -0.03856 -2.15170e+02 | 62 -0.03744 -1.01940e+02 | 63 -0.04240 -5.29578e+02
 64 -0.04745 -9.54378e+02 | 65 -0.05353 -1.39939e+03 | 66 -0.04962 -1.12390e+03
 67 -0.04645 -8.58206e+02 | 68 -0.04081 -3.80937e+02 | 69 -0.04342 -5.57850e+02
 70 -0.03198  4.56002e+02 | 71 -0.03809 -1.02911e+02 | 72 -0.04212 -5.03655e+02
 73 -0.03727 -2.06694e+02 | 74 -0.04087 -5.83073e+02 | 75 -0.03423 -2.17326e+02
 76 -0.04165 -8.57856e+02 | 77 -0.01879  6.77580e+02 | 78 -0.02642 -1.85014e+02
 79 -0.01988 -3.09628e+01 | 80 -0.01211  1.43277e+02 | 81 -0.01128 -2.43407e+02
 82 -0.00493 -3.24626e+02 | 83  0.00018 -5.21724e+02 | 84  0.02079  9.08758e+01
 85  0.02290 -4.86660e+02 | 86  0.04754  1.05489e+01 | 87  0.06377 -2.13729e+02
 88  0.05279 -1.55816e+03 | 89  0.10307 -8.74752e+02 | 90  0.16289  1.42733e+01
 91  0.26069  2.19799e+03 | 92  0.35006  2.34790e+03 | 93  0.49529  2.60871e+03
 94  0.82562  1.53734e+03 | 95  0.99100 -3.51361e+00 | 96 -0.14394  5.88678e-01
 97  0.53785 -1.02119e+04 | 98 -0.30655  7.18876e+04 | 99  0.06012 -1.03120e+04
100 -0.08320  7.91731e+03 |

Intermediate statistics: 100 variables; iteration 20; function evaluation 47; phase 5
Function value 3.8109064e+04; maximum gradient component mag 1.4411e+05
Var    Value     Gradient |Var    Value     Gradient |Var    Value     Gradient
  1 -0.43658 -3.15082e+04 |  2 -0.41349 -6.88672e+04 |  3 -0.85144 -7.51346e+03
  4 -0.41871  1.11144e+03 |  5  0.25999 -3.00474e+04 |  6 -1.00889 -1.08363e+03
  7 -0.03563 -1.34482e+02 |  8 -0.00370  8.23567e+02 |  9 -0.03853 -2.50341e+02
 10 -0.03206 -8.69231e+01 | 11 -0.00877  8.11731e+02 | 12 -2.09993 -1.39753e+04
 13 -0.07211 -1.20632e+03 | 14 -0.83961 -8.00798e+02 | 15 -0.00758  1.38486e+02
 16 -0.01608 -4.62327e+02 | 17 -0.02176 -9.19728e+02 | 18 -0.71774 -1.56627e+03
 19 -0.05291 -1.97888e+03 | 20 -0.30562 -3.65197e+03 | 21  0.04563  2.20392e+03
 22  0.01644 -1.52913e+02 | 23 -0.01169 -1.46402e+03 | 24 -0.03985 -2.28965e+03
 25  0.00233 -7.09378e+02 | 26  0.01383  8.88779e+01 | 27  0.03891  2.16391e+03
 28  0.05320  3.76122e+03 | 29  0.03067  1.49591e+03 | 30  0.02449  9.46924e+02
 31  0.02039  6.16084e+02 | 32  0.02838  1.16970e+03 | 33  0.04860  2.99831e+03
 34  0.05289  3.39290e+03 | 35  0.03955  1.95331e+03 | 36  0.04251  2.12095e+03
 37  0.04307  2.19714e+03 | 38  0.04085  1.84606e+03 | 39  0.02898  7.56806e+02
 40  0.00035 -9.54831e+02 | 41 -0.00434 -1.17379e+03 | 42  0.04138  1.60393e+03
 43  0.03681  1.25045e+03 | 44  0.04381  1.83712e+03 | 45  0.02897  6.62673e+02
 46  0.06312  3.77059e+03 | 47  0.01572 -2.22501e+02 | 48  0.01946 -7.16022e+01
 49  0.04042  1.29445e+03 | 50  0.05787  2.73645e+03 | 51  0.06097  2.80870e+03
 52 -0.08487 -3.19488e+03 | 53 -0.05136 -2.78137e+03 | 54  0.03211  3.37298e+01
 55 -0.00184 -1.55639e+03 | 56  0.03212  9.27919e+00 | 57  0.00545 -1.28904e+03
 58  0.00961 -1.09168e+03 | 59  0.04879  1.26033e+03 | 60  0.04808  1.18791e+03
 61  0.03015 -1.02493e+02 | 62 -0.00905 -1.84263e+03 | 63  0.02413 -5.34416e+02
 64  0.04442  6.55197e+02 | 65  0.01738 -9.08174e+02 | 66  0.02546 -5.44662e+02
 67  0.04209  4.11201e+02 | 68  0.03542 -2.09338e+01 | 69  0.05204  1.03365e+03
 70  0.04220  2.62175e+02 | 71  0.05873  1.49566e+03 | 72  0.06259  1.66024e+03
 73  0.05304  7.90672e+02 | 74  0.06367  1.33654e+03 | 75  0.04601  6.80067e+01
 76  0.06945  1.21396e+03 | 77 -0.00478 -1.78802e+03 | 78  0.03780 -7.56080e+02
 79  0.03593 -9.13220e+02 | 80  0.03293 -1.07718e+03 | 81  0.04308 -9.04690e+02
 82  0.04204 -9.99182e+02 | 83  0.05489 -7.98120e+02 | 84  0.03602 -1.18019e+03
 85  0.08828 -2.47602e+02 | 86  0.06725 -8.28093e+02 | 87  0.01563 -1.37362e+03
 88  0.10506 -6.89572e+02 | 89 -0.05475 -1.54340e+03 | 90 -0.20685 -1.59376e+03
 91 -0.81624 -6.09134e+02 | 92 -0.68057 -9.60934e+02 | 93 -0.94296 -1.70686e+02
 94 -0.26017 -1.09360e+03 | 95  0.81425  8.99911e+02 | 96 -0.14504  5.88482e-01
 97  0.74072 -8.03267e+03 | 98 -0.31907  1.44114e+05 | 99  0.24785 -1.53281e+04
100 -0.21963 -6.02179e+04 |
100 variables; iteration 40; function evaluation 71; phase 5
Function value 3.7090742e+04; maximum gradient component mag -1.3791e+05
Var    Value     Gradient |Var    Value     Gradient |Var    Value     Gradient
  1 -0.37254 -2.92684e+02 |  2 -0.44641 -7.39769e+04 |  3 -0.85853 -5.96093e+04
  4 -0.73932 -7.45253e+02 |  5  0.39806 -2.39007e+04 |  6 -1.00727 -9.25089e+02
  7 -0.00925 -8.35466e+01 |  8  0.02813  1.28611e+03 |  9 -0.01595 -1.15858e+02
 10 -0.00961  1.51363e+02 | 11  0.01397  1.28635e+03 | 12 -2.18610 -4.59797e+04
 13  0.05284  4.43486e+03 | 14 -1.79219  2.33181e+03 | 15  0.01151  9.78229e+02
 16 -0.01433 -3.64854e+02 | 17 -0.05450 -1.59964e+03 | 18 -0.33977 -2.79653e+03
 19  0.02649  9.72634e+02 | 20 -0.26188 -2.79922e+03 | 21  0.06558  3.27888e+03
 22  0.01471 -3.15440e+02 | 23 -0.01859 -1.42123e+03 | 24 -0.01855 -1.44773e+03
 25 -0.01472 -1.31900e+03 | 26 -0.00397 -9.01947e+02 | 27  0.04515  1.69786e+03
 28  0.05671  2.87370e+03 | 29  0.03432  1.27117e+03 | 30  0.03501  1.34189e+03
 31  0.02854  9.69772e+02 | 32  0.03834  1.63326e+03 | 33  0.04247  1.95572e+03
 34  0.03757  1.58573e+03 | 35  0.03940  1.67236e+03 | 36  0.03803  1.53454e+03
 37  0.03366  1.37364e+03 | 38  0.03186  1.23808e+03 | 39  0.03800  1.58436e+03
 40  0.01954  4.31489e+02 | 41 -0.00302 -5.52755e+02 | 42  0.03468  1.35970e+03
 43  0.03949  1.76529e+03 | 44  0.05108  2.75836e+03 | 45  0.04295  2.10422e+03
 46  0.06228  3.86356e+03 | 47  0.03929  1.80546e+03 | 48  0.03919  1.72866e+03
 49  0.05773  3.15738e+03 | 50  0.06902  4.10035e+03 | 51  0.07718  4.56911e+03
 52 -0.50814 -2.36717e+03 | 53 -0.02812 -1.65240e+03 | 54  0.03333  3.57175e+02
 55 -0.00885 -1.25067e+03 | 56 -0.02144 -1.55745e+03 | 57  0.00778 -7.00955e+02
 58  0.04061  9.57125e+02 | 59  0.05939  2.39352e+03 | 60  0.05773  2.22222e+03
 61  0.04171  9.68914e+02 | 62  0.01034 -6.10425e+02 | 63  0.05111  1.18292e+03
 64  0.03164 -2.50789e+01 | 65  0.01114 -8.79126e+02 | 66  0.02448 -4.53148e+02
 67  0.03913  1.82222e+02 | 68  0.03880  2.02446e+02 | 69  0.06463  1.73197e+03
 70  0.02374 -4.21410e+02 | 71  0.06979  2.11544e+03 | 72  0.07068  2.08003e+03
 73  0.04857  6.35281e+02 | 74  0.06581  1.45229e+03 | 75  0.04482  2.98981e+02
 76  0.06977  1.29888e+03 | 77  0.00314 -9.65434e+02 | 78  0.03771 -2.73696e+02
 79  0.03299 -4.49906e+02 | 80  0.02500 -6.50768e+02 | 81  0.02421 -6.93326e+02
 82  0.01554 -7.98634e+02 | 83  0.01299 -7.85102e+02 | 84  0.01174 -7.02877e+02
 85  0.06689  3.56728e+01 | 86  0.08648  4.59287e+02 | 87  0.14959  2.25850e+03
 88  0.24065  8.31034e+03 | 89  0.17614  2.35410e+03 | 90  0.03443 -2.53371e+02
 91 -1.38911  5.91680e+02 | 92 -1.32877  4.59253e+02 | 93 -1.58156  4.89817e+02
 94 -0.00306  2.98987e+01 | 95  0.25945  9.37158e+02 | 96 -0.14827  5.87890e-01
 97  0.77933 -5.01480e+03 | 98 -0.32321  1.15045e+05 | 99  0.17924 -3.42480e+03
100 -0.23373 -1.37912e+05 |
100 variables; iteration 60; function evaluation 93; phase 5
Function value 3.4044928e+04; maximum gradient component mag -1.5431e+05
Var    Value     Gradient |Var    Value     Gradient |Var    Value     Gradient
  1 -0.37175 -6.93308e+03 |  2 -0.43448 -6.62956e+04 |  3 -0.85516 -7.52938e+04
  4 -0.68715 -1.04169e+03 |  5  0.36769 -2.09670e+04 |  6 -1.00685 -8.21018e+02
  7 -0.01717  9.75690e+02 |  8 -0.00637  1.48618e+03 |  9 -0.01892  9.49953e+02
 10 -0.03857  2.24133e+02 | 11 -0.03207  4.81512e+02 | 12 -2.13680 -3.33840e+04
 13  0.06969  1.08523e+04 | 14 -1.86511  1.89104e+03 | 15 -0.03470  7.93354e+01
 16 -0.03045  9.17312e+01 | 17 -0.05172 -8.58913e+02 | 18 -0.17993 -2.67644e+03
 19  0.00822  1.70025e+03 | 20 -0.36677 -1.87716e+03 | 21  0.04814  4.47954e+03
 22  0.00827  1.23976e+03 | 23 -0.00003  7.10682e+02 | 24 -0.05015 -8.03287e+02
 25 -0.06225 -1.05323e+03 | 26 -0.06751 -1.07711e+03 | 27  0.02800  2.28420e+03
 28  0.02363  2.20092e+03 | 29 -0.00354  8.02897e+02 | 30 -0.00380  7.89398e+02
 31 -0.01122  5.10034e+02 | 32 -0.00450  8.49911e+02 | 33  0.02810  2.78241e+03
 34 -0.00401  9.17774e+02 | 35  0.01173  1.66183e+03 | 36  0.00865  1.43341e+03
 37  0.00649  1.38702e+03 | 38  0.00260  1.13843e+03 | 39  0.00211  9.79296e+02
 40 -0.02608 -1.19383e+02 | 41 -0.00968  3.92813e+02 | 42  0.00437  1.01707e+03
 43  0.00133  9.36628e+02 | 44  0.01957  1.99152e+03 | 45  0.00973  1.46875e+03
 46  0.03881  3.50013e+03 | 47  0.01094  1.53696e+03 | 48  0.00789  1.30573e+03
 49  0.04555  3.71765e+03 | 50  0.04489  3.33689e+03 | 51  0.05288  3.33138e+03
 52 -0.50551 -1.69348e+03 | 53 -0.17819 -1.92849e+03 | 54 -0.00072 -2.39658e+02
 55  0.02448  6.62804e+02 | 56 -0.05243 -1.14392e+03 | 57  0.00983  2.65142e+02
 58  0.03640  1.64529e+03 | 59  0.02663  1.20449e+03 | 60  0.04436  2.14527e+03
 61  0.03711  1.55331e+03 | 62 -0.00878 -2.93357e+02 | 63  0.06194  2.68552e+03
 64  0.03241  8.35205e+02 | 65  0.05177  1.59619e+03 | 66  0.03627  7.22643e+02
 67  0.04582  1.03304e+03 | 68  0.05360  1.32237e+03 | 69  0.06733  1.97863e+03
 70  0.01791 -8.45793e+01 | 71  0.06739  2.05472e+03 | 72  0.08402  2.93646e+03
 73  0.05616  1.18220e+03 | 74  0.05529  9.91377e+02 | 75  0.03301  2.28565e+02
 76  0.07907  1.58596e+03 | 77  0.02727  1.86735e+01 | 78  0.06789  7.63455e+02
 79  0.04968  2.41666e+02 | 80  0.03234 -6.12719e+01 | 81  0.04374 -2.57281e+01
 82 -0.01090 -3.36203e+02 | 83 -0.10070 -3.80978e+02 | 84  0.09838  6.62493e+02
 85  0.10813  9.31842e+02 | 86  0.17611  2.24810e+03 | 87  0.20554  2.79786e+03
 88  0.35173  1.25930e+04 | 89  0.20858  2.03808e+03 | 90  0.32228  5.00075e+03
 91 -0.26906  3.41514e+02 | 92 -1.83951 -6.15542e+02 | 93 -2.40511 -4.17185e+03
 94  0.00382  1.13732e+03 | 95  0.00263  1.21931e+03 | 96 -0.25609  5.51290e-01
 97  0.81129 -2.59549e+03 | 98 -0.32771  6.90822e+04 | 99  0.28822  9.53829e+02
100 -0.22493 -1.54308e+05 |
100 variables; iteration 80; function evaluation 119; phase 5
Function value 2.7778999e+04; maximum gradient component mag -1.3327e+05
Var    Value     Gradient |Var    Value     Gradient |Var    Value     Gradient
  1 -0.36066  4.81116e+03 |  2 -0.38780 -6.63130e+04 |  3 -0.87351 -1.33271e+05
  4 -0.53032 -1.79921e+03 |  5  0.33171 -1.92685e+04 |  6 -0.99843  1.72278e+02
  7 -0.02656  1.13115e+03 |  8 -0.02086  1.37627e+03 |  9 -0.02944  9.67201e+02
 10 -0.05377  4.34548e+01 | 11 -0.06977 -4.58493e+02 | 12 -2.09727 -1.98805e+04
 13  0.03647  6.56436e+03 | 14 -1.72174  2.36088e+03 | 15 -0.06675 -7.48092e+02
 16 -0.07001 -9.70850e+02 | 17 -0.13261 -2.17690e+03 | 18 -0.00223  1.93562e+03
 19 -0.00527  1.53434e+03 | 20 -0.19381 -1.72010e+03 | 21  0.05265  6.15679e+03
 22  0.01535  2.14176e+03 | 23 -0.05801 -6.94564e+02 | 24 -0.06750 -9.44846e+02
 25 -0.05548 -7.98036e+02 | 26 -0.02983 -2.27707e+02 | 27  0.01218  1.43094e+03
 28  0.01087  1.39628e+03 | 29 -0.02588 -6.99080e+01 | 30 -0.02753 -1.40658e+02
 31 -0.01258  3.13368e+02 | 32 -0.02817 -1.19118e+02 | 33  0.01494  1.69285e+03
 34 -0.02684 -1.33202e+01 | 35  0.00461  1.18729e+03 | 36  0.00107  1.00010e+03
 37  0.00628  1.31958e+03 | 38 -0.01007  5.47930e+02 | 39 -0.02558 -6.33659e+01
 40 -0.01748  1.50936e+02 | 41  0.00810  1.14795e+03 | 42 -0.00473  5.65299e+02
 43 -0.01714  1.37963e+02 | 44  0.00507  1.03946e+03 | 45 -0.00679  5.53229e+02
 46  0.02743  2.46373e+03 | 47  0.00868  1.34755e+03 | 48  0.01199  1.41439e+03
 49  0.03640  2.70924e+03 | 50  0.03169  2.03066e+03 | 51  0.03728  1.79394e+03
 52 -0.28158 -1.89300e+03 | 53 -0.15398 -1.81717e+03 | 54 -0.04570 -1.16944e+03
 55  0.04715  1.74805e+03 | 56 -0.03201 -8.33932e+02 | 57 -0.00108 -1.96745e+02
 58  0.01315  3.17318e+02 | 59  0.01765  5.37525e+02 | 60  0.03822  1.47162e+03
 61  0.04139  1.53681e+03 | 62 -0.03323 -8.30817e+02 | 63  0.04369  1.45398e+03
 64  0.04146  1.27529e+03 | 65  0.06293  2.43484e+03 | 66  0.02526  5.02331e+02
 67  0.05396  1.73439e+03 | 68  0.05948  1.99802e+03 | 69  0.09846  4.93613e+03
 70  0.02158  2.15784e+02 | 71  0.05664  1.63595e+03 | 72  0.07875  2.83163e+03
 73  0.07292  2.27798e+03 | 74  0.05763  1.37346e+03 | 75  0.05153  1.03877e+03
 76  0.07890  2.03296e+03 | 77  0.03803  4.93319e+02 | 78  0.03381  3.61405e+02
 79  0.06925  1.15164e+03 | 80  0.04043  4.84809e+02 | 81  0.11597  2.57839e+03
 82  0.08427  1.32865e+03 | 83  0.12194  2.31843e+03 | 84  0.16441  3.89606e+03
 85  0.10755  1.51868e+03 | 86  0.16098  2.77637e+03 | 87  0.16445  2.54336e+03
 88  0.30538  1.20160e+04 | 89  0.14211  1.58758e+03 | 90  0.15956  1.64559e+03
 91  0.16546  1.52476e+03 | 92 -1.74710 -5.40805e+02 | 93 -2.35470 -4.58486e+03
 94 -0.04345  1.08716e+03 | 95 -0.55509  3.38753e+02 | 96 -0.53688  3.02740e-01
 97  0.92177 -2.15390e+02 | 98 -0.32776  1.31397e+04 | 99  0.44375 -1.35529e+04
100 -0.20518  9.15169e+04 |
100 variables; iteration 100; function evaluation 152; phase 5
Function value 2.4235434e+04; maximum gradient component mag 1.7083e+05
Var    Value     Gradient |Var    Value     Gradient |Var    Value     Gradient
  1 -0.35896  1.24778e+04 |  2 -0.37353 -6.33983e+04 |  3 -0.87863 -1.32070e+05
  4 -0.45720 -1.15036e+03 |  5  0.34253 -1.75419e+04 |  6 -0.99963  3.49901e+01
  7 -0.04690  2.12236e+02 |  8 -0.03881  3.75562e+02 |  9 -0.06646 -4.39893e+02
 10 -0.11055 -1.23307e+03 | 11 -0.10598 -1.25832e+03 | 12 -2.08828 -1.56736e+04
 13  0.00683  2.83386e+03 | 14 -1.78783  2.28268e+03 | 15 -0.06258 -8.50905e+02
 16 -0.10639 -1.84313e+03 | 17 -0.11980 -2.14156e+03 | 18 -0.10551 -2.08374e+03
 19 -0.02737  1.23906e+01 | 20  0.01301  2.44885e+03 | 21  0.03760  4.70096e+03
 22 -0.00709  8.58681e+02 | 23 -0.04334 -5.86967e+02 | 24 -0.06983 -1.20000e+03
 25 -0.00598  6.47955e+02 | 26  0.00295  1.07085e+03 | 27  0.00133  8.85790e+02
 28  0.00028  6.12931e+02 | 29 -0.04286 -8.92237e+02 | 30 -0.03251 -7.19138e+02
 31 -0.04536 -1.01853e+03 | 32 -0.01057 -2.63465e+01 | 33  0.00136  4.88380e+02
 34 -0.03253 -6.75064e+02 | 35 -0.01723 -2.38954e+02 | 36 -0.00958  4.19416e+01
 37  0.00193  6.68607e+02 | 38 -0.01128  9.35357e+01 | 39 -0.03641 -7.59901e+02
 40 -0.03704 -7.73739e+02 | 41  0.01726  1.39044e+03 | 42 -0.01675 -1.57405e+02
 43 -0.02453 -4.20480e+02 | 44  0.00145  5.91694e+02 | 45 -0.01204  1.20488e+02
 46  0.01461  1.56253e+03 | 47 -0.00716  4.90723e+02 | 48  0.00335  1.00340e+03
 49  0.02345  2.24414e+03 | 50  0.01673  1.75810e+03 | 51  0.01915  1.83514e+03
 52  0.06149  5.25777e+03 | 53 -0.07240 -1.43206e+03 | 54 -0.07186 -1.50763e+03
 55 -0.00118 -8.06094e+01 | 56 -0.01976 -7.06285e+02 | 57 -0.00336 -2.97934e+02
 58 -0.02542 -8.73215e+02 | 59  0.00397  1.75557e+01 | 60  0.02990  1.26100e+03
 61  0.02265  8.25464e+02 | 62 -0.06314 -1.46591e+03 | 63  0.05145  2.59086e+03
 64  0.04719  2.17383e+03 | 65  0.03984  1.57593e+03 | 66  0.01251  1.94988e+02
 67  0.03697  1.26072e+03 | 68  0.05208  2.13710e+03 | 69  0.06378  2.90764e+03
 70  0.01471  1.41006e+02 | 71  0.04779  1.73991e+03 | 72  0.08037  4.06087e+03
 73  0.03931  1.12605e+03 | 74  0.06062  2.14521e+03 | 75  0.03155  6.48143e+02
 76  0.04238  9.54701e+02 | 77 -0.00924 -4.22570e+02 | 78  0.00475 -1.59952e+02
 79  0.04034  6.61732e+02 | 80  0.06032  1.22473e+03 | 81  0.05020  8.21714e+02
 82  0.05894  9.78699e+02 | 83  0.08488  1.64088e+03 | 84  0.08818  1.57496e+03
 85  0.11193  2.17167e+03 | 86  0.13994  2.99366e+03 | 87  0.16305  3.59167e+03
 88  0.25213  1.01790e+04 | 89  0.14383  1.95751e+03 | 90  0.14155  1.63992e+03
 91  0.17850  2.06483e+03 | 92 -1.67341 -6.20776e+01 | 93 -2.24541 -2.49192e+03
 94  0.09099  9.40948e+02 | 95 -0.57849  5.64727e+01 | 96 -0.75341  7.35690e-02
 97  0.98315 -1.46679e+02 | 98 -0.32579  4.21935e+04 | 99  0.52273 -1.55528e+04
100 -0.19680  1.70827e+05 |
100 variables; iteration 120; function evaluation 181; phase 5
Function value 1.5694504e+04; maximum gradient component mag 3.8050e+04
Var    Value     Gradient |Var    Value     Gradient |Var    Value     Gradient
  1 -0.37533  3.88458e+03 |  2 -0.42396 -1.45287e+04 |  3 -0.85664 -1.92198e+04
  4 -0.46637 -3.62154e+02 |  5  0.70178 -3.23258e+03 |  6 -1.00381 -3.81060e+02
  7 -0.04552  5.01087e+02 |  8 -0.04610  3.96377e+02 |  9 -0.03747  6.14869e+02
 10 -0.04677  2.00892e+02 | 11 -0.05428 -1.25225e+02 | 12 -1.97003 -7.04848e+02
 13 -0.06514 -6.08665e+02 | 14 -1.98638 -1.47538e+03 | 15 -0.03213  4.15944e+02
 16 -0.01286  1.37693e+03 | 17 -0.03310  1.39398e+02 | 18 -0.03926 -3.04860e+02
 19 -0.05170 -9.53184e+02 | 20 -0.03136 -4.78110e+02 | 21 -0.09525 -2.14860e+03
 22 -0.03176 -7.02270e+02 | 23 -0.03396 -7.09039e+02 | 24 -0.02436 -2.46532e+02
 25 -0.02301 -1.22625e+02 | 26 -0.02500 -1.72786e+02 | 27 -0.02476 -1.35649e+02
 28 -0.03249 -4.67330e+02 | 29 -0.02810 -2.56730e+02 | 30 -0.02533 -1.07795e+02
 31 -0.02907 -2.58118e+02 | 32 -0.01975  1.92651e+02 | 33 -0.02329  1.05992e+01
 34 -0.02604 -1.38021e+02 | 35 -0.02026  1.38321e+02 | 36 -0.01685  3.03136e+02
 37 -0.01450  4.05644e+02 | 38 -0.01851  1.33060e+02 | 39 -0.01757  1.30666e+02
 40 -0.03717 -7.66652e+02 | 41 -0.03381 -6.43720e+02 | 42 -0.01319  3.19345e+02
 43 -0.01168  4.07491e+02 | 44 -0.01673  1.14968e+02 | 45 -0.01995 -7.68922e+01
 46 -0.01524  1.13010e+02 | 47 -0.01309  2.00667e+02 | 48 -0.01061  2.96758e+02
 49 -0.01298  1.37959e+02 | 50 -0.01820 -1.43733e+02 | 51 -0.02162 -3.01515e+02
 52  0.00368  1.05588e+03 | 53 -0.01462  1.18499e+01 | 54 -0.00225  6.50120e+02
 55  0.00271  9.15576e+02 | 56 -0.00515  4.08715e+02 | 57 -0.00578  3.34266e+02
 58  0.01644  1.66959e+03 | 59 -0.00544  2.28772e+02 | 60 -0.00300  2.74210e+02
 61  0.00487  6.30736e+02 | 62  0.00418  5.15375e+02 | 63  0.00699  5.97596e+02
 64  0.01446  9.55165e+02 | 65  0.01197  6.83922e+02 | 66  0.01088  4.96597e+02
 67  0.01494  6.16410e+02 | 68  0.00963  2.41608e+02 | 69  0.03656  1.83020e+03
 70  0.01448  3.09838e+02 | 71  0.02274  6.52027e+02 | 72  0.02536  7.37928e+02
 73  0.02451  6.17768e+02 | 74  0.01946  3.00486e+02 | 75  0.02097  3.03297e+02
 76  0.02794  5.36032e+02 | 77  0.02828  4.68679e+02 | 78  0.02993  4.48964e+02
 79  0.05038  1.22198e+03 | 80  0.02404  7.69556e+01 | 81  0.04220  5.68719e+02
 82  0.06366  1.22013e+03 | 83 -0.04496 -1.03997e+03 | 84  0.05055  4.32833e+02
 85  0.07715  1.13802e+03 | 86  0.08394  1.14202e+03 | 87  0.06392  4.21865e+02
 88  0.05302  1.38666e+02 | 89  0.08166  5.27191e+02 | 90  0.13746  1.64139e+03
 91  0.12429  9.80728e+02 | 92 -2.15696 -1.25044e+03 | 93 -1.99453  8.05405e+01
 94  0.12862  3.20445e+02 | 95 -1.70466  3.29642e+02 | 96 -0.83750  2.37306e-02
 97  0.90548 -9.54327e+02 | 98 -0.32436  3.80502e+04 | 99  0.98831 -1.72467e+02
100 -0.18517  3.64312e+04 |
100 variables; iteration 140; function evaluation 201; phase 5
Function value 1.4421689e+04; maximum gradient component mag -3.2800e+03
Var    Value     Gradient |Var    Value     Gradient |Var    Value     Gradient
  1 -0.43137 -1.49792e+03 |  2 -0.34179 -9.58629e+02 |  3 -0.88975 -2.67477e+03
  4  0.08741  6.54191e+00 |  5  0.92175 -4.47651e+02 |  6 -1.00031 -3.80317e+01
  7 -0.07011 -4.20514e+01 |  8 -0.06565 -2.87929e+01 |  9 -0.06128 -9.91742e+00
 10 -0.05776 -5.45035e+00 | 11 -0.05338  3.99706e+01 | 12 -1.94839 -1.30839e+01
 13 -0.05155 -6.45074e+01 | 14 -1.95595 -1.48611e+02 | 15 -0.04608  3.26668e+00
 16 -0.04487 -6.53546e+00 | 17 -0.04032  1.39230e+02 | 18 -0.04237 -1.28931e+01
 19 -0.04003  4.13597e+01 | 20 -0.03046  7.91672e+01 | 21 -0.03320 -3.03159e+01
 22 -0.02978 -4.11104e+01 | 23 -0.03163 -1.01892e+02 | 24 -0.03060 -8.95232e+00
 25 -0.03126 -1.49082e+01 | 26 -0.03122  1.27435e+01 | 27 -0.03054  7.08641e+01
 28 -0.02941  1.49344e+02 | 29 -0.03149  3.78306e+01 | 30 -0.03341 -6.74857e+01
 31 -0.03205  9.51538e+00 | 32 -0.03102  1.94525e+01 | 33 -0.03058 -3.03738e+00
 34 -0.02952  9.39556e+00 | 35 -0.02952 -3.32153e+01 | 36 -0.02850 -1.46350e+01
 37 -0.02730  1.67263e+01 | 38 -0.02619  4.18225e+01 | 39 -0.02681 -2.57206e+01
 40 -0.02731 -8.72945e+01 | 41 -0.02599 -4.45552e+01 | 42 -0.02353  6.71687e+01
 43 -0.02439 -1.34065e+01 | 44 -0.02398 -2.18013e+01 | 45 -0.02283  2.05713e+01
 46 -0.02253  8.12152e+00 | 47 -0.02246 -1.97572e+01 | 48 -0.02202 -2.94924e+01
 49 -0.02085  3.30557e+00 | 50 -0.01943  4.83832e+01 | 51 -0.01776  1.05967e+02
 52 -0.01672  1.21764e+02 | 53 -0.01894 -4.95177e+01 | 54 -0.01712  4.49606e+00
 55 -0.01568  3.51376e+01 | 56 -0.01386  8.66102e+01 | 57 -0.01359  4.52419e+01
 58 -0.01155  1.00002e+02 | 59 -0.01254 -2.20060e+01 | 60 -0.01104 -6.85401e+00
 61 -0.01003 -2.14885e+01 | 62 -0.00830  5.09083e-01 | 63 -0.00763 -3.98937e+01
 64 -0.00563 -1.19286e+01 | 65 -0.00466 -4.95440e+01 | 66 -0.00276 -4.11719e+01
 67 -0.00078 -3.38762e+01 | 68  0.00115 -3.73744e+01 | 69  0.00187 -1.12668e+02
 70  0.00611  1.56039e+00 | 71  0.00768 -2.33967e+01 | 72  0.00794 -3.72735e+01
 73  0.00814 -6.08568e+01 | 74  0.00943 -3.80431e+01 | 75  0.01024 -4.66182e+01
 76  0.01325  3.49982e+01 | 77  0.01327 -2.86356e+01 | 78  0.01526 -1.74111e+01
 79  0.01763 -1.98355e+00 | 80  0.01899 -3.58283e+01 | 81  0.02264  2.74631e+00
 82  0.02493 -1.82948e+01 | 83  0.03058  5.54464e+01 | 84  0.03121 -3.74189e+01
 85  0.03710  9.76878e+00 | 86  0.04190  1.11497e+01 | 87  0.04347 -7.36710e+01
 88  0.04078 -2.23855e+02 | 89  0.05787 -2.54410e+01 | 90  0.06085 -7.88783e+01
 91  0.07427  9.71572e-01 | 92 -2.07553  9.49679e+01 | 93 -2.09339  3.73890e+01
 94  0.11214 -3.16360e+01 | 95 -2.16253  4.60687e+01 | 96 -0.99256 -1.31801e-04
 97  1.02089  1.61026e+01 | 98 -0.32142 -3.27996e+03 | 99  1.04878  4.37984e+02
100 -0.18282 -3.08043e+03 |
100 variables; iteration 160; function evaluation 221; phase 5
Function value 1.4375974e+04; maximum gradient component mag 4.2678e+02
Var    Value     Gradient |Var    Value     Gradient |Var    Value     Gradient
  1 -0.41106 -5.05634e+01 |  2 -0.36169 -9.23741e+01 |  3 -0.88293 -2.16007e+02
  4 -0.04236  3.69032e+00 |  5  0.99956 -2.38078e+00 |  6 -1.00002 -2.59359e+00
  7 -0.06735  9.11868e+00 |  8 -0.06370  3.75935e+00 |  9 -0.06025 -2.44614e+00
 10 -0.05687 -3.33802e+00 | 11 -0.05368  1.12032e+00 | 12 -1.94494  1.32927e+02
 13 -0.04914 -1.14886e+01 | 14 -1.95285  7.98686e+00 | 15 -0.04532  2.91530e-01
 16 -0.04391  3.43997e-01 | 17 -0.04258  1.91589e+00 | 18 -0.04147 -2.99648e+00
 19 -0.04055 -1.54193e+01 | 20 -0.03183 -1.97278e+01 | 21 -0.03154  4.64050e+01
 22 -0.02882 -6.15215e-01 | 23 -0.02962 -4.78171e+00 | 24 -0.03013 -7.04049e-02
 25 -0.03054  3.07691e+00 | 26 -0.03101 -2.56356e+00 | 27 -0.03126  7.36077e-03
 28 -0.03162 -8.09544e+00 | 29 -0.03179 -8.29627e+00 | 30 -0.03168  3.32387e+00
 31 -0.03169  6.01075e+00 | 32 -0.03097  4.20183e+00 | 33 -0.03007  1.34087e+01
 34 -0.02930  1.57715e+01 | 35 -0.02888  3.74736e-01 | 36 -0.02821  1.59667e+00
 37 -0.02746  6.38415e+00 | 38 -0.02692  3.40271e+00 | 39 -0.02653 -6.24087e+00
 40 -0.02585  4.64801e-01 | 41 -0.02534 -1.31572e+00 | 42 -0.02465  6.84930e+00
 43 -0.02438 -8.38429e+00 | 44 -0.02389 -1.19314e+01 | 45 -0.02325 -1.30962e+00
 46 -0.02236  2.15675e+01 | 47 -0.02214  3.17317e+00 | 48 -0.02150  6.32117e+00
 49 -0.02073  1.43779e+01 | 50 -0.01992  2.18711e+01 | 51 -0.01948  6.85346e+00
 52 -0.01886 -6.78110e-01 | 53 -0.01780  1.41238e+01 | 54 -0.01723 -6.02357e-01
 55 -0.01646 -6.52698e+00 | 56 -0.01535  4.41975e+00 | 57 -0.01440  3.10659e+00
 58 -0.01387 -2.39699e+01 | 59 -0.01256 -1.05093e+01 | 60 -0.01165 -2.28319e+01
 61 -0.01013 -4.20073e+00 | 62 -0.00903 -1.31355e+01 | 63 -0.00754 -5.17051e+00
 64 -0.00590  5.28195e+00 | 65 -0.00434  5.74671e+00 | 66 -0.00290 -7.28941e+00
 67 -0.00100 -6.02483e-01 | 68  0.00082 -4.57498e+00 | 69  0.00351  3.48678e+01
 70  0.00496  3.19268e+00 | 71  0.00680  3.94074e+00 | 72  0.00721 -1.72270e+00
 73  0.00790 -1.67224e+00 | 74  0.00864 -7.78019e+00 | 75  0.00974 -5.41109e+00
 76  0.01108 -1.86946e+00 | 77  0.01275  5.27560e+00 | 78  0.01438  3.72757e-01
 79  0.01644  1.93295e+00 | 80  0.01887  5.92497e+00 | 81  0.02148  5.10742e+00
 82  0.02455  8.26843e+00 | 83  0.02852  2.73295e+01 | 84  0.03147  2.85180e+00
 85  0.03561  1.21351e+00 | 86  0.03983 -9.54663e+00 | 87  0.04544 -8.15582e-02
 88  0.05070 -1.19020e+01 | 89  0.05660 -1.93248e+01 | 90  0.06581  2.15395e+01
 91  0.07274  3.02060e+00 | 92 -2.08220  3.73771e+00 | 93 -2.09396  1.49545e+01
 94  0.11491  1.01770e+00 | 95 -2.17023  7.94396e+00 | 96 -1.03621 -2.60169e-04
 97  0.98682 -2.10323e+01 | 98 -0.32214  4.26778e+02 | 99  0.99934 -5.63121e+00
100 -0.18355  2.07396e+01 |
100 variables; iteration 180; function evaluation 243; phase 5
Function value 1.4375392e+04; maximum gradient component mag -2.0971e+00
Var    Value     Gradient |Var    Value     Gradient |Var    Value     Gradient
  1 -0.40973 -1.55192e-01 |  2 -0.36296  1.40485e-01 |  3 -0.88248 -8.78740e-02
  4 -0.05026 -3.83130e-02 |  5  0.99997  7.07359e-03 |  6 -1.00000  1.23378e-01
  7 -0.06774  2.71284e-02 |  8 -0.06389  1.54568e-02 |  9 -0.06024  1.18258e-02
 10 -0.05687  7.71255e-03 | 11 -0.05386  1.77629e-02 | 12 -1.94876 -2.89420e-03
 13 -0.04900 -3.02337e-02 | 14 -1.95292  1.81650e-03 | 15 -0.04544  8.33841e-03
 16 -0.04399 -5.58242e-03 | 17 -0.04268  1.65144e-02 | 18 -0.04144  1.30151e-02
 19 -0.04024 -7.77904e-03 | 20 -0.03148 -3.24490e-02 | 21 -0.03234  6.91008e-02
 22 -0.02879  3.81252e-03 | 23 -0.02952  4.14998e-05 | 24 -0.03010  1.43295e-02
 25 -0.03057  1.66085e-02 | 26 -0.03095  2.36058e-02 | 27 -0.03124 -1.46226e-02
 28 -0.03146 -1.97293e-02 | 29 -0.03161  2.69413e-02 | 30 -0.03171  2.25994e-02
 31 -0.03175  8.45484e-03 | 32 -0.03100  8.61279e-04 | 33 -0.03025  1.13006e-02
 34 -0.02953  2.47526e-02 | 35 -0.02885  7.09241e-03 | 36 -0.02820  3.70860e-03
 37 -0.02759  1.02075e-02 | 38 -0.02700  8.46997e-03 | 39 -0.02644  5.48492e-03
 40 -0.02589  1.71886e-02 | 41 -0.02534  1.18999e-02 | 42 -0.02480 -2.87476e-03
 43 -0.02425  7.12234e-03 | 44 -0.02370 -2.02774e-02 | 45 -0.02325  9.85953e-03
 46 -0.02275 -2.38817e-04 | 47 -0.02219  4.01073e-03 | 48 -0.02160  1.01690e-02
 49 -0.02097  1.16690e-02 | 50 -0.02030  2.89784e-02 | 51 -0.01960  2.14746e-02
 52 -0.01886 -1.10175e-02 | 53 -0.01808  8.41009e-03 | 54 -0.01726  3.69913e-02
 55 -0.01640  2.49843e-03 | 56 -0.01550  2.72719e-02 | 57 -0.01455  1.56098e-02
 58 -0.01355 -3.96633e-03 | 59 -0.01249 -1.20104e-02 | 60 -0.01136 -2.69922e-02
 61 -0.01017 -5.79471e-03 | 62 -0.00890 -2.95947e-03 | 63 -0.00754 -1.33529e-02
 64 -0.00609 -1.41933e-02 | 65 -0.00452 -3.75330e-03 | 66 -0.00285 -2.16537e-02
 67 -0.00106 -9.81833e-03 | 68  0.00083 -1.01762e-02 | 69  0.00282  3.01219e-02
 70  0.00482  9.22047e-03 | 71  0.00662 -7.81581e-03 | 72  0.00714 -8.51020e-03
 73  0.00783 -2.22231e-02 | 74  0.00870 -1.48427e-02 | 75  0.00976 -2.25021e-02
 76  0.01103 -1.41989e-02 | 77  0.01254  1.53549e-02 | 78  0.01429  5.68190e-03
 79  0.01632 -5.02921e-03 | 80  0.01864 -1.47732e-02 | 81  0.02128 -1.30348e-02
 82  0.02425  3.44805e-03 | 83  0.02759 -4.00711e-02 | 84  0.03133 -1.32705e-02
 85  0.03550  1.17199e-03 | 86  0.04016 -2.90615e-02 | 87  0.04536 -1.28214e-02
 88  0.05121  4.44776e-02 | 89  0.05762 -2.66510e-02 | 90  0.06441 -1.91250e-02
 91  0.07250  1.30776e-02 | 92 -2.08246  2.15757e-02 | 93 -2.09558 -5.88073e-03
 94  0.11465 -1.39652e-03 | 95 -2.17245  8.96625e-03 | 96 -1.01391  5.54784e-05
 97  1.00010  3.46588e-02 | 98 -0.32220 -2.09713e+00 | 99  1.00000  3.26056e-03
100 -0.18361  1.57368e-01 |
100 variables; iteration 200; function evaluation 263; phase 5
Function value 1.4375392e+04; maximum gradient component mag -3.1495e-03
Var    Value     Gradient |Var    Value     Gradient |Var    Value     Gradient
  1 -0.40973 -1.45808e-03 |  2 -0.36296 -2.46539e-03 |  3 -0.88248 -1.03673e-03
  4 -0.05025  1.14268e-04 |  5  0.99997 -1.16266e-03 |  6 -1.00000 -1.32065e-03
  7 -0.06774 -4.67736e-04 |  8 -0.06389  2.24617e-05 |  9 -0.06024  8.84540e-05
 10 -0.05687  1.45342e-07 | 11 -0.05386 -1.41441e-04 | 12 -1.94876  3.18705e-04
 13 -0.04900  2.99131e-03 | 14 -1.95292  5.72175e-04 | 15 -0.04544 -6.39906e-05
 16 -0.04399  9.52347e-04 | 17 -0.04268  2.17827e-04 | 18 -0.04144  2.02273e-04
 19 -0.04024 -8.14836e-04 | 20 -0.03148 -4.73167e-04 | 21 -0.03234  1.72841e-04
 22 -0.02879 -2.45960e-04 | 23 -0.02952 -3.98424e-06 | 24 -0.03010 -3.24891e-04
 25 -0.03057  3.25437e-05 | 26 -0.03095 -5.10907e-04 | 27 -0.03124  4.23969e-04
 28 -0.03146  7.31818e-04 | 29 -0.03161 -6.98173e-04 | 30 -0.03171 -3.87218e-04
 31 -0.03175  5.66570e-05 | 32 -0.03100  8.46043e-04 | 33 -0.03025  3.54372e-04
 34 -0.02953  1.32950e-04 | 35 -0.02885  1.42865e-04 | 36 -0.02820  1.70847e-04
 37 -0.02759  1.79911e-04 | 38 -0.02700  5.13295e-04 | 39 -0.02644  3.97732e-04
 40 -0.02589 -3.37903e-04 | 41 -0.02534 -5.62316e-04 | 42 -0.02480  5.30823e-04
 43 -0.02425  3.21586e-05 | 44 -0.02370 -3.64921e-05 | 45 -0.02325 -3.86305e-05
 46 -0.02275 -1.22231e-03 | 47 -0.02219  2.45572e-04 | 48 -0.02160 -1.72319e-04
 49 -0.02097 -3.01169e-04 | 50 -0.02030 -1.05469e-03 | 51 -0.01960  1.32686e-04
 52 -0.01886 -5.76798e-05 | 53 -0.01808 -2.77843e-04 | 54 -0.01726 -5.58494e-04
 55 -0.01640  6.03959e-04 | 56 -0.01550 -4.87280e-04 | 57 -0.01455 -1.98969e-04
 58 -0.01355  6.57237e-05 | 59 -0.01249 -1.64598e-04 | 60 -0.01136 -1.34392e-04
 61 -0.01017 -1.28699e-04 | 62 -0.00890 -7.75852e-04 | 63 -0.00754 -2.20137e-04
 64 -0.00609  1.80617e-04 | 65 -0.00453 -1.53367e-04 | 66 -0.00285  1.03426e-04
 67 -0.00106  6.86513e-05 | 68  0.00083 -1.90990e-04 | 69  0.00282  7.39679e-04
 70  0.00482 -9.55094e-04 | 71  0.00662  2.50671e-04 | 72  0.00714  5.52699e-04
 73  0.00783 -1.14504e-04 | 74  0.00870 -3.11005e-04 | 75  0.00976  3.85888e-04
 76  0.01103  7.43478e-05 | 77  0.01254 -4.44706e-04 | 78  0.01429 -4.06678e-04
 79  0.01632  3.63658e-04 | 80  0.01864 -2.06504e-04 | 81  0.02128  3.98083e-04
 82  0.02425 -1.10409e-05 | 83  0.02759  1.71667e-03 | 84  0.03133  3.08389e-04
 85  0.03550 -2.39075e-04 | 86  0.04016  3.69906e-04 | 87  0.04536 -6.78465e-04
 88  0.05121 -1.03261e-03 | 89  0.05762 -4.06637e-04 | 90  0.06441  2.97452e-04
 91  0.07249  2.52803e-04 | 92 -2.08247 -5.35381e-04 | 93 -2.09558 -5.98943e-04
 94  0.11465 -6.05000e-05 | 95 -2.17246  8.88037e-05 | 96 -1.02018 -4.29362e-07
 97  1.00001  6.42715e-05 | 98 -0.32220 -3.14946e-03 | 99  1.00000  3.17138e-04
100 -0.18361  1.17115e-03 |
  ic > imax  in fminim is answer attained ?
Var    Value     Gradient |Var    Value     Gradient |Var    Value     Gradient
  1 -0.40973 -1.20488e-04 |  2 -0.36296 -2.54126e-04 |  3 -0.88248 -2.39770e-04
  4 -0.05025  1.26289e-05 |  5  0.99997  1.81546e-05 |  6 -1.00000  5.76283e-05
  7 -0.06774  3.17703e-06 |  8 -0.06389  1.01173e-06 |  9 -0.06024  3.45792e-06
 10 -0.05687  1.26090e-05 | 11 -0.05386  1.38894e-05 | 12 -1.94876  1.27376e-05
 13 -0.04900 -7.90657e-05 | 14 -1.95292 -9.80386e-06 | 15 -0.04544 -2.92420e-06
 16 -0.04399  5.22258e-06 | 17 -0.04268 -5.12710e-06 | 18 -0.04144 -6.79682e-07
 19 -0.04024  4.77325e-05 | 20 -0.03148  2.81817e-05 | 21 -0.03234 -4.97262e-05
 22 -0.02879  7.77019e-06 | 23 -0.02952  1.42069e-05 | 24 -0.03010  5.75096e-07
 25 -0.03057  1.03608e-05 | 26 -0.03095  9.64866e-07 | 27 -0.03124 -5.86591e-06
 28 -0.03146  4.36109e-07 | 29 -0.03161 -2.63328e-06 | 30 -0.03171 -2.37471e-06
 31 -0.03175  1.29528e-05 | 32 -0.03100  2.19545e-06 | 33 -0.03025 -9.09552e-06
 34 -0.02953 -1.41675e-05 | 35 -0.02885  2.69489e-06 | 36 -0.02820 -2.67466e-08
 37 -0.02759 -6.83818e-06 | 38 -0.02700 -1.01640e-06 | 39 -0.02644 -1.21718e-05
 40 -0.02589 -5.08613e-06 | 41 -0.02534 -2.22926e-06 | 42 -0.02480  1.29741e-06
 43 -0.02425 -8.88615e-06 | 44 -0.02370  2.32863e-06 | 45 -0.02325 -2.78696e-06
 46 -0.02275 -4.92752e-05 | 47 -0.02219 -2.28422e-06 | 48 -0.02160  5.06180e-06
 49 -0.02097  7.50800e-06 | 50 -0.02030  1.56676e-06 | 51 -0.01960  1.00758e-05
 52 -0.01886 -1.56498e-05 | 53 -0.01808  1.39685e-05 | 54 -0.01726 -5.34816e-06
 55 -0.01640 -2.72489e-06 | 56 -0.01550 -1.09009e-05 | 57 -0.01455  1.07382e-05
 58 -0.01355 -2.20492e-05 | 59 -0.01249  5.00803e-06 | 60 -0.01136  8.19251e-06
 61 -0.01017  5.95637e-06 | 62 -0.00890 -7.65847e-06 | 63 -0.00754  1.64577e-05
 64 -0.00609  1.16096e-05 | 65 -0.00453  1.58105e-05 | 66 -0.00285  5.81999e-06
 67 -0.00106  2.42936e-06 | 68  0.00083  3.68508e-06 | 69  0.00282 -1.15279e-05
 70  0.00482 -5.96302e-06 | 71  0.00662 -3.92227e-06 | 72  0.00714 -7.01359e-06
 73  0.00783  1.59830e-06 | 74  0.00870 -3.11721e-06 | 75  0.00976  3.22461e-06
 76  0.01103 -7.89007e-07 | 77  0.01254 -1.68404e-05 | 78  0.01429 -4.02109e-06
 79  0.01632 -2.39124e-06 | 80  0.01864  7.55547e-06 | 81  0.02128  1.02788e-05
 82  0.02425 -5.17556e-06 | 83  0.02759  4.21279e-05 | 84  0.03133  1.10743e-05
 85  0.03550 -6.13333e-06 | 86  0.04016  1.42389e-05 | 87  0.04536  3.07601e-05
 88  0.05121 -1.18071e-05 | 89  0.05762  2.30130e-05 | 90  0.06441 -4.36778e-06
 91  0.07249 -1.13562e-05 | 92 -2.08247 -7.22526e-06 | 93 -2.09558 -1.79867e-05
 94  0.11465 -2.78557e-06 | 95 -2.17246 -2.92551e-06 | 96 -1.02014  1.37262e-08
 97  1.00001 -2.47522e-06 | 98 -0.32220  2.78327e-04 | 99  1.00000 -3.70841e-05
100 -0.18361 -1.92631e-04 |
Function minimizer not making progress ... is minimum attained?
Minimprove criterion = 0.0000e+00

 - final statistics:
100 variables; iteration 205; function evaluation 297
Function value 1.4375e+04; maximum gradient component mag 2.7833e-04
Exit code = 1;  converg criter 1.0000e-04
Var    Value     Gradient |Var    Value     Gradient |Var    Value     Gradient
  1 -0.40973 -1.20488e-04 |  2 -0.36296 -2.54126e-04 |  3 -0.88248 -2.39770e-04
  4 -0.05025  1.26289e-05 |  5  0.99997  1.81546e-05 |  6 -1.00000  5.76283e-05
  7 -0.06774  3.17703e-06 |  8 -0.06389  1.01173e-06 |  9 -0.06024  3.45792e-06
 10 -0.05687  1.26090e-05 | 11 -0.05386  1.38894e-05 | 12 -1.94876  1.27376e-05
 13 -0.04900 -7.90657e-05 | 14 -1.95292 -9.80386e-06 | 15 -0.04544 -2.92420e-06
 16 -0.04399  5.22258e-06 | 17 -0.04268 -5.12710e-06 | 18 -0.04144 -6.79682e-07
 19 -0.04024  4.77325e-05 | 20 -0.03148  2.81817e-05 | 21 -0.03234 -4.97262e-05
 22 -0.02879  7.77019e-06 | 23 -0.02952  1.42069e-05 | 24 -0.03010  5.75096e-07
 25 -0.03057  1.03608e-05 | 26 -0.03095  9.64866e-07 | 27 -0.03124 -5.86591e-06
 28 -0.03146  4.36109e-07 | 29 -0.03161 -2.63328e-06 | 30 -0.03171 -2.37471e-06
 31 -0.03175  1.29528e-05 | 32 -0.03100  2.19545e-06 | 33 -0.03025 -9.09552e-06
 34 -0.02953 -1.41675e-05 | 35 -0.02885  2.69489e-06 | 36 -0.02820 -2.67466e-08
 37 -0.02759 -6.83818e-06 | 38 -0.02700 -1.01640e-06 | 39 -0.02644 -1.21718e-05
 40 -0.02589 -5.08613e-06 | 41 -0.02534 -2.22926e-06 | 42 -0.02480  1.29741e-06
 43 -0.02425 -8.88615e-06 | 44 -0.02370  2.32863e-06 | 45 -0.02325 -2.78696e-06
 46 -0.02275 -4.92752e-05 | 47 -0.02219 -2.28422e-06 | 48 -0.02160  5.06180e-06
 49 -0.02097  7.50800e-06 | 50 -0.02030  1.56676e-06 | 51 -0.01960  1.00758e-05
 52 -0.01886 -1.56498e-05 | 53 -0.01808  1.39685e-05 | 54 -0.01726 -5.34816e-06
 55 -0.01640 -2.72489e-06 | 56 -0.01550 -1.09009e-05 | 57 -0.01455  1.07382e-05
 58 -0.01355 -2.20492e-05 | 59 -0.01249  5.00803e-06 | 60 -0.01136  8.19251e-06
 61 -0.01017  5.95637e-06 | 62 -0.00890 -7.65847e-06 | 63 -0.00754  1.64577e-05
 64 -0.00609  1.16096e-05 | 65 -0.00453  1.58105e-05 | 66 -0.00285  5.81999e-06
 67 -0.00106  2.42936e-06 | 68  0.00083  3.68508e-06 | 69  0.00282 -1.15279e-05
 70  0.00482 -5.96302e-06 | 71  0.00662 -3.92227e-06 | 72  0.00714 -7.01359e-06
 73  0.00783  1.59830e-06 | 74  0.00870 -3.11721e-06 | 75  0.00976  3.22461e-06
 76  0.01103 -7.89007e-07 | 77  0.01254 -1.68404e-05 | 78  0.01429 -4.02109e-06
 79  0.01632 -2.39124e-06 | 80  0.01864  7.55547e-06 | 81  0.02128  1.02788e-05
 82  0.02425 -5.17556e-06 | 83  0.02759  4.21279e-05 | 84  0.03133  1.10743e-05
 85  0.03550 -6.13333e-06 | 86  0.04016  1.42389e-05 | 87  0.04536  3.07601e-05
 88  0.05121 -1.18071e-05 | 89  0.05762  2.30130e-05 | 90  0.06441 -4.36778e-06
 91  0.07249 -1.13562e-05 | 92 -2.08247 -7.22526e-06 | 93 -2.09558 -1.79867e-05
 94  0.11465 -2.78557e-06 | 95 -2.17246 -2.92551e-06 | 96 -1.02014  1.37262e-08
 97  1.00001 -2.47522e-06 | 98 -0.32220  2.78327e-04 | 99  1.00000 -3.70841e-05
100 -0.18361 -1.92631e-04 |

Initial statistics: 101 variables; iteration 0; function evaluation 0; phase 6
Function value 1.4375392e+04; maximum gradient component mag 2.7833e-04
Var    Value     Gradient |Var    Value     Gradient |Var    Value     Gradient
  1 -0.40973 -1.20486e-04 |  2 -0.36296 -2.54123e-04 |  3 -0.88248 -2.39760e-04
  4 -0.05025  1.26292e-05 |  5  0.99997  1.81186e-05 |  6 -1.00000 -3.64695e-05
  7 -0.06774  3.17695e-06 |  8 -0.06389  1.01166e-06 |  9 -0.06024  3.45785e-06
 10 -0.05687  1.26089e-05 | 11 -0.05386  1.38893e-05 | 12 -0.05124 -1.27375e-05
 13 -0.04900 -7.90649e-05 | 14 -0.04708  9.80377e-06 | 15 -0.04544 -2.92416e-06
 16 -0.04399  5.22249e-06 | 17 -0.04268 -5.12707e-06 | 18 -0.04144 -6.79710e-07
 19 -0.04024  4.77321e-05 | 20 -0.03148  2.76003e-05 | 21 -0.03234 -5.03069e-05
 22 -0.02879  7.18882e-06 | 23 -0.02952  1.36255e-05 | 24 -0.03010 -6.25571e-09
 25 -0.03057  9.77939e-06 | 26 -0.03095  3.83533e-07 | 27 -0.03124 -6.44704e-06
 28 -0.03146 -1.45122e-07 | 29 -0.03161 -3.21455e-06 | 30 -0.03171 -2.95595e-06
 31 -0.03175  1.23715e-05 | 32 -0.03100  1.61425e-06 | 33 -0.03025 -9.67671e-06
 34 -0.02953 -1.47487e-05 | 35 -0.02885  2.11354e-06 | 36 -0.02820 -6.08064e-07
 37 -0.02759 -7.41943e-06 | 38 -0.02700 -1.59777e-06 | 39 -0.02644 -1.27532e-05
 40 -0.02589 -5.66752e-06 | 41 -0.02534 -2.81075e-06 | 42 -0.02480  7.15952e-07
 43 -0.02425 -9.46756e-06 | 44 -0.02370  1.74708e-06 | 45 -0.02325 -3.36845e-06
 46 -0.02275 -4.98562e-05 | 47 -0.02219 -2.86576e-06 | 48 -0.02160  4.48018e-06
 49 -0.02097  6.92639e-06 | 50 -0.02030  9.85309e-07 | 51 -0.01960  9.49409e-06
 52 -0.01886 -1.62313e-05 | 53 -0.01808  1.33867e-05 | 54 -0.01726 -5.92975e-06
 55 -0.01640 -3.30649e-06 | 56 -0.01550 -1.14825e-05 | 57 -0.01455  1.01563e-05
 58 -0.01355 -2.26308e-05 | 59 -0.01249  4.42623e-06 | 60 -0.01136  7.61070e-06
 61 -0.01017  5.37450e-06 | 62 -0.00890 -8.24023e-06 | 63 -0.00754  1.58757e-05
 64 -0.00609  1.10277e-05 | 65 -0.00453  1.52286e-05 | 66 -0.00285  5.23807e-06
 67 -0.00106  1.84744e-06 | 68  0.00083  3.10318e-06 | 69  0.00282 -1.21098e-05
 70  0.00482 -6.54486e-06 | 71  0.00662 -4.50409e-06 | 72  0.00714 -7.59542e-06
 73  0.00783  1.01646e-06 | 74  0.00870 -3.69897e-06 | 75  0.00976  2.64270e-06
 76  0.01103 -1.37080e-06 | 77  0.01254 -1.74220e-05 | 78  0.01429 -4.60280e-06
 79  0.01632 -2.97293e-06 | 80  0.01864  6.97372e-06 | 81  0.02128  9.69716e-06
 82  0.02425 -5.75700e-06 | 83  0.02759  4.15461e-05 | 84  0.03133  1.04930e-05
 85  0.03550 -6.71432e-06 | 86  0.04016  1.36580e-05 | 87  0.04536  3.01795e-05
 88  0.05121 -1.23871e-05 | 89  0.05762  2.24332e-05 | 90  0.06441 -4.94670e-06
 91  0.07249 -1.19343e-05 | 92  0.08247  6.64821e-06 | 93  0.09558  1.74112e-05
 94  0.11465 -3.35810e-06 | 95  0.17246  2.36479e-06 | 96  0.00000  0.00000e+00
 97 -0.97986 -1.37260e-08 | 98  0.99999  2.46715e-06 | 99 -0.32220  2.78331e-04
100  1.00000  3.62027e-05 |101 -0.18361 -1.92628e-04 |
  ic > imax  in fminim is answer attained ?
Var    Value     Gradient |Var    Value     Gradient |Var    Value     Gradient
  1 -0.40973 -1.20486e-04 |  2 -0.36296 -2.54123e-04 |  3 -0.88248 -2.39760e-04
  4 -0.05025  1.26292e-05 |  5  0.99997  1.81186e-05 |  6 -1.00000 -3.64695e-05
  7 -0.06774  3.17695e-06 |  8 -0.06389  1.01166e-06 |  9 -0.06024  3.45785e-06
 10 -0.05687  1.26089e-05 | 11 -0.05386  1.38893e-05 | 12 -0.05124 -1.27375e-05
 13 -0.04900 -7.90649e-05 | 14 -0.04708  9.80377e-06 | 15 -0.04544 -2.92416e-06
 16 -0.04399  5.22249e-06 | 17 -0.04268 -5.12707e-06 | 18 -0.04144 -6.79710e-07
 19 -0.04024  4.77321e-05 | 20 -0.03148  2.76003e-05 | 21 -0.03234 -5.03069e-05
 22 -0.02879  7.18882e-06 | 23 -0.02952  1.36255e-05 | 24 -0.03010 -6.25571e-09
 25 -0.03057  9.77939e-06 | 26 -0.03095  3.83533e-07 | 27 -0.03124 -6.44704e-06
 28 -0.03146 -1.45122e-07 | 29 -0.03161 -3.21455e-06 | 30 -0.03171 -2.95595e-06
 31 -0.03175  1.23715e-05 | 32 -0.03100  1.61425e-06 | 33 -0.03025 -9.67671e-06
 34 -0.02953 -1.47487e-05 | 35 -0.02885  2.11354e-06 | 36 -0.02820 -6.08064e-07
 37 -0.02759 -7.41943e-06 | 38 -0.02700 -1.59777e-06 | 39 -0.02644 -1.27532e-05
 40 -0.02589 -5.66752e-06 | 41 -0.02534 -2.81075e-06 | 42 -0.02480  7.15952e-07
 43 -0.02425 -9.46756e-06 | 44 -0.02370  1.74708e-06 | 45 -0.02325 -3.36845e-06
 46 -0.02275 -4.98562e-05 | 47 -0.02219 -2.86576e-06 | 48 -0.02160  4.48018e-06
 49 -0.02097  6.92639e-06 | 50 -0.02030  9.85309e-07 | 51 -0.01960  9.49409e-06
 52 -0.01886 -1.62313e-05 | 53 -0.01808  1.33867e-05 | 54 -0.01726 -5.92975e-06
 55 -0.01640 -3.30649e-06 | 56 -0.01550 -1.14825e-05 | 57 -0.01455  1.01563e-05
 58 -0.01355 -2.26308e-05 | 59 -0.01249  4.42623e-06 | 60 -0.01136  7.61070e-06
 61 -0.01017  5.37450e-06 | 62 -0.00890 -8.24023e-06 | 63 -0.00754  1.58757e-05
 64 -0.00609  1.10277e-05 | 65 -0.00453  1.52286e-05 | 66 -0.00285  5.23807e-06
 67 -0.00106  1.84744e-06 | 68  0.00083  3.10318e-06 | 69  0.00282 -1.21098e-05
 70  0.00482 -6.54486e-06 | 71  0.00662 -4.50409e-06 | 72  0.00714 -7.59542e-06
 73  0.00783  1.01646e-06 | 74  0.00870 -3.69897e-06 | 75  0.00976  2.64270e-06
 76  0.01103 -1.37080e-06 | 77  0.01254 -1.74220e-05 | 78  0.01429 -4.60280e-06
 79  0.01632 -2.97293e-06 | 80  0.01864  6.97372e-06 | 81  0.02128  9.69716e-06
 82  0.02425 -5.75700e-06 | 83  0.02759  4.15461e-05 | 84  0.03133  1.04930e-05
 85  0.03550 -6.71432e-06 | 86  0.04016  1.36580e-05 | 87  0.04536  3.01795e-05
 88  0.05121 -1.23871e-05 | 89  0.05762  2.24332e-05 | 90  0.06441 -4.94670e-06
 91  0.07249 -1.19343e-05 | 92  0.08247  6.64821e-06 | 93  0.09558  1.74112e-05
 94  0.11465 -3.35810e-06 | 95  0.17246  2.36479e-06 | 96  0.00000  0.00000e+00
 97 -0.97986 -1.37260e-08 | 98  0.99999  2.46715e-06 | 99 -0.32220  2.78331e-04
100  1.00000  3.62027e-05 |101 -0.18361 -1.92628e-04 |
Function minimizer not making progress ... is minimum attained?
Minimprove criterion = 0.0000e+00
Warning: the following parameters had issues
  MGparm[4] is within 1% of lower bound: 1.0000e-03 < 9.4862e-03 < 1.0000e+00
  MGparm[6] is within 0.1% of upper bound: 1.0000e-03 < 5.0000e-01 < 5.0000e-01
  SR_parm[1] is within 0.1% of lower bound: 4.0000e+00 < 4.0000e+00 < 2.0000e+01
  Q_parm[3] is within 0.1% of lower bound: 0.0000e+00 < 5.0018e-04 < 2.0000e+00
  selparm[1] is within 0.1% of upper bound: 5.0000e+00 < 1.0200e+02 < 1.0200e+02
  selparm[7] is within 0.1% of upper bound: 2.0000e+01 < 1.0200e+02 < 1.0200e+02


 - final statistics:
101 variables; iteration 1; function evaluation 30
Function value 1.4375e+04; maximum gradient component mag 2.7833e-04
Exit code = 1;  converg criter 1.0000e-04
Var    Value     Gradient |Var    Value     Gradient |Var    Value     Gradient
  1 -0.40973 -1.20486e-04 |  2 -0.36296 -2.54123e-04 |  3 -0.88248 -2.39760e-04
  4 -0.05025  1.26292e-05 |  5  0.99997  1.81186e-05 |  6 -1.00000 -3.64695e-05
  7 -0.06774  3.17695e-06 |  8 -0.06389  1.01166e-06 |  9 -0.06024  3.45785e-06
 10 -0.05687  1.26089e-05 | 11 -0.05386  1.38893e-05 | 12 -0.05124 -1.27375e-05
 13 -0.04900 -7.90649e-05 | 14 -0.04708  9.80377e-06 | 15 -0.04544 -2.92416e-06
 16 -0.04399  5.22249e-06 | 17 -0.04268 -5.12707e-06 | 18 -0.04144 -6.79710e-07
 19 -0.04024  4.77321e-05 | 20 -0.03148  2.76003e-05 | 21 -0.03234 -5.03069e-05
 22 -0.02879  7.18882e-06 | 23 -0.02952  1.36255e-05 | 24 -0.03010 -6.25571e-09
 25 -0.03057  9.77939e-06 | 26 -0.03095  3.83533e-07 | 27 -0.03124 -6.44704e-06
 28 -0.03146 -1.45122e-07 | 29 -0.03161 -3.21455e-06 | 30 -0.03171 -2.95595e-06
 31 -0.03175  1.23715e-05 | 32 -0.03100  1.61425e-06 | 33 -0.03025 -9.67671e-06
 34 -0.02953 -1.47487e-05 | 35 -0.02885  2.11354e-06 | 36 -0.02820 -6.08064e-07
 37 -0.02759 -7.41943e-06 | 38 -0.02700 -1.59777e-06 | 39 -0.02644 -1.27532e-05
 40 -0.02589 -5.66752e-06 | 41 -0.02534 -2.81075e-06 | 42 -0.02480  7.15952e-07
 43 -0.02425 -9.46756e-06 | 44 -0.02370  1.74708e-06 | 45 -0.02325 -3.36845e-06
 46 -0.02275 -4.98562e-05 | 47 -0.02219 -2.86576e-06 | 48 -0.02160  4.48018e-06
 49 -0.02097  6.92639e-06 | 50 -0.02030  9.85309e-07 | 51 -0.01960  9.49409e-06
 52 -0.01886 -1.62313e-05 | 53 -0.01808  1.33867e-05 | 54 -0.01726 -5.92975e-06
 55 -0.01640 -3.30649e-06 | 56 -0.01550 -1.14825e-05 | 57 -0.01455  1.01563e-05
 58 -0.01355 -2.26308e-05 | 59 -0.01249  4.42623e-06 | 60 -0.01136  7.61070e-06
 61 -0.01017  5.37450e-06 | 62 -0.00890 -8.24023e-06 | 63 -0.00754  1.58757e-05
 64 -0.00609  1.10277e-05 | 65 -0.00453  1.52286e-05 | 66 -0.00285  5.23807e-06
 67 -0.00106  1.84744e-06 | 68  0.00083  3.10318e-06 | 69  0.00282 -1.21098e-05
 70  0.00482 -6.54486e-06 | 71  0.00662 -4.50409e-06 | 72  0.00714 -7.59542e-06
 73  0.00783  1.01646e-06 | 74  0.00870 -3.69897e-06 | 75  0.00976  2.64270e-06
 76  0.01103 -1.37080e-06 | 77  0.01254 -1.74220e-05 | 78  0.01429 -4.60280e-06
 79  0.01632 -2.97293e-06 | 80  0.01864  6.97372e-06 | 81  0.02128  9.69716e-06
 82  0.02425 -5.75700e-06 | 83  0.02759  4.15461e-05 | 84  0.03133  1.04930e-05
 85  0.03550 -6.71432e-06 | 86  0.04016  1.36580e-05 | 87  0.04536  3.01795e-05
 88  0.05121 -1.23871e-05 | 89  0.05762  2.24332e-05 | 90  0.06441 -4.94670e-06
 91  0.07249 -1.19343e-05 | 92  0.08247  6.64821e-06 | 93  0.09558  1.74112e-05
 94  0.11465 -3.35810e-06 | 95  0.17246  2.36479e-06 | 96  0.00000  0.00000e+00
 97 -0.97986 -1.37260e-08 | 98  0.99999  2.46715e-06 | 99 -0.32220  2.78331e-04
100  1.00000  3.62027e-05 |101 -0.18361 -1.92628e-04 |
size of file gradfil1.tmp = 0
size of file gradfil2.tmp = 0
size of file varssave.tmp = 0
size of file cmpdiff.tmp = 0
