
Initial statistics: 1 variables; iteration 0; function evaluation 0; phase 1
Function value 2.4769612e+03; maximum gradient component mag -1.7076e+03
Var    Value     Gradient |Var    Value     Gradient |Var    Value     Gradient
  1  0.63197 -1.70756e+03 |

 - final statistics:
1 variables; iteration 3; function evaluation 5
Function value 2.4741e+03; maximum gradient component mag -3.2884e+00
Exit code = 1;  converg criter 1.0000e+01
Var    Value     Gradient |Var    Value     Gradient |Var    Value     Gradient
  1  0.63541 -3.28838e+00 |

Initial statistics: 98 variables; iteration 0; function evaluation 0; phase 2
Function value 2.4740921e+03; maximum gradient component mag -1.7425e+03
Var    Value     Gradient |Var    Value     Gradient |Var    Value     Gradient
  1  0.63541 -3.28838e+00 |  2  0.00000  1.16382e+01 |  3  0.00000  2.15147e+01
  4  0.00000 -1.69896e+01 |  5  0.00000  2.49809e+01 |  6  0.00000  2.22725e+01
  7  0.00000  6.81890e+00 |  8  0.00000 -1.72489e+01 |  9  0.00000  7.52691e+00
 10  0.00000 -3.71855e+01 | 11  0.00000 -1.24936e+02 | 12  0.00000  2.24808e+01
 13  0.00000 -1.71730e+02 | 14  0.00000 -8.97773e+01 | 15  0.00000  1.06421e+02
 16  0.00000  7.63992e+01 | 17  0.00000 -2.62051e+02 | 18  0.00000 -6.71677e+01
 19  0.00000  1.74381e+02 | 20  0.00000  8.24267e+01 | 21  0.00000  2.01572e+02
 22  0.00000 -2.00596e+02 | 23  0.00000 -2.09888e+01 | 24  0.00000  4.67510e+01
 25  0.00000 -2.34530e+02 | 26  0.00000 -2.21168e+02 | 27  0.00000  2.87639e+01
 28  0.00000  1.91686e+02 | 29  0.00000 -1.42927e+02 | 30  0.00000 -2.56389e+01
 31  0.00000 -2.17054e+02 | 32  0.00000  2.29851e+02 | 33  0.00000  4.89031e+02
 34  0.00000  7.19823e+01 | 35  0.00000 -2.46375e+02 | 36  0.00000  3.66375e+02
 37  0.00000 -3.25021e+02 | 38  0.00000 -8.54721e+01 | 39  0.00000  5.58480e+01
 40  0.00000  2.98901e+02 | 41  0.00000 -3.60219e+01 | 42  0.00000 -3.18106e+02
 43  0.00000  2.13316e+02 | 44  0.00000  1.28143e+02 | 45  0.00000  6.53258e+02
 46  0.00000  3.57011e+02 | 47  0.00000  1.84570e+02 | 48  0.00000 -5.11028e+02
 49  0.00000  1.82833e+02 | 50  0.00000 -1.92163e+02 | 51  0.00000  6.88028e+02
 52  0.00000  1.18538e+02 | 53  0.00000  6.33008e+02 | 54  0.00000  2.23316e+02
 55  0.00000  4.97981e+02 | 56  0.00000  6.38202e+02 | 57  0.00000  5.30521e+02
 58  0.00000 -5.88835e+02 | 59  0.00000  7.17173e+02 | 60  0.00000  1.11169e+03
 61  0.00000 -1.21813e+02 | 62  0.00000  3.19860e+02 | 63  0.00000 -1.46292e+02
 64  0.00000 -3.96686e+02 | 65  0.00000 -4.73774e+02 | 66  0.00000 -5.99519e+02
 67  0.00000 -2.89090e+02 | 68  0.00000  6.14903e+02 | 69  0.00000  1.00771e+03
 70  0.00000 -7.87789e+01 | 71  0.00000 -2.74530e+02 | 72  0.00000 -6.28943e+01
 73  0.00000 -5.18390e+02 | 74  0.00000 -1.74254e+03 | 75  0.00000  1.34266e+02
 76  0.00000  1.99145e+02 | 77  0.00000 -3.26713e+02 | 78  0.00000  3.52626e+02
 79  0.00000 -4.16125e+02 | 80  0.00000 -7.07424e+02 | 81  0.00000 -2.19346e+02
 82  0.00000  9.37087e+01 | 83  0.00000  5.21282e+00 | 84  0.00000 -6.25762e+02
 85  0.00000  7.85499e+01 | 86  0.00000 -5.34977e+02 | 87  0.00000 -2.70444e+02
 88  0.00000 -1.07064e+02 | 89  0.00000  1.27271e+02 | 90  0.00000 -3.11367e+02
 91  0.00000 -1.50551e+02 | 92  0.00000  1.14167e+02 | 93  0.00000  6.39818e+01
 94  0.00000  2.69949e+00 | 95  0.00000 -1.11715e+00 | 96  0.00000 -1.11725e+00
 97  0.81654 -3.44981e+01 | 98  0.22185  1.24625e+02 |

Intermediate statistics: 98 variables; iteration 20; function evaluation 30; phase 2
Function value 2.2331540e+03; maximum gradient component mag -6.7553e+02
Var    Value     Gradient |Var    Value     Gradient |Var    Value     Gradient
  1  0.63255  6.74226e+02 |  2 -0.03760 -7.67482e+01 |  3 -0.03523 -6.65532e+01
  4 -0.00122 -3.65632e+01 |  5  0.01545  4.86535e+01 |  6  0.02144  6.83516e+01
  7 -0.00010 -9.07024e+00 |  8 -0.00395 -4.52498e+01 |  9 -0.03087 -1.07466e+02
 10  0.01448  1.57701e+01 | 11  0.01270 -7.12925e+01 | 12 -0.01257 -5.65487e+01
 13  0.03406  9.77107e+01 | 14  0.01846  5.86282e+01 | 15 -0.00392  6.17522e+01
 16 -0.00954 -2.25292e+01 | 17  0.02296  1.06408e+01 | 18  0.00733 -2.14800e+00
 19 -0.00624  6.36911e+01 | 20 -0.00402 -1.80047e+01 | 21 -0.00974  2.78200e+01
 22  0.01503  1.40426e+00 | 23  0.00262 -9.72314e+00 | 24 -0.00220  1.79384e+00
 25  0.01635 -1.24871e+01 | 26  0.01616 -3.88933e+00 | 27 -0.00233 -2.07961e+01
 28 -0.01070  4.30485e+01 | 29  0.01216  1.68199e+01 | 30  0.00352  1.41151e+01
 31  0.01465 -1.50377e+00 | 32 -0.01352  9.91830e+00 | 33 -0.02716  1.03610e+02
 34  0.00140  5.45938e+01 | 35  0.01769  6.51327e+00 | 36 -0.02033  1.00494e+02
 37  0.02341  5.50031e+01 | 38  0.00816  1.78498e+01 | 39  0.00189  4.91638e+01
 40 -0.01515  4.67011e+01 | 41  0.00601  3.49210e+01 | 42  0.02105  4.28332e+01
 43 -0.00903  5.14727e+01 | 44  0.00057  9.13536e+01 | 45 -0.03234  1.54053e+02
 46 -0.01327  9.55310e+01 | 47 -0.00031  1.52351e+02 | 48  0.02674  6.45127e+01
 49 -0.00230  1.25977e+02 | 50  0.01553  1.46118e+02 | 51 -0.02180  2.19149e+02
 52  0.00387  1.70633e+02 | 53 -0.01110  2.86606e+02 | 54 -0.00250  9.52761e+01
 55 -0.00728  2.24604e+02 | 56 -0.01244  2.12834e+02 | 57 -0.01166  1.70332e+02
 58  0.01643 -5.79927e+01 | 59 -0.01552  2.42808e+02 | 60 -0.02793  3.26676e+02
 61  0.01777  4.45781e+02 | 62 -0.00596  1.16873e+02 | 63  0.00138 -1.49889e+02
 64  0.00741 -2.03227e+02 | 65  0.00998 -1.86669e+02 | 66  0.01147 -2.60864e+02
 67  0.00628 -1.40745e+02 | 68 -0.01648  1.21618e+02 | 69 -0.03472  1.72901e+02
 70  0.00119 -9.22766e+01 | 71  0.00358 -1.97941e+02 | 72 -0.00389 -1.49347e+02
 73  0.00586 -3.34019e+02 | 74  0.03373 -6.75527e+02 | 75 -0.01236 -9.79263e+01
 76 -0.00931 -4.11842e+01 | 77  0.00706 -1.87118e+02 | 78 -0.01692 -3.56210e+01
 79  0.00876 -1.85550e+02 | 80  0.01811 -2.09766e+02 | 81  0.00402 -1.20338e+02
 82 -0.00511 -4.16294e+01 | 83 -0.00078 -4.38892e+01 | 84  0.01911 -1.75051e+02
 85 -0.00657 -7.11873e+01 | 86  0.01918 -1.22131e+02 | 87  0.01204 -6.27433e+01
 88  0.00834 -2.91378e+01 | 89 -0.00302  1.39162e+00 | 90  0.02116 -5.40868e+01
 91  0.01355 -6.08899e+01 | 92 -0.00859  7.94931e+00 | 93 -0.02185 -5.23386e+01
 94 -0.04937 -9.35378e+01 | 95  0.00460 -1.23399e+01 | 96  0.00460 -1.23376e+01
 97  0.81931  3.44693e+01 | 98  0.21963  6.92057e+01 |
98 variables; iteration 40; function evaluation 56; phase 2
Function value 2.2000618e+03; maximum gradient component mag 2.1776e+02
Var    Value     Gradient |Var    Value     Gradient |Var    Value     Gradient
  1  0.63419  7.65192e+01 |  2  0.00537  2.23584e+01 |  3 -0.00052  2.04622e+01
  4  0.00985  6.89376e+00 |  5 -0.02450 -3.10766e+01 |  6 -0.02567 -4.02911e+01
  7 -0.00269  9.87203e-01 |  8  0.00824  1.42851e+01 |  9  0.01262  6.15291e+01
 10  0.00177 -2.48721e+01 | 11  0.02800  4.14013e+01 | 12 -0.00126  2.05729e+01
 13  0.01231 -7.86666e+01 | 14  0.00581 -3.94194e+01 | 15 -0.01767 -2.89548e+01
 16 -0.00680  1.47118e+01 | 17  0.01926 -3.06579e+01 | 18  0.00665  1.28656e+00
 19 -0.01663 -3.08558e+01 | 20 -0.00381  5.78270e-01 | 21 -0.01216  1.64796e+01
 22  0.01319 -1.90751e+01 | 23  0.00136 -1.75163e+01 | 24 -0.00232  7.44952e+00
 25  0.01664 -6.85527e+00 | 26  0.01579 -1.23336e+01 | 27 -0.00032  2.47233e+00
 28 -0.01475 -7.90133e-01 | 29  0.01092 -1.39740e+01 | 30  0.00130 -2.54123e+01
 31  0.01428 -2.29846e+01 | 32 -0.01417 -4.43595e+00 | 33 -0.04020 -2.18470e+01
 34 -0.00333 -3.43105e+01 | 35  0.01792 -3.16731e+01 | 36 -0.03292 -3.30013e+01
 37  0.02093 -4.73480e+01 | 38  0.00919 -8.04049e+00 | 39  0.00083 -6.75977e+00
 40 -0.01618  3.99491e+00 | 41  0.00610 -1.72546e+01 | 42  0.02297  2.63905e-02
 43 -0.01160 -3.21595e+01 | 44 -0.00392 -4.68752e+01 | 45 -0.04110  3.06667e+01
 46 -0.02153 -7.29442e+01 | 47 -0.00846 -5.75430e+01 | 48  0.02454 -1.33966e+02
 49 -0.00500 -6.32452e+00 | 50  0.01146 -7.40367e+01 | 51 -0.03280 -1.09019e+00
 52 -0.00033 -2.79564e+01 | 53 -0.02175  2.16993e-01 | 54 -0.00607 -5.29665e+01
 55 -0.01632 -5.06039e+01 | 56 -0.02354 -8.01690e+01 | 57 -0.01888 -1.46229e+01
 58  0.01740 -2.76774e+01 | 59 -0.02526  2.36882e+01 | 60 -0.04417  2.23276e+01
 61  0.00483 -4.53695e+01 | 62 -0.01026  1.19879e+01 | 63  0.00551 -3.88050e+00
 64  0.01369  4.67146e+01 | 65  0.01540  4.21362e+01 | 66  0.01951  7.24736e+01
 67  0.00907 -8.42562e+00 | 68 -0.02294  1.45646e+01 | 69 -0.04774  4.90577e+00
 70  0.00189 -2.51408e+00 | 71  0.00840  3.34593e+01 | 72 -0.00036  3.69539e+01
 73  0.01588  7.70441e+01 | 74  0.04915  2.17757e+02 | 75 -0.00930  5.58078e+01
 76 -0.01050  9.63917e+00 | 77  0.01309  7.38226e+01 | 78 -0.01707  2.75840e+01
 79  0.01339  4.43965e+01 | 80  0.02524  1.35357e+02 | 81  0.00664  2.43903e+01
 82 -0.00574  2.99643e-01 | 83 -0.00143 -1.26827e+01 | 84  0.02381  1.83128e+01
 85 -0.00283  3.04423e+01 | 86  0.02165 -4.10700e+01 | 87  0.01521  2.41623e+00
 88  0.01192  2.19540e+01 | 89 -0.00159 -7.13095e-01 | 90  0.02607 -3.91163e-01
 91  0.02696  7.11268e+01 | 92 -0.01243 -1.14963e+01 | 93  0.00054  2.79255e+01
 94  0.02032  3.27134e+01 | 95 -0.00207 -6.08818e+00 | 96 -0.00207 -6.08938e+00
 97  0.82454  4.86844e+00 | 98  0.22188  1.34027e+01 |
98 variables; iteration 60; function evaluation 82; phase 2
Function value 2.1951463e+03; maximum gradient component mag 8.8450e+01
Var    Value     Gradient |Var    Value     Gradient |Var    Value     Gradient
  1  0.63269  8.84497e+01 |  2 -0.00254  5.21984e+00 |  3 -0.01441 -9.83702e+00
  4  0.00588 -4.28410e+00 |  5 -0.01541 -1.21965e+01 |  6 -0.00676  4.06410e+00
  7 -0.01012 -2.19615e+01 |  8  0.00611  3.91543e+00 |  9 -0.00390 -5.72252e+00
 10  0.00946  6.47990e+00 | 11  0.02247  7.12608e-01 | 12 -0.00414  1.49738e+00
 13  0.02190 -4.64499e+00 | 14  0.00965 -1.05617e+01 | 15 -0.01159  1.27827e+01
 16 -0.01028 -1.78982e+01 | 17  0.02155 -2.72652e+00 | 18  0.00593 -1.12451e+01
 19 -0.01314  4.52252e-01 | 20 -0.00388 -5.03254e+00 | 21 -0.01324 -6.27241e-01
 22  0.01472  2.25992e+00 | 23  0.00312  2.60020e+00 | 24 -0.00348 -8.96008e+00
 25  0.01705 -3.46670e+00 | 26  0.01669 -7.81624e-01 | 27 -0.00134 -1.15828e+01
 28 -0.01421  4.03549e+00 | 29  0.01211  4.53988e+00 | 30  0.00349  5.52381e+00
 31  0.01560 -1.29667e-03 | 32 -0.01475 -1.16165e+01 | 33 -0.03675  8.54845e+00
 34 -0.00096  2.17359e+00 | 35  0.02016  1.76913e+01 | 36 -0.02804  1.45644e+01
 37  0.02205 -1.67510e+01 | 38  0.00882 -6.52148e+00 | 39  0.00127  6.73403e+00
 40 -0.01759 -6.30888e+00 | 41  0.00647 -1.37550e+00 | 42  0.02185 -7.07823e+00
 43 -0.00918  9.03842e+00 | 44 -0.00209 -7.81834e+00 | 45 -0.04596 -3.34285e+00
 46 -0.01566  1.10208e+01 | 47 -0.00636 -8.24621e+00 | 48  0.02888  3.61259e+00
 49 -0.00532  5.57642e+00 | 50  0.01350 -7.34790e+00 | 51 -0.03387 -7.70035e+00
 52  0.00050 -2.56736e-01 | 53 -0.02185  2.39330e-01 | 54 -0.00442 -3.88696e+00
 55 -0.01458 -3.74064e+00 | 56 -0.02013 -4.73870e-01 | 57 -0.01809  3.75796e+00
 58  0.01849  4.97015e+00 | 59 -0.02539  1.41454e+01 | 60 -0.04423  1.46783e+01
 61  0.00642 -5.64862e+00 | 62 -0.01024  1.81241e+00 | 63  0.00622  2.57988e+00
 64  0.01310  5.28401e+00 | 65  0.01493  1.74898e+00 | 66  0.01839  3.62978e+00
 67  0.01028  4.57664e+00 | 68 -0.02252  7.61171e+00 | 69 -0.04660  1.01071e+01
 70  0.00336  1.46950e+01 | 71  0.00812 -2.83696e+00 | 72 -0.00038  8.82186e+00
 73  0.01474  6.53697e+00 | 74  0.04614  4.13263e+00 | 75 -0.01024  1.29076e+01
 76 -0.00975  4.96197e+00 | 77  0.01182  9.83200e+00 | 78 -0.01771 -2.59703e+00
 79  0.01282 -2.62577e+00 | 80  0.02215 -3.64620e+00 | 81  0.00661  5.61827e-01
 82 -0.00519 -1.51912e+00 | 83 -0.00044 -1.11887e+00 | 84  0.02330 -1.21984e+01
 85 -0.00411  3.13958e-01 | 86  0.02269 -1.42793e+01 | 87  0.01434 -1.36997e+01
 88  0.01056  7.07205e-02 | 89 -0.00203  2.10747e+00 | 90  0.02519 -4.48825e+00
 91  0.02208  2.27303e+01 | 92 -0.01237 -8.39782e+00 | 93 -0.00787  2.87528e+00
 94 -0.00267 -4.08421e+00 | 95  0.00234  4.23742e-01 | 96  0.00234  4.24992e-01
 97  0.82269  1.97121e+00 | 98  0.22001 -1.99948e+00 |
Maximum number of function evaluations exceeded

 - final statistics:
98 variables; iteration 72; function evaluation 100
Function value 2.1948e+03; maximum gradient component mag 1.9806e+01
Exit code = 3;  converg criter 1.0000e+01
Var    Value     Gradient |Var    Value     Gradient |Var    Value     Gradient
  1  0.63241  1.98065e+01 |  2 -0.00626 -6.21227e-02 |  3 -0.01146 -1.73594e+00
  4  0.00688  1.20183e-01 |  5 -0.01073  5.63974e-01 |  6 -0.00973 -1.44902e+00
  7 -0.00354 -1.66836e+00 |  8  0.00500  1.83665e+00 |  9 -0.00341 -2.20844e+00
 10  0.00710 -2.85951e+00 | 11  0.02216  2.25393e-02 | 12 -0.00466  8.05966e-02
 13  0.02247  1.13616e+00 | 14  0.01063 -1.18496e+00 | 15 -0.01339  7.53472e-01
 16 -0.00832  2.45343e-01 | 17  0.02148 -2.76034e+00 | 18  0.00665 -1.41996e+00
 19 -0.01308  2.12110e+00 | 20 -0.00354 -4.72691e-01 | 21 -0.01350 -3.44086e+00
 22  0.01465  1.80782e-01 | 23  0.00290 -1.30781e-01 | 24 -0.00284 -6.44821e-01
 25  0.01706 -3.18000e+00 | 26  0.01651 -3.25064e+00 | 27 -0.00045 -1.16676e-01
 28 -0.01462  5.16847e-01 | 29  0.01149 -5.45180e+00 | 30  0.00312  3.90982e-01
 31  0.01543 -2.88788e+00 | 32 -0.01383  4.43880e-01 | 33 -0.03791 -4.08144e-01
 34 -0.00095  1.99929e+00 | 35  0.01932  3.23186e-01 | 36 -0.02972 -1.62692e-01
 37  0.02277 -3.94779e+00 | 38  0.00909 -2.33829e+00 | 39  0.00087  7.55714e-01
 40 -0.01723 -1.94785e+00 | 41  0.00652 -1.42259e+00 | 42  0.02215 -3.05266e+00
 43 -0.00991 -9.56213e-01 | 44 -0.00165 -2.25534e+00 | 45 -0.04570 -8.53501e-01
 46 -0.01660 -1.55351e+00 | 47 -0.00564  9.03010e-01 | 48  0.02901  2.48438e+00
 49 -0.00559 -9.95816e-01 | 50  0.01392 -1.16372e+00 | 51 -0.03334 -1.40399e+00
 52  0.00088  6.13043e+00 | 53 -0.02167  2.24747e+00 | 54 -0.00414  1.30372e+00
 55 -0.01431  1.40361e+00 | 56 -0.01963  9.51734e+00 | 57 -0.01841 -5.80353e+00
 58  0.01856  9.34254e-01 | 59 -0.02579  3.47148e+00 | 60 -0.04495  2.28866e+00
 61  0.00671  5.68659e-01 | 62 -0.01007  4.23407e+00 | 63  0.00617 -2.16978e+00
 64  0.01311  1.37528e+00 | 65  0.01503  1.03570e+00 | 66  0.01844  9.41038e-01
 67  0.01023 -1.18230e+00 | 68 -0.02254  5.31643e+00 | 69 -0.04685  5.94914e+00
 70  0.00297 -4.93726e-01 | 71  0.00832 -3.64324e-02 | 72 -0.00025  1.00338e+01
 73  0.01466  1.35579e+00 | 74  0.04627  2.85913e+00 | 75 -0.01113 -6.96503e+00
 76 -0.00978  1.98930e+00 | 77  0.01166  2.49622e+00 | 78 -0.01751  1.08019e+00
 79  0.01294  2.05951e-02 | 80  0.02232  6.22106e-01 | 81  0.00695  8.41130e+00
 82 -0.00520 -2.42482e+00 | 83 -0.00078 -8.88147e+00 | 84  0.02375  1.37657e+00
 85 -0.00425 -9.68220e-01 | 86  0.02300 -3.39896e+00 | 87  0.01494  3.40254e+00
 88  0.01036 -1.61396e+00 | 89 -0.00252 -2.44276e+00 | 90  0.02542  1.14713e+00
 91  0.02015  2.31946e+00 | 92 -0.01150 -2.09636e+00 | 93 -0.00966 -4.09139e-01
 94 -0.00194 -7.64379e-01 | 95  0.00017 -7.79361e-01 | 96  0.00017 -7.79424e-01
 97  0.82271 -3.79701e-02 | 98  0.21981 -1.66003e+00 |

Initial statistics: 100 variables; iteration 0; function evaluation 0; phase 3
Function value 2.1948219e+03; maximum gradient component mag 1.3281e+02
Var    Value     Gradient |Var    Value     Gradient |Var    Value     Gradient
  1  0.63241  1.98065e+01 |  2 -0.00626 -6.36197e-02 |  3 -0.01146 -1.73743e+00
  4  0.00688  1.18686e-01 |  5 -0.01073  5.62478e-01 |  6 -0.00973 -1.45052e+00
  7 -0.00354 -1.66986e+00 |  8  0.00500  1.83515e+00 |  9 -0.00341 -2.20994e+00
 10  0.00710 -2.86101e+00 | 11  0.02216  2.10431e-02 | 12 -0.00466  7.90995e-02
 13  0.02247  1.13466e+00 | 14  0.01063 -1.18646e+00 | 15 -0.01339  7.51976e-01
 16 -0.00832  2.43846e-01 | 17  0.02148 -2.76184e+00 | 18  0.00665 -1.42146e+00
 19 -0.01308  2.11961e+00 | 20 -0.00354 -4.74188e-01 | 21 -0.01350 -3.44236e+00
 22  0.01465  1.79285e-01 | 23  0.00290 -1.32278e-01 | 24 -0.00284 -6.46318e-01
 25  0.01706 -3.18149e+00 | 26  0.01651 -3.25213e+00 | 27 -0.00045 -1.18173e-01
 28 -0.01462  5.15350e-01 | 29  0.01149 -5.45329e+00 | 30  0.00312  3.89485e-01
 31  0.01543 -2.88938e+00 | 32 -0.01383  4.42384e-01 | 33 -0.03791 -4.09639e-01
 34 -0.00095  1.99780e+00 | 35  0.01932  3.21690e-01 | 36 -0.02972 -1.64188e-01
 37  0.02277 -3.94929e+00 | 38  0.00909 -2.33979e+00 | 39  0.00087  7.54217e-01
 40 -0.01723 -1.94934e+00 | 41  0.00652 -1.42409e+00 | 42  0.02215 -3.05416e+00
 43 -0.00991 -9.57710e-01 | 44 -0.00165 -2.25684e+00 | 45 -0.04570 -8.54994e-01
 46 -0.01660 -1.55501e+00 | 47 -0.00564  9.01513e-01 | 48  0.02901  2.48289e+00
 49 -0.00559 -9.97313e-01 | 50  0.01392 -1.16522e+00 | 51 -0.03334 -1.40548e+00
 52  0.00088  6.12893e+00 | 53 -0.02167  2.24597e+00 | 54 -0.00414  1.30222e+00
 55 -0.01431  1.40211e+00 | 56 -0.01963  9.51584e+00 | 57 -0.01841 -5.80503e+00
 58  0.01856  9.32758e-01 | 59 -0.02579  3.46998e+00 | 60 -0.04495  2.28717e+00
 61  0.00671  5.67162e-01 | 62 -0.01007  4.23257e+00 | 63  0.00617 -2.17128e+00
 64  0.01311  1.37378e+00 | 65  0.01503  1.03421e+00 | 66  0.01844  9.39541e-01
 67  0.01023 -1.18380e+00 | 68 -0.02254  5.31493e+00 | 69 -0.04685  5.94764e+00
 70  0.00297 -4.95223e-01 | 71  0.00832 -3.79294e-02 | 72 -0.00025  1.00323e+01
 73  0.01466  1.35430e+00 | 74  0.04627  2.85764e+00 | 75 -0.01113 -6.96653e+00
 76 -0.00978  1.98780e+00 | 77  0.01166  2.49472e+00 | 78 -0.01751  1.07869e+00
 79  0.01294  1.90983e-02 | 80  0.02232  6.20609e-01 | 81  0.00695  8.40981e+00
 82 -0.00520 -2.42632e+00 | 83 -0.00078 -8.88297e+00 | 84  0.02375  1.37507e+00
 85 -0.00425 -9.69717e-01 | 86  0.02300 -3.40045e+00 | 87  0.01494  3.40104e+00
 88  0.01036 -1.61546e+00 | 89 -0.00252 -2.44426e+00 | 90  0.02542  1.14563e+00
 91  0.02015  2.31797e+00 | 92 -0.01150 -2.09786e+00 | 93 -0.00966 -4.10636e-01
 94 -0.00194 -7.65876e-01 | 95  0.00017 -7.80858e-01 | 96  0.00017 -7.80922e-01
 97  0.82271 -3.79701e-02 | 98 -0.41581  7.63392e+01 | 99  0.21981 -1.66003e+00
100 -0.25275  1.32812e+02 |

Intermediate statistics: 100 variables; iteration 20; function evaluation 25; phase 3
Function value 2.1946474e+03; maximum gradient component mag 1.3332e+02
Var    Value     Gradient |Var    Value     Gradient |Var    Value     Gradient
  1  0.63231 -1.09798e+02 |  2 -0.00632  3.34098e+00 |  3 -0.01109  2.51964e+00
  4  0.00687  3.42606e+00 |  5 -0.01084  3.67922e+00 |  6 -0.00947  2.47900e+00
  7 -0.00327  2.21024e+00 |  8  0.00500  4.72546e+00 |  9 -0.00315  1.52510e+00
 10  0.00729  4.39200e-01 | 11  0.02242  3.32315e+00 | 12 -0.00443  3.47262e+00
 13  0.02277  4.57249e+00 | 14  0.01083  1.50543e+00 | 15 -0.01314  4.21199e+00
 16 -0.00813  3.34601e+00 | 17  0.02152 -1.81288e+00 | 18  0.00673  5.61887e-01
 19 -0.01285  6.00697e+00 | 20 -0.00341  2.03675e+00 | 21 -0.01354 -2.63598e+00
 22  0.01478  2.45871e+00 | 23  0.00302  2.33494e+00 | 24 -0.00273  1.57233e+00
 25  0.01708 -3.02214e+00 | 26  0.01652 -3.28157e+00 | 27 -0.00033  2.13351e+00
 28 -0.01449  3.10035e+00 | 29  0.01140 -7.11279e+00 | 30  0.00327  2.48923e+00
 31  0.01545 -3.30410e+00 | 32 -0.01371  2.72867e+00 | 33 -0.03785  1.89442e+00
 34 -0.00078  4.51765e+00 | 35  0.01940  4.44789e-01 | 36 -0.02965  1.73564e+00
 37  0.02277 -6.00503e+00 | 38  0.00908 -3.69834e+00 | 39  0.00096  1.43904e+00
 40 -0.01728 -2.07611e+00 | 41  0.00651 -2.97950e+00 | 42  0.02214 -6.32987e+00
 43 -0.00992 -1.61140e+00 | 44 -0.00173 -4.68928e+00 | 45 -0.04572  1.49328e-01
 46 -0.01667 -3.01640e+00 | 47 -0.00560 -2.15246e-01 | 48  0.02897 -4.69450e+00
 49 -0.00558 -3.19070e+00 | 50  0.01402 -3.50561e+00 | 51 -0.03336 -2.30235e+00
 52  0.00070 -2.58646e+00 | 53 -0.02163  1.11039e+00 | 54 -0.00423 -3.15502e+00
 55 -0.01433 -1.50687e+00 | 56 -0.01988  2.81069e+00 | 57 -0.01831 -5.67211e+00
 58  0.01852 -4.99833e+00 | 59 -0.02580  2.24872e+00 | 60 -0.04495  3.47164e+00
 61  0.00671 -3.83403e+00 | 62 -0.01027 -1.63461e+00 | 63  0.00631 -2.09471e+00
 64  0.01301 -5.21136e+00 | 65  0.01506 -3.41479e+00 | 66  0.01838 -5.48264e+00
 67  0.01029 -3.14793e+00 | 68 -0.02253  6.12665e+00 | 69 -0.04659  1.04215e+01
 70  0.00293 -2.34848e+00 | 71  0.00836 -2.05342e+00 | 72 -0.00063 -1.58711e-01
 73  0.01463 -3.58306e+00 | 74  0.04601 -1.57895e+01 | 75 -0.01123 -9.60847e+00
 76 -0.00977  3.18354e+00 | 77  0.01156 -1.62585e+00 | 78 -0.01754  2.42070e+00
 79  0.01297  1.83258e-01 | 80  0.02222 -2.35510e+00 | 81  0.00667  1.69134e+00
 82 -0.00523 -2.29414e-01 | 83 -0.00068 -4.41736e+00 | 84  0.02360  6.53709e-01
 85 -0.00438  1.36169e-01 | 86  0.02295  1.49591e+00 | 87  0.01469  3.12939e+00
 88  0.01006  1.18595e-01 | 89 -0.00292 -1.89055e+00 | 90  0.02502  3.81864e+00
 91  0.01978  4.79538e+00 | 92 -0.01254 -1.73998e+00 | 93 -0.01022  2.04957e+00
 94 -0.00144  3.60259e+00 | 95  0.00026  3.12186e+00 | 96  0.00026  3.12179e+00
 97  0.81516 -1.85707e+01 | 98 -0.41679  1.33325e+02 | 99  0.21600 -5.16109e-01
100 -0.25412  9.13257e+01 |
100 variables; iteration 40; function evaluation 51; phase 3
Function value 2.1944682e+03; maximum gradient component mag 3.0770e+01
Var    Value     Gradient |Var    Value     Gradient |Var    Value     Gradient
  1  0.63248 -2.14051e+01 |  2 -0.00624  1.06997e+00 |  3 -0.01144 -6.13122e-01
  4  0.00687  1.09286e+00 |  5 -0.01065  1.75965e+00 |  6 -0.00974 -5.33038e-01
  7 -0.00334 -2.43782e-01 |  8  0.00430  2.00315e-01 |  9 -0.00296  1.07347e-01
 10  0.00719 -1.97770e+00 | 11  0.02212 -1.64838e-01 | 12 -0.00423  2.73874e+00
 13  0.02276  3.29436e+00 | 14  0.01106  2.34702e+00 | 15 -0.01395 -3.12448e+00
 16 -0.00814  2.06050e+00 | 17  0.02156 -1.48760e+00 | 18  0.00678  4.50627e-01
 19 -0.01319  1.37798e+00 | 20 -0.00347  6.26222e-01 | 21 -0.01299  2.85601e+00
 22  0.01474  1.77324e+00 | 23  0.00297  9.17326e-01 | 24 -0.00279  1.67890e-01
 25  0.01721 -8.94622e-01 | 26  0.01667 -8.00000e-01 | 27 -0.00046  4.23181e-02
 28 -0.01467  6.36924e-01 | 29  0.01195  1.67341e+00 | 30  0.00317  1.25757e+00
 31  0.01551 -1.74427e+00 | 32 -0.01400 -1.38718e+00 | 33 -0.03779  1.12109e+00
 34 -0.00101  1.30028e+00 | 35  0.01958  4.79345e+00 | 36 -0.02961  1.37134e+00
 37  0.02288 -2.47962e+00 | 38  0.00921 -9.31307e-01 | 39  0.00076 -1.06217e+00
 40 -0.01701  6.74465e-01 | 41  0.00664  1.38638e-01 | 42  0.02235  2.71324e-01
 43 -0.00984  2.21047e-02 | 44 -0.00148  2.53774e-01 | 45 -0.04560  5.79912e-01
 46 -0.01660 -1.65654e+00 | 47 -0.00584 -2.44569e+00 | 48  0.02889 -2.35826e+00
 49 -0.00555 -7.83615e-01 | 50  0.01406  8.54021e-01 | 51 -0.03332 -1.43651e+00
 52  0.00067 -1.34296e+00 | 53 -0.02174 -4.25627e-01 | 54 -0.00440 -3.59525e+00
 55 -0.01428  6.87746e-01 | 56 -0.02006  1.42053e+00 | 57 -0.01817 -1.82663e+00
 58  0.01850  1.92389e-01 | 59 -0.02614 -5.04763e+00 | 60 -0.04543 -3.32224e+00
 61  0.00684  1.96366e+00 | 62 -0.01037 -1.06433e+00 | 63  0.00639  1.29469e+00
 64  0.01288 -5.70034e+00 | 65  0.01490 -7.56536e+00 | 66  0.01853  4.62038e+00
 67  0.01036 -1.56014e-01 | 68 -0.02293 -7.72692e-01 | 69 -0.04692  4.35573e+00
 70  0.00293  7.15189e-01 | 71  0.00845  1.09493e+00 | 72 -0.00081 -2.23078e+00
 73  0.01465 -2.88413e+00 | 74  0.04615 -2.52430e+00 | 75 -0.01098 -5.00668e+00
 76 -0.01003 -7.37090e-01 | 77  0.01162 -1.92989e-01 | 78 -0.01770  1.87696e-01
 79  0.01305  2.11788e+00 | 80  0.02219 -4.27876e-01 | 81  0.00677  3.55687e+00
 82 -0.00532 -6.09748e-01 | 83 -0.00045 -5.09605e-01 | 84  0.02367  4.96323e+00
 85 -0.00432 -8.62578e-01 | 86  0.02278 -3.05715e+00 | 87  0.01464 -6.99875e-01
 88  0.01017  2.40808e+00 | 89 -0.00255  8.67429e-01 | 90  0.02479 -6.48378e-01
 91  0.01976  1.69928e+00 | 92 -0.01213  1.50269e-01 | 93 -0.00989  9.96668e-01
 94 -0.00028  2.52464e+00 | 95  0.00038  7.81502e-01 | 96  0.00038  7.81398e-01
 97  0.81372 -3.76429e+00 | 98 -0.41726  3.00269e+01 | 99  0.20886 -5.87787e+00
100 -0.25671  3.07701e+01 |
100 variables; iteration 60; function evaluation 78; phase 3
Function value 2.1944497e+03; maximum gradient component mag 6.9684e+00
Var    Value     Gradient |Var    Value     Gradient |Var    Value     Gradient
  1  0.63246 -3.11845e+00 |  2 -0.00655 -6.21108e-02 |  3 -0.01103 -2.95299e-01
  4  0.00668  1.24387e-01 |  5 -0.01104  3.49726e-01 |  6 -0.00928  1.07997e-01
  7 -0.00305  9.68005e-02 |  8  0.00433 -1.95439e-01 |  9 -0.00288 -1.14506e-01
 10  0.00764 -3.95416e-01 | 11  0.02222  2.66375e-02 | 12 -0.00463  1.26093e-01
 13  0.02249  4.83198e-01 | 14  0.01085  1.17880e-01 | 15 -0.01353 -4.81826e-01
 16 -0.00830  3.34357e-01 | 17  0.02168 -1.43555e-01 | 18  0.00679  1.58890e-01
 19 -0.01325  2.52456e-01 | 20 -0.00348 -1.30924e-03 | 21 -0.01314  5.34074e-01
 22  0.01468  2.38688e-01 | 23  0.00294  1.34678e-01 | 24 -0.00276  7.76062e-02
 25  0.01728 -5.16760e-02 | 26  0.01673 -1.07082e-01 | 27 -0.00042  2.20231e-01
 28 -0.01466  2.40107e-01 | 29  0.01188  2.72938e-01 | 30  0.00312  1.87688e-01
 31  0.01560 -2.34200e-01 | 32 -0.01388 -2.51099e-01 | 33 -0.03787  1.06608e-01
 34 -0.00106  2.07365e-01 | 35  0.01938  8.92123e-01 | 36 -0.02970  1.54317e-01
 37  0.02297 -6.61286e-01 | 38  0.00925 -1.54222e-01 | 39  0.00084  5.11963e-02
 40 -0.01704  2.16875e-01 | 41  0.00664  1.11421e-01 | 42  0.02233 -9.57731e-02
 43 -0.00983 -1.15987e-02 | 44 -0.00149  7.92409e-02 | 45 -0.04564 -1.46906e-04
 46 -0.01652 -5.11414e-01 | 47 -0.00570 -2.90359e-01 | 48  0.02895 -9.74337e-02
 49 -0.00550  1.82812e-01 | 50  0.01405  1.14796e+00 | 51 -0.03322 -1.80554e-01
 52  0.00066 -1.31919e+00 | 53 -0.02177 -9.76320e-01 | 54 -0.00435 -1.70402e+00
 55 -0.01427  8.89929e-01 | 56 -0.02010  6.16622e-01 | 57 -0.01809 -5.71377e-02
 58  0.01846 -5.77071e-02 | 59 -0.02592 -4.98930e-01 | 60 -0.04526 -5.25045e-01
 61  0.00679  3.40360e-01 | 62 -0.01030  8.69404e-01 | 63  0.00634 -2.72491e-01
 64  0.01301 -3.34356e-01 | 65  0.01509 -1.01834e+00 | 66  0.01839  5.29810e-01
 67  0.01039  8.73771e-01 | 68 -0.02290 -2.46089e-01 | 69 -0.04718  4.07350e-01
 70  0.00289 -3.62259e-01 | 71  0.00842 -1.39289e-01 | 72 -0.00073  6.33993e-02
 73  0.01472 -1.01415e+00 | 74  0.04618 -2.54678e-01 | 75 -0.01076 -1.02148e+00
 76 -0.01003 -7.37852e-01 | 77  0.01166  5.27866e-01 | 78 -0.01771 -1.45345e-01
 79  0.01299 -4.15639e-01 | 80  0.02224  6.38966e-01 | 81  0.00667  2.53985e-01
 82 -0.00528 -1.64187e-01 | 83 -0.00037  3.31369e-01 | 84  0.02356  1.28332e+00
 85 -0.00423  1.30859e-03 | 86  0.02289 -8.72056e-02 | 87  0.01471  3.84496e-02
 88  0.01006 -3.76301e-01 | 89 -0.00254  1.71621e-02 | 90  0.02486  7.84950e-02
 91  0.01973  4.07632e-01 | 92 -0.01207  9.74609e-02 | 93 -0.00992  1.40091e-01
 94 -0.00124  3.86595e-01 | 95  0.00016 -1.03181e-01 | 96  0.00016 -1.03107e-01
 97  0.81313 -4.78400e-01 | 98 -0.41742  4.35995e+00 | 99  0.20785 -1.69308e+00
100 -0.25715  6.96844e+00 |
Maximum number of function evaluations exceeded

 - final statistics:
100 variables; iteration 78; function evaluation 100
Function value 2.1944e+03; maximum gradient component mag 2.4320e+00
Exit code = 3;  converg criter 1.0000e+00
Var    Value     Gradient |Var    Value     Gradient |Var    Value     Gradient
  1  0.63246 -1.08125e+00 |  2 -0.00653 -6.82474e-02 |  3 -0.01094 -1.67253e-01
  4  0.00672  1.69841e-01 |  5 -0.01120 -7.23232e-02 |  6 -0.00938 -1.73007e-01
  7 -0.00297  2.91265e-01 |  8  0.00432 -2.79172e-01 |  9 -0.00274  3.69602e-01
 10  0.00769 -1.85076e-01 | 11  0.02222 -3.06831e-02 | 12 -0.00464  2.11703e-02
 13  0.02244  2.38392e-02 | 14  0.01086  1.23773e-01 | 15 -0.01348 -1.56690e-01
 16 -0.00830  3.12119e-01 | 17  0.02169  1.18895e-01 | 18  0.00677 -6.80037e-02
 19 -0.01326  1.84621e-01 | 20 -0.00349 -2.39477e-01 | 21 -0.01316  2.98932e-01
 22  0.01468  1.97807e-01 | 23  0.00292 -1.55212e-01 | 24 -0.00274  3.10683e-01
 25  0.01729  1.02183e-01 | 26  0.01674 -3.38126e-03 | 27 -0.00042  1.79041e-01
 28 -0.01469 -4.54936e-02 | 29  0.01187  1.47553e-01 | 30  0.00310 -5.58437e-02
 31  0.01562  1.24123e-01 | 32 -0.01386 -3.30429e-02 | 33 -0.03787  9.45950e-02
 34 -0.00108 -1.57207e-01 | 35  0.01935  3.50653e-01 | 36 -0.02973 -1.25960e-01
 37  0.02299 -1.28246e-01 | 38  0.00924 -2.18969e-01 | 39  0.00084  7.51881e-02
 40 -0.01707 -1.28006e-01 | 41  0.00662 -1.64547e-01 | 42  0.02233  2.38841e-02
 43 -0.00985 -2.04951e-01 | 44 -0.00149  5.38738e-02 | 45 -0.04566 -1.45142e-01
 46 -0.01648 -5.17658e-02 | 47 -0.00571 -3.30084e-01 | 48  0.02894 -1.65642e-01
 49 -0.00552 -1.67067e-01 | 50  0.01403  7.57489e-01 | 51 -0.03322 -2.21338e-01
 52  0.00071  2.92248e-02 | 53 -0.02177 -8.87330e-01 | 54 -0.00432 -4.62721e-01
 55 -0.01429  3.46733e-01 | 56 -0.02010  5.99871e-01 | 57 -0.01807  3.03220e-01
 58  0.01846 -3.74726e-02 | 59 -0.02590 -5.06368e-02 | 60 -0.04523 -6.23971e-02
 61  0.00678  1.56150e-01 | 62 -0.01034 -3.70507e-02 | 63  0.00634 -5.89496e-02
 64  0.01301 -1.44538e-01 | 65  0.01510 -3.79605e-01 | 66  0.01838  1.70138e-01
 67  0.01037  2.93651e-01 | 68 -0.02289 -7.94648e-02 | 69 -0.04719  2.64052e-01
 70  0.00289 -7.27470e-02 | 71  0.00842 -1.57757e-01 | 72 -0.00072  4.64244e-01
 73  0.01473 -3.94054e-01 | 74  0.04618 -4.98726e-02 | 75 -0.01074 -5.72464e-01
 76 -0.01001 -1.20041e-01 | 77  0.01165  2.38178e-01 | 78 -0.01771 -1.26621e-01
 79  0.01300 -1.29044e-01 | 80  0.02222  2.94494e-01 | 81  0.00665 -1.54933e-01
 82 -0.00528 -4.98683e-02 | 83 -0.00038  2.79072e-01 | 84  0.02353  3.63158e-01
 85 -0.00423  3.41482e-02 | 86  0.02290  1.20438e-01 | 87  0.01467 -1.07933e+00
 88  0.01008  1.36363e-01 | 89 -0.00254 -8.46491e-02 | 90  0.02487  2.47478e-01
 91  0.01973  2.68989e-01 | 92 -0.01207  4.72220e-02 | 93 -0.00993 -1.59129e-04
 94 -0.00136  1.38045e-01 | 95  0.00024 -3.54248e-02 | 96  0.00024 -3.53900e-02
 97  0.81302 -1.65877e-01 | 98 -0.41744  1.55637e+00 | 99  0.20775 -5.60441e-01
100 -0.25720  2.43204e+00 |

Initial statistics: 108 variables; iteration 0; function evaluation 0; phase 4
Function value 2.1944491e+03; maximum gradient component mag -3.9899e+02
Var    Value     Gradient |Var    Value     Gradient |Var    Value     Gradient
  1 -0.42263  6.95234e+01 |  2 -0.42263 -3.98993e+02 |  3 -0.41094 -1.32414e+01
  4  0.63246 -1.08125e+00 |  5  0.00000 -3.70171e+01 |  6  0.00000 -1.25792e+00
  7  0.00000  5.41183e+00 |  8  0.00000  1.36051e+01 |  9  0.00000 -7.77677e+00
 10 -0.00653 -6.74243e-02 | 11 -0.01094 -1.66430e-01 | 12  0.00672  1.70664e-01
 13 -0.01120 -7.15002e-02 | 14 -0.00938 -1.72184e-01 | 15 -0.00297  2.92088e-01
 16  0.00432 -2.78349e-01 | 17 -0.00274  3.70425e-01 | 18  0.00769 -1.84253e-01
 19  0.02222 -2.98604e-02 | 20 -0.00464  2.19934e-02 | 21  0.02244  2.46619e-02
 22  0.01086  1.24596e-01 | 23 -0.01348 -1.55867e-01 | 24 -0.00830  3.12942e-01
 25  0.02169  1.19717e-01 | 26  0.00677 -6.71806e-02 | 27 -0.01326  1.85444e-01
 28 -0.00349 -2.38653e-01 | 29 -0.01316  2.99755e-01 | 30  0.01468  1.98630e-01
 31  0.00292 -1.54389e-01 | 32 -0.00274  3.11506e-01 | 33  0.01729  1.03006e-01
 34  0.01674 -2.55836e-03 | 35 -0.00042  1.79864e-01 | 36 -0.01469 -4.46706e-02
 37  0.01187  1.48376e-01 | 38  0.00310 -5.50205e-02 | 39  0.01562  1.24946e-01
 40 -0.01386 -3.22199e-02 | 41 -0.03787  9.54167e-02 | 42 -0.00108 -1.56384e-01
 43  0.01935  3.51476e-01 | 44 -0.02973 -1.25138e-01 | 45  0.02299 -1.27423e-01
 46  0.00924 -2.18146e-01 | 47  0.00084  7.60113e-02 | 48 -0.01707 -1.27183e-01
 49  0.00662 -1.63724e-01 | 50  0.02233  2.47067e-02 | 51 -0.00985 -2.04128e-01
 52 -0.00149  5.46970e-02 | 53 -0.04566 -1.44321e-01 | 54 -0.01648 -5.09428e-02
 55 -0.00571 -3.29260e-01 | 56  0.02894 -1.64820e-01 | 57 -0.00552 -1.66243e-01
 58  0.01403  7.58312e-01 | 59 -0.03322 -2.20516e-01 | 60  0.00071  3.00479e-02
 61 -0.02177 -8.86507e-01 | 62 -0.00432 -4.61898e-01 | 63 -0.01429  3.47556e-01
 64 -0.02010  6.00694e-01 | 65 -0.01807  3.04043e-01 | 66  0.01846 -3.66498e-02
 67 -0.02590 -4.98143e-02 | 68 -0.04523 -6.15760e-02 | 69  0.00678  1.56973e-01
 70 -0.01034 -3.62276e-02 | 71  0.00634 -5.81265e-02 | 72  0.01301 -1.43715e-01
 73  0.01510 -3.78782e-01 | 74  0.01838  1.70961e-01 | 75  0.01037  2.94474e-01
 76 -0.02289 -7.86422e-02 | 77 -0.04719  2.64873e-01 | 78  0.00289 -7.19239e-02
 79  0.00842 -1.56934e-01 | 80 -0.00072  4.65068e-01 | 81  0.01473 -3.93231e-01
 82  0.04618 -4.90515e-02 | 83 -0.01074 -5.71641e-01 | 84 -0.01001 -1.19218e-01
 85  0.01165  2.39001e-01 | 86 -0.01771 -1.25798e-01 | 87  0.01300 -1.28221e-01
 88  0.02222  2.95317e-01 | 89  0.00665 -1.54110e-01 | 90 -0.00528 -4.90451e-02
 91 -0.00038  2.79896e-01 | 92  0.02353  3.63981e-01 | 93 -0.00423  3.49713e-02
 94  0.02290  1.21261e-01 | 95  0.01467 -1.07850e+00 | 96  0.01008  1.37186e-01
 97 -0.00254 -8.38259e-02 | 98  0.02487  2.48300e-01 | 99  0.01973  2.69812e-01
100 -0.01207  4.80451e-02 |101 -0.00993  6.63950e-04 |102 -0.00136  1.38868e-01
103  0.00024 -3.46017e-02 |104  0.00024 -3.45668e-02 |105  0.81302 -1.65877e-01
106 -0.41744  1.55637e+00 |107  0.20775 -5.60441e-01 |108 -0.25720  2.43204e+00

Intermediate statistics: 108 variables; iteration 20; function evaluation 23; phase 4
Function value 2.1935896e+03; maximum gradient component mag -2.9567e+02
Var    Value     Gradient |Var    Value     Gradient |Var    Value     Gradient
  1 -0.44810  3.45020e+01 |  2 -0.42410 -2.95670e+02 |  3 -0.40273  1.24690e+01
  4  0.63313  6.76021e+01 |  5  0.00856 -1.87521e+01 |  6 -0.00133 -2.16210e+00
  7 -0.00333  6.45925e-01 |  8 -0.00536  4.50153e+00 |  9  0.00217 -3.63246e+00
 10 -0.00674 -2.43634e+00 | 11 -0.01099 -2.33737e+00 | 12  0.00666 -2.11307e+00
 13 -0.01122 -2.24527e+00 | 14 -0.00934 -2.23837e+00 | 15 -0.00291 -1.78262e+00
 16  0.00459 -1.74162e+00 | 17 -0.00246 -1.02424e+00 | 18  0.00830  6.17617e-02
 19  0.02347  5.02968e+00 | 20 -0.00386  1.66497e+00 | 21  0.02394  1.01916e+01
 22  0.01210  8.31011e+00 | 23 -0.01274  2.97086e+00 | 24 -0.00756  4.65898e+00
 25  0.02239  8.11728e+00 | 26  0.00748  6.43779e+00 | 27 -0.01248  5.15713e+00
 28 -0.00270  6.48249e+00 | 29 -0.01244  5.58352e+00 | 30  0.01523  8.15730e+00
 31  0.00352  6.34178e+00 | 32 -0.00203  8.11879e+00 | 33  0.01781  8.46142e+00
 34  0.01724  8.17183e+00 | 35  0.00011  6.59065e+00 | 36 -0.01418  4.08766e+00
 37  0.01236  7.76969e+00 | 38  0.00358  5.82117e+00 | 39  0.01616  8.54682e+00
 40 -0.01335  4.74732e+00 | 41 -0.03757  1.11536e+00 | 42 -0.00088  2.54748e+00
 43  0.01942  1.89592e+00 | 44 -0.02942  1.61900e+00 | 45  0.02318  4.48162e+00
 46  0.00940  2.50688e+00 | 47  0.00117  4.99962e+00 | 48 -0.01692  1.31767e+00
 49  0.00656 -5.38875e-01 | 50  0.02217 -1.38935e+00 | 51 -0.00989 -1.47963e-01
 52 -0.00163 -1.04181e+00 | 53 -0.04579 -1.38681e+00 | 54 -0.01689 -3.53082e+00
 55 -0.00634 -7.14998e+00 | 56  0.02802 -1.61190e+01 | 57 -0.00615 -6.76692e+00
 58  0.01314 -1.39517e+01 | 59 -0.03392 -7.58933e+00 | 60 -0.00018 -1.70778e+01
 61 -0.02237 -1.06681e+01 | 62 -0.00498 -1.19852e+01 | 63 -0.01480 -8.59867e+00
 64 -0.02083 -9.65799e+00 | 65 -0.01867 -1.18831e+01 | 66  0.01822  3.43074e+00
 67 -0.02608 -3.21527e-01 | 68 -0.04557 -4.37028e+00 | 69  0.00625 -1.47658e+01
 70 -0.01091 -5.46600e+00 | 71  0.00605 -7.34779e+00 | 72  0.01279  3.72956e+00
 73  0.01508  1.80038e+00 | 74  0.01861  1.77313e+01 | 75  0.01048  9.10438e+00
 76 -0.02305 -1.69523e+00 | 77 -0.04737  1.20989e+00 | 78  0.00248 -9.48515e-01
 79  0.00816 -6.21648e+00 | 80 -0.00102  9.96978e-01 | 81  0.01479  8.01417e+00
 82  0.04692  5.68105e+01 | 83 -0.01083  2.70555e+00 | 84 -0.01025 -2.71062e+00
 85  0.01162  2.95581e+00 | 86 -0.01802 -4.81015e+00 | 87  0.01256 -4.78937e+00
 88  0.02203  6.57558e+00 | 89  0.00628 -5.55411e+00 | 90 -0.00567 -3.90770e+00
 91 -0.00079 -4.91144e+00 | 92  0.02282 -8.31930e+00 | 93 -0.00477 -8.22767e+00
 94  0.02213 -1.00795e+01 | 95  0.01385 -1.43325e+01 | 96  0.00920 -1.03902e+01
 97 -0.00337 -9.30194e+00 | 98  0.02369 -1.34086e+01 | 99  0.01918 -2.61343e+00
100 -0.01202  2.89558e+00 |101 -0.00907  2.78898e-01 |102 -0.00084 -1.73745e+00
103  0.00012 -2.15272e+00 |104  0.00012 -2.15273e+00 |105  0.80910 -1.74482e+01
106 -0.41693  1.27190e+02 |107  0.20042  1.56656e+01 |108 -0.25860 -7.00059e+01
108 variables; iteration 40; function evaluation 50; phase 4
Function value 2.1930084e+03; maximum gradient component mag 3.8029e+01
Var    Value     Gradient |Var    Value     Gradient |Var    Value     Gradient
  1 -0.45726  1.44622e+01 |  2 -0.42351  3.80287e+01 |  3 -0.40205  3.63592e+01
  4  0.63177  2.82110e+01 |  5  0.01539 -4.36938e-01 |  6 -0.00068  1.74094e-01
  7 -0.00268  2.77860e+00 |  8 -0.00429  7.16837e+00 |  9  0.00249 -2.37812e+00
 10 -0.00611  7.36905e-01 | 11 -0.01072  7.44619e-02 | 12  0.00623 -9.54452e-01
 13 -0.01144 -6.84750e-01 | 14 -0.00994 -1.50970e+00 | 15 -0.00381 -1.86219e+00
 16  0.00428 -3.39074e-02 | 17 -0.00259  1.28135e+00 | 18  0.00640 -5.49397e+00
 19  0.02279  4.53221e+00 | 20 -0.00586 -6.15195e+00 | 21  0.02195 -3.45525e+00
 22  0.01044 -3.08726e+00 | 23 -0.01301  3.30146e+00 | 24 -0.00854 -1.70010e+00
 25  0.02198  4.19337e+00 | 26  0.00688  5.84190e-01 | 27 -0.01316 -1.25341e-01
 28 -0.00359 -1.89811e+00 | 29 -0.01316  7.84837e-01 | 30  0.01460  8.73957e-01
 31  0.00284 -5.66262e-01 | 32 -0.00284  4.30097e-01 | 33  0.01718  2.98720e-01
 34  0.01671  9.20349e-01 | 35 -0.00055 -8.92169e-01 | 36 -0.01417  4.50724e+00
 37  0.01198  2.74931e+00 | 38  0.00329  2.34304e+00 | 39  0.01564  2.58115e-01
 40 -0.01382  7.30953e-01 | 41 -0.03808 -1.69569e+00 | 42 -0.00111  1.49333e+00
 43  0.01938  2.29068e+00 | 44 -0.02976 -6.49537e-01 | 45  0.02316  4.39219e+00
 46  0.00919 -8.37065e-01 | 47  0.00098  2.64122e+00 | 48 -0.01710  1.51083e-01
 49  0.00658  5.01007e-01 | 50  0.02222 -2.46092e-01 | 51 -0.00986  1.53924e-01
 52 -0.00150  2.45007e-01 | 53 -0.04573 -7.62510e-01 | 54 -0.01654  2.63056e-01
 55 -0.00599 -2.99610e+00 | 56  0.02877 -6.62213e-01 | 57 -0.00549  1.52100e+00
 58  0.01383 -3.04274e+00 | 59 -0.03294  2.73051e+00 | 60  0.00083  5.97809e-01
 61 -0.02171 -3.01818e+00 | 62 -0.00439 -1.70315e+00 | 63 -0.01433 -1.61217e+00
 64 -0.02022  5.77429e-01 | 65 -0.01796 -7.57261e-01 | 66  0.01840  9.93242e-01
 67 -0.02585  4.34440e-01 | 68 -0.04513 -6.97044e-01 | 69  0.00687 -6.86650e-01
 70 -0.01054  8.79021e-01 | 71  0.00647 -1.55049e+00 | 72  0.01273 -3.48685e+00
 73  0.01561  1.06674e+01 | 74  0.01834 -4.46048e-01 | 75  0.01062  5.47864e+00
 76 -0.02263  5.52383e-01 | 77 -0.04730  9.05952e-01 | 78  0.00262 -2.03351e+00
 79  0.00856 -2.24773e+00 | 80 -0.00092 -2.10570e+00 | 81  0.01483  1.03820e+00
 82  0.04627  9.60104e+00 | 83 -0.01056  2.51248e+00 | 84 -0.00967  2.37211e+00
 85  0.01180 -1.60357e-01 | 86 -0.01753 -8.70562e-01 | 87  0.01313  4.77229e+00
 88  0.02215  1.79800e+00 | 89  0.00689  6.34228e-01 | 90 -0.00509  8.33886e-01
 91 -0.00015  1.59612e+00 | 92  0.02326 -6.39409e+00 | 93 -0.00404 -2.72195e+00
 94  0.02273 -6.52828e+00 | 95  0.01483 -3.02763e+00 | 96  0.01016 -1.53353e+00
 97 -0.00260 -5.55596e+00 | 98  0.02496 -2.51349e+00 | 99  0.01953 -5.61976e+00
100 -0.01185  2.36146e+00 |101 -0.00896  6.18815e-01 |102 -0.00051 -1.17131e-01
103  0.00018 -7.89077e-01 |104  0.00018 -7.89098e-01 |105  0.81232  2.57467e-01
106 -0.41661  3.00011e+01 |107  0.19785 -8.41274e+00 |108 -0.25857 -1.08650e+00
108 variables; iteration 60; function evaluation 75; phase 4
Function value 2.1929354e+03; maximum gradient component mag -5.5346e+00
Var    Value     Gradient |Var    Value     Gradient |Var    Value     Gradient
  1 -0.45954  1.67760e+00 |  2 -0.42345  3.72704e+00 |  3 -0.40186  3.22718e+00
  4  0.63162 -2.53868e-01 |  5  0.01580  1.30502e-01 |  6 -0.00097 -2.85705e-01
  7 -0.00440 -1.14354e-01 |  8 -0.00817  3.28389e-01 |  9  0.00387  2.69464e-01
 10 -0.00710 -3.75026e-01 | 11 -0.01139 -4.50099e-01 | 12  0.00625 -7.77153e-02
 13 -0.01161 -2.44640e-01 | 14 -0.00957  2.44668e-01 | 15 -0.00346 -5.39998e-02
 16  0.00399 -2.33902e-01 | 17 -0.00329 -4.62749e-01 | 18  0.00735 -4.11533e-01
 19  0.02193 -1.57541e-01 | 20 -0.00489 -3.05837e-01 | 21  0.02215 -1.23471e+00
 22  0.01068 -5.63284e-01 | 23 -0.01352  1.08634e-01 | 24 -0.00846 -6.31567e-01
 25  0.02178  1.48590e+00 | 26  0.00691  1.04574e+00 | 27 -0.01324 -5.95253e-01
 28 -0.00344  4.72981e-01 | 29 -0.01328 -9.08269e-02 | 30  0.01459  9.30285e-01
 31  0.00289  3.98971e-01 | 32 -0.00299 -9.29560e-01 | 33  0.01725  1.44918e+00
 34  0.01669  6.94114e-01 | 35 -0.00040  1.06963e+00 | 36 -0.01480 -1.90672e+00
 37  0.01174 -1.28069e+00 | 38  0.00304 -1.10314e+00 | 39  0.01557 -8.50789e-01
 40 -0.01400 -8.14647e-01 | 41 -0.03792  2.03977e-01 | 42 -0.00137 -1.69557e+00
 43  0.01936  1.85137e+00 | 44 -0.02971  2.05523e-01 | 45  0.02297  4.51194e-01
 46  0.00926  5.32294e-02 | 47  0.00082  3.68068e-01 | 48 -0.01715 -2.86327e-01
 49  0.00650 -8.77017e-01 | 50  0.02228  3.33377e-01 | 51 -0.00986  1.41329e-01
 52 -0.00147  3.47689e-01 | 53 -0.04556  9.41347e-01 | 54 -0.01656 -4.38394e-02
 55 -0.00581 -6.92836e-01 | 56  0.02901  4.26185e+00 | 57 -0.00556 -2.61062e-01
 58  0.01393 -1.96293e+00 | 59 -0.03316 -4.61404e-01 | 60  0.00098  3.45604e+00
 61 -0.02148  1.36860e+00 | 62 -0.00436 -2.40260e+00 | 63 -0.01444 -5.53462e+00
 64 -0.02022 -7.89459e-01 | 65 -0.01791 -9.03993e-01 | 66  0.01843 -1.94610e-01
 67 -0.02578  1.71409e+00 | 68 -0.04499  9.11467e-01 | 69  0.00697  7.06658e-01
 70 -0.01069 -3.63118e+00 | 71  0.00669  3.74641e+00 | 72  0.01286 -8.57530e-01
 73  0.01540  1.46847e+00 | 74  0.01843  9.20437e-02 | 75  0.01051  7.04859e-01
 76 -0.02255  4.07357e-01 | 77 -0.04745 -8.17839e-01 | 78  0.00272 -2.95933e-01
 79  0.00871  9.97853e-01 | 80 -0.00060  4.86513e+00 | 81  0.01491  2.33703e+00
 82  0.04615  8.71994e-02 | 83 -0.01068 -4.26567e-01 | 84 -0.00977 -1.28117e+00
 85  0.01176 -2.80095e+00 | 86 -0.01749 -1.51887e+00 | 87  0.01299 -7.49042e-01
 88  0.02217  4.40339e-02 | 89  0.00693  2.38133e-01 | 90 -0.00498  1.38088e+00
 91 -0.00007  2.36712e+00 | 92  0.02355  1.18504e-01 | 93 -0.00390 -9.16689e-01
 94  0.02304 -4.81559e-01 | 95  0.01508  7.15087e-01 | 96  0.01033 -6.79609e-01
 97 -0.00224 -1.78048e+00 | 98  0.02531  1.07744e+00 | 99  0.02005 -1.25826e+00
100 -0.01214  2.68215e-02 |101 -0.00880  7.82425e-01 |102 -0.00113 -1.99294e-01
103  0.00012 -1.66154e-02 |104  0.00012 -1.66124e-02 |105  0.80884  5.01522e-01
106 -0.41719 -1.25975e+00 |107  0.19986 -7.68257e-01 |108 -0.25772  1.51111e+00
Maximum number of function evaluations exceeded

 - final statistics:
108 variables; iteration 79; function evaluation 100
Function value 2.1929e+03; maximum gradient component mag 3.1515e+00
Exit code = 3;  converg criter 1.0000e+00
Var    Value     Gradient |Var    Value     Gradient |Var    Value     Gradient
  1 -0.45982  1.00528e+00 |  2 -0.42346  3.15145e+00 |  3 -0.40178  2.15231e+00
  4  0.63165  2.05916e-02 |  5  0.01575  6.32074e-02 |  6 -0.00092 -2.03986e-01
  7 -0.00431  4.35708e-02 |  8 -0.00826  1.78537e-01 |  9  0.00400  5.27320e-01
 10 -0.00703 -2.32134e-01 | 11 -0.01090  5.67124e-01 | 12  0.00607 -4.82870e-01
 13 -0.01160 -2.00389e-01 | 14 -0.00946  5.35998e-01 | 15 -0.00321  7.10358e-01
 16  0.00368 -1.25222e+00 | 17 -0.00311  2.13915e-01 | 18  0.00737 -2.63859e-01
 19  0.02194 -2.49565e-02 | 20 -0.00490 -2.79553e-01 | 21  0.02222 -5.23510e-01
 22  0.01069 -3.58601e-01 | 23 -0.01353  6.85015e-02 | 24 -0.00842 -1.79979e-01
 25  0.02174  9.22584e-01 | 26  0.00685  3.79721e-01 | 27 -0.01322 -3.01418e-01
 28 -0.00347  1.94429e-01 | 29 -0.01333 -5.82743e-01 | 30  0.01456  5.28156e-01
 31  0.00287  1.83202e-01 | 32 -0.00293 -1.48902e-01 | 33  0.01719  6.96410e-01
 34  0.01666  2.95455e-01 | 35 -0.00045  5.38199e-01 | 36 -0.01473 -1.11317e+00
 37  0.01176 -7.40599e-01 | 38  0.00308 -5.17700e-01 | 39  0.01559 -3.28522e-01
 40 -0.01398 -4.85607e-01 | 41 -0.03798 -2.59839e-01 | 42 -0.00131 -7.62825e-01
 43  0.01929  6.12368e-01 | 44 -0.02972  1.42565e-01 | 45  0.02296  4.44052e-01
 46  0.00926  2.61252e-01 | 47  0.00078 -7.49191e-02 | 48 -0.01715 -1.44541e-01
 49  0.00653 -3.33572e-01 | 50  0.02227  3.42741e-01 | 51 -0.00988  1.23686e-02
 52 -0.00149  1.98231e-01 | 53 -0.04561  6.27562e-01 | 54 -0.01657 -6.68520e-02
 55 -0.00579 -2.64908e-01 | 56  0.02892  2.21746e+00 | 57 -0.00555  5.36519e-02
 58  0.01396 -1.12321e+00 | 59 -0.03316 -3.40311e-01 | 60  0.00090  1.62910e+00
 61 -0.02150  1.00713e+00 | 62 -0.00433 -1.29959e+00 | 63 -0.01436 -2.89126e+00
 64 -0.02020 -1.20824e-02 | 65 -0.01790 -4.54824e-01 | 66  0.01843 -5.06264e-02
 67 -0.02585  3.02014e-01 | 68 -0.04502  4.88757e-01 | 69  0.00694  3.21921e-01
 70 -0.01060 -1.34746e+00 | 71  0.00662  1.91091e+00 | 72  0.01286 -4.45828e-01
 73  0.01537  7.39550e-01 | 74  0.01842  6.04334e-02 | 75  0.01049  2.45880e-01
 76 -0.02256  5.50586e-01 | 77 -0.04742 -2.57217e-01 | 78  0.00272 -1.65243e-01
 79  0.00869  3.84889e-01 | 80 -0.00068  2.99034e+00 | 81  0.01487  1.15218e+00
 82  0.04615  2.29826e-02 | 83 -0.01068 -2.60112e-01 | 84 -0.00975 -7.59192e-01
 85  0.01180 -1.29927e+00 | 86 -0.01749 -1.33612e+00 | 87  0.01299 -3.69660e-01
 88  0.02216  6.91472e-02 | 89  0.00691 -1.04643e-01 | 90 -0.00501  7.95613e-01
 91 -0.00012  1.33061e+00 | 92  0.02354  1.18465e-01 | 93 -0.00391 -1.00740e+00
 94  0.02305 -1.60443e-01 | 95  0.01505  3.03532e-01 | 96  0.01036  7.96362e-02
 97 -0.00220 -9.50434e-01 | 98  0.02526  2.80937e-01 | 99  0.02009 -7.35039e-01
100 -0.01221 -3.44538e-01 |101 -0.00894  2.73137e-01 |102 -0.00113 -2.12923e-01
103  0.00016  4.57322e-02 |104  0.00016  4.57352e-02 |105  0.80867  2.37608e-01
106 -0.41720 -4.00971e-01 |107  0.19984 -4.78325e-01 |108 -0.25771  9.93440e-01

Initial statistics: 110 variables; iteration 0; function evaluation 0; phase 5
Function value 2.1929324e+03; maximum gradient component mag -3.7183e+01
Var    Value     Gradient |Var    Value     Gradient |Var    Value     Gradient
  1 -0.45982  1.00528e+00 |  2 -0.42346  3.15145e+00 |  3 -0.40178  2.15231e+00
  4 -0.41222 -1.39735e+00 |  5 -0.41222 -3.71829e+01 |  6  0.63165  2.05916e-02
  7  0.01575  6.32074e-02 |  8 -0.00092 -2.03986e-01 |  9 -0.00431  4.35708e-02
 10 -0.00826  1.78537e-01 | 11  0.00400  5.27320e-01 | 12 -0.00703 -2.32635e-01
 13 -0.01090  5.66624e-01 | 14  0.00607 -4.83370e-01 | 15 -0.01160 -2.00889e-01
 16 -0.00946  5.35498e-01 | 17 -0.00321  7.09858e-01 | 18  0.00368 -1.25272e+00
 19 -0.00311  2.13415e-01 | 20  0.00737 -2.64360e-01 | 21  0.02194 -2.54568e-02
 22 -0.00490 -2.80054e-01 | 23  0.02222 -5.24011e-01 | 24  0.01069 -3.59102e-01
 25 -0.01353  6.80010e-02 | 26 -0.00842 -1.80479e-01 | 27  0.02174  9.22084e-01
 28  0.00685  3.79220e-01 | 29 -0.01322 -3.01918e-01 | 30 -0.00347  1.93929e-01
 31 -0.01333 -5.83244e-01 | 32  0.01456  5.27655e-01 | 33  0.00287  1.82701e-01
 34 -0.00293 -1.49402e-01 | 35  0.01719  6.95909e-01 | 36  0.01666  2.94955e-01
 37 -0.00045  5.37699e-01 | 38 -0.01473 -1.11367e+00 | 39  0.01176 -7.41099e-01
 40  0.00308 -5.18200e-01 | 41  0.01559 -3.29022e-01 | 42 -0.01398 -4.86108e-01
 43 -0.03798 -2.60338e-01 | 44 -0.00131 -7.63325e-01 | 45  0.01929  6.11868e-01
 46 -0.02972  1.42065e-01 | 47  0.02296  4.43552e-01 | 48  0.00926  2.60751e-01
 49  0.00078 -7.54197e-02 | 50 -0.01715 -1.45042e-01 | 51  0.00653 -3.34073e-01
 52  0.02227  3.42241e-01 | 53 -0.00988  1.18681e-02 | 54 -0.00149  1.97730e-01
 55 -0.04561  6.27063e-01 | 56 -0.01657 -6.73524e-02 | 57 -0.00579 -2.65408e-01
 58  0.02892  2.21696e+00 | 59 -0.00555  5.31513e-02 | 60  0.01396 -1.12371e+00
 61 -0.03316 -3.40811e-01 | 62  0.00090  1.62860e+00 | 63 -0.02150  1.00663e+00
 64 -0.00433 -1.30009e+00 | 65 -0.01436 -2.89176e+00 | 66 -0.02020 -1.25827e-02
 67 -0.01790 -4.55325e-01 | 68  0.01843 -5.11268e-02 | 69 -0.02585  3.01514e-01
 70 -0.04502  4.88257e-01 | 71  0.00694  3.21420e-01 | 72 -0.01060 -1.34796e+00
 73  0.00662  1.91041e+00 | 74  0.01286 -4.46329e-01 | 75  0.01537  7.39050e-01
 76  0.01842  5.99330e-02 | 77  0.01049  2.45379e-01 | 78 -0.02256  5.50085e-01
 79 -0.04742 -2.57716e-01 | 80  0.00272 -1.65744e-01 | 81  0.00869  3.84389e-01
 82 -0.00068  2.98983e+00 | 83  0.01487  1.15168e+00 | 84  0.04615  2.24833e-02
 85 -0.01068 -2.60612e-01 | 86 -0.00975 -7.59692e-01 | 87  0.01180 -1.29977e+00
 88 -0.01749 -1.33662e+00 | 89  0.01299 -3.70160e-01 | 90  0.02216  6.86469e-02
 91  0.00691 -1.05144e-01 | 92 -0.00501  7.95112e-01 | 93 -0.00012  1.33011e+00
 94  0.02354  1.17965e-01 | 95 -0.00391 -1.00791e+00 | 96  0.02305 -1.60943e-01
 97  0.01505  3.03031e-01 | 98  0.01036  7.91356e-02 | 99 -0.00220 -9.50934e-01
100  0.02526  2.80437e-01 |101  0.02009 -7.35539e-01 |102 -0.01221 -3.45039e-01
103 -0.00894  2.72637e-01 |104 -0.00113 -2.13423e-01 |105  0.00016  4.52316e-02
106  0.00016  4.52346e-02 |107  0.80867  2.37608e-01 |108 -0.41720 -4.00971e-01
109  0.19984 -4.78325e-01 |110 -0.25771  9.93440e-01 |

Intermediate statistics: 110 variables; iteration 20; function evaluation 25; phase 5
Function value 2.1927145e+03; maximum gradient component mag -7.8370e+01
Var    Value     Gradient |Var    Value     Gradient |Var    Value     Gradient
  1 -0.46998  8.71176e+00 |  2 -0.42554  1.73718e+01 |  3 -0.39552  3.31070e+01
  4 -0.41862  8.00695e-02 |  5 -0.40084 -2.13177e+01 |  6  0.63185  3.23641e+01
  7  0.01591  2.77150e-03 |  8 -0.00085 -1.47983e-01 |  9 -0.00428  2.52500e-02
 10 -0.00823  1.29143e-01 | 11  0.00402  4.13730e-01 | 12 -0.00692 -1.24274e+00
 13 -0.01085 -6.00322e-01 | 14  0.00623 -1.50858e+00 | 15 -0.01147 -1.27037e+00
 16 -0.00936 -7.07127e-01 | 17 -0.00311 -6.95760e-01 | 18  0.00393 -2.29211e+00
 19 -0.00301 -1.40378e+00 | 20  0.00749 -2.08895e+00 | 21  0.02189 -3.30993e+00
 22 -0.00483 -2.40892e+00 | 23  0.02209 -4.90810e+00 | 24  0.01054 -4.22723e+00
 25 -0.01368 -2.44252e+00 | 26 -0.00842 -7.20804e-01 | 27  0.02124 -5.40410e+00
 28  0.00667 -1.87445e+00 | 29 -0.01301  1.14296e+00 | 30 -0.00375 -4.85704e+00
 31 -0.01324 -6.45251e-01 | 32  0.01417 -5.65001e+00 | 33  0.00279 -5.50589e-01
 34 -0.00304 -2.12403e+00 | 35  0.01678 -5.23187e+00 | 36  0.01642 -3.19477e+00
 37 -0.00076 -3.29239e+00 | 38 -0.01414  4.65187e+00 | 39  0.01196  1.73904e+00
 40  0.00326  1.12597e+00 | 41  0.01559 -2.50071e+00 | 42 -0.01393 -1.63835e+00
 43 -0.03786  8.32201e-01 | 44 -0.00095  5.37015e+00 | 45  0.01907 -9.16330e-01
 46 -0.02974 -6.28722e-01 | 47  0.02271 -6.48079e+00 | 48  0.00906 -4.26645e+00
 49  0.00067 -3.27618e+00 | 50 -0.01719 -9.97691e-01 | 51  0.00665  2.24238e+00
 52  0.02212 -1.62810e+00 | 53 -0.00996 -1.58961e+00 | 54 -0.00166 -3.06842e+00
 55 -0.04587 -1.90376e+00 | 56 -0.01650  1.66441e+00 | 57 -0.00557  3.62178e+00
 58  0.02933  1.11158e+01 | 59 -0.00558 -1.94825e+00 | 60  0.01411  2.10033e+00
 61 -0.03285  4.68654e+00 | 62  0.00098  6.91553e+00 | 63 -0.02161  6.27120e-01
 64 -0.00468 -1.23172e+01 | 65 -0.01479 -1.50842e+01 | 66 -0.02050 -3.56249e+00
 67 -0.01799  1.90257e+00 | 68  0.01838  3.34676e+00 | 69 -0.02591  2.74237e-01
 70 -0.04509  5.49720e-01 | 71  0.00676 -2.19843e+00 | 72 -0.01090 -3.86294e+00
 73  0.00688  1.18614e+01 | 74  0.01271 -1.76375e+00 | 75  0.01557  8.55616e+00
 76  0.01861  8.10169e+00 | 77  0.01062  4.97053e+00 | 78 -0.02273 -1.58889e-01
 79 -0.04731  3.35963e+00 | 80  0.00243 -3.03858e+00 | 81  0.00861  3.44926e+00
 82 -0.00058  1.10291e+01 | 83  0.01535  1.88303e+01 | 84  0.04618  4.68596e+00
 85 -0.01070  2.80310e-01 | 86 -0.00967  2.73537e+00 | 87  0.01155 -9.50829e+00
 88 -0.01706  6.01178e+00 | 89  0.01285 -1.36939e+00 | 90  0.02221  4.98775e+00
 91  0.00694  2.42772e+00 | 92 -0.00512 -1.52798e+00 | 93 -0.00020 -4.89335e-01
 94  0.02349  1.03300e+00 | 95 -0.00354  6.25526e+00 | 96  0.02297 -2.44151e+00
 97  0.01512 -3.81175e-02 | 98  0.01034 -7.83209e-01 | 99 -0.00172  4.73437e+00
100  0.02512 -2.48460e+00 |101  0.02053  3.59910e+00 |102 -0.01221 -4.68565e-01
103 -0.00888 -5.56026e-01 |104 -0.00091 -1.11600e+00 |105  0.00016 -1.00754e+00
106  0.00016 -1.00754e+00 |107  0.81289  1.18677e+01 |108 -0.41711 -7.83697e+01
109  0.19757 -9.90127e+00 |110 -0.25812  1.35976e+01 |
110 variables; iteration 40; function evaluation 45; phase 5
Function value 2.1926362e+03; maximum gradient component mag -3.1853e+01
Var    Value     Gradient |Var    Value     Gradient |Var    Value     Gradient
  1 -0.47200  5.43377e+00 |  2 -0.42598  1.68154e+01 |  3 -0.39431  1.95350e+01
  4 -0.42163 -2.09088e-02 |  5 -0.39723 -9.05965e+00 |  6  0.63195  1.59906e+01
  7  0.01584 -1.41514e-01 |  8 -0.00130 -8.56466e-01 |  9 -0.00417  2.07029e-01
 10 -0.00798  5.65797e-01 | 11  0.00401  4.04420e-01 | 12 -0.00695 -7.45099e-01
 13 -0.01113 -6.28811e-01 | 14  0.00653 -2.69271e-01 | 15 -0.01133 -4.39230e-01
 16 -0.00953 -6.18747e-01 | 17 -0.00307 -6.41502e-02 | 18  0.00418 -1.00730e+00
 19 -0.00293 -7.03050e-01 | 20  0.00779 -3.97872e-01 | 21  0.02245  2.89329e-01
 22 -0.00469 -1.46752e+00 | 23  0.02249 -1.58526e+00 | 24  0.01093 -8.77233e-01
 25 -0.01376 -2.79176e+00 | 26 -0.00831  6.01846e-01 | 27  0.02139 -2.76707e+00
 28  0.00660 -2.32152e+00 | 29 -0.01306  9.72905e-01 | 30 -0.00331  6.81918e-01
 31 -0.01326 -9.79764e-01 | 32  0.01417 -5.45691e+00 | 33  0.00276 -2.66729e-01
 34 -0.00300 -1.02974e+00 | 35  0.01690 -2.21883e+00 | 36  0.01642 -2.11098e+00
 37 -0.00071 -1.76195e+00 | 38 -0.01442  2.30178e+00 | 39  0.01177 -9.20645e-01
 40  0.00315 -4.17852e-02 | 41  0.01564 -1.37569e+00 | 42 -0.01396 -1.53235e+00
 43 -0.03775  2.42896e+00 | 44 -0.00111  4.06481e+00 | 45  0.01910  7.63764e-01
 46 -0.02961  1.09760e+00 | 47  0.02275 -5.47052e+00 | 48  0.00920 -1.81730e+00
 49  0.00068 -2.93029e+00 | 50 -0.01718 -5.88687e-01 | 51  0.00660  1.94215e+00
 52  0.02204 -2.55831e+00 | 53 -0.00979  1.16226e+00 | 54 -0.00166 -2.46151e+00
 55 -0.04592 -1.78604e+00 | 56 -0.01667  1.90599e-02 | 57 -0.00588 -5.48546e-01
 58  0.02923  8.34080e+00 | 59 -0.00524  3.83669e+00 | 60  0.01407  7.63210e-01
 61 -0.03314  1.02930e+00 | 62  0.00068 -2.74025e-01 | 63 -0.02167  1.31795e-01
 64 -0.00429  1.84608e-01 | 65 -0.01450 -6.70679e+00 | 66 -0.02036  4.19999e-01
 67 -0.01823 -3.19263e+00 | 68  0.01836  2.34916e+00 | 69 -0.02593 -1.73624e-01
 70 -0.04515 -5.88094e-02 | 71  0.00684  1.41126e+00 | 72 -0.01082 -1.08651e+00
 73  0.00661  3.48680e+00 | 74  0.01276 -8.39401e-03 | 75  0.01542  2.90166e+00
 76  0.01852  3.86892e+00 | 77  0.01044 -1.08891e+00 | 78 -0.02275 -2.78600e-01
 79 -0.04747  2.11062e+00 | 80  0.00243 -2.12080e+00 | 81  0.00856  2.07359e+00
 82 -0.00087  3.66925e+00 | 83  0.01521  1.35357e+01 | 84  0.04615  2.17258e+00
 85 -0.01062  2.28181e+00 | 86 -0.00959  5.13693e+00 | 87  0.01173 -4.51143e+00
 88 -0.01737 -7.13677e-01 | 89  0.01270 -5.81290e+00 | 90  0.02226  7.19525e+00
 91  0.00694  3.46222e+00 | 92 -0.00502  1.19360e+00 | 93 -0.00019  6.40222e-01
 94  0.02316 -8.79296e+00 | 95 -0.00384  9.88484e-01 | 96  0.02286 -4.17290e+00
 97  0.01506  1.84825e-01 | 98  0.01022 -1.42469e+00 | 99 -0.00199  2.47861e+00
100  0.02509 -7.63831e-01 |101  0.02030  3.13660e+00 |102 -0.01213  1.04286e+00
103 -0.00911 -8.27376e-01 |104 -0.00040  1.99791e-01 |105  0.00025 -3.44724e-01
106  0.00025 -3.44720e-01 |107  0.81368  4.60594e+00 |108 -0.41690 -3.18526e+01
109  0.19823 -4.99239e+00 |110 -0.25783  6.82527e+00 |
110 variables; iteration 60; function evaluation 70; phase 5
Function value 2.1926101e+03; maximum gradient component mag 9.2193e+00
Var    Value     Gradient |Var    Value     Gradient |Var    Value     Gradient
  1 -0.47421  2.08025e+00 |  2 -0.42625  9.21932e+00 |  3 -0.39351  8.00598e+00
  4 -0.42157  1.94847e-01 |  5 -0.39528 -2.43743e+00 |  6  0.63185  5.01426e+00
  7  0.01606  4.57736e-01 |  8 -0.00005  1.12343e+00 |  9 -0.00418  2.06257e-01
 10 -0.00783  8.25674e-01 | 11  0.00384  2.71956e-02 | 12 -0.00688 -3.20076e-01
 13 -0.01122 -5.51717e-01 | 14  0.00596 -1.39104e+00 | 15 -0.01149 -5.61388e-01
 16 -0.00905  7.99907e-01 | 17 -0.00354 -1.27000e+00 | 18  0.00419 -8.66773e-01
 19 -0.00304 -1.05910e+00 | 20  0.00743 -2.12422e+00 | 21  0.02244 -4.81854e-02
 22 -0.00473 -1.82233e+00 | 23  0.02272 -9.09757e-02 | 24  0.01107 -6.06682e-02
 25 -0.01349 -9.49700e-01 | 26 -0.00844 -5.16514e-01 | 27  0.02161  3.36308e-01
 28  0.00669 -1.15603e+00 | 29 -0.01302  1.40035e+00 | 30 -0.00327  7.62446e-01
 31 -0.01311  4.12188e-01 | 32  0.01439 -2.03578e+00 | 33  0.00280  2.52029e-01
 34 -0.00289  8.55471e-02 | 35  0.01701 -6.10413e-01 | 36  0.01652 -5.44642e-01
 37 -0.00061 -5.81447e-01 | 38 -0.01446  1.99569e+00 | 39  0.01182 -3.37626e-01
 40  0.00321  7.05609e-01 | 41  0.01573 -1.83678e-01 | 42 -0.01381 -3.39380e-02
 43 -0.03798  4.61089e-01 | 44 -0.00130  1.16100e+00 | 45  0.01900 -1.49168e+00
 46 -0.02974 -1.15751e-01 | 47  0.02308  2.02252e-02 | 48  0.00930 -6.79042e-01
 49  0.00084 -1.17284e+00 | 50 -0.01711 -1.10140e-01 | 51  0.00655  4.19789e-01
 52  0.02220 -1.85704e-01 | 53 -0.00981  5.81263e-01 | 54 -0.00150 -5.16575e-01
 55 -0.04585 -1.21250e+00 | 56 -0.01664  2.35702e-01 | 57 -0.00580  7.06196e-02
 58  0.02902  1.41715e+00 | 59 -0.00532  1.45336e+00 | 60  0.01411  4.12905e-01
 61 -0.03310  1.27604e+00 | 62  0.00079  1.76162e+00 | 63 -0.02168 -3.78540e-01
 64 -0.00424 -8.50563e-02 | 65 -0.01429 -2.33592e+00 | 66 -0.02030  1.21163e+00
 67 -0.01808 -1.94042e-01 | 68  0.01838  9.51311e-01 | 69 -0.02591 -3.63582e-01
 70 -0.04512 -3.02031e-01 | 71  0.00688  8.18258e-01 | 72 -0.01074  2.36209e-01
 73  0.00663  2.52140e+00 | 74  0.01279 -6.49621e-01 | 75  0.01546  1.93961e+00
 76  0.01852  1.20107e+00 | 77  0.01052 -5.15593e-01 | 78 -0.02274 -5.28281e-01
 79 -0.04753  1.53214e+00 | 80  0.00252 -6.45962e-01 | 81  0.00852 -3.99128e-01
 82 -0.00088  2.16419e+00 | 83  0.01493  3.23416e+00 | 84  0.04620  8.36144e-01
 85 -0.01069  1.75734e-01 | 86 -0.00973  1.30475e+00 | 87  0.01191 -8.93501e-01
 88 -0.01725  7.01061e-01 | 89  0.01287 -2.22060e+00 | 90  0.02216  2.24205e+00
 91  0.00700  3.92997e+00 | 92 -0.00499  6.43143e-01 | 93 -0.00021 -4.56584e-01
 94  0.02341 -1.87473e+00 | 95 -0.00388  2.79917e-01 | 96  0.02303  1.25615e-01
 97  0.01506 -6.51019e-02 | 98  0.01022 -1.80606e+00 | 99 -0.00225 -1.41150e+00
100  0.02505 -2.01067e+00 |101  0.02009  7.04930e-01 |102 -0.01247 -3.35535e-01
103 -0.00900 -2.60965e-01 |104 -0.00145 -1.13339e+00 |105 -0.00004 -4.54192e-01
106 -0.00004 -4.54198e-01 |107  0.81415  1.21168e+00 |108 -0.41677 -7.95342e+00
109  0.19855 -1.38791e+00 |110 -0.25762  2.84655e+00 |
110 variables; iteration 80; function evaluation 99; phase 5
Function value 2.1926038e+03; maximum gradient component mag -1.6357e+00
Var    Value     Gradient |Var    Value     Gradient |Var    Value     Gradient
  1 -0.47513  3.97596e-01 |  2 -0.42636  1.62312e+00 |  3 -0.39318  1.22506e+00
  4 -0.42160  7.50943e-02 |  5 -0.39451 -6.63581e-02 |  6  0.63199  5.74304e-01
  7  0.01586 -5.66798e-02 |  8 -0.00078 -3.40112e-02 |  9 -0.00440 -1.68158e-01
 10 -0.00847 -2.80810e-01 | 11  0.00380  2.31172e-03 | 12 -0.00679  3.67248e-02
 13 -0.01093  2.49203e-01 | 14  0.00650  1.26695e-01 | 15 -0.01134  1.05461e-02
 16 -0.00953 -1.49822e-01 | 17 -0.00317  6.62152e-02 | 18  0.00443  2.75233e-01
 19 -0.00277  2.58911e-01 | 20  0.00778 -1.46275e-01 | 21  0.02236 -8.13533e-02
 22 -0.00446  2.67984e-02 | 23  0.02265 -1.54425e-01 | 24  0.01101 -1.39926e-01
 25 -0.01344 -1.53989e-01 | 26 -0.00840  3.35728e-01 | 27  0.02150 -4.56583e-01
 28  0.00676  2.73746e-01 | 29 -0.01320 -4.43354e-02 | 30 -0.00338 -2.31450e-01
 31 -0.01324 -6.01494e-01 | 32  0.01447  1.56624e-01 | 33  0.00272 -3.07354e-02
 34 -0.00295  5.95008e-02 | 35  0.01697 -2.34946e-01 | 36  0.01648 -2.51186e-01
 37 -0.00061  8.06770e-02 | 38 -0.01471  4.42838e-03 | 39  0.01180  1.18152e-01
 40  0.00312  1.03035e-01 | 41  0.01569  1.43632e-02 | 42 -0.01387 -2.59442e-01
 43 -0.03810 -1.89977e-01 | 44 -0.00145 -1.98306e-01 | 45  0.01904  1.69116e-01
 46 -0.02976  1.91407e-01 | 47  0.02304 -2.72930e-03 | 48  0.00932  1.97671e-01
 49  0.00088 -8.35921e-02 | 50 -0.01713 -3.99141e-02 | 51  0.00651  2.57280e-01
 52  0.02218  4.69577e-02 | 53 -0.00988  1.82972e-01 | 54 -0.00152 -3.12212e-01
 55 -0.04569  5.22511e-01 | 56 -0.01671 -4.79817e-02 | 57 -0.00586 -3.46171e-01
 58  0.02896  4.51251e-01 | 59 -0.00543  6.75322e-02 | 60  0.01408  3.10645e-01
 61 -0.03324 -1.16825e-01 | 62  0.00068 -9.11037e-03 | 63 -0.02171  4.71343e-02
 64 -0.00429 -5.90995e-01 | 65 -0.01424 -1.56261e-01 | 66 -0.02041 -5.78606e-01
 67 -0.01810  1.44692e-01 | 68  0.01832 -1.88769e-03 | 69 -0.02593 -1.59474e-01
 70 -0.04513  1.49562e-01 | 71  0.00683  1.04035e-01 | 72 -0.01078  3.71381e-02
 73  0.00648 -1.63568e+00 | 74  0.01281  7.51433e-01 | 75  0.01538 -1.18918e-01
 76  0.01846  5.78083e-02 | 77  0.01052  2.46272e-01 | 78 -0.02273  2.26873e-01
 79 -0.04769  1.52664e-01 | 80  0.00251 -4.26434e-03 | 81  0.00851  2.81665e-01
 82 -0.00098  2.89745e-01 | 83  0.01482  4.03708e-01 | 84  0.04616  2.86769e-02
 85 -0.01073  5.56133e-02 | 86 -0.00983 -1.02833e-01 | 87  0.01191 -1.54330e-01
 88 -0.01731  1.29008e-01 | 89  0.01293  3.21186e-01 | 90  0.02206 -1.46656e-01
 91  0.00681 -2.79178e-01 | 92 -0.00503  1.60747e-01 | 93 -0.00021  2.66883e-01
 94  0.02342 -5.81918e-01 | 95 -0.00392 -3.90690e-02 | 96  0.02300 -3.62193e-01
 97  0.01507  4.27867e-01 | 98  0.01026 -3.48376e-01 | 99 -0.00216  3.08379e-01
100  0.02515  1.41445e-01 |101  0.02001  4.08335e-02 |102 -0.01245 -3.76836e-02
103 -0.00892  3.90880e-02 |104 -0.00083 -2.02162e-02 |105  0.00023  1.08204e-01
106  0.00023  1.08206e-01 |107  0.81422 -8.43777e-03 |108 -0.41674  8.11985e-02
109  0.19856 -2.50821e-01 |110 -0.25759  3.81438e-01 |
110 variables; iteration 100; function evaluation 127; phase 5
Function value 2.1926036e+03; maximum gradient component mag 5.7470e-01
Var    Value     Gradient |Var    Value     Gradient |Var    Value     Gradient
  1 -0.47522  1.16483e-01 |  2 -0.42636  5.74696e-01 |  3 -0.39316  3.75117e-01
  4 -0.42157  1.42507e-02 |  5 -0.39448 -1.52248e-02 |  6  0.63197  1.65811e-01
  7  0.01583 -1.34003e-01 |  8 -0.00078 -4.79919e-02 |  9 -0.00431 -2.37810e-02
 10 -0.00840 -1.57403e-01 | 11  0.00381  1.95103e-02 | 12 -0.00686 -9.19343e-02
 13 -0.01105  1.32742e-02 | 14  0.00643 -3.06335e-02 | 15 -0.01137 -6.21477e-02
 16 -0.00947 -1.26533e-02 | 17 -0.00319  2.05972e-02 | 18  0.00440  1.45685e-01
 19 -0.00282  5.02767e-02 | 20  0.00781 -2.35076e-02 | 21  0.02238 -6.72826e-03
 22 -0.00445  1.99653e-02 | 23  0.02267 -6.01970e-02 | 24  0.01103  3.70179e-02
 25 -0.01341 -3.67959e-02 | 26 -0.00843  2.26979e-02 | 27  0.02153 -6.66009e-02
 28  0.00674 -4.17747e-04 | 29 -0.01320 -8.13165e-02 | 30 -0.00336 -7.49939e-02
 31 -0.01319 -1.16832e-01 | 32  0.01447  7.17793e-02 | 33  0.00272 -2.87782e-02
 34 -0.00295 -3.89850e-02 | 35  0.01699 -4.30931e-03 | 36  0.01650 -1.59273e-02
 37 -0.00062 -5.92841e-02 | 38 -0.01470  5.67779e-02 | 39  0.01181  1.12824e-01
 40  0.00310 -1.98620e-01 | 41  0.01569 -8.41015e-02 | 42 -0.01385 -5.69320e-02
 43 -0.03807  7.85978e-02 | 44 -0.00142  5.29029e-02 | 45  0.01904 -8.78439e-03
 46 -0.02978 -6.41846e-02 | 47  0.02305  2.51311e-02 | 48  0.00932  8.65005e-02
 49  0.00089 -7.12040e-02 | 50 -0.01710  2.53500e-01 | 51  0.00650  1.00906e-01
 52  0.02218 -1.35683e-01 | 53 -0.00989  1.12379e-02 | 54 -0.00150 -1.55063e-01
 55 -0.04572  2.10530e-01 | 56 -0.01670 -2.80895e-02 | 57 -0.00583 -3.74270e-02
 58  0.02896  1.49709e-01 | 59 -0.00543  1.60980e-02 | 60  0.01408  1.22695e-01
 61 -0.03323 -1.61600e-02 | 62  0.00069  4.89990e-02 | 63 -0.02170  1.63547e-02
 64 -0.00427 -1.48371e-01 | 65 -0.01423 -3.91564e-04 | 66 -0.02038 -1.67753e-01
 67 -0.01810  4.57270e-02 | 68  0.01833  4.55969e-03 | 69 -0.02592  2.66142e-02
 70 -0.04513  1.79342e-02 | 71  0.00683  4.11654e-02 | 72 -0.01078  1.19901e-02
 73  0.00652 -4.40148e-01 | 74  0.01280  2.10862e-01 | 75  0.01539 -3.07507e-02
 76  0.01847  1.55954e-02 | 77  0.01052  8.29857e-02 | 78 -0.02274 -4.38310e-02
 79 -0.04770 -7.66894e-02 | 80  0.00252  9.26025e-03 | 81  0.00851  8.62195e-02
 82 -0.00099  6.84237e-02 | 83  0.01482  1.20730e-01 | 84  0.04617  1.40746e-02
 85 -0.01072  6.86317e-02 | 86 -0.00982  1.65700e-03 | 87  0.01192 -3.62468e-02
 88 -0.01730  1.02220e-01 | 89  0.01293  9.97121e-02 | 90  0.02207 -3.58101e-02
 91  0.00683 -4.95355e-02 | 92 -0.00503  2.32377e-02 | 93 -0.00021  1.23757e-01
 94  0.02344 -1.39017e-01 | 95 -0.00392 -9.89382e-02 | 96  0.02302 -7.17068e-02
 97  0.01506  9.56001e-02 | 98  0.01029  9.05828e-03 | 99 -0.00217  3.54926e-02
100  0.02515  4.95560e-02 |101  0.02002  2.95682e-02 |102 -0.01244 -6.21485e-03
103 -0.00892  2.82019e-02 |104 -0.00080  2.66827e-02 |105  0.00010 -7.72656e-02
106  0.00010 -7.72667e-02 |107  0.81421 -1.52300e-02 |108 -0.41674  5.21469e-02
109  0.19856 -8.68746e-02 |110 -0.25759  1.13442e-01 |

 - final statistics:
110 variables; iteration 119; function evaluation 160
Function value 2.1926e+03; maximum gradient component mag -3.2046e-06
Exit code = 1;  converg criter 1.0000e-04
Var    Value     Gradient |Var    Value     Gradient |Var    Value     Gradient
  1 -0.47527  3.32128e-07 |  2 -0.42637  1.51823e-06 |  3 -0.39314  8.92909e-07
  4 -0.42155  4.21318e-08 |  5 -0.39446  4.37974e-08 |  6  0.63198  4.68777e-08
  7  0.01588 -2.56652e-07 |  8 -0.00076  1.06780e-07 |  9 -0.00430 -6.19515e-08
 10 -0.00831 -2.32617e-07 | 11  0.00380  5.16172e-08 | 12 -0.00682 -7.47645e-08
 13 -0.01106  4.14846e-09 | 14  0.00644 -3.83810e-08 | 15 -0.01135 -1.17807e-07
 16 -0.00947  2.16066e-09 | 17 -0.00320  3.22855e-08 | 18  0.00436  2.23762e-07
 19 -0.00284  5.47449e-08 | 20  0.00782 -3.99674e-08 | 21  0.02238 -2.87102e-08
 22 -0.00446  1.93388e-08 | 23  0.02267 -6.68262e-08 | 24  0.01103 -2.10095e-08
 25 -0.01341 -5.72889e-08 | 26 -0.00843  5.40936e-08 | 27  0.02154  1.48985e-07
 28  0.00674 -2.26758e-07 | 29 -0.01320  5.19930e-08 | 30 -0.00336 -2.59818e-07
 31 -0.01318 -1.48189e-07 | 32  0.01447  1.19829e-07 | 33  0.00273 -1.96864e-06
 34 -0.00295 -3.43019e-07 | 35  0.01699 -6.57305e-07 | 36  0.01650  3.43222e-07
 37 -0.00061 -2.25141e-08 | 38 -0.01471 -7.58784e-08 | 39  0.01180  5.51179e-07
 40  0.00312  1.28750e-08 | 41  0.01570 -1.75508e-07 | 42 -0.01384 -3.60043e-07
 43 -0.03808  7.08190e-08 | 44 -0.00143  2.03885e-07 | 45  0.01904  2.93856e-07
 46 -0.02978 -1.58615e-07 | 47  0.02305  2.58506e-07 | 48  0.00932  3.22054e-07
 49  0.00089 -5.08375e-08 | 50 -0.01713  1.05915e-07 | 51  0.00650 -1.97255e-07
 52  0.02218 -4.11021e-07 | 53 -0.00989  8.49576e-07 | 54 -0.00149 -4.32944e-07
 55 -0.04575  2.23607e-07 | 56 -0.01670 -1.38193e-06 | 57 -0.00583  3.01220e-07
 58  0.02895  2.58259e-07 | 59 -0.00543  1.71350e-07 | 60  0.01407  2.60393e-07
 61 -0.03323  5.16832e-07 | 62  0.00069  1.24262e-07 | 63 -0.02170  2.45891e-07
 64 -0.00426 -1.44986e-07 | 65 -0.01423  1.07477e-07 | 66 -0.02038 -1.75100e-07
 67 -0.01810  1.22903e-07 | 68  0.01833  2.17420e-08 | 69 -0.02592  1.58163e-07
 70 -0.04514 -3.48084e-07 | 71  0.00683  1.15135e-07 | 72 -0.01078  4.56641e-08
 73  0.00654 -6.36344e-07 | 74  0.01279  3.31792e-07 | 75  0.01539 -3.30240e-08
 76  0.01847  2.52889e-08 | 77  0.01052  1.46140e-07 | 78 -0.02274 -1.34932e-07
 79 -0.04769  9.48276e-09 | 80  0.00251  4.67141e-08 | 81  0.00851  1.64334e-07
 82 -0.00099  1.09969e-07 | 83  0.01481  1.76159e-07 | 84  0.04617  2.57022e-08
 85 -0.01073  2.39799e-07 | 86 -0.00982  3.66963e-08 | 87  0.01192 -2.08246e-08
 88 -0.01731  3.94505e-07 | 89  0.01292  1.81458e-07 | 90  0.02207 -3.00809e-08
 91  0.00683 -4.30512e-08 | 92 -0.00503  1.65856e-07 | 93 -0.00022  2.01927e-07
 94  0.02345 -1.29465e-07 | 95 -0.00392 -1.76519e-07 | 96  0.02302 -2.14005e-08
 97  0.01505  2.22333e-07 | 98  0.01028  1.29645e-07 | 99 -0.00217  8.48752e-08
100  0.02515  4.09395e-07 |101  0.02001 -2.86530e-07 |102 -0.01244 -6.38957e-08
103 -0.00892  5.40933e-08 |104 -0.00082  2.46943e-07 |105  0.00015  2.96779e-06
106  0.00015 -3.20455e-06 |107  0.81421 -1.64870e-07 |108 -0.41674  7.21114e-07
109  0.19857 -2.10916e-07 |110 -0.25758  3.54810e-07 |

 - final statistics:
122 variables; iteration 0; function evaluation 0
Function value 2.1926e+03; maximum gradient component mag -3.2046e-06
Exit code = 0;  converg criter 1.0000e-04
Var    Value     Gradient |Var    Value     Gradient |Var    Value     Gradient
  1 -0.47527  3.32153e-07 |  2 -0.42637  1.51861e-06 |  3 -0.39314  8.93049e-07
  4 -0.42155  4.21404e-08 |  5 -0.39446  4.38188e-08 |  6  0.63198  4.69714e-08
  7  0.01588 -2.56652e-07 |  8 -0.00076  1.06780e-07 |  9 -0.00430 -6.19514e-08
 10 -0.00831 -2.32617e-07 | 11  0.00380  5.16173e-08 | 12 -0.00682 -7.48142e-08
 13 -0.01106  4.09880e-09 | 14  0.00644 -3.84307e-08 | 15 -0.01135 -1.17856e-07
 16 -0.00947  2.11112e-09 | 17 -0.00320  3.22360e-08 | 18  0.00436  2.23712e-07
 19 -0.00284  5.46955e-08 | 20  0.00782 -4.00167e-08 | 21  0.02238 -2.87587e-08
 22 -0.00446  1.92894e-08 | 23  0.02267 -6.68744e-08 | 24  0.01103 -2.10587e-08
 25 -0.01341 -5.73385e-08 | 26 -0.00843  5.40440e-08 | 27  0.02154  1.48934e-07
 28  0.00674 -2.26809e-07 | 29 -0.01320  5.19435e-08 | 30 -0.00336 -2.59868e-07
 31 -0.01318 -1.48237e-07 | 32  0.01447  1.19781e-07 | 33  0.00273 -1.96869e-06
 34 -0.00295 -3.43068e-07 | 35  0.01699 -6.57353e-07 | 36  0.01650  3.43174e-07
 37 -0.00061 -2.25622e-08 | 38 -0.01471 -7.59269e-08 | 39  0.01180  5.51131e-07
 40  0.00312  1.28274e-08 | 41  0.01570 -1.75556e-07 | 42 -0.01384 -3.60091e-07
 43 -0.03808  7.07705e-08 | 44 -0.00143  2.03837e-07 | 45  0.01904  2.93810e-07
 46 -0.02978 -1.58663e-07 | 47  0.02305  2.58460e-07 | 48  0.00932  3.22008e-07
 49  0.00089 -5.08840e-08 | 50 -0.01713  1.05868e-07 | 51  0.00650 -1.97301e-07
 52  0.02218 -4.11065e-07 | 53 -0.00989  8.49530e-07 | 54 -0.00149 -4.32990e-07
 55 -0.04575  2.23560e-07 | 56 -0.01670 -1.38197e-06 | 57 -0.00583  3.01175e-07
 58  0.02895  2.58214e-07 | 59 -0.00543  1.71305e-07 | 60  0.01407  2.60350e-07
 61 -0.03323  5.16786e-07 | 62  0.00069  1.24218e-07 | 63 -0.02170  2.45845e-07
 64 -0.00426 -1.45030e-07 | 65 -0.01423  1.07434e-07 | 66 -0.02038 -1.75144e-07
 67 -0.01810  1.22860e-07 | 68  0.01833  2.17040e-08 | 69 -0.02592  1.58117e-07
 70 -0.04514 -3.48131e-07 | 71  0.00683  1.15097e-07 | 72 -0.01078  4.56193e-08
 73  0.00654 -6.36387e-07 | 74  0.01279  3.31752e-07 | 75  0.01539 -3.30669e-08
 76  0.01847  2.52454e-08 | 77  0.01052  1.46100e-07 | 78 -0.02274 -1.34978e-07
 79 -0.04769  9.43570e-09 | 80  0.00251  4.66678e-08 | 81  0.00851  1.64292e-07
 82 -0.00099  1.09925e-07 | 83  0.01481  1.76115e-07 | 84  0.04617  2.56609e-08
 85 -0.01073  2.39752e-07 | 86 -0.00982  3.66500e-08 | 87  0.01192 -2.08670e-08
 88 -0.01731  3.94458e-07 | 89  0.01292  1.81413e-07 | 90  0.02207 -3.01270e-08
 91  0.00683 -4.30986e-08 | 92 -0.00503  1.65808e-07 | 93 -0.00022  2.01879e-07
 94  0.02345 -1.29516e-07 | 95 -0.00392 -1.76567e-07 | 96  0.02302 -2.14497e-08
 97  0.01505  2.22284e-07 | 98  0.01028  1.29596e-07 | 99 -0.00217  8.48267e-08
100  0.02515  4.09344e-07 |101  0.02001 -2.86578e-07 |102 -0.01244 -6.39455e-08
103 -0.00892  5.40443e-08 |104 -0.00082  2.46893e-07 |105  0.00015  2.96774e-06
106  0.00015 -3.20460e-06 |107  0.00000  0.00000e+00 |108  0.00000  0.00000e+00
109  0.00000  0.00000e+00 |110  0.00000  0.00000e+00 |111  0.00000  0.00000e+00
112  0.00000  0.00000e+00 |113  0.00000  0.00000e+00 |114  0.00000  0.00000e+00
115  0.00000  0.00000e+00 |116  0.00000  0.00000e+00 |117  0.00000  0.00000e+00
118  0.00000  0.00000e+00 |119  0.81421 -1.64880e-07 |120 -0.41674  7.21186e-07
121  0.19857 -2.10926e-07 |122 -0.25758  3.54839e-07 |
size of file gradfil1.tmp = 0
size of file gradfil2.tmp = 0
size of file varssave.tmp = 0
size of file cmpdiff.tmp = 0
