
Initial statistics: 1 variables; iteration 0; function evaluation 0; phase 1
Function value 2.8888374e+03; maximum gradient component mag -1.1804e+04
Var    Value     Gradient |Var    Value     Gradient |Var    Value     Gradient
  1  0.63197 -1.18043e+04 |

 - final statistics:
1 variables; iteration 6; function evaluation 9
Function value 2.7962e+03; maximum gradient component mag -5.2690e-01
Exit code = 1;  converg criter 1.0000e+01
Var    Value     Gradient |Var    Value     Gradient |Var    Value     Gradient
  1  0.65026 -5.26903e-01 |

Initial statistics: 98 variables; iteration 0; function evaluation 0; phase 2
Function value 2.7961721e+03; maximum gradient component mag -2.4309e+03
Var    Value     Gradient |Var    Value     Gradient |Var    Value     Gradient
  1  0.65026 -5.26903e-01 |  2  0.00000  1.08454e+01 |  3  0.00000 -7.19167e+01
  4  0.00000  6.77351e+01 |  5  0.00000  3.41545e+01 |  6  0.00000  3.49409e+01
  7  0.00000 -1.32407e+01 |  8  0.00000  9.51161e+01 |  9  0.00000  3.66735e+01
 10  0.00000  1.73670e+02 | 11  0.00000  4.80025e+01 | 12  0.00000 -6.77897e+00
 13  0.00000 -3.32221e+01 | 14  0.00000 -1.93586e+01 | 15  0.00000  3.56630e+02
 16  0.00000  2.62576e+02 | 17  0.00000  5.20589e+02 | 18  0.00000 -2.60500e+01
 19  0.00000  4.49003e+02 | 20  0.00000 -2.38829e+02 | 21  0.00000  2.24376e+02
 22  0.00000  3.82290e+01 | 23  0.00000  6.13366e+01 | 24  0.00000 -7.45824e+02
 25  0.00000  1.64023e+02 | 26  0.00000 -1.26928e+02 | 27  0.00000  2.74875e+02
 28  0.00000  3.26773e+02 | 29  0.00000  1.68690e+02 | 30  0.00000 -9.46427e+01
 31  0.00000 -1.35306e+02 | 32  0.00000  2.02439e+02 | 33  0.00000  2.80979e+02
 34  0.00000  2.09212e+02 | 35  0.00000  2.83475e+02 | 36  0.00000  3.63291e+02
 37  0.00000 -1.85423e+02 | 38  0.00000 -3.20371e+02 | 39  0.00000 -5.37885e+02
 40  0.00000  4.65735e+02 | 41  0.00000 -9.85027e+01 | 42  0.00000  3.43092e+02
 43  0.00000  1.81967e+01 | 44  0.00000 -1.74425e+02 | 45  0.00000 -5.69103e+02
 46  0.00000 -1.65777e+02 | 47  0.00000  5.52317e+02 | 48  0.00000  3.49571e+02
 49  0.00000 -3.78966e+02 | 50  0.00000  2.98238e+02 | 51  0.00000 -3.71671e+02
 52  0.00000  7.21847e+02 | 53  0.00000  1.09348e+03 | 54  0.00000 -9.48328e+02
 55  0.00000  3.18348e+02 | 56  0.00000  9.00960e+02 | 57  0.00000  7.53767e+02
 58  0.00000 -1.38927e+03 | 59  0.00000 -2.13629e+02 | 60  0.00000 -6.43328e+01
 61  0.00000 -1.13484e+03 | 62  0.00000  2.55487e+02 | 63  0.00000  1.12762e+03
 64  0.00000  1.19089e+03 | 65  0.00000 -1.18377e+03 | 66  0.00000 -1.17287e+03
 67  0.00000  5.46279e+02 | 68  0.00000 -6.78017e+02 | 69  0.00000  1.79295e+02
 70  0.00000  2.36864e+02 | 71  0.00000 -6.28296e+02 | 72  0.00000 -7.90587e+02
 73  0.00000 -2.60556e+02 | 74  0.00000  4.08647e+02 | 75  0.00000  9.12439e+01
 76  0.00000 -4.80408e+02 | 77  0.00000 -6.61398e+02 | 78  0.00000 -8.95792e+02
 79  0.00000  6.16777e+01 | 80  0.00000 -2.43086e+03 | 81  0.00000  4.73498e+02
 82  0.00000 -7.47488e+01 | 83  0.00000  3.98806e+02 | 84  0.00000  4.58871e+02
 85  0.00000 -2.80849e+02 | 86  0.00000  9.79898e+02 | 87  0.00000  3.10987e+02
 88  0.00000 -3.56878e+02 | 89  0.00000  3.55155e+02 | 90  0.00000  2.75406e+02
 91  0.00000 -1.60284e+02 | 92  0.00000  1.76644e+02 | 93  0.00000  6.76332e+01
 94  0.00000  9.82543e+00 | 95  0.00000  6.01039e+00 | 96  0.00000  6.01030e+00
 97  0.81654  2.32797e+02 | 98  0.22185 -2.43987e+02 |

Intermediate statistics: 98 variables; iteration 20; function evaluation 30; phase 2
Function value 2.3152548e+03; maximum gradient component mag -1.3714e+03
Var    Value     Gradient |Var    Value     Gradient |Var    Value     Gradient
  1  0.63513 -6.91833e+02 |  2 -0.00145  2.65595e+01 |  3  0.00937 -3.07183e+01
  4 -0.02658  2.43201e+01 |  5  0.00077  5.55666e+01 |  6 -0.00126  5.06720e+01
  7  0.02540  1.06716e+02 |  8 -0.03643 -8.24126e+00 |  9  0.01168  1.12745e+02
 10 -0.05641 -3.00250e+01 | 11  0.01614  1.71280e+02 | 12 -0.00861 -4.59312e+01
 13 -0.00406 -5.14818e+01 | 14 -0.00631 -6.60674e+01 | 15 -0.04808 -9.41170e+00
 16 -0.01350  1.15888e+02 | 17 -0.02478  2.42796e+02 | 18 -0.00013 -3.63770e+00
 19 -0.03074  1.08965e+02 | 20  0.01094 -3.18693e+01 | 21 -0.01612  4.88449e+01
 22  0.00171  8.85008e+01 | 23 -0.00485  2.91637e+01 | 24  0.02779 -2.65563e+02
 25 -0.01265  1.50763e+01 | 26  0.00400 -6.29079e+01 | 27 -0.01257  9.76080e+01
 28 -0.01802  8.08312e+01 | 29 -0.00934  4.41618e+01 | 30  0.00315 -4.07143e+01
 31  0.00557 -4.93168e+01 | 32 -0.01535  6.08489e-02 | 33 -0.01613  5.37162e+01
 34 -0.00286  1.41348e+02 | 35 -0.01139  9.41527e+01 | 36 -0.02186  5.31291e+01
 37  0.01350 -1.58303e+01 | 38  0.02042 -4.13861e+01 | 39  0.03316 -3.18101e+01
 40 -0.01606  1.92631e+02 | 41  0.01547  3.55748e+01 | 42 -0.01091  1.15144e+02
 43  0.01691  1.96598e+02 | 44  0.02134  9.66140e+01 | 45  0.02804 -1.58884e+02
 46  0.01612  1.64051e+01 | 47 -0.02209  1.54644e+02 | 48 -0.01009  1.04448e+02
 49  0.01898 -1.16717e+02 | 50 -0.00290  1.65685e+02 | 51  0.01699 -8.39074e+01
 52 -0.02049  1.97168e+02 | 53 -0.02689  4.20408e+02 | 54  0.02685 -1.58215e+02
 55 -0.00584  6.78301e+01 | 56 -0.02322  2.01846e+02 | 57 -0.02300  1.37967e+02
 58  0.03319 -4.48170e+02 | 59 -0.00174 -3.09132e+02 | 60 -0.00692 -2.77116e+02
 61  0.04546  4.29318e+02 | 62  0.00327  2.52902e+02 | 63 -0.02423  4.28687e+02
 64 -0.03286  3.82194e+02 | 65  0.03310 -1.97053e+02 | 66  0.02088 -6.30772e+02
 67 -0.02546  1.25139e+01 | 68  0.01262 -4.41732e+02 | 69 -0.00295  3.65139e+01
 70 -0.01044 -4.67305e+01 | 71  0.01492 -3.02109e+02 | 72  0.01092 -5.51133e+02
 73  0.00672 -1.56537e+02 | 74 -0.01407  3.55216e+01 | 75 -0.00035  1.33017e+01
 76  0.01153 -2.27372e+02 | 77  0.02042 -1.36014e+02 | 78  0.02916 -1.36059e+02
 79 -0.02300 -2.71193e+02 | 80  0.03856 -1.37143e+03 | 81 -0.03113 -1.20803e+02
 82  0.00847  6.51571e+01 | 83 -0.00616  1.76901e+02 | 84 -0.00958  1.56120e+02
 85  0.01186  1.19442e+00 | 86 -0.02452  4.05636e+02 | 87 -0.00167  2.37983e+02
 88  0.00673 -2.26584e+02 | 89 -0.02217 -2.58490e+00 | 90 -0.00803  1.75986e+02
 91  0.01629  8.26915e+01 | 92 -0.01749  7.57815e+01 | 93 -0.00850  4.43045e+01
 94  0.02558  6.88430e+01 | 95  0.06975  1.30362e+02 | 96  0.06975  1.30364e+02
 97  0.80768  1.40034e+01 | 98  0.22413 -1.58887e+02 |
98 variables; iteration 40; function evaluation 57; phase 2
Function value 2.2526437e+03; maximum gradient component mag 2.1000e+03
Var    Value     Gradient |Var    Value     Gradient |Var    Value     Gradient
  1  0.62544  2.09999e+03 |  2 -0.00165 -6.11651e+01 |  3  0.06354  3.06385e+01
  4 -0.03083 -7.22012e+01 |  5 -0.00879 -6.05678e+01 |  6 -0.01430 -7.77453e+01
  7 -0.02156 -1.54719e+02 |  8 -0.01012 -1.97020e+01 |  9 -0.02936 -1.53349e+02
 10 -0.01542  1.97411e+01 | 11 -0.05195 -2.61504e+02 | 12  0.00618 -6.00063e+01
 13  0.01336 -2.63126e+01 | 14  0.00983 -3.81140e+01 | 15 -0.00860  1.61946e+02
 16 -0.01923 -5.32749e+01 | 17 -0.04004 -3.33915e+00 | 18  0.00547 -6.64136e+01
 19 -0.03975 -8.87743e+01 | 20  0.02230  1.28836e+01 | 21 -0.01300 -4.74942e+01
 22 -0.00142 -1.00533e+02 | 23  0.00038 -3.17754e+01 | 24  0.05078  1.02140e+02
 25 -0.00405 -6.52205e+00 | 26  0.01414 -5.10009e+01 | 27 -0.00946 -2.08094e+00
 28 -0.01360 -6.33229e-01 | 29 -0.00221  4.43774e+00 | 30  0.01241 -3.17393e+01
 31  0.01498 -2.80443e+01 | 32 -0.00436  1.80696e+01 | 33 -0.00931  1.72836e+01
 34 -0.00406  1.97354e+00 | 35 -0.00555  5.14239e+01 | 36 -0.02029 -3.40984e+01
 37  0.01988 -9.60389e+00 | 38  0.02909  3.03551e+01 | 39  0.04097  5.61088e+01
 40 -0.02388  2.69390e+01 | 41  0.01225 -1.07210e+02 | 42 -0.01008  3.70633e+01
 43  0.00969 -2.79173e+00 | 44  0.01830 -2.32668e+01 | 45  0.04591  2.14152e+02
 46  0.02180  7.26362e+01 | 47 -0.02764  2.35320e+01 | 48 -0.00637  9.76985e+01
 49  0.03266  1.75805e+02 | 50 -0.00538  7.03140e+01 | 51  0.02605  1.13355e+02
 52 -0.01792  1.61499e+02 | 53 -0.04471  6.63564e+01 | 54  0.03868  2.77373e+02
 55  0.00149  1.69273e+02 | 56 -0.02884  1.28928e+00 | 57 -0.02435  3.67762e+01
 58  0.04904  2.96328e+02 | 59  0.01866  2.51269e+02 | 60  0.01727  3.44054e+02
 61  0.04308  2.67616e+02 | 62 -0.00184  2.34655e+01 | 63 -0.03588  1.33011e+02
 64 -0.05276  1.28378e+01 | 65  0.03767 -2.78699e+01 | 66  0.03652 -4.45591e+01
 67 -0.02906 -7.44234e+01 | 68  0.02829  5.82911e+01 | 69 -0.00407 -2.65514e+01
 70 -0.00632 -6.36086e-01 | 71  0.02567  4.38022e+01 | 72  0.02930  2.53490e+01
 73  0.01031 -7.73735e+01 | 74 -0.01479 -3.66318e+01 | 75 -0.00155 -7.09431e+01
 76  0.01851 -7.36257e+01 | 77  0.02369 -6.24630e+01 | 78  0.03235 -1.59238e+01
 79 -0.00287  5.62180e+01 | 80  0.06027 -2.84702e+02 | 81 -0.02074 -9.97632e+00
 82  0.00436 -1.52898e+02 | 83 -0.01319 -1.00782e+02 | 84 -0.01457 -9.25300e+01
 85  0.01325 -1.30032e+02 | 86 -0.03966  4.10169e+01 | 87 -0.00735 -6.40298e+00
 88  0.01950  3.66217e+00 | 89 -0.01891 -4.35542e+01 | 90 -0.01436 -2.60830e+00
 91  0.01585 -3.88353e+01 | 92 -0.04404 -1.62139e+02 | 93 -0.01810 -8.49492e+01
 94  0.00386 -4.90906e+01 | 95 -0.04460 -1.27506e+02 | 96 -0.04460 -1.27511e+02
 97  0.79408  2.25300e+00 | 98  0.22547 -2.04976e+01 |
98 variables; iteration 60; function evaluation 84; phase 2
Function value 2.2205439e+03; maximum gradient component mag 6.2642e+02
Var    Value     Gradient |Var    Value     Gradient |Var    Value     Gradient
  1  0.62313  6.26419e+02 |  2 -0.00183 -1.92958e+01 |  3  0.02492 -3.98409e+01
  4 -0.03153 -3.11260e+01 |  5 -0.00891 -1.81003e+01 |  6 -0.00896 -2.08772e+01
  7  0.00901 -1.45282e+01 |  8 -0.02120 -1.16687e+01 |  9 -0.00802 -3.29461e+01
 10 -0.04163 -3.25246e+01 | 11 -0.00744 -3.53098e+01 | 12  0.00173 -4.43979e+01
 13  0.00706 -3.45153e+01 | 14  0.00622 -2.95884e+01 | 15 -0.03409  1.38215e+01
 16 -0.02107 -2.91636e+01 | 17 -0.04460  5.24861e+00 | 18  0.00536 -1.88392e+01
 19 -0.03635 -1.25530e+01 | 20  0.01862  1.17469e+00 | 21 -0.01529 -2.24455e+01
 22  0.00148 -1.08089e+01 | 23 -0.00177 -1.39137e+01 | 24  0.04562  1.37796e+01
 25 -0.00863 -1.87439e+01 | 26  0.01316 -2.08320e+01 | 27 -0.01463 -1.89931e+01
 28 -0.01940 -2.23408e+01 | 29 -0.00708 -1.52876e+01 | 30  0.01127 -8.40495e+00
 31  0.01282 -2.50501e+01 | 32 -0.00991 -1.41816e+01 | 33 -0.01500 -1.54135e+01
 34 -0.00679 -3.95058e+00 | 35 -0.01261 -6.81541e+00 | 36 -0.02096 -1.17395e+01
 37  0.02032  9.68138e+00 | 38  0.02921  2.79136e+01 | 39  0.04053  2.09734e+01
 40 -0.02652  1.91671e+01 | 41  0.02055  2.03985e+01 | 42 -0.01318  1.03227e+01
 43  0.01126  8.72741e+00 | 44  0.02343  3.54892e+01 | 45  0.04244  5.38788e+01
 46  0.02255  4.08407e+01 | 47 -0.02737  2.56700e+01 | 48 -0.00953  3.40191e+01
 49  0.03215  8.06830e+01 | 50 -0.00613  2.96738e+01 | 51  0.02551  1.97175e+01
 52 -0.02454  3.74050e+01 | 53 -0.04647  4.57972e+01 | 54  0.03535  1.62499e+01
 55 -0.00467 -1.99370e+01 | 56 -0.02599  5.09566e+01 | 57 -0.02413  3.81781e+01
 58  0.04644  5.86889e+01 | 59  0.01359  3.83430e+01 | 60  0.00909  4.79264e+01
 61  0.03856 -3.53196e+01 | 62 -0.00087  2.37484e+01 | 63 -0.04201  5.59897e+01
 64 -0.05166  4.68025e+01 | 65  0.03942  8.36239e+00 | 66  0.03892  2.03647e+01
 67 -0.02524 -3.12830e+00 | 68  0.02830  3.02878e+01 | 69 -0.00208  1.81986e+01
 70 -0.00571  1.86346e+01 | 71  0.02616  4.25752e+01 | 72  0.02895  2.55968e+00
 73  0.01360  1.67206e+01 | 74 -0.01429 -4.35579e+00 | 75  0.00035 -9.91086e+00
 76  0.01982 -1.92699e+01 | 77  0.02719  5.50531e+01 | 78  0.03180 -3.32512e+01
 79 -0.00853 -2.80277e+01 | 80  0.06567  1.37584e+01 | 81 -0.02454 -4.11170e+01
 82  0.00711 -5.52014e+01 | 83 -0.01056 -1.50692e+01 | 84 -0.01117  1.14790e+01
 85  0.01577 -3.46795e+01 | 86 -0.04379  1.59757e+01 | 87 -0.00842 -1.17144e+01
 88  0.01982  1.75238e+01 | 89 -0.01957 -3.26678e+01 | 90 -0.01708 -1.41679e+01
 91  0.01658 -8.80487e+00 | 92 -0.03005 -5.55539e+01 | 93 -0.01445 -3.16213e+01
 94 -0.01746 -4.10681e+01 | 95  0.00334 -1.16441e+01 | 96  0.00335 -1.16386e+01
 97  0.80772  3.50237e+01 | 98  0.22901  2.99650e+01 |
Maximum number of function evaluations exceeded

 - final statistics:
98 variables; iteration 72; function evaluation 100
Function value 2.2191e+03; maximum gradient component mag 3.9468e+02
Exit code = 3;  converg criter 1.0000e+01
Var    Value     Gradient |Var    Value     Gradient |Var    Value     Gradient
  1  0.62323  3.94683e+02 |  2 -0.00776 -2.46469e+01 |  3  0.02774 -2.59270e+01
  4 -0.02909 -1.93935e+01 |  5 -0.00824 -9.76585e+00 |  6 -0.00592 -5.95239e+00
  7  0.00530 -2.10424e+01 |  8 -0.02707 -2.29673e+01 |  9 -0.00885 -2.95836e+01
 10 -0.03892 -1.68853e+01 | 11 -0.00132  3.93045e+00 | 12  0.00348 -2.61408e+01
 13  0.00784 -2.15191e+01 | 14  0.00792 -7.54388e+00 | 15 -0.03676  3.53103e+00
 16 -0.02087 -2.21224e+01 | 17 -0.04489  8.41192e+00 | 18  0.00587 -8.17497e+00
 19 -0.03622 -6.66840e+00 | 20  0.01863  3.63968e+00 | 21 -0.01489 -1.37873e+01
 22  0.00149 -6.17956e+00 | 23 -0.00184 -1.01597e+01 | 24  0.04490 -1.42656e+00
 25 -0.00853 -1.26712e+01 | 26  0.01296 -1.99772e+01 | 27 -0.01465 -1.44144e+01
 28 -0.01931 -1.67376e+01 | 29 -0.00728 -1.42126e+01 | 30  0.01056 -1.69697e+01
 31  0.01328 -1.55025e+01 | 32 -0.00962 -7.15829e+00 | 33 -0.01502 -1.22288e+01
 34 -0.00702 -4.22617e+00 | 35 -0.01292 -7.44319e+00 | 36 -0.02111 -9.96575e+00
 37  0.02007  5.12270e+00 | 38  0.02852  1.32933e+01 | 39  0.04016  8.87047e+00
 40 -0.02781  1.06361e+01 | 41  0.01998  8.55783e+00 | 42 -0.01376  5.25625e+00
 43  0.01102  2.68700e+00 | 44  0.02277  1.84286e+01 | 45  0.04189  2.89715e+01
 46  0.02200  2.25943e+01 | 47 -0.02783  2.05315e+01 | 48 -0.00980  2.61541e+01
 49  0.03080  3.12372e+01 | 50 -0.00657  1.62187e+01 | 51  0.02550  4.63443e+00
 52 -0.02569  1.75085e+01 | 53 -0.04799  2.84174e+01 | 54  0.03529  6.29181e+00
 55 -0.00385 -2.09402e+00 | 56 -0.02736  2.76855e+01 | 57 -0.02466  2.83353e+01
 58  0.04591  1.82825e+01 | 59  0.01321  2.11152e+01 | 60  0.00859  3.14652e+01
 61  0.03938 -6.92607e+00 | 62 -0.00078  2.53265e+01 | 63 -0.04367  3.61004e+01
 64 -0.05307  3.32412e+01 | 65  0.03967  1.53866e+01 | 66  0.03899  2.05603e+01
 67 -0.02514  1.64101e+00 | 68  0.02798  1.74795e+01 | 69 -0.00231  1.49995e+01
 70 -0.00576  1.98703e+01 | 71  0.02549  2.08292e+01 | 72  0.02886 -3.28210e-01
 73  0.01337  1.34461e+01 | 74 -0.01406  5.19994e+00 | 75  0.00062  1.91280e+00
 76  0.02014 -5.78154e+00 | 77  0.02618  2.55552e+01 | 78  0.03218 -1.83651e+01
 79 -0.00824 -1.78111e+01 | 80  0.06546  3.90122e+00 | 81 -0.02348 -1.75623e+01
 82  0.00801 -2.31538e+01 | 83 -0.01028 -2.05285e+00 | 84 -0.01169  6.05799e+00
 85  0.01596 -2.45293e+01 | 86 -0.04442  1.32877e+01 | 87 -0.00891 -1.79521e+01
 88  0.01923  3.55360e+00 | 89 -0.01866 -1.53079e+01 | 90 -0.01657 -2.45135e+00
 91  0.01689  1.46011e+00 | 92 -0.02679 -3.03367e+01 | 93 -0.01048 -1.07851e+01
 94 -0.00862 -2.04521e+01 | 95  0.00136 -8.05914e+00 | 96  0.00134 -8.09171e+00
 97  0.80715  2.27054e+01 | 98  0.22897  1.19630e+01 |

Initial statistics: 100 variables; iteration 0; function evaluation 0; phase 3
Function value 2.2191176e+03; maximum gradient component mag 3.9468e+02
Var    Value     Gradient |Var    Value     Gradient |Var    Value     Gradient
  1  0.62323  3.94683e+02 |  2 -0.00776 -2.48441e+01 |  3  0.02774 -2.61240e+01
  4 -0.02909 -1.95904e+01 |  5 -0.00824 -9.96302e+00 |  6 -0.00592 -6.14957e+00
  7  0.00530 -2.12396e+01 |  8 -0.02707 -2.31643e+01 |  9 -0.00886 -2.97808e+01
 10 -0.03893 -1.70821e+01 | 11 -0.00132  3.73326e+00 | 12  0.00347 -2.63380e+01
 13  0.00784 -2.17163e+01 | 14  0.00792 -7.74105e+00 | 15 -0.03676  3.33417e+00
 16 -0.02087 -2.23195e+01 | 17 -0.04490  8.21522e+00 | 18  0.00586 -8.37215e+00
 19 -0.03622 -6.86527e+00 | 20  0.01863  3.44258e+00 | 21 -0.01490 -1.39845e+01
 22  0.00148 -6.37675e+00 | 23 -0.00184 -1.03569e+01 | 24  0.04490 -1.62326e+00
 25 -0.00853 -1.28684e+01 | 26  0.01295 -2.01743e+01 | 27 -0.01466 -1.46116e+01
 28 -0.01931 -1.69347e+01 | 29 -0.00729 -1.44098e+01 | 30  0.01056 -1.71669e+01
 31  0.01327 -1.56996e+01 | 32 -0.00962 -7.35546e+00 | 33 -0.01503 -1.24259e+01
 34 -0.00703 -4.42334e+00 | 35 -0.01292 -7.64034e+00 | 36 -0.02111 -1.01628e+01
 37  0.02006  4.92561e+00 | 38  0.02852  1.30963e+01 | 39  0.04015  8.67368e+00
 40 -0.02781  1.04391e+01 | 41  0.01998  8.36074e+00 | 42 -0.01377  5.05911e+00
 43  0.01102  2.48984e+00 | 44  0.02277  1.82315e+01 | 45  0.04188  2.87747e+01
 46  0.02199  2.23972e+01 | 47 -0.02783  2.03345e+01 | 48 -0.00980  2.59569e+01
 49  0.03080  3.10403e+01 | 50 -0.00658  1.60215e+01 | 51  0.02550  4.43740e+00
 52 -0.02570  1.73115e+01 | 53 -0.04800  2.82208e+01 | 54  0.03529  6.09492e+00
 55 -0.00385 -2.29120e+00 | 56 -0.02736  2.74885e+01 | 57 -0.02466  2.81383e+01
 58  0.04590  1.80858e+01 | 59  0.01320  2.09181e+01 | 60  0.00859  3.12680e+01
 61  0.03937 -7.12288e+00 | 62 -0.00079  2.51294e+01 | 63 -0.04367  3.59037e+01
 64 -0.05307  3.30447e+01 | 65  0.03967  1.51898e+01 | 66  0.03898  2.03635e+01
 67 -0.02515  1.44398e+00 | 68  0.02798  1.72825e+01 | 69 -0.00232  1.48023e+01
 70 -0.00576  1.96732e+01 | 71  0.02548  2.06322e+01 | 72  0.02886 -5.25196e-01
 73  0.01336  1.32490e+01 | 74 -0.01406  5.00280e+00 | 75  0.00062  1.71561e+00
 76  0.02014 -5.97863e+00 | 77  0.02617  2.53582e+01 | 78  0.03217 -1.85621e+01
 79 -0.00824 -1.80083e+01 | 80  0.06546  3.70508e+00 | 81 -0.02349 -1.77593e+01
 82  0.00800 -2.33509e+01 | 83 -0.01028 -2.25001e+00 | 84 -0.01170  5.86083e+00
 85  0.01596 -2.47264e+01 | 86 -0.04442  1.30910e+01 | 87 -0.00891 -1.81493e+01
 88  0.01923  3.35650e+00 | 89 -0.01866 -1.55050e+01 | 90 -0.01657 -2.64847e+00
 91  0.01688  1.26299e+00 | 92 -0.02680 -3.05337e+01 | 93 -0.01048 -1.09822e+01
 94 -0.00862 -2.06493e+01 | 95  0.00136 -8.25633e+00 | 96  0.00134 -8.28890e+00
 97  0.80715  2.27054e+01 | 98 -0.41581 -5.16366e+01 | 99  0.22897  1.19630e+01
100 -0.25275 -3.85873e+02 |

Intermediate statistics: 100 variables; iteration 20; function evaluation 22; phase 3
Function value 2.2174888e+03; maximum gradient component mag -4.5798e+02
Var    Value     Gradient |Var    Value     Gradient |Var    Value     Gradient
  1  0.62376  2.40598e+02 |  2 -0.00207 -8.26837e+00 |  3  0.03209 -9.06434e+00
  4 -0.02582 -7.69131e+00 |  5 -0.00873 -5.92951e+00 |  6 -0.00743 -4.84933e+00
  7  0.00756 -7.68204e+00 |  8 -0.02394 -8.45982e+00 |  9 -0.00516 -9.51738e+00
 10 -0.03743 -6.91384e+00 | 11 -0.00297  4.25786e-01 | 12  0.00454 -1.34376e+01
 13  0.00814 -1.35596e+01 | 14  0.00793 -2.00690e+00 | 15 -0.03782  1.94230e+00
 16 -0.02049 -1.38887e+01 | 17 -0.04573  7.18693e+00 | 18  0.00585 -4.60504e+00
 19 -0.03607 -1.43641e+00 | 20  0.01863  7.10546e+00 | 21 -0.01496 -1.06497e+01
 22  0.00129 -4.00460e+00 | 23 -0.00208 -8.45610e+00 | 24  0.04456 -4.69596e+00
 25 -0.00881 -1.11266e+01 | 26  0.01241 -2.37291e+01 | 27 -0.01496 -1.29830e+01
 28 -0.01959 -1.49763e+01 | 29 -0.00769 -1.49500e+01 | 30  0.01001 -2.18327e+01
 31  0.01275 -2.04896e+01 | 32 -0.00988 -6.31142e+00 | 33 -0.01536 -1.19255e+01
 34 -0.00737 -4.52052e+00 | 35 -0.01331 -7.99794e+00 | 36 -0.02145 -9.77715e+00
 37  0.01960 -9.59201e-01 | 38  0.02806  5.14048e+00 | 39  0.03953 -5.38052e+00
 40 -0.02855  6.98264e+00 | 41  0.01938 -7.18590e-01 | 42 -0.01434  1.16309e+00
 43  0.01020 -9.23243e+00 | 44  0.02212  4.96942e+00 | 45  0.04099  2.78307e+00
 46  0.02122  5.44118e+00 | 47 -0.02854  1.47369e+01 | 48 -0.01020  2.00981e+01
 49  0.02959 -4.18173e+00 | 50 -0.00749  3.61490e-01 | 51  0.02423 -3.36270e+01
 52 -0.02650  8.58970e+00 | 53 -0.04829  2.97153e+01 | 54  0.03576  2.25379e+01
 55 -0.00458 -1.25899e+01 | 56 -0.02749  2.51181e+01 | 57 -0.02508  2.70701e+01
 58  0.04625  2.84517e+01 | 59  0.01246  5.66815e+00 | 60  0.00822  1.89306e+01
 61  0.04023  3.89319e+01 | 62 -0.00109  1.98773e+01 | 63 -0.04332  4.69520e+01
 64 -0.05249  4.24606e+01 | 65  0.03928  1.09950e+01 | 66  0.03894  1.97634e+01
 67 -0.02575 -6.19223e-01 | 68  0.02750  3.94431e-01 | 69 -0.00282  1.16307e+01
 70 -0.00593  1.73632e+01 | 71  0.02471  7.03197e+00 | 72  0.02889  2.21901e+00
 73  0.01286  9.85698e+00 | 74 -0.01427  3.60930e+00 | 75  0.00008 -1.25859e+00
 76  0.01995 -1.01221e+01 | 77  0.02557  1.90560e+01 | 78  0.03286  7.64979e+00
 79 -0.00883 -1.90810e+01 | 80  0.06552  1.05757e+01 | 81 -0.02420 -2.19122e+01
 82  0.00784 -2.66843e+01 | 83 -0.01068 -2.69390e+00 | 84 -0.01176  6.89738e+00
 85  0.01593 -1.44964e+01 | 86 -0.04389  2.20666e+01 | 87 -0.00938 -1.96241e+01
 88  0.01905 -5.97604e+00 | 89 -0.01914 -1.71197e+01 | 90 -0.01603  1.57580e+00
 91  0.01726  9.70188e+00 | 92 -0.02311 -1.45679e+01 | 93 -0.01135 -9.51055e+00
 94 -0.00422 -7.82516e+00 | 95 -0.00073 -6.94744e+00 | 96 -0.00073 -6.94741e+00
 97  0.78708  7.04876e+01 | 98 -0.42046 -4.57977e+02 | 99  0.25031  2.25277e+01
100 -0.24577 -1.64951e+02 |
100 variables; iteration 40; function evaluation 47; phase 3
Function value 2.2165533e+03; maximum gradient component mag -1.5532e+02
Var    Value     Gradient |Var    Value     Gradient |Var    Value     Gradient
  1  0.62359  6.93755e+01 |  2 -0.00422 -7.73746e+00 |  3  0.03437  1.89323e+00
  4 -0.02671 -4.68671e+00 |  5 -0.00854 -6.00953e-01 |  6 -0.00843 -2.73854e+00
  7  0.00769 -2.52566e+00 |  8 -0.02285 -3.37053e-01 |  9 -0.00264  5.49494e+00
 10 -0.03754 -2.58524e+00 | 11 -0.00480 -5.03318e+00 | 12  0.00471 -8.17591e+00
 13  0.00996  5.21052e+00 | 14  0.00763 -1.37336e+00 | 15 -0.03811  4.12030e+00
 16 -0.01915  6.74775e-01 | 17 -0.04660  4.45531e+00 | 18  0.00589 -2.77918e+00
 19 -0.03608  1.39082e+00 | 20  0.01831  1.48354e+00 | 21 -0.01437 -1.95721e+00
 22  0.00122 -3.16647e+00 | 23 -0.00164 -8.45553e-01 | 24  0.04480 -4.27283e-02
 25 -0.00830 -3.07119e+00 | 26  0.01369 -2.19330e+00 | 27 -0.01433 -4.13708e+00
 28 -0.01907 -7.74553e+00 | 29 -0.00680 -2.36638e+00 | 30  0.01122 -2.25726e+00
 31  0.01395 -7.82268e-01 | 32 -0.00970 -2.89910e+00 | 33 -0.01485 -5.04277e+00
 34 -0.00707 -2.05593e-03 | 35 -0.01293 -2.23289e+00 | 36 -0.02118 -4.87792e+00
 37  0.01953 -1.92095e+00 | 38  0.02768 -1.07661e+00 | 39  0.03987  2.02544e+00
 40 -0.03024 -4.29137e+00 | 41  0.01922 -3.06521e+00 | 42 -0.01449  1.75142e+00
 43  0.01041 -5.55550e+00 | 44  0.02184  1.02511e-01 | 45  0.04137  8.53634e+00
 46  0.02094 -1.60344e+00 | 47 -0.02961  5.61670e+00 | 48 -0.01150  3.68435e+00
 49  0.03028  6.96864e+00 | 50 -0.00764 -2.18783e+00 | 51  0.02525 -1.12555e+01
 52 -0.02718 -1.93342e+00 | 53 -0.05077  8.20589e-01 | 54  0.03575  5.36254e+00
 55 -0.00412 -5.53757e+00 | 56 -0.02828  8.73090e+00 | 57 -0.02615  7.85419e+00
 58  0.04617  6.78505e+00 | 59  0.01237 -2.14476e+00 | 60  0.00779  1.22933e-01
 61  0.03988  1.03787e+01 | 62 -0.00167 -2.83024e+00 | 63 -0.04550  1.65977e+01
 64 -0.05560  5.23563e+00 | 65  0.03938  4.21447e+00 | 66  0.03889  5.16362e+00
 67 -0.02587 -2.35814e+00 | 68  0.02784  2.44071e+00 | 69 -0.00314  2.20468e+00
 70 -0.00636  4.13487e+00 | 71  0.02475  3.47495e+00 | 72  0.02910  1.22533e+00
 73  0.01267  2.43072e+00 | 74 -0.01442 -6.71977e-01 | 75 -0.00013 -6.03166e+00
 76  0.02021 -6.81249e+00 | 77  0.02517  5.23716e+00 | 78  0.03294  5.10544e+00
 79 -0.00841 -9.45979e+00 | 80  0.06553  2.67585e+00 | 81 -0.02317 -1.88283e+00
 82  0.00846 -9.13622e+00 | 83 -0.01059  2.57170e+00 | 84 -0.01190  4.72426e+00
 85  0.01614 -7.21142e+00 | 86 -0.04545  5.51653e+00 | 87 -0.00859 -5.53244e-01
 88  0.01920  8.04690e-01 | 89 -0.01834 -9.75701e-01 | 90 -0.01608  3.46344e+00
 91  0.01664  5.62186e+00 | 92 -0.02269 -7.18496e+00 | 93 -0.00803  8.95974e+00
 94 -0.00254  4.20214e-01 | 95 -0.00214 -4.10734e+00 | 96 -0.00213 -4.08667e+00
 97  0.79539  2.56053e+01 | 98 -0.41811 -1.55324e+02 | 99  0.25520 -6.44267e+00
100 -0.24387  7.36620e+00 |
100 variables; iteration 60; function evaluation 74; phase 3
Function value 2.2164124e+03; maximum gradient component mag -4.2126e+00
Var    Value     Gradient |Var    Value     Gradient |Var    Value     Gradient
  1  0.62344 -5.47006e-01 |  2 -0.00192 -1.22509e+00 |  3  0.03274 -8.65460e-01
  4 -0.02446  1.93272e+00 |  5 -0.00978 -1.94380e+00 |  6 -0.00796  1.89613e-01
  7  0.00740 -2.04633e+00 |  8 -0.02313  4.19428e-01 |  9 -0.00408  9.77556e-01
 10 -0.03721  1.33713e-01 | 11 -0.00397  5.84711e-01 | 12  0.00572 -4.20538e-01
 13  0.00938  9.03554e-01 | 14  0.00776  2.46266e-02 | 15 -0.03905 -5.55135e-01
 16 -0.01948 -1.91849e+00 | 17 -0.04731  4.87680e-01 | 18  0.00603 -6.14743e-01
 19 -0.03617  1.81080e+00 | 20  0.01825  5.39995e-01 | 21 -0.01430 -2.61750e-01
 22  0.00142 -8.62218e-03 | 23 -0.00165 -5.70345e-01 | 24  0.04487  3.66906e-02
 25 -0.00808 -1.98432e-01 | 26  0.01386  2.23573e-01 | 27 -0.01404 -3.76797e-01
 28 -0.01848 -8.11956e-01 | 29 -0.00665 -4.39864e-01 | 30  0.01144  7.28343e-01
 31  0.01407  4.70102e-01 | 32 -0.00946  7.08537e-02 | 33 -0.01446 -4.65302e-01
 34 -0.00707  2.55203e-03 | 35 -0.01277 -2.29528e-01 | 36 -0.02067  7.84290e-01
 37  0.01968 -6.37099e-02 | 38  0.02776 -6.07935e-01 | 39  0.03986  3.00246e-01
 40 -0.02980  2.19357e-01 | 41  0.01940 -5.95586e-01 | 42 -0.01488 -1.61859e+00
 43  0.01080 -1.76928e-01 | 44  0.02190  6.18295e-01 | 45  0.04118  2.50352e+00
 46  0.02109  1.09585e-01 | 47 -0.03024  1.06278e-01 | 48 -0.01175  2.46751e-01
 49  0.03007 -6.04288e-01 | 50 -0.00752 -5.81288e-01 | 51  0.02576  1.10295e+00
 52 -0.02702  5.76865e-01 | 53 -0.05096 -9.94491e-01 | 54  0.03574  9.45253e-02
 55 -0.00376  9.79173e-01 | 56 -0.02874 -5.66503e-02 | 57 -0.02652  6.77734e-01
 58  0.04616 -1.10964e-01 | 59  0.01260  1.64182e+00 | 60  0.00771 -4.05833e+00
 61  0.03976  1.39025e-01 | 62 -0.00144 -1.74999e-01 | 63 -0.04670  9.87291e-01
 64 -0.05604 -3.43100e-02 | 65  0.03939 -1.57187e-01 | 66  0.03888  6.15834e-02
 67 -0.02575 -7.69310e-01 | 68  0.02787  1.89885e-01 | 69 -0.00315  6.82698e-01
 70 -0.00639  2.22743e+00 | 71  0.02473  1.93824e-01 | 72  0.02915 -4.60144e-01
 73  0.01277  3.54331e+00 | 74 -0.01441 -6.03470e-01 | 75  0.00004 -2.15203e+00
 76  0.02048  1.17844e-01 | 77  0.02504  5.85874e-02 | 78  0.03284  3.52652e-01
 79 -0.00794 -4.10930e-01 | 80  0.06551  3.45388e-03 | 81 -0.02318 -7.11018e-01
 82  0.00872 -1.09177e+00 | 83 -0.01080 -2.93549e-01 | 84 -0.01222 -6.12295e-01
 85  0.01626 -1.14907e+00 | 86 -0.04593  1.84398e+00 | 87 -0.00872 -2.08051e-01
 88  0.01894 -2.34221e+00 | 89 -0.01859 -8.24295e-01 | 90 -0.01657  1.01138e+00
 91  0.01591  1.12275e+00 | 92 -0.02162  8.51863e-01 | 93 -0.01146  4.82141e-02
 94 -0.00370  5.93058e-01 | 95 -0.00044  4.83951e-01 | 96 -0.00044  4.79660e-01
 97  0.79798  1.73145e+00 | 98 -0.41722  2.97234e+00 | 99  0.25602  5.98856e-01
100 -0.24364 -4.21258e+00 |
Maximum number of function evaluations exceeded

 - final statistics:
100 variables; iteration 78; function evaluation 100
Function value 2.2164e+03; maximum gradient component mag -1.7662e+00
Exit code = 3;  converg criter 1.0000e+00
Var    Value     Gradient |Var    Value     Gradient |Var    Value     Gradient
  1  0.62347 -2.07780e-01 |  2 -0.00151 -3.90351e-01 |  3  0.03307  3.27550e-03
  4 -0.02496  8.46262e-01 |  5 -0.00935 -9.24356e-01 |  6 -0.00779  6.25992e-01
  7  0.00772 -9.94153e-01 |  8 -0.02350 -7.73818e-01 |  9 -0.00417  4.97052e-01
 10 -0.03736 -4.72653e-01 | 11 -0.00395  5.13512e-01 | 12  0.00583  8.27814e-02
 13  0.00936  4.65267e-01 | 14  0.00781  1.70682e-01 | 15 -0.03896 -1.62789e-01
 16 -0.01933 -7.52579e-01 | 17 -0.04733  2.55125e-01 | 18  0.00608 -6.87485e-02
 19 -0.03625  8.97257e-01 | 20  0.01827  3.60902e-01 | 21 -0.01426 -7.41793e-02
 22  0.00145  2.44886e-01 | 23 -0.00161 -2.45416e-01 | 24  0.04487 -3.39137e-01
 25 -0.00805  3.29860e-02 | 26  0.01387  1.24322e-01 | 27 -0.01401 -1.40945e-01
 28 -0.01842 -1.82110e-01 | 29 -0.00663 -2.27643e-01 | 30  0.01142  1.84457e-01
 31  0.01408  3.89961e-01 | 32 -0.00945  1.44228e-01 | 33 -0.01443 -2.41112e-01
 34 -0.00706  6.42685e-02 | 35 -0.01275 -1.11293e-01 | 36 -0.02072  1.96542e-01
 37  0.01969  4.19576e-02 | 38  0.02778 -3.08196e-01 | 39  0.03985 -1.87843e-02
 40 -0.02979  3.50711e-01 | 41  0.01941 -3.93937e-01 | 42 -0.01477 -4.93043e-01
 43  0.01079 -1.26830e-01 | 44  0.02188  4.16920e-01 | 45  0.04111  9.42947e-01
 46  0.02108  1.00536e-01 | 47 -0.03028 -1.96434e-01 | 48 -0.01176  2.14612e-01
 49  0.03006 -3.99337e-01 | 50 -0.00750 -1.27841e-01 | 51  0.02573  5.77981e-01
 52 -0.02706  1.89658e-01 | 53 -0.05095 -7.41767e-01 | 54  0.03573 -1.74211e-02
 55 -0.00378  7.37178e-01 | 56 -0.02875 -1.44573e-01 | 57 -0.02656  2.02287e-01
 58  0.04615 -1.12463e-01 | 59  0.01255  6.58881e-01 | 60  0.00780 -1.76618e+00
 61  0.03975 -1.02559e-02 | 62 -0.00145 -3.37760e-01 | 63 -0.04678  1.49643e-01
 64 -0.05602  1.74147e-01 | 65  0.03939 -9.77973e-02 | 66  0.03888 -3.35263e-02
 67 -0.02572 -2.56496e-01 | 68  0.02786  8.38938e-03 | 69 -0.00317  4.71236e-01
 70 -0.00645  9.52789e-01 | 71  0.02472  4.17762e-03 | 72  0.02915 -1.93206e-01
 73  0.01268  1.31795e+00 | 74 -0.01439 -1.96317e-01 | 75  0.00010 -4.68234e-01
 76  0.02046  2.63238e-02 | 77  0.02503 -4.00937e-02 | 78  0.03283  3.97823e-02
 79 -0.00793 -6.94786e-02 | 80  0.06551 -4.57578e-02 | 81 -0.02316 -3.13442e-01
 82  0.00874 -4.51698e-01 | 83 -0.01080 -1.09125e-01 | 84 -0.01222 -2.95921e-01
 85  0.01627 -4.31151e-01 | 86 -0.04604  6.98293e-01 | 87 -0.00874 -5.57166e-02
 88  0.01896 -1.00097e+00 | 89 -0.01859 -3.10127e-01 | 90 -0.01666  2.24023e-01
 91  0.01582  2.44972e-01 | 92 -0.02174  2.28333e-01 | 93 -0.01151 -2.77422e-02
 94 -0.00388  3.17292e-01 | 95 -0.00064  1.74771e-01 | 96 -0.00064  1.59992e-01
 97  0.79641  3.68723e-01 | 98 -0.41748 -8.03318e-02 | 99  0.25616  1.66459e-01
100 -0.24358 -5.77851e-01 |

Initial statistics: 108 variables; iteration 0; function evaluation 0; phase 4
Function value 2.2164059e+03; maximum gradient component mag -2.0766e+03
Var    Value     Gradient |Var    Value     Gradient |Var    Value     Gradient
  1 -0.42263 -1.59608e+02 |  2 -0.42263 -2.07659e+03 |  3 -0.41094 -8.76433e+02
  4  0.62347 -2.07780e-01 |  5  0.00000  2.98044e+00 |  6  0.00000  4.13916e+00
  7  0.00000  8.56804e+00 |  8  0.00000  1.72309e+00 |  9  0.00000  2.13101e+01
 10 -0.00151 -3.90705e-01 | 11  0.03307  2.92165e-03 | 12 -0.02496  8.45908e-01
 13 -0.00935 -9.24711e-01 | 14 -0.00779  6.25638e-01 | 15  0.00772 -9.94507e-01
 16 -0.02350 -7.74172e-01 | 17 -0.00417  4.96698e-01 | 18 -0.03736 -4.73007e-01
 19 -0.00395  5.13157e-01 | 20  0.00583  8.24270e-02 | 21  0.00936  4.64913e-01
 22  0.00781  1.70328e-01 | 23 -0.03896 -1.63143e-01 | 24 -0.01933 -7.52933e-01
 25 -0.04733  2.54772e-01 | 26  0.00608 -6.91028e-02 | 27 -0.03625  8.96904e-01
 28  0.01827  3.60548e-01 | 29 -0.01426 -7.45335e-02 | 30  0.00145  2.44531e-01
 31 -0.00161 -2.45770e-01 | 32  0.04487 -3.39490e-01 | 33 -0.00805  3.26317e-02
 34  0.01387  1.23968e-01 | 35 -0.01401 -1.41299e-01 | 36 -0.01842 -1.82464e-01
 37 -0.00663 -2.27998e-01 | 38  0.01142  1.84102e-01 | 39  0.01408  3.89607e-01
 40 -0.00945  1.43873e-01 | 41 -0.01443 -2.41466e-01 | 42 -0.00706  6.39142e-02
 43 -0.01275 -1.11648e-01 | 44 -0.02072  1.96188e-01 | 45  0.01969  4.16034e-02
 46  0.02778 -3.08550e-01 | 47  0.03985 -1.91379e-02 | 48 -0.02979  3.50357e-01
 49  0.01941 -3.94291e-01 | 50 -0.01477 -4.93397e-01 | 51  0.01079 -1.27184e-01
 52  0.02188  4.16566e-01 | 53  0.04111  9.42593e-01 | 54  0.02108  1.00182e-01
 55 -0.03028 -1.96788e-01 | 56 -0.01176  2.14258e-01 | 57  0.03006 -3.99691e-01
 58 -0.00750 -1.28195e-01 | 59  0.02573  5.77627e-01 | 60 -0.02706  1.89304e-01
 61 -0.05095 -7.42120e-01 | 62  0.03573 -1.77748e-02 | 63 -0.00378  7.36823e-01
 64 -0.02875 -1.44927e-01 | 65 -0.02656  2.01933e-01 | 66  0.04615 -1.12816e-01
 67  0.01255  6.58527e-01 | 68  0.00780 -1.76653e+00 | 69  0.03975 -1.06095e-02
 70 -0.00145 -3.38115e-01 | 71 -0.04678  1.49290e-01 | 72 -0.05602  1.73794e-01
 73  0.03939 -9.81510e-02 | 74  0.03888 -3.38800e-02 | 75 -0.02572 -2.56850e-01
 76  0.02786  8.03540e-03 | 77 -0.00317  4.70881e-01 | 78 -0.00645  9.52435e-01
 79  0.02472  3.82356e-03 | 80  0.02915 -1.93559e-01 | 81  0.01268  1.31760e+00
 82 -0.01439 -1.96671e-01 | 83  0.00010 -4.68588e-01 | 84  0.02046  2.59697e-02
 85  0.02503 -4.04477e-02 | 86  0.03283  3.94284e-02 | 87 -0.00793 -6.98329e-02
 88  0.06551 -4.61103e-02 | 89 -0.02316 -3.13796e-01 | 90  0.00874 -4.52052e-01
 91 -0.01080 -1.09479e-01 | 92 -0.01222 -2.96275e-01 | 93  0.01627 -4.31505e-01
 94 -0.04604  6.97940e-01 | 95 -0.00874 -5.60709e-02 | 96  0.01896 -1.00133e+00
 97 -0.01859 -3.10481e-01 | 98 -0.01666  2.23669e-01 | 99  0.01582  2.44618e-01
100 -0.02174  2.27979e-01 |101 -0.01151 -2.80965e-02 |102 -0.00388  3.16938e-01
103 -0.00064  1.74416e-01 |104 -0.00064  1.59637e-01 |105  0.79641  3.68723e-01
106 -0.41748 -8.03318e-02 |107  0.25616  1.66459e-01 |108 -0.24358 -5.77851e-01

Intermediate statistics: 108 variables; iteration 20; function evaluation 25; phase 4
Function value 2.2154494e+03; maximum gradient component mag -1.9060e+03
Var    Value     Gradient |Var    Value     Gradient |Var    Value     Gradient
  1 -0.42894 -1.21047e+02 |  2 -0.42359 -1.90603e+03 |  3 -0.40609 -6.86936e+02
  4  0.62275 -9.68858e+01 |  5  0.00030  1.48806e+00 |  6 -0.00175  8.98038e-01
  7 -0.00364  1.96961e+00 |  8 -0.00035  5.05743e-01 |  9 -0.00756  6.63441e+00
 10 -0.00118  2.29749e+00 | 11  0.03319  1.78874e+00 | 12 -0.02509  2.68638e+00
 13 -0.00910  1.57117e+00 | 14 -0.00783  2.22406e+00 | 15  0.00779  6.62433e-01
 16 -0.02342  1.28745e+00 | 17 -0.00433  1.30677e+00 | 18 -0.03737  1.43707e+00
 19 -0.00408  1.38414e+00 | 20  0.00585  1.79463e+00 | 21  0.00940  2.74693e+00
 22  0.00775  1.88331e+00 | 23 -0.03894  2.32573e+00 | 24 -0.01955 -7.18435e-01
 25 -0.04739  1.99693e+00 | 26  0.00599  6.96557e-01 | 27 -0.03620  4.16308e+00
 28  0.01819  1.77090e+00 | 29 -0.01436  7.31677e-01 | 30  0.00140  1.08185e+00
 31 -0.00159  2.11554e+00 | 32  0.04477 -3.76663e+00 | 33 -0.00818 -1.45769e+00
 34  0.01376 -2.05273e+00 | 35 -0.01408  2.10445e-01 | 36 -0.01837  2.82600e+00
 37 -0.00658  3.52611e+00 | 38  0.01142  2.64952e+00 | 39  0.01399 -6.76420e-01
 40 -0.00956 -8.29818e-01 | 41 -0.01446  5.30527e-01 | 42 -0.00710  4.38756e-01
 43 -0.01283 -4.55563e-01 | 44 -0.02065  2.74091e+00 | 45  0.01975  3.02563e+00
 46  0.02769 -3.16505e+00 | 47  0.03976 -5.68092e+00 | 48 -0.02980  7.54654e-01
 49  0.01941 -7.83815e-01 | 50 -0.01473  5.46021e-01 | 51  0.01084  1.02130e+00
 52  0.02189 -8.24049e-01 | 53  0.04098 -7.51682e+00 | 54  0.02093 -7.05006e+00
 55 -0.03023  7.68176e-01 | 56 -0.01170  1.44939e+00 | 57  0.03006 -4.01209e+00
 58 -0.00759 -3.83937e+00 | 59  0.02594  4.32650e-01 | 60 -0.02712 -2.24641e+00
 61 -0.05093  2.51288e-01 | 62  0.03533 -1.99264e+01 | 63 -0.00384 -5.82482e+00
 64 -0.02880 -1.66222e+00 | 65 -0.02626  6.79620e+00 | 66  0.04566 -2.37830e+01
 67  0.01253 -4.07605e+00 | 68  0.00792 -3.56257e+00 | 69  0.04010  8.58722e+00
 70 -0.00138 -2.74219e+00 | 71 -0.04683 -5.60180e-01 | 72 -0.05575  4.62473e+00
 73  0.03866 -3.04816e+01 | 74  0.03901  9.08824e-01 | 75 -0.02579 -1.98372e+00
 76  0.02795 -5.79259e-02 | 77 -0.00323 -1.48715e+00 | 78 -0.00651  1.90119e+00
 79  0.02450 -4.91020e+00 | 80  0.02932  2.01640e+00 | 81  0.01280  2.02422e+00
 82 -0.01447 -2.64798e+00 | 83  0.00008  1.84497e+00 | 84  0.02027 -4.41533e+00
 85  0.02479 -5.77278e+00 | 86  0.03268 -5.04273e+00 | 87 -0.00788  2.54470e+00
 88  0.06615  2.96527e+01 | 89 -0.02329 -2.66946e+00 | 90  0.00889  3.34719e+00
 91 -0.01077 -7.68186e-02 | 92 -0.01215  1.73429e+00 | 93  0.01634  3.32793e+00
 94 -0.04593  4.19284e+00 | 95 -0.00860  5.07952e+00 | 96  0.01911  3.19110e+00
 97 -0.01851  2.14263e+00 | 98 -0.01641  4.81923e+00 | 99  0.01601  3.52525e+00
100 -0.02156  2.82211e+00 |101 -0.01148  2.15689e+00 |102 -0.00379  2.94392e+00
103 -0.00066  2.79596e+00 |104 -0.00066  2.79380e+00 |105  0.79847  2.55412e+01
106 -0.41804 -1.60558e+02 |107  0.25593  1.84197e+00 |108 -0.24359 -1.39595e+01
108 variables; iteration 40; function evaluation 46; phase 4
Function value 2.2144194e+03; maximum gradient component mag -1.3986e+02
Var    Value     Gradient |Var    Value     Gradient |Var    Value     Gradient
  1 -0.43045 -1.08951e+01 |  2 -0.42265 -1.39858e+02 |  3 -0.40506 -5.38368e+01
  4  0.62128 -9.88287e+00 |  5  0.00296  8.08272e+00 |  6 -0.00437 -2.94733e+00
  7 -0.00888 -6.39772e+00 |  8  0.00075  2.86936e+00 |  9 -0.00976  2.99610e+00
 10 -0.00066  1.37845e+00 | 11  0.03116 -5.13495e+00 | 12 -0.02448  1.98135e+00
 13 -0.01017 -2.87033e+00 | 14 -0.00943 -3.75304e+00 | 15  0.00825  1.03612e+00
 16 -0.02370 -1.19005e+00 | 17 -0.00316  4.86806e+00 | 18 -0.03728  4.69564e-02
 19 -0.00302  5.78138e+00 | 20  0.00357 -1.48177e+01 | 21  0.00859 -5.74465e+00
 22  0.00802  1.32741e+00 | 23 -0.03925 -2.97490e+00 | 24 -0.01941 -3.85223e+00
 25 -0.04666  4.04834e+00 | 26  0.00597 -6.71314e-01 | 27 -0.03686 -2.38845e+00
 28  0.01798 -8.63041e-01 | 29 -0.01451 -2.37156e+00 | 30  0.00152  2.11273e+00
 31 -0.00230 -6.56658e+00 | 32  0.04513  4.38980e+00 | 33 -0.00768  1.55276e+00
 34  0.01404  4.59593e-01 | 35 -0.01415 -2.73625e+00 | 36 -0.01865 -9.24992e-01
 37 -0.00774 -1.03726e+01 | 38  0.01152  4.98906e+00 | 39  0.01385 -4.01664e+00
 40 -0.00921  9.46316e-01 | 41 -0.01432  9.32714e-01 | 42 -0.00696  9.72333e-01
 43 -0.01299 -3.91112e+00 | 44 -0.02004  9.03742e+00 | 45  0.01933  7.19342e-01
 46  0.02819  8.59741e+00 | 47  0.03995  6.76787e-01 | 48 -0.02979 -5.82617e-02
 49  0.01966  7.04456e+00 | 50 -0.01454  3.60621e+00 | 51  0.01085  6.02509e+00
 52  0.02154 -7.22455e-01 | 53  0.04106  1.53735e+00 | 54  0.02179  1.31476e+01
 55 -0.02993  5.66636e+00 | 56 -0.01260 -5.14339e+00 | 57  0.03033  9.97413e+00
 58 -0.00769 -4.72256e+00 | 59  0.02525 -1.71429e+01 | 60 -0.02693 -1.22162e+00
 61 -0.05107 -8.96362e-01 | 62  0.03537 -5.88900e+00 | 63 -0.00317  8.20615e+00
 64 -0.02882 -2.75329e+00 | 65 -0.02681  2.71352e+00 | 66  0.04570 -4.75518e+00
 67  0.01296  1.09414e+01 | 68  0.00792 -5.91046e+00 | 69  0.03983 -2.45588e+00
 70 -0.00100  1.02566e+00 | 71 -0.04659  4.19442e-02 | 72 -0.05556  7.19389e+00
 73  0.03895 -1.25554e+00 | 74  0.03886 -1.50142e+00 | 75 -0.02577 -3.47033e+00
 76  0.02819  7.94761e+00 | 77 -0.00352 -7.78430e+00 | 78 -0.00655  3.53809e+00
 79  0.02481  1.15380e+01 | 80  0.02876 -2.08309e+01 | 81  0.01302  4.83250e+00
 82 -0.01382  5.13686e+00 | 83 -0.00061 -1.12668e+01 | 84  0.01990 -1.42035e+01
 85  0.02441 -1.17529e+01 | 86  0.03327  1.69716e+01 | 87 -0.00783  2.70979e+00
 88  0.06589  1.01267e+00 | 89 -0.02278 -2.36859e-01 | 90  0.00947  1.37876e+01
 91 -0.01053 -1.69140e+00 | 92 -0.01185  1.30751e+00 | 93  0.01581 -2.04914e+01
 94 -0.04580  6.70623e-01 | 95 -0.00827  7.57328e+00 | 96  0.01934  1.86961e+00
 97 -0.01834  3.93576e-01 | 98 -0.01648  1.92948e-01 | 99  0.01622  4.14610e+00
100 -0.02038  6.37084e+00 |101 -0.01082  1.54229e+00 |102 -0.00473 -8.69920e-01
103 -0.00046  6.31305e-01 |104 -0.00045  6.53238e-01 |105  0.79262 -5.57314e+00
106 -0.41898 -1.40675e+01 |107  0.25897  6.16992e+00 |108 -0.24285  3.87847e+00
108 variables; iteration 60; function evaluation 70; phase 4
Function value 2.2142654e+03; maximum gradient component mag -2.7226e+01
Var    Value     Gradient |Var    Value     Gradient |Var    Value     Gradient
  1 -0.42998 -2.01737e+00 |  2 -0.42261 -1.05998e+01 |  3 -0.40500 -5.04562e+00
  4  0.62119  1.20621e+00 |  5  0.00006  1.74496e+00 |  6 -0.00334 -1.50747e+00
  7 -0.00509 -2.47293e-01 |  8 -0.00140 -1.09031e+00 |  9 -0.01099  6.96808e-01
 10 -0.00128 -1.14498e-01 | 11  0.03315  1.30413e-01 | 12 -0.02588 -1.16902e+00
 13 -0.00825  1.81074e+00 | 14 -0.00798  1.21916e-01 | 15  0.00829  1.28932e+00
 16 -0.02369 -1.17104e+00 | 17 -0.00458 -7.50055e-01 | 18 -0.03717  4.94914e-01
 19 -0.00392  1.44711e+00 | 20  0.00527 -2.75610e+00 | 21  0.00915 -2.74108e-01
 22  0.00752 -2.31960e+00 | 23 -0.03892 -8.00219e-01 | 24 -0.01888  8.18013e-01
 25 -0.04733 -7.98034e-01 | 26  0.00606  5.28820e-01 | 27 -0.03652  4.64738e-01
 28  0.01813  2.50133e+00 | 29 -0.01432 -6.28120e-03 | 30  0.00151  2.32495e+00
 31 -0.00178  1.37665e-01 | 32  0.04483 -2.16986e+00 | 33 -0.00805 -2.90900e+00
 34  0.01393 -1.26541e+00 | 35 -0.01378  1.71175e+00 | 36 -0.01864 -5.58920e-01
 37 -0.00718 -2.93124e+00 | 38  0.01105 -1.70905e+00 | 39  0.01419  1.73501e+00
 40 -0.00934 -4.80749e-01 | 41 -0.01438  2.76715e-01 | 42 -0.00712 -9.25977e-01
 43 -0.01265 -8.30005e-02 | 44 -0.02077  1.68217e+00 | 45  0.01923 -4.22234e-01
 46  0.02775  1.25248e+00 | 47  0.03998  2.24949e+00 | 48 -0.02993 -1.19742e+00
 49  0.01921 -1.56241e-01 | 50 -0.01480  8.48149e-01 | 51  0.01066  3.46078e+00
 52  0.02137 -3.31347e+00 | 53  0.04116  3.64250e+00 | 54  0.02133  3.90514e+00
 55 -0.03006  3.87111e+00 | 56 -0.01232 -2.44826e+00 | 57  0.02981 -3.45841e+00
 58 -0.00728  5.60326e-01 | 59  0.02575 -4.13594e+00 | 60 -0.02690 -1.19837e+00
 61 -0.05102 -5.98263e-01 | 62  0.03547 -9.01357e-01 | 63 -0.00348 -4.24183e-02
 64 -0.02878 -2.57638e+00 | 65 -0.02702 -4.13651e-01 | 66  0.04573 -1.33644e+00
 67  0.01302  1.27899e+01 | 68  0.00792 -5.34611e+00 | 69  0.03987 -4.92636e-03
 70 -0.00091  3.08328e+00 | 71 -0.04657 -3.28271e-01 | 72 -0.05640 -2.03207e+00
 73  0.03897  1.00662e+00 | 74  0.03887  4.74888e-01 | 75 -0.02543  1.67464e+00
 76  0.02799  1.99952e+00 | 77 -0.00328 -2.08795e+00 | 78 -0.00640  7.60731e+00
 79  0.02437 -3.30278e-01 | 80  0.02946  2.28600e+00 | 81  0.01188 -2.72264e+01
 82 -0.01442 -7.16702e+00 | 83 -0.00031 -3.44046e+00 | 84  0.02017 -3.36554e+00
 85  0.02472 -1.09105e+00 | 86  0.03287  4.02364e+00 | 87 -0.00795  2.22977e-01
 88  0.06589  1.17375e+00 | 89 -0.02291 -2.65995e+00 | 90  0.00950  1.56137e+01
 91 -0.01024  4.61458e+00 | 92 -0.01179  3.83691e+00 | 93  0.01643  9.04347e-01
 94 -0.04601 -1.58682e+00 | 95 -0.00872 -1.24331e+00 | 96  0.01958  8.93889e+00
 97 -0.01860 -3.10521e+00 | 98 -0.01639  1.29279e+00 | 99  0.01570 -3.85821e+00
100 -0.02172 -9.16671e-01 |101 -0.01044  2.72402e+00 |102 -0.00418 -3.20840e-01
103 -0.00054  2.08052e-01 |104 -0.00052  2.26403e-01 |105  0.79779  7.59105e-01
106 -0.41814 -9.65722e+00 |107  0.25743  1.83712e+00 |108 -0.24332 -1.50032e-01
108 variables; iteration 80; function evaluation 98; phase 4
Function value 2.2142329e+03; maximum gradient component mag -5.6556e+00
Var    Value     Gradient |Var    Value     Gradient |Var    Value     Gradient
  1 -0.42974 -2.28922e-01 |  2 -0.42260 -2.09371e+00 |  3 -0.40506 -5.15985e-01
  4  0.62117  1.63456e-01 |  5 -0.00047  5.05852e-01 |  6 -0.00217  3.03012e-01
  7 -0.00533 -7.15180e-01 |  8 -0.00204 -2.28236e+00 |  9 -0.01113  4.04215e-01
 10 -0.00119  4.51981e-02 | 11  0.03359  1.28778e+00 | 12 -0.02525  1.72189e-01
 13 -0.00982 -2.10472e+00 | 14 -0.00760  1.12448e+00 | 15  0.00757 -1.26643e+00
 16 -0.02345 -4.41099e-01 | 17 -0.00435  2.11013e-01 | 18 -0.03730  6.26411e-02
 19 -0.00408  6.04561e-01 | 20  0.00553 -8.81409e-01 | 21  0.00914 -2.31641e-01
 22  0.00782  6.55519e-01 | 23 -0.03834  2.76813e+00 | 24 -0.01900 -7.24266e-02
 25 -0.04740 -1.31843e+00 | 26  0.00600 -5.75672e-01 | 27 -0.03656  2.51005e-02
 28  0.01809  1.48868e+00 | 29 -0.01423  8.28919e-01 | 30  0.00136 -4.67886e-02
 31 -0.00197 -2.36837e+00 | 32  0.04491 -5.96113e-01 | 33 -0.00780 -7.89872e-02
 34  0.01393 -1.49593e+00 | 35 -0.01378  1.48821e+00 | 36 -0.01838  2.16165e+00
 37 -0.00689  6.24728e-01 | 38  0.01114 -6.03415e-01 | 39  0.01406 -7.67955e-01
 40 -0.00928 -1.52184e-01 | 41 -0.01417  2.34421e+00 | 42 -0.00708 -4.75015e-01
 43 -0.01259  5.05691e-01 | 44 -0.02080  1.18715e+00 | 45  0.01927  1.57524e-01
 46  0.02767 -4.02612e-01 | 47  0.03995  1.49015e+00 | 48 -0.02988 -7.87396e-01
 49  0.01915 -1.24048e+00 | 50 -0.01476  1.19214e+00 | 51  0.01049  1.17086e+00
 52  0.02152 -9.68158e-01 | 53  0.04104  6.00793e-01 | 54  0.02117  7.25987e-01
 55 -0.03041  4.50973e-01 | 56 -0.01221 -1.31284e+00 | 57  0.02989 -1.97081e+00
 58 -0.00725  8.27559e-01 | 59  0.02588 -8.88616e-01 | 60 -0.02681 -9.08162e-02
 61 -0.05100 -5.97541e-01 | 62  0.03549 -3.94744e-01 | 63 -0.00341  1.15582e+00
 64 -0.02866 -5.31325e-01 | 65 -0.02702 -5.01787e-01 | 66  0.04578 -3.23790e-01
 67  0.01265  2.34042e+00 | 68  0.00809 -1.30218e+00 | 69  0.03988 -1.21329e-02
 70 -0.00106 -4.64016e-01 | 71 -0.04668 -1.85162e+00 | 72 -0.05640 -2.04612e+00
 73  0.03895  1.14114e-01 | 74  0.03886  3.16194e-02 | 75 -0.02560 -9.25456e-01
 76  0.02795  2.80957e-01 | 77 -0.00319 -3.72961e-01 | 78 -0.00668  1.46960e+00
 79  0.02439 -2.37072e-01 | 80  0.02938  4.83134e-01 | 81  0.01265 -5.65561e+00
 82 -0.01412 -6.97785e-01 | 83 -0.00020 -6.97751e-01 | 84  0.02026 -7.32863e-01
 85  0.02475 -2.70393e-01 | 86  0.03276  4.71651e-01 | 87 -0.00789  1.38072e+00
 88  0.06586  5.23125e-02 | 89 -0.02272  3.16517e-01 | 90  0.00906  2.82174e+00
 91 -0.01042  2.40192e-01 | 92 -0.01193  7.13373e-01 | 93  0.01639  2.27102e-01
 94 -0.04591 -9.48918e-02 | 95 -0.00871 -9.92596e-01 | 96  0.01932  1.82017e+00
 97 -0.01840 -3.86115e-01 | 98 -0.01650  6.63260e-01 | 99  0.01595  3.98782e-01
100 -0.02158  3.39803e-01 |101 -0.01066  2.03660e+00 |102 -0.00409 -1.90401e-01
103 -0.00102 -5.22505e-01 |104 -0.00105 -5.60665e-01 |105  0.79832 -1.08600e-01
106 -0.41802 -1.37977e-02 |107  0.25697  2.69667e-01 |108 -0.24346  7.29660e-02
Maximum number of function evaluations exceeded

 - final statistics:
108 variables; iteration 82; function evaluation 100
Function value 2.2142e+03; maximum gradient component mag -5.6535e+00
Exit code = 3;  converg criter 1.0000e+00
Var    Value     Gradient |Var    Value     Gradient |Var    Value     Gradient
  1 -0.42974 -2.29695e-01 |  2 -0.42260 -2.09122e+00 |  3 -0.40506 -5.17410e-01
  4  0.62117  1.65167e-01 |  5 -0.00047  5.08342e-01 |  6 -0.00218  2.98537e-01
  7 -0.00533 -7.10849e-01 |  8 -0.00203 -2.27681e+00 |  9 -0.01113  4.04535e-01
 10 -0.00119  4.83743e-02 | 11  0.03359  1.28902e+00 | 12 -0.02525  1.73014e-01
 13 -0.00982 -2.09851e+00 | 14 -0.00760  1.12637e+00 | 15  0.00757 -1.27340e+00
 16 -0.02344 -4.16933e-01 | 17 -0.00435  2.09529e-01 | 18 -0.03730  6.94762e-02
 19 -0.00408  6.03966e-01 | 20  0.00553 -8.80828e-01 | 21  0.00914 -2.29216e-01
 22  0.00782  6.31839e-01 | 23 -0.03834  2.76680e+00 | 24 -0.01900 -7.57079e-02
 25 -0.04740 -1.31793e+00 | 26  0.00600 -5.68684e-01 | 27 -0.03656  2.37416e-02
 28  0.01809  1.49925e+00 | 29 -0.01423  8.23020e-01 | 30  0.00136 -2.33421e-03
 31 -0.00197 -2.35895e+00 | 32  0.04491 -5.99631e-01 | 33 -0.00780 -8.81805e-02
 34  0.01393 -1.54207e+00 | 35 -0.01378  1.46872e+00 | 36 -0.01838  2.16125e+00
 37 -0.00689  6.17125e-01 | 38  0.01114 -6.23845e-01 | 39  0.01406 -7.95250e-01
 40 -0.00928 -1.55024e-01 | 41 -0.01417  2.36354e+00 | 42 -0.00708 -4.80601e-01
 43 -0.01259  5.05187e-01 | 44 -0.02080  1.18340e+00 | 45  0.01927  1.44241e-01
 46  0.02767 -4.25621e-01 | 47  0.03995  1.49045e+00 | 48 -0.02988 -7.84638e-01
 49  0.01915 -1.23292e+00 | 50 -0.01476  1.20001e+00 | 51  0.01049  1.14454e+00
 52  0.02152 -9.63253e-01 | 53  0.04104  6.02356e-01 | 54  0.02117  7.49899e-01
 55 -0.03041  4.31138e-01 | 56 -0.01221 -1.31849e+00 | 57  0.02989 -1.96360e+00
 58 -0.00725  8.03238e-01 | 59  0.02588 -8.84748e-01 | 60 -0.02681 -9.06588e-02
 61 -0.05100 -6.01610e-01 | 62  0.03549 -3.94276e-01 | 63 -0.00341  1.15114e+00
 64 -0.02866 -5.09222e-01 | 65 -0.02702 -4.79654e-01 | 66  0.04578 -3.25019e-01
 67  0.01265  2.33816e+00 | 68  0.00809 -1.30300e+00 | 69  0.03988 -1.30815e-02
 70 -0.00106 -4.66368e-01 | 71 -0.04668 -1.84604e+00 | 72 -0.05640 -2.05336e+00
 73  0.03895  1.12997e-01 | 74  0.03886  2.96830e-02 | 75 -0.02560 -9.06403e-01
 76  0.02795  2.79019e-01 | 77 -0.00319 -3.74335e-01 | 78 -0.00668  1.46869e+00
 79  0.02439 -2.37541e-01 | 80  0.02938  4.82193e-01 | 81  0.01265 -5.65345e+00
 82 -0.01412 -6.93680e-01 | 83 -0.00020 -6.98280e-01 | 84  0.02026 -7.32911e-01
 85  0.02475 -2.70456e-01 | 86  0.03276  4.72972e-01 | 87 -0.00789  1.35251e+00
 88  0.06586  5.30107e-02 | 89 -0.02272  3.31659e-01 | 90  0.00906  2.82052e+00
 91 -0.01042  2.42751e-01 | 92 -0.01193  7.14814e-01 | 93  0.01639  2.28659e-01
 94 -0.04591 -5.72036e-02 | 95 -0.00871 -9.86314e-01 | 96  0.01932  1.82328e+00
 97 -0.01840 -3.61404e-01 | 98 -0.01649  6.86583e-01 | 99  0.01595  4.06305e-01
100 -0.02158  3.32124e-01 |101 -0.01066  2.03403e+00 |102 -0.00410 -1.93042e-01
103 -0.00104 -5.32391e-01 |104 -0.00106 -5.71298e-01 |105  0.79832 -1.09992e-01
106 -0.41802 -1.45967e-02 |107  0.25698  2.74667e-01 |108 -0.24345  7.48392e-02

Initial statistics: 110 variables; iteration 0; function evaluation 0; phase 5
Function value 2.2142329e+03; maximum gradient component mag 4.8177e+01
Var    Value     Gradient |Var    Value     Gradient |Var    Value     Gradient
  1 -0.42974 -2.30592e-01 |  2 -0.42260 -2.09345e+00 |  3 -0.40506 -5.16748e-01
  4 -0.41222  3.51382e+01 |  5 -0.41222  4.81768e+01 |  6  0.62117  1.62691e-01
  7 -0.00047  5.11744e-01 |  8 -0.00218  2.91069e-01 |  9 -0.00533 -7.03717e-01
 10 -0.00203 -2.26632e+00 | 11 -0.01113  4.04470e-01 | 12 -0.00119  5.14122e-02
 13  0.03359  1.29054e+00 | 14 -0.02525  1.70172e-01 | 15 -0.00982 -2.09246e+00
 16 -0.00760  1.12891e+00 | 17  0.00757 -1.28397e+00 | 18 -0.02344 -3.84431e-01
 19 -0.00435  2.06765e-01 | 20 -0.03730  7.75200e-02 | 21 -0.00408  6.01379e-01
 22  0.00553 -8.79325e-01 | 23  0.00914 -2.27983e-01 | 24  0.00782  6.32483e-01
 25 -0.03834  2.75761e+00 | 26 -0.01900 -7.64733e-02 | 27 -0.04740 -1.31506e+00
 28  0.00600 -5.73934e-01 | 29 -0.03656  2.06441e-02 | 30  0.01809  1.47936e+00
 31 -0.01423  8.15959e-01 | 32  0.00136 -3.00098e-02 | 33 -0.00197 -2.34416e+00
 34  0.04491 -5.99818e-01 | 35 -0.00780 -8.24158e-02 | 36  0.01393 -1.51291e+00
 37 -0.01378  1.46057e+00 | 38 -0.01838  2.16571e+00 | 39 -0.00689  6.14942e-01
 40  0.01114 -6.05055e-01 | 41  0.01406 -7.71163e-01 | 42 -0.00928 -1.55350e-01
 43 -0.01417  2.36375e+00 | 44 -0.00708 -4.82919e-01 | 45 -0.01259  4.99966e-01
 46 -0.02080  1.18218e+00 | 47  0.01927  1.50642e-01 | 48  0.02767 -3.93981e-01
 49  0.03995  1.48830e+00 | 50 -0.02988 -7.89778e-01 | 51  0.01915 -1.23715e+00
 52 -0.01476  1.20444e+00 | 53  0.01049  1.16454e+00 | 54  0.02152 -9.72412e-01
 55  0.04104  5.99562e-01 | 56  0.02117  7.20933e-01 | 57 -0.03041  4.32455e-01
 58 -0.01221 -1.31304e+00 | 59  0.02989 -1.96854e+00 | 60 -0.00725  8.24933e-01
 61  0.02588 -8.88605e-01 | 62 -0.02681 -8.04261e-02 | 63 -0.05100 -6.07135e-01
 64  0.03549 -3.94581e-01 | 65 -0.00341  1.15246e+00 | 66 -0.02866 -5.24321e-01
 67 -0.02702 -5.03670e-01 | 68  0.04578 -3.24060e-01 | 69  0.01265  2.33571e+00
 70  0.00809 -1.30098e+00 | 71  0.03988 -1.31680e-02 | 72 -0.00106 -4.65304e-01
 73 -0.04668 -1.83631e+00 | 74 -0.05640 -2.05244e+00 | 75  0.03895  1.12921e-01
 76  0.03886  3.08739e-02 | 77 -0.02560 -9.33772e-01 | 78  0.02795  2.79811e-01
 79 -0.00319 -3.74054e-01 | 80 -0.00668  1.46558e+00 | 81  0.02439 -2.37932e-01
 82  0.02938  4.81262e-01 | 83  0.01265 -5.64745e+00 | 84 -0.01412 -7.00192e-01
 85 -0.00020 -6.97738e-01 | 86  0.02026 -7.32679e-01 | 87  0.02475 -2.70992e-01
 88  0.03276  4.69886e-01 | 89 -0.00789  1.38273e+00 | 90  0.06586  5.15873e-02
 91 -0.02272  3.20125e-01 | 92  0.00906  2.81723e+00 | 93 -0.01042  2.40423e-01
 94 -0.01193  7.12736e-01 | 95  0.01639  2.26634e-01 | 96 -0.04591 -6.80551e-02
 97 -0.00871 -9.89573e-01 | 98  0.01932  1.82051e+00 | 99 -0.01840 -3.81336e-01
100 -0.01649  6.73878e-01 |101  0.01595  4.09983e-01 |102 -0.02158  3.34954e-01
103 -0.01066  2.03687e+00 |104 -0.00410 -1.97317e-01 |105 -0.00104 -5.47903e-01
106 -0.00106 -5.87948e-01 |107  0.79832 -1.08376e-01 |108 -0.41802 -1.34618e-02
109  0.25698  2.85495e-01 |110 -0.24345  7.91632e-02 |

Intermediate statistics: 110 variables; iteration 20; function evaluation 25; phase 5
Function value 2.2133744e+03; maximum gradient component mag 2.6165e+02
Var    Value     Gradient |Var    Value     Gradient |Var    Value     Gradient
  1 -0.40430  4.69530e+01 |  2 -0.42091  2.61649e+02 |  3 -0.41126  1.12426e+02
  4 -0.45840  1.87648e+01 |  5 -0.41297  4.94281e+01 |  6  0.62101  5.09165e+01
  7 -0.00065  3.05420e-01 |  8 -0.00227  1.73690e-01 |  9 -0.00525 -5.25613e-01
 10 -0.00180 -1.78434e+00 | 11 -0.01125  2.46257e-01 | 12 -0.00128 -1.53619e+00
 13  0.03340 -5.14581e-01 | 14 -0.02534 -1.42810e+00 | 15 -0.00981 -3.42075e+00
 16 -0.00775 -6.37471e-01 | 17  0.00751 -2.74671e+00 | 18 -0.02349 -1.93990e+00
 19 -0.00452 -1.89857e+00 | 20 -0.03735 -1.62723e+00 | 21 -0.00420 -1.89664e+00
 22  0.00560 -2.95430e+00 | 23  0.00944 -1.54536e+00 | 24  0.00802 -3.07842e+00
 25 -0.03770  2.34949e+00 | 26 -0.01883 -3.75852e+00 | 27 -0.04717 -2.86831e+00
 28  0.00620 -8.81940e-01 | 29 -0.03651 -1.77438e+00 | 30  0.01772 -1.20556e+01
 31 -0.01428 -4.58956e+00 | 32  0.00152 -1.07941e+00 | 33 -0.00125  4.01712e+00
 34  0.04518 -6.26684e-01 | 35 -0.00764  7.66777e-01 | 36  0.01451  4.51221e+00
 37 -0.01405 -4.53335e+00 | 38 -0.01883 -5.82772e+00 | 39 -0.00699 -4.42941e+00
 40  0.01139 -2.39284e+00 | 41  0.01437 -2.46715e-01 | 42 -0.00915 -1.57155e+00
 43 -0.01469 -7.56346e+00 | 44 -0.00694 -4.45214e+00 | 45 -0.01263 -4.33700e+00
 46 -0.02097 -1.94808e+00 | 47  0.01927 -3.59623e+00 | 48  0.02791  2.67088e+00
 49  0.03960 -7.95590e+00 | 50 -0.02990 -2.25353e+00 | 51  0.01948  1.87097e+00
 52 -0.01497 -3.28572e+00 | 53  0.01017 -4.11557e+00 | 54  0.02184 -1.70932e-01
 55  0.04086 -4.82791e+00 | 56  0.02106 -2.87064e+00 | 57 -0.03048 -1.65654e+00
 58 -0.01188 -1.08300e-01 | 59  0.03006 -4.90365e+00 | 60 -0.00745 -5.29142e+00
 61  0.02562 -1.27706e+01 | 62 -0.02679 -2.72937e+00 | 63 -0.05094  1.56175e-01
 64  0.03586  2.70797e+01 | 65 -0.00336  1.54776e+00 | 66 -0.02835  1.40995e-01
 67 -0.02731 -1.65905e+00 | 68  0.04579  1.30991e+01 | 69  0.01288  2.34944e+00
 70  0.00829  3.77881e+00 | 71  0.03959  6.06175e+00 | 72 -0.00081  1.54142e+00
 73 -0.04613  4.80145e-01 | 74 -0.05597 -1.01737e+00 | 75  0.03944  3.92694e+01
 76  0.03860  2.55125e+00 | 77 -0.02506  3.51205e+00 | 78  0.02806  1.06248e+01
 79 -0.00290  6.85658e+00 | 80 -0.00708 -5.76146e+00 | 81  0.02471  1.12087e+01
 82  0.02962  1.31690e+01 | 83  0.01287  3.85968e+00 | 84 -0.01396  2.80110e+00
 85 -0.00009  3.63524e+00 | 86  0.02029  4.08922e+00 | 87  0.02466  9.92344e+00
 88  0.03320  1.33102e+01 | 89 -0.00834 -8.23631e+00 | 90  0.06510 -2.79706e+01
 91 -0.02267  3.49405e+00 | 92  0.00889  2.28117e+00 | 93 -0.01039 -1.54987e+00
 94 -0.01239 -1.67690e+00 | 95  0.01611  3.47107e-02 | 96 -0.04616 -3.96603e+00
 97 -0.00886  2.62494e+00 | 98  0.01869 -1.88975e+00 | 99 -0.01871  1.21565e+00
100 -0.01736 -4.05573e+00 |101  0.01520  1.11092e-02 |102 -0.02278 -2.25794e-02
103 -0.00950  3.75502e+00 |104 -0.00474 -1.69786e+00 |105 -0.00091 -1.85005e+00
106 -0.00092 -1.87486e+00 |107  0.80641 -9.98115e+00 |108 -0.41653  5.96129e+01
109  0.26188 -4.22033e+01 |110 -0.24270  1.62343e+02 |
110 variables; iteration 40; function evaluation 47; phase 5
Function value 2.2131497e+03; maximum gradient component mag 1.0898e+02
Var    Value     Gradient |Var    Value     Gradient |Var    Value     Gradient
  1 -0.40499  1.57759e+01 |  2 -0.42039  1.08981e+02 |  3 -0.41185  4.33869e+01
  4 -0.46192  5.95543e+00 |  5 -0.41813  1.85853e+01 |  6  0.62096  1.92118e+01
  7 -0.00061  3.52131e-01 |  8 -0.00223  2.28529e-01 |  9 -0.00519 -4.27822e-01
 10 -0.00116 -6.22750e-01 | 11 -0.01124  2.70758e-01 | 12 -0.00120 -4.72178e-01
 13  0.03282 -1.18260e+00 | 14 -0.02544 -7.29006e-01 | 15 -0.00812  1.70432e+00
 16 -0.00837 -1.34816e+00 | 17  0.00738 -2.25406e+00 | 18 -0.02345 -8.41004e-01
 19 -0.00579 -6.04739e+00 | 20 -0.03742 -8.84316e-01 | 21 -0.00440 -1.96193e+00
 22  0.00524 -4.59809e+00 | 23  0.00959 -7.17146e-02 | 24  0.00803 -3.45468e+00
 25 -0.03881 -4.28546e+00 | 26 -0.01881 -4.03338e+00 | 27 -0.04669  8.34321e-01
 28  0.00605 -2.26682e+00 | 29 -0.03623  1.90797e+00 | 30  0.01835  2.32588e-01
 31 -0.01431 -4.07177e+00 | 32  0.00134 -2.98056e+00 | 33 -0.00119  5.25690e+00
 34  0.04536  3.24795e+00 | 35 -0.00782 -1.41221e-01 | 36  0.01457  5.68491e+00
 37 -0.01406 -4.05457e+00 | 38 -0.01842 -8.55875e-01 | 39 -0.00692 -3.49277e+00
 40  0.01147 -1.50464e+00 | 41  0.01460  3.70435e+00 | 42 -0.00917 -8.95235e-01
 43 -0.01389  1.67911e+00 | 44 -0.00696 -4.86898e+00 | 45 -0.01236 -1.07184e+00
 46 -0.02111 -2.52546e+00 | 47  0.01926 -3.87136e+00 | 48  0.02768  9.51685e-02
 49  0.04004  3.67229e+00 | 50 -0.03027 -3.97426e+00 | 51  0.01934  3.88579e-01
 52 -0.01470  6.11268e-01 | 53  0.01070  5.09231e+00 | 54  0.02153 -4.80965e+00
 55  0.04045 -1.24555e+01 | 56  0.02111  1.25509e-01 | 57 -0.03008  3.43418e+00
 58 -0.01184  1.28937e+00 | 59  0.03004 -3.94452e+00 | 60 -0.00738 -1.70266e+00
 61  0.02599  1.15539e+00 | 62 -0.02683 -1.55154e+00 | 63 -0.05123 -2.22298e+00
 64  0.03556  1.16385e+01 | 65 -0.00398 -1.42124e+01 | 66 -0.02834 -9.52414e-01
 67 -0.02743 -5.80956e+00 | 68  0.04559  4.80040e+00 | 69  0.01327  1.06279e+01
 70  0.00813 -2.97922e-01 | 71  0.03954  3.75203e+00 | 72 -0.00089 -1.42148e+00
 73 -0.04596  1.22222e+00 | 74 -0.05578 -7.00499e-01 | 75  0.03899  1.49253e+01
 76  0.03855  1.20198e+00 | 77 -0.02505  2.38753e+00 | 78  0.02791  4.63365e+00
 79 -0.00302  2.85664e+00 | 80 -0.00726 -1.05731e+01 | 81  0.02474  5.91265e+00
 82  0.02926  9.45088e-01 | 83  0.01297  4.71372e+00 | 84 -0.01416 -6.50029e-01
 85 -0.00055 -9.45031e+00 | 86  0.01988 -9.20822e+00 | 87  0.02496  1.90483e+01
 88  0.03285  4.05999e-01 | 89 -0.00787 -1.04127e+00 | 90  0.06531 -9.20467e+00
 91 -0.02268  5.05454e+00 | 92  0.00894  3.61093e+00 | 93 -0.01005  4.98224e+00
 94 -0.01198  9.53927e+00 | 95  0.01627  5.88157e+00 | 96 -0.04587 -3.99175e-01
 97 -0.00842  1.01324e+01 | 98  0.01853 -5.67374e+00 | 99 -0.01892 -2.71670e+00
100 -0.01705 -8.35527e-01 |101  0.01547  1.80041e+00 |102 -0.02303 -1.48313e+00
103 -0.00944  2.04838e+00 |104 -0.00484 -1.23322e+00 |105 -0.00089 -9.22204e-01
106 -0.00091 -9.48376e-01 |107  0.80533 -4.31920e+00 |108 -0.41654  1.81108e+01
109  0.26215 -1.29986e+01 |110 -0.24290  5.75271e+01 |
110 variables; iteration 60; function evaluation 73; phase 5
Function value 2.2130699e+03; maximum gradient component mag 6.6912e+00
Var    Value     Gradient |Var    Value     Gradient |Var    Value     Gradient
  1 -0.40464  3.83839e-01 |  2 -0.42010  6.69120e+00 |  3 -0.41239  1.80245e+00
  4 -0.46283  4.63150e-01 |  5 -0.42133  8.21785e-01 |  6  0.62107  1.51090e+00
  7 -0.00100 -4.62706e-01 |  8 -0.00248 -1.81702e-01 |  9 -0.00513 -3.46348e-01
 10 -0.00033  9.00938e-01 | 11 -0.01132  1.59978e-01 | 12 -0.00129 -2.10190e-02
 13  0.03293 -1.62912e-01 | 14 -0.02568 -5.88280e-01 | 15 -0.00951 -1.04445e+00
 16 -0.00821 -1.65411e-01 | 17  0.00778  1.23647e-01 | 18 -0.02331  4.46466e-01
 19 -0.00461 -1.86047e-01 | 20 -0.03715  9.55265e-01 | 21 -0.00410  8.77953e-01
 22  0.00576  3.21353e-01 | 23  0.00974  2.51907e+00 | 24  0.00851  2.07321e+00
 25 -0.03805  8.38076e-01 | 26 -0.01863 -2.01741e+00 | 27 -0.04646  2.70107e+00
 28  0.00618 -6.57924e-01 | 29 -0.03656 -7.59615e-01 | 30  0.01833 -5.35828e-01
 31 -0.01401 -3.85053e-01 | 32  0.00165  2.26792e+00 | 33 -0.00177 -1.41793e+00
 34  0.04521  4.50572e-01 | 35 -0.00789  3.55805e-01 | 36  0.01419  3.42424e-01
 37 -0.01402 -2.55280e+00 | 38 -0.01848 -6.84955e-01 | 39 -0.00671 -1.02748e-01
 40  0.01157  6.20628e-01 | 41  0.01454  3.32905e+00 | 42 -0.00930 -1.65671e+00
 43 -0.01401  6.77977e-01 | 44 -0.00664 -5.67216e-01 | 45 -0.01233  2.07226e-01
 46 -0.02105 -7.87196e-01 | 47  0.01948  1.03399e+00 | 48  0.02749 -1.69218e+00
 49  0.03956 -5.22642e+00 | 50 -0.03002 -8.55085e-01 | 51  0.01915 -1.83188e+00
 52 -0.01494 -1.02967e+00 | 53  0.01031  8.33869e-01 | 54  0.02184  1.72565e+00
 55  0.04077 -2.73335e+00 | 56  0.02079 -3.94350e+00 | 57 -0.03073 -1.98225e+00
 58 -0.01189  1.33769e+00 | 59  0.03027  2.63369e+00 | 60 -0.00735  3.29750e-01
 61  0.02591  7.79302e-01 | 62 -0.02676  6.08133e-01 | 63 -0.05118 -8.95535e-01
 64  0.03525  2.72873e-01 | 65 -0.00332  2.73262e+00 | 66 -0.02820  2.91977e+00
 67 -0.02705  7.17656e-01 | 68  0.04546  7.70940e-02 | 69  0.01295  1.00375e+00
 70  0.00807 -7.50699e-01 | 71  0.03940 -1.32905e-02 | 72 -0.00087  4.54244e-02
 73 -0.04601  5.09529e-01 | 74 -0.05576 -6.57855e-01 | 75  0.03868  4.78342e-01
 76  0.03847 -1.22792e-01 | 77 -0.02512  1.24242e+00 | 78  0.02777  4.30077e-01
 79 -0.00334 -4.02052e+00 | 80 -0.00678  9.93244e-02 | 81  0.02461  1.37526e-01
 82  0.02921  7.52642e-03 | 83  0.01280 -5.23917e-02 | 84 -0.01427 -1.69906e+00
 85 -0.00034 -4.07112e+00 | 86  0.02017  1.16275e+00 | 87  0.02434  2.07373e-01
 88  0.03284  2.73526e-01 | 89 -0.00784 -1.08068e-01 | 90  0.06535  5.74166e-02
 91 -0.02316 -1.20641e+00 | 92  0.00874 -7.12566e-01 | 93 -0.01019  2.13759e+00
 94 -0.01237  3.10698e+00 | 95  0.01603  6.43510e-02 | 96 -0.04587  2.47668e-01
 97 -0.00888  2.72372e+00 | 98  0.01855 -2.25463e-01 | 99 -0.01896 -1.42487e+00
100 -0.01727 -1.63611e+00 |101  0.01531  7.75844e-01 |102 -0.02323 -1.28135e+00
103 -0.00959  1.34412e+00 |104 -0.00443 -1.36707e-01 |105 -0.00023  6.65643e-01
106 -0.00020  7.18535e-01 |107  0.80604  3.14164e-01 |108 -0.41632  9.21138e-01
109  0.26148 -5.15800e-01 |110 -0.24325  1.37548e+00 |
110 variables; iteration 80; function evaluation 99; phase 5
Function value 2.2130622e+03; maximum gradient component mag -8.4739e-01
Var    Value     Gradient |Var    Value     Gradient |Var    Value     Gradient
  1 -0.40470 -2.88418e-01 |  2 -0.42011 -4.26333e-01 |  3 -0.41236 -2.69689e-01
  4 -0.46302 -9.58641e-02 |  5 -0.42135 -1.07256e-01 |  6  0.62102 -1.66687e-02
  7 -0.00106 -7.10500e-01 |  8 -0.00236 -2.72757e-02 |  9 -0.00485  8.47766e-02
 10 -0.00091 -1.96153e-01 | 11 -0.01169 -5.68443e-01 | 12 -0.00143 -3.46540e-01
 13  0.03281 -5.60667e-01 | 14 -0.02531  1.72336e-01 | 15 -0.00911 -1.16835e-01
 16 -0.00823 -2.96721e-01 | 17  0.00759 -6.90932e-01 | 18 -0.02336  2.19141e-01
 19 -0.00444  3.48936e-01 | 20 -0.03737  8.92909e-02 | 21 -0.00428 -2.58443e-01
 22  0.00576  7.29743e-03 | 23  0.00944 -3.31549e-01 | 24  0.00830 -2.97727e-01
 25 -0.03815  6.74665e-02 | 26 -0.01836  7.10630e-02 | 27 -0.04689 -2.26362e-01
 28  0.00623  1.47772e-01 | 29 -0.03651 -2.08837e-01 | 30  0.01836  1.40012e-01
 31 -0.01395  2.31176e-01 | 32  0.00154  5.22305e-01 | 33 -0.00166 -1.96926e-01
 34  0.04522  1.80401e-01 | 35 -0.00789  1.32088e-01 | 36  0.01419  2.39285e-01
 37 -0.01377  2.30775e-01 | 38 -0.01840  2.25214e-01 | 39 -0.00671 -1.96096e-01
 40  0.01156  9.52968e-02 | 41  0.01436  4.30861e-02 | 42 -0.00914  8.46034e-02
 43 -0.01409 -2.59275e-01 | 44 -0.00657  1.28724e-01 | 45 -0.01233  5.59610e-02
 46 -0.02103 -8.47389e-01 | 47  0.01945  1.14801e-01 | 48  0.02761  1.61132e-01
 49  0.03982  2.19591e-01 | 50 -0.02989  1.48779e-01 | 51  0.01929  1.49534e-01
 52 -0.01474  8.14737e-01 | 53  0.01030  3.35570e-01 | 54  0.02176  3.51841e-02
 55  0.04091  2.37874e-01 | 56  0.02101  2.14604e-01 | 57 -0.03056 -3.71427e-01
 58 -0.01197  2.22641e-01 | 59  0.03017 -1.11226e-01 | 60 -0.00736  9.34924e-02
 61  0.02589  2.18026e-02 | 62 -0.02679  1.00783e-01 | 63 -0.05112 -3.73307e-01
 64  0.03526  2.17269e-03 | 65 -0.00341  2.33557e-02 | 66 -0.02834  7.93481e-02
 67 -0.02705  3.12336e-01 | 68  0.04548  2.90105e-02 | 69  0.01293  4.27018e-02
 70  0.00812  9.72932e-02 | 71  0.03942  5.06677e-02 | 72 -0.00084  1.36898e-01
 73 -0.04608 -5.98976e-01 | 74 -0.05568 -9.28002e-02 | 75  0.03869 -6.85688e-03
 76  0.03850  5.95752e-02 | 77 -0.02516  1.88029e-01 | 78  0.02777  4.82255e-02
 79 -0.00314  8.98663e-02 | 80 -0.00677  5.28399e-02 | 81  0.02462  5.56254e-02
 82  0.02923  5.82870e-02 | 83  0.01282  1.34531e-01 | 84 -0.01419 -2.44403e-01
 85 -0.00015  1.50334e-01 | 86  0.02015  4.87025e-02 | 87  0.02435  3.16435e-02
 88  0.03286  5.18365e-02 | 89 -0.00782 -6.51718e-02 | 90  0.06536  1.41315e-01
 91 -0.02308 -8.03651e-02 | 92  0.00878  7.33288e-02 | 93 -0.01027  1.39334e-01
 94 -0.01250 -1.76118e-01 | 95  0.01605  1.50288e-02 | 96 -0.04588 -1.41849e-01
 97 -0.00900 -1.22386e-01 | 98  0.01857  1.65490e-02 | 99 -0.01888 -1.32121e-01
100 -0.01714 -4.59322e-02 |101  0.01523 -2.33943e-01 |102 -0.02307 -5.31292e-01
103 -0.00992  1.36505e-01 |104 -0.00445 -1.44076e-01 |105 -0.00076 -1.25557e-01
106 -0.00076 -1.34646e-01 |107  0.80574 -2.59173e-02 |108 -0.41637 -3.97089e-01
109  0.26158  3.39927e-01 |110 -0.24322 -2.73988e-01 |
110 variables; iteration 100; function evaluation 131; phase 5
Function value 2.2130616e+03; maximum gradient component mag -1.3102e-01
Var    Value     Gradient |Var    Value     Gradient |Var    Value     Gradient
  1 -0.40466 -3.69499e-02 |  2 -0.42011 -1.25746e-01 |  3 -0.41237 -7.65143e-02
  4 -0.46297 -7.22612e-03 |  5 -0.42135 -8.65536e-03 |  6  0.62104 -1.65294e-02
  7 -0.00079 -5.50765e-03 |  8 -0.00238 -1.58460e-02 |  9 -0.00492  1.20065e-02
 10 -0.00083 -1.39751e-02 | 11 -0.01145 -8.37852e-02 | 12 -0.00127  2.45532e-02
 13  0.03294 -1.31019e-01 | 14 -0.02542 -1.65827e-02 | 15 -0.00909 -1.67283e-02
 16 -0.00813  5.96931e-02 | 17  0.00776 -2.28211e-02 | 18 -0.02344  2.49826e-02
 19 -0.00454  1.77777e-02 | 20 -0.03742 -1.36877e-02 | 21 -0.00425 -1.88392e-02
 22  0.00575 -5.41666e-03 | 23  0.00947 -1.23773e-02 | 24  0.00832 -5.54505e-02
 25 -0.03817  3.43325e-03 | 26 -0.01838 -1.20277e-04 | 27 -0.04686 -2.21203e-02
 28  0.00622  7.60054e-02 | 29 -0.03648  4.09145e-02 | 30  0.01835 -2.01512e-02
 31 -0.01397 -5.35507e-03 | 32  0.00150 -1.07342e-03 | 33 -0.00165 -4.11544e-02
 34  0.04520  1.08573e-02 | 35 -0.00791 -1.75661e-02 | 36  0.01417  3.48397e-02
 37 -0.01380  2.20786e-02 | 38 -0.01842 -1.43385e-02 | 39 -0.00670 -4.90581e-02
 40  0.01155 -1.13414e-02 | 41  0.01435  3.63427e-02 | 42 -0.00915  9.53718e-03
 43 -0.01408 -1.19977e-03 | 44 -0.00659  1.01818e-02 | 45 -0.01234  2.53852e-03
 46 -0.02096  2.35200e-03 | 47  0.01944  3.30990e-02 | 48  0.02759  2.11780e-02
 49  0.03981  2.08398e-02 | 50 -0.02991  3.13190e-03 | 51  0.01927 -3.38326e-03
 52 -0.01481  8.18958e-02 | 53  0.01028  1.54092e-02 | 54  0.02175 -3.46697e-03
 55  0.04089  1.42122e-02 | 56  0.02100  1.22942e-02 | 57 -0.03053 -9.68051e-02
 58 -0.01199  7.67871e-02 | 59  0.03017 -4.68454e-03 | 60 -0.00737 -1.25570e-02
 61  0.02588  2.53501e-03 | 62 -0.02680  2.64899e-02 | 63 -0.05110  2.40693e-03
 64  0.03526 -1.17780e-03 | 65 -0.00342  9.59597e-03 | 66 -0.02835 -3.44778e-02
 67 -0.02707  3.96839e-02 | 68  0.04547 -2.53889e-04 | 69  0.01292  5.58633e-03
 70  0.00811  7.71893e-03 | 71  0.03941  2.22433e-03 | 72 -0.00085  1.38944e-02
 73 -0.04604 -5.52873e-02 | 74 -0.05569 -2.68033e-02 | 75  0.03868 -1.02853e-03
 76  0.03849  3.33507e-03 | 77 -0.02518  1.31198e-02 | 78  0.02777  4.50365e-03
 79 -0.00315  7.13967e-03 | 80 -0.00678  7.58155e-03 | 81  0.02462  4.47858e-03
 82  0.02922  4.96725e-03 | 83  0.01281  8.61436e-03 | 84 -0.01418 -2.21953e-02
 85 -0.00016  1.25976e-02 | 86  0.02014  3.73193e-03 | 87  0.02434  2.00345e-03
 88  0.03285  2.56993e-03 | 89 -0.00782  3.20380e-02 | 90  0.06535  8.81755e-03
 91 -0.02308 -1.20614e-02 | 92  0.00877  1.14768e-02 | 93 -0.01028 -1.70116e-02
 94 -0.01250  1.38521e-02 | 95  0.01604  9.11000e-04 | 96 -0.04587 -3.72941e-02
 97 -0.00900 -2.82360e-03 | 98  0.01856  2.64325e-03 | 99 -0.01888 -3.68593e-02
100 -0.01714  1.78991e-02 |101  0.01524 -1.75292e-02 |102 -0.02299 -4.61434e-02
103 -0.00997  1.02979e-02 |104 -0.00438 -1.85457e-02 |105 -0.00069 -5.86679e-03
106 -0.00068 -5.06221e-03 |107  0.80579  1.82540e-03 |108 -0.41636 -4.27556e-02
109  0.26153  3.25268e-02 |110 -0.24323 -2.63835e-02 |
110 variables; iteration 120; function evaluation 162; phase 5
Function value 2.2130616e+03; maximum gradient component mag -7.2542e-04
Var    Value     Gradient |Var    Value     Gradient |Var    Value     Gradient
  1 -0.40465 -5.53438e-05 |  2 -0.42011 -1.65612e-04 |  3 -0.41237 -1.19240e-04
  4 -0.46297 -2.38394e-05 |  5 -0.42135 -2.09702e-05 |  6  0.62104 -3.35154e-05
  7 -0.00079 -7.80004e-06 |  8 -0.00237 -2.43911e-05 |  9 -0.00493  1.82077e-05
 10 -0.00083 -1.83681e-05 | 11 -0.01140 -1.06022e-04 | 12 -0.00129  2.78790e-05
 13  0.03299 -1.68218e-04 | 14 -0.02541 -2.12390e-05 | 15 -0.00909 -2.11709e-05
 16 -0.00815  7.54733e-05 | 17  0.00776 -3.03213e-05 | 18 -0.02345  3.22021e-05
 19 -0.00455  2.10681e-05 | 20 -0.03741 -1.84504e-05 | 21 -0.00424 -2.88300e-05
 22  0.00575 -1.60410e-05 | 23  0.00947 -3.61593e-05 | 24  0.00832 -1.01844e-04
 25 -0.03817 -1.61013e-06 | 26 -0.01838 -1.63493e-05 | 27 -0.04686 -3.17681e-05
 28  0.00622  9.18572e-05 | 29 -0.03648  5.88626e-05 | 30  0.01835 -7.79170e-05
 31 -0.01397  3.92737e-04 | 32  0.00150 -3.59210e-05 | 33 -0.00165 -3.44230e-04
 34  0.04520  1.16590e-05 | 35 -0.00791  1.47741e-05 | 36  0.01417  3.59202e-06
 37 -0.01380 -2.48877e-04 | 38 -0.01842  5.14692e-05 | 39 -0.00670 -7.07967e-05
 40  0.01155 -7.56797e-05 | 41  0.01435 -1.16979e-05 | 42 -0.00915  2.59975e-04
 43 -0.01408  1.68155e-05 | 44 -0.00659 -3.96054e-04 | 45 -0.01234  1.01987e-04
 46 -0.02096  2.33382e-05 | 47  0.01944  3.98847e-05 | 48  0.02759  3.13043e-05
 49  0.03981  3.58388e-05 | 50 -0.02991 -4.43272e-06 | 51  0.01927  3.15348e-05
 52 -0.01482  9.51039e-05 | 53  0.01028  4.52479e-05 | 54  0.02175 -2.06919e-06
 55  0.04089  2.86100e-05 | 56  0.02100  2.86180e-05 | 57 -0.03052 -1.37371e-04
 58 -0.01199 -5.74754e-05 | 59  0.03017  1.07049e-05 | 60 -0.00737  1.99025e-05
 61  0.02588  5.94296e-06 | 62 -0.02680  3.02366e-05 | 63 -0.05110  1.36515e-04
 64  0.03526 -1.81332e-06 | 65 -0.00342  1.55875e-05 | 66 -0.02835 -3.33195e-05
 67 -0.02707  5.16974e-05 | 68  0.04547 -5.66772e-07 | 69  0.01292  7.69927e-06
 70  0.00811  8.87675e-06 | 71  0.03941  3.81221e-06 | 72 -0.00085  2.09236e-05
 73 -0.04604 -1.85523e-04 | 74 -0.05569  2.03639e-04 | 75  0.03868 -5.03242e-06
 76  0.03849  2.64999e-06 | 77 -0.02518  3.20025e-05 | 78  0.02776  4.51841e-06
 79 -0.00316  9.57675e-06 | 80 -0.00678  9.55679e-06 | 81  0.02461  6.95440e-06
 82  0.02922  5.78509e-06 | 83  0.01281  1.36459e-05 | 84 -0.01418 -2.90021e-05
 85 -0.00016  2.09443e-05 | 86  0.02014  6.71222e-06 | 87  0.02434  7.57866e-06
 88  0.03285  7.52016e-06 | 89 -0.00782  5.51537e-05 | 90  0.06535  1.63508e-05
 91 -0.02308  1.94250e-06 | 92  0.00877  2.42472e-05 | 93 -0.01028 -2.89035e-06
 94 -0.01250  4.58622e-05 | 95  0.01604  6.23588e-05 | 96 -0.04587 -7.25422e-04
 97 -0.00900  1.39993e-04 | 98  0.01856  3.10342e-05 | 99 -0.01887  3.01638e-04
100 -0.01714 -6.62307e-05 |101  0.01524  3.02168e-04 |102 -0.02299 -8.50043e-05
103 -0.00997 -1.62133e-05 |104 -0.00437 -2.61294e-05 |105 -0.00068 -7.37921e-06
106 -0.00068 -5.52642e-06 |107  0.80579 -7.19508e-06 |108 -0.41636 -6.67033e-05
109  0.26152  4.73512e-05 |110 -0.24323 -3.95921e-05 |

 - final statistics:
110 variables; iteration 121; function evaluation 163
Function value 2.2131e+03; maximum gradient component mag 6.2652e-06
Exit code = 1;  converg criter 1.0000e-04
Var    Value     Gradient |Var    Value     Gradient |Var    Value     Gradient
  1 -0.40465  9.00630e-07 |  2 -0.42011  6.26522e-06 |  3 -0.41237  3.28019e-06
  4 -0.46297  1.17281e-08 |  5 -0.42135  8.49805e-08 |  6  0.62104  1.08309e-06
  7 -0.00079 -6.11173e-09 |  8 -0.00237 -2.78645e-09 |  9 -0.00493  1.85953e-09
 10 -0.00083  1.49820e-08 | 11 -0.01140 -2.25424e-09 | 12 -0.00129 -3.33444e-08
 13  0.03299 -5.69831e-08 | 14 -0.02541 -3.31250e-08 | 15 -0.00909 -1.88324e-08
 16 -0.00815 -5.65259e-08 | 17  0.00776 -3.88805e-08 | 18 -0.02345 -3.92857e-08
 19 -0.00455 -5.98518e-08 | 20 -0.03741 -4.15260e-08 | 21 -0.00424 -8.01551e-08
 22  0.00575 -7.76023e-08 | 23  0.00947 -6.68347e-08 | 24  0.00832  9.63835e-09
 25 -0.03817  1.66131e-08 | 26 -0.01838  4.34499e-08 | 27 -0.04686 -2.88046e-08
 28  0.00622 -5.68594e-08 | 29 -0.03648 -3.11147e-08 | 30  0.01835  1.93620e-08
 31 -0.01397  1.99104e-08 | 32  0.00150 -4.83116e-08 | 33 -0.00165 -1.41579e-07
 34  0.04520 -7.16612e-08 | 35 -0.00791 -9.34972e-08 | 36  0.01417 -1.27244e-07
 37 -0.01380  1.64075e-08 | 38 -0.01842  7.19035e-08 | 39 -0.00670  2.83445e-08
 40  0.01155 -1.66837e-08 | 41  0.01435 -7.01359e-08 | 42 -0.00915 -4.32301e-08
 43 -0.01408  1.12368e-07 | 44 -0.00659  6.39380e-09 | 45 -0.01234  1.45659e-08
 46 -0.02096  4.12872e-09 | 47  0.01944  1.76577e-08 | 48  0.02759 -6.42127e-08
 49  0.03981 -3.19885e-08 | 50 -0.02991 -6.78708e-08 | 51  0.01927 -6.09221e-08
 52 -0.01482  2.98175e-08 | 53  0.01028  3.06120e-08 | 54  0.02175 -3.49753e-08
 55  0.04089 -5.34681e-09 | 56  0.02100 -3.03115e-08 | 57 -0.03052 -1.63100e-08
 58 -0.01199 -4.80232e-08 | 59  0.03017  3.37537e-08 | 60 -0.00737  2.76542e-08
 61  0.02588  2.96105e-08 | 62 -0.02680 -2.87783e-08 | 63 -0.05110 -3.96321e-08
 64  0.03526  1.82667e-07 | 65 -0.00342 -1.01204e-08 | 66 -0.02835 -2.91569e-08
 67 -0.02707  7.32880e-08 | 68  0.04547  2.19141e-07 | 69  0.01292 -1.55417e-08
 70  0.00811  1.51227e-08 | 71  0.03941  1.60143e-07 | 72 -0.00085 -2.08123e-08
 73 -0.04604 -4.62487e-08 | 74 -0.05569 -2.30136e-10 | 75  0.03868  2.01235e-07
 76  0.03849  1.34864e-07 | 77 -0.02518 -2.79243e-08 | 78  0.02776  4.24707e-08
 79 -0.00316  7.50748e-10 | 80 -0.00678  5.03885e-08 | 81  0.02461  4.41444e-08
 82  0.02922  2.31305e-08 | 83  0.01281  1.21080e-07 | 84 -0.01418 -2.85435e-08
 85 -0.00016  5.50040e-08 | 86  0.02014  7.57806e-08 | 87  0.02434  1.06683e-07
 88  0.03285  1.26950e-09 | 89 -0.00782  7.70192e-08 | 90  0.06535  2.83555e-08
 91 -0.02308 -7.70318e-08 | 92  0.00877 -5.98789e-08 | 93 -0.01028 -2.79517e-08
 94 -0.01250 -2.34991e-08 | 95  0.01604  3.21482e-08 | 96 -0.04587  1.83709e-08
 97 -0.00900 -1.06283e-08 | 98  0.01856  9.19340e-10 | 99 -0.01887 -3.71058e-08
100 -0.01714  3.36364e-08 |101  0.01524  4.92809e-08 |102 -0.02299 -4.10674e-09
103 -0.00997 -3.21800e-08 |104 -0.00437 -2.24999e-08 |105 -0.00068 -2.80080e-08
106 -0.00068 -2.83273e-08 |107  0.80579 -1.80324e-07 |108 -0.41636  6.73941e-07
109  0.26152 -2.79725e-07 |110 -0.24323  8.08137e-07 |

 - final statistics:
122 variables; iteration 0; function evaluation 0
Function value 2.2131e+03; maximum gradient component mag 6.2651e-06
Exit code = 0;  converg criter 1.0000e-04
Var    Value     Gradient |Var    Value     Gradient |Var    Value     Gradient
  1 -0.40465  9.00635e-07 |  2 -0.42011  6.26511e-06 |  3 -0.41237  3.28017e-06
  4 -0.46297  1.17285e-08 |  5 -0.42135  8.49792e-08 |  6  0.62104  1.08290e-06
  7 -0.00079 -6.11206e-09 |  8 -0.00237 -2.78653e-09 |  9 -0.00493  1.85944e-09
 10 -0.00083  1.49819e-08 | 11 -0.01140 -2.25436e-09 | 12 -0.00129 -3.32332e-08
 13  0.03299 -5.68723e-08 | 14 -0.02541 -3.30139e-08 | 15 -0.00909 -1.87213e-08
 16 -0.00815 -5.64149e-08 | 17  0.00776 -3.87696e-08 | 18 -0.02345 -3.91749e-08
 19 -0.00455 -5.97410e-08 | 20 -0.03741 -4.14153e-08 | 21 -0.00424 -8.00448e-08
 22  0.00575 -7.74924e-08 | 23  0.00947 -6.67253e-08 | 24  0.00832  9.74850e-09
 25 -0.03817  1.67229e-08 | 26 -0.01838  4.35592e-08 | 27 -0.04686 -2.86950e-08
 28  0.00622 -5.67507e-08 | 29 -0.03648 -3.10050e-08 | 30  0.01835  1.94699e-08
 31 -0.01397  2.00196e-08 | 32  0.00150 -4.82022e-08 | 33 -0.00165 -1.41470e-07
 34  0.04520 -7.15550e-08 | 35 -0.00791 -9.33888e-08 | 36  0.01417 -1.27136e-07
 37 -0.01380  1.65164e-08 | 38 -0.01842  7.20127e-08 | 39 -0.00670  2.84530e-08
 40  0.01155 -1.65759e-08 | 41  0.01435 -7.00289e-08 | 42 -0.00915 -4.31220e-08
 43 -0.01408  1.12476e-07 | 44 -0.00659  6.50179e-09 | 45 -0.01234  1.46739e-08
 46 -0.02096  4.23713e-09 | 47  0.01944  1.77628e-08 | 48  0.02759 -6.41108e-08
 49  0.03981 -3.18872e-08 | 50 -0.02991 -6.77630e-08 | 51  0.01927 -6.08166e-08
 52 -0.01482  2.99241e-08 | 53  0.01028  3.07164e-08 | 54  0.02175 -3.48753e-08
 55  0.04089 -5.24964e-09 | 56  0.02100 -3.02113e-08 | 57 -0.03052 -1.62042e-08
 58 -0.01199 -4.79193e-08 | 59  0.03017  3.38488e-08 | 60 -0.00737  2.77563e-08
 61  0.02588  2.97049e-08 | 62 -0.02680 -2.86751e-08 | 63 -0.05110 -3.95263e-08
 64  0.03526  1.82766e-07 | 65 -0.00342 -1.00193e-08 | 66 -0.02835 -2.90520e-08
 67 -0.02707  7.33935e-08 | 68  0.04547  2.19229e-07 | 69  0.01292 -1.54418e-08
 70  0.00811  1.52223e-08 | 71  0.03941  1.60237e-07 | 72 -0.00085 -2.07114e-08
 73 -0.04604 -4.61423e-08 | 74 -0.05569 -1.23125e-10 | 75  0.03868  2.01331e-07
 76  0.03849  1.34958e-07 | 77 -0.02518 -2.78195e-08 | 78  0.02776  4.25676e-08
 79 -0.00316  8.53245e-10 | 80 -0.00678  5.04928e-08 | 81  0.02461  4.42449e-08
 82  0.02922  2.32332e-08 | 83  0.01281  1.21181e-07 | 84 -0.01418 -2.84386e-08
 85 -0.00016  5.51086e-08 | 86  0.02014  7.58839e-08 | 87  0.02434  1.06785e-07
 88  0.03285  1.36978e-09 | 89 -0.00782  7.71255e-08 | 90  0.06535  2.84458e-08
 91 -0.02308 -7.69243e-08 | 92  0.00877 -5.97741e-08 | 93 -0.01028 -2.78447e-08
 94 -0.01250 -2.33907e-08 | 95  0.01604  3.22601e-08 | 96 -0.04587  1.84806e-08
 97 -0.00900 -1.05188e-08 | 98  0.01856  1.02531e-09 | 99 -0.01887 -3.69953e-08
100 -0.01714  3.37473e-08 |101  0.01524  4.93933e-08 |102 -0.02299 -3.99514e-09
103 -0.00997 -3.20680e-08 |104 -0.00437 -2.23885e-08 |105 -0.00068 -2.78967e-08
106 -0.00068 -2.82160e-08 |107  0.00000  0.00000e+00 |108  0.00000  0.00000e+00
109  0.00000  0.00000e+00 |110  0.00000  0.00000e+00 |111  0.00000  0.00000e+00
112  0.00000  0.00000e+00 |113  0.00000  0.00000e+00 |114  0.00000  0.00000e+00
115  0.00000  0.00000e+00 |116  0.00000  0.00000e+00 |117  0.00000  0.00000e+00
118  0.00000  0.00000e+00 |119  0.80579 -1.80338e-07 |120 -0.41636  6.74015e-07
121  0.26152 -2.79735e-07 |122 -0.24323  8.08175e-07 |
size of file gradfil1.tmp = 0
size of file gradfil2.tmp = 0
size of file varssave.tmp = 0
size of file cmpdiff.tmp = 0
