
Initial statistics: 1 variables; iteration 0; function evaluation 0; phase 1
Function value 2.8151135e+03; maximum gradient component mag -1.5007e+04
Var    Value     Gradient |Var    Value     Gradient |Var    Value     Gradient
  1  0.63197 -1.50067e+04 |

 - final statistics:
1 variables; iteration 7; function evaluation 10
Function value 2.6864e+03; maximum gradient component mag -1.1313e-01
Exit code = 1;  converg criter 1.0000e+01
Var    Value     Gradient |Var    Value     Gradient |Var    Value     Gradient
  1  0.65260 -1.13129e-01 |

Initial statistics: 98 variables; iteration 0; function evaluation 0; phase 2
Function value 2.6863840e+03; maximum gradient component mag -1.5608e+03
Var    Value     Gradient |Var    Value     Gradient |Var    Value     Gradient
  1  0.65260 -1.13129e-01 |  2  0.00000  9.59852e+00 |  3  0.00000 -2.92512e+01
  4  0.00000  2.78938e+01 |  5  0.00000  1.20282e+01 |  6  0.00000  4.65494e+01
  7  0.00000 -9.31448e+00 |  8  0.00000  7.73565e+01 |  9  0.00000  5.01609e+01
 10  0.00000 -7.07840e+01 | 11  0.00000  1.52719e+02 | 12  0.00000  1.29033e+02
 13  0.00000  7.60891e+00 | 14  0.00000 -2.56758e+02 | 15  0.00000  3.46586e+02
 16  0.00000  1.11191e+02 | 17  0.00000 -5.82900e+01 | 18  0.00000  3.37118e+01
 19  0.00000 -2.23951e+01 | 20  0.00000  1.90833e+02 | 21  0.00000 -7.59355e+01
 22  0.00000 -2.24231e+02 | 23  0.00000  6.53946e+02 | 24  0.00000  2.39159e+02
 25  0.00000  2.07013e+02 | 26  0.00000  2.62405e+02 | 27  0.00000  1.55174e+02
 28  0.00000  2.15975e+02 | 29  0.00000 -1.86257e+02 | 30  0.00000 -1.67190e+02
 31  0.00000 -1.64290e+02 | 32  0.00000  3.56586e+02 | 33  0.00000 -1.18453e+03
 34  0.00000  1.28195e+02 | 35  0.00000 -1.18567e+02 | 36  0.00000  3.54597e+00
 37  0.00000  2.11794e+02 | 38  0.00000 -1.87701e+02 | 39  0.00000  3.92909e+02
 40  0.00000  1.41549e+02 | 41  0.00000  5.10171e+02 | 42  0.00000  1.30834e+02
 43  0.00000 -1.07196e+02 | 44  0.00000 -2.19169e+02 | 45  0.00000 -4.12766e+02
 46  0.00000 -3.39268e+02 | 47  0.00000  2.36250e+02 | 48  0.00000  3.14322e+02
 49  0.00000  2.73660e+02 | 50  0.00000 -1.48143e+03 | 51  0.00000  1.25421e+01
 52  0.00000 -4.30102e+02 | 53  0.00000  9.77613e+01 | 54  0.00000  1.29696e+02
 55  0.00000 -1.56082e+03 | 56  0.00000  2.99267e+02 | 57  0.00000  8.18015e+02
 58  0.00000  1.03108e+03 | 59  0.00000 -9.05803e+01 | 60  0.00000 -1.28525e+03
 61  0.00000 -7.64650e+01 | 62  0.00000 -5.06247e+02 | 63  0.00000 -1.03492e+03
 64  0.00000 -5.66892e+02 | 65  0.00000 -2.27791e+02 | 66  0.00000 -6.03091e+02
 67  0.00000 -4.35330e+02 | 68  0.00000 -6.36221e+02 | 69  0.00000  6.54060e+02
 70  0.00000  3.54871e+02 | 71  0.00000  2.83560e+02 | 72  0.00000  4.05366e+02
 73  0.00000  4.07702e+01 | 74  0.00000  8.43570e+02 | 75  0.00000 -5.08884e+00
 76  0.00000  5.85247e+02 | 77  0.00000 -8.67276e+02 | 78  0.00000 -4.11229e+01
 79  0.00000 -6.81997e+02 | 80  0.00000 -7.92012e+00 | 81  0.00000  3.35525e+02
 82  0.00000  1.15538e+03 | 83  0.00000 -3.16566e+01 | 84  0.00000  7.68643e+02
 85  0.00000 -1.17699e+03 | 86  0.00000  8.66258e+02 | 87  0.00000  3.63252e+02
 88  0.00000  3.79708e+02 | 89  0.00000  4.36268e+02 | 90  0.00000  1.04239e+02
 91  0.00000  3.84973e+00 | 92  0.00000 -8.74497e+00 | 93  0.00000 -1.91689e+01
 94  0.00000  6.21256e+00 | 95  0.00000  2.54813e+00 | 96  0.00000  2.54804e+00
 97  0.81654 -4.83154e+01 | 98  0.22185 -2.56595e+02 |

Intermediate statistics: 98 variables; iteration 20; function evaluation 30; phase 2
Function value 2.2657991e+03; maximum gradient component mag -1.1896e+03
Var    Value     Gradient |Var    Value     Gradient |Var    Value     Gradient
  1  0.63290 -1.18959e+03 |  2 -0.00735  2.58573e+01 |  3 -0.00883 -1.78741e+01
  4 -0.02668 -1.20929e+00 |  5 -0.00838  1.93723e+01 |  6 -0.00289  6.55664e+01
  7 -0.00502  8.63538e-01 |  8 -0.01480  5.23704e+01 |  9 -0.01978 -3.69277e-01
 10  0.00714 -1.58497e+01 | 11 -0.05375 -4.92709e+01 | 12 -0.01419  6.62020e+01
 13  0.00491  6.29419e+01 | 14  0.01950 -4.61828e+01 | 15 -0.02640  1.42326e+02
 16 -0.00468  8.69773e+01 | 17  0.00469  3.85415e+01 | 18 -0.00466  1.17108e+01
 19 -0.00156 -3.89617e+00 | 20 -0.01783  9.47169e+00 | 21 -0.00279 -5.88529e+01
 22  0.00256 -1.34152e+02 | 23 -0.04938  1.55249e+02 | 24 -0.01538  7.21500e+01
 25 -0.01052  1.04449e+02 | 26 -0.01622  8.56253e+01 | 27 -0.00985  5.50114e+01
 28 -0.01329  7.22871e+01 | 29  0.00781 -6.73529e+01 | 30  0.01164 -3.87161e+00
 31  0.01507  2.31009e+01 | 32 -0.04070 -6.89430e+00 | 33  0.06193 -6.28622e+01
 34 -0.00410  7.06124e+01 | 35  0.01299  2.81883e+01 | 36  0.00190 -9.83159e-01
 37 -0.01356  1.28680e+01 | 38  0.00441 -1.46384e+02 | 39 -0.01988  1.16191e+02
 40 -0.01370 -6.81833e+01 | 41 -0.02916  1.31059e+02 | 42 -0.01099 -3.72190e+01
 43  0.00385 -7.84177e+01 | 44  0.01278 -6.15245e+01 | 45  0.02550 -5.49606e+01
 46  0.01978 -1.01436e+02 | 47 -0.00980  4.05094e+01 | 48 -0.01375  6.20799e+01
 49 -0.01828 -2.70107e+00 | 50  0.05734 -2.42552e+02 | 51 -0.01100 -2.04088e+02
 52  0.01433 -2.31878e+02 | 53 -0.00219 -4.54644e+01 | 54 -0.00464 -5.25827e+01
 55  0.03472 -6.15592e+02 | 56 -0.01005 -1.33476e+01 | 57 -0.01669  3.07527e+02
 58 -0.02595  3.36260e+02 | 59 -0.00114 -2.13798e+02 | 60  0.02661 -6.08178e+02
 61  0.00394 -1.93002e+01 | 62  0.00936 -3.13238e+02 | 63  0.03358 -2.05208e+02
 64  0.01534 -2.42532e+02 | 65  0.00424 -1.86134e+02 | 66  0.01808 -2.11361e+02
 67  0.01334 -1.62341e+02 | 68  0.01514 -3.30110e+02 | 69 -0.01375  2.15192e+02
 70 -0.00643  4.65337e+01 | 71  0.00271  2.06085e+02 | 72 -0.00643  1.06665e+02
 73  0.01138  2.15279e+02 | 74 -0.01892  2.42129e+02 | 75  0.01002  1.12820e+02
 76 -0.00929  2.25690e+02 | 77  0.02817 -6.33980e+01 | 78  0.00574  3.35434e+01
 79  0.01989 -1.86942e+02 | 80  0.00621  6.87120e+01 | 81 -0.00151  1.70554e+02
 82 -0.01950  5.26663e+02 | 83 -0.00338 -2.53430e+02 | 84 -0.02488  1.43427e+02
 85  0.02477 -4.40781e+02 | 86 -0.02469  3.28620e+02 | 87 -0.00660  1.96307e+02
 88 -0.00344  3.16099e+02 | 89 -0.02021  1.10067e+02 | 90  0.00385  2.15107e+02
 91 -0.00885 -5.27249e+01 | 92 -0.01650 -8.12319e+01 | 93  0.00820  4.62980e+01
 94  0.01846  7.15769e+01 | 95  0.08321  1.64792e+02 | 96  0.08322  1.64795e+02
 97  0.82788 -1.00208e+02 | 98  0.22681 -1.11523e+02 |
98 variables; iteration 40; function evaluation 56; phase 2
Function value 2.2177951e+03; maximum gradient component mag 1.4234e+03
Var    Value     Gradient |Var    Value     Gradient |Var    Value     Gradient
  1  0.62511  1.42335e+03 |  2 -0.00252 -3.94890e+01 |  3  0.02915 -2.77044e+00
  4 -0.01213 -4.48441e+01 |  5  0.00406 -2.26450e+01 |  6 -0.01828 -4.95926e+01
  7  0.00711 -3.28600e+01 |  8 -0.03593 -8.27972e+01 |  9  0.00394  1.75960e+01
 10  0.02230 -2.92638e+00 | 11 -0.01161  4.06214e+01 | 12 -0.01505 -1.24689e+01
 13  0.00159 -3.80140e+01 | 14  0.03167  1.76369e+01 | 15 -0.05243 -1.02271e+02
 16 -0.00660 -3.08264e+01 | 17  0.00614 -4.90467e+01 | 18 -0.00101 -4.37416e+01
 19  0.00370 -3.10302e+01 | 20 -0.01766 -7.87456e+01 | 21  0.00520 -2.28262e+01
 22  0.01410 -4.67571e+00 | 23 -0.05451  3.82149e+01 | 24 -0.01814 -4.74558e+01
 25 -0.01315 -1.79392e+01 | 26 -0.01982 -4.11758e+01 | 27 -0.00980 -2.69845e+01
 28 -0.01786 -5.55214e+01 | 29  0.01146 -9.01725e+01 | 30  0.01174 -7.61410e+01
 31  0.01643 -2.56683e+01 | 32 -0.02305  5.87734e+01 | 33  0.07254  2.19241e+02
 34 -0.00467 -2.80556e+00 | 35  0.01640  1.59522e+01 | 36  0.00622 -5.80704e+00
 37 -0.01693 -9.12152e+01 | 38  0.01359 -5.51122e+01 | 39 -0.03219 -7.67223e+01
 40 -0.00484 -1.03259e+01 | 41 -0.03557  8.15902e+00 | 42 -0.00799 -4.59986e+01
 43  0.01209  2.06871e+01 | 44  0.01930  3.50618e+01 | 45  0.02613 -3.75004e+01
 46  0.02715  3.65121e+01 | 47 -0.01479 -4.59153e+01 | 48 -0.01845 -2.13670e+01
 49 -0.01311  2.85267e+01 | 50  0.05846 -1.01438e+02 | 51  0.00471  4.26434e+01
 52  0.02437  4.29209e+01 | 53  0.00007 -4.28001e+00 | 54 -0.00218 -7.77038e+00
 55  0.04881  5.12604e+01 | 56 -0.00787 -8.61320e+00 | 57 -0.03164 -1.63212e+01
 58 -0.04451 -1.89742e+01 | 59  0.00789 -5.31772e+00 | 60  0.04653  2.58024e+02
 61  0.00437  1.27900e+01 | 62  0.01934 -4.93740e+01 | 63  0.03569 -9.11833e+01
 64  0.02132 -7.21682e+01 | 65  0.01119 -2.52776e+01 | 66  0.02430 -9.77843e+00
 67  0.01985  4.59895e+01 | 68  0.03641  4.42280e+02 | 69 -0.01997  5.78104e+01
 70 -0.00156  1.00614e+02 | 71 -0.00051  5.68042e+01 | 72 -0.00513  5.02761e+01
 73  0.00559 -5.84626e+01 | 74 -0.02195  8.39056e+01 | 75  0.00833 -4.39449e+01
 76 -0.01034  1.02219e+02 | 77  0.02581 -2.59493e+02 | 78  0.01432  2.16517e+02
 79  0.03298  2.27853e+02 | 80  0.01128  1.21005e+02 | 81  0.00040  9.38283e+01
 82 -0.03797  7.17948e+01 | 83  0.01562  2.04610e+02 | 84 -0.02484  6.58266e+01
 85  0.04158  1.60381e+02 | 86 -0.04335 -5.90017e+01 | 87 -0.01077 -4.41396e+01
 88 -0.01788 -1.35093e+02 | 89 -0.02692 -1.20517e+02 | 90 -0.00090  3.91965e+00
 91 -0.00364 -8.13425e+01 | 92  0.01021  3.78943e+01 | 93 -0.00280 -7.01404e+01
 94 -0.00105 -3.75679e+01 | 95 -0.04802 -1.12931e+02 | 96 -0.04802 -1.12935e+02
 97  0.84145  9.12232e+01 | 98  0.22752 -3.97280e+01 |
98 variables; iteration 60; function evaluation 85; phase 2
Function value 2.2008121e+03; maximum gradient component mag 5.1870e+02
Var    Value     Gradient |Var    Value     Gradient |Var    Value     Gradient
  1  0.62418  5.18701e+02 |  2 -0.00552 -2.28231e+01 |  3  0.01396 -1.96076e+01
  4 -0.01624 -3.16081e+01 |  5 -0.00544 -2.61223e+01 |  6 -0.01821 -2.78649e+01
  7  0.00639 -1.62897e+01 |  8 -0.02474 -3.06547e+01 |  9  0.00373  3.37535e+01
 10  0.01732 -1.85931e+01 | 11 -0.02699 -9.06127e+00 | 12 -0.01956 -1.88162e+01
 13  0.00722  1.70805e+01 | 14  0.02939 -5.58364e+00 | 15 -0.04584 -4.67030e+01
 16 -0.00528  1.05625e-01 | 17  0.00720 -1.67236e+01 | 18  0.00052 -5.57817e+00
 19  0.00289 -2.43426e+01 | 20 -0.01457 -2.53369e+01 | 21  0.00548 -5.73283e+00
 22  0.01354 -1.13379e+01 | 23 -0.06255  1.60322e+00 | 24 -0.01591 -7.53022e+00
 25 -0.01290 -1.72001e+00 | 26 -0.01905 -1.80725e+01 | 27 -0.00975 -1.20229e+01
 28 -0.01575 -1.57186e+01 | 29  0.01499 -1.97734e+01 | 30  0.01480 -1.49701e+01
 31  0.01727 -1.09919e+00 | 32 -0.02960  2.06015e+01 | 33  0.06742  3.94097e+01
 34 -0.00447  1.20652e+01 | 35  0.01515  5.83268e+00 | 36  0.00505 -1.05141e+01
 37 -0.01368 -3.79714e+01 | 38  0.01628  5.00880e+00 | 39 -0.02673 -5.01328e+00
 40 -0.00657 -2.26599e+01 | 41 -0.03672  1.36051e+01 | 42 -0.00518  2.48769e-01
 43  0.01085  4.02154e+00 | 44  0.01710 -3.13562e+00 | 45  0.02775 -1.10680e+01
 46  0.02545 -1.21916e+00 | 47 -0.01352 -2.33045e+01 | 48 -0.01795 -7.08843e+00
 49 -0.01647 -2.96745e+00 | 50  0.06105 -3.92701e+01 | 51  0.00250  2.78059e+00
 52  0.02473  3.95305e+01 | 53 -0.00014 -9.99092e+00 | 54 -0.00241 -1.39681e+01
 55  0.04842  1.91499e+00 | 56 -0.00720  9.48432e+00 | 57 -0.03098  5.82570e+00
 58 -0.04344  9.60825e+00 | 59  0.00908  2.02328e+01 | 60  0.04307  5.99026e+01
 61  0.00455  8.16369e+00 | 62  0.02200  1.98232e+01 | 63  0.03870  2.87560e+00
 64  0.02386 -4.97119e+00 | 65  0.01270  8.34182e+00 | 66  0.02607  2.83338e+01
 67  0.01970  1.30308e+01 | 68  0.02936  1.11682e+02 | 69 -0.02088  3.01891e+01
 70 -0.00370  3.11532e+01 | 71 -0.00066  3.62727e+01 | 72 -0.00634  1.37794e+01
 73  0.00831  5.35580e+00 | 74 -0.02472  3.48107e+01 | 75  0.01021 -3.38234e+00
 76 -0.01389  2.87948e+01 | 77  0.03225 -2.19787e+01 | 78  0.00813  1.17176e+01
 79  0.02940  4.80164e+01 | 80  0.00880  3.50459e+01 | 81 -0.00196  3.21861e+01
 82 -0.04184  2.50698e+01 | 83  0.01044  3.30065e+01 | 84 -0.02851  1.42265e+01
 85  0.03849  3.13758e+01 | 86 -0.04139 -5.91498e+00 | 87 -0.01107 -9.87755e+00
 88 -0.01472 -2.93331e+01 | 89 -0.02300 -2.36041e+01 | 90 -0.00429 -2.85626e+00
 91 -0.00156 -2.32546e+01 | 92  0.00284  9.03982e+00 | 93  0.00380 -2.03798e+01
 94 -0.03614 -6.77036e+01 | 95 -0.00492 -2.16545e+01 | 96 -0.00491 -2.16434e+01
 97  0.83455  1.30898e+01 | 98  0.22769 -5.12498e+01 |
Maximum number of function evaluations exceeded

 - final statistics:
98 variables; iteration 72; function evaluation 100
Function value 2.1986e+03; maximum gradient component mag 1.8434e+02
Exit code = 3;  converg criter 1.0000e+01
Var    Value     Gradient |Var    Value     Gradient |Var    Value     Gradient
  1  0.62559  1.84335e+02 |  2  0.01014  2.09755e+01 |  3  0.01635 -2.58344e+00
  4 -0.01113 -9.48491e+00 |  5 -0.00202 -6.20933e+00 |  6 -0.00917  6.79177e+00
  7  0.00646 -4.03018e+00 |  8 -0.02057 -7.05697e+00 |  9 -0.00586  7.52286e+00
 10  0.01821 -4.47475e-02 | 11 -0.02890 -4.82546e+00 | 12 -0.01920 -4.60099e+00
 13  0.00592  2.13495e+01 | 14  0.02672 -2.12393e+01 | 15 -0.04021 -1.98006e+00
 16 -0.00723 -5.53009e+00 | 17  0.00680 -5.93304e+00 | 18 -0.00036 -6.19948e-01
 19  0.00307 -4.82225e+00 | 20 -0.01386 -1.36927e+00 | 21  0.00481  4.92807e-01
 22  0.01271 -1.04047e+01 | 23 -0.06734 -1.72880e+01 | 24 -0.01639 -2.25112e-01
 25 -0.01426 -5.03309e+00 | 26 -0.01923 -6.35253e+00 | 27 -0.01012 -1.27203e+00
 28 -0.01551  1.68228e+00 | 29  0.01495 -2.25459e+00 | 30  0.01470  8.86524e-01
 31  0.01601 -3.58635e+00 | 32 -0.03372  1.41709e+00 | 33  0.06527 -2.70271e+00
 34 -0.00698 -1.00286e+00 | 35  0.01334 -4.27178e+00 | 36  0.00440 -2.25948e+00
 37 -0.01357 -2.07584e+01 | 38  0.01443 -8.60682e+00 | 39 -0.02997 -2.27277e+01
 40 -0.00614  4.67751e-01 | 41 -0.03821  1.40322e+01 | 42 -0.00701 -8.96588e+00
 43  0.01013  6.64331e+00 | 44  0.01587 -1.02328e+01 | 45  0.02817  1.00323e+01
 46  0.02522  6.87444e+00 | 47 -0.01242 -3.18220e-02 | 48 -0.01820  1.07986e+00
 49 -0.01717  4.04910e-01 | 50  0.06169  5.47356e-01 | 51  0.00206  7.05182e+00
 52  0.02271  4.21223e-01 | 53 -0.00007  5.56800e+00 | 54 -0.00258 -2.76751e+00
 55  0.04821  1.14370e+01 | 56 -0.00810  4.96501e+00 | 57 -0.03135  1.19905e+01
 58 -0.04450  7.83005e+00 | 59  0.00893  2.80386e+01 | 60  0.04175  1.53150e+01
 61  0.00305 -1.72935e+01 | 62  0.02112  5.01094e+00 | 63  0.03859  9.10282e+00
 64  0.02444  2.30512e+01 | 65  0.01103 -2.44594e+01 | 66  0.02548  1.83371e+01
 67  0.01963  1.68071e+01 | 68  0.02699  2.97243e+01 | 69 -0.02292 -1.22723e+00
 70 -0.00619 -2.23097e+01 | 71 -0.00210  6.57728e+00 | 72 -0.00571  3.97882e+01
 73  0.00755 -7.63905e+00 | 74 -0.02679  7.39865e+00 | 75  0.00987 -5.54085e+00
 76 -0.01503  1.63726e+01 | 77  0.03245 -2.14070e+00 | 78  0.00709 -7.43137e+00
 79  0.02782 -4.03335e+00 | 80  0.00726  1.05132e+00 | 81 -0.00413 -1.05433e+01
 82 -0.04336  1.50979e+01 | 83  0.00865 -5.59142e+00 | 84 -0.03052 -5.14138e+00
 85  0.03696 -1.09274e+01 | 86 -0.04256 -5.59545e+00 | 87 -0.01204 -6.90587e+00
 88 -0.01413  7.55305e+00 | 89 -0.02334 -7.86882e+00 | 90 -0.00575 -3.38541e+00
 91 -0.00105 -2.15868e+00 | 92 -0.00036 -3.15506e+00 | 93  0.00580 -5.35568e+00
 94 -0.00512 -9.19432e+00 | 95 -0.00013 -4.61082e+00 | 96 -0.00014 -4.62277e+00
 97  0.83597  1.38637e+01 | 98  0.22996  2.84367e+00 |

Initial statistics: 100 variables; iteration 0; function evaluation 0; phase 3
Function value 2.1986205e+03; maximum gradient component mag -3.0598e+02
Var    Value     Gradient |Var    Value     Gradient |Var    Value     Gradient
  1  0.62559  1.84335e+02 |  2  0.01014  2.09594e+01 |  3  0.01635 -2.59946e+00
  4 -0.01113 -9.50093e+00 |  5 -0.00202 -6.22536e+00 |  6 -0.00917  6.77575e+00
  7  0.00646 -4.04620e+00 |  8 -0.02057 -7.07299e+00 |  9 -0.00586  7.50683e+00
 10  0.01821 -6.07677e-02 | 11 -0.02890 -4.84147e+00 | 12 -0.01920 -4.61701e+00
 13  0.00592  2.13334e+01 | 14  0.02671 -2.12553e+01 | 15 -0.04021 -1.99606e+00
 16 -0.00723 -5.54612e+00 | 17  0.00680 -5.94907e+00 | 18 -0.00036 -6.35975e-01
 19  0.00307 -4.83827e+00 | 20 -0.01386 -1.38529e+00 | 21  0.00481  4.76780e-01
 22  0.01271 -1.04208e+01 | 23 -0.06734 -1.73039e+01 | 24 -0.01639 -2.41133e-01
 25 -0.01426 -5.04912e+00 | 26 -0.01923 -6.36855e+00 | 27 -0.01012 -1.28805e+00
 28 -0.01551  1.66625e+00 | 29  0.01495 -2.27061e+00 | 30  0.01470  8.70502e-01
 31  0.01601 -3.60237e+00 | 32 -0.03372  1.40108e+00 | 33  0.06527 -2.71866e+00
 34 -0.00698 -1.01889e+00 | 35  0.01334 -4.28781e+00 | 36  0.00440 -2.27551e+00
 37 -0.01357 -2.07745e+01 | 38  0.01443 -8.62284e+00 | 39 -0.02997 -2.27437e+01
 40 -0.00614  4.51724e-01 | 41 -0.03821  1.40162e+01 | 42 -0.00701 -8.98191e+00
 43  0.01013  6.62729e+00 | 44  0.01587 -1.02488e+01 | 45  0.02817  1.00163e+01
 46  0.02522  6.85843e+00 | 47 -0.01242 -4.78458e-02 | 48 -0.01820  1.06384e+00
 49 -0.01717  3.88889e-01 | 50  0.06169  5.31405e-01 | 51  0.00206  7.03579e+00
 52  0.02271  4.05206e-01 | 53 -0.00007  5.55198e+00 | 54 -0.00258 -2.78354e+00
 55  0.04821  1.14210e+01 | 56 -0.00810  4.94899e+00 | 57 -0.03135  1.19745e+01
 58 -0.04450  7.81406e+00 | 59  0.00893  2.80225e+01 | 60  0.04175  1.52990e+01
 61  0.00305 -1.73096e+01 | 62  0.02112  4.99493e+00 | 63  0.03859  9.08682e+00
 64  0.02444  2.30352e+01 | 65  0.01103 -2.44754e+01 | 66  0.02548  1.83211e+01
 67  0.01963  1.67911e+01 | 68  0.02699  2.97083e+01 | 69 -0.02292 -1.24325e+00
 70 -0.00619 -2.23257e+01 | 71 -0.00210  6.56126e+00 | 72 -0.00571  3.97722e+01
 73  0.00755 -7.65507e+00 | 74 -0.02679  7.38264e+00 | 75  0.00987 -5.55687e+00
 76 -0.01503  1.63566e+01 | 77  0.03245 -2.15670e+00 | 78  0.00709 -7.44740e+00
 79  0.02782 -4.04937e+00 | 80  0.00726  1.03529e+00 | 81 -0.00413 -1.05594e+01
 82 -0.04336  1.50819e+01 | 83  0.00865 -5.60744e+00 | 84 -0.03052 -5.15739e+00
 85  0.03696 -1.09434e+01 | 86 -0.04256 -5.61145e+00 | 87 -0.01204 -6.92190e+00
 88 -0.01413  7.53703e+00 | 89 -0.02334 -7.88484e+00 | 90 -0.00575 -3.40143e+00
 91 -0.00105 -2.17470e+00 | 92 -0.00036 -3.17108e+00 | 93  0.00580 -5.37171e+00
 94 -0.00512 -9.21035e+00 | 95 -0.00013 -4.62685e+00 | 96 -0.00014 -4.63879e+00
 97  0.83597  1.38637e+01 | 98 -0.41581 -1.80683e+02 | 99  0.22996  2.84367e+00
100 -0.25275 -3.05981e+02 |

Intermediate statistics: 100 variables; iteration 20; function evaluation 27; phase 3
Function value 2.1971481e+03; maximum gradient component mag 3.3462e+02
Var    Value     Gradient |Var    Value     Gradient |Var    Value     Gradient
  1  0.62543  3.34624e+02 |  2  0.00105 -3.02301e+00 |  3  0.01580 -8.43962e+00
  4 -0.00951 -1.03877e+01 |  5 -0.00155 -9.49966e+00 |  6 -0.01207 -5.37148e+00
  7  0.00642 -8.54464e+00 |  8 -0.02001 -9.75342e+00 |  9 -0.00781 -4.12981e+00
 10  0.01786 -5.96562e+00 | 11 -0.02886 -8.75078e+00 | 12 -0.01918 -8.41289e+00
 13  0.00437  6.14961e+00 | 14  0.02724 -1.73522e+01 | 15 -0.04049 -7.27647e+00
 16 -0.00726 -8.74750e+00 | 17  0.00682 -8.14169e+00 | 18 -0.00054 -5.18545e+00
 19  0.00303 -7.28458e+00 | 20 -0.01403 -5.59497e+00 | 21  0.00456 -4.51073e+00
 22  0.01310 -3.70748e+00 | 23 -0.06638 -1.47857e+01 | 24 -0.01655 -4.50973e+00
 25 -0.01424 -7.10190e+00 | 26 -0.01915 -7.94694e+00 | 27 -0.01021 -4.63472e+00
 28 -0.01574 -3.08115e+00 | 29  0.01495 -3.06777e+00 | 30  0.01460 -1.41433e+00
 31  0.01610 -2.73921e+00 | 32 -0.03399 -3.04870e+00 | 33  0.06581  1.89397e+01
 34 -0.00698 -2.24757e+00 | 35  0.01354 -1.41274e+00 | 36  0.00451 -1.00866e+00
 37 -0.01281 -1.26973e+01 | 38  0.01496  2.60701e+00 | 39 -0.02902 -1.45839e+01
 40 -0.00612  6.43088e-01 | 41 -0.03896  5.67188e+00 | 42 -0.00661 -3.07913e+00
 43  0.01005  8.96324e+00 | 44  0.01660  7.10398e+00 | 45  0.02807  1.58390e+01
 46  0.02532  1.57355e+01 | 47 -0.01226  3.69775e+00 | 48 -0.01810  3.94505e+00
 49 -0.01703  5.04468e+00 | 50  0.06308  7.75853e+01 | 51  0.00207  1.36745e+01
 52  0.02336  2.70078e+01 | 53  0.00004  1.07219e+01 | 54 -0.00190  8.27079e+00
 55  0.04828  2.54982e+01 | 56 -0.00803  1.50635e+00 | 57 -0.03182  2.59251e+00
 58 -0.04457 -8.14472e-01 | 59  0.00753 -1.07362e+01 | 60  0.04181  1.16830e+01
 61  0.00415  9.69891e+00 | 62  0.02145  9.83574e+00 | 63  0.03861  1.42748e+01
 64  0.02371 -2.95589e+00 | 65  0.01253  1.39803e+01 | 66  0.02492 -7.23093e+00
 67  0.01880 -1.06933e+01 | 68  0.02559 -2.97188e+01 | 69 -0.02285 -1.86900e+00
 70 -0.00457  7.55314e+00 | 71 -0.00232 -9.89789e-02 | 72 -0.00752 -1.25515e+01
 73  0.00823  9.44061e+00 | 74 -0.02691 -1.29044e+00 | 75  0.01049  1.22932e+01
 76 -0.01564 -4.27788e+00 | 77  0.03292  1.86226e+01 | 78  0.00788  7.93139e+00
 79  0.02831  1.55290e+01 | 80  0.00759  1.64766e+00 | 81 -0.00349  1.15211e+00
 82 -0.04367  2.05200e+00 | 83  0.00905  1.22672e+00 | 84 -0.03002 -5.98682e+00
 85  0.03762  1.36540e+01 | 86 -0.04202 -7.44708e+00 | 87 -0.01162 -6.59057e+00
 88 -0.01415 -9.26859e+00 | 89 -0.02284 -9.37151e+00 | 90 -0.00489 -7.34402e+00
 91 -0.00059 -3.73164e+00 | 92  0.00119 -4.34961e+00 | 93  0.00604 -6.77528e+00
 94 -0.00398 -1.06922e+01 | 95 -0.00052 -9.68938e+00 | 96 -0.00052 -9.69022e+00
 97  0.85285  7.02074e+00 | 98 -0.41324 -1.94949e+01 | 99  0.24554 -3.40110e+01
100 -0.24697  9.75352e+00 |
100 variables; iteration 40; function evaluation 53; phase 3
Function value 2.1967453e+03; maximum gradient component mag 2.4310e+01
Var    Value     Gradient |Var    Value     Gradient |Var    Value     Gradient
  1  0.62471  1.99363e+01 |  2 -0.00143  3.93330e-01 |  3  0.01557 -6.61539e-01
  4 -0.00920 -1.23141e+00 |  5 -0.00147 -1.04559e+00 |  6 -0.01373 -1.43274e+00
  7  0.00612 -1.79797e+00 |  8 -0.01978 -1.05232e+00 |  9 -0.00888 -5.68176e-01
 10  0.01768 -5.91071e-01 | 11 -0.02911 -2.13180e+00 | 12 -0.01851  2.00946e+00
 13  0.00287  7.79850e-01 | 14  0.02825 -1.08367e+00 | 15 -0.04053 -2.27562e-01
 16 -0.00702 -4.07522e-01 | 17  0.00705 -1.95285e-01 | 18 -0.00056 -5.30034e-01
 19  0.00323 -4.03642e-01 | 20 -0.01402 -4.24604e-01 | 21  0.00462 -2.57702e-01
 22  0.01309 -1.91585e+00 | 23 -0.06517 -6.53800e-02 | 24 -0.01659  3.75900e-03
 25 -0.01406 -2.09904e-01 | 26 -0.01892 -3.94390e-01 | 27 -0.01017  6.16951e-03
 28 -0.01585  2.53442e-01 | 29  0.01501 -6.35231e-01 | 30  0.01456 -5.94407e-01
 31  0.01620 -5.93788e-01 | 32 -0.03436 -7.25174e-01 | 33  0.06570  3.95516e+00
 34 -0.00695  1.61240e-01 | 35  0.01365 -1.09104e+00 | 36  0.00457 -5.15879e-01
 37 -0.01202 -1.99126e+00 | 38  0.01507  1.24507e+00 | 39 -0.02792 -1.05912e+00
 40 -0.00612 -3.59526e-01 | 41 -0.03998 -5.40976e-01 | 42 -0.00620  3.17438e-01
 43  0.00989  1.05316e+00 | 44  0.01662 -4.44411e-01 | 45  0.02788  3.28550e-01
 46  0.02508 -4.94932e-01 | 47 -0.01230  4.80439e-01 | 48 -0.01821  5.40371e-01
 49 -0.01711  6.15058e-01 | 50  0.06210  2.72987e+00 | 51  0.00181  2.37453e-01
 52  0.02294  8.74259e-01 | 53 -0.00007  1.21612e+00 | 54 -0.00176  2.62671e+00
 55  0.04828  1.23214e+00 | 56 -0.00787 -1.49232e+00 | 57 -0.03192  1.40574e+00
 58 -0.04460  4.79380e-02 | 59  0.00821  2.67263e+00 | 60  0.04198  7.10474e-02
 61  0.00407  3.25240e+00 | 62  0.02163  2.66505e+00 | 63  0.03864  1.04609e+00
 64  0.02411 -3.75941e+00 | 65  0.01237  3.85536e+00 | 66  0.02535 -4.87175e+00
 67  0.01923 -3.32604e+00 | 68  0.02673 -1.70703e-01 | 69 -0.02284 -8.49647e-01
 70 -0.00473 -9.60480e-01 | 71 -0.00221 -3.58741e-01 | 72 -0.00674  1.68468e+00
 73  0.00805 -6.59013e-01 | 74 -0.02691 -2.56619e+00 | 75  0.01021 -1.86424e+00
 76 -0.01534 -5.89787e-01 | 77  0.03274  1.55326e+00 | 78  0.00790  2.90364e+00
 79  0.02813  1.64823e+00 | 80  0.00766 -1.02407e+00 | 81 -0.00353  4.26507e-02
 82 -0.04404 -6.10541e-02 | 83  0.00908  1.89088e+00 | 84 -0.02988 -4.83353e-01
 85  0.03740  1.30395e+00 | 86 -0.04182  1.73254e-01 | 87 -0.01168 -1.87435e+00
 88 -0.01385  1.35767e+00 | 89 -0.02273  3.75695e-01 | 90 -0.00475 -2.85127e-01
 91 -0.00075  1.41448e+00 | 92  0.00143  1.53357e+00 | 93  0.00613  1.27499e+00
 94 -0.00179  2.42257e+00 | 95 -0.00143 -1.98391e+00 | 96 -0.00141 -1.95135e+00
 97  0.85131  5.77832e-01 | 98 -0.41355 -1.85481e+00 | 99  0.25397 -9.65301e+00
100 -0.24461  2.43104e+01 |
100 variables; iteration 60; function evaluation 79; phase 3
Function value 2.1967367e+03; maximum gradient component mag 9.7675e+00
Var    Value     Gradient |Var    Value     Gradient |Var    Value     Gradient
  1  0.62470  6.96969e+00 |  2 -0.00160  4.03514e-01 |  3  0.01520 -1.20095e+00
  4 -0.00847  7.52347e-01 |  5 -0.00115  1.08697e-01 |  6 -0.01340 -2.62924e-01
  7  0.00581 -2.52651e+00 |  8 -0.01990 -1.08629e+00 |  9 -0.00877  1.31070e-01
 10  0.01739 -1.94133e+00 | 11 -0.02857  2.74720e-01 | 12 -0.01890  4.00859e-01
 13  0.00280  5.50096e-01 | 14  0.02831 -2.39611e-01 | 15 -0.04052  8.38164e-02
 16 -0.00709 -8.99151e-01 | 17  0.00705 -4.95835e-02 | 18 -0.00056 -3.65796e-01
 19  0.00326  2.12987e-01 | 20 -0.01402 -2.23077e-01 | 21  0.00460 -3.28561e-01
 22  0.01314 -7.52586e-01 | 23 -0.06519  1.26194e-01 | 24 -0.01658  3.29428e-01
 25 -0.01407 -5.58106e-02 | 26 -0.01894 -3.95206e-01 | 27 -0.01015  3.61689e-01
 28 -0.01593 -4.42277e-01 | 29  0.01503 -1.95499e-01 | 30  0.01458 -1.52007e-01
 31  0.01623  1.17122e-01 | 32 -0.03430 -8.15315e-02 | 33  0.06560  6.61205e-01
 34 -0.00691  6.96238e-01 | 35  0.01371 -1.55168e-02 | 36  0.00459 -1.66399e-01
 37 -0.01193 -7.83522e-01 | 38  0.01503  6.93883e-01 | 39 -0.02788 -5.14779e-01
 40 -0.00613 -2.92731e-01 | 41 -0.03996 -1.89040e-01 | 42 -0.00620  3.92423e-01
 43  0.00989  9.46476e-01 | 44  0.01665 -1.97874e-02 | 45  0.02790  4.30769e-01
 46  0.02512  1.15464e-01 | 47 -0.01233  2.17984e-01 | 48 -0.01823  2.88909e-01
 49 -0.01714  2.43778e-01 | 50  0.06206  5.45735e-01 | 51  0.00179 -1.72106e-01
 52  0.02294  5.84458e-01 | 53 -0.00008  1.06786e+00 | 54 -0.00177  2.19601e+00
 55  0.04828  2.87679e-01 | 56 -0.00784 -9.15338e-01 | 57 -0.03197  7.49914e-01
 58 -0.04462 -1.36302e-01 | 59  0.00817  1.49988e+00 | 60  0.04199 -1.69450e-02
 61  0.00396  5.90676e-01 | 62  0.02154 -2.73614e-01 | 63  0.03864  6.10874e-01
 64  0.02420 -1.26526e+00 | 65  0.01228  1.52371e+00 | 66  0.02546 -1.56071e+00
 67  0.01926 -2.47184e+00 | 68  0.02675  4.41104e-01 | 69 -0.02283 -6.22318e-01
 70 -0.00472 -9.94854e-01 | 71 -0.00223 -8.91943e-01 | 72 -0.00681  3.97433e-02
 73  0.00808  3.72679e-01 | 74 -0.02684 -9.55609e-01 | 75  0.01024 -5.60106e-01
 76 -0.01534 -2.80777e-01 | 77  0.03272  5.97581e-01 | 78  0.00788  2.29932e+00
 79  0.02811  7.12599e-01 | 80  0.00765 -1.29690e+00 | 81 -0.00357 -6.39236e-01
 82 -0.04405  1.57970e-02 | 83  0.00903  5.21189e-01 | 84 -0.02987  5.70480e-03
 85  0.03737  4.66521e-01 | 86 -0.04187 -9.38353e-02 | 87 -0.01164 -4.19877e-01
 88 -0.01391  7.92646e-01 | 89 -0.02276  4.44540e-01 | 90 -0.00476  1.39255e-01
 91 -0.00086  6.06144e-01 | 92  0.00131  8.01037e-01 | 93  0.00590  4.71470e-01
 94 -0.00272  1.29747e+00 | 95 -0.00077 -5.90956e-01 | 96 -0.00076 -5.82099e-01
 97  0.85107  1.90149e-01 | 98 -0.41358 -9.82811e-01 | 99  0.25443 -4.05766e+00
100 -0.24452  9.76753e+00 |
Maximum number of function evaluations exceeded

 - final statistics:
100 variables; iteration 76; function evaluation 100
Function value 2.1967e+03; maximum gradient component mag 4.0783e+00
Exit code = 3;  converg criter 1.0000e+00
Var    Value     Gradient |Var    Value     Gradient |Var    Value     Gradient
  1  0.62467  2.80768e+00 |  2 -0.00180  1.01202e-01 |  3  0.01529 -8.93016e-01
  4 -0.00880  1.38357e-01 |  5 -0.00128 -1.02297e-01 |  6 -0.01335 -5.86228e-03
  7  0.00631 -7.51184e-01 |  8 -0.01983 -7.80873e-01 |  9 -0.00896 -4.70306e-01
 10  0.01759 -7.39143e-01 | 11 -0.02855  4.49200e-01 | 12 -0.01895  2.34973e-01
 13  0.00280  5.45610e-01 | 14  0.02832 -1.05048e-01 | 15 -0.04041  8.30369e-01
 16 -0.00705 -4.64553e-01 | 17  0.00705 -1.60168e-01 | 18 -0.00053 -4.65716e-02
 19  0.00325 -3.04435e-02 | 20 -0.01399  1.09830e-01 | 21  0.00463 -6.70395e-02
 22  0.01318 -5.56305e-02 | 23 -0.06523 -7.22148e-02 | 24 -0.01661 -7.70837e-02
 25 -0.01407 -4.59213e-02 | 26 -0.01889  1.95305e-01 | 27 -0.01017  5.58009e-02
 28 -0.01593 -3.76279e-01 | 29  0.01504 -2.07186e-01 | 30  0.01457 -3.43774e-01
 31  0.01623 -2.92727e-02 | 32 -0.03442 -8.73822e-01 | 33  0.06560  2.58626e-01
 34 -0.00693  4.67894e-01 | 35  0.01372 -3.10499e-02 | 36  0.00459 -1.67465e-01
 37 -0.01190 -4.21096e-01 | 38  0.01502  3.00792e-01 | 39 -0.02785 -2.11224e-01
 40 -0.00612 -3.02832e-01 | 41 -0.03994 -4.36008e-02 | 42 -0.00620  2.55378e-01
 43  0.00987  5.76675e-01 | 44  0.01667  4.89032e-02 | 45  0.02788 -2.67492e-01
 46  0.02512 -2.26248e-01 | 47 -0.01232  2.00940e-01 | 48 -0.01824  1.91716e-01
 49 -0.01713  2.62853e-01 | 50  0.06207  2.55828e-01 | 51  0.00182  1.55689e-01
 52  0.02294  2.78541e-01 | 53 -0.00008  6.86557e-01 | 54 -0.00182  9.07879e-01
 55  0.04829  1.35883e-01 | 56 -0.00779 -1.29856e-01 | 57 -0.03199  3.20152e-01
 58 -0.04460 -2.98882e-02 | 59  0.00815  6.01646e-01 | 60  0.04200  4.31733e-03
 61  0.00395  1.80664e-01 | 62  0.02155 -2.08996e-01 | 63  0.03864  2.59216e-01
 64  0.02424 -5.01237e-01 | 65  0.01224  5.75359e-01 | 66  0.02549 -5.96679e-01
 67  0.01932 -1.03260e+00 | 68  0.02675  1.60003e-01 | 69 -0.02279  5.23914e-02
 70 -0.00469 -3.52838e-01 | 71 -0.00221 -5.10075e-01 | 72 -0.00680  7.25855e-02
 73  0.00808  9.82861e-02 | 74 -0.02679 -1.84410e-01 | 75  0.01026 -2.48341e-01
 76 -0.01532 -1.41271e-01 | 77  0.03272  2.33313e-01 | 78  0.00784  9.78853e-01
 79  0.02810  2.71581e-01 | 80  0.00768 -5.36791e-01 | 81 -0.00355 -1.36840e-01
 82 -0.04405  3.85755e-03 | 83  0.00902  1.95923e-01 | 84 -0.02985  2.79017e-01
 85  0.03737  1.90004e-01 | 86 -0.04188 -7.39915e-02 | 87 -0.01163 -1.80236e-02
 88 -0.01393  5.49527e-01 | 89 -0.02280  1.28731e-01 | 90 -0.00478 -1.09146e-01
 91 -0.00092  3.07087e-02 | 92  0.00120  7.71533e-03 | 93  0.00587  4.19818e-01
 94 -0.00328  5.10513e-01 | 95 -0.00062 -2.33547e-01 | 96 -0.00062 -2.35185e-01
 97  0.85100  6.86879e-02 | 98 -0.41358 -3.58296e-01 | 99  0.25466 -1.66408e+00
100 -0.24448  4.07828e+00 |

Initial statistics: 108 variables; iteration 0; function evaluation 0; phase 4
Function value 2.1967335e+03; maximum gradient component mag -1.1480e+02
Var    Value     Gradient |Var    Value     Gradient |Var    Value     Gradient
  1 -0.42263  6.88250e+01 |  2 -0.42263 -1.14799e+02 |  3 -0.41094  3.11413e+01
  4  0.62467  2.80768e+00 |  5  0.00000 -2.12527e-01 |  6  0.00000  1.03415e+01
  7  0.00000  1.25646e+01 |  8  0.00000 -4.39815e-01 |  9  0.00000  9.82333e+00
 10 -0.00180  9.99026e-02 | 11  0.01529 -8.94314e-01 | 12 -0.00880  1.37058e-01
 13 -0.00128 -1.03596e-01 | 14 -0.01335 -7.16093e-03 | 15  0.00631 -7.52483e-01
 16 -0.01983 -7.82171e-01 | 17 -0.00896 -4.71605e-01 | 18  0.01759 -7.40442e-01
 19 -0.02855  4.47902e-01 | 20 -0.01895  2.33674e-01 | 21  0.00280  5.44311e-01
 22  0.02832 -1.06346e-01 | 23 -0.04041  8.29072e-01 | 24 -0.00705 -4.65852e-01
 25  0.00705 -1.61467e-01 | 26 -0.00053 -4.78705e-02 | 27  0.00325 -3.17424e-02
 28 -0.01399  1.08531e-01 | 29  0.00463 -6.83385e-02 | 30  0.01318 -5.69291e-02
 31 -0.06523 -7.35069e-02 | 32 -0.01661 -7.83821e-02 | 33 -0.01407 -4.72199e-02
 34 -0.01889  1.94007e-01 | 35 -0.01017  5.45022e-02 | 36 -0.01593 -3.77578e-01
 37  0.01504 -2.08485e-01 | 38  0.01457 -3.45072e-01 | 39  0.01623 -3.05712e-02
 40 -0.03442 -8.75120e-01 | 41  0.06560  2.57334e-01 | 42 -0.00693  4.66595e-01
 43  0.01372 -3.23486e-02 | 44  0.00459 -1.68764e-01 | 45 -0.01190 -4.22394e-01
 46  0.01502  2.99494e-01 | 47 -0.02785 -2.12522e-01 | 48 -0.00612 -3.04131e-01
 49 -0.03994 -4.48972e-02 | 50 -0.00620  2.54079e-01 | 51  0.00987  5.75376e-01
 52  0.01667  4.76047e-02 | 53  0.02788 -2.68790e-01 | 54  0.02512 -2.27546e-01
 55 -0.01232  1.99641e-01 | 56 -0.01824  1.90417e-01 | 57 -0.01713  2.61555e-01
 58  0.06207  2.54535e-01 | 59  0.00182  1.54390e-01 | 60  0.02294  2.77243e-01
 61 -0.00008  6.85258e-01 | 62 -0.00182  9.06580e-01 | 63  0.04829  1.34587e-01
 64 -0.00779 -1.31155e-01 | 65 -0.03199  3.18855e-01 | 66 -0.04460 -3.11840e-02
 67  0.00815  6.00348e-01 | 68  0.04200  3.02122e-03 | 69  0.00395  1.79365e-01
 70  0.02155 -2.10294e-01 | 71  0.03864  2.57919e-01 | 72  0.02424 -5.02535e-01
 73  0.01224  5.74060e-01 | 74  0.02549 -5.97977e-01 | 75  0.01932 -1.03390e+00
 76  0.02675  1.58705e-01 | 77 -0.02279  5.10933e-02 | 78 -0.00469 -3.54137e-01
 79 -0.00221 -5.11374e-01 | 80 -0.00680  7.12866e-02 | 81  0.00808  9.69872e-02
 82 -0.02679 -1.85708e-01 | 83  0.01026 -2.49640e-01 | 84 -0.01532 -1.42569e-01
 85  0.03272  2.32016e-01 | 86  0.00784  9.77554e-01 | 87  0.02810  2.70283e-01
 88  0.00768 -5.38090e-01 | 89 -0.00355 -1.38139e-01 | 90 -0.04405  2.56172e-03
 91  0.00902  1.94625e-01 | 92 -0.02985  2.77719e-01 | 93  0.03737  1.88708e-01
 94 -0.04188 -7.52876e-02 | 95 -0.01163 -1.93224e-02 | 96 -0.01393  5.48229e-01
 97 -0.02280  1.27433e-01 | 98 -0.00478 -1.10445e-01 | 99 -0.00092  2.94097e-02
100  0.00120  6.41639e-03 |101  0.00587  4.18519e-01 |102 -0.00328  5.09214e-01
103 -0.00062 -2.34846e-01 |104 -0.00062 -2.36484e-01 |105  0.85100  6.86879e-02
106 -0.41358 -3.58296e-01 |107  0.25466 -1.66408e+00 |108 -0.24448  4.07828e+00

Intermediate statistics: 108 variables; iteration 20; function evaluation 25; phase 4
Function value 2.1957950e+03; maximum gradient component mag 1.4420e+02
Var    Value     Gradient |Var    Value     Gradient |Var    Value     Gradient
  1 -0.45886  2.46828e+01 |  2 -0.42403  1.31709e+02 |  3 -0.40100  6.81076e+01
  4  0.62499  6.70868e+01 |  5  0.00094  8.40299e-01 |  6 -0.00532  1.09414e+00
  7 -0.00629  1.43117e+00 |  8  0.00058  2.56544e-01 |  9 -0.00407  1.69892e+00
 10 -0.00157 -1.54045e+00 | 11  0.01593 -1.61035e+00 | 12 -0.00855 -1.46415e+00
 13 -0.00095 -1.44463e+00 | 14 -0.01309 -1.45530e+00 | 15  0.00672 -1.53393e+00
 16 -0.01944 -1.64600e+00 | 17 -0.00870 -1.49221e+00 | 18  0.01789 -1.04132e+00
 19 -0.02852 -1.30169e+00 | 20 -0.01885 -1.15161e+00 | 21  0.00292 -3.95578e-01
 22  0.02855  8.49482e-01 | 23 -0.04040 -8.80947e-01 | 24 -0.00697 -6.06168e-01
 25  0.00713  1.48971e+00 | 26 -0.00046  1.22520e+00 | 27  0.00353  2.64964e+00
 28 -0.01394  8.29999e-01 | 29  0.00479  3.08427e+00 | 30  0.01344  6.10516e+00
 31 -0.06517 -9.31861e-01 | 32 -0.01661 -4.67409e-02 | 33 -0.01410 -1.68389e-01
 34 -0.01899 -1.82261e-01 | 35 -0.01029 -1.12043e-01 | 36 -0.01589 -1.77379e-02
 37  0.01508  4.19909e+00 | 38  0.01464  3.53325e+00 | 39  0.01640  5.05920e+00
 40 -0.03434 -2.48992e-02 | 41  0.06636  3.17150e+01 | 42 -0.00686  2.64146e+00
 43  0.01410  6.51141e+00 | 44  0.00483  4.68409e+00 | 45 -0.01177  1.89651e+00
 46  0.01519  6.46869e+00 | 47 -0.02789  6.08216e-01 | 48 -0.00619  1.94097e+00
 49 -0.04012  6.05476e-02 | 50 -0.00635  2.60829e+00 | 51  0.00979  6.11953e+00
 52  0.01669  8.66486e+00 | 53  0.02800  1.30128e+01 | 54  0.02527  1.30946e+01
 55 -0.01227  5.69275e+00 | 56 -0.01820  4.97722e+00 | 57 -0.01716  5.15062e+00
 58  0.06176  1.46549e+01 | 59  0.00177  8.17317e+00 | 60  0.02286  7.56271e+00
 61 -0.00006  5.80690e+00 | 62 -0.00190  3.12818e+00 | 63  0.04792 -6.99186e+00
 64 -0.00770  3.66722e+00 | 65 -0.03214  3.18552e+00 | 66 -0.04449 -4.13062e-02
 67  0.00768 -8.42173e+00 | 68  0.04112 -2.57578e+01 | 69  0.00379 -5.35517e-01
 70  0.02110 -8.51485e+00 | 71  0.03829 -9.30663e+00 | 72  0.02405 -1.80557e+00
 73  0.01233  3.17851e+00 | 74  0.02513 -6.80484e+00 | 75  0.01909 -7.11495e+00
 76  0.02651 -1.91842e+00 | 77 -0.02292 -1.92519e+00 | 78 -0.00496 -5.92720e+00
 79 -0.00239 -3.22181e+00 | 80 -0.00708 -5.35856e+00 | 81  0.00785 -5.73695e+00
 82 -0.02709 -2.31376e+00 | 83  0.00984 -9.83624e+00 | 84 -0.01551 -3.65614e+00
 85  0.03242 -8.75742e+00 | 86  0.00753 -5.98611e+00 | 87  0.02775 -1.07585e+01
 88  0.00745 -3.13775e+00 | 89 -0.00338  2.13223e+00 | 90 -0.04407 -3.55133e-01
 91  0.00878 -9.76788e+00 | 92 -0.03001 -2.19931e+00 | 93  0.03666 -2.76678e+01
 94 -0.04186 -8.29866e-02 | 95 -0.01133  2.69255e+00 | 96 -0.01386  3.93404e+00
 97 -0.02242  2.56479e+00 | 98 -0.00477  2.71829e+00 | 99 -0.00067  3.77728e+00
100  0.00171  3.12066e-01 |101  0.00518  1.10852e+00 |102 -0.00249 -1.16710e+00
103 -0.00047 -1.86817e+00 |104 -0.00047 -1.86844e+00 |105  0.84729 -1.21635e+01
106 -0.41275  1.17745e+02 |107  0.24688 -4.30969e+01 |108 -0.24412  1.44199e+02
108 variables; iteration 40; function evaluation 46; phase 4
Function value 2.1956853e+03; maximum gradient component mag 4.0154e+01
Var    Value     Gradient |Var    Value     Gradient |Var    Value     Gradient
  1 -0.45866  9.09704e+00 |  2 -0.42392  3.93892e+01 |  3 -0.40125  2.14738e+01
  4  0.62461  1.91935e+01 |  5  0.00063  4.50749e-03 |  6 -0.00520  1.27165e+00
  7 -0.00640  1.20584e+00 |  8  0.00019 -4.71616e-01 |  9 -0.00593 -1.87327e+00
 10 -0.00200 -1.09763e+00 | 11  0.01597 -1.77153e-01 | 12 -0.00891 -9.31588e-01
 13 -0.00093 -4.85788e-02 | 14 -0.01308 -6.47615e-02 | 15  0.00625 -1.74053e+00
 16 -0.01948 -3.89926e-01 | 17 -0.00931 -2.36009e+00 | 18  0.01839  3.17561e+00
 19 -0.02917 -2.46731e+00 | 20 -0.01759  6.56402e+00 | 21  0.00293  1.06987e+00
 22  0.02836 -1.02350e-01 | 23 -0.04064 -9.97490e-01 | 24 -0.00730 -2.89360e+00
 25  0.00697  2.57988e-02 | 26 -0.00046  1.72686e+00 | 27  0.00339  1.05651e+00
 28 -0.01394  1.57791e+00 | 29  0.00451 -8.95277e-01 | 30  0.01337  4.88104e+00
 31 -0.06552 -2.11763e+00 | 32 -0.01674 -8.81396e-01 | 33 -0.01418 -4.66493e-01
 34 -0.01920 -1.79879e+00 | 35 -0.01045 -1.66119e+00 | 36 -0.01618 -2.81387e+00
 37  0.01487  6.63530e-01 | 38  0.01454  1.68147e+00 | 39  0.01618  1.06454e+00
 40 -0.03398  2.74484e+00 | 41  0.06578  9.48846e+00 | 42 -0.00691  1.19876e+00
 43  0.01396  2.54250e+00 | 44  0.00446 -1.83382e+00 | 45 -0.01188 -1.03593e-01
 46  0.01493 -3.84979e-02 | 47 -0.02806 -1.35987e+00 | 48 -0.00643 -2.32280e+00
 49 -0.03992  1.76589e+00 | 50 -0.00645 -1.73360e-01 | 51  0.00959 -1.20498e-01
 52  0.01632 -2.04996e+00 | 53  0.02786  4.18920e+00 | 54  0.02523  5.92127e+00
 55 -0.01251 -2.56658e-01 | 56 -0.01839 -1.87366e-01 | 57 -0.01747 -1.68440e+00
 58  0.06192  5.34182e+00 | 59  0.00173  2.15433e+00 | 60  0.02273 -3.25752e+00
 61 -0.00018 -6.13548e-01 | 62 -0.00166  5.48996e+00 | 63  0.04823 -1.90742e+00
 64 -0.00775  1.11853e-01 | 65 -0.03223  3.54935e-01 | 66 -0.04445  1.70094e-01
 67  0.00804 -1.25863e+00 | 68  0.04161 -6.73731e+00 | 69  0.00393  1.27535e+00
 70  0.02144 -5.39154e-03 | 71  0.03849 -5.02507e+00 | 72  0.02444  8.55154e+00
 73  0.01208 -4.60201e+00 | 74  0.02506 -1.00798e+01 | 75  0.01957  6.32728e+00
 76  0.02651 -1.98617e+00 | 77 -0.02297 -2.76781e+00 | 78 -0.00482 -2.72635e+00
 79 -0.00244 -5.08785e+00 | 80 -0.00697 -2.44007e+00 | 81  0.00805 -5.98606e-01
 82 -0.02709 -1.25625e+00 | 83  0.01029  3.53648e+00 | 84 -0.01543 -1.17263e+00
 85  0.03262 -2.82727e+00 | 86  0.00779  1.52204e+00 | 87  0.02794 -5.38392e+00
 88  0.00780  6.02211e+00 | 89 -0.00344 -6.81224e-01 | 90 -0.04387  2.26178e+00
 91  0.00892 -8.81419e+00 | 92 -0.02995 -1.38353e+00 | 93  0.03723 -7.21908e+00
 94 -0.04178  6.22891e-01 | 95 -0.01128  2.81277e-01 | 96 -0.01374  3.11696e+00
 97 -0.02211  3.89626e+00 | 98 -0.00462  1.93422e+00 | 99 -0.00036  4.07402e+00
100  0.00280  7.48318e+00 |101  0.00464 -2.33415e+00 |102 -0.00237  1.75789e-01
103 -0.00053 -6.46899e-01 |104 -0.00054 -6.47403e-01 |105  0.84699 -3.48747e+00
106 -0.41312  3.17648e+01 |107  0.24704 -1.49222e+01 |108 -0.24449  4.01543e+01
108 variables; iteration 60; function evaluation 73; phase 4
Function value 2.1956574e+03; maximum gradient component mag 1.5463e+01
Var    Value     Gradient |Var    Value     Gradient |Var    Value     Gradient
  1 -0.45921  3.72363e+00 |  2 -0.42393  1.54629e+01 |  3 -0.40111  8.80137e+00
  4  0.62448  6.61262e+00 |  5  0.00094  6.42062e-01 |  6 -0.00534  1.02667e+00
  7 -0.00664  7.85695e-01 |  8  0.00015 -5.57239e-01 |  9 -0.00581 -1.68222e+00
 10 -0.00121  8.39205e-01 | 11  0.01553 -9.54108e-01 | 12 -0.00800  1.39904e+00
 13 -0.00159 -1.46360e+00 | 14 -0.01370 -1.41653e+00 | 15  0.00632 -1.29553e+00
 16 -0.01951 -2.46567e-01 | 17 -0.00927 -2.03955e+00 | 18  0.01787  3.15269e-01
 19 -0.02829  1.22107e+00 | 20 -0.01845  2.38159e+00 | 21  0.00283  3.99839e-01
 22  0.02831 -8.52936e-01 | 23 -0.04037  7.94196e-01 | 24 -0.00708 -4.98941e-01
 25  0.00698  2.08890e-01 | 26 -0.00061 -3.30837e-01 | 27  0.00342  1.38751e+00
 28 -0.01390  1.96548e+00 | 29  0.00456 -2.57574e-01 | 30  0.01327  2.50182e+00
 31 -0.06545 -1.52833e+00 | 32 -0.01662  4.92586e-01 | 33 -0.01416 -2.75053e-01
 34 -0.01904 -2.04005e-02 | 35 -0.01023  1.15118e+00 | 36 -0.01605 -1.29006e+00
 37  0.01484 -5.02804e-02 | 38  0.01456  1.59307e+00 | 39  0.01612 -2.03920e-01
 40 -0.03433  1.98434e-01 | 41  0.06568  5.30719e+00 | 42 -0.00717 -1.73387e+00
 43  0.01386  7.26412e-01 | 44  0.00462  1.27710e-01 | 45 -0.01195 -1.04951e+00
 46  0.01494 -2.57533e-01 | 47 -0.02798 -5.45829e-01 | 48 -0.00627 -1.78027e-01
 49 -0.04034 -1.84076e+00 | 50 -0.00638  3.41406e-01 | 51  0.00960 -5.01367e-01
 52  0.01644 -8.46114e-01 | 53  0.02779  1.69590e+00 | 54  0.02514  2.84946e+00
 55 -0.01243  4.92371e-02 | 56 -0.01833  1.27045e-02 | 57 -0.01742 -1.59307e+00
 58  0.06190  2.06878e+00 | 59  0.00168  4.72142e-01 | 60  0.02283 -2.02806e+00
 61 -0.00016 -8.12363e-01 | 62 -0.00176  2.25078e+00 | 63  0.04831 -7.58303e-01
 64 -0.00770  5.95584e-01 | 65 -0.03221  2.19521e-01 | 66 -0.04455 -1.50203e+00
 67  0.00808 -9.60980e-01 | 68  0.04174 -2.41160e+00 | 69  0.00398  2.26941e+00
 70  0.02157  3.16764e+00 | 71  0.03860 -2.40055e+00 | 72  0.02432  4.18164e+00
 73  0.01206 -5.61110e+00 | 74  0.02527 -3.55873e+00 | 75  0.01950  3.66854e+00
 76  0.02657 -7.51608e-01 | 77 -0.02287 -1.00076e+00 | 78 -0.00473 -7.65513e-01
 79 -0.00235 -3.12394e+00 | 80 -0.00691 -1.13545e+00 | 81  0.00816  2.25661e+00
 82 -0.02705 -4.95245e-01 | 83  0.01028  2.56818e+00 | 84 -0.01541 -9.80943e-01
 85  0.03269 -5.92812e-01 | 86  0.00768 -2.01684e+00 | 87  0.02810 -5.38632e-01
 88  0.00750 -2.84149e+00 | 89 -0.00332  1.76901e+00 | 90 -0.04387  2.38523e+00
 91  0.00909 -3.45181e+00 | 92 -0.02992 -6.35432e-01 | 93  0.03735 -2.49447e+00
 94 -0.04190 -9.61259e-01 | 95 -0.01129 -2.11790e-01 | 96 -0.01384  1.00381e+00
 97 -0.02218  2.76604e+00 | 98 -0.00473  3.94081e-01 | 99 -0.00044  3.05438e+00
100  0.00225  2.99136e+00 |101  0.00471 -2.25184e+00 |102 -0.00286 -2.60870e-01
103 -0.00035  5.89844e-03 |104 -0.00035  6.87384e-03 |105  0.84703 -1.38061e+00
106 -0.41317  1.24674e+01 |107  0.24752 -5.52287e+00 |108 -0.24443  1.52156e+01
108 variables; iteration 80; function evaluation 98; phase 4
Function value 2.1956452e+03; maximum gradient component mag 2.8084e+00
Var    Value     Gradient |Var    Value     Gradient |Var    Value     Gradient
  1 -0.45958  6.68004e-01 |  2 -0.42394  2.80836e+00 |  3 -0.40101  1.56859e+00
  4  0.62444  1.20361e+00 |  5  0.00069  4.10258e-02 |  6 -0.00579  2.49417e-01
  7 -0.00701  1.36754e-01 |  8  0.00031 -2.87025e-01 |  9 -0.00509 -3.06191e-01
 10 -0.00140  6.02936e-01 | 11  0.01580 -1.46436e-01 | 12 -0.00862  1.59946e-01
 13 -0.00118 -2.72848e-01 | 14 -0.01336 -3.51222e-01 | 15  0.00658 -2.42664e-01
 16 -0.01951 -8.85629e-02 | 17 -0.00883 -2.01808e-01 | 18  0.01788  5.59187e-01
 19 -0.02851  4.84494e-01 | 20 -0.01890  3.22725e-01 | 21  0.00279  2.22879e-01
 22  0.02836 -4.67376e-02 | 23 -0.04062 -5.48228e-01 | 24 -0.00704  8.46415e-02
 25  0.00699  3.74883e-01 | 26 -0.00063 -5.00033e-01 | 27  0.00335  2.95791e-01
 28 -0.01408 -1.00985e-01 | 29  0.00457 -9.13173e-02 | 30  0.01314  1.68975e-01
 31 -0.06520  1.49260e-01 | 32 -0.01666  2.48266e-01 | 33 -0.01416 -1.13040e-01
 34 -0.01907 -1.88363e-01 | 35 -0.01033  6.36078e-02 | 36 -0.01594 -6.90072e-02
 37  0.01480 -5.16649e-01 | 38  0.01452  1.07236e+00 | 39  0.01617  4.85974e-01
 40 -0.03455 -1.43974e+00 | 41  0.06555  8.62421e-01 | 42 -0.00696  3.75002e-01
 43  0.01383  1.30694e-01 | 44  0.00460 -3.47465e-01 | 45 -0.01185  4.03434e-02
 46  0.01493 -6.85394e-01 | 47 -0.02789  3.31340e-01 | 48 -0.00625 -4.47896e-02
 49 -0.04010  2.04449e-01 | 50 -0.00639  2.05712e-01 | 51  0.00961 -4.94881e-01
 52  0.01652  3.43917e-01 | 53  0.02777  9.21355e-01 | 54  0.02500 -2.21319e-01
 55 -0.01243 -1.54005e-01 | 56 -0.01835 -3.18028e-01 | 57 -0.01730 -4.04032e-01
 58  0.06188  3.26436e-01 | 59  0.00166  1.87541e-02 | 60  0.02291 -3.50593e-01
 61 -0.00011 -5.70595e-02 | 62 -0.00182  4.84820e-01 | 63  0.04834 -1.36177e-01
 64 -0.00770  3.18303e-01 | 65 -0.03224 -1.67270e-01 | 66 -0.04444 -8.49623e-02
 67  0.00811 -2.14899e-01 | 68  0.04179 -2.79195e-01 | 69  0.00384 -1.07656e+00
 70  0.02150  7.52433e-01 | 71  0.03867 -3.97798e-01 | 72  0.02420  5.95348e-01
 73  0.01226 -6.62577e-01 | 74  0.02536 -5.68042e-01 | 75  0.01940  6.35395e-01
 76  0.02659 -1.08850e-01 | 77 -0.02284 -4.22086e-01 | 78 -0.00468  5.09469e-01
 79 -0.00226 -8.63359e-01 | 80 -0.00687 -2.89582e-02 | 81  0.00810  3.50783e-01
 82 -0.02699  4.52232e-01 | 83  0.01022  4.59005e-01 | 84 -0.01540 -7.96598e-01
 85  0.03271 -6.30885e-02 | 86  0.00774 -2.80043e-01 | 87  0.02811 -7.26549e-02
 88  0.00759 -5.11141e-01 | 89 -0.00338 -7.03934e-02 | 90 -0.04405 -2.49960e-01
 91  0.00919 -4.47870e-01 | 92 -0.02990 -1.13401e-03 | 93  0.03739 -3.33673e-01
 94 -0.04182  3.50520e-01 | 95 -0.01131 -3.58614e-01 | 96 -0.01381  1.68155e+00
 97 -0.02234  4.46273e-01 | 98 -0.00473  2.38483e-01 | 99 -0.00064  3.58970e-01
100  0.00196  6.75415e-01 |101  0.00511 -7.77349e-01 |102 -0.00291 -2.08478e-01
103 -0.00050 -7.45268e-02 |104 -0.00050 -7.47252e-02 |105  0.84704 -2.25241e-01
106 -0.41319  2.03950e+00 |107  0.24772 -9.81539e-01 |108 -0.24440  2.45849e+00
Maximum number of function evaluations exceeded

 - final statistics:
108 variables; iteration 82; function evaluation 100
Function value 2.1956e+03; maximum gradient component mag 2.8117e+00
Exit code = 3;  converg criter 1.0000e+00
Var    Value     Gradient |Var    Value     Gradient |Var    Value     Gradient
  1 -0.45958  6.66895e-01 |  2 -0.42394  2.81174e+00 |  3 -0.40101  1.56590e+00
  4  0.62444  1.21258e+00 |  5  0.00070  4.93515e-02 |  6 -0.00579  2.59670e-01
  7 -0.00702  1.29595e-01 |  8  0.00031 -3.00731e-01 |  9 -0.00509 -3.01090e-01
 10 -0.00140  5.97245e-01 | 11  0.01580 -1.46951e-01 | 12 -0.00863  1.54628e-01
 13 -0.00119 -2.78363e-01 | 14 -0.01336 -3.51849e-01 | 15  0.00658 -2.51736e-01
 16 -0.01951 -7.95188e-02 | 17 -0.00883 -2.28239e-01 | 18  0.01788  5.60769e-01
 19 -0.02851  4.89134e-01 | 20 -0.01890  3.23613e-01 | 21  0.00279  2.24906e-01
 22  0.02836 -4.87404e-02 | 23 -0.04062 -5.45447e-01 | 24 -0.00703  1.22599e-01
 25  0.00699  3.78423e-01 | 26 -0.00063 -5.19511e-01 | 27  0.00335  3.32131e-01
 28 -0.01408 -1.48767e-01 | 29  0.00457 -8.98127e-02 | 30  0.01314  1.34899e-01
 31 -0.06520  1.46615e-01 | 32 -0.01665  3.00785e-01 | 33 -0.01416 -1.02588e-01
 34 -0.01907 -1.73444e-01 | 35 -0.01033  9.06586e-02 | 36 -0.01594 -7.12541e-03
 37  0.01480 -4.80643e-01 | 38  0.01451  1.01196e+00 | 39  0.01617  4.25480e-01
 40 -0.03455 -1.43049e+00 | 41  0.06555  8.52866e-01 | 42 -0.00696  4.13195e-01
 43  0.01383  1.16023e-01 | 44  0.00460 -3.39426e-01 | 45 -0.01185  4.18897e-02
 46  0.01493 -7.22832e-01 | 47 -0.02790  2.56511e-01 | 48 -0.00625 -3.49935e-02
 49 -0.04010  2.12101e-01 | 50 -0.00639  2.10135e-01 | 51  0.00961 -4.58145e-01
 52  0.01652  2.81868e-01 | 53  0.02777  8.91116e-01 | 54  0.02500 -1.86293e-01
 55 -0.01243 -1.52341e-01 | 56 -0.01835 -3.33708e-01 | 57 -0.01730 -4.23565e-01
 58  0.06188  3.28276e-01 | 59  0.00166 -9.13529e-03 | 60  0.02291 -3.53767e-01
 61 -0.00011 -2.04323e-02 | 62 -0.00182  4.65523e-01 | 63  0.04834 -1.37562e-01
 64 -0.00770  3.12768e-01 | 65 -0.03224 -1.68357e-01 | 66 -0.04444 -4.78881e-02
 67  0.00811 -2.21999e-01 | 68  0.04179 -2.82214e-01 | 69  0.00384 -1.08265e+00
 70  0.02150  7.45196e-01 | 71  0.03867 -4.02139e-01 | 72  0.02420  5.87531e-01
 73  0.01226 -6.70482e-01 | 74  0.02536 -5.72802e-01 | 75  0.01940  6.27074e-01
 76  0.02659 -1.19973e-01 | 77 -0.02283 -3.18701e-01 | 78 -0.00468  4.77105e-01
 79 -0.00226 -8.67904e-01 | 80 -0.00687 -3.59400e-02 | 81  0.00810  3.42155e-01
 82 -0.02698  4.79007e-01 | 83  0.01022  4.42811e-01 | 84 -0.01540 -7.40699e-01
 85  0.03271 -7.09962e-02 | 86  0.00774 -2.85362e-01 | 87  0.02811 -7.67472e-02
 88  0.00759 -5.17286e-01 | 89 -0.00338 -8.52459e-02 | 90 -0.04405 -2.06842e-01
 91  0.00919 -4.56069e-01 | 92 -0.02990 -9.88120e-03 | 93  0.03739 -3.33995e-01
 94 -0.04182  3.86857e-01 | 95 -0.01131 -4.97050e-01 | 96 -0.01381  1.73633e+00
 97 -0.02233  5.00432e-01 | 98 -0.00473  2.47048e-01 | 99 -0.00063  3.85715e-01
100  0.00195  6.65695e-01 |101  0.00512 -7.39404e-01 |102 -0.00292 -2.19727e-01
103 -0.00050 -8.67789e-02 |104 -0.00050 -8.70375e-02 |105  0.84704 -2.25388e-01
106 -0.41319  2.03710e+00 |107  0.24771 -9.93105e-01 |108 -0.24440  2.45443e+00

Initial statistics: 110 variables; iteration 0; function evaluation 0; phase 5
Function value 2.1956452e+03; maximum gradient component mag 5.4155e+01
Var    Value     Gradient |Var    Value     Gradient |Var    Value     Gradient
  1 -0.45958  6.66895e-01 |  2 -0.42394  2.81174e+00 |  3 -0.40101  1.56590e+00
  4 -0.41222  2.77717e+01 |  5 -0.41222  5.41547e+01 |  6  0.62444  1.21258e+00
  7  0.00070  4.93515e-02 |  8 -0.00579  2.59670e-01 |  9 -0.00702  1.29595e-01
 10  0.00031 -3.00731e-01 | 11 -0.00509 -3.01090e-01 | 12 -0.00140  5.96789e-01
 13  0.01580 -1.47407e-01 | 14 -0.00863  1.54172e-01 | 15 -0.00119 -2.78819e-01
 16 -0.01336 -3.52305e-01 | 17  0.00658 -2.52192e-01 | 18 -0.01951 -7.99747e-02
 19 -0.00883 -2.28695e-01 | 20  0.01788  5.60313e-01 | 21 -0.02851  4.88678e-01
 22 -0.01890  3.23157e-01 | 23  0.00279  2.24449e-01 | 24  0.02836 -4.91961e-02
 25 -0.04062 -5.45902e-01 | 26 -0.00703  1.22143e-01 | 27  0.00699  3.77967e-01
 28 -0.00063 -5.19967e-01 | 29  0.00335  3.31674e-01 | 30 -0.01408 -1.49223e-01
 31  0.00457 -9.02689e-02 | 32  0.01314  1.34443e-01 | 33 -0.06520  1.46161e-01
 34 -0.01665  3.00329e-01 | 35 -0.01416 -1.03044e-01 | 36 -0.01907 -1.73900e-01
 37 -0.01033  9.02025e-02 | 38 -0.01594 -7.58145e-03 | 39  0.01480 -4.81099e-01
 40  0.01451  1.01150e+00 | 41  0.01617  4.25024e-01 | 42 -0.03455 -1.43095e+00
 43  0.06555  8.52412e-01 | 44 -0.00696  4.12739e-01 | 45  0.01383  1.15567e-01
 46  0.00460 -3.39882e-01 | 47 -0.01185  4.14336e-02 | 48  0.01493 -7.23289e-01
 49 -0.02790  2.56056e-01 | 50 -0.00625 -3.54497e-02 | 51 -0.04010  2.11645e-01
 52 -0.00639  2.09679e-01 | 53  0.00961 -4.58601e-01 | 54  0.01652  2.81412e-01
 55  0.02777  8.90660e-01 | 56  0.02500 -1.86749e-01 | 57 -0.01243 -1.52797e-01
 58 -0.01835 -3.34164e-01 | 59 -0.01730 -4.24021e-01 | 60  0.06188  3.27822e-01
 61  0.00166 -9.59147e-03 | 62  0.02291 -3.54223e-01 | 63 -0.00011 -2.08885e-02
 64 -0.00182  4.65067e-01 | 65  0.04834 -1.38017e-01 | 66 -0.00770  3.12312e-01
 67 -0.03224 -1.68813e-01 | 68 -0.04444 -4.83432e-02 | 69  0.00811 -2.22455e-01
 70  0.04179 -2.82669e-01 | 71  0.00384 -1.08310e+00 | 72  0.02150  7.44740e-01
 73  0.03867 -4.02595e-01 | 74  0.02420  5.87076e-01 | 75  0.01226 -6.70938e-01
 76  0.02536 -5.73258e-01 | 77  0.01940  6.26618e-01 | 78  0.02659 -1.20429e-01
 79 -0.02283 -3.19157e-01 | 80 -0.00468  4.76649e-01 | 81 -0.00226 -8.68360e-01
 82 -0.00687 -3.63962e-02 | 83  0.00810  3.41698e-01 | 84 -0.02698  4.78552e-01
 85  0.01022  4.42355e-01 | 86 -0.01540 -7.41155e-01 | 87  0.03271 -7.14517e-02
 88  0.00774 -2.85818e-01 | 89  0.02811 -7.72029e-02 | 90  0.00759 -5.17742e-01
 91 -0.00338 -8.57020e-02 | 92 -0.04405 -2.07297e-01 | 93  0.00919 -4.56526e-01
 94 -0.02990 -1.03369e-02 | 95  0.03739 -3.34450e-01 | 96 -0.04182  3.86402e-01
 97 -0.01131 -4.97506e-01 | 98 -0.01381  1.73587e+00 | 99 -0.02233  4.99976e-01
100 -0.00473  2.46592e-01 |101 -0.00063  3.85259e-01 |102  0.00195  6.65239e-01
103  0.00512 -7.39861e-01 |104 -0.00292 -2.20183e-01 |105 -0.00050 -8.72350e-02
106 -0.00050 -8.74936e-02 |107  0.84704 -2.25388e-01 |108 -0.41319  2.03710e+00
109  0.24771 -9.93105e-01 |110 -0.24440  2.45443e+00 |

Intermediate statistics: 110 variables; iteration 20; function evaluation 23; phase 5
Function value 2.1948361e+03; maximum gradient component mag 3.9635e+02
Var    Value     Gradient |Var    Value     Gradient |Var    Value     Gradient
  1 -0.43538  1.29243e+01 |  2 -0.42094  3.96355e+02 |  3 -0.40889  1.08201e+02
  4 -0.45060  8.62609e+00 |  5 -0.42477  2.61448e+01 |  6  0.62404  7.53192e+01
  7  0.00053  9.91141e-01 |  8 -0.00585  4.07488e-01 |  9 -0.00708  3.19496e-01
 10  0.00024 -1.41548e-02 | 11 -0.00515  1.73085e-02 | 12 -0.00148 -1.07058e+00
 13  0.01575 -1.45736e+00 | 14 -0.00867 -1.32497e+00 | 15 -0.00118 -1.42762e+00
 16 -0.01331 -1.46649e+00 | 17  0.00666 -7.72325e-01 | 18 -0.01943 -9.86629e-01
 19 -0.00869 -6.05837e-01 | 20  0.01805  1.32611e+00 | 21 -0.02848 -5.20641e-01
 22 -0.01874  1.23570e-01 | 23  0.00338  4.12142e+00 | 24  0.02897  7.85778e+00
 25 -0.04025  5.45122e-01 | 26 -0.00672  2.58460e+00 | 27  0.00705  3.70032e-02
 28 -0.00026  1.35305e+00 | 29  0.00334 -7.92189e+00 | 30 -0.01367  4.34992e+00
 31  0.00487  2.88106e+00 | 32  0.01336 -7.79044e-01 | 33 -0.06518 -3.24954e+00
 34 -0.01677 -4.44306e+00 | 35 -0.01413 -6.76456e+00 | 36 -0.01880  1.15956e+00
 37 -0.01032 -3.45631e+00 | 38 -0.01623 -1.10129e+01 | 39  0.01534  7.83434e+00
 40  0.01412 -8.64344e+00 | 41  0.01613 -2.70052e+00 | 42 -0.03394 -3.09999e-01
 43  0.06573  8.08943e+00 | 44 -0.00699 -4.41382e-01 | 45  0.01388 -4.64787e+00
 46  0.00491  4.67683e+00 | 47 -0.01172  1.52397e+00 | 48  0.01543  7.65658e+00
 49 -0.02795 -1.60747e+00 | 50 -0.00611 -4.02801e-01 | 51 -0.04024 -4.13628e+00
 52 -0.00646 -5.00017e+00 | 53  0.00998  3.92049e+00 | 54  0.01665  3.92369e+00
 55  0.02759  3.61688e+00 | 56  0.02532  8.83013e+00 | 57 -0.01218  3.34177e+00
 58 -0.01802  3.74101e+00 | 59 -0.01695  3.06285e+00 | 60  0.06174  7.43236e+00
 61  0.00185  9.07741e+00 | 62  0.02219 -1.38685e+01 | 63 -0.00023  1.85888e+00
 64 -0.00141  7.25097e+00 | 65  0.04777 -2.97402e+00 | 66 -0.00729  5.54928e+00
 67 -0.03187 -5.28639e+00 | 68 -0.04468 -1.00273e+01 | 69  0.00836  1.11131e+01
 70  0.04169  1.26341e+01 | 71  0.00393  5.04471e-01 | 72  0.02156  1.27335e+01
 73  0.03875  6.06315e+00 | 74  0.02428  7.74580e+00 | 75  0.01130 -1.55259e+01
 76  0.02459 -2.01409e+01 | 77  0.01975  1.64184e+01 | 78  0.02598 -1.12687e+01
 79 -0.02249  4.49802e+00 | 80 -0.00322  2.13550e+01 | 81 -0.00253 -2.35063e+00
 82 -0.00704 -2.89722e+00 | 83  0.00822  9.30632e+00 | 84 -0.02694  1.62263e-01
 85  0.01105  2.58842e+01 | 86 -0.01520  4.27376e+00 | 87  0.03210 -1.02983e+01
 88  0.00668 -1.84266e+01 | 89  0.02802 -5.26110e-01 | 90  0.00733 -9.77350e+00
 91 -0.00361 -3.82015e+00 | 92 -0.04400 -1.04282e+00 | 93  0.00831 -1.67630e+01
 94 -0.03005  5.99442e-01 | 95  0.03700 -2.34986e+00 | 96 -0.04203 -9.35901e+00
 97 -0.01128  9.30383e-01 | 98 -0.01461 -5.77780e+00 | 99 -0.02336 -5.90452e+00
100 -0.00513 -5.48650e+00 |101 -0.00134  1.39018e+00 |102  0.00059 -4.36703e+00
103  0.00611  6.07581e-01 |104 -0.00359 -2.65816e+00 |105 -0.00048 -2.14109e+00
106 -0.00048 -2.14122e+00 |107  0.85307  2.60433e-01 |108 -0.41202  1.98706e+01
109  0.25328 -1.83179e+01 |110 -0.24351  1.00479e+02 |
110 variables; iteration 40; function evaluation 47; phase 5
Function value 2.1947071e+03; maximum gradient component mag 1.6126e+02
Var    Value     Gradient |Var    Value     Gradient |Var    Value     Gradient
  1 -0.42931  1.26238e+01 |  2 -0.42060  1.61260e+02 |  3 -0.41079  5.09649e+01
  4 -0.45071  7.01498e+00 |  5 -0.42697  9.71305e+00 |  6  0.62385  2.21426e+01
  7  0.00023 -1.17025e-01 |  8 -0.00577  4.66729e-01 |  9 -0.00710  1.74480e-01
 10 -0.00008 -7.35993e-01 | 11 -0.00533 -4.66936e-01 | 12 -0.00204 -9.45628e-01
 13  0.01558 -6.98010e-01 | 14 -0.00915 -1.17994e+00 | 15 -0.00127 -5.27956e-01
 16 -0.01337 -4.54347e-01 | 17  0.00671  3.72726e-01 | 18 -0.01949 -9.30191e-02
 19 -0.00876  5.92712e-02 | 20  0.01814  2.35476e+00 | 21 -0.02889 -1.21354e+00
 22 -0.02029 -6.66792e+00 | 23  0.00280  4.17231e-01 | 24  0.02855  2.90819e+00
 25 -0.03998  3.27170e+00 | 26 -0.00695  8.75248e-01 | 27  0.00691 -1.50986e+00
 28 -0.00034  9.13415e-01 | 29  0.00371 -2.22140e+00 | 30 -0.01410  2.90095e-01
 31  0.00476  1.59604e+00 | 32  0.01339 -6.48778e-01 | 33 -0.06523 -2.61590e+00
 34 -0.01656 -1.66095e+00 | 35 -0.01380 -2.79262e+00 | 36 -0.01902 -1.02829e+00
 37 -0.01011 -1.10009e+00 | 38 -0.01542 -2.72361e+00 | 39  0.01516  3.93079e+00
 40  0.01459 -2.93805e+00 | 41  0.01619 -2.85622e+00 | 42 -0.03391 -3.47298e-02
 43  0.06579  5.73654e+00 | 44 -0.00689  6.01248e-01 | 45  0.01424 -1.60836e-01
 46  0.00466  8.85798e-01 | 47 -0.01177  6.34335e-01 | 48  0.01508 -4.15760e-01
 49 -0.02783 -6.91943e-01 | 50 -0.00594  9.37175e-01 | 51 -0.03973  5.58634e-02
 52 -0.00608 -1.49883e+00 | 53  0.01000  1.99505e+00 | 54  0.01675  2.99982e+00
 55  0.02777  3.88700e+00 | 56  0.02524  4.12703e+00 | 57 -0.01227  9.13829e-01
 58 -0.01814  1.09664e+00 | 59 -0.01699  7.94791e-01 | 60  0.06178 -7.67897e-02
 61  0.00166  3.52156e+00 | 62  0.02276 -2.36500e+00 | 63 -0.00017  1.42138e+00
 64 -0.00150  3.13393e+00 | 65  0.04793 -1.72597e+00 | 66 -0.00741  2.09771e+00
 67 -0.03150 -1.50574e+00 | 68 -0.04422 -4.11207e+00 | 69  0.00829  5.17899e+00
 70  0.04162  3.57309e+00 | 71  0.00400 -1.39716e+00 | 72  0.02147  6.80694e+00
 73  0.03879  1.41098e+00 | 74  0.02425  4.29693e+00 | 75  0.01172 -6.60019e+00
 76  0.02510 -6.03854e+00 | 77  0.01944  3.83483e+00 | 78  0.02629 -4.28416e+00
 79 -0.02246  2.82958e+00 | 80 -0.00372  6.62989e+00 | 81 -0.00238 -1.31464e+00
 82 -0.00680  1.93733e+00 | 83  0.00810  3.34995e+00 | 84 -0.02670  2.79957e+00
 85  0.01065  8.31482e+00 | 86 -0.01527  1.74127e+00 | 87  0.03236 -2.85135e+00
 88  0.00704 -8.52409e+00 | 89  0.02812  3.88610e-02 | 90  0.00754 -5.14376e+00
 91 -0.00349 -1.18004e+00 | 92 -0.04409 -1.69514e+00 | 93  0.00857 -9.44640e+00
 94 -0.03007  6.23740e-01 | 95  0.03712 -3.51489e-02 | 96 -0.04156 -2.67088e+00
 97 -0.01137 -8.52167e-01 | 98 -0.01451 -3.14240e+00 | 99 -0.02306 -1.08446e+00
100 -0.00495 -1.72539e+00 |101 -0.00127  2.61158e+00 |102  0.00067 -1.56819e+00
103  0.00518 -3.14248e+00 |104 -0.00466 -2.91867e+00 |105 -0.00050 -7.10645e-01
106 -0.00050 -7.10679e-01 |107  0.85760  1.04052e+00 |108 -0.41160  2.92892e+01
109  0.25233 -9.32888e+00 |110 -0.24427  4.29758e+01 |
110 variables; iteration 60; function evaluation 73; phase 5
Function value 2.1946560e+03; maximum gradient component mag 3.5016e+01
Var    Value     Gradient |Var    Value     Gradient |Var    Value     Gradient
  1 -0.43090  2.93737e+00 |  2 -0.42100  3.50156e+01 |  3 -0.40953  1.37268e+01
  4 -0.45634 -6.78330e-03 |  5 -0.42526  1.93108e+00 |  6  0.62419  8.52250e+00
  7  0.00066  5.27055e-01 |  8 -0.00580  3.38435e-01 |  9 -0.00705  1.94862e-01
 10  0.00024 -2.77915e-01 | 11 -0.00490  2.15424e-01 | 12 -0.00190 -4.46947e-01
 13  0.01581 -2.55659e-02 | 14 -0.00850  4.40428e-01 | 15 -0.00124 -3.88628e-01
 16 -0.01343 -5.69660e-01 | 17  0.00641 -8.22043e-01 | 18 -0.01977 -9.63490e-01
 19 -0.00878 -2.40548e-01 | 20  0.01739 -2.52567e+00 | 21 -0.02863 -3.65057e-01
 22 -0.01819  3.30798e+00 | 23  0.00296  7.65738e-01 | 24  0.02834 -1.21740e+00
 25 -0.04091 -2.47425e+00 | 26 -0.00703 -3.31617e-01 | 27  0.00709  8.24016e-01
 28 -0.00048 -7.12948e-01 | 29  0.00390 -3.16099e-01 | 30 -0.01416 -5.58846e-01
 31  0.00469 -6.05216e-03 | 32  0.01346  2.69425e-01 | 33 -0.06482  1.66795e-01
 34 -0.01640  5.57886e-01 | 35 -0.01354  5.90537e-01 | 36 -0.01891  3.73386e-01
 37 -0.00994  1.01628e+00 | 38 -0.01520 -7.67266e-01 | 39  0.01489 -5.41034e-01
 40  0.01483  6.74451e-01 | 41  0.01637 -2.99489e-01 | 42 -0.03391  7.18836e-02
 43  0.06558 -1.02520e+00 | 44 -0.00707 -1.17645e+00 | 45  0.01423 -4.51393e-01
 46  0.00466  1.11623e+00 | 47 -0.01187 -3.38585e-01 | 48  0.01507 -2.63128e-01
 49 -0.02773  8.12227e-01 | 50 -0.00611 -7.50050e-01 | 51 -0.03938  3.79917e+00
 52 -0.00603 -2.86319e-01 | 53  0.00973 -1.69484e+00 | 54  0.01656  5.05882e-03
 55  0.02755  1.12412e-01 | 56  0.02496 -7.24930e-01 | 57 -0.01248 -8.64566e-01
 58 -0.01838 -8.06036e-01 | 59 -0.01719 -8.06718e-01 | 60  0.06179  2.15593e+00
 61  0.00142  5.72836e-01 | 62  0.02272 -2.34821e+00 | 63 -0.00035 -7.83768e-01
 64 -0.00172 -1.76282e-01 | 65  0.04792  9.79421e-01 | 66 -0.00760  1.88080e-01
 67 -0.03139  1.53914e+00 | 68 -0.04393  1.27270e+00 | 69  0.00819  4.77511e+00
 70  0.04144  5.28162e-01 | 71  0.00408  7.69420e-01 | 72  0.02111 -9.01041e-01
 73  0.03878  1.18133e+00 | 74  0.02396 -1.85679e+00 | 75  0.01193  2.62019e-01
 76  0.02517 -1.59025e-01 | 77  0.01932  1.98744e+00 | 78  0.02629 -4.99856e-01
 79 -0.02269 -1.52107e-02 | 80 -0.00411 -5.82654e-01 | 81 -0.00244 -8.95683e-01
 82 -0.00698  3.91406e-01 | 83  0.00790 -4.56031e-01 | 84 -0.02696 -4.37476e-02
 85  0.01028 -1.23091e+00 | 86 -0.01545  8.80256e-02 | 87  0.03235  2.43150e-01
 88  0.00727  1.85099e+00 | 89  0.02800 -1.13488e+00 | 90  0.00775  4.48501e+00
 91 -0.00349  1.18717e+00 | 92 -0.04412  3.01014e-02 | 93  0.00880  1.31524e+00
 94 -0.03028 -3.11172e-01 | 95  0.03701  9.74631e-02 | 96 -0.04155 -8.50045e-01
 97 -0.01158 -2.62197e+00 | 98 -0.01459 -8.67213e-01 | 99 -0.02321 -6.37755e-01
100 -0.00510 -1.36785e+00 |101 -0.00169 -1.28439e+00 |102  0.00066  9.26576e-02
103  0.00617  7.48011e-01 |104 -0.00278  3.23339e-01 |105 -0.00035 -5.06848e-02
106 -0.00035 -5.05131e-02 |107  0.85191 -7.51415e-01 |108 -0.41229 -4.10094e-01
109  0.25125 -1.16005e+00 |110 -0.24467  1.19132e+00 |
110 variables; iteration 80; function evaluation 100; phase 5
Function value 2.1946490e+03; maximum gradient component mag 1.7123e+00
Var    Value     Gradient |Var    Value     Gradient |Var    Value     Gradient
  1 -0.43147 -2.22917e-01 |  2 -0.42101  1.71231e+00 |  3 -0.40947  3.68760e-02
  4 -0.45517 -8.13334e-02 |  5 -0.42537  2.67184e-01 |  6  0.62414  7.78979e-01
  7  0.00048  5.55136e-02 |  8 -0.00605 -1.00867e-01 |  9 -0.00717 -3.56671e-02
 10  0.00043  5.08350e-02 | 11 -0.00505 -8.26399e-02 | 12 -0.00176  5.78058e-02
 13  0.01573 -1.31934e-02 | 14 -0.00890 -2.57434e-01 | 15 -0.00117  7.64886e-03
 16 -0.01332 -4.29598e-02 | 17  0.00647 -3.66120e-01 | 18 -0.01965 -3.78867e-01
 19 -0.00882 -1.57479e-01 | 20  0.01775 -2.88370e-01 | 21 -0.02864 -1.48401e-01
 22 -0.01875  7.75666e-01 | 23  0.00284  1.38761e-01 | 24  0.02839 -2.04307e-01
 25 -0.04066 -7.13911e-01 | 26 -0.00699  4.06431e-01 | 27  0.00704  3.38730e-01
 28 -0.00043 -9.28244e-03 | 29  0.00390  4.42845e-02 | 30 -0.01414 -6.80472e-02
 31  0.00469  3.29947e-02 | 32  0.01346  3.79899e-01 | 33 -0.06492 -2.16226e-01
 34 -0.01643  3.61144e-01 | 35 -0.01358  2.45849e-01 | 36 -0.01896  5.90731e-03
 37 -0.01004 -7.02831e-02 | 38 -0.01516 -1.15317e-01 | 39  0.01492  9.46219e-02
 40  0.01480  1.95277e-01 | 41  0.01637 -2.21629e-01 | 42 -0.03392  1.80024e-01
 43  0.06560 -5.85469e-01 | 44 -0.00700 -3.00728e-01 | 45  0.01425 -5.75520e-02
 46  0.00461  4.47590e-01 | 47 -0.01186 -6.26008e-02 | 48  0.01509 -3.05234e-02
 49 -0.02777  4.68407e-01 | 50 -0.00606 -1.88650e-01 | 51 -0.03973  7.55551e-01
 52 -0.00601 -6.88405e-02 | 53  0.00983 -3.08909e-01 | 54  0.01657  4.47650e-02
 55  0.02759  3.11488e-01 | 56  0.02499 -4.82760e-01 | 57 -0.01241 -3.11295e-01
 58 -0.01832 -2.97272e-01 | 59 -0.01713 -2.98330e-01 | 60  0.06178  3.52901e-01
 61  0.00140 -1.64772e-01 | 62  0.02283  1.08601e-01 | 63 -0.00029  5.93916e-02
 64 -0.00170 -4.19726e-02 | 65  0.04794  1.53713e-01 | 66 -0.00758 -7.58290e-02
 67 -0.03147  1.92417e-01 | 68 -0.04395  7.01796e-01 | 69  0.00809  1.13055e+00
 70  0.04147 -4.42581e-02 | 71  0.00404 -3.68108e-01 | 72  0.02118  8.50832e-02
 73  0.03877  9.10193e-02 | 74  0.02403 -4.94376e-01 | 75  0.01195  8.93977e-02
 76  0.02521  1.56361e-02 | 77  0.01929  2.31447e-01 | 78  0.02634  4.25774e-03
 79 -0.02270 -4.87345e-01 | 80 -0.00407 -1.43874e-02 | 81 -0.00238  1.71436e-01
 82 -0.00698 -3.06274e-01 | 83  0.00794 -6.86455e-02 | 84 -0.02695 -1.24118e-01
 85  0.01033 -3.84217e-01 | 86 -0.01542  2.64659e-01 | 87  0.03237  3.84165e-02
 88  0.00725  3.19956e-01 | 89  0.02805 -2.38731e-01 | 90  0.00765  1.14809e+00
 91 -0.00350  3.27331e-01 | 92 -0.04412 -1.86222e-01 | 93  0.00880  3.40560e-01
 94 -0.03023  6.39739e-02 | 95  0.03704 -6.71011e-02 | 96 -0.04150 -3.11369e-01
 97 -0.01144 -1.11960e-01 | 98 -0.01453 -3.52624e-01 | 99 -0.02314 -2.51424e-01
100 -0.00501 -4.40153e-01 |101 -0.00156 -1.85330e-01 |102  0.00073  1.26566e-01
103  0.00598  5.91673e-02 |104 -0.00307  7.38418e-02 |105 -0.00058 -1.86041e-01
106 -0.00058 -1.86180e-01 |107  0.85271 -8.69664e-03 |108 -0.41220 -9.41227e-01
109  0.25136  2.07060e-01 |110 -0.24461 -8.95498e-01 |
110 variables; iteration 100; function evaluation 130; phase 5
Function value 2.1946485e+03; maximum gradient component mag 3.2622e-01
Var    Value     Gradient |Var    Value     Gradient |Var    Value     Gradient
  1 -0.43138  2.62724e-02 |  2 -0.42101  3.26224e-01 |  3 -0.40950  1.18482e-01
  4 -0.45510 -3.01486e-03 |  5 -0.42544  1.94464e-02 |  6  0.62414  7.62590e-02
  7  0.00045  2.67494e-03 |  8 -0.00601 -1.41272e-02 |  9 -0.00719 -5.82051e-02
 10  0.00040 -9.84875e-03 | 11 -0.00502 -1.53646e-02 | 12 -0.00181 -1.52118e-02
 13  0.01571 -3.36037e-02 | 14 -0.00880  3.17126e-03 | 15 -0.00119 -8.43841e-03
 16 -0.01333 -4.14940e-02 | 17  0.00656 -2.63139e-02 | 18 -0.01953  7.54361e-03
 19 -0.00879  3.41744e-02 | 20  0.01779 -1.08961e-02 | 21 -0.02861 -9.62264e-03
 22 -0.01892  1.92896e-02 | 23  0.00281 -3.65315e-03 | 24  0.02840 -2.32625e-02
 25 -0.04055 -2.92294e-02 | 26 -0.00704 -3.14763e-02 | 27  0.00701  1.78673e-03
 28 -0.00044 -2.13140e-02 | 29  0.00389 -1.68206e-02 | 30 -0.01414  2.36422e-02
 31  0.00468  1.12906e-01 | 32  0.01344  2.34669e-01 | 33 -0.06489 -1.21489e-02
 34 -0.01647 -5.67587e-02 | 35 -0.01361 -2.21771e-03 | 36 -0.01897 -1.39369e-02
 37 -0.01004  7.63445e-02 | 38 -0.01516 -8.71193e-03 | 39  0.01490 -1.45813e-01
 40  0.01478 -2.85636e-03 | 41  0.01638 -1.65721e-02 | 42 -0.03395  2.36972e-02
 43  0.06562 -3.09016e-02 | 44 -0.00698 -6.80671e-02 | 45  0.01425 -2.68904e-02
 46  0.00457  6.27766e-03 | 47 -0.01185  4.15450e-02 | 48  0.01508 -1.91932e-02
 49 -0.02782  1.42580e-03 | 50 -0.00606 -7.83729e-02 | 51 -0.03982  2.46237e-02
 52 -0.00601 -1.51488e-02 | 53  0.00984 -9.92004e-02 | 54  0.01657  9.59922e-02
 55  0.02756 -5.72193e-02 | 56  0.02502  1.16818e-02 | 57 -0.01239 -1.27406e-02
 58 -0.01829  4.63800e-03 | 59 -0.01711 -1.85721e-02 | 60  0.06177  3.24472e-02
 61  0.00140 -7.68254e-02 | 62  0.02282  2.32555e-02 | 63 -0.00030  4.33221e-02
 64 -0.00170 -5.28463e-04 | 65  0.04793  1.03617e-02 | 66 -0.00758  3.16074e-02
 67 -0.03149 -4.31642e-02 | 68 -0.04400 -5.95810e-02 | 69  0.00805  4.63692e-02
 70  0.04147  6.58767e-03 | 71  0.00406 -1.61289e-02 | 72  0.02117  9.65680e-03
 73  0.03877  7.32574e-03 | 74  0.02405 -1.21354e-02 | 75  0.01194  1.51496e-04
 76  0.02521 -6.96449e-04 | 77  0.01928  9.38719e-03 | 78  0.02634 -2.61578e-03
 79 -0.02268 -2.14930e-02 | 80 -0.00407  7.26138e-04 | 81 -0.00239  5.84542e-03
 82 -0.00697 -1.47338e-02 | 83  0.00794 -3.51808e-03 | 84 -0.02694  2.04798e-02
 85  0.01034 -1.48316e-02 | 86 -0.01544  4.43229e-02 | 87  0.03237 -8.48481e-04
 88  0.00723  4.19153e-03 | 89  0.02806 -5.42784e-03 | 90  0.00762  3.18242e-02
 91 -0.00351  1.56293e-02 | 92 -0.04411 -7.43432e-02 | 93  0.00879  4.28494e-03
 94 -0.03022  1.63467e-01 | 95  0.03705 -1.55142e-03 | 96 -0.04148  8.57300e-03
 97 -0.01143  4.93280e-02 | 98 -0.01451 -6.62356e-02 | 99 -0.02312  1.48263e-02
100 -0.00497  6.57452e-02 |101 -0.00154  7.89894e-03 |102  0.00071 -2.19944e-02
103  0.00596  1.09003e-03 |104 -0.00313 -4.76805e-03 |105 -0.00047  7.57358e-03
106 -0.00047  7.57962e-03 |107  0.85287 -8.01445e-03 |108 -0.41218  7.51111e-04
109  0.25139 -1.66420e-02 |110 -0.24460  2.35020e-02 |

 - final statistics:
110 variables; iteration 119; function evaluation 162
Function value 2.1946e+03; maximum gradient component mag 2.8047e-05
Exit code = 1;  converg criter 1.0000e-04
Var    Value     Gradient |Var    Value     Gradient |Var    Value     Gradient
  1 -0.43139  3.00033e-06 |  2 -0.42101  2.80469e-05 |  3 -0.40950  1.16409e-05
  4 -0.45509  2.26613e-07 |  5 -0.42544  7.69892e-07 |  6  0.62414  7.54484e-06
  7  0.00045  1.17395e-07 |  8 -0.00600 -7.73494e-08 |  9 -0.00715 -1.31506e-07
 10  0.00040 -2.90158e-08 | 11 -0.00501 -1.62994e-07 | 12 -0.00181 -3.13391e-07
 13  0.01572 -2.65778e-07 | 14 -0.00881 -3.44974e-07 | 15 -0.00119 -3.10565e-07
 16 -0.01332 -3.66525e-07 | 17  0.00657 -4.99296e-07 | 18 -0.01954 -3.95671e-07
 19 -0.00880 -2.94764e-07 | 20  0.01779 -1.10337e-07 | 21 -0.02861 -5.09872e-07
 22 -0.01892 -2.73240e-07 | 23  0.00281 -3.40346e-07 | 24  0.02840 -3.87989e-07
 25 -0.04055 -3.14763e-07 | 26 -0.00703  1.36995e-07 | 27  0.00701  6.62134e-07
 28 -0.00044  3.49596e-07 | 29  0.00389 -7.05898e-07 | 30 -0.01414 -9.15212e-08
 31  0.00468 -8.03954e-08 | 32  0.01343 -7.50778e-08 | 33 -0.06489 -4.34648e-07
 34 -0.01647  3.98121e-07 | 35 -0.01361 -2.69797e-08 | 36 -0.01897 -2.59531e-07
 37 -0.01004 -3.14207e-07 | 38 -0.01516 -1.30299e-07 | 39  0.01491  3.69505e-07
 40  0.01478 -1.04598e-07 | 41  0.01638 -3.77697e-07 | 42 -0.03395  1.85774e-07
 43  0.06562 -2.18833e-07 | 44 -0.00698 -9.84499e-08 | 45  0.01425  5.60220e-07
 46  0.00457 -8.96143e-07 | 47 -0.01186  2.23091e-07 | 48  0.01508  1.06661e-07
 49 -0.02783 -3.53389e-08 | 50 -0.00605 -5.38455e-07 | 51 -0.03982 -1.87034e-07
 52 -0.00601  4.15960e-07 | 53  0.00984  3.28579e-07 | 54  0.01656  2.89364e-07
 55  0.02757  4.99686e-07 | 56  0.02502  3.35490e-08 | 57 -0.01239  5.20668e-08
 58 -0.01829  7.25958e-07 | 59 -0.01711 -2.08951e-07 | 60  0.06177  8.48092e-07
 61  0.00141  2.90026e-07 | 62  0.02282  3.77838e-07 | 63 -0.00030  1.73065e-07
 64 -0.00170  2.48638e-07 | 65  0.04793  6.68470e-07 | 66 -0.00758 -9.99680e-08
 67 -0.03149  5.73772e-09 | 68 -0.04400 -1.41863e-07 | 69  0.00805  5.46084e-07
 70  0.04147  8.55651e-07 | 71  0.00406 -8.33087e-08 | 72  0.02117  7.10675e-07
 73  0.03877  4.55456e-07 | 74  0.02405  2.50913e-07 | 75  0.01194 -4.22079e-08
 76  0.02521  6.24987e-09 | 77  0.01928  3.36145e-07 | 78  0.02634 -1.19319e-07
 79 -0.02268  1.25938e-07 | 80 -0.00407  4.55891e-07 | 81 -0.00239  1.76467e-07
 82 -0.00697 -1.57327e-07 | 83  0.00794  2.54843e-07 | 84 -0.02694 -1.84938e-07
 85  0.01034  5.27371e-07 | 86 -0.01544  7.39177e-08 | 87  0.03237  1.64849e-07
 88  0.00723 -3.37102e-07 | 89  0.02806  1.83244e-07 | 90  0.00761 -3.51125e-07
 91 -0.00351 -2.76000e-07 | 92 -0.04411  6.99148e-08 | 93  0.00879 -2.21453e-07
 94 -0.03023  7.56923e-08 | 95  0.03705  2.63209e-07 | 96 -0.04148 -7.42880e-07
 97 -0.01143  1.03091e-07 | 98 -0.01451 -3.52565e-07 | 99 -0.02312 -1.44374e-08
100 -0.00498 -2.32107e-07 |101 -0.00154  2.28546e-08 |102  0.00072 -9.36979e-08
103  0.00596 -3.08555e-07 |104 -0.00313 -2.20146e-07 |105 -0.00047 -1.18239e-06
106 -0.00047  7.94490e-07 |107  0.85288 -4.85029e-08 |108 -0.41218 -4.14354e-07
109  0.25139 -1.73284e-06 |110 -0.24460  4.88202e-06 |

 - final statistics:
122 variables; iteration 0; function evaluation 0
Function value 2.1946e+03; maximum gradient component mag 2.8047e-05
Exit code = 0;  converg criter 1.0000e-04
Var    Value     Gradient |Var    Value     Gradient |Var    Value     Gradient
  1 -0.43139  3.00035e-06 |  2 -0.42101  2.80472e-05 |  3 -0.40950  1.16410e-05
  4 -0.45509  2.26621e-07 |  5 -0.42544  7.69908e-07 |  6  0.62414  7.54493e-06
  7  0.00045  1.17395e-07 |  8 -0.00600 -7.73494e-08 |  9 -0.00715 -1.31506e-07
 10  0.00040 -2.90158e-08 | 11 -0.00501 -1.62994e-07 | 12 -0.00181 -3.10580e-07
 13  0.01572 -2.62967e-07 | 14 -0.00881 -3.42163e-07 | 15 -0.00119 -3.07754e-07
 16 -0.01332 -3.63715e-07 | 17  0.00657 -4.96485e-07 | 18 -0.01954 -3.92861e-07
 19 -0.00880 -2.91952e-07 | 20  0.01779 -1.07527e-07 | 21 -0.02861 -5.07063e-07
 22 -0.01892 -2.70429e-07 | 23  0.00281 -3.37535e-07 | 24  0.02840 -3.85182e-07
 25 -0.04055 -3.11957e-07 | 26 -0.00703  1.39807e-07 | 27  0.00701  6.64946e-07
 28 -0.00044  3.52408e-07 | 29  0.00389 -7.03087e-07 | 30 -0.01414 -8.87103e-08
 31  0.00468 -7.75833e-08 | 32  0.01343 -7.22667e-08 | 33 -0.06489 -4.31851e-07
 34 -0.01647  4.00932e-07 | 35 -0.01361 -2.41683e-08 | 36 -0.01897 -2.56720e-07
 37 -0.01004 -3.11395e-07 | 38 -0.01516 -1.27487e-07 | 39  0.01491  3.72317e-07
 40  0.01478 -1.01786e-07 | 41  0.01638 -3.74885e-07 | 42 -0.03395  1.88582e-07
 43  0.06562 -2.16032e-07 | 44 -0.00698 -9.56373e-08 | 45  0.01425  5.63031e-07
 46  0.00457 -8.93328e-07 | 47 -0.01186  2.25903e-07 | 48  0.01508  1.09476e-07
 49 -0.02783 -3.25292e-08 | 50 -0.00605 -5.35642e-07 | 51 -0.03982 -1.84226e-07
 52 -0.00601  4.18773e-07 | 53  0.00984  3.31395e-07 | 54  0.01656  2.92180e-07
 55  0.02757  5.02497e-07 | 56  0.02502  3.63647e-08 | 57 -0.01239  5.48804e-08
 58 -0.01829  7.28771e-07 | 59 -0.01711 -2.06138e-07 | 60  0.06177  8.50901e-07
 61  0.00141  2.92841e-07 | 62  0.02282  3.80653e-07 | 63 -0.00030  1.75881e-07
 64 -0.00170  2.51455e-07 | 65  0.04793  6.71288e-07 | 66 -0.00758 -9.71528e-08
 67 -0.03149  8.54761e-09 | 68 -0.04400 -1.39056e-07 | 69  0.00805  5.48902e-07
 70  0.04147  8.58467e-07 | 71  0.00406 -8.04924e-08 | 72  0.02117  7.13493e-07
 73  0.03877  4.58271e-07 | 74  0.02405  2.53728e-07 | 75  0.01194 -3.93916e-08
 76  0.02521  9.06632e-09 | 77  0.01928  3.38960e-07 | 78  0.02634 -1.16509e-07
 79 -0.02268  1.28750e-07 | 80 -0.00407  4.58706e-07 | 81 -0.00239  1.79281e-07
 82 -0.00697 -1.54512e-07 | 83  0.00794  2.57659e-07 | 84 -0.02694 -1.82127e-07
 85  0.01034  5.30186e-07 | 86 -0.01544  7.67310e-08 | 87  0.03237  1.67662e-07
 88  0.00723 -3.34291e-07 | 89  0.02806  1.86059e-07 | 90  0.00761 -3.48311e-07
 91 -0.00351 -2.73187e-07 | 92 -0.04411  7.27205e-08 | 93  0.00879 -2.18638e-07
 94 -0.03023  7.85021e-08 | 95  0.03705  2.66019e-07 | 96 -0.04148 -7.40074e-07
 97 -0.01143  1.05903e-07 | 98 -0.01451 -3.49754e-07 | 99 -0.02312 -1.16269e-08
100 -0.00498 -2.29295e-07 |101 -0.00154  2.56670e-08 |102  0.00072 -9.08856e-08
103  0.00596 -3.05744e-07 |104 -0.00313 -2.17335e-07 |105 -0.00047 -1.17958e-06
106 -0.00047  7.97301e-07 |107  0.00000  0.00000e+00 |108  0.00000  0.00000e+00
109  0.00000  0.00000e+00 |110  0.00000  0.00000e+00 |111  0.00000  0.00000e+00
112  0.00000  0.00000e+00 |113  0.00000  0.00000e+00 |114  0.00000  0.00000e+00
115  0.00000  0.00000e+00 |116  0.00000  0.00000e+00 |117  0.00000  0.00000e+00
118  0.00000  0.00000e+00 |119  0.85288 -4.85069e-08 |120 -0.41218 -4.14315e-07
121  0.25139 -1.73285e-06 |122 -0.24460  4.88204e-06 |
size of file gradfil1.tmp = 0
size of file gradfil2.tmp = 0
size of file varssave.tmp = 0
size of file cmpdiff.tmp = 0
