
Initial statistics: 1 variables; iteration 0; function evaluation 0; phase 1
Function value 2.6296744e+03; maximum gradient component mag -6.7420e+03
Var    Value     Gradient |Var    Value     Gradient |Var    Value     Gradient
  1  0.63197 -6.74198e+03 |

 - final statistics:
1 variables; iteration 4; function evaluation 7
Function value 2.5937e+03; maximum gradient component mag -5.6810e+00
Exit code = 1;  converg criter 1.0000e+01
Var    Value     Gradient |Var    Value     Gradient |Var    Value     Gradient
  1  0.64365 -5.68103e+00 |

Initial statistics: 98 variables; iteration 0; function evaluation 0; phase 2
Function value 2.5936969e+03; maximum gradient component mag -1.4590e+03
Var    Value     Gradient |Var    Value     Gradient |Var    Value     Gradient
  1  0.64365 -5.68103e+00 |  2  0.00000 -1.52025e+01 |  3  0.00000  7.54875e+00
  4  0.00000 -1.18888e+01 |  5  0.00000 -4.79618e+01 |  6  0.00000  2.82155e+01
  7  0.00000  3.19706e+01 |  8  0.00000 -8.94990e+01 |  9  0.00000  3.19792e+01
 10  0.00000  9.58761e+01 | 11  0.00000 -5.74293e+01 | 12  0.00000 -1.72790e+02
 13  0.00000  1.12347e+02 | 14  0.00000  3.03872e+01 | 15  0.00000 -1.00198e+02
 16  0.00000 -4.83091e+01 | 17  0.00000  1.69471e+02 | 18  0.00000 -1.87632e+02
 19  0.00000 -4.47827e+02 | 20  0.00000 -8.31421e+01 | 21  0.00000  5.10810e+01
 22  0.00000  6.14146e+02 | 23  0.00000  4.25479e+02 | 24  0.00000  3.87270e+02
 25  0.00000 -1.84520e+02 | 26  0.00000 -4.05551e+02 | 27  0.00000 -6.04638e+02
 28  0.00000  1.87922e+02 | 29  0.00000 -2.53127e+01 | 30  0.00000 -2.66983e+01
 31  0.00000  1.05860e+02 | 32  0.00000  3.49245e+02 | 33  0.00000 -5.92067e+02
 34  0.00000  1.75063e+02 | 35  0.00000 -1.11485e+02 | 36  0.00000  3.32640e+02
 37  0.00000  1.55985e+02 | 38  0.00000  6.52329e+01 | 39  0.00000 -4.14304e+02
 40  0.00000  3.52889e+02 | 41  0.00000 -7.64667e+00 | 42  0.00000  4.90340e+01
 43  0.00000 -4.03675e+01 | 44  0.00000  6.13816e+02 | 45  0.00000  1.60508e+02
 46  0.00000  5.12037e+02 | 47  0.00000 -1.13748e+02 | 48  0.00000 -2.17444e+02
 49  0.00000 -7.69590e+01 | 50  0.00000 -2.87037e+02 | 51  0.00000 -2.85647e+02
 52  0.00000 -2.43729e+02 | 53  0.00000 -6.94231e+02 | 54  0.00000  6.45761e+00
 55  0.00000 -4.68795e+02 | 56  0.00000 -2.80321e+02 | 57  0.00000 -1.32326e+02
 58  0.00000  3.92169e+01 | 59  0.00000  8.40358e+02 | 60  0.00000  4.86930e+02
 61  0.00000  9.08225e+02 | 62  0.00000  5.01450e+02 | 63  0.00000 -3.16307e+01
 64  0.00000  9.37930e+02 | 65  0.00000 -1.39245e+02 | 66  0.00000 -8.46690e+01
 67  0.00000 -6.65404e+02 | 68  0.00000  1.01380e+03 | 69  0.00000 -2.11375e+02
 70  0.00000  5.90231e+02 | 71  0.00000  5.06805e+01 | 72  0.00000  4.06081e+02
 73  0.00000  4.94042e+02 | 74  0.00000 -2.36118e+02 | 75  0.00000  4.28831e+02
 76  0.00000 -1.35846e+03 | 77  0.00000 -1.69175e+02 | 78  0.00000 -5.82452e+02
 79  0.00000  1.54840e+02 | 80  0.00000 -3.67442e+01 | 81  0.00000 -1.45903e+03
 82  0.00000 -1.59312e+02 | 83  0.00000 -1.11063e+03 | 84  0.00000  4.06588e+02
 85  0.00000  1.33797e+02 | 86  0.00000 -1.45508e+02 | 87  0.00000 -1.13095e+02
 88  0.00000  6.47668e+02 | 89  0.00000 -4.62702e+02 | 90  0.00000  4.49440e+02
 91  0.00000  1.60099e+02 | 92  0.00000 -2.51416e+02 | 93  0.00000 -1.25463e+01
 94  0.00000  2.99161e+00 | 95  0.00000 -7.16255e-01 | 96  0.00000 -7.16349e-01
 97  0.81654  1.12696e+02 | 98  0.22185  1.09975e+02 |

Intermediate statistics: 98 variables; iteration 20; function evaluation 31; phase 2
Function value 2.2868221e+03; maximum gradient component mag 4.3631e+02
Var    Value     Gradient |Var    Value     Gradient |Var    Value     Gradient
  1  0.63546 -1.99236e+02 |  2  0.03727  7.16624e+01 |  3 -0.02601 -4.02595e+01
  4  0.00634  7.02760e+00 |  5 -0.02026 -9.18133e+01 |  6  0.00009  3.10485e+01
  7  0.01002  6.43652e+01 |  8  0.05380  1.37541e+02 |  9 -0.00784  2.77870e+00
 10 -0.02616 -3.67722e+00 | 11  0.00865 -2.17097e+01 | 12  0.01521 -9.47275e+01
 13 -0.01617  1.16642e+01 | 14  0.01067  9.14566e+01 | 15  0.01242 -1.58355e+01
 16 -0.00061 -8.18492e+01 | 17 -0.01180  1.97732e+01 | 18  0.01334 -3.21982e+01
 19  0.02290 -1.34932e+02 | 20  0.00724 -9.93541e+00 | 21  0.00143  2.23429e+01
 22 -0.02872  2.22781e+02 | 23 -0.02092  1.17889e+02 | 24 -0.01843  1.16954e+02
 25  0.01257 -2.83089e+01 | 26  0.01786 -1.49356e+02 | 27  0.02544 -2.26154e+02
 28 -0.00867  6.38065e+01 | 29  0.00406 -8.89004e+00 | 30  0.00764  3.58353e+01
 31 -0.00342  1.63797e+01 | 32 -0.01655  1.24606e+02 | 33  0.02649 -1.90359e+02
 34 -0.01075  1.16588e+01 | 35  0.00796 -2.23376e+01 | 36 -0.01609  8.25735e+01
 37 -0.00483  5.31590e+01 | 38 -0.00270  5.59361e+00 | 39  0.01582 -1.80512e+02
 40 -0.01640  1.28561e+02 | 41  0.00019 -2.23337e+01 | 42 -0.00220  1.17297e+00
 43  0.00309 -1.81945e+01 | 44 -0.02728  2.35376e+02 | 45 -0.00491  3.98008e+01
 46 -0.02446  1.52943e+02 | 47  0.00770 -4.05332e+01 | 48  0.01030 -1.02924e+02
 49  0.00616 -4.09828e+01 | 50  0.01197 -1.50722e+02 | 51  0.01217 -1.34673e+02
 52  0.00893 -1.41064e+02 | 53  0.02018 -2.82166e+02 | 54  0.00404  2.35619e+01
 55  0.01220 -2.35193e+02 | 56  0.00723 -1.77185e+02 | 57  0.00189 -1.84624e+02
 58 -0.00032 -1.00209e+02 | 59 -0.01249  3.63062e+02 | 60 -0.00937  6.29044e+01
 61 -0.01623  3.28557e+02 | 62 -0.00944  9.52375e+01 | 63  0.00333 -5.15287e+01
 64 -0.01456  4.36313e+02 | 65  0.00483 -8.65754e+01 | 66  0.00812  1.03337e+02
 67  0.01889 -1.32084e+02 | 68 -0.02768  2.87717e+02 | 69  0.00592 -1.42771e+02
 70 -0.00823  2.94212e+02 | 71  0.00001 -2.08168e+01 | 72 -0.00844  1.09682e+02
 73 -0.01041  1.64387e+02 | 74  0.00009 -3.01060e+02 | 75 -0.01501  7.32153e+01
 76  0.03190 -3.35133e+02 | 77  0.00438 -3.60864e+01 | 78  0.01410 -2.45581e+02
 79 -0.00195  9.88304e+01 | 80  0.00096  1.85283e+01 | 81  0.04059 -2.51518e+02
 82  0.00884  1.32610e+02 | 83  0.02802 -3.56681e+02 | 84 -0.00808  2.08367e+02
 85 -0.00323 -6.66287e+00 | 86  0.00943  1.17923e+01 | 87  0.00989  3.26142e+01
 88 -0.02332  1.82417e+02 | 89  0.02439 -5.14681e+01 | 90 -0.01540  1.66188e+02
 91 -0.00210  9.14802e+01 | 92  0.04061  1.12275e+02 | 93 -0.00309 -1.75391e+01
 94 -0.09757 -1.41012e+02 | 95 -0.03768 -5.15201e+01 | 96 -0.03768 -5.15174e+01
 97  0.80508 -2.53814e+01 | 98  0.21752 -6.56434e+01 |
98 variables; iteration 40; function evaluation 55; phase 2
Function value 2.2389459e+03; maximum gradient component mag 1.7054e+03
Var    Value     Gradient |Var    Value     Gradient |Var    Value     Gradient
  1  0.63985  1.70537e+03 |  2  0.00364 -5.90224e+01 |  3  0.00151 -4.05832e+01
  4  0.00657 -4.76862e+01 |  5  0.03171 -1.05739e+01 |  6 -0.01324 -5.79950e+01
  7 -0.01819 -7.15406e+01 |  8  0.01731 -7.92045e+01 |  9 -0.00678 -4.51684e+01
 10 -0.02184 -4.08229e+01 | 11  0.01561 -2.81186e+01 | 12  0.03767  3.45932e+01
 13 -0.01369 -1.92052e+01 | 14 -0.00780 -7.51811e+01 | 15  0.01423 -2.15188e+01
 16  0.01570  7.14911e+01 | 17 -0.01166 -8.64359e+00 | 18  0.01190 -7.04355e+01
 19  0.02964 -2.22265e+01 | 20  0.00640 -4.68937e+01 | 21 -0.00130 -5.29831e+01
 22 -0.05484 -3.79353e+01 | 23 -0.02814 -2.89116e+00 | 24 -0.02709 -1.45505e+01
 25  0.00983 -8.94116e+01 | 26  0.02658  1.95320e+01 | 27  0.03806  5.76134e+01
 28 -0.01503 -2.57451e+01 | 29  0.00136 -6.61394e+01 | 30 -0.00430 -1.51285e+02
 31 -0.00530 -3.28520e+01 | 32 -0.02971 -2.78394e+01 | 33  0.03402  8.14085e+00
 34 -0.00658  6.35240e+01 | 35  0.00518 -5.84244e+01 | 36 -0.02128  8.03889e+00
 37 -0.01250 -5.16610e+01 | 38 -0.00421 -1.41316e-01 | 39  0.02579  8.32490e+01
 40 -0.03079 -1.95797e+01 | 41  0.00030  1.82197e+01 | 42 -0.00403  1.22784e+01
 43  0.00081 -1.18307e+01 | 44 -0.05600 -2.96488e+01 | 45 -0.01152 -2.91513e+01
 46 -0.03842  1.55134e+01 | 47  0.00557 -1.10722e+01 | 48  0.01380  4.44976e+01
 49  0.00518  1.12125e+01 | 50  0.01984  1.08497e+02 | 51  0.01786  8.75734e+01
 52  0.01563  1.07220e+02 | 53  0.02735  5.62261e+01 | 54 -0.00054 -2.06244e+01
 55  0.02012  1.23983e+02 | 56  0.01408  1.54926e+02 | 57  0.01045  1.83276e+02
 58  0.00199  3.51986e+01 | 59 -0.02921  9.45645e+00 | 60 -0.01113  2.46935e+01
 61 -0.03168  6.34103e+00 | 62 -0.01445 -1.71654e+01 | 63  0.00012 -1.11693e+02
 64 -0.03674 -1.81838e+01 | 65  0.00618  1.45371e+01 | 66  0.00425  6.00119e+01
 67  0.02147  7.41600e+01 | 68 -0.03819  1.15895e+02 | 69  0.01088  7.77300e+01
 70 -0.02053  3.05611e+01 | 71  0.00174  6.64826e+01 | 72 -0.01079  7.44806e+01
 73 -0.01650  5.09808e+01 | 74  0.01083  7.86466e+01 | 75 -0.01758  4.81917e+01
 76  0.03685 -2.04252e+01 | 77  0.00442  1.17288e+01 | 78  0.02367  1.05029e+02
 79 -0.01053 -5.61052e+01 | 80 -0.00095  1.54479e+01 | 81  0.05650  6.23698e+02
 82 -0.00207 -5.68334e+01 | 83  0.02968 -2.52714e+02 | 84 -0.02762 -1.37886e+02
 85 -0.00263  1.65755e+01 | 86  0.00727 -1.25764e+01 | 87  0.00395 -9.15504e+01
 88 -0.03556  2.82534e+00 | 89  0.01766 -1.91917e+02 | 90 -0.02956 -1.22419e+01
 91 -0.01552 -6.90166e+01 | 92  0.01396 -1.81678e+02 | 93  0.00199 -4.08655e+01
 94  0.02923 -3.46197e-01 | 95  0.01488 -2.87435e+01 | 96  0.01488 -2.87445e+01
 97  0.80982  1.30410e+02 | 98  0.21704 -1.26942e+01 |
98 variables; iteration 60; function evaluation 82; phase 2
Function value 2.2241601e+03; maximum gradient component mag 2.3435e+02
Var    Value     Gradient |Var    Value     Gradient |Var    Value     Gradient
  1  0.63631  2.34352e+02 |  2  0.01072 -9.69149e-01 |  3 -0.00442 -1.01215e+01
  4  0.00688 -4.51741e+00 |  5  0.02364  5.82561e+00 |  6 -0.00395  7.74967e+00
  7 -0.00306  1.19520e+01 |  8  0.02553 -8.09188e+00 |  9 -0.00210  1.08072e+01
 10 -0.02170 -8.01587e-01 | 11  0.01588  6.62329e+00 | 12  0.02915 -7.88039e+00
 13 -0.01376  1.41649e+01 | 14 -0.00199 -7.35461e+00 | 15  0.01299 -1.40977e+01
 16  0.00697 -9.80768e+00 | 17 -0.01360 -7.21284e-01 | 18  0.01465 -8.90939e+00
 19  0.02782 -4.10582e+01 | 20  0.00774 -4.40704e+00 | 21  0.00046 -3.55660e+00
 22 -0.05284  1.14714e+01 | 23 -0.03139 -7.23314e-01 | 24 -0.02892 -7.37601e-01
 25  0.01425 -5.28777e-01 | 26  0.02582  9.53665e+00 | 27  0.03534 -1.18018e+01
 28 -0.01477 -1.44698e+00 | 29  0.00444 -7.38592e+00 | 30  0.00488 -8.81058e+00
 31 -0.00418  4.37337e-01 | 32 -0.02936 -3.32407e-01 | 33  0.03495  9.51284e+00
 34 -0.01248 -1.54802e+00 | 35  0.00896  6.19172e+00 | 36 -0.02325  3.39707e+00
 37 -0.00911  3.67465e+00 | 38 -0.00458 -3.29600e+00 | 39  0.02259 -1.42200e+01
 40 -0.02953  4.72803e+00 | 41  0.00001  3.99192e+00 | 42 -0.00394  5.39908e+00
 43  0.00265  3.63758e+00 | 44 -0.05322  1.11869e+01 | 45 -0.00792  1.24888e+01
 46 -0.04007  9.61323e+00 | 47  0.00892  1.58293e+01 | 48  0.01391  2.52729e+00
 49  0.00741  1.23426e+01 | 50  0.01732 -8.47514e+00 | 51  0.01728  1.11214e+01
 52  0.01343 -4.56095e+00 | 53  0.02866  2.12543e+01 | 54  0.00285  2.18026e+01
 55  0.01794 -2.84526e+01 | 56  0.01128 -1.65389e+01 | 57  0.00773  1.94868e+01
 58  0.00330  1.70524e+01 | 59 -0.02791  1.61702e+01 | 60 -0.01110 -1.26207e+01
 61 -0.03023  1.81103e+01 | 62 -0.01251  3.43907e+00 | 63  0.00534  7.53276e+00
 64 -0.03471  1.07821e+01 | 65  0.00668 -3.51629e+01 | 66  0.00491  1.81863e+01
 67  0.02175 -1.37263e+01 | 68 -0.04333  2.67853e+01 | 69  0.01050 -6.08218e+00
 70 -0.02040  1.13004e+01 | 71  0.00048 -1.96834e+01 | 72 -0.01244  4.04572e+00
 73 -0.01725  1.15364e+01 | 74  0.00986 -4.33270e+00 | 75 -0.01854  1.56093e+01
 76  0.03888 -7.98688e+00 | 77  0.00493 -3.32148e+00 | 78  0.02171 -3.40110e+00
 79 -0.00657  1.21035e+01 | 80  0.00023  1.38486e+01 | 81  0.04552 -1.57494e+01
 82  0.00098 -9.70094e+00 | 83  0.03703 -3.05817e+00 | 84 -0.02154 -1.72163e+01
 85 -0.00207  3.28050e+01 | 86  0.00738 -1.53060e+01 | 87  0.00756 -6.97181e+00
 88 -0.03876 -5.95147e+00 | 89  0.02474 -1.87504e+01 | 90 -0.03223 -8.72196e+00
 91 -0.01104  5.77680e-01 | 92  0.02910 -2.33764e+00 | 93  0.00408  2.59352e+00
 94  0.00906  1.11309e+01 | 95 -0.01326 -2.73285e+01 | 96 -0.01326 -2.73288e+01
 97  0.80479  5.68828e+00 | 98  0.21965  2.31626e+01 |
Maximum number of function evaluations exceeded

 - final statistics:
98 variables; iteration 73; function evaluation 100
Function value 2.2234e+03; maximum gradient component mag 1.1563e+02
Exit code = 3;  converg criter 1.0000e+01
Var    Value     Gradient |Var    Value     Gradient |Var    Value     Gradient
  1  0.63536  1.15630e+02 |  2  0.00870 -2.48905e+00 |  3 -0.00438 -7.29285e+00
  4  0.00308 -1.10724e+01 |  5  0.02220  3.51965e+00 |  6 -0.00922 -3.49439e+00
  7 -0.00446  9.89194e+00 |  8  0.02634 -4.15945e+00 |  9 -0.00347  7.29869e+00
 10 -0.02263 -2.23775e+00 | 11  0.01479  3.83744e-01 | 12  0.02999 -3.39316e+00
 13 -0.01574  4.70775e+00 | 14 -0.00107 -1.39168e+00 | 15  0.01341 -1.14870e+01
 16  0.00755 -4.52463e+00 | 17 -0.01432 -6.80537e+00 | 18  0.01478 -7.64280e+00
 19  0.02927 -1.55539e+01 | 20  0.00812  9.33651e-01 | 21  0.00068 -9.85115e-01
 22 -0.05304  1.14572e+01 | 23 -0.03166 -2.70007e+00 | 24 -0.02972 -7.86330e+00
 25  0.01450  9.21286e-01 | 26  0.02592  8.07630e+00 | 27  0.03555 -1.18655e+01
 28 -0.01497 -3.69085e+00 | 29  0.00484 -3.35011e+00 | 30  0.00536 -3.69443e+00
 31 -0.00387  2.98176e+00 | 32 -0.03049 -1.00811e+01 | 33  0.03514  7.77630e+00
 34 -0.01224  2.64908e-01 | 35  0.00889  1.57075e+00 | 36 -0.02408 -6.52754e+00
 37 -0.00900  2.96843e+00 | 38 -0.00454 -5.04775e+00 | 39  0.02325 -6.50661e+00
 40 -0.02982  1.17209e+00 | 41  0.00046  7.21044e+00 | 42 -0.00345  9.14029e+00
 43  0.00295  3.70408e+00 | 44 -0.05329  1.04473e+01 | 45 -0.00797  7.35154e+00
 46 -0.04011  7.79990e+00 | 47  0.00888  7.94559e+00 | 48  0.01451  5.23448e+00
 49  0.00725  1.94231e+00 | 50  0.01801 -4.39367e+00 | 51  0.01744  3.75085e+00
 52  0.01406 -1.10111e+00 | 53  0.02880  9.37617e+00 | 54  0.00277  1.08282e+01
 55  0.01889 -9.93795e+00 | 56  0.01192 -7.61200e+00 | 57  0.00778  9.73717e+00
 58  0.00335  6.63691e+00 | 59 -0.02797  9.78105e+00 | 60 -0.01051 -5.78191e+00
 61 -0.03011  1.54816e+01 | 62 -0.01251 -4.92037e+00 | 63  0.00567  6.80684e+00
 64 -0.03502  1.57951e+00 | 65  0.00763 -1.40591e+01 | 66  0.00484  6.48777e+00
 67  0.02226 -7.01710e+00 | 68 -0.04371  1.86784e+01 | 69  0.01092 -2.67706e+00
 70 -0.02054  3.74100e+00 | 71  0.00119 -6.68246e+00 | 72 -0.01231  1.63669e+00
 73 -0.01721  8.12096e+00 | 74  0.01021 -2.52501e+00 | 75 -0.01878  7.72195e+00
 76  0.03934 -2.59271e-01 | 77  0.00535  2.61318e+00 | 78  0.02204 -1.29531e+00
 79 -0.00667  5.99418e+00 | 80 -0.00014  1.02710e+00 | 81  0.04598 -6.91064e+00
 82  0.00141 -3.31495e+00 | 83  0.03739  4.07492e+00 | 84 -0.02057 -2.67526e+00
 85 -0.00295  1.06071e+01 | 86  0.00801 -2.24952e+00 | 87  0.00795  1.91464e+00
 88 -0.03856 -1.46219e+00 | 89  0.02505 -8.00040e+00 | 90 -0.03116  4.64289e+00
 91 -0.01218 -5.46797e+00 | 92  0.02824 -8.44537e+00 | 93  0.00012 -7.91576e+00
 94  0.00178  3.06738e+00 | 95 -0.00528 -1.15135e+01 | 96 -0.00528 -1.15108e+01
 97  0.80472 -4.05074e+00 | 98  0.21885  8.05102e+00 |

Initial statistics: 100 variables; iteration 0; function evaluation 0; phase 3
Function value 2.2234009e+03; maximum gradient component mag 1.7143e+02
Var    Value     Gradient |Var    Value     Gradient |Var    Value     Gradient
  1  0.63536  1.15630e+02 |  2  0.00871 -2.46282e+00 |  3 -0.00438 -7.26662e+00
  4  0.00308 -1.10462e+01 |  5  0.02220  3.54587e+00 |  6 -0.00922 -3.46816e+00
  7 -0.00446  9.91817e+00 |  8  0.02634 -4.13324e+00 |  9 -0.00347  7.32491e+00
 10 -0.02263 -2.21154e+00 | 11  0.01479  4.09966e-01 | 12  0.03000 -3.36696e+00
 13 -0.01573  4.73397e+00 | 14 -0.00107 -1.36545e+00 | 15  0.01341 -1.14607e+01
 16  0.00755 -4.49840e+00 | 17 -0.01432 -6.77915e+00 | 18  0.01478 -7.61658e+00
 19  0.02927 -1.55277e+01 | 20  0.00812  9.59877e-01 | 21  0.00068 -9.58886e-01
 22 -0.05304  1.14833e+01 | 23 -0.03166 -2.67387e+00 | 24 -0.02972 -7.83710e+00
 25  0.01450  9.47508e-01 | 26  0.02592  8.10251e+00 | 27  0.03555 -1.18393e+01
 28 -0.01497 -3.66463e+00 | 29  0.00484 -3.32388e+00 | 30  0.00536 -3.66820e+00
 31 -0.00387  3.00798e+00 | 32 -0.03049 -1.00549e+01 | 33  0.03514  7.80248e+00
 34 -0.01224  2.91131e-01 | 35  0.00889  1.59698e+00 | 36 -0.02408 -6.50133e+00
 37 -0.00900  2.99466e+00 | 38 -0.00454 -5.02152e+00 | 39  0.02325 -6.48040e+00
 40 -0.02982  1.19829e+00 | 41  0.00046  7.23667e+00 | 42 -0.00345  9.16652e+00
 43  0.00295  3.73030e+00 | 44 -0.05329  1.04734e+01 | 45 -0.00797  7.37776e+00
 46 -0.04011  7.82608e+00 | 47  0.00888  7.97182e+00 | 48  0.01451  5.26071e+00
 49  0.00725  1.96854e+00 | 50  0.01801 -4.36745e+00 | 51  0.01744  3.77707e+00
 52  0.01406 -1.07488e+00 | 53  0.02880  9.40237e+00 | 54  0.00277  1.08544e+01
 55  0.01889 -9.91173e+00 | 56  0.01192 -7.58578e+00 | 57  0.00778  9.76340e+00
 58  0.00335  6.66314e+00 | 59 -0.02797  9.80725e+00 | 60 -0.01051 -5.75569e+00
 61 -0.03011  1.55078e+01 | 62 -0.01251 -4.89415e+00 | 63  0.00567  6.83307e+00
 64 -0.03502  1.60570e+00 | 65  0.00763 -1.40329e+01 | 66  0.00484  6.51399e+00
 67  0.02226 -6.99088e+00 | 68 -0.04371  1.87046e+01 | 69  0.01092 -2.65084e+00
 70 -0.02054  3.76722e+00 | 71  0.00119 -6.65623e+00 | 72 -0.01231  1.66292e+00
 73 -0.01721  8.14718e+00 | 74  0.01021 -2.49878e+00 | 75 -0.01878  7.74817e+00
 76  0.03934 -2.33092e-01 | 77  0.00535  2.63941e+00 | 78  0.02204 -1.26909e+00
 79 -0.00667  6.02041e+00 | 80 -0.00014  1.05333e+00 | 81  0.04598 -6.88448e+00
 82  0.00141 -3.28872e+00 | 83  0.03739  4.10111e+00 | 84 -0.02057 -2.64904e+00
 85 -0.00295  1.06333e+01 | 86  0.00801 -2.22329e+00 | 87  0.00795  1.94086e+00
 88 -0.03856 -1.43601e+00 | 89  0.02505 -7.97419e+00 | 90 -0.03116  4.66909e+00
 91 -0.01218 -5.44174e+00 | 92  0.02824 -8.41917e+00 | 93  0.00012 -7.88953e+00
 94  0.00178  3.09361e+00 | 95 -0.00528 -1.14873e+01 | 96 -0.00528 -1.14845e+01
 97  0.80472 -4.05074e+00 | 98 -0.41581  1.71428e+02 | 99  0.21885  8.05102e+00
100 -0.25275 -5.85841e+01 |

Intermediate statistics: 100 variables; iteration 20; function evaluation 21; phase 3
Function value 2.2230829e+03; maximum gradient component mag 1.7162e+02
Var    Value     Gradient |Var    Value     Gradient |Var    Value     Gradient
  1  0.63592  1.09517e+02 |  2  0.00866 -2.02814e+00 |  3 -0.00278 -3.41567e+00
  4  0.00551 -4.92546e+00 |  5  0.02135  1.33846e+00 |  6 -0.00882 -2.13429e+00
  7 -0.00652  4.32657e+00 |  8  0.02696 -1.99128e+00 |  9 -0.00418  4.74275e+00
 10 -0.02233 -1.20175e+00 | 11  0.01532  2.40457e+00 | 12  0.03045 -1.74231e+00
 13 -0.01542  5.67973e+00 | 14 -0.00062  4.56246e-01 | 15  0.01340 -1.31796e+01
 16  0.00762 -4.61481e+00 | 17 -0.01439 -7.35397e+00 | 18  0.01482 -7.60240e+00
 19  0.02951 -1.22040e+01 | 20  0.00819  1.34319e+00 | 21  0.00069 -1.01502e+00
 22 -0.05256  1.52661e+01 | 23 -0.03163 -1.99688e+00 | 24 -0.02985 -8.78696e+00
 25  0.01448 -2.61150e-01 | 26  0.02579  4.38861e+00 | 27  0.03578 -7.74044e+00
 28 -0.01495 -3.09511e+00 | 29  0.00483 -3.13181e+00 | 30  0.00532 -3.78528e+00
 31 -0.00381  4.19631e+00 | 32 -0.03074 -1.17337e+01 | 33  0.03494  3.01125e+00
 34 -0.01223  8.84721e-01 | 35  0.00883  1.17724e+00 | 36 -0.02422 -7.14314e+00
 37 -0.00897  4.33997e+00 | 38 -0.00457 -4.40457e+00 | 39  0.02338 -2.39592e+00
 40 -0.02978  2.70558e+00 | 41  0.00037  7.26115e+00 | 42 -0.00352  9.70581e+00
 43  0.00281  3.61076e+00 | 44 -0.05301  1.41501e+01 | 45 -0.00812  8.10631e+00
 46 -0.04004  1.04645e+01 | 47  0.00859  6.45619e+00 | 48  0.01426  4.44998e+00
 49  0.00698  1.31126e+00 | 50  0.01793 -9.74983e-01 | 51  0.01724  4.73236e+00
 52  0.01398  2.62384e+00 | 53  0.02864  1.12429e+01 | 54  0.00237  5.78609e+00
 55  0.01903  3.34768e-01 | 56  0.01203  1.78016e+00 | 57  0.00747  4.95668e+00
 58  0.00314  4.85562e+00 | 59 -0.02832  6.21393e+00 | 60 -0.01049 -1.25028e+00
 61 -0.03053  1.09890e+01 | 62 -0.01251 -6.69428e-01 | 63  0.00548  5.62160e+00
 64 -0.03521  1.54603e+00 | 65  0.00783 -2.74366e+00 | 66  0.00458  3.35365e+00
 67  0.02227 -2.01083e+00 | 68 -0.04386  1.90072e+01 | 69  0.01091  1.44430e+00
 70 -0.02076  2.71679e+00 | 71  0.00125 -6.36247e-01 | 72 -0.01252  5.01073e-01
 73 -0.01756  3.78559e+00 | 74  0.01021  2.25881e+00 | 75 -0.01912  4.11520e+00
 76  0.03897 -1.13408e+01 | 77  0.00510 -1.63032e-01 | 78  0.02205  3.80765e+00
 79 -0.00699  2.91435e+00 | 80 -0.00037  4.07047e-02 | 81  0.04609  4.36242e+00
 82  0.00128 -1.73553e+00 | 83  0.03730  6.86087e+00 | 84 -0.02081 -3.39013e+00
 85 -0.00348  3.18161e+00 | 86  0.00776 -3.12680e+00 | 87  0.00752 -2.32884e+00
 88 -0.03881 -7.05676e-01 | 89  0.02476 -6.28538e+00 | 90 -0.03126  7.65248e+00
 91 -0.01259 -5.93682e+00 | 92  0.02798 -9.10622e+00 | 93  0.00058 -6.08657e+00
 94 -0.00189 -2.00891e+00 | 95 -0.00067 -3.60158e+00 | 96 -0.00067 -3.60123e+00
 97  0.78745 -2.60714e+01 | 98 -0.41866  1.71616e+02 | 99  0.22011  2.96104e+01
100 -0.25258 -1.12275e+02 |
100 variables; iteration 40; function evaluation 46; phase 3
Function value 2.2229062e+03; maximum gradient component mag 6.1281e+01
Var    Value     Gradient |Var    Value     Gradient |Var    Value     Gradient
  1  0.63538  2.25570e+01 |  2  0.00895  3.77091e-01 |  3 -0.00459 -5.37172e+00
  4  0.00432 -6.03741e+00 |  5  0.01977 -1.61080e+00 |  6 -0.00880 -4.68954e-01
  7 -0.00999 -3.70577e+00 |  8  0.02690 -1.33946e+00 |  9 -0.00413  6.19588e+00
 10 -0.02193  1.57043e+00 | 11  0.01376 -5.28703e+00 | 12  0.03063 -1.90489e-01
 13 -0.01676  1.86114e-01 | 14 -0.00068  1.06910e+00 | 15  0.01423 -4.20821e+00
 16  0.00761 -3.22475e+00 | 17 -0.01390 -1.09548e+00 | 18  0.01507 -2.53594e+00
 19  0.02998 -2.74707e+00 | 20  0.00813  1.40945e+00 | 21  0.00082  8.95821e-01
 22 -0.05435  4.22663e+00 | 23 -0.03168 -1.68163e+00 | 24 -0.02905 -5.10545e-01
 25  0.01450 -1.62313e-01 | 26  0.02598  6.94000e+00 | 27  0.03626  1.00573e+00
 28 -0.01472 -2.28206e-01 | 29  0.00534  3.48247e+00 | 30  0.00590  3.72597e+00
 31 -0.00426 -1.60341e+00 | 32 -0.02962 -1.59083e+00 | 33  0.03501  1.94336e+00
 34 -0.01215  1.53513e+00 | 35  0.00880 -7.12828e-01 | 36 -0.02393 -4.24885e+00
 37 -0.00950 -3.37196e+00 | 38 -0.00419  1.53403e-01 | 39  0.02347 -2.89071e+00
 40 -0.02993  1.33248e+00 | 41  0.00023  3.48638e+00 | 42 -0.00396  1.62565e+00
 43  0.00280  8.97619e-01 | 44 -0.05370  8.86547e+00 | 45 -0.00860 -1.64357e+00
 46 -0.04130 -1.84700e+00 | 47  0.00838 -2.08620e+00 | 48  0.01474  7.88636e+00
 49  0.00721 -8.02954e-02 | 50  0.01834  1.79046e-02 | 51  0.01734 -1.67182e+00
 52  0.01416 -1.77481e+00 | 53  0.02882  5.42461e+00 | 54  0.00252  2.72138e+00
 55  0.01944  4.93214e+00 | 56  0.01204 -6.98544e+00 | 57  0.00734 -6.25291e+00
 58  0.00348  7.92003e+00 | 59 -0.02810  7.83243e+00 | 60 -0.01015  1.79190e+00
 61 -0.03113 -2.77040e+00 | 62 -0.01226 -6.73490e-01 | 63  0.00542 -3.11433e+00
 64 -0.03516 -2.61188e-01 | 65  0.00811  8.49527e-01 | 66  0.00470  1.02761e+00
 67  0.02248 -1.40728e+00 | 68 -0.04447  8.26333e+00 | 69  0.01104 -8.15532e-01
 70 -0.02079 -1.07095e+00 | 71  0.00157  4.78659e+00 | 72 -0.01229  2.54956e+00
 73 -0.01763  3.17975e-01 | 74  0.01042  3.48320e+00 | 75 -0.01902  4.53253e+00
 76  0.03934 -3.07924e+00 | 77  0.00497 -6.32430e+00 | 78  0.02217  2.02953e+00
 79 -0.00686  3.95726e+00 | 80 -0.00017  1.34861e+00 | 81  0.04611 -3.19035e-01
 82  0.00147 -2.93381e-01 | 83  0.03723  3.94664e-02 | 84 -0.02053  3.87091e-01
 85 -0.00363 -6.97138e-01 | 86  0.00807  3.14370e+00 | 87  0.00754 -2.45083e+00
 88 -0.03876  5.68491e-02 | 89  0.02463 -1.14163e+01 | 90 -0.03178  3.16639e+00
 91 -0.01179  2.52711e+00 | 92  0.02812 -6.97776e+00 | 93  0.00210  2.71657e+00
 94 -0.00227 -3.32948e-01 | 95  0.00048  3.05551e-01 | 96  0.00048  3.05280e-01
 97  0.78698 -9.01156e+00 | 98 -0.41916  6.12809e+01 | 99  0.22090  6.11398e+00
100 -0.25202 -2.76743e+01 |
100 variables; iteration 60; function evaluation 70; phase 3
Function value 2.2228580e+03; maximum gradient component mag 2.3034e+01
Var    Value     Gradient |Var    Value     Gradient |Var    Value     Gradient
  1  0.63533  7.15978e+00 |  2  0.00908  1.06365e+00 |  3 -0.00380 -3.32674e+00
  4  0.00637 -8.05626e-01 |  5  0.01969 -1.40826e+00 |  6 -0.00920 -1.05329e+00
  7 -0.00880 -4.30675e-02 |  8  0.02660 -2.11162e+00 |  9 -0.00500  3.59612e+00
 10 -0.02227  8.31695e-01 | 11  0.01435 -1.73028e+00 | 12  0.03017 -3.15121e+00
 13 -0.01694 -2.38208e-01 | 14 -0.00082  6.79951e-01 | 15  0.01484  2.25545e+00
 16  0.00775 -1.09585e+00 | 17 -0.01389 -5.42141e-01 | 18  0.01518 -4.54495e-01
 19  0.03015  6.67130e-01 | 20  0.00809  1.04363e+00 | 21  0.00083  1.11436e+00
 22 -0.05491  8.74508e-01 | 23 -0.03152  2.47752e-02 | 24 -0.02917 -1.29201e+00
 25  0.01446 -6.41311e-01 | 26  0.02565  9.41465e-01 | 27  0.03626  1.31603e+00
 28 -0.01477 -3.88620e-01 | 29  0.00511  6.54235e-01 | 30  0.00580  2.67418e+00
 31 -0.00431 -1.91484e+00 | 32 -0.02941  4.79987e-01 | 33  0.03491 -4.23737e-01
 34 -0.01236 -1.05600e+00 | 35  0.00870 -2.52997e+00 | 36 -0.02369 -1.39807e+00
 37 -0.00929 -3.99971e-01 | 38 -0.00414  8.98615e-01 | 39  0.02353 -2.09012e+00
 40 -0.03023 -1.66244e+00 | 41  0.00023  3.12251e+00 | 42 -0.00403  2.52082e-01
 43  0.00267 -1.78283e+00 | 44 -0.05431  4.35289e+00 | 45 -0.00854 -1.06032e+00
 46 -0.04094  1.44123e+00 | 47  0.00852 -2.74078e-01 | 48  0.01457  3.60103e+00
 49  0.00725 -5.73126e-01 | 50  0.01810 -6.56571e+00 | 51  0.01734 -2.79987e+00
 52  0.01435  1.40767e+00 | 53  0.02881  3.23857e+00 | 54  0.00245 -2.73121e-01
 55  0.01943  3.63131e+00 | 56  0.01217 -3.62016e+00 | 57  0.00757  3.63248e-01
 58  0.00335  2.80671e+00 | 59 -0.02834  2.77562e+00 | 60 -0.01010  2.16207e+00
 61 -0.03094  9.47931e-01 | 62 -0.01205  4.30862e+00 | 63  0.00545 -2.30997e+00
 64 -0.03510  2.71318e-01 | 65  0.00811  1.11701e-01 | 66  0.00467 -9.71493e-01
 67  0.02252 -9.06183e-01 | 68 -0.04482  2.95472e+00 | 69  0.01105 -1.03272e+00
 70 -0.02079 -1.50108e+00 | 71  0.00140 -3.59650e-01 | 72 -0.01214  5.37724e+00
 73 -0.01766 -3.11736e-01 | 74  0.01039  1.21269e+00 | 75 -0.01921  8.37815e-01
 76  0.03941 -1.05214e+00 | 77  0.00509 -3.52945e+00 | 78  0.02217  1.01821e+00
 79 -0.00692  2.74799e+00 | 80 -0.00010  2.29569e+00 | 81  0.04613 -1.09119e-01
 82  0.00134 -3.76559e+00 | 83  0.03724 -1.26050e-03 | 84 -0.02038  2.55599e+00
 85 -0.00356  7.17588e-01 | 86  0.00808  2.67760e+00 | 87  0.00751 -3.64461e+00
 88 -0.03870  6.47076e-01 | 89  0.02491 -4.30749e+00 | 90 -0.03177  2.93102e+00
 91 -0.01205  4.50993e-02 | 92  0.02847 -4.13303e+00 | 93  0.00165  1.40607e+00
 94 -0.00284 -7.77527e-01 | 95 -0.00007 -1.47792e-01 | 96 -0.00007 -1.47871e-01
 97  0.78642 -3.30542e+00 | 98 -0.41939  2.30343e+01 | 99  0.22197  4.15508e+00
100 -0.25160 -7.84183e+00 |
100 variables; iteration 80; function evaluation 99; phase 3
Function value 2.2228410e+03; maximum gradient component mag 5.5495e+00
Var    Value     Gradient |Var    Value     Gradient |Var    Value     Gradient
  1  0.63530  1.50326e+00 |  2  0.00814 -7.44543e-01 |  3 -0.00281 -1.11152e+00
  4  0.00662 -4.16332e-02 |  5  0.01974 -1.08508e+00 |  6 -0.00893 -2.13876e-01
  7 -0.00876  2.23564e-01 |  8  0.02672 -1.41778e+00 |  9 -0.00595  5.37154e-01
 10 -0.02266 -2.94980e-01 | 11  0.01466  1.79311e-01 | 12  0.03058  2.03735e-01
 13 -0.01684  4.65833e-01 | 14 -0.00069  1.78006e+00 | 15  0.01467  8.64852e-01
 16  0.00782 -2.15455e-01 | 17 -0.01387 -2.38540e-01 | 18  0.01517 -7.32259e-01
 19  0.03015  6.67022e-01 | 20  0.00807  7.80691e-01 | 21  0.00082  9.50385e-01
 22 -0.05505  3.03397e-02 | 23 -0.03154 -8.46936e-02 | 24 -0.02911 -5.64230e-01
 25  0.01449  5.16752e-02 | 26  0.02559 -1.20860e-01 | 27  0.03616 -7.26892e-01
 28 -0.01469  4.17407e-01 | 29  0.00505 -1.65132e-01 | 30  0.00568  9.44201e-01
 31 -0.00413  3.90513e-01 | 32 -0.02938  8.55175e-01 | 33  0.03493 -3.81526e-02
 34 -0.01224  3.89330e-01 | 35  0.00884 -1.61205e-01 | 36 -0.02361 -5.45310e-01
 37 -0.00933 -1.01282e+00 | 38 -0.00414  9.40682e-01 | 39  0.02366  6.59483e-01
 40 -0.03013 -5.07825e-01 | 41  0.00010  1.13718e+00 | 42 -0.00410 -8.29613e-01
 43  0.00270 -1.51007e+00 | 44 -0.05481  7.74705e-01 | 45 -0.00839  8.22772e-01
 46 -0.04107  3.33150e-01 | 47  0.00852 -4.95226e-01 | 48  0.01444  9.60177e-01
 49  0.00729 -4.65335e-02 | 50  0.01830 -2.49790e+00 | 51  0.01742 -1.44021e+00
 52  0.01437  1.41365e+00 | 53  0.02875  5.94857e-01 | 54  0.00251  6.71179e-01
 55  0.01935  7.22271e-01 | 56  0.01228 -7.77065e-01 | 57  0.00758  2.85729e-01
 58  0.00330  5.61811e-01 | 59 -0.02842  8.69228e-01 | 60 -0.01013  7.20254e-01
 61 -0.03093  5.73530e-01 | 62 -0.01218  5.89085e-01 | 63  0.00552 -4.08995e-01
 64 -0.03513 -2.76907e-01 | 65  0.00812  3.93183e-02 | 66  0.00471 -2.74523e-01
 67  0.02256 -1.88096e-01 | 68 -0.04503 -1.77414e-01 | 69  0.01109 -2.34346e-01
 70 -0.02073 -4.23239e-01 | 71  0.00143  8.82924e-03 | 72 -0.01233  5.51014e-01
 73 -0.01762  1.20216e-01 | 74  0.01037  2.10799e-01 | 75 -0.01922  5.16772e-01
 76  0.03944 -2.43955e-01 | 77  0.00521 -4.56587e-01 | 78  0.02216  2.16811e-01
 79 -0.00699  9.03673e-01 | 80 -0.00019 -4.57867e-02 | 81  0.04614 -1.21024e-01
 82  0.00153  3.48817e-01 | 83  0.03725 -1.56479e-01 | 84 -0.02056 -5.36317e-01
 85 -0.00358  6.37182e-02 | 86  0.00802  9.42819e-01 | 87  0.00756 -2.34507e+00
 88 -0.03888 -1.09794e+00 | 89  0.02503 -1.19399e+00 | 90 -0.03195  1.29215e+00
 91 -0.01208 -1.54841e-01 | 92  0.02874 -8.66420e-01 | 93  0.00136  6.10297e-01
 94 -0.00251 -1.36916e-01 | 95 -0.00007 -1.52886e-02 | 96 -0.00007 -8.40165e-03
 97  0.78604 -7.14221e-01 | 98 -0.41952  5.54950e+00 | 99  0.22147  4.25108e-01
100 -0.25173 -2.03896e+00 |
Maximum number of function evaluations exceeded

 - final statistics:
100 variables; iteration 82; function evaluation 100
Function value 2.2228e+03; maximum gradient component mag 5.3550e+00
Exit code = 3;  converg criter 1.0000e+00
Var    Value     Gradient |Var    Value     Gradient |Var    Value     Gradient
  1  0.63530  1.45779e+00 |  2  0.00815 -7.19731e-01 |  3 -0.00279 -1.07256e+00
  4  0.00662 -4.04325e-02 |  5  0.01976 -1.04239e+00 |  6 -0.00893 -2.09966e-01
  7 -0.00877  2.11354e-01 |  8  0.02674 -1.36517e+00 |  9 -0.00595  5.30265e-01
 10 -0.02268 -3.34738e-01 | 11  0.01466  1.77475e-01 | 12  0.03058  2.02269e-01
 13 -0.01684  4.51670e-01 | 14 -0.00070  1.70773e+00 | 15  0.01466  7.61977e-01
 16  0.00782 -2.43392e-01 | 17 -0.01387 -1.63516e-01 | 18  0.01517 -6.52604e-01
 19  0.03015  7.52225e-01 | 20  0.00806  6.17910e-01 | 21  0.00082  9.11870e-01
 22 -0.05505  3.42735e-02 | 23 -0.03155 -1.19817e-01 | 24 -0.02910 -5.34938e-01
 25  0.01448 -1.01242e-02 | 26  0.02560  6.12186e-02 | 27  0.03617 -6.82260e-01
 28 -0.01469  4.54875e-01 | 29  0.00504 -3.44949e-01 | 30  0.00568  8.85646e-01
 31 -0.00412  4.47317e-01 | 32 -0.02937  9.41041e-01 | 33  0.03493  1.15144e-02
 34 -0.01224  3.93534e-01 | 35  0.00884 -2.24328e-01 | 36 -0.02361 -5.43050e-01
 37 -0.00934 -1.10752e+00 | 38 -0.00413  1.01272e+00 | 39  0.02366  6.19866e-01
 40 -0.03013 -5.64074e-01 | 41  0.00010  1.08863e+00 | 42 -0.00409 -7.23832e-01
 43  0.00270 -1.46228e+00 | 44 -0.05481  7.58546e-01 | 45 -0.00840  6.95537e-01
 46 -0.04107  3.51363e-01 | 47  0.00852 -4.80640e-01 | 48  0.01444  9.13171e-01
 49  0.00730  4.87944e-02 | 50  0.01831 -2.39184e+00 | 51  0.01742 -1.51307e+00
 52  0.01437  1.37836e+00 | 53  0.02875  5.66171e-01 | 54  0.00251  6.23198e-01
 55  0.01935  6.89457e-01 | 56  0.01228 -7.56414e-01 | 57  0.00758  2.68363e-01
 58  0.00330  5.36691e-01 | 59 -0.02842  8.06587e-01 | 60 -0.01014  6.82934e-01
 61 -0.03093  6.03501e-01 | 62 -0.01218  5.52917e-01 | 63  0.00552 -4.00311e-01
 64 -0.03513 -2.03760e-01 | 65  0.00812  3.36543e-02 | 66  0.00471 -2.63341e-01
 67  0.02256 -1.82391e-01 | 68 -0.04502 -1.03851e-01 | 69  0.01109 -2.25072e-01
 70 -0.02073 -4.15521e-01 | 71  0.00143  6.91569e-03 | 72 -0.01233  5.91829e-01
 73 -0.01763  1.10376e-02 | 74  0.01037  2.18949e-01 | 75 -0.01922  4.38460e-01
 76  0.03944 -2.36369e-01 | 77  0.00521 -4.46041e-01 | 78  0.02216  2.29999e-01
 79 -0.00700  6.79084e-01 | 80 -0.00020 -1.18097e-01 | 81  0.04614 -1.06145e-01
 82  0.00153  3.65289e-01 | 83  0.03725 -1.40366e-01 | 84 -0.02057 -5.97259e-01
 85 -0.00358  1.72416e-01 | 86  0.00802  9.12318e-01 | 87  0.00757 -2.24015e+00
 88 -0.03886 -8.91842e-01 | 89  0.02504 -1.12810e+00 | 90 -0.03195  1.27422e+00
 91 -0.01208 -1.53049e-01 | 92  0.02875 -7.98422e-01 | 93  0.00136  5.86815e-01
 94 -0.00251 -1.32506e-01 | 95 -0.00007 -1.69637e-02 | 96 -0.00006 -6.59083e-03
 97  0.78604 -6.92977e-01 | 98 -0.41952  5.35502e+00 | 99  0.22147  3.96547e-01
100 -0.25173 -1.96915e+00 |

Initial statistics: 108 variables; iteration 0; function evaluation 0; phase 4
Function value 2.2228408e+03; maximum gradient component mag -5.9109e+02
Var    Value     Gradient |Var    Value     Gradient |Var    Value     Gradient
  1 -0.42263  4.36253e+01 |  2 -0.42263 -5.91089e+02 |  3 -0.41094 -7.78231e+01
  4  0.63530  1.45779e+00 |  5  0.00000  2.22359e+01 |  6  0.00000  4.88428e+00
  7  0.00000  9.39511e+00 |  8  0.00000 -8.13463e-01 |  9  0.00000 -9.84637e+00
 10  0.00815 -7.31961e-01 | 11 -0.00279 -1.08479e+00 | 12  0.00662 -5.26624e-02
 13  0.01976 -1.05461e+00 | 14 -0.00893 -2.22195e-01 | 15 -0.00877  1.99124e-01
 16  0.02674 -1.37739e+00 | 17 -0.00595  5.18035e-01 | 18 -0.02268 -3.46961e-01
 19  0.01466  1.65247e-01 | 20  0.03058  1.90052e-01 | 21 -0.01685  4.39443e-01
 22 -0.00070  1.69550e+00 | 23  0.01466  7.49750e-01 | 24  0.00782 -2.55622e-01
 25 -0.01387 -1.75743e-01 | 26  0.01517 -6.64831e-01 | 27  0.03015  7.40008e-01
 28  0.00806  6.05681e-01 | 29  0.00082  8.99640e-01 | 30 -0.05505  2.20886e-02
 31 -0.03155 -1.32033e-01 | 32 -0.02910 -5.47155e-01 | 33  0.01448 -2.23517e-02
 34  0.02560  4.89979e-02 | 35  0.03616 -6.94471e-01 | 36 -0.01469  4.42648e-01
 37  0.00504 -3.57179e-01 | 38  0.00568  8.73416e-01 | 39 -0.00412  4.35086e-01
 40 -0.02937  9.28824e-01 | 41  0.03493 -6.97757e-04 | 42 -0.01224  3.81306e-01
 43  0.00884 -2.36557e-01 | 44 -0.02361 -5.55272e-01 | 45 -0.00934 -1.11975e+00
 46 -0.00413  1.00049e+00 | 47  0.02366  6.07643e-01 | 48 -0.03013 -5.76290e-01
 49  0.00010  1.07639e+00 | 50 -0.00409 -7.36062e-01 | 51  0.00270 -1.47451e+00
 52 -0.05481  7.46361e-01 | 53 -0.00840  6.83308e-01 | 54 -0.04107  3.39158e-01
 55  0.00852 -4.92870e-01 | 56  0.01444  9.00944e-01 | 57  0.00730  3.65647e-02
 58  0.01831 -2.40407e+00 | 59  0.01742 -1.52530e+00 | 60  0.01437  1.36613e+00
 61  0.02875  5.53953e-01 | 62  0.00251  6.10968e-01 | 63  0.01935  6.77232e-01
 64  0.01228 -7.68643e-01 | 65  0.00758  2.56134e-01 | 66  0.00330  5.24461e-01
 67 -0.02842  7.94368e-01 | 68 -0.01014  6.70705e-01 | 69 -0.03093  5.91285e-01
 70 -0.01218  5.40689e-01 | 71  0.00552 -4.12541e-01 | 72 -0.03513 -2.15972e-01
 73  0.00812  2.14247e-02 | 74  0.00471 -2.75571e-01 | 75  0.02256 -1.94614e-01
 76 -0.04502 -1.16051e-01 | 77  0.01109 -2.37300e-01 | 78 -0.02073 -4.27745e-01
 79  0.00143 -5.31485e-03 | 80 -0.01233  5.79601e-01 | 81 -0.01763 -1.18829e-03
 82  0.01037  2.06721e-01 | 83 -0.01922  4.26235e-01 | 84  0.03944 -2.48576e-01
 85  0.00521 -4.58271e-01 | 86  0.02216  2.17775e-01 | 87 -0.00700  6.66855e-01
 88 -0.00020 -1.30328e-01 | 89  0.04614 -1.18344e-01 | 90  0.00153  3.53059e-01
 91  0.03725 -1.52576e-01 | 92 -0.02057 -6.09483e-01 | 93 -0.00358  1.60186e-01
 94  0.00802  9.00089e-01 | 95  0.00757 -2.25238e+00 | 96 -0.03886 -9.04050e-01
 97  0.02504 -1.14032e+00 | 98 -0.03195  1.26201e+00 | 99 -0.01208 -1.65278e-01
100  0.02875 -8.10641e-01 |101  0.00136  5.74585e-01 |102 -0.00251 -1.44736e-01
103 -0.00007 -2.91943e-02 |104 -0.00007 -1.88214e-02 |105  0.78604 -6.92977e-01
106 -0.41952  5.35502e+00 |107  0.22147  3.96547e-01 |108 -0.25173 -1.96915e+00

Intermediate statistics: 108 variables; iteration 20; function evaluation 23; phase 4
Function value 2.2221461e+03; maximum gradient component mag -4.8357e+02
Var    Value     Gradient |Var    Value     Gradient |Var    Value     Gradient
  1 -0.44496  4.06423e+00 |  2 -0.42346 -4.83567e+02 |  3 -0.40480 -7.64776e+01
  4  0.63537  4.25550e+01 |  5 -0.00754  4.52313e+00 |  6 -0.00198  8.09029e-01
  7 -0.00439  1.32542e+00 |  8  0.00065 -1.76723e-01 |  9  0.00442 -1.85420e+00
 10  0.00842 -2.12708e+00 | 11 -0.00239 -2.20150e+00 | 12  0.00655 -2.15354e+00
 13  0.01992 -2.62910e+00 | 14 -0.00897 -2.23230e+00 | 15 -0.00895 -2.20822e+00
 16  0.02681 -3.15632e+00 | 17 -0.00621 -2.26842e+00 | 18 -0.02276 -2.41566e+00
 19  0.01459 -1.98849e+00 | 20  0.03075 -2.49883e-01 | 21 -0.01695 -1.69628e+00
 22 -0.00069  2.00523e-01 | 23  0.01483  7.26352e-01 | 24  0.00798 -3.08048e-01
 25 -0.01383 -9.68564e-01 | 26  0.01512 -1.45371e+00 | 27  0.03002 -1.61940e+00
 28  0.00807  5.02018e-02 | 29  0.00086  5.94171e-01 | 30 -0.05501 -1.25661e+00
 31 -0.03154 -1.14485e+00 | 32 -0.02911 -1.77453e+00 | 33  0.01445 -8.35339e-01
 34  0.02551 -1.86679e+00 | 35  0.03609 -1.40692e+00 | 36 -0.01456 -8.73718e-02
 37  0.00516 -1.75008e-01 | 38  0.00573  8.66714e-01 | 39 -0.00410 -7.41044e-02
 40 -0.02933 -3.77294e-02 | 41  0.03499  7.89499e-01 | 42 -0.01224  6.27722e-02
 43  0.00882 -8.52916e-01 | 44 -0.02359 -1.29154e+00 | 45 -0.00936 -1.64068e+00
 46 -0.00421  2.84663e-01 | 47  0.02357 -2.10983e-01 | 48 -0.03015 -1.21239e+00
 49  0.00003  3.50365e-01 | 50 -0.00418 -1.34884e+00 | 51  0.00261 -1.91881e+00
 52 -0.05492 -5.64731e-01 | 53 -0.00855 -3.85020e-01 | 54 -0.04122 -7.87067e-01
 55  0.00827 -2.05814e+00 | 56  0.01419 -4.75924e-01 | 57  0.00707 -1.05906e+00
 58  0.01826  2.71908e-01 | 59  0.01738  1.09671e+00 | 60  0.01433  2.92374e+00
 61  0.02834 -9.13948e+00 | 62  0.00244 -2.00825e+00 | 63  0.01909 -7.18116e+00
 64  0.01205 -4.51063e+00 | 65  0.00749 -2.20882e+00 | 66  0.00319  3.93506e-01
 67 -0.02854  6.24601e-02 | 68 -0.01027  5.56419e-01 | 69 -0.03100 -1.50880e-01
 70 -0.01234  1.28339e+00 | 71  0.00539 -3.20432e+00 | 72 -0.03515 -1.13374e+00
 73  0.00796 -1.78806e+00 | 74  0.00462  3.86071e+00 | 75  0.02290  1.78794e+01
 76 -0.04510  1.99288e-01 | 77  0.01108 -8.58757e-01 | 78 -0.02078  3.87871e-01
 79  0.00141  1.76785e-01 | 80 -0.01231  2.40640e+00 | 81 -0.01766  1.30967e+00
 82  0.01032  2.87648e+00 | 83 -0.01934  4.73045e-01 | 84  0.03923 -1.11233e+00
 85  0.00521  2.00641e+00 | 86  0.02219  6.27301e+00 | 87 -0.00701  1.43894e+00
 88 -0.00026  2.36158e+00 | 89  0.04648  1.45354e+01 | 90  0.00154  2.97221e+00
 91  0.03741  5.64113e+00 | 92 -0.02060 -1.02869e+00 | 93 -0.00338  7.69083e-01
 94  0.00796  6.23800e-01 | 95  0.00765 -5.48286e+00 | 96 -0.03852 -2.28265e+00
 97  0.02510 -3.16194e+00 | 98 -0.03170  2.25029e-01 | 99 -0.01177 -1.30627e+00
100  0.02895 -2.16232e+00 |101  0.00140 -1.70026e+00 |102 -0.00186 -1.54329e+00
103 -0.00003 -1.63964e+00 |104 -0.00003 -1.63854e+00 |105  0.78355 -9.45218e+00
106 -0.41921  5.12828e+01 |107  0.21673  1.12142e+01 |108 -0.25214 -4.54802e+01
108 variables; iteration 40; function evaluation 48; phase 4
Function value 2.2219517e+03; maximum gradient component mag -5.0767e+01
Var    Value     Gradient |Var    Value     Gradient |Var    Value     Gradient
  1 -0.44764  2.22606e+00 |  2 -0.42273 -5.07670e+01 |  3 -0.40544 -2.67099e+00
  4  0.63440  1.50949e+01 |  5 -0.00997 -1.72986e-01 |  6 -0.00244 -1.76452e-02
  7 -0.00456  1.05929e+00 |  8 -0.00003 -1.27369e+00 |  9  0.00267 -4.93821e+00
 10  0.00772 -2.05023e+00 | 11 -0.00312 -2.19265e+00 | 12  0.00587 -2.01836e+00
 13  0.01982 -8.82653e-01 | 14 -0.00958 -1.94980e+00 | 15 -0.00937 -1.41654e+00
 16  0.02651 -1.58789e+00 | 17 -0.00563  2.02605e+00 | 18 -0.02237  9.84480e-01
 19  0.01396 -2.35386e+00 | 20  0.03005 -1.92090e+00 | 21 -0.01779 -3.62537e+00
 22  0.00002  7.30595e+00 | 23  0.01440 -1.27188e+00 | 24  0.00794  1.10289e+00
 25 -0.01392  1.09873e-01 | 26  0.01503  3.10245e-01 | 27  0.03002  2.00387e+00
 28  0.00814  3.58267e+00 | 29  0.00075  1.22132e+00 | 30 -0.05453  3.03472e+00
 31 -0.03174 -1.52974e+00 | 32 -0.02922 -1.20258e+00 | 33  0.01407 -4.26551e+00
 34  0.02559  3.33669e+00 | 35  0.03584 -2.78503e+00 | 36 -0.01457  1.56142e+00
 37  0.00501 -3.74740e-01 | 38  0.00574  3.03580e+00 | 39 -0.00451 -3.51159e+00
 40 -0.03006 -5.17896e+00 | 41  0.03499  2.82947e+00 | 42 -0.01268 -3.37139e+00
 43  0.00858 -2.86119e+00 | 44 -0.02349  1.31917e+00 | 45 -0.00954 -2.37599e+00
 46 -0.00433  4.48219e-01 | 47  0.02340 -2.20983e+00 | 48 -0.03001  1.14765e+00
 49 -0.00003  5.04611e-01 | 50 -0.00412  3.36660e-01 | 51  0.00269 -2.48239e-01
 52 -0.05492  2.22728e-01 | 53 -0.00837  2.24234e+00 | 54 -0.04117  2.50429e-01
 55  0.00840  5.09337e-02 | 56  0.01429  6.59578e-01 | 57  0.00717 -7.52668e-01
 58  0.01851  2.99734e+00 | 59  0.01758  2.24235e+00 | 60  0.01438  1.25342e-01
 61  0.02880  6.98441e-01 | 62  0.00268  3.98237e-01 | 63  0.01948  1.65974e-01
 64  0.01222 -4.13859e+00 | 65  0.00757 -4.76093e+00 | 66  0.00332 -3.15180e-01
 67 -0.02842  2.57474e-02 | 68 -0.01024 -2.63552e+00 | 69 -0.03085 -1.45674e-01
 70 -0.01236 -2.56442e+00 | 71  0.00573  3.52472e+00 | 72 -0.03495  7.11547e-01
 73  0.00809 -9.73383e-01 | 74  0.00464  5.17404e-01 | 75  0.02273  4.17682e+00
 76 -0.04494  7.17847e-01 | 77  0.01123 -1.77794e+00 | 78 -0.02062  8.08805e-01
 79  0.00178  5.83614e+00 | 80 -0.01230 -1.59459e+00 | 81 -0.01757  9.02468e-02
 82  0.01044  1.52067e+00 | 83 -0.01920  1.32422e+00 | 84  0.03941  2.93627e-01
 85  0.00522 -1.09247e+00 | 86  0.02221  1.60179e+00 | 87 -0.00687  1.28269e+00
 88 -0.00011  1.78336e+00 | 89  0.04642  2.33329e+00 | 90  0.00164  3.33024e-01
 91  0.03752  3.02936e-01 | 92 -0.02038 -8.64587e-01 | 93 -0.00308  1.86677e+00
 94  0.00795 -5.49568e+00 | 95  0.00829  3.82644e+00 | 96 -0.03844 -4.00603e+00
 97  0.02541 -2.10256e+00 | 98 -0.03117  3.35216e+00 | 99 -0.01147  7.82012e-02
100  0.02923 -6.02716e-01 |101  0.00130 -8.78574e-01 |102 -0.00181 -4.12621e-01
103 -0.00007 -5.83568e-01 |104 -0.00007 -5.84065e-01 |105  0.78567  9.93232e-01
106 -0.41891  1.18538e+01 |107  0.21575 -2.10268e+00 |108 -0.25210 -5.56445e+00
108 variables; iteration 60; function evaluation 75; phase 4
Function value 2.2219146e+03; maximum gradient component mag 2.4350e+00
Var    Value     Gradient |Var    Value     Gradient |Var    Value     Gradient
  1 -0.44776 -1.70390e-01 |  2 -0.42258 -9.78224e-01 |  3 -0.40568 -5.18562e-01
  4  0.63434 -1.78510e+00 |  5 -0.01005 -7.40709e-02 |  6 -0.00251 -6.03577e-02
  7 -0.00545 -3.47482e-01 |  8  0.00065  4.57328e-02 |  9  0.00513 -1.16194e-01
 10  0.00849  2.67831e-01 | 11 -0.00227  3.10688e-01 | 12  0.00665  6.01866e-01
 13  0.01965 -5.03619e-01 | 14 -0.00889  5.34755e-01 | 15 -0.00922 -2.11323e-01
 16  0.02649 -6.61513e-01 | 17 -0.00641  1.81597e-01 | 18 -0.02293 -8.41501e-02
 19  0.01418 -2.40231e-01 | 20  0.03013 -3.23822e-01 | 21 -0.01704  7.90399e-01
 22 -0.00117 -1.16181e-01 | 23  0.01446 -1.63165e-01 | 24  0.00778 -1.43980e-01
 25 -0.01400 -1.81673e-02 | 26  0.01491 -7.28890e-01 | 27  0.02989  3.05684e-01
 28  0.00788  5.36519e-01 | 29  0.00063  1.66104e-01 | 30 -0.05504  2.04167e-01
 31 -0.03164  2.68673e-02 | 32 -0.02919 -1.71080e-02 | 33  0.01428  2.45993e-01
 34  0.02536 -1.03522e-01 | 35  0.03596  3.43250e-01 | 36 -0.01474  2.91569e-01
 37  0.00500 -3.17484e-01 | 38  0.00549 -1.25085e-01 | 39 -0.00422  7.78433e-01
 40 -0.02948  4.74997e-01 | 41  0.03487  5.49664e-01 | 42 -0.01247 -3.68323e-01
 43  0.00874  1.02456e-01 | 44 -0.02365  1.76243e-02 | 45 -0.00938  2.17412e-01
 46 -0.00442 -4.38478e-01 | 47  0.02351  2.50709e-01 | 48 -0.03015  2.44788e-01
 49 -0.00013 -7.48111e-01 | 50 -0.00419 -3.91913e-01 | 51  0.00266 -3.95991e-01
 52 -0.05503 -9.47898e-02 | 53 -0.00853  4.79502e-01 | 54 -0.04125 -3.69583e-02
 55  0.00833 -8.01400e-01 | 56  0.01422 -3.39120e-01 | 57  0.00717 -4.96218e-01
 58  0.01838  3.46978e-01 | 59  0.01750  5.06234e-01 | 60  0.01436 -4.79709e-01
 61  0.02879  1.88078e-01 | 62  0.00268  1.22618e-01 | 63  0.01947 -5.37740e-02
 64  0.01237  4.55285e-01 | 65  0.00772 -1.00004e-01 | 66  0.00330 -9.79667e-01
 67 -0.02844  6.48867e-02 | 68 -0.01013  2.78284e-01 | 69 -0.03085  2.85728e-01
 70 -0.01228 -6.75955e-01 | 71  0.00563 -6.54925e-02 | 72 -0.03502 -5.78593e-01
 73  0.00807 -1.55171e+00 | 74  0.00471  2.43502e+00 | 75  0.02261 -6.87048e-01
 76 -0.04497  4.10285e-01 | 77  0.01129  6.30005e-03 | 78 -0.02066 -3.56573e-01
 79  0.00161  6.65701e-01 | 80 -0.01224 -5.80946e-01 | 81 -0.01760 -3.50582e-01
 82  0.01044  1.22225e+00 | 83 -0.01925  5.79036e-01 | 84  0.03942 -7.17293e-02
 85  0.00522 -8.13510e-01 | 86  0.02215 -7.84705e-01 | 87 -0.00693  2.03757e-01
 88 -0.00016  5.63749e-01 | 89  0.04637 -3.68562e-01 | 90  0.00162 -3.80728e-01
 91  0.03752 -1.36885e-01 | 92 -0.02031  2.56047e-01 | 93 -0.00322 -6.93066e-01
 94  0.00820  1.23292e+00 | 95  0.00810 -1.52605e-01 | 96 -0.03810  1.80660e-01
 97  0.02546 -2.63873e-01 | 98 -0.03152  1.73561e-01 | 99 -0.01150  6.89822e-02
100  0.02925 -4.81145e-01 |101  0.00154  5.90322e-01 |102 -0.00194  1.98455e-03
103 -0.00004  4.52039e-02 |104 -0.00004  4.54357e-02 |105  0.78332  2.77323e-01
106 -0.41937 -1.95463e+00 |107  0.21665 -3.06393e-01 |108 -0.25178  5.86969e-01

 - final statistics:
108 variables; iteration 78; function evaluation 100
Function value 2.2219e+03; maximum gradient component mag 9.3411e-01
Exit code = 1;  converg criter 1.0000e+00
Var    Value     Gradient |Var    Value     Gradient |Var    Value     Gradient
  1 -0.44773 -5.53770e-02 |  2 -0.42258 -4.54140e-01 |  3 -0.40569 -2.82187e-01
  4  0.63434 -6.82733e-01 |  5 -0.01001  2.05313e-03 |  6 -0.00252 -6.84841e-02
  7 -0.00531 -1.10287e-01 |  8  0.00054 -1.52858e-01 |  9  0.00519  9.19218e-03
 10  0.00845  1.50210e-01 | 11 -0.00234  1.39207e-01 | 12  0.00642  1.23766e-02
 13  0.01972 -3.26439e-01 | 14 -0.00897  3.07055e-01 | 15 -0.00912  2.39729e-02
 16  0.02662 -1.64800e-01 | 17 -0.00649 -1.27034e-01 | 18 -0.02291 -2.84766e-02
 19  0.01423 -2.51239e-03 | 20  0.03019  1.16698e-01 | 21 -0.01713  3.33920e-01
 22 -0.00112  1.57501e-01 | 23  0.01446 -2.51372e-01 | 24  0.00779 -1.15717e-01
 25 -0.01399  3.40046e-02 | 26  0.01494 -2.65407e-01 | 27  0.02989  8.57067e-02
 28  0.00786  1.72566e-01 | 29  0.00062 -1.78861e-01 | 30 -0.05509 -1.40645e-01
 31 -0.03163  4.08455e-02 | 32 -0.02920 -1.12708e-01 | 33  0.01428  9.81690e-02
 34  0.02537  9.68237e-03 | 35  0.03597  5.43914e-01 | 36 -0.01472  3.79508e-01
 37  0.00502 -2.46124e-02 | 38  0.00550 -9.23980e-02 | 39 -0.00424  4.65579e-01
 40 -0.02950  2.88139e-01 | 41  0.03484 -9.24882e-02 | 42 -0.01245 -2.12038e-01
 43  0.00874  1.01576e-01 | 44 -0.02365  2.69295e-03 | 45 -0.00940 -1.76457e-01
 46 -0.00438  7.60082e-02 | 47  0.02350 -3.41892e-02 | 48 -0.03013  3.94145e-01
 49 -0.00011 -3.95413e-01 | 50 -0.00417 -1.68161e-01 | 51  0.00268 -1.52501e-01
 52 -0.05511 -7.52265e-01 | 53 -0.00854  1.80999e-01 | 54 -0.04124  1.79497e-02
 55  0.00837 -1.70904e-01 | 56  0.01424 -1.01053e-02 | 57  0.00720 -3.43355e-02
 58  0.01838  3.24468e-01 | 59  0.01749  1.69800e-01 | 60  0.01436 -3.98766e-01
 61  0.02879  8.42142e-02 | 62  0.00268  4.69173e-02 | 63  0.01948 -5.35760e-02
 64  0.01237  2.38334e-01 | 65  0.00772 -1.53965e-01 | 66  0.00333 -2.66166e-01
 67 -0.02844 -6.05596e-02 | 68 -0.01013  1.36708e-01 | 69 -0.03085  2.06311e-01
 70 -0.01226 -2.97530e-01 | 71  0.00563  1.02340e-02 | 72 -0.03500 -2.73944e-01
 73  0.00810 -5.49656e-01 | 74  0.00467  9.34108e-01 | 75  0.02263 -2.46929e-01
 76 -0.04498  2.55761e-01 | 77  0.01129  3.59278e-02 | 78 -0.02065 -2.68391e-01
 79  0.00160  2.51579e-01 | 80 -0.01222 -2.43674e-01 | 81 -0.01759 -3.24326e-01
 82  0.01042  5.16559e-01 | 83 -0.01927  9.63848e-02 | 84  0.03942 -1.12145e-03
 85  0.00525 -2.45220e-01 | 86  0.02217 -2.41762e-01 | 87 -0.00694 -1.16126e-02
 88 -0.00016  3.13954e-01 | 89  0.04639 -6.85715e-02 | 90  0.00161 -7.10120e-01
 91  0.03753  2.99976e-02 | 92 -0.02033 -4.34115e-02 | 93 -0.00317  9.55108e-02
 94  0.00817  4.66501e-01 | 95  0.00812  8.15296e-05 | 96 -0.03810  6.63862e-02
 97  0.02548  1.36436e-02 | 98 -0.03154 -1.13474e-01 | 99 -0.01148  1.85795e-01
100  0.02931  1.07335e-01 |101  0.00143  1.17355e-01 |102 -0.00198 -9.74961e-02
103 -0.00004  1.62822e-03 |104 -0.00004  2.40019e-03 |105  0.78333  1.06872e-01
106 -0.41937 -7.65506e-01 |107  0.21662 -3.04706e-01 |108 -0.25179  1.73409e-01

Initial statistics: 110 variables; iteration 0; function evaluation 0; phase 5
Function value 2.2219139e+03; maximum gradient component mag -6.7479e+01
Var    Value     Gradient |Var    Value     Gradient |Var    Value     Gradient
  1 -0.44773 -5.53770e-02 |  2 -0.42258 -4.54140e-01 |  3 -0.40569 -2.82187e-01
  4 -0.41222 -2.38099e+01 |  5 -0.41222 -6.74794e+01 |  6  0.63434 -6.82733e-01
  7 -0.01001  2.05313e-03 |  8 -0.00252 -6.84841e-02 |  9 -0.00531 -1.10287e-01
 10  0.00054 -1.52858e-01 | 11  0.00519  9.19218e-03 | 12  0.00845  1.48754e-01
 13 -0.00234  1.37751e-01 | 14  0.00642  1.09202e-02 | 15  0.01972 -3.27895e-01
 16 -0.00897  3.05598e-01 | 17 -0.00913  2.25166e-02 | 18  0.02662 -1.66255e-01
 19 -0.00649 -1.28491e-01 | 20 -0.02291 -2.99321e-02 | 21  0.01423 -3.96848e-03
 22  0.03019  1.15243e-01 | 23 -0.01713  3.32464e-01 | 24 -0.00112  1.56045e-01
 25  0.01446 -2.52829e-01 | 26  0.00779 -1.17174e-01 | 27 -0.01399  3.25485e-02
 28  0.01494 -2.66863e-01 | 29  0.02989  8.42519e-02 | 30  0.00786  1.71110e-01
 31  0.00062 -1.80317e-01 | 32 -0.05509 -1.42096e-01 | 33 -0.03163  3.93909e-02
 34 -0.02920 -1.14163e-01 | 35  0.01428  9.67130e-02 | 36  0.02537  8.22708e-03
 37  0.03597  5.42460e-01 | 38 -0.01472  3.78052e-01 | 39  0.00502 -2.60688e-02
 40  0.00550 -9.38544e-02 | 41 -0.00424  4.64123e-01 | 42 -0.02950  2.86684e-01
 43  0.03484 -9.39424e-02 | 44 -0.01245 -2.13494e-01 | 45  0.00874  1.00120e-01
 46 -0.02365  1.23750e-03 | 47 -0.00940 -1.77914e-01 | 48 -0.00438  7.45518e-02
 49  0.02350 -3.56446e-02 | 50 -0.03013  3.92690e-01 | 51 -0.00011 -3.96869e-01
 52 -0.00417 -1.69617e-01 | 53  0.00267 -1.53957e-01 | 54 -0.05511 -7.53716e-01
 55 -0.00854  1.79542e-01 | 56 -0.04124  1.64963e-02 | 57  0.00837 -1.72361e-01
 58  0.01424 -1.15614e-02 | 59  0.00720 -3.57919e-02 | 60  0.01838  3.23013e-01
 61  0.01749  1.68344e-01 | 62  0.01436 -4.00222e-01 | 63  0.02879  8.27592e-02
 64  0.00268  4.54609e-02 | 65  0.01948 -5.50318e-02 | 66  0.01237  2.36878e-01
 67  0.00772 -1.55422e-01 | 68  0.00333 -2.67623e-01 | 69 -0.02844 -6.20146e-02
 70 -0.01013  1.35252e-01 | 71 -0.03085  2.04856e-01 | 72 -0.01226 -2.98987e-01
 73  0.00563  8.77757e-03 | 74 -0.03500 -2.75398e-01 | 75  0.00810 -5.51113e-01
 76  0.00467  9.32651e-01 | 77  0.02263 -2.48385e-01 | 78 -0.04498  2.54308e-01
 79  0.01129  3.44716e-02 | 80 -0.02065 -2.69847e-01 | 81  0.00160  2.50122e-01
 82 -0.01222 -2.45130e-01 | 83 -0.01759 -3.25782e-01 | 84  0.01042  5.15103e-01
 85 -0.01927  9.49290e-02 | 86  0.03942 -2.57511e-03 | 87  0.00525 -2.46676e-01
 88  0.02217 -2.43218e-01 | 89 -0.00694 -1.30690e-02 | 90 -0.00016  3.12498e-01
 91  0.04639 -7.00241e-02 | 92  0.00161 -7.11576e-01 | 93  0.03753  2.85436e-02
 94 -0.02033 -4.48672e-02 | 95 -0.00317  9.40544e-02 | 96  0.00817  4.65045e-01
 97  0.00812 -1.37480e-03 | 98 -0.03810  6.49324e-02 | 99  0.02548  1.21883e-02
100 -0.03154 -1.14929e-01 |101 -0.01148  1.84339e-01 |102  0.02931  1.05880e-01
103  0.00143  1.15899e-01 |104 -0.00198 -9.89525e-02 |105 -0.00004  1.71769e-04
106 -0.00004  9.43746e-04 |107  0.78333  1.06872e-01 |108 -0.41937 -7.65506e-01
109  0.21662 -3.04706e-01 |110 -0.25179  1.73409e-01 |

Intermediate statistics: 110 variables; iteration 20; function evaluation 24; phase 5
Function value 2.2210481e+03; maximum gradient component mag -1.0477e+02
Var    Value     Gradient |Var    Value     Gradient |Var    Value     Gradient
  1 -0.46680 -6.34601e-01 |  2 -0.42535  6.42703e+01 |  3 -0.39783  1.45214e+01
  4 -0.39383 -1.04492e+01 |  5 -0.39705 -2.39740e+01 |  6  0.63450  2.94208e+01
  7 -0.00984  8.40464e-02 |  8 -0.00246 -3.78870e-02 |  9 -0.00524 -7.27578e-02
 10  0.00061 -1.11734e-01 | 11  0.00529  6.61290e-02 | 12  0.00852 -1.24509e+00
 13 -0.00227 -1.27700e+00 | 14  0.00645 -1.50447e+00 | 15  0.01970 -2.07391e+00
 16 -0.00898 -1.31524e+00 | 17 -0.00920 -1.80151e+00 | 18  0.02636 -3.03107e+00
 19 -0.00671 -2.51908e+00 | 20 -0.02316 -2.39250e+00 | 21  0.01370 -4.31522e+00
 22  0.02940 -6.74481e+00 | 23 -0.01756 -2.55175e+00 | 24 -0.00140 -1.26834e+00
 25  0.01463  3.65335e+00 | 26  0.00778  7.22604e-01 | 27 -0.01446 -6.65264e+00
 28  0.01471 -5.49890e+00 | 29  0.02963 -2.83458e+00 | 30  0.00773  1.54527e+00
 31  0.00077  6.34007e+00 | 32 -0.05452  5.83012e+00 | 33 -0.03149  2.89254e+00
 34 -0.02894  4.11595e+00 | 35  0.01387 -6.74925e+00 | 36  0.02505 -6.72610e+00
 37  0.03586 -3.98773e+00 | 38 -0.01486  3.99157e-01 | 39  0.00483 -2.57682e+00
 40  0.00512 -7.59109e+00 | 41 -0.00456 -1.97610e+00 | 42 -0.02966 -3.85250e-01
 43  0.03480 -6.16782e-01 | 44 -0.01270 -4.18027e+00 | 45  0.00842 -5.81889e+00
 46 -0.02382 -1.90033e+00 | 47 -0.00950 -1.50639e+00 | 48 -0.00461 -2.97953e+00
 49  0.02346  2.29537e+00 | 50 -0.03057 -4.34599e+00 | 51 -0.00003  1.75029e-01
 52 -0.00415  1.11340e+00 | 53  0.00272  1.89148e+00 | 54 -0.05460  4.13437e+00
 55 -0.00832  9.29899e+00 | 56 -0.04109  3.30033e+00 | 57  0.00853  5.54484e+00
 58  0.01439  6.36397e+00 | 59  0.00723  6.80931e-01 | 60  0.01869  4.03661e+00
 61  0.01774  6.13548e+00 | 62  0.01448  3.40248e+00 | 63  0.02903  1.47281e+00
 64  0.00246 -2.45941e+00 | 65  0.01910 -9.05810e+00 | 66  0.01271  7.51261e+00
 67  0.00816  6.76059e+00 | 68  0.00345  2.13945e+00 | 69 -0.02846 -8.52156e-01
 70 -0.01055 -3.97816e+00 | 71 -0.03083  3.23709e+00 | 72 -0.01255 -4.22326e+00
 73  0.00570 -2.07475e+00 | 74 -0.03491  1.55871e-01 | 75  0.00784 -8.80768e+00
 76  0.00500  1.04195e+01 | 77  0.02276  4.18426e+00 | 78 -0.04511  5.21714e-01
 79  0.01065 -1.67845e+01 | 80 -0.02082 -1.16801e+00 | 81  0.00145 -4.33056e+00
 82 -0.01241 -2.84099e+00 | 83 -0.01753 -2.40301e+00 | 84  0.01033  6.96207e-02
 85 -0.01937  4.40573e-01 | 86  0.03966  3.61755e+00 | 87  0.00551 -2.91151e-02
 88  0.02197 -4.87889e+00 | 89 -0.00697  2.13052e+00 | 90 -0.00042 -2.92159e+00
 91  0.04654 -3.20761e+00 | 92  0.00176 -1.91648e+00 | 93  0.03787  4.25430e+00
 94 -0.02048 -5.23661e+00 | 95 -0.00291  1.12440e+00 | 96  0.00858  3.23059e+00
 97  0.00837 -9.79920e-01 | 98 -0.03735  8.91833e+00 | 99  0.02587 -8.25373e-01
100 -0.03080  5.14609e+00 |101 -0.01103  3.45794e-01 |102  0.02946 -3.33904e+00
103  0.00146 -1.70682e+00 |104 -0.00150 -1.26175e+00 |105 -0.00006 -1.43255e+00
106 -0.00006 -1.43183e+00 |107  0.78284  1.68141e+01 |108 -0.42037 -1.04768e+02
109  0.20976 -1.29048e+01 |110 -0.25336 -2.63583e+01 |
110 variables; iteration 40; function evaluation 47; phase 5
Function value 2.2207666e+03; maximum gradient component mag 3.6404e+01
Var    Value     Gradient |Var    Value     Gradient |Var    Value     Gradient
  1 -0.47428  4.65521e+00 |  2 -0.42671  3.64042e+01 |  3 -0.39453  1.69041e+01
  4 -0.38260 -5.83423e-01 |  5 -0.38988 -2.74740e+00 |  6  0.63476  7.62818e+00
  7 -0.00954  6.72582e-01 |  8 -0.00243  3.84918e-02 |  9 -0.00516  7.98240e-02
 10  0.00088  3.55693e-01 | 11  0.00533  1.49224e-01 | 12  0.00844 -3.55346e-01
 13 -0.00224 -1.34634e-01 | 14  0.00728  1.50880e+00 | 15  0.02080  2.05648e+00
 16 -0.00868  4.97568e-01 | 17 -0.00824  1.89950e+00 | 18  0.02728  1.80762e+00
 19 -0.00704 -2.57688e+00 | 20 -0.02342 -2.18092e+00 | 21  0.01364 -3.45983e+00
 22  0.03010 -1.97729e-01 | 23 -0.01714  8.58647e-01 | 24 -0.00146  1.38384e-02
 25  0.01377 -2.47958e+00 | 26  0.00762  3.41924e-01 | 27 -0.01396 -2.08920e+00
 28  0.01483 -4.03443e+00 | 29  0.02958 -2.38137e+00 | 30  0.00754  7.85315e-01
 31  0.00012 -1.77419e-01 | 32 -0.05558  7.43882e-01 | 33 -0.03173  2.20683e+00
 34 -0.02962 -3.56905e-01 | 35  0.01427  5.84788e-01 | 36  0.02529 -1.88383e+00
 37  0.03602 -2.01871e+00 | 38 -0.01505  1.12749e-01 | 39  0.00495 -5.20862e-01
 40  0.00567 -8.08941e-01 | 41 -0.00452 -6.92562e-01 | 42 -0.03004 -2.67482e+00
 43  0.03492  9.44578e-01 | 44 -0.01243 -1.40772e+00 | 45  0.00880 -1.78261e-01
 46 -0.02350  1.90588e+00 | 47 -0.00942 -5.07513e-01 | 48 -0.00442 -6.19837e-01
 49  0.02326 -1.18289e+00 | 50 -0.03023 -5.44473e-01 | 51 -0.00003 -1.20922e-01
 52 -0.00430 -5.13112e-01 | 53  0.00261  3.31976e-01 | 54 -0.05541 -6.09831e-01
 55 -0.00904  1.69812e+00 | 56 -0.04140  1.83587e+00 | 57  0.00819  4.19139e-01
 58  0.01400 -4.72871e-02 | 59  0.00716 -6.24577e-01 | 60  0.01868  1.89597e+00
 61  0.01768  4.21458e+00 | 62  0.01437  1.02410e+00 | 63  0.02897 -4.03505e+00
 64  0.00256 -3.48255e-02 | 65  0.01936  1.74723e+00 | 66  0.01263  1.12333e+00
 67  0.00814  2.83973e+00 | 68  0.00361  4.58637e+00 | 69 -0.02850 -5.69911e-01
 70 -0.01061 -3.26775e+00 | 71 -0.03111  1.16479e+00 | 72 -0.01246 -1.12360e+00
 73  0.00577  4.43509e-01 | 74 -0.03494 -2.36455e-01 | 75  0.00798 -2.55287e+00
 76  0.00483  3.46479e+00 | 77  0.02266  7.44294e-01 | 78 -0.04522  8.76398e-01
 79  0.01103  1.55227e+00 | 80 -0.02101 -2.73059e+00 | 81  0.00153  7.06743e-02
 82 -0.01250 -3.87716e+00 | 83 -0.01743  2.78918e-01 | 84  0.01032  5.80975e-01
 85 -0.01959 -6.04836e-01 | 86  0.03971  1.41636e+00 | 87  0.00549 -1.02423e+00
 88  0.02199 -3.83933e+00 | 89 -0.00740 -2.26030e+00 | 90 -0.00022  2.68677e+00
 91  0.04663  6.43273e-01 | 92  0.00185 -1.02538e+00 | 93  0.03781  2.12086e+00
 94 -0.02019 -6.59712e-01 | 95 -0.00316 -3.32613e+00 | 96  0.00846 -3.08308e+00
 97  0.00854  3.11673e+00 | 98 -0.03796  3.79428e+00 | 99  0.02613  3.75097e+00
100 -0.03133 -1.42455e-01 |101 -0.01136 -2.09603e+00 |102  0.03022  2.00063e+00
103  0.00149 -7.86923e-01 |104 -0.00075  1.14200e+00 |105 -0.00010 -4.07931e-01
106 -0.00010 -4.06320e-01 |107  0.78466  1.52576e+00 |108 -0.42007 -1.02100e+01
109  0.21381 -4.52484e+00 |110 -0.25176  1.27655e+00 |
110 variables; iteration 60; function evaluation 75; phase 5
Function value 2.2207475e+03; maximum gradient component mag 2.0807e+01
Var    Value     Gradient |Var    Value     Gradient |Var    Value     Gradient
  1 -0.47592  3.16560e+00 |  2 -0.42694  2.08066e+01 |  3 -0.39390  1.11146e+01
  4 -0.38143 -1.83038e-02 |  5 -0.38873 -3.29752e-01 |  6  0.63470  3.29627e+00
  7 -0.00964  2.63031e-01 |  8 -0.00241  8.43043e-03 |  9 -0.00535 -3.06414e-01
 10  0.00047 -4.42506e-01 | 11  0.00532  2.46502e-02 | 12  0.00836 -4.60026e-01
 13 -0.00232 -2.56499e-01 | 14  0.00684  4.83877e-01 | 15  0.01960 -1.34802e+00
 16 -0.00904 -4.13483e-01 | 17 -0.00932 -1.09213e+00 | 18  0.02692  1.15052e-01
 19 -0.00623  1.40941e-01 | 20 -0.02269  2.10605e-01 | 21  0.01438  2.97864e-01
 22  0.03017 -7.92525e-02 | 23 -0.01766 -1.76417e+00 | 24 -0.00142  1.64943e-01
 25  0.01410  5.65271e-01 | 26  0.00754 -6.73648e-01 | 27 -0.01374 -2.17751e-01
 28  0.01510 -4.34300e-01 | 29  0.02972 -3.80320e-01 | 30  0.00747 -4.57582e-01
 31  0.00015 -4.02477e-02 | 32 -0.05569 -3.54770e-02 | 33 -0.03197 -7.03584e-02
 34 -0.02953  3.21439e-01 | 35  0.01425 -3.53494e-01 | 36  0.02542  4.61044e-02
 37  0.03613 -6.05657e-01 | 38 -0.01508 -3.22815e-01 | 39  0.00498 -5.38955e-01
 40  0.00570 -8.80074e-01 | 41 -0.00446 -1.67706e-01 | 42 -0.02976 -2.88500e-01
 43  0.03493  1.31128e-01 | 44 -0.01230 -3.11188e-01 | 45  0.00886 -3.27947e-02
 46 -0.02360  5.03815e-01 | 47 -0.00936 -1.79672e-01 | 48 -0.00434 -5.39596e-02
 49  0.02334 -8.30878e-02 | 50 -0.03021 -5.79801e-01 | 51  0.00000 -3.04479e-01
 52 -0.00421  4.13627e-01 | 53  0.00265  4.88457e-01 | 54 -0.05538 -4.62592e-01
 55 -0.00912  3.60458e-01 | 56 -0.04158  1.71452e-01 | 57  0.00823  6.26637e-01
 58  0.01404  3.87448e-01 | 59  0.00721 -2.59343e-01 | 60  0.01869  9.79834e-01
 61  0.01760  1.57125e+00 | 62  0.01435 -7.99366e-02 | 63  0.02915  2.10832e-01
 64  0.00261  3.91101e-01 | 65  0.01930 -1.16282e+00 | 66  0.01271  1.49535e+00
 67  0.00802 -2.82916e+00 | 68  0.00357  1.62894e+00 | 69 -0.02844  6.55952e-02
 70 -0.01049 -5.77300e-01 | 71 -0.03113  6.71658e-01 | 72 -0.01240 -2.59335e-01
 73  0.00579 -3.93336e-01 | 74 -0.03487  3.24934e-01 | 75  0.00810  3.64840e-01
 76  0.00476  2.29201e-01 | 77  0.02269  3.94872e-01 | 78 -0.04529 -5.00813e-01
 79  0.01098 -6.86517e-01 | 80 -0.02090 -7.93436e-01 | 81  0.00155  3.70656e-01
 82 -0.01234 -5.17559e-01 | 83 -0.01740  4.71743e-01 | 84  0.01035  4.48450e-01
 85 -0.01956 -8.42353e-02 | 86  0.03974  5.52270e-01 | 87  0.00560  9.30921e-01
 88  0.02213  2.44032e-01 | 89 -0.00730 -1.14716e-01 | 90 -0.00029  8.55236e-01
 91  0.04665  1.33259e-01 | 92  0.00192 -2.55321e-01 | 93  0.03778  1.00648e-01
 94 -0.02010  4.21592e-01 | 95 -0.00301 -3.67499e-01 | 96  0.00860 -4.34837e-01
 97  0.00849  9.23550e-01 | 98 -0.03819  8.35007e-01 | 99  0.02608  1.16105e+00
100 -0.03133 -1.59695e-01 |101 -0.01109  3.55663e-01 |102  0.03016  7.75800e-01
103  0.00164 -2.17293e-01 |104 -0.00233 -1.18465e+00 |105  0.00009  5.42837e-02
106  0.00009  5.11507e-02 |107  0.78465 -5.24697e-01 |108 -0.42007  5.54931e-02
109  0.21437 -2.43534e+00 |110 -0.25151  3.41867e+00 |
110 variables; iteration 80; function evaluation 103; phase 5
Function value 2.2207440e+03; maximum gradient component mag 2.0000e+00
Var    Value     Gradient |Var    Value     Gradient |Var    Value     Gradient
  1 -0.47699  5.36508e-01 |  2 -0.42705  1.99996e+00 |  3 -0.39359  1.49674e+00
  4 -0.38032  9.95046e-02 |  5 -0.38828  1.27036e-01 |  6  0.63475  2.41900e-01
  7 -0.00980 -3.84154e-02 |  8 -0.00241  4.53274e-03 |  9 -0.00518 -2.67588e-02
 10  0.00074  4.52721e-02 | 11  0.00530 -3.04195e-03 | 12  0.00853  2.22331e-02
 13 -0.00226  1.30274e-02 | 14  0.00653 -1.04160e-01 | 15  0.02004  2.53077e-02
 16 -0.00891  6.72921e-02 | 17 -0.00895  7.53063e-02 | 18  0.02682 -1.11246e-01
 19 -0.00631  2.82182e-02 | 20 -0.02282 -5.46944e-02 | 21  0.01427 -7.43809e-02
 22  0.03013 -5.66479e-02 | 23 -0.01732  1.14160e-01 | 24 -0.00150 -5.93698e-02
 25  0.01400  4.71281e-03 | 26  0.00757  4.91605e-02 | 27 -0.01372  1.03416e-01
 28  0.01512  1.61338e-01 | 29  0.02970 -3.52141e-01 | 30  0.00748  9.22269e-02
 31  0.00013  3.26572e-02 | 32 -0.05574 -8.44034e-02 | 33 -0.03198  5.08165e-02
 34 -0.02959 -7.57118e-02 | 35  0.01426 -1.72380e-02 | 36  0.02541  1.03362e-01
 37  0.03615  2.06488e-01 | 38 -0.01508  1.11033e-02 | 39  0.00500 -8.79092e-03
 40  0.00577  1.83439e-01 | 41 -0.00449 -3.23109e-01 | 42 -0.02976 -1.45830e-01
 43  0.03492  3.04091e-01 | 44 -0.01229 -2.89618e-02 | 45  0.00885 -2.82362e-03
 46 -0.02366 -1.01324e-02 | 47 -0.00936 -7.98815e-02 | 48 -0.00434  7.70574e-02
 49  0.02333  2.70897e-02 | 50 -0.03017 -5.04692e-02 | 51  0.00002  6.78179e-02
 52 -0.00425 -4.28480e-02 | 53  0.00262  1.57997e-01 | 54 -0.05531  1.79728e-01
 55 -0.00917  7.00000e-02 | 56 -0.04161  4.69053e-02 | 57  0.00818 -1.02056e-01
 58  0.01401 -8.32435e-03 | 59  0.00722  5.53661e-02 | 60  0.01864 -1.51076e-01
 61  0.01753  8.23199e-02 | 62  0.01435 -6.95656e-02 | 63  0.02914 -3.00640e-02
 64  0.00258 -2.32491e-01 | 65  0.01933 -3.87860e-02 | 66  0.01267  2.58961e-01
 67  0.00810 -5.61491e-01 | 68  0.00353  3.48685e-01 | 69 -0.02844  9.11090e-02
 70 -0.01048 -3.40164e-02 | 71 -0.03118  2.06802e-01 | 72 -0.01239  2.24055e-01
 73  0.00579  3.92718e-03 | 74 -0.03490 -1.86464e-01 | 75  0.00809  5.14939e-02
 76  0.00475 -1.15235e-01 | 77  0.02267  3.72100e-03 | 78 -0.04526  2.41271e-01
 79  0.01098 -1.07750e-02 | 80 -0.02086  2.01016e-01 | 81  0.00152 -1.96629e-02
 82 -0.01232  2.50200e-01 | 83 -0.01744 -2.95215e-01 | 84  0.01033  6.05069e-04
 85 -0.01957  1.66665e-02 | 86  0.03973 -1.66010e-02 | 87  0.00557  2.97183e-01
 88  0.02211 -1.43315e-01 | 89 -0.00730  1.46035e-01 | 90 -0.00033  3.49300e-01
 91  0.04665  1.50872e-02 | 92  0.00192 -1.25920e-01 | 93  0.03777 -6.07996e-02
 94 -0.02015 -2.68458e-02 | 95 -0.00302 -8.42582e-02 | 96  0.00859 -2.44158e-01
 97  0.00844 -1.42526e-01 | 98 -0.03830 -1.38288e-01 | 99  0.02601 -3.17164e-01
100 -0.03133  9.52305e-03 |101 -0.01115 -1.42605e-02 |102  0.03009  1.49110e-03
103  0.00168  3.13056e-02 |104 -0.00163  3.31032e-02 |105 -0.00008 -8.79829e-02
106 -0.00008 -8.63520e-02 |107  0.78489 -1.97651e-01 |108 -0.42003  1.08100e+00
109  0.21455 -2.60860e-01 |110 -0.25142  8.86125e-01 |
110 variables; iteration 100; function evaluation 134; phase 5
Function value 2.2207440e+03; maximum gradient component mag 2.9410e-01
Var    Value     Gradient |Var    Value     Gradient |Var    Value     Gradient
  1 -0.47711  8.08293e-02 |  2 -0.42705  2.94102e-01 |  3 -0.39358  2.18257e-01
  4 -0.38021  1.45587e-02 |  5 -0.38830  2.05478e-02 |  6  0.63475  4.36226e-02
  7 -0.00977  1.84761e-02 |  8 -0.00244 -3.91025e-02 |  9 -0.00516  2.41802e-02
 10  0.00071 -3.79277e-03 | 11  0.00529 -7.81366e-03 | 12  0.00852  1.50383e-02
 13 -0.00229 -3.62986e-02 | 14  0.00657 -6.96997e-03 | 15  0.02004  2.10415e-02
 16 -0.00893  1.71488e-02 | 17 -0.00898 -1.44340e-02 | 18  0.02684 -5.69180e-03
 19 -0.00632 -9.07396e-03 | 20 -0.02280  1.05736e-02 | 21  0.01428 -3.93605e-03
 22  0.03013 -3.60123e-03 | 23 -0.01735  1.04631e-02 | 24 -0.00149  1.99766e-02
 25  0.01399 -6.99867e-02 | 26  0.00756 -1.12261e-01 | 27 -0.01373  5.06744e-02
 28  0.01511 -1.27699e-02 | 29  0.02971 -3.04520e-02 | 30  0.00747  4.19144e-03
 31  0.00012 -6.44543e-03 | 32 -0.05573 -2.47262e-03 | 33 -0.03199 -9.46015e-03
 34 -0.02959  7.77976e-03 | 35  0.01426  2.87073e-02 | 36  0.02541  1.04714e-02
 37  0.03614  3.73162e-03 | 38 -0.01508  3.02181e-02 | 39  0.00500 -3.96917e-02
 40  0.00575  3.07387e-02 | 41 -0.00446 -3.42425e-02 | 42 -0.02975  1.33341e-02
 43  0.03491  1.97165e-02 | 44 -0.01229 -4.29633e-02 | 45  0.00884 -4.97351e-02
 46 -0.02366 -5.65557e-03 | 47 -0.00935  1.25628e-01 | 48 -0.00435 -8.39951e-02
 49  0.02334  2.25817e-01 | 50 -0.03017 -7.33105e-03 | 51  0.00002  4.49574e-02
 52 -0.00425  1.73849e-02 | 53  0.00262  3.54827e-02 | 54 -0.05533  1.62847e-02
 55 -0.00918 -6.76213e-02 | 56 -0.04162  7.29382e-03 | 57  0.00818  1.77303e-02
 58  0.01401  1.24962e-02 | 59  0.00722  9.23427e-03 | 60  0.01864 -1.18628e-01
 61  0.01753 -2.33342e-02 | 62  0.01435 -2.74892e-02 | 63  0.02914 -9.58070e-03
 64  0.00259 -3.48811e-02 | 65  0.01933 -6.13209e-04 | 66  0.01266  1.46381e-02
 67  0.00811 -3.81472e-02 | 68  0.00352  3.00344e-02 | 69 -0.02845 -4.35442e-02
 70 -0.01048  1.78432e-02 | 71 -0.03119 -4.07394e-03 | 72 -0.01240  3.09280e-02
 73  0.00580  8.90503e-03 | 74 -0.03489  1.32978e-02 | 75  0.00809  9.59641e-03
 76  0.00475 -8.52166e-03 | 77  0.02267  1.46460e-03 | 78 -0.04528  2.14744e-02
 79  0.01099  2.16962e-02 | 80 -0.02088 -1.67383e-01 | 81  0.00153  1.80264e-02
 82 -0.01233  1.69798e-02 | 83 -0.01743 -8.29382e-02 | 84  0.01033 -1.30815e-03
 85 -0.01957  1.31476e-02 | 86  0.03973 -1.82662e-03 | 87  0.00556  2.58874e-02
 88  0.02211 -9.97674e-03 | 89 -0.00731  2.13792e-02 | 90 -0.00034  5.75210e-02
 91  0.04665  2.57204e-03 | 92  0.00193  7.71952e-02 | 93  0.03777 -4.16459e-03
 94 -0.02015 -7.89119e-03 | 95 -0.00301  4.14368e-02 | 96  0.00860 -6.34986e-03
 97  0.00845  1.44525e-02 | 98 -0.03828 -5.89397e-04 | 99  0.02603  2.30111e-03
100 -0.03132  4.31908e-02 |101 -0.01114 -1.30209e-02 |102  0.03009 -3.00469e-02
103  0.00168  2.19598e-04 |104 -0.00165  5.32122e-03 |105 -0.00002  4.66157e-04
106 -0.00002  2.41229e-04 |107  0.78486 -3.25975e-02 |108 -0.42003  1.67705e-01
109  0.21453 -3.74345e-02 |110 -0.25142  1.13030e-01 |

 - final statistics:
110 variables; iteration 118; function evaluation 161
Function value 2.2207e+03; maximum gradient component mag 5.9907e-05
Exit code = 1;  converg criter 1.0000e-04
Var    Value     Gradient |Var    Value     Gradient |Var    Value     Gradient
  1 -0.47713  1.68766e-05 |  2 -0.42705  5.99068e-05 |  3 -0.39357  4.34760e-05
  4 -0.38019  3.17043e-06 |  5 -0.38830  5.45144e-06 |  6  0.63475  8.71698e-06
  7 -0.00978  1.62088e-06 |  8 -0.00241  1.28576e-07 |  9 -0.00517 -1.42735e-06
 10  0.00072 -1.09020e-06 | 11  0.00530  3.71344e-07 | 12  0.00851 -1.28076e-06
 13 -0.00227 -1.43357e-07 | 14  0.00657  1.74370e-06 | 15  0.02003 -9.91799e-07
 16 -0.00894  3.42052e-07 | 17 -0.00898  2.56267e-07 | 18  0.02684  2.03546e-06
 19 -0.00632 -1.48667e-06 | 20 -0.02281 -7.48600e-07 | 21  0.01428 -2.45724e-07
 22  0.03013 -4.52628e-07 | 23 -0.01735 -7.66578e-07 | 24 -0.00149 -1.99916e-06
 25  0.01400 -1.09318e-06 | 26  0.00757  8.89519e-07 | 27 -0.01373  1.03305e-07
 28  0.01511 -2.79177e-06 | 29  0.02971  2.31829e-06 | 30  0.00747 -1.79455e-06
 31  0.00012 -4.63942e-06 | 32 -0.05573 -4.12117e-07 | 33 -0.03199 -1.59318e-06
 34 -0.02959 -2.13597e-07 | 35  0.01426  4.33900e-07 | 36  0.02541 -1.05923e-06
 37  0.03614 -2.18324e-06 | 38 -0.01508 -6.83894e-07 | 39  0.00500  2.84492e-07
 40  0.00575 -2.03710e-06 | 41 -0.00446  1.76036e-06 | 42 -0.02975 -3.78005e-07
 43  0.03491 -5.21912e-06 | 44 -0.01229 -8.39265e-08 | 45  0.00885  1.89543e-06
 46 -0.02366 -1.71689e-06 | 47 -0.00936  7.22637e-07 | 48 -0.00435  1.86078e-06
 49  0.02333 -2.43087e-06 | 50 -0.03017 -5.32435e-07 | 51  0.00001 -7.27306e-07
 52 -0.00425  1.20770e-06 | 53  0.00261 -5.23742e-07 | 54 -0.05534 -3.62886e-06
 55 -0.00917 -1.51832e-06 | 56 -0.04162 -1.86197e-06 | 57  0.00818  9.84676e-07
 58  0.01401  1.09556e-07 | 59  0.00722 -1.64058e-06 | 60  0.01864  2.67063e-06
 61  0.01753 -3.66922e-06 | 62  0.01435  1.17239e-06 | 63  0.02914  1.58629e-06
 64  0.00259  4.35583e-06 | 65  0.01933  4.19771e-06 | 66  0.01266 -4.32597e-06
 67  0.00812  9.53624e-06 | 68  0.00352 -4.55943e-06 | 69 -0.02845  7.21229e-07
 70 -0.01048  3.42757e-06 | 71 -0.03119 -3.36341e-06 | 72 -0.01240 -6.77439e-07
 73  0.00580  3.89978e-06 | 74 -0.03489  7.97428e-07 | 75  0.00809  1.69513e-06
 76  0.00475  5.42472e-07 | 77  0.02267  8.86888e-07 | 78 -0.04528 -3.01590e-06
 79  0.01099  5.18942e-06 | 80 -0.02087 -9.08928e-08 | 81  0.00153  2.26263e-06
 82 -0.01233  6.19027e-07 | 83 -0.01742  6.78554e-07 | 84  0.01033  1.75913e-06
 85 -0.01957 -3.40062e-08 | 86  0.03973  1.17045e-06 | 87  0.00556 -2.18641e-06
 88  0.02211  2.18366e-06 | 89 -0.00731  1.43528e-06 | 90 -0.00034 -6.10674e-06
 91  0.04665  4.31179e-06 | 92  0.00192 -3.13070e-07 | 93  0.03777  1.74993e-06
 94 -0.02015 -3.29426e-07 | 95 -0.00301  3.39286e-06 | 96  0.00860  3.17426e-06
 97  0.00845  1.60777e-06 | 98 -0.03828 -1.59017e-06 | 99  0.02603  2.76625e-06
100 -0.03132 -1.84268e-06 |101 -0.01114  2.28159e-07 |102  0.03010 -2.76368e-07
103  0.00168  8.30897e-07 |104 -0.00166  1.24296e-06 |105 -0.00003  4.81478e-07
106 -0.00003 -2.01094e-06 |107  0.78486 -7.47067e-06 |108 -0.42003  3.74361e-05
109  0.21452 -6.06523e-06 |110 -0.25142  1.75037e-05 |

 - final statistics:
122 variables; iteration 0; function evaluation 0
Function value 2.2207e+03; maximum gradient component mag 5.9907e-05
Exit code = 0;  converg criter 1.0000e-04
Var    Value     Gradient |Var    Value     Gradient |Var    Value     Gradient
  1 -0.47713  1.68766e-05 |  2 -0.42705  5.99072e-05 |  3 -0.39357  4.34761e-05
  4 -0.38019  3.17044e-06 |  5 -0.38830  5.45146e-06 |  6  0.63475  8.71708e-06
  7 -0.00978  1.62088e-06 |  8 -0.00241  1.28576e-07 |  9 -0.00517 -1.42735e-06
 10  0.00072 -1.09020e-06 | 11  0.00530  3.71344e-07 | 12  0.00851 -1.34631e-06
 13 -0.00227 -2.08911e-07 | 14  0.00657  1.67815e-06 | 15  0.02003 -1.05732e-06
 16 -0.00894  2.76504e-07 | 17 -0.00898  1.90720e-07 | 18  0.02684  1.96996e-06
 19 -0.00632 -1.55222e-06 | 20 -0.02281 -8.14112e-07 | 21  0.01428 -3.11261e-07
 22  0.03013 -5.18108e-07 | 23 -0.01735 -8.32108e-07 | 24 -0.00149 -2.06471e-06
 25  0.01400 -1.15871e-06 | 26  0.00757  8.23970e-07 | 27 -0.01373  3.77661e-08
 28  0.01511 -2.85730e-06 | 29  0.02971  2.25281e-06 | 30  0.00747 -1.86010e-06
 31  0.00012 -4.70498e-06 | 32 -0.05573 -4.77420e-07 | 33 -0.03199 -1.65865e-06
 34 -0.02959 -2.79080e-07 | 35  0.01426  3.68364e-07 | 36  0.02541 -1.12473e-06
 37  0.03614 -2.24868e-06 | 38 -0.01508 -7.49428e-07 | 39  0.00500  2.18942e-07
 40  0.00575 -2.10265e-06 | 41 -0.00446  1.69481e-06 | 42 -0.02975 -4.43486e-07
 43  0.03491 -5.28457e-06 | 44 -0.01229 -1.49467e-07 | 45  0.00885  1.82988e-06
 46 -0.02366 -1.78240e-06 | 47 -0.00936  6.57092e-07 | 48 -0.00435  1.79523e-06
 49  0.02333 -2.49637e-06 | 50 -0.03017 -5.97914e-07 | 51  0.00001 -7.92857e-07
 52 -0.00425  1.14215e-06 | 53  0.00261 -5.89291e-07 | 54 -0.05534 -3.69416e-06
 55 -0.00917 -1.58387e-06 | 56 -0.04162 -1.92738e-06 | 57  0.00818  9.19132e-07
 58  0.01401  4.40280e-08 | 59  0.00722 -1.70612e-06 | 60  0.01864  2.60511e-06
 61  0.01753 -3.73474e-06 | 62  0.01435  1.10686e-06 | 63  0.02914  1.52081e-06
 64  0.00259  4.29029e-06 | 65  0.01933  4.13220e-06 | 66  0.01266 -4.39150e-06
 67  0.00812  9.47069e-06 | 68  0.00352 -4.62498e-06 | 69 -0.02845  6.55744e-07
 70 -0.01048  3.36203e-06 | 71 -0.03119 -3.42889e-06 | 72 -0.01240 -7.42976e-07
 73  0.00580  3.83424e-06 | 74 -0.03489  7.31975e-07 | 75  0.00809  1.62959e-06
 76  0.00475  4.76925e-07 | 77  0.02267  8.21383e-07 | 78 -0.04528 -3.08128e-06
 79  0.01099  5.12388e-06 | 80 -0.02087 -1.56409e-07 | 81  0.00153  2.19708e-06
 82 -0.01233  5.53488e-07 | 83 -0.01742  6.13028e-07 | 84  0.01033  1.69358e-06
 85 -0.01957 -9.95262e-08 | 86  0.03973  1.10503e-06 | 87  0.00556 -2.25195e-06
 88  0.02211  2.11815e-06 | 89 -0.00731  1.36973e-06 | 90 -0.00034 -6.17229e-06
 91  0.04665  4.24641e-06 | 92  0.00192 -3.78623e-07 | 93  0.03777  1.68450e-06
 94 -0.02015 -3.94948e-07 | 95 -0.00301  3.32731e-06 | 96  0.00860  3.10871e-06
 97  0.00845  1.54223e-06 | 98 -0.03828 -1.65560e-06 | 99  0.02603  2.70075e-06
100 -0.03132 -1.90816e-06 |101 -0.01114  1.62615e-07 |102  0.03010 -3.41849e-07
103  0.00168  7.65343e-07 |104 -0.00166  1.17741e-06 |105 -0.00003  4.15923e-07
106 -0.00003 -2.07649e-06 |107  0.00000  0.00000e+00 |108  0.00000  0.00000e+00
109  0.00000  0.00000e+00 |110  0.00000  0.00000e+00 |111  0.00000  0.00000e+00
112  0.00000  0.00000e+00 |113  0.00000  0.00000e+00 |114  0.00000  0.00000e+00
115  0.00000  0.00000e+00 |116  0.00000  0.00000e+00 |117  0.00000  0.00000e+00
118  0.00000  0.00000e+00 |119  0.78486 -7.47067e-06 |120 -0.42003  3.74362e-05
121  0.21452 -6.06524e-06 |122 -0.25142  1.75038e-05 |
size of file gradfil1.tmp = 0
size of file gradfil2.tmp = 0
size of file varssave.tmp = 0
size of file cmpdiff.tmp = 0
