
Initial statistics: 1 variables; iteration 0; function evaluation 0; phase 1
Function value 2.5720760e+03; maximum gradient component mag -6.6049e+03
Var    Value     Gradient |Var    Value     Gradient |Var    Value     Gradient
  1  0.63197 -6.60493e+03 |

 - final statistics:
1 variables; iteration 4; function evaluation 7
Function value 2.5405e+03; maximum gradient component mag -4.8519e+00
Exit code = 1;  converg criter 1.0000e+01
Var    Value     Gradient |Var    Value     Gradient |Var    Value     Gradient
  1  0.64245 -4.85193e+00 |

Initial statistics: 98 variables; iteration 0; function evaluation 0; phase 2
Function value 2.5404869e+03; maximum gradient component mag -1.6561e+03
Var    Value     Gradient |Var    Value     Gradient |Var    Value     Gradient
  1  0.64245 -4.85193e+00 |  2  0.00000 -4.86468e+01 |  3  0.00000  9.11244e+00
  4  0.00000  6.35826e+00 |  5  0.00000  4.66812e+01 |  6  0.00000  2.60846e+01
  7  0.00000  2.36086e+01 |  8  0.00000 -3.51968e+01 |  9  0.00000  1.70565e+01
 10  0.00000  2.72771e+01 | 11  0.00000  4.76320e+01 | 12  0.00000 -9.88514e+01
 13  0.00000 -3.87738e+02 | 14  0.00000  8.75407e+01 | 15  0.00000 -7.23044e+00
 16  0.00000 -2.25728e+02 | 17  0.00000 -2.61472e+02 | 18  0.00000 -9.46558e+01
 19  0.00000 -1.75764e+02 | 20  0.00000  2.08653e+02 | 21  0.00000 -6.62262e+01
 22  0.00000  3.80838e+02 | 23  0.00000 -7.28769e+01 | 24  0.00000 -1.44190e+02
 25  0.00000  2.31685e+02 | 26  0.00000 -6.89134e+01 | 27  0.00000  1.48571e+02
 28  0.00000 -3.94083e+02 | 29  0.00000  8.93085e+01 | 30  0.00000  3.49189e+02
 31  0.00000 -1.60784e+02 | 32  0.00000 -3.82085e+02 | 33  0.00000 -5.51101e+02
 34  0.00000 -1.14520e+02 | 35  0.00000  2.20973e+02 | 36  0.00000  5.04462e+02
 37  0.00000 -6.96773e+01 | 38  0.00000  9.33562e+01 | 39  0.00000  3.12022e+02
 40  0.00000 -3.75064e+02 | 41  0.00000 -1.50422e+02 | 42  0.00000 -1.39738e+02
 43  0.00000 -2.99093e+02 | 44  0.00000 -9.45567e+01 | 45  0.00000 -2.70123e+01
 46  0.00000 -1.63925e+02 | 47  0.00000  9.89909e+01 | 48  0.00000  6.29685e+01
 49  0.00000  4.67628e+02 | 50  0.00000  4.52961e+02 | 51  0.00000  9.03656e+01
 52  0.00000 -1.56001e+02 | 53  0.00000  2.28370e+01 | 54  0.00000 -4.61038e+02
 55  0.00000 -1.05658e+03 | 56  0.00000  1.12742e+03 | 57  0.00000  1.08331e+03
 58  0.00000  1.31789e+03 | 59  0.00000 -5.62006e+02 | 60  0.00000  7.76158e+02
 61  0.00000  2.63221e+02 | 62  0.00000 -6.62535e+01 | 63  0.00000  6.30746e+02
 64  0.00000 -6.79804e+02 | 65  0.00000  1.23554e+02 | 66  0.00000  6.29991e+02
 67  0.00000 -1.47061e+03 | 68  0.00000 -1.22732e+02 | 69  0.00000 -2.91318e+02
 70  0.00000  7.26850e+02 | 71  0.00000  2.48462e+02 | 72  0.00000 -4.71777e+02
 73  0.00000 -1.11215e+03 | 74  0.00000  3.39820e+02 | 75  0.00000  8.13915e+02
 76  0.00000  2.12452e+02 | 77  0.00000  5.22815e+01 | 78  0.00000  3.30073e+02
 79  0.00000 -4.27131e+02 | 80  0.00000 -5.07109e+02 | 81  0.00000 -5.46453e+02
 82  0.00000  8.04040e+00 | 83  0.00000  4.76168e+02 | 84  0.00000 -1.65612e+03
 85  0.00000  3.20317e+02 | 86  0.00000 -2.37496e+02 | 87  0.00000  5.54710e+02
 88  0.00000  6.04025e+02 | 89  0.00000 -5.36669e+00 | 90  0.00000 -1.18776e+02
 91  0.00000  1.70469e+02 | 92  0.00000 -7.47245e+01 | 93  0.00000 -1.97355e+02
 94  0.00000 -5.88853e-02 | 95  0.00000 -2.81164e+00 | 96  0.00000 -2.81174e+00
 97  0.81654  4.03279e+01 | 98  0.22185  1.78701e+02 |

Intermediate statistics: 98 variables; iteration 20; function evaluation 29; phase 2
Function value 2.2585084e+03; maximum gradient component mag -8.7824e+02
Var    Value     Gradient |Var    Value     Gradient |Var    Value     Gradient
  1  0.64106 -7.96106e+02 |  2  0.06730  1.22923e+02 |  3 -0.02503 -8.25887e+00
  4  0.00089  3.80865e+01 |  5 -0.02495  2.18280e+01 |  6  0.01486  9.51462e+01
  7  0.01958  1.10908e+02 |  8 -0.02531 -7.49832e+01 |  9 -0.00355  3.55795e+01
 10 -0.01486  5.40614e+00 | 11 -0.03125 -3.87332e+01 | 12  0.00892 -2.14812e+01
 13  0.04807  2.72082e+01 | 14 -0.00445  8.67520e+01 | 15 -0.00029  1.74100e+01
 16  0.00163 -1.86185e+02 | 17  0.00879 -1.42925e+02 | 18  0.00134 -6.23384e+01
 19  0.00792 -6.79751e+01 | 20 -0.01077  7.69246e+01 | 21  0.00100 -7.15005e+01
 22 -0.02421  9.75305e+01 | 23  0.00018 -7.47166e+01 | 24  0.00339 -9.90013e+01
 25 -0.01538  5.26552e+01 | 26 -0.00010 -6.77121e+01 | 27 -0.01254  9.61470e+00
 28  0.01683 -1.64927e+02 | 29 -0.00520  1.60901e+01 | 30 -0.02460  6.52607e+01
 31  0.00471 -1.06600e+02 | 32  0.01361 -1.89387e+02 | 33  0.02007 -2.56787e+02
 34  0.00184 -9.32473e+01 | 35 -0.00976  7.64890e+01 | 36 -0.02469  1.79468e+02
 37  0.00167 -7.58400e+01 | 38 -0.00460  1.65378e+00 | 39 -0.02252  3.60935e+01
 40  0.01654 -1.78282e+02 | 41  0.00541 -1.06848e+02 | 42  0.00441 -1.14174e+02
 43  0.01122 -1.78217e+02 | 44  0.00200 -1.10699e+02 | 45 -0.00102 -8.74116e+01
 46  0.00466 -1.44374e+02 | 47 -0.00482 -3.14304e+01 | 48 -0.00067 -1.43310e+01
 49 -0.01485  1.57511e+02 | 50 -0.00919  2.10262e+02 | 51 -0.00279 -4.17734e+01
 52 -0.00028 -2.31854e+02 | 53 -0.00511 -1.37476e+02 | 54  0.00359 -3.47357e+02
 55  0.02316 -2.68503e+02 | 56 -0.01267  7.46693e+02 | 57 -0.01672  5.50327e+02
 58 -0.02012  7.10403e+02 | 59  0.00559 -4.12245e+02 | 60 -0.01462  3.39019e+02
 61 -0.00733  2.35958e+01 | 62 -0.00017 -9.57761e+01 | 63 -0.00673  4.41250e+02
 64  0.01439 -2.27719e+02 | 65  0.00123  1.53573e+02 | 66 -0.01251  3.35467e+02
 67  0.02214 -8.26522e+02 | 68 -0.00122 -1.26392e+02 | 69  0.00389 -2.07312e+02
 70 -0.01164  4.23793e+02 | 71 -0.00188  2.00857e+02 | 72  0.00532 -2.79000e+02
 73  0.01576 -6.15447e+02 | 74  0.00012  3.75305e+02 | 75 -0.01200  5.28090e+02
 76 -0.00146  1.72378e+02 | 77 -0.00155  1.97279e+01 | 78 -0.00221  2.98979e+02
 79  0.01112 -6.83738e+01 | 80  0.00776 -2.42969e+02 | 81  0.00996 -2.44643e+02
 82  0.00181  7.30287e+01 | 83 -0.01016  2.84988e+02 | 84  0.02562 -8.78245e+02
 85 -0.00648  2.27692e+02 | 86  0.00544 -1.02313e+02 | 87 -0.00856  3.56334e+02
 88 -0.00927  3.90800e+02 | 89  0.00212  1.23379e+01 | 90  0.00418 -7.18554e+01
 91 -0.00840  8.61512e+01 | 92  0.02606  1.63944e+02 | 93  0.04953  5.86924e+01
 94 -0.02449 -9.60007e+00 | 95 -0.00282  2.20167e+01 | 96 -0.00282  2.20177e+01
 97  0.80334 -1.10072e+02 | 98  0.22423  7.02111e+01 |
98 variables; iteration 40; function evaluation 52; phase 2
Function value 2.1588620e+03; maximum gradient component mag 1.9085e+03
Var    Value     Gradient |Var    Value     Gradient |Var    Value     Gradient
  1  0.63769  1.90846e+03 |  2 -0.00493 -1.11001e+02 |  3  0.00887 -2.50924e+01
  4 -0.01094 -6.94526e+01 |  5 -0.03344 -7.80181e+01 |  6 -0.04841 -1.33370e+02
  7 -0.04347 -1.31667e+02 |  8  0.03308  4.05278e+01 |  9  0.00216 -1.88899e+01
 10  0.01035  2.93674e+01 | 11  0.01310  7.35200e+01 | 12  0.02667  3.03425e+01
 13  0.05040  1.33016e+01 | 14 -0.04287 -1.89996e+02 | 15  0.00483  2.54921e-01
 16  0.01435 -1.10434e+02 | 17  0.00763 -2.17270e+02 | 18  0.00063 -1.34315e+02
 19  0.01373 -4.57838e+01 | 20 -0.01741 -6.19440e+01 | 21  0.00248 -1.18743e+02
 22 -0.03680 -8.27499e+01 | 23  0.00138 -1.13998e+02 | 24  0.00586 -1.10920e+02
 25 -0.02137 -6.44795e+01 | 26  0.00442 -4.39335e+01 | 27 -0.01424 -5.29967e+01
 28  0.02738  1.71023e+00 | 29 -0.00312 -1.32993e+00 | 30 -0.03183 -5.67588e+01
 31  0.01153 -3.36088e+01 | 32  0.02548  1.37228e+01 | 33  0.03685  9.29668e+01
 34  0.01108  3.04730e+01 | 35 -0.00996  3.81948e+01 | 36 -0.04471 -5.70653e+01
 37  0.00415 -7.01598e+01 | 38 -0.00274 -2.39137e+00 | 39 -0.02685 -4.03952e+01
 40  0.02894  7.85354e+01 | 41  0.01513  6.10268e+01 | 42  0.01362  4.72582e+01
 43  0.02233  5.52751e+01 | 44  0.00885  1.88652e+01 | 45  0.00442  1.98039e+01
 46  0.01137  1.21819e+01 | 47 -0.00435 -8.22570e+00 | 48  0.00396  9.12594e+01
 49 -0.02978 -5.59458e+01 | 50 -0.01210  1.62649e+02 | 51 -0.00310 -2.23171e+01
 52  0.00847  3.46102e+01 | 53  0.00261  1.11800e+02 | 54  0.01433  7.47754e+01
 55  0.02866  4.75331e+01 | 56 -0.04216  7.78201e+01 | 57 -0.03229  1.27972e+02
 58 -0.04764  9.93475e+01 | 59  0.01580 -1.89711e+01 | 60 -0.02563  5.11330e+01
 61 -0.00967 -6.18644e+01 | 62  0.00395 -9.47348e-02 | 63 -0.01957  9.70069e+01
 64  0.02487  1.49351e+02 | 65  0.00223  1.46543e+02 | 66 -0.01900  1.66555e+02
 67  0.04695  3.07602e+02 | 68  0.00806  1.30743e+02 | 69  0.01299  2.85641e+01
 70 -0.02514  7.84699e+01 | 71 -0.00562  5.15641e+01 | 72  0.01323 -3.71485e+01
 73  0.03354  8.07953e+01 | 74 -0.01062  6.91364e+01 | 75 -0.02981  1.07650e+02
 76 -0.00208  7.92305e+01 | 77 -0.00069 -2.19729e+01 | 78 -0.01057  2.56542e+01
 79  0.01705  8.73674e+01 | 80  0.01512 -5.59571e+01 | 81  0.01874 -2.09006e+01
 82  0.00135 -1.68558e+01 | 83 -0.02442 -4.84501e+01 | 84  0.04786  1.92175e+01
 85 -0.01959 -7.22028e+01 | 86  0.01353  2.07843e+01 | 87 -0.02800 -7.95605e+01
 88 -0.02187  7.33553e+01 | 89  0.00737  4.34225e+01 | 90  0.00172 -1.68502e+02
 91 -0.00990 -7.17120e+00 | 92 -0.00643 -1.72982e+02 | 93  0.03174 -1.04810e+02
 94  0.02957 -8.01756e+00 | 95  0.00450 -5.20051e+01 | 96  0.00450 -5.20066e+01
 97  0.81459  1.46959e+02 | 98  0.21700 -5.12374e+00 |
98 variables; iteration 60; function evaluation 78; phase 2
Function value 2.1426196e+03; maximum gradient component mag 1.1740e+03
Var    Value     Gradient |Var    Value     Gradient |Var    Value     Gradient
  1  0.63655  1.17402e+03 |  2  0.01101 -5.99763e+01 |  3  0.00813 -6.02834e+00
  4 -0.00799 -4.25778e+01 |  5 -0.02498 -3.98077e+01 |  6 -0.03283 -8.05034e+01
  7 -0.02819 -7.73379e+01 |  8  0.01979  2.47941e+00 |  9 -0.01549 -6.02819e+01
 10  0.01043  4.32551e+01 | 11  0.00104  2.75142e+01 | 12  0.03253  7.99665e+01
 13  0.04655 -3.10520e+01 | 14 -0.02783 -1.02458e+02 | 15  0.00344 -8.53862e-01
 16  0.01564 -8.35941e+01 | 17  0.01440 -1.17405e+02 | 18  0.00624 -5.01534e+01
 19  0.01565 -5.09848e+00 | 20 -0.01490 -2.09977e+01 | 21  0.00762 -3.48846e+01
 22 -0.03248 -3.01503e+01 | 23  0.00474 -5.99990e+01 | 24  0.00731 -8.54501e+01
 25 -0.02083 -4.88014e+01 | 26  0.00712 -2.72854e-01 | 27 -0.01307 -3.07920e+01
 28  0.02762  6.05585e+00 | 29 -0.00445 -8.69266e+00 | 30 -0.02820 -9.55200e+00
 31  0.01229 -1.41970e+01 | 32  0.02439 -5.74124e+00 | 33  0.03367  1.64411e+01
 34  0.00894 -1.78621e+00 | 35 -0.01267  1.26731e+01 | 36 -0.04467 -4.27669e+01
 37  0.00744 -1.23967e+01 | 38 -0.00131  2.34803e+01 | 39 -0.02622 -2.52551e+01
 40  0.02872  6.00582e+01 | 41  0.01331  2.30987e+01 | 42  0.01234  1.72097e+01
 43  0.02230  4.02708e+01 | 44  0.00844  2.63073e+00 | 45  0.00297 -1.27941e+01
 46  0.01099 -1.13437e+01 | 47 -0.00439 -1.90435e+01 | 48  0.00281  5.26282e+01
 49 -0.02771 -3.32044e+01 | 50 -0.01719  6.59302e+01 | 51 -0.00070  8.97017e+00
 52  0.00820  8.82355e-01 | 53  0.00192  7.10503e+01 | 54  0.01453  5.01229e+01
 55  0.02942  3.18097e+01 | 56 -0.04424  4.05447e+01 | 57 -0.03493  6.67513e+01
 58 -0.04995  6.20938e+01 | 59  0.01715  4.06940e+00 | 60 -0.02539  5.45605e+01
 61 -0.00772 -1.91959e+01 | 62  0.00420 -7.28180e+00 | 63 -0.01940  9.55701e+01
 64  0.02426  9.02039e+01 | 65  0.00003  6.63461e+01 | 66 -0.02294  8.24735e+01
 67  0.04529  1.64258e+02 | 68  0.00712  8.66270e+01 | 69  0.01313  1.22921e+01
 70 -0.02605  6.36026e+01 | 71 -0.00511  5.91152e+01 | 72  0.01433 -1.38739e+01
 73  0.03357  5.10689e+01 | 74 -0.01158  4.19941e+01 | 75 -0.03185  7.52351e+01
 76 -0.00276  5.53295e+01 | 77 -0.00044 -1.71160e+01 | 78 -0.01003  4.23966e+01
 79  0.01610  5.03993e+01 | 80  0.01610 -2.48989e+01 | 81  0.01918 -6.38594e+00
 82  0.00038 -3.26702e+01 | 83 -0.02410 -2.90383e+01 | 84  0.04736  2.85225e+00
 85 -0.01889 -4.12187e+01 | 86  0.01193 -2.69913e+00 | 87 -0.02793 -5.65046e+01
 88 -0.02484  4.99177e+01 | 89  0.00434  3.84215e+00 | 90  0.00192 -1.45070e+02
 91 -0.01787 -4.99184e+01 | 92  0.00505 -6.76702e+01 | 93  0.03691 -4.95737e+01
 94  0.01955 -1.76509e+00 | 95 -0.01374 -5.74770e+01 | 96 -0.01374 -5.74765e+01
 97  0.81144  1.02566e+02 | 98  0.21862  1.87465e+01 |
Maximum number of function evaluations exceeded

 - final statistics:
98 variables; iteration 76; function evaluation 100
Function value 2.1337e+03; maximum gradient component mag 3.1780e+02
Exit code = 3;  converg criter 1.0000e+01
Var    Value     Gradient |Var    Value     Gradient |Var    Value     Gradient
  1  0.63661  3.17798e+02 |  2  0.02241 -1.32038e+01 |  3 -0.00392 -5.54627e+00
  4  0.00490  1.00345e+01 |  5 -0.02138 -7.56691e+00 |  6 -0.01980 -2.76426e+01
  7 -0.01306 -1.71064e+01 |  8  0.01322  6.21982e-01 |  9 -0.00797 -1.48406e+01
 10 -0.00318  9.83061e+00 | 11 -0.00782  9.94016e+00 | 12  0.02160  1.93040e+01
 13  0.04729 -1.27167e+01 | 14 -0.01671 -2.15526e+01 | 15  0.00062 -5.05808e+00
 16  0.01938 -1.74581e+01 | 17  0.01939 -2.70660e+01 | 18  0.00781 -8.33708e+00
 19  0.01424 -9.45639e+00 | 20 -0.01570 -1.07858e+01 | 21  0.00837 -9.23070e+00
 22 -0.03318 -1.54759e+01 | 23  0.00706 -8.97602e+00 | 24  0.01108 -9.76593e+00
 25 -0.01807 -3.58637e-01 | 26  0.00578 -6.42920e+00 | 27 -0.01295 -1.32849e+01
 28  0.02718  6.39663e+00 | 29 -0.00471  3.88149e+00 | 30 -0.02977 -4.27479e+00
 31  0.01195 -6.07803e+00 | 32  0.02493  1.42296e+01 | 33  0.03186 -1.48242e+01
 34  0.00800 -3.93566e+00 | 35 -0.01338  2.08040e+01 | 36 -0.04286 -8.47131e+00
 37  0.00674 -1.25917e+01 | 38 -0.00346  4.89284e+00 | 39 -0.02675 -1.62665e+01
 40  0.02570 -2.30974e+00 | 41  0.01161 -3.10211e+00 | 42  0.01079 -7.47540e+00
 43  0.02116  1.25837e+01 | 44  0.00819 -3.34250e+00 | 45  0.00373 -2.73240e+00
 46  0.01291  1.70666e+01 | 47 -0.00248  8.57147e+00 | 48  0.00174  2.54025e+01
 49 -0.02635 -1.40637e+01 | 50 -0.02080  8.02592e+00 | 51 -0.00112 -1.22142e+01
 52  0.00944  1.50209e+01 | 53  0.00082  2.88144e+01 | 54  0.01392  7.34008e+00
 55  0.02958  3.18519e+00 | 56 -0.04650  1.05368e+01 | 57 -0.03675  3.26378e+01
 58 -0.05396  8.58936e+00 | 59  0.01761 -1.44851e+00 | 60 -0.02598  4.45789e+01
 61 -0.00759 -1.93049e+01 | 62  0.00478 -1.27769e+00 | 63 -0.02245  3.19020e+01
 64  0.02329  2.08405e+01 | 65 -0.00217 -3.95141e+00 | 66 -0.02675  1.22403e+01
 67  0.04362  3.26615e+01 | 68  0.00578  3.55924e+01 | 69  0.01299 -1.14364e+01
 70 -0.02958  5.18820e+00 | 71 -0.00701  9.29558e+00 | 72  0.01513  1.24698e+00
 73  0.03303  6.14634e+00 | 74 -0.01179  3.57650e+01 | 75 -0.03636  1.11809e+01
 76 -0.00518 -9.37517e+00 | 77  0.00002 -1.10342e+00 | 78 -0.01114  2.61364e+01
 79  0.01475  8.45638e+00 | 80  0.01680  1.26112e+00 | 81  0.01899 -4.75869e+00
 82  0.00099 -4.30523e+00 | 83 -0.02460 -1.81646e+01 | 84  0.04711 -9.26625e-01
 85 -0.01806 -4.76071e+00 | 86  0.01110 -3.15816e+00 | 87 -0.02619 -6.50712e+00
 88 -0.02876  1.58698e+01 | 89  0.00296  4.25666e+00 | 90  0.00639 -3.94489e+01
 91 -0.01805 -1.83326e+01 | 92  0.00833 -1.40025e+01 | 93  0.03887 -1.08837e+01
 94  0.00359 -1.25731e+00 | 95 -0.00266 -1.43411e+01 | 96 -0.00260 -1.42444e+01
 97  0.80662  2.50085e+01 | 98  0.21784 -1.76947e+01 |

Initial statistics: 100 variables; iteration 0; function evaluation 0; phase 3
Function value 2.1336917e+03; maximum gradient component mag 3.1780e+02
Var    Value     Gradient |Var    Value     Gradient |Var    Value     Gradient
  1  0.63661  3.17798e+02 |  2  0.02241 -1.32451e+01 |  3 -0.00392 -5.58761e+00
  4  0.00490  9.99314e+00 |  5 -0.02138 -7.60823e+00 |  6 -0.01980 -2.76839e+01
  7 -0.01306 -1.71477e+01 |  8  0.01322  5.80656e-01 |  9 -0.00797 -1.48820e+01
 10 -0.00318  9.78928e+00 | 11 -0.00782  9.89883e+00 | 12  0.02160  1.92627e+01
 13  0.04729 -1.27579e+01 | 14 -0.01671 -2.15939e+01 | 15  0.00062 -5.09941e+00
 16  0.01938 -1.74994e+01 | 17  0.01939 -2.71073e+01 | 18  0.00780 -8.37842e+00
 19  0.01424 -9.49772e+00 | 20 -0.01570 -1.08271e+01 | 21  0.00837 -9.27204e+00
 22 -0.03318 -1.55172e+01 | 23  0.00706 -9.01736e+00 | 24  0.01108 -9.80726e+00
 25 -0.01807 -3.99956e-01 | 26  0.00578 -6.47054e+00 | 27 -0.01295 -1.33263e+01
 28  0.02718  6.35533e+00 | 29 -0.00471  3.84016e+00 | 30 -0.02977 -4.31608e+00
 31  0.01194 -6.11936e+00 | 32  0.02493  1.41883e+01 | 33  0.03186 -1.48655e+01
 34  0.00800 -3.97699e+00 | 35 -0.01338  2.07627e+01 | 36 -0.04286 -8.51255e+00
 37  0.00674 -1.26330e+01 | 38 -0.00346  4.85151e+00 | 39 -0.02675 -1.63078e+01
 40  0.02569 -2.35104e+00 | 41  0.01161 -3.14344e+00 | 42  0.01079 -7.51673e+00
 43  0.02116  1.25424e+01 | 44  0.00819 -3.38383e+00 | 45  0.00373 -2.77374e+00
 46  0.01291  1.70253e+01 | 47 -0.00248  8.53013e+00 | 48  0.00174  2.53611e+01
 49 -0.02635 -1.41050e+01 | 50 -0.02080  7.98460e+00 | 51 -0.00112 -1.22556e+01
 52  0.00944  1.49796e+01 | 53  0.00081  2.87731e+01 | 54  0.01392  7.29875e+00
 55  0.02958  3.14389e+00 | 56 -0.04650  1.04956e+01 | 57 -0.03675  3.25966e+01
 58 -0.05396  8.54818e+00 | 59  0.01761 -1.48983e+00 | 60 -0.02598  4.45376e+01
 61 -0.00759 -1.93463e+01 | 62  0.00478 -1.31902e+00 | 63 -0.02245  3.18606e+01
 64  0.02329  2.07992e+01 | 65 -0.00217 -3.99275e+00 | 66 -0.02675  1.21990e+01
 67  0.04362  3.26203e+01 | 68  0.00578  3.55511e+01 | 69  0.01299 -1.14778e+01
 70 -0.02958  5.14691e+00 | 71 -0.00701  9.25425e+00 | 72  0.01513  1.20566e+00
 73  0.03303  6.10506e+00 | 74 -0.01179  3.57237e+01 | 75 -0.03636  1.11396e+01
 76 -0.00518 -9.41651e+00 | 77  0.00002 -1.14476e+00 | 78 -0.01114  2.60950e+01
 79  0.01475  8.41506e+00 | 80  0.01679  1.21980e+00 | 81  0.01899 -4.80001e+00
 82  0.00099 -4.34657e+00 | 83 -0.02460 -1.82059e+01 | 84  0.04711 -9.67848e-01
 85 -0.01806 -4.80203e+00 | 86  0.01110 -3.19949e+00 | 87 -0.02619 -6.54842e+00
 88 -0.02876  1.58285e+01 | 89  0.00296  4.21533e+00 | 90  0.00639 -3.94902e+01
 91 -0.01805 -1.83739e+01 | 92  0.00833 -1.40439e+01 | 93  0.03887 -1.09249e+01
 94  0.00359 -1.29865e+00 | 95 -0.00266 -1.43824e+01 | 96 -0.00260 -1.42857e+01
 97  0.80662  2.50085e+01 | 98 -0.41581  6.20477e+01 | 99  0.21784 -1.76947e+01
100 -0.25275 -1.03483e+02 |

Intermediate statistics: 100 variables; iteration 20; function evaluation 25; phase 3
Function value 2.1325178e+03; maximum gradient component mag -8.6180e+01
Var    Value     Gradient |Var    Value     Gradient |Var    Value     Gradient
  1  0.63678  7.80255e+01 |  2  0.02471 -2.14084e+00 |  3 -0.00499 -9.42719e-01
  4 -0.00103  3.48852e+00 |  5 -0.02146 -1.14617e+00 |  6 -0.01313 -6.08658e+00
  7 -0.01012 -3.58454e+00 |  8  0.01288  4.73433e+00 |  9 -0.00601 -3.19004e+00
 10 -0.00435  1.06008e+01 | 11 -0.00848  1.20363e+01 | 12  0.02284  2.96630e+01
 13  0.04784 -8.14882e+00 | 14 -0.01596 -1.36251e+01 | 15  0.00119  1.88808e+00
 16  0.01948 -1.54353e+01 | 17  0.01917 -2.84457e+01 | 18  0.00792 -4.95644e+00
 19  0.01436 -6.98552e+00 | 20 -0.01558 -6.66651e+00 | 21  0.00848 -6.93710e+00
 22 -0.03320 -1.16972e+01 | 23  0.00717 -6.03722e+00 | 24  0.01120 -7.13673e+00
 25 -0.01778  5.80160e+00 | 26  0.00591 -3.44779e+00 | 27 -0.01298 -1.09497e+01
 28  0.02725  6.21183e+00 | 29 -0.00447  8.86087e+00 | 30 -0.02966  3.51433e-01
 31  0.01197 -5.96014e+00 | 32  0.02502  1.34262e+01 | 33  0.03234 -8.99130e+00
 34  0.00803 -3.43276e+00 | 35 -0.01292  2.81566e+01 | 36 -0.04294 -5.19357e+00
 37  0.00659 -1.54661e+01 | 38 -0.00339  6.41595e+00 | 39 -0.02708 -1.67198e+01
 40  0.02575 -4.84095e+00 | 41  0.01148 -6.55315e+00 | 42  0.01054 -1.26417e+01
 43  0.02101  6.64504e+00 | 44  0.00794 -8.65779e+00 | 45  0.00342 -8.44029e+00
 46  0.01262  8.91031e+00 | 47 -0.00279  2.77635e+00 | 48  0.00142  1.81594e+01
 49 -0.02706 -2.12362e+01 | 50 -0.02102  6.29415e+00 | 51 -0.00090 -8.45681e+00
 52  0.00922  7.05437e+00 | 53 -0.00010  4.15574e+00 | 54  0.01416  6.99574e+00
 55  0.02930 -1.82675e+01 | 56 -0.04667  9.05095e+00 | 57 -0.03734  2.39552e+01
 58 -0.05408  9.34878e+00 | 59  0.01797  9.61329e+00 | 60 -0.02709  2.17372e+01
 61 -0.00680  2.63250e+00 | 62  0.00523  1.01964e+01 | 63 -0.02328  1.66626e+01
 64  0.02291 -2.64623e+00 | 65 -0.00212 -3.70454e+00 | 66 -0.02697  9.01183e+00
 67  0.04366  2.39299e+01 | 68  0.00455  8.19054e-01 | 69  0.01366  5.63282e+00
 70 -0.02976  4.04399e+00 | 71 -0.00750 -1.01627e+00 | 72  0.01543  7.93757e+00
 73  0.03308  3.21191e+00 | 74 -0.01291  1.17095e+01 | 75 -0.03661  1.11451e+01
 76 -0.00494 -2.03399e+00 | 77 -0.00010 -1.84025e+00 | 78 -0.01213  4.55842e+00
 79  0.01424 -6.66614e+00 | 80  0.01681  2.62034e+00 | 81  0.01919  6.60724e+00
 82  0.00100 -9.32804e-02 | 83 -0.02494 -1.74553e+01 | 84  0.04667 -1.97037e+01
 85 -0.01839 -3.17095e+00 | 86  0.01079 -4.24606e+00 | 87 -0.02664 -3.43388e+00
 88 -0.02869  2.59278e+01 | 89  0.00227  4.01843e+00 | 90  0.00621 -3.20583e+01
 91 -0.01836 -1.18859e+01 | 92  0.00909 -4.16384e+00 | 93  0.04022  1.05670e+00
 94 -0.00193 -2.40820e+00 | 95  0.00025 -2.63438e+00 | 96  0.00025 -2.62846e+00
 97  0.77556  6.94105e+00 | 98 -0.42170 -7.10472e+01 | 99  0.22669  5.19327e+00
100 -0.25007 -8.61801e+01 |
100 variables; iteration 40; function evaluation 52; phase 3
Function value 2.1320390e+03; maximum gradient component mag -3.4894e+01
Var    Value     Gradient |Var    Value     Gradient |Var    Value     Gradient
  1  0.63663  2.41552e+01 |  2  0.02506  3.12960e-02 |  3 -0.00550 -3.90094e-01
  4 -0.00076  5.54050e+00 |  5 -0.02141  4.73806e-01 |  6 -0.01349 -5.48554e+00
  7 -0.00951 -6.71440e-01 |  8  0.01193  2.76099e+00 |  9 -0.00464  2.36463e+00
 10 -0.00598  5.94130e+00 | 11 -0.00962  8.67072e+00 | 12  0.01933  8.31424e+00
 13  0.04812 -4.67153e+00 | 14 -0.01290  5.52710e+00 | 15  0.00060 -1.30354e+00
 16  0.02012 -5.22372e+00 | 17  0.02064 -5.58069e+00 | 18  0.00793 -2.75751e+00
 19  0.01455 -2.39349e+00 | 20 -0.01505  4.31597e-01 | 21  0.00878 -8.19302e-01
 22 -0.03227 -2.13401e+00 | 23  0.00740 -1.34068e+00 | 24  0.01153 -1.09480e+00
 25 -0.01846  1.45599e-02 | 26  0.00597 -1.35499e+00 | 27 -0.01239 -3.15068e+00
 28  0.02697  2.57560e+00 | 29 -0.00519  1.57081e+00 | 30 -0.03009 -1.77863e+00
 31  0.01212 -2.01733e+00 | 32  0.02438  3.70386e+00 | 33  0.03248 -4.27211e+00
 34  0.00812 -1.05069e+00 | 35 -0.01459  1.04075e+01 | 36 -0.04277 -2.57373e+00
 37  0.00713 -5.67390e+00 | 38 -0.00387  1.27867e+00 | 39 -0.02534  9.03302e-01
 40  0.02593 -5.28530e-01 | 41  0.01174 -2.02805e+00 | 42  0.01107 -4.37376e+00
 43  0.02077  1.84909e+00 | 44  0.00835 -2.13998e+00 | 45  0.00381 -2.49679e+00
 46  0.01227  1.92233e+00 | 47 -0.00289  6.50438e-01 | 48  0.00063  4.13748e+00
 49 -0.02579 -5.20318e+00 | 50 -0.02139  1.22130e+00 | 51 -0.00063 -3.36295e+00
 52  0.00906  1.91956e+00 | 53 -0.00019  6.61380e-01 | 54  0.01412  1.28356e+00
 55  0.02967 -4.57307e+00 | 56 -0.04700  2.60673e+00 | 57 -0.03840  3.78731e+00
 58 -0.05448  1.62826e+00 | 59  0.01789  2.15855e+00 | 60 -0.02778  4.47636e+00
 61 -0.00691 -2.14529e+00 | 62  0.00512  1.13121e+00 | 63 -0.02377  6.31513e+00
 64  0.02310 -1.41953e+00 | 65 -0.00197 -1.33659e+00 | 66 -0.02719  2.64083e+00
 67  0.04343  6.38820e+00 | 68  0.00468 -7.74767e-01 | 69  0.01367  3.35712e+00
 70 -0.02973  2.79417e+00 | 71 -0.00736  1.48662e+00 | 72  0.01538  1.84312e+00
 73  0.03312  1.29025e+00 | 74 -0.01331  3.33154e-01 | 75 -0.03711  3.46483e+00
 76 -0.00478 -8.84499e-01 | 77 -0.00010 -2.03089e+00 | 78 -0.01219  1.27306e+00
 79  0.01439 -2.12763e+00 | 80  0.01681 -7.28385e-01 | 81  0.01908  1.87793e+00
 82  0.00106 -6.00954e-01 | 83 -0.02431 -5.66489e+00 | 84  0.04704 -5.34486e+00
 85 -0.01840 -2.46380e+00 | 86  0.01104 -1.26504e+00 | 87 -0.02651 -2.77655e+00
 88 -0.03003  3.34197e+00 | 89  0.00217 -1.21562e-01 | 90  0.00769 -8.98682e+00
 91 -0.01758 -3.25842e+00 | 92  0.00992  2.66716e-01 | 93  0.03978 -7.13302e-01
 94 -0.00629 -7.24740e+00 | 95  0.00198  1.72968e+00 | 96  0.00195  1.67158e+00
 97  0.78028  6.52502e+00 | 98 -0.42073 -3.48936e+01 | 99  0.23306 -1.35615e+00
100 -0.24784  3.79613e+00 |
100 variables; iteration 60; function evaluation 75; phase 3
Function value 2.1319669e+03; maximum gradient component mag -4.7142e+00
Var    Value     Gradient |Var    Value     Gradient |Var    Value     Gradient
  1  0.63644  2.44049e+00 |  2  0.02488 -5.87594e-03 |  3 -0.00525  4.66233e-01
  4 -0.00305  9.53072e-01 |  5 -0.02158  4.76256e-01 |  6 -0.01049  1.69501e+00
  7 -0.00937 -1.82501e-01 |  8  0.01100 -4.73868e-01 |  9 -0.00461  2.35618e+00
 10 -0.00685  2.66096e+00 | 11 -0.01224 -1.68832e+00 | 12  0.01821  4.97492e-01
 13  0.04879  4.84958e-01 | 14 -0.01378  3.50892e-02 | 15  0.00065 -1.30092e+00
 16  0.02060  1.81238e-01 | 17  0.02097 -1.14148e+00 | 18  0.00806 -1.03876e+00
 19  0.01461 -1.82201e+00 | 20 -0.01494  1.59047e+00 | 21  0.00883 -2.42277e-01
 22 -0.03187  1.32330e+00 | 23  0.00755  3.92918e-01 | 24  0.01170  8.20631e-01
 25 -0.01847 -2.48135e-01 | 26  0.00601 -1.30431e+00 | 27 -0.01190  1.96028e+00
 28  0.02692  8.58918e-01 | 29 -0.00531 -1.37144e-01 | 30 -0.03001 -1.02252e+00
 31  0.01227 -2.07099e-01 | 32  0.02402 -3.46812e+00 | 33  0.03262 -2.09569e+00
 34  0.00831  1.25111e+00 | 35 -0.01534  2.00055e+00 | 36 -0.04255 -6.52762e-01
 37  0.00739 -1.87762e+00 | 38 -0.00392  4.66197e-01 | 39 -0.02563 -1.77021e+00
 40  0.02616  2.93406e+00 | 41  0.01193  3.07181e-01 | 42  0.01135 -7.85666e-01
 43  0.02060 -2.30691e+00 | 44  0.00865  1.71327e+00 | 45  0.00409  1.13483e+00
 46  0.01235  2.32399e+00 | 47 -0.00277  1.79571e+00 | 48  0.00055  2.00648e+00
 49 -0.02515  2.48107e+00 | 50 -0.02150 -9.11725e-01 | 51 -0.00048 -1.61318e+00
 52  0.00897 -2.19908e+00 | 53 -0.00019 -1.19707e+00 | 54  0.01414 -2.92898e-01
 55  0.02984 -2.77531e-01 | 56 -0.04710  5.61861e-01 | 57 -0.03838  3.09194e+00
 58 -0.05457 -2.79011e-01 | 59  0.01794  6.58011e-02 | 60 -0.02810 -3.68086e+00
 61 -0.00673  3.69111e-01 | 62  0.00515 -4.90059e-01 | 63 -0.02398  8.13188e-01
 64  0.02323  2.51566e-01 | 65 -0.00202 -4.71423e+00 | 66 -0.02740 -2.39764e+00
 67  0.04340  7.63346e-02 | 68  0.00475 -1.19061e+00 | 69  0.01366  1.95281e-01
 70 -0.02974  1.54643e+00 | 71 -0.00731  8.69170e-01 | 72  0.01540 -1.55680e-01
 73  0.03317 -3.02868e-01 | 74 -0.01311  2.83147e+00 | 75 -0.03736 -8.46237e-01
 76 -0.00473 -1.47595e+00 | 77  0.00004  1.12522e-01 | 78 -0.01227 -1.58069e+00
 79  0.01452 -2.44966e-01 | 80  0.01690 -3.38176e-01 | 81  0.01908 -6.18297e-01
 82  0.00121  1.61084e+00 | 83 -0.02386  1.14502e+00 | 84  0.04722 -3.91589e-01
 85 -0.01797  4.20410e+00 | 86  0.01114 -9.82044e-01 | 87 -0.02616  1.13597e+00
 88 -0.03014  1.30180e-01 | 89  0.00211 -3.76272e+00 | 90  0.00840  1.80546e+00
 91 -0.01714  4.15028e-01 | 92  0.01027  2.66099e+00 | 93  0.03990 -6.61322e-01
 94 -0.00301 -1.39953e+00 | 95 -0.00063 -1.66625e+00 | 96 -0.00060 -1.62277e+00
 97  0.78095  3.75427e-01 | 98 -0.42054 -1.56004e+00 | 99  0.23296 -5.06121e-01
100 -0.24791 -9.24600e-01 |
Maximum number of function evaluations exceeded

 - final statistics:
100 variables; iteration 78; function evaluation 100
Function value 2.1320e+03; maximum gradient component mag -3.2239e+00
Exit code = 3;  converg criter 1.0000e+00
Var    Value     Gradient |Var    Value     Gradient |Var    Value     Gradient
  1  0.63644  8.32685e-01 |  2  0.02469 -3.84733e-01 |  3 -0.00552 -2.76657e-02
  4 -0.00335  3.10971e-01 |  5 -0.02166  3.32711e-01 |  6 -0.01097  5.81596e-01
  7 -0.00921  2.13879e-01 |  8  0.01109 -2.26008e-01 |  9 -0.00505  9.43532e-01
 10 -0.00731  1.04954e+00 | 11 -0.01193 -5.61600e-01 | 12  0.01819  2.89897e-01
 13  0.04884  9.38308e-01 | 14 -0.01377  7.52862e-02 | 15  0.00082  9.81988e-02
 16  0.02051 -8.70421e-01 | 17  0.02100 -5.08239e-01 | 18  0.00823  1.22609e+00
 19  0.01466 -9.21350e-01 | 20 -0.01511 -1.55985e-01 | 21  0.00883 -3.05940e-01
 22 -0.03177  2.20283e+00 | 23  0.00751 -2.85148e-01 | 24  0.01176  1.89155e+00
 25 -0.01843  1.91788e-01 | 26  0.00610  3.62401e-02 | 27 -0.01197  1.24001e+00
 28  0.02687 -2.73303e-01 | 29 -0.00541 -1.56230e+00 | 30 -0.02967  1.99362e+00
 31  0.01231  5.83786e-01 | 32  0.02418 -3.71565e-01 | 33  0.03280  1.57053e+00
 34  0.00826  4.93275e-01 | 35 -0.01541  1.17100e+00 | 36 -0.04285 -3.22387e+00
 37  0.00740 -1.85824e+00 | 38 -0.00403 -1.15760e+00 | 39 -0.02550 -6.18639e-01
 40  0.02603  2.96475e-01 | 41  0.01191 -1.78556e-01 | 42  0.01138 -3.48504e-01
 43  0.02065 -1.52241e+00 | 44  0.00864  1.54228e+00 | 45  0.00408  8.36491e-01
 46  0.01232  1.73892e+00 | 47 -0.00286  1.90049e-01 | 48  0.00048  5.32256e-01
 49 -0.02528  6.71051e-01 | 50 -0.02144 -2.57728e-01 | 51 -0.00050 -2.20744e+00
 52  0.00903 -6.85976e-01 | 53 -0.00016 -2.96832e-01 | 54  0.01415 -1.93976e-01
 55  0.02985 -9.78523e-02 | 56 -0.04717 -6.89766e-01 | 57 -0.03844  1.91926e+00
 58 -0.05452  4.21210e-01 | 59  0.01793  2.57061e-02 | 60 -0.02801 -1.72371e+00
 61 -0.00673  2.59963e-01 | 62  0.00516 -2.75267e-01 | 63 -0.02393  1.82921e+00
 64  0.02322  5.77340e-02 | 65 -0.00191 -1.74050e+00 | 66 -0.02728 -1.44768e-01
 67  0.04340 -6.03735e-04 | 68  0.00478 -5.48726e-01 | 69  0.01366  1.54450e-01
 70 -0.02987 -5.64744e-01 | 71 -0.00734  2.79962e-01 | 72  0.01541 -6.91078e-02
 73  0.03318 -1.06020e-01 | 74 -0.01320  9.23358e-01 | 75 -0.03736 -9.11783e-01
 76 -0.00469 -4.36303e-01 | 77  0.00004  7.62578e-02 | 78 -0.01223 -7.00707e-01
 79  0.01453 -8.32743e-02 | 80  0.01690 -1.46417e-01 | 81  0.01909 -2.11631e-01
 82  0.00115  5.22357e-02 | 83 -0.02388  8.46284e-01 | 84  0.04722 -1.99602e-01
 85 -0.01820  3.06393e-01 | 86  0.01115 -5.95511e-01 | 87 -0.02623  2.93369e-01
 88 -0.03018 -1.21327e-01 | 89  0.00213 -2.93965e+00 | 90  0.00832  1.01609e+00
 91 -0.01710  8.88073e-01 | 92  0.00999  6.16987e-01 | 93  0.03996 -1.69097e-01
 94 -0.00249 -5.03341e-01 | 95  0.00002 -6.21272e-01 | 96  0.00004 -5.96905e-01
 97  0.78095  2.38598e-01 | 98 -0.42053 -5.56414e-01 | 99  0.23308 -1.49520e-01
100 -0.24787 -2.92558e-01 |

Initial statistics: 108 variables; iteration 0; function evaluation 0; phase 4
Function value 2.1319588e+03; maximum gradient component mag -7.2542e+02
Var    Value     Gradient |Var    Value     Gradient |Var    Value     Gradient
  1 -0.42263  2.21283e-01 |  2 -0.42263 -7.25418e+02 |  3 -0.41094 -1.46542e+02
  4  0.63644  8.17846e-01 |  5  0.00000 -2.24672e+00 |  6  0.00000 -5.12154e-01
  7  0.00000  2.83176e+00 |  8  0.00000 -1.22854e+01 |  9  0.00000 -2.03244e+01
 10  0.02469 -3.85219e-01 | 11 -0.00552 -3.13140e-02 | 12 -0.00335  3.11185e-01
 13 -0.02166  3.03763e-01 | 14 -0.01097  5.74536e-01 | 15 -0.00921  2.11439e-01
 16  0.01109 -2.22073e-01 | 17 -0.00505  9.27153e-01 | 18 -0.00731  1.03091e+00
 19 -0.01193 -5.52252e-01 | 20  0.01819  2.82474e-01 | 21  0.04884  9.06391e-01
 22 -0.01377  7.24809e-02 | 23  0.00082  9.01371e-02 | 24  0.02051 -8.66475e-01
 25  0.02100 -5.03547e-01 | 26  0.00823  1.23264e+00 | 27  0.01466 -9.18859e-01
 28 -0.01511 -1.50225e-01 | 29  0.00883 -3.12579e-01 | 30 -0.03177  2.16721e+00
 31  0.00751 -2.46789e-01 | 32  0.01176  1.87213e+00 | 33 -0.01843  1.97554e-01
 34  0.00610  3.66815e-02 | 35 -0.01197  1.21697e+00 | 36  0.02687 -2.87261e-01
 37 -0.00541 -1.51818e+00 | 38 -0.02967  1.96341e+00 | 39  0.01231  5.61258e-01
 40  0.02418 -3.80665e-01 | 41  0.03280  1.54710e+00 | 42  0.00826  4.77734e-01
 43 -0.01541  1.15050e+00 | 44 -0.04285 -3.16761e+00 | 45  0.00740 -1.83389e+00
 46 -0.00403 -1.15789e+00 | 47 -0.02550 -6.05562e-01 | 48  0.02603  3.31729e-01
 49  0.01191 -1.68187e-01 | 50  0.01138 -3.39504e-01 | 51  0.02065 -1.49506e+00
 52  0.00864  1.49734e+00 | 53  0.00408  8.15621e-01 | 54  0.01232  1.69126e+00
 55 -0.00286  1.73615e-01 | 56  0.00048  5.28382e-01 | 57 -0.02528  6.73583e-01
 58 -0.02144 -2.58229e-01 | 59 -0.00050 -2.16975e+00 | 60  0.00903 -6.73247e-01
 61 -0.00016 -2.90843e-01 | 62  0.01415 -1.90323e-01 | 63  0.02985 -9.67925e-02
 64 -0.04717 -6.53331e-01 | 65 -0.03844  1.89034e+00 | 66 -0.05452  4.16980e-01
 67  0.01793  2.50656e-02 | 68 -0.02801 -1.69317e+00 | 69 -0.00673  2.55081e-01
 70  0.00516 -2.71059e-01 | 71 -0.02393  1.79743e+00 | 72  0.02322  5.58996e-02
 73 -0.00191 -1.71094e+00 | 74 -0.02728 -1.43678e-01 | 75  0.04340 -1.24876e-03
 76  0.00478 -5.40251e-01 | 77  0.01366  1.51114e-01 | 78 -0.02987 -5.56841e-01
 79 -0.00734  2.74244e-01 | 80  0.01541 -6.84264e-02 | 81  0.03318 -1.04624e-01
 82 -0.01320  9.05576e-01 | 83 -0.03736 -8.86805e-01 | 84 -0.00469 -4.29758e-01
 85  0.00004  7.45984e-02 | 86 -0.01223 -6.88355e-01 | 87  0.01453 -8.19430e-02
 88  0.01690 -1.43993e-01 | 89  0.01909 -2.07974e-01 | 90  0.00115  4.95051e-02
 91 -0.02388  8.49991e-01 | 92  0.04722 -1.94994e-01 | 93 -0.01820  2.72394e-01
 94  0.01115 -5.83087e-01 | 95 -0.02623  3.05959e-01 | 96 -0.03018 -1.16758e-01
 97  0.00213 -2.87808e+00 | 98  0.00832  9.95000e-01 | 99 -0.01710  8.61544e-01
100  0.00999  6.05784e-01 |101  0.03996 -1.64320e-01 |102 -0.00249 -4.94634e-01
103  0.00002 -6.15094e-01 |104  0.00004 -5.82134e-01 |105  0.78095  2.32971e-01
106 -0.42053 -5.44991e-01 |107  0.23308 -1.46807e-01 |108 -0.24787 -2.86698e-01

Intermediate statistics: 108 variables; iteration 20; function evaluation 28; phase 4
Function value 2.1315022e+03; maximum gradient component mag -3.4360e+01
Var    Value     Gradient |Var    Value     Gradient |Var    Value     Gradient
  1 -0.42718  2.74034e+00 |  2 -0.42171 -1.36273e+01 |  3 -0.41125  1.02428e+01
  4  0.63528  4.98928e+00 |  5 -0.00035 -5.32944e-01 |  6 -0.00007 -1.20352e-01
  7 -0.00191  4.02735e-01 |  8  0.00590 -2.02770e+00 |  9  0.00901 -3.76173e+00
 10  0.02416 -1.60543e-01 | 11 -0.00593 -4.77190e-02 | 12 -0.00382  1.66703e-01
 13 -0.02211  1.22926e-01 | 14 -0.01152  3.53192e-01 | 15 -0.00964  3.66919e-01
 16  0.01076  6.34814e-01 | 17 -0.00556  9.32562e-01 | 18 -0.00778  1.05051e+00
 19 -0.01207  4.43526e-01 | 20  0.01805  1.82379e+00 | 21  0.04872  2.88867e+00
 22 -0.01381  7.66219e-01 | 23  0.00083  1.05622e+00 | 24  0.02046 -5.84936e-01
 25  0.02092 -1.21576e+00 | 26  0.00813 -1.37739e-01 | 27  0.01462 -1.47707e+00
 28 -0.01511  2.01564e-01 | 29  0.00875 -9.12686e-01 | 30 -0.03186  1.51241e+00
 31  0.00742 -1.31603e+00 | 32  0.01155 -1.01469e+00 | 33 -0.01846 -4.35741e-02
 34  0.00596 -1.22346e+00 | 35 -0.01208  2.60529e-01 | 36  0.02668 -4.86539e+00
 37 -0.00542 -2.04747e+00 | 38 -0.02975  9.96353e-01 | 39  0.01212 -2.73320e+00
 40  0.02394 -5.53198e+00 | 41  0.03237 -8.77147e+00 | 42  0.00813 -3.63241e+00
 43 -0.01547 -1.01925e+00 | 44 -0.04272 -2.68769e+00 | 45  0.00736 -2.76655e+00
 46 -0.00411 -1.88473e+00 | 47 -0.02555 -1.15709e+00 | 48  0.02574 -6.51326e+00
 49  0.01174 -5.03755e+00 | 50  0.01123 -5.26343e+00 | 51  0.02048 -7.27817e+00
 52  0.00840 -5.16286e+00 | 53  0.00390 -5.37744e+00 | 54  0.01206 -7.22013e+00
 55 -0.00302 -5.40061e+00 | 56  0.00031 -6.73476e+00 | 57 -0.02539 -3.94164e+00
 58 -0.02154 -4.48410e+00 | 59 -0.00043 -4.67404e+00 | 60  0.00930  9.96719e-01
 61  0.00003  8.45568e-01 | 62  0.01469  1.30687e+01 | 63  0.03026  9.39096e+00
 64 -0.04707 -2.74429e+00 | 65 -0.03846 -2.48092e+00 | 66 -0.05447 -1.24043e+00
 67  0.01849  1.83187e+01 | 68 -0.02784  1.00262e+00 | 69 -0.00648  4.91424e+00
 70  0.00543  6.69835e+00 | 71 -0.02394  6.12610e-01 | 72  0.02361  1.43560e+01
 73 -0.00171  3.61545e+00 | 74 -0.02721  7.87441e-01 | 75  0.04347  2.86483e+00
 76  0.00501  4.38729e+00 | 77  0.01383  3.02937e+00 | 78 -0.02973  7.60934e-01
 79 -0.00716  3.07713e+00 | 80  0.01569  8.98668e+00 | 81  0.03317 -2.80911e+00
 82 -0.01312  3.27225e-01 | 83 -0.03716 -9.48658e-01 | 84 -0.00451  2.32616e+00
 85  0.00033  4.69902e+00 | 86 -0.01209  1.20151e+00 | 87  0.01491  8.70746e+00
 88  0.01700  1.74227e+00 | 89  0.01942  5.62630e+00 | 90  0.00133  3.74624e-01
 91 -0.02383 -1.78520e+00 | 92  0.04751  3.95345e+00 | 93 -0.01807 -2.20220e+00
 94  0.01170  5.56879e+00 | 95 -0.02610 -3.01206e+00 | 96 -0.03009 -3.69104e+00
 97  0.00234 -5.54693e+00 | 98  0.00825 -5.03067e+00 | 99 -0.01707 -1.55508e+00
100  0.01015 -1.05654e+00 |101  0.04010 -9.77048e-01 |102 -0.00221 -2.93386e-01
103  0.00028 -2.79824e-01 |104  0.00028 -2.74914e-01 |105  0.77992  3.80974e+00
106 -0.42069 -2.02278e+01 |107  0.23186  9.67864e+00 |108 -0.24810 -3.43599e+01
108 variables; iteration 40; function evaluation 52; phase 4
Function value 2.1314687e+03; maximum gradient component mag -8.1829e+00
Var    Value     Gradient |Var    Value     Gradient |Var    Value     Gradient
  1 -0.42756  6.85646e-01 |  2 -0.42163 -3.36582e+00 |  3 -0.41142  2.45781e+00
  4  0.63533  1.21827e+00 |  5  0.00013  8.25550e-01 |  6  0.00004  1.87279e-01
  7 -0.00264 -6.17831e-01 |  8  0.00796  1.49801e+00 |  9  0.00991 -2.00657e+00
 10  0.02473  1.34815e+00 | 11 -0.00570  6.89340e-01 | 12 -0.00390  2.65904e-01
 13 -0.02212  3.61980e-01 | 14 -0.01200 -4.85355e-01 | 15 -0.01025 -8.77467e-01
 16  0.01075  9.52402e-01 | 17 -0.00603 -2.50064e-01 | 18 -0.00768  1.71884e+00
 19 -0.01193  1.33325e+00 | 20  0.01783  8.74230e-01 | 21  0.04841  1.77533e-01
 22 -0.01407 -4.02313e-01 | 23  0.00058 -5.69419e-01 | 24  0.02030 -1.80769e+00
 25  0.02097  5.95717e-01 | 26  0.00802 -4.26952e-01 | 27  0.01459 -5.56374e-01
 28 -0.01508  1.47834e+00 | 29  0.00875  3.65960e-01 | 30 -0.03221 -8.26558e-01
 31  0.00741 -4.63867e-01 | 32  0.01147 -1.04629e+00 | 33 -0.01849  5.84434e-01
 34  0.00598  2.75156e-01 | 35 -0.01213  6.80620e-01 | 36  0.02683 -4.46096e-01
 37 -0.00547 -1.69533e+00 | 38 -0.03002 -7.88017e-01 | 39  0.01215 -1.10128e+00
 40  0.02418  4.91403e-01 | 41  0.03261 -1.96420e+00 | 42  0.00823 -8.14170e-01
 43 -0.01552 -4.67664e-01 | 44 -0.04252 -4.18072e-01 | 45  0.00741 -7.65056e-01
 46 -0.00411 -8.75310e-01 | 47 -0.02554 -1.62448e-01 | 48  0.02590 -1.62228e+00
 49  0.01184 -1.73379e+00 | 50  0.01132 -1.93054e+00 | 51  0.02067 -1.81783e+00
 52  0.00850 -1.86861e+00 | 53  0.00400 -1.95474e+00 | 54  0.01223 -1.90880e+00
 55 -0.00290 -1.58549e+00 | 56  0.00049 -1.68831e+00 | 57 -0.02530 -1.25203e+00
 58 -0.02145 -1.65596e+00 | 59 -0.00033 -5.92327e-01 | 60  0.00920  4.44979e-01
 61 -0.00006 -5.39756e-01 | 62  0.01438  2.77819e+00 | 63  0.03007  2.13848e+00
 64 -0.04702 -1.43910e+00 | 65 -0.03839 -7.11652e-01 | 66 -0.05443 -8.56871e-01
 67  0.01818  4.35142e+00 | 68 -0.02785  3.55221e-01 | 69 -0.00664  9.07513e-02
 70  0.00533  2.71353e+00 | 71 -0.02397 -4.03825e-01 | 72  0.02336  2.96101e+00
 73 -0.00176  1.46592e+00 | 74 -0.02718  6.68423e-01 | 75  0.04346  3.43638e-01
 76  0.00495  1.37352e+00 | 77  0.01379  7.64831e-01 | 78 -0.02971  5.28282e-01
 79 -0.00728 -7.63008e-01 | 80  0.01552  1.56615e+00 | 81  0.03325 -8.46932e-01
 82 -0.01306  1.12761e+00 | 83 -0.03713 -7.34762e-01 | 84 -0.00449  2.38770e+00
 85  0.00029  2.81305e+00 | 86 -0.01212 -3.48455e-02 | 87  0.01473  1.69809e+00
 88  0.01699  4.60589e-01 | 89  0.01927 -9.34861e-02 | 90  0.00132 -4.40506e-01
 91 -0.02371  4.18876e-02 | 92  0.04748  7.02349e-01 | 93 -0.01794 -4.55965e-01
 94  0.01161  1.54386e+00 | 95 -0.02602 -2.18172e+00 | 96 -0.02978  1.75217e-01
 97  0.00261 -9.41352e-01 | 98  0.00855 -6.19980e-01 | 99 -0.01671  1.07458e+00
100  0.01023 -1.15098e+00 |101  0.04079  3.01299e+00 |102 -0.00223 -1.25138e-01
103  0.00033 -7.41705e-03 |104  0.00033 -1.59638e-02 |105  0.77989  1.04273e+00
106 -0.42061 -4.73522e+00 |107  0.23194  2.61422e+00 |108 -0.24795 -8.18294e+00

 - final statistics:
108 variables; iteration 58; function evaluation 74
Function value 2.1315e+03; maximum gradient component mag 8.8685e-01
Exit code = 1;  converg criter 1.0000e+00
Var    Value     Gradient |Var    Value     Gradient |Var    Value     Gradient
  1 -0.42772  1.36955e-01 |  2 -0.42159  1.91674e-02 |  3 -0.41148 -4.85114e-01
  4  0.63528 -1.31610e-01 |  5 -0.00037 -2.24897e-01 |  6 -0.00008 -6.43894e-02
  7 -0.00195  4.34344e-01 |  8  0.00707 -4.72651e-03 |  9  0.01124  2.84815e-01
 10  0.02426  3.95293e-01 | 11 -0.00593  2.34031e-01 | 12 -0.00407 -1.05417e-01
 13 -0.02229 -2.43183e-03 | 14 -0.01174  8.39442e-02 | 15 -0.00954  8.86851e-01
 16  0.01039 -3.21840e-01 | 17 -0.00615 -7.11947e-01 | 18 -0.00802  4.28471e-01
 19 -0.01236 -4.12575e-01 | 20  0.01766 -3.33090e-01 | 21  0.04842 -6.56553e-02
 22 -0.01390  4.92197e-01 | 23  0.00065 -8.70551e-02 | 24  0.02045 -4.41106e-02
 25  0.02095  2.35870e-01 | 26  0.00805 -5.11414e-02 | 27  0.01464  6.18876e-02
 28 -0.01523 -1.47006e-01 | 29  0.00872 -1.05976e-01 | 30 -0.03209  1.90555e-01
 31  0.00746  3.20076e-01 | 32  0.01155  2.77111e-01 | 33 -0.01855 -4.77679e-02
 34  0.00597  1.19137e-01 | 35 -0.01221 -2.28571e-01 | 36  0.02686 -1.76049e-02
 37 -0.00532  2.03513e-01 | 38 -0.02992  2.09312e-01 | 39  0.01223  1.28860e-01
 40  0.02417  3.91027e-01 | 41  0.03269 -2.69591e-01 | 42  0.00827 -9.58849e-02
 43 -0.01550 -8.47011e-02 | 44 -0.04242  4.33620e-01 | 45  0.00741 -5.12163e-01
 46 -0.00404  2.33747e-01 | 47 -0.02554 -3.00733e-02 | 48  0.02598  1.25244e-01
 49  0.01194  1.25989e-01 | 50  0.01143  1.14619e-01 | 51  0.02074 -1.44270e-01
 52  0.00858 -2.13230e-01 | 53  0.00410 -2.07273e-02 | 54  0.01234  5.76422e-01
 55 -0.00282  4.36882e-02 | 56  0.00057  2.57248e-01 | 57 -0.02522  6.91747e-02
 58 -0.02134  1.89100e-01 | 59 -0.00031 -1.73576e-02 | 60  0.00919  7.68758e-02
 61 -0.00003 -2.62113e-01 | 62  0.01431 -3.08515e-01 | 63  0.03003 -2.76931e-01
 64 -0.04689  4.24942e-01 | 65 -0.03834  8.86222e-02 | 66 -0.05435 -9.25967e-03
 67  0.01809 -5.02756e-01 | 68 -0.02784 -4.07932e-02 | 69 -0.00662 -1.70127e-01
 70  0.00526 -3.54702e-01 | 71 -0.02388  7.24803e-01 | 72  0.02331 -4.58931e-01
 73 -0.00178  3.34158e-01 | 74 -0.02718  5.45979e-02 | 75  0.04349 -1.08541e-01
 76  0.00492 -2.09811e-01 | 77  0.01379 -2.20267e-01 | 78 -0.02972 -3.89108e-02
 79 -0.00721 -9.37905e-02 | 80  0.01550 -3.26855e-01 | 81  0.03330  1.90075e-03
 82 -0.01308  2.27311e-01 | 83 -0.03702  3.35228e-01 | 84 -0.00458 -5.50939e-01
 85  0.00021 -2.25061e-01 | 86 -0.01208  1.81823e-01 | 87  0.01469 -2.74816e-01
 88  0.01700 -8.37525e-02 | 89  0.01929 -1.24715e-01 | 90  0.00136  8.57210e-02
 91 -0.02371 -1.84885e-01 | 92  0.04749 -1.14590e-01 | 93 -0.01791 -1.52108e-01
 94  0.01155 -1.90256e-01 | 95 -0.02588  7.33570e-02 | 96 -0.02981 -8.58514e-02
 97  0.00265  3.40730e-01 | 98  0.00856  1.67453e-01 | 99 -0.01691 -9.61961e-02
100  0.01033 -1.42518e-01 |101  0.04008 -2.98244e-01 |102 -0.00217  8.81061e-03
103  0.00030 -2.66103e-02 |104  0.00031 -1.49579e-02 |105  0.77963 -2.29745e-01
106 -0.42062  4.78536e-01 |107  0.23145 -8.75134e-01 |108 -0.24802  6.92622e-01

Initial statistics: 110 variables; iteration 0; function evaluation 0; phase 5
Function value 2.1314612e+03; maximum gradient component mag 4.1261e+01
Var    Value     Gradient |Var    Value     Gradient |Var    Value     Gradient
  1 -0.42772  1.36955e-01 |  2 -0.42159  1.91674e-02 |  3 -0.41148 -4.85114e-01
  4 -0.41222 -3.83850e+00 |  5 -0.41222  4.12615e+01 |  6  0.63528 -1.31610e-01
  7 -0.00037 -2.24897e-01 |  8 -0.00008 -6.43894e-02 |  9 -0.00195  4.34344e-01
 10  0.00707 -4.72651e-03 | 11  0.01124  2.84815e-01 | 12  0.02426  3.95958e-01
 13 -0.00593  2.34697e-01 | 14 -0.00407 -1.04752e-01 | 15 -0.02229 -1.76717e-03
 16 -0.01174  8.46092e-02 | 17 -0.00954  8.87516e-01 | 18  0.01039 -3.21175e-01
 19 -0.00615 -7.11282e-01 | 20 -0.00802  4.29136e-01 | 21 -0.01236 -4.11910e-01
 22  0.01766 -3.32425e-01 | 23  0.04842 -6.49922e-02 | 24 -0.01390  4.92862e-01
 25  0.00065 -8.63900e-02 | 26  0.02045 -4.34459e-02 | 27  0.02095  2.36535e-01
 28  0.00805 -5.04764e-02 | 29  0.01464  6.25524e-02 | 30 -0.01523 -1.46341e-01
 31  0.00872 -1.05311e-01 | 32 -0.03209  1.91219e-01 | 33  0.00746  3.20741e-01
 34  0.01155  2.77775e-01 | 35 -0.01855 -4.71031e-02 | 36  0.00597  1.19802e-01
 37 -0.01221 -2.27906e-01 | 38  0.02686 -1.69405e-02 | 39 -0.00532  2.04178e-01
 40 -0.02992  2.09976e-01 | 41  0.01223  1.29525e-01 | 42  0.02417  3.91692e-01
 43  0.03269 -2.68927e-01 | 44  0.00827 -9.52199e-02 | 45 -0.01550 -8.40362e-02
 46 -0.04242  4.34284e-01 | 47  0.00741 -5.11498e-01 | 48 -0.00404  2.34412e-01
 49 -0.02554 -2.94087e-02 | 50  0.02598  1.25909e-01 | 51  0.01194  1.26654e-01
 52  0.01143  1.15284e-01 | 53  0.02074 -1.43605e-01 | 54  0.00858 -2.12565e-01
 55  0.00410 -2.00623e-02 | 56  0.01234  5.77087e-01 | 57 -0.00282  4.43532e-02
 58  0.00057  2.57913e-01 | 59 -0.02522  6.98392e-02 | 60 -0.02134  1.89765e-01
 61 -0.00031 -1.66925e-02 | 62  0.00919  7.75408e-02 | 63 -0.00003 -2.61448e-01
 64  0.01431 -3.07850e-01 | 65  0.03003 -2.76267e-01 | 66 -0.04689  4.25605e-01
 67 -0.03834  8.92861e-02 | 68 -0.05435 -8.59703e-03 | 69  0.01809 -5.02091e-01
 70 -0.02784 -4.01287e-02 | 71 -0.00662 -1.69462e-01 | 72  0.00526 -3.54037e-01
 73 -0.02388  7.25467e-01 | 74  0.02331 -4.58267e-01 | 75 -0.00178  3.34823e-01
 76 -0.02718  5.52624e-02 | 77  0.04349 -1.07877e-01 | 78  0.00492 -2.09146e-01
 79  0.01379 -2.19602e-01 | 80 -0.02972 -3.82464e-02 | 81 -0.00721 -9.31254e-02
 82  0.01550 -3.26190e-01 | 83  0.03330  2.56491e-03 | 84 -0.01308  2.27976e-01
 85 -0.03702  3.35892e-01 | 86 -0.00458 -5.50274e-01 | 87  0.00021 -2.24396e-01
 88 -0.01208  1.82487e-01 | 89  0.01469 -2.74151e-01 | 90  0.01700 -8.30877e-02
 91  0.01929 -1.24050e-01 | 92  0.00136  8.63861e-02 | 93 -0.02371 -1.84220e-01
 94  0.04749 -1.13927e-01 | 95 -0.01791 -1.51443e-01 | 96  0.01155 -1.89591e-01
 97 -0.02588  7.40215e-02 | 98 -0.02981 -8.51871e-02 | 99  0.00265  3.41395e-01
100  0.00856  1.68118e-01 |101 -0.01691 -9.55313e-02 |102  0.01033 -1.41853e-01
103  0.04008 -2.97581e-01 |104 -0.00217  9.47568e-03 |105  0.00030 -2.59452e-02
106  0.00031 -1.42928e-02 |107  0.77963 -2.29745e-01 |108 -0.42062  4.78536e-01
109  0.23145 -8.75134e-01 |110 -0.24802  6.92622e-01 |

Intermediate statistics: 110 variables; iteration 20; function evaluation 24; phase 5
Function value 2.1312043e+03; maximum gradient component mag 1.1563e+02
Var    Value     Gradient |Var    Value     Gradient |Var    Value     Gradient
  1 -0.42208  6.68740e+00 |  2 -0.41994  8.32358e+01 |  3 -0.41612  1.99322e+01
  4 -0.40158  2.39349e+00 |  5 -0.42205  3.58878e+01 |  6  0.63515 -1.00691e+01
  7 -0.00066 -5.30297e-01 |  8 -0.00014 -1.33224e-01 |  9 -0.00195  4.72232e-01
 10  0.00699 -8.45084e-02 | 11  0.01118  2.78996e-01 | 12  0.02420  7.01037e-01
 13 -0.00599  5.12576e-01 | 14 -0.00419  3.34068e-02 | 15 -0.02238  1.96735e-01
 16 -0.01183  3.16445e-01 | 17 -0.00949  1.46533e+00 | 18  0.01031 -4.97132e-02
 19 -0.00625 -5.05621e-01 | 20 -0.00803  9.78733e-01 | 21 -0.01232  3.35662e-01
 22  0.01801  2.77558e+00 | 23  0.04916  9.69951e+00 | 24 -0.01378  2.14814e+00
 25  0.00118  5.13155e+00 | 26  0.02080  4.57961e+00 | 27  0.02097  3.74488e-01
 28  0.00826  3.10074e+00 | 29  0.01493  5.34819e+00 | 30 -0.01502  1.80777e+00
 31  0.00882 -5.25762e-01 | 32 -0.03240 -3.29949e+00 | 33  0.00742 -1.67883e+00
 34  0.01147 -3.07934e+00 | 35 -0.01855 -8.44075e-01 | 36  0.00601 -1.18728e+00
 37 -0.01250 -5.51453e+00 | 38  0.02684 -2.31613e+00 | 39 -0.00518  1.79178e+00
 40 -0.03013 -1.94495e+00 | 41  0.01222 -7.19070e-01 | 42  0.02405 -2.40339e+00
 43  0.03251 -4.72159e+00 | 44  0.00827 -2.21763e-02 | 45 -0.01535  1.45731e+00
 46 -0.04267 -1.84625e+00 | 47  0.00764  1.70322e+00 | 48 -0.00419 -3.61185e+00
 49 -0.02567 -3.00536e+00 | 50  0.02588 -5.48304e+00 | 51  0.01186 -2.42000e+00
 52  0.01148  7.14607e-01 | 53  0.02059 -3.57806e+00 | 54  0.00851 -2.32230e+00
 55  0.00408 -6.39773e-01 | 56  0.01207 -4.25040e+00 | 57 -0.00281 -1.03637e+00
 58  0.00027 -6.79189e+00 | 59 -0.02512  8.00593e-01 | 60 -0.02142 -2.08337e+00
 61 -0.00051 -6.93854e+00 | 62  0.00894 -8.09171e+00 | 63 -0.00041 -1.06589e+01
 64  0.01461  8.66257e+00 | 65  0.03019  7.00345e+00 | 66 -0.04713 -4.02616e+00
 67 -0.03836 -2.48367e+00 | 68 -0.05460 -5.62986e+00 | 69  0.01838  1.11675e+01
 70 -0.02779  3.45848e-01 | 71 -0.00645  4.25653e+00 | 72  0.00538  1.83872e+00
 73 -0.02386  1.44686e+00 | 74  0.02353  7.78934e+00 | 75 -0.00160  5.97025e+00
 76 -0.02722 -8.58143e-01 | 77  0.04346 -2.26834e+00 | 78  0.00498  1.53574e+00
 79  0.01379  1.40092e+00 | 80 -0.02958  2.43894e+00 | 81 -0.00700  6.09443e+00
 82  0.01586  1.02388e+01 | 83  0.03314 -5.30592e+00 | 84 -0.01278  5.03910e+00
 85 -0.03768 -9.08350e+00 | 86 -0.00464 -5.04026e+00 | 87  0.00032  3.20137e+00
 88 -0.01196  2.96186e+00 | 89  0.01496  9.85895e+00 | 90  0.01691 -3.83432e+00
 91  0.01938  4.09108e+00 | 92  0.00157  5.05218e+00 | 93 -0.02367  1.20655e+00
 94  0.04735 -9.80768e+00 | 95 -0.01791  3.23734e-01 | 96  0.01151 -1.88616e+00
 97 -0.02592  3.16979e-01 | 98 -0.03007 -4.20971e+00 | 99  0.00247 -3.34003e+00
100  0.00854 -5.95350e-01 |101 -0.01710 -1.76448e+00 |102  0.00913 -9.13186e+00
103  0.04091  4.36814e+00 |104 -0.00240  2.61019e-01 |105  0.00030  2.44818e-01
106  0.00031  2.58806e-01 |107  0.77462 -2.30913e+01 |108 -0.42099  1.15628e+02
109  0.23439 -5.44653e+00 |110 -0.24723  4.70168e+01 |
110 variables; iteration 40; function evaluation 47; phase 5
Function value 2.1309672e+03; maximum gradient component mag 2.1242e+01
Var    Value     Gradient |Var    Value     Gradient |Var    Value     Gradient
  1 -0.41491  2.52518e+00 |  2 -0.41819  1.34418e+01 |  3 -0.42092  6.17340e+00
  4 -0.39284  2.41828e-01 |  5 -0.43480  2.96420e+00 |  6  0.63501 -3.27231e+00
  7  0.00044  1.89385e+00 |  8  0.00011  4.11563e-01 |  9 -0.00192  6.48881e-01
 10  0.00729  5.75095e-01 | 11  0.01124  5.25174e-01 | 12  0.02406  4.25518e-01
 13 -0.00598  4.31195e-01 | 14 -0.00343  1.55838e+00 | 15 -0.02192  1.04374e+00
 16 -0.01158  7.96316e-01 | 17 -0.01063 -1.52657e+00 | 18  0.00924 -3.56197e+00
 19 -0.00750 -4.48062e+00 | 20 -0.00777  1.92754e+00 | 21 -0.01216  1.16519e+00
 22  0.01807  3.91660e+00 | 23  0.04791 -1.64635e+00 | 24 -0.01417  8.59864e-01
 25 -0.00006 -3.55372e+00 | 26  0.02029 -1.27486e-01 | 27  0.02084 -1.85556e-01
 28  0.00785 -2.48879e-01 | 29  0.01430 -4.79540e-01 | 30 -0.01520  1.41615e+00
 31  0.00872 -7.26997e-01 | 32 -0.03209 -4.09966e-01 | 33  0.00742 -3.96297e-01
 34  0.01163 -2.98179e-01 | 35 -0.01867 -1.60207e+00 | 36  0.00607 -2.23329e-01
 37 -0.01213 -2.85526e+00 | 38  0.02697  4.08756e-02 | 39 -0.00545 -4.66058e-01
 40 -0.03002 -7.82009e-01 | 41  0.01219 -6.04251e-02 | 42  0.02406  2.72701e-02
 43  0.03263  4.21938e-01 | 44  0.00816  4.67090e-01 | 45 -0.01559 -4.06387e-02
 46 -0.04230  1.55387e+00 | 47  0.00746 -1.59679e-01 | 48 -0.00392  1.17305e-01
 49 -0.02559 -2.51167e+00 | 50  0.02622  3.95356e-01 | 51  0.01194  1.84319e-01
 52  0.01125  2.13732e-01 | 53  0.02065  5.52656e-01 | 54  0.00854  4.64561e-02
 55  0.00395  1.58622e-01 | 56  0.01208  2.90036e-01 | 57 -0.00285  3.96219e-01
 58  0.00065  7.07597e-01 | 59 -0.02532  1.28423e-01 | 60 -0.02134  4.23930e-01
 61 -0.00016  1.42972e+00 | 62  0.00907 -1.27212e+00 | 63 -0.00002  1.56162e+00
 64  0.01422 -2.45098e+00 | 65  0.03003 -1.46144e-01 | 66 -0.04688  7.55375e-02
 67 -0.03803  1.39206e+00 | 68 -0.05413 -3.16159e-01 | 69  0.01814  5.35996e-01
 70 -0.02783 -6.10199e-01 | 71 -0.00662 -1.74329e+00 | 72  0.00555  6.74934e+00
 73 -0.02393 -1.37828e+00 | 74  0.02334  5.14997e-01 | 75 -0.00172  1.99353e+00
 76 -0.02715  5.52484e-01 | 77  0.04357  5.04866e-01 | 78  0.00478 -3.13375e+00
 79  0.01363 -5.89987e+00 | 80 -0.02973 -1.10046e+00 | 81 -0.00736 -4.31240e+00
 82  0.01572  4.03173e+00 | 83  0.03329 -6.00231e-01 | 84 -0.01290  1.78617e+00
 85 -0.03704 -1.00289e+00 | 86 -0.00460 -5.76974e+00 | 87  0.00032  1.88294e+00
 88 -0.01207 -1.45477e-01 | 89  0.01474  1.69030e+00 | 90  0.01721  3.85103e+00
 91  0.01922 -3.29645e+00 | 92  0.00138 -2.05211e+00 | 93 -0.02365 -2.00208e-01
 94  0.04763 -7.63626e-02 | 95 -0.01779  5.33173e-01 | 96  0.01173  1.56993e+00
 97 -0.02571  1.19011e+00 | 98 -0.02953  1.03680e+00 | 99  0.00298  8.01387e-02
100  0.00890  1.02661e+00 |101 -0.01627  2.25838e+00 |102  0.01030 -2.79492e-01
103  0.04175  6.22023e+00 |104 -0.00254 -2.32341e-01 |105  0.00032  1.22514e-01
106  0.00033  1.29439e-01 |107  0.77200 -4.82550e+00 |108 -0.42167  2.12421e+01
109  0.23223 -2.67021e+00 |110 -0.24834  4.27188e+00 |
110 variables; iteration 60; function evaluation 70; phase 5
Function value 2.1309485e+03; maximum gradient component mag -2.9090e+00
Var    Value     Gradient |Var    Value     Gradient |Var    Value     Gradient
  1 -0.41466  1.31698e-01 |  2 -0.41814  3.56215e-01 |  3 -0.42106  4.69206e-01
  4 -0.39242  2.52508e-02 |  5 -0.43549  4.49815e-02 |  6  0.63498  2.75551e-01
  7 -0.00015  5.88476e-01 |  8 -0.00001  1.42430e-01 |  9 -0.00238 -1.46363e-01
 10  0.00709  1.53841e-01 | 11  0.01098 -8.17903e-03 | 12  0.02346 -9.20632e-01
 13 -0.00627 -2.52522e-01 | 14 -0.00408  8.33302e-02 | 15 -0.02231  1.55268e-01
 16 -0.01222 -7.88659e-01 | 17 -0.00980  5.20098e-01 | 18  0.01038  1.06027e-01
 19 -0.00603  1.45325e-01 | 20 -0.00796  1.25234e+00 | 21 -0.01205  1.56591e+00
 22  0.01773  1.98258e+00 | 23  0.04803 -8.47808e-02 | 24 -0.01483 -2.90898e+00
 25  0.00048  1.01681e+00 | 26  0.02027 -3.72293e-01 | 27  0.02087  2.19619e-01
 28  0.00787 -1.34107e-01 | 29  0.01432 -3.47816e-01 | 30 -0.01519  1.38975e+00
 31  0.00877 -1.34530e-01 | 32 -0.03197  5.28961e-01 | 33  0.00744 -2.46978e-01
 34  0.01163 -6.34668e-01 | 35 -0.01864 -1.51279e+00 | 36  0.00611  1.10189e-01
 37 -0.01179  7.45792e-01 | 38  0.02697  1.16781e-01 | 39 -0.00537  5.05846e-01
 40 -0.02984  7.16220e-01 | 41  0.01220  8.41464e-02 | 42  0.02410  5.34018e-01
 43  0.03258 -5.76043e-01 | 44  0.00816  3.96273e-01 | 45 -0.01553  5.01703e-01
 46 -0.04247 -3.13233e-02 | 47  0.00749  1.00365e-01 | 48 -0.00390  2.72149e-01
 49 -0.02533 -1.66157e-01 | 50  0.02624  7.92015e-01 | 51  0.01194  1.21222e-01
 52  0.01123 -1.57535e-01 | 53  0.02061 -2.30674e-01 | 54  0.00851 -5.74094e-01
 55  0.00392 -4.97809e-01 | 56  0.01210  5.41939e-01 | 57 -0.00285  1.45779e-01
 58  0.00064  3.06986e-01 | 59 -0.02534 -3.87868e-01 | 60 -0.02136  3.08020e-02
 61 -0.00025 -7.59504e-01 | 62  0.00914  9.43108e-02 | 63 -0.00008 -7.35790e-02
 64  0.01430 -1.26053e-01 | 65  0.03003 -8.40841e-02 | 66 -0.04684  2.94550e-01
 67 -0.03812 -6.30726e-01 | 68 -0.05414 -8.33651e-01 | 69  0.01812 -4.93912e-02
 70 -0.02781 -1.88150e-01 | 71 -0.00656 -2.26331e-01 | 72  0.00535  2.80921e-01
 73 -0.02390 -1.03489e+00 | 74  0.02333 -5.53517e-02 | 75 -0.00178  2.66655e-01
 76 -0.02716  1.09409e-01 | 77  0.04356  3.93669e-02 | 78  0.00489 -1.49737e-01
 79  0.01381 -1.77965e-01 | 80 -0.02968 -9.84052e-02 | 81 -0.00718 -1.25488e-01
 82  0.01561 -6.59651e-02 | 83  0.03331  1.17282e-02 | 84 -0.01298  2.09958e-02
 85 -0.03696  3.18792e-01 | 86 -0.00438 -6.81255e-02 | 87  0.00024 -1.30028e-01
 88 -0.01204  2.83659e-01 | 89  0.01468 -1.47923e-01 | 90  0.01710  1.06458e-01
 91  0.01931 -1.57785e-01 | 92  0.00144 -1.58295e-01 | 93 -0.02367 -2.29789e-01
 94  0.04761 -1.82876e-02 | 95 -0.01783  1.89942e-01 | 96  0.01166  5.30575e-02
 97 -0.02582 -9.57977e-02 | 98 -0.02968 -6.17209e-01 | 99  0.00295  4.54614e-01
100  0.00877 -1.38566e-01 |101 -0.01668 -5.10534e-01 |102  0.01039  4.96459e-01
103  0.04051 -4.52411e-01 |104 -0.00218  2.72495e-01 |105  0.00033  3.34646e-02
106  0.00032  1.62108e-02 |107  0.77205 -1.85598e-01 |108 -0.42170  8.36691e-01
109  0.23248 -1.36740e-01 |110 -0.24826  1.75270e-01 |
110 variables; iteration 80; function evaluation 97; phase 5
Function value 2.1309464e+03; maximum gradient component mag -1.1220e+00
Var    Value     Gradient |Var    Value     Gradient |Var    Value     Gradient
  1 -0.41461  8.57107e-02 |  2 -0.41813  1.81032e-01 |  3 -0.42109  2.98210e-01
  4 -0.39236  2.24466e-02 |  5 -0.43554 -4.56103e-03 |  6  0.63498  1.14062e-01
  7 -0.00026  3.62930e-01 |  8 -0.00003  9.74246e-02 |  9 -0.00233 -7.24049e-02
 10  0.00711  1.81767e-01 | 11  0.01082 -2.99580e-01 | 12  0.02372 -4.39553e-01
 13 -0.00621 -1.31695e-01 | 14 -0.00415 -8.16061e-02 | 15 -0.02241 -7.38594e-02
 16 -0.01194 -1.37518e-01 | 17 -0.00986  3.39583e-01 | 18  0.01043  2.28287e-01
 19 -0.00608 -5.81002e-02 | 20 -0.00809  7.60432e-01 | 21 -0.01239  2.37198e-01
 22  0.01754  7.51689e-01 | 23  0.04803 -1.47670e-01 | 24 -0.01452 -1.12196e+00
 25  0.00043  5.40857e-01 | 26  0.02028 -2.16741e-01 | 27  0.02088  3.80136e-01
 28  0.00787 -8.10648e-02 | 29  0.01430 -6.08781e-01 | 30 -0.01528  4.64799e-01
 31  0.00876 -2.79596e-01 | 32 -0.03195  6.50981e-01 | 33  0.00746  1.13534e-01
 34  0.01165 -2.14726e-01 | 35 -0.01851 -1.38185e-01 | 36  0.00612  3.48795e-01
 37 -0.01183  2.45444e-01 | 38  0.02699  3.54051e-01 | 39 -0.00539  1.88287e-01
 40 -0.02994 -1.98478e-01 | 41  0.01219 -1.93690e-01 | 42  0.02411  8.50461e-01
 43  0.03260 -2.17451e-01 | 44  0.00813  6.85833e-04 | 45 -0.01551  7.50670e-01
 46 -0.04245  2.06180e-01 | 47  0.00748 -1.12180e-01 | 48 -0.00394 -2.18842e-01
 49 -0.02533 -1.98509e-01 | 50  0.02623  4.62268e-01 | 51  0.01195  2.02158e-01
 52  0.01125  1.20926e-01 | 53  0.02059 -6.29680e-01 | 54  0.00853 -1.88658e-01
 55  0.00393 -2.37860e-01 | 56  0.01208  1.72655e-01 | 57 -0.00285  1.79190e-01
 58  0.00061 -2.55336e-01 | 59 -0.02532 -8.27451e-02 | 60 -0.02136  4.07071e-02
 61 -0.00024 -3.99658e-01 | 62  0.00914  1.18010e-01 | 63 -0.00008  8.61494e-02
 64  0.01430 -4.34665e-02 | 65  0.03003 -2.84068e-02 | 66 -0.04684  3.25619e-01
 67 -0.03810 -2.62684e-01 | 68 -0.05412 -4.83696e-01 | 69  0.01812  5.78309e-04
 70 -0.02782 -4.73170e-01 | 71 -0.00655 -2.05730e-02 | 72  0.00535  7.86686e-02
 73 -0.02387 -3.83465e-01 | 74  0.02333 -3.82492e-02 | 75 -0.00179  1.94409e-01
 76 -0.02717 -1.58577e-01 | 77  0.04356  1.97871e-02 | 78  0.00489 -1.81184e-02
 79  0.01381 -1.33053e-02 | 80 -0.02968 -1.71212e-01 | 81 -0.00717  2.71521e-03
 82  0.01561 -5.77323e-02 | 83  0.03331  2.64058e-03 | 84 -0.01298  5.16038e-02
 85 -0.03697  6.09697e-02 | 86 -0.00437  4.32225e-02 | 87  0.00024 -1.26196e-01
 88 -0.01205  2.03335e-01 | 89  0.01468 -9.14687e-02 | 90  0.01710  4.28637e-03
 91  0.01931 -7.85069e-02 | 92  0.00145 -2.21707e-02 | 93 -0.02365  5.79927e-02
 94  0.04761 -4.74348e-02 | 95 -0.01784  1.99516e-02 | 96  0.01166 -1.23300e-01
 97 -0.02580  3.18979e-01 | 98 -0.02965 -2.64035e-01 | 99  0.00292 -2.88620e-01
100  0.00876 -4.45534e-01 |101 -0.01666 -3.53955e-01 |102  0.01037  3.62868e-01
103  0.04057 -1.03780e-01 |104 -0.00224  1.72829e-01 |105  0.00033  2.49468e-02
106  0.00032  9.09251e-03 |107  0.77205 -1.05869e-01 |108 -0.42170  4.04141e-01
109  0.23250 -5.78146e-02 |110 -0.24825  5.18951e-02 |
110 variables; iteration 100; function evaluation 126; phase 5
Function value 2.1309458e+03; maximum gradient component mag -2.6668e-01
Var    Value     Gradient |Var    Value     Gradient |Var    Value     Gradient
  1 -0.41459  1.70511e-02 |  2 -0.41812  5.71609e-02 |  3 -0.42112  6.71800e-02
  4 -0.39232  1.17265e-02 |  5 -0.43555  4.83623e-03 |  6  0.63498  2.93945e-02
  7 -0.00042  5.08779e-02 |  8 -0.00004  7.84335e-02 |  9 -0.00229 -2.28112e-02
 10  0.00698 -4.56049e-02 | 11  0.01094 -1.07905e-01 | 12  0.02391 -6.83062e-02
 13 -0.00616 -4.67478e-02 | 14 -0.00412 -2.88882e-02 | 15 -0.02233  8.97583e-02
 16 -0.01188 -1.62938e-02 | 17 -0.00996  7.22425e-02 | 18  0.01037  3.34210e-02
 19 -0.00606 -2.07894e-02 | 20 -0.00827  1.19768e-01 | 21 -0.01244  3.44293e-02
 22  0.01744  1.07338e-01 | 23  0.04804 -3.86922e-02 | 24 -0.01436 -2.07733e-01
 25  0.00036 -2.45602e-02 | 26  0.02030  3.99962e-02 | 27  0.02085  1.04891e-02
 28  0.00789  2.11059e-01 | 29  0.01434 -4.67696e-02 | 30 -0.01532  8.68171e-02
 31  0.00878 -6.06985e-02 | 32 -0.03201  1.33028e-01 | 33  0.00747  1.18022e-01
 34  0.01166 -1.66114e-01 | 35 -0.01850 -1.53158e-02 | 36  0.00611  1.67517e-01
 37 -0.01185  7.11123e-02 | 38  0.02698  2.27172e-01 | 39 -0.00541 -1.18589e-03
 40 -0.02991  2.55745e-02 | 41  0.01218 -2.66684e-01 | 42  0.02407  7.44214e-02
 43  0.03261  1.02594e-02 | 44  0.00812 -9.08990e-02 | 45 -0.01556  1.58495e-01
 46 -0.04247  1.44621e-02 | 47  0.00749  5.73490e-02 | 48 -0.00392  5.79454e-02
 49 -0.02531 -2.43788e-02 | 50  0.02621  4.51447e-02 | 51  0.01193 -5.29309e-02
 52  0.01124 -1.34842e-01 | 53  0.02061 -1.94157e-01 | 54  0.00855  8.21679e-02
 55  0.00395  4.10195e-02 | 56  0.01207 -1.12848e-02 | 57 -0.00286  6.44707e-02
 58  0.00063  1.98636e-01 | 59 -0.02533 -2.02642e-01 | 60 -0.02136  1.25978e-02
 61 -0.00022 -5.06344e-02 | 62  0.00913  2.64338e-02 | 63 -0.00008  2.00149e-02
 64  0.01430 -5.18684e-03 | 65  0.03004 -2.39996e-03 | 66 -0.04686  3.69412e-02
 67 -0.03809 -4.56457e-02 | 68 -0.05410 -2.34615e-01 | 69  0.01812  6.01814e-03
 70 -0.02780 -8.44870e-02 | 71 -0.00655 -5.23553e-03 | 72  0.00534  1.43814e-02
 73 -0.02385 -7.19824e-02 | 74  0.02333 -4.97696e-03 | 75 -0.00179  4.04255e-02
 76 -0.02717 -6.94330e-02 | 77  0.04356  8.40680e-03 | 78  0.00489  3.08097e-04
 79  0.01381 -1.17446e-02 | 80 -0.02967  1.29602e-01 | 81 -0.00717 -1.22164e-02
 82  0.01561 -8.33259e-03 | 83  0.03331  1.64051e-03 | 84 -0.01298  7.10624e-03
 85 -0.03698  2.22268e-02 | 86 -0.00437  3.70169e-03 | 87  0.00024 -2.39758e-02
 88 -0.01205  3.08634e-02 | 89  0.01469 -1.85077e-02 | 90  0.01710 -1.52119e-03
 91  0.01931 -1.74766e-02 | 92  0.00145 -1.86617e-02 | 93 -0.02365  9.06879e-02
 94  0.04762 -1.66412e-02 | 95 -0.01783  5.43097e-03 | 96  0.01166 -3.72962e-02
 97 -0.02581  9.38522e-03 | 98 -0.02963  2.68619e-02 | 99  0.00293 -7.68373e-02
100  0.00878 -2.18500e-01 |101 -0.01663 -2.02464e-01 |102  0.01034  8.74639e-02
103  0.04061  2.57462e-02 |104 -0.00233  2.19553e-02 |105  0.00031  5.03210e-04
106  0.00029 -2.51277e-02 |107  0.77209 -1.47109e-02 |108 -0.42170  6.82117e-02
109  0.23252 -5.80783e-03 |110 -0.24825  7.51306e-03 |
110 variables; iteration 120; function evaluation 166; phase 5
Function value 2.1309457e+03; maximum gradient component mag -9.8949e-03
Var    Value     Gradient |Var    Value     Gradient |Var    Value     Gradient
  1 -0.41459  6.42835e-05 |  2 -0.41812  4.84932e-04 |  3 -0.42112  6.98983e-04
  4 -0.39231  2.65665e-04 |  5 -0.43556  1.35278e-04 |  6  0.63498 -1.80300e-04
  7 -0.00045  1.27652e-03 |  8 -0.00009  1.95728e-03 |  9 -0.00228 -4.05627e-03
 10  0.00701  4.06266e-04 | 11  0.01100 -1.88527e-03 | 12  0.02394 -1.18141e-03
 13 -0.00614 -7.88392e-04 | 14 -0.00411 -5.35209e-04 | 15 -0.02237  1.75721e-03
 16 -0.01187 -2.47051e-04 | 17 -0.00999  1.40738e-03 | 18  0.01036  7.02316e-04
 19 -0.00606 -3.13695e-04 | 20 -0.00830  2.30260e-03 | 21 -0.01244  7.24100e-04
 22  0.01742  2.13314e-03 | 23  0.04805 -1.44061e-04 | 24 -0.01433 -3.72397e-03
 25  0.00036 -2.38313e-04 | 26  0.02030  1.67214e-03 | 27  0.02085  3.56130e-03
 28  0.00788  4.87587e-05 | 29  0.01434 -5.60544e-03 | 30 -0.01533  1.22569e-03
 31  0.00878 -1.39816e-03 | 32 -0.03203  3.17507e-03 | 33  0.00746  9.39425e-03
 34  0.01167 -9.89486e-03 | 35 -0.01850 -9.19113e-04 | 36  0.00610 -8.98446e-03
 37 -0.01185  7.55585e-04 | 38  0.02697  5.04705e-03 | 39 -0.00540  5.08126e-04
 40 -0.02992  5.88322e-04 | 41  0.01220 -5.49543e-03 | 42  0.02406  3.05522e-03
 43  0.03261  1.38566e-03 | 44  0.00813 -3.18741e-03 | 45 -0.01558  2.47595e-03
 46 -0.04247  2.69662e-04 | 47  0.00748  5.15136e-03 | 48 -0.00392  8.14811e-04
 49 -0.02531 -5.09029e-04 | 50  0.02620  1.51990e-05 | 51  0.01194  2.40344e-03
 52  0.01125  1.26939e-03 | 53  0.02062 -4.88330e-03 | 54  0.00854 -4.00374e-05
 55  0.00395  4.95169e-03 | 56  0.01207 -1.81967e-03 | 57 -0.00286 -2.07388e-03
 58  0.00062  6.57584e-03 | 59 -0.02531 -2.06910e-03 | 60 -0.02136  4.80838e-03
 61 -0.00022 -1.64635e-03 | 62  0.00913  4.02332e-04 | 63 -0.00008  5.02401e-04
 64  0.01430  6.35950e-05 | 65  0.03004  1.20841e-04 | 66 -0.04686 -1.50477e-03
 67 -0.03809 -8.20024e-05 | 68 -0.05409 -2.92608e-03 | 69  0.01812  2.42233e-04
 70 -0.02780 -1.15543e-03 | 71 -0.00655  1.53192e-04 | 72  0.00534  5.02600e-04
 73 -0.02385 -8.70005e-04 | 74  0.02333  1.13611e-04 | 75 -0.00179  1.02281e-03
 76 -0.02716 -1.12721e-03 | 77  0.04356  3.26921e-04 | 78  0.00489  2.67873e-04
 79  0.01381  1.04565e-04 | 80 -0.02967  1.00770e-03 | 81 -0.00717  2.81379e-04
 82  0.01561  1.07676e-04 | 83  0.03331  2.28357e-04 | 84 -0.01298  5.24935e-04
 85 -0.03698  1.78746e-03 | 86 -0.00437  3.41463e-04 | 87  0.00024 -1.07223e-04
 88 -0.01205  1.05469e-03 | 89  0.01469 -5.21821e-05 | 90  0.01710  2.43349e-04
 91  0.01931 -1.08660e-04 | 92  0.00145 -2.22536e-04 | 93 -0.02365  2.82758e-03
 94  0.04762 -2.36119e-04 | 95 -0.01783 -4.96209e-04 | 96  0.01167 -1.79263e-04
 97 -0.02581 -4.93985e-03 | 98 -0.02963 -2.54010e-05 | 99  0.00294 -1.55874e-03
100  0.00880 -4.22443e-03 |101 -0.01660 -3.50974e-03 |102  0.01033  1.82715e-03
103  0.04061  6.34045e-04 |104 -0.00235 -2.91495e-03 |105  0.00031  2.75014e-04
106  0.00031 -1.24483e-03 |107  0.77210 -1.15010e-04 |108 -0.42170  8.36949e-04
109  0.23252  1.60686e-04 |110 -0.24825  1.84545e-04 |

 - final statistics:
110 variables; iteration 121; function evaluation 167
Function value 2.1309e+03; maximum gradient component mag 9.9382e-07
Exit code = 1;  converg criter 1.0000e-04
Var    Value     Gradient |Var    Value     Gradient |Var    Value     Gradient
  1 -0.41459  3.87496e-08 |  2 -0.41812  9.93823e-07 |  3 -0.42112  2.64604e-07
  4 -0.39231  1.90173e-08 |  5 -0.43556  5.20838e-08 |  6  0.63498  4.90449e-07
  7 -0.00045  1.52959e-08 |  8 -0.00009  3.85614e-09 |  9 -0.00227  8.64985e-09
 10  0.00701  5.15064e-09 | 11  0.01100  9.07638e-09 | 12  0.02395 -5.49530e-09
 13 -0.00614 -9.63443e-09 | 14 -0.00411 -1.11112e-08 | 15 -0.02237 -6.10609e-09
 16 -0.01187 -1.01745e-08 | 17 -0.00999 -4.66523e-09 | 18  0.01036 -6.05458e-09
 19 -0.00606 -7.45303e-09 | 20 -0.00830  4.00796e-09 | 21 -0.01244 -7.56133e-09
 22  0.01742  1.73774e-09 | 23  0.04805  7.94325e-10 | 24 -0.01433  1.48548e-08
 25  0.00036 -8.70613e-09 | 26  0.02030 -9.44651e-09 | 27  0.02085 -3.36689e-09
 28  0.00788 -1.53529e-08 | 29  0.01434  1.02537e-08 | 30 -0.01533 -1.52237e-08
 31  0.00878 -1.67389e-08 | 32 -0.03203  5.91148e-10 | 33  0.00746  6.84032e-08
 34  0.01167  7.45898e-08 | 35 -0.01850 -1.14702e-08 | 36  0.00610  5.70634e-08
 37 -0.01185 -9.27774e-09 | 38  0.02697  1.31678e-08 | 39 -0.00540 -7.50978e-09
 40 -0.02992 -7.57127e-09 | 41  0.01220  2.47177e-08 | 42  0.02406  9.70812e-09
 43  0.03261  6.61599e-09 | 44  0.00813  1.00185e-08 | 45 -0.01558  2.11955e-09
 46 -0.04247 -8.51613e-09 | 47  0.00748  1.71199e-08 | 48 -0.00392 -2.54143e-09
 49 -0.02531 -4.61186e-09 | 50  0.02620  9.38069e-09 | 51  0.01194  1.13793e-08
 52  0.01125  8.91372e-09 | 53  0.02062  2.90371e-08 | 54  0.00854  9.14284e-09
 55  0.00395  2.88440e-08 | 56  0.01207  1.56043e-08 | 57 -0.00286  1.22251e-08
 58  0.00062  4.53346e-08 | 59 -0.02531  7.54341e-09 | 60 -0.02136  2.47294e-08
 61 -0.00022  1.31138e-08 | 62  0.00913  1.40528e-08 | 63 -0.00008  5.84347e-09
 64  0.01430  1.15279e-08 | 65  0.03004  1.63882e-08 | 66 -0.04686 -3.14998e-09
 67 -0.03809 -4.78848e-09 | 68 -0.05408 -1.67808e-11 | 69  0.01812  2.75076e-09
 70 -0.02780 -6.36891e-09 | 71 -0.00655 -3.38275e-09 | 72  0.00534 -6.92531e-09
 73 -0.02385 -6.85559e-09 | 74  0.02333 -2.62858e-09 | 75 -0.00179 -6.13511e-09
 76 -0.02716 -8.07320e-09 | 77  0.04356 -1.71808e-09 | 78  0.00489 -7.91736e-09
 79  0.01381 -7.01189e-09 | 80 -0.02967 -1.08461e-08 | 81 -0.00717 -9.38054e-09
 82  0.01561 -8.97726e-09 | 83  0.03331 -1.10805e-08 | 84 -0.01298 -1.14888e-08
 85 -0.03698 -8.94172e-09 | 86 -0.00437 -1.42645e-08 | 87  0.00024 -1.39443e-08
 88 -0.01205 -1.27837e-08 | 89  0.01469 -1.20677e-08 | 90  0.01710 -1.60184e-08
 91  0.01931 -1.33737e-08 | 92  0.00145 -1.35714e-08 | 93 -0.02365 -8.94012e-09
 94  0.04762 -1.98101e-08 | 95 -0.01783 -1.64410e-08 | 96  0.01167 -1.90287e-08
 97 -0.02581  3.89245e-09 | 98 -0.02963 -1.75002e-08 | 99  0.00294 -1.79553e-08
100  0.00880 -1.00650e-08 |101 -0.01660 -1.62819e-10 |102  0.01033 -7.61560e-09
103  0.04061 -1.60566e-08 |104 -0.00235 -1.10410e-08 |105  0.00031 -1.38471e-08
106  0.00031 -1.37865e-08 |107  0.77210  2.89241e-08 |108 -0.42170 -8.31886e-08
109  0.23252 -8.66190e-09 |110 -0.24825  3.38149e-08 |

 - final statistics:
122 variables; iteration 0; function evaluation 0
Function value 2.1309e+03; maximum gradient component mag 9.9412e-07
Exit code = 0;  converg criter 1.0000e-04
Var    Value     Gradient |Var    Value     Gradient |Var    Value     Gradient
  1 -0.41459  3.87747e-08 |  2 -0.41812  9.94116e-07 |  3 -0.42112  2.64723e-07
  4 -0.39231  1.90247e-08 |  5 -0.43556  5.20978e-08 |  6  0.63498  4.90521e-07
  7 -0.00045  1.52961e-08 |  8 -0.00009  3.85619e-09 |  9 -0.00227  8.64991e-09
 10  0.00701  5.15071e-09 | 11  0.01100  9.07645e-09 | 12  0.02395 -5.52690e-09
 13 -0.00614 -9.66605e-09 | 14 -0.00411 -1.11429e-08 | 15 -0.02237 -6.13770e-09
 16 -0.01187 -1.02061e-08 | 17 -0.00999 -4.69681e-09 | 18  0.01036 -6.08603e-09
 19 -0.00606 -7.48454e-09 | 20 -0.00830  3.97651e-09 | 21 -0.01244 -7.59279e-09
 22  0.01742  1.70573e-09 | 23  0.04805  7.63295e-10 | 24 -0.01433  1.48232e-08
 25  0.00036 -8.73775e-09 | 26  0.02030 -9.47789e-09 | 27  0.02085 -3.39812e-09
 28  0.00788 -1.53840e-08 | 29  0.01434  1.02232e-08 | 30 -0.01533 -1.52550e-08
 31  0.00878 -1.67698e-08 | 32 -0.03203  5.59692e-10 | 33  0.00746  6.83719e-08
 34  0.01167  7.45572e-08 | 35 -0.01850 -1.15017e-08 | 36  0.00610  5.70329e-08
 37 -0.01185 -9.30825e-09 | 38  0.02697  1.31377e-08 | 39 -0.00540 -7.54048e-09
 40 -0.02992 -7.60221e-09 | 41  0.01220  2.46856e-08 | 42  0.02406  9.67870e-09
 43  0.03261  6.58628e-09 | 44  0.00813  9.98801e-09 | 45 -0.01558  2.08856e-09
 46 -0.04247 -8.54692e-09 | 47  0.00748  1.70908e-08 | 48 -0.00392 -2.57142e-09
 49 -0.02531 -4.64182e-09 | 50  0.02620  9.35262e-09 | 51  0.01194  1.13505e-08
 52  0.01125  8.88432e-09 | 53  0.02062  2.90090e-08 | 54  0.00854  9.11395e-09
 55  0.00395  2.88152e-08 | 56  0.01207  1.55766e-08 | 57 -0.00286  1.21970e-08
 58  0.00062  4.53067e-08 | 59 -0.02531  7.51397e-09 | 60 -0.02136  2.47011e-08
 61 -0.00022  1.30868e-08 | 62  0.00913  1.40284e-08 | 63 -0.00008  5.81541e-09
 64  0.01430  1.15050e-08 | 65  0.03004  1.63619e-08 | 66 -0.04686 -3.18014e-09
 67 -0.03809 -4.81806e-09 | 68 -0.05408 -4.63977e-11 | 69  0.01812  2.72542e-09
 70 -0.02780 -6.39767e-09 | 71 -0.00655 -3.40899e-09 | 72  0.00534 -6.95259e-09
 73 -0.02385 -6.88461e-09 | 74  0.02333 -2.65942e-09 | 75 -0.00179 -6.16254e-09
 76 -0.02716 -8.10142e-09 | 77  0.04356 -1.73967e-09 | 78  0.00489 -7.94176e-09
 79  0.01381 -7.03877e-09 | 80 -0.02967 -1.08755e-08 | 81 -0.00717 -9.40773e-09
 82  0.01561 -9.00425e-09 | 83  0.03331 -1.11057e-08 | 84 -0.01298 -1.15184e-08
 85 -0.03698 -8.97128e-09 | 86 -0.00437 -1.42942e-08 | 87  0.00024 -1.39755e-08
 88 -0.01205 -1.28136e-08 | 89  0.01469 -1.20995e-08 | 90  0.01710 -1.60435e-08
 91  0.01931 -1.33981e-08 | 92  0.00145 -1.36036e-08 | 93 -0.02365 -8.96945e-09
 94  0.04762 -1.98318e-08 | 95 -0.01783 -1.64720e-08 | 96  0.01167 -1.90600e-08
 97 -0.02581  3.86066e-09 | 98 -0.02963 -1.75313e-08 | 99  0.00294 -1.79856e-08
100  0.00880 -1.00976e-08 |101 -0.01660 -1.93558e-10 |102  0.01033 -7.64600e-09
103  0.04061 -1.60871e-08 |104 -0.00235 -1.10727e-08 |105  0.00031 -1.38788e-08
106  0.00031 -1.38184e-08 |107  0.00000  0.00000e+00 |108  0.00000  0.00000e+00
109  0.00000  0.00000e+00 |110  0.00000  0.00000e+00 |111  0.00000  0.00000e+00
112  0.00000  0.00000e+00 |113  0.00000  0.00000e+00 |114  0.00000  0.00000e+00
115  0.00000  0.00000e+00 |116  0.00000  0.00000e+00 |117  0.00000  0.00000e+00
118  0.00000  0.00000e+00 |119  0.77210  2.89146e-08 |120 -0.42170 -8.31365e-08
121  0.23252 -8.67095e-09 |122 -0.24825  3.38441e-08 |
size of file gradfil1.tmp = 0
size of file gradfil2.tmp = 0
size of file varssave.tmp = 0
size of file cmpdiff.tmp = 0
