
Initial statistics: 1 variables; iteration 0; function evaluation 0; phase 1
Function value 2.6491876e+03; maximum gradient component mag -5.8172e+03
Var    Value     Gradient |Var    Value     Gradient |Var    Value     Gradient
  1  0.63197 -5.81718e+03 |

 - final statistics:
1 variables; iteration 4; function evaluation 7
Function value 2.6223e+03; maximum gradient component mag -2.1069e+00
Exit code = 1;  converg criter 1.0000e+01
Var    Value     Gradient |Var    Value     Gradient |Var    Value     Gradient
  1  0.64198 -2.10688e+00 |

Initial statistics: 98 variables; iteration 0; function evaluation 0; phase 2
Function value 2.6223207e+03; maximum gradient component mag -2.4186e+03
Var    Value     Gradient |Var    Value     Gradient |Var    Value     Gradient
  1  0.64198 -2.10688e+00 |  2  0.00000 -2.48902e+01 |  3  0.00000 -3.17825e+01
  4  0.00000  4.51283e+01 |  5  0.00000  5.87598e+01 |  6  0.00000  5.94530e+01
  7  0.00000  1.62995e+01 |  8  0.00000  3.98875e+01 |  9  0.00000 -5.42526e+01
 10  0.00000  2.70576e+01 | 11  0.00000  1.61934e+02 | 12  0.00000  2.17999e+01
 13  0.00000  4.79869e+01 | 14  0.00000  8.44259e+01 | 15  0.00000  1.76550e+02
 16  0.00000  3.32511e+02 | 17  0.00000 -6.30409e+01 | 18  0.00000 -5.11833e+02
 19  0.00000 -2.11603e+02 | 20  0.00000 -2.87571e+02 | 21  0.00000  1.86472e+02
 22  0.00000  1.00367e+02 | 23  0.00000  4.54888e+01 | 24  0.00000 -3.47056e+02
 25  0.00000 -3.13809e+02 | 26  0.00000 -6.91664e+01 | 27  0.00000  8.51733e+01
 28  0.00000 -2.04604e+02 | 29  0.00000  3.08640e+01 | 30  0.00000  1.80016e+02
 31  0.00000  4.28069e+02 | 32  0.00000 -2.26104e+02 | 33  0.00000  1.86538e+02
 34  0.00000 -1.10135e+02 | 35  0.00000  3.29082e+02 | 36  0.00000  3.23255e+02
 37  0.00000  2.32630e+02 | 38  0.00000 -1.11861e+03 | 39  0.00000  6.00593e+02
 40  0.00000  6.97002e+02 | 41  0.00000 -4.51918e+02 | 42  0.00000  2.39512e+01
 43  0.00000  3.78681e+02 | 44  0.00000  2.75475e+02 | 45  0.00000 -1.38367e+02
 46  0.00000  4.03268e+02 | 47  0.00000  1.84413e+02 | 48  0.00000  3.34766e+02
 49  0.00000  4.04859e+02 | 50  0.00000 -3.09469e+02 | 51  0.00000 -3.19028e+01
 52  0.00000  7.11014e+01 | 53  0.00000  7.61421e+02 | 54  0.00000  6.97822e+01
 55  0.00000 -1.10227e+03 | 56  0.00000  6.30667e+02 | 57  0.00000  1.96666e+02
 58  0.00000 -1.22569e+02 | 59  0.00000 -6.21410e+00 | 60  0.00000  3.28189e+02
 61  0.00000 -3.23170e+02 | 62  0.00000  2.66600e+02 | 63  0.00000 -1.23592e+02
 64  0.00000  3.88540e+02 | 65  0.00000 -1.69117e+02 | 66  0.00000  3.56769e+02
 67  0.00000 -2.41864e+03 | 68  0.00000  8.38224e+02 | 69  0.00000 -1.12588e+03
 70  0.00000 -1.67684e+01 | 71  0.00000  1.02400e+03 | 72  0.00000  6.62442e+02
 73  0.00000 -3.90218e+02 | 74  0.00000  1.70588e+02 | 75  0.00000  6.87400e+02
 76  0.00000  1.83873e+01 | 77  0.00000 -1.13054e+02 | 78  0.00000  3.34350e+02
 79  0.00000 -8.46215e+02 | 80  0.00000  3.17309e+02 | 81  0.00000  5.07981e+02
 82  0.00000 -2.14554e+03 | 83  0.00000 -1.88143e+03 | 84  0.00000 -9.38620e+01
 85  0.00000  6.37359e+02 | 86  0.00000  5.95082e+02 | 87  0.00000 -3.14436e+02
 88  0.00000 -5.78401e+01 | 89  0.00000  3.42201e+02 | 90  0.00000 -1.42007e+02
 91  0.00000  4.95911e+02 | 92  0.00000 -4.74806e+01 | 93  0.00000 -2.63814e+02
 94  0.00000 -1.12831e+02 | 95  0.00000 -4.32072e+01 | 96  0.00000  1.62547e+02
 97  0.14825  2.53430e+01 | 98 -0.09833  7.46008e+02 |

Intermediate statistics: 98 variables; iteration 20; function evaluation 32; phase 2
Function value 2.2480117e+03; maximum gradient component mag -1.5644e+03
Var    Value     Gradient |Var    Value     Gradient |Var    Value     Gradient
  1  0.63714 -6.80906e+02 |  2  0.04524  1.01754e+02 |  3  0.00627 -7.47939e-01
  4 -0.04448 -3.81893e+01 |  5 -0.02702  6.37755e+00 |  6  0.01205  1.09845e+02
  7 -0.00240  2.07776e+01 |  8  0.00762  7.84459e+01 |  9  0.02412  6.39351e+01
 10 -0.01141 -1.59194e+01 | 11 -0.01013  1.15321e+02 | 12  0.00112  2.66612e+01
 13 -0.00385  1.63639e+01 | 14 -0.00595  2.87580e+01 | 15 -0.01179  6.49876e+01
 16 -0.02596  9.89941e+01 | 17  0.00488 -5.01189e+00 | 18  0.02729 -1.03264e+02
 19  0.01097 -5.08537e+01 | 20  0.01654 -5.89788e+01 | 21 -0.00964  7.05057e+01
 22 -0.00299  4.59991e+01 | 23 -0.00117  2.39984e+01 | 24  0.01826 -8.23936e+01
 25  0.01616 -7.86002e+01 | 26  0.00357 -2.20779e+01 | 27 -0.00303  3.95680e+01
 28  0.01145 -3.83623e+01 | 29 -0.00014  1.46840e+01 | 30 -0.00623  7.36500e+01
 31 -0.02055  1.60083e+02 | 32  0.01214 -4.58928e+01 | 33 -0.00723  8.70714e+01
 34  0.00812  9.88027e+00 | 35 -0.01203  1.42520e+02 | 36 -0.01197  1.38791e+02
 37 -0.00973  1.01228e+02 | 38  0.03962 -3.27399e+02 | 39 -0.02855  2.41105e+02
 40 -0.03190  2.82914e+02 | 41  0.01320 -2.45006e+02 | 42  0.00314  6.25272e+01
 43 -0.01317  1.68514e+02 | 44 -0.00924  1.18905e+02 | 45  0.00987  8.45178e+00
 46 -0.01463  1.59197e+02 | 47  0.00065  1.61404e+02 | 48 -0.00335  2.36762e+02
 49 -0.00558  2.63604e+02 | 50  0.01036 -1.38082e+02 | 51  0.00358 -1.99663e+00
 52  0.00710  1.92419e+02 | 53 -0.00097  6.79217e+02 | 54 -0.00023  1.99246e+01
 55  0.01837 -5.70545e+02 | 56 -0.01047  2.98859e+02 | 57 -0.00186  8.09653e+01
 58  0.00433 -6.33131e+01 | 59 -0.00082 -8.54052e+01 | 60 -0.00515  1.41427e+02
 61  0.00572 -2.10542e+02 | 62  0.00163  2.71327e+02 | 63  0.00468 -4.93978e+01
 64 -0.00413  2.25795e+02 | 65  0.00004 -2.24159e+02 | 66 -0.00399  2.52301e+02
 67  0.02863 -1.56438e+03 | 68 -0.02183  3.47627e+02 | 69  0.01497 -7.27728e+02
 70 -0.00034 -7.92745e+01 | 71 -0.01641  5.14832e+02 | 72 -0.00883  3.39644e+02
 73  0.00327 -3.41143e+02 | 74 -0.00378  8.36878e+00 | 75 -0.01290  2.90321e+02
 76  0.00477  1.32805e+02 | 77  0.00258 -6.49628e+01 | 78 -0.00335  2.19384e+02
 79  0.00776 -6.61580e+02 | 80 -0.00664  1.00230e+02 | 81 -0.01614  1.44142e+02
 82  0.02612 -1.37812e+03 | 83  0.02046 -1.29728e+03 | 84 -0.00307 -1.46164e+02
 85 -0.00652  4.51833e+02 | 86 -0.00675  4.03299e+02 | 87  0.00158 -2.88386e+02
 88 -0.00089 -7.58590e+01 | 89 -0.00775  2.00998e+02 | 90  0.00499 -5.18701e+01
 91 -0.02250  2.09814e+02 | 92  0.00346  1.25805e+01 | 93  0.03382  1.23287e+01
 94  0.02950  3.49518e+01 | 95  0.01066  2.17712e+01 | 96 -0.04499 -1.06590e+01
 97  0.14746 -2.47497e+02 | 98 -0.09710  7.03193e+02 |
98 variables; iteration 40; function evaluation 60; phase 2
Function value 2.1154560e+03; maximum gradient component mag 1.1962e+03
Var    Value     Gradient |Var    Value     Gradient |Var    Value     Gradient
  1  0.63264  1.19615e+03 |  2 -0.02361 -1.16561e+02 |  3  0.03076 -1.52835e+00
  4 -0.00295 -8.23388e+00 |  5 -0.01800 -3.37515e+01 |  6 -0.06854 -1.50015e+02
  7  0.01304  8.28050e+00 |  8 -0.01558 -6.45514e+01 |  9  0.02455 -1.02166e+00
 10  0.00218 -2.26902e+01 | 11 -0.03685 -5.46809e+01 | 12  0.00253 -3.12825e+01
 13  0.00976  4.29020e+01 | 14  0.00411  3.85169e+01 | 15 -0.00118  8.50159e+01
 16 -0.03512 -2.68856e+01 | 17  0.00361 -9.21163e+01 | 18  0.03031 -1.30616e+02
 19  0.01381 -8.41038e+01 | 20  0.02333 -2.90479e+01 | 21 -0.00890  5.57766e+00
 22 -0.00893 -9.92543e+01 | 23 -0.00351 -8.03847e+01 | 24  0.02323 -7.80924e+01
 25  0.01837 -1.16336e+02 | 26  0.00741 -4.02564e+01 | 27 -0.00798 -9.16978e+01
 28  0.01572 -4.06818e+01 | 29 -0.00269 -9.35973e+01 | 30 -0.00934 -3.97214e+01
 31 -0.03067 -8.77282e+00 | 32  0.01430 -8.62495e+01 | 33 -0.01667 -9.50148e+01
 34  0.01134 -9.06869e+00 | 35 -0.01790 -4.76714e-02 | 36 -0.01527  2.58237e+01
 37 -0.01376 -1.85571e+01 | 38  0.04855 -1.65385e+02 | 39 -0.03788  8.52706e+01
 40 -0.04462  1.03187e+02 | 41  0.03050  4.87512e+01 | 42  0.00481  1.76052e+01
 43 -0.02017  7.65570e+00 | 44 -0.00935  4.46352e+01 | 45  0.01442  2.26628e+01
 46 -0.01233  1.24105e+02 | 47 -0.00111  6.16987e+01 | 48 -0.00680  1.10444e+02
 49 -0.00962  1.33231e+02 | 50  0.01719 -3.76342e+01 | 51  0.00739  1.76503e+01
 52  0.00318  6.95026e+00 | 53 -0.01975  1.85711e+02 | 54  0.00504  1.17196e+02
 55  0.03022 -1.14576e+02 | 56 -0.01451  1.62563e+02 | 57 -0.00150  5.39301e+01
 58  0.00834  3.17686e+01 | 59  0.00534  7.27260e+01 | 60 -0.00552  1.15230e+02
 61  0.01056 -7.12617e+01 | 62 -0.00220  1.46232e+02 | 63  0.00762  1.79467e+01
 64 -0.00848  1.07297e+02 | 65  0.00993  5.34730e+01 | 66 -0.01101  1.17963e+02
 67  0.05492 -1.52384e+02 | 68 -0.03491  1.33368e+02 | 69  0.02902 -1.24973e+02
 70  0.00299  3.10831e+01 | 71 -0.03249  1.43227e+02 | 72 -0.01783  8.83004e+01
 73  0.01238  6.37817e+00 | 74 -0.00514 -1.58611e+01 | 75 -0.01958  1.22804e+02
 76  0.00014 -2.16604e+00 | 77  0.00709  8.22632e+01 | 78 -0.00942  7.14938e+01
 79  0.02267 -1.22879e+02 | 80 -0.00875  3.24591e+01 | 81 -0.02439 -2.29509e+01
 82  0.05087 -2.45420e+02 | 83  0.04420 -3.37662e+02 | 84  0.00446  1.71696e+01
 85 -0.01704  1.48910e+02 | 86 -0.01392  1.38466e+02 | 87  0.01529 -3.94432e+01
 88  0.00946  4.93455e+01 | 89 -0.01546 -4.11963e+01 | 90  0.01751  4.83080e+01
 91 -0.03131  2.50798e+01 | 92  0.00705 -4.54110e+01 | 93  0.03958 -6.53166e+00
 94  0.01761 -7.45499e+01 | 95  0.00718 -5.19898e+01 | 96 -0.02293  2.47740e+01
 97  0.14916  1.91527e+02 | 98 -0.10066  2.80723e+02 |
98 variables; iteration 60; function evaluation 89; phase 2
Function value 2.0920812e+03; maximum gradient component mag 5.9923e+02
Var    Value     Gradient |Var    Value     Gradient |Var    Value     Gradient
  1  0.63096  5.99231e+02 |  2  0.01559 -1.55263e+01 |  3  0.01974 -1.12510e+01
  4 -0.00971 -5.23786e+00 |  5 -0.01924 -1.78129e+01 |  6 -0.02050 -2.60514e+01
  7 -0.00222 -2.43413e+01 |  8 -0.00703 -2.03510e+01 |  9  0.01950 -1.15307e+01
 10  0.00290 -4.95691e+00 | 11 -0.03225 -2.24526e+01 | 12  0.00702  6.19482e+00
 13 -0.00059 -1.89054e+01 | 14 -0.00415 -1.52747e+01 | 15 -0.01219  6.57650e+00
 16 -0.03687 -2.38143e+01 | 17  0.00940 -7.79771e+00 | 18  0.03605 -8.54377e+00
 19  0.01772 -1.52405e+01 | 20  0.02215 -4.45929e+01 | 21 -0.01701 -6.55412e+01
 22 -0.00244 -1.90294e+01 | 23  0.00211 -3.01585e+00 | 24  0.02895  2.55687e+01
 25  0.02368 -2.69607e+01 | 26  0.01281  4.04374e+01 | 27 -0.00082 -1.55753e-01
 28  0.01925  1.31895e+01 | 29  0.00461  6.23708e+00 | 30 -0.00666 -7.23236e+00
 31 -0.03181 -1.22158e+01 | 32  0.01943 -4.34895e+00 | 33 -0.01117 -2.99775e+01
 34  0.01032 -3.83245e+01 | 35 -0.01791 -3.07717e+00 | 36 -0.01703  3.04408e+00
 37 -0.01262 -4.02404e+00 | 38  0.05220 -8.73680e+01 | 39 -0.04625  2.36803e+01
 40 -0.05752  1.38368e+01 | 41  0.02772 -4.50483e+01 | 42  0.00565  1.97516e+01
 43 -0.02118 -5.83161e+00 | 44 -0.01299 -1.18682e+01 | 45  0.01358 -2.42493e+01
 46 -0.02236 -1.61161e+01 | 47 -0.00369 -7.29130e+00 | 48 -0.01039  3.11599e+01
 49 -0.01466  3.60234e+01 | 50  0.02213  3.87867e+01 | 51  0.00806 -6.73171e+00
 52  0.00511  7.67866e+00 | 53 -0.02733  2.58142e+01 | 54  0.00229 -5.44540e+00
 55  0.03394 -1.03923e+01 | 56 -0.02102  4.16720e+00 | 57 -0.00191  1.13925e+01
 58  0.00752 -3.14276e+01 | 59  0.00536  3.96652e+01 | 60 -0.00999 -1.43663e+01
 61  0.01393  6.49828e+00 | 62 -0.00611  2.56024e+01 | 63  0.00960  4.79628e+01
 64 -0.00943  6.96542e+01 | 65  0.01125  6.70638e+01 | 66 -0.01214  8.11756e+01
 67  0.05840 -4.12614e+00 | 68 -0.04395 -1.13756e+01 | 69  0.03294  1.12049e+01
 70  0.00268  3.70915e+00 | 71 -0.03871  2.50465e+01 | 72 -0.02095  5.17241e+00
 73  0.01281  1.55592e+01 | 74 -0.00329  3.70984e+01 | 75 -0.02471  1.07831e+01
 76 -0.00137 -5.49972e+01 | 77  0.00603  4.71451e+01 | 78 -0.00921  8.28161e+01
 79  0.02518 -2.01865e+01 | 80 -0.00960  1.86750e+01 | 81 -0.02386  1.67186e+00
 82  0.05480 -2.99998e+01 | 83  0.05021 -3.75377e+01 | 84  0.00627  7.98239e+01
 85 -0.02398  3.16058e+01 | 86 -0.02053  1.91020e+01 | 87  0.01795  5.20771e+01
 88  0.00447 -4.97663e+01 | 89 -0.01951 -8.07743e+01 | 90  0.01696  6.92219e+01
 91 -0.03434  2.57325e+01 | 92  0.00540 -3.28396e+01 | 93  0.03087 -4.22389e+01
 94  0.02528 -2.13408e+01 | 95  0.00993 -2.01394e+01 | 96 -0.03658 -1.35086e+01
 97  0.14894  1.00669e+02 | 98 -0.10352  4.75996e+01 |
Maximum number of function evaluations exceeded

 - final statistics:
98 variables; iteration 67; function evaluation 100
Function value 2.0918e+03; maximum gradient component mag 5.4621e+02
Exit code = 3;  converg criter 1.0000e+01
Var    Value     Gradient |Var    Value     Gradient |Var    Value     Gradient
  1  0.63078  5.46213e+02 |  2  0.01244 -2.08467e+01 |  3  0.02168 -4.67629e+00
  4 -0.00928 -2.49731e+00 |  5 -0.02425 -2.75596e+01 |  6 -0.01499 -1.04470e+01
  7  0.00192 -9.75213e+00 |  8 -0.00184 -1.51237e+00 |  9  0.01824 -1.58799e+01
 10  0.00191 -7.84787e+00 | 11 -0.03492 -3.02641e+01 | 12  0.00819  1.44007e+01
 13 -0.00150 -2.35914e+01 | 14 -0.00777 -3.89903e+01 | 15 -0.00925  2.89415e+01
 16 -0.03939 -3.78222e+01 | 17  0.00982 -1.99810e+00 | 18  0.03637 -1.73452e+00
 19  0.01746 -1.79271e+01 | 20  0.02338 -2.41580e+01 | 21 -0.01747 -6.85465e+01
 22 -0.00295 -2.40526e+01 | 23  0.00368  1.72514e+01 | 24  0.02856  1.82375e+01
 25  0.02351 -2.95173e+01 | 26  0.01405  6.04937e+01 | 27  0.00024  1.50576e+01
 28  0.01951  1.85349e+01 | 29  0.00400 -2.37930e+00 | 30 -0.00646 -4.19684e+00
 31 -0.03189 -1.19427e+01 | 32  0.01907 -1.11121e+01 | 33 -0.01207 -4.01016e+01
 34  0.01015 -4.12641e+01 | 35 -0.01874 -1.19943e+01 | 36 -0.01741 -8.03812e-01
 37 -0.01338 -1.22381e+01 | 38  0.05274 -7.13361e+01 | 39 -0.04534  3.16348e+01
 40 -0.05928  3.00303e+00 | 41  0.02794 -4.31886e+01 | 42  0.00500  7.80677e+00
 43 -0.01997  8.05168e+00 | 44 -0.01190  2.49533e+00 | 45  0.01467 -4.33353e+00
 46 -0.02302 -2.34518e+01 | 47 -0.00339 -3.84965e+00 | 48 -0.01078  2.41881e+01
 49 -0.01497  3.00737e+01 | 50  0.02137  1.52431e+01 | 51  0.00775 -1.66132e+01
 52  0.00548  1.42743e+01 | 53 -0.02804  1.41836e+01 | 54  0.00295  1.14993e+01
 55  0.03404 -9.41262e+00 | 56 -0.02089  5.57651e+00 | 57 -0.00212  4.82281e+00
 58  0.00852 -4.59125e+00 | 59  0.00472  1.96130e+01 | 60 -0.00940 -2.39043e+00
 61  0.01402  7.39009e+00 | 62 -0.00604  2.50986e+01 | 63  0.00909  2.95472e+01
 64 -0.00962  6.26934e+01 | 65  0.01075  4.77531e+01 | 66 -0.01323  5.35666e+01
 67  0.05849 -6.87057e+00 | 68 -0.04340 -2.83239e+00 | 69  0.03305  1.21109e+01
 70  0.00282  5.49380e+00 | 71 -0.03934  1.39093e+01 | 72 -0.02019  2.24539e+01
 73  0.01292  1.73578e+01 | 74 -0.00373  2.25415e+01 | 75 -0.02425  2.11217e+01
 76 -0.00065 -3.41385e+01 | 77  0.00566  3.39204e+01 | 78 -0.01007  5.96997e+01
 79  0.02549 -9.43741e+00 | 80 -0.00958  1.95649e+01 | 81 -0.02377  4.35233e+00
 82  0.05503 -1.80146e+01 | 83  0.05054 -2.18558e+01 | 84  0.00543  5.88275e+01
 85 -0.02393  3.29533e+01 | 86 -0.02112  8.38813e+00 | 87  0.01689  2.25529e+01
 88  0.00529 -2.72472e+01 | 89 -0.01880 -6.62404e+01 | 90  0.01593  5.21174e+01
 91 -0.03357  3.58427e+01 | 92  0.00502 -3.39634e+01 | 93  0.02947 -5.06209e+01
 94  0.02667 -1.36338e+01 | 95  0.00814 -2.60756e+01 | 96 -0.03609 -9.68027e+00
 97  0.14898  1.03904e+02 | 98 -0.10369  4.01744e+01 |

Initial statistics: 100 variables; iteration 0; function evaluation 0; phase 3
Function value 2.0918355e+03; maximum gradient component mag 5.4621e+02
Var    Value     Gradient |Var    Value     Gradient |Var    Value     Gradient
  1  0.63078  5.46213e+02 |  2  0.01244 -2.08334e+01 |  3  0.02168 -4.66292e+00
  4 -0.00928 -2.48394e+00 |  5 -0.02425 -2.75462e+01 |  6 -0.01499 -1.04337e+01
  7  0.00192 -9.73876e+00 |  8 -0.00184 -1.49900e+00 |  9  0.01824 -1.58666e+01
 10  0.00191 -7.83450e+00 | 11 -0.03492 -3.02508e+01 | 12  0.00819  1.44141e+01
 13 -0.00150 -2.35780e+01 | 14 -0.00777 -3.89770e+01 | 15 -0.00925  2.89549e+01
 16 -0.03939 -3.78089e+01 | 17  0.00982 -1.98473e+00 | 18  0.03637 -1.72117e+00
 19  0.01746 -1.79137e+01 | 20  0.02338 -2.41446e+01 | 21 -0.01747 -6.85332e+01
 22 -0.00295 -2.40392e+01 | 23  0.00368  1.72647e+01 | 24  0.02856  1.82508e+01
 25  0.02351 -2.95040e+01 | 26  0.01405  6.05070e+01 | 27  0.00024  1.50710e+01
 28  0.01951  1.85483e+01 | 29  0.00400 -2.36593e+00 | 30 -0.00646 -4.18347e+00
 31 -0.03189 -1.19294e+01 | 32  0.01907 -1.10987e+01 | 33 -0.01207 -4.00882e+01
 34  0.01015 -4.12507e+01 | 35 -0.01874 -1.19809e+01 | 36 -0.01741 -7.90445e-01
 37 -0.01337 -1.22247e+01 | 38  0.05274 -7.13227e+01 | 39 -0.04534  3.16481e+01
 40 -0.05928  3.01634e+00 | 41  0.02794 -4.31753e+01 | 42  0.00500  7.82014e+00
 43 -0.01997  8.06505e+00 | 44 -0.01190  2.50870e+00 | 45  0.01467 -4.32016e+00
 46 -0.02302 -2.34384e+01 | 47 -0.00339 -3.83628e+00 | 48 -0.01078  2.42015e+01
 49 -0.01497  3.00871e+01 | 50  0.02137  1.52565e+01 | 51  0.00775 -1.65998e+01
 52  0.00548  1.42877e+01 | 53 -0.02804  1.41970e+01 | 54  0.00295  1.15127e+01
 55  0.03404 -9.39927e+00 | 56 -0.02089  5.58987e+00 | 57 -0.00212  4.83618e+00
 58  0.00852 -4.57788e+00 | 59  0.00472  1.96263e+01 | 60 -0.00940 -2.37706e+00
 61  0.01402  7.40346e+00 | 62 -0.00604  2.51119e+01 | 63  0.00909  2.95605e+01
 64 -0.00962  6.27068e+01 | 65  0.01075  4.77664e+01 | 66 -0.01323  5.35799e+01
 67  0.05849 -6.85726e+00 | 68 -0.04340 -2.81904e+00 | 69  0.03305  1.21242e+01
 70  0.00282  5.50717e+00 | 71 -0.03934  1.39226e+01 | 72 -0.02019  2.24672e+01
 73  0.01292  1.73712e+01 | 74 -0.00373  2.25549e+01 | 75 -0.02425  2.11350e+01
 76 -0.00065 -3.41252e+01 | 77  0.00566  3.39337e+01 | 78 -0.01007  5.97130e+01
 79  0.02549 -9.42405e+00 | 80 -0.00958  1.95783e+01 | 81 -0.02377  4.36569e+00
 82  0.05503 -1.80013e+01 | 83  0.05054 -2.18425e+01 | 84  0.00543  5.88408e+01
 85 -0.02393  3.29667e+01 | 86 -0.02112  8.40150e+00 | 87  0.01689  2.25663e+01
 88  0.00529 -2.72338e+01 | 89 -0.01880 -6.62270e+01 | 90  0.01593  5.21308e+01
 91 -0.03357  3.58561e+01 | 92  0.00502 -3.39500e+01 | 93  0.02947 -5.06075e+01
 94  0.02667 -1.36204e+01 | 95  0.00814 -2.60622e+01 | 96 -0.03609 -9.66692e+00
 97  0.14898  1.03904e+02 | 98 -0.41581 -3.11925e+02 | 99 -0.10369  4.01744e+01
100 -0.25275 -2.91585e+01 |

Intermediate statistics: 100 variables; iteration 20; function evaluation 26; phase 3
Function value 2.0902179e+03; maximum gradient component mag 4.5582e+02
Var    Value     Gradient |Var    Value     Gradient |Var    Value     Gradient
  1  0.63028  4.55821e+02 |  2  0.01508 -1.23359e+01 |  3  0.01718 -1.32629e+01
  4 -0.01574 -1.44810e+01 |  5 -0.01853 -1.17783e+01 |  6 -0.01696 -1.28865e+01
  7  0.00048 -1.18736e+01 |  8 -0.00541 -1.10037e+01 |  9  0.01878 -1.12213e+01
 10  0.00074 -1.07288e+01 | 11 -0.03082 -1.33510e+01 | 12  0.00427 -6.72125e+00
 13  0.00014 -1.10123e+01 | 14 -0.00435 -1.34606e+01 | 15 -0.01369 -9.59494e-01
 16 -0.03562 -1.26963e+01 | 17  0.00962 -2.76166e+00 | 18  0.03647  2.07886e+00
 19  0.01786 -8.67157e+00 | 20  0.02385 -1.17711e+01 | 21 -0.01318 -2.38269e+01
 22 -0.00214 -1.12514e+01 | 23  0.00234  2.56534e+00 | 24  0.02800  1.03492e+01
 25  0.02445 -1.20840e+01 | 26  0.01160  2.51060e+01 | 27 -0.00080  3.14661e+00
 28  0.01892  9.93995e+00 | 29  0.00383 -2.56711e+00 | 30 -0.00662 -3.95663e+00
 31 -0.03168 -7.61947e+00 | 32  0.01937 -2.78268e+00 | 33 -0.01009 -1.35408e+01
 34  0.01153 -1.53643e+01 | 35 -0.01823 -4.04977e+00 | 36 -0.01749 -1.19305e-01
 37 -0.01279 -3.95752e+00 | 38  0.05305 -6.47224e+01 | 39 -0.04950  2.05803e+00
 40 -0.06083 -5.08876e+00 | 41  0.02916 -1.48189e+01 | 42  0.00505  9.99962e+00
 43 -0.02042  4.23009e+00 | 44 -0.01185  4.16048e+00 | 45  0.01517  5.68559e+00
 46 -0.02156 -5.16760e+00 | 47 -0.00287  4.54010e+00 | 48 -0.01130  1.58660e+01
 49 -0.01582  1.74703e+01 | 50  0.02170  2.08405e+01 | 51  0.00853 -2.52302e-01
 52  0.00582  2.01383e+01 | 53 -0.02809  1.25806e+01 | 54  0.00329  1.77565e+01
 55  0.03364 -3.76314e+01 | 56 -0.02065  8.55156e+00 | 57 -0.00166  1.25989e+01
 58  0.00892  2.92712e+00 | 59  0.00510  2.47982e+01 | 60 -0.00891  5.56916e+00
 61  0.01434  1.01232e+01 | 62 -0.00581  2.69001e+01 | 63  0.00972  4.19065e+01
 64 -0.00997  5.25441e+01 | 65  0.01146  6.18830e+01 | 66 -0.01367  3.60713e+01
 67  0.05599 -1.88034e+02 | 68 -0.04322 -3.43603e+00 | 69  0.03343  1.74527e+01
 70  0.00330  1.56927e+01 | 71 -0.03935  1.23007e+01 | 72 -0.01991  2.62924e+01
 73  0.01348  3.01243e+01 | 74 -0.00324  3.19080e+01 | 75 -0.02424  1.76780e+01
 76 -0.00025 -2.70322e+01 | 77  0.00618  4.37575e+01 | 78 -0.01019  5.43700e+01
 79  0.02602  4.68755e+00 | 80 -0.00944  2.16519e+01 | 81 -0.02371  4.00175e+00
 82  0.05425 -6.80105e+01 | 83  0.05029 -4.22519e+01 | 84  0.00522  5.21611e+01
 85 -0.02471  1.94736e+01 | 86 -0.02127  7.36976e+00 | 87  0.01702  2.87866e+01
 88  0.00538 -1.93181e+01 | 89 -0.01687 -3.33352e+01 | 90  0.01463  2.58969e+01
 91 -0.03725  1.65665e+00 | 92  0.00568 -2.11286e+01 | 93  0.03182 -2.48866e+01
 94  0.02604 -1.36979e+01 | 95  0.01011 -1.47702e+01 | 96 -0.03761 -1.32997e+01
 97  0.15244  9.02247e+01 | 98 -0.41317 -1.80498e+02 | 99 -0.10623  1.97481e+01
100 -0.25414 -3.52957e+01 |
100 variables; iteration 40; function evaluation 55; phase 3
Function value 2.0887278e+03; maximum gradient component mag -1.4547e+01
Var    Value     Gradient |Var    Value     Gradient |Var    Value     Gradient
  1  0.62855  1.09433e+01 |  2  0.01400 -1.86363e+00 |  3  0.01539 -4.92343e+00
  4 -0.01368  3.08760e+00 |  5 -0.01873  6.10149e-01 |  6 -0.01798 -2.79862e+00
  7  0.00018 -8.41394e-01 |  8 -0.00610 -1.42267e+00 |  9  0.01864 -1.52544e+00
 10  0.00158  3.63836e+00 | 11 -0.03082 -1.76618e+00 | 12  0.00322 -3.37756e+00
 13  0.00087  2.54747e+00 | 14 -0.00333  2.15228e+00 | 15 -0.01433  3.29684e+00
 16 -0.03419  5.75566e+00 | 17  0.00956  7.87995e-01 | 18  0.03631 -1.57559e+00
 19  0.01833  1.93717e+00 | 20  0.02445  1.18392e+00 | 21 -0.01100  5.50850e+00
 22 -0.00180 -9.40358e-01 | 23  0.00196  2.71164e+00 | 24  0.02727 -2.32207e+00
 25  0.02523  5.43743e-01 | 26  0.00972 -1.74693e-01 | 27 -0.00119  1.78412e+00
 28  0.01836  3.93611e-01 | 29  0.00420  5.84192e+00 | 30 -0.00661  3.30743e-01
 31 -0.03156  3.02897e-01 | 32  0.01958 -1.42465e+00 | 33 -0.00936 -2.00539e+00
 34  0.01277  2.52097e+00 | 35 -0.01809 -2.63187e-01 | 36 -0.01773 -1.16986e+00
 37 -0.01265 -7.41762e-01 | 38  0.05586  9.74316e-01 | 39 -0.04984  6.33921e+00
 40 -0.06116  5.45768e-02 | 41  0.03063  2.60524e+00 | 42  0.00471 -2.84338e+00
 43 -0.02080 -1.02706e+00 | 44 -0.01195 -3.48405e-01 | 45  0.01544 -1.76382e+00
 46 -0.02087  1.06877e+00 | 47 -0.00283 -3.13551e+00 | 48 -0.01233 -5.88357e+00
 49 -0.01679 -2.44206e+00 | 50  0.02194  2.71017e+00 | 51  0.00926 -2.69223e+00
 52  0.00563 -3.80847e+00 | 53 -0.02869 -3.16300e+00 | 54  0.00343  4.14877e+00
 55  0.03526 -6.27375e-02 | 56 -0.02070 -3.77396e-02 | 57 -0.00161 -1.32835e+00
 58  0.00953 -1.31511e-01 | 59  0.00479 -1.84727e+00 | 60 -0.00864  7.55686e-01
 61  0.01483  4.75515e+00 | 62 -0.00618  4.97774e+00 | 63  0.00938  8.09034e+00
 64 -0.01173 -9.52132e-01 | 65  0.01055  8.91427e+00 | 66 -0.01496  1.82005e+00
 67  0.05970 -6.95430e+00 | 68 -0.04311  9.08962e-01 | 69  0.03387  1.93482e+00
 70  0.00331 -3.40187e+00 | 71 -0.03976  1.44350e+00 | 72 -0.02049  2.92197e+00
 73  0.01334  1.23055e+00 | 74 -0.00364  6.55324e+00 | 75 -0.02492 -5.47078e-01
 76  0.00111  1.57083e+00 | 77  0.00497 -7.74333e+00 | 78 -0.01178  7.37644e+00
 79  0.02651  3.38876e+00 | 80 -0.01009  1.87691e+00 | 81 -0.02393  1.71316e+00
 82  0.05592 -2.14008e+00 | 83  0.05149 -3.78441e+00 | 84  0.00335  2.78049e+00
 85 -0.02583  3.17553e+00 | 86 -0.02135  9.73470e+00 | 87  0.01603  3.57735e+00
 88  0.00565 -3.51804e+00 | 89 -0.01563 -1.66518e+00 | 90  0.01300  4.07758e+00
 91 -0.03904 -1.90127e+00 | 92  0.00657  4.32034e+00 | 93  0.03224 -5.06698e+00
 94  0.02648  2.02242e+00 | 95  0.00917 -4.99601e+00 | 96 -0.03661  4.73185e+00
 97  0.15433 -1.45472e+01 | 98 -0.41166  9.96176e+00 | 99 -0.10646  1.73946e+00
100 -0.25422 -8.22060e-01 |
100 variables; iteration 60; function evaluation 82; phase 3
Function value 2.0886877e+03; maximum gradient component mag 7.4641e+00
Var    Value     Gradient |Var    Value     Gradient |Var    Value     Gradient
  1  0.62854  3.13388e+00 |  2  0.01483 -4.35917e-02 |  3  0.01661 -1.96959e+00
  4 -0.01462  9.50674e-01 |  5 -0.01902 -9.93698e-02 |  6 -0.01683  7.89997e-02
  7  0.00034 -2.39521e-01 |  8 -0.00572 -8.30446e-02 |  9  0.01926  1.62367e+00
 10  0.00095  1.13403e+00 | 11 -0.03036  3.01115e-03 | 12  0.00349 -1.48332e+00
 13  0.00057  9.74423e-01 | 14 -0.00337  2.06101e+00 | 15 -0.01466  9.86920e-01
 16 -0.03500  6.32033e-01 | 17  0.00949 -9.35649e-02 | 18  0.03636 -4.49333e-01
 19  0.01824  6.49730e-01 | 20  0.02436 -2.76055e-01 | 21 -0.01170 -1.57784e+00
 22 -0.00177 -6.54627e-01 | 23  0.00184  1.43620e+00 | 24  0.02739  2.98058e-01
 25  0.02520  5.37432e-01 | 26  0.00967 -6.87388e-01 | 27 -0.00129  6.37157e-01
 28  0.01837  7.17016e-01 | 29  0.00377 -4.34861e-01 | 30 -0.00663  1.09878e-01
 31 -0.03168 -7.87735e-01 | 32  0.01966  4.22281e-01 | 33 -0.00933 -1.44781e+00
 34  0.01263  5.16656e-01 | 35 -0.01805  2.51940e-01 | 36 -0.01772 -1.00666e+00
 37 -0.01264 -5.90345e-01 | 38  0.05585  1.16563e+00 | 39 -0.05039  2.37123e+00
 40 -0.06110  3.18942e-01 | 41  0.03050 -9.95364e-02 | 42  0.00469 -3.04730e+00
 43 -0.02085 -1.57993e+00 | 44 -0.01202 -1.23699e+00 | 45  0.01549 -9.61406e-01
 46 -0.02090  6.04164e-01 | 47 -0.00285 -3.60776e+00 | 48 -0.01198 -9.64189e-01
 49 -0.01666 -7.01162e-01 | 50  0.02194  2.51084e+00 | 51  0.00932 -1.59289e+00
 52  0.00571 -2.32078e+00 | 53 -0.02866 -3.04652e+00 | 54  0.00327 -6.74485e-01
 55  0.03529  3.66970e-01 | 56 -0.02065  1.03890e+00 | 57 -0.00151  1.04737e+00
 58  0.00951 -6.02833e-01 | 59  0.00488  9.21592e-01 | 60 -0.00866  2.02183e-01
 61  0.01474  1.61005e+00 | 62 -0.00633  5.87377e-01 | 63  0.00909 -1.20581e+00
 64 -0.01179 -2.93131e+00 | 65  0.01035  2.53862e+00 | 66 -0.01487  3.69946e+00
 67  0.05978 -1.77768e+00 | 68 -0.04312  6.90157e-01 | 69  0.03384  3.25857e-01
 70  0.00347  1.10053e+00 | 71 -0.03980  5.25740e-01 | 72 -0.02057  7.44466e-01
 73  0.01332 -3.81850e-01 | 74 -0.00369  4.77131e+00 | 75 -0.02486  6.04563e-01
 76  0.00105  8.21160e-02 | 77  0.00512 -3.61351e+00 | 78 -0.01201  1.88084e+00
 79  0.02646  5.40524e-01 | 80 -0.01016  1.17202e-01 | 81 -0.02397  7.33588e-01
 82  0.05595 -6.17561e-01 | 83  0.05156 -7.01004e-01 | 84  0.00327  6.38480e-01
 85 -0.02583  2.48708e+00 | 86 -0.02177  1.82113e+00 | 87  0.01617  7.46406e+00
 88  0.00587  2.09553e+00 | 89 -0.01545  9.08658e-01 | 90  0.01280 -6.86958e-01
 91 -0.03913 -3.34916e+00 | 92  0.00647  2.98227e+00 | 93  0.03268 -1.37716e+00
 94  0.02620  6.30577e-01 | 95  0.00992 -1.94100e+00 | 96 -0.03725  1.81868e+00
 97  0.15459 -4.79134e+00 | 98 -0.41152  3.07764e+00 | 99 -0.10669 -4.20118e-01
100 -0.25436 -6.36979e-01 |
Maximum number of function evaluations exceeded

 - final statistics:
100 variables; iteration 73; function evaluation 100
Function value 2.0887e+03; maximum gradient component mag 3.0591e+00
Exit code = 3;  converg criter 1.0000e+00
Var    Value     Gradient |Var    Value     Gradient |Var    Value     Gradient
  1  0.62851  1.32697e+00 |  2  0.01451 -7.86358e-01 |  3  0.01714 -7.21217e-01
  4 -0.01498  1.17576e-01 |  5 -0.01891  1.37404e-01 |  6 -0.01673  2.94477e-01
  7  0.00055  3.75104e-01 |  8 -0.00575 -2.15217e-01 |  9  0.01909  8.20315e-01
 10  0.00105  1.54126e+00 | 11 -0.03036 -4.12015e-02 | 12  0.00359 -1.02728e+00
 13  0.00042 -9.02601e-02 | 14 -0.00359  4.78591e-01 | 15 -0.01477  1.49896e-01
 16 -0.03508  3.83631e-02 | 17  0.00953  2.99362e-01 | 18  0.03638 -1.07716e-02
 19  0.01826  9.21628e-01 | 20  0.02434 -5.68184e-01 | 21 -0.01164 -8.78346e-01
 22 -0.00170  2.79049e-01 | 23  0.00177  5.91122e-01 | 24  0.02739  2.10446e-01
 25  0.02519  3.60697e-01 | 26  0.00967 -6.69156e-01 | 27 -0.00131  4.37942e-01
 28  0.01829 -7.68003e-01 | 29  0.00380  5.80716e-02 | 30 -0.00664 -2.18444e-02
 31 -0.03160 -1.09287e-01 | 32  0.01964  1.63856e-01 | 33 -0.00922 -1.46435e-01
 34  0.01259 -7.56325e-02 | 35 -0.01811 -4.01143e-01 | 36 -0.01767 -3.23764e-01
 37 -0.01261 -1.04130e-01 | 38  0.05582  1.54678e-01 | 39 -0.05058  1.02990e+00
 40 -0.06115 -3.56227e-02 | 41  0.03050 -1.66559e-01 | 42  0.00480 -1.11708e+00
 43 -0.02071  8.06981e-02 | 44 -0.01189  4.02437e-01 | 45  0.01549 -8.51343e-01
 46 -0.02100 -4.78102e-01 | 47 -0.00272 -1.57098e+00 | 48 -0.01189  4.16476e-01
 49 -0.01662 -6.61785e-02 | 50  0.02188  1.10214e+00 | 51  0.00933 -1.37522e+00
 52  0.00578 -3.96933e-01 | 53 -0.02857 -1.54196e+00 | 54  0.00329 -9.31907e-02
 55  0.03528  6.63123e-02 | 56 -0.02063  1.24742e+00 | 57 -0.00155 -7.34560e-02
 58  0.00952 -5.21635e-01 | 59  0.00488  5.87026e-01 | 60 -0.00864  4.70914e-01
 61  0.01472  4.64447e-01 | 62 -0.00633  5.04832e-01 | 63  0.00911 -8.16354e-01
 64 -0.01170 -1.17189e+00 | 65  0.01031  1.01222e+00 | 66 -0.01499  9.03505e-01
 67  0.05981 -7.42763e-01 | 68 -0.04312  5.83151e-01 | 69  0.03385  8.36251e-02
 70  0.00346  5.19080e-01 | 71 -0.03981  1.62371e-01 | 72 -0.02056  6.48988e-01
 73  0.01334 -1.74245e-01 | 74 -0.00378  1.65294e+00 | 75 -0.02485  3.50206e-01
 76  0.00107  3.97535e-01 | 77  0.00518 -1.87942e+00 | 78 -0.01204  9.79077e-01
 79  0.02646  1.71891e-01 | 80 -0.01016 -1.17911e-01 | 81 -0.02397  4.88675e-01
 82  0.05596 -2.76497e-01 | 83  0.05157 -2.68415e-01 | 84  0.00325  2.81468e-02
 85 -0.02594  5.16444e-01 | 86 -0.02180  1.03611e+00 | 87  0.01602  3.05905e+00
 88  0.00584  1.31628e+00 | 89 -0.01547  7.51397e-01 | 90  0.01278 -5.56520e-01
 91 -0.03898 -1.77880e+00 | 92  0.00634  1.74112e+00 | 93  0.03268 -1.29774e+00
 94  0.02612  2.69696e-01 | 95  0.01028 -4.53548e-01 | 96 -0.03759  3.53082e-01
 97  0.15465 -2.11929e+00 | 98 -0.41149  8.07742e-01 | 99 -0.10673 -6.26415e-01
100 -0.25437 -4.14628e-01 |

Initial statistics: 108 variables; iteration 0; function evaluation 0; phase 4
Function value 2.0886805e+03; maximum gradient component mag 1.4541e+03
Var    Value     Gradient |Var    Value     Gradient |Var    Value     Gradient
  1 -0.42263 -5.32232e+00 |  2 -0.42263  1.45414e+03 |  3 -0.41094  4.57028e+02
  4  0.62851  1.32697e+00 |  5  0.00000 -1.27771e+01 |  6  0.00000  7.57123e+00
  7  0.00000  9.18329e+00 |  8  0.00000  5.77491e+00 |  9  0.00000 -5.30372e+00
 10  0.01450 -8.49971e-01 | 11  0.01714 -7.84824e-01 | 12 -0.01498  5.39639e-02
 13 -0.01891  7.38023e-02 | 14 -0.01673  2.30869e-01 | 15  0.00055  3.11474e-01
 16 -0.00575 -2.78844e-01 | 17  0.01909  7.56714e-01 | 18  0.00105  1.47763e+00
 19 -0.03036 -1.04759e-01 | 20  0.00359 -1.09090e+00 | 21  0.00042 -1.53890e-01
 22 -0.00359  4.14962e-01 | 23 -0.01477  8.62834e-02 | 24 -0.03508 -2.51702e-02
 25  0.00953  2.35739e-01 | 26  0.03638 -7.42977e-02 | 27  0.01825  8.58024e-01
 28  0.02434 -6.31767e-01 | 29 -0.01164 -9.41966e-01 | 30 -0.00170  2.15420e-01
 31  0.00177  5.27492e-01 | 32  0.02739  1.46875e-01 | 33  0.02519  2.97117e-01
 34  0.00967 -7.32778e-01 | 35 -0.00131  3.74313e-01 | 36  0.01829 -8.31607e-01
 37  0.00380 -5.55713e-03 | 38 -0.00664 -8.54708e-02 | 39 -0.03161 -1.72838e-01
 40  0.01964  1.00257e-01 | 41 -0.00922 -2.10058e-01 | 42  0.01259 -1.39250e-01
 43 -0.01811 -4.64747e-01 | 44 -0.01767 -3.87370e-01 | 45 -0.01261 -1.67748e-01
 46  0.05582  9.12923e-02 | 47 -0.05058  9.66472e-01 | 48 -0.06115 -9.89592e-02
 49  0.03049 -2.30116e-01 | 50  0.00480 -1.18071e+00 | 51 -0.02071  1.71019e-02
 52 -0.01190  3.38818e-01 | 53  0.01549 -9.14954e-01 | 54 -0.02100 -5.41698e-01
 55 -0.00273 -1.63461e+00 | 56 -0.01189  3.52857e-01 | 57 -0.01662 -1.29787e-01
 58  0.02188  1.03855e+00 | 59  0.00933 -1.43884e+00 | 60  0.00578 -4.60560e-01
 61 -0.02857 -1.60553e+00 | 62  0.00329 -1.56820e-01 | 63  0.03528  2.78013e-03
 64 -0.02063  1.18382e+00 | 65 -0.00155 -1.37086e-01 | 66  0.00952 -5.85258e-01
 67  0.00488  5.23398e-01 | 68 -0.00864  4.07290e-01 | 69  0.01472  4.00835e-01
 70 -0.00633  4.41205e-01 | 71  0.00911 -8.79977e-01 | 72 -0.01170 -1.23551e+00
 73  0.01030  9.48594e-01 | 74 -0.01499  8.39893e-01 | 75  0.05981 -8.06113e-01
 76 -0.04312  5.19667e-01 | 77  0.03385  2.00851e-02 | 78  0.00346  4.55451e-01
 79 -0.03982  9.88651e-02 | 80 -0.02057  5.85391e-01 | 81  0.01333 -2.37861e-01
 82 -0.00378  1.58931e+00 | 83 -0.02485  2.86625e-01 | 84  0.00107  3.33906e-01
 85  0.00518 -1.94304e+00 | 86 -0.01204  9.15459e-01 | 87  0.02646  1.08316e-01
 88 -0.01016 -1.81533e-01 | 89 -0.02397  4.25090e-01 | 90  0.05596 -3.39881e-01
 91  0.05157 -3.31836e-01 | 92  0.00325 -3.54823e-02 | 93 -0.02594  4.52867e-01
 94 -0.02180  9.72513e-01 | 95  0.01602  2.99544e+00 | 96  0.00584  1.25265e+00
 97 -0.01547  6.87786e-01 | 98  0.01278 -6.20137e-01 | 99 -0.03898 -1.84231e+00
100  0.00634  1.67749e+00 |101  0.03268 -1.36129e+00 |102  0.02612  2.06120e-01
103  0.01027 -5.17170e-01 |104 -0.03759  2.89563e-01 |105  0.15465 -2.11929e+00
106 -0.41149  8.07742e-01 |107 -0.10673 -6.26415e-01 |108 -0.25437 -4.14628e-01

Intermediate statistics: 108 variables; iteration 20; function evaluation 23; phase 4
Function value 2.0871260e+03; maximum gradient component mag 1.1259e+03
Var    Value     Gradient |Var    Value     Gradient |Var    Value     Gradient
  1 -0.39688  3.37639e+01 |  2 -0.42191  1.12593e+03 |  3 -0.41836  4.37259e+02
  4  0.62896  1.58654e+02 |  5 -0.00213 -1.97389e+01 |  6 -0.00171  4.17384e+00
  7 -0.00196  5.18901e+00 |  8 -0.00093  3.50048e+00 |  9 -0.00037 -6.67233e+00
 10  0.01352 -9.36891e+00 | 11  0.01595 -1.02091e+01 | 12 -0.01580 -7.98814e+00
 13 -0.01979 -8.27955e+00 | 14 -0.01771 -8.79032e+00 | 15 -0.00077 -1.09427e+01
 16 -0.00714 -1.21226e+01 | 17  0.01741 -1.57438e+01 | 18 -0.00011 -1.19566e+01
 19 -0.03134 -1.11559e+01 | 20  0.00199 -1.95251e+01 | 21 -0.00071 -1.65436e+01
 22 -0.00430 -1.33385e+01 | 23 -0.01529 -1.12597e+01 | 24 -0.03548 -9.04146e+00
 25  0.00910 -1.21169e+01 | 26  0.03636 -8.12199e+00 | 27  0.01795 -1.05146e+01
 28  0.02409 -1.11490e+01 | 29 -0.01232 -1.33045e+01 | 30 -0.00217 -1.28192e+01
 31  0.00136 -1.29378e+01 | 32  0.02751 -6.82591e+00 | 33  0.02529 -4.58849e+00
 34  0.00941 -1.13377e+01 | 35 -0.00155 -8.88912e+00 | 36  0.01824 -8.40124e+00
 37  0.00356 -1.04311e+01 | 38 -0.00700 -1.05153e+01 | 39 -0.03197 -8.65648e+00
 40  0.01980 -2.90786e+00 | 41 -0.00942 -6.84039e+00 | 42  0.01260 -3.89623e+00
 43 -0.01853 -1.01387e+01 | 44 -0.01813 -1.07858e+01 | 45 -0.01304 -1.07793e+01
 46  0.05617  8.40195e+00 | 47 -0.05053 -3.03193e+00 | 48 -0.06138 -5.86898e+00
 49  0.03091  7.49507e+00 | 50  0.00498 -2.44063e+00 | 51 -0.02067 -3.28137e+00
 52 -0.01155  1.91623e+00 | 53  0.01611  1.00660e+01 | 54 -0.02055  2.63415e+00
 55 -0.00211  7.31298e+00 | 56 -0.01111  9.79118e+00 | 57 -0.01586  8.83022e+00
 58  0.02256  2.19476e+01 | 59  0.00999  1.75357e+01 | 60  0.00637  1.83532e+01
 61 -0.02789  1.07524e+01 | 62  0.00382  1.66533e+01 | 63  0.03490 -1.33250e+01
 64 -0.02005  1.21865e+01 | 65 -0.00111  1.38371e+01 | 66  0.00990  1.34682e+01
 67  0.00519  1.20377e+01 | 68 -0.00829  9.82367e+00 | 69  0.01501  1.09442e+01
 70 -0.00592  1.02212e+01 | 71  0.00935  7.80847e+00 | 72 -0.01131  7.41405e+00
 73  0.01061  8.74869e+00 | 74 -0.01454  1.03751e+01 | 75  0.06060  6.14552e+01
 76 -0.04272  4.92683e+00 | 77  0.03331 -1.13721e+01 | 78  0.00350  5.32169e-01
 79 -0.03952  3.48364e+00 | 80 -0.02031  5.36959e+00 | 81  0.01345  3.85275e+00
 82 -0.00351  6.39216e+00 | 83 -0.02459  3.94786e+00 | 84  0.00150  1.13745e+01
 85  0.00548  5.56471e+00 | 86 -0.01180  3.85051e+00 | 87  0.02640 -6.72913e+00
 88 -0.00975  3.87053e+00 | 89 -0.02346  4.53712e+00 | 90  0.05638  1.82582e+01
 91  0.05170  7.34438e-01 | 92  0.00348  2.04254e+00 | 93 -0.02524  8.96082e+00
 94 -0.02100  1.16105e+01 | 95  0.01657  9.98296e+00 | 96  0.00657  8.25779e+00
 97 -0.01441  9.48937e+00 | 98  0.01384  9.22534e+00 | 99 -0.03894 -8.50226e+00
100  0.00728  3.30065e+00 |101  0.03170 -1.80287e+01 |102  0.02655 -4.56730e+00
103  0.01007 -6.83215e+00 |104 -0.03762 -5.27130e+00 |105  0.15490 -9.66434e+01
106 -0.41169  1.29731e+02 |107 -0.10114  9.40877e+01 |108 -0.25349 -1.46552e+02
108 variables; iteration 40; function evaluation 48; phase 4
Function value 2.0861754e+03; maximum gradient component mag 5.0268e+02
Var    Value     Gradient |Var    Value     Gradient |Var    Value     Gradient
  1 -0.38224  2.15814e+01 |  2 -0.42131  5.02676e+02 |  3 -0.42382  2.01511e+02
  4  0.62971  6.14833e+01 |  5  0.00215 -9.06473e+00 |  6 -0.00569 -1.99741e+00
  7 -0.00583 -8.00938e-01 |  8  0.00037  6.26530e+00 |  9 -0.00212 -9.68278e+00
 10  0.01432 -3.57413e+00 | 11  0.01811 -8.73426e-01 | 12 -0.01515 -2.63062e+00
 13 -0.01874 -1.92156e+00 | 14 -0.01580  4.02872e-02 | 15  0.00188  1.46205e+00
 16 -0.00464  1.78231e-01 | 17  0.01562 -1.90423e+01 | 18 -0.00175 -1.44061e+01
 19 -0.03132 -6.95217e+00 | 20  0.00403 -3.32220e+00 | 21  0.00058 -3.69883e+00
 22 -0.00457 -1.03926e+01 | 23 -0.01568 -9.47883e+00 | 24 -0.03546 -4.93456e+00
 25  0.00934 -5.88493e+00 | 26  0.03657 -2.13734e+00 | 27  0.01823 -3.50002e+00
 28  0.02428 -4.19851e+00 | 29 -0.01158 -1.70494e+00 | 30 -0.00201 -6.72419e+00
 31  0.00153 -8.04908e+00 | 32  0.02753 -4.04636e+00 | 33  0.02499 -4.23021e+00
 34  0.00960 -4.22685e+00 | 35 -0.00152 -4.08080e+00 | 36  0.01822 -4.71262e+00
 37  0.00387 -2.94849e+00 | 38 -0.00675 -4.67763e+00 | 39 -0.03169 -2.94577e+00
 40  0.01979 -1.56364e+00 | 41 -0.00920 -1.15248e+00 | 42  0.01250 -2.26257e+00
 43 -0.01797 -1.18203e+00 | 44 -0.01754 -1.94404e+00 | 45 -0.01254 -3.83765e+00
 46  0.05603  1.38716e+00 | 47 -0.05087 -2.69863e+00 | 48 -0.06117 -1.81420e+00
 49  0.03072  1.64448e+00 | 50  0.00525  1.42157e+00 | 51 -0.02054 -1.17462e+00
 52 -0.01169  3.11159e-01 | 53  0.01611  8.03544e+00 | 54 -0.02094 -1.31099e+00
 55 -0.00228  3.81019e+00 | 56 -0.01128  5.81774e+00 | 57 -0.01596  5.64429e+00
 58  0.02230  1.00167e+01 | 59  0.00979  9.64193e+00 | 60  0.00620  1.06407e+01
 61 -0.02827  4.59852e+00 | 62  0.00368  1.21960e+01 | 63  0.03509 -5.12411e+00
 64 -0.02045  4.69970e+00 | 65 -0.00156  1.26662e+00 | 66  0.00980  7.85303e+00
 67  0.00515  1.01569e+01 | 68 -0.00839  8.07411e+00 | 69  0.01518  1.48062e+01
 70 -0.00609  4.31732e+00 | 71  0.00911 -4.21477e-01 | 72 -0.01162 -1.70815e-01
 73  0.01057  4.00555e+00 | 74 -0.01475  2.77273e+00 | 75  0.06021  2.69042e+01
 76 -0.04299  2.04063e+00 | 77  0.03341 -3.69370e+00 | 78  0.00335 -3.78322e+00
 79 -0.03976  1.82778e+00 | 80 -0.02045  3.59964e+00 | 81  0.01347  4.86278e+00
 82 -0.00370 -3.91735e-02 | 83 -0.02496 -1.70491e+00 | 84  0.00130  3.63673e+00
 85  0.00530  1.73670e+00 | 86 -0.01206  5.61504e-01 | 87  0.02648 -7.96215e-01
 88 -0.00985  4.02279e+00 | 89 -0.02362  3.88423e+00 | 90  0.05624  1.03280e+01
 91  0.05155  2.56426e+00 | 92  0.00284 -5.21167e+00 | 93 -0.02608  2.31444e+00
 94 -0.02155  9.40396e+00 | 95  0.01585  4.38257e-01 | 96  0.00602  5.76384e+00
 97 -0.01565 -1.64932e+00 | 98  0.01304  5.94919e+00 | 99 -0.03943 -5.41669e+00
100  0.00544 -7.76084e+00 |101  0.03072 -1.42576e+01 |102  0.02664 -9.18858e-01
103  0.00985 -4.26390e+00 |104 -0.03765 -1.88347e+00 |105  0.15524 -5.64607e+01
106 -0.41175  8.27849e+01 |107 -0.10087  2.55602e+01 |108 -0.25369 -3.95160e+01
108 variables; iteration 60; function evaluation 77; phase 4
Function value 2.0858711e+03; maximum gradient component mag 4.6951e+01
Var    Value     Gradient |Var    Value     Gradient |Var    Value     Gradient
  1 -0.37379  2.30286e+00 |  2 -0.42101  4.69514e+01 |  3 -0.42702  1.79980e+01
  4  0.63033  1.34630e+00 |  5  0.00535 -5.05753e-02 |  6 -0.00369  1.73303e+00
  7 -0.00649 -1.40437e+00 |  8 -0.00340 -5.09664e-01 |  9  0.00148 -2.31191e+00
 10  0.01466 -3.16778e-01 | 11  0.01748  2.05536e-01 | 12 -0.01509 -8.77087e-02
 13 -0.01891  1.40092e-01 | 14 -0.01698 -4.05191e-01 | 15  0.00005 -1.40137e+00
 16 -0.00558 -5.54446e-02 | 17  0.01899 -5.88626e-01 | 18  0.00030 -2.60185e+00
 19 -0.02998  6.43913e-01 | 20  0.00414  9.29686e-01 | 21  0.00021 -2.28686e+00
 22 -0.00340  1.39027e+00 | 23 -0.01479  1.10151e-01 | 24 -0.03517 -3.82400e-01
 25  0.00951 -1.54979e+00 | 26  0.03657 -1.43808e+00 | 27  0.01831 -1.17961e+00
 28  0.02450  1.22486e+00 | 29 -0.01146  1.88328e+00 | 30 -0.00171 -5.09489e-01
 31  0.00182 -2.32949e+00 | 32  0.02780  3.04432e+00 | 33  0.02511  1.94134e+00
 34  0.00980  1.68065e+00 | 35 -0.00158 -2.11732e+00 | 36  0.01814 -3.77619e+00
 37  0.00402  8.54465e-01 | 38 -0.00668 -1.99371e+00 | 39 -0.03132  2.33292e+00
 40  0.01993  1.91434e+00 | 41 -0.00934 -8.94860e-01 | 42  0.01253 -2.32591e-01
 43 -0.01805 -9.41874e-01 | 44 -0.01750 -6.26777e-01 | 45 -0.01221  4.17849e-01
 46  0.05628  7.70646e+00 | 47 -0.05083 -8.09815e-01 | 48 -0.06121 -6.33230e-01
 49  0.03059 -3.35995e+00 | 50  0.00499 -3.94284e+00 | 51 -0.02048 -7.15387e-01
 52 -0.01196 -3.59975e+00 | 53  0.01574 -8.59964e-01 | 54 -0.02090 -9.21956e-01
 55 -0.00264 -2.86491e+00 | 56 -0.01182 -3.49004e+00 | 57 -0.01629 -6.58295e-01
 58  0.02199 -2.24347e+00 | 59  0.00960  2.75144e+00 | 60  0.00588  5.63044e-01
 61 -0.02850  6.32142e-01 | 62  0.00332  1.60289e+00 | 63  0.03523  3.79568e-02
 64 -0.02077 -1.15514e+00 | 65 -0.00158  2.10997e-01 | 66  0.00973  4.10852e+00
 67  0.00485  7.37384e-01 | 68 -0.00864  1.63230e+00 | 69  0.01489  2.93081e+00
 70 -0.00624 -2.52715e-01 | 71  0.00909 -9.21184e-01 | 72 -0.01153  1.93980e+00
 73  0.01067  5.17809e+00 | 74 -0.01488 -1.83944e+00 | 75  0.05993  2.76962e+00
 76 -0.04310  1.40802e+00 | 77  0.03342 -6.02957e-01 | 78  0.00354  2.68661e+00
 79 -0.04001 -3.28131e-01 | 80 -0.02064  3.29959e-01 | 81  0.01337  1.21545e+00
 82 -0.00380 -2.92061e+00 | 83 -0.02506 -2.19646e+00 | 84  0.00101 -5.04315e+00
 85  0.00538  5.87228e+00 | 86 -0.01214  1.02288e+00 | 87  0.02647  1.93699e-01
 88 -0.01010 -6.20510e-01 | 89 -0.02389 -3.06288e-01 | 90  0.05608  1.36704e+00
 91  0.05140  8.12061e-01 | 92  0.00287  4.48843e-01 | 93 -0.02663 -3.08346e+00
 94 -0.02214  2.50110e+00 | 95  0.01563 -2.03057e+00 | 96  0.00557 -4.95475e-01
 97 -0.01574  2.93421e-01 | 98  0.01280  5.80267e+00 | 99 -0.03943 -2.21428e+00
100  0.00589  6.77686e-01 |101  0.03156 -2.58245e+00 |102  0.02664  1.09305e+00
103  0.01016 -8.57731e-01 |104 -0.03759  4.47983e-01 |105  0.15522 -7.54974e+00
106 -0.41201  1.17886e+01 |107 -0.10007 -3.30015e-01 |108 -0.25361  2.23842e+00
Maximum number of function evaluations exceeded

 - final statistics:
108 variables; iteration 79; function evaluation 100
Function value 2.0859e+03; maximum gradient component mag 1.7686e+01
Exit code = 3;  converg criter 1.0000e+00
Var    Value     Gradient |Var    Value     Gradient |Var    Value     Gradient
  1 -0.37329  9.19876e-01 |  2 -0.42100  1.76856e+01 |  3 -0.42720  6.68738e+00
  4  0.63042  9.27471e-01 |  5  0.00534  3.37775e-02 |  6 -0.00437  6.30183e-01
  7 -0.00597 -5.09093e-01 |  8 -0.00329 -2.73197e-01 |  9  0.00216 -9.30638e-01
 10  0.01519  9.38603e-01 | 11  0.01694 -1.02009e+00 | 12 -0.01502  1.16590e-01
 13 -0.01934 -7.98327e-01 | 14 -0.01634  1.27369e+00 | 15  0.00005 -1.28627e+00
 16 -0.00540  6.81079e-01 | 17  0.01897 -4.57563e-01 | 18  0.00077 -4.26420e-01
 19 -0.03018  9.46390e-02 | 20  0.00400  3.72644e-01 | 21  0.00048 -2.90159e-01
 22 -0.00354  6.81815e-01 | 23 -0.01493 -6.05224e-01 | 24 -0.03512  1.20193e-01
 25  0.00958 -4.85821e-01 | 26  0.03651 -2.18049e+00 | 27  0.01832 -8.08822e-01
 28  0.02444  5.75005e-01 | 29 -0.01155  1.18339e+00 | 30 -0.00180 -1.24517e+00
 31  0.00207  8.96243e-01 | 32  0.02768  1.32128e+00 | 33  0.02502  7.49759e-01
 34  0.00973  9.76029e-01 | 35 -0.00150 -8.53377e-01 | 36  0.01828 -8.61108e-01
 37  0.00397  5.86692e-01 | 38 -0.00654 -2.84361e-02 | 39 -0.03155  5.33170e-01
 40  0.01988  1.37799e+00 | 41 -0.00931 -1.74541e-01 | 42  0.01249 -1.98854e-01
 43 -0.01798  2.20583e-01 | 44 -0.01747  5.11491e-02 | 45 -0.01236 -1.10792e+00
 46  0.05610  2.60046e+00 | 47 -0.05120 -3.26109e+00 | 48 -0.06133 -1.22738e+00
 49  0.03064 -1.32208e+00 | 50  0.00514 -1.11939e+00 | 51 -0.02047 -2.72882e-01
 52 -0.01185 -1.97119e+00 | 53  0.01573 -8.28259e-01 | 54 -0.02100 -1.82326e+00
 55 -0.00250 -3.39037e-01 | 56 -0.01166 -8.75096e-01 | 57 -0.01626  1.66301e-01
 58  0.02199 -1.66138e+00 | 59  0.00955  2.17305e+00 | 60  0.00585  2.52298e-01
 61 -0.02850  9.68123e-01 | 62  0.00327  6.69546e-01 | 63  0.03521  7.32146e-02
 64 -0.02072  2.88857e-01 | 65 -0.00156  8.72188e-01 | 66  0.00961  1.15802e+00
 67  0.00485  6.68306e-01 | 68 -0.00876 -9.28848e-01 | 69  0.01484  1.46583e+00
 70 -0.00637 -3.06915e+00 | 71  0.00913  3.98454e-01 | 72 -0.01160  5.47740e-01
 73  0.01056  1.92215e+00 | 74 -0.01488 -2.07442e+00 | 75  0.05990  1.07890e+00
 76 -0.04314  7.42596e-01 | 77  0.03342 -1.29394e-01 | 78  0.00349  1.32407e+00
 79 -0.04002 -5.42347e-01 | 80 -0.02070 -9.64095e-01 | 81  0.01334  5.86004e-01
 82 -0.00376 -1.26338e+00 | 83 -0.02497  1.39438e-01 | 84  0.00110 -2.03826e+00
 85  0.00526  2.63181e+00 | 86 -0.01226 -1.85015e+00 | 87  0.02646  1.65355e-01
 88 -0.01006  8.07691e-01 | 89 -0.02390 -2.64275e-01 | 90  0.05605  5.19285e-01
 91  0.05138  3.53777e-01 | 92  0.00284  4.34949e-01 | 93 -0.02650 -3.85071e-01
 94 -0.02220  1.87601e+00 | 95  0.01564 -1.00193e+00 | 96  0.00563  1.39407e+00
 97 -0.01577 -2.13882e-01 | 98  0.01258  1.11677e+00 | 99 -0.03927 -7.85923e-01
100  0.00591  1.14583e+00 |101  0.03183 -1.78614e-01 |102  0.02658  8.18384e-01
103  0.01034 -6.63783e-02 |104 -0.03739  1.30379e+00 |105  0.15521 -2.51384e+00
106 -0.41204  4.17112e+00 |107 -0.10006 -1.64187e-01 |108 -0.25364  7.26601e-01

Initial statistics: 110 variables; iteration 0; function evaluation 0; phase 5
Function value 2.0858600e+03; maximum gradient component mag -6.6800e+01
Var    Value     Gradient |Var    Value     Gradient |Var    Value     Gradient
  1 -0.37329  9.19876e-01 |  2 -0.42100  1.76856e+01 |  3 -0.42720  6.68738e+00
  4 -0.41222 -1.54732e+01 |  5 -0.41222 -6.68001e+01 |  6  0.63042  9.27471e-01
  7  0.00534  3.37775e-02 |  8 -0.00437  6.30183e-01 |  9 -0.00597 -5.09093e-01
 10 -0.00329 -2.73197e-01 | 11  0.00216 -9.30638e-01 | 12  0.01519  9.37251e-01
 13  0.01694 -1.02144e+00 | 14 -0.01502  1.15238e-01 | 15 -0.01934 -7.99678e-01
 16 -0.01634  1.27234e+00 | 17  0.00005 -1.28762e+00 | 18 -0.00540  6.79727e-01
 19  0.01897 -4.58914e-01 | 20  0.00077 -4.27772e-01 | 21 -0.03018  9.32886e-02
 22  0.00400  3.71292e-01 | 23  0.00048 -2.91511e-01 | 24 -0.00354  6.80463e-01
 25 -0.01493 -6.06575e-01 | 26 -0.03512  1.18844e-01 | 27  0.00958 -4.87173e-01
 28  0.03651 -2.18184e+00 | 29  0.01832 -8.10173e-01 | 30  0.02444  5.73654e-01
 31 -0.01155  1.18204e+00 | 32 -0.00180 -1.24652e+00 | 33  0.00207  8.94892e-01
 34  0.02768  1.31993e+00 | 35  0.02502  7.48408e-01 | 36  0.00973  9.74677e-01
 37 -0.00150 -8.54729e-01 | 38  0.01828 -8.62459e-01 | 39  0.00397  5.85341e-01
 40 -0.00654 -2.97879e-02 | 41 -0.03155  5.31819e-01 | 42  0.01988  1.37664e+00
 43 -0.00931 -1.75892e-01 | 44  0.01249 -2.00206e-01 | 45 -0.01798  2.19231e-01
 46 -0.01747  4.97977e-02 | 47 -0.01236 -1.10928e+00 | 48  0.05610  2.59911e+00
 49 -0.05120 -3.26244e+00 | 50 -0.06133 -1.22873e+00 | 51  0.03064 -1.32343e+00
 52  0.00514 -1.12074e+00 | 53 -0.02047 -2.74233e-01 | 54 -0.01185 -1.97254e+00
 55  0.01573 -8.29610e-01 | 56 -0.02100 -1.82461e+00 | 57 -0.00250 -3.40389e-01
 58 -0.01166 -8.76448e-01 | 59 -0.01626  1.64949e-01 | 60  0.02199 -1.66273e+00
 61  0.00955  2.17170e+00 | 62  0.00585  2.50946e-01 | 63 -0.02850  9.66772e-01
 64  0.00327  6.68194e-01 | 65  0.03521  7.18647e-02 | 66 -0.02072  2.87506e-01
 67 -0.00156  8.70836e-01 | 68  0.00961  1.15667e+00 | 69  0.00485  6.66954e-01
 70 -0.00876 -9.30200e-01 | 71  0.01484  1.46448e+00 | 72 -0.00637 -3.07050e+00
 73  0.00913  3.97102e-01 | 74 -0.01160  5.46388e-01 | 75  0.01056  1.92079e+00
 76 -0.01488 -2.07577e+00 | 77  0.05990  1.07755e+00 | 78 -0.04314  7.41247e-01
 79  0.03342 -1.30744e-01 | 80  0.00349  1.32272e+00 | 81 -0.04002 -5.43697e-01
 82 -0.02070 -9.65446e-01 | 83  0.01334  5.84652e-01 | 84 -0.00376 -1.26473e+00
 85 -0.02497  1.38088e-01 | 86  0.00110 -2.03962e+00 | 87  0.00526  2.63046e+00
 88 -0.01226 -1.85150e+00 | 89  0.02646  1.64005e-01 | 90 -0.01006  8.06339e-01
 91 -0.02390 -2.65626e-01 | 92  0.05605  5.17938e-01 | 93  0.05138  3.52429e-01
 94  0.00284  4.33597e-01 | 95 -0.02650 -3.86422e-01 | 96 -0.02220  1.87466e+00
 97  0.01564 -1.00329e+00 | 98  0.00563  1.39272e+00 | 99 -0.01577 -2.15233e-01
100  0.01258  1.11542e+00 |101 -0.03927 -7.87272e-01 |102  0.00591  1.14448e+00
103  0.03183 -1.79964e-01 |104  0.02658  8.17033e-01 |105  0.01034 -6.77301e-02
106 -0.03739  1.30244e+00 |107  0.15521 -2.51384e+00 |108 -0.41204  4.17112e+00
109 -0.10006 -1.64187e-01 |110 -0.25364  7.26601e-01 |

Intermediate statistics: 110 variables; iteration 20; function evaluation 25; phase 5
Function value 2.0851018e+03; maximum gradient component mag 3.4274e+02
Var    Value     Gradient |Var    Value     Gradient |Var    Value     Gradient
  1 -0.39203  2.53176e+01 |  2 -0.42509  9.18284e+00 |  3 -0.41632  3.75630e+01
  4 -0.41097  2.44076e+00 |  5 -0.38879 -1.40380e+00 |  6  0.63091 -7.48798e+01
  7  0.00598 -5.21790e-01 |  8 -0.00438  2.50190e-01 |  9 -0.00564 -3.78026e-01
 10 -0.00297 -2.83411e-01 | 11  0.00265 -7.57187e-01 | 12  0.01544  2.57351e+00
 13  0.01750  1.12400e+00 | 14 -0.01471  2.02634e+00 | 15 -0.01889  1.33185e+00
 16 -0.01617  2.53902e+00 | 17  0.00057  4.28713e-01 | 18 -0.00521  1.32169e+00
 19  0.01929 -3.54018e-01 | 20  0.00102  1.50817e-02 | 21 -0.03008  8.67942e-01
 22  0.00397 -6.77099e-01 | 23  0.00061  8.44648e-03 | 24 -0.00367  6.76978e-02
 25 -0.01469  2.53195e+00 | 26 -0.03511  2.09351e+00 | 27  0.00968  1.17131e+00
 28  0.03680  1.37095e+00 | 29  0.01847  7.49611e-01 | 30  0.02418 -2.96384e+00
 31 -0.01195 -2.01341e+00 | 32 -0.00137  4.99231e+00 | 33  0.00163 -2.83984e+00
 34  0.02725 -4.69003e+00 | 35  0.02479 -5.97063e+00 | 36  0.00930 -8.61318e+00
 37 -0.00126  8.54227e-01 | 38  0.01839 -2.39512e+00 | 39  0.00363 -5.50662e+00
 40 -0.00654  3.12585e+00 | 41 -0.03169  1.92450e+00 | 42  0.01941 -6.68771e+00
 43 -0.00928 -2.62224e-01 | 44  0.01248 -5.22593e+00 | 45 -0.01819 -2.87587e+00
 46 -0.01760 -1.51875e+00 | 47 -0.01204  3.07601e+00 | 48  0.05618 -2.57353e+00
 49 -0.05029  3.73343e+00 | 50 -0.06101  2.03501e+00 | 51  0.03064 -1.91824e+00
 52  0.00527 -4.25921e-01 | 53 -0.02045  2.20467e+00 | 54 -0.01124  7.79891e+00
 55  0.01576  7.69153e-01 | 56 -0.02045  4.90332e+00 | 57 -0.00250 -2.87424e+00
 58 -0.01153 -3.89917e-01 | 59 -0.01649 -1.97428e+00 | 60  0.02187 -6.98902e+00
 61  0.00949 -3.96963e+00 | 62  0.00586 -1.89656e+00 | 63 -0.02883 -1.75186e+00
 64  0.00298 -3.82557e+00 | 65  0.03567  7.97024e+00 | 66 -0.02073 -3.03902e+00
 67 -0.00166 -1.03414e+00 | 68  0.00946 -9.58132e-01 | 69  0.00478 -9.98613e-01
 70 -0.00889 -1.37033e+00 | 71  0.01475  5.13031e-01 | 72 -0.00652 -4.58323e+00
 73  0.00908 -3.67090e-02 | 74 -0.01178  3.65562e-01 | 75  0.01057  3.41791e+00
 76 -0.01480  1.55886e+00 | 77  0.06014  1.65798e+01 | 78 -0.04348 -3.18119e+00
 79  0.03365  3.32962e+00 | 80  0.00354  2.94979e+00 | 81 -0.04007  5.44634e+00
 82 -0.02106 -2.65774e+00 | 83  0.01331 -7.90175e-02 | 84 -0.00387 -1.77987e+00
 85 -0.02512 -7.18605e-01 | 86  0.00091 -4.73611e+00 | 87  0.00512  3.86071e+00
 88 -0.01238 -2.02392e+00 | 89  0.02648  9.42193e-01 | 90 -0.01018  4.64316e-01
 91 -0.02390  1.53584e+00 | 92  0.05597 -1.02255e+01 | 93  0.05127 -1.27670e+01
 94  0.00289  3.83722e-01 | 95 -0.02644  3.98934e+00 | 96 -0.02276 -1.59798e+00
 97  0.01545 -1.39849e+00 | 98  0.00545  2.06317e+00 | 99 -0.01583  6.02992e+00
100  0.01208  1.01849e+00 |101 -0.03896  6.93649e+00 |102  0.00556  1.85642e+00
103  0.03253  7.92613e+00 |104  0.02617  1.79578e+00 |105  0.01033  2.14750e+00
106 -0.03769  2.29006e+00 |107  0.15527 -2.49310e+02 |108 -0.41159  3.42742e+02
109 -0.10370 -3.18146e+01 |110 -0.25464  1.80367e+01 |
110 variables; iteration 40; function evaluation 50; phase 5
Function value 2.0848977e+03; maximum gradient component mag 1.3642e+02
Var    Value     Gradient |Var    Value     Gradient |Var    Value     Gradient
  1 -0.39422  1.07749e+01 |  2 -0.42583 -1.65072e+00 |  3 -0.41444  1.39720e+01
  4 -0.41169  9.58266e-01 |  5 -0.38501 -8.49376e-01 |  6  0.63087 -3.34892e+01
  7  0.00608  2.48158e-01 |  8 -0.00345  1.89191e+00 |  9 -0.00602 -8.84732e-01
 10 -0.00293 -6.74519e-02 | 11  0.00299  1.01175e-01 | 12  0.01424 -9.91874e-01
 13  0.01835  2.35408e+00 | 14 -0.01500  4.60590e-01 | 15 -0.01816  2.13781e+00
 16 -0.01675  3.02445e-01 | 17 -0.00055 -3.53017e+00 | 18 -0.00460  2.82472e+00
 19  0.02001  3.12365e+00 | 20  0.00129  1.25075e+00 | 21 -0.02966  2.14065e+00
 22  0.00467  4.11770e+00 | 23  0.00020 -1.49925e+00 | 24 -0.00362  1.63541e+00
 25 -0.01471  3.37754e+00 | 26 -0.03602 -3.18213e+00 | 27  0.00955  6.49621e-01
 28  0.03677  2.06571e+00 | 29  0.01846  1.51805e+00 | 30  0.02419 -1.46473e+00
 31 -0.01231 -5.43238e+00 | 32 -0.00174  1.07360e+00 | 33  0.00192  1.37232e+00
 34  0.02727 -2.38172e+00 | 35  0.02496 -2.16275e+00 | 36  0.00954 -5.13987e+00
 37 -0.00122  1.41227e+00 | 38  0.01846 -1.02613e+00 | 39  0.00379 -3.00092e+00
 40 -0.00681  4.98165e-01 | 41 -0.03103  7.73346e+00 | 42  0.01954 -3.05899e+00
 43 -0.00938 -1.15847e+00 | 44  0.01268 -1.79336e+00 | 45 -0.01812 -2.32448e+00
 46 -0.01760 -1.66699e+00 | 47 -0.01236 -6.26250e-01 | 48  0.05620  4.57500e-01
 49 -0.05027  3.34896e+00 | 50 -0.06154 -1.83154e+00 | 51  0.03048 -3.71861e+00
 52  0.00518 -1.37458e+00 | 53 -0.02048  2.01088e+00 | 54 -0.01162  3.30507e+00
 55  0.01575  1.32875e+00 | 56 -0.02067  2.14647e+00 | 57 -0.00235 -1.06066e+00
 58 -0.01145  4.33851e-01 | 59 -0.01626  8.55418e-01 | 60  0.02189 -6.13166e+00
 61  0.00951 -3.90806e+00 | 62  0.00591 -7.26832e-01 | 63 -0.02872  3.58177e-02
 64  0.00320  1.51741e+00 | 65  0.03558  1.65286e+00 | 66 -0.02050 -1.15923e-01
 67 -0.00160  1.47292e-01 | 68  0.00942 -2.71524e+00 | 69  0.00481 -5.61405e-01
 70 -0.00879  2.15644e-01 | 71  0.01471 -5.55314e-01 | 72 -0.00640 -2.20254e+00
 73  0.00915  1.91043e+00 | 74 -0.01176  2.68699e-01 | 75  0.01049  6.15640e-01
 76 -0.01483 -1.87013e-01 | 77  0.05995  5.30451e+00 | 78 -0.04323 -4.73180e-01
 79  0.03361  1.14627e+00 | 80  0.00347 -2.50454e-02 | 81 -0.04021  2.98605e+00
 82 -0.02094  1.44628e-01 | 83  0.01328 -7.28332e-01 | 84 -0.00377  8.78902e-01
 85 -0.02506  3.72893e-01 | 86  0.00094 -3.95473e+00 | 87  0.00504  1.85080e+00
 88 -0.01225 -1.99451e-02 | 89  0.02647 -1.70992e-01 | 90 -0.01012  6.74012e-01
 91 -0.02386  1.55840e+00 | 92  0.05611 -4.12472e+00 | 93  0.05148 -5.10021e+00
 94  0.00304  1.42619e+00 | 95 -0.02648  1.92465e+00 | 96 -0.02256  2.79009e-01
 97  0.01564  1.39623e+00 | 98  0.00551 -5.17318e-01 | 99 -0.01592  1.82410e+00
100  0.01236  1.70391e+00 |101 -0.03910  3.17966e+00 |102  0.00571 -2.44123e-01
103  0.03197  2.45492e-01 |104  0.02615  7.52488e-01 |105  0.01005 -1.99101e-01
106 -0.03840 -1.89713e+00 |107  0.15625 -9.78739e+01 |108 -0.41162  1.36418e+02
109 -0.10234 -1.27436e+01 |110 -0.25386  8.22081e+00 |
110 variables; iteration 60; function evaluation 77; phase 5
Function value 2.0848425e+03; maximum gradient component mag 1.5422e+01
Var    Value     Gradient |Var    Value     Gradient |Var    Value     Gradient
  1 -0.39637  1.86259e+00 |  2 -0.42633 -2.37383e+00 |  3 -0.41307  1.65943e+00
  4 -0.41140  3.90347e-01 |  5 -0.38269 -3.69427e-01 |  6  0.63089 -5.59876e+00
  7  0.00607  3.30819e-01 |  8 -0.00444  2.61629e-01 |  9 -0.00554 -5.37549e-02
 10 -0.00292 -8.51623e-03 | 11  0.00284 -1.58383e-01 | 12  0.01482 -4.83536e-01
 13  0.01785  3.92843e-01 | 14 -0.01483  4.71205e-02 | 15 -0.01849  6.03068e-01
 16 -0.01627  7.57510e-01 | 17  0.00089  2.01408e-01 | 18 -0.00524  1.41502e-01
 19  0.01963  9.48960e-01 | 20  0.00119  4.22964e-01 | 21 -0.02994  6.36615e-01
 22  0.00327 -3.86505e+00 | 23  0.00036 -3.90787e-01 | 24 -0.00375  1.12626e+00
 25 -0.01515  7.36451e-01 | 26 -0.03566 -8.80260e-01 | 27  0.00949  8.24330e-01
 28  0.03661  5.66468e-01 | 29  0.01830  2.37777e-01 | 30  0.02411 -1.28289e+00
 31 -0.01140  3.85330e+00 | 32 -0.00193 -6.32634e-01 | 33  0.00194  2.18108e+00
 34  0.02737  5.85912e-01 | 35  0.02509  9.13462e-01 | 36  0.00996  9.97843e-01
 37 -0.00126  1.03939e+00 | 38  0.01849 -1.00803e-01 | 39  0.00399 -1.23272e-01
 40 -0.00697 -1.06839e+00 | 41 -0.03155  3.18835e+00 | 42  0.01971  1.15071e+00
 43 -0.00940 -1.04184e+00 | 44  0.01284  1.40553e+00 | 45 -0.01808 -1.75471e+00
 46 -0.01761 -1.71496e+00 | 47 -0.01246 -1.64688e+00 | 48  0.05613 -1.99633e-02
 49 -0.05050  1.41831e+00 | 50 -0.06139 -1.23332e+00 | 51  0.03066  2.04706e+00
 52  0.00525  3.43758e-01 | 53 -0.02066  3.45247e-01 | 54 -0.01180  1.54762e+00
 55  0.01574  2.09141e+00 | 56 -0.02078  1.02940e+00 | 57 -0.00229  1.17693e-01
 58 -0.01153 -4.35288e-01 | 59 -0.01635  8.52016e-02 | 60  0.02209  5.46897e-01
 61  0.00966  3.28815e-01 | 62  0.00571 -4.54764e+00 | 63 -0.02877 -4.68329e-01
 64  0.00312 -4.74925e-01 | 65  0.03556  3.46986e-02 | 66 -0.02054 -1.60903e+00
 67 -0.00168 -1.50417e+00 | 68  0.00944 -1.78901e+00 | 69  0.00496  3.86840e+00
 70 -0.00880  3.24784e-02 | 71  0.01472  1.14782e-01 | 72 -0.00641 -2.38526e+00
 73  0.00920  3.81558e+00 | 74 -0.01186 -1.72917e+00 | 75  0.01047  1.70486e-01
 76 -0.01478  6.88538e-01 | 77  0.05985  6.11959e-01 | 78 -0.04326 -1.52846e+00
 79  0.03358  3.26366e-01 | 80  0.00344 -1.25588e+00 | 81 -0.04024  2.54949e+00
 82 -0.02094  4.32689e-01 | 83  0.01330  4.44780e-01 | 84 -0.00387 -1.80990e+00
 85 -0.02519 -2.59802e+00 | 86  0.00110  6.98006e-01 | 87  0.00497  4.25401e-01
 88 -0.01221  5.81570e-01 | 89  0.02649  1.68859e-01 | 90 -0.01014 -4.43813e-01
 91 -0.02403 -2.19073e+00 | 92  0.05619 -4.68097e-01 | 93  0.05159 -7.45076e-01
 94  0.00310  1.65888e+00 | 95 -0.02649  1.01091e+00 | 96 -0.02250  4.70014e-01
 97  0.01560 -1.60817e+00 | 98  0.00543 -4.86029e+00 | 99 -0.01601 -1.28838e+00
100  0.01245  2.13984e-01 |101 -0.03933 -7.17444e-01 |102  0.00588 -7.73866e-01
103  0.03241  2.02937e+00 |104  0.02610 -1.47807e-01 |105  0.01023 -3.26839e-01
106 -0.03792 -7.24032e-01 |107  0.15680 -9.67069e+00 |108 -0.41165  1.54216e+01
109 -0.10167 -2.25432e+00 |110 -0.25345  2.40196e+00 |
110 variables; iteration 80; function evaluation 106; phase 5
Function value 2.0848341e+03; maximum gradient component mag 2.3924e+00
Var    Value     Gradient |Var    Value     Gradient |Var    Value     Gradient
  1 -0.39685  3.31721e-01 |  2 -0.42640 -1.04054e+00 |  3 -0.41284  1.01447e-01
  4 -0.41147  8.13785e-02 |  5 -0.38231 -1.24654e-01 |  6  0.63090 -1.26153e+00
  7  0.00602  2.17635e-01 |  8 -0.00457  5.92032e-02 |  9 -0.00547  5.14725e-02
 10 -0.00283  1.69273e-01 | 11  0.00287 -7.82306e-02 | 12  0.01499 -2.52641e-01
 13  0.01767 -1.83300e-01 | 14 -0.01478  1.42964e-02 | 15 -0.01874 -9.57430e-02
 16 -0.01652  5.66959e-03 | 17  0.00088  5.52946e-02 | 18 -0.00525 -2.88428e-03
 19  0.01944  1.39159e-02 | 20  0.00119  3.57566e-01 | 21 -0.03006  1.18362e-01
 22  0.00387 -4.78284e-01 | 23  0.00036 -3.06043e-01 | 24 -0.00389  2.21456e-01
 25 -0.01526  5.53266e-04 | 26 -0.03550  9.93009e-02 | 27  0.00944  2.25145e-01
 28  0.03659  2.83050e-01 | 29  0.01827 -2.32968e-01 | 30  0.02418 -1.71710e-01
 31 -0.01173  5.63928e-01 | 32 -0.00186  1.34737e-01 | 33  0.00182  6.23169e-01
 34  0.02733  4.33306e-02 | 35  0.02505  2.49836e-01 | 36  0.00988 -1.27390e-01
 37 -0.00133  1.21878e-01 | 38  0.01852  4.34862e-01 | 39  0.00401  1.72025e-01
 40 -0.00691 -3.65850e-01 | 41 -0.03185  5.03687e-01 | 42  0.01967  2.69363e-01
 43 -0.00932 -2.07127e-01 | 44  0.01279  5.36384e-01 | 45 -0.01794 -2.61889e-01
 46 -0.01749 -3.80216e-01 | 47 -0.01235 -3.28395e-01 | 48  0.05613  3.10785e-02
 49 -0.05064  3.44412e-01 | 50 -0.06121 -1.98064e-01 | 51  0.03057  2.67269e-01
 52  0.00525  3.53479e-01 | 53 -0.02073 -4.53701e-01 | 54 -0.01190  3.25376e-01
 55  0.01563  1.86307e-01 | 56 -0.02085  1.09745e-01 | 57 -0.00230 -1.08634e-01
 58 -0.01146  4.98270e-01 | 59 -0.01639 -4.20967e-01 | 60  0.02209  2.42833e-01
 61  0.00965  8.60918e-03 | 62  0.00587 -7.05833e-01 | 63 -0.02875 -2.44121e-01
 64  0.00314  4.45636e-03 | 65  0.03557  7.49134e-03 | 66 -0.02046 -2.62661e-01
 67 -0.00162  4.23106e-02 | 68  0.00948 -3.17141e-01 | 69  0.00485  7.53204e-01
 70 -0.00879  4.42628e-02 | 71  0.01471  5.82975e-02 | 72 -0.00633 -4.68409e-01
 73  0.00909  7.86060e-01 | 74 -0.01179 -3.14103e-01 | 75  0.01046  2.53605e-02
 76 -0.01481 -6.51705e-02 | 77  0.05983  6.41827e-02 | 78 -0.04316 -9.68890e-02
 79  0.03357  5.15698e-02 | 80  0.00347 -1.94934e-01 | 81 -0.04037  4.52072e-01
 82 -0.02096 -5.14772e-02 | 83  0.01329  1.23838e-01 | 84 -0.00382 -2.50085e-01
 85 -0.02511 -8.23880e-01 | 86  0.00108  2.46873e-01 | 87  0.00496  5.55603e-02
 88 -0.01221  3.77356e-01 | 89  0.02649  5.64890e-02 | 90 -0.01013 -2.76668e-01
 91 -0.02390  1.07228e-01 | 92  0.05620 -6.39055e-02 | 93  0.05162 -8.17229e-02
 94  0.00306  1.51625e-01 | 95 -0.02650  3.35177e-01 | 96 -0.02251 -8.57457e-02
 97  0.01565 -3.70059e-01 | 98  0.00562 -8.04957e-01 | 99 -0.01592 -3.43562e-01
100  0.01245 -4.26231e-01 |101 -0.03923 -1.78977e-01 |102  0.00599 -1.00305e-01
103  0.03229  4.72660e-01 |104  0.02611 -2.61482e-01 |105  0.01031 -1.39190e-01
106 -0.03773 -6.38049e-02 |107  0.15684 -1.21552e+00 |108 -0.41167  2.39245e+00
109 -0.10162 -4.31875e-01 |110 -0.25340  6.06912e-01 |
110 variables; iteration 100; function evaluation 134; phase 5
Function value 2.0848337e+03; maximum gradient component mag 9.8802e-01
Var    Value     Gradient |Var    Value     Gradient |Var    Value     Gradient
  1 -0.39692  1.43328e-01 |  2 -0.42641 -4.53713e-01 |  3 -0.41281  3.16345e-02
  4 -0.41149  2.99497e-02 |  5 -0.38226 -4.69774e-02 |  6  0.63091 -5.37742e-01
  7  0.00594  1.81080e-02 |  8 -0.00459  1.95265e-02 |  9 -0.00549  1.84696e-02
 10 -0.00288  7.94543e-02 | 11  0.00289 -3.65773e-02 | 12  0.01504 -1.68889e-01
 13  0.01777  4.00139e-02 | 14 -0.01472  1.31602e-01 | 15 -0.01876 -1.73061e-01
 16 -0.01649  5.75430e-02 | 17  0.00087  3.62466e-03 | 18 -0.00526 -4.07752e-02
 19  0.01945  9.46836e-02 | 20  0.00111  8.76411e-03 | 21 -0.03008  3.95422e-02
 22  0.00392 -1.56484e-01 | 23  0.00041  1.96425e-02 | 24 -0.00392  3.69468e-02
 25 -0.01527 -5.56550e-02 | 26 -0.03550  9.91395e-02 | 27  0.00943  1.59381e-01
 28  0.03658  1.02627e-01 | 29  0.01827 -1.13977e-01 | 30  0.02418 -8.19168e-02
 31 -0.01176  2.65125e-01 | 32 -0.00186  8.70965e-02 | 33  0.00178  2.44728e-01
 34  0.02733  2.57134e-02 | 35  0.02505  1.51485e-01 | 36  0.00989 -5.81361e-02
 37 -0.00135 -6.02757e-02 | 38  0.01850  1.57501e-01 | 39  0.00400  8.65178e-02
 40 -0.00690 -1.55151e-01 | 41 -0.03189  2.18601e-01 | 42  0.01966  1.21339e-01
 43 -0.00931 -1.66847e-01 | 44  0.01277  2.09710e-01 | 45 -0.01793 -1.35382e-01
 46 -0.01748 -1.86603e-01 | 47 -0.01234 -1.65438e-01 | 48  0.05613  8.96495e-03
 49 -0.05065  2.69345e-01 | 50 -0.06121 -2.12234e-01 | 51  0.03056  1.15773e-01
 52  0.00524  1.89572e-01 | 53 -0.02071 -2.10503e-01 | 54 -0.01191  1.83626e-01
 55  0.01563  1.03999e-01 | 56 -0.02087 -1.98302e-02 | 57 -0.00230 -3.26003e-02
 58 -0.01148  1.83797e-01 | 59 -0.01636 -6.82581e-02 | 60  0.02208  9.28567e-02
 61  0.00965 -1.08924e-02 | 62  0.00589 -2.94352e-01 | 63 -0.02875 -1.09222e-01
 64  0.00314 -2.27296e-03 | 65  0.03556  6.24604e-04 | 66 -0.02046 -1.39951e-01
 67 -0.00162  1.42326e-02 | 68  0.00949 -1.34359e-01 | 69  0.00483  3.15337e-01
 70 -0.00880 -8.91354e-04 | 71  0.01471  2.52807e-02 | 72 -0.00632 -2.05774e-01
 73  0.00907  3.24177e-01 | 74 -0.01178 -1.02809e-01 | 75  0.01046  6.35480e-03
 76 -0.01482 -3.47495e-02 | 77  0.05983  2.38227e-02 | 78 -0.04316  6.57243e-04
 79  0.03357  2.00026e-02 | 80  0.00347 -8.35119e-02 | 81 -0.04038  1.80658e-01
 82 -0.02096  3.26628e-03 | 83  0.01328  4.91177e-02 | 84 -0.00382 -1.01658e-01
 85 -0.02509 -3.63734e-01 | 86  0.00107  1.04763e-01 | 87  0.00496  2.10932e-02
 88 -0.01222  1.63703e-01 | 89  0.02648  2.35794e-02 | 90 -0.01012 -1.25354e-01
 91 -0.02390  7.83461e-02 | 92  0.05620 -2.57497e-02 | 93  0.05162 -3.11108e-02
 94  0.00305  7.19378e-02 | 95 -0.02651  1.03848e-01 | 96 -0.02250 -6.35453e-02
 97  0.01566 -1.45402e-01 | 98  0.00564 -3.12638e-01 | 99 -0.01591 -1.63802e-01
100  0.01247 -1.48310e-01 |101 -0.03922 -7.09111e-02 |102  0.00602  1.21709e-01
103  0.03227  1.80780e-01 |104  0.02611 -2.71243e-01 |105  0.01031 -1.67114e-01
106 -0.03770  5.44271e-02 |107  0.15683 -5.32491e-01 |108 -0.41167  9.88024e-01
109 -0.10162 -2.05697e-01 |110 -0.25339  2.67525e-01 |

 - final statistics:
110 variables; iteration 119; function evaluation 168
Function value 2.0848e+03; maximum gradient component mag 8.5125e-05
Exit code = 1;  converg criter 1.0000e-04
Var    Value     Gradient |Var    Value     Gradient |Var    Value     Gradient
  1 -0.39698  3.15779e-06 |  2 -0.42642  8.51248e-05 |  3 -0.41278  2.83338e-05
  4 -0.41151  1.52522e-06 |  5 -0.38222  8.43146e-07 |  6  0.63091  5.95597e-05
  7  0.00593  2.51873e-07 |  8 -0.00460 -9.53466e-08 |  9 -0.00550  5.00791e-09
 10 -0.00292 -2.62182e-07 | 11  0.00291  3.14073e-07 | 12  0.01512 -4.21772e-07
 13  0.01776 -1.62887e-06 | 14 -0.01477 -2.42394e-06 | 15 -0.01868 -7.51282e-07
 16 -0.01651 -1.76190e-06 | 17  0.00087 -1.38441e-06 | 18 -0.00525 -1.22514e-06
 19  0.01943 -1.34905e-06 | 20  0.00111 -8.07484e-07 | 21 -0.03009 -1.41622e-06
 22  0.00395  4.93132e-07 | 23  0.00041 -3.34841e-07 | 24 -0.00392 -1.38044e-07
 25 -0.01526 -9.49935e-07 | 26 -0.03552 -1.82024e-06 | 27  0.00942 -9.32264e-06
 28  0.03657 -4.92560e-06 | 29  0.01828  3.57668e-06 | 30  0.02418 -1.11720e-05
 31 -0.01179 -1.87006e-06 | 32 -0.00187 -1.90294e-06 | 33  0.00176 -1.70129e-05
 34  0.02732 -8.34175e-06 | 35  0.02503 -6.97595e-06 | 36  0.00989  1.39176e-05
 37 -0.00134 -4.35188e-06 | 38  0.01849 -1.33201e-05 | 39  0.00399  4.99743e-06
 40 -0.00689 -1.06545e-05 | 41 -0.03191 -2.09004e-06 | 42  0.01965 -8.71648e-06
 43 -0.00930  2.01256e-05 | 44  0.01276 -5.71011e-06 | 45 -0.01792 -1.17525e-06
 46 -0.01746  8.40388e-06 | 47 -0.01233 -1.19364e-05 | 48  0.05612  2.32624e-06
 49 -0.05069 -2.04717e-06 | 50 -0.06117  1.13450e-07 | 51  0.03055  7.24614e-07
 52  0.00522  5.12427e-06 | 53 -0.02070  1.88932e-06 | 54 -0.01193  3.25106e-05
 55  0.01562  2.03350e-06 | 56 -0.02087 -1.52201e-06 | 57 -0.00230  2.49276e-05
 58 -0.01150  2.06990e-05 | 59 -0.01636  1.13544e-05 | 60  0.02207  1.08642e-06
 61  0.00964  1.59695e-06 | 62  0.00590  5.75492e-06 | 63 -0.02874 -2.93071e-05
 64  0.00314  3.19498e-06 | 65  0.03556  3.21245e-06 | 66 -0.02045 -1.48022e-06
 67 -0.00163  3.82732e-07 | 68  0.00949  1.75031e-06 | 69  0.00481 -5.33231e-07
 70 -0.00880  2.15389e-07 | 71  0.01470  1.00887e-06 | 72 -0.00631  1.12744e-06
 73  0.00906 -8.39758e-07 | 74 -0.01178  5.68132e-07 | 75  0.01045  4.02033e-07
 76 -0.01482 -2.98094e-07 | 77  0.05982  1.27133e-06 | 78 -0.04316  5.60694e-06
 79  0.03357  5.78483e-09 | 80  0.00347 -1.91494e-07 | 81 -0.04040 -2.28704e-06
 82 -0.02096 -1.49538e-06 | 83  0.01328 -1.12460e-06 | 84 -0.00382 -8.96147e-07
 85 -0.02508  5.14659e-07 | 86  0.00106 -2.05387e-06 | 87  0.00495 -1.18966e-06
 88 -0.01223 -2.47496e-06 | 89  0.02648 -1.23061e-06 | 90 -0.01012 -6.32247e-07
 91 -0.02391 -1.24997e-06 | 92  0.05619 -7.47045e-07 | 93  0.05162 -2.94999e-07
 94  0.00305 -1.49327e-06 | 95 -0.02652  1.10650e-05 | 96 -0.02250 -1.43209e-06
 97  0.01567  1.20771e-06 | 98  0.00565  1.60282e-06 | 99 -0.01590  1.60737e-05
100  0.01248  2.03115e-06 |101 -0.03921 -4.49933e-06 |102  0.00601 -9.70507e-06
103  0.03225 -4.31682e-06 |104  0.02618  8.90524e-08 |105  0.01035 -1.72932e-06
106 -0.03771 -1.75078e-06 |107  0.15683  2.28671e-05 |108 -0.41168 -6.03798e-06
109 -0.10161  2.45318e-06 |110 -0.25339 -1.58198e-06 |

 - final statistics:
122 variables; iteration 0; function evaluation 0
Function value 2.0848e+03; maximum gradient component mag 8.5125e-05
Exit code = 0;  converg criter 1.0000e-04
Var    Value     Gradient |Var    Value     Gradient |Var    Value     Gradient
  1 -0.39698  3.15781e-06 |  2 -0.42642  8.51248e-05 |  3 -0.41278  2.83338e-05
  4 -0.41151  1.52522e-06 |  5 -0.38222  8.43153e-07 |  6  0.63091  5.95596e-05
  7  0.00593  2.51873e-07 |  8 -0.00460 -9.53466e-08 |  9 -0.00550  5.00785e-09
 10 -0.00292 -2.62182e-07 | 11  0.00291  3.14073e-07 | 12  0.01512 -4.24111e-07
 13  0.01776 -1.63120e-06 | 14 -0.01477 -2.42628e-06 | 15 -0.01868 -7.53621e-07
 16 -0.01651 -1.76424e-06 | 17  0.00087 -1.38675e-06 | 18 -0.00525 -1.22748e-06
 19  0.01943 -1.35139e-06 | 20  0.00111 -8.09824e-07 | 21 -0.03009 -1.41856e-06
 22  0.00395  4.90791e-07 | 23  0.00041 -3.37182e-07 | 24 -0.00392 -1.40385e-07
 25 -0.01526 -9.52275e-07 | 26 -0.03552 -1.82258e-06 | 27  0.00942 -9.32498e-06
 28  0.03657 -4.92794e-06 | 29  0.01828  3.57434e-06 | 30  0.02418 -1.11743e-05
 31 -0.01179 -1.87240e-06 | 32 -0.00187 -1.90528e-06 | 33  0.00176 -1.70152e-05
 34  0.02732 -8.34409e-06 | 35  0.02503 -6.97829e-06 | 36  0.00989  1.39152e-05
 37 -0.00134 -4.35423e-06 | 38  0.01849 -1.33224e-05 | 39  0.00399  4.99509e-06
 40 -0.00689 -1.06569e-05 | 41 -0.03191 -2.09238e-06 | 42  0.01965 -8.71882e-06
 43 -0.00930  2.01233e-05 | 44  0.01276 -5.71245e-06 | 45 -0.01792 -1.17759e-06
 46 -0.01746  8.40154e-06 | 47 -0.01233 -1.19387e-05 | 48  0.05612  2.32390e-06
 49 -0.05069 -2.04950e-06 | 50 -0.06117  1.11120e-07 | 51  0.03055  7.22269e-07
 52  0.00522  5.12193e-06 | 53 -0.02070  1.88698e-06 | 54 -0.01193  3.25082e-05
 55  0.01562  2.03115e-06 | 56 -0.02087 -1.52436e-06 | 57 -0.00230  2.49252e-05
 58 -0.01150  2.06966e-05 | 59 -0.01636  1.13521e-05 | 60  0.02207  1.08407e-06
 61  0.00964  1.59460e-06 | 62  0.00590  5.75257e-06 | 63 -0.02874 -2.93094e-05
 64  0.00314  3.19263e-06 | 65  0.03556  3.21010e-06 | 66 -0.02045 -1.48257e-06
 67 -0.00163  3.80385e-07 | 68  0.00949  1.74795e-06 | 69  0.00481 -5.35579e-07
 70 -0.00880  2.13043e-07 | 71  0.01470  1.00652e-06 | 72 -0.00631  1.12509e-06
 73  0.00906 -8.42103e-07 | 74 -0.01178  5.65787e-07 | 75  0.01045  3.99685e-07
 76 -0.01482 -3.00438e-07 | 77  0.05982  1.26899e-06 | 78 -0.04316  5.60461e-06
 79  0.03357  3.44079e-09 | 80  0.00347 -1.93843e-07 | 81 -0.04040 -2.28938e-06
 82 -0.02096 -1.49773e-06 | 83  0.01328 -1.12695e-06 | 84 -0.00382 -8.98494e-07
 85 -0.02508  5.12316e-07 | 86  0.00106 -2.05621e-06 | 87  0.00495 -1.19201e-06
 88 -0.01223 -2.47731e-06 | 89  0.02648 -1.23295e-06 | 90 -0.01012 -6.34591e-07
 91 -0.02391 -1.25231e-06 | 92  0.05619 -7.49387e-07 | 93  0.05162 -2.97340e-07
 94  0.00305 -1.49561e-06 | 95 -0.02652  1.10626e-05 | 96 -0.02250 -1.43443e-06
 97  0.01567  1.20537e-06 | 98  0.00565  1.60048e-06 | 99 -0.01590  1.60714e-05
100  0.01248  2.02881e-06 |101 -0.03921 -4.50167e-06 |102  0.00601 -9.70741e-06
103  0.03225 -4.31916e-06 |104  0.02618  8.67149e-08 |105  0.01035 -1.73166e-06
106 -0.03771 -1.75312e-06 |107  0.00000  0.00000e+00 |108  0.00000  0.00000e+00
109  0.00000  0.00000e+00 |110  0.00000  0.00000e+00 |111  0.00000  0.00000e+00
112  0.00000  0.00000e+00 |113  0.00000  0.00000e+00 |114  0.00000  0.00000e+00
115  0.00000  0.00000e+00 |116  0.00000  0.00000e+00 |117  0.00000  0.00000e+00
118  0.00000  0.00000e+00 |119  0.15683  2.28670e-05 |120 -0.41168 -6.03789e-06
121 -0.10161  2.45316e-06 |122 -0.25339 -1.58195e-06 |
size of file gradfil1.tmp = 0
size of file gradfil2.tmp = 0
size of file varssave.tmp = 0
size of file cmpdiff.tmp = 0
