
Initial statistics: 1 variables; iteration 0; function evaluation 0; phase 1
Function value 3.0134549e+03; maximum gradient component mag -2.9177e+04
Var    Value     Gradient |Var    Value     Gradient |Var    Value     Gradient
  1  0.63197 -2.91773e+04 |

 - final statistics:
1 variables; iteration 6; function evaluation 10
Function value 2.6666e+03; maximum gradient component mag -2.4775e+00
Exit code = 1;  converg criter 1.0000e+01
Var    Value     Gradient |Var    Value     Gradient |Var    Value     Gradient
  1  0.66492 -2.47747e+00 |

Initial statistics: 98 variables; iteration 0; function evaluation 0; phase 2
Function value 2.6666046e+03; maximum gradient component mag -1.8146e+03
Var    Value     Gradient |Var    Value     Gradient |Var    Value     Gradient
  1  0.66492 -2.47747e+00 |  2  0.00000 -9.59242e+00 |  3  0.00000  1.36012e+01
  4  0.00000 -8.63174e+00 |  5  0.00000  4.97175e+01 |  6  0.00000 -1.15803e+01
  7  0.00000 -5.32717e+01 |  8  0.00000  2.31988e+01 |  9  0.00000 -2.28480e+01
 10  0.00000 -2.25328e+00 | 11  0.00000  1.42256e+01 | 12  0.00000 -4.05998e+01
 13  0.00000  1.59611e+02 | 14  0.00000  9.05873e+01 | 15  0.00000 -1.20729e+02
 16  0.00000  2.30779e+02 | 17  0.00000  2.26906e+02 | 18  0.00000  2.72338e+02
 19  0.00000  1.57497e+02 | 20  0.00000  1.41468e+02 | 21  0.00000  4.73818e+02
 22  0.00000 -3.13964e+02 | 23  0.00000  3.71798e+02 | 24  0.00000 -4.89845e+02
 25  0.00000  3.32868e+02 | 26  0.00000  3.50055e+02 | 27  0.00000  4.72807e+02
 28  0.00000  4.60698e+02 | 29  0.00000 -1.43240e+03 | 30  0.00000  4.24074e+02
 31  0.00000  1.77358e+02 | 32  0.00000  3.21419e+02 | 33  0.00000  3.57291e+02
 34  0.00000  8.09932e+01 | 35  0.00000  2.93310e+02 | 36  0.00000 -7.71623e+01
 37  0.00000  3.08375e+02 | 38  0.00000  4.72012e+02 | 39  0.00000  2.12958e+02
 40  0.00000 -1.12809e+02 | 41  0.00000  1.11238e+02 | 42  0.00000  4.88684e+02
 43  0.00000  1.43986e+02 | 44  0.00000  3.22563e+02 | 45  0.00000  1.09235e+02
 46  0.00000 -9.12921e+01 | 47  0.00000  6.55738e+02 | 48  0.00000  3.63339e+01
 49  0.00000  5.66724e+02 | 50  0.00000 -1.62669e+02 | 51  0.00000  9.82655e+02
 52  0.00000  5.97007e+02 | 53  0.00000  5.97912e+01 | 54  0.00000 -4.49862e+02
 55  0.00000 -5.12212e+02 | 56  0.00000 -6.77074e+02 | 57  0.00000  6.65061e+01
 58  0.00000  5.71112e+02 | 59  0.00000 -9.66062e+02 | 60  0.00000 -7.10041e+02
 61  0.00000 -1.04113e+03 | 62  0.00000 -9.62928e+02 | 63  0.00000 -1.45920e+03
 64  0.00000 -8.83673e+02 | 65  0.00000 -2.71495e+02 | 66  0.00000 -1.39432e+02
 67  0.00000 -6.94171e+01 | 68  0.00000 -8.17177e+02 | 69  0.00000 -1.81461e+03
 70  0.00000  2.70186e+02 | 71  0.00000 -4.93983e+02 | 72  0.00000 -5.42271e+02
 73  0.00000  5.02268e+02 | 74  0.00000  4.52426e+02 | 75  0.00000  5.41799e+02
 76  0.00000  5.21585e+02 | 77  0.00000  3.40029e+02 | 78  0.00000 -1.19160e+03
 79  0.00000  4.46209e+02 | 80  0.00000  4.37638e+02 | 81  0.00000  8.77393e+02
 82  0.00000  1.73465e+02 | 83  0.00000  9.55509e+01 | 84  0.00000 -4.24742e+01
 85  0.00000 -7.16734e+02 | 86  0.00000 -2.69089e+01 | 87  0.00000  4.55473e+02
 88  0.00000  2.32665e+01 | 89  0.00000  1.16588e+01 | 90  0.00000  3.32565e+02
 91  0.00000  2.13041e+02 | 92  0.00000 -1.47446e+02 | 93  0.00000 -1.00514e+01
 94  0.00000 -8.18191e+00 | 95  0.00000  3.86069e+00 | 96  0.00000  3.86060e+00
 97  0.81654  2.61145e+02 | 98  0.22185 -6.30749e+01 |

Intermediate statistics: 98 variables; iteration 20; function evaluation 30; phase 2
Function value 2.3037536e+03; maximum gradient component mag -4.9804e+03
Var    Value     Gradient |Var    Value     Gradient |Var    Value     Gradient
  1  0.63982 -4.98044e+03 |  2  0.00398  1.49277e+02 |  3 -0.00220  1.59424e+02
  4  0.00304  1.49360e+02 |  5 -0.00866  1.79324e+02 |  6  0.00613  1.57139e+02
  7  0.02243  1.75358e+02 |  8 -0.00618  1.52571e+02 |  9  0.00536  1.50491e+02
 10 -0.00071  1.45041e+02 | 11 -0.00226  1.52055e+02 | 12  0.00709  1.54509e+02
 13 -0.01501  2.04811e+02 | 14 -0.00924  1.57936e+02 | 15  0.00653  8.75996e+01
 16 -0.01612  1.89280e+02 | 17 -0.01368  1.87885e+02 | 18 -0.01577  2.02793e+02
 19 -0.00875  1.77001e+02 | 20 -0.00908  1.64365e+02 | 21 -0.02863  2.63102e+02
 22  0.01000  2.51044e+01 | 23 -0.02516  2.34082e+02 | 24  0.01712 -3.63484e+01
 25 -0.02098  2.18550e+02 | 26 -0.01930  2.31616e+02 | 27 -0.02631  2.70425e+02
 28 -0.02935  2.55555e+02 | 29  0.04266 -3.95667e+02 | 30 -0.02922  2.29503e+02
 31 -0.00979  1.65934e+02 | 32 -0.01739  2.06851e+02 | 33 -0.01943  2.12771e+02
 34 -0.00667  1.05689e+02 | 35 -0.01685  1.75463e+02 | 36 -0.00036  3.78739e+01
 37 -0.01651  1.72029e+02 | 38 -0.02439  2.26694e+02 | 39 -0.01072  1.26190e+02
 40  0.00453  3.16383e+00 | 41 -0.00267  9.25429e+01 | 42 -0.02072  2.08001e+02
 43 -0.00210  8.99621e+01 | 44 -0.00859  1.52656e+02 | 45  0.00217  6.24212e+01
 46  0.00973 -5.27617e+01 | 47 -0.02027  2.47943e+02 | 48  0.00746 -2.67768e+01
 49 -0.00760  2.52778e+02 | 50  0.01549 -1.20260e+02 | 51 -0.01620  4.77417e+02
 52 -0.00441  2.51879e+02 | 53  0.00472 -8.49681e+01 | 54  0.01093 -4.20877e+02
 55  0.01321 -4.51685e+02 | 56  0.01723 -5.42057e+02 | 57  0.00318 -1.27278e+02
 58 -0.01728  8.96413e+01 | 59  0.02314 -7.68804e+02 | 60  0.00991 -7.12320e+02
 61  0.01912 -9.04797e+02 | 62  0.01234 -8.96663e+02 | 63  0.03126 -1.11333e+03
 64  0.01351 -8.46025e+02 | 65 -0.00087 -4.96151e+02 | 66 -0.00167 -4.07502e+02
 67 -0.00872 -4.00691e+02 | 68  0.00966 -8.38640e+02 | 69  0.03314 -1.36626e+03
 70 -0.01993 -1.97913e+02 | 71  0.00985 -5.23699e+02 | 72  0.01045 -5.30538e+02
 73 -0.00391  2.00701e+02 | 74  0.00020  2.27891e+02 | 75 -0.00071  3.05391e+02
 76 -0.00042  3.15036e+02 | 77  0.00112  2.09883e+02 | 78  0.01820 -8.27370e+02
 79 -0.00026  3.09023e+02 | 80  0.00200  3.44986e+02 | 81 -0.00249  6.78832e+02
 82  0.00258  1.29361e+02 | 83  0.00507  1.41878e+02 | 84  0.00470  4.19080e+01
 85  0.01995 -2.32628e+02 | 86  0.00669  1.22581e+02 | 87 -0.00452  3.69753e+02
 88  0.00570  1.62285e+02 | 89  0.00518  1.50986e+02 | 90 -0.00753  2.86422e+02
 91 -0.00697  2.33517e+02 | 92  0.01956  1.37053e+02 | 93  0.01227  1.74377e+02
 94  0.04007  2.04931e+02 | 95  0.01867  1.82444e+02 | 96  0.01867  1.82444e+02
 97  0.81474 -1.01463e+02 | 98  0.22997 -4.96270e+00 |
98 variables; iteration 40; function evaluation 56; phase 2
Function value 2.1990602e+03; maximum gradient component mag -1.7776e+03
Var    Value     Gradient |Var    Value     Gradient |Var    Value     Gradient
  1  0.63290 -1.77761e+03 |  2  0.03159  1.08014e+02 |  3 -0.00586  4.90895e+01
  4  0.02024  8.81602e+01 |  5 -0.05715 -2.60011e+01 |  6  0.00156  3.91094e+01
  7 -0.00445 -2.10152e+01 |  8  0.01569  1.26621e+02 |  9  0.01627  9.04166e+01
 10  0.01137  9.35333e+01 | 11 -0.00238  4.03808e+01 | 12  0.01125  6.71399e+01
 13 -0.04528 -6.11658e+01 | 14  0.00409  1.49295e+02 | 15  0.00786 -2.36960e+01
 16 -0.01111  1.16789e+02 | 17 -0.01115  9.15661e+01 | 18 -0.01405  9.68741e+01
 19 -0.00815  5.49854e+01 | 20 -0.00742  5.76409e+01 | 21 -0.02311  2.04355e+02
 22  0.01575  4.66093e+00 | 23 -0.02614  1.11193e+02 | 24  0.02564  4.99317e+00
 25 -0.01985  1.15000e+02 | 26 -0.02038  9.76009e+01 | 27 -0.02825  1.30415e+02
 28 -0.03764  6.53383e+01 | 29  0.05530 -1.36324e+02 | 30 -0.04032  2.58065e+01
 31 -0.00895  6.48964e+01 | 32 -0.01787  9.20686e+01 | 33 -0.01970  1.02845e+02
 34 -0.00385  4.29817e+01 | 35 -0.01573  8.89238e+01 | 36  0.00335  1.81378e+00
 37 -0.01572  8.53293e+01 | 38 -0.02307  1.46700e+02 | 39 -0.00944  5.45240e+01
 40  0.01025  1.89384e+01 | 41 -0.00092  3.87712e+01 | 42 -0.02088  1.22817e+02
 43  0.00224  8.72647e+01 | 44 -0.01042  5.93059e+01 | 45  0.00669  8.29623e+01
 46  0.01431 -7.08853e+00 | 47 -0.02680  1.16152e+02 | 48  0.01019 -9.14061e+00
 49 -0.01588  9.81384e+01 | 50  0.01835 -7.59226e+01 | 51 -0.03207  2.23627e+02
 52 -0.01352  6.53989e+01 | 53  0.01040  6.32833e+01 | 54  0.01670 -1.99936e+02
 55  0.01988 -1.91351e+02 | 56  0.02748 -1.59168e+02 | 57  0.00087 -1.20425e+02
 58 -0.02537  1.00813e+00 | 59  0.03328 -3.20005e+02 | 60  0.02088 -3.09818e+02
 61  0.03072 -4.01010e+02 | 62  0.02513 -4.16598e+02 | 63  0.04078 -5.24145e+02
 64  0.02532 -3.59541e+02 | 65  0.00715 -1.97880e+02 | 66  0.00416 -1.56923e+02
 67 -0.00151 -1.55648e+02 | 68  0.02055 -3.81961e+02 | 69  0.04742 -5.49761e+02
 70 -0.01807 -1.00040e+02 | 71  0.01804 -1.82076e+02 | 72  0.01855 -2.20167e+02
 73 -0.00715  1.46236e+02 | 74 -0.00272  1.26948e+02 | 75 -0.00467  1.53658e+02
 76 -0.00560  1.21938e+02 | 77 -0.00020  1.34292e+02 | 78  0.03432 -2.57286e+02
 79 -0.00428  1.52153e+02 | 80 -0.00056  1.70557e+02 | 81 -0.01354  3.09636e+02
 82  0.00319  1.82130e+01 | 83  0.00569  4.68429e+01 | 84  0.00790  2.62913e+01
 85  0.02955 -2.63588e+01 | 86  0.00922  7.57166e+01 | 87 -0.01126  1.34962e+02
 88  0.00446  1.29358e+01 | 89  0.00468  2.45406e+01 | 90 -0.01620  5.95158e+01
 91 -0.02046  3.31007e+00 | 92  0.01890  3.24193e+01 | 93  0.00878  6.69702e+01
 94 -0.00215  3.75688e+01 | 95 -0.02251  1.88559e+01 | 96 -0.02251  1.88532e+01
 97  0.81186 -1.91695e+01 | 98  0.22911  1.52898e+01 |
98 variables; iteration 60; function evaluation 86; phase 2
Function value 2.1639403e+03; maximum gradient component mag -2.5440e+02
Var    Value     Gradient |Var    Value     Gradient |Var    Value     Gradient
  1  0.63189 -2.54402e+02 |  2  0.00636  6.58091e+00 |  3 -0.00627  2.89696e+00
  4  0.00636  8.60742e+00 |  5 -0.01591  1.39610e+01 |  6  0.00700  9.49698e+00
  7  0.01868  9.24094e+00 |  8 -0.00261  1.36830e+01 |  9  0.00661  2.61991e+00
 10  0.00421  1.39175e+01 | 11 -0.00080  4.40288e+00 | 12  0.00742 -1.95623e+00
 13 -0.02041  1.69559e+01 | 14 -0.00887  1.11036e+00 | 15  0.01559  2.57925e+01
 16 -0.01350  5.07774e+01 | 17 -0.01568 -1.36394e+00 | 18 -0.01894 -1.70028e+00
 19 -0.00943 -5.87192e+00 | 20 -0.00964 -1.49326e+01 | 21 -0.03639  2.46660e+01
 22  0.01997  5.40939e+01 | 23 -0.02911  4.20179e+01 | 24  0.02726  1.17965e+00
 25 -0.02708 -7.25501e+00 | 26 -0.02603 -1.29169e+01 | 27 -0.03491  1.73092e+01
 28 -0.03896  1.16431e+01 | 29  0.06025  1.26154e+01 | 30 -0.04083 -1.94739e+01
 31 -0.00911  1.84705e+01 | 32 -0.02432 -2.44061e+01 | 33 -0.02828 -3.56792e+01
 34 -0.00338  1.29828e+01 | 35 -0.01988  7.97783e-01 | 36  0.00465 -4.14871e+00
 37 -0.02225 -3.26872e+01 | 38 -0.03350 -4.64105e+00 | 39 -0.01207 -1.43936e+01
 40  0.01067  2.26117e+00 | 41  0.00023  2.74602e+01 | 42 -0.03091 -2.38329e+01
 43 -0.00175 -8.39098e+00 | 44 -0.01429 -2.50384e+01 | 45  0.00415  1.34529e+01
 46  0.01648  1.17291e+01 | 47 -0.03280  1.90235e+01 | 48  0.00996 -4.02228e+01
 49 -0.02223 -1.42841e+01 | 50  0.02059 -5.28515e+01 | 51 -0.05129 -9.79087e+00
 52 -0.01576  3.40789e-01 | 53  0.00853  2.36547e+01 | 54  0.02131 -1.51698e+01
 55  0.02480  9.98295e+00 | 56  0.03003 -1.05946e+01 | 57  0.00475 -8.34002e+00
 58 -0.02492  1.97844e+01 | 59  0.03857 -3.20009e+01 | 60  0.02890  1.35381e+01
 61  0.03876 -9.81803e+00 | 62  0.03727  6.97603e+01 | 63  0.04962 -2.11019e+01
 64  0.02795 -1.57069e+02 | 65  0.01207 -5.10127e+00 | 66  0.00929  3.47890e+01
 67  0.00262  4.60534e+00 | 68  0.02989  2.08757e+01 | 69  0.05367 -6.00361e+01
 70 -0.01388  1.04420e+01 | 71  0.02090 -1.32399e+01 | 72  0.02261 -3.88966e+01
 73 -0.01624 -3.02681e+01 | 74 -0.00601  2.94989e+01 | 75 -0.00982  9.13311e+00
 76 -0.01041 -1.98663e+01 | 77 -0.00543 -6.79654e+00 | 78  0.03967 -6.86228e+00
 79 -0.00759  5.20946e+01 | 80 -0.00686 -2.90914e+01 | 81 -0.02728  3.59919e+00
 82  0.00585  4.17692e+01 | 83  0.00405 -3.56651e+01 | 84  0.00766 -1.97108e+01
 85  0.03312  4.77009e+01 | 86  0.00634 -5.20132e+01 | 87 -0.01621 -3.23976e+00
 88  0.00675  6.61460e-01 | 89  0.00833  3.64323e+01 | 90 -0.01763 -6.47856e+00
 91 -0.01186  2.95146e+01 | 92  0.02194  1.06608e+01 | 93  0.00507  1.74013e+00
 94  0.00968  1.07843e+01 | 95 -0.00247  4.23301e+00 | 96 -0.00246  4.24565e+00
 97  0.81219 -2.71251e+00 | 98  0.22892 -4.19189e+00 |
Maximum number of function evaluations exceeded

 - final statistics:
98 variables; iteration 70; function evaluation 100
Function value 2.1638e+03; maximum gradient component mag -2.3521e+02
Exit code = 3;  converg criter 1.0000e+01
Var    Value     Gradient |Var    Value     Gradient |Var    Value     Gradient
  1  0.63208 -2.35214e+02 |  2  0.00684  7.26823e+00 |  3  0.00196  2.02512e+01
  4  0.00596  7.44310e+00 |  5 -0.01634  1.27354e+01 |  6  0.00677  8.76907e+00
  7  0.01782  6.28477e+00 |  8 -0.00320  1.16600e+01 |  9  0.00668  3.08408e+00
 10  0.00313  9.08133e+00 | 11 -0.00037  7.02697e+00 | 12  0.00782  1.35661e+00
 13 -0.02055  1.64657e+01 | 14 -0.00855  4.08281e+00 | 15  0.01510  2.08355e+01
 16 -0.01465  4.01564e+01 | 17 -0.01592 -3.35247e+00 | 18 -0.01900 -1.53645e+00
 19 -0.00954 -5.91798e+00 | 20 -0.01032 -2.28794e+01 | 21 -0.03731  1.63910e+01
 22  0.01934  4.27307e+01 | 23 -0.03022  3.16017e+01 | 24  0.02673 -8.32659e+00
 25 -0.02734 -9.25668e+00 | 26 -0.02593 -1.10136e+01 | 27 -0.03493  1.75900e+01
 28 -0.03949  6.97378e+00 | 29  0.06022  1.34548e+01 | 30 -0.04021 -1.45628e+01
 31 -0.00876  2.33047e+01 | 32 -0.02365 -1.70271e+01 | 33 -0.02739 -2.62894e+01
 34 -0.00310  1.74641e+01 | 35 -0.01994 -4.88995e-01 | 36  0.00513  3.94681e+00
 37 -0.02224 -3.31684e+01 | 38 -0.03370 -7.20149e+00 | 39 -0.01203 -1.41290e+01
 40  0.01077  4.53844e+00 | 41  0.00079  3.70617e+01 | 42 -0.02998 -1.37922e+01
 43 -0.00191 -1.05309e+01 | 44 -0.01480 -3.11781e+01 | 45  0.00452  2.11074e+01
 46  0.01679  2.03764e+01 | 47 -0.03339  1.36796e+01 | 48  0.00925 -5.20125e+01
 49 -0.02288 -2.13084e+01 | 50  0.02069 -4.73862e+01 | 51 -0.05136 -9.81228e+00
 52 -0.01590 -3.51989e-01 | 53  0.00839  2.24814e+01 | 54  0.02123 -1.45028e+01
 55  0.02480  1.32260e+01 | 56  0.02997 -9.67857e+00 | 57  0.00449 -1.21817e+01
 58 -0.02471  2.35443e+01 | 59  0.03866 -2.56890e+01 | 60  0.02855  5.79729e+00
 61  0.03909  3.56361e+00 | 62  0.03698  6.41444e+01 | 63  0.04966 -1.60845e+01
 64  0.02802 -1.52577e+02 | 65  0.01179 -1.00245e+01 | 66  0.00903  3.01645e+01
 67  0.00255  4.84859e+00 | 68  0.03010  3.06125e+01 | 69  0.05355 -6.05980e+01
 70 -0.01360  1.64901e+01 | 71  0.02071 -1.65760e+01 | 72  0.02257 -3.77259e+01
 73 -0.01616 -2.75963e+01 | 74 -0.00591  3.31564e+01 | 75 -0.01026  5.60606e-01
 76 -0.01031 -1.64833e+01 | 77 -0.00543 -5.33655e+00 | 78  0.03960 -7.01538e+00
 79 -0.00788  4.68168e+01 | 80 -0.00691 -2.93855e+01 | 81 -0.02743  1.67549e+00
 82  0.00574  4.01086e+01 | 83  0.00398 -3.58130e+01 | 84  0.00779 -1.52128e+01
 85  0.03294  4.37429e+01 | 86  0.00642 -4.87207e+01 | 87 -0.01625 -2.98480e+00
 88  0.00675  1.77041e+00 | 89  0.00813  3.31996e+01 | 90 -0.01807 -1.18250e+01
 91 -0.01222  2.59787e+01 | 92  0.02200  1.14885e+01 | 93  0.00532  2.50677e+00
 94  0.01023  1.10608e+01 | 95 -0.00254  3.51526e+00 | 96 -0.00256  3.49247e+00
 97  0.81210 -3.04853e+00 | 98  0.22889 -4.87124e+00 |

Initial statistics: 100 variables; iteration 0; function evaluation 0; phase 3
Function value 2.1637754e+03; maximum gradient component mag 3.0144e+02
Var    Value     Gradient |Var    Value     Gradient |Var    Value     Gradient
  1  0.63208 -2.35214e+02 |  2  0.00684  7.23793e+00 |  3  0.00196  2.02210e+01
  4  0.00596  7.41281e+00 |  5 -0.01634  1.27051e+01 |  6  0.00677  8.73877e+00
  7  0.01782  6.25448e+00 |  8 -0.00320  1.16297e+01 |  9  0.00668  3.05378e+00
 10  0.00313  9.05103e+00 | 11 -0.00037  6.99667e+00 | 12  0.00782  1.32632e+00
 13 -0.02055  1.64354e+01 | 14 -0.00855  4.05251e+00 | 15  0.01510  2.08052e+01
 16 -0.01465  4.01261e+01 | 17 -0.01593 -3.38276e+00 | 18 -0.01900 -1.56674e+00
 19 -0.00954 -5.94827e+00 | 20 -0.01033 -2.29097e+01 | 21 -0.03731  1.63607e+01
 22  0.01934  4.27004e+01 | 23 -0.03022  3.15714e+01 | 24  0.02673 -8.35686e+00
 25 -0.02734 -9.28695e+00 | 26 -0.02593 -1.10438e+01 | 27 -0.03493  1.75597e+01
 28 -0.03949  6.94354e+00 | 29  0.06022  1.34246e+01 | 30 -0.04021 -1.45930e+01
 31 -0.00876  2.32744e+01 | 32 -0.02365 -1.70574e+01 | 33 -0.02739 -2.63197e+01
 34 -0.00310  1.74338e+01 | 35 -0.01994 -5.19279e-01 | 36  0.00513  3.91651e+00
 37 -0.02224 -3.31986e+01 | 38 -0.03370 -7.23174e+00 | 39 -0.01203 -1.41593e+01
 40  0.01077  4.50814e+00 | 41  0.00079  3.70314e+01 | 42 -0.02998 -1.38225e+01
 43 -0.00191 -1.05612e+01 | 44 -0.01480 -3.12083e+01 | 45  0.00452  2.10771e+01
 46  0.01679  2.03461e+01 | 47 -0.03339  1.36494e+01 | 48  0.00925 -5.20428e+01
 49 -0.02288 -2.13387e+01 | 50  0.02069 -4.74165e+01 | 51 -0.05136 -9.84248e+00
 52 -0.01590 -3.82279e-01 | 53  0.00839  2.24511e+01 | 54  0.02123 -1.45331e+01
 55  0.02480  1.31957e+01 | 56  0.02997 -9.70883e+00 | 57  0.00449 -1.22120e+01
 58 -0.02471  2.35140e+01 | 59  0.03866 -2.57192e+01 | 60  0.02855  5.76702e+00
 61  0.03909  3.53336e+00 | 62  0.03698  6.41141e+01 | 63  0.04966 -1.61147e+01
 64  0.02802 -1.52607e+02 | 65  0.01179 -1.00548e+01 | 66  0.00903  3.01342e+01
 67  0.00255  4.81829e+00 | 68  0.03010  3.05822e+01 | 69  0.05355 -6.06282e+01
 70 -0.01360  1.64598e+01 | 71  0.02071 -1.66063e+01 | 72  0.02257 -3.77562e+01
 73 -0.01617 -2.76265e+01 | 74 -0.00591  3.31261e+01 | 75 -0.01026  5.30311e-01
 76 -0.01031 -1.65136e+01 | 77 -0.00543 -5.36685e+00 | 78  0.03960 -7.04562e+00
 79 -0.00788  4.67865e+01 | 80 -0.00691 -2.94158e+01 | 81 -0.02743  1.64522e+00
 82  0.00573  4.00783e+01 | 83  0.00398 -3.58433e+01 | 84  0.00778 -1.52431e+01
 85  0.03294  4.37127e+01 | 86  0.00642 -4.87510e+01 | 87 -0.01625 -3.01509e+00
 88  0.00675  1.74011e+00 | 89  0.00812  3.31693e+01 | 90 -0.01807 -1.18553e+01
 91 -0.01223  2.59484e+01 | 92  0.02200  1.14582e+01 | 93  0.00532  2.47648e+00
 94  0.01023  1.10305e+01 | 95 -0.00254  3.48496e+00 | 96 -0.00256  3.46217e+00
 97  0.81210 -3.04853e+00 | 98 -0.41581  3.01436e+02 | 99  0.22889 -4.87124e+00
100 -0.25275 -2.64817e+02 |

Intermediate statistics: 100 variables; iteration 20; function evaluation 27; phase 3
Function value 2.1614083e+03; maximum gradient component mag -3.5563e+02
Var    Value     Gradient |Var    Value     Gradient |Var    Value     Gradient
  1  0.63251 -3.55631e+02 |  2  0.00722  1.11762e+01 |  3 -0.00129  1.62472e+01
  4  0.00638  1.12575e+01 |  5 -0.01736  1.33928e+01 |  6  0.00702  1.18262e+01
  7  0.01855  1.05717e+01 |  8 -0.00334  1.32181e+01 |  9  0.00773  8.85633e+00
 10  0.00362  1.23462e+01 | 11  0.00034  1.13407e+01 | 12  0.00871  6.85195e+00
 13 -0.02033  1.83695e+01 | 14 -0.00786  8.93129e+00 | 15  0.01562  2.48105e+01
 16 -0.01419  4.50098e+01 | 17 -0.01569  3.37118e-01 | 18 -0.01874  2.28857e+00
 19 -0.00921 -1.73067e+00 | 20 -0.00996 -1.85380e+01 | 21 -0.03697  2.01551e+01
 22  0.01899  3.21310e+01 | 23 -0.02989  3.56860e+01 | 24  0.02708 -3.18518e+00
 25 -0.02710 -5.30506e+00 | 26 -0.02570 -7.00197e+00 | 27 -0.03468  2.17537e+01
 28 -0.03924  1.06269e+01 | 29  0.06009  2.58372e-01 | 30 -0.04006 -1.18504e+01
 31 -0.00864  2.54688e+01 | 32 -0.02355 -1.45618e+01 | 33 -0.02732 -2.40130e+01
 34 -0.00308  1.77928e+01 | 35 -0.01984  1.58440e+00 | 36  0.00518  4.30842e+00
 37 -0.02215 -3.09361e+01 | 38 -0.03368 -5.22605e+00 | 39 -0.01201 -1.28847e+01
 40  0.01063  1.54838e+00 | 41  0.00050  3.29460e+01 | 42 -0.03010 -1.30297e+01
 43 -0.00194 -9.58118e+00 | 44 -0.01494 -3.12892e+01 | 45  0.00412  1.49345e+01
 46  0.01614  7.35226e+00 | 47 -0.03368  1.32717e+01 | 48  0.00949 -4.56585e+01
 49 -0.02320 -2.19365e+01 | 50  0.02082 -4.09595e+01 | 51 -0.05185 -1.02232e+01
 52 -0.01641 -4.29277e+00 | 53  0.00754  5.30368e+00 | 54  0.02122 -2.12102e+01
 55  0.02419 -5.08507e+00 | 56  0.02988 -1.75612e+01 | 57  0.00428 -1.44705e+01
 58 -0.02474  2.37072e+01 | 59  0.03877 -1.96962e+01 | 60  0.02830 -5.51220e+00
 61  0.03839 -2.10536e+01 | 62  0.03596  2.59834e+01 | 63  0.04939 -2.59892e+01
 64  0.02963 -1.06469e+02 | 65  0.01151 -1.26027e+01 | 66  0.00840  1.45527e+01
 67  0.00211 -2.36468e+00 | 68  0.02944  6.17872e+00 | 69  0.05354 -6.02606e+01
 70 -0.01387  1.28060e+01 | 71  0.02069 -1.20866e+01 | 72  0.02313 -1.72994e+01
 73 -0.01610 -2.13684e+01 | 74 -0.00648  2.08545e+01 | 75 -0.01055 -1.24872e+00
 76 -0.01012 -1.08627e+01 | 77 -0.00560 -2.96511e+00 | 78  0.04006  1.59762e+01
 79 -0.00877  3.34494e+01 | 80 -0.00647 -1.82062e+01 | 81 -0.02764  3.40379e+00
 82  0.00526  2.85433e+01 | 83  0.00431 -2.08776e+01 | 84  0.00799 -9.49541e+00
 85  0.03183  1.15627e+01 | 86  0.00723 -2.74721e+01 | 87 -0.01634  2.23535e+00
 88  0.00686  6.18579e+00 | 89  0.00760  3.00623e+01 | 90 -0.01784 -7.31555e+00
 91 -0.01219  3.11005e+01 | 92  0.02344  2.01007e+01 | 93  0.00607  6.85051e+00
 94  0.00738  1.10619e+01 | 95 -0.00067  1.02050e+01 | 96 -0.00067  1.01999e+01
 97  0.78397 -3.35858e+01 | 98 -0.42076  2.33738e+02 | 99  0.24333  2.70760e+01
100 -0.24836 -2.25774e+02 |
100 variables; iteration 40; function evaluation 52; phase 3
Function value 2.1600810e+03; maximum gradient component mag 9.3380e+01
Var    Value     Gradient |Var    Value     Gradient |Var    Value     Gradient
  1  0.63280 -3.97846e+01 |  2  0.00687  6.70685e-01 |  3 -0.00656 -4.70491e+00
  4  0.00645  1.65713e+00 |  5 -0.01922 -5.23986e-01 |  6  0.00697  1.99322e+00
  7  0.01887  2.13449e+00 |  8 -0.00436  1.85799e-01 |  9  0.00870  3.59122e+00
 10  0.00408  5.14704e+00 | 11  0.00056  3.15528e+00 | 12  0.00833 -4.90351e+00
 13 -0.01990  1.14299e+01 | 14 -0.00790 -5.98278e-01 | 15  0.01392 -4.42107e+00
 16 -0.01702  9.85325e+00 | 17 -0.01508 -7.44765e-01 | 18 -0.01833  6.70509e-03
 19 -0.00928 -7.99793e+00 | 20 -0.00911 -1.26479e+01 | 21 -0.03792  3.23661e+00
 22  0.01763 -3.21474e+00 | 23 -0.03192  7.73903e+00 | 24  0.02750  6.07678e-01
 25 -0.02569  1.98597e+00 | 26 -0.02400  4.30041e+00 | 27 -0.03553  5.26199e+00
 28 -0.03904  3.82679e+00 | 29  0.06075  2.08731e+01 | 30 -0.03564  1.80133e+01
 31 -0.01084 -8.58505e+00 | 32 -0.02145  1.16071e+00 | 33 -0.02428  1.89651e+00
 34 -0.00423 -6.25321e+00 | 35 -0.01999 -7.45824e+00 | 36  0.00479 -6.49703e+00
 37 -0.01926  4.50259e-01 | 38 -0.03309 -3.67105e+00 | 39 -0.01137 -7.11097e+00
 40  0.01036 -3.87517e+00 | 41 -0.00225 -1.05067e+01 | 42 -0.02876 -1.82617e+00
 43 -0.00140  1.86730e+00 | 44 -0.01329 -9.19871e+00 | 45  0.00271 -4.52444e+00
 46  0.01548  5.60860e-01 | 47 -0.03495 -9.54591e-01 | 48  0.01087 -9.86578e+00
 49 -0.02176 -1.25974e+00 | 50  0.02173 -2.40038e+00 | 51 -0.05080 -2.18501e+00
 52 -0.01644 -2.00440e+00 | 53  0.00655 -1.43315e+01 | 54  0.02161 -6.83206e+00
 55  0.02381 -1.28645e+00 | 56  0.03058  1.53471e+01 | 57  0.00464  9.18795e-01
 58 -0.02577  6.72783e+00 | 59  0.03936  2.04606e+01 | 60  0.02913  2.54842e+01
 61  0.03796 -2.02108e+01 | 62  0.03451 -1.11691e+01 | 63  0.04979  1.30332e+01
 64  0.03297  6.77561e+00 | 65  0.01168  1.37341e+00 | 66  0.00775  8.27544e-01
 67  0.00213  2.08521e+00 | 68  0.02961  1.77945e+01 | 69  0.05427 -1.79998e+00
 70 -0.01459 -1.88648e+00 | 71  0.02008 -2.28380e+01 | 72  0.02312 -1.46213e+01
 73 -0.01528 -5.66540e+00 | 74 -0.00711  3.49943e+00 | 75 -0.01050  7.23026e-01
 76 -0.00956 -2.28351e+00 | 77 -0.00561 -1.43797e+00 | 78  0.03988  5.80407e+00
 79 -0.01081 -1.21447e+01 | 80 -0.00544 -2.44055e+00 | 81 -0.02761 -1.12365e-01
 82  0.00467  4.84518e+00 | 83  0.00562  1.33369e+01 | 84  0.00911  1.24904e+01
 85  0.03170  9.45392e+00 | 86  0.00793 -2.06362e+01 | 87 -0.01627 -2.44563e+00
 88  0.00722  8.41290e-01 | 89  0.00652  4.69558e+00 | 90 -0.01559  6.15409e+00
 91 -0.01498 -1.85511e+00 | 92  0.02239 -6.84392e+00 | 93  0.00482 -3.73325e+00
 94  0.00598  2.84990e-01 | 95 -0.00098 -6.14029e-02 | 96 -0.00098 -6.62407e-02
 97  0.77781 -1.46650e+01 | 98 -0.42220  9.33801e+01 | 99  0.25501 -2.01582e+01
100 -0.24388  7.81082e+01 |
100 variables; iteration 60; function evaluation 75; phase 3
Function value 2.1598836e+03; maximum gradient component mag 1.2578e+01
Var    Value     Gradient |Var    Value     Gradient |Var    Value     Gradient
  1  0.63304  1.41497e+00 |  2  0.00732  5.17899e-01 |  3 -0.00399 -3.68448e-01
  4  0.00597 -5.33242e-01 |  5 -0.01794  1.24882e+00 |  6  0.00608 -1.51135e+00
  7  0.01841 -3.62884e-01 |  8 -0.00373  1.37851e+00 |  9  0.00778 -1.17753e+00
 10  0.00339  1.14057e+00 | 11  0.00025  8.72441e-01 | 12  0.00936  1.52361e+00
 13 -0.02199 -9.13564e-01 | 14 -0.00793 -1.13602e+00 | 15  0.01422 -5.54406e-01
 16 -0.01819 -8.64403e-01 | 17 -0.01503  1.01863e-01 | 18 -0.01838  1.01286e-01
 19 -0.00876  1.99541e-01 | 20 -0.00825  9.09411e-01 | 21 -0.03829  2.28725e-01
 22  0.01763 -1.17787e+00 | 23 -0.03282 -3.46439e-01 | 24  0.02741  1.61018e+00
 25 -0.02594  2.50891e-01 | 26 -0.02449 -1.03544e-02 | 27 -0.03620 -4.44240e-01
 28 -0.03952  1.29753e-02 | 29  0.05997 -1.31637e+00 | 30 -0.03777 -3.22943e-01
 31 -0.01029 -4.00926e-01 | 32 -0.02165  1.24013e-01 | 33 -0.02452  3.15405e-01
 34 -0.00394  2.85402e-01 | 35 -0.01952 -2.52086e-01 | 36  0.00498 -1.29398e+00
 37 -0.01929  7.59453e-01 | 38 -0.03274  2.40968e-01 | 39 -0.01087  6.34619e-01
 40  0.01046  8.27632e-02 | 41 -0.00168 -2.21995e-01 | 42 -0.02862  2.56232e-01
 43 -0.00163 -4.08516e-01 | 44 -0.01272 -5.05058e-02 | 45  0.00282 -3.29355e-01
 46  0.01527 -3.62739e-01 | 47 -0.03501 -4.72227e-01 | 48  0.01133  3.20251e+00
 49 -0.02177  7.42743e-01 | 50  0.02174  3.22439e+00 | 51 -0.05070 -2.38299e-01
 52 -0.01649  2.11063e-01 | 53  0.00688 -1.33798e+00 | 54  0.02153 -3.67419e+00
 55  0.02395  6.32506e+00 | 56  0.02992 -2.40948e+00 | 57  0.00462  1.50113e+00
 58 -0.02627  1.36763e-01 | 59  0.03879  7.17089e-01 | 60  0.02810 -2.23407e+00
 61  0.03858  2.92755e+00 | 62  0.03457 -5.70128e+00 | 63  0.04942  1.49870e+00
 64  0.03276  2.63162e+00 | 65  0.01159  9.81851e-02 | 66  0.00764 -8.36336e-03
 67  0.00198 -9.14748e-01 | 68  0.02900  1.12065e+00 | 69  0.05427  1.10344e+00
 70 -0.01459  1.80190e-02 | 71  0.02070  4.54489e-01 | 72  0.02340  7.42780e-01
 73 -0.01506 -1.49413e-01 | 74 -0.00743 -2.10710e+00 | 75 -0.01069 -3.14379e+00
 76 -0.00969 -3.99076e+00 | 77 -0.00562 -1.13392e+00 | 78  0.03964  1.08302e-01
 79 -0.01037 -1.62623e+00 | 80 -0.00545 -2.55247e-01 | 81 -0.02761  2.52725e-01
 82  0.00470  6.84410e+00 | 83  0.00513 -5.81908e-01 | 84  0.00866  2.50263e-01
 85  0.03146  5.98554e-01 | 86  0.00879  1.08076e+00 | 87 -0.01607 -4.09931e-02
 88  0.00709 -3.17386e+00 | 89  0.00654  1.15058e+00 | 90 -0.01590 -1.94338e-01
 91 -0.01448 -5.26171e-01 | 92  0.02324 -9.79453e-01 | 93  0.00641 -4.78024e-01
 94  0.00611 -9.75341e-01 | 95  0.00007  3.31744e-01 | 96  0.00008  3.32819e-01
 97  0.77695 -3.93914e-01 | 98 -0.42262  1.25782e+01 | 99  0.25439  1.85510e-01
100 -0.24438 -3.85275e+00 |
Maximum number of function evaluations exceeded

 - final statistics:
100 variables; iteration 80; function evaluation 100
Function value 2.1599e+03; maximum gradient component mag 9.6686e+00
Exit code = 3;  converg criter 1.0000e+00
Var    Value     Gradient |Var    Value     Gradient |Var    Value     Gradient
  1  0.63309 -7.63002e-01 |  2  0.00742  8.26140e-01 |  3 -0.00384  4.16488e-02
  4  0.00617  6.14692e-02 |  5 -0.01840  3.19000e-01 |  6  0.00643 -3.91582e-01
  7  0.01877  1.05516e+00 |  8 -0.00378  1.31893e+00 |  9  0.00796 -2.69963e-01
 10  0.00321  3.98519e-01 | 11  0.00014  4.00818e-01 | 12  0.00924  8.13376e-01
 13 -0.02195 -5.61546e-01 | 14 -0.00769  7.93208e-01 | 15  0.01422 -4.28379e-01
 16 -0.01811 -5.23724e-02 | 17 -0.01503  1.73125e-01 | 18 -0.01839  5.66782e-03
 19 -0.00875  3.80038e-01 | 20 -0.00830  2.31807e-01 | 21 -0.03820  1.15168e+00
 22  0.01767 -1.18665e-01 | 23 -0.03277  1.42148e-01 | 24  0.02730 -5.27540e-01
 25 -0.02597  6.70139e-03 | 26 -0.02447  2.98290e-01 | 27 -0.03623 -6.69874e-01
 28 -0.03961 -6.86701e-01 | 29  0.05997 -1.00460e+00 | 30 -0.03778 -2.55892e-01
 31 -0.01025  2.63034e-01 | 32 -0.02165  2.48885e-01 | 33 -0.02454  1.72672e-01
 34 -0.00399 -5.58072e-01 | 35 -0.01956 -6.91607e-01 | 36  0.00502 -3.87228e-01
 37 -0.01929  9.29649e-01 | 38 -0.03267  1.04903e+00 | 39 -0.01085  1.03118e+00
 40  0.01042 -6.01789e-01 | 41 -0.00164  3.70200e-01 | 42 -0.02860  5.84487e-01
 43 -0.00165 -6.84658e-01 | 44 -0.01276 -6.21359e-01 | 45  0.00280 -4.28330e-01
 46  0.01533  1.13451e+00 | 47 -0.03502 -3.88279e-01 | 48  0.01129  2.51812e+00
 49 -0.02183  7.29727e-02 | 50  0.02162  3.35664e-01 | 51 -0.05066  1.92705e-01
 52 -0.01653 -2.56562e-01 | 53  0.00688 -9.35206e-01 | 54  0.02158 -1.84899e+00
 55  0.02382  2.48982e+00 | 56  0.02994 -1.47647e+00 | 57  0.00462  1.59431e+00
 58 -0.02632 -3.31342e-01 | 59  0.03876  8.52490e-02 | 60  0.02813 -1.16010e+00
 61  0.03852  1.24676e+00 | 62  0.03467 -2.51255e+00 | 63  0.04938  4.36358e-01
 64  0.03270  9.76805e-01 | 65  0.01157 -7.70431e-03 | 66  0.00759 -9.56822e-01
 67  0.00196 -1.09179e+00 | 68  0.02897  4.37308e-01 | 69  0.05424  3.24607e-01
 70 -0.01452  1.34214e+00 | 71  0.02067  1.85412e-01 | 72  0.02338  3.65109e-01
 73 -0.01510 -5.02360e-01 | 74 -0.00737 -2.06530e-01 | 75 -0.01063 -1.06987e+00
 76 -0.00959 -1.25268e+00 | 77 -0.00566 -1.33218e+00 | 78  0.03963  3.97983e-02
 79 -0.01039 -1.76969e+00 | 80 -0.00549 -7.29978e-01 | 81 -0.02758  9.26875e-01
 82  0.00454  2.83939e+00 | 83  0.00510 -9.79882e-01 | 84  0.00864  3.06585e-01
 85  0.03142 -7.00422e-04 | 86  0.00875  4.97765e-01 | 87 -0.01614 -6.75411e-01
 88  0.00714 -1.84422e+00 | 89  0.00643 -4.32295e-01 | 90 -0.01594 -4.37808e-01
 91 -0.01451 -5.35364e-01 | 92  0.02334  1.08293e-01 | 93  0.00647 -3.98662e-02
 94  0.00641 -3.78303e-01 | 95 -0.00005  2.12770e-01 | 96 -0.00005  2.14728e-01
 97  0.77639 -6.86233e-01 | 98 -0.42273  9.66863e+00 | 99  0.25465 -2.64069e-01
100 -0.24429  2.04847e-01 |

Initial statistics: 108 variables; iteration 0; function evaluation 0; phase 4
Function value 2.1598780e+03; maximum gradient component mag -4.3776e+02
Var    Value     Gradient |Var    Value     Gradient |Var    Value     Gradient
  1 -0.42263 -1.49712e+02 |  2 -0.42263 -2.94867e+02 |  3 -0.41094 -4.37761e+02
  4  0.63309 -7.62073e-01 |  5  0.00000  1.35234e+01 |  6  0.00000  6.45699e+00
  7  0.00000 -8.76781e-01 |  8  0.00000 -9.81815e+00 |  9  0.00000 -5.01347e+00
 10  0.00742  8.26582e-01 | 11 -0.00384  4.32010e-02 | 12  0.00617  6.30260e-02
 13 -0.01840  3.19984e-01 | 14  0.00643 -3.89405e-01 | 15  0.01877  1.05519e+00
 16 -0.00378  1.31850e+00 | 17  0.00796 -2.67622e-01 | 18  0.00321  3.99916e-01
 19  0.00014  4.02350e-01 | 20  0.00924  8.15447e-01 | 21 -0.02195 -5.58502e-01
 22 -0.00769  7.98286e-01 | 23  0.01422 -4.29243e-01 | 24 -0.01811 -5.20160e-02
 25 -0.01503  1.75875e-01 | 26 -0.01839  6.06707e-03 | 27 -0.00875  3.80004e-01
 28 -0.00830  2.33932e-01 | 29 -0.03820  1.14525e+00 | 30  0.01767 -1.11942e-01
 31 -0.03277  1.43620e-01 | 32  0.02730 -5.41254e-01 | 33 -0.02597  1.21735e-02
 34 -0.02447  3.00696e-01 | 35 -0.03623 -6.67039e-01 | 36 -0.03961 -6.76594e-01
 37  0.05997 -1.00059e+00 | 38 -0.03778 -2.54304e-01 | 39 -0.01025  2.64970e-01
 40 -0.02165  2.49592e-01 | 41 -0.02454  1.72359e-01 | 42 -0.00399 -5.49689e-01
 43 -0.01956 -6.93907e-01 | 44  0.00502 -3.88313e-01 | 45 -0.01929  9.27982e-01
 46 -0.03267  1.05041e+00 | 47 -0.01085  1.02186e+00 | 48  0.01042 -5.98825e-01
 49 -0.00164  3.62619e-01 | 50 -0.02860  5.90450e-01 | 51 -0.00165 -6.86344e-01
 52 -0.01276 -6.18313e-01 | 53  0.00280 -4.27314e-01 | 54  0.01533  1.12173e+00
 55 -0.03502 -3.91168e-01 | 56  0.01129  2.50924e+00 | 57 -0.02183  7.43522e-02
 58  0.02162  3.49019e-01 | 59 -0.05066  1.94208e-01 | 60 -0.01653 -2.63340e-01
 61  0.00688 -9.21378e-01 | 62  0.02158 -1.84203e+00 | 63  0.02382  2.49089e+00
 64  0.02994 -1.47105e+00 | 65  0.00462  1.60628e+00 | 66 -0.02632 -3.29511e-01
 67  0.03876  8.74547e-02 | 68  0.02813 -1.15621e+00 | 69  0.03852  1.24646e+00
 70  0.03467 -2.50712e+00 | 71  0.04938  4.36640e-01 | 72  0.03270  9.75469e-01
 73  0.01157  5.82679e-03 | 74  0.00759 -9.65339e-01 | 75  0.00196 -1.08889e+00
 76  0.02897  4.38839e-01 | 77  0.05424  3.25558e-01 | 78 -0.01452  1.34328e+00
 79  0.02067  1.86738e-01 | 80  0.02338  3.66096e-01 | 81 -0.01510 -5.00427e-01
 82 -0.00737 -1.99448e-01 | 83 -0.01063 -1.06817e+00 | 84 -0.00959 -1.25177e+00
 85 -0.00565 -1.32078e+00 | 86  0.03963  4.09027e-02 | 87 -0.01039 -1.76272e+00
 88 -0.00549 -7.25661e-01 | 89 -0.02758  9.29225e-01 | 90  0.00454  2.83687e+00
 91  0.00510 -9.76623e-01 | 92  0.00864  3.08376e-01 | 93  0.03142  1.73015e-04
 94  0.00875  4.98079e-01 | 95 -0.01614 -6.76091e-01 | 96  0.00714 -1.84467e+00
 97  0.00643 -4.35931e-01 | 98 -0.01594 -4.41668e-01 | 99 -0.01451 -5.28207e-01
100  0.02334  1.12626e-01 |101  0.00647 -3.81981e-02 |102  0.00641 -3.76184e-01
103 -0.00005  2.13846e-01 |104 -0.00005  2.16005e-01 |105  0.77639 -6.85047e-01
106 -0.42273  9.65468e+00 |107  0.25465 -2.63270e-01 |108 -0.24429  2.03488e-01

Intermediate statistics: 108 variables; iteration 20; function evaluation 22; phase 4
Function value 2.1589900e+03; maximum gradient component mag 2.9355e+02
Var    Value     Gradient |Var    Value     Gradient |Var    Value     Gradient
  1 -0.40455 -6.59655e+01 |  2 -0.42235  2.93550e+02 |  3 -0.41429 -1.42108e+02
  4  0.63389  2.86045e+02 |  5 -0.00470  2.41008e+00 |  6 -0.00368  1.42269e-02
  7  0.00105  9.73465e-01 |  8  0.00610  1.96294e+00 |  9  0.00327  1.65831e+00
 10  0.00768 -6.57382e+00 | 11 -0.00318 -6.51086e+00 | 12  0.00695 -5.90767e+00
 13 -0.01785 -6.33703e+00 | 14  0.00747 -5.04171e+00 | 15  0.01945 -3.84663e+00
 16 -0.00333 -4.65395e+00 | 17  0.00885 -3.64650e+00 | 18  0.00385 -3.70119e+00
 19  0.00063 -3.99025e+00 | 20  0.00940 -4.63592e+00 | 21 -0.02150 -5.11630e+00
 22 -0.00762 -5.28154e+00 | 23  0.01448 -3.10199e+00 | 24 -0.01793 -5.39963e+00
 25 -0.01485 -4.77247e+00 | 26 -0.01822 -4.86151e+00 | 27 -0.00852 -3.37694e+00
 28 -0.00800 -3.03723e+00 | 29 -0.03811 -5.22359e+00 | 30  0.01799  1.26687e+00
 31 -0.03266 -5.63451e+00 | 32  0.02756  1.12122e+00 | 33 -0.02579 -4.99333e+00
 34 -0.02433 -4.81761e+00 | 35 -0.03615 -6.42047e+00 | 36 -0.03958 -6.42699e+00
 37  0.06018  8.58492e+00 | 38 -0.03768 -5.38489e+00 | 39 -0.01019 -2.76801e+00
 40 -0.02169 -3.90781e+00 | 41 -0.02439 -3.42793e+00 | 42 -0.00377 -1.91838e-01
 43 -0.01945 -3.36928e+00 | 44  0.00517  8.98059e-01 | 45 -0.01925 -2.37176e+00
 46 -0.03276 -3.65360e+00 | 47 -0.01090 -1.12684e+00 | 48  0.01053  3.33421e+00
 49 -0.00149  3.15297e+00 | 50 -0.02855 -1.14216e+00 | 51 -0.00153  2.93650e+00
 52 -0.01282  1.70268e-01 | 53  0.00280  4.38818e+00 | 54  0.01527  7.73857e+00
 55 -0.03499 -6.50993e-01 | 56  0.01085  4.33341e+00 | 57 -0.02184  2.39851e+00
 58  0.02136  8.45555e+00 | 59 -0.05076 -1.40247e+00 | 60 -0.01675  1.80682e+00
 61  0.00657  4.27602e+00 | 62  0.02141  6.90631e+00 | 63  0.02355  1.18600e+01
 64  0.02999  1.63087e+01 | 65  0.00427  3.89781e+00 | 66 -0.02674 -2.04616e+00
 67  0.03828  6.69812e-01 | 68  0.02802  7.89788e+00 | 69  0.03826  1.29397e+01
 70  0.03449  1.31942e+01 | 71  0.04974  3.41567e+01 | 72  0.03277  1.70873e+01
 73  0.01142  6.47705e+00 | 74  0.00758  5.52892e+00 | 75  0.00164  1.55366e+00
 76  0.02891  1.62125e+01 | 77  0.05484  5.70356e+01 | 78 -0.01449  6.31522e+00
 79  0.02062  1.18924e+01 | 80  0.02333  1.11016e+01 | 81 -0.01516  2.21553e+00
 82 -0.00757  2.87030e-01 | 83 -0.01073  1.77301e-01 | 84 -0.00977 -8.06476e-01
 85 -0.00582 -4.91678e-01 | 86  0.03922 -5.54193e+00 | 87 -0.01057 -3.18216e+00
 88 -0.00567 -2.95446e+00 | 89 -0.02781 -3.21837e+00 | 90  0.00433 -4.10533e-01
 91  0.00481 -3.14088e+00 | 92  0.00826 -2.64027e+00 | 93  0.03122 -2.33732e+00
 94  0.00856 -5.85950e+00 | 95 -0.01659 -8.41870e+00 | 96  0.00647 -1.42117e+01
 97  0.00625 -7.26271e+00 | 98 -0.01614 -7.87326e+00 | 99 -0.01536 -1.03604e+01
100  0.02302 -9.07433e+00 |101  0.00519 -1.14639e+01 |102  0.00608 -8.31404e+00
103 -0.00011 -8.13289e+00 |104 -0.00011 -8.13318e+00 |105  0.78000  1.06479e+01
106 -0.42265 -6.34724e+00 |107  0.25948  1.09742e+01 |108 -0.24418 -1.81868e+01
108 variables; iteration 40; function evaluation 46; phase 4
Function value 2.1584935e+03; maximum gradient component mag 8.4256e+01
Var    Value     Gradient |Var    Value     Gradient |Var    Value     Gradient
  1 -0.40578 -1.92263e+01 |  2 -0.42353  8.29008e+01 |  3 -0.41031 -4.17701e+01
  4  0.63366  8.42564e+01 |  5 -0.00393  1.91667e+00 |  6 -0.00795 -7.34502e+00
  7  0.00170  1.57298e+00 |  8  0.00447 -1.87989e+00 |  9  0.00144 -2.79389e+00
 10  0.00704 -3.35320e+00 | 11 -0.00407 -3.82794e+00 | 12  0.00702 -1.61988e+00
 13 -0.01839 -3.12343e+00 | 14  0.01056  7.39903e+00 | 15  0.01963 -5.90922e-01
 16 -0.00243  1.54923e+00 | 17  0.00690 -9.71613e+00 | 18  0.00306 -5.28843e+00
 19  0.00188  4.48684e+00 | 20  0.01045  3.49514e+00 | 21 -0.02007  5.35152e+00
 22 -0.00793 -6.12812e+00 | 23  0.01399 -9.66097e+00 | 24 -0.01759 -5.06780e-01
 25 -0.01479 -2.20978e+00 | 26 -0.01811 -1.77956e+00 | 27 -0.00841 -1.44490e+00
 28 -0.00773  8.60260e-01 | 29 -0.03818 -2.90764e+00 | 30  0.01846  9.75016e+00
 31 -0.03254 -2.00724e+00 | 32  0.02764 -3.19334e-01 | 33 -0.02511  3.22133e+00
 34 -0.02397  2.93189e-01 | 35 -0.03594 -1.54828e+00 | 36 -0.03980 -5.01169e+00
 37  0.06046  1.12280e+01 | 38 -0.03783 -4.45832e+00 | 39 -0.01019 -1.71399e+00
 40 -0.02163 -1.27324e+00 | 41 -0.02406  1.20527e+00 | 42 -0.00385 -1.81387e+00
 43 -0.01955 -3.38729e+00 | 44  0.00496 -3.51220e+00 | 45 -0.01931 -1.85760e+00
 46 -0.03272 -3.37989e-01 | 47 -0.01069  3.20849e+00 | 48  0.01019 -3.56149e+00
 49 -0.00134  4.64758e+00 | 50 -0.02883 -3.23154e+00 | 51 -0.00202 -5.17760e+00
 52 -0.01260  4.88602e+00 | 53  0.00219 -6.10433e+00 | 54  0.01527  4.23379e+00
 55 -0.03548 -3.91757e+00 | 56  0.01058 -2.18093e+00 | 57 -0.02183  3.17651e+00
 58  0.02150  8.61680e+00 | 59 -0.05111 -2.00745e+00 | 60 -0.01735 -6.40326e+00
 61  0.00653  4.29969e+00 | 62  0.02108 -4.94569e+00 | 63  0.02344  5.65087e+00
 64  0.02943 -8.49650e+00 | 65  0.00483  1.59122e+01 | 66 -0.02680  1.32433e+00
 67  0.03856  7.98651e+00 | 68  0.02718 -2.08362e+01 | 69  0.03812  4.23134e+00
 70  0.03485  1.98777e+01 | 71  0.04945  1.11956e+01 | 72  0.03269  5.93798e+00
 73  0.01114 -2.89551e+00 | 74  0.00740 -1.10278e+00 | 75  0.00152  7.62993e-02
 76  0.02899  1.38856e+01 | 77  0.05428  1.49394e+01 | 78 -0.01462  2.13656e+00
 79  0.02074  1.00312e+01 | 80  0.02260 -1.82348e+01 | 81 -0.01492  6.66033e+00
 82 -0.00738  4.82577e+00 | 83 -0.01085 -1.19903e+00 | 84 -0.01014 -6.65152e+00
 85 -0.00621 -7.02941e+00 | 86  0.03931 -2.02785e+00 | 87 -0.01055 -1.09690e-01
 88 -0.00554  1.58568e+00 | 89 -0.02798 -2.49829e+00 | 90  0.00358 -1.74573e+01
 91  0.00476  3.41012e+00 | 92  0.00811  2.99976e+00 | 93  0.03204  3.27257e+01
 94  0.00822 -8.16042e+00 | 95 -0.01714 -1.02972e+01 | 96  0.00626 -1.04189e+01
 97  0.00630  1.49972e-01 | 98 -0.01639 -3.93955e+00 | 99 -0.01520  4.95498e-01
100  0.02339  2.11581e+00 |101  0.00526 -4.70850e+00 |102  0.00800  5.85620e-01
103 -0.00025 -2.67713e+00 |104 -0.00026 -2.68623e+00 |105  0.77681 -4.24367e-01
106 -0.42383 -9.85878e+00 |107  0.26070  9.02402e+00 |108 -0.24404 -8.63344e+00
108 variables; iteration 60; function evaluation 70; phase 4
Function value 2.1582951e+03; maximum gradient component mag -5.2736e+01
Var    Value     Gradient |Var    Value     Gradient |Var    Value     Gradient
  1 -0.40705 -3.27492e-02 |  2 -0.42411 -5.27355e+01 |  3 -0.40826 -6.85046e+00
  4  0.63316 -2.23742e+01 |  5 -0.00522 -1.59009e+00 |  6 -0.00313  2.39171e-01
  7  0.00164  1.18613e+00 |  8  0.00591  5.05318e-01 |  9  0.00216 -1.79088e+00
 10  0.00723 -4.00234e-01 | 11 -0.00373 -5.75301e-01 | 12  0.00729  1.33762e+00
 13 -0.01795  3.29440e-01 | 14  0.00652 -2.20965e+00 | 15  0.01989  1.90273e+00
 16 -0.00301  1.49919e+00 | 17  0.00860 -9.86767e-01 | 18  0.00462  3.46959e+00
 19  0.00083  3.83101e-01 | 20  0.00976 -1.26990e-01 | 21 -0.02190 -2.92005e+00
 22 -0.00747 -1.15375e+00 | 23  0.01485  1.45212e+00 | 24 -0.01773 -1.67017e-01
 25 -0.01471  2.40238e-01 | 26 -0.01811 -1.03265e-01 | 27 -0.00838  2.48042e-02
 28 -0.00782  4.18839e-01 | 29 -0.03799  8.28262e-01 | 30  0.01798  1.60758e-01
 31 -0.03245  4.90456e-01 | 32  0.02774  1.41838e+00 | 33 -0.02546  6.96202e-01
 34 -0.02406  4.73854e-01 | 35 -0.03603 -4.45516e-01 | 36 -0.03932  1.32339e+00
 37  0.06020 -8.89695e-01 | 38 -0.03725  1.94397e+00 | 39 -0.01002  1.04074e+00
 40 -0.02157  1.57226e-01 | 41 -0.02419  1.76811e-01 | 42 -0.00373 -2.92040e-01
 43 -0.01926  1.02233e+00 | 44  0.00521  4.32983e-01 | 45 -0.01915  4.07145e-01
 46 -0.03276  1.72109e-01 | 47 -0.01099 -1.05619e+00 | 48  0.01047 -3.19425e-01
 49 -0.00154  1.19743e-01 | 50 -0.02853 -1.33617e-01 | 51 -0.00163 -1.27651e-01
 52 -0.01303 -1.23744e+00 | 53  0.00273  8.15597e-01 | 54  0.01513 -2.25922e+00
 55 -0.03497  1.05570e+00 | 56  0.01077 -1.56318e+00 | 57 -0.02199 -7.58384e-02
 58  0.02136 -3.83899e-01 | 59 -0.05087  4.23736e-01 | 60 -0.01671  2.33603e+00
 61  0.00643 -8.46511e-01 | 62  0.02134  4.25280e-01 | 63  0.02337 -5.44091e-01
 64  0.02989  6.62559e-01 | 65  0.00412 -3.36237e+00 | 66 -0.02678  9.95682e-01
 67  0.03844 -1.17997e+00 | 68  0.02806  1.39541e+00 | 69  0.03811 -1.52559e+00
 70  0.03432 -2.12346e+00 | 71  0.04941 -2.18826e+00 | 72  0.03274  4.88929e-01
 73  0.01139 -1.02633e+00 | 74  0.00748 -2.33963e+00 | 75  0.00168  8.82248e-01
 76  0.02872 -7.82812e-01 | 77  0.05421 -2.63839e+00 | 78 -0.01468 -1.52765e+00
 79  0.02057 -1.53013e+00 | 80  0.02332  9.32896e-01 | 81 -0.01512  1.16540e+00
 82 -0.00746  6.46405e-01 | 83 -0.01061  2.37110e+00 | 84 -0.00976  2.08491e+00
 85 -0.00591 -5.91971e-01 | 86  0.03947 -5.46580e-02 | 87 -0.01051 -6.36268e-01
 88 -0.00565 -2.34043e+00 | 89 -0.02786  3.78611e-01 | 90  0.00421  1.21111e+00
 91  0.00451 -1.50828e+00 | 92  0.00797 -3.82201e-01 | 93  0.03109 -2.37472e+00
 94  0.00846 -6.87312e-01 | 95 -0.01669  6.36545e-01 | 96  0.00667  3.60781e+00
 97  0.00597 -1.68451e+00 | 98 -0.01624  1.86944e+00 | 99 -0.01573  2.06106e-01
100  0.02250 -9.22210e-01 |101  0.00558  1.32048e+00 |102  0.00636  8.56629e-01
103 -0.00010  6.27295e-01 |104 -0.00009  6.36262e-01 |105  0.78154  1.92540e+00
106 -0.42315  1.73353e-01 |107  0.25817 -2.52504e+00 |108 -0.24470  2.35733e-01
108 variables; iteration 80; function evaluation 96; phase 4
Function value 2.1582817e+03; maximum gradient component mag -4.1758e+00
Var    Value     Gradient |Var    Value     Gradient |Var    Value     Gradient
  1 -0.40640  5.89943e-02 |  2 -0.42400 -4.17581e+00 |  3 -0.40866 -3.84293e-01
  4  0.63324 -2.15502e+00 |  5 -0.00478 -4.31285e-01 |  6 -0.00326  1.03830e-01
  7  0.00132  6.77377e-01 |  8  0.00559 -5.27692e-02 |  9  0.00291 -2.56699e-01
 10  0.00771  1.07912e-01 | 11 -0.00316  1.45742e-01 | 12  0.00672 -4.65947e-01
 13 -0.01795 -1.56099e-01 | 14  0.00727 -5.00209e-01 | 15  0.01944 -2.72278e-02
 16 -0.00316  5.88309e-01 | 17  0.00888 -1.35561e-01 | 18  0.00404  4.03482e-01
 19  0.00083  8.09205e-03 | 20  0.00981 -1.09182e-01 | 21 -0.02138 -4.92811e-01
 22 -0.00733 -4.20032e-01 | 23  0.01478  3.34276e-01 | 24 -0.01762  4.39246e-01
 25 -0.01471 -1.24546e-01 | 26 -0.01808 -1.98999e-01 | 27 -0.00833  3.25155e-01
 28 -0.00784 -9.17136e-02 | 29 -0.03803 -3.77388e-02 | 30  0.01798 -1.72466e-01
 31 -0.03242  3.28653e-01 | 32  0.02767 -2.48061e-01 | 33 -0.02550  1.77890e-02
 34 -0.02406  3.05256e-01 | 35 -0.03594  1.31381e-01 | 36 -0.03944 -7.57214e-02
 37  0.06020 -1.28269e-01 | 38 -0.03747 -2.60782e-01 | 39 -0.01008  1.14150e-01
 40 -0.02159 -1.60607e-01 | 41 -0.02419  3.08998e-02 | 42 -0.00377 -9.26576e-01
 43 -0.01933 -3.60545e-02 | 44  0.00520  4.13853e-01 | 45 -0.01917  1.53045e-01
 46 -0.03277 -1.17263e-01 | 47 -0.01092 -9.64963e-02 | 48  0.01050  4.46579e-01
 49 -0.00156 -2.75575e-03 | 50 -0.02856 -5.39402e-01 | 51 -0.00159  7.18763e-01
 52 -0.01297 -3.49122e-01 | 53  0.00269  4.23686e-01 | 54  0.01521  6.38493e-02
 55 -0.03500  7.83050e-01 | 56  0.01080 -2.69932e-01 | 57 -0.02202 -6.68273e-02
 58  0.02134  1.72420e-01 | 59 -0.05093 -1.84485e-01 | 60 -0.01689 -1.76264e-01
 61  0.00643 -1.04714e-01 | 62  0.02130  1.07014e-01 | 63  0.02335 -5.28825e-02
 64  0.02984  5.14728e-02 | 65  0.00424  1.55364e-02 | 66 -0.02688 -1.45210e-01
 67  0.03844 -1.80673e-01 | 68  0.02799  1.63829e-01 | 69  0.03811 -1.85206e-01
 70  0.03434 -3.54662e-01 | 71  0.04941 -2.20764e-01 | 72  0.03267 -3.20604e-01
 73  0.01146  1.66691e+00 | 74  0.00761  1.28974e+00 | 75  0.00162  3.79593e-01
 76  0.02870 -3.19458e-01 | 77  0.05420 -2.96491e-01 | 78 -0.01460  3.01618e-01
 79  0.02056 -2.77939e-01 | 80  0.02327  2.26210e-01 | 81 -0.01517  4.85608e-01
 82 -0.00753 -8.47087e-01 | 83 -0.01069  7.50376e-01 | 84 -0.00984  3.23086e-01
 85 -0.00588  4.91038e-01 | 86  0.03944  4.52599e-03 | 87 -0.01043  1.45764e+00
 88 -0.00563 -1.49510e+00 | 89 -0.02788  2.27859e-02 | 90  0.00419  4.87509e-01
 91  0.00452 -1.12681e+00 | 92  0.00800  3.74112e-01 | 93  0.03114 -3.04266e-01
 94  0.00839 -2.72645e+00 | 95 -0.01675 -7.91922e-01 | 96  0.00658  1.06524e+00
 97  0.00607 -3.02567e-01 | 98 -0.01630  4.81284e-01 | 99 -0.01575 -5.84618e-01
100  0.02272  1.77161e-01 |101  0.00550  1.89349e-01 |102  0.00616  1.40578e-02
103 -0.00007  8.98759e-02 |104 -0.00007  8.77595e-02 |105  0.78015  4.29133e-01
106 -0.42340 -1.09328e+00 |107  0.25897 -9.32430e-02 |108 -0.24451 -1.38693e-01
Maximum number of function evaluations exceeded

 - final statistics:
108 variables; iteration 84; function evaluation 100
Function value 2.1583e+03; maximum gradient component mag -4.1835e+00
Exit code = 3;  converg criter 1.0000e+00
Var    Value     Gradient |Var    Value     Gradient |Var    Value     Gradient
  1 -0.40640  5.50477e-02 |  2 -0.42400 -4.18354e+00 |  3 -0.40866 -3.87302e-01
  4  0.63324 -2.15484e+00 |  5 -0.00478 -4.25885e-01 |  6 -0.00325  1.05662e-01
  7  0.00133  6.93499e-01 |  8  0.00558 -6.55565e-02 |  9  0.00292 -2.34018e-01
 10  0.00771  1.00692e-01 | 11 -0.00317  1.35230e-01 | 12  0.00673 -4.40421e-01
 13 -0.01796 -1.61054e-01 | 14  0.00727 -5.11591e-01 | 15  0.01944 -3.16174e-02
 16 -0.00316  5.90137e-01 | 17  0.00888 -1.38229e-01 | 18  0.00404  3.99329e-01
 19  0.00083  3.68413e-03 | 20  0.00981 -1.18150e-01 | 21 -0.02138 -4.96433e-01
 22 -0.00733 -4.32627e-01 | 23  0.01478  3.29510e-01 | 24 -0.01762  4.41337e-01
 25 -0.01471 -1.30557e-01 | 26 -0.01808 -2.02498e-01 | 27 -0.00833  3.60362e-01
 28 -0.00784 -9.03542e-02 | 29 -0.03802 -5.79537e-03 | 30  0.01798 -1.61598e-01
 31 -0.03242  3.35483e-01 | 32  0.02767 -2.41119e-01 | 33 -0.02550  9.77204e-03
 34 -0.02405  3.30417e-01 | 35 -0.03594  1.25441e-01 | 36 -0.03944 -7.83068e-02
 37  0.06020 -1.27373e-01 | 38 -0.03747 -2.93065e-01 | 39 -0.01008  1.06024e-01
 40 -0.02159 -1.60071e-01 | 41 -0.02419  2.96933e-02 | 42 -0.00377 -9.26769e-01
 43 -0.01933 -4.65179e-02 | 44  0.00520  4.07460e-01 | 45 -0.01917  1.73442e-01
 46 -0.03277 -1.03800e-01 | 47 -0.01092 -8.77758e-02 | 48  0.01050  4.36780e-01
 49 -0.00156  6.73773e-03 | 50 -0.02856 -5.27133e-01 | 51 -0.00159  7.20636e-01
 52 -0.01297 -3.61217e-01 | 53  0.00269  4.21975e-01 | 54  0.01521  3.52772e-02
 55 -0.03501  7.54048e-01 | 56  0.01080 -2.43603e-01 | 57 -0.02202 -7.08374e-02
 58  0.02134  1.70209e-01 | 59 -0.05093 -1.74028e-01 | 60 -0.01689 -1.75694e-01
 61  0.00643 -1.03696e-01 | 62  0.02130  1.07401e-01 | 63  0.02335 -5.25869e-02
 64  0.02984  5.17856e-02 | 65  0.00424  1.57115e-02 | 66 -0.02688 -1.39797e-01
 67  0.03844 -1.80846e-01 | 68  0.02799  1.63871e-01 | 69  0.03811 -1.85226e-01
 70  0.03434 -3.54240e-01 | 71  0.04941 -2.21165e-01 | 72  0.03267 -3.20919e-01
 73  0.01146  1.67586e+00 | 74  0.00761  1.26661e+00 | 75  0.00162  3.76925e-01
 76  0.02870 -3.17927e-01 | 77  0.05420 -2.97022e-01 | 78 -0.01460  3.06792e-01
 79  0.02056 -2.78434e-01 | 80  0.02327  2.26050e-01 | 81 -0.01517  4.78590e-01
 82 -0.00753 -8.48762e-01 | 83 -0.01069  7.61070e-01 | 84 -0.00984  3.09315e-01
 85 -0.00588  4.90967e-01 | 86  0.03944  3.71167e-03 | 87 -0.01043  1.46665e+00
 88 -0.00563 -1.48801e+00 | 89 -0.02788  2.60224e-02 | 90  0.00419  4.88968e-01
 91  0.00452 -1.13738e+00 | 92  0.00800  3.86640e-01 | 93  0.03114 -3.07313e-01
 94  0.00839 -2.72707e+00 | 95 -0.01675 -7.78687e-01 | 96  0.00658  1.04501e+00
 97  0.00607 -3.04508e-01 | 98 -0.01630  4.84641e-01 | 99 -0.01575 -5.72392e-01
100  0.02272  1.53639e-01 |101  0.00550  1.93724e-01 |102  0.00616  1.38215e-02
103 -0.00007  9.49274e-02 |104 -0.00007  9.22859e-02 |105  0.78015  4.28099e-01
106 -0.42340 -1.09273e+00 |107  0.25897 -7.33525e-02 |108 -0.24451 -1.32052e-01

Initial statistics: 110 variables; iteration 0; function evaluation 0; phase 5
Function value 2.1582817e+03; maximum gradient component mag 2.5560e+01
Var    Value     Gradient |Var    Value     Gradient |Var    Value     Gradient
  1 -0.40640  5.50477e-02 |  2 -0.42400 -4.18354e+00 |  3 -0.40866 -3.87302e-01
  4 -0.41222 -1.32520e+01 |  5 -0.41222  2.55599e+01 |  6  0.63324 -2.15484e+00
  7 -0.00478 -4.25885e-01 |  8 -0.00325  1.05662e-01 |  9  0.00133  6.93499e-01
 10  0.00558 -6.55565e-02 | 11  0.00292 -2.34018e-01 | 12  0.00771  1.01261e-01
 13 -0.00317  1.35799e-01 | 14  0.00673 -4.39852e-01 | 15 -0.01796 -1.60485e-01
 16  0.00727 -5.11022e-01 | 17  0.01944 -3.10487e-02 | 18 -0.00316  5.90706e-01
 19  0.00888 -1.37660e-01 | 20  0.00404  3.99898e-01 | 21  0.00083  4.25311e-03
 22  0.00981 -1.17582e-01 | 23 -0.02138 -4.95864e-01 | 24 -0.00733 -4.32058e-01
 25  0.01478  3.30079e-01 | 26 -0.01762  4.41906e-01 | 27 -0.01471 -1.29988e-01
 28 -0.01808 -2.01929e-01 | 29 -0.00833  3.60931e-01 | 30 -0.00784 -8.97852e-02
 31 -0.03802 -5.22741e-03 | 32  0.01798 -1.61029e-01 | 33 -0.03242  3.36052e-01
 34  0.02767 -2.40550e-01 | 35 -0.02550  1.03406e-02 | 36 -0.02405  3.30985e-01
 37 -0.03594  1.26009e-01 | 38 -0.03944 -7.77389e-02 | 39  0.06020 -1.26807e-01
 40 -0.03747 -2.92497e-01 | 41 -0.01008  1.06593e-01 | 42 -0.02159 -1.59502e-01
 43 -0.02419  3.02618e-02 | 44 -0.00377 -9.26200e-01 | 45 -0.01933 -4.59492e-02
 46  0.00520  4.08029e-01 | 47 -0.01917  1.74011e-01 | 48 -0.03277 -1.03232e-01
 49 -0.01092 -8.72069e-02 | 50  0.01050  4.37349e-01 | 51 -0.00156  7.30671e-03
 52 -0.02856 -5.26564e-01 | 53 -0.00159  7.21205e-01 | 54 -0.01297 -3.60648e-01
 55  0.00269  4.22544e-01 | 56  0.01521  3.58461e-02 | 57 -0.03501  7.54616e-01
 58  0.01080 -2.43034e-01 | 59 -0.02202 -7.02688e-02 | 60  0.02134  1.70778e-01
 61 -0.05093 -1.73460e-01 | 62 -0.01689 -1.75125e-01 | 63  0.00643 -1.03127e-01
 64  0.02130  1.07970e-01 | 65  0.02335 -5.20183e-02 | 66  0.02984  5.23539e-02
 67  0.00424  1.62804e-02 | 68 -0.02688 -1.39228e-01 | 69  0.03844 -1.80278e-01
 70  0.02799  1.64440e-01 | 71  0.03811 -1.84658e-01 | 72  0.03434 -3.53672e-01
 73  0.04941 -2.20598e-01 | 74  0.03267 -3.20350e-01 | 75  0.01146  1.67643e+00
 76  0.00761  1.26718e+00 | 77  0.00162  3.77494e-01 | 78  0.02870 -3.17359e-01
 79  0.05420 -2.96455e-01 | 80 -0.01460  3.07361e-01 | 81  0.02056 -2.77865e-01
 82  0.02327  2.26619e-01 | 83 -0.01517  4.79159e-01 | 84 -0.00753 -8.48193e-01
 85 -0.01069  7.61639e-01 | 86 -0.00984  3.09884e-01 | 87 -0.00588  4.91536e-01
 88  0.03944  4.27955e-03 | 89 -0.01043  1.46722e+00 | 90 -0.00563 -1.48744e+00
 91 -0.02788  2.65909e-02 | 92  0.00419  4.89537e-01 | 93  0.00452 -1.13681e+00
 94  0.00800  3.87209e-01 | 95  0.03114 -3.06745e-01 | 96  0.00839 -2.72650e+00
 97 -0.01675 -7.78118e-01 | 98  0.00658  1.04558e+00 | 99  0.00607 -3.03939e-01
100 -0.01630  4.85210e-01 |101 -0.01575 -5.71823e-01 |102  0.02272  1.54208e-01
103  0.00550  1.94293e-01 |104  0.00616  1.43904e-02 |105 -0.00007  9.54964e-02
106 -0.00007  9.28548e-02 |107  0.78015  4.28099e-01 |108 -0.42340 -1.09273e+00
109  0.25897 -7.33525e-02 |110 -0.24451 -1.32052e-01 |

Intermediate statistics: 110 variables; iteration 20; function evaluation 23; phase 5
Function value 2.1580182e+03; maximum gradient component mag 1.7950e+02
Var    Value     Gradient |Var    Value     Gradient |Var    Value     Gradient
  1 -0.40758 -1.02904e+00 |  2 -0.42316  1.79496e+02 |  3 -0.41071  4.00351e+01
  4 -0.39562 -5.48761e+00 |  5 -0.41897  2.67710e+01 |  6  0.63342  7.22665e+01
  7 -0.00501 -3.68458e-01 |  8 -0.00323  2.67968e-01 |  9  0.00162  1.37756e+00
 10  0.00548 -1.94338e-02 | 11  0.00274 -3.08614e-01 | 12  0.00765 -1.47578e+00
 13 -0.00320 -1.39739e+00 | 14  0.00651 -2.24678e+00 | 15 -0.01810 -1.85766e+00
 16  0.00715 -1.82343e+00 | 17  0.01948 -4.36781e-01 | 18 -0.00311  4.31861e-02
 19  0.00899  1.32682e-01 | 20  0.00414  8.27319e-01 | 21  0.00104  1.24727e+00
 22  0.01029  3.84573e+00 | 23 -0.02108  9.87076e-01 | 24 -0.00673  4.43118e+00
 25  0.01486  2.28281e+00 | 26 -0.01774 -1.18104e+00 | 27 -0.01465 -3.95995e-01
 28 -0.01805 -7.15768e-01 | 29 -0.00843 -1.35176e+00 | 30 -0.00751  3.95163e+00
 31 -0.03789  2.36042e-02 | 32  0.01800  7.73280e-01 | 33 -0.03252 -1.39030e+00
 34  0.02764  3.30955e-01 | 35 -0.02537  1.17841e+00 | 36 -0.02413 -8.51207e-01
 37 -0.03600 -1.36451e+00 | 38 -0.03932  7.68221e-02 | 39  0.05991 -7.81408e+00
 40 -0.03704  3.17580e+00 | 41 -0.01004  7.58256e-01 | 42 -0.02168 -9.25740e-01
 43 -0.02411  1.07259e+00 | 44 -0.00323  8.53104e+00 | 45 -0.01903  3.80732e+00
 46  0.00517  6.87581e-01 | 47 -0.01913  2.87293e-01 | 48 -0.03281 -1.15115e+00
 49 -0.01090 -7.28486e-02 | 50  0.01033 -1.61914e+00 | 51 -0.00162  3.81242e-01
 52 -0.02804  5.84603e+00 | 53 -0.00186 -2.56047e+00 | 54 -0.01284  2.05516e+00
 55  0.00236 -2.97107e+00 | 56  0.01503 -4.65301e-01 | 57 -0.03536 -2.50728e+00
 58  0.01058 -1.56574e+00 | 59 -0.02205  8.31575e-01 | 60  0.02117 -5.55287e-01
 61 -0.05102 -9.38023e-01 | 62 -0.01702 -1.52136e+00 | 63  0.00640  3.48232e-01
 64  0.02148  7.64997e+00 | 65  0.02333  1.97412e+00 | 66  0.02978  3.79894e-02
 67  0.00418 -1.69692e-01 | 68 -0.02724 -3.06601e+00 | 69  0.03872  1.21854e+01
 70  0.02810  7.09728e+00 | 71  0.03814  4.55758e+00 | 72  0.03429  8.24012e-01
 73  0.04911 -5.27778e+00 | 74  0.03252 -8.93215e-01 | 75  0.01159  8.05900e+00
 76  0.00776  7.14169e+00 | 77  0.00163  3.18380e+00 | 78  0.02873  4.74227e+00
 79  0.05405 -8.75866e-03 | 80 -0.01471  4.50441e-03 | 81  0.02031 -3.42839e+00
 82  0.02342  6.93453e+00 | 83 -0.01537 -4.57760e-01 | 84 -0.00760 -1.22913e+00
 85 -0.01068  2.41901e+00 | 86 -0.00982  1.71306e+00 | 87 -0.00587  1.94098e+00
 88  0.03951  5.77395e+00 | 89 -0.01042  2.55713e+00 | 90 -0.00582 -4.95121e+00
 91 -0.02799 -2.19490e+00 | 92  0.00434  3.73147e+00 | 93  0.00448 -3.51483e+00
 94  0.00808  9.13272e-01 | 95  0.03092 -9.30216e+00 | 96  0.00809 -1.32362e+01
 97 -0.01651  5.88599e-01 | 98  0.00665 -6.50633e-01 | 99  0.00629  9.45626e-01
100 -0.01622 -3.00138e+00 |101 -0.01567 -2.21868e+00 |102  0.02285 -3.34445e+00
103  0.00533 -2.22821e+00 |104  0.00591 -2.19769e+00 |105 -0.00005 -1.71127e+00
106 -0.00005 -1.71569e+00 |107  0.77363  9.29899e+00 |108 -0.42466 -5.86794e+01
109  0.25835  3.70959e+00 |110 -0.24462 -5.23872e+00 |
110 variables; iteration 40; function evaluation 46; phase 5
Function value 2.1578022e+03; maximum gradient component mag 4.7645e+01
Var    Value     Gradient |Var    Value     Gradient |Var    Value     Gradient
  1 -0.40236  2.67535e+00 |  2 -0.42165  4.76451e+01 |  3 -0.41548  1.49203e+01
  4 -0.37814  6.15532e-01 |  5 -0.43014  5.33423e+00 |  6  0.63305  1.03939e+01
  7 -0.00416  1.69188e+00 |  8 -0.00322  3.75288e-01 |  9  0.00059 -4.02175e-01
 10  0.00591  8.49473e-01 | 11  0.00365  1.53448e+00 | 12  0.00772  2.71751e-01
 13 -0.00327  7.36899e-02 | 14  0.00734  1.40764e+00 | 15 -0.01756  1.02055e+00
 16  0.00615 -2.84491e+00 | 17  0.01909  1.78009e-01 | 18 -0.00334  1.24114e+00
 19  0.00830 -5.78169e-01 | 20  0.00315 -1.48062e+00 | 21  0.00039  2.40933e-01
 22  0.00973  2.61811e+00 | 23 -0.02137  1.51079e+00 | 24 -0.00792 -2.48985e+00
 25  0.01450  2.14014e-01 | 26 -0.01786 -6.91687e-01 | 27 -0.01473 -2.36859e-01
 28 -0.01816 -3.14709e-01 | 29 -0.00856 -5.01054e-01 | 30 -0.00797  3.26171e-01
 31 -0.03812 -4.23933e-01 | 32  0.01785 -9.27441e-01 | 33 -0.03265 -1.10617e+00
 34  0.02764  2.28078e+00 | 35 -0.02569 -2.38872e-01 | 36 -0.02423 -2.57985e-01
 37 -0.03606 -9.49998e-01 | 38 -0.03944  2.66983e-02 | 39  0.06008 -1.13900e+00
 40 -0.03748  1.15505e+00 | 41 -0.01018  1.60149e-02 | 42 -0.02174 -3.34176e-01
 43 -0.02434 -2.92404e-01 | 44 -0.00383  8.74684e-01 | 45 -0.01938  6.54717e-01
 46  0.00519  2.19847e+00 | 47 -0.01922 -1.23185e-01 | 48 -0.03268  2.79237e-01
 49 -0.01085 -2.85778e-01 | 50  0.01056  6.93232e-01 | 51 -0.00164 -8.77170e-01
 52 -0.02866 -5.08710e-01 | 53 -0.00162 -2.67183e-01 | 54 -0.01284  2.03105e-01
 55  0.00269 -2.23677e-01 | 56  0.01518 -6.15800e-01 | 57 -0.03517 -1.55125e+00
 58  0.01080 -1.01547e+00 | 59 -0.02194  5.49791e-01 | 60  0.02144 -5.27463e-01
 61 -0.05086 -5.27224e-01 | 62 -0.01675 -9.52767e-01 | 63  0.00665 -7.15410e-01
 64  0.02166  4.53345e+00 | 65  0.02353  1.78763e+00 | 66  0.02993 -7.39274e-01
 67  0.00446  3.79765e+00 | 68 -0.02705 -2.35214e-01 | 69  0.03868  1.19932e+00
 70  0.02808  8.28930e-01 | 71  0.03808 -4.21048e+00 | 72  0.03437 -1.06824e+00
 73  0.04934 -1.92764e-01 | 74  0.03273  1.58779e+00 | 75  0.01123 -3.42394e+00
 76  0.00764 -4.80314e-01 | 77  0.00167  1.53042e-01 | 78  0.02861 -4.13320e+00
 79  0.05419  9.11580e-01 | 80 -0.01466  7.43683e-01 | 81  0.02056  2.30420e+00
 82  0.02349  3.11835e+00 | 83 -0.01544 -1.59199e+00 | 84 -0.00733  2.39644e+00
 85 -0.01080 -3.14076e+00 | 86 -0.00984 -2.03254e+00 | 87 -0.00564  4.47534e+00
 88  0.03958  4.20560e-01 | 89 -0.01043  6.40934e-01 | 90 -0.00573 -4.21096e+00
 91 -0.02781 -5.26038e-01 | 92  0.00454  4.76903e+00 | 93  0.00486  7.24041e-01
 94  0.00803 -3.86419e+00 | 95  0.03125 -2.61155e+00 | 96  0.00868 -3.86985e+00
 97 -0.01647 -5.18356e-01 | 98  0.00709  3.66089e+00 | 99  0.00664  3.16183e+00
100 -0.01569  2.38087e-01 |101 -0.01527  1.07867e+00 |102  0.02344 -3.47618e-01
103  0.00558  3.46053e-01 |104  0.00611 -1.74970e-01 |105 -0.00006 -2.01143e-01
106 -0.00006 -2.03511e-01 |107  0.77149 -2.02068e+00 |108 -0.42485  6.14884e+00
109  0.25742  5.49542e-01 |110 -0.24511  2.54204e+00 |
110 variables; iteration 60; function evaluation 71; phase 5
Function value 2.1577886e+03; maximum gradient component mag 2.4413e+00
Var    Value     Gradient |Var    Value     Gradient |Var    Value     Gradient
  1 -0.40180  2.33005e-01 |  2 -0.42149  1.26529e+00 |  3 -0.41598  4.82401e-01
  4 -0.37665  8.60070e-02 |  5 -0.43147  2.18390e-01 |  6  0.63296 -2.30360e-01
  7 -0.00483 -7.73145e-03 |  8 -0.00336  5.51742e-02 |  9  0.00097  2.19184e-01
 10  0.00552  5.77983e-02 | 11  0.00305  3.10865e-01 | 12  0.00753  1.06540e-01
 13 -0.00341  1.21048e-02 | 14  0.00667  2.96813e-02 | 15 -0.01799  2.92519e-01
 16  0.00719  3.37173e-01 | 17  0.01906  2.64445e-01 | 18 -0.00367  3.67791e-01
 19  0.00837 -5.91033e-02 | 20  0.00339 -1.17181e-01 | 21  0.00034  2.11752e-01
 22  0.00932  2.78674e-02 | 23 -0.02174 -2.68877e-01 | 24 -0.00767 -2.46104e-01
 25  0.01448  2.65119e-01 | 26 -0.01785 -3.19679e-01 | 27 -0.01472  4.49159e-03
 28 -0.01814  1.06502e-01 | 29 -0.00848  8.09936e-01 | 30 -0.00798  5.56827e-01
 31 -0.03816 -5.57779e-01 | 32  0.01789 -1.31836e-01 | 33 -0.03253  1.48128e-01
 34  0.02754  2.52995e-02 | 35 -0.02567  1.59498e-01 | 36 -0.02425 -3.90389e-01
 37 -0.03597 -1.42257e-02 | 38 -0.03951 -4.66679e-01 | 39  0.06013  4.47261e-01
 40 -0.03759  4.30368e-01 | 41 -0.01014  5.75451e-01 | 42 -0.02177 -4.49440e-01
 43 -0.02437 -4.35753e-01 | 44 -0.00394 -6.29153e-01 | 45 -0.01946 -2.14536e-01
 46  0.00508  2.04622e-01 | 47 -0.01920  1.00577e-01 | 48 -0.03275 -4.22039e-01
 49 -0.01081 -1.26578e-02 | 50  0.01054 -1.24820e-01 | 51 -0.00154  4.12608e-01
 52 -0.02862 -1.24134e-01 | 53 -0.00160 -5.11329e-01 | 54 -0.01283 -1.69752e-01
 55  0.00273 -3.55410e-01 | 56  0.01525 -2.57727e-01 | 57 -0.03502 -2.73144e-01
 58  0.01090 -2.73947e-01 | 59 -0.02196 -1.72920e-01 | 60  0.02149 -7.94806e-01
 61 -0.05078 -2.85043e-02 | 62 -0.01665 -1.37049e-01 | 63  0.00672 -4.50952e-01
 64  0.02157  3.09281e-01 | 65  0.02352  3.03386e-01 | 66  0.02998 -1.36894e-01
 67  0.00432 -3.82399e-03 | 68 -0.02698  3.79021e-01 | 69  0.03870  1.13146e-01
 70  0.02804 -1.34790e+00 | 71  0.03825  2.16841e-01 | 72  0.03444  3.85886e-01
 73  0.04936 -5.99388e-01 | 74  0.03278  2.44126e+00 | 75  0.01140  1.64448e-01
 76  0.00770  3.03193e-01 | 77  0.00168 -3.51308e-02 | 78  0.02875 -6.56291e-01
 79  0.05420 -2.00299e-02 | 80 -0.01468  1.81146e-02 | 81  0.02047 -1.51406e+00
 82  0.02344  3.44909e-01 | 83 -0.01531  4.15957e-01 | 84 -0.00742  1.83431e-01
 85 -0.01064  3.18742e-03 | 86 -0.00973  2.63036e-02 | 87 -0.00579  4.09194e-01
 88  0.03960 -1.21938e-01 | 89 -0.01043  3.99238e-01 | 90 -0.00552  4.39821e-01
 91 -0.02777 -1.65866e-02 | 92  0.00441  2.21288e-01 | 93  0.00483 -1.01298e+00
 94  0.00815 -8.02869e-01 | 95  0.03132  1.76257e-01 | 96  0.00883  8.93753e-02
 97 -0.01643  2.05198e-01 | 98  0.00692 -2.72532e-01 | 99  0.00651  5.23523e-01
100 -0.01567  5.92020e-01 |101 -0.01546 -3.41489e-01 |102  0.02345  1.87677e-01
103  0.00538  3.96493e-02 |104  0.00609  9.21037e-02 |105  0.00002  2.12987e-01
106  0.00001  2.06239e-01 |107  0.77170 -2.27814e-01 |108 -0.42481  1.38019e+00
109  0.25693 -8.87189e-02 |110 -0.24527  5.77689e-01 |
110 variables; iteration 80; function evaluation 99; phase 5
Function value 2.1577881e+03; maximum gradient component mag -5.4922e-01
Var    Value     Gradient |Var    Value     Gradient |Var    Value     Gradient
  1 -0.40181  6.00825e-02 |  2 -0.42148  1.60319e-01 |  3 -0.41599  1.13273e-01
  4 -0.37663  3.08270e-02 |  5 -0.43151  3.22315e-02 |  6  0.63294 -5.56657e-02
  7 -0.00482 -1.56217e-02 |  8 -0.00341 -4.39717e-02 |  9  0.00084 -2.39330e-02
 10  0.00552  3.82355e-02 | 11  0.00291  1.28586e-02 | 12  0.00750  2.53363e-04
 13 -0.00340  5.63753e-03 | 14  0.00667 -1.85688e-02 | 15 -0.01809  3.49534e-02
 16  0.00709 -8.73663e-03 | 17  0.01898 -6.03852e-02 | 18 -0.00374  9.43610e-02
 19  0.00848  3.47890e-01 | 20  0.00340 -1.15903e-01 | 21  0.00030 -7.13376e-02
 22  0.00931 -8.91982e-02 | 23 -0.02169 -6.05998e-02 | 24 -0.00765 -1.71526e-01
 25  0.01446 -1.97898e-02 | 26 -0.01780  6.64417e-02 | 27 -0.01471  1.27332e-01
 28 -0.01813  1.77928e-01 | 29 -0.00851  3.10604e-01 | 30 -0.00802 -1.46660e-02
 31 -0.03811 -1.51991e-01 | 32  0.01790 -4.79082e-02 | 33 -0.03254  4.95155e-02
 34  0.02754  7.88115e-03 | 35 -0.02565  2.65066e-01 | 36 -0.02421  8.65453e-02
 37 -0.03596  2.57085e-02 | 38 -0.03944  6.65952e-02 | 39  0.06013  1.22475e-01
 40 -0.03761  1.69645e-01 | 41 -0.01017  2.22479e-01 | 42 -0.02171  7.92782e-02
 43 -0.02432  8.98434e-02 | 44 -0.00390 -1.22124e-01 | 45 -0.01945 -1.22817e-01
 46  0.00508  1.81999e-01 | 47 -0.01921 -1.77490e-02 | 48 -0.03273 -2.72880e-01
 49 -0.01081 -1.58348e-01 | 50  0.01054 -2.24214e-01 | 51 -0.00156 -1.38870e-02
 52 -0.02860 -2.46256e-02 | 53 -0.00158 -1.74031e-01 | 54 -0.01281 -2.49811e-02
 55  0.00274 -9.15246e-02 | 56  0.01526 -8.19089e-02 | 57 -0.03499 -6.45873e-02
 58  0.01091  5.24269e-02 | 59 -0.02193  1.38267e-01 | 60  0.02151 -1.87528e-01
 61 -0.05078 -4.54323e-02 | 62 -0.01664  6.30520e-02 | 63  0.00672 -3.63279e-01
 64  0.02157  1.16513e-01 | 65  0.02352 -2.72678e-02 | 66  0.02998 -1.68368e-02
 67  0.00433  1.62747e-02 | 68 -0.02701 -5.77246e-02 | 69  0.03870  4.91454e-02
 70  0.02807 -5.09455e-01 | 71  0.03825  5.82152e-02 | 72  0.03444  1.83807e-01
 73  0.04938 -1.26039e-01 | 74  0.03272  2.91269e-01 | 75  0.01141  1.54766e-01
 76  0.00771  4.48418e-01 | 77  0.00170  2.33034e-01 | 78  0.02877 -2.02638e-01
 79  0.05420 -2.66315e-02 | 80 -0.01467  7.70104e-02 | 81  0.02052 -2.86270e-01
 82  0.02344  2.02620e-03 | 83 -0.01532  1.58373e-02 | 84 -0.00743 -1.21132e-01
 85 -0.01063  1.63206e-02 | 86 -0.00972 -2.09918e-02 | 87 -0.00580 -5.04259e-03
 88  0.03961 -4.64819e-02 | 89 -0.01044  9.05177e-02 | 90 -0.00553  1.55610e-01
 91 -0.02776  8.49482e-02 | 92  0.00440 -1.01035e-02 | 93  0.00488  2.64977e-02
 94  0.00817 -5.49217e-01 | 95  0.03132  7.49650e-02 | 96  0.00884  1.45528e-01
 97 -0.01644 -2.18328e-03 | 98  0.00694 -5.37753e-02 | 99  0.00649 -1.80912e-02
100 -0.01571  8.21523e-02 |101 -0.01543 -8.28944e-02 |102  0.02342 -1.03358e-01
103  0.00539  8.36767e-02 |104  0.00601 -5.30659e-02 |105 -0.00013 -2.68186e-02
106 -0.00013 -2.56936e-02 |107  0.77168 -5.08487e-02 |108 -0.42482  3.64490e-01
109  0.25687 -5.49629e-02 |110 -0.24528  1.23449e-01 |
110 variables; iteration 100; function evaluation 129; phase 5
Function value 2.1577880e+03; maximum gradient component mag -6.2784e-02
Var    Value     Gradient |Var    Value     Gradient |Var    Value     Gradient
  1 -0.40181 -2.22809e-03 |  2 -0.42148 -1.33406e-02 |  3 -0.41600 -7.15328e-03
  4 -0.37663 -1.53087e-03 |  5 -0.43152 -9.00359e-04 |  6  0.63294  3.63472e-03
  7 -0.00481  2.15520e-03 |  8 -0.00338  9.71555e-03 |  9  0.00086  4.68636e-03
 10  0.00550  1.28856e-03 | 11  0.00290 -7.17023e-04 | 12  0.00750  3.18571e-04
 13 -0.00340 -1.91018e-03 | 14  0.00667  2.01442e-03 | 15 -0.01811 -7.65802e-03
 16  0.00709  1.87447e-03 | 17  0.01900 -1.01135e-03 | 18 -0.00377 -4.69307e-03
 19  0.00839 -1.81443e-02 | 20  0.00343  3.90798e-03 | 21  0.00031  1.48577e-03
 22  0.00932 -2.40176e-04 | 23 -0.02168  1.34894e-03 | 24 -0.00763  1.15114e-03
 25  0.01447  1.77389e-02 | 26 -0.01781 -4.40219e-02 | 27 -0.01472  3.67414e-02
 28 -0.01814  3.81713e-02 | 29 -0.00854 -6.24761e-02 | 30 -0.00802  3.22855e-02
 31 -0.03810  2.14400e-02 | 32  0.01791  2.64671e-02 | 33 -0.03254  1.09924e-03
 34  0.02754 -4.41297e-02 | 35 -0.02568 -2.89820e-02 | 36 -0.02422  6.40228e-03
 37 -0.03597 -1.27385e-02 | 38 -0.03945  3.24793e-02 | 39  0.06013 -1.25561e-02
 40 -0.03764 -1.01087e-02 | 41 -0.01018  3.73374e-03 | 42 -0.02172 -9.52110e-03
 43 -0.02433  2.30821e-02 | 44 -0.00389  2.02029e-02 | 45 -0.01944 -3.97805e-02
 46  0.00507 -1.41551e-02 | 47 -0.01921 -4.25849e-02 | 48 -0.03270  2.76985e-02
 49 -0.01080  2.73601e-03 | 50  0.01055  2.77207e-02 | 51 -0.00156  2.89406e-02
 52 -0.02860  1.86640e-02 | 53 -0.00156  4.61864e-03 | 54 -0.01281 -1.30811e-02
 55  0.00275 -6.31186e-03 | 56  0.01526  1.13484e-02 | 57 -0.03499  5.57815e-03
 58  0.01091  2.52268e-02 | 59 -0.02195 -2.73266e-02 | 60  0.02152 -1.99740e-03
 61 -0.05078 -8.26261e-03 | 62 -0.01664  2.87796e-03 | 63  0.00674  6.86874e-03
 64  0.02157 -1.14370e-02 | 65  0.02352 -4.27574e-03 | 66  0.02999 -2.58145e-03
 67  0.00433 -1.99660e-02 | 68 -0.02700 -2.75727e-03 | 69  0.03870 -6.35867e-03
 70  0.02809  2.68427e-02 | 71  0.03825 -6.89495e-03 | 72  0.03444 -1.46586e-02
 73  0.04938  5.31343e-03 | 74  0.03271 -2.07316e-02 | 75  0.01141 -1.58491e-02
 76  0.00769 -3.83280e-02 | 77  0.00170  3.14282e-02 | 78  0.02878  1.64025e-03
 79  0.05420 -3.35834e-03 | 80 -0.01467  4.27529e-02 | 81  0.02053  9.54371e-03
 82  0.02344 -5.09497e-03 | 83 -0.01532  1.02937e-03 | 84 -0.00742  2.16508e-02
 85 -0.01063 -6.27837e-02 | 86 -0.00972  3.45006e-02 | 87 -0.00580 -2.63237e-02
 88  0.03962  1.94806e-04 | 89 -0.01044  3.50433e-03 | 90 -0.00554 -3.45345e-02
 91 -0.02776  5.77350e-02 | 92  0.00440 -9.51494e-03 | 93  0.00488  8.58157e-04
 94  0.00819  2.27749e-02 | 95  0.03132 -5.15599e-03 | 96  0.00884 -8.60958e-03
 97 -0.01644 -2.33101e-02 | 98  0.00695  1.47278e-02 | 99  0.00649 -1.01304e-02
100 -0.01571  3.54447e-02 |101 -0.01542 -1.36294e-02 |102  0.02343  9.59733e-03
103  0.00537 -3.16555e-03 |104  0.00605  7.29266e-03 |105 -0.00011  2.22338e-04
106 -0.00011 -2.63885e-04 |107  0.77167  1.65967e-03 |108 -0.42482 -1.36821e-02
109  0.25688  1.50463e-03 |110 -0.24528 -5.56224e-03 |

 - final statistics:
110 variables; iteration 119; function evaluation 158
Function value 2.1578e+03; maximum gradient component mag -1.5371e-05
Exit code = 1;  converg criter 1.0000e-04
Var    Value     Gradient |Var    Value     Gradient |Var    Value     Gradient
  1 -0.40181  2.39105e-07 |  2 -0.42148  6.57331e-07 |  3 -0.41600  3.40124e-07
  4 -0.37663 -1.59646e-07 |  5 -0.43152 -1.91293e-07 |  6  0.63294  1.20083e-06
  7 -0.00481  1.59245e-08 |  8 -0.00339  1.88254e-08 |  9  0.00085  8.02494e-09
 10  0.00550  7.61510e-09 | 11  0.00290  5.69644e-09 | 12  0.00750 -5.97729e-08
 13 -0.00340 -7.77615e-08 | 14  0.00667  5.20848e-08 | 15 -0.01811  1.08724e-08
 16  0.00709  2.57072e-08 | 17  0.01900  4.54434e-08 | 18 -0.00377  2.96172e-08
 19  0.00840  4.41918e-08 | 20  0.00343  9.40337e-08 | 21  0.00031  1.08824e-07
 22  0.00932  1.76572e-07 | 23 -0.02169  9.34575e-08 | 24 -0.00763  2.32658e-07
 25  0.01446 -2.32760e-07 | 26 -0.01781  3.92840e-06 | 27 -0.01472 -1.53709e-05
 28 -0.01814  1.36123e-05 | 29 -0.00854 -1.94056e-06 | 30 -0.00802 -1.00496e-06
 31 -0.03810  4.91728e-06 | 32  0.01790 -1.90738e-07 | 33 -0.03254  1.66317e-06
 34  0.02754 -2.68538e-07 | 35 -0.02568  3.73906e-06 | 36 -0.02422 -1.66366e-06
 37 -0.03597  9.82882e-07 | 38 -0.03945  1.47101e-07 | 39  0.06013 -2.13439e-08
 40 -0.03764  9.63647e-07 | 41 -0.01018 -1.93689e-07 | 42 -0.02172  1.53724e-06
 43 -0.02433 -1.43472e-06 | 44 -0.00389  3.50301e-07 | 45 -0.01944 -8.32285e-07
 46  0.00507  6.32657e-08 | 47 -0.01921  1.59815e-06 | 48 -0.03270  1.70515e-06
 49 -0.01080  1.12587e-06 | 50  0.01055 -1.09359e-07 | 51 -0.00156 -1.52643e-07
 52 -0.02860 -8.44811e-07 | 53 -0.00156 -2.29821e-07 | 54 -0.01281 -6.85803e-07
 55  0.00275 -5.57003e-07 | 56  0.01526 -4.30817e-07 | 57 -0.03499  3.58376e-07
 58  0.01091 -5.13060e-07 | 59 -0.02195 -1.43200e-07 | 60  0.02152 -6.79770e-08
 61 -0.05078 -8.90922e-06 | 62 -0.01664 -2.27846e-07 | 63  0.00674 -3.18798e-07
 64  0.02157 -4.26551e-07 | 65  0.02352 -3.19621e-07 | 66  0.02999 -2.70530e-07
 67  0.00433 -2.91551e-07 | 68 -0.02700 -7.55169e-07 | 69  0.03870 -1.94811e-07
 70  0.02809 -2.08745e-07 | 71  0.03825 -2.13789e-07 | 72  0.03444 -2.64276e-07
 73  0.04938 -1.98200e-07 | 74  0.03271 -2.89074e-07 | 75  0.01141 -3.12379e-07
 76  0.00769 -3.84948e-07 | 77  0.00169 -2.73513e-07 | 78  0.02878 -2.85733e-07
 79  0.05420 -2.40714e-07 | 80 -0.01468 -3.76638e-07 | 81  0.02053 -2.54416e-07
 82  0.02344 -2.92406e-07 | 83 -0.01532 -3.98301e-07 | 84 -0.00742 -3.00573e-07
 85 -0.01063 -4.32439e-07 | 86 -0.00972 -3.01597e-07 | 87 -0.00580 -3.49432e-07
 88  0.03962 -2.45172e-07 | 89 -0.01044 -3.05916e-07 | 90 -0.00553 -3.35250e-07
 91 -0.02776 -2.49832e-07 | 92  0.00440 -2.54807e-07 | 93  0.00488 -1.68798e-07
 94  0.00819 -1.15694e-07 | 95  0.03132 -4.00152e-08 | 96  0.00884  1.32881e-08
 97 -0.01644  1.47060e-07 | 98  0.00694  2.35845e-07 | 99  0.00649  4.11937e-07
100 -0.01571  2.56581e-06 |101 -0.01542 -1.70679e-06 |102  0.02343  6.92306e-06
103  0.00537 -2.95940e-07 |104  0.00605 -4.38127e-08 |105 -0.00011  5.41498e-08
106 -0.00011 -9.80420e-08 |107  0.77167  3.06656e-07 |108 -0.42482 -2.88520e-07
109  0.25688 -9.49694e-07 |110 -0.24528 -1.85028e-07 |

 - final statistics:
122 variables; iteration 0; function evaluation 0
Function value 2.1578e+03; maximum gradient component mag -1.5371e-05
Exit code = 0;  converg criter 1.0000e-04
Var    Value     Gradient |Var    Value     Gradient |Var    Value     Gradient
  1 -0.40181  2.39140e-07 |  2 -0.42148  6.57763e-07 |  3 -0.41600  3.40287e-07
  4 -0.37663 -1.59635e-07 |  5 -0.43152 -1.91271e-07 |  6  0.63294  1.20094e-06
  7 -0.00481  1.59248e-08 |  8 -0.00339  1.88254e-08 |  9  0.00085  8.02503e-09
 10  0.00550  7.61523e-09 | 11  0.00290  5.69655e-09 | 12  0.00750 -5.94584e-08
 13 -0.00340 -7.74470e-08 | 14  0.00667  5.23993e-08 | 15 -0.01811  1.11868e-08
 16  0.00709  2.60218e-08 | 17  0.01900  4.57579e-08 | 18 -0.00377  2.99318e-08
 19  0.00840  4.45065e-08 | 20  0.00343  9.43484e-08 | 21  0.00031  1.09138e-07
 22  0.00932  1.76887e-07 | 23 -0.02169  9.37718e-08 | 24 -0.00763  2.32972e-07
 25  0.01446 -2.32446e-07 | 26 -0.01781  3.92871e-06 | 27 -0.01472 -1.53706e-05
 28 -0.01814  1.36126e-05 | 29 -0.00854 -1.94024e-06 | 30 -0.00802 -1.00464e-06
 31 -0.03810  4.91759e-06 | 32  0.01790 -1.90425e-07 | 33 -0.03254  1.66348e-06
 34  0.02754 -2.68223e-07 | 35 -0.02568  3.73938e-06 | 36 -0.02422 -1.66335e-06
 37 -0.03597  9.83196e-07 | 38 -0.03945  1.47416e-07 | 39  0.06013 -2.10272e-08
 40 -0.03764  9.63963e-07 | 41 -0.01018 -1.93374e-07 | 42 -0.02172  1.53756e-06
 43 -0.02433 -1.43441e-06 | 44 -0.00389  3.50617e-07 | 45 -0.01944 -8.31970e-07
 46  0.00507  6.35828e-08 | 47 -0.01921  1.59846e-06 | 48 -0.03270  1.70547e-06
 49 -0.01080  1.12619e-06 | 50  0.01055 -1.09043e-07 | 51 -0.00156 -1.52326e-07
 52 -0.02860 -8.44495e-07 | 53 -0.00156 -2.29503e-07 | 54 -0.01281 -6.85485e-07
 55  0.00275 -5.56685e-07 | 56  0.01526 -4.30498e-07 | 57 -0.03499  3.58692e-07
 58  0.01091 -5.12739e-07 | 59 -0.02195 -1.42882e-07 | 60  0.02152 -6.76563e-08
 61 -0.05078 -8.90890e-06 | 62 -0.01664 -2.27528e-07 | 63  0.00674 -3.18479e-07
 64  0.02157 -4.26231e-07 | 65  0.02352 -3.19299e-07 | 66  0.02999 -2.70209e-07
 67  0.00433 -2.91231e-07 | 68 -0.02700 -7.54852e-07 | 69  0.03870 -1.94483e-07
 70  0.02809 -2.08424e-07 | 71  0.03825 -2.13465e-07 | 72  0.03444 -2.63954e-07
 73  0.04938 -1.97871e-07 | 74  0.03271 -2.88752e-07 | 75  0.01141 -3.12058e-07
 76  0.00769 -3.84629e-07 | 77  0.00169 -2.73193e-07 | 78  0.02878 -2.85411e-07
 79  0.05420 -2.40383e-07 | 80 -0.01468 -3.76320e-07 | 81  0.02053 -2.54095e-07
 82  0.02344 -2.92086e-07 | 83 -0.01532 -3.97984e-07 | 84 -0.00742 -3.00255e-07
 85 -0.01063 -4.32120e-07 | 86 -0.00972 -3.01278e-07 | 87 -0.00580 -3.49113e-07
 88  0.03962 -2.44845e-07 | 89 -0.01044 -3.05598e-07 | 90 -0.00553 -3.34933e-07
 91 -0.02776 -2.49516e-07 | 92  0.00440 -2.54490e-07 | 93  0.00488 -1.68480e-07
 94  0.00819 -1.15380e-07 | 95  0.03132 -3.96983e-08 | 96  0.00884  1.36044e-08
 97 -0.01644  1.47375e-07 | 98  0.00694  2.36161e-07 | 99  0.00649  4.12251e-07
100 -0.01571  2.56613e-06 |101 -0.01542 -1.70647e-06 |102  0.02343  6.92337e-06
103  0.00537 -2.95625e-07 |104  0.00605 -4.34983e-08 |105 -0.00011  5.44642e-08
106 -0.00011 -9.77277e-08 |107  0.00000  0.00000e+00 |108  0.00000  0.00000e+00
109  0.00000  0.00000e+00 |110  0.00000  0.00000e+00 |111  0.00000  0.00000e+00
112  0.00000  0.00000e+00 |113  0.00000  0.00000e+00 |114  0.00000  0.00000e+00
115  0.00000  0.00000e+00 |116  0.00000  0.00000e+00 |117  0.00000  0.00000e+00
118  0.00000  0.00000e+00 |119  0.77167  3.06640e-07 |120 -0.42482 -2.88439e-07
121  0.25688 -9.49708e-07 |122 -0.24528 -1.84979e-07 |
size of file gradfil1.tmp = 0
size of file gradfil2.tmp = 0
size of file varssave.tmp = 0
size of file cmpdiff.tmp = 0
