
Initial statistics: 1 variables; iteration 0; function evaluation 0; phase 1
Function value 2.7774622e+03; maximum gradient component mag -1.7825e+04
Var    Value     Gradient |Var    Value     Gradient |Var    Value     Gradient
  1  0.63197 -1.78250e+04 |

 - final statistics:
1 variables; iteration 7; function evaluation 10
Function value 2.6358e+03; maximum gradient component mag -5.1348e-01
Exit code = 1;  converg criter 1.0000e+01
Var    Value     Gradient |Var    Value     Gradient |Var    Value     Gradient
  1  0.65150 -5.13483e-01 |

Initial statistics: 98 variables; iteration 0; function evaluation 0; phase 2
Function value 2.6357937e+03; maximum gradient component mag -2.0915e+03
Var    Value     Gradient |Var    Value     Gradient |Var    Value     Gradient
  1  0.65150 -5.13483e-01 |  2  0.00000  7.28240e+00 |  3  0.00000  5.07527e+01
  4  0.00000  3.05146e+01 |  5  0.00000  4.40761e+01 |  6  0.00000  4.48121e+01
  7  0.00000  1.76344e+01 |  8  0.00000  2.95553e+01 |  9  0.00000 -9.75623e+01
 10  0.00000  1.27158e+02 | 11  0.00000  1.07949e+02 | 12  0.00000  1.75881e+02
 13  0.00000  2.21793e+02 | 14  0.00000  1.03520e+02 | 15  0.00000 -4.19011e+02
 16  0.00000 -3.31672e+01 | 17  0.00000  8.02425e+01 | 18  0.00000  1.94100e+02
 19  0.00000 -3.11629e+02 | 20  0.00000 -3.91868e+02 | 21  0.00000  9.14010e+01
 22  0.00000 -4.82084e+02 | 23  0.00000  7.57566e+01 | 24  0.00000  2.48861e+02
 25  0.00000 -1.06739e+02 | 26  0.00000  3.88557e+02 | 27  0.00000  2.59247e+02
 28  0.00000 -3.96695e+02 | 29  0.00000 -2.63322e+01 | 30  0.00000 -8.29219e+02
 31  0.00000  1.60376e+02 | 32  0.00000 -7.21667e+00 | 33  0.00000  3.90917e+02
 34  0.00000 -1.44903e+02 | 35  0.00000  2.46802e+02 | 36  0.00000 -1.80847e+02
 37  0.00000  2.23978e+02 | 38  0.00000 -5.50527e+02 | 39  0.00000 -2.09153e+03
 40  0.00000 -7.72249e+01 | 41  0.00000 -9.82978e+01 | 42  0.00000 -3.14202e+02
 43  0.00000 -6.26283e+01 | 44  0.00000 -4.60372e+01 | 45  0.00000 -8.20165e+01
 46  0.00000 -1.54555e+02 | 47  0.00000 -4.50543e+02 | 48  0.00000 -1.47434e+02
 49  0.00000 -5.78406e+02 | 50  0.00000 -1.00807e+03 | 51  0.00000 -7.76571e+02
 52  0.00000 -9.10829e+02 | 53  0.00000  2.14570e+02 | 54  0.00000 -4.97338e+02
 55  0.00000 -2.29085e+02 | 56  0.00000  5.38666e+02 | 57  0.00000 -2.98594e+02
 58  0.00000 -3.20569e+02 | 59  0.00000 -1.34980e+03 | 60  0.00000  1.26042e+02
 61  0.00000  6.41391e+02 | 62  0.00000 -3.04842e+02 | 63  0.00000  4.55448e+02
 64  0.00000 -4.95708e+02 | 65  0.00000  1.79254e+02 | 66  0.00000 -2.52555e+02
 67  0.00000  5.14829e+02 | 68  0.00000  6.26597e+02 | 69  0.00000 -3.79340e+02
 70  0.00000 -1.36930e+02 | 71  0.00000  7.02863e+02 | 72  0.00000  3.43140e+02
 73  0.00000  1.23945e+03 | 74  0.00000  9.32160e+02 | 75  0.00000  1.12316e+03
 76  0.00000  5.10694e+02 | 77  0.00000  6.88005e+02 | 78  0.00000 -8.74102e+02
 79  0.00000  7.75664e+02 | 80  0.00000  3.94566e+02 | 81  0.00000  3.50973e+02
 82  0.00000  3.49228e+02 | 83  0.00000  1.06889e+03 | 84  0.00000  6.36564e+02
 85  0.00000  4.97009e+02 | 86  0.00000  6.09533e+01 | 87  0.00000 -2.41399e+02
 88  0.00000 -2.98200e+02 | 89  0.00000  1.88372e+02 | 90  0.00000 -3.06244e+01
 91  0.00000 -5.44118e+01 | 92  0.00000  2.07797e+01 | 93  0.00000  3.77108e+01
 94  0.00000  2.89420e+00 | 95  0.00000 -6.99689e-01 | 96  0.00000 -6.99777e-01
 97  0.81654  1.06063e+02 | 98  0.22185 -3.71482e+02 |

Intermediate statistics: 98 variables; iteration 20; function evaluation 33; phase 2
Function value 2.2317770e+03; maximum gradient component mag -9.5604e+02
Var    Value     Gradient |Var    Value     Gradient |Var    Value     Gradient
  1  0.64130 -9.56042e+02 |  2  0.00909  5.24184e+01 |  3 -0.03295  5.79972e+00
  4  0.01190  8.42026e+01 |  5  0.02459  1.36861e+02 |  6  0.02241  1.35535e+02
  7 -0.01930 -1.98978e+01 |  8 -0.01404 -9.18506e-01 |  9  0.04499  1.43199e+02
 10 -0.02088  5.28091e+01 | 11 -0.02801 -9.57407e+00 | 12 -0.04145 -1.71453e+01
 13 -0.03155  4.18331e+01 | 14 -0.01365  1.96701e+00 | 15  0.02431 -1.61693e+02
 16  0.00633  3.66531e+01 | 17 -0.00178  6.86330e+01 | 18 -0.00757  1.27651e+02
 19  0.02009 -2.36608e+00 | 20  0.02407 -2.52799e+00 | 21 -0.00290  9.19033e+01
 22  0.02402 -7.48711e+01 | 23 -0.00748 -2.89885e-01 | 24 -0.01197  1.16914e+02
 25  0.00531 -2.08984e+01 | 26 -0.01806  1.93692e+02 | 27 -0.01293  1.46548e+02
 28  0.02229 -2.72207e+00 | 29 -0.00189  3.64769e+01 | 30  0.02893 -2.86436e+02
 31 -0.02325 -1.71220e+01 | 32 -0.00472 -4.79087e+00 | 33 -0.04547 -1.16546e+01
 34 -0.00204 -1.06558e+02 | 35 -0.03524 -5.49206e+01 | 36  0.00013 -1.10123e+02
 37 -0.01754  1.53734e+02 | 38  0.01871 -1.89951e+02 | 39  0.07956 -4.96288e+02
 40 -0.00700 -1.85272e+01 | 41 -0.01965 -1.84209e+02 | 42  0.01470 -4.86760e+01
 43 -0.00937 -7.74976e+01 | 44 -0.01292 -9.16674e+01 | 45 -0.01141 -1.06149e+02
 46 -0.00715 -1.26187e+02 | 47  0.00505 -2.65488e+02 | 48 -0.02644 -2.74736e+02
 49  0.01352 -2.27107e+02 | 50  0.03539 -2.07580e+02 | 51  0.02018 -2.45917e+02
 52  0.01894 -4.05675e+02 | 53 -0.02190 -8.09257e+01 | 54  0.01110 -2.13268e+02
 55  0.00607 -9.19561e+01 | 56 -0.02003  1.02269e+02 | 57  0.00832 -1.17442e+02
 58  0.00439 -1.87478e+02 | 59  0.02583 -6.21976e+02 | 60 -0.00330  4.79781e+00
 61 -0.01219  2.50926e+02 | 62  0.01044 -1.18396e+02 | 63 -0.00728  1.71742e+02
 64  0.01219 -2.67749e+02 | 65 -0.00188  1.08404e+01 | 66  0.00801 -1.65972e+02
 67 -0.00717  1.55200e+02 | 68 -0.01258  1.30861e+02 | 69  0.00554 -3.77733e+02
 70  0.00453 -1.45385e+02 | 71 -0.01065  2.71159e+02 | 72  0.00466  3.48189e+02
 73 -0.02151  4.68143e+02 | 74 -0.01683  2.46418e+02 | 75 -0.02165  3.40198e+02
 76 -0.00611  1.81099e+02 | 77 -0.01154  2.59966e+02 | 78  0.01562 -3.99534e+02
 79 -0.01468  2.84789e+02 | 80 -0.00685  1.02973e+02 | 81 -0.00622  9.70592e+01
 82 -0.00545  1.27443e+02 | 83 -0.02139  4.47551e+02 | 84 -0.01182  2.75658e+02
 85 -0.00983  2.33923e+02 | 86 -0.00335  1.47445e+01 | 87  0.00695 -3.98039e+00
 88  0.00578 -8.63717e+01 | 89 -0.00591  1.43918e+02 | 90 -0.00167  6.48174e+00
 91 -0.00282 -3.20697e+01 | 92 -0.00488  2.78718e+01 | 93 -0.00760  3.76152e+01
 94  0.01807  6.12026e+01 | 95  0.07131  1.37603e+02 | 96  0.07131  1.37605e+02
 97  0.80440 -2.86833e+01 | 98  0.22812 -8.20546e+01 |
98 variables; iteration 40; function evaluation 59; phase 2
Function value 2.1747962e+03; maximum gradient component mag 9.3345e+02
Var    Value     Gradient |Var    Value     Gradient |Var    Value     Gradient
  1  0.62662  9.33451e+02 |  2 -0.00121 -3.05758e+01 |  3 -0.00998 -7.82775e+00
  4 -0.01279 -3.77745e+01 |  5 -0.02288 -5.16966e+01 |  6 -0.03267 -8.05726e+01
  7  0.01353  1.06849e+01 |  8  0.00489 -7.20237e+00 |  9  0.02028 -7.28451e+01
 10 -0.02964 -4.57126e+01 | 11 -0.01382 -2.42774e+01 | 12 -0.02403 -1.74017e+01
 13 -0.02986 -2.20740e+01 | 14 -0.00325 -6.03122e+00 | 15  0.03984 -5.37464e+01
 16  0.00742 -4.25947e+01 | 17 -0.00424 -4.97701e+01 | 18 -0.01785 -6.13148e+01
 19  0.02753  1.32087e+01 | 20  0.03290  5.44551e+01 | 21 -0.00616 -2.61125e+01
 22  0.03624  7.94400e+01 | 23 -0.00221 -1.52380e+01 | 24 -0.02371 -7.72304e+01
 25  0.00746 -8.55932e+01 | 26 -0.04576 -1.26070e+02 | 27 -0.02905 -8.88127e+01
 28  0.02898  3.13242e+01 | 29 -0.00395 -4.82889e+01 | 30  0.04667  5.19580e+01
 31 -0.02018 -4.18009e+01 | 32 -0.00002 -2.99066e+00 | 33 -0.04189 -4.23429e+01
 34  0.00709 -3.42363e+01 | 35 -0.02751 -4.33925e+01 | 36  0.01341  1.02369e+01
 37 -0.04927 -1.24365e+02 | 38  0.03710  6.29785e+01 | 39  0.09788  2.17070e+02
 40 -0.00449 -2.04187e+01 | 41  0.00810  7.03338e+01 | 42  0.01861 -1.23364e+00
 43 -0.00637 -6.79712e+01 | 44 -0.00934 -7.32736e+01 | 45 -0.00846 -8.40666e+01
 46 -0.00495 -9.48939e+01 | 47  0.02014  1.94871e+01 | 48  0.00300  7.80288e+01
 49  0.01920 -5.56033e+01 | 50  0.04084  4.84497e+01 | 51  0.02813  9.98299e+00
 52  0.02880 -1.05268e+02 | 53 -0.02806 -1.88653e+02 | 54  0.01895 -2.61315e+01
 55  0.00894 -6.70452e+01 | 56 -0.02172  1.32010e+01 | 57  0.01468  7.09956e+00
 58  0.01272  1.74707e+01 | 59  0.04866  3.15558e+02 | 60  0.00099  5.53747e+01
 61 -0.01709  6.53342e+01 | 62  0.01948  5.59476e+01 | 63 -0.00817  6.17202e+01
 64  0.02314 -1.48564e+01 | 65  0.00400  6.93057e+01 | 66  0.01904  6.94811e+01
 67 -0.00610  6.52754e+01 | 68 -0.01240  3.10094e+01 | 69  0.02538  1.93688e+02
 70  0.01407  3.13793e+01 | 71 -0.01289  7.82025e+01 | 72  0.00363  1.00242e+02
 73 -0.02865  1.46167e+02 | 74 -0.01614  7.47150e+01 | 75 -0.02464  1.04538e+02
 76 -0.00284  8.26643e+01 | 77 -0.01185  9.88730e+01 | 78  0.03156  8.43128e+01
 79 -0.01747  7.54610e+01 | 80 -0.00450 -8.06886e+00 | 81 -0.00414 -2.11767e+01
 82 -0.00406 -2.51734e+01 | 83 -0.03556  1.47438e+01 | 84 -0.01467  2.89069e+01
 85 -0.01544 -4.84586e+01 | 86 -0.00224 -9.61289e+01 | 87  0.01438  7.37072e+01
 88  0.01192 -5.25221e+01 | 89 -0.00860 -5.10980e+00 | 90 -0.00261 -1.03450e+02
 91  0.00370 -4.15879e+01 | 92 -0.00361 -2.95233e+01 | 93 -0.00979 -3.11032e+01
 94 -0.00722 -3.56559e+01 | 95 -0.02881 -7.19305e+01 | 96 -0.02882 -7.19322e+01
 97  0.80331  1.66463e+01 | 98  0.22760 -8.25532e+00 |
98 variables; iteration 60; function evaluation 84; phase 2
Function value 2.1632993e+03; maximum gradient component mag 8.8908e+01
Var    Value     Gradient |Var    Value     Gradient |Var    Value     Gradient
  1  0.62841  3.76662e+01 |  2  0.00012 -2.09700e-01 |  3 -0.01715  4.94622e+00
  4 -0.01288 -1.01512e+01 |  5 -0.02155 -2.09057e+01 |  6 -0.00481  1.51253e+01
  7  0.00820  2.28141e+01 |  8  0.00411  1.96053e+01 |  9  0.02634 -1.31737e+01
 10 -0.02871 -1.36852e+01 | 11 -0.01700 -7.29760e+00 | 12 -0.02689  5.23970e-01
 13 -0.03134  1.28346e+00 | 14 -0.00165  3.80621e+01 | 15  0.04097  1.76164e+00
 16  0.00750 -7.66183e+00 | 17 -0.00466 -2.17997e+01 | 18 -0.01364  7.30416e+00
 19  0.02486 -7.96754e-01 | 20  0.03016  3.17109e+01 | 21 -0.00614  1.37666e-01
 22  0.03077 -7.32086e+00 | 23 -0.00379 -4.78644e+00 | 24 -0.01950 -6.61681e+00
 25  0.00911 -2.40205e+01 | 26 -0.03744 -3.17122e+01 | 27 -0.02166  7.91286e+00
 28  0.02410 -2.68458e+01 | 29 -0.00201  6.02855e-02 | 30  0.04274 -2.06049e+01
 31 -0.01919 -7.05655e+00 | 32 -0.00339 -2.02725e+01 | 33 -0.04311 -2.43442e+01
 34  0.00775  7.19985e+00 | 35 -0.02846 -2.20446e+01 | 36  0.01111  1.10718e+01
 37 -0.03687 -1.75905e+01 | 38  0.03008 -2.85291e+01 | 39  0.09136 -2.57676e+01
 40 -0.00723 -2.24975e+01 | 41  0.00378  4.35229e+01 | 42  0.01656 -5.88136e+00
 43 -0.00531 -2.89331e+01 | 44 -0.00802 -3.12555e+01 | 45 -0.00622 -3.20063e+01
 46  0.00036 -4.24984e+00 | 47  0.01735 -1.71212e+01 | 48 -0.00283  1.16654e+01
 49  0.02272  1.33772e+01 | 50  0.03750 -4.07870e+01 | 51  0.02739 -1.45882e+00
 52  0.03224  7.51821e+00 | 53 -0.01757 -9.64423e+00 | 54  0.01612 -8.82370e+01
 55  0.01093  2.80156e-02 | 56 -0.02267  1.67069e+01 | 57  0.01344 -2.06755e+01
 58  0.01101 -2.82574e+01 | 59  0.04425  8.89077e+01 | 60 -0.00050  2.43592e+01
 61 -0.01975  2.90565e+01 | 62  0.02011  8.56058e+01 | 63 -0.01100  1.45240e+01
 64  0.02438  3.01567e+01 | 65  0.00161  1.14544e+01 | 66  0.01804  2.93240e+01
 67 -0.00927 -4.85066e+00 | 68 -0.01262  2.95329e+01 | 69  0.02152  3.25188e+01
 70  0.01299 -1.19627e+01 | 71 -0.01581  1.70950e+01 | 72  0.00043 -9.52032e-01
 73 -0.03441  4.51192e+01 | 74 -0.01957 -6.75494e-01 | 75 -0.02855  3.59220e+01
 76 -0.00458  4.35111e+01 | 77 -0.01474  4.12665e+01 | 78  0.03018  1.94873e+01
 79 -0.02081  1.72789e+01 | 80 -0.00551 -1.85690e+01 | 81 -0.00467 -1.22393e+01
 82 -0.00360  1.71013e+01 | 83 -0.03686  2.18159e+01 | 84 -0.01646  2.14227e+01
 85 -0.01533 -9.30210e+00 | 86 -0.00053 -1.67463e+01 | 87  0.00962 -2.11022e+01
 88  0.01114 -3.68186e+01 | 89 -0.01115 -8.35916e+00 | 90 -0.00048 -2.68505e+01
 91  0.00458  6.22846e+00 | 92 -0.00723 -2.23576e+01 | 93 -0.00753  3.51676e+00
 94 -0.01563 -2.22256e+01 | 95 -0.00439 -7.54914e+00 | 96 -0.00439 -7.54525e+00
 97  0.80565  1.03494e+01 | 98  0.22917  4.28486e+01 |
Maximum number of function evaluations exceeded

 - final statistics:
98 variables; iteration 71; function evaluation 100
Function value 2.1616e+03; maximum gradient component mag -3.5889e+01
Exit code = 3;  converg criter 1.0000e+01
Var    Value     Gradient |Var    Value     Gradient |Var    Value     Gradient
  1  0.62915 -3.58886e+01 |  2 -0.00243 -3.29973e+00 |  3 -0.02041  4.37310e-01
  4 -0.00918  2.10285e-01 |  5 -0.01385 -1.15574e+00 |  6 -0.01053  2.45446e+00
  7  0.00124  3.46358e+00 |  8  0.00203  1.48589e+01 |  9  0.02892  2.44480e+00
 10 -0.02587 -1.88776e+00 | 11 -0.01790 -8.34173e+00 | 12 -0.02530  9.86809e+00
 13 -0.03166  2.56051e+00 | 14 -0.00624  8.55145e+00 | 15  0.04065  2.78906e+00
 16  0.00758 -1.58859e+00 | 17 -0.00379 -7.51353e+00 | 18 -0.01475  1.69293e+00
 19  0.02463  1.40012e+00 | 20  0.02837  5.41847e+00 | 21 -0.00632  2.32232e+00
 22  0.03019 -1.32039e+01 | 23 -0.00442 -7.81206e+00 | 24 -0.01856  6.79252e+00
 25  0.00937 -1.39363e+01 | 26 -0.03509 -8.81549e+00 | 27 -0.02253  4.70001e+00
 28  0.02559  5.76723e+00 | 29 -0.00229  8.03148e-01 | 30  0.04319 -5.03614e+00
 31 -0.01961 -7.90596e+00 | 32 -0.00270 -7.88082e+00 | 33 -0.04214 -1.39526e+01
 34  0.00735  4.76515e+00 | 35 -0.02616  2.04003e+00 | 36  0.00999 -3.53905e-01
 37 -0.03559 -5.23414e+00 | 38  0.03039 -1.56325e+01 | 39  0.09167  4.92875e+00
 40 -0.00657 -1.07373e+01 | 41 -0.00020  4.25435e+00 | 42  0.01567 -1.19121e+01
 43 -0.00446 -1.25153e+01 | 44 -0.00715 -1.41072e+01 | 45 -0.00494 -9.49450e+00
 46 -0.00011 -2.67246e+00 | 47  0.01729 -1.00394e+01 | 48 -0.00394  3.58637e+00
 49  0.02166  1.96621e+00 | 50  0.03839 -7.64633e+00 | 51  0.02663 -1.01227e+01
 52  0.03207  1.21534e+01 | 53 -0.01763 -3.98090e+00 | 54  0.01802 -2.17258e+01
 55  0.01046 -3.82265e+00 | 56 -0.02356  6.03694e+00 | 57  0.01368 -7.25397e+00
 58  0.01184 -1.35113e+00 | 59  0.04252  1.55897e+01 | 60 -0.00082  1.72329e+01
 61 -0.02160 -4.07130e+00 | 62  0.01824  2.05532e+01 | 63 -0.01134  7.28228e+00
 64  0.02372  5.44477e+00 | 65  0.00085 -8.27462e+00 | 66  0.01724  1.77569e+00
 67 -0.00844  1.44072e+01 | 68 -0.01313  1.84957e+01 | 69  0.02070  3.28549e-01
 70  0.01320 -6.92558e+00 | 71 -0.01677 -3.08759e+00 | 72  0.00045 -1.44398e+00
 73 -0.03622  1.38659e+01 | 74 -0.01957 -3.20466e-01 | 75 -0.02982  1.10454e+01
 76 -0.00583  6.45084e+00 | 77 -0.01566  1.99509e+01 | 78  0.02967 -4.19874e+00
 79 -0.02132  9.28268e+00 | 80 -0.00499 -3.59214e-01 | 81 -0.00453 -3.80092e+00
 82 -0.00387  1.21555e+01 | 83 -0.03793  5.52374e+00 | 84 -0.01698  1.11199e+01
 85 -0.01513 -2.05530e+00 | 86 -0.00000  9.42550e-01 | 87  0.01063  9.88339e+00
 88  0.01152 -2.55218e+01 | 89 -0.01095 -3.65073e+00 | 90  0.00133  2.56943e+00
 91  0.00400  3.30899e+00 | 92 -0.00532 -8.02551e+00 | 93 -0.00809  4.34652e+00
 94 -0.00466 -2.75481e+00 | 95 -0.00085 -5.69720e-02 | 96 -0.00085 -5.69042e-02
 97  0.80491  9.25569e-02 | 98  0.22827  1.89426e+01 |

Initial statistics: 100 variables; iteration 0; function evaluation 0; phase 3
Function value 2.1616189e+03; maximum gradient component mag 1.4082e+02
Var    Value     Gradient |Var    Value     Gradient |Var    Value     Gradient
  1  0.62915 -3.58886e+01 |  2 -0.00243 -3.32443e+00 |  3 -0.02041  4.12631e-01
  4 -0.00918  1.85596e-01 |  5 -0.01385 -1.18043e+00 |  6 -0.01054  2.42977e+00
  7  0.00124  3.43889e+00 |  8  0.00203  1.48342e+01 |  9  0.02892  2.42013e+00
 10 -0.02587 -1.91243e+00 | 11 -0.01790 -8.36642e+00 | 12 -0.02530  9.84342e+00
 13 -0.03166  2.53585e+00 | 14 -0.00625  8.52676e+00 | 15  0.04065  2.76442e+00
 16  0.00758 -1.61328e+00 | 17 -0.00379 -7.53822e+00 | 18 -0.01475  1.66825e+00
 19  0.02463  1.37545e+00 | 20  0.02837  5.39380e+00 | 21 -0.00632  2.29763e+00
 22  0.03019 -1.32285e+01 | 23 -0.00442 -7.83675e+00 | 24 -0.01856  6.76784e+00
 25  0.00937 -1.39610e+01 | 26 -0.03509 -8.84014e+00 | 27 -0.02253  4.67534e+00
 28  0.02559  5.74256e+00 | 29 -0.00229  7.78456e-01 | 30  0.04319 -5.06077e+00
 31 -0.01961 -7.93064e+00 | 32 -0.00270 -7.90552e+00 | 33 -0.04214 -1.39772e+01
 34  0.00735  4.74046e+00 | 35 -0.02616  2.01536e+00 | 36  0.00999 -3.78593e-01
 37 -0.03559 -5.25879e+00 | 38  0.03039 -1.56572e+01 | 39  0.09167  4.90432e+00
 40 -0.00657 -1.07620e+01 | 41 -0.00020  4.22965e+00 | 42  0.01567 -1.19368e+01
 43 -0.00446 -1.25400e+01 | 44 -0.00715 -1.41319e+01 | 45 -0.00494 -9.51919e+00
 46 -0.00011 -2.69715e+00 | 47  0.01729 -1.00640e+01 | 48 -0.00394  3.56168e+00
 49  0.02166  1.94153e+00 | 50  0.03839 -7.67098e+00 | 51  0.02663 -1.01474e+01
 52  0.03207  1.21288e+01 | 53 -0.01763 -4.00558e+00 | 54  0.01802 -2.17505e+01
 55  0.01046 -3.84734e+00 | 56 -0.02356  6.01226e+00 | 57  0.01368 -7.27866e+00
 58  0.01183 -1.37582e+00 | 59  0.04252  1.55651e+01 | 60 -0.00082  1.72082e+01
 61 -0.02160 -4.09598e+00 | 62  0.01824  2.05285e+01 | 63 -0.01134  7.25760e+00
 64  0.02372  5.42009e+00 | 65  0.00085 -8.29931e+00 | 66  0.01724  1.75100e+00
 67 -0.00844  1.43825e+01 | 68 -0.01313  1.84710e+01 | 69  0.02070  3.03870e-01
 70  0.01320 -6.95026e+00 | 71 -0.01677 -3.11228e+00 | 72  0.00045 -1.46867e+00
 73 -0.03622  1.38413e+01 | 74 -0.01957 -3.45146e-01 | 75 -0.02982  1.10208e+01
 76 -0.00583  6.42615e+00 | 77 -0.01566  1.99262e+01 | 78  0.02967 -4.22341e+00
 79 -0.02132  9.25800e+00 | 80 -0.00499 -3.83906e-01 | 81 -0.00453 -3.82561e+00
 82 -0.00387  1.21308e+01 | 83 -0.03794  5.49909e+00 | 84 -0.01698  1.10952e+01
 85 -0.01513 -2.07998e+00 | 86 -0.00000  9.17859e-01 | 87  0.01063  9.85871e+00
 88  0.01152 -2.55465e+01 | 89 -0.01095 -3.67541e+00 | 90  0.00133  2.54474e+00
 91  0.00400  3.28430e+00 | 92 -0.00532 -8.05020e+00 | 93 -0.00809  4.32183e+00
 94 -0.00466 -2.77950e+00 | 95 -0.00085 -8.16638e-02 | 96 -0.00085 -8.15960e-02
 97  0.80491  9.25569e-02 | 98 -0.41581  7.79675e+01 | 99  0.22827  1.89426e+01
100 -0.25275  1.40825e+02 |

Intermediate statistics: 100 variables; iteration 20; function evaluation 23; phase 3
Function value 2.1610988e+03; maximum gradient component mag 1.8153e+02
Var    Value     Gradient |Var    Value     Gradient |Var    Value     Gradient
  1  0.62912 -1.42574e+02 |  2 -0.00095  2.65031e+00 |  3 -0.02009  4.02553e+00
  4 -0.00881  3.92784e+00 |  5 -0.01318  3.30196e+00 |  6 -0.01063  5.05925e+00
  7  0.00113  5.88545e+00 |  8  0.00091  1.36880e+01 |  9  0.02924  6.42463e+00
 10 -0.02534  2.57621e+00 | 11 -0.01711 -2.55971e+00 | 12 -0.02545  1.17702e+01
 13 -0.03146  6.00214e+00 | 14 -0.00578  1.39626e+01 | 15  0.04098  9.03224e+00
 16  0.00770  1.75561e+00 | 17 -0.00388 -6.18179e+00 | 18 -0.01463  4.90269e+00
 19  0.02479  5.15189e+00 | 20  0.02854  9.52478e+00 | 21 -0.00615  6.00139e+00
 22  0.03021 -1.18831e+01 | 23 -0.00452 -7.04143e+00 | 24 -0.01833  1.12051e+01
 25  0.00926 -1.39649e+01 | 26 -0.03521 -7.54363e+00 | 27 -0.02236  8.49102e+00
 28  0.02573  9.42063e+00 | 29 -0.00217  4.06259e+00 | 30  0.04332 -1.92806e+00
 31 -0.01970 -6.92707e+00 | 32 -0.00280 -7.58815e+00 | 33 -0.04241 -1.37930e+01
 34  0.00753  9.01955e+00 | 35 -0.02605  5.27346e+00 | 36  0.01010  2.86189e+00
 37 -0.03565 -3.39721e+00 | 38  0.03035 -1.59382e+01 | 39  0.09161 -2.25877e+00
 40 -0.00673 -1.08530e+01 | 41 -0.00001  7.63722e+00 | 42  0.01558 -1.26241e+01
 43 -0.00470 -1.42586e+01 | 44 -0.00743 -1.64339e+01 | 45 -0.00510 -1.07993e+01
 46 -0.00003 -1.44117e+00 | 47  0.01730 -1.06611e+01 | 48 -0.00371  6.51698e+00
 49  0.02180  2.38092e+00 | 50  0.03864 -6.52922e+00 | 51  0.02677 -1.19457e+01
 52  0.03208  5.45665e+00 | 53 -0.01751 -3.58024e+00 | 54  0.01831 -1.18155e+01
 55  0.01062 -1.02624e+00 | 56 -0.02360  7.24365e+00 | 57  0.01383 -5.96331e+00
 58  0.01176 -4.75655e+00 | 59  0.04222 -5.52953e+00 | 60 -0.00094  1.36723e+01
 61 -0.02166 -6.58178e+00 | 62  0.01759 -4.27349e+00 | 63 -0.01135  3.93346e+00
 64  0.02341 -9.13362e+00 | 65  0.00085 -1.24205e+01 | 66  0.01702 -8.98131e+00
 67 -0.00849  1.00553e+01 | 68 -0.01324  1.53563e+01 | 69  0.02062 -9.39724e+00
 70  0.01323 -9.27307e+00 | 71 -0.01680 -6.16465e+00 | 72  0.00030 -6.78365e+00
 73 -0.03615  1.46212e+01 | 74 -0.01980 -4.49464e+00 | 75 -0.02982  1.04495e+01
 76 -0.00619 -2.68900e+00 | 77 -0.01567  1.85425e+01 | 78  0.02962 -6.93964e+00
 79 -0.02128  1.03743e+01 | 80 -0.00515 -1.82103e+00 | 81 -0.00457 -4.19314e+00
 82 -0.00423  6.79677e+00 | 83 -0.03802  7.10496e+00 | 84 -0.01727  1.11736e+01
 85 -0.01538 -2.64796e+00 | 86 -0.00043 -1.00925e+00 | 87  0.01033  1.01703e+01
 88  0.01113 -2.26257e+01 | 89 -0.01143 -2.52607e+00 | 90  0.00054  2.54165e+00
 91  0.00335  4.28791e+00 | 92 -0.00728 -1.15071e+01 | 93 -0.00921  6.65736e+00
 94 -0.00186  4.37428e+00 | 95 -0.00021  3.95829e+00 | 96 -0.00021  3.95822e+00
 97  0.79632  4.97379e+00 | 98 -0.41755 -3.36922e+01 | 99  0.21788 -2.31592e+01
100 -0.25586  1.81533e+02 |
100 variables; iteration 40; function evaluation 53; phase 3
Function value 2.1605661e+03; maximum gradient component mag 6.0797e+01
Var    Value     Gradient |Var    Value     Gradient |Var    Value     Gradient
  1  0.62967 -6.66709e+00 |  2 -0.00001  7.14529e-01 |  3 -0.02008  1.82994e-01
  4 -0.00883  5.57402e-02 |  5 -0.01297 -4.92865e-02 |  6 -0.01108  7.97584e-02
  7  0.00036 -1.97753e-01 |  8 -0.00267 -2.01355e+00 |  9  0.02911  2.21647e+00
 10 -0.02469  1.05283e+00 | 11 -0.01569 -3.96570e-01 | 12 -0.02642  4.06530e+00
 13 -0.03155  2.03638e+00 | 14 -0.00768 -2.35375e+00 | 15  0.04041 -1.11954e+00
 16  0.00765 -6.70948e-01 | 17 -0.00297  1.81267e+00 | 18 -0.01487  8.62756e-01
 19  0.02445 -8.66335e-01 | 20  0.02805  2.95474e-01 | 21 -0.00658 -4.75269e-01
 22  0.03093  2.95562e+00 | 23 -0.00385 -6.05454e-01 | 24 -0.01939 -9.77228e-01
 25  0.01033  1.25228e+00 | 26 -0.03439 -3.27026e+00 | 27 -0.02283  1.64458e+00
 28  0.02527 -1.32082e-01 | 29 -0.00235 -1.65494e-01 | 30  0.04335  5.14118e-01
 31 -0.01876  9.92007e-01 | 32 -0.00229 -1.53972e+00 | 33 -0.04071 -2.74698e+00
 34  0.00696 -9.20107e-01 | 35 -0.02630  4.62971e-01 | 36  0.00995  4.23522e-03
 37 -0.03487  2.05621e-01 | 38  0.03113 -9.83817e-01 | 39  0.09139  2.49781e+00
 40 -0.00568 -7.56747e-01 | 41 -0.00102 -2.92095e+00 | 42  0.01627  1.95660e-01
 43 -0.00369 -9.55081e-01 | 44 -0.00619 -4.83112e-01 | 45 -0.00466 -3.07752e+00
 46 -0.00015 -2.63110e-01 | 47  0.01753 -1.84053e+00 | 48 -0.00434  1.30822e+00
 49  0.02128 -4.89285e-01 | 50  0.03844 -3.87341e-01 | 51  0.02682 -1.96502e+00
 52  0.03149 -2.06450e+00 | 53 -0.01758 -2.21725e+00 | 54  0.01819 -2.85273e+00
 55  0.01049  4.96905e-01 | 56 -0.02431 -4.08414e-01 | 57  0.01383 -1.17501e+00
 58  0.01155 -1.19491e+00 | 59  0.04218  1.04973e+00 | 60 -0.00183 -1.39454e+00
 61 -0.02134 -4.33969e-01 | 62  0.01731 -3.92056e+00 | 63 -0.01161 -3.00175e-01
 64  0.02338  1.64356e+00 | 65  0.00125  8.25411e-01 | 66  0.01702  8.57664e-01
 67 -0.00898 -5.20280e-01 | 68 -0.01408  1.16858e+00 | 69  0.02075 -7.25301e-01
 70  0.01334  4.01525e+00 | 71 -0.01661 -7.87290e-01 | 72  0.00024 -1.72209e+00
 73 -0.03682  1.93915e+00 | 74 -0.01970  1.58227e+00 | 75 -0.03035 -1.22035e+00
 76 -0.00630 -1.40077e+00 | 77 -0.01633  2.01269e+00 | 78  0.02954 -7.83890e-01
 79 -0.02169  8.16576e-01 | 80 -0.00519  1.81993e+00 | 81 -0.00438  6.52830e-01
 82 -0.00462 -4.20484e-01 | 83 -0.03825  1.49794e-01 | 84 -0.01789 -1.31887e+00
 85 -0.01517 -1.55189e+00 | 86 -0.00036  2.64886e+00 | 87  0.01012  3.89881e-01
 88  0.01191 -9.51792e-01 | 89 -0.01091  1.29114e+00 | 90  0.00049  1.05001e+00
 91  0.00346  1.39720e+00 | 92 -0.00538  2.28695e+00 | 93 -0.00898  3.03262e+00
 94  0.00013  2.93114e+00 | 95  0.00012  5.41332e-01 | 96  0.00012  5.41225e-01
 97  0.79616 -3.38790e-02 | 98 -0.41740  3.94955e+00 | 99  0.20673 -1.91675e+01
100 -0.26021  6.07969e+01 |
100 variables; iteration 60; function evaluation 80; phase 3
Function value 2.1605461e+03; maximum gradient component mag 9.7994e+00
Var    Value     Gradient |Var    Value     Gradient |Var    Value     Gradient
  1  0.62959  1.27477e+00 |  2 -0.00027 -1.14447e-01 |  3 -0.02011 -1.73139e-01
  4 -0.00880 -1.84962e-01 |  5 -0.01283 -2.68763e-02 |  6 -0.01087  3.05001e-01
  7  0.00072  5.10654e-01 |  8 -0.00205 -3.28455e-01 |  9  0.02903  1.30678e+00
 10 -0.02514 -8.39880e-01 | 11 -0.01576 -1.10200e+00 | 12 -0.02726  1.22088e-01
 13 -0.03210 -8.72026e-01 | 14 -0.00726 -2.41063e-02 | 15  0.04051 -4.88509e-01
 16  0.00771 -6.07821e-01 | 17 -0.00304  5.53633e-01 | 18 -0.01485  5.68112e-01
 19  0.02456  1.69026e-01 | 20  0.02807 -1.62270e-01 | 21 -0.00645  4.45756e-01
 22  0.03086  5.77600e-01 | 23 -0.00372  2.82809e-01 | 24 -0.01926 -2.39260e-01
 25  0.01031  3.78269e-01 | 26 -0.03385  8.70565e-01 | 27 -0.02293  2.56925e-01
 28  0.02533  7.04162e-02 | 29 -0.00226  3.76378e-01 | 30  0.04335 -5.45863e-01
 31 -0.01874  6.16037e-01 | 32 -0.00217 -4.07383e-01 | 33 -0.04042 -7.79524e-01
 34  0.00706  1.45078e-01 | 35 -0.02632 -1.18731e-01 | 36  0.01001  3.84184e-01
 37 -0.03487 -4.28857e-02 | 38  0.03119 -3.26685e-01 | 39  0.09133 -4.26186e-02
 40 -0.00560 -2.16165e-01 | 41 -0.00077 -2.20110e-01 | 42  0.01633  1.06617e+00
 43 -0.00363 -3.60502e-01 | 44 -0.00616 -1.66259e-01 | 45 -0.00437  3.17144e-01
 46 -0.00021 -1.02586e+00 | 47  0.01762 -3.01766e-01 | 48 -0.00444 -6.42872e-03
 49  0.02130  9.16487e-02 | 50  0.03846  4.40700e-01 | 51  0.02686 -5.34117e-01
 52  0.03152 -6.35403e-01 | 53 -0.01741  6.69025e-01 | 54  0.01826 -4.54479e-01
 55  0.01051  4.58990e-01 | 56 -0.02428 -1.02190e-01 | 57  0.01388 -6.33930e-01
 58  0.01158 -3.72645e-01 | 59  0.04220  2.03603e-01 | 60 -0.00179 -7.36688e-01
 61 -0.02126  2.99254e-01 | 62  0.01742 -4.27618e-01 | 63 -0.01156 -2.17461e-01
 64  0.02336  3.54443e-01 | 65  0.00124 -5.83345e-01 | 66  0.01702  2.65426e-01
 67 -0.00892 -2.32021e-01 | 68 -0.01411  1.39542e-01 | 69  0.02082  1.35887e-01
 70  0.01326  5.46748e-01 | 71 -0.01653  1.92529e-02 | 72  0.00031 -1.10513e-01
 73 -0.03687  2.98446e-01 | 74 -0.01973  2.18729e-01 | 75 -0.03024 -9.35648e-03
 76 -0.00626 -6.45787e-01 | 77 -0.01637 -2.72547e-01 | 78  0.02958  8.36730e-03
 79 -0.02169 -2.60502e-01 | 80 -0.00524 -3.08478e-01 | 81 -0.00435 -8.24167e-02
 82 -0.00458  2.14838e-01 | 83 -0.03819  2.58118e-01 | 84 -0.01782 -1.96632e-02
 85 -0.01507 -4.57998e-01 | 86 -0.00043  3.40137e-01 | 87  0.01018  6.95087e-01
 88  0.01199  1.07904e+00 | 89 -0.01094 -3.78783e-02 | 90  0.00044  7.69700e-03
 91  0.00344  8.34930e-03 | 92 -0.00555  7.46181e-01 | 93 -0.00923  1.01080e+00
 94 -0.00122  4.85509e-01 | 95 -0.00055 -7.41875e-01 | 96 -0.00055 -7.41727e-01
 97  0.79575 -6.63019e-02 | 98 -0.41746  8.91972e-01 | 99  0.20629 -2.68113e+00
100 -0.26060  9.79939e+00 |

 - final statistics:
100 variables; iteration 72; function evaluation 95
Function value 2.1605e+03; maximum gradient component mag -7.3924e-01
Exit code = 1;  converg criter 1.0000e+00
Var    Value     Gradient |Var    Value     Gradient |Var    Value     Gradient
  1  0.62960 -8.90194e-02 |  2 -0.00024 -2.50843e-03 |  3 -0.02000  1.01289e-01
  4 -0.00876 -6.14490e-02 |  5 -0.01282  3.03111e-02 |  6 -0.01092  2.24992e-01
  7  0.00048 -1.69594e-01 |  8 -0.00192  1.39869e-01 |  9  0.02874 -9.02553e-02
 10 -0.02485  1.60119e-01 | 11 -0.01554 -1.38956e-01 | 12 -0.02735 -1.97898e-01
 13 -0.03189  1.10713e-01 | 14 -0.00728 -6.62875e-02 | 15  0.04051 -3.57344e-01
 16  0.00775 -1.17447e-01 | 17 -0.00310 -3.32146e-02 | 18 -0.01493 -1.62823e-01
 19  0.02455 -7.77439e-03 | 20  0.02811  5.66230e-01 | 21 -0.00648  7.99855e-02
 22  0.03083 -2.02879e-02 | 23 -0.00375  6.53943e-02 | 24 -0.01924 -8.87780e-03
 25  0.01026 -3.24947e-01 | 26 -0.03395  7.44016e-02 | 27 -0.02296  3.97907e-02
 28  0.02535  5.26102e-01 | 29 -0.00231 -1.60520e-01 | 30  0.04334 -7.39243e-01
 31 -0.01882 -8.02358e-02 | 32 -0.00215 -5.27423e-02 | 33 -0.04032  4.52362e-02
 34  0.00705  4.96938e-02 | 35 -0.02629  2.37380e-01 | 36  0.00998  1.20663e-01
 37 -0.03488 -1.18848e-01 | 38  0.03123  2.90898e-01 | 39  0.09133 -5.74277e-02
 40 -0.00558  4.81028e-02 | 41 -0.00075 -6.13322e-03 | 42  0.01627  1.99531e-01
 43 -0.00360  2.93795e-02 | 44 -0.00615  1.75634e-02 | 45 -0.00439  2.34711e-01
 46 -0.00012  3.04449e-01 | 47  0.01764  1.68852e-01 | 48 -0.00444  9.08047e-02
 49  0.02129 -1.92140e-02 | 50  0.03842 -2.79881e-01 | 51  0.02690  4.64473e-01
 52  0.03153 -1.20630e-01 | 53 -0.01745  1.30963e-01 | 54  0.01827  1.61435e-02
 55  0.01050  6.87917e-02 | 56 -0.02428 -5.19198e-02 | 57  0.01391  5.01686e-02
 58  0.01159  2.98492e-02 | 59  0.04219  3.22608e-02 | 60 -0.00179 -5.74334e-01
 61 -0.02128 -6.88795e-02 | 62  0.01743  7.66043e-02 | 63 -0.01156 -1.31676e-01
 64  0.02335 -3.79439e-02 | 65  0.00127  1.19792e-01 | 66  0.01701 -2.77623e-02
 67 -0.00891  7.59128e-02 | 68 -0.01413 -1.01463e-01 | 69  0.02082  5.45362e-02
 70  0.01324 -1.26020e-02 | 71 -0.01653 -1.14824e-01 | 72  0.00031  5.34693e-02
 73 -0.03689 -1.30860e-01 | 74 -0.01972  5.74956e-01 | 75 -0.03024  1.13777e-01
 76 -0.00624  9.38173e-02 | 77 -0.01636 -1.77694e-01 | 78  0.02957  4.55982e-03
 79 -0.02166  3.61767e-01 | 80 -0.00524 -2.14826e-02 | 81 -0.00436 -1.22343e-01
 82 -0.00460 -4.01453e-02 | 83 -0.03822 -1.70009e-01 | 84 -0.01785 -1.97993e-01
 85 -0.01506 -9.73700e-02 | 86 -0.00049 -6.07102e-01 | 87  0.01015  6.56587e-02
 88  0.01191 -5.54053e-01 | 89 -0.01096 -3.23828e-02 | 90  0.00040 -1.15233e-02
 91  0.00343  1.99923e-01 | 92 -0.00571 -4.33227e-05 | 93 -0.00947  1.13591e-01
 94 -0.00157 -4.21352e-02 | 95 -0.00008  2.55976e-02 | 96 -0.00008  2.55796e-02
 97  0.79569 -5.03467e-02 | 98 -0.41748  1.88412e-01 | 99  0.20599 -1.89554e-01
100 -0.26075  4.95855e-01 |

Initial statistics: 108 variables; iteration 0; function evaluation 0; phase 4
Function value 2.1605442e+03; maximum gradient component mag -2.6884e+03
Var    Value     Gradient |Var    Value     Gradient |Var    Value     Gradient
  1 -0.42263 -3.56361e+01 |  2 -0.42263 -2.68845e+03 |  3 -0.41094 -7.46827e+02
  4  0.62960 -8.90194e-02 |  5  0.00000  1.61127e+00 |  6  0.00000  3.82016e+00
  7  0.00000 -7.58691e+00 |  8  0.00000 -2.35725e+00 |  9  0.00000  7.50329e+00
 10 -0.00024 -2.35831e-03 | 11 -0.02000  1.01439e-01 | 12 -0.00876 -6.12989e-02
 13 -0.01282  3.04612e-02 | 14 -0.01092  2.25142e-01 | 15  0.00048 -1.69444e-01
 16 -0.00192  1.40019e-01 | 17  0.02874 -9.01054e-02 | 18 -0.02485  1.60269e-01
 19 -0.01554 -1.38806e-01 | 20 -0.02735 -1.97748e-01 | 21 -0.03189  1.10863e-01
 22 -0.00728 -6.61374e-02 | 23  0.04051 -3.57194e-01 | 24  0.00775 -1.17296e-01
 25 -0.00310 -3.30645e-02 | 26 -0.01493 -1.62673e-01 | 27  0.02455 -7.62439e-03
 28  0.02811  5.66380e-01 | 29 -0.00648  8.01356e-02 | 30  0.03083 -2.01379e-02
 31 -0.00375  6.55444e-02 | 32 -0.01924 -8.72775e-03 | 33  0.01026 -3.24797e-01
 34 -0.03395  7.45515e-02 | 35 -0.02296  3.99407e-02 | 36  0.02535  5.26252e-01
 37 -0.00231 -1.60370e-01 | 38  0.04334 -7.39094e-01 | 39 -0.01882 -8.00857e-02
 40 -0.00215 -5.25922e-02 | 41 -0.04032  4.53860e-02 | 42  0.00705  4.98439e-02
 43 -0.02629  2.37530e-01 | 44  0.00998  1.20813e-01 | 45 -0.03488 -1.18698e-01
 46  0.03123  2.91048e-01 | 47  0.09133 -5.72792e-02 | 48 -0.00558  4.82529e-02
 49 -0.00075 -5.98310e-03 | 50  0.01627  1.99681e-01 | 51 -0.00360  2.95296e-02
 52 -0.00615  1.77135e-02 | 53 -0.00439  2.34861e-01 | 54 -0.00012  3.04599e-01
 55  0.01764  1.69002e-01 | 56 -0.00444  9.09548e-02 | 57  0.02129 -1.90640e-02
 58  0.03842 -2.79731e-01 | 59  0.02690  4.64623e-01 | 60  0.03153 -1.20480e-01
 61 -0.01745  1.31113e-01 | 62  0.01827  1.62935e-02 | 63  0.01050  6.89418e-02
 64 -0.02428 -5.17698e-02 | 65  0.01391  5.03187e-02 | 66  0.01159  2.99993e-02
 67  0.04219  3.24106e-02 | 68 -0.00179 -5.74183e-01 | 69 -0.02128 -6.87295e-02
 70  0.01743  7.67544e-02 | 71 -0.01156 -1.31526e-01 | 72  0.02335 -3.77939e-02
 73  0.00127  1.19942e-01 | 74  0.01701 -2.76122e-02 | 75 -0.00891  7.60629e-02
 76 -0.01413 -1.01313e-01 | 77  0.02082  5.46863e-02 | 78  0.01324 -1.24519e-02
 79 -0.01653 -1.14674e-01 | 80  0.00031  5.36194e-02 | 81 -0.03689 -1.30710e-01
 82 -0.01972  5.75106e-01 | 83 -0.03024  1.13927e-01 | 84 -0.00624  9.39674e-02
 85 -0.01636 -1.77544e-01 | 86  0.02957  4.70978e-03 | 87 -0.02166  3.61917e-01
 88 -0.00524 -2.13325e-02 | 89 -0.00436 -1.22193e-01 | 90 -0.00460 -3.99952e-02
 91 -0.03822 -1.69859e-01 | 92 -0.01785 -1.97843e-01 | 93 -0.01506 -9.72200e-02
 94 -0.00049 -6.06952e-01 | 95  0.01015  6.58088e-02 | 96  0.01191 -5.53903e-01
 97 -0.01096 -3.22327e-02 | 98  0.00040 -1.13732e-02 | 99  0.00343  2.00073e-01
100 -0.00571  1.06790e-04 |101 -0.00947  1.13741e-01 |102 -0.00157 -4.19850e-02
103 -0.00008  2.57477e-02 |104 -0.00008  2.57297e-02 |105  0.79569 -5.03467e-02
106 -0.41748  1.88412e-01 |107  0.20599 -1.89554e-01 |108 -0.26075  4.95855e-01

Intermediate statistics: 108 variables; iteration 20; function evaluation 27; phase 4
Function value 2.1567535e+03; maximum gradient component mag -6.6134e+02
Var    Value     Gradient |Var    Value     Gradient |Var    Value     Gradient
  1 -0.45608  6.70186e-01 |  2 -0.42157 -6.61338e+02 |  3 -0.40317 -2.01638e+02
  4  0.62655 -3.59171e+02 |  5  0.00039  5.77852e+00 |  6 -0.00100  2.95983e+00
  7  0.00210 -3.13330e+00 |  8  0.00065 -1.14937e-01 |  9 -0.00120  6.47228e+00
 10  0.00006  1.31800e+01 | 11 -0.01977  1.29435e+01 | 12 -0.00840  1.37234e+01
 13 -0.01243  1.41523e+01 | 14 -0.01044  1.51186e+01 | 15  0.00119  1.67189e+01
 16 -0.00112  1.79238e+01 | 17  0.03070  2.84802e+01 | 18 -0.02418  1.70031e+01
 19 -0.01458  1.91637e+01 | 20 -0.02651  1.78656e+01 | 21 -0.03102  1.81230e+01
 22 -0.00573  2.55688e+01 | 23  0.04110  2.56854e+01 | 24  0.00868  2.35075e+01
 25 -0.00233  2.01654e+01 | 26 -0.01410  2.01195e+01 | 27  0.02462  1.37472e+01
 28  0.02808  1.01268e+01 | 29 -0.00570  1.86519e+01 | 30  0.03058  4.13239e+00
 31 -0.00309  1.92730e+01 | 32 -0.01846  1.78215e+01 | 33  0.01058  1.45431e+01
 34 -0.03310  1.94176e+01 | 35 -0.02205  2.09457e+01 | 36  0.02504  6.90792e+00
 37 -0.00186  1.54524e+01 | 38  0.04283 -6.05997e+00 | 39 -0.01842  1.09095e+01
 40 -0.00191  6.42464e+00 | 41 -0.03987  1.10672e+01 | 42  0.00736  1.38109e+01
 43 -0.02545  2.11027e+01 | 44  0.01017  1.67664e+01 | 45 -0.03433  1.63725e+01
 46  0.03056  1.63231e+00 | 47  0.09019 -4.10108e+01 | 48 -0.00568  5.00517e+00
 49 -0.00112 -1.27476e+00 | 50  0.01551 -9.47808e+00 | 51 -0.00406  1.12344e-01
 52 -0.00669 -2.23467e+00 | 53 -0.00514 -8.24257e+00 | 54 -0.00086 -7.60605e+00
 55  0.01641 -1.78337e+01 | 56 -0.00522 -6.71426e+00 | 57  0.01997 -2.78118e+01
 58  0.03764 -3.27511e+01 | 59  0.02635 -2.74393e+01 | 60  0.03179 -1.58455e+01
 61 -0.01822 -1.59935e+01 | 62  0.01827 -1.09454e+01 | 63  0.01061 -9.71010e+00
 64 -0.02483 -1.10999e+01 | 65  0.01388 -9.38920e+00 | 66  0.01136 -1.20238e+01
 67  0.04281  2.16612e+00 | 68 -0.00170 -7.63424e+00 | 69 -0.02148 -7.88238e+00
 70  0.01721 -1.37246e+01 | 71 -0.01185 -1.00068e+01 | 72  0.02320 -1.78442e+01
 73  0.00097 -1.28756e+01 | 74  0.01671 -1.80721e+01 | 75 -0.00906 -1.17345e+01
 76 -0.01454 -1.19149e+01 | 77  0.02063 -2.41836e+01 | 78  0.01300 -2.12205e+01
 79 -0.01657 -9.26249e+00 | 80  0.00046 -1.10294e+01 | 81 -0.03711 -7.40357e+00
 82 -0.01991 -8.71957e+00 | 83 -0.03063 -6.50733e+00 | 84 -0.00665 -1.26574e+01
 85 -0.01690 -1.34260e+01 | 86  0.02816 -8.07626e+01 | 87 -0.02199 -9.40024e+00
 88 -0.00525 -6.09017e+00 | 89 -0.00416 -9.82829e-01 | 90 -0.00439  1.38221e+00
 91 -0.03879 -1.00636e+01 | 92 -0.01823 -7.57447e+00 | 93 -0.01560 -7.66410e+00
 94 -0.00082 -4.83886e+00 | 95  0.01006  6.05163e-01 | 96  0.01155 -2.31969e+00
 97 -0.01195 -1.08453e+01 | 98 -0.00113 -1.19938e+01 | 99  0.00242  2.25043e+00
100 -0.00620  9.49425e+00 |101 -0.00830  1.81852e+01 |102 -0.00058  1.18220e+01
103  0.00001  1.12176e+01 |104  0.00001  1.12176e+01 |105  0.79309 -7.69132e+00
106 -0.41740  5.00412e+01 |107  0.19646 -3.73693e+01 |108 -0.26212  8.24837e+01
108 variables; iteration 40; function evaluation 50; phase 4
Function value 2.1561640e+03; maximum gradient component mag -5.6638e+01
Var    Value     Gradient |Var    Value     Gradient |Var    Value     Gradient
  1 -0.46948  6.52132e+00 |  2 -0.42191 -5.66381e+01 |  3 -0.39955 -3.98209e+00
  4  0.62570 -4.95938e+01 |  5 -0.00176  3.05970e-01 |  6 -0.00254  1.71186e-01
  7  0.00165 -4.18064e+00 |  8 -0.00022 -1.90863e+00 |  9  0.00164  1.17918e+01
 10 -0.00017  3.21219e+00 | 11 -0.01975  3.56338e+00 | 12 -0.00928  2.26210e+00
 13 -0.01379  1.45724e+00 | 14 -0.01256  1.72098e-01 | 15  0.00024  4.31236e+00
 16 -0.00080  9.57111e+00 | 17  0.02613 -4.35094e+00 | 18 -0.02389  8.62900e+00
 19 -0.01625  2.87446e+00 | 20 -0.02815  1.73890e+00 | 21 -0.03357 -2.56050e+00
 22 -0.00647  1.17667e+01 | 23  0.04029  6.94299e+00 | 24  0.00779  6.67139e+00
 25 -0.00286  7.90214e+00 | 26 -0.01517  3.47755e+00 | 27  0.02423  3.89893e+00
 28  0.02807  7.02079e+00 | 29 -0.00633  6.21294e+00 | 30  0.03036 -5.07001e+00
 31 -0.00433 -2.16227e+00 | 32 -0.01942  1.00344e+00 | 33  0.01002  4.29728e-01
 34 -0.03523 -5.39467e+00 | 35 -0.02358  1.53610e-01 | 36  0.02501  3.96275e+00
 37 -0.00307 -3.55958e+00 | 38  0.04319  4.23554e+00 | 39 -0.01924 -2.70688e+00
 40 -0.00247 -5.20176e+00 | 41 -0.04048 -8.40350e-02 | 42  0.00661  9.44773e-01
 43 -0.02738 -1.44983e+00 | 44  0.00937  3.22946e+00 | 45 -0.03491  6.05334e+00
 46  0.03034 -3.49815e+00 | 47  0.09084 -9.04782e+00 | 48 -0.00471  8.31584e+00
 49 -0.00058 -1.49391e+00 | 50  0.01656  2.54079e+00 | 51 -0.00392 -1.68575e+00
 52 -0.00637 -1.51229e+00 | 53 -0.00456 -3.78741e+00 | 54 -0.00001  2.86443e+00
 55  0.01723  2.37362e-01 | 56 -0.00494 -2.45497e+00 | 57  0.02112  4.54343e-01
 58  0.03854  3.21958e+00 | 59  0.02724  2.28773e+00 | 60  0.03180 -6.61597e+00
 61 -0.01766 -9.19549e+00 | 62  0.01808 -1.62096e+01 | 63  0.01108  2.79152e+00
 64 -0.02406 -2.81019e+00 | 65  0.01401 -3.00987e+00 | 66  0.01187  2.70926e+00
 67  0.04268  3.90968e+00 | 68 -0.00154 -5.31576e+00 | 69 -0.02082  1.16683e+00
 70  0.01800  1.80074e+01 | 71 -0.01163 -6.23770e+00 | 72  0.02358  1.09760e+00
 73  0.00110 -7.31781e+00 | 74  0.01717  3.21849e+00 | 75 -0.00852  5.19069e-01
 76 -0.01406 -1.28081e+00 | 77  0.02142  1.13458e+01 | 78  0.01248 -3.49019e+01
 79 -0.01631 -5.53628e+00 | 80  0.00063 -6.35739e+00 | 81 -0.03641  6.96157e-01
 82 -0.01958 -4.56698e+00 | 83 -0.03019 -1.73290e+00 | 84 -0.00601  3.84993e+00
 85 -0.01632 -1.88931e+00 | 86  0.02957 -1.10722e+01 | 87 -0.02164 -7.04472e+00
 88 -0.00442  8.83771e+00 | 89 -0.00347  9.89546e+00 | 90 -0.00351  1.57537e+01
 91 -0.03752 -8.32188e-01 | 92 -0.01765 -1.00351e+01 | 93 -0.01482 -6.97611e+00
 94  0.00010 -2.29177e+00 | 95  0.01081 -3.93600e+00 | 96  0.01264  6.19579e-02
 97 -0.01009 -3.33114e+00 | 98  0.00098 -2.69004e+00 | 99  0.00359 -6.26573e+00
100 -0.00587 -6.70821e+00 |101 -0.00658  9.88557e+00 |102 -0.00116  1.39271e+00
103 -0.00016  1.59882e+00 |104 -0.00016  1.59883e+00 |105  0.79789  2.25126e+00
106 -0.41649  3.49480e+01 |107  0.19890 -5.03901e+00 |108 -0.26085  3.15693e+01
108 variables; iteration 60; function evaluation 75; phase 4
Function value 2.1559641e+03; maximum gradient component mag 6.8610e+00
Var    Value     Gradient |Var    Value     Gradient |Var    Value     Gradient
  1 -0.47231  2.29843e+00 |  2 -0.42189  6.86098e+00 |  3 -0.39911  5.05033e+00
  4  0.62560 -2.28213e+00 |  5 -0.00195 -3.52548e-01 |  6 -0.00312 -8.34263e-01
  7  0.00370 -8.02366e-01 |  8  0.00046 -8.04706e-01 |  9 -0.00381  1.20812e+00
 10 -0.00124 -6.19344e-01 | 11 -0.02094 -4.51640e-01 | 12 -0.00979 -5.20669e-01
 13 -0.01373 -4.10507e-02 | 14 -0.01175  5.95064e-01 | 15 -0.00122 -1.87069e+00
 16 -0.00266  1.54967e+00 | 17  0.02723 -8.10787e-01 | 18 -0.02534  1.92208e+00
 19 -0.01680 -1.24650e+00 | 20 -0.02837 -9.85557e-01 | 21 -0.03225  1.61854e+00
 22 -0.00761  1.84545e+00 | 23  0.04009  1.63099e+00 | 24  0.00749  1.62825e+00
 25 -0.00320  2.94403e+00 | 26 -0.01552 -1.20778e+00 | 27  0.02414  8.76341e-01
 28  0.02774 -3.00616e-01 | 29 -0.00663  1.48185e+00 | 30  0.03063 -1.35373e+00
 31 -0.00413 -1.24730e+00 | 32 -0.01955 -1.80153e+00 | 33  0.01005 -4.26959e-01
 34 -0.03460 -1.56750e+00 | 35 -0.02346 -2.08173e-01 | 36  0.02490  2.30918e-01
 37 -0.00276 -1.51495e+00 | 38  0.04310  1.93778e-01 | 39 -0.01879  2.40809e-01
 40 -0.00194  2.45726e-01 | 41 -0.04068 -3.07973e+00 | 42  0.00663  1.05862e-01
 43 -0.02700  7.26206e-01 | 44  0.00922 -3.83125e-02 | 45 -0.03547  7.56272e-01
 46  0.03052 -1.68581e+00 | 47  0.09105 -7.67317e-01 | 48 -0.00557 -1.34565e+00
 49 -0.00044 -1.12036e+00 | 50  0.01652  1.50710e+00 | 51 -0.00369  4.85500e-01
 52 -0.00605  1.81142e+00 | 53 -0.00406  1.79706e+00 | 54 -0.00034 -1.68958e+00
 55  0.01731  1.85735e+00 | 56 -0.00455  2.21750e+00 | 57  0.02108  2.46174e-01
 58  0.03845  1.54665e+00 | 59  0.02717  8.69866e-01 | 60  0.03200  5.62511e-02
 61 -0.01717 -1.56750e+00 | 62  0.01851 -1.79163e+00 | 63  0.01096 -3.21802e-01
 64 -0.02378  1.17075e+00 | 65  0.01401 -3.76827e+00 | 66  0.01179  1.49357e-01
 67  0.04261  4.32700e-01 | 68 -0.00136 -5.09778e-01 | 69 -0.02086 -7.94599e-01
 70  0.01755  3.01801e+00 | 71 -0.01134 -1.55449e+00 | 72  0.02352  5.86321e-01
 73  0.00136 -7.85048e-01 | 74  0.01707  9.80868e-01 | 75 -0.00852 -7.35880e-01
 76 -0.01395  5.37387e-01 | 77  0.02117  1.94287e+00 | 78  0.01332 -4.67473e+00
 79 -0.01601  1.72873e+00 | 80  0.00082  7.17717e-02 | 81 -0.03646 -1.24090e+00
 82 -0.01943 -1.43420e+00 | 83 -0.03003 -2.41716e-01 | 84 -0.00611  7.65984e-01
 85 -0.01612  1.43255e+00 | 86  0.02976 -8.99093e-02 | 87 -0.02131 -1.68291e+00
 88 -0.00475 -2.14107e+00 | 89 -0.00374 -1.53859e+00 | 90 -0.00376  6.52137e+00
 91 -0.03718  2.17429e+00 | 92 -0.01721 -1.23554e+00 | 93 -0.01432  8.26410e-01
 94  0.00036  1.23905e+00 | 95  0.01119  1.93301e-01 | 96  0.01270 -3.28449e+00
 97 -0.00953  6.23020e-01 | 98  0.00135 -3.06260e-01 | 99  0.00432 -1.15685e+00
100 -0.00472 -3.70811e-01 |101 -0.00790  2.16308e+00 |102 -0.00138 -5.78471e-01
103 -0.00016  8.38054e-02 |104 -0.00016  8.38179e-02 |105  0.79300  4.21176e-02
106 -0.41735  2.95525e+00 |107  0.19631 -1.84441e+00 |108 -0.26174  4.55078e+00
Maximum number of function evaluations exceeded

 - final statistics:
108 variables; iteration 79; function evaluation 100
Function value 2.1560e+03; maximum gradient component mag 2.9034e+00
Exit code = 3;  converg criter 1.0000e+00
Var    Value     Gradient |Var    Value     Gradient |Var    Value     Gradient
  1 -0.47304  6.26932e-01 |  2 -0.42192  2.90344e+00 |  3 -0.39894  1.67966e+00
  4  0.62564  3.22301e-01 |  5 -0.00179  1.38092e-01 |  6 -0.00285 -1.99520e-01
  7  0.00415  2.70617e-02 |  8  0.00054 -4.98653e-01 |  9 -0.00450 -1.44720e-02
 10 -0.00092 -1.53942e-01 | 11 -0.02074 -2.20184e-01 | 12 -0.00936  3.29500e-01
 13 -0.01382 -2.47484e-01 | 14 -0.01235 -1.07414e+00 | 15 -0.00068 -2.47105e-01
 16 -0.00307 -2.11307e-03 | 17  0.02739 -5.45506e-02 | 18 -0.02579  4.37950e-01
 19 -0.01660 -9.28791e-01 | 20 -0.02798  1.09378e+00 | 21 -0.03260 -7.66323e-02
 22 -0.00790 -1.50910e-01 | 23  0.04000  2.38562e-01 | 24  0.00735 -5.32511e-02
 25 -0.00344  3.23697e-01 | 26 -0.01530  8.61904e-01 | 27  0.02407  4.16261e-02
 28  0.02776  1.68992e-01 | 29 -0.00676  5.02800e-02 | 30  0.03068 -1.71900e-01
 31 -0.00398  5.01074e-01 | 32 -0.01940 -3.61823e-01 | 33  0.01001 -6.91756e-01
 34 -0.03436  3.23483e-01 | 35 -0.02344 -4.49940e-02 | 36  0.02486 -8.61824e-01
 37 -0.00260  2.32507e-01 | 38  0.04309 -1.66421e-01 | 39 -0.01887 -4.78779e-01
 40 -0.00188  7.97744e-01 | 41 -0.04033 -3.75844e-01 | 42  0.00659 -2.54738e-01
 43 -0.02716 -9.85331e-01 | 44  0.00922 -5.05186e-02 | 45 -0.03548  4.25547e-01
 46  0.03062 -1.88044e-01 | 47  0.09105 -4.63970e-03 | 48 -0.00550 -7.91104e-01
 49 -0.00044 -5.83380e-01 | 50  0.01648  5.79297e-01 | 51 -0.00377 -2.70098e-01
 52 -0.00620  2.95734e-02 | 53 -0.00422 -2.21134e-02 | 54 -0.00015  8.38184e-01
 55  0.01721  7.97309e-01 | 56 -0.00468  5.50285e-01 | 57  0.02106 -3.76109e-01
 58  0.03839  1.58587e-01 | 59  0.02712 -1.33134e-02 | 60  0.03199 -2.09823e-02
 61 -0.01708  4.05660e-01 | 62  0.01854 -2.39809e-02 | 63  0.01096  5.06081e-02
 64 -0.02387 -3.44452e-01 | 65  0.01412 -4.65328e-02 | 66  0.01177  1.89734e-02
 67  0.04258  4.55481e-02 | 68 -0.00134 -2.18335e-01 | 69 -0.02079  8.67413e-01
 70  0.01744  6.84363e-02 | 71 -0.01126  1.01877e-01 | 72  0.02348  2.38574e-02
 73  0.00138  2.61406e-01 | 74  0.01702  5.18417e-02 | 75 -0.00849  1.35799e-01
 76 -0.01401 -3.17773e-01 | 77  0.02111  1.55109e-01 | 78  0.01344 -7.95225e-03
 79 -0.01608  5.03575e-01 | 80  0.00080  2.35055e-02 | 81 -0.03642 -1.41728e-01
 82 -0.01938  8.34111e-02 | 83 -0.03003 -2.86998e-01 | 84 -0.00614  1.96978e-01
 85 -0.01619 -9.84274e-02 | 86  0.02975  1.06443e-01 | 87 -0.02124  4.64723e-02
 88 -0.00470 -1.67429e-01 | 89 -0.00369  2.99972e-02 | 90 -0.00398  2.83553e-01
 91 -0.03731 -4.17253e-01 | 92 -0.01716  1.30525e-01 | 93 -0.01438 -1.28780e-01
 94  0.00031  3.93233e-02 | 95  0.01118  4.04412e-02 | 96  0.01280 -4.38087e-01
 97 -0.00958  4.18791e-01 | 98  0.00134 -4.92068e-01 | 99  0.00444  5.59373e-03
100 -0.00467  2.59704e-02 |101 -0.00849 -7.26403e-02 |102 -0.00066  2.61013e-01
103 -0.00018 -1.89545e-02 |104 -0.00018 -1.89633e-02 |105  0.79257 -3.21779e-01
106 -0.41740  1.83670e+00 |107  0.19613 -5.83199e-01 |108 -0.26178  8.83260e-01

Initial statistics: 110 variables; iteration 0; function evaluation 0; phase 5
Function value 2.1559545e+03; maximum gradient component mag -7.6452e+01
Var    Value     Gradient |Var    Value     Gradient |Var    Value     Gradient
  1 -0.47304  6.12132e-01 |  2 -0.42192  2.85622e+00 |  3 -0.39894  1.66096e+00
  4 -0.41222 -3.65376e+01 |  5 -0.41222 -7.64518e+01 |  6  0.62564  3.62409e-01
  7 -0.00179  1.11718e-01 |  8 -0.00285 -3.56794e-01 |  9  0.00415  5.30066e-06
 10  0.00054 -6.41684e-01 | 11 -0.00450 -8.75675e-02 | 12 -0.00092 -2.47419e-02
 13 -0.02074 -1.22656e-01 | 14 -0.00936  3.86774e-01 | 15 -0.01382 -3.07226e-01
 16 -0.01235 -1.00706e+00 | 17 -0.00068 -3.04291e-01 | 18 -0.00307  1.07927e-01
 19  0.02739 -5.11146e-02 | 20 -0.02579  3.29606e-01 | 21 -0.01660 -4.98423e-01
 22 -0.02798  5.79048e-01 | 23 -0.03260 -4.62881e-02 | 24 -0.00790 -2.45163e-01
 25  0.04000  2.04287e-01 | 26  0.00735 -3.71600e-02 | 27 -0.00344  3.51944e-01
 28 -0.01530  8.44742e-01 | 29  0.02407 -2.03409e-01 | 30  0.02776  2.04917e-01
 31 -0.00676 -7.22333e-02 | 32  0.03068 -2.42385e-01 | 33 -0.00398  6.09169e-01
 34 -0.01940 -2.98791e-01 | 35  0.01001 -8.67047e-01 | 36 -0.03436  3.26989e-01
 37 -0.02344 -1.11738e-01 | 38  0.02486 -5.66591e-01 | 39 -0.00260  3.62613e-01
 40  0.04309  6.17090e-02 | 41 -0.01887 -5.86565e-01 | 42 -0.00188  1.05643e+00
 43 -0.04033 -3.84629e-01 | 44  0.00659 -5.42690e-01 | 45 -0.02716 -9.25614e-01
 46  0.00922 -2.88511e-01 | 47 -0.03548  5.81312e-01 | 48  0.03062  1.02500e-02
 49  0.09105 -2.28773e-03 | 50 -0.00550 -6.51986e-01 | 51 -0.00044 -1.07261e+00
 52  0.01648  8.95659e-01 | 53 -0.00377 -5.33626e-01 | 54 -0.00620  3.23634e-02
 55 -0.00422 -9.34922e-02 | 56 -0.00015  9.77989e-01 | 57  0.01721  4.16061e-01
 58 -0.00468  6.07139e-01 | 59  0.02106 -1.96271e-01 | 60  0.03839  6.29270e-02
 61  0.02712 -2.12051e-02 | 62  0.03199 -6.59420e-03 | 63 -0.01708  1.54716e-01
 64  0.01854 -3.45883e-03 | 65  0.01096 -5.04168e-03 | 66 -0.02387 -1.07478e-01
 67  0.01412 -3.60253e-02 | 68  0.01177  1.43884e-02 | 69  0.04258  2.84252e-03
 70 -0.00134  3.78517e-01 | 71 -0.02079  6.55209e-01 | 72  0.01744  2.81118e-02
 73 -0.01126  2.57626e-01 | 74  0.02348  1.81003e-02 | 75  0.00138  1.35415e-01
 76  0.01702  5.16023e-02 | 77 -0.00849  1.23541e-01 | 78 -0.01401 -5.64695e-01
 79  0.02111  1.42238e-01 | 80  0.01344 -1.39442e-02 | 81 -0.01608  7.48095e-01
 82  0.00080  3.32880e-03 | 83 -0.03642 -3.47599e-01 | 84 -0.01938 -5.62974e-02
 85 -0.03003  5.27996e-02 | 86 -0.00614  1.55383e-01 | 87 -0.01619 -1.79375e-01
 88  0.02975  1.11649e-01 | 89 -0.02124  1.52314e-01 | 90 -0.00470 -1.41681e-01
 91 -0.00369  1.01848e-02 | 92 -0.00398  2.15741e-01 | 93 -0.03731 -1.69033e-01
 94 -0.01716  1.47360e-01 | 95 -0.01438 -3.66725e-01 | 96  0.00031  1.10642e-01
 97  0.01118 -3.74153e-02 | 98  0.01280 -2.85150e-01 | 99 -0.00958 -2.44991e-01
100  0.00134 -3.72813e-01 |101  0.00444  3.53210e-01 |102 -0.00467  3.68859e-02
103 -0.00849 -2.05502e-01 |104 -0.00066  4.38826e-01 |105 -0.00018 -2.93241e-02
106 -0.00018 -2.93395e-02 |107  0.79257 -3.20755e-01 |108 -0.41740  1.81396e+00
109  0.19613 -5.55361e-01 |110 -0.26178  8.24277e-01 |

Intermediate statistics: 110 variables; iteration 20; function evaluation 24; phase 5
Function value 2.1550662e+03; maximum gradient component mag -3.1163e+02
Var    Value     Gradient |Var    Value     Gradient |Var    Value     Gradient
  1 -0.49754 -3.56641e+00 |  2 -0.42452 -3.11633e+02 |  3 -0.39027 -3.78615e+01
  4 -0.39212 -2.69738e+01 |  5 -0.40375 -8.17675e+01 |  6  0.62570 -1.30421e+02
  7 -0.00156 -4.92259e-01 |  8 -0.00289 -6.39243e-01 |  9  0.00421 -2.03187e-01
 10  0.00044 -1.16188e+00 | 11 -0.00445 -3.93164e-01 | 12 -0.00085  3.76775e+00
 13 -0.02071  3.65167e+00 | 14 -0.00921  4.26356e+00 | 15 -0.01382  3.18484e+00
 16 -0.01246  2.09974e+00 | 17 -0.00068  2.84146e+00 | 18 -0.00308  3.14479e+00
 19  0.02732  1.84328e+00 | 20 -0.02588  3.26790e+00 | 21 -0.01670  2.08822e+00
 22 -0.02819  2.76454e+00 | 23 -0.03278  2.03017e+00 | 24 -0.00819 -2.43980e-01
 25  0.03954 -6.99451e+00 | 26  0.00720  1.03616e+00 | 27 -0.00364  1.60457e+00
 28 -0.01551  3.19525e+00 | 29  0.02395  1.63620e+00 | 30  0.02745 -4.44493e+00
 31 -0.00694 -7.88535e-02 | 32  0.03067 -4.53932e-01 | 33 -0.00434 -1.68016e+00
 34 -0.01904  8.41998e+00 | 35  0.01008  3.98767e+00 | 36 -0.03446  3.40120e+00
 37 -0.02307  9.42664e+00 | 38  0.02464 -1.62265e+00 | 39 -0.00296 -3.14998e+00
 40  0.04361  1.01632e+01 | 41 -0.01864  4.92740e+00 | 42 -0.00211  1.17786e+00
 43 -0.04003  5.78381e+00 | 44  0.00654 -3.82013e-01 | 45 -0.02681  6.68216e+00
 46  0.00942  9.59228e+00 | 47 -0.03549  5.35316e+00 | 48  0.03073  6.47703e+00
 49  0.09122 -6.11029e+00 | 50 -0.00545  9.04330e-01 | 51 -0.00012  3.38650e+00
 52  0.01619 -3.87087e+00 | 53 -0.00365  3.29419e+00 | 54 -0.00602  6.42826e+00
 55 -0.00418  3.19075e+00 | 56 -0.00065 -6.77595e+00 | 57  0.01708 -4.50224e+00
 58 -0.00493 -1.13833e+00 | 59  0.02109 -2.22424e+00 | 60  0.03860  1.98564e-01
 61  0.02748  2.47887e+00 | 62  0.03222 -4.62708e-01 | 63 -0.01708  8.31283e-01
 64  0.01837 -7.49589e+00 | 65  0.01072 -1.03818e+01 | 66 -0.02385  3.04833e+00
 67  0.01388 -1.25097e+01 | 68  0.01157 -1.03945e+01 | 69  0.04247 -2.01181e+01
 70 -0.00087  8.14220e+00 | 71 -0.02076 -1.03971e+00 | 72  0.01762 -1.14765e+00
 73 -0.01139 -4.72465e+00 | 74  0.02343 -1.13470e+01 | 75  0.00153 -9.33304e-01
 76  0.01706 -4.00468e+00 | 77 -0.00862 -7.05491e+00 | 78 -0.01442 -9.13818e+00
 79  0.02130 -8.18924e+00 | 80  0.01363 -2.16706e+00 | 81 -0.01627 -1.65332e+00
 82  0.00085  2.09110e-01 | 83 -0.03648 -3.90908e-01 | 84 -0.01972 -6.89041e+00
 85 -0.03011 -2.71618e+00 | 86 -0.00642 -4.51015e+00 | 87 -0.01630 -4.58812e+00
 88  0.03031  2.13039e+01 | 89 -0.02097  2.97325e+00 | 90 -0.00489 -4.41350e+00
 91 -0.00395 -6.42053e+00 | 92 -0.00402  2.24763e+00 | 93 -0.03722  4.31990e+00
 94 -0.01759 -4.97178e+00 | 95 -0.01446 -2.62612e+00 | 96  0.00046  3.92485e+00
 97  0.01137  2.68423e+00 | 98  0.01346  1.45914e+01 | 99 -0.00917  7.89854e+00
100  0.00162  1.18393e+00 |101  0.00498  1.03049e+01 |102 -0.00495  3.96925e+00
103 -0.00765  4.36666e+00 |104 -0.00021  4.92222e+00 |105 -0.00019  4.11052e+00
106 -0.00019  4.11050e+00 |107  0.78728 -7.05683e+00 |108 -0.41871 -1.87345e+01
109  0.18728  7.00418e+00 |110 -0.26455 -6.46748e+01 |
110 variables; iteration 40; function evaluation 47; phase 5
Function value 2.1541972e+03; maximum gradient component mag 1.4909e+02
Var    Value     Gradient |Var    Value     Gradient |Var    Value     Gradient
  1 -0.51635  1.29766e+01 |  2 -0.42687  1.49086e+02 |  3 -0.38433  6.00693e+01
  4 -0.36738  2.12360e+00 |  5 -0.38712  7.23479e+00 |  6  0.62590  2.43226e+01
  7 -0.00129  8.71421e-01 |  8 -0.00337 -1.22180e+00 |  9  0.00383 -5.99465e-01
 10 -0.00087 -3.17747e+00 | 11 -0.00488 -8.57803e-01 | 12 -0.00114 -1.18002e+00
 13 -0.02112 -1.58749e+00 | 14 -0.00948 -5.21591e-01 | 15 -0.01374 -7.36622e-01
 16 -0.01196 -5.44249e-01 | 17 -0.00088 -1.27919e+00 | 18 -0.00337 -1.13458e+00
 19  0.02564 -8.53214e+00 | 20 -0.02621 -1.23673e+00 | 21 -0.01623  1.09072e+00
 22 -0.02762  1.97112e+00 | 23 -0.03201  2.28230e+00 | 24 -0.00790 -8.94514e-01
 25  0.03988 -1.42876e+00 | 26  0.00726  1.30647e+00 | 27 -0.00361  1.08539e+00
 28 -0.01594 -1.63112e+00 | 29  0.02350 -2.45533e+00 | 30  0.02754 -1.71698e+00
 31 -0.00674  5.86402e-01 | 32  0.03091  5.75998e+00 | 33 -0.00412 -1.29980e+00
 34 -0.02005 -5.19973e-01 | 35  0.00970 -3.59395e-01 | 36 -0.03478 -1.41989e+00
 37 -0.02398  2.99688e+00 | 38  0.02431 -3.24538e+00 | 39 -0.00267 -1.12264e+00
 40  0.04324  3.44810e+00 | 41 -0.01904  7.02064e-01 | 42 -0.00249 -1.64234e+00
 43 -0.04129 -5.08961e+00 | 44  0.00654 -4.52027e-01 | 45 -0.02729  2.22217e+00
 46  0.00825  1.82577e-02 | 47 -0.03650 -2.00626e+00 | 48  0.02979 -9.54565e-01
 49  0.09111 -3.45676e+00 | 50 -0.00558 -2.10116e+00 | 51 -0.00034 -1.53175e-01
 52  0.01656  9.10139e-01 | 53 -0.00382  1.14570e+00 | 54 -0.00664  1.87232e+00
 55 -0.00446  1.61866e+00 | 56  0.00018  2.01723e+00 | 57  0.01743  5.15837e-01
 58 -0.00491 -1.05343e-01 | 59  0.02131  1.63794e+00 | 60  0.03859  6.93288e-01
 61  0.02746  6.32042e-01 | 62  0.03237  4.36241e+00 | 63 -0.01710  1.33898e+00
 64  0.01929  2.22564e+01 | 65  0.01105  4.03709e+00 | 66 -0.02414 -3.09693e-01
 67  0.01398 -5.52568e+00 | 68  0.01197 -4.85829e-01 | 69  0.04280  1.33929e+00
 70 -0.00103  9.53819e-01 | 71 -0.02069 -6.26989e-02 | 72  0.01785  1.42085e+00
 73 -0.01130  1.82163e-01 | 74  0.02391  2.76367e+00 | 75  0.00141 -5.14882e-01
 76  0.01748  9.77485e+00 | 77 -0.00861 -3.63698e+00 | 78 -0.01389  3.37381e+00
 79  0.02184  1.03662e+01 | 80  0.01376 -3.53489e+00 | 81 -0.01676 -6.80104e+00
 82  0.00048 -1.19965e+01 | 83 -0.03650  1.62834e-01 | 84 -0.01914  5.71569e+00
 85 -0.03011 -3.10707e+00 | 86 -0.00643 -3.97107e+00 | 87 -0.01617 -4.19486e+00
 88  0.03017  4.15641e+00 | 89 -0.02091 -1.72747e+00 | 90 -0.00444  3.68685e+00
 91 -0.00384 -2.04099e+00 | 92 -0.00435 -1.33989e+01 | 93 -0.03742 -1.66161e+00
 94 -0.01711 -7.95475e-01 | 95 -0.01392  1.11693e+00 | 96  0.00063 -8.01147e+00
 97  0.01200  7.43641e+00 | 98  0.01393  2.33895e+00 | 99 -0.00923 -2.00193e+00
100  0.00304  3.31344e-01 |101  0.00423 -2.19477e+00 |102 -0.00390  2.96693e+00
103 -0.00652  2.41167e+00 |104 -0.00064 -5.23994e-01 |105 -0.00051 -1.22002e+00
106 -0.00051 -1.22004e+00 |107  0.79258 -4.20179e+00 |108 -0.41816  1.53714e+01
109  0.19092 -6.77476e+00 |110 -0.26223  1.54815e+01 |
110 variables; iteration 60; function evaluation 71; phase 5
Function value 2.1541493e+03; maximum gradient component mag 3.6145e+01
Var    Value     Gradient |Var    Value     Gradient |Var    Value     Gradient
  1 -0.51900  4.86811e+00 |  2 -0.42706  3.61452e+01 |  3 -0.38383  1.78402e+01
  4 -0.36438  9.77042e-01 |  5 -0.38690  1.92096e+00 |  6  0.62605  7.22018e+00
  7 -0.00175  2.21209e-01 |  8 -0.00215  7.73898e-01 |  9  0.00410 -7.94843e-02
 10  0.00056 -5.80809e-01 | 11 -0.00430  3.17046e-01 | 12 -0.00053  6.50435e-01
 13 -0.02021  8.43282e-01 | 14 -0.00965 -3.10331e-01 | 15 -0.01359  2.39055e-01
 16 -0.01218 -4.58857e-01 | 17 -0.00038  9.65466e-01 | 18 -0.00328 -9.62463e-02
 19  0.02707 -3.91398e-01 | 20 -0.02612 -1.94307e-01 | 21 -0.01657  5.10648e-01
 22 -0.02799  1.24671e+00 | 23 -0.03308 -1.76444e+00 | 24 -0.00789  1.34735e-01
 25  0.03977 -1.73821e+00 | 26  0.00723  1.94760e+00 | 27 -0.00372  6.90119e-01
 28 -0.01610 -2.31610e+00 | 29  0.02356 -3.04643e-01 | 30  0.02752 -8.97973e-01
 31 -0.00684  3.38076e-01 | 32  0.03070  2.55991e+00 | 33 -0.00410 -1.91513e-01
 34 -0.02002  7.43684e-01 | 35  0.00972  1.19966e+00 | 36 -0.03459  9.63963e-01
 37 -0.02434  6.91587e-01 | 38  0.02455  2.38796e+00 | 39 -0.00275 -1.32904e+00
 40  0.04299 -1.53437e+00 | 41 -0.01939 -1.94035e+00 | 42 -0.00242  4.78475e-01
 43 -0.04071  4.30484e-01 | 44  0.00648 -5.19581e-01 | 45 -0.02774 -1.58522e+00
 46  0.00814 -9.33870e-01 | 47 -0.03642 -9.94703e-01 | 48  0.02973 -1.51199e+00
 49  0.09122  7.39003e-02 | 50 -0.00536  4.11464e-01 | 51 -0.00037 -2.40120e-01
 52  0.01661  1.58413e+00 | 53 -0.00395 -4.11912e-01 | 54 -0.00685 -5.25278e-01
 55 -0.00478 -2.15139e+00 | 56 -0.00006 -1.50508e+00 | 57  0.01748  9.76357e-01
 58 -0.00471  2.23302e+00 | 59  0.02103 -4.12006e+00 | 60  0.03860  1.62750e-01
 61  0.02749  7.09337e-01 | 62  0.03230  1.83767e+00 | 63 -0.01703  2.19840e+00
 64  0.01866  1.61005e+00 | 65  0.01096  6.88299e-01 | 66 -0.02403  2.05466e+00
 67  0.01431  4.07135e+00 | 68  0.01182 -5.09339e+00 | 69  0.04283  1.60837e+00
 70 -0.00115 -1.57181e+00 | 71 -0.02067  2.22653e-01 | 72  0.01783  4.59493e-01
 73 -0.01120  2.18856e+00 | 74  0.02385  6.13956e-01 | 75  0.00142  8.05947e-02
 76  0.01724  1.56740e+00 | 77 -0.00855 -2.50724e+00 | 78 -0.01416 -2.41394e+00
 79  0.02163  1.90167e+00 | 80  0.01384 -2.81816e-01 | 81 -0.01642  2.48061e+00
 82  0.00082 -1.93860e-01 | 83 -0.03686 -5.29385e+00 | 84 -0.01946 -1.36077e+00
 85 -0.03005 -1.49635e+00 | 86 -0.00630  1.00154e+00 | 87 -0.01614 -3.09921e+00
 88  0.03009  7.93759e-01 | 89 -0.02097 -2.92873e+00 | 90 -0.00454  1.94933e+00
 91 -0.00372  2.70165e+00 | 92 -0.00399 -1.41682e+00 | 93 -0.03736  5.74698e-01
 94 -0.01711 -1.74745e-01 | 95 -0.01408 -1.94096e+00 | 96  0.00090 -1.14286e+00
 97  0.01181  2.69684e+00 | 98  0.01379 -1.41121e+00 | 99 -0.00925 -1.82375e+00
100  0.00319  2.63346e+00 |101  0.00442  3.63558e-01 |102 -0.00426  1.11851e+00
103 -0.00715  1.25940e-01 |104 -0.00084 -3.42871e-01 |105  0.00033  5.88300e-01
106  0.00033  5.88327e-01 |107  0.79313 -1.57051e+00 |108 -0.41806  7.78953e+00
109  0.19062 -2.65798e+00 |110 -0.26227  6.03997e+00 |
110 variables; iteration 80; function evaluation 95; phase 5
Function value 2.1541398e+03; maximum gradient component mag 3.4079e+00
Var    Value     Gradient |Var    Value     Gradient |Var    Value     Gradient
  1 -0.52053  1.05893e+00 |  2 -0.42712  3.40787e+00 |  3 -0.38356  2.90618e+00
  4 -0.36333  2.08840e-01 |  5 -0.38682  1.76349e-01 |  6  0.62597  9.88472e-01
  7 -0.00193 -3.23882e-01 |  8 -0.00251  1.40023e-01 |  9  0.00410 -1.33914e-01
 10  0.00078 -2.45134e-01 | 11 -0.00428  3.08530e-01 | 12 -0.00105 -2.81992e-01
 13 -0.02075 -1.16888e-01 | 14 -0.00957 -4.36544e-03 | 15 -0.01394 -4.66083e-01
 16 -0.01216 -2.95786e-01 | 17 -0.00065  2.09731e-01 | 18 -0.00329 -8.49039e-02
 19  0.02716  3.36617e-02 | 20 -0.02614 -2.06117e-01 | 21 -0.01672 -8.27787e-02
 22 -0.02833 -1.32983e-01 | 23 -0.03270 -4.78901e-03 | 24 -0.00796 -3.53211e-01
 25  0.03991  9.71838e-02 | 26  0.00714  9.01126e-01 | 27 -0.00377  1.50604e-01
 28 -0.01580  5.31422e-01 | 29  0.02358  7.86164e-02 | 30  0.02761  5.17360e-01
 31 -0.00686  3.62375e-02 | 32  0.03055 -8.63646e-01 | 33 -0.00403  5.32051e-01
 34 -0.02006  3.53470e-01 | 35  0.00975  1.50666e+00 | 36 -0.03460  7.97918e-01
 37 -0.02447 -6.33562e-01 | 38  0.02443 -4.38006e-02 | 39 -0.00256  8.59661e-01
 40  0.04308  1.48347e-01 | 41 -0.01923 -4.43759e-01 | 42 -0.00246 -3.07285e-01
 43 -0.04073  1.08600e-01 | 44  0.00659  6.87139e-01 | 45 -0.02747  8.48039e-01
 46  0.00822 -1.31521e-02 | 47 -0.03637 -7.15864e-01 | 48  0.02989  4.90112e-01
 49  0.09126 -6.88877e-02 | 50 -0.00537  5.01884e-02 | 51 -0.00031  5.38316e-02
 52  0.01660  9.81255e-01 | 53 -0.00394 -6.98498e-01 | 54 -0.00678 -6.46874e-02
 55 -0.00460 -3.40336e-01 | 56  0.00005 -3.90407e-01 | 57  0.01758  1.98604e+00
 58 -0.00497 -1.41130e+00 | 59  0.02127 -4.34104e-01 | 60  0.03863 -1.11564e-01
 61  0.02744 -1.34574e+00 | 62  0.03227 -1.89040e-01 | 63 -0.01718 -7.82699e-01
 64  0.01863 -7.64987e-01 | 65  0.01096 -7.19616e-01 | 66 -0.02411  8.99710e-03
 67  0.01423  2.94976e-01 | 68  0.01203 -3.20424e-01 | 69  0.04283  1.34835e-01
 70 -0.00106 -2.95757e-01 | 71 -0.02060  8.87090e-01 | 72  0.01786 -7.12283e-02
 73 -0.01129 -5.23885e-01 | 74  0.02388 -1.46069e-02 | 75  0.00145 -2.74285e-01
 76  0.01722 -2.13515e-01 | 77 -0.00848 -1.58791e+00 | 78 -0.01392  2.13841e+00
 79  0.02161 -4.00874e-01 | 80  0.01388 -2.42332e-01 | 81 -0.01643  1.89560e+00
 82  0.00083 -1.71545e-01 | 83 -0.03648  1.14618e+00 | 84 -0.01942 -9.87407e-01
 85 -0.03003 -1.80244e+00 | 86 -0.00631  2.44245e-01 | 87 -0.01597 -4.20690e-02
 88  0.03009 -2.67531e-01 | 89 -0.02076  8.65692e-01 | 90 -0.00458  8.09896e-02
 91 -0.00382 -6.01277e-01 | 92 -0.00390  3.86795e-01 | 93 -0.03737  2.16863e-01
 94 -0.01708  3.12280e-02 | 95 -0.01398 -4.93856e-01 | 96  0.00097 -3.82644e-01
 97  0.01175  5.78726e-03 | 98  0.01384 -8.95190e-01 | 99 -0.00905  9.80123e-01
100  0.00312  7.20641e-01 |101  0.00449  4.52231e-01 |102 -0.00445 -2.02557e-01
103 -0.00715 -2.28048e-02 |104 -0.00075 -4.32813e-02 |105 -0.00026 -1.50337e-01
106 -0.00026 -1.50341e-01 |107  0.79317 -3.53393e-01 |108 -0.41805  1.98496e+00
109  0.19046 -5.92819e-01 |110 -0.26228  1.37107e+00 |
110 variables; iteration 100; function evaluation 125; phase 5
Function value 2.1541386e+03; maximum gradient component mag 1.8241e+00
Var    Value     Gradient |Var    Value     Gradient |Var    Value     Gradient
  1 -0.52082  4.92039e-01 |  2 -0.42713  1.82411e+00 |  3 -0.38351  1.35235e+00
  4 -0.36319  8.68661e-02 |  5 -0.38679  1.16480e-01 |  6  0.62596  4.16868e-01
  7 -0.00176  7.84324e-02 |  8 -0.00264 -3.95865e-02 |  9  0.00395 -3.69334e-01
 10  0.00095  7.47408e-02 | 11 -0.00455 -1.90987e-01 | 12 -0.00085  1.49471e-01
 13 -0.02074 -7.08087e-02 | 14 -0.00961 -7.13117e-02 | 15 -0.01374  3.20223e-02
 16 -0.01206 -2.13359e-02 | 17 -0.00072  3.43277e-02 | 18 -0.00339 -3.54403e-01
 19  0.02714 -3.91100e-03 | 20 -0.02600  3.30843e-01 | 21 -0.01671  3.07620e-02
 22 -0.02833 -6.74160e-02 | 23 -0.03273 -6.64950e-02 | 24 -0.00793 -9.57606e-02
 25  0.03990  7.04382e-02 | 26  0.00706  1.46234e-01 | 27 -0.00379 -1.43658e-02
 28 -0.01586  6.93146e-02 | 29  0.02360  3.74404e-01 | 30  0.02758  1.37249e-01
 31 -0.00688 -4.06616e-02 | 32  0.03056 -4.51170e-01 | 33 -0.00408  7.07443e-02
 34 -0.02011 -2.91322e-02 | 35  0.00967  3.87554e-01 | 36 -0.03470  4.89975e-02
 37 -0.02443 -2.13321e-01 | 38  0.02442 -2.27885e-01 | 39 -0.00262  2.14375e-01
 40  0.04307  1.22192e-01 | 41 -0.01919  2.19020e-02 | 42 -0.00245 -1.26952e-01
 43 -0.04076 -2.78623e-02 | 44  0.00653 -6.07185e-02 | 45 -0.02754  2.07719e-01
 46  0.00821 -8.27234e-03 | 47 -0.03630 -1.34432e-01 | 48  0.02986  1.99545e-01
 49  0.09126  3.89915e-02 | 50 -0.00538 -9.92880e-03 | 51 -0.00032 -7.95704e-02
 52  0.01654  9.89840e-02 | 53 -0.00388  1.45460e-02 | 54 -0.00679 -7.12845e-02
 55 -0.00459 -1.89835e-01 | 56  0.00007 -1.00677e-01 | 57  0.01749  3.79897e-01
 58 -0.00490 -4.70339e-01 | 59  0.02126 -5.06561e-01 | 60  0.03865  3.11465e-01
 61  0.02748 -4.16402e-01 | 62  0.03228 -6.34186e-02 | 63 -0.01715 -3.06259e-01
 64  0.01864 -2.72655e-01 | 65  0.01098 -1.08583e-01 | 66 -0.02412 -1.31175e-01
 67  0.01421 -7.17349e-02 | 68  0.01205  2.92949e-01 | 69  0.04283  4.47694e-02
 70 -0.00105 -1.10755e-02 | 71 -0.02062  4.31228e-01 | 72  0.01786  1.16726e-02
 73 -0.01128 -4.52153e-01 | 74  0.02388  2.23554e-02 | 75  0.00145 -1.23861e-01
 76  0.01722 -6.87407e-02 | 77 -0.00845 -9.17175e-01 | 78 -0.01398  9.48169e-01
 79  0.02162 -1.62568e-01 | 80  0.01388 -1.32205e-01 | 81 -0.01646  1.10179e+00
 82  0.00084 -1.19908e-01 | 83 -0.03651  5.64268e-01 | 84 -0.01940 -3.31666e-01
 85 -0.02997 -4.89223e-01 | 86 -0.00632  1.85964e-02 | 87 -0.01596  2.98254e-01
 88  0.03009 -1.38762e-01 | 89 -0.02077  5.79412e-01 | 90 -0.00458 -6.59018e-02
 91 -0.00381 -3.09088e-01 | 92 -0.00390  2.39059e-01 | 93 -0.03738 -5.74121e-02
 94 -0.01708  3.50770e-02 | 95 -0.01394  2.85912e-01 | 96  0.00098 -7.38306e-02
 97  0.01175  3.19634e-02 | 98  0.01387 -1.21522e-01 | 99 -0.00911 -8.99377e-02
100  0.00309  1.56977e-01 |101  0.00447  2.27769e-01 |102 -0.00443 -7.78232e-02
103 -0.00714  2.43122e-03 |104 -0.00088 -2.29293e-01 |105 -0.00016  2.26193e-02
106 -0.00016  2.26216e-02 |107  0.79317 -1.79667e-01 |108 -0.41805  9.15902e-01
109  0.19041 -3.26103e-01 |110 -0.26229  7.05321e-01 |
110 variables; iteration 120; function evaluation 156; phase 5
Function value 2.1541382e+03; maximum gradient component mag 6.2653e-04
Var    Value     Gradient |Var    Value     Gradient |Var    Value     Gradient
  1 -0.52110  1.55906e-04 |  2 -0.42714  6.26530e-04 |  3 -0.38346  4.20172e-04
  4 -0.36306  2.63509e-05 |  5 -0.38677  4.39380e-05 |  6  0.62596  9.69001e-05
  7 -0.00180 -6.59161e-06 |  8 -0.00261  1.23797e-05 |  9  0.00416  2.51052e-06
 10  0.00090 -2.37173e-05 | 11 -0.00445 -3.59501e-06 | 12 -0.00093 -1.12627e-05
 13 -0.02071  4.71451e-06 | 14 -0.00959  7.71838e-07 | 15 -0.01376 -1.22757e-06
 16 -0.01206 -7.37118e-06 | 17 -0.00074  1.51773e-06 | 18 -0.00329  9.79268e-06
 19  0.02713  5.32295e-06 | 20 -0.02610 -6.89886e-07 | 21 -0.01672 -1.25236e-05
 22 -0.02832 -3.50458e-06 | 23 -0.03272 -1.37278e-05 | 24 -0.00792 -4.12352e-06
 25  0.03989 -8.03692e-06 | 26  0.00705 -2.12435e-05 | 27 -0.00379 -9.60197e-06
 28 -0.01587 -3.38251e-06 | 29  0.02357 -2.42048e-05 | 30  0.02757 -1.51318e-05
 31 -0.00688 -1.65914e-05 | 32  0.03058 -2.12993e-05 | 33 -0.00409 -2.00619e-05
 34 -0.02011 -1.42175e-05 | 35  0.00964 -3.95022e-05 | 36 -0.03471 -3.16938e-05
 37 -0.02441 -1.24084e-05 | 38  0.02442 -4.38141e-06 | 39 -0.00264 -1.39916e-05
 40  0.04307 -1.40530e-05 | 41 -0.01920  2.05883e-06 | 42 -0.00245 -2.56268e-05
 43 -0.04076 -7.42129e-06 | 44  0.00654 -1.71908e-05 | 45 -0.02757 -3.30803e-06
 46  0.00821  5.43396e-07 | 47 -0.03629  5.54117e-06 | 48  0.02985 -6.01857e-06
 49  0.09126  1.30906e-05 | 50 -0.00538 -9.60012e-06 | 51 -0.00032 -1.24843e-05
 52  0.01653 -1.62812e-05 | 53 -0.00389  7.31572e-06 | 54 -0.00679 -7.12866e-06
 55 -0.00458  1.55070e-05 | 56  0.00008 -4.90847e-06 | 57  0.01747 -2.65763e-05
 58 -0.00486  1.60361e-05 | 59  0.02129  4.40658e-05 | 60  0.03863  1.25221e-05
 61  0.02749  2.04524e-05 | 62  0.03228 -2.15548e-05 | 63 -0.01713 -7.25887e-06
 64  0.01865 -7.46997e-05 | 65  0.01099  8.38143e-06 | 66 -0.02411  2.28557e-05
 67  0.01422 -1.47186e-05 | 68  0.01204  8.78528e-05 | 69  0.04283  2.33369e-05
 70 -0.00105 -1.54207e-05 | 71 -0.02064 -2.68573e-05 | 72  0.01786  1.80039e-05
 73 -0.01126  2.04534e-05 | 74  0.02388  6.40055e-06 | 75  0.00146  2.11966e-05
 76  0.01723 -3.00065e-05 | 77 -0.00841  8.23887e-05 | 78 -0.01402 -5.37017e-05
 79  0.02163  2.14338e-06 | 80  0.01389  3.15656e-05 | 81 -0.01651 -4.30524e-05
 82  0.00085  5.17090e-05 | 83 -0.03654  4.56582e-06 | 84 -0.01938  2.62591e-05
 85 -0.02994  4.55548e-05 | 86 -0.00632  2.61138e-05 | 87 -0.01597  2.16599e-05
 88  0.03010 -5.32706e-06 | 89 -0.02080 -1.48361e-05 | 90 -0.00458 -2.56673e-05
 91 -0.00379  1.10591e-05 | 92 -0.00391  4.88538e-05 | 93 -0.03738 -7.48559e-06
 94 -0.01708  1.44498e-05 | 95 -0.01395  1.90293e-05 | 96  0.00099  6.53693e-05
 97  0.01175 -1.88811e-05 | 98  0.01388  1.94478e-05 | 99 -0.00910  1.05453e-05
100  0.00309 -2.10802e-05 |101  0.00446 -2.83544e-06 |102 -0.00442 -1.42634e-05
103 -0.00713  1.97713e-06 |104 -0.00074  5.17008e-06 |105 -0.00019 -4.04849e-06
106 -0.00019 -2.16648e-06 |107  0.79317 -5.53445e-05 |108 -0.41805  2.86369e-04
109  0.19039 -1.12700e-04 |110 -0.26229  2.59819e-04 |
  ic > imax  in fminim is answer attained ?
Var    Value     Gradient |Var    Value     Gradient |Var    Value     Gradient
  1 -0.52110  4.68236e-05 |  2 -0.42714  1.82843e-04 |  3 -0.38346  1.25271e-04
  4 -0.36306  7.86865e-06 |  5 -0.38677  1.30647e-05 |  6  0.62596  2.62333e-05
  7 -0.00180 -2.35300e-06 |  8 -0.00261  3.79682e-06 |  9  0.00416  7.12925e-07
 10  0.00090 -7.27170e-06 | 11 -0.00445 -1.11584e-06 | 12 -0.00093 -3.61136e-06
 13 -0.02071  1.49363e-06 | 14 -0.00959  3.18522e-07 | 15 -0.01376 -3.79154e-07
 16 -0.01206 -2.17548e-06 | 17 -0.00074  5.36314e-07 | 18 -0.00329  3.06796e-06
 19  0.02713  1.69358e-06 | 20 -0.02610 -2.05239e-07 | 21 -0.01672 -3.76572e-06
 22 -0.02832 -9.91497e-07 | 23 -0.03272 -4.11908e-06 | 24 -0.00792 -1.16851e-06
 25  0.03989 -2.37936e-06 | 26  0.00705 -6.36486e-06 | 27 -0.00379 -2.80569e-06
 28 -0.01587 -9.14714e-07 | 29  0.02357 -7.30805e-06 | 30  0.02757 -4.49757e-06
 31 -0.00688 -5.29038e-06 | 32  0.03058 -6.41784e-06 | 33 -0.00409 -6.05738e-06
 34 -0.02011 -4.25264e-06 | 35  0.00964 -1.21755e-05 | 36 -0.03471 -9.62199e-06
 37 -0.02441 -3.70978e-06 | 38  0.02442 -1.23664e-06 | 39 -0.00264 -4.22845e-06
 40  0.04307 -4.24289e-06 | 41 -0.01920  7.18180e-07 | 42 -0.00245 -7.75505e-06
 43 -0.04076 -2.18052e-06 | 44  0.00654 -5.22464e-06 | 45 -0.02757 -9.87051e-07
 46  0.00821  2.34295e-07 | 47 -0.03629  1.77606e-06 | 48  0.02985 -2.00648e-06
 49  0.09126  3.91599e-06 | 50 -0.00538 -3.05322e-06 | 51 -0.00032 -3.78402e-06
 52  0.01653 -4.96368e-06 | 53 -0.00389  2.27419e-06 | 54 -0.00679 -2.32847e-06
 55 -0.00458  4.74246e-06 | 56  0.00008 -1.49135e-06 | 57  0.01747 -8.20909e-06
 58 -0.00486  4.90517e-06 | 59  0.02129  1.34493e-05 | 60  0.03863  3.66408e-06
 61  0.02749  6.19569e-06 | 62  0.03228 -6.68275e-06 | 63 -0.01713 -2.25453e-06
 64  0.01865 -2.29170e-05 | 65  0.01099  2.50291e-06 | 66 -0.02411  6.57870e-06
 67  0.01422 -4.60488e-06 | 68  0.01204  2.67710e-05 | 69  0.04283  6.95589e-06
 70 -0.00105 -4.72839e-06 | 71 -0.02064 -8.31632e-06 | 72  0.01786  5.42399e-06
 73 -0.01126  6.25391e-06 | 74  0.02388  1.86189e-06 | 75  0.00146  6.46908e-06
 76  0.01723 -9.23878e-06 | 77 -0.00841  2.52203e-05 | 78 -0.01402 -1.66162e-05
 79  0.02163  5.66804e-07 | 80  0.01389  9.60766e-06 | 81 -0.01651 -1.34098e-05
 82  0.00085  1.58252e-05 | 83 -0.03654  1.38952e-06 | 84 -0.01938  8.08222e-06
 85 -0.02994  1.40039e-05 | 86 -0.00632  7.99578e-06 | 87 -0.01597  6.59614e-06
 88  0.03010 -1.64783e-06 | 89 -0.02080 -4.59292e-06 | 90 -0.00458 -7.83169e-06
 91 -0.00379  3.44657e-06 | 92 -0.00391  1.49890e-05 | 93 -0.03738 -2.86119e-06
 94 -0.01708  4.47758e-06 | 95 -0.01395  5.83158e-06 | 96  0.00099  2.00757e-05
 97  0.01175 -5.73032e-06 | 98  0.01388  6.05761e-06 | 99 -0.00910  3.32273e-06
100  0.00309 -6.41091e-06 |101  0.00446 -8.16803e-07 |102 -0.00442 -4.28055e-06
103 -0.00713  6.70932e-07 |104 -0.00074  1.75230e-06 |105 -0.00019 -1.19843e-06
106 -0.00019 -5.24320e-07 |107  0.79317 -1.69472e-05 |108 -0.41805  8.74619e-05
109  0.19039 -3.41591e-05 |110 -0.26229  7.87090e-05 |
Function minimizer not making progress ... is minimum attained?
Minimprove criterion = 0.0000e+00

 - final statistics:
110 variables; iteration 122; function evaluation 187
Function value 2.1541e+03; maximum gradient component mag 1.8284e-04
Exit code = 1;  converg criter 1.0000e-04
Var    Value     Gradient |Var    Value     Gradient |Var    Value     Gradient
  1 -0.52110  4.68236e-05 |  2 -0.42714  1.82843e-04 |  3 -0.38346  1.25271e-04
  4 -0.36306  7.86865e-06 |  5 -0.38677  1.30647e-05 |  6  0.62596  2.62333e-05
  7 -0.00180 -2.35300e-06 |  8 -0.00261  3.79682e-06 |  9  0.00416  7.12925e-07
 10  0.00090 -7.27170e-06 | 11 -0.00445 -1.11584e-06 | 12 -0.00093 -3.61136e-06
 13 -0.02071  1.49363e-06 | 14 -0.00959  3.18522e-07 | 15 -0.01376 -3.79154e-07
 16 -0.01206 -2.17548e-06 | 17 -0.00074  5.36314e-07 | 18 -0.00329  3.06796e-06
 19  0.02713  1.69358e-06 | 20 -0.02610 -2.05239e-07 | 21 -0.01672 -3.76572e-06
 22 -0.02832 -9.91497e-07 | 23 -0.03272 -4.11908e-06 | 24 -0.00792 -1.16851e-06
 25  0.03989 -2.37936e-06 | 26  0.00705 -6.36486e-06 | 27 -0.00379 -2.80569e-06
 28 -0.01587 -9.14714e-07 | 29  0.02357 -7.30805e-06 | 30  0.02757 -4.49757e-06
 31 -0.00688 -5.29038e-06 | 32  0.03058 -6.41784e-06 | 33 -0.00409 -6.05738e-06
 34 -0.02011 -4.25264e-06 | 35  0.00964 -1.21755e-05 | 36 -0.03471 -9.62199e-06
 37 -0.02441 -3.70978e-06 | 38  0.02442 -1.23664e-06 | 39 -0.00264 -4.22845e-06
 40  0.04307 -4.24289e-06 | 41 -0.01920  7.18180e-07 | 42 -0.00245 -7.75505e-06
 43 -0.04076 -2.18052e-06 | 44  0.00654 -5.22464e-06 | 45 -0.02757 -9.87051e-07
 46  0.00821  2.34295e-07 | 47 -0.03629  1.77606e-06 | 48  0.02985 -2.00648e-06
 49  0.09126  3.91599e-06 | 50 -0.00538 -3.05322e-06 | 51 -0.00032 -3.78402e-06
 52  0.01653 -4.96368e-06 | 53 -0.00389  2.27419e-06 | 54 -0.00679 -2.32847e-06
 55 -0.00458  4.74246e-06 | 56  0.00008 -1.49135e-06 | 57  0.01747 -8.20909e-06
 58 -0.00486  4.90517e-06 | 59  0.02129  1.34493e-05 | 60  0.03863  3.66408e-06
 61  0.02749  6.19569e-06 | 62  0.03228 -6.68275e-06 | 63 -0.01713 -2.25453e-06
 64  0.01865 -2.29170e-05 | 65  0.01099  2.50291e-06 | 66 -0.02411  6.57870e-06
 67  0.01422 -4.60488e-06 | 68  0.01204  2.67710e-05 | 69  0.04283  6.95589e-06
 70 -0.00105 -4.72839e-06 | 71 -0.02064 -8.31632e-06 | 72  0.01786  5.42399e-06
 73 -0.01126  6.25391e-06 | 74  0.02388  1.86189e-06 | 75  0.00146  6.46908e-06
 76  0.01723 -9.23878e-06 | 77 -0.00841  2.52203e-05 | 78 -0.01402 -1.66162e-05
 79  0.02163  5.66804e-07 | 80  0.01389  9.60766e-06 | 81 -0.01651 -1.34098e-05
 82  0.00085  1.58252e-05 | 83 -0.03654  1.38952e-06 | 84 -0.01938  8.08222e-06
 85 -0.02994  1.40039e-05 | 86 -0.00632  7.99578e-06 | 87 -0.01597  6.59614e-06
 88  0.03010 -1.64783e-06 | 89 -0.02080 -4.59292e-06 | 90 -0.00458 -7.83169e-06
 91 -0.00379  3.44657e-06 | 92 -0.00391  1.49890e-05 | 93 -0.03738 -2.86119e-06
 94 -0.01708  4.47758e-06 | 95 -0.01395  5.83158e-06 | 96  0.00099  2.00757e-05
 97  0.01175 -5.73032e-06 | 98  0.01388  6.05761e-06 | 99 -0.00910  3.32273e-06
100  0.00309 -6.41091e-06 |101  0.00446 -8.16803e-07 |102 -0.00442 -4.28055e-06
103 -0.00713  6.70932e-07 |104 -0.00074  1.75230e-06 |105 -0.00019 -1.19843e-06
106 -0.00019 -5.24320e-07 |107  0.79317 -1.69472e-05 |108 -0.41805  8.74619e-05
109  0.19039 -3.41591e-05 |110 -0.26229  7.87090e-05 |

Initial statistics: 122 variables; iteration 0; function evaluation 0; phase 6
Function value 2.1541382e+03; maximum gradient component mag 1.8284e-04
Var    Value     Gradient |Var    Value     Gradient |Var    Value     Gradient
  1 -0.52110  4.68236e-05 |  2 -0.42714  1.82843e-04 |  3 -0.38346  1.25271e-04
  4 -0.36306  7.86865e-06 |  5 -0.38677  1.30647e-05 |  6  0.62596  2.62331e-05
  7 -0.00180 -2.35300e-06 |  8 -0.00261  3.79682e-06 |  9  0.00416  7.12925e-07
 10  0.00090 -7.27170e-06 | 11 -0.00445 -1.11584e-06 | 12 -0.00093 -3.58141e-06
 13 -0.02071  1.52356e-06 | 14 -0.00959  3.48471e-07 | 15 -0.01376 -3.49209e-07
 16 -0.01206 -2.14553e-06 | 17 -0.00074  5.66266e-07 | 18 -0.00329  3.09792e-06
 19  0.02713  1.72351e-06 | 20 -0.02610 -1.75312e-07 | 21 -0.01672 -3.73578e-06
 22 -0.02832 -9.61575e-07 | 23 -0.03272 -4.08917e-06 | 24 -0.00792 -1.13856e-06
 25  0.03989 -2.34946e-06 | 26  0.00705 -6.33491e-06 | 27 -0.00379 -2.77574e-06
 28 -0.01587 -8.84773e-07 | 29  0.02357 -7.27813e-06 | 30  0.02757 -4.46765e-06
 31 -0.00688 -5.26044e-06 | 32  0.03058 -6.38793e-06 | 33 -0.00409 -6.02743e-06
 34 -0.02011 -4.22271e-06 | 35  0.00964 -1.21455e-05 | 36 -0.03471 -9.59209e-06
 37 -0.02441 -3.67985e-06 | 38  0.02442 -1.20671e-06 | 39 -0.00264 -4.19850e-06
 40  0.04307 -4.21302e-06 | 41 -0.01920  7.48117e-07 | 42 -0.00245 -7.72510e-06
 43 -0.04076 -2.15063e-06 | 44  0.00654 -5.19469e-06 | 45 -0.02757 -9.57128e-07
 46  0.00821  2.64241e-07 | 47 -0.03629  1.80596e-06 | 48  0.02985 -1.97656e-06
 49  0.09126  3.94562e-06 | 50 -0.00538 -3.02327e-06 | 51 -0.00032 -3.75407e-06
 52  0.01653 -4.93374e-06 | 53 -0.00389  2.30414e-06 | 54 -0.00679 -2.29852e-06
 55 -0.00458  4.77240e-06 | 56  0.00008 -1.46141e-06 | 57  0.01747 -8.17916e-06
 58 -0.00486  4.93511e-06 | 59  0.02129  1.34792e-05 | 60  0.03863  3.69396e-06
 61  0.02749  6.22560e-06 | 62  0.03228 -6.65285e-06 | 63 -0.01713 -2.22459e-06
 64  0.01865 -2.28871e-05 | 65  0.01099  2.53285e-06 | 66 -0.02411  6.60862e-06
 67  0.01422 -4.57495e-06 | 68  0.01204  2.68010e-05 | 69  0.04283  6.98575e-06
 70 -0.00105 -4.69845e-06 | 71 -0.02064 -8.28639e-06 | 72  0.01786  5.45392e-06
 73 -0.01126  6.28385e-06 | 74  0.02388  1.89180e-06 | 75  0.00146  6.49903e-06
 76  0.01723 -9.20886e-06 | 77 -0.00841  2.52503e-05 | 78 -0.01402 -1.65862e-05
 79  0.02163  5.96725e-07 | 80  0.01389  9.63760e-06 | 81 -0.01651 -1.33799e-05
 82  0.00085  1.58551e-05 | 83 -0.03654  1.41942e-06 | 84 -0.01938  8.11216e-06
 85 -0.02994  1.40338e-05 | 86 -0.00632  8.02572e-06 | 87 -0.01597  6.62607e-06
 88  0.03010 -1.61792e-06 | 89 -0.02080 -4.56298e-06 | 90 -0.00458 -7.80174e-06
 91 -0.00379  3.47652e-06 | 92 -0.00391  1.50189e-05 | 93 -0.03738 -2.83129e-06
 94 -0.01708  4.50752e-06 | 95 -0.01395  5.86152e-06 | 96  0.00099  2.01056e-05
 97  0.01175 -5.70038e-06 | 98  0.01388  6.08755e-06 | 99 -0.00910  3.35268e-06
100  0.00309 -6.38095e-06 |101  0.00446 -7.86850e-07 |102 -0.00442 -4.25060e-06
103 -0.00713  7.00884e-07 |104 -0.00074  1.78225e-06 |105 -0.00019 -1.16848e-06
106 -0.00019 -4.94367e-07 |107  0.00000  0.00000e+00 |108  0.00000  0.00000e+00
109  0.00000  0.00000e+00 |110  0.00000  0.00000e+00 |111  0.00000  0.00000e+00
112  0.00000  0.00000e+00 |113  0.00000  0.00000e+00 |114  0.00000  0.00000e+00
115  0.00000  0.00000e+00 |116  0.00000  0.00000e+00 |117  0.00000  0.00000e+00
118  0.00000  0.00000e+00 |119  0.79317 -1.69472e-05 |120 -0.41805  8.74620e-05
121  0.19039 -3.41591e-05 |122 -0.26229  7.87090e-05 |
size of file gradfil1.tmp = 0
size of file gradfil2.tmp = 0
size of file varssave.tmp = 0
size of file cmpdiff.tmp = 0
