
Initial statistics: 1 variables; iteration 0; function evaluation 0; phase 1
Function value 2.8771053e+03; maximum gradient component mag -1.0074e+04
Var    Value     Gradient |Var    Value     Gradient |Var    Value     Gradient
  1  0.63197 -1.00740e+04 |

 - final statistics:
1 variables; iteration 5; function evaluation 8
Function value 2.8078e+03; maximum gradient component mag -8.3482e+00
Exit code = 1;  converg criter 1.0000e+01
Var    Value     Gradient |Var    Value     Gradient |Var    Value     Gradient
  1  0.64766 -8.34820e+00 |

Initial statistics: 98 variables; iteration 0; function evaluation 0; phase 2
Function value 2.8077565e+03; maximum gradient component mag -2.7129e+03
Var    Value     Gradient |Var    Value     Gradient |Var    Value     Gradient
  1  0.64766 -8.34820e+00 |  2  0.00000  2.20304e+01 |  3  0.00000  3.32262e+01
  4  0.00000  4.69268e+01 |  5  0.00000  6.01892e+01 |  6  0.00000 -3.35697e+01
  7  0.00000  1.75712e+01 |  8  0.00000 -8.41519e+01 |  9  0.00000  3.89747e+01
 10  0.00000 -1.58558e+02 | 11  0.00000 -3.79773e+01 | 12  0.00000 -1.66239e-02
 13  0.00000  2.21957e+02 | 14  0.00000 -7.83447e+01 | 15  0.00000 -9.32382e+01
 16  0.00000  6.12050e+01 | 17  0.00000  3.45319e+02 | 18  0.00000 -1.25146e+02
 19  0.00000  5.37807e+02 | 20  0.00000  2.64129e+02 | 21  0.00000  4.99138e+02
 22  0.00000  2.78301e+02 | 23  0.00000  2.41733e+02 | 24  0.00000 -6.50233e+02
 25  0.00000 -1.47718e+02 | 26  0.00000  1.64010e+02 | 27  0.00000 -2.77017e+02
 28  0.00000 -4.99855e+00 | 29  0.00000 -1.64486e+02 | 30  0.00000 -9.86117e+02
 31  0.00000  2.48769e+02 | 32  0.00000  3.65308e+01 | 33  0.00000  1.58873e+02
 34  0.00000  1.70119e+02 | 35  0.00000  2.85663e+02 | 36  0.00000  3.19593e+02
 37  0.00000 -2.76512e+02 | 38  0.00000 -5.02275e+02 | 39  0.00000 -6.59162e+00
 40  0.00000  3.60236e+02 | 41  0.00000 -2.82238e+02 | 42  0.00000  1.75125e+02
 43  0.00000 -2.45339e+02 | 44  0.00000 -5.17738e+02 | 45  0.00000 -2.68759e+01
 46  0.00000  2.99482e+02 | 47  0.00000  1.65327e+02 | 48  0.00000 -5.67851e+02
 49  0.00000 -2.02985e+02 | 50  0.00000 -3.63600e+02 | 51  0.00000 -8.85824e+02
 52  0.00000  3.30224e+01 | 53  0.00000 -2.84165e+02 | 54  0.00000  5.40357e+01
 55  0.00000  5.34503e+02 | 56  0.00000 -5.83184e+02 | 57  0.00000  2.98075e+02
 58  0.00000 -8.96256e+02 | 59  0.00000 -1.05554e+03 | 60  0.00000 -1.15754e+03
 61  0.00000 -6.02315e+01 | 62  0.00000 -6.16506e+02 | 63  0.00000  1.05876e+03
 64  0.00000  8.83377e+02 | 65  0.00000  1.06978e+03 | 66  0.00000  8.83435e+02
 67  0.00000  1.39599e+02 | 68  0.00000  5.59115e+02 | 69  0.00000 -1.24905e+03
 70  0.00000 -2.71289e+03 | 71  0.00000  1.18095e+03 | 72  0.00000  5.52146e+02
 73  0.00000  5.12794e+02 | 74  0.00000 -5.12886e+02 | 75  0.00000  5.36287e+02
 76  0.00000 -2.60972e+02 | 77  0.00000 -4.32162e+02 | 78  0.00000 -1.37758e+02
 79  0.00000  9.18710e+02 | 80  0.00000  1.11294e+03 | 81  0.00000  3.27341e+02
 82  0.00000 -1.91667e+01 | 83  0.00000  5.55258e+02 | 84  0.00000  6.46502e+02
 85  0.00000  2.58358e+02 | 86  0.00000  3.59567e+02 | 87  0.00000 -1.34514e+00
 88  0.00000  4.02031e+02 | 89  0.00000 -7.60875e+02 | 90  0.00000 -4.26564e+02
 91  0.00000  9.25018e+01 | 92  0.00000 -2.52662e+02 | 93  0.00000  1.04338e+02
 94  0.00000  6.92312e+00 | 95  0.00000  3.28828e+00 | 96  0.00000  3.28819e+00
 97  0.81654  2.76238e+02 | 98  0.22185 -1.09666e+02 |

Intermediate statistics: 98 variables; iteration 20; function evaluation 30; phase 2
Function value 2.3043965e+03; maximum gradient component mag -9.3345e+02
Var    Value     Gradient |Var    Value     Gradient |Var    Value     Gradient
  1  0.63457  2.69417e+02 |  2 -0.05202 -8.78230e+01 |  3 -0.05053 -8.00498e+01
  4 -0.02916 -3.01191e+01 |  5 -0.00090  4.76918e+01 |  6 -0.00820 -6.69726e+01
  7  0.00600  2.78641e+01 |  8  0.04035  8.63227e+01 |  9 -0.03148 -8.20736e+01
 10 -0.00277 -1.80112e+02 | 11  0.00590 -1.34729e+01 | 12  0.00817  4.56840e+01
 13 -0.05541 -8.12817e+01 | 14  0.00941 -1.58428e-01 | 15  0.00626 -3.39377e+01
 16 -0.00270  2.52677e+01 | 17 -0.02039  1.06845e+02 | 18  0.00431 -5.92348e+01
 19 -0.03167  1.28208e+02 | 20 -0.01122  9.02059e+01 | 21 -0.02765  1.25880e+02
 22 -0.01415  6.79294e+01 | 23 -0.01378  6.56813e+01 | 24  0.02889 -2.11206e+02
 25  0.00912 -4.76818e+01 | 26 -0.00853  2.82507e+01 | 27  0.02172 -1.29565e+01
 28  0.00157 -2.49669e+01 | 29  0.01088 -5.03881e+01 | 30  0.05018 -1.37678e+02
 31 -0.01879  3.57496e+01 | 32 -0.00193 -3.09835e+01 | 33 -0.00762  8.35871e+00
 34 -0.00752  1.59286e+01 | 35 -0.01815  1.42895e+01 | 36 -0.01866  6.28660e+01
 37  0.01197 -1.10703e+02 | 38  0.02403 -1.36825e+02 | 39 -0.00206 -4.52295e+01
 40 -0.02015  9.37333e+01 | 41  0.01862 -8.60150e+00 | 42 -0.00995  3.48608e+01
 43  0.01350 -4.49634e+01 | 44  0.02884 -4.05571e+01 | 45  0.00013 -2.98832e+01
 46 -0.02249  2.51235e+01 | 47 -0.00978  3.50302e+01 | 48  0.02193 -2.02241e+02
 49  0.00525 -9.02587e+01 | 50  0.00917 -1.65381e+02 | 51  0.03109 -1.67394e+02
 52  0.00078  8.02251e+01 | 53  0.00949 -8.00267e+01 | 54 -0.00828 -2.16578e+02
 55 -0.01426  1.55265e+02 | 56  0.01214 -3.51611e+02 | 57 -0.01886 -7.88454e+01
 58  0.02741 -1.05926e+02 | 59  0.02042 -4.46622e+02 | 60  0.01938 -5.75800e+02
 61  0.00696  1.40752e+02 | 62  0.01437 -2.29324e+02 | 63 -0.02760  3.52009e+02
 64 -0.01310  3.92821e+02 | 65 -0.02700  2.41510e+02 | 66 -0.02060  2.10929e+02
 67  0.00736  2.36696e+02 | 68 -0.01603  1.47024e+02 | 69  0.04368  3.32157e+02
 70  0.04855 -9.33448e+02 | 71 -0.02363  5.71882e+02 | 72 -0.00704  1.84115e+02
 73 -0.00493  2.24601e+02 | 74  0.01784 -1.30468e+02 | 75 -0.01141  1.24382e+02
 76  0.00052 -3.68436e+02 | 77  0.01542 -3.47301e+01 | 78  0.01313  1.73698e+02
 79 -0.01897  2.92293e+02 | 80 -0.02766  2.56204e+02 | 81 -0.00358  8.76053e+01
 82  0.00144 -9.06002e+01 | 83 -0.01269  1.12354e+02 | 84 -0.01157  2.27127e+02
 85 -0.00200  9.14318e+01 | 86 -0.00539  1.14419e+02 | 87 -0.00014 -1.28480e+02
 88 -0.01637  4.94500e+01 | 89  0.03541 -9.43222e+01 | 90  0.02739 -3.94521e+01
 91 -0.00911 -2.39230e+01 | 92  0.04108  4.72673e+01 | 93  0.00399  8.83916e+01
 94 -0.01993 -3.58290e+01 | 95  0.04169  5.69024e+01 | 96  0.04169  5.69051e+01
 97  0.80437  8.95740e+01 | 98  0.22354 -5.29300e+01 |
98 variables; iteration 40; function evaluation 54; phase 2
Function value 2.2648357e+03; maximum gradient component mag 2.1002e+03
Var    Value     Gradient |Var    Value     Gradient |Var    Value     Gradient
  1  0.62988  2.10021e+03 |  2  0.00403 -3.14608e+01 |  3  0.00115 -2.58018e+01
  4 -0.01833 -5.81133e+01 |  5 -0.03747 -9.19079e+01 |  6  0.02206 -2.08846e+01
  7 -0.00070 -4.38384e+01 |  8 -0.01597 -1.97609e+02 |  9  0.00362 -2.74733e+00
 10  0.05076  1.16054e+02 | 11  0.00548 -6.21743e+01 | 12 -0.00645 -9.44692e+01
 13 -0.02896 -1.34204e+01 | 14  0.00553 -8.86418e+01 | 15  0.00861 -6.75343e+01
 16 -0.00530 -7.05089e+01 | 17 -0.03148 -6.42026e+01 | 18  0.00564 -1.22675e+02
 19 -0.04281 -4.83932e+01 | 20 -0.01634 -5.83443e+01 | 21 -0.03500 -2.12647e+01
 22 -0.01246  2.06287e+01 | 23 -0.02107 -6.76394e+01 | 24  0.04283  2.08891e+01
 25  0.01725  7.89042e+00 | 26 -0.01383 -9.77332e+01 | 27  0.02224 -9.16814e+01
 28  0.00813 -1.69475e+01 | 29  0.02325  6.49385e+01 | 30  0.06279  1.17514e+02
 31 -0.01881 -2.09055e+01 | 32  0.00722  2.23661e+01 | 33 -0.00156  1.70695e+01
 34 -0.00226  1.30918e+01 | 35 -0.01834 -5.51794e+01 | 36 -0.03127 -1.20951e+02
 37  0.01597 -1.01226e+02 | 38  0.02571 -1.45384e+02 | 39  0.00122 -4.34426e+01
 40 -0.02992 -4.61480e+01 | 41  0.01875 -3.79338e+01 | 42 -0.01669 -7.93895e+01
 43  0.01977  4.21037e+01 | 44  0.02248 -1.75202e+02 | 45 -0.00005 -5.77169e+01
 46 -0.02334 -1.67126e+01 | 47 -0.01556 -6.13386e+01 | 48  0.02106 -2.28494e+02
 49  0.00260 -1.45927e+02 | 50  0.01315 -9.89181e+01 | 51  0.03822  5.38024e+01
 52 -0.00034  4.17030e+01 | 53  0.01248 -1.63496e+01 | 54 -0.00385 -1.32076e+02
 55 -0.01001  2.41542e+02 | 56  0.02719  1.70314e+02 | 57 -0.01630 -3.03123e+01
 58  0.03203  1.18994e+02 | 59  0.03476  1.40886e+02 | 60  0.03566  9.30969e+01
 61  0.00312  5.99724e+01 | 62  0.02481  1.51629e+02 | 63 -0.04495  3.32478e+01
 64 -0.01690  2.45705e+02 | 65 -0.03022  1.29687e+02 | 66 -0.01848  2.17495e+02
 67  0.01017  2.99709e+02 | 68 -0.01945  2.50095e+01 | 69  0.03103 -2.13409e+02
 70  0.07269  6.21278e+02 | 71 -0.03825  3.04565e+02 | 72 -0.00686  1.28319e+02
 73 -0.00977  6.08393e+01 | 74  0.02546  1.05353e+02 | 75 -0.00623  2.22830e+02
 76  0.01717  1.40320e+02 | 77  0.01995  9.37483e+01 | 78  0.00938 -3.10128e+01
 79 -0.02411  1.01710e+02 | 80 -0.03683  2.64046e+00 | 81 -0.00802 -1.02958e+02
 82  0.01015  1.35494e+02 | 83 -0.00937  1.42350e+02 | 84 -0.01820  9.96633e+00
 85 -0.00886 -1.39587e+02 | 86 -0.00100  1.64009e+02 | 87 -0.00168 -2.02090e+02
 88 -0.01971 -4.98650e+01 | 89  0.03051 -2.46463e+02 | 90  0.02251 -1.44007e+02
 91 -0.00293 -3.94444e-01 | 92  0.02753 -1.26449e+02 | 93 -0.05359 -1.27643e+02
 94  0.00076 -5.62375e+01 | 95 -0.03374 -1.12783e+02 | 96 -0.03374 -1.12786e+02
 97  0.80063  1.51627e+02 | 98  0.21812 -4.28316e+01 |
98 variables; iteration 60; function evaluation 84; phase 2
Function value 2.2305060e+03; maximum gradient component mag 9.7613e+02
Var    Value     Gradient |Var    Value     Gradient |Var    Value     Gradient
  1  0.62955  9.76127e+02 |  2 -0.00935 -2.77930e+01 |  3 -0.01490 -2.98429e+01
  4 -0.01958 -2.92830e+01 |  5 -0.02725 -3.73026e+01 |  6  0.01504 -1.55844e+01
  7 -0.01500 -5.77789e+01 |  8  0.02285 -1.90773e+01 |  9 -0.01007 -2.86377e+01
 10  0.02873 -2.57202e+01 | 11  0.00869 -1.55048e+01 | 12  0.00318 -6.71628e+00
 13 -0.03581 -1.72391e+01 | 14  0.00853 -3.16207e+01 | 15  0.01047 -1.53973e+01
 16 -0.00361 -1.79643e+01 | 17 -0.03411 -5.02428e+01 | 18  0.00711 -5.97836e+01
 19 -0.04484 -3.00191e+01 | 20 -0.01726 -3.41016e+01 | 21 -0.03944 -2.86344e+01
 22 -0.01837 -1.84236e+01 | 23 -0.01995 -2.59409e+01 | 24  0.03899 -3.47607e+01
 25  0.01293 -2.34511e+01 | 26 -0.01112 -3.28334e+01 | 27  0.02496 -3.50511e+00
 28  0.00651  2.25632e-01 | 29  0.01774  1.25345e+01 | 30  0.05668 -2.13439e+01
 31 -0.02215 -2.04289e+01 | 32  0.00308 -2.12226e+00 | 33 -0.00796 -2.92240e+01
 34 -0.00779 -2.30157e+01 | 35 -0.02053 -4.23335e+01 | 36 -0.02451 -2.19266e+01
 37  0.01874 -1.36462e+01 | 38  0.03194  1.20588e+01 | 39  0.00233  1.05276e+00
 40 -0.03127 -3.11803e+01 | 41  0.01863 -2.20580e+01 | 42 -0.01560 -4.35088e+01
 43  0.01542 -1.44482e+01 | 44  0.02995 -6.84551e+00 | 45  0.00279  7.18490e+00
 46 -0.02573 -1.23832e+01 | 47 -0.01584 -3.40027e+01 | 48  0.03068  5.17974e+00
 49  0.00898 -8.72884e+00 | 50  0.01634 -8.23515e+00 | 51  0.03617  5.05133e+00
 52 -0.00292  1.08989e+01 | 53  0.01162 -2.42536e+01 | 54  0.00186  1.88905e+01
 55 -0.01989  5.67427e+01 | 56  0.02422  4.55299e+01 | 57 -0.01346  3.12302e+01
 58  0.03222  1.14400e+02 | 59  0.03301  5.02650e+01 | 60  0.03555  6.30564e+01
 61  0.00344  6.20057e+01 | 62  0.02248  3.44359e+01 | 63 -0.04361  5.74354e+01
 64 -0.02564  4.74740e+01 | 65 -0.03201  8.85227e+01 | 66 -0.02462  7.01345e+01
 67  0.00363  6.37127e+01 | 68 -0.01757  6.89575e+01 | 69  0.03850  6.49399e+01
 70  0.06777  1.48450e+02 | 71 -0.05287  1.16598e+02 | 72 -0.00824  8.32891e+01
 73 -0.00919  6.40671e+01 | 74  0.02451  2.86661e+01 | 75 -0.01368  4.03196e+01
 76  0.01452  1.84769e+01 | 77  0.01869  2.40559e+01 | 78  0.01026 -1.32435e+01
 79 -0.02977  7.88012e+00 | 80 -0.03703  1.91951e+01 | 81 -0.00483 -5.11899e+00
 82  0.00499 -3.14056e+01 | 83 -0.01526  9.87273e+00 | 84 -0.02005 -1.06880e+01
 85 -0.00444 -1.75521e+01 | 86 -0.01005 -1.74586e+01 | 87  0.00605 -1.30878e+00
 88 -0.02153 -4.05719e+01 | 89  0.03524 -9.83414e+01 | 90  0.02765 -2.88910e+01
 91 -0.01014 -3.90167e+01 | 92  0.03261 -5.24016e+01 | 93 -0.02303 -1.61845e+01
 94  0.00767 -1.25152e+01 | 95 -0.00084 -2.92457e+01 | 96 -0.00084 -2.92449e+01
 97  0.79366  1.52689e+01 | 98  0.22094 -1.63093e+01 |
Maximum number of function evaluations exceeded

 - final statistics:
98 variables; iteration 72; function evaluation 100
Function value 2.2274e+03; maximum gradient component mag 3.3053e+02
Exit code = 3;  converg criter 1.0000e+01
Var    Value     Gradient |Var    Value     Gradient |Var    Value     Gradient
  1  0.62810  3.30532e+02 |  2 -0.00837 -7.41621e+00 |  3 -0.01654 -1.49493e+01
  4 -0.02243 -1.73336e+01 |  5 -0.02059 -3.63994e+00 |  6  0.00906 -1.78748e+01
  7 -0.00608 -1.35589e+01 |  8  0.02170 -8.48828e+00 |  9 -0.01016 -1.22633e+01
 10  0.02943 -7.29480e+00 | 11  0.01127  1.45352e+01 | 12  0.00030 -1.06484e+01
 13 -0.03813 -1.21068e+01 | 14  0.00980 -7.48127e+00 | 15  0.01029 -5.82640e+00
 16 -0.00378 -6.49773e+00 | 17 -0.03032 -2.94579e+00 | 18  0.00959 -7.51786e+00
 19 -0.04373 -5.73160e+00 | 20 -0.01698 -1.88842e+01 | 21 -0.03865 -8.25970e+00
 22 -0.01942 -1.82776e+01 | 23 -0.01866  3.52661e-01 | 24  0.03985 -8.37681e+00
 25  0.01301 -1.05337e+01 | 26 -0.01094 -1.70594e+01 | 27  0.02494  4.91596e+00
 28  0.00412 -1.84615e+01 | 29  0.01610 -1.91462e+00 | 30  0.05729 -2.20946e+00
 31 -0.02293 -1.29819e+01 | 32  0.00187 -5.96663e+00 | 33 -0.00709 -6.66360e+00
 34 -0.00813 -1.45913e+01 | 35 -0.01922 -1.53024e+01 | 36 -0.02368 -6.10708e-01
 37  0.01918 -6.78989e-01 | 38  0.03160  4.92762e+00 | 39  0.00172 -1.12289e+00
 40 -0.03050 -1.30195e+01 | 41  0.01976  7.62575e-01 | 42 -0.01359 -1.16929e+01
 43  0.01660  6.96642e+00 | 44  0.03130  1.55178e+01 | 45  0.00202 -1.41079e+00
 46 -0.02515  8.78031e-01 | 47 -0.01380 -5.54715e+00 | 48  0.03144  1.17962e+01
 49  0.00973  5.31689e-01 | 50  0.01713 -3.95438e-01 | 51  0.03667 -4.74340e-01
 52 -0.00283  9.10619e+00 | 53  0.01322  5.01883e+00 | 54  0.00219  1.44589e+01
 55 -0.02129  2.68543e+01 | 56  0.02405  7.21036e+00 | 57 -0.01355  1.88983e+01
 58  0.03097  2.73299e+01 | 59  0.03309  9.43444e+00 | 60  0.03545  1.30099e+01
 61  0.00325  3.53108e+01 | 62  0.02286  1.01744e+01 | 63 -0.04447  4.28871e+01
 64 -0.02623  2.37886e+01 | 65 -0.03458  3.22373e+01 | 66 -0.02615  2.63332e+01
 67  0.00304  1.80781e+01 | 68 -0.01938  2.14578e+01 | 69  0.03879  2.11320e+01
 70  0.06700 -5.00457e+00 | 71 -0.05856  5.46322e+01 | 72 -0.01026  1.94012e+01
 73 -0.01020  2.42768e+01 | 74  0.02471 -3.80504e+00 | 75 -0.01491  2.88729e+00
 76  0.01455 -7.86058e+00 | 77  0.01855 -8.48106e+00 | 78  0.01111 -5.05973e+00
 79 -0.02966  9.77293e+00 | 80 -0.03743  1.59733e+01 | 81 -0.00454 -2.85838e+00
 82  0.00550 -2.27413e+01 | 83 -0.01614 -8.12855e+00 | 84 -0.01958  3.34644e+00
 85 -0.00361  4.82727e+00 | 86 -0.01010 -1.39735e+01 | 87  0.00616  3.21682e+00
 88 -0.02078 -1.70778e+01 | 89  0.03821 -1.32444e+01 | 90  0.02825 -1.05427e+01
 91 -0.01006 -2.46493e+01 | 92  0.03531 -1.31610e+01 | 93 -0.02707 -1.03460e+01
 94 -0.00183 -8.71828e+00 | 95  0.00022 -8.59055e+00 | 96  0.00022 -8.59127e+00
 97  0.79481 -1.28544e+00 | 98  0.22168 -4.06365e-01 |

Initial statistics: 100 variables; iteration 0; function evaluation 0; phase 3
Function value 2.2274396e+03; maximum gradient component mag 3.3053e+02
Var    Value     Gradient |Var    Value     Gradient |Var    Value     Gradient
  1  0.62810  3.30532e+02 |  2 -0.00837 -7.56115e+00 |  3 -0.01654 -1.50942e+01
  4 -0.02243 -1.74784e+01 |  5 -0.02059 -3.78482e+00 |  6  0.00906 -1.80198e+01
  7 -0.00608 -1.37038e+01 |  8  0.02169 -8.63315e+00 |  9 -0.01016 -1.24082e+01
 10  0.02942 -7.43960e+00 | 11  0.01127  1.43903e+01 | 12  0.00030 -1.07934e+01
 13 -0.03813 -1.22515e+01 | 14  0.00980 -7.62621e+00 | 15  0.01029 -5.97133e+00
 16 -0.00378 -6.64268e+00 | 17 -0.03032 -3.09058e+00 | 18  0.00959 -7.66279e+00
 19 -0.04374 -5.87621e+00 | 20 -0.01699 -1.90291e+01 | 21 -0.03865 -8.40438e+00
 22 -0.01943 -1.84225e+01 | 23 -0.01866  2.07772e-01 | 24  0.03985 -8.52148e+00
 25  0.01301 -1.06786e+01 | 26 -0.01094 -1.72043e+01 | 27  0.02494  4.77112e+00
 28  0.00412 -1.86064e+01 | 29  0.01610 -2.05952e+00 | 30  0.05729 -2.35383e+00
 31 -0.02294 -1.31268e+01 | 32  0.00187 -6.11158e+00 | 33 -0.00710 -6.80854e+00
 34 -0.00814 -1.47362e+01 | 35 -0.01923 -1.54473e+01 | 36 -0.02368 -7.55559e-01
 37  0.01918 -8.23875e-01 | 38  0.03160  4.78284e+00 | 39  0.00171 -1.26784e+00
 40 -0.03051 -1.31642e+01 | 41  0.01976  6.17694e-01 | 42 -0.01359 -1.18378e+01
 43  0.01659  6.82152e+00 | 44  0.03130  1.53730e+01 | 45  0.00202 -1.55574e+00
 46 -0.02515  7.33192e-01 | 47 -0.01380 -5.69207e+00 | 48  0.03144  1.16514e+01
 49  0.00972  3.86755e-01 | 50  0.01713 -5.40337e-01 | 51  0.03667 -6.19051e-01
 52 -0.00283  8.96124e+00 | 53  0.01321  4.87391e+00 | 54  0.00219  1.43140e+01
 55 -0.02130  2.67095e+01 | 56  0.02404  7.06551e+00 | 57 -0.01355  1.87533e+01
 58  0.03097  2.71851e+01 | 59  0.03309  9.28969e+00 | 60  0.03545  1.28651e+01
 61  0.00324  3.51659e+01 | 62  0.02286  1.00296e+01 | 63 -0.04447  4.27425e+01
 64 -0.02624  2.36438e+01 | 65 -0.03458  3.20926e+01 | 66 -0.02615  2.61884e+01
 67  0.00303  1.79332e+01 | 68 -0.01938  2.13129e+01 | 69  0.03879  2.09874e+01
 70  0.06700 -5.14872e+00 | 71 -0.05857  5.44878e+01 | 72 -0.01026  1.92563e+01
 73 -0.01020  2.41319e+01 | 74  0.02470 -3.94989e+00 | 75 -0.01491  2.74238e+00
 76  0.01455 -8.00549e+00 | 77  0.01854 -8.62595e+00 | 78  0.01111 -5.20466e+00
 79 -0.02966  9.62813e+00 | 80 -0.03743  1.58286e+01 | 81 -0.00454 -3.00333e+00
 82  0.00550 -2.28863e+01 | 83 -0.01615 -8.27346e+00 | 84 -0.01958  3.20156e+00
 85 -0.00362  4.68233e+00 | 86 -0.01011 -1.41184e+01 | 87  0.00616  3.07187e+00
 88 -0.02078 -1.72227e+01 | 89  0.03820 -1.33890e+01 | 90  0.02825 -1.06875e+01
 91 -0.01007 -2.47942e+01 | 92  0.03531 -1.33057e+01 | 93 -0.02707 -1.04908e+01
 94 -0.00183 -8.86324e+00 | 95  0.00022 -8.73550e+00 | 96  0.00022 -8.73622e+00
 97  0.79481 -1.28544e+00 | 98 -0.41581 -1.07288e+02 | 99  0.22168 -4.06365e-01
100 -0.25275  4.34965e+01 |

Intermediate statistics: 100 variables; iteration 20; function evaluation 23; phase 3
Function value 2.2265732e+03; maximum gradient component mag 7.7160e+01
Var    Value     Gradient |Var    Value     Gradient |Var    Value     Gradient
  1  0.62720  6.60142e+01 |  2 -0.00962 -2.86932e+00 |  3 -0.01395 -2.41952e+00
  4 -0.01891 -2.44300e+00 |  5 -0.02329 -2.87461e+00 |  6  0.01123 -3.66363e+00
  7 -0.00510 -3.24396e+00 |  8  0.02123 -3.01937e+00 |  9 -0.00975 -3.36844e+00
 10  0.02888 -3.05531e+00 | 11  0.00777  1.36902e+00 | 12  0.00019 -3.65812e+00
 13 -0.03787 -3.53802e+00 | 14  0.00942 -3.23304e+00 | 15  0.00988 -2.93177e+00
 16 -0.00406 -2.84326e+00 | 17 -0.03091 -1.71700e+00 | 18  0.00949 -2.96975e+00
 19 -0.04415 -2.23589e+00 | 20 -0.01651 -5.73865e+00 | 21 -0.03886 -2.85563e+00
 22 -0.01884 -5.20122e+00 | 23 -0.01944 -9.32120e-01 | 24  0.03988 -2.67824e+00
 25  0.01309 -3.85930e+00 | 26 -0.01028 -4.72459e+00 | 27  0.02442  2.18368e-01
 28  0.00480 -5.59774e+00 | 29  0.01585 -1.55686e+00 | 30  0.05722 -3.33734e+00
 31 -0.02242 -3.80034e+00 | 32  0.00185 -2.53142e+00 | 33 -0.00708 -2.60055e+00
 34 -0.00764 -4.61146e+00 | 35 -0.01856 -4.34351e+00 | 36 -0.02413 -1.05945e+00
 37  0.01913 -1.16332e+00 | 38  0.03143  7.45102e-02 | 39  0.00160 -1.33853e+00
 40 -0.02983 -3.69792e+00 | 41  0.01976 -6.02813e-01 | 42 -0.01302 -3.67703e+00
 43  0.01639  7.76345e-01 | 44  0.03099  2.20800e+00 | 45  0.00222 -1.53971e+00
 46 -0.02533 -6.58440e-01 | 47 -0.01335 -2.22031e+00 | 48  0.03151  1.50911e+00
 49  0.01009 -5.17706e-01 | 50  0.01764 -1.23237e-01 | 51  0.03714 -4.30903e+00
 52 -0.00285  1.40569e+00 | 53  0.01348 -1.34820e+00 | 54  0.00221  4.51245e+00
 55 -0.02218  6.41148e+00 | 56  0.02423 -5.44967e+00 | 57 -0.01403  2.80180e+00
 58  0.03051 -9.22114e+00 | 59  0.03370  1.22470e+01 | 60  0.03604  1.60120e+01
 61  0.00282  1.31010e+01 | 62  0.02284 -1.20881e+01 | 63 -0.04661  1.04081e+01
 64 -0.02683  4.14393e+00 | 65 -0.03568  7.51397e+00 | 66 -0.02691  5.86916e+00
 67  0.00301  5.17635e+00 | 68 -0.02004  3.34698e+00 | 69  0.03824 -2.44260e+01
 70  0.06772  2.04844e+00 | 71 -0.06286  1.19028e+01 | 72 -0.01044  7.13540e+00
 73 -0.01065  7.75623e+00 | 74  0.02520 -5.71549e-01 | 75 -0.01477  1.92201e+00
 76  0.01504 -3.85132e-01 | 77  0.01929  8.45667e+00 | 78  0.01139 -3.97348e+00
 79 -0.02999  2.09524e+00 | 80 -0.03815  3.67068e+00 | 81 -0.00425  1.03137e+00
 82  0.00613 -6.57654e+00 | 83 -0.01577 -3.22083e-01 | 84 -0.01967  1.34567e+00
 85 -0.00355  4.20277e+00 | 86 -0.00950 -1.81395e+00 | 87  0.00625  3.04971e+00
 88 -0.02005 -4.84922e+00 | 89  0.03880 -1.85181e+00 | 90  0.02870 -2.32290e+00
 91 -0.00813 -4.68389e+00 | 92  0.03579 -2.12713e+00 | 93 -0.02651 -1.83874e+00
 94 -0.00227 -2.58555e+00 | 95 -0.00051 -2.77557e+00 | 96 -0.00051 -2.77547e+00
 97  0.81743 -8.48545e+00 | 98 -0.41205  7.71600e+01 | 99  0.21899 -2.09947e+01
100 -0.25349  7.13545e+01 |
100 variables; iteration 40; function evaluation 46; phase 3
Function value 2.2264977e+03; maximum gradient component mag -7.1649e+00
Var    Value     Gradient |Var    Value     Gradient |Var    Value     Gradient
  1  0.62692  2.45269e-01 |  2 -0.00986 -8.49159e-01 |  3 -0.01388  2.32698e-01
  4 -0.01941 -1.09336e+00 |  5 -0.02270  9.53687e-01 |  6  0.01195  1.00279e+00
  7 -0.00466  5.05452e-01 |  8  0.02114 -1.28224e+00 |  9 -0.00987 -1.53447e+00
 10  0.02910  2.77480e-01 | 11  0.00706 -7.84857e-01 | 12  0.00052  3.42329e-01
 13 -0.03794 -1.68358e+00 | 14  0.00968  8.90723e-01 | 15  0.00994 -7.61129e-01
 16 -0.00398 -3.33549e-01 | 17 -0.03090  2.20410e-01 | 18  0.00962  2.53720e-01
 19 -0.04407  3.67217e-01 | 20 -0.01618  6.03687e-02 | 21 -0.03868  6.26364e-01
 22 -0.01867 -1.67380e+00 | 23 -0.01944  7.51354e-01 | 24  0.03999 -2.44994e-01
 25  0.01322 -8.46142e-01 | 26 -0.01010 -1.39136e+00 | 27  0.02437  1.95085e-01
 28  0.00517  2.31794e-01 | 29  0.01588 -2.58427e-01 | 30  0.05738  8.22292e-02
 31 -0.02213  2.99456e-01 | 32  0.00197  1.40671e-01 | 33 -0.00694  3.32552e-01
 34 -0.00734  2.97896e-01 | 35 -0.01836 -9.20885e-01 | 36 -0.02417 -2.61047e-02
 37  0.01921  2.67261e-01 | 38  0.03144 -1.01023e-01 | 39  0.00163 -1.87081e-01
 40 -0.02950  7.83022e-01 | 41  0.01979 -9.11089e-02 | 42 -0.01283 -5.30166e-01
 43  0.01637  2.40493e-01 | 44  0.03094  2.06271e-01 | 45  0.00227 -5.96428e-01
 46 -0.02541 -4.38116e-01 | 47 -0.01318  2.27918e-01 | 48  0.03146 -1.39762e+00
 49  0.01018  5.12742e-02 | 50  0.01766 -8.59129e-01 | 51  0.03761  6.46656e+00
 52 -0.00290 -7.05646e-02 | 53  0.01354 -2.09549e+00 | 54  0.00209 -1.17741e+00
 55 -0.02252 -5.75662e-01 | 56  0.02446 -1.92109e+00 | 57 -0.01411  3.65810e-01
 58  0.03090  4.56535e-01 | 59  0.03354 -4.89455e-01 | 60  0.03585  1.38471e+00
 61  0.00240 -8.32749e-01 | 62  0.02337  2.68293e+00 | 63 -0.04744 -5.25012e-01
 64 -0.02697  2.71816e-02 | 65 -0.03606 -2.50431e-01 | 66 -0.02713  5.52463e-01
 67  0.00307  3.01902e+00 | 68 -0.02013  1.54566e+00 | 69  0.03897 -1.37491e-03
 70  0.06786  2.92728e-03 | 71 -0.06417 -2.78243e-01 | 72 -0.01061  1.13709e+00
 73 -0.01085  1.14616e+00 | 74  0.02532 -8.55994e-01 | 75 -0.01483 -5.57233e-01
 76  0.01511 -6.34282e-01 | 77  0.01920  1.25718e+00 | 78  0.01158 -2.45823e-01
 79 -0.03005  6.97247e-01 | 80 -0.03836  9.29319e-01 | 81 -0.00411  3.71252e+00
 82  0.00632 -9.17131e-01 | 83 -0.01570  1.22062e+00 | 84 -0.01975  3.73299e-01
 85 -0.00362  2.20121e+00 | 86 -0.00938  1.83794e+00 | 87  0.00617  1.43125e+00
 88 -0.01992 -1.26110e+00 | 89  0.03864 -7.16491e+00 | 90  0.02877  2.52726e-01
 91 -0.00791 -1.47054e+00 | 92  0.03586 -3.05103e-02 | 93 -0.02645  9.82945e-02
 94 -0.00269 -7.77205e-01 | 95 -0.00133 -1.47159e+00 | 96 -0.00133 -1.47037e+00
 97  0.81506 -2.64465e-01 | 98 -0.41263 -1.13084e+00 | 99  0.21886  2.87793e-01
100 -0.25384  1.92853e+00 |
100 variables; iteration 60; function evaluation 74; phase 3
Function value 2.2264911e+03; maximum gradient component mag -1.5914e+00
Var    Value     Gradient |Var    Value     Gradient |Var    Value     Gradient
  1  0.62701 -5.51516e-01 |  2 -0.00952 -9.90958e-02 |  3 -0.01405 -6.93647e-02
  4 -0.01896 -7.93243e-03 |  5 -0.02300  3.31526e-01 |  6  0.01168  2.62338e-01
  7 -0.00490 -1.11357e-01 |  8  0.02137 -2.94154e-02 |  9 -0.00962 -4.57462e-01
 10  0.02900 -6.05557e-02 | 11  0.00711 -2.45574e-01 | 12  0.00040 -1.13598e-01
 13 -0.03772 -4.66493e-01 | 14  0.00955  2.07378e-02 | 15  0.00995 -2.00620e-01
 16 -0.00400 -1.65315e-01 | 17 -0.03094  1.58574e-01 | 18  0.00958  3.32162e-02
 19 -0.04408  5.21898e-01 | 20 -0.01623 -2.06125e-01 | 21 -0.03879 -6.74990e-02
 22 -0.01857 -2.24367e-01 | 23 -0.01953  1.37735e-01 | 24  0.03998  2.32066e-01
 25  0.01323 -2.62530e-01 | 26 -0.01004 -4.12991e-01 | 27  0.02433  5.33074e-02
 28  0.00514  1.87180e-01 | 29  0.01586 -7.00440e-02 | 30  0.05735  3.37653e-01
 31 -0.02211  7.62869e-01 | 32  0.00193  6.44974e-02 | 33 -0.00699  1.18791e-01
 34 -0.00738  1.88839e-01 | 35 -0.01832 -1.41456e-01 | 36 -0.02420 -7.68302e-02
 37  0.01917  1.49782e-01 | 38  0.03143  2.64405e-01 | 39  0.00161 -3.74440e-02
 40 -0.02966 -4.60153e-01 | 41  0.01976 -1.66598e-03 | 42 -0.01281  9.99807e-02
 43  0.01633  2.07443e-01 | 44  0.03093  6.52535e-01 | 45  0.00229  3.68433e-02
 46 -0.02539  2.41286e-02 | 47 -0.01321  2.21889e-01 | 48  0.03147 -5.79479e-01
 49  0.01015  1.16303e-01 | 50  0.01768 -5.36819e-02 | 51  0.03740  1.04404e+00
 52 -0.00291  1.94493e-01 | 53  0.01355 -1.11761e+00 | 54  0.00208 -5.63328e-01
 55 -0.02254 -2.86530e-01 | 56  0.02447 -4.61846e-01 | 57 -0.01415  1.23809e-01
 58  0.03086  7.88236e-02 | 59  0.03352 -1.47540e-01 | 60  0.03579  2.51201e-01
 61  0.00239 -4.47020e-01 | 62  0.02328  6.25304e-01 | 63 -0.04742 -5.26852e-02
 64 -0.02701 -6.62730e-02 | 65 -0.03608 -1.01618e-01 | 66 -0.02718  7.37173e-02
 67  0.00296  5.43384e-01 | 68 -0.02022  3.29868e-01 | 69  0.03895  7.17390e-02
 70  0.06783 -3.47169e-02 | 71 -0.06418 -1.64277e-01 | 72 -0.01068  7.55954e-02
 73 -0.01091  3.08795e-01 | 74  0.02531 -2.12664e-01 | 75 -0.01482  8.02233e-02
 76  0.01510 -2.57379e-01 | 77  0.01915  2.64703e-01 | 78  0.01157 -6.17633e-02
 79 -0.03010  1.25344e-01 | 80 -0.03841  4.63271e-01 | 81 -0.00423  9.37350e-01
 82  0.00631 -4.24692e-01 | 83 -0.01576  4.70765e-01 | 84 -0.01978  3.57481e-01
 85 -0.00372 -1.04240e-01 | 86 -0.00945  3.77878e-01 | 87  0.00611  1.65340e-02
 88 -0.01986 -6.85460e-02 | 89  0.03882 -1.59143e+00 | 90  0.02875  1.38369e-01
 91 -0.00776 -3.10806e-01 | 92  0.03586 -9.02744e-02 | 93 -0.02643  1.33924e-01
 94 -0.00253 -5.03031e-01 | 95 -0.00054 -2.14025e-01 | 96 -0.00054 -2.13779e-01
 97  0.81535 -2.29839e-01 | 98 -0.41259  8.13035e-01 | 99  0.21868  2.42328e-02
100 -0.25391  2.14959e-01 |

 - final statistics:
100 variables; iteration 73; function evaluation 92
Function value 2.2265e+03; maximum gradient component mag -9.9304e-01
Exit code = 1;  converg criter 1.0000e+00
Var    Value     Gradient |Var    Value     Gradient |Var    Value     Gradient
  1  0.62702 -3.71338e-01 |  2 -0.00948 -1.87913e-02 |  3 -0.01402  5.34853e-03
  4 -0.01898 -5.62918e-02 |  5 -0.02308  1.62030e-01 |  6  0.01166  2.17031e-01
  7 -0.00491 -1.35349e-01 |  8  0.02136 -1.76948e-02 |  9 -0.00957 -2.42820e-01
 10  0.02900  1.40217e-02 | 11  0.00712 -9.74676e-02 | 12  0.00041  2.23955e-03
 13 -0.03768 -2.50292e-01 | 14  0.00955  7.00693e-02 | 15  0.00993 -2.96481e-01
 16 -0.00400 -2.07738e-01 | 17 -0.03098 -1.56047e-01 | 18  0.00957 -9.42318e-02
 19 -0.04413  1.42397e-01 | 20 -0.01621 -4.63841e-03 | 21 -0.03880 -1.87501e-01
 22 -0.01857 -1.73402e-01 | 23 -0.01955  6.80267e-03 | 24  0.03997  1.67369e-01
 25  0.01324 -7.72107e-02 | 26 -0.01002 -1.19767e-01 | 27  0.02433  1.61303e-01
 28  0.00513  7.74591e-02 | 29  0.01584 -2.59153e-01 | 30  0.05735  2.32820e-01
 31 -0.02213  6.27393e-01 | 32  0.00193  5.97295e-02 | 33 -0.00699  7.87251e-02
 34 -0.00739  9.05588e-02 | 35 -0.01832 -1.24331e-01 | 36 -0.02420 -2.51834e-02
 37  0.01917  1.71467e-01 | 38  0.03142  1.55934e-01 | 39  0.00161 -3.27959e-02
 40 -0.02964 -2.53866e-01 | 41  0.01976 -3.53238e-03 | 42 -0.01280  1.80265e-01
 43  0.01633  2.34960e-01 | 44  0.03092  6.12349e-01 | 45  0.00229  1.02529e-01
 46 -0.02540 -6.62871e-02 | 47 -0.01322  1.43540e-01 | 48  0.03147 -3.47343e-01
 49  0.01015  7.25299e-02 | 50  0.01769  1.16036e-01 | 51  0.03738  6.17581e-01
 52 -0.00292 -6.86846e-02 | 53  0.01356 -6.41497e-01 | 54  0.00208 -3.15087e-01
 55 -0.02253 -2.08528e-01 | 56  0.02447 -2.45844e-01 | 57 -0.01417 -7.80842e-02
 58  0.03086  7.25953e-02 | 59  0.03352 -7.26131e-02 | 60  0.03578  1.66883e-01
 61  0.00240 -2.42070e-01 | 62  0.02327  3.91706e-01 | 63 -0.04742  3.25383e-03
 64 -0.02701 -1.00509e-02 | 65 -0.03608 -2.71404e-02 | 66 -0.02718  8.96635e-02
 67  0.00296  3.44061e-01 | 68 -0.02022  3.06995e-01 | 69  0.03894  5.73875e-02
 70  0.06783 -4.68079e-03 | 71 -0.06417 -5.34148e-02 | 72 -0.01067  2.25722e-01
 73 -0.01092  1.68433e-01 | 74  0.02531 -9.28094e-02 | 75 -0.01483 -8.41464e-02
 76  0.01510 -1.20424e-01 | 77  0.01914  1.75660e-01 | 78  0.01157 -2.11577e-03
 79 -0.03011 -3.01126e-02 | 80 -0.03843  1.13915e-01 | 81 -0.00424  5.98356e-01
 82  0.00631 -2.39571e-01 | 83 -0.01577  2.54270e-01 | 84 -0.01978  2.85848e-01
 85 -0.00372 -1.77035e-02 | 86 -0.00947 -1.25051e-02 | 87  0.00611  2.79734e-02
 88 -0.01986 -3.42565e-02 | 89  0.03884 -9.93042e-01 | 90  0.02874 -6.10094e-02
 91 -0.00775 -2.33217e-01 | 92  0.03586 -7.36431e-02 | 93 -0.02645  5.87343e-02
 94 -0.00241 -3.18131e-01 | 95 -0.00048 -1.24084e-01 | 96 -0.00048 -1.23927e-01
 97  0.81539 -1.43771e-01 | 98 -0.41258  4.99378e-01 | 99  0.21868  3.79838e-02
100 -0.25391  1.42641e-01 |

Initial statistics: 108 variables; iteration 0; function evaluation 0; phase 4
Function value 2.2264908e+03; maximum gradient component mag 5.2968e+01
Var    Value     Gradient |Var    Value     Gradient |Var    Value     Gradient
  1 -0.42263 -2.50651e+01 |  2 -0.42263  4.47759e+01 |  3 -0.41094  5.29676e+01
  4  0.62702 -3.71338e-01 |  5  0.00000  3.91557e+00 |  6  0.00000  4.39325e+00
  7  0.00000 -6.85958e+00 |  8  0.00000  1.78025e+01 |  9  0.00000 -2.18259e+01
 10 -0.00948 -1.97196e-02 | 11 -0.01402  4.42037e-03 | 12 -0.01898 -5.72198e-02
 13 -0.02308  1.61102e-01 | 14  0.01166  2.16102e-01 | 15 -0.00491 -1.36277e-01
 16  0.02136 -1.86227e-02 | 17 -0.00957 -2.43748e-01 | 18  0.02900  1.30943e-02
 19  0.00712 -9.83959e-02 | 20  0.00041  1.31117e-03 | 21 -0.03768 -2.51218e-01
 22  0.00955  6.91410e-02 | 23  0.00993 -2.97410e-01 | 24 -0.00400 -2.08667e-01
 25 -0.03098 -1.56974e-01 | 26  0.00957 -9.51600e-02 | 27 -0.04413  1.41471e-01
 28 -0.01621 -5.56649e-03 | 29 -0.03881 -1.88428e-01 | 30 -0.01857 -1.74330e-01
 31 -0.01955  5.87472e-03 | 32  0.03997  1.66442e-01 | 33  0.01324 -7.81389e-02
 34 -0.01002 -1.20695e-01 | 35  0.02433  1.60375e-01 | 36  0.00513  7.65307e-02
 37  0.01584 -2.60081e-01 | 38  0.05735  2.31895e-01 | 39 -0.02213  6.26465e-01
 40  0.00193  5.88011e-02 | 41 -0.00699  7.77968e-02 | 42 -0.00739  8.96305e-02
 43 -0.01832 -1.25259e-01 | 44 -0.02420 -2.61111e-02 | 45  0.01917  1.70539e-01
 46  0.03142  1.55007e-01 | 47  0.00161 -3.37242e-02 | 48 -0.02964 -2.54794e-01
 49  0.01976 -4.46032e-03 | 50 -0.01280  1.79337e-01 | 51  0.01633  2.34032e-01
 52  0.03092  6.11422e-01 | 53  0.00229  1.01601e-01 | 54 -0.02540 -6.72148e-02
 55 -0.01322  1.42612e-01 | 56  0.03147 -3.48270e-01 | 57  0.01015  7.16016e-02
 58  0.01769  1.15108e-01 | 59  0.03738  6.16654e-01 | 60 -0.00292 -6.96130e-02
 61  0.01356 -6.42425e-01 | 62  0.00208 -3.16016e-01 | 63 -0.02253 -2.09456e-01
 64  0.02447 -2.46771e-01 | 65 -0.01417 -7.90124e-02 | 66  0.03086  7.16680e-02
 67  0.03352 -7.35402e-02 | 68  0.03578  1.65956e-01 | 69  0.00240 -2.42999e-01
 70  0.02327  3.90778e-01 | 71 -0.04742  2.32802e-03 | 72 -0.02701 -1.09785e-02
 73 -0.03608 -2.80673e-02 | 74 -0.02718  8.87360e-02 | 75  0.00296  3.43133e-01
 76 -0.02022  3.06067e-01 | 77  0.03894  5.64608e-02 | 78  0.06783 -5.60391e-03
 79 -0.06417 -5.43385e-02 | 80 -0.01067  2.24794e-01 | 81 -0.01092  1.67504e-01
 82  0.02531 -9.37370e-02 | 83 -0.01483 -8.50746e-02 | 84  0.01510 -1.21352e-01
 85  0.01914  1.74732e-01 | 86  0.01157 -3.04400e-03 | 87 -0.03011 -3.10399e-02
 88 -0.03843  1.12988e-01 | 89 -0.00424  5.97428e-01 | 90  0.00631 -2.40499e-01
 91 -0.01577  2.53342e-01 | 92 -0.01978  2.84920e-01 | 93 -0.00372 -1.86319e-02
 94 -0.00947 -1.34333e-02 | 95  0.00611  2.70450e-02 | 96 -0.01986 -3.51844e-02
 97  0.03884 -9.93969e-01 | 98  0.02874 -6.19368e-02 | 99 -0.00775 -2.34145e-01
100  0.03586 -7.45700e-02 |101 -0.02645  5.78068e-02 |102 -0.00241 -3.19060e-01
103 -0.00048 -1.25012e-01 |104 -0.00048 -1.24856e-01 |105  0.81539 -1.43771e-01
106 -0.41258  4.99378e-01 |107  0.21868  3.79838e-02 |108 -0.25391  1.42641e-01

Intermediate statistics: 108 variables; iteration 20; function evaluation 25; phase 4
Function value 2.2260412e+03; maximum gradient component mag 2.3319e+02
Var    Value     Gradient |Var    Value     Gradient |Var    Value     Gradient
  1 -0.40644  4.23438e+00 |  2 -0.42166 -3.17258e+01 |  3 -0.41665  1.83671e+01
  4  0.62703 -7.54056e+00 |  5 -0.00070  2.82973e+00 |  6 -0.00116  2.57461e+00
  7  0.00156 -4.12870e+00 |  8 -0.00358  1.14579e+01 |  9  0.00325 -1.52194e+01
 10 -0.00971  1.64183e-01 | 11 -0.01426  1.73305e-01 | 12 -0.01923  1.21635e-01
 13 -0.02335  2.88542e-01 | 14  0.01133  3.26813e-01 | 15 -0.00520  2.69606e-02
 16  0.02106  2.01307e-01 | 17 -0.00982 -1.29476e-02 | 18  0.02882  7.66240e-01
 19  0.00698  5.56970e-01 | 20  0.00032  8.61024e-01 | 21 -0.03777  2.97535e-01
 22  0.00944  8.38915e-01 | 23  0.00985  8.77436e-01 | 24 -0.00407  9.85184e-01
 25 -0.03103  8.80476e-01 | 26  0.00960  3.26151e+00 | 27 -0.04417  8.12554e-01
 28 -0.01626  3.37650e-01 | 29 -0.03878  4.09810e-01 | 30 -0.01854  1.22062e-01
 31 -0.01952  5.77819e-01 | 32  0.04025  6.94325e+00 | 33  0.01329  1.78569e+00
 34 -0.01003  2.78599e-01 | 35  0.02447  2.51443e+00 | 36  0.00514  7.54462e-01
 37  0.01587  8.11451e-01 | 38  0.05772  1.08110e+01 | 39 -0.02219  1.32837e+00
 40  0.00187  1.27899e+00 | 41 -0.00699  5.70825e-01 | 42 -0.00734  1.90133e-01
 43 -0.01829  8.04625e-02 | 44 -0.02414  2.89911e-01 | 45  0.01933  1.99920e+00
 46  0.03156  3.54664e+00 | 47  0.00169  1.47222e+00 | 48 -0.02961  3.62838e-01
 49  0.01993  2.63748e+00 | 50 -0.01271  4.78770e-01 | 51  0.01652  2.34613e+00
 52  0.03128  6.37374e+00 | 53  0.00245  1.87696e+00 | 54 -0.02530  6.06596e-01
 55 -0.01300  8.66153e-01 | 56  0.03159 -1.69165e+00 | 57  0.01041  1.99700e+00
 58  0.01790  2.15175e+00 | 59  0.03757  1.64302e+00 | 60 -0.00282 -4.48544e-01
 61  0.01352 -4.93256e+00 | 62  0.00211 -2.95811e+00 | 63 -0.02266 -1.70207e+00
 64  0.02453 -3.28217e+00 | 65 -0.01404  9.68678e-01 | 66  0.03099 -9.05024e-01
 67  0.03364  3.73241e+00 | 68  0.03588  6.46196e-01 | 69  0.00248  1.15900e+00
 70  0.02333 -1.31417e+00 | 71 -0.04738  6.63290e-01 | 72 -0.02697 -6.24907e-01
 73 -0.03604 -6.52368e-01 | 74 -0.02733 -5.65020e+00 | 75  0.00303 -1.28555e+00
 76 -0.02023 -3.34483e+00 | 77  0.03879 -6.72032e+00 | 78  0.06775 -2.07359e+01
 79 -0.06417 -2.41338e-02 | 80 -0.01094 -5.72093e+00 | 81 -0.01086 -3.32482e-01
 82  0.02538 -3.72129e+00 | 83 -0.01478  3.33792e-01 | 84  0.01518 -3.50213e+00
 85  0.01917 -9.10089e-01 | 86  0.01165 -4.06352e-02 | 87 -0.03006  1.50822e+00
 88 -0.03845 -3.27948e-01 | 89 -0.00422  5.57052e-01 | 90  0.00627 -4.80181e+00
 91 -0.01560  4.89719e+00 | 92 -0.01961  2.83699e+00 | 93 -0.00393 -2.89617e+00
 94 -0.00948 -3.78529e-01 | 95  0.00604  1.88252e+00 | 96 -0.01996 -9.78011e-01
 97  0.03812 -1.29302e+01 | 98  0.02880  2.66036e+00 | 99 -0.00777  3.82627e+00
100  0.03603  5.71409e+00 |101 -0.02634  3.31846e+00 |102 -0.00278  1.62295e-01
103 -0.00046  2.71180e-01 |104 -0.00046  2.71287e-01 |105  0.81772  1.22957e+01
106 -0.41277 -7.85490e+01 |107  0.21943 -7.35867e+01 |108 -0.25357  2.33188e+02
108 variables; iteration 40; function evaluation 50; phase 4
Function value 2.2257635e+03; maximum gradient component mag 5.6770e+01
Var    Value     Gradient |Var    Value     Gradient |Var    Value     Gradient
  1 -0.39754  4.99282e+00 |  2 -0.42100 -1.81534e+00 |  3 -0.41997  1.25633e+01
  4  0.62689 -5.71855e+00 |  5  0.00114  8.05319e+00 |  6 -0.00082  3.50453e+00
  7  0.00231 -2.45674e+00 |  8 -0.00756  4.57811e+00 |  9  0.01108  8.09810e-01
 10 -0.00954  7.39342e-01 | 11 -0.01429  3.08123e-01 | 12 -0.01950 -3.30034e-01
 13 -0.02376 -4.97844e-01 | 14  0.01069 -1.38880e+00 | 15 -0.00731 -6.25134e+00
 16  0.02239  6.68773e+00 | 17 -0.00986  1.00756e-01 | 18  0.02915  3.36505e+00
 19  0.00671 -8.60366e-01 | 20  0.00023  1.83787e-01 | 21 -0.03686  4.29791e+00
 22  0.00925 -1.63734e+00 | 23  0.00985 -1.50795e-01 | 24 -0.00424 -1.81307e+00
 25 -0.03067  3.35226e+00 | 26  0.00969  3.80728e+00 | 27 -0.04413  5.16360e-01
 28 -0.01626 -8.81734e-01 | 29 -0.03864  4.26679e-01 | 30 -0.01888 -5.21054e+00
 31 -0.01975 -2.99537e+00 | 32  0.03980 -5.42110e+00 | 33  0.01367  6.71962e+00
 34 -0.00991  1.23046e+00 | 35  0.02453  2.86063e+00 | 36  0.00514  1.38541e-01
 37  0.01594  7.46663e-01 | 38  0.05755  3.63297e+00 | 39 -0.02303 -6.34945e+00
 40  0.00175 -8.13299e-01 | 41 -0.00672  3.09013e+00 | 42 -0.00716  1.65629e+00
 43 -0.01838 -1.61157e+00 | 44 -0.02435 -2.49306e+00 | 45  0.01946  2.53566e+00
 46  0.03152  1.63342e+00 | 47  0.00136 -3.67714e+00 | 48 -0.02951  7.39960e-01
 49  0.01959 -4.63056e+00 | 50 -0.01245  2.72381e+00 | 51  0.01671  4.35932e+00
 52  0.03128  4.49284e+00 | 53  0.00248  1.19948e+00 | 54 -0.02530 -1.68994e-01
 55 -0.01315 -2.24096e+00 | 56  0.03181  2.15827e-01 | 57  0.01023 -2.84639e+00
 58  0.01804  3.21098e+00 | 59  0.03772  4.11908e+00 | 60 -0.00278 -3.46791e-01
 61  0.01372  3.98839e-01 | 62  0.00224 -1.13323e+00 | 63 -0.02271 -3.98598e+00
 64  0.02476  2.88080e+00 | 65 -0.01387  1.76980e+00 | 66  0.03119  5.20303e+00
 67  0.03356 -3.29952e+00 | 68  0.03591  1.66915e+00 | 69  0.00259  2.22229e+00
 70  0.02342  1.54410e+00 | 71 -0.04755 -2.17976e+00 | 72 -0.02698 -3.54461e-01
 73 -0.03601 -1.39438e+00 | 74 -0.02729 -4.62239e+00 | 75  0.00309 -3.05491e+00
 76 -0.02007  2.25300e-02 | 77  0.03901  5.46349e-01 | 78  0.06804 -4.20963e+00
 79 -0.06427 -1.33267e+00 | 80 -0.01094 -4.23171e+00 | 81 -0.01071  1.25960e+00
 82  0.02563  5.60727e+00 | 83 -0.01472  1.34613e-01 | 84  0.01507 -8.05960e+00
 85  0.01939  3.52403e+00 | 86  0.01171  1.56309e+00 | 87 -0.03026 -3.30196e+00
 88 -0.03864 -3.28771e+00 | 89 -0.00405  2.07987e+00 | 90  0.00660  4.00822e+00
 91 -0.01583 -2.96531e+00 | 92 -0.01966  7.93611e-02 | 93 -0.00387 -5.00161e+00
 94 -0.00950 -1.76783e+00 | 95  0.00627  3.82279e+00 | 96 -0.01985  9.91529e-01
 97  0.03866 -8.10259e-01 | 98  0.02903  6.18867e+00 | 99 -0.00806 -9.03658e-01
100  0.03530 -4.36430e+00 |101 -0.02566  2.93378e+00 |102 -0.00387 -1.68027e+00
103 -0.00038  3.30651e-01 |104 -0.00038  3.31204e-01 |105  0.81727  1.39115e+00
106 -0.41283 -9.33625e+00 |107  0.21985 -1.86042e+01 |108 -0.25479  5.67695e+01
108 variables; iteration 60; function evaluation 77; phase 4
Function value 2.2256967e+03; maximum gradient component mag -5.9018e+00
Var    Value     Gradient |Var    Value     Gradient |Var    Value     Gradient
  1 -0.39590  4.29956e-01 |  2 -0.42080 -5.90176e+00 |  3 -0.42080  3.09632e-02
  4  0.62694 -3.02799e+00 |  5 -0.00189  2.94108e-01 |  6 -0.00275 -5.56766e-02
  7  0.00317 -1.43227e+00 |  8 -0.00989  1.85559e-01 |  9  0.01084  6.96923e-02
 10 -0.01024 -9.89173e-01 | 11 -0.01488 -1.21362e+00 | 12 -0.01982 -1.26363e+00
 13 -0.02388 -1.00104e+00 | 14  0.01092 -8.72126e-01 | 15 -0.00570 -1.46158e+00
 16  0.02117  9.49704e-01 | 17 -0.01000 -6.30109e-01 | 18  0.02889  1.43705e+00
 19  0.00692  1.65325e-01 | 20  0.00014 -5.70532e-01 | 21 -0.03776 -5.28114e-02
 22  0.00965  2.10406e+00 | 23  0.00979 -6.23351e-01 | 24 -0.00410 -6.02766e-02
 25 -0.03104  3.86502e-01 | 26  0.00950  1.35450e+00 | 27 -0.04418  3.17633e-01
 28 -0.01618  7.16933e-01 | 29 -0.03868  5.29652e-01 | 30 -0.01867 -2.36878e+00
 31 -0.01935  1.33922e+00 | 32  0.03997 -9.28199e-01 | 33  0.01316 -7.47317e-01
 34 -0.01005 -4.15631e-01 | 35  0.02428 -1.46254e+00 | 36  0.00510 -3.76999e-01
 37  0.01585 -3.89547e-01 | 38  0.05744  1.31806e+00 | 39 -0.02246 -1.53688e+00
 40  0.00170 -1.03423e+00 | 41 -0.00687  1.34569e+00 | 42 -0.00730 -2.50568e-01
 43 -0.01838 -1.71776e+00 | 44 -0.02401  5.29279e-01 | 45  0.01924 -1.50857e+00
 46  0.03149  8.51352e-01 | 47  0.00173  1.27165e+00 | 48 -0.02966 -5.87329e-01
 49  0.01988  7.91311e-01 | 50 -0.01266 -8.31115e-02 | 51  0.01658  1.84515e+00
 52  0.03110  5.27093e-01 | 53  0.00246  7.85103e-01 | 54 -0.02534 -6.84273e-01
 55 -0.01314 -2.46784e+00 | 56  0.03179 -8.66925e-01 | 57  0.01015 -4.56649e+00
 58  0.01790 -1.03598e-01 | 59  0.03765  1.56771e+00 | 60 -0.00269  1.23294e+00
 61  0.01359 -2.52774e+00 | 62  0.00231  7.89208e-01 | 63 -0.02257 -1.90192e+00
 64  0.02467  4.23970e-01 | 65 -0.01393 -2.35642e-02 | 66  0.03106  7.54979e-01
 67  0.03365 -5.41425e-01 | 68  0.03583 -2.57740e-01 | 69  0.00273  5.79859e+00
 70  0.02333 -4.57124e-01 | 71 -0.04731  1.01101e+00 | 72 -0.02707 -1.39346e+00
 73 -0.03597 -4.03843e-01 | 74 -0.02707  3.71173e-01 | 75  0.00312 -1.65574e+00
 76 -0.02013 -5.32857e-01 | 77  0.03899 -1.20579e-01 | 78  0.06804 -7.91505e-01
 79 -0.06409  5.78259e-01 | 80 -0.01074  8.31623e-01 | 81 -0.01073  1.03566e+00
 82  0.02545  2.87454e-01 | 83 -0.01468  1.09824e+00 | 84  0.01522 -1.71102e+00
 85  0.01930  4.67815e-01 | 86  0.01161 -4.96721e-01 | 87 -0.02996  2.27689e+00
 88 -0.03845  3.25184e-01 | 89 -0.00396  4.16249e+00 | 90  0.00644 -8.06700e-01
 91 -0.01566  1.54361e-01 | 92 -0.01957  2.32211e+00 | 93 -0.00363  1.32780e-01
 94 -0.00958 -3.73542e+00 | 95  0.00624  1.58044e+00 | 96 -0.01986  3.92074e-01
 97  0.03881  6.25655e-01 | 98  0.02885  1.49715e+00 | 99 -0.00782 -1.67862e-02
100  0.03577 -3.48706e-01 |101 -0.02647 -2.59760e-01 |102 -0.00231  5.75022e-01
103 -0.00038  1.56418e-01 |104 -0.00038  1.55992e-01 |105  0.81717 -3.14934e-01
106 -0.41285  5.54890e-01 |107  0.21999 -2.06045e+00 |108 -0.25509  4.64041e+00
Maximum number of function evaluations exceeded

 - final statistics:
108 variables; iteration 79; function evaluation 100
Function value 2.2257e+03; maximum gradient component mag 1.9222e+00
Exit code = 3;  converg criter 1.0000e+00
Var    Value     Gradient |Var    Value     Gradient |Var    Value     Gradient
  1 -0.39576  1.26381e-01 |  2 -0.42079 -1.86725e+00 |  3 -0.42086  2.19360e-02
  4  0.62698 -1.00125e+00 |  5 -0.00190  3.92495e-01 |  6 -0.00302 -4.69610e-01
  7  0.00361 -6.58282e-01 |  8 -0.01000  1.47176e-02 |  9  0.01079  3.11486e-02
 10 -0.01002 -5.46037e-01 | 11 -0.01440 -1.89669e-01 | 12 -0.01923  5.87352e-02
 13 -0.02345  5.81349e-03 | 14  0.01089 -9.11814e-01 | 15 -0.00536 -3.62365e-01
 16  0.02103  4.61791e-01 | 17 -0.00972  4.99494e-01 | 18  0.02873  5.70194e-01
 19  0.00699  7.02961e-01 | 20  0.00013 -4.68133e-01 | 21 -0.03778 -9.96062e-02
 22  0.00948  6.16998e-01 | 23  0.00980 -3.28875e-01 | 24 -0.00413 -3.58895e-01
 25 -0.03107  1.32676e-01 | 26  0.00945  6.05828e-01 | 27 -0.04424 -1.91374e-01
 28 -0.01622  2.93684e-01 | 29 -0.03875 -5.25518e-02 | 30 -0.01854 -8.09988e-01
 31 -0.01944  5.05415e-01 | 32  0.03999 -1.97750e-01 | 33  0.01319 -2.35228e-01
 34 -0.01003 -1.34152e-01 | 35  0.02430 -9.14314e-01 | 36  0.00511 -2.19133e-01
 37  0.01585 -3.34191e-01 | 38  0.05739  5.10500e-01 | 39 -0.02233 -3.50848e-01
 40  0.00171 -6.80171e-01 | 41 -0.00695  4.99796e-01 | 42 -0.00728  2.67843e-01
 43 -0.01828 -5.52231e-01 | 44 -0.02405  3.17845e-01 | 45  0.01927 -7.83407e-01
 46  0.03145  5.42913e-01 | 47  0.00165  4.92317e-01 | 48 -0.02961  1.37626e-02
 49  0.01983  3.18753e-01 | 50 -0.01268 -7.33358e-02 | 51  0.01647  2.60784e-01
 52  0.03108  4.07446e-01 | 53  0.00241  3.70456e-01 | 54 -0.02530 -1.47433e-01
 55 -0.01298 -3.65018e-01 | 56  0.03178 -2.54153e-01 | 57  0.01032 -1.41401e+00
 58  0.01788  9.17323e-02 | 59  0.03759  5.85525e-01 | 60 -0.00278  8.96274e-04
 61  0.01363 -7.97464e-01 | 62  0.00228  4.96752e-01 | 63 -0.02252 -8.20873e-01
 64  0.02465  1.53820e-01 | 65 -0.01392  3.58530e-01 | 66  0.03103  2.39908e-01
 67  0.03365 -1.29785e-01 | 68  0.03582 -6.60524e-02 | 69  0.00256  1.92218e+00
 70  0.02333 -1.17171e-01 | 71 -0.04738  2.67794e-01 | 72 -0.02704 -6.32376e-01
 73 -0.03597 -2.72786e-01 | 74 -0.02710  7.63376e-02 | 75  0.00316 -4.32107e-01
 76 -0.02014 -5.78297e-01 | 77  0.03898  1.03552e-02 | 78  0.06804 -2.16208e-01
 79 -0.06413  2.49170e-01 | 80 -0.01076  7.36168e-01 | 81 -0.01077  4.62486e-01
 82  0.02544  1.00663e-01 | 83 -0.01472  4.96492e-01 | 84  0.01525 -4.76110e-01
 85  0.01928  1.79155e-01 | 86  0.01162 -6.79232e-02 | 87 -0.03008  2.08228e-01
 88 -0.03847  5.12603e-02 | 89 -0.00406  1.48370e+00 | 90  0.00645 -2.58552e-01
 91 -0.01568  5.16658e-02 | 92 -0.01965  7.50669e-01 | 93 -0.00365  8.17100e-02
 94 -0.00948 -1.10435e+00 | 95  0.00617  4.23176e-01 | 96 -0.01989  1.84726e-01
 97  0.03878  1.87456e-01 | 98  0.02877  2.06302e-01 | 99 -0.00785 -1.43560e-01
100  0.03579 -8.40751e-02 |101 -0.02666 -8.37429e-01 |102 -0.00263  1.42659e-02
103 -0.00058 -2.07113e-01 |104 -0.00057 -2.06016e-01 |105  0.81726 -7.47989e-02
106 -0.41283  1.68745e-01 |107  0.22010 -5.69316e-01 |108 -0.25506  1.45336e+00

Initial statistics: 110 variables; iteration 0; function evaluation 0; phase 5
Function value 2.2256903e+03; maximum gradient component mag 4.9253e+01
Var    Value     Gradient |Var    Value     Gradient |Var    Value     Gradient
  1 -0.39576  1.26381e-01 |  2 -0.42079 -1.86725e+00 |  3 -0.42086  2.19360e-02
  4 -0.41222  9.37346e+00 |  5 -0.41222  4.92529e+01 |  6  0.62698 -1.00125e+00
  7 -0.00190  3.92495e-01 |  8 -0.00302 -4.69610e-01 |  9  0.00361 -6.58282e-01
 10 -0.01000  1.47176e-02 | 11  0.01079  3.11486e-02 | 12 -0.01002 -5.47155e-01
 13 -0.01440 -1.90786e-01 | 14 -0.01923  5.76181e-02 | 15 -0.02345  4.69660e-03
 16  0.01089 -9.12932e-01 | 17 -0.00536 -3.63483e-01 | 18  0.02103  4.60674e-01
 19 -0.00972  4.98376e-01 | 20  0.02873  5.69077e-01 | 21  0.00699  7.01843e-01
 22  0.00013 -4.69250e-01 | 23 -0.03778 -1.00722e-01 | 24  0.00948  6.15880e-01
 25  0.00980 -3.29992e-01 | 26 -0.00413 -3.60013e-01 | 27 -0.03107  1.31560e-01
 28  0.00945  6.04711e-01 | 29 -0.04424 -1.92489e-01 | 30 -0.01622  2.92567e-01
 31 -0.03875 -5.36674e-02 | 32 -0.01854 -8.11105e-01 | 33 -0.01944  5.04297e-01
 34  0.03999 -1.98865e-01 | 35  0.01319 -2.36346e-01 | 36 -0.01003 -1.35270e-01
 37  0.02430 -9.15431e-01 | 38  0.00511 -2.20250e-01 | 39  0.01585 -3.35308e-01
 40  0.05739  5.09387e-01 | 41 -0.02233 -3.51965e-01 | 42  0.00171 -6.81289e-01
 43 -0.00695  4.98678e-01 | 44 -0.00728  2.66725e-01 | 45 -0.01828 -5.53348e-01
 46 -0.02405  3.16728e-01 | 47  0.01927 -7.84524e-01 | 48  0.03145  5.41797e-01
 49  0.00165  4.91200e-01 | 50 -0.02961  1.26462e-02 | 51  0.01983  3.17636e-01
 52 -0.01268 -7.44533e-02 | 53  0.01647  2.59667e-01 | 54  0.03108  4.06330e-01
 55  0.00241  3.69338e-01 | 56 -0.02530 -1.48550e-01 | 57 -0.01298 -3.66135e-01
 58  0.03178 -2.55269e-01 | 59  0.01032 -1.41513e+00 | 60  0.01788  9.06151e-02
 61  0.03759  5.84410e-01 | 62 -0.00278 -2.21363e-04 | 63  0.01363 -7.98581e-01
 64  0.00228  4.95634e-01 | 65 -0.02252 -8.21990e-01 | 66  0.02465  1.52703e-01
 67 -0.01392  3.57413e-01 | 68  0.03103  2.38791e-01 | 69  0.03365 -1.30901e-01
 70  0.03582 -6.71682e-02 | 71  0.00256  1.92106e+00 | 72  0.02333 -1.18288e-01
 73 -0.04738  2.66679e-01 | 74 -0.02704 -6.33493e-01 | 75 -0.03597 -2.73901e-01
 76 -0.02710  7.52209e-02 | 77  0.00316 -4.33224e-01 | 78 -0.02014 -5.79414e-01
 79  0.03898  9.23961e-03 | 80  0.06804 -2.17319e-01 | 81 -0.06413  2.48059e-01
 82 -0.01076  7.35051e-01 | 83 -0.01077  4.61368e-01 | 84  0.02544  9.95459e-02
 85 -0.01472  4.95375e-01 | 86  0.01525 -4.77228e-01 | 87  0.01928  1.78038e-01
 88  0.01162 -6.90407e-02 | 89 -0.03008  2.07112e-01 | 90 -0.03847  5.01447e-02
 91 -0.00406  1.48259e+00 | 92  0.00645 -2.59669e-01 | 93 -0.01568  5.05485e-02
 94 -0.01965  7.49552e-01 | 95 -0.00365  8.05923e-02 | 96 -0.00948 -1.10547e+00
 97  0.00617  4.22058e-01 | 98 -0.01989  1.83609e-01 | 99  0.03878  1.86340e-01
100  0.02877  2.05186e-01 |101 -0.00785 -1.44678e-01 |102  0.03579 -8.51910e-02
103 -0.02666 -8.38545e-01 |104 -0.00263  1.31482e-02 |105 -0.00058 -2.08231e-01
106 -0.00057 -2.07134e-01 |107  0.81726 -7.47989e-02 |108 -0.41283  1.68745e-01
109  0.22010 -5.69316e-01 |110 -0.25506  1.45336e+00 |

Intermediate statistics: 110 variables; iteration 20; function evaluation 26; phase 5
Function value 2.2253264e+03; maximum gradient component mag 1.0403e+02
Var    Value     Gradient |Var    Value     Gradient |Var    Value     Gradient
  1 -0.38585  4.19331e-01 |  2 -0.41859  1.04029e+02 |  3 -0.42691  1.21836e+01
  4 -0.41276  4.27945e+00 |  5 -0.42434  2.65730e+01 |  6  0.62699  4.88131e+01
  7 -0.00216  5.40408e-01 |  8 -0.00295 -2.08633e-01 |  9  0.00368 -3.21141e-01
 10 -0.01010  7.30907e-02 | 11  0.01064  1.41889e-01 | 12 -0.01008 -1.66489e+00
 13 -0.01453 -1.39911e+00 | 14 -0.01941 -1.18942e+00 | 15 -0.02364 -1.17753e+00
 16  0.01080 -1.24513e+00 | 17 -0.00551 -9.50464e-01 | 18  0.02081  2.66967e-01
 19 -0.00992 -1.07886e-01 | 20  0.02862  1.40056e+00 | 21  0.00688  6.02279e-01
 22  0.00026  3.77768e-01 | 23 -0.03772 -6.82411e-01 | 24  0.00945 -4.39465e-01
 25  0.00998  5.71944e-01 | 26 -0.00400 -4.26142e-01 | 27 -0.03113 -2.00948e+00
 28  0.00936  3.30800e-01 | 29 -0.04415 -2.14876e-02 | 30 -0.01626 -2.81163e+00
 31 -0.03871 -2.64026e+00 | 32 -0.01831 -2.78467e+00 | 33 -0.01956 -4.30934e+00
 34  0.04013  1.73841e+00 | 35  0.01333  1.72226e+00 | 36 -0.00989  5.88960e-01
 37  0.02461  3.99400e-01 | 38  0.00523 -5.84802e-01 | 39  0.01602  1.85250e+00
 40  0.05735 -7.46365e-02 | 41 -0.02227 -1.91262e+00 | 42  0.00187 -6.56481e-01
 43 -0.00700 -1.65118e+00 | 44 -0.00728 -3.24849e+00 | 45 -0.01814 -2.79318e+00
 46 -0.02408 -2.39308e+00 | 47  0.01952  2.58706e+00 | 48  0.03130 -6.10350e-01
 49  0.00160  1.45977e+00 | 50 -0.02959 -4.28682e-01 | 51  0.01979  1.89600e+00
 52 -0.01258  6.85037e-01 | 53  0.01640 -9.54750e-01 | 54  0.03094  3.83421e-01
 55  0.00232 -6.52154e-01 | 56 -0.02523  2.70556e-01 | 57 -0.01283 -6.55487e-02
 58  0.03163 -3.94743e+00 | 59  0.01062  4.47022e+00 | 60  0.01771 -7.48359e-01
 61  0.03730 -4.15829e+00 | 62 -0.00286 -1.78446e+00 | 63  0.01351 -2.74430e+00
 64  0.00219 -3.04611e-01 | 65 -0.02239  8.30391e-01 | 66  0.02472  4.72589e+00
 67 -0.01393 -1.81438e-01 | 68  0.03124  9.68553e+00 | 69  0.03359  2.48074e+00
 70  0.03549 -3.49881e+00 | 71  0.00251  4.28463e+00 | 72  0.02344  6.20771e+00
 73 -0.04743 -2.33617e+00 | 74 -0.02683  8.28936e-01 | 75 -0.03582  1.74858e+00
 76 -0.02710 -2.10218e+00 | 77  0.00327  2.76312e+00 | 78 -0.01994  3.77148e+00
 79  0.03936  2.25735e+01 | 80  0.06752 -2.41448e+01 | 81 -0.06414 -3.55327e-01
 82 -0.01080  6.74765e-01 | 83 -0.01064  1.44754e+00 | 84  0.02571  1.38194e+01
 85 -0.01473  2.75407e+00 | 86  0.01511 -1.11912e+00 | 87  0.01928  3.76762e+00
 88  0.01156  1.89541e+00 | 89 -0.03009 -1.24206e+00 | 90 -0.03846 -1.01881e+00
 91 -0.00388  5.79958e+00 | 92  0.00642  2.33391e-01 | 93 -0.01563 -1.97754e-01
 94 -0.01975 -3.00552e+00 | 95 -0.00369 -2.75013e+00 | 96 -0.00935  1.65720e+00
 97  0.00596 -3.56837e+00 | 98 -0.02003 -2.70675e+00 | 99  0.03861 -2.32586e+00
100  0.02867  1.12729e+00 |101 -0.00798 -2.89478e+00 |102  0.03581 -1.54573e-01
103 -0.02646 -1.90388e+00 |104 -0.00294 -1.61226e+00 |105 -0.00052 -1.51039e+00
106 -0.00052 -1.50975e+00 |107  0.81392 -3.52114e+00 |108 -0.41293  2.97386e+01
109  0.22079 -9.03668e-01 |110 -0.25529  5.80222e+00 |
110 variables; iteration 40; function evaluation 46; phase 5
Function value 2.2252779e+03; maximum gradient component mag 6.2833e+01
Var    Value     Gradient |Var    Value     Gradient |Var    Value     Gradient
  1 -0.38467  5.33794e-01 |  2 -0.41829  6.28325e+01 |  3 -0.42766  7.71065e+00
  4 -0.41080  3.59804e+00 |  5 -0.42713  1.55802e+01 |  6  0.62686  2.79458e+01
  7 -0.00183  1.26649e+00 |  8 -0.00330 -7.50998e-01 |  9  0.00341 -7.49572e-01
 10 -0.01003  2.07600e-01 | 11  0.01086  6.03927e-01 | 12 -0.00947  1.41659e-01
 13 -0.01413  3.84735e-02 | 14 -0.01931 -3.87846e-01 | 15 -0.02356 -4.23578e-01
 16  0.01064 -1.13456e+00 | 17 -0.00569 -9.10620e-01 | 18  0.02030 -1.33832e+00
 19 -0.01014 -3.10489e-01 | 20  0.02811 -1.15660e+00 | 21  0.00708  2.41216e+00
 22  0.00030  1.15769e+00 | 23 -0.03781 -5.71489e-01 | 24  0.00940 -5.07730e-01
 25  0.00997  8.70332e-01 | 26 -0.00394  5.59179e-01 | 27 -0.03100 -5.03202e-01
 28  0.00927 -4.82742e-01 | 29 -0.04417  4.11824e-01 | 30 -0.01625 -2.36202e+00
 31 -0.03870 -2.21378e+00 | 32 -0.01825 -2.00307e+00 | 33 -0.01933 -1.77098e+00
 34  0.04010  1.08044e+00 | 35  0.01322  2.33537e-01 | 36 -0.01008 -1.31067e+00
 37  0.02457 -9.29039e-01 | 38  0.00526 -4.39937e-01 | 39  0.01588 -2.06648e-01
 40  0.05748  2.96076e+00 | 41 -0.02220 -1.08573e+00 | 42  0.00196  4.55279e-01
 43 -0.00692 -8.00650e-01 | 44 -0.00726 -3.22910e+00 | 45 -0.01784  2.72925e-01
 46 -0.02399 -1.47403e+00 | 47  0.01935 -4.50748e-01 | 48  0.03124 -1.58850e+00
 49  0.00159  1.73930e+00 | 50 -0.02960 -1.21787e-01 | 51  0.01968  6.04904e-02
 52 -0.01268 -3.72029e-01 | 53  0.01634 -2.24447e+00 | 54  0.03084 -1.67481e+00
 55  0.00244  8.68014e-01 | 56 -0.02516  1.00634e+00 | 57 -0.01286 -6.27317e-01
 58  0.03172 -3.11113e+00 | 59  0.01065  4.48272e+00 | 60  0.01774 -7.61484e-01
 61  0.03738 -2.99061e+00 | 62 -0.00273 -1.89759e-02 | 63  0.01368  8.12078e-01
 64  0.00231  2.00762e+00 | 65 -0.02244 -3.42978e-01 | 66  0.02477  4.54536e+00
 67 -0.01384  7.11030e-01 | 68  0.03113  3.89841e+00 | 69  0.03364  2.95482e+00
 70  0.03552 -2.81735e+00 | 71  0.00249  3.50058e+00 | 72  0.02341  3.59110e+00
 73 -0.04735 -1.88432e+00 | 74 -0.02681  1.10192e-01 | 75 -0.03587  2.13232e-01
 76 -0.02713 -3.54697e+00 | 77  0.00325  9.33069e-01 | 78 -0.01992  3.38319e+00
 79  0.03918  1.30491e+01 | 80  0.06772 -1.39825e+01 | 81 -0.06412 -9.03059e-03
 82 -0.01082 -4.80333e-01 | 83 -0.01067 -3.75692e-01 | 84  0.02563  8.73761e+00
 85 -0.01478  1.30663e+00 | 86  0.01519  8.19289e-01 | 87  0.01926  2.42795e+00
 88  0.01150 -6.30577e-01 | 89 -0.02995  7.77497e-01 | 90 -0.03843 -8.06129e-01
 91 -0.00390  4.53157e+00 | 92  0.00645  5.01031e-01 | 93 -0.01561 -2.75638e-02
 94 -0.01975 -3.38151e+00 | 95 -0.00359 -7.49240e-01 | 96 -0.00945 -3.69232e-01
 97  0.00601 -2.42701e+00 | 98 -0.01986 -1.09022e-02 | 99  0.03862 -1.92677e+00
100  0.02863  1.98344e-01 |101 -0.00798 -2.82187e+00 |102  0.03588  7.31479e-01
103 -0.02617 -5.77798e-01 |104 -0.00374 -2.28143e+00 |105 -0.00074 -1.28484e+00
106 -0.00074 -1.28233e+00 |107  0.81411 -1.33177e+00 |108 -0.41293  1.86831e+01
109  0.22079 -2.45398e-01 |110 -0.25537  4.28939e+00 |
110 variables; iteration 60; function evaluation 73; phase 5
Function value 2.2252462e+03; maximum gradient component mag 1.7242e+01
Var    Value     Gradient |Var    Value     Gradient |Var    Value     Gradient
  1 -0.38321  6.99832e-01 |  2 -0.41803  1.72422e+01 |  3 -0.42821  3.64668e+00
  4 -0.41244  6.53172e-01 |  5 -0.42948  3.45084e+00 |  6  0.62684  6.03732e+00
  7 -0.00254 -5.78644e-01 |  8 -0.00264  2.04361e-01 |  9  0.00388 -8.28878e-02
 10 -0.01016 -1.22027e-01 | 11  0.01042 -4.08769e-01 | 12 -0.01026 -9.25322e-01
 13 -0.01487 -9.85693e-01 | 14 -0.01961 -5.13407e-01 | 15 -0.02380 -4.26762e-01
 16  0.01088  1.52494e-01 | 17 -0.00560 -1.06686e-01 | 18  0.02072  1.02985e+00
 19 -0.01030 -3.90978e-01 | 20  0.02830  3.67730e-01 | 21  0.00642 -1.05997e+00
 22  0.00010  1.83190e-01 | 23 -0.03762  6.31196e-01 | 24  0.00947  9.35552e-02
 25  0.00990 -9.18491e-02 | 26 -0.00400 -7.51528e-02 | 27 -0.03113 -1.41500e+00
 28  0.00928  2.87930e-01 | 29 -0.04434 -2.69339e-01 | 30 -0.01606  4.46488e-01
 31 -0.03850 -6.98167e-02 | 32 -0.01814 -8.07759e-01 | 33 -0.01918 -4.79761e-01
 34  0.04003 -8.12558e-01 | 35  0.01324  7.00326e-01 | 36 -0.00996  3.18749e-01
 37  0.02469  5.14240e-01 | 38  0.00528 -3.14288e-01 | 39  0.01593  5.62099e-01
 40  0.05732 -1.52804e+00 | 41 -0.02211 -4.90388e-01 | 42  0.00190 -6.86558e-01
 43 -0.00690 -3.68877e-01 | 44 -0.00694  5.93787e-01 | 45 -0.01788 -1.83834e-01
 46 -0.02383  2.38202e-01 | 47  0.01944  1.25675e+00 | 48  0.03131  8.88130e-02
 49  0.00145  2.58875e-01 | 50 -0.02960  8.95446e-02 | 51  0.01966  2.26683e-01
 52 -0.01260  1.06784e+00 | 53  0.01647  1.01779e-01 | 54  0.03092  4.33756e-01
 55  0.00233 -5.72000e-01 | 56 -0.02533 -3.75071e-01 | 57 -0.01277  4.71112e-01
 58  0.03184 -6.81069e-01 | 59  0.01035 -2.29857e-01 | 60  0.01779  5.61594e-01
 61  0.03745 -2.48051e-01 | 62 -0.00278 -7.51675e-01 | 63  0.01364 -3.96272e-01
 64  0.00215 -1.53154e+00 | 65 -0.02237  6.80980e-01 | 66  0.02462 -3.70031e-01
 67 -0.01385  1.72251e-01 | 68  0.03108  1.58359e+00 | 69  0.03355 -2.59927e-01
 70  0.03556 -2.76851e-01 | 71  0.00238  8.40005e-01 | 72  0.02334  5.23451e-01
 73 -0.04722 -4.50313e-01 | 74 -0.02677  5.39147e-01 | 75 -0.03591  6.30971e-02
 76 -0.02696  5.38000e-02 | 77  0.00327  1.33108e+00 | 78 -0.02011 -2.36311e-01
 79  0.03893  2.47236e+00 | 80  0.06790 -2.77563e+00 | 81 -0.06417 -1.02104e-01
 82 -0.01082 -1.51864e-02 | 83 -0.01061  1.40450e-01 | 84  0.02544  1.30446e+00
 85 -0.01482  6.22844e-01 | 86  0.01512 -7.85909e-01 | 87  0.01916 -3.14829e-01
 88  0.01153  1.45509e+00 | 89 -0.03000 -4.52637e-03 | 90 -0.03840 -1.34375e-01
 91 -0.00408  4.48061e-01 | 92  0.00640  1.48294e-01 | 93 -0.01568 -1.04670e+00
 94 -0.01965 -5.81730e-01 | 95 -0.00363 -5.33253e-01 | 96 -0.00948  5.34759e-01
 97  0.00606  9.18663e-01 | 98 -0.01999 -3.07414e-01 | 99  0.03858 -2.78517e-01
100  0.02843 -7.65792e-01 |101 -0.00772  1.74503e-02 |102  0.03562 -3.58175e-01
103 -0.02613  1.63375e-01 |104 -0.00236  5.75665e-01 |105 -0.00015  2.49761e-01
106 -0.00015  2.47446e-01 |107  0.81297 -9.61772e-01 |108 -0.41310  5.94940e+00
109  0.22058 -8.52979e-01 |110 -0.25552  1.71514e+00 |
110 variables; iteration 80; function evaluation 105; phase 5
Function value 2.2252433e+03; maximum gradient component mag 1.0891e+00
Var    Value     Gradient |Var    Value     Gradient |Var    Value     Gradient
  1 -0.38291  1.18820e-02 |  2 -0.41797  1.08907e+00 |  3 -0.42835  2.57403e-01
  4 -0.41247  1.43454e-02 |  5 -0.43010  1.33690e-01 |  6  0.62679  4.62035e-01
  7 -0.00228  4.68883e-02 |  8 -0.00276  3.73438e-02 |  9  0.00393  2.68894e-02
 10 -0.01010  2.94839e-03 | 11  0.01061  4.24895e-03 | 12 -0.00994 -9.30161e-02
 13 -0.01448  1.47853e-02 | 14 -0.01945  3.12553e-02 | 15 -0.02369  1.75258e-02
 16  0.01079  7.07510e-03 | 17 -0.00563 -1.32891e-02 | 18  0.02047  6.27990e-02
 19 -0.01023  4.99773e-02 | 20  0.02823  7.53788e-02 | 21  0.00658  2.11229e-02
 22  0.00004 -6.75934e-02 | 23 -0.03781 -1.28303e-01 | 24  0.00946 -2.47503e-02
 25  0.00990 -1.61747e-02 | 26 -0.00400 -3.83953e-02 | 27 -0.03097  1.12879e-04
 28  0.00926  4.28619e-03 | 29 -0.04432 -1.05690e-03 | 30 -0.01609 -5.46755e-02
 31 -0.03850 -3.45773e-02 | 32 -0.01806 -9.48920e-03 | 33 -0.01914  1.46544e-02
 34  0.04007 -4.55736e-02 | 35  0.01320  3.44499e-02 | 36 -0.00998  9.89208e-03
 37  0.02468  2.88846e-02 | 38  0.00531  1.37600e-03 | 39  0.01589  4.68270e-02
 40  0.05738 -1.19327e-01 | 41 -0.02206 -2.63221e-02 | 42  0.00196 -1.78430e-02
 43 -0.00686 -1.64569e-02 | 44 -0.00698  1.08150e-02 | 45 -0.01785 -6.34925e-02
 46 -0.02385 -1.91074e-02 | 47  0.01938  8.34619e-02 | 48  0.03131 -9.31041e-04
 49  0.00143 -2.00034e-02 | 50 -0.02962 -1.62507e-02 | 51  0.01965  1.80299e-02
 52 -0.01268  5.20131e-02 | 53  0.01647  3.75831e-02 | 54  0.03090  1.17303e-02
 55  0.00237 -1.11788e-02 | 56 -0.02529  4.86737e-03 | 57 -0.01280  1.69259e-02
 58  0.03190  5.33690e-03 | 59  0.01037 -1.41209e-02 | 60  0.01778  1.08810e-02
 61  0.03748  2.87521e-02 | 62 -0.00273 -5.36533e-02 | 63  0.01367  4.94010e-02
 64  0.00222 -1.10789e-01 | 65 -0.02240  1.09203e-02 | 66  0.02465 -9.33137e-03
 67 -0.01385  2.11068e-02 | 68  0.03106  8.49700e-02 | 69  0.03357 -4.39415e-03
 70  0.03558  1.62316e-02 | 71  0.00236  7.31946e-02 | 72  0.02334  2.11828e-02
 73 -0.04717  3.72389e-03 | 74 -0.02678 -4.97002e-03 | 75 -0.03591  8.95815e-03
 76 -0.02695 -5.00461e-03 | 77  0.00324  7.48103e-02 | 78 -0.02008 -1.32077e-02
 79  0.03889  1.19688e-01 | 80  0.06795 -4.37982e-02 | 81 -0.06416 -4.50264e-03
 82 -0.01080  6.52334e-03 | 83 -0.01059  1.06772e-02 | 84  0.02542  5.33363e-02
 85 -0.01485 -1.07022e-02 | 86  0.01515 -1.89524e-02 | 87  0.01918 -2.29671e-02
 88  0.01150  7.69802e-02 | 89 -0.02999 -5.15937e-03 | 90 -0.03838  1.92831e-02
 91 -0.00408  2.86249e-02 | 92  0.00640  2.72356e-02 | 93 -0.01564 -1.05911e-01
 94 -0.01962 -2.39393e-02 | 95 -0.00361 -4.22881e-02 | 96 -0.00950  9.21097e-02
 97  0.00603  9.70298e-02 | 98 -0.01998 -4.32873e-02 | 99  0.03859 -2.39265e-02
100  0.02846 -8.24496e-02 |101 -0.00773  1.50125e-02 |102  0.03565 -1.98007e-03
103 -0.02626 -6.92777e-02 |104 -0.00281  2.53429e-02 |105 -0.00046 -5.36312e-02
106 -0.00046 -5.34476e-02 |107  0.81310  1.41393e-03 |108 -0.41310  6.59945e-02
109  0.22066 -5.76114e-02 |110 -0.25552  1.16332e-02 |
110 variables; iteration 100; function evaluation 132; phase 5
Function value 2.2252433e+03; maximum gradient component mag 6.7677e-02
Var    Value     Gradient |Var    Value     Gradient |Var    Value     Gradient
  1 -0.38288 -1.62700e-03 |  2 -0.41797  6.76768e-02 |  3 -0.42836  1.20559e-02
  4 -0.41245 -5.95088e-04 |  5 -0.43013  8.69833e-03 |  6  0.62679  2.47728e-02
  7 -0.00229  2.11481e-02 |  8 -0.00279 -2.33057e-03 |  9  0.00392  8.40008e-03
 10 -0.01012 -2.29270e-02 | 11  0.01060 -3.08320e-02 | 12 -0.00990  1.48164e-03
 13 -0.01449  8.53287e-03 | 14 -0.01946  1.46908e-02 | 15 -0.02372 -3.92643e-02
 16  0.01078  3.03117e-03 | 17 -0.00563 -1.09647e-02 | 18  0.02045  6.82353e-03
 19 -0.01024  7.45492e-03 | 20  0.02821  9.35178e-03 | 21  0.00658  4.68605e-03
 22  0.00005 -1.28450e-03 | 23 -0.03779 -6.73342e-03 | 24  0.00946  1.32227e-02
 25  0.00990  1.70227e-02 | 26 -0.00400 -8.43395e-03 | 27 -0.03097  1.27203e-03
 28  0.00926  1.46056e-03 | 29 -0.04432 -1.47387e-02 | 30 -0.01609 -1.86559e-02
 31 -0.03850 -1.35741e-02 | 32 -0.01806 -3.80977e-03 | 33 -0.01914 -1.50036e-03
 34  0.04007 -2.52601e-03 | 35  0.01319  1.13313e-02 | 36 -0.00999 -1.37484e-02
 37  0.02468  1.96622e-04 | 38  0.00531 -4.14297e-03 | 39  0.01589 -1.44199e-02
 40  0.05739 -5.19026e-03 | 41 -0.02206 -4.33129e-03 | 42  0.00195 -3.10443e-02
 43 -0.00686 -1.01609e-02 | 44 -0.00698  1.16300e-02 | 45 -0.01785 -1.09707e-02
 46 -0.02385  9.11148e-03 | 47  0.01937  2.00666e-02 | 48  0.03131 -7.48210e-03
 49  0.00142 -1.32603e-02 | 50 -0.02962 -4.24799e-03 | 51  0.01965 -2.43285e-02
 52 -0.01269 -2.10498e-03 | 53  0.01647  1.62910e-02 | 54  0.03090  7.97401e-03
 55  0.00237 -4.02896e-03 | 56 -0.02529  2.07361e-03 | 57 -0.01280 -4.18278e-03
 58  0.03190  9.28500e-03 | 59  0.01037  7.14741e-03 | 60  0.01778  8.93406e-03
 61  0.03748  5.23428e-03 | 62 -0.00273 -1.15834e-03 | 63  0.01366  6.94687e-03
 64  0.00223 -3.29566e-03 | 65 -0.02241 -7.85886e-03 | 66  0.02465  2.79524e-03
 67 -0.01385 -8.60357e-03 | 68  0.03105  8.00215e-03 | 69  0.03357  8.67863e-04
 70  0.03558  2.14681e-03 | 71  0.00235  6.71994e-03 | 72  0.02334  2.21917e-03
 73 -0.04717  9.75152e-03 | 74 -0.02678  9.97433e-03 | 75 -0.03591 -1.14732e-02
 76 -0.02695  1.07222e-02 | 77  0.00324  4.57635e-03 | 78 -0.02008  1.49954e-02
 79  0.03889  8.78528e-03 | 80  0.06795 -2.66903e-03 | 81 -0.06416  3.14105e-03
 82 -0.01080  1.57588e-02 | 83 -0.01060 -1.34059e-02 | 84  0.02542  5.04637e-03
 85 -0.01485  9.14961e-03 | 86  0.01515 -8.39700e-04 | 87  0.01918 -4.23016e-04
 88  0.01150  7.88619e-03 | 89 -0.02999 -9.55919e-03 | 90 -0.03838 -2.02590e-03
 91 -0.00408  4.96065e-03 | 92  0.00640  3.73873e-03 | 93 -0.01563 -4.45320e-03
 94 -0.01962  9.67427e-04 | 95 -0.00361  7.37252e-05 | 96 -0.00950  9.51826e-03
 97  0.00603  8.94313e-03 | 98 -0.01998  6.36682e-03 | 99  0.03859  3.31122e-04
100  0.02846 -6.23680e-03 |101 -0.00773 -4.00183e-03 |102  0.03565 -2.17941e-03
103 -0.02624 -6.94622e-03 |104 -0.00284  3.52916e-03 |105 -0.00044 -3.72938e-03
106 -0.00044 -3.77027e-03 |107  0.81309 -1.12069e-03 |108 -0.41310  6.29240e-03
109  0.22068 -5.86849e-03 |110 -0.25551  1.80884e-03 |

 - final statistics:
110 variables; iteration 118; function evaluation 163
Function value 2.2252e+03; maximum gradient component mag 6.8908e-07
Exit code = 1;  converg criter 1.0000e-04
Var    Value     Gradient |Var    Value     Gradient |Var    Value     Gradient
  1 -0.38288 -9.42529e-08 |  2 -0.41797  6.89076e-07 |  3 -0.42836  9.71322e-08
  4 -0.41245 -1.01006e-08 |  5 -0.43014 -1.25112e-08 |  6  0.62679  5.08807e-07
  7 -0.00229  1.56327e-08 |  8 -0.00278  8.59361e-11 |  9  0.00391  9.65580e-10
 10 -0.01010  1.40180e-08 | 11  0.01061  2.76277e-08 | 12 -0.00990 -1.01031e-08
 13 -0.01449 -1.41362e-08 | 14 -0.01947 -8.16438e-09 | 15 -0.02370  2.75686e-08
 16  0.01078 -5.59049e-09 | 17 -0.00563 -1.67223e-08 | 18  0.02045  2.09287e-09
 19 -0.01025 -1.50992e-09 | 20  0.02821  4.47336e-09 | 21  0.00658 -5.90864e-09
 22  0.00005  2.36883e-09 | 23 -0.03779 -2.05689e-09 | 24  0.00946 -5.30360e-09
 25  0.00990  1.89345e-08 | 26 -0.00400 -1.30654e-09 | 27 -0.03097 -1.61636e-08
 28  0.00926  3.17467e-08 | 29 -0.04432 -2.34832e-08 | 30 -0.01609 -5.49437e-09
 31 -0.03850 -2.24093e-08 | 32 -0.01806 -9.92146e-09 | 33 -0.01914 -6.14748e-09
 34  0.04007  2.80285e-09 | 35  0.01319  1.67261e-08 | 36 -0.00998 -9.83681e-09
 37  0.02468 -3.32109e-09 | 38  0.00531 -3.76173e-08 | 39  0.01589 -1.22652e-08
 40  0.05739  1.27882e-08 | 41 -0.02206 -2.40057e-08 | 42  0.00196  6.08606e-08
 43 -0.00686 -7.06546e-09 | 44 -0.00698 -2.31843e-09 | 45 -0.01785 -1.00610e-08
 46 -0.02385 -4.34116e-08 | 47  0.01937  2.23168e-08 | 48  0.03131  2.15565e-09
 49  0.00143  1.21840e-08 | 50 -0.02962  4.70318e-10 | 51  0.01965 -7.80391e-09
 52 -0.01269  5.82177e-09 | 53  0.01647  1.50499e-08 | 54  0.03090  2.07316e-08
 55  0.00237 -2.22161e-09 | 56 -0.02529 -1.92336e-08 | 57 -0.01280  2.03437e-08
 58  0.03190  2.50501e-08 | 59  0.01037  3.05851e-08 | 60  0.01778  1.83145e-08
 61  0.03748  3.33424e-08 | 62 -0.00273  1.97632e-08 | 63  0.01366  1.64838e-08
 64  0.00223  1.50255e-08 | 65 -0.02241  6.24283e-09 | 66  0.02465  1.58413e-08
 67 -0.01385  6.71417e-08 | 68  0.03105  1.72229e-08 | 69  0.03357  1.74314e-08
 70  0.03558  2.62314e-08 | 71  0.00235  4.74249e-09 | 72  0.02334  1.63570e-08
 73 -0.04717  1.01218e-08 | 74 -0.02678  1.68147e-08 | 75 -0.03591 -1.18530e-08
 76 -0.02695  9.60352e-09 | 77  0.00324  5.53690e-10 | 78 -0.02008  1.56974e-08
 79  0.03889 -7.79853e-09 | 80  0.06795  6.02835e-08 | 81 -0.06416 -8.43323e-08
 82 -0.01080  8.78888e-09 | 83 -0.01060 -8.66835e-09 | 84  0.02542  1.47020e-09
 85 -0.01485  2.66500e-09 | 86  0.01515  1.48555e-10 | 87  0.01918 -2.33158e-09
 88  0.01150  7.76578e-09 | 89 -0.02999 -3.66559e-08 | 90 -0.03838 -2.03186e-08
 91 -0.00408 -7.18408e-09 | 92  0.00640 -7.45704e-09 | 93 -0.01563 -4.88461e-09
 94 -0.01962 -1.54635e-08 | 95 -0.00361 -1.21914e-08 | 96 -0.00950 -1.18971e-08
 97  0.00603 -2.17434e-08 | 98 -0.01998 -1.78190e-08 | 99  0.03859 -2.27756e-08
100  0.02846 -1.39708e-08 |101 -0.00773 -3.02535e-08 |102  0.03565 -4.82990e-09
103 -0.02623 -1.31834e-08 |104 -0.00284 -1.32626e-08 |105 -0.00043 -1.16814e-08
106 -0.00043 -1.26441e-08 |107  0.81309  9.95572e-08 |108 -0.41310 -5.27711e-07
109  0.22068  6.46153e-08 |110 -0.25551 -1.88740e-07 |

 - final statistics:
122 variables; iteration 0; function evaluation 0
Function value 2.2252e+03; maximum gradient component mag 6.8896e-07
Exit code = 0;  converg criter 1.0000e-04
Var    Value     Gradient |Var    Value     Gradient |Var    Value     Gradient
  1 -0.38288 -9.42454e-08 |  2 -0.41797  6.88958e-07 |  3 -0.42836  9.71108e-08
  4 -0.41245 -1.00993e-08 |  5 -0.43014 -1.25116e-08 |  6  0.62679  5.08611e-07
  7 -0.00229  1.56324e-08 |  8 -0.00278  8.58637e-11 |  9  0.00391  9.65476e-10
 10 -0.01010  1.40179e-08 | 11  0.01061  2.76276e-08 | 12 -0.00990 -1.02678e-08
 13 -0.01449 -1.43009e-08 | 14 -0.01947 -8.32904e-09 | 15 -0.02370  2.74039e-08
 16  0.01078 -5.75548e-09 | 17 -0.00563 -1.68873e-08 | 18  0.02045  1.92746e-09
 19 -0.01025 -1.67513e-09 | 20  0.02821  4.30753e-09 | 21  0.00658 -6.07377e-09
 22  0.00005  2.20294e-09 | 23 -0.03779 -2.22219e-09 | 24  0.00946 -5.47061e-09
 25  0.00990  1.87670e-08 | 26 -0.00400 -1.47382e-09 | 27 -0.03097 -1.63296e-08
 28  0.00926  3.15785e-08 | 29 -0.04432 -2.36487e-08 | 30 -0.01609 -5.66054e-09
 31 -0.03850 -2.25748e-08 | 32 -0.01806 -1.00878e-08 | 33 -0.01914 -6.31373e-09
 34  0.04007  2.63419e-09 | 35  0.01319  1.65584e-08 | 36 -0.00998 -1.00037e-08
 37  0.02468 -3.48917e-09 | 38  0.00531 -3.77850e-08 | 39  0.01589 -1.24335e-08
 40  0.05739  1.26169e-08 | 41 -0.02206 -2.41725e-08 | 42  0.00196  6.06918e-08
 43 -0.00686 -7.23360e-09 | 44 -0.00698 -2.48664e-09 | 45 -0.01785 -1.02285e-08
 46 -0.02385 -4.35790e-08 | 47  0.01937  2.21460e-08 | 48  0.03131  1.98353e-09
 49  0.00143  1.20146e-08 | 50 -0.02962  3.02860e-10 | 51  0.01965 -7.97633e-09
 52 -0.01269  5.65294e-09 | 53  0.01647  1.48775e-08 | 54  0.03090  2.05593e-08
 55  0.00237 -2.39153e-09 | 56 -0.02529 -1.94027e-08 | 57 -0.01280  2.01731e-08
 58  0.03190  2.48698e-08 | 59  0.01037  3.04107e-08 | 60  0.01778  1.81379e-08
 61  0.03748  3.31612e-08 | 62 -0.00273  1.95888e-08 | 63  0.01366  1.63062e-08
 64  0.00223  1.48508e-08 | 65 -0.02241  6.07241e-09 | 66  0.02465  1.56636e-08
 67 -0.01385  6.69701e-08 | 68  0.03105  1.70417e-08 | 69  0.03357  1.72502e-08
 70  0.03558  2.60469e-08 | 71  0.00235  4.56651e-09 | 72  0.02334  1.61812e-08
 73 -0.04717  9.95263e-09 | 74 -0.02678  1.66424e-08 | 75 -0.03591 -1.20229e-08
 76 -0.02695  9.43283e-09 | 77  0.00324  3.75703e-10 | 78 -0.02008  1.55259e-08
 79  0.03889 -7.97966e-09 | 80  0.06795  6.00812e-08 | 81 -0.06416 -8.44994e-08
 82 -0.01080  8.61654e-09 | 83 -0.01060 -8.84074e-09 | 84  0.02542  1.29281e-09
 85 -0.01485  2.49353e-09 | 86  0.01515 -2.77890e-11 | 87  0.01918 -2.50804e-09
 88  0.01150  7.58929e-09 | 89 -0.02999 -3.68249e-08 | 90 -0.03838 -2.04868e-08
 91 -0.00408 -7.35488e-09 | 92  0.00640 -7.62826e-09 | 93 -0.01563 -5.05298e-09
 94 -0.01962 -1.56312e-08 | 95 -0.00361 -1.23580e-08 | 96 -0.00950 -1.20639e-08
 97  0.00603 -2.19093e-08 | 98 -0.01998 -1.79837e-08 | 99  0.03859 -2.29381e-08
100  0.02846 -1.41354e-08 |101 -0.00773 -3.04173e-08 |102  0.03565 -4.99227e-09
103 -0.02623 -1.33474e-08 |104 -0.00284 -1.34271e-08 |105 -0.00043 -1.18460e-08
106 -0.00043 -1.28087e-08 |107  0.00000  0.00000e+00 |108  0.00000  0.00000e+00
109  0.00000  0.00000e+00 |110  0.00000  0.00000e+00 |111  0.00000  0.00000e+00
112  0.00000  0.00000e+00 |113  0.00000  0.00000e+00 |114  0.00000  0.00000e+00
115  0.00000  0.00000e+00 |116  0.00000  0.00000e+00 |117  0.00000  0.00000e+00
118  0.00000  0.00000e+00 |119  0.81309  9.95386e-08 |120 -0.41310 -5.27606e-07
121  0.22068  6.46031e-08 |122 -0.25551 -1.88706e-07 |
size of file gradfil1.tmp = 0
size of file gradfil2.tmp = 0
size of file varssave.tmp = 0
size of file cmpdiff.tmp = 0
