
Initial statistics: 1 variables; iteration 0; function evaluation 0; phase 1
Function value 2.8896614e+03; maximum gradient component mag -2.3823e+04
Var    Value     Gradient |Var    Value     Gradient |Var    Value     Gradient
  1  0.63197 -2.38229e+04 |

 - final statistics:
1 variables; iteration 6; function evaluation 10
Function value 2.6592e+03; maximum gradient component mag -1.5578e-01
Exit code = 1;  converg criter 1.0000e+01
Var    Value     Gradient |Var    Value     Gradient |Var    Value     Gradient
  1  0.65746 -1.55784e-01 |

Initial statistics: 98 variables; iteration 0; function evaluation 0; phase 2
Function value 2.6592157e+03; maximum gradient component mag -2.7632e+03
Var    Value     Gradient |Var    Value     Gradient |Var    Value     Gradient
  1  0.65746 -1.55784e-01 |  2  0.00000  7.02449e+00 |  3  0.00000 -1.22166e+01
  4  0.00000 -7.96481e-01 |  5  0.00000  2.54029e+01 |  6  0.00000 -2.46056e+01
  7  0.00000 -2.46224e+01 |  8  0.00000 -1.95614e+00 |  9  0.00000 -5.66947e+00
 10  0.00000  7.88084e+01 | 11  0.00000 -1.11168e+02 | 12  0.00000 -6.23619e+01
 13  0.00000  4.62687e-01 | 14  0.00000  1.81891e+02 | 15  0.00000  1.71271e+02
 16  0.00000  1.39440e+02 | 17  0.00000 -1.02857e+02 | 18  0.00000 -1.96395e+02
 19  0.00000 -6.74372e+02 | 20  0.00000  2.15221e+02 | 21  0.00000  3.25430e+02
 22  0.00000  9.20965e+01 | 23  0.00000  3.76833e+01 | 24  0.00000 -1.39417e+01
 25  0.00000 -1.65927e+01 | 26  0.00000 -9.51310e+00 | 27  0.00000  3.44695e+02
 28  0.00000 -1.19863e+02 | 29  0.00000  1.54482e+02 | 30  0.00000 -1.17784e+02
 31  0.00000  1.93491e+02 | 32  0.00000  1.34585e+02 | 33  0.00000 -1.08170e+01
 34  0.00000 -2.68168e+02 | 35  0.00000 -1.37039e+02 | 36  0.00000  8.68489e+01
 37  0.00000  3.28663e+02 | 38  0.00000 -8.61564e+01 | 39  0.00000  9.11565e+00
 40  0.00000 -4.56209e+02 | 41  0.00000 -8.75090e+02 | 42  0.00000 -1.11967e+03
 43  0.00000 -1.24322e+02 | 44  0.00000  5.88575e+01 | 45  0.00000  1.28447e+02
 46  0.00000 -2.05743e+01 | 47  0.00000  3.76762e+02 | 48  0.00000 -6.16682e+02
 49  0.00000  3.04219e+02 | 50  0.00000 -9.32912e+01 | 51  0.00000 -1.38737e+02
 52  0.00000  1.69569e+02 | 53  0.00000 -1.20322e+03 | 54  0.00000  6.14304e+00
 55  0.00000  1.23269e+02 | 56  0.00000 -1.55059e+02 | 57  0.00000 -2.76316e+03
 58  0.00000  4.22666e+02 | 59  0.00000  5.59919e+02 | 60  0.00000  6.49007e+02
 61  0.00000 -1.32180e+03 | 62  0.00000  7.97353e+01 | 63  0.00000  5.31836e+02
 64  0.00000 -1.85110e+02 | 65  0.00000  5.42129e+02 | 66  0.00000  4.30955e+02
 67  0.00000 -7.21480e+02 | 68  0.00000  1.77528e+02 | 69  0.00000  6.84930e+02
 70  0.00000  1.08919e+03 | 71  0.00000 -1.42661e+03 | 72  0.00000  8.87658e+02
 73  0.00000  5.96086e+02 | 74  0.00000 -1.78793e+01 | 75  0.00000  7.42023e+02
 76  0.00000  8.09268e+02 | 77  0.00000  4.20576e+02 | 78  0.00000  6.99542e+02
 79  0.00000  4.77997e+02 | 80  0.00000  9.98653e+02 | 81  0.00000 -3.53952e+02
 82  0.00000 -6.93743e+02 | 83  0.00000  3.92701e+02 | 84  0.00000  1.62503e+02
 85  0.00000  1.43093e+02 | 86  0.00000 -7.98467e+01 | 87  0.00000 -1.61682e+03
 88  0.00000  1.49610e+02 | 89  0.00000  6.16442e+01 | 90  0.00000  3.18959e+02
 91  0.00000  5.35514e+01 | 92  0.00000  8.28955e+01 | 93  0.00000  1.19846e+02
 94  0.00000  3.01285e+00 | 95  0.00000 -6.22559e-01 | 96  0.00000 -6.22648e-01
 97  0.81654  1.26942e+02 | 98  0.22185 -1.43921e+02 |

Intermediate statistics: 98 variables; iteration 20; function evaluation 30; phase 2
Function value 2.2149749e+03; maximum gradient component mag 1.6461e+03
Var    Value     Gradient |Var    Value     Gradient |Var    Value     Gradient
  1  0.64284  1.64606e+03 |  2 -0.04221 -1.19963e+02 |  3  0.00585 -5.15355e+01
  4  0.00372 -4.41041e+01 |  5 -0.02440 -8.18646e+01 |  6 -0.01049 -1.03648e+02
  7  0.00184 -7.25600e+01 |  8  0.00785 -2.97286e+01 |  9  0.01408 -5.63182e+00
 10 -0.03514 -1.01944e+02 | 11  0.02385 -3.41981e+01 | 12  0.02585  4.88106e+01
 13  0.02003  8.69308e+01 | 14 -0.00391  8.55570e+01 | 15 -0.02086 -6.44514e+01
 16 -0.01219 -5.31303e+01 | 17 -0.00174 -1.98597e+02 | 18  0.01123 -1.14169e+02
 19  0.03405 -1.87122e+02 | 20 -0.01574 -4.10479e+01 | 21 -0.02304 -2.34968e+01
 22 -0.00258 -1.87033e+01 | 23  0.00066 -1.01663e+01 | 24  0.00127 -3.94544e+01
 25 -0.00029 -5.94264e+01 | 26 -0.00158 -6.93347e+01 | 27 -0.01945  6.48301e+01
 28  0.00608 -5.89222e+01 | 29 -0.00794  2.76974e+01 | 30  0.00791 -1.59350e+01
 31 -0.00857  6.04040e+01 | 32 -0.00657  3.07475e+01 | 33  0.00132  7.01880e+00
 34  0.01554 -2.14791e+01 | 35  0.00862 -1.39094e+01 | 36 -0.00704 -2.01075e+01
 37 -0.01117  1.66844e+02 | 38 -0.00009 -1.07156e+02 | 39  0.00683  1.03400e+02
 40  0.02098 -1.31923e+02 | 41  0.04936  1.41670e+01 | 42  0.04341 -3.49485e+02
 43  0.00377 -4.24941e+01 | 44 -0.01596 -1.25234e+02 | 45 -0.01378 -3.91867e+01
 46  0.01999  3.51892e+02 | 47 -0.02454  9.56297e+01 | 48  0.02192 -1.23062e+02
 49 -0.00317  3.01177e+02 | 50 -0.00247 -9.64633e+01 | 51 -0.00368 -1.74399e+02
 52 -0.01701 -7.27275e+01 | 53  0.02977 -3.83841e+02 | 54 -0.00274 -4.98407e+01
 55 -0.00664 -3.05799e+01 | 56  0.00950  1.72486e+02 | 57  0.06774  7.62536e+01
 58 -0.00027  4.45321e+02 | 59 -0.01112  2.34283e+02 | 60 -0.00874  3.41717e+02
 61  0.03647 -7.48342e+01 | 62  0.00577  1.69674e+02 | 63 -0.01019  1.56171e+02
 64 -0.00221 -4.07735e+02 | 65 -0.00939  1.40343e+02 | 66 -0.00465  1.56936e+02
 67  0.01228 -4.93247e+02 | 68  0.00169  6.84340e+01 | 69 -0.00699  3.10592e+02
 70 -0.01488  5.40382e+02 | 71  0.02791 -5.64431e+02 | 72 -0.01579  3.00897e+02
 73 -0.00369  3.00648e+02 | 74  0.00013 -2.04678e+02 | 75 -0.01772  4.97269e+01
 76 -0.01900  8.21825e+01 | 77 -0.00053  2.16226e+02 | 78 -0.00549  3.61382e+02
 79 -0.00620  1.07681e+02 | 80 -0.01490  4.30893e+02 | 81  0.01571 -4.80064e+01
 82  0.01468 -4.38056e+02 | 83  0.00040  2.15405e+02 | 84  0.00888  1.82984e+02
 85  0.00221  1.67330e+01 | 86  0.01239  1.09328e+02 | 87  0.04880 -3.54713e+02
 88 -0.00879 -1.00853e+02 | 89  0.00532 -2.52647e+01 | 90 -0.01729 -3.79514e+01
 91 -0.00178 -8.88150e+01 | 92 -0.00265 -1.88503e+01 | 93 -0.02196 -1.84642e+01
 94 -0.07208 -1.59239e+02 | 95 -0.01658 -7.60475e+01 | 96 -0.01658 -7.60453e+01
 97  0.83059  2.44547e+02 | 98  0.22154 -1.48584e+02 |
98 variables; iteration 40; function evaluation 56; phase 2
Function value 2.1614885e+03; maximum gradient component mag 2.1828e+03
Var    Value     Gradient |Var    Value     Gradient |Var    Value     Gradient
  1  0.65325  2.18283e+03 |  2  0.01043 -3.67146e+01 |  3  0.03208 -1.22536e+00
  4  0.00483 -5.31924e+01 |  5 -0.00330 -4.59718e+01 |  6  0.03985  4.01890e+01
  7  0.02360 -8.36034e+00 |  8 -0.00264 -7.21527e+01 |  9 -0.00624 -9.00890e+01
 10  0.01697  9.73162e+01 | 11  0.02004 -6.19490e+01 | 12  0.00601 -9.25555e+01
 13 -0.00579 -1.07220e+02 | 14 -0.02725 -7.27596e+01 | 15 -0.03803 -1.79609e+02
 16 -0.01043 -3.59670e+01 | 17  0.00804 -5.90492e+01 | 18  0.01661  1.02539e+01
 19  0.03815 -3.28481e+01 | 20 -0.02614 -1.32413e+02 | 21 -0.02894 -7.10990e+01
 22 -0.00246  5.09605e+00 | 23 -0.00245 -3.10074e+01 | 24 -0.00223 -6.59170e+01
 25 -0.00291 -7.15151e+01 | 26 -0.00315 -6.69084e+01 | 27 -0.03286 -6.16123e+01
 28  0.00506 -4.35395e+01 | 29 -0.01464 -3.41602e+01 | 30  0.00329 -5.47121e+01
 31 -0.01589 -7.79276e+00 | 32 -0.01062  3.56330e+00 | 33 -0.00277 -2.04010e+01
 34  0.01045 -6.54184e+01 | 35  0.00781  1.23354e+01 | 36 -0.00639  1.60229e+01
 37 -0.01486  1.49721e+02 | 38  0.00694  2.65197e+01 | 39  0.00101  6.09664e+01
 40  0.02498 -1.52876e+01 | 41  0.04177 -6.84048e+01 | 42  0.05001 -8.11249e+01
 43  0.00261 -2.39275e+00 | 44 -0.00782  1.34572e+01 | 45 -0.01339  3.26703e+00
 46 -0.00062  3.70444e+01 | 47 -0.03562  1.61040e+00 | 48  0.02356  2.09593e+01
 49 -0.01544  1.62334e+02 | 50 -0.00227 -1.45073e+01 | 51 -0.00035 -2.48740e+01
 52 -0.02185 -7.42782e+01 | 53  0.03623  4.38054e+01 | 54 -0.00272  4.69942e+01
 55 -0.01200 -7.11660e+01 | 56  0.00426  1.25664e+02 | 57  0.06606  2.22201e+02
 58 -0.01629  1.59152e+02 | 59 -0.02096  8.44221e+01 | 60 -0.01722  2.17349e+02
 61  0.03888  2.37080e+02 | 62  0.00140  1.47259e+02 | 63 -0.01381  1.50793e+02
 64  0.00266 -1.79561e+02 | 65 -0.01412  1.03978e+02 | 66 -0.01044  8.77808e+01
 67  0.01546 -2.59426e+02 | 68  0.00299  2.03922e+02 | 69 -0.01386  1.98697e+02
 70 -0.03341  2.01919e+02 | 71  0.03512 -5.12642e+01 | 72 -0.02832  7.45102e+01
 73 -0.01872 -4.61416e+01 | 74  0.00223 -3.81811e+01 | 75 -0.02346 -1.82081e+01
 76 -0.02355  3.87945e+01 | 77 -0.00385  1.97281e+02 | 78 -0.01584  1.46781e+02
 79 -0.01199  5.99997e+00 | 80 -0.03217  1.15541e+02 | 81  0.01357 -2.00417e+01
 82  0.01667 -2.66700e+02 | 83 -0.00926  4.89113e+01 | 84  0.00316  8.56071e+01
 85 -0.00365 -7.18697e+01 | 86  0.00327 -3.82600e+01 | 87  0.05548  1.00978e+02
 88 -0.01498 -1.47157e+02 | 89  0.00099 -5.43990e+01 | 90 -0.02707 -1.16421e+02
 91 -0.00712 -1.21697e+02 | 92 -0.01243 -8.38904e+01 | 93 -0.04358 -9.67104e+01
 94  0.04116  2.59917e+00 | 95  0.02756 -2.59443e+01 | 96  0.02756 -2.59467e+01
 97  0.80551  1.01951e+02 | 98  0.22109 -1.30681e+02 |
98 variables; iteration 60; function evaluation 83; phase 2
Function value 2.1315816e+03; maximum gradient component mag 8.1879e+02
Var    Value     Gradient |Var    Value     Gradient |Var    Value     Gradient
  1  0.64247  8.18795e+02 |  2 -0.00248 -2.54989e+01 |  3  0.00335 -3.39565e+01
  4 -0.00333 -3.75865e+01 |  5 -0.00860 -2.49630e+01 |  6  0.01139 -2.66237e+01
  7  0.00938 -3.14791e+01 |  8  0.00816 -1.17161e+01 |  9  0.00591 -2.29869e+01
 10 -0.01556 -2.10082e+01 | 11  0.02723 -9.56023e+00 | 12  0.01836 -4.27409e+00
 13  0.00858 -8.91083e-01 | 14 -0.02130 -1.85599e+01 | 15 -0.00792  3.69313e+01
 16 -0.00959 -1.81898e+01 | 17  0.01282 -8.21345e+00 | 18  0.01475 -4.19355e+01
 19  0.04254  6.59940e+00 | 20 -0.01270  6.20024e+00 | 21 -0.02357 -1.67250e+01
 22 -0.00458 -3.94227e+01 | 23 -0.00099 -2.73800e+01 | 24  0.00262 -1.10102e+01
 25  0.00220 -1.03216e+01 | 26  0.00137 -1.30715e+01 | 27 -0.02822 -7.98157e+00
 28  0.00861 -4.52290e+00 | 29 -0.01328 -1.79767e+01 | 30  0.00967  3.14794e+01
 31 -0.01693 -1.80797e+01 | 32 -0.01238 -1.93624e+01 | 33 -0.00163 -7.36164e+00
 34  0.01413 -1.43710e+01 | 35  0.00651 -1.61973e+01 | 36 -0.00747 -1.97049e+00
 37 -0.03253 -1.96612e+01 | 38  0.00496 -2.30923e+01 | 39 -0.00378 -9.85944e+00
 40  0.02985  2.41037e+01 | 41  0.04640 -4.25548e+01 | 42  0.05928  5.49951e+01
 43  0.00539  9.51871e-01 | 44 -0.00919 -3.05256e+01 | 45 -0.00789  4.39740e+01
 46  0.00323  4.97720e+01 | 47 -0.03482 -1.18468e+00 | 48  0.02916  5.32717e+01
 49 -0.02476 -3.83903e+00 | 50  0.00903  1.42513e+02 | 51  0.00247 -3.24428e+01
 52 -0.01530 -8.89688e+00 | 53  0.04122  7.89366e+01 | 54  0.00106  5.87924e+01
 55 -0.00664 -2.62080e+01 | 56  0.00570  7.08265e+01 | 57  0.06862  5.34597e+01
 58 -0.01984  3.81926e+01 | 59 -0.01800  7.52832e+01 | 60 -0.02386  2.09862e+01
 61  0.03972  4.05578e+01 | 62  0.00264  7.29662e+01 | 63 -0.01443  6.70601e+01
 64  0.01160 -2.06971e+01 | 65 -0.01317  5.67943e+01 | 66 -0.01001  2.51136e+01
 67  0.02695  2.45045e+01 | 68 -0.00254 -7.59029e+01 | 69 -0.01521  7.02543e+01
 70 -0.03885  6.05506e+01 | 71  0.04153  5.83035e+01 | 72 -0.03093 -2.72996e+01
 73 -0.01968 -1.38410e+02 | 74  0.00693  1.78532e+01 | 75 -0.02102 -1.81706e+01
 76 -0.02376 -2.73775e+01 | 77 -0.00724 -3.30356e-01 | 78 -0.01801  2.79805e+01
 79 -0.00675  7.16058e+01 | 80 -0.03693  9.11797e+00 | 81  0.01662 -8.01834e+00
 82  0.02653  7.11602e+00 | 83 -0.01049 -1.23855e+01 | 84  0.00256  1.20839e+01
 85 -0.00066 -4.97000e+01 | 86  0.00463 -4.63765e+01 | 87  0.05584 -9.40671e+00
 88 -0.00736 -3.30348e+01 | 89  0.00295 -2.37332e+01 | 90 -0.02041 -2.97425e+01
 91 -0.00011 -2.99546e+01 | 92 -0.00680 -1.87054e+01 | 93 -0.03346 -3.35004e+01
 94 -0.00572 -3.09903e+01 | 95 -0.01081 -4.19129e+01 | 96 -0.01081 -4.19133e+01
 97  0.80301  5.69537e+00 | 98  0.22717  1.44378e+01 |
Maximum number of function evaluations exceeded

 - final statistics:
98 variables; iteration 73; function evaluation 100
Function value 2.1293e+03; maximum gradient component mag 2.9015e+02
Exit code = 3;  converg criter 1.0000e+01
Var    Value     Gradient |Var    Value     Gradient |Var    Value     Gradient
  1  0.64307  2.90146e+02 |  2 -0.00126 -6.04903e+00 |  3  0.00387 -1.57860e+01
  4  0.02304  4.31094e+01 |  5 -0.00929 -9.09192e+00 |  6  0.01287 -4.30313e+00
  7  0.01677  1.05159e+01 |  8  0.00446 -5.18197e+00 |  9  0.01104  1.54396e+01
 10 -0.01936 -1.65563e+01 | 11  0.02666  6.44117e+00 | 12  0.01886  1.65463e+01
 13  0.00368 -1.38816e+01 | 14 -0.01550  3.27299e+01 | 15 -0.01608 -7.33932e+00
 16 -0.00909  8.81014e-01 | 17  0.01144 -1.03665e+01 | 18  0.01574 -1.01957e+01
 19  0.04161  1.29025e+00 | 20 -0.01312  1.67729e+01 | 21 -0.02428 -6.39374e+00
 22 -0.00297  1.64024e-01 | 23 -0.00080 -8.49257e+00 | 24  0.00197 -5.10340e+00
 25  0.00136 -6.99641e+00 | 26  0.00081 -5.97881e+00 | 27 -0.02918 -3.86595e-01
 28  0.00770 -3.34298e+00 | 29 -0.01404 -1.48979e+01 | 30  0.00740  5.99862e+00
 31 -0.01790 -1.59148e+01 | 32 -0.01120  8.29203e+00 | 33 -0.00162  5.74387e+00
 34  0.01475  6.89538e+00 | 35  0.00698  1.32144e+00 | 36 -0.00716  1.42064e+01
 37 -0.03200 -3.88451e+00 | 38  0.00563 -7.12349e+00 | 39 -0.00522 -1.86726e+01
 40  0.02904  1.36539e+01 | 41  0.04762 -1.50801e+01 | 42  0.05775  4.67465e+00
 43  0.00355 -1.81064e+01 | 44 -0.00702  7.34244e-01 | 45 -0.01099  1.13978e+01
 46  0.00143  2.43146e+01 | 47 -0.03563 -1.15030e+00 | 48  0.02811  1.78846e+01
 49 -0.02414  7.83967e+00 | 50  0.00437  4.79620e+01 | 51  0.00457  7.21595e+00
 52 -0.01393  1.67071e+01 | 53  0.04022  2.50991e+01 | 54  0.00001  3.64940e+01
 55 -0.00533  1.05956e-01 | 56  0.00410  3.55639e+01 | 57  0.06834  6.14561e-01
 58 -0.02121  1.62087e+01 | 59 -0.01983  4.53244e+01 | 60 -0.02544 -1.94665e+00
 61  0.03904 -6.20771e+00 | 62  0.00087  2.47401e+01 | 63 -0.01630  3.15769e+01
 64  0.01196 -1.32949e+01 | 65 -0.01484  2.85870e+01 | 66 -0.01066  1.42927e+01
 67  0.02641 -1.08159e+00 | 68 -0.00108 -3.58081e+01 | 69 -0.01788  1.62646e+01
 70 -0.04205  1.58549e+01 | 71  0.04047 -1.35203e+01 | 72 -0.03073 -1.31082e+01
 73 -0.01654 -5.49869e+01 | 74  0.00613  1.46883e+00 | 75 -0.02120 -7.17660e+00
 76 -0.02367 -1.25892e+01 | 77 -0.00826 -1.71879e+01 | 78 -0.01997 -4.96502e+00
 79 -0.00966  5.10283e+00 | 80 -0.03852 -2.93604e+00 | 81  0.01594 -1.49794e+01
 82  0.02569 -5.25055e+00 | 83 -0.01058  6.36783e+00 | 84  0.00143  4.92146e+00
 85 -0.00024 -1.97432e+01 | 86  0.00478 -1.88554e+01 | 87  0.05455 -3.24374e+01
 88 -0.00745 -1.05776e+01 | 89  0.00187 -1.49062e+01 | 90 -0.02191 -2.18565e+01
 91 -0.00163 -2.43303e+01 | 92 -0.01244 -3.97452e+01 | 93 -0.02528  1.07361e+01
 94 -0.00535 -1.42135e+01 | 95 -0.00238 -1.27804e+01 | 96 -0.00236 -1.27601e+01
 97  0.80255 -1.51049e+01 | 98  0.22742  1.79723e+01 |

Initial statistics: 100 variables; iteration 0; function evaluation 0; phase 3
Function value 2.1293326e+03; maximum gradient component mag 2.8162e+02
Var    Value     Gradient |Var    Value     Gradient |Var    Value     Gradient
  1  0.64307  2.81622e+02 |  2 -0.00126 -5.89945e+00 |  3  0.00387 -1.53292e+01
  4  0.02304  4.16847e+01 |  5 -0.00929 -8.81228e+00 |  6  0.01287 -4.09820e+00
  7  0.01677  9.86685e+00 |  8  0.00446 -5.05982e+00 |  9  0.01104  1.51567e+01
 10 -0.01936 -1.60234e+01 | 11  0.02666  5.98690e+00 | 12  0.01886  1.77166e+01
 13  0.00368 -1.59318e+01 | 14 -0.01550  3.19918e+01 | 15 -0.01608 -6.30146e+00
 16 -0.00909  1.41609e+00 | 17  0.01144 -1.08583e+01 | 18  0.01574 -1.17251e+01
 19  0.04161  1.84737e+00 | 20 -0.01312  1.81210e+01 | 21 -0.02428 -6.32775e+00
 22 -0.00297 -7.38997e-01 | 23 -0.00080 -7.29675e+00 | 24  0.00197 -4.22130e+00
 25  0.00136 -7.14887e+00 | 26  0.00081 -6.34728e+00 | 27 -0.02918 -2.13023e+00
 28  0.00770 -5.77115e+00 | 29 -0.01404 -1.38445e+01 | 30  0.00740  5.93339e+00
 31 -0.01790 -1.61084e+01 | 32 -0.01120  8.00013e+00 | 33 -0.00162  5.20142e+00
 34  0.01475  6.28617e+00 | 35  0.00698  5.52493e-01 | 36 -0.00716  1.22366e+01
 37 -0.03200 -3.04578e+00 | 38  0.00563 -6.01524e+00 | 39 -0.00522 -1.77918e+01
 40  0.02904  1.32596e+01 | 41  0.04762 -1.70092e+01 | 42  0.05775  6.54496e+00
 43  0.00355 -1.76321e+01 | 44 -0.00702  1.46206e+00 | 45 -0.01099  1.14214e+01
 46  0.00143  2.34655e+01 | 47 -0.03563 -1.61891e+00 | 48  0.02811  1.82347e+01
 49 -0.02414  8.68884e+00 | 50  0.00437  4.61749e+01 | 51  0.00457  7.29751e+00
 52 -0.01393  1.60997e+01 | 53  0.04022  2.51639e+01 | 54  0.00001  3.43644e+01
 55 -0.00533  2.15262e+00 | 56  0.00410  3.09767e+01 | 57  0.06834  1.03116e+00
 58 -0.02121  1.80940e+01 | 59 -0.01983  4.50496e+01 | 60 -0.02544 -2.54845e+00
 61  0.03904 -5.90273e+00 | 62  0.00087  2.39500e+01 | 63 -0.01630  3.16404e+01
 64  0.01196 -1.25921e+01 | 65 -0.01484  2.54852e+01 | 66 -0.01066  1.36668e+01
 67  0.02641 -1.18156e+00 | 68 -0.00108 -3.43313e+01 | 69 -0.01788  1.57688e+01
 70 -0.04205  1.62566e+01 | 71  0.04047 -1.33357e+01 | 72 -0.03073 -1.26275e+01
 73 -0.01654 -5.22061e+01 | 74  0.00613  1.83632e+00 | 75 -0.02120 -9.30260e+00
 76 -0.02367 -1.18782e+01 | 77 -0.00826 -1.66881e+01 | 78 -0.01997 -6.43008e+00
 79 -0.00966  5.73407e+00 | 80 -0.03852 -2.82627e+00 | 81  0.01594 -1.44786e+01
 82  0.02569 -4.56891e+00 | 83 -0.01058  4.28576e+00 | 84  0.00143  6.23802e+00
 85 -0.00024 -1.75496e+01 | 86  0.00478 -1.83782e+01 | 87  0.05455 -3.02777e+01
 88 -0.00745 -9.84711e+00 | 89  0.00187 -1.43783e+01 | 90 -0.02191 -2.17031e+01
 91 -0.00163 -2.38582e+01 | 92 -0.01244 -3.81300e+01 | 93 -0.02528  1.03496e+01
 94 -0.00535 -1.38050e+01 | 95 -0.00238 -1.23896e+01 | 96 -0.00236 -1.23576e+01
 97  0.80255 -1.38211e+01 | 98 -0.41581 -2.72086e+02 | 99  0.22742  1.52257e+01
100 -0.25275 -2.73356e+00 |

Intermediate statistics: 100 variables; iteration 20; function evaluation 24; phase 3
Function value 2.1267093e+03; maximum gradient component mag 2.4262e+02
Var    Value     Gradient |Var    Value     Gradient |Var    Value     Gradient
  1  0.64090 -1.59282e+02 |  2 -0.00202  4.62973e+00 |  3  0.00813  5.18214e+00
  4  0.00214  3.51333e+00 |  5 -0.00830  4.78606e+00 |  6  0.01230  4.64338e+00
  7  0.01201  4.95188e+00 |  8  0.00441  4.60650e+00 |  9  0.00612  5.87678e+00
 10 -0.01645  4.15801e+00 | 11  0.02562  6.82311e+00 | 12  0.01663  1.05802e+01
 13  0.00481 -3.25483e-01 | 14 -0.02046  1.25137e+01 | 15 -0.01616  2.07853e+00
 16 -0.00967  4.11329e+00 | 17  0.01136 -7.16744e+00 | 18  0.01553 -9.43258e+00
 19  0.04128 -3.27505e+00 | 20 -0.01416  1.52302e+01 | 21 -0.02440  1.10258e+00
 22 -0.00311  2.29341e+00 | 23 -0.00091 -3.13209e+00 | 24  0.00177 -1.61450e+00
 25  0.00119 -4.27484e+00 | 26  0.00065 -3.67611e+00 | 27 -0.02944  3.12901e+00
 28  0.00753 -5.35254e+00 | 29 -0.01394 -6.91048e+00 | 30  0.00715  4.53175e+00
 31 -0.01763 -7.74036e+00 | 32 -0.01156  7.95950e+00 | 33 -0.00181  5.14686e+00
 34  0.01462  2.96783e+00 | 35  0.00694 -7.29723e-01 | 36 -0.00743  1.00739e+01
 37 -0.03184  2.39203e+00 | 38  0.00587 -6.45726e+00 | 39 -0.00451 -1.12283e+01
 40  0.02915  2.73855e+00 | 41  0.04790 -3.38184e+01 | 42  0.05828 -1.19576e+01
 43  0.00429 -1.68023e+01 | 44 -0.00658 -4.74175e-01 | 45 -0.01075  6.89852e+00
 46  0.00171  1.40436e+01 | 47 -0.03500  1.28297e+00 | 48  0.02841 -6.82958e+00
 49 -0.02376  5.49203e+00 | 50  0.00478  3.31892e+01 | 51  0.00499 -5.59399e+00
 52 -0.01350  1.04710e+01 | 53  0.04084  2.62372e+00 | 54  0.00002  1.72052e+01
 55 -0.00518 -1.19722e+01 | 56  0.00394  7.78243e+00 | 57  0.06805 -9.73244e+01
 58 -0.02092  1.39452e+01 | 59 -0.01956  3.94844e+01 | 60 -0.02509 -2.56986e+00
 61  0.03981 -1.29193e+01 | 62  0.00068  2.93685e+00 | 63 -0.01602  2.62624e+01
 64  0.01249 -1.78939e+01 | 65 -0.01458  1.95860e+01 | 66 -0.01062  3.34588e+00
 67  0.02664 -2.51705e+01 | 68 -0.00026 -2.60642e+01 | 69 -0.01751  1.48082e+01
 70 -0.04183  2.02039e+01 | 71  0.04186  2.44103e+01 | 72 -0.03036 -7.35464e+00
 73 -0.01561 -3.88155e+01 | 74  0.00638 -5.52055e+00 | 75 -0.02083 -8.18717e+00
 76 -0.02330 -7.55511e+00 | 77 -0.00760 -8.92054e+00 | 78 -0.01961 -1.68042e+00
 79 -0.00939  4.36758e+00 | 80 -0.03811  5.75920e+00 | 81  0.01663 -5.66792e+00
 82  0.02618  3.07483e-01 | 83 -0.00998  1.32150e+01 | 84  0.00193  1.44610e+01
 85  0.00059 -4.31842e+00 | 86  0.00563 -3.34859e+00 | 87  0.05479 -4.90564e+01
 88 -0.00636  7.12623e+00 | 89  0.00324  5.28569e+00 | 90 -0.02006  2.62618e+00
 91  0.00018  5.33072e-01 | 92 -0.00902 -3.04678e+00 | 93 -0.03010  5.68637e+00
 94 -0.00125  5.27760e+00 | 95  0.00060  5.17191e+00 | 96  0.00060  5.16897e+00
 97  0.85361 -3.29655e+01 | 98 -0.40816  2.42619e+02 | 99  0.22311  3.64312e+01
100 -0.25461 -1.08513e+02 |
100 variables; iteration 40; function evaluation 50; phase 3
Function value 2.1262548e+03; maximum gradient component mag 5.4290e+01
Var    Value     Gradient |Var    Value     Gradient |Var    Value     Gradient
  1  0.64130 -1.13417e+01 |  2 -0.00115  2.28165e+00 |  3  0.00911  3.43388e+00
  4  0.00436  4.71330e+00 |  5 -0.00821  1.21290e+00 |  6  0.01182 -4.79705e-02
  7  0.01174  9.67266e-01 |  8  0.00413  5.87891e-01 |  9  0.00559  1.11526e+00
 10 -0.01595  2.80857e+00 | 11  0.02491  1.01800e+00 | 12  0.01528  5.68742e-01
 13  0.00617  7.32668e+00 | 14 -0.02129  5.89789e+00 | 15 -0.01580  3.18023e+00
 16 -0.00984  2.19077e+00 | 17  0.01167 -1.90784e+00 | 18  0.01627  2.87292e+00
 19  0.04134  1.67072e+00 | 20 -0.01606 -5.87144e+00 | 21 -0.02455 -2.22387e+00
 22 -0.00314  1.51163e+00 | 23 -0.00082 -1.95977e+00 | 24  0.00189  6.75581e-01
 25  0.00148  6.44842e-01 | 26  0.00090  5.67281e-01 | 27 -0.02979 -1.31202e+00
 28  0.00785  1.18850e+00 | 29 -0.01358 -2.70291e+00 | 30  0.00673 -2.24312e-01
 31 -0.01686  5.97689e-01 | 32 -0.01234 -1.30512e+00 | 33 -0.00216  1.02602e+00
 34  0.01429 -3.95530e-01 | 35  0.00695  6.09349e-01 | 36 -0.00825  3.03909e-01
 37 -0.03204 -7.63722e-01 | 38  0.00611 -2.29422e+00 | 39 -0.00334  1.79045e+00
 40  0.02866 -2.42150e+00 | 41  0.04918  6.44382e-02 | 42  0.05880  9.73341e+00
 43  0.00514 -4.87130e+00 | 44 -0.00653  2.07082e-01 | 45 -0.01131 -9.59392e-02
 46  0.00057 -2.03556e+00 | 47 -0.03522 -2.08158e+00 | 48  0.02843 -9.90171e-01
 49 -0.02410  9.42371e-01 | 50  0.00294  4.53672e-01 | 51  0.00508 -2.81615e+00
 52 -0.01431 -2.27897e+00 | 53  0.04057 -3.23859e+00 | 54 -0.00097 -3.93482e+00
 55 -0.00462  3.89926e-01 | 56  0.00307 -9.34934e+00 | 57  0.06935  2.50531e+00
 58 -0.02163  1.94860e+00 | 59 -0.02190 -6.94591e-01 | 60 -0.02489 -7.70790e-01
 61  0.03989  2.66350e-01 | 62  0.00070  4.66051e+00 | 63 -0.01769 -7.26045e+00
 64  0.01196 -3.53612e+01 | 65 -0.01576 -4.75512e+00 | 66 -0.01047  8.92252e+00
 67  0.02711  4.80913e+00 | 68  0.00055  2.10096e-01 | 69 -0.01826  6.65055e-02
 70 -0.04321 -3.00177e+00 | 71  0.04128 -1.01679e+00 | 72 -0.03008 -1.99938e+00
 73 -0.01406  1.98479e+00 | 74  0.00611 -1.03910e+01 | 75 -0.02062 -2.29743e+00
 76 -0.02296  7.35089e-01 | 77 -0.00727  2.59018e+00 | 78 -0.01932  4.71530e+00
 79 -0.00952  1.42557e+00 | 80 -0.03839 -6.15637e-01 | 81  0.01715  1.44086e+01
 82  0.02617 -5.01121e-01 | 83 -0.01048 -6.37739e-02 | 84  0.00167  3.29668e+00
 85  0.00091 -1.60012e+00 | 86  0.00582 -3.11202e+00 | 87  0.05609  3.06802e+00
 88 -0.00640 -2.76855e-01 | 89  0.00345  1.26698e-01 | 90 -0.01958 -3.94276e-01
 91  0.00093  1.38037e+00 | 92 -0.00752  1.60883e+00 | 93 -0.03039  7.20784e-01
 94  0.00029  3.44471e+00 | 95  0.00126  1.82840e+00 | 96  0.00125  1.81982e+00
 97  0.85337 -1.10237e+01 | 98 -0.40861  5.42900e+01 | 99  0.22276 -1.64325e+00
100 -0.25434  3.75861e+00 |
100 variables; iteration 60; function evaluation 76; phase 3
Function value 2.1261875e+03; maximum gradient component mag 3.9454e+01
Var    Value     Gradient |Var    Value     Gradient |Var    Value     Gradient
  1  0.64085 -1.27582e+01 |  2 -0.00144  1.48296e+00 |  3  0.00746 -3.70711e-01
  4  0.00261  4.40297e-01 |  5 -0.00867 -1.57118e-01 |  6  0.01205  2.10948e-02
  7  0.01177  3.84440e-01 |  8  0.00406 -3.15327e-01 |  9  0.00574  8.66667e-01
 10 -0.01634  7.96186e-01 | 11  0.02516  1.12648e+00 | 12  0.01544  1.55136e-01
 13  0.00522 -3.89509e-01 | 14 -0.02211  2.90916e-01 | 15 -0.01606  1.87089e-01
 16 -0.01035 -3.54498e+00 | 17  0.01196 -1.73875e-01 | 18  0.01616 -5.97521e-01
 19  0.04122 -3.62584e+00 | 20 -0.01552 -1.36918e+00 | 21 -0.02452 -2.75926e+00
 22 -0.00323 -1.12765e+00 | 23 -0.00058 -1.98186e-01 | 24  0.00199  6.13590e-01
 25  0.00155  5.14759e-02 | 26  0.00091 -6.46479e-01 | 27 -0.02932  2.23731e+00
 28  0.00781 -8.74729e-01 | 29 -0.01330 -5.24634e-01 | 30  0.00689  8.23100e-01
 31 -0.01675  8.06250e-01 | 32 -0.01209  5.27869e-01 | 33 -0.00216 -3.49033e-01
 34  0.01436 -9.34427e-01 | 35  0.00696 -6.72893e-01 | 36 -0.00804  1.60098e+00
 37 -0.03199 -1.11336e+00 | 38  0.00624 -2.05307e+00 | 39 -0.00341 -3.87271e-01
 40  0.02872 -3.46995e+00 | 41  0.04934  7.81490e-01 | 42  0.05866  2.54068e+00
 43  0.00569  5.25301e-01 | 44 -0.00652 -1.07166e+00 | 45 -0.01127 -1.09077e+00
 46  0.00073 -1.44763e+00 | 47 -0.03483  4.49837e-01 | 48  0.02878  4.46226e+00
 49 -0.02417 -1.39923e+00 | 50  0.00301 -4.78712e-01 | 51  0.00536  2.65292e-01
 52 -0.01407 -2.16968e-01 | 53  0.04076 -7.00852e-01 | 54 -0.00078 -2.31694e+00
 55 -0.00460 -1.12052e+00 | 56  0.00355 -4.87782e-01 | 57  0.06944  2.02382e+00
 58 -0.02181 -2.79837e+00 | 59 -0.02176 -1.60620e-01 | 60 -0.02465  1.49518e+00
 61  0.03999 -3.50335e-01 | 62  0.00077  4.17541e+00 | 63 -0.01726  7.92381e-01
 64  0.01310 -2.57104e-01 | 65 -0.01555 -1.25371e+00 | 66 -0.01085 -2.88031e+00
 67  0.02715  9.79613e-01 | 68  0.00073  1.84443e+00 | 69 -0.01812  1.09172e+00
 70 -0.04300 -1.38787e+00 | 71  0.04139 -8.47702e-01 | 72 -0.02980  1.06764e+00
 73 -0.01411 -1.95692e+00 | 74  0.00653  5.18732e-01 | 75 -0.02034  1.99656e+00
 76 -0.02260  6.19400e+00 | 77 -0.00720  1.47251e+00 | 78 -0.01926  2.83678e+00
 79 -0.00955 -2.77937e+00 | 80 -0.03821 -1.04509e-01 | 81  0.01689  1.06928e+00
 82  0.02631 -9.57750e-02 | 83 -0.01031  1.15739e+00 | 84  0.00160 -1.52000e+00
 85  0.00103 -1.71770e+00 | 86  0.00612  5.88906e-01 | 87  0.05620  2.23648e+00
 88 -0.00626 -3.39902e-01 | 89  0.00355 -6.67310e-01 | 90 -0.01948 -9.99899e-01
 91  0.00099  4.30542e-01 | 92 -0.00742  1.38951e+00 | 93 -0.03027  9.22604e-01
 94 -0.00117  1.11234e+00 | 95 -0.00025 -5.23048e-01 | 96 -0.00024 -5.18313e-01
 97  0.85696 -7.39101e+00 | 98 -0.40830  3.94544e+01 | 99  0.22305 -1.39674e+00
100 -0.25422  4.74883e+00 |
Maximum number of function evaluations exceeded

 - final statistics:
100 variables; iteration 78; function evaluation 100
Function value 2.1262e+03; maximum gradient component mag 2.0266e+01
Exit code = 3;  converg criter 1.0000e+00
Var    Value     Gradient |Var    Value     Gradient |Var    Value     Gradient
  1  0.64084 -6.95934e+00 |  2 -0.00219 -3.19673e-02 |  3  0.00761 -1.83527e-01
  4  0.00261  3.21068e-01 |  5 -0.00840  3.22633e-01 |  6  0.01225  4.89728e-01
  7  0.01164 -7.05066e-02 |  8  0.00412 -1.98026e-01 |  9  0.00560  3.13939e-01
 10 -0.01659 -1.30089e-01 | 11  0.02491 -3.33935e-01 | 12  0.01540  4.01607e-02
 13  0.00515 -6.93189e-01 | 14 -0.02220 -1.35635e-01 | 15 -0.01609  1.73583e-01
 16 -0.00999 -2.17038e-01 | 17  0.01194  5.86293e-02 | 18  0.01615 -1.96708e-01
 19  0.04135  4.80199e-01 | 20 -0.01539  4.20145e-01 | 21 -0.02428 -1.54182e-01
 22 -0.00319 -2.06192e-01 | 23 -0.00060 -1.33650e-01 | 24  0.00194  9.85179e-02
 25  0.00153 -6.26615e-03 | 26  0.00093 -1.82256e-01 | 27 -0.02955  1.62164e-01
 28  0.00785 -1.72919e-02 | 29 -0.01327  3.39134e-02 | 30  0.00681 -1.47449e-01
 31 -0.01684 -3.67902e-02 | 32 -0.01216 -1.45927e-01 | 33 -0.00216 -2.16465e-01
 34  0.01440 -6.49449e-02 | 35  0.00699 -9.01210e-02 | 36 -0.00817  1.44243e-01
 37 -0.03195 -8.43998e-01 | 38  0.00640  3.39584e-01 | 39 -0.00339  7.14815e-02
 40  0.02890 -5.81398e-02 | 41  0.04927 -4.03137e-01 | 42  0.05851 -1.10945e+00
 43  0.00567  3.53155e-01 | 44 -0.00646 -3.10032e-01 | 45 -0.01122 -3.19693e-01
 46  0.00082 -1.01585e-01 | 47 -0.03488 -6.02026e-02 | 48  0.02859 -1.78879e-01
 49 -0.02408 -3.74360e-01 | 50  0.00301 -4.85677e-01 | 51  0.00536  2.59180e-01
 52 -0.01404  1.37015e-01 | 53  0.04076 -4.55147e-01 | 54 -0.00069 -2.14360e-01
 55 -0.00456 -1.35933e-01 | 56  0.00356 -1.47333e-01 | 57  0.06941  5.19220e-01
 58 -0.02165 -3.13286e-01 | 59 -0.02177 -3.31773e-01 | 60 -0.02472  3.03813e-01
 61  0.04000 -2.27333e-01 | 62  0.00061 -2.41792e-01 | 63 -0.01729 -4.30746e-02
 64  0.01317  2.16294e+00 | 65 -0.01550  4.01985e-02 | 66 -0.01075 -4.91972e-01
 67  0.02712 -1.47458e-01 | 68  0.00069  4.24182e-01 | 69 -0.01819 -6.82975e-01
 70 -0.04290 -1.55503e-01 | 71  0.04139 -5.65015e-01 | 72 -0.02983  5.80863e-01
 73 -0.01404  1.08142e-02 | 74  0.00654  6.83837e-01 | 75 -0.02041  1.43802e-01
 76 -0.02279  1.52813e+00 | 77 -0.00723 -1.30386e-01 | 78 -0.01940 -5.26152e-01
 79 -0.00945 -2.32576e-01 | 80 -0.03819  1.01097e-01 | 81  0.01685 -7.32957e-01
 82  0.02632  3.31855e-02 | 83 -0.01037 -4.68437e-01 | 84  0.00164 -7.19014e-01
 85  0.00114  3.66859e-01 | 86  0.00616  1.16134e+00 | 87  0.05620  9.51761e-01
 88 -0.00620  2.04708e-01 | 89  0.00363  1.97388e-01 | 90 -0.01928  6.72689e-01
 91  0.00100  7.65608e-03 | 92 -0.00756 -1.19941e-01 | 93 -0.03039  3.51091e-01
 94 -0.00182 -7.53426e-02 | 95  0.00024  8.07681e-02 | 96  0.00024  8.20253e-02
 97  0.85897 -3.91558e+00 | 98 -0.40814  2.02657e+01 | 99  0.22302 -7.46638e-01
100 -0.25423  2.39779e+00 |

Initial statistics: 108 variables; iteration 0; function evaluation 0; phase 4
Function value 2.1261740e+03; maximum gradient component mag -6.8189e+02
Var    Value     Gradient |Var    Value     Gradient |Var    Value     Gradient
  1 -0.42263 -7.26840e+00 |  2 -0.42263 -6.81888e+02 |  3 -0.41094 -1.28508e+02
  4  0.64084 -6.94849e+00 |  5  0.00000 -3.12780e+01 |  6  0.00000  5.72158e-03
  7  0.00000  3.48331e+00 |  8  0.00000 -7.97941e+00 |  9  0.00000  6.85622e-01
 10 -0.00219 -3.06492e-02 | 11  0.00761 -1.80539e-01 | 12  0.00261  3.21687e-01
 13 -0.00840  3.25647e-01 | 14  0.01225  4.90033e-01 | 15  0.01164 -6.85453e-02
 16  0.00412 -1.95269e-01 | 17  0.00560  3.15314e-01 | 18 -0.01659 -1.28270e-01
 19  0.02491 -3.30894e-01 | 20  0.01540  4.26598e-02 | 21  0.00515 -6.89339e-01
 22 -0.02220 -1.33396e-01 | 23 -0.01609  1.73185e-01 | 24 -0.00999 -2.09461e-01
 25  0.01194  6.87812e-02 | 26  0.01615 -1.96075e-01 | 27  0.04135  4.86129e-01
 28 -0.01539  4.22516e-01 | 29 -0.02428 -1.44109e-01 | 30 -0.00319 -2.10033e-01
 31 -0.00060 -1.25905e-01 | 32  0.00194  1.03639e-01 | 33  0.00153 -4.22382e-03
 34  0.00093 -1.80286e-01 | 35 -0.02955  1.68705e-01 | 36  0.00785 -1.89741e-02
 37 -0.01327  2.85712e-02 | 38  0.00681 -1.44941e-01 | 39 -0.01684 -4.14805e-02
 40 -0.01216 -1.52103e-01 | 41 -0.00216 -2.06154e-01 | 42  0.01440 -5.52363e-02
 43  0.00699 -8.83196e-02 | 44 -0.00817  1.44417e-01 | 45 -0.03195 -8.46453e-01
 46  0.00640  3.42003e-01 | 47 -0.00339  7.54307e-02 | 48  0.02890 -6.09566e-02
 49  0.04927 -3.98470e-01 | 50  0.05851 -1.10742e+00 | 51  0.00567  3.53851e-01
 52 -0.00646 -3.13129e-01 | 53 -0.01122 -3.23821e-01 | 54  0.00082 -1.01629e-01
 55 -0.03488 -5.16236e-02 | 56  0.02859 -1.78090e-01 | 57 -0.02408 -3.69414e-01
 58  0.00301 -4.74485e-01 | 59  0.00536  2.59109e-01 | 60 -0.01404  1.32962e-01
 61  0.04076 -4.50686e-01 | 62 -0.00069 -2.27168e-01 | 63 -0.00456 -1.39768e-01
 64  0.00356 -1.32918e-01 | 65  0.06941  5.19871e-01 | 66 -0.02165 -3.15647e-01
 67 -0.02177 -3.37892e-01 | 68 -0.02472  2.96067e-01 | 69  0.04000 -2.25140e-01
 70  0.00061 -2.41258e-01 | 71 -0.01729 -4.15128e-02 | 72  0.01317  2.16200e+00
 73 -0.01550  4.73212e-02 | 74 -0.01075 -4.86450e-01 | 75  0.02712 -1.46127e-01
 76  0.00069  4.23206e-01 | 77 -0.01819 -6.69645e-01 | 78 -0.04290 -1.45258e-01
 79  0.04139 -5.63009e-01 | 80 -0.02983  5.83496e-01 | 81 -0.01404  1.26275e-02
 82  0.00654  6.85333e-01 | 83 -0.02041  1.39605e-01 | 84 -0.02279  1.52547e+00
 85 -0.00723 -1.29931e-01 | 86 -0.01940 -5.21088e-01 | 87 -0.00945 -2.32149e-01
 88 -0.03819  1.04714e-01 | 89  0.01685 -7.31623e-01 | 90  0.02632  3.58328e-02
 91 -0.01037 -4.83389e-01 | 92  0.00164 -7.17215e-01 | 93  0.00114  3.80446e-01
 94  0.00616  1.15264e+00 | 95  0.05620  9.52397e-01 | 96 -0.00620  2.07595e-01
 97  0.00363  2.00440e-01 | 98 -0.01928  6.68545e-01 | 99  0.00100  1.63900e-02
100 -0.00756 -1.16260e-01 |101 -0.03039  3.52890e-01 |102 -0.00182 -7.34931e-02
103  0.00024  8.25544e-02 |104  0.00024  8.40300e-02 |105  0.85897 -3.91011e+00
106 -0.40814  2.02391e+01 |107  0.22302 -7.41284e-01 |108 -0.25423  2.39566e+00

Intermediate statistics: 108 variables; iteration 20; function evaluation 26; phase 4
Function value 2.1259182e+03; maximum gradient component mag -6.0549e+02
Var    Value     Gradient |Var    Value     Gradient |Var    Value     Gradient
  1 -0.42075 -2.53212e+01 |  2 -0.42208 -6.05490e+02 |  3 -0.41277 -1.79055e+02
  4  0.64068  1.05150e+01 |  5  0.00746 -1.45448e+01 |  6 -0.00136 -1.08763e+00
  7 -0.00265  1.64363e-01 |  8  0.00214 -3.47315e+00 |  9 -0.00083 -1.31413e-01
 10 -0.00291 -8.23002e-01 | 11  0.00716 -5.78251e-01 | 12  0.00215 -1.61273e-01
 13 -0.00885 -1.38733e-01 | 14  0.01181  3.08779e-01 | 15  0.01131  1.72423e-01
 16  0.00386  2.37119e-01 | 17  0.00537  9.48788e-01 | 18 -0.01675  4.36621e-01
 19  0.02508  3.26811e+00 | 20  0.01562  3.76474e+00 | 21  0.00538  2.84922e+00
 22 -0.02209  1.75706e+00 | 23 -0.01587  3.03924e+00 | 24 -0.00974  3.35179e+00
 25  0.01224  5.80668e+00 | 26  0.01644  6.08033e+00 | 27  0.04169  1.09759e+01
 28 -0.01511  4.17341e+00 | 29 -0.02409  2.08139e+00 | 30 -0.00302  3.24958e+00
 31 -0.00037  4.13373e+00 | 32  0.00219  4.47193e+00 | 33  0.00175  3.69889e+00
 34  0.00114  3.44079e+00 | 35 -0.02936  1.96883e+00 | 36  0.00803  3.23467e+00
 37 -0.01309  2.15010e+00 | 38  0.00696  2.20235e+00 | 39 -0.01671  1.29691e+00
 40 -0.01202  1.47516e+00 | 41 -0.00202  1.17250e+00 | 42  0.01453  1.66742e+00
 43  0.00711  1.30755e+00 | 44 -0.00803  1.36830e+00 | 45 -0.03191 -9.72710e-01
 46  0.00651  1.17683e+00 | 47 -0.00328  5.09841e-01 | 48  0.02892 -4.46656e-01
 49  0.04918 -2.57049e+00 | 50  0.05826 -7.73360e+00 | 51  0.00568  1.44338e-01
 52 -0.00650 -1.54970e+00 | 53 -0.01126 -1.89986e+00 | 54  0.00075 -3.11133e+00
 55 -0.03488 -1.33114e+00 | 56  0.02834 -9.58866e+00 | 57 -0.02410 -2.48542e+00
 58  0.00285 -6.82318e+00 | 59  0.00517 -7.25731e+00 | 60 -0.01416 -4.72221e+00
 61  0.04065 -9.58495e+00 | 62 -0.00078 -4.80777e+00 | 63 -0.00473 -6.01390e+00
 64  0.00342 -6.44964e+00 | 65  0.06939 -6.14993e+00 | 66 -0.02173 -2.93009e+00
 67 -0.02186 -2.58404e+00 | 68 -0.02476 -1.46711e+00 | 69  0.04021  8.29703e+00
 70  0.00068  8.25963e-01 | 71 -0.01728 -6.14733e-01 | 72  0.01324  2.71444e+00
 73 -0.01541  1.47150e+00 | 74 -0.01074 -1.31598e+00 | 75  0.02735  9.12429e+00
 76  0.00084  3.94550e+00 | 77 -0.01819 -8.42991e-01 | 78 -0.04291 -5.76663e-01
 79  0.04184  2.44410e+01 | 80 -0.02974  2.42498e+00 | 81 -0.01402 -1.25618e-01
 82  0.00667  3.32969e+00 | 83 -0.02042 -7.57973e-01 | 84 -0.02285 -1.70517e+00
 85 -0.00726 -2.70753e+00 | 86 -0.01943 -2.91723e+00 | 87 -0.00958 -5.60486e+00
 88 -0.03823 -1.99324e+00 | 89  0.01687 -1.41793e+00 | 90  0.02637 -6.38669e-02
 91 -0.01041 -1.68675e+00 | 92  0.00142 -8.54889e+00 | 93  0.00089 -7.04356e+00
 94  0.00600 -4.73675e+00 | 95  0.05625  1.62542e+00 | 96 -0.00629 -1.99310e+00
 97  0.00330 -6.84014e+00 | 98 -0.01940 -1.52860e+00 | 99  0.00088 -1.75939e+00
100 -0.00738  9.12300e-01 |101 -0.03031  6.77297e-01 |102 -0.00188 -3.23395e-01
103  0.00013 -3.43577e-01 |104  0.00013 -3.43148e-01 |105  0.85990  8.12911e+00
106 -0.40814 -7.16119e+01 |107  0.22356 -1.09696e+01 |108 -0.25391  4.00153e+01
108 variables; iteration 40; function evaluation 46; phase 4
Function value 2.1256802e+03; maximum gradient component mag -4.4815e+01
Var    Value     Gradient |Var    Value     Gradient |Var    Value     Gradient
  1 -0.41979 -1.43447e+00 |  2 -0.42130 -4.48146e+01 |  3 -0.41382 -1.13460e+01
  4  0.63977  2.67785e-01 |  5  0.01352  2.74289e-01 |  6 -0.00135 -2.09474e-01
  7 -0.00281  6.90380e-01 |  8  0.00350 -3.36910e-01 |  9 -0.00068  7.23775e-01
 10 -0.00258  7.70158e-01 | 11  0.00660 -8.08331e-01 | 12  0.00129 -1.19389e+00
 13 -0.00973 -1.23903e+00 | 14  0.01102 -6.41274e-01 | 15  0.01081  1.04316e-02
 16  0.00348  2.99882e-01 | 17  0.00400 -2.71089e+00 | 18 -0.01729 -3.77662e-01
 19  0.02557  7.92052e+00 | 20  0.01498  9.05566e-01 | 21  0.00425 -3.86735e+00
 22 -0.02097  8.31868e+00 | 23 -0.01623  5.66096e-01 | 24 -0.00974  3.10017e+00
 25  0.01144 -4.75564e+00 | 26  0.01620  2.29221e+00 | 27  0.04123  4.28989e-01
 28 -0.01553 -1.33124e-01 | 29 -0.02436 -4.74624e-01 | 30 -0.00351 -3.65842e+00
 31 -0.00086 -2.54193e+00 | 32  0.00195  1.95334e+00 | 33  0.00145  3.52105e-01
 34  0.00074 -1.80789e+00 | 35 -0.03002 -3.65708e+00 | 36  0.00774 -8.35213e-01
 37 -0.01308  2.94341e+00 | 38  0.00676 -2.69732e-01 | 39 -0.01692 -7.23149e-01
 40 -0.01198  2.43171e+00 | 41 -0.00227 -1.11897e+00 | 42  0.01436 -6.51922e-02
 43  0.00701  3.22505e-01 | 44 -0.00807  1.30296e+00 | 45 -0.03183  7.88132e-02
 46  0.00659  2.70398e+00 | 47 -0.00324  1.87199e+00 | 48  0.02903  1.93290e+00
 49  0.04918 -2.97215e+00 | 50  0.05857 -8.83511e-01 | 51  0.00574  1.48718e-01
 52 -0.00652 -2.34722e+00 | 53 -0.01127 -2.34648e+00 | 54  0.00089 -1.05814e+00
 55 -0.03493 -1.76095e+00 | 56  0.02865 -2.07342e+00 | 57 -0.02405 -1.23554e+00
 58  0.00331  2.84153e+00 | 59  0.00542 -1.38185e+00 | 60 -0.01408 -2.92475e+00
 61  0.04092 -9.10780e-01 | 62 -0.00058 -1.41526e+00 | 63 -0.00437  7.29394e-01
 64  0.00367 -1.07782e+00 | 65  0.06953 -7.84728e-01 | 66 -0.02129  3.10821e+00
 67 -0.02130  4.49581e+00 | 68 -0.02466 -1.19480e+00 | 69  0.04011 -2.56309e-02
 70  0.00075  2.73158e-01 | 71 -0.01726 -1.92186e+00 | 72  0.01323 -7.09269e-01
 73 -0.01556 -4.06949e+00 | 74 -0.01058  5.34572e-01 | 75  0.02724  4.66967e-02
 76  0.00080 -1.59645e-01 | 77 -0.01801  1.60778e-01 | 78 -0.04275  1.42948e-01
 79  0.04156  9.96550e-01 | 80 -0.02962  1.48540e+00 | 81 -0.01388  8.86120e-02
 82  0.00669 -4.74292e-01 | 83 -0.02027 -8.50776e-01 | 84 -0.02272 -1.04808e+00
 85 -0.00708 -1.29757e+00 | 86 -0.01923 -1.23335e+00 | 87 -0.00922  4.72119e-01
 88 -0.03806 -1.59779e+00 | 89  0.01710  1.19412e-01 | 90  0.02657 -2.15297e-01
 91 -0.01012 -6.79763e-01 | 92  0.00196 -1.21701e-01 | 93  0.00144  3.31299e-01
 94  0.00640 -1.41523e+00 | 95  0.05661  5.82081e-01 | 96 -0.00587 -1.66366e+00
 97  0.00423  2.31070e+00 | 98 -0.01846  4.41015e+00 | 99  0.00193  5.67513e+00
100 -0.00661  3.62218e+00 |101 -0.03052 -1.04559e+00 |102 -0.00184  1.35957e-02
103  0.00014 -2.29790e-02 |104  0.00014 -2.30849e-02 |105  0.85932 -2.90220e-02
106 -0.40818 -3.75601e+00 |107  0.22414  9.71067e-01 |108 -0.25400  2.52847e+00
108 variables; iteration 60; function evaluation 74; phase 4
Function value 2.1256530e+03; maximum gradient component mag -5.6019e+00
Var    Value     Gradient |Var    Value     Gradient |Var    Value     Gradient
  1 -0.41965  1.63284e-01 |  2 -0.42123 -5.60188e+00 |  3 -0.41396 -1.18739e+00
  4  0.63967 -5.30133e-01 |  5  0.01346  1.35895e-01 |  6 -0.00098  3.72334e-01
  7 -0.00317  9.71611e-02 |  8  0.00368 -3.98575e-02 |  9 -0.00111 -6.04097e-02
 10 -0.00311 -2.07138e-01 | 11  0.00674 -4.99336e-01 | 12  0.00175 -1.30851e-01
 13 -0.00923 -8.91974e-02 | 14  0.01128  7.91436e-02 | 15  0.01092  3.50813e-01
 16  0.00353  4.83508e-01 | 17  0.00465 -3.56234e-01 | 18 -0.01715  3.14922e-02
 19  0.02459  1.65761e+00 | 20  0.01467 -1.36698e+00 | 21  0.00484 -2.73959e-01
 22 -0.02230  7.10122e-01 | 23 -0.01611  1.18381e+00 | 24 -0.01002  5.57600e-01
 25  0.01179 -4.38873e-01 | 26  0.01604 -1.24097e-02 | 27  0.04122  8.81238e-02
 28 -0.01554 -1.99676e-01 | 29 -0.02431  1.53246e-01 | 30 -0.00327 -5.51605e-01
 31 -0.00072 -6.75286e-01 | 32  0.00186  4.23027e-01 | 33  0.00144 -9.37403e-03
 34  0.00083 -5.20019e-01 | 35 -0.02964  4.66020e-02 | 36  0.00779 -3.88241e-02
 37 -0.01333  7.15296e-03 | 38  0.00678  4.12917e-02 | 39 -0.01681  4.25942e-01
 40 -0.01220 -1.51729e-01 | 41 -0.00220 -7.84541e-02 | 42  0.01435 -5.36220e-02
 43  0.00699  3.05385e-01 | 44 -0.00819  3.50945e-02 | 45 -0.03188 -3.27112e-01
 46  0.00649  1.37954e+00 | 47 -0.00340  2.85413e-02 | 48  0.02892  1.43695e-01
 49  0.04930 -3.50898e-01 | 50  0.05859 -4.67111e-01 | 51  0.00570 -4.70174e-01
 52 -0.00634 -2.99928e-01 | 53 -0.01109 -1.84608e-01 | 54  0.00096  1.25971e-02
 55 -0.03477 -3.08083e-01 | 56  0.02870 -1.21124e+00 | 57 -0.02396 -3.51116e-01
 58  0.00322  7.73637e-01 | 59  0.00549 -1.48860e-01 | 60 -0.01386  2.41163e-01
 61  0.04094 -2.38388e-01 | 62 -0.00050  4.53235e-01 | 63 -0.00437  5.21984e-01
 64  0.00372  5.91683e-02 | 65  0.06956 -1.56796e-01 | 66 -0.02140  8.86736e-01
 67 -0.02148  9.97400e-01 | 68 -0.02459 -2.96091e-01 | 69  0.04012 -1.45816e-01
 70  0.00077  6.88858e-01 | 71 -0.01717 -2.35874e-01 | 72  0.01326 -4.55052e-03
 73 -0.01542 -1.42183e+00 | 74 -0.01068 -2.06056e+00 | 75  0.02726  1.18762e-01
 76  0.00081 -1.60454e-01 | 77 -0.01800  1.32614e-01 | 78 -0.04276 -4.10930e-02
 79  0.04156 -3.78115e-02 | 80 -0.02966  3.92271e-01 | 81 -0.01391 -1.25568e+00
 82  0.00671  1.07951e-02 | 83 -0.02022 -1.02874e-01 | 84 -0.02269 -2.28647e-01
 85 -0.00703 -2.69216e-01 | 86 -0.01919 -3.76504e-01 | 87 -0.00920  6.86953e-01
 88 -0.03797 -3.46383e-02 | 89  0.01711  1.03708e-01 | 90  0.02657  3.01647e-02
 91 -0.01009 -5.01910e-02 | 92  0.00199  1.03283e+00 | 93  0.00142  1.98378e-01
 94  0.00638 -1.10350e+00 | 95  0.05656  1.28445e-01 | 96 -0.00581  2.02213e-01
 97  0.00404 -1.57150e-01 | 98 -0.01878  1.49762e+00 | 99  0.00144  5.83273e-01
100 -0.00721  5.97474e-02 |101 -0.03029  2.28468e-02 |102 -0.00184 -1.85101e-05
103  0.00019  7.14328e-02 |104  0.00019  7.15948e-02 |105  0.85976 -1.16203e-01
106 -0.40813 -2.92703e-01 |107  0.22329  4.90185e-03 |108 -0.25427 -4.23081e-02

 - final statistics:
108 variables; iteration 77; function evaluation 97
Function value 2.1257e+03; maximum gradient component mag -8.2832e-01
Exit code = 1;  converg criter 1.0000e+00
Var    Value     Gradient |Var    Value     Gradient |Var    Value     Gradient
  1 -0.41979 -4.41332e-02 |  2 -0.42124 -8.28321e-01 |  3 -0.41392 -1.54385e-01
  4  0.63966 -6.37038e-02 |  5  0.01342  3.63072e-02 |  6 -0.00120  1.62239e-02
  7 -0.00318  8.77363e-02 |  8  0.00374  5.91902e-02 |  9 -0.00108 -1.28690e-02
 10 -0.00304 -9.29846e-02 | 11  0.00699  2.37622e-02 | 12  0.00184  4.02354e-02
 13 -0.00917  1.37777e-02 | 14  0.01131  1.55667e-01 | 15  0.01078 -8.62781e-02
 16  0.00339 -5.95149e-03 | 17  0.00477  4.23194e-02 | 18 -0.01720 -1.57197e-01
 19  0.02436  2.04129e-01 | 20  0.01488 -5.12980e-02 | 21  0.00488 -4.70023e-02
 22 -0.02239  1.76835e-01 | 23 -0.01625  1.68999e-01 | 24 -0.01006  1.19925e-01
 25  0.01184  1.50382e-01 | 26  0.01604 -5.48977e-02 | 27  0.04121 -6.94033e-02
 28 -0.01552 -2.40686e-02 | 29 -0.02433 -4.93385e-02 | 30 -0.00324 -1.63878e-01
 31 -0.00068 -1.29423e-01 | 32  0.00185  2.57460e-01 | 33  0.00144  3.08525e-02
 34  0.00085 -1.59959e-01 | 35 -0.02964 -4.10264e-02 | 36  0.00779  1.60300e-02
 37 -0.01331  1.34338e-01 | 38  0.00677 -1.14718e-01 | 39 -0.01682  3.64920e-01
 40 -0.01219  4.58829e-03 | 41 -0.00221 -2.27741e-01 | 42  0.01435 -6.08694e-02
 43  0.00697 -3.76712e-03 | 44 -0.00820  1.71394e-03 | 45 -0.03184  7.01448e-02
 46  0.00640  1.33383e-01 | 47 -0.00340 -2.56956e-02 | 48  0.02890 -3.06448e-01
 49  0.04932  5.46883e-02 | 50  0.05860 -1.47707e-01 | 51  0.00574  5.48509e-02
 52 -0.00632  8.90802e-04 | 53 -0.01107  1.62183e-02 | 54  0.00096  1.52522e-02
 55 -0.03472  1.23321e-01 | 56  0.02873 -2.72405e-01 | 57 -0.02393  1.59678e-02
 58  0.00320  4.18176e-01 | 59  0.00550  2.74198e-02 | 60 -0.01386  2.96050e-01
 61  0.04095  1.19050e-02 | 62 -0.00055 -7.95276e-01 | 63 -0.00440 -2.05034e-01
 64  0.00374  6.91656e-01 | 65  0.06956 -5.16911e-02 | 66 -0.02145  3.17709e-02
 67 -0.02154 -4.72596e-02 | 68 -0.02459 -3.97991e-01 | 69  0.04013 -8.79659e-03
 70  0.00075  1.22885e-01 | 71 -0.01715 -2.02085e-02 | 72  0.01326  2.53187e-02
 73 -0.01537 -3.40563e-01 | 74 -0.01061 -4.64875e-01 | 75  0.02726  2.93318e-02
 76  0.00082  2.32994e-02 | 77 -0.01801 -3.02738e-01 | 78 -0.04276 -1.49324e-01
 79  0.04156 -5.75455e-03 | 80 -0.02968  6.55555e-02 | 81 -0.01387 -1.84952e-01
 82  0.00671 -1.88771e-02 | 83 -0.02021  1.82589e-01 | 84 -0.02266  2.30433e-01
 85 -0.00703 -1.02281e-01 | 86 -0.01917 -6.15270e-02 | 87 -0.00922  1.53184e-01
 88 -0.03796  8.74595e-02 | 89  0.01711  1.09265e-02 | 90  0.02657 -9.11511e-03
 91 -0.01008  1.43927e-01 | 92  0.00195  5.58821e-02 | 93  0.00142  2.34790e-01
 94  0.00641 -3.23960e-01 | 95  0.05655  4.89493e-02 | 96 -0.00584 -1.35440e-01
 97  0.00407  2.93688e-01 | 98 -0.01890  1.50363e-01 | 99  0.00141  1.84268e-01
100 -0.00722  3.93155e-02 |101 -0.03027  9.06754e-02 |102 -0.00183  2.59400e-03
103  0.00011 -6.52500e-02 |104  0.00011 -6.54658e-02 |105  0.85993 -3.10479e-02
106 -0.40811  5.34112e-02 |107  0.22328  1.49677e-01 |108 -0.25427  4.63168e-02

Initial statistics: 110 variables; iteration 0; function evaluation 0; phase 5
Function value 2.1256517e+03; maximum gradient component mag -1.0348e+01
Var    Value     Gradient |Var    Value     Gradient |Var    Value     Gradient
  1 -0.41979 -4.41332e-02 |  2 -0.42124 -8.28321e-01 |  3 -0.41392 -1.54385e-01
  4 -0.41222  1.37171e+00 |  5 -0.41222 -1.03479e+01 |  6  0.63966 -6.37038e-02
  7  0.01342  3.63072e-02 |  8 -0.00120  1.62239e-02 |  9 -0.00318  8.77363e-02
 10  0.00374  5.91902e-02 | 11 -0.00108 -1.28690e-02 | 12 -0.00304 -9.29181e-02
 13  0.00699  2.38288e-02 | 14  0.00184  4.03020e-02 | 15 -0.00917  1.38443e-02
 16  0.01131  1.55733e-01 | 17  0.01078 -8.62115e-02 | 18  0.00339 -5.88492e-03
 19  0.00477  4.23860e-02 | 20 -0.01720 -1.57130e-01 | 21  0.02436  2.04196e-01
 22  0.01488 -5.12314e-02 | 23  0.00488 -4.69357e-02 | 24 -0.02239  1.76902e-01
 25 -0.01625  1.69066e-01 | 26 -0.01006  1.19992e-01 | 27  0.01184  1.50449e-01
 28  0.01604 -5.48312e-02 | 29  0.04121 -6.93368e-02 | 30 -0.01552 -2.40020e-02
 31 -0.02433 -4.92719e-02 | 32 -0.00324 -1.63811e-01 | 33 -0.00068 -1.29356e-01
 34  0.00185  2.57527e-01 | 35  0.00144  3.09191e-02 | 36  0.00085 -1.59893e-01
 37 -0.02964 -4.09599e-02 | 38  0.00779  1.60965e-02 | 39 -0.01331  1.34404e-01
 40  0.00677 -1.14652e-01 | 41 -0.01682  3.64987e-01 | 42 -0.01219  4.65485e-03
 43 -0.00221 -2.27675e-01 | 44  0.01435 -6.08028e-02 | 45  0.00697 -3.70056e-03
 46 -0.00820  1.78050e-03 | 47 -0.03184  7.02113e-02 | 48  0.00640  1.33450e-01
 49 -0.00340 -2.56291e-02 | 50  0.02890 -3.06382e-01 | 51  0.04932  5.47547e-02
 52  0.05860 -1.47641e-01 | 53  0.00574  5.49175e-02 | 54 -0.00632  9.57371e-04
 55 -0.01107  1.62849e-02 | 56  0.00096  1.53187e-02 | 57 -0.03472  1.23387e-01
 58  0.02873 -2.72338e-01 | 59 -0.02393  1.60343e-02 | 60  0.00320  4.18242e-01
 61  0.00550  2.74864e-02 | 62 -0.01386  2.96116e-01 | 63  0.04095  1.19715e-02
 64 -0.00055 -7.95210e-01 | 65 -0.00440 -2.04967e-01 | 66  0.00374  6.91723e-01
 67  0.06956 -5.16249e-02 | 68 -0.02145  3.18375e-02 | 69 -0.02154 -4.71930e-02
 70 -0.02459 -3.97925e-01 | 71  0.04013 -8.73015e-03 | 72  0.00075  1.22951e-01
 73 -0.01715 -2.01419e-02 | 74  0.01326  2.53852e-02 | 75 -0.01537 -3.40496e-01
 76 -0.01061 -4.64809e-01 | 77  0.02726  2.93983e-02 | 78  0.00082  2.33660e-02
 79 -0.01801 -3.02672e-01 | 80 -0.04276 -1.49258e-01 | 81  0.04156 -5.68812e-03
 82 -0.02968  6.56220e-02 | 83 -0.01387 -1.84885e-01 | 84  0.00671 -1.88105e-02
 85 -0.02021  1.82656e-01 | 86 -0.02266  2.30500e-01 | 87 -0.00703 -1.02214e-01
 88 -0.01917 -6.14604e-02 | 89 -0.00922  1.53251e-01 | 90 -0.03796  8.75260e-02
 91  0.01711  1.09930e-02 | 92  0.02657 -9.04860e-03 | 93 -0.01008  1.43994e-01
 94  0.00195  5.59487e-02 | 95  0.00142  2.34857e-01 | 96  0.00641 -3.23894e-01
 97  0.05655  4.90157e-02 | 98 -0.00584 -1.35374e-01 | 99  0.00407  2.93754e-01
100 -0.01890  1.50430e-01 |101  0.00141  1.84335e-01 |102 -0.00722  3.93821e-02
103 -0.03027  9.07418e-02 |104 -0.00183  2.66057e-03 |105  0.00011 -6.51834e-02
106  0.00011 -6.53993e-02 |107  0.85993 -3.10479e-02 |108 -0.40811  5.34112e-02
109  0.22328  1.49677e-01 |110 -0.25427  4.63168e-02 |

Intermediate statistics: 110 variables; iteration 20; function evaluation 22; phase 5
Function value 2.1256296e+03; maximum gradient component mag 5.0960e+01
Var    Value     Gradient |Var    Value     Gradient |Var    Value     Gradient
  1 -0.42129  3.37534e+00 |  2 -0.42180  5.09601e+01 |  3 -0.41232  2.09008e+01
  4 -0.41725  1.25051e+00 |  5 -0.40865 -3.67647e+00 |  6  0.63972  3.51943e+01
  7  0.01349  1.27645e-01 |  8 -0.00119  3.42902e-02 |  9 -0.00316  1.14073e-01
 10  0.00377  9.56906e-02 | 11 -0.00105  2.49872e-02 | 12 -0.00301 -1.13517e+00
 13  0.00704 -9.99421e-01 | 14  0.00188 -9.83758e-01 | 15 -0.00913 -1.01522e+00
 16  0.01135 -9.11792e-01 | 17  0.01083 -1.12409e+00 | 18  0.00343 -1.07178e+00
 19  0.00481 -1.04539e+00 | 20 -0.01714 -1.14691e+00 | 21  0.02440 -9.23513e-01
 22  0.01492 -1.11103e+00 | 23  0.00490 -1.14727e+00 | 24 -0.02237 -8.68957e-01
 25 -0.01628 -1.02416e+00 | 26 -0.01013 -1.27703e+00 | 27  0.01176 -1.53256e+00
 28  0.01606 -5.20735e-01 | 29  0.04131  1.66927e+00 | 30 -0.01552 -6.26502e-01
 31 -0.02429 -1.04235e-01 | 32 -0.00314  8.13260e-01 | 33 -0.00067 -5.20002e-01
 34  0.00174 -1.76264e+00 | 35  0.00143 -3.83969e-01 | 36  0.00091  3.10932e-01
 37 -0.02964 -2.38336e-01 | 38  0.00780  3.90439e-01 | 39 -0.01339 -7.68667e-01
 40  0.00684  1.02776e+00 | 41 -0.01695 -1.32294e+00 | 42 -0.01220 -4.51550e-01
 43 -0.00212  1.35165e+00 | 44  0.01437  9.63387e-01 | 45  0.00700  7.58134e-01
 46 -0.00817  5.75545e-01 | 47 -0.03186 -1.62399e-01 | 48  0.00638  5.12554e-01
 49 -0.00339  6.14436e-01 | 50  0.02903  3.05755e+00 | 51  0.04945  4.65126e+00
 52  0.05876  5.99989e+00 | 53  0.00575  2.64855e-01 | 54 -0.00630  4.23463e-01
 55 -0.01106  3.75626e-01 | 56  0.00099  1.66308e+00 | 57 -0.03473  8.71610e-02
 58  0.02876  2.10815e+00 | 59 -0.02397 -2.20693e-01 | 60  0.00322  2.23839e+00
 61  0.00560  4.07819e+00 | 62 -0.01388  9.37443e-01 | 63  0.04093  1.16927e+00
 64 -0.00076 -4.85755e+00 | 65 -0.00441  1.50064e-01 | 66  0.00394  6.86762e+00
 67  0.06953  2.40717e+00 | 68 -0.02147  2.34474e-02 | 69 -0.02150  4.08372e-01
 70 -0.02453  6.54777e-01 | 71  0.04011  9.18841e-01 | 72  0.00083  2.81367e+00
 73 -0.01716  2.15288e-01 | 74  0.01320 -5.62200e-01 | 75 -0.01543 -1.88790e+00
 76 -0.01080 -4.16185e+00 | 77  0.02730  1.76312e+00 | 78  0.00083  1.13287e+00
 79 -0.01804 -9.94818e-01 | 80 -0.04274  1.99461e-01 | 81  0.04163  5.55405e+00
 82 -0.02972 -1.08553e+00 | 83 -0.01393 -2.33797e+00 | 84  0.00665 -1.13062e+00
 85 -0.02014  1.26087e+00 | 86 -0.02265  8.32252e-01 | 87 -0.00714 -2.57028e+00
 88 -0.01924 -1.59136e+00 | 89 -0.00926 -2.44748e-01 | 90 -0.03800 -5.09676e-01
 91  0.01703 -2.45695e+00 | 92  0.02653 -5.67435e-01 | 93 -0.01004 -7.58060e-02
 94  0.00197  1.12938e+00 | 95  0.00144  4.11783e-01 | 96  0.00632 -2.05255e+00
 97  0.05648 -2.88176e+00 | 98 -0.00588 -1.04439e+00 | 99  0.00401 -2.63928e-01
100 -0.01893 -4.56357e-01 |101  0.00128 -1.28234e+00 |102 -0.00744 -1.52618e+00
103 -0.03037 -1.01309e+00 |104 -0.00170 -9.77425e-01 |105  0.00011 -1.13795e+00
106  0.00011 -1.13817e+00 |107  0.86316  3.38881e+00 |108 -0.40789 -2.60453e+01
109  0.22231 -1.53456e+00 |110 -0.25454 -1.75219e+00 |
110 variables; iteration 40; function evaluation 46; phase 5
Function value 2.1256279e+03; maximum gradient component mag 4.8062e+01
Var    Value     Gradient |Var    Value     Gradient |Var    Value     Gradient
  1 -0.42078  3.41409e+00 |  2 -0.42177  4.80619e+01 |  3 -0.41243  1.94900e+01
  4 -0.41812  8.28775e-01 |  5 -0.40854 -3.44046e+00 |  6  0.63973  3.28910e+01
  7  0.01349  1.51038e-01 |  8 -0.00118  5.16931e-02 |  9 -0.00311  1.92731e-01
 10  0.00379  1.38347e-01 | 11 -0.00105  3.03812e-02 | 12 -0.00301 -1.05148e+00
 13  0.00704 -9.05141e-01 | 14  0.00189 -8.81804e-01 | 15 -0.00912 -9.04877e-01
 16  0.01140 -6.97675e-01 | 17  0.01081 -1.10070e+00 | 18  0.00341 -1.05617e+00
 19  0.00480 -9.84427e-01 | 20 -0.01712 -1.01220e+00 | 21  0.02431 -1.42249e+00
 22  0.01490 -1.18574e+00 | 23  0.00492 -9.40738e-01 | 24 -0.02235 -7.13938e-01
 25 -0.01627 -9.03765e-01 | 26 -0.01014 -1.31387e+00 | 27  0.01176 -1.52303e+00
 28  0.01603 -8.46010e-01 | 29  0.04130  1.51590e+00 | 30 -0.01552 -5.76266e-01
 31 -0.02429 -7.91247e-02 | 32 -0.00316  6.28347e-01 | 33 -0.00068 -5.47787e-01
 34  0.00171 -2.06412e+00 | 35  0.00141 -5.61756e-01 | 36  0.00090  2.64582e-01
 37 -0.02965 -2.65312e-01 | 38  0.00780  3.76125e-01 | 39 -0.01337 -4.77087e-01
 40  0.00683  9.47137e-01 | 41 -0.01690 -6.64151e-01 | 42 -0.01221 -4.73239e-01
 43 -0.00213  1.16936e+00 | 44  0.01437  9.54015e-01 | 45  0.00699  6.26773e-01
 46 -0.00821  1.14740e-01 | 47 -0.03188 -2.90189e-01 | 48  0.00636  2.88181e-01
 49 -0.00342  3.45977e-01 | 50  0.02904  3.15972e+00 | 51  0.04944  4.39801e+00
 52  0.05874  5.29640e+00 | 53  0.00574  2.31529e-01 | 54 -0.00630  3.76164e-01
 55 -0.01106  4.17236e-01 | 56  0.00099  1.58402e+00 | 57 -0.03473  6.45740e-02
 58  0.02877  2.43399e+00 | 59 -0.02395  2.85203e-02 | 60  0.00322  2.27888e+00
 61  0.00560  3.88196e+00 | 62 -0.01391  5.34467e-01 | 63  0.04093  1.28540e+00
 64 -0.00074 -4.23872e+00 | 65 -0.00441  1.03077e-01 | 66  0.00393  6.51135e+00
 67  0.06953  2.29880e+00 | 68 -0.02147 -5.64209e-02 | 69 -0.02150  4.54430e-01
 70 -0.02454  5.61574e-01 | 71  0.04010  7.71814e-01 | 72  0.00081  2.42878e+00
 73 -0.01716  1.49658e-01 | 74  0.01320 -5.76581e-01 | 75 -0.01543 -1.84387e+00
 76 -0.01079 -3.66382e+00 | 77  0.02730  2.02178e+00 | 78  0.00083  1.19849e+00
 79 -0.01806 -1.43284e+00 | 80 -0.04274  2.19804e-01 | 81  0.04162  5.18376e+00
 82 -0.02971 -9.49973e-01 | 83 -0.01392 -1.74939e+00 | 84  0.00667 -2.17993e-01
 85 -0.02015  1.18107e+00 | 86 -0.02266  7.11329e-01 | 87 -0.00715 -2.97024e+00
 88 -0.01924 -1.53353e+00 | 89 -0.00927 -3.78933e-01 | 90 -0.03799 -4.17523e-01
 91  0.01703 -2.25250e+00 | 92  0.02654  6.77722e-03 | 93 -0.01003  1.40044e-01
 94  0.00195  8.53474e-01 | 95  0.00145  7.06024e-01 | 96  0.00632 -2.03319e+00
 97  0.05647 -3.07422e+00 | 98 -0.00587 -9.34559e-01 | 99  0.00402 -7.27169e-02
100 -0.01891 -2.38030e-01 |101  0.00131 -8.25599e-01 |102 -0.00731 -5.52875e-01
103 -0.03026 -6.04385e-01 |104 -0.00151 -5.76703e-01 |105  0.00007 -1.12121e+00
106  0.00007 -1.12169e+00 |107  0.86327  3.05393e+00 |108 -0.40789 -2.42203e+01
109  0.22262 -1.17200e+00 |110 -0.25447 -1.62177e+00 |
110 variables; iteration 60; function evaluation 70; phase 5
Function value 2.1256191e+03; maximum gradient component mag 1.1447e+01
Var    Value     Gradient |Var    Value     Gradient |Var    Value     Gradient
  1 -0.42191  8.73967e-01 |  2 -0.42199  1.14472e+01 |  3 -0.41181  4.67255e+00
  4 -0.41915  1.91996e-01 |  5 -0.40694 -6.49474e-01 |  6  0.63972  7.63369e+00
  7  0.01321 -6.04616e-01 |  8 -0.00123 -8.28105e-02 |  9 -0.00312  1.33097e-01
 10  0.00384  1.58941e-01 | 11 -0.00106 -4.67422e-02 | 12 -0.00303 -3.94479e-01
 13  0.00697 -3.73957e-01 | 14  0.00178 -4.48790e-01 | 15 -0.00923 -4.79659e-01
 16  0.01103 -1.08589e+00 | 17  0.01122  7.19273e-01 | 18  0.00375  5.95246e-01
 19  0.00483 -3.42288e-01 | 20 -0.01736 -1.26375e+00 | 21  0.02453  2.61633e-01
 22  0.01489 -9.13683e-01 | 23  0.00498 -2.30429e-01 | 24 -0.02224  4.03924e-01
 25 -0.01621 -4.87971e-02 | 26 -0.01017 -1.08632e+00 | 27  0.01184 -1.55112e-01
 28  0.01604 -4.75064e-01 | 29  0.04126  4.12808e-01 | 30 -0.01553 -2.91382e-01
 31 -0.02429  3.66239e-01 | 32 -0.00325 -2.03199e-01 | 33 -0.00069 -5.04952e-01
 34  0.00182 -1.52465e-01 | 35  0.00141 -3.97276e-01 | 36  0.00086 -8.59157e-02
 37 -0.02968 -1.00074e-01 | 38  0.00777  8.58888e-02 | 39 -0.01337 -2.35622e-01
 40  0.00677  2.04366e-01 | 41 -0.01685  1.94829e-01 | 42 -0.01222 -5.13031e-01
 43 -0.00225 -4.00617e-01 | 44  0.01436  4.99412e-01 | 45  0.00696  1.12560e-01
 46 -0.00821  3.30997e-01 | 47 -0.03195 -4.41347e-01 | 48  0.00639  8.14545e-01
 49 -0.00351 -5.61327e-01 | 50  0.02892  5.75829e-01 | 51  0.04936  1.03966e+00
 52  0.05864  3.74143e-01 | 53  0.00574 -3.96308e-01 | 54 -0.00632 -1.33539e-01
 55 -0.01108 -8.99684e-04 | 56  0.00096  8.91843e-01 | 57 -0.03478 -3.42549e-01
 58  0.02876  3.70245e-01 | 59 -0.02397 -6.54545e-01 | 60  0.00318  4.17787e-01
 61  0.00549  9.60829e-01 | 62 -0.01393 -1.67999e-01 | 63  0.04095  2.25704e-01
 64 -0.00057 -9.60320e-01 | 65 -0.00440  1.68536e-02 | 66  0.00376  1.73520e+00
 67  0.06955  4.05300e-01 | 68 -0.02143  5.81713e-01 | 69 -0.02148  9.08983e-01
 70 -0.02455  4.17219e-01 | 71  0.04012  1.67810e-02 | 72  0.00076  7.81991e-01
 73 -0.01716  3.74523e-01 | 74  0.01321 -5.78030e-01 | 75 -0.01537 -1.86644e-01
 76 -0.01063  2.85402e-01 | 77  0.02727  2.36660e-01 | 78  0.00078 -4.42031e-01
 79 -0.01801 -1.47973e-01 | 80 -0.04274  5.44164e-01 | 81  0.04156  1.00813e+00
 82 -0.02966  3.10527e-01 | 83 -0.01391 -1.30850e+00 | 84  0.00667 -2.94704e-01
 85 -0.02015  1.24581e+00 | 86 -0.02268  5.44724e-01 | 87 -0.00712 -1.26604e+00
 88 -0.01924 -1.00460e+00 | 89 -0.00929 -1.43425e-01 | 90 -0.03799  3.45400e-01
 91  0.01707 -6.49448e-01 | 92  0.02654 -1.72248e-01 | 93 -0.01001  9.23537e-01
 94  0.00191 -3.23174e-02 | 95  0.00138 -6.23368e-01 | 96  0.00636 -5.88479e-01
 97  0.05653 -6.58094e-01 | 98 -0.00582  3.27851e-01 | 99  0.00403  9.29947e-01
100 -0.01897 -1.98667e-01 |101  0.00135  3.72072e-01 |102 -0.00723  6.65645e-01
103 -0.03032 -1.36207e-01 |104 -0.00185 -3.92165e-01 |105  0.00038  1.11754e-01
106  0.00038  1.13011e-01 |107  0.86366  6.36029e-01 |108 -0.40783 -5.05995e+00
109  0.22290 -5.30495e-01 |110 -0.25432 -3.92671e-01 |
110 variables; iteration 80; function evaluation 98; phase 5
Function value 2.1256172e+03; maximum gradient component mag -4.6282e-01
Var    Value     Gradient |Var    Value     Gradient |Var    Value     Gradient
  1 -0.42220  3.66622e-02 |  2 -0.42206  3.16639e-01 |  3 -0.41163  1.74094e-01
  4 -0.41943  5.49775e-03 |  5 -0.40650 -4.19278e-02 |  6  0.63970  2.01432e-01
  7  0.01354  1.24731e-01 |  8 -0.00119  1.97723e-02 |  9 -0.00317  6.54720e-02
 10  0.00372 -1.13431e-02 | 11 -0.00106 -3.48079e-02 | 12 -0.00296 -3.67002e-02
 13  0.00702 -4.10313e-02 | 14  0.00184 -9.53251e-02 | 15 -0.00914 -7.65588e-02
 16  0.01133 -5.20476e-02 | 17  0.01093  3.73924e-02 | 18  0.00349 -4.26338e-02
 19  0.00492  1.48403e-01 | 20 -0.01707 -7.65593e-02 | 21  0.02448  5.75325e-02
 22  0.01502  3.78499e-02 | 23  0.00502  1.51312e-01 | 24 -0.02233  1.10975e-02
 25 -0.01629 -4.62817e-01 | 26 -0.01006 -4.58394e-02 | 27  0.01186  1.04403e-01
 28  0.01607 -7.57132e-02 | 29  0.04127  3.35758e-01 | 30 -0.01549  7.59230e-02
 31 -0.02433  4.19953e-02 | 32 -0.00323  1.39899e-01 | 33 -0.00064  9.24670e-02
 34  0.00183 -6.16608e-02 | 35  0.00144  6.17423e-02 | 36  0.00087 -5.12791e-02
 37 -0.02969 -7.27228e-02 | 38  0.00776 -7.22100e-03 | 39 -0.01337 -1.09425e-01
 40  0.00676  3.12548e-02 | 41 -0.01686  7.34991e-02 | 42 -0.01219 -7.97354e-02
 43 -0.00222  1.55281e-02 | 44  0.01434  7.60237e-02 | 45  0.00696  4.32823e-02
 46 -0.00824  3.82629e-02 | 47 -0.03191  2.75165e-02 | 48  0.00635  2.34184e-01
 49 -0.00347 -7.64796e-02 | 50  0.02890  6.47524e-02 | 51  0.04934 -1.17093e-02
 52  0.05865  4.08095e-02 | 53  0.00578 -1.74817e-03 | 54 -0.00629  1.30204e-01
 55 -0.01106  1.14289e-01 | 56  0.00090 -1.28370e-01 | 57 -0.03474 -1.75262e-02
 58  0.02877  1.56382e-01 | 59 -0.02390  1.09920e-01 | 60  0.00317 -9.26474e-02
 61  0.00546 -1.26792e-02 | 62 -0.01392 -1.10705e-01 | 63  0.04096  2.53185e-02
 64 -0.00052 -2.99291e-02 | 65 -0.00441 -4.08396e-01 | 66  0.00370  1.03760e-01
 67  0.06957  1.88595e-02 | 68 -0.02146  1.85710e-02 | 69 -0.02153 -4.67226e-02
 70 -0.02457 -1.49943e-01 | 71  0.04013  1.74283e-02 | 72  0.00075  6.10863e-02
 73 -0.01716  2.18848e-01 | 74  0.01324  1.28578e-02 | 75 -0.01536 -1.67792e-01
 76 -0.01062  2.58344e-01 | 77  0.02728  8.28258e-03 | 78  0.00080  4.73545e-03
 79 -0.01799  1.34602e-01 | 80 -0.04278 -4.82014e-02 | 81  0.04156  4.30868e-02
 82 -0.02967 -9.20867e-02 | 83 -0.01385 -4.15797e-02 | 84  0.00668  6.34551e-03
 85 -0.02020 -9.54721e-03 | 86 -0.02271 -2.09789e-01 | 87 -0.00707  2.76827e-02
 88 -0.01921 -2.43534e-02 | 89 -0.00929 -2.88620e-04 | 90 -0.03803 -4.28327e-02
 91  0.01709 -1.16898e-02 | 92  0.02655  1.50616e-02 | 93 -0.01006 -1.58864e-01
 94  0.00191  8.04931e-02 | 95  0.00139 -1.23515e-02 | 96  0.00638 -4.15404e-02
 97  0.05653 -3.10163e-02 | 98 -0.00585  6.95349e-02 | 99  0.00395 -1.20546e-02
100 -0.01899 -5.29444e-02 |101  0.00126 -2.10575e-01 |102 -0.00733  1.54920e-01
103 -0.03035  1.65948e-02 |104 -0.00177 -3.55154e-02 |105  0.00014 -2.91312e-02
106  0.00014 -2.91981e-02 |107  0.86372  2.28282e-02 |108 -0.40782 -1.32832e-01
109  0.22306 -2.25332e-02 |110 -0.25425 -4.16947e-03 |
110 variables; iteration 100; function evaluation 125; phase 5
Function value 2.1256172e+03; maximum gradient component mag 1.6998e-01
Var    Value     Gradient |Var    Value     Gradient |Var    Value     Gradient
  1 -0.42220  9.52028e-03 |  2 -0.42206  6.72436e-02 |  3 -0.41163  4.04127e-02
  4 -0.41944  7.93364e-04 |  5 -0.40649 -1.16461e-02 |  6  0.63971  4.60554e-02
  7  0.01348 -2.18766e-02 |  8 -0.00120 -3.91688e-03 |  9 -0.00323 -2.41738e-02
 10  0.00372 -1.98997e-02 | 11 -0.00102  4.28752e-02 | 12 -0.00296 -2.59011e-02
 13  0.00703 -8.65134e-03 | 14  0.00189  1.95327e-02 | 15 -0.00910  2.95248e-02
 16  0.01134 -8.87665e-03 | 17  0.01091 -1.75972e-02 | 18  0.00351  1.90297e-02
 19  0.00488  2.63571e-02 | 20 -0.01705 -1.02435e-02 | 21  0.02447  2.02317e-02
 22  0.01501  7.76516e-03 | 23  0.00500  5.64587e-02 | 24 -0.02234 -7.79681e-05
 25 -0.01624 -1.46214e-01 | 26 -0.01005 -6.02715e-03 | 27  0.01185  1.21595e-02
 28  0.01608 -9.42033e-03 | 29  0.04126  1.69981e-01 | 30 -0.01550  7.73368e-02
 31 -0.02433  4.57998e-02 | 32 -0.00324  3.08064e-02 | 33 -0.00065  3.44733e-02
 34  0.00183 -4.87794e-02 | 35  0.00143 -2.15163e-02 | 36  0.00087 -5.38760e-03
 37 -0.02968  3.16897e-02 | 38  0.00776 -7.55675e-03 | 39 -0.01336 -4.25418e-02
 40  0.00676  4.87501e-02 | 41 -0.01687  5.93948e-02 | 42 -0.01219 -7.18119e-02
 43 -0.00223 -4.12932e-02 | 44  0.01433 -1.21017e-01 | 45  0.00695  5.17557e-03
 46 -0.00824  3.98903e-02 | 47 -0.03191  2.44763e-02 | 48  0.00633  5.61600e-02
 49 -0.00346  4.03852e-02 | 50  0.02890  1.71496e-02 | 51  0.04934 -1.50299e-02
 52  0.05865  2.52031e-02 | 53  0.00578 -4.04336e-02 | 54 -0.00630  1.73731e-02
 55 -0.01106  3.71806e-02 | 56  0.00090 -7.08461e-02 | 57 -0.03474 -2.86354e-03
 58  0.02876  5.64239e-02 | 59 -0.02391  2.87409e-02 | 60  0.00317 -8.77918e-02
 61  0.00546  8.68013e-02 | 62 -0.01392 -5.90516e-02 | 63  0.04096  9.66165e-03
 64 -0.00052 -1.60773e-02 | 65 -0.00440 -1.02402e-01 | 66  0.00370  3.04780e-02
 67  0.06957  3.29861e-03 | 68 -0.02146  4.04261e-02 | 69 -0.02154 -3.80104e-02
 70 -0.02457 -1.28089e-01 | 71  0.04013  6.52356e-03 | 72  0.00074  1.13418e-02
 73 -0.01717  1.00826e-01 | 74  0.01323  1.10227e-02 | 75 -0.01536 -1.30841e-01
 76 -0.01062  1.36112e-01 | 77  0.02728 -1.87453e-03 | 78  0.00080  2.69873e-03
 79 -0.01799  7.52455e-02 | 80 -0.04278 -1.04670e-01 | 81  0.04156  1.02755e-02
 82 -0.02967  3.38682e-02 | 83 -0.01385 -1.76342e-02 | 84  0.00668  5.61199e-03
 85 -0.02020 -4.07381e-02 | 86 -0.02271 -8.99382e-02 | 87 -0.00707  2.49159e-02
 88 -0.01921 -3.49570e-02 | 89 -0.00929  6.23034e-03 | 90 -0.03803 -6.53489e-02
 91  0.01709  7.69579e-05 | 92  0.02655  7.06576e-03 | 93 -0.01006 -7.15775e-02
 94  0.00190  3.05235e-02 | 95  0.00139  2.00927e-02 | 96  0.00638 -1.32935e-02
 97  0.05653 -5.02674e-03 | 98 -0.00585  6.93778e-02 | 99  0.00395  2.37246e-02
100 -0.01899 -3.28500e-02 |101  0.00127 -8.53508e-02 |102 -0.00735  4.69994e-02
103 -0.03036  5.18855e-03 |104 -0.00175  5.94551e-03 |105  0.00016  4.29509e-03
106  0.00016  4.35772e-03 |107  0.86372  6.07435e-03 |108 -0.40782 -2.67223e-02
109  0.22306 -6.08384e-03 |110 -0.25425 -6.90327e-04 |

 - final statistics:
110 variables; iteration 119; function evaluation 161
Function value 2.1256e+03; maximum gradient component mag 2.9932e-07
Exit code = 1;  converg criter 1.0000e-04
Var    Value     Gradient |Var    Value     Gradient |Var    Value     Gradient
  1 -0.42221  5.63826e-09 |  2 -0.42206  2.99323e-07 |  3 -0.41163  7.98178e-08
  4 -0.41944  1.56032e-09 |  5 -0.40649  9.41401e-09 |  6  0.63971  1.93356e-07
  7  0.01349  2.52406e-09 |  8 -0.00119  1.30017e-09 |  9 -0.00321 -2.72215e-09
 10  0.00373  4.15702e-09 | 11 -0.00104 -9.69977e-09 | 12 -0.00295 -5.07278e-09
 13  0.00704 -1.16633e-08 | 14  0.00188 -4.05330e-09 | 15 -0.00911  1.56846e-09
 16  0.01135 -3.96559e-09 | 17  0.01091 -2.38147e-09 | 18  0.00350 -4.58230e-09
 19  0.00488 -2.86209e-09 | 20 -0.01705 -4.81740e-09 | 21  0.02446 -2.53787e-09
 22  0.01501 -3.01212e-09 | 23  0.00499 -1.55700e-09 | 24 -0.02234 -4.42974e-09
 25 -0.01622  1.58945e-08 | 26 -0.01005 -3.94609e-09 | 27  0.01185 -5.15532e-09
 28  0.01608 -6.78324e-09 | 29  0.04126  5.80489e-09 | 30 -0.01550 -1.85504e-09
 31 -0.02434 -6.03286e-09 | 32 -0.00324 -4.37375e-09 | 33 -0.00065  7.08595e-09
 34  0.00183  2.29580e-09 | 35  0.00143 -1.46131e-08 | 36  0.00087  3.95602e-09
 37 -0.02968 -1.04758e-09 | 38  0.00776  1.05523e-08 | 39 -0.01336 -4.31763e-09
 40  0.00675  8.11945e-09 | 41 -0.01687  5.93228e-09 | 42 -0.01218  1.43240e-09
 43 -0.00222 -3.75691e-09 | 44  0.01433 -6.70218e-09 | 45  0.00695 -4.66706e-09
 46 -0.00825 -5.56045e-09 | 47 -0.03192 -3.69969e-09 | 48  0.00633  2.32297e-09
 49 -0.00346  1.69945e-09 | 50  0.02890  2.16675e-09 | 51  0.04934  7.47226e-09
 52  0.05865  9.35514e-09 | 53  0.00578  2.61536e-09 | 54 -0.00630  5.86912e-09
 55 -0.01107 -7.36545e-09 | 56  0.00091  4.45219e-09 | 57 -0.03474 -1.72996e-09
 58  0.02876  8.37784e-09 | 59 -0.02391  2.42323e-09 | 60  0.00317  5.22836e-09
 61  0.00546  6.24557e-09 | 62 -0.01391  9.49786e-09 | 63  0.04096  9.08384e-09
 64 -0.00052  1.26791e-09 | 65 -0.00439  5.94364e-09 | 66  0.00370  1.82988e-09
 67  0.06957  1.61238e-08 | 68 -0.02146  2.90794e-08 | 69 -0.02153  8.44091e-09
 70 -0.02456  8.64597e-10 | 71  0.04013  4.82936e-09 | 72  0.00074  4.46079e-10
 73 -0.01717  1.07917e-09 | 74  0.01323  1.59810e-09 | 75 -0.01536  7.46810e-09
 76 -0.01063  3.15579e-09 | 77  0.02728  2.70165e-09 | 78  0.00080 -2.69081e-10
 79 -0.01800  1.54876e-09 | 80 -0.04278 -2.32079e-09 | 81  0.04156  2.98601e-09
 82 -0.02967 -9.59293e-10 | 83 -0.01385 -2.67275e-09 | 84  0.00668 -2.29265e-09
 85 -0.02020 -2.66286e-09 | 86 -0.02270 -2.69251e-10 | 87 -0.00708 -3.96159e-09
 88 -0.01921 -3.13731e-09 | 89 -0.00929 -3.75819e-09 | 90 -0.03803 -6.54590e-09
 91  0.01709 -3.88621e-09 | 92  0.02655 -4.26074e-09 | 93 -0.01006 -1.55426e-09
 94  0.00190 -4.46636e-09 | 95  0.00139 -4.27075e-09 | 96  0.00638 -5.79625e-09
 97  0.05653 -8.12480e-09 | 98 -0.00586 -2.53221e-09 | 99  0.00395 -7.18162e-11
100 -0.01898 -4.95293e-09 |101  0.00128  1.50981e-09 |102 -0.00735 -4.71064e-09
103 -0.03036 -6.35953e-09 |104 -0.00175 -5.26452e-09 |105  0.00016 -3.73657e-09
106  0.00016 -7.14385e-09 |107  0.86372  9.82978e-09 |108 -0.40782 -6.92486e-08
109  0.22306  8.81827e-10 |110 -0.25425 -3.23884e-09 |

 - final statistics:
122 variables; iteration 0; function evaluation 0
Function value 2.1256e+03; maximum gradient component mag 2.9974e-07
Exit code = 0;  converg criter 1.0000e-04
Var    Value     Gradient |Var    Value     Gradient |Var    Value     Gradient
  1 -0.42221  5.66875e-09 |  2 -0.42206  2.99743e-07 |  3 -0.41163  7.99761e-08
  4 -0.41944  1.56962e-09 |  5 -0.40649  9.43582e-09 |  6  0.63971  1.93457e-07
  7  0.01349  2.52440e-09 |  8 -0.00119  1.30024e-09 |  9 -0.00321 -2.72206e-09
 10  0.00373  4.15711e-09 | 11 -0.00104 -9.69967e-09 | 12 -0.00295 -5.09348e-09
 13  0.00704 -1.16837e-08 | 14  0.00188 -4.07417e-09 | 15 -0.00911  1.54783e-09
 16  0.01135 -3.98610e-09 | 17  0.01091 -2.40232e-09 | 18  0.00350 -4.60273e-09
 19  0.00488 -2.88248e-09 | 20 -0.01705 -4.83788e-09 | 21  0.02446 -2.55811e-09
 22  0.01501 -3.03239e-09 | 23  0.00499 -1.57728e-09 | 24 -0.02234 -4.45017e-09
 25 -0.01622  1.58741e-08 | 26 -0.01005 -3.96630e-09 | 27  0.01185 -5.17491e-09
 28  0.01608 -6.80236e-09 | 29  0.04126  5.78592e-09 | 30 -0.01550 -1.87492e-09
 31 -0.02434 -6.05279e-09 | 32 -0.00324 -4.39344e-09 | 33 -0.00065  7.06559e-09
 34  0.00183  2.27693e-09 | 35  0.00143 -1.46336e-08 | 36  0.00087  3.93697e-09
 37 -0.02968 -1.06726e-09 | 38  0.00776  1.05354e-08 | 39 -0.01336 -4.33665e-09
 40  0.00675  8.10281e-09 | 41 -0.01687  5.91280e-09 | 42 -0.01218  1.41331e-09
 43 -0.00222 -3.77499e-09 | 44  0.01433 -6.72170e-09 | 45  0.00695 -4.68489e-09
 46 -0.00825 -5.57893e-09 | 47 -0.03192 -3.71884e-09 | 48  0.00633  2.30568e-09
 49 -0.00346  1.68220e-09 | 50  0.02890  2.15302e-09 | 51  0.04934  7.45692e-09
 52  0.05865  9.34367e-09 | 53  0.00578  2.60011e-09 | 54 -0.00630  5.85202e-09
 55 -0.01107 -7.38309e-09 | 56  0.00091  4.43598e-09 | 57 -0.03474 -1.74784e-09
 58  0.02876  8.36485e-09 | 59 -0.02391  2.40608e-09 | 60  0.00317  5.21387e-09
 61  0.00546  6.23177e-09 | 62 -0.01391  9.48155e-09 | 63  0.04096  9.06907e-09
 64 -0.00052  1.25202e-09 | 65 -0.00439  5.92823e-09 | 66  0.00370  1.81479e-09
 67  0.06957  1.61099e-08 | 68 -0.02146  2.90625e-08 | 69 -0.02153  8.42300e-09
 70 -0.02456  8.48032e-10 | 71  0.04013  4.81922e-09 | 72  0.00074  4.31465e-10
 73 -0.01717  1.06389e-09 | 74  0.01323  1.58488e-09 | 75 -0.01536  7.45178e-09
 76 -0.01063  3.13979e-09 | 77  0.02728  2.68899e-09 | 78  0.00080 -2.83901e-10
 79 -0.01800  1.53185e-09 | 80 -0.04278 -2.33873e-09 | 81  0.04156  2.97701e-09
 82 -0.02967 -9.77902e-10 | 83 -0.01385 -2.68903e-09 | 84  0.00668 -2.30804e-09
 85 -0.02020 -2.68022e-09 | 86 -0.02270 -2.86181e-10 | 87 -0.00708 -3.97779e-09
 88 -0.01921 -3.15547e-09 | 89 -0.00929 -3.77559e-09 | 90 -0.03803 -6.56476e-09
 91  0.01709 -3.90257e-09 | 92  0.02655 -4.27833e-09 | 93 -0.01006 -1.57332e-09
 94  0.00190 -4.48769e-09 | 95  0.00139 -4.28903e-09 | 96  0.00638 -5.81567e-09
 97  0.05653 -8.14216e-09 | 98 -0.00586 -2.55262e-09 | 99  0.00395 -9.10664e-11
100 -0.01898 -4.97337e-09 |101  0.00128  1.49141e-09 |102 -0.00735 -4.73116e-09
103 -0.03036 -6.37995e-09 |104 -0.00175 -5.28530e-09 |105  0.00016 -3.75757e-09
106  0.00016 -7.16468e-09 |107  0.00000  0.00000e+00 |108  0.00000  0.00000e+00
109  0.00000  0.00000e+00 |110  0.00000  0.00000e+00 |111  0.00000  0.00000e+00
112  0.00000  0.00000e+00 |113  0.00000  0.00000e+00 |114  0.00000  0.00000e+00
115  0.00000  0.00000e+00 |116  0.00000  0.00000e+00 |117  0.00000  0.00000e+00
118  0.00000  0.00000e+00 |119  0.86372  9.82261e-09 |120 -0.40782 -6.91731e-08
121  0.22306  8.72795e-10 |122 -0.25425 -3.21016e-09 |
size of file gradfil1.tmp = 0
size of file gradfil2.tmp = 0
size of file varssave.tmp = 0
size of file cmpdiff.tmp = 0
