
Initial statistics: 1 variables; iteration 0; function evaluation 0; phase 1
Function value 2.5948231e+03; maximum gradient component mag -2.7425e+03
Var    Value     Gradient |Var    Value     Gradient |Var    Value     Gradient
  1  0.63197 -2.74249e+03 |

 - final statistics:
1 variables; iteration 4; function evaluation 6
Function value 2.5882e+03; maximum gradient component mag -5.6378e+00
Exit code = 1;  converg criter 1.0000e+01
Var    Value     Gradient |Var    Value     Gradient |Var    Value     Gradient
  1  0.63695 -5.63777e+00 |

Initial statistics: 98 variables; iteration 0; function evaluation 0; phase 2
Function value 2.5882454e+03; maximum gradient component mag -1.5731e+03
Var    Value     Gradient |Var    Value     Gradient |Var    Value     Gradient
  1  0.63695 -5.63777e+00 |  2  0.00000  3.88287e+01 |  3  0.00000  3.48233e+01
  4  0.00000  2.98676e+01 |  5  0.00000  2.72125e+01 |  6  0.00000  1.15935e+01
  7  0.00000  4.63868e+01 |  8  0.00000  1.00733e+02 |  9  0.00000  8.44935e+01
 10  0.00000  1.02082e+02 | 11  0.00000  9.41882e+01 | 12  0.00000  3.00922e+01
 13  0.00000  9.93586e+01 | 14  0.00000 -4.18199e+02 | 15  0.00000 -5.54215e+01
 16  0.00000 -2.12411e+02 | 17  0.00000  7.96457e+01 | 18  0.00000  3.64576e+02
 19  0.00000  2.28563e+02 | 20  0.00000 -2.27636e+02 | 21  0.00000 -2.38066e+01
 22  0.00000  3.66887e+02 | 23  0.00000 -6.51110e+02 | 24  0.00000  4.20517e+01
 25  0.00000 -8.98729e+01 | 26  0.00000  1.55917e+02 | 27  0.00000 -3.61000e+01
 28  0.00000 -2.93374e+02 | 29  0.00000 -1.32289e+02 | 30  0.00000  4.95583e+02
 31  0.00000  3.62451e+01 | 32  0.00000 -3.46793e+01 | 33  0.00000 -1.35025e+02
 34  0.00000 -1.57094e+02 | 35  0.00000  2.00196e+02 | 36  0.00000 -3.02034e+02
 37  0.00000 -3.15826e+02 | 38  0.00000  4.80898e+02 | 39  0.00000  7.32739e+01
 40  0.00000  3.06562e+02 | 41  0.00000 -5.00523e+01 | 42  0.00000 -1.91541e+02
 43  0.00000  6.81319e+01 | 44  0.00000  4.35964e+02 | 45  0.00000 -5.45428e+01
 46  0.00000  2.50427e+02 | 47  0.00000  3.02764e+01 | 48  0.00000 -1.11948e+02
 49  0.00000 -1.21095e+02 | 50  0.00000  5.56425e+02 | 51  0.00000  5.88894e+02
 52  0.00000  7.43952e+01 | 53  0.00000 -1.38519e+03 | 54  0.00000 -8.53470e+02
 55  0.00000  8.27385e+02 | 56  0.00000 -1.50521e+03 | 57  0.00000 -9.61370e+01
 58  0.00000 -8.27510e+01 | 59  0.00000 -3.76571e+02 | 60  0.00000  4.89648e+02
 61  0.00000 -1.57306e+03 | 62  0.00000  3.41716e+02 | 63  0.00000  2.39836e+02
 64  0.00000  5.15814e+01 | 65  0.00000 -7.36494e+02 | 66  0.00000 -5.64018e+02
 67  0.00000  7.47431e+02 | 68  0.00000  1.82272e+02 | 69  0.00000 -3.05004e+02
 70  0.00000  3.40444e+01 | 71  0.00000 -4.90783e+02 | 72  0.00000 -4.32312e+02
 73  0.00000 -5.50408e+02 | 74  0.00000  7.88029e+02 | 75  0.00000  5.86582e+00
 76  0.00000  1.70630e+02 | 77  0.00000  2.17500e+02 | 78  0.00000 -2.83023e+02
 79  0.00000  7.26386e+02 | 80  0.00000  2.58300e+02 | 81  0.00000 -1.20515e+02
 82  0.00000  4.37596e+02 | 83  0.00000 -8.76188e+01 | 84  0.00000 -3.78276e+02
 85  0.00000  6.53968e+02 | 86  0.00000  1.06193e+03 | 87  0.00000  6.33847e+02
 88  0.00000  1.30119e+02 | 89  0.00000  5.09630e+02 | 90  0.00000 -6.97995e+02
 91  0.00000  1.23394e+02 | 92  0.00000 -4.78880e+00 | 93  0.00000 -3.58471e+01
 94  0.00000  5.07239e+00 | 95  0.00000  1.38460e+00 | 96  0.00000  1.38451e+00
 97  0.81654  3.36843e+01 | 98  0.22185 -1.34971e+02 |

Intermediate statistics: 98 variables; iteration 20; function evaluation 30; phase 2
Function value 2.2491270e+03; maximum gradient component mag 7.0401e+02
Var    Value     Gradient |Var    Value     Gradient |Var    Value     Gradient
  1  0.62404  7.04008e+02 |  2 -0.05948 -9.97959e+01 |  3 -0.00123  2.51993e+00
  4  0.01381  3.23732e+01 |  5  0.00839  1.59716e+01 |  6 -0.01744 -6.85338e+01
  7 -0.00235  1.87167e+00 |  8  0.01089  9.81697e+01 |  9 -0.03220 -6.42430e+01
 10 -0.04787 -1.08142e+02 | 11 -0.02001 -4.23999e+01 | 12  0.00053 -2.01441e+01
 13  0.00624  8.45207e+01 | 14  0.03572 -1.46978e+02 | 15 -0.00365 -1.44089e+02
 16  0.02100 -3.14399e+01 | 17  0.00182  2.35519e+01 | 18 -0.01212  1.36639e+02
 19 -0.00807  4.42622e+01 | 20  0.01687 -7.67685e+01 | 21  0.00592 -2.87514e+01
 22 -0.01278  1.37130e+02 | 23  0.03493 -1.62759e+02 | 24  0.00266  1.39840e+01
 25  0.01121 -1.46108e+01 | 26 -0.00322  4.18141e+01 | 27  0.00681 -1.63529e+01
 28  0.01942 -8.36292e+01 | 29  0.01331 -2.43315e+01 | 30 -0.02928  1.00277e+02
 31  0.00604  3.40517e+01 | 32  0.00969  2.87496e+01 | 33  0.01299 -1.11160e+01
 34  0.01387 -1.86942e+01 | 35 -0.00691  6.02681e+01 | 36  0.01897 -6.94002e+01
 37  0.01872 -7.70286e+01 | 38 -0.02021  1.64559e+02 | 39  0.00368  6.36395e+01
 40 -0.01133  9.12341e+01 | 41  0.00626  2.94911e-01 | 42  0.01076 -5.12977e+01
 43  0.00017  3.26575e+01 | 44 -0.02166  1.04506e+02 | 45  0.00630  7.00864e+00
 46 -0.01122  5.53725e+01 | 47  0.00221  3.54356e+01 | 48  0.00789 -9.72508e+00
 49  0.00828 -1.92103e+01 | 50 -0.01609  2.21117e+02 | 51 -0.01632  2.35137e+02
 52  0.00380  1.11516e+02 | 53  0.03347 -4.39816e+02 | 54  0.02590 -1.09162e+02
 55 -0.02739  2.98608e+02 | 56  0.03333 -5.74216e+02 | 57  0.00456 -5.21469e-01
 58  0.00297 -5.10446e+01 | 59  0.00923 -1.98576e+02 | 60 -0.01201  2.09353e+02
 61  0.03177 -6.34969e+02 | 62 -0.01078  6.34871e+01 | 63  0.00162  2.16390e+02
 64  0.00206  6.47142e+01 | 65  0.01743 -2.59664e+02 | 66  0.01640 -1.41869e+02
 67 -0.02140  2.00071e+02 | 68  0.00230  1.46488e+02 | 69  0.01224 -4.54980e+01
 70  0.00319  5.37067e+01 | 71  0.01362 -1.65200e+02 | 72  0.01579 -1.46128e+01
 73  0.01912 -5.29224e+01 | 74 -0.01372  3.40225e+02 | 75  0.00509  7.24247e+00
 76  0.00080  5.69851e+01 | 77 -0.00307  7.44059e+00 | 78  0.00834 -1.71189e+02
 79 -0.01534  2.03325e+02 | 80 -0.00227  6.43879e+01 | 81  0.00328 -1.43048e+02
 82 -0.00950  1.02018e+02 | 83 -0.00014 -1.59797e+02 | 84  0.00936 -1.56957e+02
 85 -0.01304  2.59117e+02 | 86 -0.02352  4.16285e+02 | 87 -0.01694  1.77191e+02
 88 -0.00351  4.44605e+00 | 89 -0.02323  1.11930e+02 | 90  0.02640 -1.71388e+02
 91 -0.02467 -1.06708e+02 | 92  0.02144  1.72155e+02 | 93  0.00317 -4.05205e+01
 94 -0.05755 -1.07644e+02 | 95 -0.01606 -4.55900e+01 | 96 -0.01606 -4.55882e+01
 97  0.80822 -2.47288e+00 | 98  0.22551  3.50506e+01 |
98 variables; iteration 40; function evaluation 56; phase 2
Function value 2.1998881e+03; maximum gradient component mag 1.8567e+03
Var    Value     Gradient |Var    Value     Gradient |Var    Value     Gradient
  1  0.62351  1.85674e+03 |  2 -0.01036 -4.12459e+01 |  3 -0.02218 -7.22147e+01
  4 -0.01873 -7.37651e+01 |  5 -0.01040 -6.12536e+01 |  6  0.00868 -2.77886e+01
  7 -0.00881 -4.56796e+01 |  8 -0.03070 -5.93131e+01 |  9 -0.00827 -1.56316e+01
 10 -0.01205 -1.85687e+01 | 11 -0.01919 -6.44140e+01 | 12  0.00760  9.15714e-01
 13 -0.01466 -6.17102e+01 | 14  0.04888  1.96812e+01 | 15  0.01343 -2.45788e+00
 16  0.01521 -1.23549e+02 | 17  0.00158 -7.20643e+00 | 18 -0.02512 -2.01959e+01
 19 -0.00386  6.29006e+01 | 20  0.02178 -1.81655e+01 | 21  0.00927 -5.53774e+00
 22 -0.02606 -2.31699e+01 | 23  0.04139 -3.93774e+01 | 24  0.00135 -2.22493e+01
 25  0.00954 -5.70920e+01 | 26 -0.00638 -1.49516e+01 | 27  0.00714 -2.39526e+01
 28  0.02428 -5.04409e+00 | 29  0.01308 -3.84319e+01 | 30 -0.04168 -2.40604e+01
 31  0.00010 -6.89780e+01 | 32  0.00363 -7.68913e+01 | 33  0.01110 -5.03779e+01
 34  0.01248 -4.57066e+01 | 35 -0.01069  6.66512e+00 | 36  0.02241 -2.33228e+00
 37  0.02318  1.12289e+01 | 38 -0.03281  1.99780e+01 | 39 -0.00211 -3.66582e+01
 40 -0.01631  1.55774e+01 | 41  0.00706  1.31996e+01 | 42  0.01602  5.69837e+01
 43 -0.00088  1.91380e+01 | 44 -0.02036  1.12115e+02 | 45  0.00725  3.15144e+01
 46 -0.00996  7.31163e+01 | 47  0.00118  3.01170e+01 | 48  0.01031  5.52278e+01
 49  0.01233  7.97761e+01 | 50 -0.03022  2.34002e+01 | 51 -0.02694  7.49156e+01
 52  0.00164  7.77621e+01 | 53  0.04258 -2.84469e+01 | 54  0.02185 -2.04818e+02
 55 -0.03791  1.55481e+02 | 56  0.04893  1.86337e+02 | 57  0.00408  4.01027e+01
 58  0.00792  1.18889e+02 | 59  0.02198  2.36242e+02 | 60 -0.02538 -1.39999e+01
 61  0.04853  2.28687e+02 | 62 -0.00877  1.26911e+02 | 63 -0.00945 -4.84755e+01
 64 -0.00098 -6.92058e+00 | 65  0.02743  1.59453e+02 | 66  0.02091  6.27412e+01
 67 -0.02616  1.15533e+02 | 68 -0.00228  2.75987e+01 | 69  0.01417  3.74416e+01
 70  0.00378  9.12064e+01 | 71  0.01778  3.25384e+00 | 72  0.01263 -1.06360e+02
 73  0.01586 -1.69443e+02 | 74 -0.02733  4.52161e+01 | 75  0.00520 -4.90629e+00
 76 -0.00102 -8.36966e-01 | 77 -0.00257  2.50703e+01 | 78  0.01623  1.02055e+02
 79 -0.02504 -1.04578e+01 | 80 -0.00188  6.41240e+01 | 81  0.00676 -3.52790e+01
 82 -0.01650 -5.53760e+01 | 83  0.00410 -2.22880e+01 | 84  0.01213 -4.94909e+01
 85 -0.02955 -9.95171e+01 | 86 -0.04743 -2.50160e+01 | 87 -0.02418  2.69233e+01
 88 -0.00723 -6.36262e+01 | 89 -0.03460 -2.77369e+01 | 90  0.02422 -1.43186e+02
 91 -0.01262  8.88380e+00 | 92 -0.01647 -1.50818e+02 | 93  0.00391 -5.88942e+01
 94  0.02045 -1.52677e+01 | 95  0.00613 -4.34330e+01 | 96  0.00613 -4.34340e+01
 97  0.82135  1.74166e+02 | 98  0.21801 -9.47260e+01 |
98 variables; iteration 60; function evaluation 82; phase 2
Function value 2.1854969e+03; maximum gradient component mag 9.0999e+01
Var    Value     Gradient |Var    Value     Gradient |Var    Value     Gradient
  1  0.61854  9.09990e+01 |  2 -0.01615 -4.85667e+00 |  3 -0.01475 -9.93170e+00
  4 -0.00398  4.78911e+00 |  5 -0.00070  6.93777e+00 |  6 -0.00240 -1.61832e+01
  7 -0.01199 -1.18190e+01 |  8 -0.02816 -9.16225e+00 |  9 -0.01581 -1.51393e+00
 10 -0.02081 -1.19373e+01 | 11 -0.01465 -1.00042e+01 | 12  0.00189 -4.99606e+00
 13 -0.00829  2.87422e+00 | 14  0.04731 -1.07790e+01 | 15  0.01249  1.42763e+00
 16  0.02388 -3.26457e+00 | 17 -0.00017 -1.13152e+01 | 18 -0.02494  6.70392e+00
 19 -0.01249 -1.42816e+01 | 20  0.02332  1.67638e+00 | 21  0.00948  3.87345e+00
 22 -0.02550  6.82277e+00 | 23  0.04315 -2.13193e+01 | 24  0.00050 -2.02654e+01
 25  0.01353  1.37049e+00 | 26 -0.00719 -1.14982e+01 | 27  0.00821 -9.55549e+00
 28  0.02503 -9.55176e+00 | 29  0.01584 -4.40319e+00 | 30 -0.04114  6.63603e+00
 31  0.00529  4.79002e+00 | 32  0.00973  1.05348e+01 | 33  0.01442 -6.71707e+00
 34  0.01711  1.43501e+01 | 35 -0.01287 -1.11480e+01 | 36  0.02297 -2.12584e+01
 37  0.02388 -7.48627e+00 | 38 -0.03620  6.74523e+00 | 39 -0.00100 -2.64526e+01
 40 -0.01807  9.92253e-01 | 41  0.00874  2.31530e+01 | 42  0.01427 -6.35848e+00
 43 -0.00120 -2.57790e+00 | 44 -0.03128 -3.47032e+00 | 45  0.00827  1.45600e+01
 46 -0.01440  7.12864e-01 | 47  0.00178  4.33758e+00 | 48  0.01012 -4.16448e+00
 49  0.01147 -5.35076e+00 | 50 -0.02928  1.95268e+01 | 51 -0.02901  2.94698e+01
 52  0.00152  1.81731e+01 | 53  0.04682  1.11330e+01 | 54  0.03271  8.12811e+01
 55 -0.04790  3.13632e+01 | 56  0.04828 -2.36832e+01 | 57  0.00653  3.28197e+01
 58  0.00651  1.31172e+01 | 59  0.01733 -6.16631e+00 | 60 -0.02191  2.39376e+01
 61  0.04682 -2.52976e+01 | 62 -0.01207  2.42016e+01 | 63 -0.00489  2.11961e+01
 64  0.00148  1.56187e+01 | 65  0.02538 -1.79033e+01 | 66  0.02239  1.94704e+01
 67 -0.03330 -1.50092e+01 | 68 -0.00107  1.02477e+01 | 69  0.01538 -3.78267e+00
 70  0.00160 -1.90774e+01 | 71  0.01931 -2.20485e+01 | 72  0.01943  6.54207e+01
 73  0.02319  2.32684e+01 | 74 -0.03010 -4.28242e+00 | 75  0.00753  1.12509e+01
 76  0.00007 -9.15924e+00 | 77 -0.00215 -3.65406e+00 | 78  0.01437 -2.84027e+01
 79 -0.02506 -2.24212e+01 | 80 -0.00365 -1.13500e+01 | 81  0.00824 -2.52385e+01
 82 -0.01438 -9.75001e+00 | 83  0.00572  5.44892e+00 | 84  0.01380 -1.08488e+01
 85 -0.02443  1.14226e+01 | 86 -0.04585  2.20404e+01 | 87 -0.02716 -1.41306e+01
 88 -0.00417  1.54858e+01 | 89 -0.03487 -7.09175e-01 | 90  0.02865 -2.11190e+01
 91 -0.01830 -9.97736e+00 | 92  0.00005  1.08239e+01 | 93  0.00689 -6.05677e+00
 94 -0.00398 -4.99858e+00 | 95 -0.00744 -1.38484e+01 | 96 -0.00744 -1.38480e+01
 97  0.80661 -3.86250e+01 | 98  0.22433  3.51048e+01 |
Maximum number of function evaluations exceeded

 - final statistics:
98 variables; iteration 74; function evaluation 100
Function value 2.1847e+03; maximum gradient component mag 4.5465e+01
Exit code = 3;  converg criter 1.0000e+01
Var    Value     Gradient |Var    Value     Gradient |Var    Value     Gradient
  1  0.61879  4.54648e+01 |  2 -0.01562 -2.11229e+00 |  3 -0.01308 -4.70076e+00
  4 -0.00461  5.37699e+00 |  5 -0.00815 -8.80062e+00 |  6 -0.00015 -7.93078e+00
  7 -0.01051 -5.49719e+00 |  8 -0.02644 -2.35188e+00 |  9 -0.01538  2.51333e+00
 10 -0.01977 -5.58835e+00 | 11 -0.01401 -4.25096e+00 | 12  0.00193 -7.23243e-01
 13 -0.00949  2.71800e-01 | 14  0.04722 -3.59936e+00 | 15  0.01220  4.19248e+00
 16  0.02363 -1.54686e-01 | 17 -0.00016 -6.66092e+00 | 18 -0.02677 -5.28247e+00
 19 -0.01156 -1.45293e+00 | 20  0.02301  1.65962e+00 | 21  0.00881 -1.47094e+00
 22 -0.02625  3.23178e+00 | 23  0.04345 -7.15579e+00 | 24  0.00215  4.03129e+00
 25  0.01303 -2.46774e-01 | 26 -0.00622  3.19866e+00 | 27  0.00863  8.40492e-01
 28  0.02503 -4.20890e+00 | 29  0.01585 -1.28740e-01 | 30 -0.04234  4.87154e-01
 31  0.00482  1.18493e+00 | 32  0.00869 -1.68267e+00 | 33  0.01427 -5.94886e+00
 34  0.01609  1.39473e+00 | 35 -0.01268 -6.55448e+00 | 36  0.02355 -7.39927e+00
 37  0.02395 -2.59408e+00 | 38 -0.03636  7.39561e+00 | 39  0.00018 -7.33250e+00
 40 -0.01784  4.98481e+00 | 41  0.00763  5.93235e+00 | 42  0.01457 -4.40160e-01
 43 -0.00129 -3.33024e+00 | 44 -0.03187 -8.53892e+00 | 45  0.00796  8.84646e+00
 46 -0.01440  9.26599e-01 | 47  0.00160  1.71518e+00 | 48  0.01042  1.23669e+00
 49  0.01168 -1.56560e+00 | 50 -0.03008  1.05958e+01 | 51 -0.03016  1.59861e+01
 52  0.00121  1.15376e+01 | 53  0.04665  1.20058e+00 | 54  0.03114  2.16010e+01
 55 -0.04931  1.69506e+01 | 56  0.04866 -7.49690e+00 | 57  0.00543  7.31668e+00
 58  0.00621  5.32122e+00 | 59  0.01734 -5.67550e+00 | 60 -0.02260  1.37506e+01
 61  0.04723 -4.33097e+00 | 62 -0.01307  4.78858e+00 | 63 -0.00547  8.05810e+00
 64  0.00117  8.63897e+00 | 65  0.02570 -4.61470e+00 | 66  0.02196  6.68930e+00
 67 -0.03281 -6.28774e+00 | 68 -0.00157  1.18872e-01 | 69  0.01543  1.38239e+00
 70  0.00200 -5.13539e+00 | 71  0.01972 -5.25595e+00 | 72  0.01797  1.79371e+01
 73  0.02269  5.66632e+00 | 74 -0.03002 -1.42229e+00 | 75  0.00703  1.02599e-02
 76  0.00012 -4.31578e+00 | 77 -0.00224 -1.46839e+00 | 78  0.01468 -1.16977e+01
 79 -0.02449 -7.39632e+00 | 80 -0.00365 -6.44296e+00 | 81  0.00867 -6.43637e+00
 82 -0.01427 -3.81479e+00 | 83  0.00527 -2.82324e+00 | 84  0.01391 -4.07495e+00
 85 -0.02504  1.75017e+00 | 86 -0.04724  3.66794e+00 | 87 -0.02659 -2.33052e+00
 88 -0.00469  5.47261e+00 | 89 -0.03483  1.25878e+00 | 90  0.02893 -1.31768e+01
 91 -0.01772 -4.25663e+00 | 92 -0.00122  2.16576e+00 | 93  0.00980  8.21320e+00
 94 -0.00336 -2.55544e+00 | 95 -0.00193 -3.93473e+00 | 96 -0.00193 -3.93418e+00
 97  0.81011 -5.46169e+00 | 98  0.22380  1.49036e+01 |

Initial statistics: 100 variables; iteration 0; function evaluation 0; phase 3
Function value 2.1847399e+03; maximum gradient component mag 3.3573e+02
Var    Value     Gradient |Var    Value     Gradient |Var    Value     Gradient
  1  0.61879  4.54648e+01 |  2 -0.01562 -2.14327e+00 |  3 -0.01308 -4.73174e+00
  4 -0.00461  5.34600e+00 |  5 -0.00815 -8.83161e+00 |  6 -0.00015 -7.96177e+00
  7 -0.01051 -5.52817e+00 |  8 -0.02644 -2.38284e+00 |  9 -0.01538  2.48235e+00
 10 -0.01977 -5.61932e+00 | 11 -0.01401 -4.28194e+00 | 12  0.00193 -7.54231e-01
 13 -0.00949  2.40815e-01 | 14  0.04722 -3.63027e+00 | 15  0.01220  4.16150e+00
 16  0.02363 -1.85653e-01 | 17 -0.00016 -6.69191e+00 | 18 -0.02677 -5.31343e+00
 19 -0.01156 -1.48392e+00 | 20  0.02301  1.62865e+00 | 21  0.00881 -1.50193e+00
 22 -0.02625  3.20081e+00 | 23  0.04345 -7.18670e+00 | 24  0.00215  4.00030e+00
 25  0.01303 -2.77756e-01 | 26 -0.00622  3.16767e+00 | 27  0.00863  8.09506e-01
 28  0.02503 -4.23987e+00 | 29  0.01585 -1.59719e-01 | 30 -0.04234  4.56234e-01
 31  0.00482  1.15395e+00 | 32  0.00869 -1.71365e+00 | 33  0.01427 -5.97984e+00
 34  0.01609  1.36375e+00 | 35 -0.01268 -6.58547e+00 | 36  0.02355 -7.43024e+00
 37  0.02395 -2.62505e+00 | 38 -0.03636  7.36467e+00 | 39  0.00018 -7.36349e+00
 40 -0.01784  4.95384e+00 | 41  0.00763  5.90137e+00 | 42  0.01457 -4.71140e-01
 43 -0.00129 -3.36122e+00 | 44 -0.03187 -8.56987e+00 | 45  0.00796  8.81548e+00
 46 -0.01440  8.95619e-01 | 47  0.00160  1.68420e+00 | 48  0.01042  1.20570e+00
 49  0.01168 -1.59659e+00 | 50 -0.03008  1.05648e+01 | 51 -0.03016  1.59552e+01
 52  0.00121  1.15066e+01 | 53  0.04665  1.16968e+00 | 54  0.03114  2.15701e+01
 55 -0.04931  1.69197e+01 | 56  0.04866 -7.52780e+00 | 57  0.00543  7.28569e+00
 58  0.00621  5.29024e+00 | 59  0.01734 -5.70648e+00 | 60 -0.02260  1.37197e+01
 61  0.04723 -4.36187e+00 | 62 -0.01307  4.75759e+00 | 63 -0.00547  8.02711e+00
 64  0.00117  8.60798e+00 | 65  0.02570 -4.64566e+00 | 66  0.02196  6.65833e+00
 67 -0.03281 -6.31868e+00 | 68 -0.00157  8.78837e-02 | 69  0.01543  1.35141e+00
 70  0.00200 -5.16638e+00 | 71  0.01972 -5.28693e+00 | 72  0.01797  1.79062e+01
 73  0.02269  5.63535e+00 | 74 -0.03002 -1.45324e+00 | 75  0.00703 -2.07267e-02
 76  0.00012 -4.34676e+00 | 77 -0.00224 -1.49938e+00 | 78  0.01468 -1.17286e+01
 79 -0.02449 -7.42728e+00 | 80 -0.00365 -6.47394e+00 | 81  0.00867 -6.46736e+00
 82 -0.01427 -3.84577e+00 | 83  0.00527 -2.85423e+00 | 84  0.01391 -4.10594e+00
 85 -0.02504  1.71921e+00 | 86 -0.04724  3.63703e+00 | 87 -0.02659 -2.36148e+00
 88 -0.00469  5.44162e+00 | 89 -0.03483  1.22784e+00 | 90  0.02893 -1.32077e+01
 91 -0.01772 -4.28761e+00 | 92 -0.00122  2.13477e+00 | 93  0.00980  8.18222e+00
 94 -0.00337 -2.58643e+00 | 95 -0.00194 -3.96572e+00 | 96 -0.00194 -3.96517e+00
 97  0.81011 -5.46169e+00 | 98 -0.41581  3.35726e+02 | 99  0.22380  1.49036e+01
100 -0.25275 -2.84862e+02 |

Intermediate statistics: 100 variables; iteration 20; function evaluation 26; phase 3
Function value 2.1835311e+03; maximum gradient component mag 3.6498e+02
Var    Value     Gradient |Var    Value     Gradient |Var    Value     Gradient
  1  0.61930 -1.41547e+02 |  2 -0.01525  3.87405e+00 |  3 -0.01212  2.45862e+00
  4 -0.00560  8.24452e+00 |  5 -0.00669 -3.51322e-01 |  6  0.00093 -2.41451e-01
  7 -0.00973  1.40898e+00 |  8 -0.02601  3.61391e+00 |  9 -0.01525  7.41474e+00
 10 -0.01915  8.68459e-01 | 11 -0.01352  1.70169e+00 | 12  0.00259  6.04825e+00
 13 -0.00875  7.51970e+00 | 14  0.04758  2.20888e-01 | 15  0.01322  1.57501e+01
 16  0.02399  5.84455e+00 | 17 -0.00045 -7.12928e+00 | 18 -0.02709 -4.42103e+00
 19 -0.01144  2.44966e+00 | 20  0.02322  5.43093e+00 | 21  0.00892  1.19566e+00
 22 -0.02565  1.18092e+01 | 23  0.04327 -1.22825e+01 | 24  0.00260  1.16244e+01
 25  0.01304  1.73545e+00 | 26 -0.00585  9.86055e+00 | 27  0.00874  3.79042e+00
 28  0.02482 -7.84764e+00 | 29  0.01582  1.81665e-01 | 30 -0.04213  5.56542e+00
 31  0.00488  3.40434e+00 | 32  0.00852 -3.18244e+00 | 33  0.01385 -1.24014e+01
 34  0.01602 -8.61382e-02 | 35 -0.01335 -1.17989e+01 | 36  0.02302 -1.81398e+01
 37  0.02356 -1.09806e+01 | 38 -0.03567  1.63207e+01 | 39 -0.00060 -1.74121e+01
 40 -0.01770  8.51579e+00 | 41  0.00751  3.71642e+00 | 42  0.01413 -9.89787e+00
 43 -0.00193 -1.28068e+01 | 44 -0.03316 -1.87906e+01 | 45  0.00774  4.07694e+00
 46 -0.01494 -5.07534e+00 | 47  0.00101 -8.65093e+00 | 48  0.00976 -1.31737e+01
 49  0.01085 -1.94111e+01 | 50 -0.02999  1.39106e+01 | 51 -0.02973  2.35500e+01
 52  0.00074  2.89672e+00 | 53  0.04598 -3.41674e+01 | 54  0.03018 -2.07111e+01
 55 -0.04823  3.24660e+01 | 56  0.04919  1.07988e+01 | 57  0.00518  3.96486e+00
 58  0.00592 -3.98263e+00 | 59  0.01684 -1.95366e+01 | 60 -0.02233  1.95300e+01
 61  0.04716 -6.70226e+00 | 62 -0.01324  3.10586e+00 | 63 -0.00568  7.38762e+00
 64  0.00099  4.96487e+00 | 65  0.02549 -8.11074e+00 | 66  0.02181  9.89528e-01
 67 -0.03350 -1.17969e+01 | 68 -0.00177 -3.45503e+00 | 69  0.01526  8.17208e-01
 70  0.00177 -8.93408e+00 | 71  0.01963 -3.15249e+00 | 72  0.01785  1.52547e+01
 73  0.02252  4.95046e+00 | 74 -0.03029 -2.55251e+00 | 75  0.00684  4.61723e-01
 76 -0.00005 -5.75540e+00 | 77 -0.00241  1.43099e+00 | 78  0.01484 -2.22886e+00
 79 -0.02491 -8.28478e+00 | 80 -0.00384 -7.63045e+00 | 81  0.00848 -4.06523e+00
 82 -0.01453 -4.75698e+00 | 83  0.00505 -2.29193e-01 | 84  0.01377 -2.84288e+00
 85 -0.02524  6.70175e+00 | 86 -0.04718  1.07647e+01 | 87 -0.02702 -4.91995e-02
 88 -0.00489  8.21517e+00 | 89 -0.03495  8.86008e+00 | 90  0.02859 -1.51065e+01
 91 -0.01807  1.37904e-01 | 92  0.00057  1.92253e+01 | 93  0.01155  2.22942e+01
 94 -0.00395  2.68275e+00 | 95 -0.00080  3.34560e+00 | 96 -0.00080  3.34594e+00
 97  0.78785 -4.64556e+01 | 98 -0.41944  3.64984e+02 | 99  0.23328 -6.69939e+00
100 -0.24942 -1.35147e+02 |
100 variables; iteration 40; function evaluation 51; phase 3
Function value 2.1826126e+03; maximum gradient component mag 1.5802e+02
Var    Value     Gradient |Var    Value     Gradient |Var    Value     Gradient
  1  0.61926 -6.40960e+01 |  2 -0.01670 -1.29440e+00 |  3 -0.01129  1.78802e+00
  4 -0.00934 -2.39621e+00 |  5 -0.00498  1.38221e+00 |  6  0.00245  1.58708e+00
  7 -0.00852  2.41521e+00 |  8 -0.02547  2.73871e+00 |  9 -0.01592  3.05160e+00
 10 -0.01646  7.96393e+00 | 11 -0.01195  5.91912e+00 | 12  0.00300  6.17315e+00
 13 -0.00779  1.05912e+01 | 14  0.04761 -1.43050e+00 | 15  0.01213  2.82411e+00
 16  0.02370 -3.06216e-01 | 17  0.00013 -2.70583e+00 | 18 -0.02611  1.36545e+00
 19 -0.01148 -2.17750e-01 | 20  0.02296 -1.45654e+00 | 21  0.00883 -2.92093e+00
 22 -0.02676 -3.52529e-01 | 23  0.04375 -3.18740e+00 | 24  0.00170 -9.82938e-01
 25  0.01318  1.81629e+00 | 26 -0.00641  1.83552e+00 | 27  0.00847 -1.39501e+00
 28  0.02516 -3.19864e+00 | 29  0.01598  1.43819e+00 | 30 -0.04265 -9.31534e-02
 31  0.00470 -6.46597e-01 | 32  0.00887  3.37546e-01 | 33  0.01430 -6.63079e+00
 34  0.01608  5.89851e-02 | 35 -0.01261 -5.26449e+00 | 36  0.02404 -2.13906e-01
 37  0.02423  8.73325e-01 | 38 -0.03771 -2.65146e+00 | 39  0.00074  4.11337e-01
 40 -0.01841 -1.02134e+00 | 41  0.00757  3.84762e+00 | 42  0.01458 -1.49585e+00
 43 -0.00109 -2.28006e-01 | 44 -0.03135 -2.20058e+00 | 45  0.00731 -2.16690e+00
 46 -0.01477 -2.78942e+00 | 47  0.00120 -4.03320e+00 | 48  0.01011 -3.69063e+00
 49  0.01151 -3.54560e+00 | 50 -0.03123  2.40252e-01 | 51 -0.03182 -6.40386e-01
 52  0.00048  4.85356e-01 | 53  0.04632 -1.04506e+01 | 54  0.03076 -1.28516e+00
 55 -0.05034  9.73546e+00 | 56  0.04903 -9.28628e-01 | 57  0.00478 -4.37407e+00
 58  0.00602 -4.70962e+00 | 59  0.01755  3.21055e+00 | 60 -0.02324  7.53071e-01
 61  0.04717 -2.72702e+00 | 62 -0.01303  3.46662e+00 | 63 -0.00599  7.99776e-01
 64  0.00102  1.04934e+00 | 65  0.02546 -7.70873e+00 | 66  0.02138 -1.81247e+01
 67 -0.03297 -4.44225e+00 | 68 -0.00131  4.07480e+00 | 69  0.01522  2.93742e+00
 70  0.00245  5.03283e+00 | 71  0.01954 -3.42891e+00 | 72  0.01784  9.85719e+00
 73  0.02222 -4.14392e+00 | 74 -0.03003 -1.75651e+00 | 75  0.00697  6.30979e+00
 76  0.00019 -3.26017e+00 | 77 -0.00273 -5.34415e+00 | 78  0.01522  7.01988e+00
 79 -0.02434  2.89378e+00 | 80 -0.00387 -1.26791e+01 | 81  0.00901  1.40801e+01
 82 -0.01417 -1.47156e+00 | 83  0.00498 -1.80658e+00 | 84  0.01381 -8.58562e+00
 85 -0.02526  4.26507e+00 | 86 -0.04727  3.78752e+00 | 87 -0.02688 -1.58283e-01
 88 -0.00489 -8.85000e-01 | 89 -0.03536  2.09801e+00 | 90  0.02944 -1.35724e+00
 91 -0.01745  4.15582e+00 | 92 -0.00022  1.20847e+00 | 93  0.00860  6.46269e+00
 94 -0.00332  2.36424e+00 | 95 -0.00323 -2.89126e+00 | 96 -0.00323 -2.89097e+00
 97  0.77900 -2.38443e+01 | 98 -0.42164  1.58025e+02 | 99  0.24739 -1.81207e+01
100 -0.24465  4.95016e+01 |
100 variables; iteration 60; function evaluation 78; phase 3
Function value 2.1824902e+03; maximum gradient component mag 1.5709e+01
Var    Value     Gradient |Var    Value     Gradient |Var    Value     Gradient
  1  0.61947 -4.69652e+00 |  2 -0.01656 -2.55596e+00 |  3 -0.01116  5.27936e-01
  4 -0.00670  1.93933e+00 |  5 -0.00454  9.37799e-01 |  6  0.00248  1.92296e-01
  7 -0.00903 -4.30100e-01 |  8 -0.02606 -3.07267e-01 |  9 -0.01608  1.10848e+00
 10 -0.01788  1.60066e+00 | 11 -0.01329 -9.47557e-01 | 12  0.00261  2.83011e+00
 13 -0.00986 -1.94221e+00 | 14  0.04766 -8.95649e-01 | 15  0.01174 -1.09858e+00
 16  0.02360 -7.02941e-01 | 17  0.00049  2.08343e+00 | 18 -0.02618  8.13967e-01
 19 -0.01151 -1.46783e-01 | 20  0.02295  2.72987e-01 | 21  0.00886 -1.23420e+00
 22 -0.02661  7.99516e-01 | 23  0.04382  4.34110e-01 | 24  0.00186  1.22618e+00
 25  0.01300 -1.29362e-01 | 26 -0.00663 -5.55193e-01 | 27  0.00853 -6.96614e-02
 28  0.02527 -3.98375e-02 | 29  0.01579 -5.18464e-01 | 30 -0.04247  6.58679e-01
 31  0.00470  4.79680e-02 | 32  0.00877 -3.27526e-02 | 33  0.01460 -4.63088e-01
 34  0.01598 -1.47011e-02 | 35 -0.01224 -9.02654e-01 | 36  0.02391 -5.12789e-01
 37  0.02406 -5.22387e-03 | 38 -0.03743 -3.13781e-01 | 39  0.00071  1.32205e+00
 40 -0.01844 -9.60138e-01 | 41  0.00714 -1.46464e+00 | 42  0.01451 -4.89325e-01
 43 -0.00114  6.14057e-01 | 44 -0.03097  2.04218e+00 | 45  0.00727 -1.24120e-01
 46 -0.01444  2.64484e+00 | 47  0.00122 -1.26528e+00 | 48  0.01016  2.86205e-01
 49  0.01152  8.46375e-03 | 50 -0.03143 -1.04434e+00 | 51 -0.03195 -1.13964e+00
 52  0.00026 -6.60706e-01 | 53  0.04639  6.91971e-01 | 54  0.03070  6.36841e-01
 55 -0.05125  1.47488e-01 | 56  0.04890 -9.98363e-01 | 57  0.00488  6.51759e-01
 58  0.00610 -2.57211e-01 | 59  0.01732 -2.27572e-01 | 60 -0.02337 -7.88268e-01
 61  0.04712 -7.84197e-02 | 62 -0.01320  1.13223e+00 | 63 -0.00611 -6.79947e-01
 64  0.00087 -8.19822e-01 | 65  0.02554 -2.98978e-04 | 66  0.02175 -8.87162e-01
 67 -0.03279 -8.24530e-01 | 68 -0.00155 -6.47034e-01 | 69  0.01486 -6.46866e+00
 70  0.00223  6.33630e-01 | 71  0.01961  1.74146e+00 | 72  0.01750  1.39826e+00
 73  0.02220 -2.04783e+00 | 74 -0.02989  8.36290e-01 | 75  0.00672  1.11677e+00
 76  0.00022 -9.66844e-01 | 77 -0.00265 -1.92752e+00 | 78  0.01498  3.72271e-01
 79 -0.02443  1.59928e+00 | 80 -0.00335  2.13258e+00 | 81  0.00859  2.32159e+00
 82 -0.01406  8.03854e-01 | 83  0.00503  7.51750e-01 | 84  0.01405  1.68948e-02
 85 -0.02544 -3.11603e-03 | 86 -0.04744 -1.69381e-01 | 87 -0.02676  6.07396e-01
 88 -0.00476  1.01308e-01 | 89 -0.03531  8.54952e-01 | 90  0.02963  2.65088e-01
 91 -0.01772 -9.54835e-01 | 92 -0.00001 -8.72794e-01 | 93  0.00781  2.83841e-01
 94 -0.00336  7.55453e-01 | 95 -0.00019  2.23490e-01 | 96 -0.00019  2.23710e-01
 97  0.77682 -4.36935e-01 | 98 -0.42249  1.57094e+01 | 99  0.24905 -2.45226e+00
100 -0.24433  9.00511e+00 |
Maximum number of function evaluations exceeded

 - final statistics:
100 variables; iteration 77; function evaluation 100
Function value 2.1825e+03; maximum gradient component mag 8.1369e+00
Exit code = 3;  converg criter 1.0000e+00
Var    Value     Gradient |Var    Value     Gradient |Var    Value     Gradient
  1  0.61947 -3.17064e+00 |  2 -0.01527 -2.06655e-01 |  3 -0.01133  7.20376e-02
  4 -0.00734  3.82668e-01 |  5 -0.00501 -3.03834e-01 |  6  0.00253  1.92564e-01
  7 -0.00880  3.33676e-02 |  8 -0.02586  9.13182e-02 |  9 -0.01628  2.88574e-01
 10 -0.01825  1.15881e-01 | 11 -0.01308 -3.10337e-01 | 12  0.00215  2.01882e-02
 13 -0.00952 -3.45093e-01 | 14  0.04775 -1.59443e-01 | 15  0.01171 -1.68925e+00
 16  0.02370  2.93015e-01 | 17  0.00044  1.35570e+00 | 18 -0.02634 -6.42691e-01
 19 -0.01149 -4.63192e-02 | 20  0.02296  2.11198e-01 | 21  0.00891 -6.76390e-01
 22 -0.02673 -5.09112e-01 | 23  0.04379 -7.87650e-01 | 24  0.00178 -5.86338e-02
 25  0.01306  4.48345e-01 | 26 -0.00661 -5.15286e-01 | 27  0.00859  6.42095e-01
 28  0.02526 -3.65197e-01 | 29  0.01578 -9.46949e-01 | 30 -0.04241  9.13620e-01
 31  0.00478  9.53668e-01 | 32  0.00881  3.80271e-01 | 33  0.01472  1.15737e+00
 34  0.01596 -5.80810e-01 | 35 -0.01216 -2.75355e-01 | 36  0.02390 -8.97087e-01
 37  0.02411  8.01211e-01 | 38 -0.03740 -2.02228e-01 | 39  0.00067  6.43659e-01
 40 -0.01839 -3.90481e-01 | 41  0.00726  4.15225e-01 | 42  0.01450 -8.12390e-01
 43 -0.00117  1.64363e-01 | 44 -0.03125 -6.79984e-01 | 45  0.00725 -5.92835e-01
 46 -0.01467 -2.36155e-01 | 47  0.00134  6.99803e-01 | 48  0.01015  3.64573e-01
 49  0.01157  1.33288e+00 | 50 -0.03136 -5.15358e-02 | 51 -0.03182  5.29164e-01
 52  0.00028  3.92070e-02 | 53  0.04637  1.70363e-01 | 54  0.03068  6.92145e-02
 55 -0.05123  3.41186e-01 | 56  0.04891 -4.11632e-01 | 57  0.00492  1.46067e+00
 58  0.00607 -1.02256e+00 | 59  0.01734  2.24241e-01 | 60 -0.02336 -7.07234e-01
 61  0.04712 -4.63687e-02 | 62 -0.01320  1.03756e+00 | 63 -0.00616 -1.63545e+00
 64  0.00095  1.08371e+00 | 65  0.02554  8.14783e-02 | 66  0.02178  3.10555e-01
 67 -0.03277 -4.33097e-01 | 68 -0.00157 -9.05076e-01 | 69  0.01506 -2.11180e-01
 70  0.00220 -1.43214e-01 | 71  0.01958  4.42496e-01 | 72  0.01746  5.39701e-02
 73  0.02226 -3.58365e-03 | 74 -0.02996 -3.56382e-01 | 75  0.00669 -3.84165e-02
 76  0.00031  1.32683e+00 | 77 -0.00263 -1.35808e+00 | 78  0.01498  4.02926e-01
 79 -0.02459 -1.75850e+00 | 80 -0.00338  9.95947e-01 | 81  0.00854  3.26809e-01
 82 -0.01413 -1.02566e+00 | 83  0.00504  6.96226e-01 | 84  0.01406  3.48032e-01
 85 -0.02540  7.74478e-01 | 86 -0.04745 -3.57629e-01 | 87 -0.02682 -5.61189e-01
 88 -0.00472  9.36096e-01 | 89 -0.03539 -2.07834e-01 | 90  0.02965  6.93603e-01
 91 -0.01763 -1.84708e-01 | 92  0.00006 -4.84602e-01 | 93  0.00783  5.68483e-02
 94 -0.00378 -1.02432e-02 | 95 -0.00018  1.69505e-01 | 96 -0.00018  1.69223e-01
 97  0.77552 -1.32341e+00 | 98 -0.42276  8.13687e+00 | 99  0.24915 -1.52131e-02
100 -0.24433  9.04203e-01 |

Initial statistics: 108 variables; iteration 0; function evaluation 0; phase 4
Function value 2.1824816e+03; maximum gradient component mag 8.7827e+02
Var    Value     Gradient |Var    Value     Gradient |Var    Value     Gradient
  1 -0.42263  5.73050e+01 |  2 -0.42263  8.78266e+02 |  3 -0.41094  1.05522e+02
  4  0.61947 -3.17045e+00 |  5  0.00000  1.34601e+01 |  6  0.00000  3.00274e+00
  7  0.00000 -1.20506e+01 |  8  0.00000 -4.24858e+00 |  9  0.00000  2.09572e+01
 10 -0.01527 -2.12862e-01 | 11 -0.01133  5.99479e-02 | 12 -0.00734  3.76930e-01
 13 -0.00501 -3.09068e-01 | 14  0.00253  1.86594e-01 | 15 -0.00880  2.96064e-02
 16 -0.02586  8.26824e-02 | 17 -0.01628  2.82657e-01 | 18 -0.01825  1.10003e-01
 19 -0.01308 -3.15992e-01 | 20  0.00215  1.41147e-02 | 21 -0.00952 -3.50913e-01
 22  0.04775 -1.57696e-01 | 23  0.01171 -1.70221e+00 | 24  0.02370  2.91976e-01
 25  0.00044  1.33949e+00 | 26 -0.02634 -6.42379e-01 | 27 -0.01149 -5.74051e-02
 28  0.02296  2.08239e-01 | 29  0.00891 -6.77096e-01 | 30 -0.02673 -5.19770e-01
 31  0.04379 -7.89431e-01 | 32  0.00178 -6.19592e-02 | 33  0.01306  4.39408e-01
 34 -0.00661 -5.17049e-01 | 35  0.00859  6.33632e-01 | 36  0.02526 -3.72227e-01
 37  0.01578 -9.60838e-01 | 38 -0.04241  9.06672e-01 | 39  0.00478  9.42863e-01
 40  0.00881  3.76948e-01 | 41  0.01472  1.15496e+00 | 42  0.01596 -5.94515e-01
 43 -0.01216 -2.92141e-01 | 44  0.02390 -9.06130e-01 | 45  0.02411  7.93603e-01
 46 -0.03740 -2.05807e-01 | 47  0.00067  6.43106e-01 | 48 -0.01839 -3.91142e-01
 49  0.00726  4.16538e-01 | 50  0.01450 -8.01964e-01 | 51 -0.00117  1.63575e-01
 52 -0.03125 -6.90194e-01 | 53  0.00725 -5.91490e-01 | 54 -0.01467 -2.35200e-01
 55  0.00134  6.97695e-01 | 56  0.01015  3.54336e-01 | 57  0.01157  1.32081e+00
 58 -0.03136 -5.05136e-02 | 59 -0.03182  5.22806e-01 | 60  0.00028  4.18475e-02
 61  0.04637  1.63178e-01 | 62  0.03068  6.31064e-02 | 63 -0.05123  3.31169e-01
 64  0.04891 -4.17345e-01 | 65  0.00492  1.45297e+00 | 66  0.00607 -1.02720e+00
 67  0.01734  2.19263e-01 | 68 -0.02336 -7.23725e-01 | 69  0.04711 -5.18183e-02
 70 -0.01320  1.04179e+00 | 71 -0.00616 -1.64113e+00 | 72  0.00095  1.07822e+00
 73  0.02554  7.63319e-02 | 74  0.02178  3.05631e-01 | 75 -0.03277 -4.43285e-01
 76 -0.00157 -9.08488e-01 | 77  0.01506 -2.16009e-01 | 78  0.00220 -1.47678e-01
 79  0.01958  4.37257e-01 | 80  0.01746  4.91367e-02 | 81  0.02226 -8.57705e-03
 82 -0.02996 -3.56989e-01 | 83  0.00669 -4.32206e-02 | 84  0.00031  1.32164e+00
 85 -0.00263 -1.36140e+00 | 86  0.01498  3.98190e-01 | 87 -0.02459 -1.76729e+00
 88 -0.00338  9.90804e-01 | 89  0.00854  3.21049e-01 | 90 -0.01413 -1.03356e+00
 91  0.00504  6.89608e-01 | 92  0.01406  3.43185e-01 | 93 -0.02540  7.41872e-01
 94 -0.04745 -3.72516e-01 | 95 -0.02682 -5.64739e-01 | 96 -0.00472  9.20883e-01
 97 -0.03539 -2.04451e-01 | 98  0.02965  6.81049e-01 | 99 -0.01763 -1.91119e-01
100  0.00006 -4.88090e-01 |101  0.00783  5.17057e-02 |102 -0.00378 -1.61628e-02
103 -0.00018  1.63537e-01 |104 -0.00018  1.63167e-01 |105  0.77552 -1.32271e+00
106 -0.42276  8.13247e+00 |107  0.24915 -1.46400e-02 |108 -0.24433  9.04413e-01

Intermediate statistics: 108 variables; iteration 20; function evaluation 24; phase 4
Function value 2.1807300e+03; maximum gradient component mag 2.0587e+02
Var    Value     Gradient |Var    Value     Gradient |Var    Value     Gradient
  1 -0.44626  6.84247e+01 |  2 -0.42571  1.38128e+02 |  3 -0.39926  7.99157e+01
  4  0.62012 -1.32586e+02 |  5 -0.00130  7.78652e+00 |  6 -0.00039  1.61720e+00
  7  0.00469 -5.53010e+00 |  8  0.00180 -2.29107e+00 |  9 -0.00396  1.22847e+01
 10 -0.01466  2.76074e+00 | 11 -0.01081  2.60609e+00 | 12 -0.00684  2.51362e+00
 13 -0.00447  1.54401e+00 | 14  0.00296  1.09953e+00 | 15 -0.00843  9.23854e-01
 16 -0.02552  1.25002e+00 | 17 -0.01613  1.69748e-01 | 18 -0.01825 -6.91984e-01
 19 -0.01332 -2.70908e+00 | 20  0.00162 -5.69501e+00 | 21 -0.01002 -4.98184e+00
 22  0.04706 -1.83744e+01 | 23  0.01130 -9.52288e+00 | 24  0.02342 -8.66070e+00
 25  0.00025 -2.26016e+00 | 26 -0.02662 -1.93634e+00 | 27 -0.01168 -1.75503e+00
 28  0.02275 -6.32745e+00 | 29  0.00854 -8.04687e+00 | 30 -0.02705 -3.39379e+00
 31  0.04377 -6.32173e+00 | 32  0.00147 -5.33666e+00 | 33  0.01282 -6.07305e+00
 34 -0.00692 -4.76125e+00 | 35  0.00839 -3.73428e+00 | 36  0.02514 -5.84985e+00
 37  0.01553 -7.11231e+00 | 38 -0.04253  1.03928e+00 | 39  0.00455 -2.42295e+00
 40  0.00855 -3.91910e+00 | 41  0.01455 -2.56518e+00 | 42  0.01584 -3.56818e+00
 43 -0.01230 -1.17275e+00 | 44  0.02407 -3.09876e-01 | 45  0.02424  1.25829e+00
 46 -0.03748  3.44912e-01 | 47  0.00069  1.46386e+00 | 48 -0.01846  4.83192e-01
 49  0.00731  1.26122e+00 | 50  0.01456  1.57761e+00 | 51 -0.00111  1.98068e+00
 52 -0.03139  7.76685e-02 | 53  0.00749  5.89595e+00 | 54 -0.01462  3.17304e+00
 55  0.00169  9.64091e+00 | 56  0.01063  1.22954e+01 | 57  0.01210  1.46304e+01
 58 -0.03126  4.73477e+00 | 59 -0.03156  8.10203e+00 | 60  0.00089  1.50089e+01
 61  0.04654  8.30697e+00 | 62  0.03108  2.37425e+01 | 63 -0.05084  6.53417e+00
 64  0.04800 -3.85755e+01 | 65  0.00505  8.27236e+00 | 66  0.00652  1.18955e+01
 67  0.01731  4.84765e+00 | 68 -0.02320  3.48000e+00 | 69  0.04634 -3.89535e+01
 70 -0.01332 -3.92106e-01 | 71 -0.00604  2.07229e+00 | 72  0.00088 -5.00390e-01
 73  0.02496 -2.10638e+01 | 74  0.02130 -1.82745e+01 | 75 -0.03273  4.15411e-02
 76 -0.00174 -3.23063e+00 | 77  0.01486 -7.46853e+00 | 78  0.00188 -8.47147e+00
 79  0.01920 -1.64904e+01 | 80  0.01700 -1.69561e+01 | 81  0.02185 -1.79021e+01
 82 -0.02999 -9.75133e-01 | 83  0.00653 -4.02608e+00 | 84  0.00009 -2.60636e+00
 85 -0.00267 -8.39951e-01 | 86  0.01454 -1.24084e+01 | 87 -0.02469 -1.08385e+00
 88 -0.00344  4.64719e+00 | 89  0.00842  1.78822e+00 | 90 -0.01411  5.68570e+00
 91  0.00511  8.68118e+00 | 92  0.01378 -1.80566e+00 | 93 -0.02502  1.33073e+01
 94 -0.04707  1.19996e+01 | 95 -0.02613  2.11119e+01 | 96 -0.00430  2.33939e+01
 97 -0.03509  1.02839e+01 | 98  0.03005  2.47759e+01 | 99 -0.01717  9.28109e+00
100  0.00024  7.83371e+00 |101  0.00743  7.26140e+00 |102 -0.00225  4.71684e+00
103 -0.00010  3.38885e+00 |104 -0.00010  3.38807e+00 |105  0.77294 -2.12705e+01
106 -0.42315  5.04819e+01 |107  0.23905 -7.55808e+01 |108 -0.24536  2.05874e+02
108 variables; iteration 40; function evaluation 51; phase 4
Function value 2.1798707e+03; maximum gradient component mag -3.2720e+01
Var    Value     Gradient |Var    Value     Gradient |Var    Value     Gradient
  1 -0.46769  1.16611e+01 |  2 -0.42737 -3.27195e+01 |  3 -0.39156  1.70744e+01
  4  0.62094 -1.45598e+01 |  5 -0.00468  6.30055e-01 |  6 -0.00115  8.25609e-02
  7  0.00897  7.84968e-01 |  8  0.00350  2.39929e-01 |  9 -0.01025  5.76122e-01
 10 -0.01423  2.95613e-01 | 11 -0.01042  1.25848e-01 | 12 -0.00647  1.52559e-02
 13 -0.00378 -1.95294e-01 | 14  0.00375 -2.03209e-01 | 15 -0.00759 -1.75371e-01
 16 -0.02481 -1.36220e-01 | 17 -0.01522 -1.91247e-01 | 18 -0.01723 -2.93918e-01
 19 -0.01193  3.85042e-02 | 20  0.00290 -1.22376e+00 | 21 -0.00892 -1.12893e+00
 22  0.04835 -1.49922e+00 | 23  0.01225 -1.70659e+00 | 24  0.02424  6.71364e-01
 25  0.00089  2.55857e+00 | 26 -0.02599  6.82633e-01 | 27 -0.01117  8.49865e-01
 28  0.02320 -1.83306e+00 | 29  0.00917 -2.55238e+00 | 30 -0.02653 -1.37849e+00
 31  0.04380 -6.31086e+00 | 32  0.00220  1.90668e+00 | 33  0.01344  1.58727e+00
 34 -0.00611  2.66155e+00 | 35  0.00870 -6.87292e-01 | 36  0.02534 -3.10943e+00
 37  0.01619  1.72848e+00 | 38 -0.04230  3.35237e-01 | 39  0.00487  4.66425e-01
 40  0.00902  1.82790e+00 | 41  0.01480  7.39061e-01 | 42  0.01610  2.60796e-02
 43 -0.01199  8.66268e-01 | 44  0.02409 -3.02138e-01 | 45  0.02429  2.33671e+00
 46 -0.03729 -3.69723e-03 | 47  0.00083  2.63449e+00 | 48 -0.01830  8.28935e-01
 49  0.00724 -6.26786e-01 | 50  0.01419 -4.07581e+00 | 51 -0.00113  1.72867e+00
 52 -0.03136 -2.68084e-01 | 53  0.00680 -3.69418e+00 | 54 -0.01494 -1.84847e-01
 55  0.00071 -3.20452e+00 | 56  0.00973 -6.69849e-01 | 57  0.01089 -4.18396e+00
 58 -0.03191 -9.10426e-01 | 59 -0.03255 -1.44318e+00 | 60 -0.00025 -1.78066e+00
 61  0.04598  5.40157e-01 | 62  0.03014  2.26612e+00 | 63 -0.05129  3.68840e-01
 64  0.04859  3.47347e+00 | 65  0.00436 -2.47777e+00 | 66  0.00579 -5.32453e+00
 67  0.01685 -1.53914e+00 | 68 -0.02356 -6.79177e-01 | 69  0.04687  1.53673e+00
 70 -0.01362 -8.76151e-01 | 71 -0.00629  6.39452e-01 | 72  0.00064 -3.36116e-01
 73  0.02500 -7.82991e+00 | 74  0.02129 -5.08004e+00 | 75 -0.03285  7.57434e-01
 76 -0.00190  1.28142e+00 | 77  0.01509  8.83628e+00 | 78  0.00188  1.23197e+00
 79  0.01919 -6.35994e+00 | 80  0.01733  7.93343e+00 | 81  0.02240  1.46461e+01
 82 -0.03012 -6.37051e-02 | 83  0.00614 -8.38733e+00 | 84 -0.00019 -3.24646e+00
 85 -0.00289  6.87033e-01 | 86  0.01471  6.05819e+00 | 87 -0.02468  4.75799e+00
 88 -0.00379  2.34774e+00 | 89  0.00782 -9.84550e+00 | 90 -0.01468 -1.75340e+00
 91  0.00464  1.60946e+00 | 92  0.01350  9.54113e-01 | 93 -0.02585  1.04587e+00
 94 -0.04772  4.24892e+00 | 95 -0.02717  4.49794e+00 | 96 -0.00547  2.61319e+00
 97 -0.03612 -2.10602e+00 | 98  0.02879  2.51706e+00 | 99 -0.01760  2.91452e+00
100 -0.00070 -3.19526e+00 |101  0.00717  1.37636e-01 |102 -0.00309 -3.58934e-01
103 -0.00006  4.14153e-01 |104 -0.00006  4.14514e-01 |105  0.77482 -6.95480e+00
106 -0.42226  3.22041e+01 |107  0.24150 -5.36541e+00 |108 -0.24447  1.93023e+01
108 variables; iteration 60; function evaluation 78; phase 4
Function value 2.1798425e+03; maximum gradient component mag 1.1142e+01
Var    Value     Gradient |Var    Value     Gradient |Var    Value     Gradient
  1 -0.46919  4.10465e+00 |  2 -0.42732  1.11416e+01 |  3 -0.39144  1.01312e+01
  4  0.62095  1.76920e+00 |  5 -0.00515 -2.10034e-01 |  6 -0.00115  7.61790e-02
  7  0.00848 -1.25092e-02 |  8  0.00345  1.88279e-01 |  9 -0.01028  5.75340e-01
 10 -0.01429 -1.94361e-01 | 11 -0.01039 -1.31976e-01 | 12 -0.00634  2.60872e-04
 13 -0.00368 -2.07403e-01 | 14  0.00361 -7.69910e-01 | 15 -0.00768 -6.25416e-01
 16 -0.02489 -5.78968e-01 | 17 -0.01469  1.31181e+00 | 18 -0.01729 -5.71876e-01
 19 -0.01183  4.19082e-01 | 20  0.00316  3.26732e-01 | 21 -0.00895 -1.17667e+00
 22  0.04839 -9.47468e-02 | 23  0.01225 -1.41804e+00 | 24  0.02416 -1.70889e-02
 25  0.00061 -5.39154e-01 | 26 -0.02596  7.79744e-01 | 27 -0.01124  1.94013e-01
 28  0.02326 -3.48421e-01 | 29  0.00925 -9.17106e-01 | 30 -0.02640 -1.01213e-01
 31  0.04398 -1.24112e+00 | 32  0.00204  1.72849e-01 | 33  0.01335  4.58959e-01
 34 -0.00631  5.42444e-01 | 35  0.00870 -3.65733e-01 | 36  0.02544 -6.86359e-01
 37  0.01605  2.62133e-01 | 38 -0.04221  9.34775e-01 | 39  0.00482  1.59776e-01
 40  0.00890  6.82573e-01 | 41  0.01470 -7.90395e-02 | 42  0.01605 -1.26703e-01
 43 -0.01206  4.36768e-01 | 44  0.02404 -4.29610e-01 | 45  0.02416  1.00044e+00
 46 -0.03731 -1.22624e-01 | 47  0.00069  1.08258e+00 | 48 -0.01839 -2.04025e-02
 49  0.00722 -1.89786e-01 | 50  0.01428 -1.49042e+00 | 51 -0.00126  5.07898e-01
 52 -0.03139 -4.07618e-01 | 53  0.00697 -2.42653e-01 | 54 -0.01500 -5.20250e-01
 55  0.00082 -1.01322e+00 | 56  0.00971 -1.31343e-02 | 57  0.01102 -7.32692e-01
 58 -0.03189 -3.59461e-01 | 59 -0.03246 -1.86174e-01 | 60 -0.00022 -6.18021e-01
 61  0.04593  3.97156e-01 | 62  0.03005  5.71097e-01 | 63 -0.05138 -9.12179e-01
 64  0.04851  1.58284e+00 | 65  0.00443 -2.22713e-02 | 66  0.00593 -1.38596e+00
 67  0.01685 -2.38232e-01 | 68 -0.02353  1.93939e-02 | 69  0.04684  1.13495e+00
 70 -0.01361 -4.26038e-01 | 71 -0.00630  3.96178e-01 | 72  0.00062 -1.70810e-01
 73  0.02517 -1.03318e+00 | 74  0.02137 -8.00974e-01 | 75 -0.03290 -7.96069e-02
 76 -0.00193  6.78093e-01 | 77  0.01488  2.30831e+00 | 78  0.00182  4.02425e-01
 79  0.01933 -1.43212e+00 | 80  0.01716  2.33247e+00 | 81  0.02209  3.63422e+00
 82 -0.03010  2.28912e-01 | 83  0.00637 -1.20002e+00 | 84 -0.00012 -4.51460e-01
 85 -0.00291  8.63828e-03 | 86  0.01459  1.66383e+00 | 87 -0.02485  9.84304e-01
 88 -0.00385  7.96661e-01 | 89  0.00805 -2.48810e+00 | 90 -0.01462 -3.45302e-01
 91  0.00460  1.08455e-01 | 92  0.01348  3.35156e-01 | 93 -0.02589 -3.05085e-01
 94 -0.04790  1.07814e+00 | 95 -0.02731  6.59173e-01 | 96 -0.00554  3.57075e-01
 97 -0.03597 -1.03710e+00 | 98  0.02874  2.44315e-01 | 99 -0.01771  7.53235e-01
100 -0.00030 -6.65987e-01 |101  0.00737  3.05192e-01 |102 -0.00283 -4.77267e-01
103 -0.00007 -4.27097e-02 |104 -0.00007 -4.29677e-02 |105  0.77486 -1.53070e+00
106 -0.42226  9.16675e+00 |107  0.24107 -1.35400e+00 |108 -0.24457  4.62484e+00

 - final statistics:
108 variables; iteration 74; function evaluation 94
Function value 2.1798e+03; maximum gradient component mag 8.9610e-01
Exit code = 1;  converg criter 1.0000e+00
Var    Value     Gradient |Var    Value     Gradient |Var    Value     Gradient
  1 -0.47001  3.19636e-01 |  2 -0.42733 -7.61684e-01 |  3 -0.39129  5.27778e-01
  4  0.62097  2.33381e-01 |  5 -0.00506  1.17925e-03 |  6 -0.00120  1.08402e-02
  7  0.00848  1.94318e-02 |  8  0.00334  1.70986e-02 |  9 -0.01063 -3.24971e-02
 10 -0.01424 -3.89542e-02 | 11 -0.01042 -1.40856e-01 | 12 -0.00632  1.31139e-01
 13 -0.00361  3.82440e-02 | 14  0.00384 -7.36643e-02 | 15 -0.00748  2.36610e-02
 16 -0.02474 -8.84276e-02 | 17 -0.01517 -6.43073e-02 | 18 -0.01713  7.68446e-02
 19 -0.01192  1.77748e-01 | 20  0.00306 -4.06183e-02 | 21 -0.00875  7.81582e-02
 22  0.04833 -4.39367e-01 | 23  0.01239  2.08566e-01 | 24  0.02417  3.15089e-01
 25  0.00059 -6.16884e-01 | 26 -0.02608 -1.91212e-01 | 27 -0.01129 -3.15180e-01
 28  0.02327  3.82780e-04 | 29  0.00929 -5.79015e-02 | 30 -0.02632  7.96831e-01
 31  0.04402 -5.85786e-02 | 32  0.00200 -9.01084e-02 | 33  0.01329 -9.14960e-02
 34 -0.00633  5.12046e-01 | 35  0.00874  4.55023e-01 | 36  0.02546  3.26312e-02
 37  0.01600 -2.88511e-01 | 38 -0.04236  1.74211e-02 | 39  0.00480  1.98796e-01
 40  0.00882 -2.57666e-01 | 41  0.01467 -2.39959e-01 | 42  0.01604 -8.11648e-02
 43 -0.01213 -8.69172e-02 | 44  0.02405  1.61557e-02 | 45  0.02408 -1.29560e-01
 46 -0.03721  8.96102e-01 | 47  0.00058 -2.62558e-01 | 48 -0.01840  3.02745e-02
 49  0.00722  1.26244e-01 | 50  0.01434 -2.01878e-01 | 51 -0.00131 -3.19175e-02
 52 -0.03136  6.74818e-02 | 53  0.00697 -1.72905e-02 | 54 -0.01498 -4.85520e-02
 55  0.00087 -2.47886e-02 | 56  0.00970 -5.98465e-02 | 57  0.01104 -9.54869e-02
 58 -0.03190 -2.07096e-01 | 59 -0.03244  2.22187e-01 | 60 -0.00019  2.62849e-01
 61  0.04591 -4.99670e-02 | 62  0.03001 -4.76338e-02 | 63 -0.05126  3.13893e-01
 64  0.04846 -3.07545e-02 | 65  0.00443  5.93799e-02 | 66  0.00598  2.64654e-03
 67  0.01684 -1.16015e-02 | 68 -0.02354 -8.93548e-02 | 69  0.04682  2.11143e-03
 70 -0.01361 -2.48029e-01 | 71 -0.00634 -4.21768e-01 | 72  0.00063  1.24427e-01
 73  0.02519  4.81300e-02 | 74  0.02138  4.61352e-02 | 75 -0.03293 -3.50353e-01
 76 -0.00196 -5.75483e-03 | 77  0.01482 -2.87298e-02 | 78  0.00180  5.08196e-03
 79  0.01937  6.83903e-02 | 80  0.01709 -2.97790e-02 | 81  0.02199 -7.61414e-02
 82 -0.03012 -1.24655e-01 | 83  0.00641  6.73482e-02 | 84 -0.00011  4.02188e-02
 85 -0.00292 -7.65944e-02 | 86  0.01454 -2.44624e-02 | 87 -0.02491 -1.25290e-01
 88 -0.00389  3.76785e-03 | 89  0.00813  6.16110e-02 | 90 -0.01461  1.32245e-01
 91  0.00460 -3.45447e-02 | 92  0.01346 -4.20014e-02 | 93 -0.02588 -1.31706e-01
 94 -0.04796  2.15638e-01 | 95 -0.02735 -1.48990e-02 | 96 -0.00557 -1.25831e-01
 97 -0.03589 -1.01240e-01 | 98  0.02872  5.11180e-02 | 99 -0.01772  6.38894e-01
100 -0.00021 -7.79797e-02 |101  0.00731  4.51901e-02 |102 -0.00253  1.99533e-02
103 -0.00008 -7.00481e-03 |104 -0.00008 -7.28566e-03 |105  0.77459 -9.95923e-02
106 -0.42231  3.43032e-01 |107  0.24088 -8.74064e-02 |108 -0.24460  2.75791e-01

Initial statistics: 110 variables; iteration 0; function evaluation 0; phase 5
Function value 2.1798393e+03; maximum gradient component mag 4.8203e+01
Var    Value     Gradient |Var    Value     Gradient |Var    Value     Gradient
  1 -0.47001  3.19636e-01 |  2 -0.42733 -7.61684e-01 |  3 -0.39129  5.27778e-01
  4 -0.41222  4.82032e+01 |  5 -0.41222 -3.74915e+01 |  6  0.62097  2.33381e-01
  7 -0.00506  1.17925e-03 |  8 -0.00120  1.08402e-02 |  9  0.00848  1.94318e-02
 10  0.00334  1.70986e-02 | 11 -0.01063 -3.24971e-02 | 12 -0.01424 -3.90301e-02
 13 -0.01042 -1.40932e-01 | 14 -0.00632  1.31063e-01 | 15 -0.00361  3.81680e-02
 16  0.00384 -7.37403e-02 | 17 -0.00748  2.35851e-02 | 18 -0.02474 -8.85035e-02
 19 -0.01517 -6.43833e-02 | 20 -0.01713  7.67687e-02 | 21 -0.01192  1.77672e-01
 22  0.00306 -4.06943e-02 | 23 -0.00875  7.80822e-02 | 24  0.04833 -4.39442e-01
 25  0.01239  2.08490e-01 | 26  0.02417  3.15013e-01 | 27  0.00059 -6.16960e-01
 28 -0.02608 -1.91288e-01 | 29 -0.01129 -3.15256e-01 | 30  0.02327  3.06857e-04
 31  0.00929 -5.79775e-02 | 32 -0.02632  7.96755e-01 | 33  0.04402 -5.86544e-02
 34  0.00200 -9.01844e-02 | 35  0.01329 -9.15720e-02 | 36 -0.00633  5.11970e-01
 37  0.00874  4.54947e-01 | 38  0.02546  3.25553e-02 | 39  0.01600 -2.88587e-01
 40 -0.04236  1.73453e-02 | 41  0.00480  1.98720e-01 | 42  0.00882 -2.57742e-01
 43  0.01467 -2.40035e-01 | 44  0.01604 -8.12408e-02 | 45 -0.01213 -8.69932e-02
 46  0.02405  1.60798e-02 | 47  0.02408 -1.29636e-01 | 48 -0.03721  8.96026e-01
 49  0.00058 -2.62634e-01 | 50 -0.01840  3.01986e-02 | 51  0.00722  1.26168e-01
 52  0.01434 -2.01954e-01 | 53 -0.00131 -3.19934e-02 | 54 -0.03136  6.74060e-02
 55  0.00697 -1.73665e-02 | 56 -0.01498 -4.86280e-02 | 57  0.00087 -2.48646e-02
 58  0.00970 -5.99225e-02 | 59  0.01104 -9.55628e-02 | 60 -0.03190 -2.07172e-01
 61 -0.03244  2.22111e-01 | 62 -0.00019  2.62773e-01 | 63  0.04591 -5.00427e-02
 64  0.03001 -4.77097e-02 | 65 -0.05126  3.13817e-01 | 66  0.04846 -3.08302e-02
 67  0.00443  5.93039e-02 | 68  0.00598  2.57057e-03 | 69  0.01684 -1.16775e-02
 70 -0.02354 -8.94307e-02 | 71  0.04682  2.03566e-03 | 72 -0.01361 -2.48105e-01
 73 -0.00634 -4.21844e-01 | 74  0.00063  1.24351e-01 | 75  0.02519  4.80541e-02
 76  0.02138  4.60593e-02 | 77 -0.03293 -3.50429e-01 | 78 -0.00196 -5.83081e-03
 79  0.01482 -2.88058e-02 | 80  0.00180  5.00599e-03 | 81  0.01937  6.83144e-02
 82  0.01709 -2.98549e-02 | 83  0.02199 -7.62173e-02 | 84 -0.03012 -1.24731e-01
 85  0.00641  6.72723e-02 | 86 -0.00011  4.01428e-02 | 87 -0.00292 -7.66704e-02
 88  0.01454 -2.45384e-02 | 89 -0.02491 -1.25366e-01 | 90 -0.00389  3.69188e-03
 91  0.00813  6.15350e-02 | 92 -0.01461  1.32169e-01 | 93  0.00460 -3.46206e-02
 94  0.01346 -4.20774e-02 | 95 -0.02588 -1.31782e-01 | 96 -0.04796  2.15562e-01
 97 -0.02735 -1.49749e-02 | 98 -0.00557 -1.25906e-01 | 99 -0.03589 -1.01316e-01
100  0.02872  5.10421e-02 |101 -0.01772  6.38819e-01 |102 -0.00021 -7.80557e-02
103  0.00731  4.51141e-02 |104 -0.00253  1.98773e-02 |105 -0.00008 -7.08078e-03
106 -0.00008 -7.36163e-03 |107  0.77459 -9.95923e-02 |108 -0.42231  3.43032e-01
109  0.24088 -8.74064e-02 |110 -0.24460  2.75791e-01 |

Intermediate statistics: 110 variables; iteration 20; function evaluation 28; phase 5
Function value 2.1777819e+03; maximum gradient component mag -3.8474e+02
Var    Value     Gradient |Var    Value     Gradient |Var    Value     Gradient
  1 -0.45440  1.50656e+01 |  2 -0.42840 -3.84744e+02 |  3 -0.38968 -6.71010e+01
  4 -0.46661  2.09347e+01 |  5 -0.39904 -3.94204e+01 |  6  0.62046 -2.20452e+02
  7 -0.00500 -8.59323e-01 |  8 -0.00118 -1.81041e-01 |  9  0.00852 -2.54471e-01
 10  0.00339 -2.72917e-01 | 11 -0.01057 -3.06480e-01 | 12 -0.01417  5.79952e+00
 13 -0.01035  5.57886e+00 | 14 -0.00625  5.65302e+00 | 15 -0.00354  5.33556e+00
 16  0.00390  4.84437e+00 | 17 -0.00742  4.87909e+00 | 18 -0.02466  4.92430e+00
 19 -0.01508  4.42291e+00 | 20 -0.01706  4.22790e+00 | 21 -0.01183  3.81635e+00
 22  0.00316  2.42148e+00 | 23 -0.00868  2.61491e+00 | 24  0.04772 -1.30204e+01
 25  0.01173 -6.75976e+00 | 26  0.02315 -1.52125e+01 | 27  0.00052  1.08432e+00
 28 -0.02586  5.52679e+00 | 29 -0.01079  6.97386e+00 | 30  0.02288 -6.72090e+00
 31  0.00888 -4.40977e+00 | 32 -0.02692 -2.21051e+00 | 33  0.04375 -8.41340e+00
 34  0.00187 -8.49719e-01 | 35  0.01312 -4.47343e+00 | 36 -0.00701 -5.55422e+00
 37  0.00825 -6.68433e+00 | 38  0.02509 -8.96255e+00 | 39  0.01598 -1.85734e+00
 40 -0.04220  4.13666e+00 | 41  0.00486  2.15154e+00 | 42  0.00924  5.21406e+00
 43  0.01462 -6.04663e-01 | 44  0.01598 -2.83326e+00 | 45 -0.01195  2.14952e+00
 46  0.02391 -7.11775e+00 | 47  0.02396 -7.60096e+00 | 48 -0.03778 -2.34601e+00
 49  0.00046 -2.33564e+00 | 50 -0.01849 -1.55724e-01 | 51  0.00696 -8.17809e+00
 52  0.01448 -3.74113e-01 | 53 -0.00124 -2.81913e+00 | 54 -0.03154 -8.95981e-01
 55  0.00722 -1.02129e-01 | 56 -0.01493 -1.57731e+00 | 57  0.00112 -9.97860e-01
 58  0.01005 -1.48390e+00 | 59  0.01136 -3.96847e+00 | 60 -0.03184 -8.25843e-01
 61 -0.03225  1.41173e+00 | 62  0.00024  1.60880e+00 | 63  0.04620 -3.39836e+00
 64  0.02989 -1.45982e+01 | 65 -0.05109  3.02099e+00 | 66  0.04880  7.21013e+00
 67  0.00450 -1.36577e+00 | 68  0.00631  3.84633e+00 | 69  0.01692 -6.27328e+00
 70 -0.02332  3.23416e+00 | 71  0.04651 -2.81907e+01 | 72 -0.01355 -2.96003e+00
 73 -0.00603  4.67213e+00 | 74  0.00062 -3.63007e+00 | 75  0.02523 -2.92768e+00
 76  0.02142 -1.06984e+01 | 77 -0.03258  3.01094e+00 | 78 -0.00200 -1.97014e+00
 79  0.01481 -6.18745e+00 | 80  0.00174 -6.18865e+00 | 81  0.01938 -7.30578e+00
 82  0.01690 -8.76062e+00 | 83  0.02211 -1.06047e+01 | 84 -0.03011  3.62300e-01
 85  0.00648 -3.36652e+00 | 86 -0.00018 -2.87946e+00 | 87 -0.00277  5.80067e-01
 88  0.01447 -2.66656e+00 | 89 -0.02482 -2.01093e+00 | 90 -0.00381  4.75490e+00
 91  0.00819  2.07068e+00 | 92 -0.01446  5.02299e+00 | 93  0.00487  9.23084e+00
 94  0.01339 -3.22498e-01 | 95 -0.02548  1.02341e+01 | 96 -0.04788  7.58746e+00
 97 -0.02676  2.13375e+01 | 98 -0.00506  2.37808e+01 | 99 -0.03576  9.19318e+00
100  0.02881  2.28714e+01 |101 -0.01807  3.59967e+00 |102 -0.00121  6.51632e+00
103  0.00757  6.78076e+00 |104 -0.00258  6.51885e+00 |105 -0.00006  6.16429e+00
106 -0.00006  6.16398e+00 |107  0.78819 -9.59651e-01 |108 -0.42050 -5.08915e+00
109  0.24568 -3.30717e+01 |110 -0.24366  1.11016e+02 |
110 variables; iteration 40; function evaluation 53; phase 5
Function value 2.1769488e+03; maximum gradient component mag 1.1857e+02
Var    Value     Gradient |Var    Value     Gradient |Var    Value     Gradient
  1 -0.45892  1.31104e+01 |  2 -0.43027  1.18570e+02 |  3 -0.38311  5.39543e+01
  4 -0.50859  3.75596e+00 |  5 -0.38470  2.54037e+00 |  6  0.62137  1.30023e-01
  7 -0.00489 -1.52985e-01 |  8 -0.00113  7.37594e-03 |  9  0.00857  2.56995e-03
 10  0.00347  2.87880e-02 | 11 -0.01049 -1.15251e-02 | 12 -0.01410 -1.55525e-01
 13 -0.01018 -1.31191e-01 | 14 -0.00618 -1.99448e-01 | 15 -0.00294  7.79947e-01
 16  0.00543  3.03522e+00 | 17 -0.00580  3.32701e+00 | 18 -0.02332  2.42078e+00
 19 -0.01358  3.14019e+00 | 20 -0.01609  1.54998e+00 | 21 -0.01206 -3.05501e+00
 22  0.00392  7.21291e-01 | 23 -0.00809  6.11250e-02 | 24  0.04901 -1.16464e+00
 25  0.01262 -4.16085e+00 | 26  0.02467 -1.64409e+00 | 27  0.00090 -3.21372e-01
 28 -0.02612 -1.77851e+00 | 29 -0.01081  1.69724e+00 | 30  0.02346 -2.49814e+00
 31  0.00934 -2.98793e+00 | 32 -0.02588  2.02723e+00 | 33  0.04397 -3.72224e+00
 34  0.00225  7.28019e-01 | 35  0.01380  1.79243e+00 | 36 -0.00642 -2.08012e+00
 37  0.00876 -1.36481e+00 | 38  0.02537 -4.65799e+00 | 39  0.01617 -4.45424e-01
 40 -0.04233 -1.14713e+00 | 41  0.00478  5.03924e-01 | 42  0.00903  1.65731e+00
 43  0.01463  5.28248e-01 | 44  0.01614  2.13201e-01 | 45 -0.01202  1.26933e-01
 46  0.02416 -1.24078e+00 | 47  0.02443  2.95791e+00 | 48 -0.03673  2.92985e+00
 49  0.00066  7.84663e-01 | 50 -0.01845 -6.14043e-01 | 51  0.00747  3.14087e-01
 52  0.01403 -3.57180e+00 | 53 -0.00112  2.30179e-01 | 54 -0.03157 -1.61482e+00
 55  0.00671 -2.29458e+00 | 56 -0.01506 -7.65182e-01 | 57  0.00064 -1.78423e+00
 58  0.00956 -1.57915e+00 | 59  0.01099 -2.80359e+00 | 60 -0.03206 -7.68812e-01
 61 -0.03279 -1.04417e+00 | 62 -0.00052 -3.76523e+00 | 63  0.04567  2.63168e+00
 64  0.02979  4.68858e+00 | 65 -0.05118  1.15625e+00 | 66  0.04804  3.15898e+00
 67  0.00410 -2.86922e+00 | 68  0.00564 -5.56662e+00 | 69  0.01670 -2.19776e+00
 70 -0.02372 -3.50296e-01 | 71  0.04660 -1.57703e-01 | 72 -0.01349  2.25770e+00
 73 -0.00651  6.91636e-01 | 74  0.00068  5.30778e+00 | 75  0.02461 -7.49907e+00
 76  0.02163  9.06001e+00 | 77 -0.03278  8.15354e-01 | 78 -0.00225  2.44307e+00
 79  0.01446 -5.39289e+00 | 80  0.00150 -3.10747e+00 | 81  0.01921 -1.89523e+00
 82  0.01641 -9.27513e+00 | 83  0.02248  1.22844e+01 | 84 -0.03023  5.04000e-01
 85  0.00636  1.32146e+00 | 86 -0.00050 -2.68219e+00 | 87 -0.00305 -5.05228e-01
 88  0.01427  6.43887e+00 | 89 -0.02449  5.39626e+00 | 90 -0.00440 -1.11451e+00
 91  0.00801  6.20098e+00 | 92 -0.01496 -1.02653e+00 | 93  0.00417 -3.02549e+00
 94  0.01276 -1.03317e+01 | 95 -0.02618 -1.41948e+00 | 96 -0.04837  2.00575e+00
 97 -0.02797  5.20074e+00 | 98 -0.00648  2.93506e+00 | 99 -0.03685 -3.91354e+00
100  0.02721  5.17914e+00 |101 -0.01833 -1.86191e-01 |102 -0.00206  2.87876e+00
103  0.00699 -2.55908e+00 |104 -0.00223  5.31410e-01 |105 -0.00001 -1.39906e-02
106 -0.00001 -1.40170e-02 |107  0.79411 -8.92282e+00 |108 -0.41930  5.52226e+01
109  0.24825 -2.34762e+00 |110 -0.24322  1.70075e+01 |
110 variables; iteration 60; function evaluation 76; phase 5
Function value 2.1769137e+03; maximum gradient component mag 2.7252e+01
Var    Value     Gradient |Var    Value     Gradient |Var    Value     Gradient
  1 -0.46021  2.20746e+00 |  2 -0.43051  2.72522e+01 |  3 -0.38255  9.99863e+00
  4 -0.50961  1.15207e+00 |  5 -0.38328  1.48840e+00 |  6  0.62137  4.94286e+00
  7 -0.00472  3.60208e-02 |  8 -0.00111  1.74978e-02 |  9  0.00860  1.15784e-02
 10  0.00324 -4.10702e-01 | 11 -0.01092 -8.39088e-01 | 12 -0.01459 -1.19602e+00
 13 -0.01031 -5.31279e-01 | 14 -0.00602 -3.49800e-02 | 15 -0.00309  2.38565e-01
 16  0.00445  1.49804e-01 | 17 -0.00685  2.29188e-01 | 18 -0.02420 -9.92905e-02
 19 -0.01351  3.11974e+00 | 20 -0.01661 -4.89786e-01 | 21 -0.01045  3.14977e+00
 22  0.00354 -1.66429e+00 | 23 -0.00786  1.05891e+00 | 24  0.04908 -6.16221e-01
 25  0.01320  1.31274e+00 | 26  0.02490  1.34232e+00 | 27  0.00114  2.16924e+00
 28 -0.02583  4.72819e-01 | 29 -0.01060  3.76746e+00 | 30  0.02366  3.90024e-01
 31  0.00964  6.40851e-01 | 32 -0.02605  1.60871e-01 | 33  0.04414 -7.45652e-01
 34  0.00227  5.53659e-01 | 35  0.01360 -1.32909e+00 | 36 -0.00626 -5.81963e-01
 37  0.00871 -2.04886e+00 | 38  0.02564 -5.32842e-02 | 39  0.01622  4.03318e-01
 40 -0.04283 -4.64647e+00 | 41  0.00469 -7.48022e-01 | 42  0.00901  1.45672e+00
 43  0.01459 -1.42998e-01 | 44  0.01611 -2.09015e-01 | 45 -0.01192  1.25929e+00
 46  0.02412 -1.92319e+00 | 47  0.02430  5.41380e-01 | 48 -0.03705  1.07767e-01
 49  0.00057 -7.85150e-01 | 50 -0.01833  5.23289e-01 | 51  0.00744 -4.79786e-01
 52  0.01421 -6.69930e-01 | 53 -0.00111  2.60577e-01 | 54 -0.03134  4.54094e-01
 55  0.00688  1.26352e-01 | 56 -0.01499 -3.20302e-01 | 57  0.00069 -1.43338e+00
 58  0.00966 -1.06032e-01 | 59  0.01118  6.38104e-01 | 60 -0.03204 -8.03340e-01
 61 -0.03286 -2.09980e+00 | 62 -0.00034 -8.10297e-01 | 63  0.04565  4.23611e-01
 64  0.02970  7.95718e-01 | 65 -0.05109  1.54860e+00 | 66  0.04799  3.42409e-01
 67  0.00425  1.40922e-01 | 68  0.00584 -7.20372e-01 | 69  0.01676 -4.70907e-01
 70 -0.02367  1.07411e-01 | 71  0.04666  5.07967e-01 | 72 -0.01362 -8.19377e-01
 73 -0.00651 -5.89492e-01 | 74  0.00054  8.65435e-01 | 75  0.02485 -6.94971e-01
 76  0.02142  1.26448e+00 | 77 -0.03279 -2.01809e-01 | 78 -0.00234 -3.46512e-01
 79  0.01467 -4.42371e-01 | 80  0.00157 -1.69954e+00 | 81  0.01929 -7.39826e-01
 82  0.01669 -1.23885e+00 | 83  0.02225  2.13513e+00 | 84 -0.03019  3.91583e-01
 85  0.00638  5.29140e-01 | 86 -0.00042 -1.07172e+00 | 87 -0.00300 -3.53040e-01
 88  0.01415  1.35444e+00 | 89 -0.02470  4.91802e-01 | 90 -0.00432 -1.07792e-01
 91  0.00789  5.81359e-01 | 92 -0.01495 -1.17766e+00 | 93  0.00430  3.71856e-01
 94  0.01300 -1.50738e+00 | 95 -0.02617 -1.09767e+00 | 96 -0.04838  2.03331e+00
 97 -0.02817  9.75652e-01 | 98 -0.00662  1.05780e-01 | 99 -0.03654 -1.63595e-01
100  0.02700  2.88500e-01 |101 -0.01827  1.42582e-01 |102 -0.00242  2.84799e-01
103  0.00709 -2.18492e+00 |104 -0.00239  9.01384e-02 |105  0.00001 -3.53161e-02
106  0.00001 -3.52811e-02 |107  0.79390 -1.48804e+00 |108 -0.41947  8.04356e+00
109  0.24690 -2.70136e-01 |110 -0.24358  7.53796e-01 |
110 variables; iteration 80; function evaluation 105; phase 5
Function value 2.1769067e+03; maximum gradient component mag 6.9015e+00
Var    Value     Gradient |Var    Value     Gradient |Var    Value     Gradient
  1 -0.46023  6.23504e-01 |  2 -0.43054  6.90148e+00 |  3 -0.38247  2.83127e+00
  4 -0.51036  3.23279e-01 |  5 -0.38303  4.00950e-01 |  6  0.62134  1.08782e+00
  7 -0.00420  1.13994e+00 |  8 -0.00103  1.97795e-01 |  9  0.00876  3.46047e-01
 10  0.00338 -1.27163e-01 | 11 -0.01088 -7.43804e-01 | 12 -0.01413 -2.30469e-01
 13 -0.00966  8.65821e-01 | 14 -0.00596  1.73871e-01 | 15 -0.00292  7.05396e-01
 16  0.00416 -5.46403e-01 | 17 -0.00736 -1.07360e+00 | 18 -0.02383  9.25250e-01
 19 -0.01413  1.19473e+00 | 20 -0.01674 -9.11106e-01 | 21 -0.01116  3.34044e-01
 22  0.00378 -3.76990e-01 | 23 -0.00802  2.13446e-01 | 24  0.04913 -5.81856e-02
 25  0.01308  1.33999e-01 | 26  0.02482  2.31435e-01 | 27  0.00103  1.02989e+00
 28 -0.02589  3.59291e-02 | 29 -0.01096  1.99655e-01 | 30  0.02365  2.99712e-01
 31  0.00961  4.27508e-01 | 32 -0.02604  2.96201e-01 | 33  0.04411 -1.50309e+00
 34  0.00219 -4.46417e-01 | 35  0.01368 -3.05282e-01 | 36 -0.00623 -2.27808e-01
 37  0.00883 -4.97350e-01 | 38  0.02566  2.97495e-01 | 39  0.01622  3.60398e-01
 40 -0.04235 -1.28780e+00 | 41  0.00472 -3.73495e-01 | 42  0.00892  1.29454e-01
 43  0.01461  1.18180e-01 | 44  0.01614  1.80217e-03 | 45 -0.01198  6.04245e-01
 46  0.02421 -3.53261e-01 | 47  0.02429  2.92472e-01 | 48 -0.03710 -2.83695e-01
 49  0.00064  7.99560e-02 | 50 -0.01835  2.47372e-01 | 51  0.00747 -1.22241e-01
 52  0.01424 -1.34765e-01 | 53 -0.00109  4.37804e-01 | 54 -0.03135  3.11712e-01
 55  0.00689  1.84139e-01 | 56 -0.01498 -2.37720e-01 | 57  0.00076 -5.41090e-01
 58  0.00966 -2.25255e-01 | 59  0.01114 -2.19146e-01 | 60 -0.03199 -1.66221e-01
 61 -0.03275 -6.90292e-01 | 62 -0.00028  4.55003e-01 | 63  0.04565  4.79400e-03
 64  0.02969  9.11971e-02 | 65 -0.05116  6.69780e-01 | 66  0.04800  1.39687e-02
 67  0.00426  1.78677e-01 | 68  0.00586 -3.23257e-01 | 69  0.01678 -7.44239e-02
 70 -0.02365  1.83167e-01 | 71  0.04667  1.14416e-01 | 72 -0.01362 -9.56496e-01
 73 -0.00646  3.66094e-01 | 74  0.00051 -3.64150e-02 | 75  0.02488 -7.44050e-02
 76  0.02140  1.24408e-01 | 77 -0.03275  2.12730e-01 | 78 -0.00231  4.94065e-02
 79  0.01469 -2.31021e-01 | 80  0.00165  2.28435e-01 | 81  0.01932 -1.84106e-01
 82  0.01674 -2.18986e-01 | 83  0.02221  2.80313e-01 | 84 -0.03020 -7.02473e-02
 85  0.00638  1.81401e-02 | 86 -0.00038 -3.17197e-01 | 87 -0.00298 -1.69377e-02
 88  0.01413  9.72048e-02 | 89 -0.02469  4.00006e-01 | 90 -0.00431 -2.03891e-01
 91  0.00788  3.15888e-02 | 92 -0.01487  2.25456e-01 | 93  0.00429 -7.03559e-02
 94  0.01304 -2.64993e-01 | 95 -0.02608  4.48932e-01 | 96 -0.04848  4.20859e-01
 97 -0.02819  2.82231e-01 | 98 -0.00661 -2.99389e-02 | 99 -0.03650  1.20005e-01
100  0.02700 -4.86019e-01 |101 -0.01824  8.00082e-02 |102 -0.00243  9.25358e-02
103  0.00756 -1.66750e-01 |104 -0.00228  3.67931e-01 |105 -0.00038 -5.50275e-01
106 -0.00038 -5.50446e-01 |107  0.79423 -5.85995e-01 |108 -0.41944  2.91345e+00
109  0.24718  3.64576e-01 |110 -0.24351  6.62900e-01 |
110 variables; iteration 100; function evaluation 133; phase 5
Function value 2.1769047e+03; maximum gradient component mag 2.4398e+00
Var    Value     Gradient |Var    Value     Gradient |Var    Value     Gradient
  1 -0.46025  2.21243e-01 |  2 -0.43055  2.43981e+00 |  3 -0.38246  9.74923e-01
  4 -0.51049  1.07641e-01 |  5 -0.38299  1.25188e-01 |  6  0.62133  4.30527e-01
  7 -0.00462  2.25506e-01 |  8 -0.00118 -7.85015e-02 |  9  0.00861  4.29377e-02
 10  0.00353  8.72660e-02 | 11 -0.01076 -5.51001e-01 | 12 -0.01398  4.24741e-02
 13 -0.00986  4.62598e-01 | 14 -0.00610 -1.20182e-01 | 15 -0.00315  1.62891e-01
 16  0.00431 -1.45079e-01 | 17 -0.00711 -3.99289e-01 | 18 -0.02403  4.07366e-01
 19 -0.01438  4.29048e-01 | 20 -0.01657 -2.99727e-01 | 21 -0.01121  1.17850e-01
 22  0.00383 -1.09550e-01 | 23 -0.00804  9.54553e-02 | 24  0.04915  3.23149e-01
 25  0.01307  7.04459e-02 | 26  0.02480  3.82805e-02 | 27  0.00094  2.47145e-02
 28 -0.02588  1.05391e-01 | 29 -0.01098 -6.68105e-02 | 30  0.02363 -8.19280e-02
 31  0.00959  3.65016e-02 | 32 -0.02608 -5.69117e-02 | 33  0.04415 -5.95472e-01
 34  0.00222 -5.82989e-02 | 35  0.01369 -1.46902e-01 | 36 -0.00621 -3.94862e-02
 37  0.00886 -1.49858e-01 | 38  0.02567  4.52211e-01 | 39  0.01622  4.20585e-01
 40 -0.04223 -4.30653e-01 | 41  0.00473 -1.67466e-01 | 42  0.00892  9.00651e-02
 43  0.01461  3.00390e-02 | 44  0.01612 -3.03718e-01 | 45 -0.01200  3.62573e-01
 46  0.02422 -3.11093e-01 | 47  0.02429  2.11038e-01 | 48 -0.03707 -6.97263e-02
 49  0.00064  3.40469e-02 | 50 -0.01837  1.23580e-02 | 51  0.00750  4.61261e-01
 52  0.01426  1.12652e-01 | 53 -0.00112 -6.04430e-02 | 54 -0.03133  4.78407e-01
 55  0.00688  6.06458e-02 | 56 -0.01500 -4.79771e-01 | 57  0.00079 -8.09356e-02
 58  0.00970  3.75739e-01 | 59  0.01114 -2.80949e-01 | 60 -0.03200 -3.83012e-01
 61 -0.03273 -5.23957e-01 | 62 -0.00030 -1.62086e-01 | 63  0.04566  8.50313e-03
 64  0.02969  8.61262e-03 | 65 -0.05119  3.62896e-01 | 66  0.04800 -1.91193e-03
 67  0.00425  6.46855e-02 | 68  0.00587 -1.14899e-01 | 69  0.01679 -1.07834e-02
 70 -0.02366 -3.81229e-03 | 71  0.04667  5.07430e-02 | 72 -0.01358 -3.28533e-01
 73 -0.00647  1.36700e-01 | 74  0.00052  1.40000e-03 | 75  0.02489 -2.87526e-02
 76  0.02140  4.76310e-02 | 77 -0.03275  1.52381e-01 | 78 -0.00231  9.57136e-03
 79  0.01469 -8.21023e-02 | 80  0.00164  8.53101e-02 | 81  0.01932 -6.93510e-02
 82  0.01674 -7.97506e-02 | 83  0.02221  1.02206e-01 | 84 -0.03020 -8.99104e-02
 85  0.00638  4.39196e-03 | 86 -0.00038 -1.32480e-01 | 87 -0.00297 -2.29518e-03
 88  0.01413  4.32825e-02 | 89 -0.02471 -4.23692e-02 | 90 -0.00431 -6.44768e-02
 91  0.00788  1.07601e-02 | 92 -0.01488  1.07845e-01 | 93  0.00430 -1.68843e-02
 94  0.01304 -1.13372e-01 | 95 -0.02608  5.30524e-01 | 96 -0.04850  1.96828e-01
 97 -0.02821  7.60545e-02 | 98 -0.00661  8.58610e-02 | 99 -0.03651  2.81419e-02
100  0.02701 -1.52973e-01 |101 -0.01831 -5.78386e-01 |102 -0.00243  2.35026e-01
103  0.00758 -1.14691e-02 |104 -0.00243  1.16362e-01 |105 -0.00016 -2.04574e-01
106 -0.00016 -2.04669e-01 |107  0.79432 -1.91833e-01 |108 -0.41943  9.75954e-01
109  0.24699  3.86781e-02 |110 -0.24357  1.19529e-01 |
  ic > imax  in fminim is answer attained ?
Var    Value     Gradient |Var    Value     Gradient |Var    Value     Gradient
  1 -0.46025  1.84769e-05 |  2 -0.43055  5.31745e-05 |  3 -0.38245  4.91869e-05
  4 -0.51058 -6.48760e-08 |  5 -0.38296 -1.05329e-06 |  6  0.62133 -3.19233e-05
  7 -0.00473 -1.55196e-06 |  8 -0.00112  3.06520e-06 |  9  0.00859  3.14443e-07
 10  0.00348 -5.71738e-09 | 11 -0.01045  9.69880e-07 | 12 -0.01401  1.38900e-06
 13 -0.01009  8.14217e-07 | 14 -0.00605  4.61300e-06 | 15 -0.00323 -6.79572e-07
 16  0.00436 -6.11069e-07 | 17 -0.00696 -1.62056e-06 | 18 -0.02419 -2.24539e-06
 19 -0.01452 -9.02909e-07 | 20 -0.01648 -8.54174e-07 | 21 -0.01124  2.72489e-06
 22  0.00385 -9.06353e-07 | 23 -0.00806 -1.28368e-06 | 24  0.04913 -1.26140e-06
 25  0.01306  1.46486e-07 | 26  0.02480 -3.80190e-07 | 27  0.00094  4.35571e-07
 28 -0.02590  2.02199e-06 | 29 -0.01098  1.33881e-06 | 30  0.02363 -2.06685e-06
 31  0.00958 -1.70256e-06 | 32 -0.02608 -2.95770e-06 | 33  0.04418  2.06259e-06
 34  0.00222  2.36854e-06 | 35  0.01370 -2.60561e-06 | 36 -0.00621  1.92791e-06
 37  0.00887  5.18101e-07 | 38  0.02565  1.35981e-06 | 39  0.01620 -6.70482e-07
 40 -0.04217 -2.09862e-06 | 41  0.00474 -4.89432e-07 | 42  0.00891 -1.62188e-06
 43  0.01461 -1.41648e-06 | 44  0.01614 -1.33523e-06 | 45 -0.01204 -2.02754e-07
 46  0.02423 -9.39577e-08 | 47  0.02427 -3.06178e-06 | 48 -0.03707 -3.15366e-06
 49  0.00063 -1.61994e-06 | 50 -0.01838  1.87081e-06 | 51  0.00748 -1.19775e-06
 52  0.01425  1.32064e-06 | 53 -0.00112 -8.72478e-08 | 54 -0.03138  1.14989e-06
 55  0.00688  2.14134e-06 | 56 -0.01496 -2.99766e-06 | 57  0.00079 -5.24468e-07
 58  0.00968  7.82981e-08 | 59  0.01116  6.53538e-07 | 60 -0.03197  4.14534e-07
 61 -0.03268  1.19827e-07 | 62 -0.00029  2.09519e-06 | 63  0.04566 -1.95413e-06
 64  0.02969 -5.16596e-06 | 65 -0.05122  4.32908e-07 | 66  0.04800 -1.40553e-06
 67  0.00425  2.54920e-07 | 68  0.00588  2.88216e-06 | 69  0.01679  3.15059e-07
 70 -0.02366  2.64392e-06 | 71  0.04667 -1.74100e-06 | 72 -0.01357 -1.34144e-06
 73 -0.00647  2.09972e-06 | 74  0.00052 -3.57704e-06 | 75  0.02489  3.88017e-06
 76  0.02140 -6.22592e-06 | 77 -0.03276  3.53267e-07 | 78 -0.00231 -1.70041e-06
 79  0.01470  2.86533e-06 | 80  0.00164  1.63900e-06 | 81  0.01933  3.81281e-06
 82  0.01675  3.17040e-06 | 83  0.02221 -8.06243e-06 | 84 -0.03020 -4.69111e-07
 85  0.00638 -2.84233e-07 | 86 -0.00037  1.17964e-06 | 87 -0.00297 -8.48146e-08
 88  0.01413 -5.17060e-06 | 89 -0.02471 -2.71561e-06 | 90 -0.00430  1.35287e-06
 91  0.00789 -7.51530e-07 | 92 -0.01488 -1.91653e-07 | 93  0.00430  1.20784e-06
 94  0.01305  5.29739e-06 | 95 -0.02610  2.98272e-08 | 96 -0.04851  1.72232e-06
 97 -0.02821 -8.58976e-07 | 98 -0.00661  1.91273e-07 | 99 -0.03651  5.15949e-06
100  0.02701  1.48927e-06 |101 -0.01825  1.28541e-06 |102 -0.00246  1.48970e-07
103  0.00759  3.23305e-06 |104 -0.00251  1.28359e-06 |105 -0.00004  1.01831e-06
106 -0.00004  8.56221e-07 |107  0.79438 -2.01467e-05 |108 -0.41942  1.11046e-04
109  0.24696 -4.32463e-06 |110 -0.24358  1.07794e-05 |
Function minimizer not making progress ... is minimum attained?
Minimprove criterion = 0.0000e+00

 - final statistics:
110 variables; iteration 120; function evaluation 193
Function value 2.1769e+03; maximum gradient component mag 1.1105e-04
Exit code = 1;  converg criter 1.0000e-04
Var    Value     Gradient |Var    Value     Gradient |Var    Value     Gradient
  1 -0.46025  1.84769e-05 |  2 -0.43055  5.31745e-05 |  3 -0.38245  4.91869e-05
  4 -0.51058 -6.48760e-08 |  5 -0.38296 -1.05329e-06 |  6  0.62133 -3.19233e-05
  7 -0.00473 -1.55196e-06 |  8 -0.00112  3.06520e-06 |  9  0.00859  3.14443e-07
 10  0.00348 -5.71738e-09 | 11 -0.01045  9.69880e-07 | 12 -0.01401  1.38900e-06
 13 -0.01009  8.14217e-07 | 14 -0.00605  4.61300e-06 | 15 -0.00323 -6.79572e-07
 16  0.00436 -6.11069e-07 | 17 -0.00696 -1.62056e-06 | 18 -0.02419 -2.24539e-06
 19 -0.01452 -9.02909e-07 | 20 -0.01648 -8.54174e-07 | 21 -0.01124  2.72489e-06
 22  0.00385 -9.06353e-07 | 23 -0.00806 -1.28368e-06 | 24  0.04913 -1.26140e-06
 25  0.01306  1.46486e-07 | 26  0.02480 -3.80190e-07 | 27  0.00094  4.35571e-07
 28 -0.02590  2.02199e-06 | 29 -0.01098  1.33881e-06 | 30  0.02363 -2.06685e-06
 31  0.00958 -1.70256e-06 | 32 -0.02608 -2.95770e-06 | 33  0.04418  2.06259e-06
 34  0.00222  2.36854e-06 | 35  0.01370 -2.60561e-06 | 36 -0.00621  1.92791e-06
 37  0.00887  5.18101e-07 | 38  0.02565  1.35981e-06 | 39  0.01620 -6.70482e-07
 40 -0.04217 -2.09862e-06 | 41  0.00474 -4.89432e-07 | 42  0.00891 -1.62188e-06
 43  0.01461 -1.41648e-06 | 44  0.01614 -1.33523e-06 | 45 -0.01204 -2.02754e-07
 46  0.02423 -9.39577e-08 | 47  0.02427 -3.06178e-06 | 48 -0.03707 -3.15366e-06
 49  0.00063 -1.61994e-06 | 50 -0.01838  1.87081e-06 | 51  0.00748 -1.19775e-06
 52  0.01425  1.32064e-06 | 53 -0.00112 -8.72478e-08 | 54 -0.03138  1.14989e-06
 55  0.00688  2.14134e-06 | 56 -0.01496 -2.99766e-06 | 57  0.00079 -5.24468e-07
 58  0.00968  7.82981e-08 | 59  0.01116  6.53538e-07 | 60 -0.03197  4.14534e-07
 61 -0.03268  1.19827e-07 | 62 -0.00029  2.09519e-06 | 63  0.04566 -1.95413e-06
 64  0.02969 -5.16596e-06 | 65 -0.05122  4.32908e-07 | 66  0.04800 -1.40553e-06
 67  0.00425  2.54920e-07 | 68  0.00588  2.88216e-06 | 69  0.01679  3.15059e-07
 70 -0.02366  2.64392e-06 | 71  0.04667 -1.74100e-06 | 72 -0.01357 -1.34144e-06
 73 -0.00647  2.09972e-06 | 74  0.00052 -3.57704e-06 | 75  0.02489  3.88017e-06
 76  0.02140 -6.22592e-06 | 77 -0.03276  3.53267e-07 | 78 -0.00231 -1.70041e-06
 79  0.01470  2.86533e-06 | 80  0.00164  1.63900e-06 | 81  0.01933  3.81281e-06
 82  0.01675  3.17040e-06 | 83  0.02221 -8.06243e-06 | 84 -0.03020 -4.69111e-07
 85  0.00638 -2.84233e-07 | 86 -0.00037  1.17964e-06 | 87 -0.00297 -8.48146e-08
 88  0.01413 -5.17060e-06 | 89 -0.02471 -2.71561e-06 | 90 -0.00430  1.35287e-06
 91  0.00789 -7.51530e-07 | 92 -0.01488 -1.91653e-07 | 93  0.00430  1.20784e-06
 94  0.01305  5.29739e-06 | 95 -0.02610  2.98272e-08 | 96 -0.04851  1.72232e-06
 97 -0.02821 -8.58976e-07 | 98 -0.00661  1.91273e-07 | 99 -0.03651  5.15949e-06
100  0.02701  1.48927e-06 |101 -0.01825  1.28541e-06 |102 -0.00246  1.48970e-07
103  0.00759  3.23305e-06 |104 -0.00251  1.28359e-06 |105 -0.00004  1.01831e-06
106 -0.00004  8.56221e-07 |107  0.79438 -2.01467e-05 |108 -0.41942  1.11046e-04
109  0.24696 -4.32463e-06 |110 -0.24358  1.07794e-05 |

Initial statistics: 122 variables; iteration 0; function evaluation 0; phase 6
Function value 2.1769042e+03; maximum gradient component mag 1.1105e-04
Var    Value     Gradient |Var    Value     Gradient |Var    Value     Gradient
  1 -0.46025  1.84769e-05 |  2 -0.43055  5.31744e-05 |  3 -0.38245  4.91869e-05
  4 -0.51058 -6.48748e-08 |  5 -0.38296 -1.05329e-06 |  6  0.62133 -3.19235e-05
  7 -0.00473 -1.55196e-06 |  8 -0.00112  3.06520e-06 |  9  0.00859  3.14443e-07
 10  0.00348 -5.71765e-09 | 11 -0.01045  9.69880e-07 | 12 -0.01401  1.39950e-06
 13 -0.01009  8.24724e-07 | 14 -0.00605  4.62351e-06 | 15 -0.00323 -6.69064e-07
 16  0.00436 -6.00560e-07 | 17 -0.00696 -1.61005e-06 | 18 -0.02419 -2.23489e-06
 19 -0.01452 -8.92402e-07 | 20 -0.01648 -8.43668e-07 | 21 -0.01124  2.73540e-06
 22  0.00385 -8.95846e-07 | 23 -0.00806 -1.27317e-06 | 24  0.04913 -1.25093e-06
 25  0.01306  1.56988e-07 | 26  0.02480 -3.69694e-07 | 27  0.00094  4.46077e-07
 28 -0.02590  2.03249e-06 | 29 -0.01098  1.34932e-06 | 30  0.02363 -2.05635e-06
 31  0.00958 -1.69205e-06 | 32 -0.02608 -2.94720e-06 | 33  0.04418  2.07307e-06
 34  0.00222  2.37904e-06 | 35  0.01370 -2.59511e-06 | 36 -0.00621  1.93842e-06
 37  0.00887  5.28606e-07 | 38  0.02565  1.37031e-06 | 39  0.01620 -6.59979e-07
 40 -0.04217 -2.08813e-06 | 41  0.00474 -4.78927e-07 | 42  0.00891 -1.61138e-06
 43  0.01461 -1.40598e-06 | 44  0.01614 -1.32473e-06 | 45 -0.01204 -1.92250e-07
 46  0.02423 -8.34630e-08 | 47  0.02427 -3.05129e-06 | 48 -0.03707 -3.14317e-06
 49  0.00063 -1.60943e-06 | 50 -0.01838  1.88131e-06 | 51  0.00748 -1.18724e-06
 52  0.01425  1.33114e-06 | 53 -0.00112 -7.67457e-08 | 54 -0.03138  1.16038e-06
 55  0.00688  2.15184e-06 | 56 -0.01496 -2.98716e-06 | 57  0.00079 -5.13966e-07
 58  0.00968  8.87931e-08 | 59  0.01116  6.64031e-07 | 60 -0.03197  4.25024e-07
 61 -0.03268  1.30316e-07 | 62 -0.00029  2.10568e-06 | 63  0.04566 -1.94367e-06
 64  0.02969 -5.15548e-06 | 65 -0.05122  4.43378e-07 | 66  0.04800 -1.39507e-06
 67  0.00425  2.65418e-07 | 68  0.00588  2.89266e-06 | 69  0.01679  3.25551e-07
 70 -0.02366  2.65442e-06 | 71  0.04667 -1.73055e-06 | 72 -0.01357 -1.33093e-06
 73 -0.00647  2.11022e-06 | 74  0.00052 -3.56654e-06 | 75  0.02489  3.89065e-06
 76  0.02140 -6.21542e-06 | 77 -0.03276  3.63757e-07 | 78 -0.00231 -1.68990e-06
 79  0.01470  2.87583e-06 | 80  0.00164  1.64950e-06 | 81  0.01933  3.82330e-06
 82  0.01675  3.18089e-06 | 83  0.02221 -8.05194e-06 | 84 -0.03020 -4.58620e-07
 85  0.00638 -2.73738e-07 | 86 -0.00037  1.19014e-06 | 87 -0.00297 -7.43146e-08
 88  0.01413 -5.16010e-06 | 89 -0.02471 -2.70512e-06 | 90 -0.00430  1.36337e-06
 91  0.00789 -7.41030e-07 | 92 -0.01488 -1.81153e-07 | 93  0.00430  1.21834e-06
 94  0.01305  5.30789e-06 | 95 -0.02610  4.03242e-08 | 96 -0.04851  1.73280e-06
 97 -0.02821 -8.48477e-07 | 98 -0.00661  2.01781e-07 | 99 -0.03651  5.16998e-06
100  0.02701  1.49977e-06 |101 -0.01825  1.29591e-06 |102 -0.00246  1.59482e-07
103  0.00759  3.24356e-06 |104 -0.00251  1.29410e-06 |105 -0.00004  1.02882e-06
106 -0.00004  8.66730e-07 |107  0.00000  0.00000e+00 |108  0.00000  0.00000e+00
109  0.00000  0.00000e+00 |110  0.00000  0.00000e+00 |111  0.00000  0.00000e+00
112  0.00000  0.00000e+00 |113  0.00000  0.00000e+00 |114  0.00000  0.00000e+00
115  0.00000  0.00000e+00 |116  0.00000  0.00000e+00 |117  0.00000  0.00000e+00
118  0.00000  0.00000e+00 |119  0.79438 -2.01467e-05 |120 -0.41942  1.11046e-04
121  0.24696 -4.32463e-06 |122 -0.24358  1.07794e-05 |

 - final statistics:
122 variables; iteration 2; function evaluation 4
Function value 2.1769e+03; maximum gradient component mag 1.9116e-05
Exit code = 1;  converg criter 1.0000e-04
Var    Value     Gradient |Var    Value     Gradient |Var    Value     Gradient
  1 -0.46025  5.98967e-06 |  2 -0.43055  1.05032e-05 |  3 -0.38245  1.18982e-05
  4 -0.51058 -2.90702e-06 |  5 -0.38296 -5.89961e-06 |  6  0.62133  1.91164e-05
  7 -0.00473 -1.33740e-06 |  8 -0.00112  3.09913e-06 |  9  0.00859  3.81889e-07
 10  0.00348  7.19351e-08 | 11 -0.01045  1.04064e-06 | 12 -0.01401  4.88460e-08
 13 -0.01009 -4.97007e-07 | 14 -0.00605  3.31048e-06 | 15 -0.00323 -1.90595e-06
 16  0.00436 -1.76656e-06 | 17 -0.00696 -2.76233e-06 | 18 -0.02419 -3.40045e-06
 19 -0.01452 -1.96504e-06 | 20 -0.01648 -1.85350e-06 | 21 -0.01124  1.81407e-06
 22  0.00385 -1.47931e-06 | 23 -0.00806 -1.84959e-06 | 24  0.04913 -1.86539e-07
 25  0.01306  3.58194e-07 | 26  0.02480  3.86551e-07 | 27  0.00094  3.65747e-07
 28 -0.02590  1.24810e-06 | 29 -0.01098  7.88693e-07 | 30  0.02363 -1.67962e-06
 31  0.00958 -1.70337e-06 | 32 -0.02608 -3.52730e-06 | 33  0.04418  2.62166e-06
 34  0.00222  2.03555e-06 | 35  0.01370 -2.41704e-06 | 36 -0.00621  1.51022e-06
 37  0.00887  3.86639e-07 | 38  0.02565  1.74911e-06 | 39  0.01620 -3.52335e-07
 40 -0.04217 -2.77375e-06 | 41  0.00474 -5.28896e-07 | 42  0.00891 -1.48870e-06
 43  0.01461 -1.13863e-06 | 44  0.01614 -1.02815e-06 | 45 -0.01204 -5.24407e-07
 46  0.02423  6.48178e-07 | 47  0.02427 -1.96424e-06 | 48 -0.03707 -3.56297e-06
 49  0.00063 -1.36268e-06 | 50 -0.01838  1.51745e-06 | 51  0.00748 -6.66957e-07
 52  0.01425  1.89414e-06 | 53 -0.00112  3.01030e-07 | 54 -0.03138  8.34816e-07
 55  0.00688  2.61694e-06 | 56 -0.01496 -2.78930e-06 | 57  0.00079  3.51700e-08
 58  0.00968  1.11659e-06 | 59  0.01116  1.91684e-06 | 60 -0.03197  3.20625e-07
 61 -0.03268 -1.29048e-07 | 62 -0.00029  2.66172e-06 | 63  0.04566  1.41439e-06
 64  0.02969 -2.38374e-06 | 65 -0.05122 -1.99480e-07 | 66  0.04800  1.95560e-06
 67  0.00425  1.13800e-06 | 68  0.00588  3.55824e-06 | 69  0.01679  1.86976e-06
 70 -0.02366  2.53106e-06 | 71  0.04667  1.40623e-06 | 72 -0.01357 -7.12178e-07
 73 -0.00647  2.41016e-06 | 74  0.00052 -2.56657e-06 | 75  0.02489  4.79294e-06
 76  0.02140 -3.69305e-06 | 77 -0.03276  2.77483e-07 | 78 -0.00231 -9.68705e-07
 79  0.01470  3.44038e-06 | 80  0.00164  2.20449e-06 | 81  0.01933  4.53822e-06
 82  0.01675  4.07425e-06 | 83  0.02221 -5.66815e-06 | 84 -0.03020 -5.01897e-07
 85  0.00638  2.81671e-07 | 86 -0.00037  1.49830e-06 | 87 -0.00297  9.83808e-08
 88  0.01413 -3.76576e-06 | 89 -0.02471 -2.76826e-06 | 90 -0.00430  1.10859e-06
 91  0.00789 -7.86197e-07 | 92 -0.01488 -6.47743e-07 | 93  0.00430  7.29171e-07
 94  0.01305  5.13913e-06 | 95 -0.02610 -6.56546e-07 | 96 -0.04851  5.96671e-07
 97 -0.02821 -2.31804e-06 | 98 -0.00661 -1.47093e-06 | 99 -0.03651  3.15229e-06
100  0.02701 -1.53315e-06 |101 -0.01825 -9.74143e-07 |102 -0.00246 -2.04295e-06
103  0.00759  1.38993e-06 |104 -0.00251 -1.66535e-07 |105 -0.00004 -4.06646e-07
106 -0.00004 -5.67977e-07 |107  0.00000  0.00000e+00 |108  0.00000  0.00000e+00
109  0.00000  0.00000e+00 |110  0.00000  0.00000e+00 |111  0.00000  0.00000e+00
112  0.00000  0.00000e+00 |113  0.00000  0.00000e+00 |114  0.00000  0.00000e+00
115  0.00000  0.00000e+00 |116  0.00000  0.00000e+00 |117  0.00000  0.00000e+00
118  0.00000  0.00000e+00 |119  0.79438  1.32024e-06 |120 -0.41942 -8.88515e-06
121  0.24696  8.08605e-11 |122 -0.24358 -3.81571e-06 |
size of file gradfil1.tmp = 0
size of file gradfil2.tmp = 0
size of file varssave.tmp = 0
size of file cmpdiff.tmp = 0
