
Initial statistics: 1 variables; iteration 0; function evaluation 0; phase 1
Function value 2.7923141e+03; maximum gradient component mag -8.6353e+02
Var    Value     Gradient |Var    Value     Gradient |Var    Value     Gradient
  1  0.63197 -8.63531e+02 |

 - final statistics:
1 variables; iteration 4; function evaluation 5
Function value 2.7916e+03; maximum gradient component mag -2.4593e-01
Exit code = 1;  converg criter 1.0000e+01
Var    Value     Gradient |Var    Value     Gradient |Var    Value     Gradient
  1  0.63361 -2.45930e-01 |

Initial statistics: 98 variables; iteration 0; function evaluation 0; phase 2
Function value 2.7916139e+03; maximum gradient component mag -1.6887e+03
Var    Value     Gradient |Var    Value     Gradient |Var    Value     Gradient
  1  0.63361 -2.45930e-01 |  2  0.00000 -6.92323e-01 |  3  0.00000  2.26484e+01
  4  0.00000 -6.57888e+01 |  5  0.00000  3.91038e+01 |  6  0.00000  1.45725e+00
  7  0.00000  2.87799e+01 |  8  0.00000 -1.14020e+02 |  9  0.00000 -4.89014e+02
 10  0.00000  5.51277e+01 | 11  0.00000 -4.10217e+01 | 12  0.00000 -1.27406e+02
 13  0.00000 -2.10892e+02 | 14  0.00000 -6.97990e+02 | 15  0.00000  1.96779e+02
 16  0.00000  1.71140e+02 | 17  0.00000  3.12397e+02 | 18  0.00000  4.57167e+02
 19  0.00000 -1.37070e+02 | 20  0.00000  3.74886e+01 | 21  0.00000 -2.28583e+01
 22  0.00000  4.45462e+02 | 23  0.00000 -2.34597e+01 | 24  0.00000 -1.79712e+02
 25  0.00000  1.69036e+02 | 26  0.00000 -3.27258e+01 | 27  0.00000 -3.42752e+02
 28  0.00000 -1.79710e+02 | 29  0.00000  5.98913e+00 | 30  0.00000 -4.42916e+02
 31  0.00000 -3.71096e+02 | 32  0.00000 -3.62608e+02 | 33  0.00000  3.16421e+01
 34  0.00000  2.56219e+02 | 35  0.00000  6.32139e+02 | 36  0.00000 -3.14431e+02
 37  0.00000  2.64191e+02 | 38  0.00000  4.10947e+02 | 39  0.00000 -2.46129e+02
 40  0.00000 -8.51330e+02 | 41  0.00000  4.32383e+02 | 42  0.00000  1.26826e+02
 43  0.00000  4.06587e+02 | 44  0.00000 -2.65096e+01 | 45  0.00000  4.64577e+02
 46  0.00000  3.93015e+02 | 47  0.00000  1.65077e+01 | 48  0.00000  1.54861e+02
 49  0.00000 -4.70671e+02 | 50  0.00000  6.81874e+02 | 51  0.00000  5.25501e+02
 52  0.00000  3.26595e+02 | 53  0.00000  8.59287e+02 | 54  0.00000  8.36663e+02
 55  0.00000  3.18830e+02 | 56  0.00000  1.35813e+03 | 57  0.00000  1.32211e+03
 58  0.00000  3.92476e+02 | 59  0.00000 -1.68871e+03 | 60  0.00000 -7.22292e+02
 61  0.00000  8.23276e+02 | 62  0.00000 -3.89186e+01 | 63  0.00000 -2.57470e+02
 64  0.00000 -7.68049e+02 | 65  0.00000 -1.09779e+02 | 66  0.00000 -8.39860e+02
 67  0.00000 -1.55629e+02 | 68  0.00000  8.06909e+02 | 69  0.00000  5.39967e+02
 70  0.00000 -5.48461e+02 | 71  0.00000 -1.65780e+03 | 72  0.00000 -8.36134e+02
 73  0.00000 -4.82978e+02 | 74  0.00000 -3.80792e+02 | 75  0.00000 -6.99167e+02
 76  0.00000 -4.64005e+02 | 77  0.00000 -1.49160e+03 | 78  0.00000 -7.75804e+01
 79  0.00000 -2.15578e+02 | 80  0.00000 -4.06032e+02 | 81  0.00000  7.55543e+02
 82  0.00000  4.12785e+02 | 83  0.00000  4.38743e+02 | 84  0.00000  3.93973e+01
 85  0.00000  3.41259e+02 | 86  0.00000 -6.10679e+01 | 87  0.00000  6.27533e+02
 88  0.00000  9.97094e+02 | 89  0.00000  7.75077e+01 | 90  0.00000  1.60021e+02
 91  0.00000  3.72130e+01 | 92  0.00000 -2.47965e+02 | 93  0.00000 -3.00744e+02
 94  0.00000 -1.97505e+00 | 95  0.00000 -3.89725e+00 | 96  0.00000 -3.89734e+00
 97  0.81654 -1.43095e+02 | 98  0.22185  3.29937e+02 |

Intermediate statistics: 98 variables; iteration 20; function evaluation 34; phase 2
Function value 2.4019246e+03; maximum gradient component mag -1.1105e+03
Var    Value     Gradient |Var    Value     Gradient |Var    Value     Gradient
  1  0.62684 -8.59569e+02 |  2 -0.02751 -1.73224e+01 |  3 -0.07617 -8.22789e+01
  4  0.01264  3.11027e+00 |  5 -0.04495 -1.71271e+01 |  6  0.01645  9.38141e+01
  7  0.01938  1.39489e+02 |  8  0.02111  1.48160e+01 |  9  0.08529  6.33586e+01
 10 -0.01060  7.91148e+01 | 11 -0.04110 -1.26085e+02 | 12  0.01958  6.47103e+01
 13  0.04367  2.26581e+02 | 14  0.05175 -8.12145e+01 | 15  0.00362  2.83241e+02
 16 -0.02543 -3.12840e+01 | 17 -0.01245  1.66729e+02 | 18 -0.01941  2.16646e+02
 19  0.00144 -1.61014e+02 | 20 -0.01064 -1.25982e+02 | 21 -0.00923 -1.78961e+02
 22 -0.02304  1.48361e+02 | 23 -0.00901 -1.44870e+02 | 24  0.00119 -1.69257e+02
 25 -0.00540  1.04782e+02 | 26  0.00230 -2.83099e+00 | 27  0.01559 -1.50980e+02
 28  0.00664 -1.06339e+02 | 29  0.00097  8.82706e+00 | 30  0.01970 -1.87353e+02
 31  0.01673 -1.56459e+02 | 32  0.01669 -1.59419e+02 | 33 -0.00767 -9.64110e+01
 34 -0.01972 -2.61697e+01 | 35 -0.02237  3.01808e+02 | 36  0.01202 -1.81448e+02
 37 -0.02020 -4.42505e+01 | 38 -0.01773  1.36012e+02 | 39  0.00951 -1.58934e+02
 40  0.02501 -5.13744e+02 | 41 -0.01722  1.55996e+02 | 42  0.00016  4.07589e+01
 43 -0.01565  9.06455e+01 | 44  0.00520 -3.72450e+01 | 45 -0.00369  3.08032e+02
 46  0.00336  3.54835e+02 | 47 -0.00029 -8.55061e+01 | 48  0.00248  1.04330e+02
 49  0.01143 -3.32458e+02 | 50 -0.02317  1.59283e+02 | 51 -0.00117  3.93746e+02
 52 -0.01124 -3.55747e+01 | 53 -0.00686  5.96964e+02 | 54 -0.00660  5.78444e+02
 55 -0.00776  2.41047e+01 | 56 -0.01313  8.92088e+02 | 57 -0.02080  6.78642e+02
 58 -0.00275  3.02846e+02 | 59  0.01923 -1.11048e+03 | 60  0.01039 -4.42695e+02
 61 -0.00970  5.36864e+02 | 62  0.00360  4.90920e+00 | 63  0.00555 -1.42743e+02
 64  0.00561 -6.26814e+02 | 65  0.00458  2.42273e+01 | 66  0.01317 -4.69143e+02
 67  0.00202 -9.30225e+01 | 68 -0.02215  2.97854e+02 | 69 -0.00470  4.39236e+02
 70  0.00862 -2.48415e+02 | 71  0.02517 -9.21370e+02 | 72  0.01111 -4.82429e+02
 73  0.00625 -2.78758e+02 | 74  0.00187 -2.68135e+02 | 75  0.01298 -3.47208e+02
 76 -0.00492 -4.56417e+02 | 77  0.02727 -6.78195e+02 | 78  0.00213  6.26086e+01
 79 -0.00151 -2.03624e+02 | 80  0.00663 -1.92686e+02 | 81 -0.01249  4.35585e+02
 82 -0.00948  1.49550e+02 | 83 -0.00923  2.04670e+02 | 84 -0.00005  6.65537e+01
 85 -0.00788  1.79724e+02 | 86 -0.00251 -8.62019e+01 | 87 -0.00959  4.13713e+02
 88 -0.03639  3.06181e+02 | 89  0.00126  7.95202e+01 | 90 -0.01072  1.62956e+00
 91  0.00912  1.53341e+02 | 92  0.04125  1.55180e+02 | 93  0.06189  8.14201e+00
 94 -0.02791 -1.85854e+01 | 95 -0.00243  1.94043e+01 | 96 -0.00243  1.94055e+01
 97  0.82696 -3.44748e+01 | 98  0.22842  2.91126e+02 |
98 variables; iteration 40; function evaluation 59; phase 2
Function value 2.2590611e+03; maximum gradient component mag 2.5949e+03
Var    Value     Gradient |Var    Value     Gradient |Var    Value     Gradient
  1  0.62498  2.59487e+03 |  2  0.00994 -4.35825e+01 |  3  0.02066  7.92149e+00
  4  0.03477 -3.73476e+01 |  5 -0.01232 -4.66021e+01 |  6 -0.03858 -1.43333e+02
  7 -0.07428 -1.93302e+02 |  8  0.02216 -7.98352e+01 |  9  0.07658 -1.09198e+02
 10 -0.02054 -5.48174e+01 | 11  0.03567  1.31591e+02 | 12 -0.00166 -1.60222e+02
 13  0.02105 -8.58805e+01 | 14  0.05794 -9.23382e+01 | 15 -0.05612 -2.07133e+02
 16 -0.00767  1.28961e+01 | 17 -0.04241 -1.78537e+02 | 18 -0.06462 -1.99570e+02
 19  0.01587 -3.55907e+01 | 20  0.00341 -1.94163e+01 | 21  0.00534 -5.03457e+01
 22 -0.03180 -1.74928e+01 | 23  0.00799  7.90547e+00 | 24  0.01879  2.14211e+01
 25 -0.01024 -3.29496e+01 | 26  0.01008  1.93215e+01 | 27  0.03054  1.95293e+01
 28  0.02126  2.75993e+01 | 29  0.00609 -2.73507e-01 | 30  0.03722  6.85072e+01
 31  0.03182  5.02242e+01 | 32  0.02980  1.96785e+01 | 33  0.00757  3.61458e+01
 34 -0.00486  6.80765e+01 | 35 -0.05350 -5.37799e+01 | 36  0.02802  6.89429e+01
 37 -0.00717  4.36675e+01 | 38 -0.02284  2.16417e+01 | 39  0.01829 -2.05730e+01
 40  0.04019 -1.35768e+02 | 41 -0.02689  1.75019e+01 | 42 -0.00435 -4.82827e+01
 43 -0.02366 -4.82452e+01 | 44  0.01282  1.00657e+02 | 45 -0.02463 -2.63812e+01
 46 -0.01270  6.66824e+01 | 47  0.00956  1.25150e+02 | 48  0.00163  1.21497e+02
 49  0.02290  5.16099e+01 | 50 -0.02500  1.25696e+02 | 51 -0.01477  1.15727e+02
 52 -0.00913  2.47721e+01 | 53 -0.01755  3.13217e+02 | 54 -0.01886  2.27491e+02
 55 -0.00431  1.42731e+02 | 56 -0.04530  8.66304e+01 | 57 -0.05510 -4.41926e+01
 58 -0.00653  2.23997e+02 | 59  0.03758 -1.44676e+02 | 60  0.02595  1.98785e+02
 61 -0.02977  1.15549e+02 | 62  0.00486  3.38475e+01 | 63  0.01341  1.35679e+02
 64  0.02299  3.35025e+00 | 65  0.00909  2.47634e+02 | 66  0.03410  4.12094e+02
 67  0.00365  2.28971e+00 | 68 -0.04392 -1.11223e+02 | 69 -0.01745  1.57279e+02
 70  0.02115  2.53011e+02 | 71  0.04772  2.21299e+02 | 72  0.02236 -1.49199e+01
 73  0.01181 -3.79412e+01 | 74  0.00922 -1.53524e+01 | 75  0.01742 -1.02979e+02
 76  0.00533 -1.33304e+02 | 77  0.04699  3.59673e+02 | 78 -0.00294  1.01865e+01
 79  0.00081 -1.01327e+02 | 80  0.01258  2.29786e+01 | 81 -0.03946 -1.46313e+02
 82 -0.01775 -1.14052e+02 | 83 -0.02275 -1.49003e+02 | 84 -0.00302 -4.55758e+01
 85 -0.02089 -1.37917e+02 | 86 -0.00610 -1.96562e+02 | 87 -0.02756  1.02819e+01
 88 -0.07169 -1.67008e+02 | 89 -0.00096  3.78485e+01 | 90 -0.02151 -1.67084e+02
 91 -0.01791 -1.83905e+02 | 92  0.01464 -1.51362e+02 | 93  0.05590 -5.78059e+01
 94  0.02554 -3.24464e+01 | 95  0.00043 -7.55511e+01 | 96  0.00043 -7.55525e+01
 97  0.82914  1.64661e+02 | 98  0.22222  2.28144e+02 |
98 variables; iteration 60; function evaluation 86; phase 2
Function value 2.2189437e+03; maximum gradient component mag 7.7646e+02
Var    Value     Gradient |Var    Value     Gradient |Var    Value     Gradient
  1  0.62239  7.76462e+02 |  2 -0.00224 -1.78385e+01 |  3 -0.01764 -2.42718e+01
  4  0.02420 -1.84392e+01 |  5 -0.03226 -3.99647e+01 |  6 -0.00713 -2.16403e+01
  7 -0.02351 -3.46116e+01 |  8  0.02195 -3.76089e+01 |  9  0.08266 -3.46465e+01
 10 -0.03118 -4.21194e+01 | 11  0.00614  1.06367e-01 | 12  0.01390 -3.48585e+01
 13  0.02368 -3.20458e+01 | 14  0.05992 -4.64426e+01 | 15 -0.03148 -3.68971e+01
 16 -0.01600 -1.87843e+01 | 17 -0.02817 -3.04819e+01 | 18 -0.04303 -2.29560e+01
 19  0.01570 -7.54886e+00 | 20  0.00076 -2.51740e+01 | 21  0.00769  8.09626e+00
 22 -0.03600 -1.83297e+01 | 23  0.00585  1.49284e+00 | 24  0.01731  1.74345e+01
 25 -0.01246 -2.38436e+01 | 26  0.00432 -2.92367e+01 | 27  0.02909  8.62179e+00
 28  0.01797  3.68850e-01 | 29  0.00581  2.30199e+01 | 30  0.03405  1.46954e+01
 31  0.02843 -4.97516e+00 | 32  0.02805 -1.02198e+01 | 33  0.00351 -5.43748e+00
 34 -0.00982  2.67961e+01 | 35 -0.05072  5.85008e-01 | 36  0.02618  1.31371e+01
 37 -0.01007  1.38879e+01 | 38 -0.02696 -5.88686e+00 | 39  0.02091 -8.45908e-01
 40  0.04956  3.34486e+01 | 41 -0.03027 -8.61586e+00 | 42  0.00060  1.27206e+00
 43 -0.01839  6.81895e+00 | 44  0.01287  4.40871e+01 | 45 -0.01971  2.03988e+01
 46 -0.01597 -9.54432e+00 | 47  0.00764  1.40100e+01 | 48 -0.00262 -1.61112e+01
 49  0.02535  1.07850e+01 | 50 -0.03209 -2.16695e+00 | 51 -0.01949 -1.61857e+01
 52 -0.00659  2.50599e+01 | 53 -0.02654  6.19780e+01 | 54 -0.02452  4.32090e+01
 55 -0.00792 -2.30525e+01 | 56 -0.04515  9.42661e+01 | 57 -0.05221  1.05733e+01
 58 -0.01246  3.18702e+01 | 59  0.04217 -2.76541e+01 | 60  0.02347  6.62885e+00
 61 -0.03470  2.90292e+01 | 62  0.00664  3.57399e+01 | 63  0.01295  8.07960e+01
 64  0.02581  3.93023e+01 | 65  0.00277  3.74741e+01 | 66  0.02754  6.48792e+01
 67  0.00547  3.22664e+01 | 68 -0.03783  1.29421e+00 | 69 -0.02269  6.24432e+01
 70  0.01520  1.10684e+01 | 71  0.04599  4.62710e+01 | 72  0.02394 -1.78948e+00
 73  0.01450  1.97299e+01 | 74  0.01180  4.13119e+01 | 75  0.02066 -1.91304e+01
 76  0.01176  1.88972e+01 | 77  0.04172  3.84526e+01 | 78 -0.00219  1.62460e+01
 79  0.00419 -1.40452e+01 | 80  0.01173 -1.48706e+01 | 81 -0.03263 -8.35008e-01
 82 -0.01467 -1.75433e+01 | 83 -0.01791 -1.98274e+01 | 84 -0.00331 -4.05789e+01
 85 -0.01634 -1.66020e+01 | 86 -0.00210 -7.90780e+01 | 87 -0.02952  3.10236e-01
 88 -0.06007 -1.68797e+01 | 89 -0.00376  3.22250e+00 | 90 -0.01285 -1.66934e+01
 91 -0.00462  4.52938e+00 | 92  0.02167 -4.36119e+01 | 93  0.05501 -1.21591e+01
 94 -0.00312 -2.52851e+01 | 95 -0.00411 -2.97449e+01 | 96 -0.00411 -2.97440e+01
 97  0.82267  3.11536e+01 | 98  0.21575  1.24140e+00 |
Maximum number of function evaluations exceeded

 - final statistics:
98 variables; iteration 71; function evaluation 100
Function value 2.2171e+03; maximum gradient component mag 1.9332e+02
Exit code = 3;  converg criter 1.0000e+01
Var    Value     Gradient |Var    Value     Gradient |Var    Value     Gradient
  1  0.62215  1.93323e+02 |  2 -0.00478 -5.25150e+00 |  3 -0.01861 -8.67949e+00
  4  0.02224 -5.91232e+00 |  5 -0.02415 -5.51150e+00 |  6 -0.00750 -5.05778e+00
  7 -0.01847 -4.75117e+00 |  8  0.02494 -8.92066e+00 |  9  0.08478  2.62611e-02
 10 -0.02504 -6.07177e+00 | 11  0.00262  8.93844e-01 | 12  0.01405 -1.72006e+01
 13  0.02524 -3.46854e+00 | 14  0.06131 -1.11811e+01 | 15 -0.02716  4.65609e+00
 16 -0.01450  8.31889e+00 | 17 -0.02671 -4.59313e+00 | 18 -0.04224 -3.19012e+00
 19  0.01562  4.45599e-02 | 20  0.00173 -3.03029e+00 | 21  0.00777  1.71366e+01
 22 -0.03575 -3.74598e+00 | 23  0.00423 -1.38605e+01 | 24  0.01493 -1.45413e+01
 25 -0.01272 -1.47244e+01 | 26  0.00701  1.48641e+01 | 27  0.02816  1.22429e+00
 28  0.01722 -2.24667e+00 | 29  0.00433  1.44465e+01 | 30  0.03395  1.72072e+01
 31  0.02817 -4.79142e+00 | 32  0.02745 -1.80307e+01 | 33  0.00288 -8.09990e+00
 34 -0.01411 -1.28410e+01 | 35 -0.05166  5.97065e+00 | 36  0.02596  7.63678e+00
 37 -0.01176  1.75268e-01 | 38 -0.02686  2.85449e+00 | 39  0.02034 -1.59400e+01
 40  0.04945  8.81385e+00 | 41 -0.03177 -1.67347e+01 | 42  0.00041 -5.60061e+00
 43 -0.01855  4.55807e+00 | 44  0.00998 -2.37741e+01 | 45 -0.02077  5.01364e+00
 46 -0.01477  2.89233e+00 | 47  0.00865  1.96160e+01 | 48 -0.00183 -1.42415e+01
 49  0.02511 -2.72146e+01 | 50 -0.03144  3.18629e+00 | 51 -0.01869 -1.11214e+01
 52 -0.00768 -1.71460e+01 | 53 -0.02925  3.12949e-01 | 54 -0.02483  3.09545e+01
 55 -0.00693 -3.32248e+00 | 56 -0.04839  3.97232e+01 | 57 -0.05325 -2.83242e+00
 58 -0.01339  3.75349e+00 | 59  0.04353  1.11674e+01 | 60  0.02357 -8.46131e+00
 61 -0.03501  2.59431e+01 | 62  0.00591  2.59230e+00 | 63  0.01142  2.13198e+01
 64  0.02568  1.63061e+01 | 65  0.00175  5.54188e+00 | 66  0.02646  9.19928e+00
 67  0.00489  1.14933e+01 | 68 -0.03742  1.37921e+01 | 69 -0.02649 -6.70186e-01
 70  0.01494 -3.95389e+00 | 71  0.04533 -2.94784e+00 | 72  0.02419 -2.39376e+00
 73  0.01347 -1.37290e+01 | 74  0.01039  2.24007e+00 | 75  0.02160  2.87347e+00
 76  0.01153  1.19504e+01 | 77  0.04098 -5.86252e+00 | 78 -0.00221  2.05388e+01
 79  0.00558  3.03066e+01 | 80  0.01181 -5.36224e+00 | 81 -0.03257  1.31634e+01
 82 -0.01390  1.49133e+01 | 83 -0.01721  1.12334e+01 | 84 -0.00281 -8.79303e+00
 85 -0.01561  1.90886e+01 | 86 -0.00094 -2.58221e+01 | 87 -0.03030  5.85047e+00
 88 -0.06075 -6.55031e+00 | 89 -0.00530 -8.08375e+00 | 90 -0.01308 -7.02100e-01
 91 -0.00796 -9.09020e+00 | 92  0.02385 -2.34675e+00 | 93  0.05147 -1.61253e+01
 94 -0.00127 -4.84528e+00 | 95 -0.00012 -6.04585e+00 | 96 -0.00012 -6.04592e+00
 97  0.82019 -3.28045e+00 | 98  0.21639  2.15454e+01 |

Initial statistics: 100 variables; iteration 0; function evaluation 0; phase 3
Function value 2.2170910e+03; maximum gradient component mag -2.2732e+02
Var    Value     Gradient |Var    Value     Gradient |Var    Value     Gradient
  1  0.62215  1.93323e+02 |  2 -0.00478 -5.27685e+00 |  3 -0.01861 -8.70483e+00
  4  0.02224 -5.93766e+00 |  5 -0.02415 -5.53683e+00 |  6 -0.00750 -5.08314e+00
  7 -0.01848 -4.77651e+00 |  8  0.02494 -8.94600e+00 |  9  0.08478  1.13223e-03
 10 -0.02505 -6.09711e+00 | 11  0.00262  8.68491e-01 | 12  0.01405 -1.72260e+01
 13  0.02523 -3.49388e+00 | 14  0.06131 -1.12063e+01 | 15 -0.02716  4.63076e+00
 16 -0.01450  8.29354e+00 | 17 -0.02671 -4.61847e+00 | 18 -0.04224 -3.21542e+00
 19  0.01562  1.92142e-02 | 20  0.00173 -3.05564e+00 | 21  0.00777  1.71112e+01
 22 -0.03575 -3.77130e+00 | 23  0.00423 -1.38859e+01 | 24  0.01492 -1.45667e+01
 25 -0.01272 -1.47498e+01 | 26  0.00701  1.48387e+01 | 27  0.02816  1.19896e+00
 28  0.01722 -2.27201e+00 | 29  0.00433  1.44211e+01 | 30  0.03395  1.71819e+01
 31  0.02817 -4.81675e+00 | 32  0.02745 -1.80560e+01 | 33  0.00288 -8.12525e+00
 34 -0.01411 -1.28664e+01 | 35 -0.05166  5.94537e+00 | 36  0.02596  7.61145e+00
 37 -0.01176  1.49919e-01 | 38 -0.02686  2.82916e+00 | 39  0.02034 -1.59654e+01
 40  0.04945  8.78857e+00 | 41 -0.03177 -1.67600e+01 | 42  0.00041 -5.62596e+00
 43 -0.01855  4.53272e+00 | 44  0.00998 -2.37994e+01 | 45 -0.02077  4.98830e+00
 46 -0.01477  2.86698e+00 | 47  0.00865  1.95906e+01 | 48 -0.00183 -1.42668e+01
 49  0.02511 -2.72400e+01 | 50 -0.03144  3.16097e+00 | 51 -0.01869 -1.11468e+01
 52 -0.00768 -1.71713e+01 | 53 -0.02925  2.87622e-01 | 54 -0.02483  3.09292e+01
 55 -0.00693 -3.34783e+00 | 56 -0.04839  3.96979e+01 | 57 -0.05325 -2.85768e+00
 58 -0.01339  3.72814e+00 | 59  0.04353  1.11421e+01 | 60  0.02357 -8.48664e+00
 61 -0.03501  2.59178e+01 | 62  0.00591  2.56695e+00 | 63  0.01142  2.12945e+01
 64  0.02568  1.62808e+01 | 65  0.00175  5.51653e+00 | 66  0.02646  9.17394e+00
 67  0.00489  1.14680e+01 | 68 -0.03742  1.37668e+01 | 69 -0.02649 -6.95518e-01
 70  0.01494 -3.97924e+00 | 71  0.04533 -2.97313e+00 | 72  0.02419 -2.41909e+00
 73  0.01347 -1.37544e+01 | 74  0.01039  2.21472e+00 | 75  0.02160  2.84814e+00
 76  0.01153  1.19251e+01 | 77  0.04098 -5.88782e+00 | 78 -0.00221  2.05135e+01
 79  0.00558  3.02813e+01 | 80  0.01181 -5.38759e+00 | 81 -0.03257  1.31381e+01
 82 -0.01390  1.48879e+01 | 83 -0.01721  1.12080e+01 | 84 -0.00281 -8.81839e+00
 85 -0.01561  1.90633e+01 | 86 -0.00094 -2.58474e+01 | 87 -0.03030  5.82514e+00
 88 -0.06075 -6.57554e+00 | 89 -0.00530 -8.10911e+00 | 90 -0.01308 -7.27448e-01
 91 -0.00796 -9.11555e+00 | 92  0.02385 -2.37208e+00 | 93  0.05147 -1.61506e+01
 94 -0.00127 -4.87064e+00 | 95 -0.00012 -6.07120e+00 | 96 -0.00012 -6.07127e+00
 97  0.82019 -3.28045e+00 | 98 -0.41581 -2.27317e+02 | 99  0.21639  2.15454e+01
100 -0.25275 -9.70955e+01 |

Intermediate statistics: 100 variables; iteration 20; function evaluation 25; phase 3
Function value 2.2161984e+03; maximum gradient component mag 2.3543e+02
Var    Value     Gradient |Var    Value     Gradient |Var    Value     Gradient
  1  0.62153  7.33438e+01 |  2 -0.00509 -2.58089e+00 |  3 -0.01817 -4.55431e+00
  4  0.02189 -3.64814e+00 |  5 -0.02444 -2.88544e+00 |  6 -0.00791 -2.92654e+00
  7 -0.01893 -2.71582e+00 |  8  0.02450 -7.72653e+00 |  9  0.08418 -3.23387e+00
 10 -0.02546 -4.30548e+00 | 11  0.00200  8.99303e-01 | 12  0.01306 -2.03604e+01
 13  0.02459 -6.17189e+00 | 14  0.06115 -1.22184e+01 | 15 -0.02738  6.04277e+00
 16 -0.01435  1.17293e+01 | 17 -0.02704 -5.06882e+00 | 18 -0.04248 -2.29353e+00
 19  0.01510 -6.31465e+00 | 20  0.00118 -8.21302e+00 | 21  0.00709  9.32847e+00
 22 -0.03608 -3.71666e+00 | 23  0.00406 -1.33493e+01 | 24  0.01508 -9.31164e+00
 25 -0.01331 -1.80020e+01 | 26  0.00701  1.68136e+01 | 27  0.02789 -2.12441e+00
 28  0.01700 -4.36158e+00 | 29  0.00441  1.64594e+01 | 30  0.03315  2.57949e+00
 31  0.02833 -1.42897e+00 | 32  0.02822 -3.62403e+00 | 33  0.00293 -6.04026e+00
 34 -0.01440 -1.44014e+01 | 35 -0.05136  1.02068e+01 | 36  0.02552 -1.81715e+00
 37 -0.01179  9.18557e-01 | 38 -0.02664  6.64359e+00 | 39  0.02102 -3.80982e+00
 40  0.04948  6.73996e+00 | 41 -0.03232 -2.03553e+01 | 42  0.00066 -2.49211e+00
 43 -0.01821  9.24212e+00 | 44  0.01124 -1.84001e+00 | 45 -0.02042  9.50248e+00
 46 -0.01459  4.39804e+00 | 47  0.00808  5.59516e+00 | 48 -0.00103 -1.90400e+00
 49  0.02613 -2.51178e+00 | 50 -0.03107  8.66161e+00 | 51 -0.01794  1.67525e+00
 52 -0.00653  7.38749e+00 | 53 -0.02894  2.77055e+00 | 54 -0.02585  1.43508e+00
 55 -0.00621  1.07372e+01 | 56 -0.04954  1.75642e+01 | 57 -0.05335 -5.60711e+00
 58 -0.01320  2.95411e+00 | 59  0.04284 -3.60499e+01 | 60  0.02368 -1.36630e+01
 61 -0.03532  2.10524e+01 | 62  0.00629  7.37991e+00 | 63  0.01130  1.31960e+01
 64  0.02577  1.01346e+01 | 65  0.00174  8.09843e-01 | 66  0.02639 -4.31461e+00
 67  0.00482  3.24279e+00 | 68 -0.03766  7.81870e+00 | 69 -0.02651 -3.17233e+00
 70  0.01542  2.53425e+00 | 71  0.04555 -3.57861e+00 | 72  0.02436 -4.47456e+00
 73  0.01427  2.87469e+00 | 74  0.01066  3.83104e+00 | 75  0.02188  5.35828e+00
 76  0.01151  5.17145e+00 | 77  0.04106 -1.35604e+01 | 78 -0.00277  1.98876e+00
 79  0.00521  1.48352e+01 | 80  0.01229  3.07325e+00 | 81 -0.03300  3.88594e+00
 82 -0.01420  2.79430e+00 | 83 -0.01749  2.47693e+00 | 84 -0.00199  8.37256e+00
 85 -0.01645 -1.69192e+00 | 86 -0.00001 -4.91848e+00 | 87 -0.03030  4.96108e+00
 88 -0.06029 -1.56179e+00 | 89 -0.00466  2.91976e+00 | 90 -0.01237  8.42978e+00
 91 -0.00728  6.83512e-01 | 92  0.02456  7.58202e+00 | 93  0.05167 -9.08542e+00
 94 -0.00171 -1.99914e+00 | 95  0.00000 -2.47447e+00 | 96  0.00000 -2.47449e+00
 97  0.84853 -4.10184e+01 | 98 -0.41102  2.35430e+02 | 99  0.21699 -6.07410e+00
100 -0.25215 -1.56946e+00 |
100 variables; iteration 40; function evaluation 49; phase 3
Function value 2.2158909e+03; maximum gradient component mag 1.4827e+02
Var    Value     Gradient |Var    Value     Gradient |Var    Value     Gradient
  1  0.62120 -1.99426e+01 |  2 -0.00523  1.79984e-01 |  3 -0.01974 -4.58536e+00
  4  0.02271  1.67157e+00 |  5 -0.02468 -3.21392e-01 |  6 -0.00730  1.84330e+00
  7 -0.01831  2.07380e+00 |  8  0.02615  2.47606e+00 |  9  0.08364 -1.99628e+00
 10 -0.02282  7.47790e+00 | 11  0.00354  1.18643e+01 | 12  0.01488 -5.29834e+00
 13  0.02407 -5.87960e+00 | 14  0.06107 -7.86052e+00 | 15 -0.02849  2.62100e+00
 16 -0.01502  8.93866e+00 | 17 -0.02732 -4.93509e+00 | 18 -0.04245  3.09167e-01
 19  0.01535 -7.84766e-01 | 20  0.00134 -4.17707e+00 | 21  0.00657  3.65415e+00
 22 -0.03615 -1.80719e+00 | 23  0.00477 -7.53869e-01 | 24  0.01504 -6.92124e+00
 25 -0.01167  1.43683e+00 | 26  0.00585  4.85528e+00 | 27  0.02781 -1.95030e+00
 28  0.01705 -1.89137e+00 | 29  0.00374  1.05038e+01 | 30  0.03259 -6.28355e+00
 31  0.02815 -2.86918e+00 | 32  0.02825 -1.30491e+00 | 33  0.00283 -5.28601e+00
 34 -0.01344 -2.36920e+00 | 35 -0.05288  2.01174e+00 | 36  0.02576  3.18181e+00
 37 -0.01197 -4.14797e-02 | 38 -0.02753 -3.31947e-01 | 39  0.02127 -2.21089e-01
 40  0.04934  2.00170e-01 | 41 -0.03095 -7.32094e+00 | 42  0.00080 -9.60068e-01
 43 -0.01863  4.17648e+00 | 44  0.01141 -1.34477e+00 | 45 -0.02084  3.70044e+00
 46 -0.01494 -1.61259e+00 | 47  0.00812  3.30640e+00 | 48 -0.00060  3.39558e+00
 49  0.02640 -4.57567e-01 | 50 -0.03169 -5.36035e-01 | 51 -0.01783  1.47443e+00
 52 -0.00662  2.08505e+00 | 53 -0.02917 -3.34347e+00 | 54 -0.02581 -4.01403e-01
 55 -0.00645 -9.58784e-01 | 56 -0.05008  7.88582e+00 | 57 -0.05274  3.11509e+00
 58 -0.01318  2.20184e+00 | 59  0.04342 -1.09657e+01 | 60  0.02384 -1.24878e+01
 61 -0.03652  2.69752e+00 | 62  0.00612 -2.02803e+00 | 63  0.01102  1.67649e+00
 64  0.02582  7.26920e+00 | 65  0.00178  9.77029e-01 | 66  0.02683  8.54919e+00
 67  0.00488  3.48218e+00 | 68 -0.03806  1.60129e+00 | 69 -0.02672 -7.31569e+00
 70  0.01518 -7.58699e+00 | 71  0.04578  1.12030e+00 | 72  0.02427 -1.08934e+01
 73  0.01421 -1.18462e+00 | 74  0.01069  2.55819e+00 | 75  0.02200  6.59792e+00
 76  0.01150  3.48335e+00 | 77  0.04140 -2.46450e+00 | 78 -0.00283 -4.53315e-01
 79  0.00471 -1.05770e+00 | 80  0.01207 -7.13767e+00 | 81 -0.03345 -3.44265e+00
 82 -0.01419  3.24382e+00 | 83 -0.01753  2.54641e+00 | 84 -0.00209  6.16425e+00
 85 -0.01654 -1.46874e+00 | 86  0.00014  1.34222e+00 | 87 -0.03081 -1.22569e+00
 88 -0.06039 -2.98113e-01 | 89 -0.00486  6.24059e-01 | 90 -0.01303  5.04464e-01
 91 -0.00742  8.65801e-01 | 92  0.02399  4.27929e+00 | 93  0.05217 -2.79935e+00
 94 -0.00510 -4.48256e+00 | 95  0.00197  3.36167e+00 | 96  0.00197  3.36238e+00
 97  0.85647 -2.54842e+01 | 98 -0.41040  1.48274e+02 | 99  0.21857 -1.96810e+00
100 -0.25166  2.00528e+00 |
100 variables; iteration 60; function evaluation 74; phase 3
Function value 2.2157260e+03; maximum gradient component mag -3.1918e+01
Var    Value     Gradient |Var    Value     Gradient |Var    Value     Gradient
  1  0.62069 -3.19182e+01 |  2 -0.00550  6.81335e-02 |  3 -0.01720  7.86014e-01
  4  0.02217  8.13774e-01 |  5 -0.02477 -6.84653e-02 |  6 -0.00794  7.15851e-01
  7 -0.01910  5.85296e-01 |  8  0.02554  7.60267e-01 |  9  0.08409  3.14028e+00
 10 -0.02578 -1.28463e+00 | 11  0.00086  4.70909e-01 | 12  0.01532 -1.58933e+00
 13  0.02480  1.31466e+00 | 14  0.06167  3.81746e+00 | 15 -0.03019 -6.60012e+00
 16 -0.01606  1.18312e+00 | 17 -0.02663  8.71225e-01 | 18 -0.04261 -4.00818e-01
 19  0.01550  2.29542e+00 | 20  0.00179  2.24466e+00 | 21  0.00619 -1.07815e+00
 22 -0.03588  1.02754e+00 | 23  0.00487  1.52201e+00 | 24  0.01565  3.56610e+00
 25 -0.01192 -8.16321e-01 | 26  0.00528 -2.15517e+00 | 27  0.02797  3.42971e-01
 28  0.01722  1.21837e-01 | 29  0.00277 -1.19918e+00 | 30  0.03307  1.83355e+00
 31  0.02839  9.82405e-01 | 32  0.02837  3.97644e-01 | 33  0.00332  6.75851e-01
 34 -0.01294  2.71164e+00 | 35 -0.05324 -5.59645e-01 | 36  0.02587  3.59699e+00
 37 -0.01177  1.25096e+00 | 38 -0.02754 -1.06262e+00 | 39  0.02145  9.83851e-01
 40  0.04934 -2.79314e+00 | 41 -0.02960  4.00138e+00 | 42  0.00101  2.78962e-01
 43 -0.01892 -8.32442e-01 | 44  0.01162 -5.28366e-01 | 45 -0.02105 -6.29828e-01
 46 -0.01468 -4.52107e-01 | 47  0.00787 -5.28080e+00 | 48 -0.00058  4.19749e-01
 49  0.02653 -2.40022e+00 | 50 -0.03167 -2.54019e+00 | 51 -0.01782 -1.35460e+00
 52 -0.00665 -2.48627e+00 | 53 -0.02885  3.58131e-01 | 54 -0.02573 -1.74641e+00
 55 -0.00627 -8.25889e-01 | 56 -0.05041 -4.21238e-01 | 57 -0.05288 -1.55845e+00
 58 -0.01308  8.89010e-01 | 59  0.04385  4.26041e+00 | 60  0.02437  2.13776e+00
 61 -0.03665 -8.82509e-01 | 62  0.00631 -1.23006e+00 | 63  0.01093 -5.49821e+00
 64  0.02573 -1.41319e+00 | 65  0.00170 -4.63470e+00 | 66  0.02674 -4.11955e-01
 67  0.00483 -2.01355e+00 | 68 -0.03826 -3.12323e+00 | 69 -0.02620 -5.01538e-01
 70  0.01560  1.10062e+00 | 71  0.04588 -4.93071e-01 | 72  0.02479  1.63380e+00
 73  0.01437 -6.11710e-01 | 74  0.01075 -2.38839e-01 | 75  0.02190 -1.89355e+00
 76  0.01152 -2.35223e-01 | 77  0.04163  1.08998e+00 | 78 -0.00262  1.44317e+00
 79  0.00484 -1.21098e+00 | 80  0.01243  5.72779e-02 | 81 -0.03312 -1.18444e-01
 82 -0.01418 -6.20539e-01 | 83 -0.01737  1.85939e+00 | 84 -0.00208  9.76299e-01
 85 -0.01628 -2.47008e-01 | 86  0.00034  1.13942e+00 | 87 -0.03049  6.52738e-01
 88 -0.05988  2.77559e+00 | 89 -0.00468 -2.08479e+00 | 90 -0.01272 -2.27290e-01
 91 -0.00674  3.34805e+00 | 92  0.02387 -1.84291e-01 | 93  0.05380  5.69579e+00
 94 -0.00272 -3.37178e-01 | 95 -0.00164 -1.83176e+00 | 96 -0.00164 -1.83267e+00
 97  0.86658 -6.74187e+00 | 98 -0.40972  2.24973e+01 | 99  0.21933 -1.13717e-02
100 -0.25150  1.32824e+00 |
Maximum number of function evaluations exceeded

 - final statistics:
100 variables; iteration 80; function evaluation 100
Function value 2.2157e+03; maximum gradient component mag 2.9616e+01
Exit code = 3;  converg criter 1.0000e+00
Var    Value     Gradient |Var    Value     Gradient |Var    Value     Gradient
  1  0.62083 -2.40583e+01 |  2 -0.00534  2.42178e-01 |  3 -0.01717  7.01191e-01
  4  0.02203  4.28808e-01 |  5 -0.02414  1.15268e+00 |  6 -0.00791  7.38384e-01
  7 -0.01908  5.73157e-01 |  8  0.02535  1.92089e-01 |  9  0.08373  1.05800e+00
 10 -0.02539 -2.82927e-02 | 11  0.00066 -1.73092e-01 | 12  0.01566  9.93575e-01
 13  0.02437 -1.37230e+00 | 14  0.06137  9.75360e-01 | 15 -0.02913  1.27647e-02
 16 -0.01638 -8.00023e-01 | 17 -0.02660  1.51254e+00 | 18 -0.04277 -1.17944e+00
 19  0.01528  3.95264e-02 | 20  0.00169  1.80576e+00 | 21  0.00610 -1.27755e+00
 22 -0.03577  2.44315e+00 | 23  0.00478  1.06958e+00 | 24  0.01538  3.48573e-01
 25 -0.01181  9.22384e-01 | 26  0.00529 -1.22019e+00 | 27  0.02788  1.91510e-01
 28  0.01719  6.69657e-01 | 29  0.00269 -1.39364e+00 | 30  0.03289 -2.31381e-01
 31  0.02827  1.32367e-01 | 32  0.02830  4.08533e-01 | 33  0.00321  4.82172e-02
 34 -0.01321  3.54825e-01 | 35 -0.05318  7.61935e-02 | 36  0.02560 -3.69893e-01
 37 -0.01189  5.55951e-01 | 38 -0.02748 -7.49265e-02 | 39  0.02129 -5.91328e-01
 40  0.04932 -1.47401e+00 | 41 -0.02996  1.11223e+00 | 42  0.00091 -5.20848e-01
 43 -0.01894 -5.66132e-01 | 44  0.01157 -6.54247e-01 | 45 -0.02106 -3.68662e-01
 46 -0.01481 -1.68932e+00 | 47  0.00794 -3.04700e+00 | 48 -0.00070 -9.86207e-01
 49  0.02653 -1.08304e+00 | 50 -0.03156 -5.24261e-01 | 51 -0.01781 -3.77430e-01
 52 -0.00662 -5.63677e-01 | 53 -0.02904 -2.63969e+00 | 54 -0.02570  1.85692e-02
 55 -0.00633 -9.16751e-01 | 56 -0.05051 -1.28010e+00 | 57 -0.05285 -4.58769e-01
 58 -0.01315  4.24998e-01 | 59  0.04374  1.65785e+00 | 60  0.02428  1.00784e+00
 61 -0.03672 -1.22674e+00 | 62  0.00626 -7.47771e-01 | 63  0.01101 -1.29947e+00
 64  0.02566 -1.68470e+00 | 65  0.00183 -1.62026e-01 | 66  0.02666 -8.98537e-01
 67  0.00479 -1.44670e+00 | 68 -0.03819 -1.28062e+00 | 69 -0.02620  3.70042e-01
 70  0.01551  1.75956e-01 | 71  0.04581 -6.36437e-01 | 72  0.02470  7.42179e-01
 73  0.01431 -5.65018e-01 | 74  0.01072  5.02800e-01 | 75  0.02185 -1.38652e+00
 76  0.01146 -8.77457e-02 | 77  0.04156  3.94355e-01 | 78 -0.00270  7.40574e-01
 79  0.00480 -8.84605e-01 | 80  0.01239  4.24158e-01 | 81 -0.03311  7.97171e-01
 82 -0.01421 -5.20872e-01 | 83 -0.01750 -1.58322e-01 | 84 -0.00215 -5.65288e-02
 85 -0.01625  9.61557e-01 | 86  0.00031  1.12689e+00 | 87 -0.03047  1.14133e+00
 88 -0.06008  7.03628e-01 | 89 -0.00448  2.29371e+00 | 90 -0.01266  8.32781e-01
 91 -0.00693  1.48082e+00 | 92  0.02391  3.92911e-01 | 93  0.05321  2.07591e+00
 94 -0.00164  1.16251e+00 | 95 -0.00014  2.52910e-01 | 96 -0.00014  2.57231e-01
 97  0.87084 -5.47813e+00 | 98 -0.40929  2.96158e+01 | 99  0.21912 -1.35223e-01
100 -0.25155  6.72112e-01 |

Initial statistics: 108 variables; iteration 0; function evaluation 0; phase 4
Function value 2.2156933e+03; maximum gradient component mag -6.6720e+02
Var    Value     Gradient |Var    Value     Gradient |Var    Value     Gradient
  1 -0.42263 -4.63102e-01 |  2 -0.42263 -6.67199e+02 |  3 -0.41094 -1.35693e+02
  4  0.62083 -2.40583e+01 |  5  0.00000 -2.03663e+01 |  6  0.00000 -1.02674e+00
  7  0.00000  5.67715e+00 |  8  0.00000  1.73565e+01 |  9  0.00000 -1.02512e+01
 10 -0.00534  2.44210e-01 | 11 -0.01717  7.03222e-01 | 12  0.02203  4.30840e-01
 13 -0.02414  1.15471e+00 | 14 -0.00791  7.40416e-01 | 15 -0.01908  5.75188e-01
 16  0.02535  1.94120e-01 | 17  0.08373  1.06001e+00 | 18 -0.02539 -2.62619e-02
 19  0.00066 -1.71059e-01 | 20  0.01566  9.95607e-01 | 21  0.02437 -1.37027e+00
 22  0.06137  9.77383e-01 | 23 -0.02913  1.47949e-02 | 24 -0.01638 -7.97991e-01
 25 -0.02660  1.51457e+00 | 26 -0.04277 -1.17741e+00 | 27  0.01528  4.15582e-02
 28  0.00169  1.80780e+00 | 29  0.00610 -1.27552e+00 | 30 -0.03577  2.44518e+00
 31  0.00478  1.07161e+00 | 32  0.01538  3.50605e-01 | 33 -0.01181  9.24416e-01
 34  0.00529 -1.21816e+00 | 35  0.02788  1.93541e-01 | 36  0.01719  6.71689e-01
 37  0.00269 -1.39161e+00 | 38  0.03289 -2.29351e-01 | 39  0.02827  1.34398e-01
 40  0.02830  4.10564e-01 | 41  0.00321  5.02496e-02 | 42 -0.01321  3.56857e-01
 43 -0.05318  7.82188e-02 | 44  0.02560 -3.67862e-01 | 45 -0.01189  5.57983e-01
 46 -0.02748 -7.28960e-02 | 47  0.02129 -5.89297e-01 | 48  0.04932 -1.47198e+00
 49 -0.02996  1.11426e+00 | 50  0.00091 -5.18815e-01 | 51 -0.01894 -5.64100e-01
 52  0.01157 -6.52215e-01 | 53 -0.02106 -3.66631e-01 | 54 -0.01481 -1.68728e+00
 55  0.00794 -3.04496e+00 | 56 -0.00070 -9.84174e-01 | 57  0.02653 -1.08101e+00
 58 -0.03156 -5.22231e-01 | 59 -0.01781 -3.75398e-01 | 60 -0.00662 -5.61645e-01
 61 -0.02904 -2.63766e+00 | 62 -0.02570  2.05999e-02 | 63 -0.00633 -9.14719e-01
 64 -0.05051 -1.27807e+00 | 65 -0.05285 -4.56744e-01 | 66 -0.01315  4.27030e-01
 67  0.04374  1.65988e+00 | 68  0.02428  1.00987e+00 | 69 -0.03672 -1.22471e+00
 70  0.00626 -7.45738e-01 | 71  0.01101 -1.29744e+00 | 72  0.02566 -1.68267e+00
 73  0.00183 -1.59994e-01 | 74  0.02666 -8.96507e-01 | 75  0.00479 -1.44467e+00
 76 -0.03819 -1.27859e+00 | 77 -0.02620  3.72073e-01 | 78  0.01551  1.77988e-01
 79  0.04581 -6.34410e-01 | 80  0.02470  7.44210e-01 | 81  0.01431 -5.62986e-01
 82  0.01072  5.04832e-01 | 83  0.02185 -1.38449e+00 | 84  0.01146 -8.57137e-02
 85  0.04156  3.96383e-01 | 86 -0.00270  7.42607e-01 | 87  0.00480 -8.82573e-01
 88  0.01239  4.26190e-01 | 89 -0.03311  7.99200e-01 | 90 -0.01421 -5.18840e-01
 91 -0.01750 -1.56290e-01 | 92 -0.00215 -5.44964e-02 | 93 -0.01625  9.63589e-01
 94  0.00031  1.12893e+00 | 95 -0.03047  1.14336e+00 | 96 -0.06008  7.05651e-01
 97 -0.00448  2.29575e+00 | 98 -0.01266  8.34813e-01 | 99 -0.00693  1.48285e+00
100  0.02391  3.94942e-01 |101  0.05321  2.07794e+00 |102 -0.00164  1.16454e+00
103 -0.00014  2.54942e-01 |104 -0.00014  2.59263e-01 |105  0.87084 -5.47813e+00
106 -0.40929  2.96158e+01 |107  0.21912 -1.35223e-01 |108 -0.25155  6.72112e-01

Intermediate statistics: 108 variables; iteration 20; function evaluation 24; phase 4
Function value 2.2154431e+03; maximum gradient component mag -5.8345e+02
Var    Value     Gradient |Var    Value     Gradient |Var    Value     Gradient
  1 -0.42608 -2.56157e+01 |  2 -0.42239 -5.83454e+02 |  3 -0.41094 -1.81355e+02
  4  0.62063 -7.78983e+00 |  5  0.00427 -1.04011e+01 |  6 -0.00065 -1.26343e+00
  7 -0.00293  1.45559e+00 |  8 -0.00576  7.27540e+00 |  9  0.00279 -4.58623e+00
 10 -0.00550  1.86794e-01 | 11 -0.01739  4.73112e-01 | 12  0.02183  6.32353e-01
 13 -0.02443  8.19740e-01 | 14 -0.00811  8.07745e-01 | 15 -0.01924  7.18613e-01
 16  0.02519  1.15999e+00 | 17  0.08410  9.05324e+00 | 18 -0.02546  6.18985e-01
 19  0.00061  1.14929e+00 | 20  0.01571  3.45342e+00 | 21  0.02446  2.06874e+00
 22  0.06152  8.38071e+00 | 23 -0.02909  1.27086e+00 | 24 -0.01634  5.99680e-01
 25 -0.02651  2.86617e+00 | 26 -0.04277 -8.91155e-01 | 27  0.01535  2.26371e+00
 28  0.00179  4.23830e+00 | 29  0.00616  1.01987e+00 | 30 -0.03562  4.38358e+00
 31  0.00487  3.75816e+00 | 32  0.01547  3.50800e+00 | 33 -0.01172  2.83186e+00
 34  0.00532  4.14183e-01 | 35  0.02795  3.32515e+00 | 36  0.01729  3.90282e+00
 37  0.00273  3.72140e-01 | 38  0.03291  2.29900e+00 | 39  0.02832  2.99878e+00
 40  0.02834  2.91383e+00 | 41  0.00326  1.72618e+00 | 42 -0.01316  1.73887e+00
 43 -0.05314  5.73085e-01 | 44  0.02562  9.78527e-01 | 45 -0.01185  1.56475e+00
 46 -0.02745  4.52581e-01 | 47  0.02127 -2.58869e-01 | 48  0.04926 -1.80620e+00
 49 -0.02989  1.96539e+00 | 50  0.00092 -1.81698e-01 | 51 -0.01894 -5.74947e-01
 52  0.01153 -1.55553e+00 | 53 -0.02106 -5.66257e-01 | 54 -0.01484 -2.38599e+00
 55  0.00788 -4.77519e+00 | 56 -0.00077 -2.97834e+00 | 57  0.02636 -7.39506e+00
 58 -0.03162 -2.27005e+00 | 59 -0.01789 -3.53463e+00 | 60 -0.00666 -3.62161e+00
 61 -0.02906 -4.20315e+00 | 62 -0.02571 -1.55855e+00 | 63 -0.00622  1.33920e+00
 64 -0.05057 -2.88452e+00 | 65 -0.05289 -2.48184e+00 | 66 -0.01322 -3.76152e+00
 67  0.04381  1.50779e+00 | 68  0.02428  1.61969e+00 | 69 -0.03674 -2.46967e+00
 70  0.00627 -3.24189e+00 | 71  0.01108 -3.32945e-01 | 72  0.02576  8.72771e-01
 73  0.00185 -1.33354e+00 | 74  0.02673  2.84447e-01 | 75  0.00487  1.21777e+00
 76 -0.03823 -2.52558e+00 | 77 -0.02621 -1.36463e+00 | 78  0.01548 -3.60881e+00
 79  0.04593  4.96238e+00 | 80  0.02464 -1.49624e+00 | 81  0.01432 -1.34723e+00
 82  0.01074 -5.04425e-01 | 83  0.02189 -5.45792e-01 | 84  0.01147 -1.04689e+00
 85  0.04154 -2.08231e+00 | 86 -0.00266  1.64112e+00 | 87  0.00481 -2.06189e+00
 88  0.01243  1.01046e+00 | 89 -0.03313 -3.30359e-01 | 90 -0.01426 -3.53294e+00
 91 -0.01754 -2.58528e+00 | 92 -0.00219 -3.01411e+00 | 93 -0.01627 -8.23341e-01
 94  0.00029 -1.45684e+00 | 95 -0.03052 -5.40838e-01 | 96 -0.06013 -1.19103e+00
 97 -0.00456 -2.44292e+00 | 98 -0.01270 -1.03459e+00 | 99 -0.00689 -6.29951e-01
100  0.02391 -1.96047e+00 |101  0.05332  3.69797e+00 |102 -0.00184  6.34298e-01
103 -0.00004  2.21662e-01 |104 -0.00003  2.22976e-01 |105  0.87403  8.99883e+00
106 -0.40910 -9.28826e+01 |107  0.21791 -9.46061e+00 |108 -0.25152  3.18468e+01
108 variables; iteration 40; function evaluation 45; phase 4
Function value 2.2152774e+03; maximum gradient component mag -1.9483e+02
Var    Value     Gradient |Var    Value     Gradient |Var    Value     Gradient
  1 -0.42645 -8.55239e+00 |  2 -0.42200 -1.94827e+02 |  3 -0.41117 -6.06543e+01
  4  0.62003 -2.38579e+00 |  5  0.00689 -4.08776e+00 |  6 -0.00048 -5.36644e-01
  7 -0.00333  1.11745e+00 |  8 -0.00866  2.19217e+00 |  9  0.00470 -7.95877e-01
 10 -0.00585 -6.29200e-01 | 11 -0.01783 -5.60452e-01 | 12  0.02100 -1.47071e+00
 13 -0.02516 -8.82098e-01 | 14 -0.00857 -4.46937e-01 | 15 -0.01967 -4.84403e-01
 16  0.02423 -2.52135e+00 | 17  0.08344  3.86638e+00 | 18 -0.02551  2.76051e-01
 19  0.00080  1.80677e+00 | 20  0.01498 -1.37428e+00 | 21  0.02454  1.89949e+00
 22  0.06152  6.58144e+00 | 23 -0.02907  6.49234e-01 | 24 -0.01601  2.49396e+00
 25 -0.02644  2.93526e+00 | 26 -0.04235  1.67345e+00 | 27  0.01515 -1.23685e+00
 28  0.00133 -2.31414e+00 | 29  0.00638  3.50364e+00 | 30 -0.03573  3.24167e+00
 31  0.00485  3.66077e+00 | 32  0.01514 -1.38392e+00 | 33 -0.01156  4.45730e+00
 34  0.00491 -4.60765e+00 | 35  0.02765 -1.88153e+00 | 36  0.01738  4.23297e+00
 37  0.00271 -5.10433e-01 | 38  0.03282 -5.08671e-02 | 39  0.02832  2.15631e+00
 40  0.02849  4.71953e+00 | 41  0.00316 -4.94421e-01 | 42 -0.01287  3.76259e+00
 43 -0.05311  2.41480e-01 | 44  0.02536 -4.55875e+00 | 45 -0.01187  1.07419e+00
 46 -0.02740  6.89751e-01 | 47  0.02135  1.32273e+00 | 48  0.04933 -6.97123e-01
 49 -0.02993  7.71214e-01 | 50  0.00081 -2.94444e+00 | 51 -0.01907 -2.72232e+00
 52  0.01158 -1.29399e+00 | 53 -0.02113 -1.86420e+00 | 54 -0.01466 -1.16295e-01
 55  0.00817  6.96335e-01 | 56 -0.00064 -1.20176e+00 | 57  0.02658 -2.71773e+00
 58 -0.03138 -2.84311e-01 | 59 -0.01783 -4.06140e+00 | 60 -0.00642 -5.06509e-01
 61 -0.02871  7.16506e-01 | 62 -0.02554  2.33214e-01 | 63 -0.00623 -2.65836e+00
 64 -0.05020  1.49196e+00 | 65 -0.05277 -1.58424e+00 | 66 -0.01293  2.99507e+00
 67  0.04381  3.60911e-01 | 68  0.02432  4.17754e-01 | 69 -0.03668 -2.41040e+00
 70  0.00654  2.81374e+00 | 71  0.01102 -3.17184e+00 | 72  0.02581  4.89796e-01
 73  0.00192 -1.34395e+00 | 74  0.02677 -1.18757e+00 | 75  0.00497  8.21097e-01
 76 -0.03812 -2.18372e+00 | 77 -0.02626 -2.93766e+00 | 78  0.01563  6.69816e-01
 79  0.04589  1.18277e+00 | 80  0.02466 -2.15756e+00 | 81  0.01428 -3.41061e+00
 82  0.01102  5.41859e+00 | 83  0.02206  3.06767e+00 | 84  0.01160  8.33248e-01
 85  0.04166 -8.53641e-01 | 86 -0.00262 -4.89245e-01 | 87  0.00500 -5.50425e-01
 88  0.01249 -1.95325e+00 | 89 -0.03303 -1.21952e+00 | 90 -0.01403 -1.14404e+00
 91 -0.01749 -4.45557e+00 | 92 -0.00186  1.43188e+00 | 93 -0.01624 -4.52216e+00
 94  0.00052 -5.89306e-01 | 95 -0.03019  1.40563e+00 | 96 -0.05982  4.20943e-01
 97 -0.00408  4.44634e+00 | 98 -0.01249  3.44870e-01 | 99 -0.00667  1.20298e+00
100  0.02380 -3.72797e+00 |101  0.05223 -4.63164e+00 |102 -0.00189  2.30244e-01
103  0.00002  1.66823e-02 |104  0.00002  1.71684e-02 |105  0.87548  3.25827e+00
106 -0.40886 -2.95472e+01 |107  0.21788 -2.91197e+00 |108 -0.25157  1.14798e+01
108 variables; iteration 60; function evaluation 74; phase 4
Function value 2.2152389e+03; maximum gradient component mag -3.6120e+01
Var    Value     Gradient |Var    Value     Gradient |Var    Value     Gradient
  1 -0.42676 -1.62587e+00 |  2 -0.42185 -3.61203e+01 |  3 -0.41122 -1.09040e+01
  4  0.61993 -7.95671e-01 |  5  0.00820 -7.17026e-01 |  6  0.00013  6.63268e-01
  7 -0.00411  1.93205e-02 |  8 -0.00964  5.29090e-01 |  9  0.00523  3.55409e-01
 10 -0.00571 -2.28773e-01 | 11 -0.01768 -1.76273e-01 | 12  0.02179  7.47561e-01
 13 -0.02467  2.55606e-01 | 14 -0.00836  2.56556e-01 | 15 -0.01946  2.08704e-01
 16  0.02459 -7.78617e-01 | 17  0.08297  8.42792e-01 | 18 -0.02532  1.02890e+00
 19  0.00059  1.08088e+00 | 20  0.01515 -1.78640e-01 | 21  0.02435  4.77750e-01
 22  0.06122  1.53394e+00 | 23 -0.02925 -5.81010e-01 | 24 -0.01636 -3.98514e-01
 25 -0.02663  1.53403e+00 | 26 -0.04242  1.44237e+00 | 27  0.01514 -3.78395e-01
 28  0.00156  1.35118e+00 | 29  0.00619  1.34175e+00 | 30 -0.03621 -6.83306e-01
 31  0.00450 -7.43400e-01 | 32  0.01509 -1.53844e+00 | 33 -0.01207 -2.25639e-01
 34  0.00512 -1.31159e+00 | 35  0.02771 -2.78760e-01 | 36  0.01707  3.37042e-01
 37  0.00270 -4.11957e-01 | 38  0.03283  4.11218e-01 | 39  0.02822  7.07103e-01
 40  0.02824  5.79552e-01 | 41  0.00329  1.28425e+00 | 42 -0.01302  2.25912e+00
 43 -0.05328 -7.06197e-01 | 44  0.02549 -7.87211e-01 | 45 -0.01204 -3.45824e-01
 46 -0.02761 -8.74212e-01 | 47  0.02125  2.43433e-01 | 48  0.04934  1.44019e-01
 49 -0.03004 -3.49709e-02 | 50  0.00097 -2.35630e-01 | 51 -0.01895 -9.53591e-01
 52  0.01154 -1.30523e+00 | 53 -0.02106 -5.67395e-01 | 54 -0.01465  4.65347e-01
 55  0.00810  3.20365e-01 | 56 -0.00061 -4.38000e-02 | 57  0.02664 -2.66692e-01
 58 -0.03139 -6.53315e-02 | 59 -0.01766 -5.53700e-01 | 60 -0.00645 -1.03651e+00
 61 -0.02875  4.71582e-02 | 62 -0.02552  8.75438e-01 | 63 -0.00617 -1.00156e+00
 64 -0.05030  1.29438e-01 | 65 -0.05272 -7.09994e-01 | 66 -0.01306  6.52262e-01
 67  0.04378  3.87972e-02 | 68  0.02428  4.13245e-02 | 69 -0.03657 -6.96975e-01
 70  0.00641  7.94471e-02 | 71  0.01109 -7.76149e-01 | 72  0.02577  1.98658e-01
 73  0.00191 -1.12650e+00 | 74  0.02678 -2.23978e-01 | 75  0.00497  8.19158e-01
 76 -0.03807 -1.14666e+00 | 77 -0.02608  6.98408e-01 | 78  0.01561  1.38261e+00
 79  0.04584  7.83427e-02 | 80  0.02467 -5.31297e-01 | 81  0.01438 -2.87452e-01
 82  0.01079  7.78070e-03 | 83  0.02198  1.06010e+00 | 84  0.01159  1.20199e+00
 85  0.04167 -1.76129e-01 | 86 -0.00271 -2.45959e+00 | 87  0.00500 -6.47151e-01
 88  0.01253 -4.96515e-01 | 89 -0.03295  2.03451e-01 | 90 -0.01405 -1.54374e+00
 91 -0.01723  1.10347e+00 | 92 -0.00190  4.78651e-01 | 93 -0.01605 -1.07326e+00
 94  0.00059  5.10248e-01 | 95 -0.03024 -3.43833e-01 | 96 -0.05986 -5.77408e-01
 97 -0.00421  5.62632e-01 | 98 -0.01241  3.86068e-01 | 99 -0.00671  2.65313e-02
100  0.02420 -3.49609e-01 |101  0.05304 -2.11792e-01 |102 -0.00194  9.53278e-02
103  0.00002 -1.28766e-02 |104  0.00002 -1.19830e-02 |105  0.87430  4.60035e-01
106 -0.40894 -4.93096e+00 |107  0.21780 -5.49121e-01 |108 -0.25166  2.11280e+00
Maximum number of function evaluations exceeded

 - final statistics:
108 variables; iteration 80; function evaluation 100
Function value 2.2152e+03; maximum gradient component mag -1.1110e+01
Exit code = 3;  converg criter 1.0000e+00
Var    Value     Gradient |Var    Value     Gradient |Var    Value     Gradient
  1 -0.42669 -4.82666e-01 |  2 -0.42182 -1.11103e+01 |  3 -0.41127 -3.23242e+00
  4  0.61987 -4.95652e-01 |  5  0.00843 -2.40889e-01 |  6 -0.00037 -9.81221e-02
  7 -0.00395  2.91938e-01 |  8 -0.01002 -1.37254e-01 |  9  0.00490 -2.63612e-01
 10 -0.00551  1.31796e-01 | 11 -0.01746  2.44103e-01 | 12  0.02153  7.06394e-02
 13 -0.02482 -7.38648e-02 | 14 -0.00849 -1.06883e-01 | 15 -0.01960 -1.72901e-01
 16  0.02478 -5.14789e-02 | 17  0.08290  2.19441e-01 | 18 -0.02589 -7.86952e-01
 19  0.00044  3.37071e-01 | 20  0.01520  3.93366e-02 | 21  0.02431  3.71537e-02
 22  0.06117  5.26039e-01 | 23 -0.02922 -4.89386e-01 | 24 -0.01636 -5.12985e-01
 25 -0.02675  5.27765e-01 | 26 -0.04252  7.52300e-01 | 27  0.01517 -8.36119e-02
 28  0.00147 -3.95494e-03 | 29  0.00611  1.96823e-01 | 30 -0.03618 -4.28137e-01
 31  0.00456  1.82620e-01 | 32  0.01515 -4.03385e-01 | 33 -0.01205 -5.60897e-03
 34  0.00523  3.05555e-02 | 35  0.02771 -2.51264e-01 | 36  0.01707  2.27256e-01
 37  0.00272 -2.56388e-01 | 38  0.03284  5.27059e-01 | 39  0.02820  2.20066e-01
 40  0.02822  7.03131e-02 | 41  0.00320 -4.55501e-02 | 42 -0.01319  3.12656e-01
 43 -0.05306  7.50595e-01 | 44  0.02550 -5.79921e-01 | 45 -0.01204 -3.41065e-01
 46 -0.02744  6.82720e-01 | 47  0.02126  3.27593e-01 | 48  0.04934  9.05465e-02
 49 -0.02999  3.15845e-01 | 50  0.00101  2.80613e-01 | 51 -0.01891 -5.42397e-01
 52  0.01160 -1.46457e-01 | 53 -0.02103 -2.45214e-01 | 54 -0.01470 -2.36722e-01
 55  0.00809  4.19432e-02 | 56 -0.00062 -1.45607e-01 | 57  0.02664 -9.85074e-02
 58 -0.03138  7.36832e-02 | 59 -0.01761  2.68611e-01 | 60 -0.00642 -2.89429e-01
 61 -0.02872  4.43149e-01 | 62 -0.02554  3.02181e-01 | 63 -0.00614 -2.47239e-01
 64 -0.05030 -7.60139e-02 | 65 -0.05267 -1.07882e-01 | 66 -0.01308  2.36229e-01
 67  0.04378  1.32355e-02 | 68  0.02429  1.14381e-02 | 69 -0.03652 -5.94526e-02
 70  0.00641 -4.55582e-02 | 71  0.01112 -1.40784e-01 | 72  0.02578  1.33067e-01
 73  0.00193 -8.22156e-01 | 74  0.02679 -3.91949e-02 | 75  0.00498  7.77241e-01
 76 -0.03803 -6.98778e-01 | 77 -0.02612 -1.26627e-01 | 78  0.01559  6.33508e-01
 79  0.04585  6.14711e-02 | 80  0.02469 -1.69181e-02 | 81  0.01439 -2.49710e-02
 82  0.01079 -1.21141e-01 | 83  0.02198  5.32239e-01 | 84  0.01157  4.01109e-01
 85  0.04168  4.84832e-02 | 86 -0.00265 -1.27950e+00 | 87  0.00502 -3.96275e-01
 88  0.01256  3.35736e-02 | 89 -0.03295 -7.55926e-02 | 90 -0.01401 -9.41145e-01
 91 -0.01726  1.87705e-01 | 92 -0.00189  3.10368e-01 | 93 -0.01599 -5.40254e-02
 94  0.00059  1.36225e-01 | 95 -0.03019  1.23445e-01 | 96 -0.05980 -1.62527e-01
 97 -0.00422 -1.70966e-02 | 98 -0.01243 -1.41983e-01 | 99 -0.00668  1.77295e-01
100  0.02422 -2.23442e-01 |101  0.05309  1.77109e-03 |102 -0.00204 -9.36950e-02
103  0.00004  1.67442e-03 |104  0.00004  1.72855e-03 |105  0.87437  9.97896e-02
106 -0.40893 -1.37203e+00 |107  0.21777 -1.95277e-01 |108 -0.25168  6.25348e-01

Initial statistics: 110 variables; iteration 0; function evaluation 0; phase 5
Function value 2.2152362e+03; maximum gradient component mag 1.2038e+02
Var    Value     Gradient |Var    Value     Gradient |Var    Value     Gradient
  1 -0.42669 -4.82666e-01 |  2 -0.42182 -1.11103e+01 |  3 -0.41127 -3.23242e+00
  4 -0.41222  2.34791e+01 |  5 -0.41222  1.20378e+02 |  6  0.61987 -4.95652e-01
  7  0.00843 -2.40889e-01 |  8 -0.00037 -9.81221e-02 |  9 -0.00395  2.91938e-01
 10 -0.01002 -1.37254e-01 | 11  0.00490 -2.63612e-01 | 12 -0.00551  1.33380e-01
 13 -0.01746  2.45686e-01 | 14  0.02153  7.22227e-02 | 15 -0.02482 -7.22818e-02
 16 -0.00849 -1.05299e-01 | 17 -0.01960 -1.71317e-01 | 18  0.02478 -4.98959e-02
 19  0.08290  2.21012e-01 | 20 -0.02589 -7.85369e-01 | 21  0.00044  3.38655e-01
 22  0.01520  4.09203e-02 | 23  0.02431  3.87367e-02 | 24  0.06117  5.27616e-01
 25 -0.02922 -4.87803e-01 | 26 -0.01636 -5.11401e-01 | 27 -0.02675  5.29348e-01
 28 -0.04252  7.53881e-01 | 29  0.01517 -8.20282e-02 | 30  0.00147 -2.37075e-03
 31  0.00611  1.98407e-01 | 32 -0.03618 -4.26556e-01 | 33  0.00456  1.84204e-01
 34  0.01515 -4.01802e-01 | 35 -0.01205 -4.02506e-03 | 36  0.00523  3.21397e-02
 37  0.02771 -2.49681e-01 | 38  0.01707  2.28840e-01 | 39  0.00272 -2.54803e-01
 40  0.03284  5.28641e-01 | 41  0.02820  2.21648e-01 | 42  0.02822  7.18957e-02
 43  0.00320 -4.39659e-02 | 44 -0.01319  3.14240e-01 | 45 -0.05306  7.52173e-01
 46  0.02550 -5.78338e-01 | 47 -0.01204 -3.39481e-01 | 48 -0.02744  6.84303e-01
 49  0.02126  3.29176e-01 | 50  0.04934  9.21259e-02 | 51 -0.02999  3.17427e-01
 52  0.00101  2.82197e-01 | 53 -0.01891 -5.40813e-01 | 54  0.01160 -1.44873e-01
 55 -0.02103 -2.43630e-01 | 56 -0.01470 -2.35139e-01 | 57  0.00809  4.35273e-02
 58 -0.00062 -1.44023e-01 | 59  0.02664 -9.69246e-02 | 60 -0.03138  7.52655e-02
 61 -0.01761  2.70195e-01 | 62 -0.00642 -2.87845e-01 | 63 -0.02872  4.44732e-01
 64 -0.02554  3.03764e-01 | 65 -0.00614 -2.45655e-01 | 66 -0.05030 -7.44346e-02
 67 -0.05267 -1.06303e-01 | 68 -0.01308  2.37813e-01 | 69  0.04378  1.48159e-02
 70  0.02429  1.30212e-02 | 71 -0.03652 -5.78710e-02 | 72  0.00641 -4.39741e-02
 73  0.01112 -1.39200e-01 | 74  0.02578  1.34650e-01 | 75  0.00193 -8.20572e-01
 76  0.02679 -3.76121e-02 | 77  0.00498  7.78825e-01 | 78 -0.03803 -6.97197e-01
 79 -0.02612 -1.25044e-01 | 80  0.01559  6.35092e-01 | 81  0.04585  6.30512e-02
 82  0.02469 -1.53351e-02 | 83  0.01439 -2.33872e-02 | 84  0.01079 -1.19557e-01
 85  0.02198  5.33822e-01 | 86  0.01157  4.02693e-01 | 87  0.04168  5.00640e-02
 88 -0.00265 -1.27791e+00 | 89  0.00502 -3.94690e-01 | 90  0.01256  3.51575e-02
 91 -0.03295 -7.40105e-02 | 92 -0.01401 -9.39561e-01 | 93 -0.01726  1.89288e-01
 94 -0.00189  3.11952e-01 | 95 -0.01599 -5.24417e-02 | 96  0.00059  1.37809e-01
 97 -0.03019  1.25028e-01 | 98 -0.05980 -1.60950e-01 | 99 -0.00422 -1.55125e-02
100 -0.01243 -1.40399e-01 |101 -0.00668  1.78879e-01 |102  0.02422 -2.21859e-01
103  0.05309  3.34978e-03 |104 -0.00204 -9.21108e-02 |105  0.00004  3.25861e-03
106  0.00004  3.31275e-03 |107  0.87437  9.97896e-02 |108 -0.40893 -1.37203e+00
109  0.21777 -1.95277e-01 |110 -0.25168  6.25348e-01 |

Intermediate statistics: 110 variables; iteration 20; function evaluation 23; phase 5
Function value 2.2137442e+03; maximum gradient component mag -2.9977e+02
Var    Value     Gradient |Var    Value     Gradient |Var    Value     Gradient
  1 -0.40202 -7.97813e+01 |  2 -0.41660 -2.51890e+02 |  3 -0.42674 -2.99766e+02
  4 -0.41920 -4.62761e+00 |  5 -0.43527  8.27336e+01 |  6  0.61971 -1.17091e+02
  7  0.00808  1.65374e+00 |  8 -0.00044  2.73621e-01 |  9 -0.00411  6.07039e-01
 10 -0.01016  2.73579e-01 | 11  0.00473  3.97182e-01 | 12 -0.00573  3.05167e+00
 13 -0.01768  3.15211e+00 | 14  0.02132  4.04875e+00 | 15 -0.02500  3.11601e+00
 16 -0.00865  3.71922e+00 | 17 -0.01972  3.67157e+00 | 18  0.02480  6.40053e+00
 19  0.08363  1.99048e+01 | 20 -0.02577  4.04596e+00 | 21  0.00055  6.49723e+00
 22  0.01551  8.49909e+00 | 23  0.02482  1.13575e+01 | 24  0.06181  2.21224e+01
 25 -0.02908  4.92361e+00 | 26 -0.01611  4.96582e+00 | 27 -0.02687 -2.05944e-01
 28 -0.04253 -8.72548e-01 | 29  0.01526 -6.10174e+00 | 30  0.00158 -1.87501e-01
 31  0.00637  6.85804e+00 | 32 -0.03592  4.43028e+00 | 33  0.00471  2.44345e+00
 34  0.01549  2.75306e+00 | 35 -0.01198 -9.15729e-01 | 36  0.00521 -5.17294e+00
 37  0.02803  5.59942e-01 | 38  0.01730  5.58435e+00 | 39  0.00306  7.74788e+00
 40  0.03294  8.90685e+00 | 41  0.02853  1.61920e+01 | 42  0.02848  1.02842e+01
 43  0.00317 -1.12918e+00 | 44 -0.01334 -7.26817e-01 | 45 -0.05311  2.36478e+00
 46  0.02572  8.33912e-01 | 47 -0.01193 -2.44732e+00 | 48 -0.02767 -3.55019e+00
 49  0.02123 -3.53876e+00 | 50  0.04927 -2.80540e+00 | 51 -0.02988  5.36859e+00
 52  0.00106  5.78609e+00 | 53 -0.01857  6.17095e+00 | 54  0.01149 -1.40825e+00
 55 -0.02086  2.60794e+00 | 56 -0.01452  2.70657e+00 | 57  0.00777 -9.55478e+00
 58 -0.00077 -3.38143e+00 | 59  0.02550 -2.99706e+01 | 60 -0.03139  6.87573e-01
 61 -0.01801 -1.12395e+01 | 62 -0.00638 -3.47952e+00 | 63 -0.02865  1.19391e+00
 64 -0.02471  9.17611e+00 | 65 -0.00544  1.39545e+01 | 66 -0.05011  5.59418e-01
 67 -0.05311 -1.40973e+01 | 68 -0.01310 -7.86083e+00 | 69  0.04343 -2.72833e+01
 70  0.02392 -1.62398e+01 | 71 -0.03666 -4.76582e+00 | 72  0.00686  4.10020e+00
 73  0.01133 -2.14565e+00 | 74  0.02613  2.16719e+00 | 75  0.00158 -9.89567e+00
 76  0.02733  8.85888e+00 | 77  0.00514  5.43206e+00 | 78 -0.03783 -2.50304e+00
 79 -0.02639 -1.34028e+01 | 80  0.01588 -4.88143e+00 | 81  0.04458 -5.80736e+01
 82  0.02403 -2.17072e+01 | 83  0.01475  7.23721e-01 | 84  0.01097  3.97234e-01
 85  0.02192 -2.31831e+00 | 86  0.01152 -5.40895e+00 | 87  0.04094 -3.61955e+01
 88 -0.00330 -1.48971e+01 | 89  0.00493 -6.56349e+00 | 90  0.01184 -1.69051e+01
 91 -0.03301  4.87891e-01 | 92 -0.01410 -6.52913e+00 | 93 -0.01721 -2.09810e+00
 94 -0.00174  2.25184e+00 | 95 -0.01644 -4.56797e+00 | 96  0.00000 -7.71998e+00
 97 -0.03036 -1.15265e-01 | 98 -0.06015 -2.99400e+00 | 99 -0.00480 -1.05243e+01
100 -0.01220  7.74469e+00 |101 -0.00770 -7.96666e+00 |102  0.02318 -8.94934e+00
103  0.05369  4.81590e+00 |104 -0.00253  2.05715e+00 |105  0.00001  2.27561e+00
106  0.00001  2.27582e+00 |107  0.85906 -1.22138e+00 |108 -0.40960  6.13035e+00
109  0.22628  2.70202e+01 |110 -0.25003 -3.25622e+01 |
110 variables; iteration 40; function evaluation 43; phase 5
Function value 2.2129073e+03; maximum gradient component mag 6.7017e+01
Var    Value     Gradient |Var    Value     Gradient |Var    Value     Gradient
  1 -0.39576 -1.26122e+01 |  2 -0.41561  6.70169e+01 |  3 -0.42856 -4.08874e+01
  4 -0.41459  4.03978e+00 |  5 -0.44822  3.93648e+01 |  6  0.61955  2.43696e+00
  7  0.00744 -1.21452e+00 |  8 -0.00063 -3.65394e-01 |  9 -0.00425  2.61427e-02
 10 -0.00968  8.06699e-01 | 11  0.00576  1.88792e+00 | 12 -0.00554  4.59226e-01
 13 -0.01769  1.82022e-01 | 14  0.02008 -2.60424e+00 | 15 -0.02471  6.83520e-01
 16 -0.00950 -1.76954e+00 | 17 -0.02053 -1.71700e+00 | 18  0.02364 -2.60250e+00
 19  0.08231  2.70121e-01 | 20 -0.02632 -1.28125e+00 | 21 -0.00140 -6.58845e+00
 22  0.01573  4.78563e+00 | 23  0.02455  3.44893e+00 | 24  0.06146  8.37185e+00
 25 -0.02811  7.02383e+00 | 26 -0.01606  1.40447e+00 | 27 -0.02640 -9.01422e-02
 28 -0.04089  6.95808e+00 | 29  0.01575 -3.43550e+00 | 30  0.00207  1.93104e+00
 31  0.00638  3.36484e+00 | 32 -0.03556  4.28239e+00 | 33  0.00524  6.14116e+00
 34  0.01619  9.60038e+00 | 35 -0.01079  7.79134e+00 | 36  0.00562 -4.50583e+00
 37  0.02818 -2.31058e+00 | 38  0.01734  2.14614e+00 | 39  0.00337  9.11792e+00
 40  0.03362  2.09599e+01 | 41  0.02768  1.54057e+00 | 42  0.02818  4.17125e+00
 43  0.00419  8.32150e+00 | 44 -0.01238  5.83579e+00 | 45 -0.05286  1.73969e+00
 46  0.02605  5.65925e+00 | 47 -0.01218 -8.44761e+00 | 48 -0.02677  2.04237e+00
 49  0.02079 -1.18020e+01 | 50  0.04960  7.37342e+00 | 51 -0.03001  3.36016e+00
 52  0.00116  8.37766e+00 | 53 -0.01791  1.47371e+01 | 54  0.01200  1.12735e+01
 55 -0.02069  5.33679e+00 | 56 -0.01503 -2.98075e+00 | 57  0.00748 -1.18420e+01
 58 -0.00116 -6.32268e+00 | 59  0.02536 -2.47573e+01 | 60 -0.03206 -6.66238e+00
 61 -0.01812 -1.29690e+01 | 62 -0.00674 -1.28785e+01 | 63 -0.02851  3.01709e+00
 64 -0.02485  6.52200e+00 | 65 -0.00499  2.80244e+01 | 66 -0.04968  7.37078e+00
 67 -0.05303 -1.36076e+01 | 68 -0.01342 -8.92352e+00 | 69  0.04349 -4.42247e+00
 70  0.02409 -5.89263e+00 | 71 -0.03647 -2.05986e+00 | 72  0.00684  8.17005e+00
 73  0.01128 -5.11183e-01 | 74  0.02589 -1.24172e+00 | 75  0.00134 -1.18662e+01
 76  0.02709  3.99396e+00 | 77  0.00529  7.97460e+00 | 78 -0.03741  3.20202e+00
 79 -0.02589 -4.63325e+00 | 80  0.01537 -1.09205e+01 | 81  0.04521 -1.76015e+01
 82  0.02500  1.92433e+01 | 83  0.01481  5.33145e+00 | 84  0.01072 -3.57738e+00
 85  0.02104 -2.88424e+01 | 86  0.01091 -1.89457e+01 | 87  0.04139 -8.43295e+00
 88 -0.00329 -1.27751e+01 | 89  0.00486 -6.32363e+00 | 90  0.01225 -1.21888e+00
 91 -0.03314 -2.15211e+00 | 92 -0.01389 -1.05817e+00 | 93 -0.01687  3.76201e+00
 94 -0.00163  4.00127e+00 | 95 -0.01588  7.66748e+00 | 96  0.00058  1.02306e+01
 97 -0.02988  4.47362e+00 | 98 -0.05983 -1.01045e+00 | 99 -0.00397  4.95112e+00
100 -0.01323 -8.29470e+00 |101 -0.00745 -3.79568e+00 |102  0.02236 -1.36038e+01
103  0.05237 -3.74651e+00 |104 -0.00369 -2.42902e+00 |105  0.00002 -1.57559e-01
106  0.00002 -1.55248e-01 |107  0.85595 -4.11843e+00 |108 -0.40991  3.37488e+01
109  0.22383  8.42416e+00 |110 -0.25116 -9.02098e+00 |
110 variables; iteration 60; function evaluation 69; phase 5
Function value 2.2126325e+03; maximum gradient component mag 5.1949e+01
Var    Value     Gradient |Var    Value     Gradient |Var    Value     Gradient
  1 -0.39458  1.09015e+00 |  2 -0.41529  5.19485e+01 |  3 -0.42895  1.19893e+01
  4 -0.41374  1.59893e+00 |  5 -0.45420  6.87897e+00 |  6  0.61973  1.64704e+01
  7  0.00838  1.16351e+00 |  8 -0.00007  6.75626e-01 |  9 -0.00382  8.45403e-01
 10 -0.01151 -2.42749e+00 | 11  0.00496  4.04648e-01 | 12 -0.00537  5.14839e-01
 13 -0.01747  3.46919e-01 | 14  0.02206  2.17793e+00 | 15 -0.02448  9.24647e-01
 16 -0.00824  1.18861e+00 | 17 -0.01928  1.24329e+00 | 18  0.02348 -3.18969e+00
 19  0.08236  1.58001e+00 | 20 -0.02594 -1.34458e-01 | 21  0.00010  2.59592e-01
 22  0.01500  6.40992e-01 | 23  0.02454  3.78502e+00 | 24  0.06082 -1.15668e+00
 25 -0.02945 -1.13489e+00 | 26 -0.01587  2.61101e+00 | 27 -0.02611  1.48596e+00
 28 -0.04161  1.33093e+00 | 29  0.01577 -4.32183e+00 | 30  0.00194 -3.51886e-01
 31  0.00611 -4.56137e-01 | 32 -0.03577  2.31997e+00 | 33  0.00491  1.11542e+00
 34  0.01591  4.66065e+00 | 35 -0.01150  2.31051e-01 | 36  0.00628  3.33579e+00
 37  0.02826 -1.07384e+00 | 38  0.01718 -2.82268e-01 | 39  0.00267  6.79046e-01
 40  0.03256  1.89477e+00 | 41  0.02746 -9.91114e-01 | 42  0.02799  1.63975e+00
 43  0.00358 -3.84377e-01 | 44 -0.01274  1.03639e+00 | 45 -0.05295  1.04994e+00
 46  0.02575  9.57831e-01 | 47 -0.01167 -2.33660e+00 | 48 -0.02681  1.96918e+00
 49  0.02139  3.41643e-01 | 50  0.04929  1.20246e+00 | 51 -0.03054 -1.13771e+00
 52  0.00072  2.50780e+00 | 53 -0.01890  3.54901e+00 | 54  0.01149  2.89954e+00
 55 -0.02112  9.68787e-01 | 56 -0.01492  1.45999e-01 | 57  0.00769 -5.05618e+00
 58 -0.00100 -3.99123e-01 | 59  0.02572 -8.14384e+00 | 60 -0.03174  2.90575e-01
 61 -0.01751  1.09626e+00 | 62 -0.00636 -4.59442e-01 | 63 -0.02858  3.09729e+00
 64 -0.02492  3.87825e+00 | 65 -0.00582  5.75955e-01 | 66 -0.05021 -8.06186e-01
 67 -0.05215 -2.70676e-01 | 68 -0.01349 -5.41243e+00 | 69  0.04336  3.95121e-01
 70  0.02409 -4.22412e-01 | 71 -0.03642 -4.09481e-01 | 72  0.00649  1.33462e+00
 73  0.01116 -1.07302e+00 | 74  0.02579  4.83569e-01 | 75  0.00156 -2.43505e+00
 76  0.02689  9.04208e-01 | 77  0.00492 -4.29165e-02 | 78 -0.03771 -4.50578e-01
 79 -0.02586 -2.51538e+00 | 80  0.01536 -4.32272e+00 | 81  0.04537 -1.06700e+00
 82  0.02431  1.39864e+00 | 83  0.01440 -4.15299e+00 | 84  0.01062 -1.59454e+00
 85  0.02177 -4.11703e-01 | 86  0.01111 -7.44030e+00 | 87  0.04136 -4.78626e-01
 88 -0.00298 -1.43538e+00 | 89  0.00504  2.72587e+00 | 90  0.01206 -1.75987e+00
 91 -0.03307  1.12216e+00 | 92 -0.01396 -1.45170e-01 | 93 -0.01715 -8.60269e-01
 94 -0.00171  3.58711e+00 | 95 -0.01625  1.06226e+00 | 96  0.00014 -2.27922e-01
 97 -0.02998  2.23043e+00 | 98 -0.05992 -1.90004e+00 | 99 -0.00421  7.11726e-01
100 -0.01274 -1.23830e+00 |101 -0.00742 -2.38011e+00 |102  0.02349 -2.31565e+00
103  0.05265 -1.76814e+00 |104 -0.00141  8.14852e-01 |105  0.00026 -9.38489e-02
106  0.00026 -1.05327e-01 |107  0.85685 -6.08548e-01 |108 -0.40986  8.61093e+00
109  0.22261  9.19844e-01 |110 -0.25159  1.74147e-02 |
110 variables; iteration 80; function evaluation 96; phase 5
Function value 2.2126125e+03; maximum gradient component mag 1.6723e+01
Var    Value     Gradient |Var    Value     Gradient |Var    Value     Gradient
  1 -0.39424  4.30530e-01 |  2 -0.41520  1.67225e+01 |  3 -0.42918  4.31953e+00
  4 -0.41366  3.14537e-01 |  5 -0.45497  1.96092e+00 |  6  0.61951  4.96486e+00
  7  0.00816  2.25618e-01 |  8 -0.00062 -2.97486e-01 |  9 -0.00446 -3.11442e-01
 10 -0.00978  5.88135e-01 | 11  0.00456 -4.72493e-01 | 12 -0.00600 -5.07184e-01
 13 -0.01795 -4.05984e-01 | 14  0.02131  3.61183e-01 | 15 -0.02547 -1.02658e+00
 16 -0.00864  2.81880e-01 | 17 -0.01976  1.52123e-01 | 18  0.02406 -1.05537e+00
 19  0.08230  1.34391e-01 | 20 -0.02578  4.04669e-01 | 21  0.00018  4.70579e-01
 22  0.01494 -1.04799e-01 | 23  0.02414  1.07156e-02 | 24  0.06098  6.35779e-02
 25 -0.02911  7.68279e-01 | 26 -0.01603  8.83224e-01 | 27 -0.02650 -1.92696e+00
 28 -0.04172  4.52078e-01 | 29  0.01605 -7.52858e-01 | 30  0.00201  2.55974e-01
 31  0.00614 -4.45083e-01 | 32 -0.03604 -2.42091e-01 | 33  0.00487 -2.00708e-01
 34  0.01571  4.53055e-01 | 35 -0.01140  6.61366e-01 | 36  0.00611  3.11243e-01
 37  0.02832 -1.35099e+00 | 38  0.01726 -8.30013e-02 | 39  0.00263 -5.13058e-01
 40  0.03259  1.01850e+00 | 41  0.02752 -1.11510e+00 | 42  0.02796 -1.77727e-01
 43  0.00375  6.89214e-01 | 44 -0.01279 -1.84018e-01 | 45 -0.05289  1.24141e+00
 46  0.02580  6.28902e-01 | 47 -0.01150 -1.23431e+00 | 48 -0.02690  6.27289e-01
 49  0.02148  4.43716e-01 | 50  0.04932 -2.89868e-01 | 51 -0.03035  1.12291e-01
 52  0.00073  1.43549e+00 | 53 -0.01910  3.30980e-01 | 54  0.01147  7.02486e-01
 55 -0.02113  1.53759e-02 | 56 -0.01486 -7.41289e-02 | 57  0.00796 -1.17892e+00
 58 -0.00091  2.99819e-01 | 59  0.02607  3.72156e-02 | 60 -0.03169  2.88172e-01
 61 -0.01748  2.48628e-01 | 62 -0.00631 -1.54098e+00 | 63 -0.02859  1.11608e+00
 64 -0.02497  8.44151e-01 | 65 -0.00574  4.69048e-01 | 66 -0.05013 -2.38944e-01
 67 -0.05207  2.84535e-01 | 68 -0.01330 -1.87838e+00 | 69  0.04342  3.30273e-01
 70  0.02416 -8.51526e-02 | 71 -0.03635 -1.17030e-01 | 72  0.00655  1.26399e+00
 73  0.01123 -7.69960e-01 | 74  0.02583  1.85364e-01 | 75  0.00172  1.46577e-01
 76  0.02692 -1.22653e-02 | 77  0.00503  1.36433e+00 | 78 -0.03764  4.78833e-02
 79 -0.02573 -1.07797e+00 | 80  0.01551 -1.15059e+00 | 81  0.04544  1.82005e-03
 82  0.02431  3.17951e-02 | 83  0.01460 -1.21940e-01 | 84  0.01078  1.47584e+00
 85  0.02179 -1.02593e+00 | 86  0.01135 -2.18903e+00 | 87  0.04142  1.86835e-01
 88 -0.00290 -5.49746e-01 | 89  0.00501  2.47315e-01 | 90  0.01217 -9.40697e-02
 91 -0.03306  3.73736e-01 | 92 -0.01393 -1.09512e+00 | 93 -0.01705 -2.07633e-01
 94 -0.00170  2.00479e+00 | 95 -0.01619  9.46473e-01 | 96  0.00023  5.56263e-01
 97 -0.02999  8.25945e-01 | 98 -0.05968  3.99284e-02 | 99 -0.00415  3.75073e-01
100 -0.01258  1.12472e-02 |101 -0.00723 -1.13619e+00 |102  0.02377 -2.18466e-01
103  0.05295 -1.30805e-01 |104 -0.00206  5.58224e-02 |105 -0.00019 -4.88913e-01
106 -0.00018 -4.79023e-01 |107  0.85687 -4.01621e-01 |108 -0.40988  3.82172e+00
109  0.22243 -1.68140e-01 |110 -0.25167  4.22238e-01 |
110 variables; iteration 100; function evaluation 122; phase 5
Function value 2.2126106e+03; maximum gradient component mag 5.7313e+00
Var    Value     Gradient |Var    Value     Gradient |Var    Value     Gradient
  1 -0.39408  1.48965e-01 |  2 -0.41518  5.73125e+00 |  3 -0.42926  1.56545e+00
  4 -0.41357  1.19789e-01 |  5 -0.45520  6.23832e-01 |  6  0.61953  1.84014e+00
  7  0.00797 -1.82230e-01 |  8 -0.00035  9.94103e-02 |  9 -0.00436 -1.65277e-01
 10 -0.00990  3.67629e-01 | 11  0.00459 -4.25905e-01 | 12 -0.00569  1.81535e-01
 13 -0.01772  1.31938e-01 | 14  0.02117  9.79896e-02 | 15 -0.02517 -2.83604e-01
 16 -0.00841  9.40271e-01 | 17 -0.02016 -7.57170e-01 | 18  0.02422 -3.65696e-01
 19  0.08231  2.37700e-01 | 20 -0.02590  1.18228e-01 | 21  0.00008  1.00273e-01
 22  0.01494 -3.13038e-02 | 23  0.02403 -8.43990e-01 | 24  0.06097  1.82641e-02
 25 -0.02922  1.71515e-01 | 26 -0.01604  9.48636e-01 | 27 -0.02629 -1.61088e-01
 28 -0.04176  2.82394e-01 | 29  0.01607 -3.58904e-01 | 30  0.00200  3.79060e-01
 31  0.00620  5.79392e-01 | 32 -0.03601  1.58659e-01 | 33  0.00489  1.38173e-01
 34  0.01571  4.26930e-01 | 35 -0.01144  3.22982e-01 | 36  0.00608 -8.76295e-02
 37  0.02835 -9.07584e-01 | 38  0.01726  1.96564e-02 | 39  0.00268  1.80816e-01
 40  0.03253  1.22440e-01 | 41  0.02758  1.57284e-02 | 42  0.02795 -1.90697e-01
 43  0.00372  4.23188e-01 | 44 -0.01283 -5.90715e-01 | 45 -0.05307  1.31901e-01
 46  0.02578  1.14197e-01 | 47 -0.01143 -3.69157e-01 | 48 -0.02695  2.20042e-01
 49  0.02145 -3.97271e-02 | 50  0.04932 -1.57014e-01 | 51 -0.03029  7.62684e-01
 52  0.00063 -1.96687e-02 | 53 -0.01911  2.80244e-01 | 54  0.01144  1.26907e-01
 55 -0.02119 -7.79749e-01 | 56 -0.01488 -3.07835e-01 | 57  0.00801 -2.95433e-01
 58 -0.00094 -1.44301e-01 | 59  0.02607 -4.37296e-03 | 60 -0.03170  2.37794e-01
 61 -0.01748  3.53629e-01 | 62 -0.00627 -5.58372e-01 | 63 -0.02864  1.24003e-01
 64 -0.02499  2.58778e-01 | 65 -0.00576  1.13149e-01 | 66 -0.05013 -2.42203e-01
 67 -0.05210 -9.58690e-02 | 68 -0.01325 -6.57134e-01 | 69  0.04341  7.19601e-02
 70  0.02415 -6.76256e-02 | 71 -0.03632  4.14762e-01 | 72  0.00651  3.30053e-01
 73  0.01125 -2.82989e-01 | 74  0.02582  2.44065e-02 | 75  0.00170 -4.83821e-03
 76  0.02691 -4.65682e-02 | 77  0.00498  3.75362e-01 | 78 -0.03764  1.12203e-01
 79 -0.02569 -3.32971e-01 | 80  0.01553 -4.26086e-01 | 81  0.04543 -3.02262e-02
 82  0.02430 -3.32908e-02 | 83  0.01460 -8.67195e-02 | 84  0.01073  4.13217e-01
 85  0.02181 -3.72262e-01 | 86  0.01139 -7.54456e-01 | 87  0.04141  2.49770e-02
 88 -0.00289 -2.40728e-01 | 89  0.00499  2.52138e-02 | 90  0.01216 -6.11797e-02
 91 -0.03310 -1.59076e-01 | 92 -0.01392 -3.86127e-01 | 93 -0.01705 -1.14086e-01
 94 -0.00176  6.09886e-01 | 95 -0.01624  2.34688e-01 | 96  0.00020  1.40521e-01
 97 -0.03002  5.30768e-01 | 98 -0.05976 -7.06517e-01 | 99 -0.00418  1.60988e-01
100 -0.01257  5.00740e-01 |101 -0.00717 -1.85882e-01 |102  0.02377 -2.34852e-02
103  0.05294 -1.01043e-01 |104 -0.00216 -1.23411e-02 |105  0.00001 -8.63791e-02
106  0.00001 -8.65833e-02 |107  0.85688 -1.17520e-01 |108 -0.40989  1.31786e+00
109  0.22247 -4.74083e-02 |110 -0.25166  8.19162e-02 |
110 variables; iteration 120; function evaluation 155; phase 5
Function value 2.2126097e+03; maximum gradient component mag -2.6429e-04
Var    Value     Gradient |Var    Value     Gradient |Var    Value     Gradient
  1 -0.39397 -1.13151e-04 |  2 -0.41517 -4.31246e-05 |  3 -0.42931 -8.04247e-05
  4 -0.41354 -5.07753e-06 |  5 -0.45531 -4.44332e-05 |  6  0.61951  1.56334e-04
  7  0.00805 -6.20227e-06 |  8 -0.00042 -1.36271e-06 |  9 -0.00427  3.07249e-07
 10 -0.01010 -6.33117e-06 | 11  0.00481  1.15129e-06 | 12 -0.00581 -1.46456e-06
 13 -0.01781  2.44374e-08 | 14  0.02112  2.52890e-06 | 15 -0.02506  8.48426e-07
 16 -0.00881 -3.74732e-06 | 17 -0.01987  4.20958e-06 | 18  0.02430  3.43265e-07
 19  0.08228  2.14841e-06 | 20 -0.02595  1.54226e-07 | 21  0.00005 -5.14357e-06
 22  0.01494 -1.81932e-06 | 23  0.02413  6.89336e-06 | 24  0.06098  2.19199e-06
 25 -0.02926 -5.19479e-06 | 26 -0.01616 -6.91913e-06 | 27 -0.02627 -1.76904e-06
 28 -0.04180 -5.95768e-06 | 29  0.01610  1.42467e-05 | 30  0.00198 -2.46102e-07
 31  0.00616 -9.41184e-06 | 32 -0.03603  2.31811e-06 | 33  0.00488  7.70322e-07
 34  0.01569 -1.27743e-05 | 35 -0.01146  7.12251e-07 | 36  0.00609 -5.94266e-06
 37  0.02841 -3.11373e-06 | 38  0.01726 -4.27650e-06 | 39  0.00267 -1.05492e-05
 40  0.03253  1.49501e-05 | 41  0.02758  3.27454e-06 | 42  0.02797  4.61598e-06
 43  0.00369  3.50137e-06 | 44 -0.01277  8.68110e-07 | 45 -0.05309 -1.59030e-06
 46  0.02578 -1.87804e-06 | 47 -0.01140  8.15632e-06 | 48 -0.02697  7.62138e-06
 49  0.02146  2.87720e-06 | 50  0.04934  1.84436e-05 | 51 -0.03037 -3.92820e-06
 52  0.00064  1.37821e-05 | 53 -0.01912  6.60375e-06 | 54  0.01144  2.56707e-06
 55 -0.02112  7.71851e-06 | 56 -0.01486  1.57306e-06 | 57  0.00803  5.35763e-06
 58 -0.00092  2.26758e-05 | 59  0.02608  7.69703e-06 | 60 -0.03171 -1.79254e-06
 61 -0.01749 -9.54887e-07 | 62 -0.00624  1.26191e-05 | 63 -0.02864 -1.77232e-06
 64 -0.02499 -6.70058e-06 | 65 -0.00575  4.60556e-07 | 66 -0.05011  4.27388e-06
 67 -0.05209 -1.11915e-05 | 68 -0.01322  6.76053e-06 | 69  0.04341 -7.88925e-06
 70  0.02416  1.44130e-05 | 71 -0.03634  7.32992e-06 | 72  0.00650 -6.68841e-06
 73  0.01126  4.53531e-06 | 74  0.02583  1.15509e-06 | 75  0.00171 -3.31553e-06
 76  0.02692 -3.60495e-06 | 77  0.00498 -5.56601e-06 | 78 -0.03765 -2.34938e-06
 79 -0.02567  3.80741e-06 | 80  0.01555  2.00842e-06 | 81  0.04544  7.33145e-06
 82  0.02431  7.52948e-06 | 83  0.01461 -6.64560e-06 | 84  0.01072  1.12409e-06
 85  0.02182  3.30339e-07 | 86  0.01142  1.22628e-05 | 87  0.04141 -2.70138e-07
 88 -0.00288  4.94725e-06 | 89  0.00499 -4.78636e-06 | 90  0.01216  3.77214e-06
 91 -0.03309 -5.21634e-06 | 92 -0.01390  4.64924e-06 | 93 -0.01704  7.68908e-08
 94 -0.00177 -8.48224e-06 | 95 -0.01624 -9.97442e-06 | 96  0.00020 -5.27174e-06
 97 -0.03005 -1.22031e-05 | 98 -0.05970 -5.51546e-07 | 99 -0.00418 -1.29534e-05
100 -0.01260 -7.28301e-06 |101 -0.00716 -1.39548e-05 |102  0.02376 -1.31973e-05
103  0.05295 -1.57027e-05 |104 -0.00218 -2.05470e-06 |105  0.00003 -3.58057e-06
106  0.00003 -5.75889e-06 |107  0.85686  3.89539e-05 |108 -0.40990 -2.64292e-04
109  0.22249  5.87949e-05 |110 -0.25166 -1.31330e-04 |

 - final statistics:
110 variables; iteration 121; function evaluation 156
Function value 2.2126e+03; maximum gradient component mag 2.0147e-06
Exit code = 1;  converg criter 1.0000e-04
Var    Value     Gradient |Var    Value     Gradient |Var    Value     Gradient
  1 -0.39397  1.31403e-07 |  2 -0.41517  2.71146e-07 |  3 -0.42931  4.50481e-07
  4 -0.41354 -3.17259e-09 |  5 -0.45531  4.54190e-09 |  6  0.61951 -5.95992e-07
  7  0.00805 -6.03960e-09 |  8 -0.00042 -3.83564e-10 |  9 -0.00427  7.49681e-10
 10 -0.01010 -8.23841e-09 | 11  0.00481  3.85058e-09 | 12 -0.00581  1.63865e-08
 13 -0.01781  1.95662e-08 | 14  0.02112  9.72339e-09 | 15 -0.02506  1.99812e-08
 16 -0.00881  8.76382e-09 | 17 -0.01987  1.23382e-08 | 18  0.02430  2.35316e-08
 19  0.08228 -1.41327e-09 | 20 -0.02595  6.82734e-09 | 21  0.00005  1.17079e-08
 22  0.01494 -2.44290e-10 | 23  0.02413 -5.87390e-09 | 24  0.06098 -2.49632e-08
 25 -0.02926 -1.58323e-09 | 26 -0.01616 -1.43722e-08 | 27 -0.02627  1.38645e-08
 28 -0.04180  7.56747e-09 | 29  0.01610 -3.38754e-09 | 30  0.00198 -4.74925e-09
 31  0.00616 -1.15273e-08 | 32 -0.03603  4.11917e-09 | 33  0.00488 -1.03215e-08
 34  0.01569 -1.86906e-08 | 35 -0.01146 -4.99241e-09 | 36  0.00609 -9.22943e-09
 37  0.02841 -8.29222e-09 | 38  0.01726 -1.05521e-08 | 39  0.00267 -3.08746e-09
 40  0.03253 -1.36070e-08 | 41  0.02758 -1.22052e-08 | 42  0.02797 -1.28908e-08
 43  0.00369 -1.22220e-08 | 44 -0.01277 -6.42990e-09 | 45 -0.05309  4.33708e-09
 46  0.02578 -1.80501e-08 | 47 -0.01140  4.36756e-09 | 48 -0.02697 -3.12927e-09
 49  0.02146 -1.20603e-08 | 50  0.04934 -3.21169e-08 | 51 -0.03037  2.72348e-09
 52  0.00064 -9.20097e-09 | 53 -0.01912 -4.85843e-09 | 54  0.01144 -1.94751e-08
 55 -0.02112 -1.60117e-09 | 56 -0.01486 -2.71931e-09 | 57  0.00803 -3.95589e-09
 58 -0.00092 -5.46947e-09 | 59  0.02608 -2.20448e-08 | 60 -0.03171 -4.74934e-09
 61 -0.01749 -1.46382e-08 | 62 -0.00624 -5.75086e-09 | 63 -0.02864 -1.21941e-08
 64 -0.02499 -2.14447e-08 | 65 -0.00575 -2.91287e-08 | 66 -0.05011  6.58452e-09
 67 -0.05209 -1.07299e-09 | 68 -0.01322  1.42783e-08 | 69  0.04341 -2.21062e-08
 70  0.02416 -1.55997e-08 | 71 -0.03634  5.41017e-11 | 72  0.00650 -2.30002e-08
 73  0.01126 -4.01562e-09 | 74  0.02583 -1.58845e-08 | 75  0.00171  4.76645e-10
 76  0.02692 -1.65222e-08 | 77  0.00498 -1.84330e-08 | 78 -0.03765  5.63850e-09
 79 -0.02567  8.09119e-09 | 80  0.01555  9.38892e-09 | 81  0.04544  8.95089e-09
 82  0.02431  2.40928e-09 | 83  0.01461 -5.69251e-09 | 84  0.01072 -2.89101e-09
 85  0.02182  2.78799e-09 | 86  0.01142  2.20865e-08 | 87  0.04141  1.07137e-08
 88 -0.00288  1.76477e-08 | 89  0.00499  9.71975e-10 | 90  0.01216  6.79228e-09
 91 -0.03309  1.43318e-08 | 92 -0.01390  1.63565e-08 | 93 -0.01704  7.11175e-09
 94 -0.00177 -1.24564e-08 | 95 -0.01624  7.33097e-09 | 96  0.00020  1.54652e-08
 97 -0.03005  7.30716e-09 | 98 -0.05970  2.23364e-08 | 99 -0.00418  2.43419e-08
100 -0.01260  3.43841e-08 |101 -0.00716  3.38563e-08 |102  0.02376  3.92706e-08
103  0.05295  2.25556e-08 |104 -0.00218  1.09201e-08 |105  0.00003  1.63630e-08
106  0.00003  1.58139e-08 |107  0.85686 -1.94472e-07 |108 -0.40990  2.01474e-06
109  0.22249 -1.09667e-08 |110 -0.25166  8.98969e-08 |

 - final statistics:
122 variables; iteration 0; function evaluation 0
Function value 2.2126e+03; maximum gradient component mag 2.0148e-06
Exit code = 0;  converg criter 1.0000e-04
Var    Value     Gradient |Var    Value     Gradient |Var    Value     Gradient
  1 -0.39397  1.31427e-07 |  2 -0.41517  2.71415e-07 |  3 -0.42931  4.50590e-07
  4 -0.41354 -3.16600e-09 |  5 -0.45531  4.55524e-09 |  6  0.61951 -5.95927e-07
  7  0.00805 -6.03938e-09 |  8 -0.00042 -3.83518e-10 |  9 -0.00427  7.49730e-10
 10 -0.01010 -8.23836e-09 | 11  0.00481  3.85067e-09 | 12 -0.00581  1.61851e-08
 13 -0.01781  1.93648e-08 | 14  0.02112  9.52211e-09 | 15 -0.02506  1.97799e-08
 16 -0.00881  8.56242e-09 | 17 -0.01987  1.21369e-08 | 18  0.02430  2.33305e-08
 19  0.08228 -1.61228e-09 | 20 -0.02595  6.62606e-09 | 21  0.00005  1.15066e-08
 22  0.01494 -4.45487e-10 | 23  0.02413 -6.07540e-09 | 24  0.06098 -2.51640e-08
 25 -0.02926 -1.78460e-09 | 26 -0.01616 -1.45737e-08 | 27 -0.02627  1.36633e-08
 28 -0.04180  7.36666e-09 | 29  0.01610 -3.58791e-09 | 30  0.00198 -4.94991e-09
 31  0.00616 -1.17285e-08 | 32 -0.03603  3.91808e-09 | 33  0.00488 -1.05225e-08
 34  0.01569 -1.88908e-08 | 35 -0.01146 -5.19300e-09 | 36  0.00609 -9.42977e-09
 37  0.02841 -8.49236e-09 | 38  0.01726 -1.07526e-08 | 39  0.00267 -3.28823e-09
 40  0.03253 -1.38089e-08 | 41  0.02758 -1.24050e-08 | 42  0.02797 -1.30884e-08
 43  0.00369 -1.24222e-08 | 44 -0.01277 -6.63069e-09 | 45 -0.05309  4.13687e-09
 46  0.02578 -1.82480e-08 | 47 -0.01140  4.16765e-09 | 48 -0.02697 -3.32919e-09
 49  0.02146 -1.22587e-08 | 50  0.04934 -3.23157e-08 | 51 -0.03037  2.52330e-09
 52  0.00064 -9.39985e-09 | 53 -0.01912 -5.05774e-09 | 54  0.01144 -1.96708e-08
 55 -0.02112 -1.80025e-09 | 56 -0.01486 -2.91787e-09 | 57  0.00803 -4.15290e-09
 58 -0.00092 -5.66731e-09 | 59  0.02608 -2.22369e-08 | 60 -0.03171 -4.94847e-09
 61 -0.01749 -1.48366e-08 | 62 -0.00624 -5.94930e-09 | 63 -0.02864 -1.23937e-08
 64 -0.02499 -2.16432e-08 | 65 -0.00575 -2.93270e-08 | 66 -0.05011  6.38280e-09
 67 -0.05209 -1.27230e-09 | 68 -0.01322  1.40806e-08 | 69  0.04341 -2.23003e-08
 70  0.02416 -1.57974e-08 | 71 -0.03634 -1.45093e-10 | 72  0.00650 -2.31978e-08
 73  0.01126 -4.21368e-09 | 74  0.02583 -1.60814e-08 | 75  0.00171  2.77344e-10
 76  0.02692 -1.67211e-08 | 77  0.00498 -1.86331e-08 | 78 -0.03765  5.43857e-09
 79 -0.02567  7.89168e-09 | 80  0.01555  9.19210e-09 | 81  0.04544  8.75766e-09
 82  0.02431  2.21259e-09 | 83  0.01461 -5.88971e-09 | 84  0.01072 -3.08798e-09
 85  0.02182  2.59084e-09 | 86  0.01142  2.18894e-08 | 87  0.04141  1.05183e-08
 88 -0.00288  1.74487e-08 | 89  0.00499  7.73507e-10 | 90  0.01216  6.59269e-09
 91 -0.03309  1.41312e-08 | 92 -0.01390  1.61564e-08 | 93 -0.01704  6.91119e-09
 94 -0.00177 -1.26568e-08 | 95 -0.01624  7.12998e-09 | 96  0.00020  1.52661e-08
 97 -0.03005  7.10569e-09 | 98 -0.05970  2.21345e-08 | 99 -0.00418  2.41419e-08
100 -0.01260  3.41831e-08 |101 -0.00716  3.36561e-08 |102  0.02376  3.90701e-08
103  0.05295  2.23555e-08 |104 -0.00218  1.07186e-08 |105  0.00003  1.61615e-08
106  0.00003  1.56125e-08 |107  0.00000  0.00000e+00 |108  0.00000  0.00000e+00
109  0.00000  0.00000e+00 |110  0.00000  0.00000e+00 |111  0.00000  0.00000e+00
112  0.00000  0.00000e+00 |113  0.00000  0.00000e+00 |114  0.00000  0.00000e+00
115  0.00000  0.00000e+00 |116  0.00000  0.00000e+00 |117  0.00000  0.00000e+00
118  0.00000  0.00000e+00 |119  0.85686 -1.94480e-07 |120 -0.40990  2.01482e-06
121  0.22249 -1.09731e-08 |122 -0.25166  8.99194e-08 |
size of file gradfil1.tmp = 0
size of file gradfil2.tmp = 0
size of file varssave.tmp = 0
size of file cmpdiff.tmp = 0
