
Initial statistics: 1 variables; iteration 0; function evaluation 0; phase 1
Function value 2.6829688e+03; maximum gradient component mag -6.4520e+03
Var    Value     Gradient |Var    Value     Gradient |Var    Value     Gradient
  1  0.63197 -6.45198e+03 |

 - final statistics:
1 variables; iteration 4; function evaluation 7
Function value 2.6508e+03; maximum gradient component mag -4.1829e+00
Exit code = 1;  converg criter 1.0000e+01
Var    Value     Gradient |Var    Value     Gradient |Var    Value     Gradient
  1  0.64285 -4.18286e+00 |

Initial statistics: 98 variables; iteration 0; function evaluation 0; phase 2
Function value 2.6507970e+03; maximum gradient component mag -1.6579e+03
Var    Value     Gradient |Var    Value     Gradient |Var    Value     Gradient
  1  0.64285 -4.18286e+00 |  2  0.00000 -1.97915e+01 |  3  0.00000  2.43550e+01
  4  0.00000 -1.06224e+01 |  5  0.00000  3.23205e+01 |  6  0.00000  3.44014e+01
  7  0.00000  8.43756e+01 |  8  0.00000  1.31619e+01 |  9  0.00000 -5.24992e+01
 10  0.00000 -1.39449e+02 | 11  0.00000  1.94014e+02 | 12  0.00000 -6.62033e+01
 13  0.00000 -1.37664e+02 | 14  0.00000  9.15912e+01 | 15  0.00000 -1.63503e+01
 16  0.00000 -1.05814e+02 | 17  0.00000 -9.97775e+01 | 18  0.00000  4.51013e+02
 19  0.00000  5.80682e+02 | 20  0.00000  5.53098e+01 | 21  0.00000  1.31232e+02
 22  0.00000  2.82481e+01 | 23  0.00000 -7.21161e+02 | 24  0.00000 -6.01691e+01
 25  0.00000 -6.73515e+00 | 26  0.00000 -5.67177e+01 | 27  0.00000  2.36582e+02
 28  0.00000  3.71134e+02 | 29  0.00000 -4.78562e+02 | 30  0.00000  1.83463e+02
 31  0.00000 -1.20620e+02 | 32  0.00000  1.02309e+02 | 33  0.00000  4.14785e+02
 34  0.00000 -3.08661e+01 | 35  0.00000 -1.41415e+02 | 36  0.00000  3.23728e+00
 37  0.00000  3.28907e+01 | 38  0.00000  3.07276e+02 | 39  0.00000  2.75555e+02
 40  0.00000  2.01999e+02 | 41  0.00000 -4.61518e+01 | 42  0.00000 -2.55019e+02
 43  0.00000 -1.06769e+02 | 44  0.00000 -6.58759e+00 | 45  0.00000 -1.41867e+03
 46  0.00000  2.49375e+02 | 47  0.00000  1.16918e+02 | 48  0.00000 -5.28188e+02
 49  0.00000  4.46490e+02 | 50  0.00000  4.11627e+02 | 51  0.00000 -8.28093e+02
 52  0.00000  7.00097e+02 | 53  0.00000 -2.88716e+02 | 54  0.00000  5.55715e+02
 55  0.00000  1.49625e+03 | 56  0.00000  1.13390e+03 | 57  0.00000 -9.75867e+02
 58  0.00000  1.09306e+02 | 59  0.00000  6.14714e+02 | 60  0.00000 -7.01576e+02
 61  0.00000 -5.12371e+02 | 62  0.00000  3.32291e+02 | 63  0.00000  1.87792e+02
 64  0.00000  4.07193e+02 | 65  0.00000 -5.05943e+02 | 66  0.00000 -1.36954e+03
 67  0.00000  4.73407e+02 | 68  0.00000  6.94338e+02 | 69  0.00000  2.54918e+02
 70  0.00000 -1.21318e+02 | 71  0.00000  1.80360e+02 | 72  0.00000  6.49419e+02
 73  0.00000  1.94307e+02 | 74  0.00000 -4.93333e+02 | 75  0.00000  3.21998e+02
 76  0.00000  7.82971e+02 | 77  0.00000 -9.65998e+01 | 78  0.00000  2.67356e+02
 79  0.00000 -1.14454e+03 | 80  0.00000 -2.06989e+01 | 81  0.00000 -1.65795e+03
 82  0.00000 -6.79467e+02 | 83  0.00000 -7.17997e+02 | 84  0.00000  7.96036e+01
 85  0.00000 -5.45914e+02 | 86  0.00000 -8.11263e+01 | 87  0.00000  2.22105e+02
 88  0.00000  1.18835e+02 | 89  0.00000  4.03680e+02 | 90  0.00000 -9.00176e+01
 91  0.00000  5.96561e+01 | 92  0.00000  1.06626e+02 | 93  0.00000  2.45666e+01
 94  0.00000  6.24043e+00 | 95  0.00000  2.44559e+00 | 96  0.00000  2.44549e+00
 97  0.81654  1.23473e+02 | 98  0.22185 -3.27603e+01 |

Intermediate statistics: 98 variables; iteration 20; function evaluation 32; phase 2
Function value 2.2680556e+03; maximum gradient component mag 1.0262e+03
Var    Value     Gradient |Var    Value     Gradient |Var    Value     Gradient
  1  0.63172  1.02623e+03 |  2  0.07325  1.19294e+02 |  3 -0.06927 -1.39607e+02
  4  0.00419 -3.39865e+01 |  5 -0.00152 -4.75729e+00 |  6  0.01688  5.05064e+01
  7  0.02359  1.30062e+02 |  8 -0.01460 -6.84094e+01 |  9  0.00792 -5.59863e+01
 10  0.00375 -1.59169e+02 | 11 -0.07611 -1.23631e+02 | 12  0.00770 -5.88507e+01
 13  0.02676  4.34385e+01 | 14 -0.02162 -1.10335e+02 | 15 -0.00308 -9.65373e+01
 16  0.00537 -1.05041e+02 | 17  0.01029 -3.92230e+01 | 18 -0.01915  1.50528e+02
 19 -0.02763  1.83169e+02 | 20  0.00224 -1.91602e+00 | 21 -0.00610 -2.24445e+01
 22 -0.00212 -5.44680e+01 | 23  0.03320 -2.22245e+02 | 24  0.00367 -5.84999e+01
 25  0.00449 -4.95592e+00 | 26  0.01257  6.00503e+01 | 27 -0.01413 -2.08670e+01
 28 -0.01901  8.11128e+01 | 29  0.02771 -9.35813e+01 | 30 -0.00507  7.71724e+01
 31  0.01116 -9.36769e+00 | 32 -0.00450 -1.22166e+01 | 33 -0.01879  1.26835e+02
 34  0.00316 -2.50323e+01 | 35  0.00866 -3.58344e+01 | 36 -0.00071 -3.56061e+01
 37 -0.00248 -4.30167e+01 | 38 -0.01897  8.93343e+00 | 39 -0.01822 -1.94490e+01
 40 -0.01124 -3.74595e+00 | 41  0.00609 -7.80418e+00 | 42  0.02109  2.58126e+01
 43  0.00545 -7.65266e+01 | 44  0.00906  8.55099e+01 | 45  0.05969 -2.55814e+02
 46 -0.02124 -1.92340e+01 | 47 -0.01043 -8.41989e+01 | 48  0.01906 -2.54953e+02
 49 -0.01847  8.79305e+01 | 50 -0.01367  1.13670e+02 | 51  0.03284  3.70492e+00
 52 -0.03791 -2.14782e+01 | 53  0.00892 -1.12535e+02 | 54  0.00388  5.68732e+02
 55 -0.03567  4.59532e+02 | 56 -0.02854  3.03529e+02 | 57  0.03181  1.20542e+02
 58  0.01095  3.85755e+02 | 59 -0.01385  1.70191e+02 | 60  0.01558 -3.23861e+02
 61  0.02120  4.63834e+01 | 62 -0.00386  1.19344e+02 | 63  0.00285  1.25206e+02
 64 -0.00796  1.01108e+02 | 65  0.01435 -1.57301e+02 | 66  0.02656 -5.77709e+02
 67 -0.01502  5.25888e+01 | 68 -0.00132  5.51211e+02 | 69 -0.00382  5.70795e+01
 70 -0.00070 -2.23153e+02 | 71 -0.00601 -6.14893e+01 | 72 -0.01047  2.97387e+02
 73 -0.00043  1.28438e+02 | 74 -0.00406 -6.54138e+02 | 75 -0.00277  1.73328e+02
 76 -0.01867  2.53581e+02 | 77  0.00763  3.77453e+01 | 78 -0.01105  8.39395e+00
 79  0.03865  4.27594e+01 | 80  0.01434  3.87002e+02 | 81  0.03651 -6.15439e+02
 82  0.01640 -2.76256e+02 | 83  0.01600 -3.69277e+02 | 84  0.00688  1.91773e+02
 85  0.01865 -1.63270e+02 | 86  0.00555 -4.24942e+01 | 87 -0.00016  1.04630e+02
 88  0.00155  6.62001e+00 | 89 -0.01340  7.62112e+01 | 90  0.01283  4.87834e+00
 91  0.00040 -1.00667e+01 | 92 -0.00356  1.06801e+01 | 93 -0.01343 -7.22686e+01
 94 -0.07332 -1.41869e+02 | 95 -0.01523 -5.45406e+01 | 96 -0.01523 -5.45382e+01
 97  0.81455  9.46853e+01 | 98  0.22463  2.63521e+01 |
98 variables; iteration 40; function evaluation 56; phase 2
Function value 2.1979851e+03; maximum gradient component mag 2.5874e+03
Var    Value     Gradient |Var    Value     Gradient |Var    Value     Gradient
  1  0.63310  2.58738e+03 |  2 -0.00927 -1.17489e+02 |  3 -0.00016 -5.58458e+01
  4  0.00720 -7.32444e+01 |  5 -0.01622 -8.61905e+01 |  6 -0.02107 -9.99170e+01
  7 -0.04940 -1.23729e+02 |  8  0.00386 -5.23807e+01 |  9  0.01268 -7.86660e+01
 10  0.03550 -2.17221e+01 | 11 -0.03071 -2.38973e+01 | 12  0.01319 -5.70680e+01
 13  0.01456 -1.01426e+02 | 14 -0.01156 -7.91549e+01 | 15  0.00607 -4.00122e+01
 16  0.01129 -6.71289e+01 | 17  0.00898 -1.00715e+02 | 18 -0.04101 -9.03483e+01
 19 -0.05720 -9.48439e+01 | 20 -0.00187 -1.12473e+02 | 21 -0.00719 -7.36788e+01
 22 -0.00038 -5.33384e+01 | 23  0.04699  1.03074e+02 | 24  0.00613 -4.46399e+01
 25  0.00080 -8.69677e+01 | 26  0.00360 -1.09995e+02 | 27 -0.01585 -7.36646e+01
 28 -0.02975 -5.20729e+01 | 29  0.03490  5.81871e+01 | 30 -0.01368 -4.16123e+01
 31  0.00822 -6.63407e+01 | 32 -0.00598 -5.02207e+01 | 33 -0.03393 -4.97666e+01
 34  0.00314 -2.97859e+01 | 35  0.01083  1.09483e+01 | 36  0.00219  1.49263e+01
 37 -0.00009 -1.05505e+00 | 38 -0.01836  1.08246e+01 | 39 -0.01448  2.22188e+01
 40 -0.00924  2.24464e+01 | 41  0.00639  8.91941e+00 | 42  0.01784 -6.10600e+00
 43  0.01269  5.19304e+01 | 44  0.00459  4.52801e+01 | 45  0.07047  2.72085e+02
 46 -0.01540  6.21139e+01 | 47  0.00152  1.24291e+02 | 48  0.03400  2.12429e+02
 49 -0.02849 -2.20453e+01 | 50 -0.02211  1.56360e+01 | 51  0.03688  3.05258e+02
 52 -0.03495  4.28303e+01 | 53  0.01303  9.94592e+01 | 54 -0.00424  3.33853e+02
 55 -0.05308  1.45889e+02 | 56 -0.03780  1.06715e+02 | 57  0.02777 -9.94694e+00
 58  0.00815  3.32396e+02 | 59 -0.01937  6.59559e+01 | 60  0.02086 -7.74047e+01
 61  0.02209  1.34603e+02 | 62 -0.00500  9.64223e+01 | 63  0.00186  1.03340e+02
 64 -0.00886  8.78543e+01 | 65  0.02173  1.64714e+02 | 66  0.04297  2.72949e+02
 67 -0.01519  6.31247e+01 | 68 -0.01403  2.11335e+02 | 69 -0.00516  5.85972e+00
 70 -0.00080 -2.26275e+02 | 71 -0.00646 -7.77381e+01 | 72 -0.01891  8.49856e+01
 73 -0.00281  8.05648e+01 | 74  0.00738 -2.97570e+02 | 75 -0.00895  2.56422e+01
 76 -0.03030  2.98767e+00 | 77  0.00805  4.73795e+01 | 78 -0.01051  1.13768e+01
 79  0.04062  1.34400e+02 | 80 -0.00098  1.39304e+01 | 81  0.05010 -1.96174e+01
 82  0.02184 -9.22689e+01 | 83  0.02533 -9.32616e+01 | 84 -0.00419 -5.89505e+01
 85  0.02517  1.37097e+01 | 86  0.00570 -5.80908e+01 | 87 -0.00855 -8.34178e+01
 88  0.00006 -6.88067e+01 | 89 -0.02817 -1.48086e+02 | 90  0.00923 -9.33674e+01
 91 -0.00388 -9.05668e+01 | 92 -0.01634 -1.02982e+02 | 93  0.00032 -6.89663e+01
 94  0.01774 -4.55161e+01 | 95  0.00307 -7.28942e+01 | 96  0.00306 -7.28951e+01
 97  0.80274  6.18357e+01 | 98  0.22429  5.15799e+01 |
98 variables; iteration 60; function evaluation 85; phase 2
Function value 2.1791624e+03; maximum gradient component mag 4.2309e+02
Var    Value     Gradient |Var    Value     Gradient |Var    Value     Gradient
  1  0.62843  4.23093e+02 |  2  0.01605 -4.35721e+00 |  3 -0.00400 -6.06718e-01
  4 -0.00645 -4.23188e+01 |  5 -0.01616 -2.33841e+01 |  6 -0.01721 -2.83404e+01
  7 -0.02815 -1.13704e+01 |  8 -0.00543 -2.48682e+01 |  9  0.00715 -4.59779e+01
 10  0.03007 -6.95452e+00 | 11 -0.04584 -1.80339e+01 | 12  0.01761  2.46895e+01
 13  0.02278  1.93796e+01 | 14 -0.00856 -5.07608e+00 | 15  0.00235 -2.98249e+01
 16  0.01229 -1.12722e+01 | 17  0.01206 -1.63661e+01 | 18 -0.03864 -1.69377e+01
 19 -0.05090  3.24276e+00 | 20  0.00351  5.51054e+00 | 21 -0.00443  2.67009e+00
 22 -0.00045 -2.24416e+01 | 23  0.04086 -5.14801e+01 | 24  0.00499 -3.24901e+01
 25  0.00367 -1.32278e+01 | 26  0.00930  8.38041e+00 | 27 -0.01088  2.29545e+01
 28 -0.02899 -4.30472e+00 | 29  0.03145 -2.47073e+01 | 30 -0.01386 -1.56233e+01
 31  0.01031 -2.29037e+01 | 32 -0.00555 -2.30114e+01 | 33 -0.03145  8.09347e+00
 34  0.00384 -1.14620e+01 | 35  0.01052  4.20817e-01 | 36  0.00067 -8.44282e+00
 37 -0.00011 -3.47701e+00 | 38 -0.01941  1.11455e+01 | 39 -0.01593  1.14919e+01
 40 -0.01092  1.41056e+00 | 41  0.00734  2.30880e+00 | 42  0.02002 -1.17633e+01
 43  0.01014 -2.49228e+01 | 44  0.00517  1.73088e+01 | 45  0.06702 -8.57661e+01
 46 -0.01580  3.40978e+01 | 47 -0.00653 -4.01123e+01 | 48  0.03000 -3.78210e+01
 49 -0.02175  3.94604e+01 | 50 -0.01733  4.99928e+01 | 51  0.03322 -1.43651e+01
 52 -0.03392  3.71311e+01 | 53  0.01421  1.59997e+01 | 54 -0.01248  3.74549e+01
 55 -0.06020  5.21202e+01 | 56 -0.04116  4.37857e+01 | 57  0.03156  1.79985e+01
 58  0.00135  4.17729e+01 | 59 -0.02207 -2.00890e+01 | 60  0.02613  5.96819e-01
 61  0.02084 -1.72943e+01 | 62 -0.00361  7.92504e+01 | 63  0.00097  2.20646e+01
 64 -0.00875  5.13598e+01 | 65  0.01991 -2.40469e+00 | 66  0.04072 -1.01459e+01
 67 -0.01674 -2.46588e+00 | 68 -0.02293  1.05802e+00 | 69 -0.00201  6.41538e+01
 70  0.00854  4.48030e+01 | 71 -0.00347 -1.31708e+01 | 72 -0.02433 -3.75657e+01
 73 -0.00650 -3.22863e+01 | 74  0.01971  1.15907e+02 | 75 -0.00956  3.00800e+01
 76 -0.02992  3.02068e+01 | 77  0.00728  8.50786e+00 | 78 -0.01201 -1.45902e+01
 79  0.03840 -1.75631e+01 | 80 -0.00305 -2.23496e+01 | 81  0.05166  3.59142e+00
 82  0.02662  5.27468e+01 | 83  0.02850  5.67902e+00 | 84 -0.00087  2.96817e+01
 85  0.02568  2.25991e+01 | 86  0.00670 -2.26507e+01 | 87 -0.00600 -1.00903e+01
 88  0.00272  1.84678e+01 | 89 -0.01584  4.54344e+01 | 90  0.00969 -4.96137e+01
 91  0.00079 -7.11293e-01 | 92 -0.01059 -1.53535e+01 | 93 -0.00028 -1.13942e+01
 94 -0.00112 -1.01251e+01 | 95 -0.01075 -2.83043e+01 | 96 -0.01075 -2.83040e+01
 97  0.81374  5.85391e+01 | 98  0.22498  2.63809e+01 |
Maximum number of function evaluations exceeded

 - final statistics:
98 variables; iteration 72; function evaluation 100
Function value 2.1769e+03; maximum gradient component mag 2.2269e+02
Exit code = 3;  converg criter 1.0000e+01
Var    Value     Gradient |Var    Value     Gradient |Var    Value     Gradient
  1  0.62878  2.22690e+02 |  2  0.01432 -1.72989e+00 |  3 -0.00807 -2.85543e+00
  4  0.00212 -1.68267e+01 |  5 -0.01011 -3.42623e+00 |  6 -0.01337 -1.27145e+01
  7 -0.02845 -6.01756e+00 |  8 -0.00219 -8.09404e+00 |  9  0.01172 -2.07313e+01
 10  0.02916 -6.20946e+00 | 11 -0.04637 -1.39509e+01 | 12  0.01487  1.03698e+01
 13  0.01977 -3.17027e+00 | 14 -0.00940 -6.09157e+00 | 15  0.00277 -2.08407e+01
 16  0.01167 -1.36119e+01 | 17  0.01250 -3.83417e+00 | 18 -0.03752 -2.06433e+00
 19 -0.04962  1.77056e+01 | 20  0.00249 -2.93974e+00 | 21 -0.00562 -6.77336e+00
 22  0.00018 -7.79401e+00 | 23  0.04170 -2.40459e+01 | 24  0.00589 -1.26853e+01
 25  0.00398 -2.18427e+00 | 26  0.00967  1.98926e+01 | 27 -0.01256  8.34407e+00
 28 -0.03118 -1.82565e+01 | 29  0.03181 -1.22715e+01 | 30 -0.01505 -2.16686e+01
 31  0.01074 -8.80329e+00 | 32 -0.00469 -4.86910e+00 | 33 -0.03342 -2.87688e+00
 34  0.00411 -3.60874e-01 | 35  0.01005 -3.22830e-01 | 36 -0.00006 -1.22072e+01
 37 -0.00019  1.93411e+00 | 38 -0.02079  2.01970e+00 | 39 -0.01650  1.07921e+01
 40 -0.01134  2.46275e+00 | 41  0.00758  1.20285e+01 | 42  0.02069  5.82319e+00
 43  0.01121 -4.18744e+00 | 44  0.00417  9.42094e+00 | 45  0.06865 -2.85221e+01
 46 -0.01795  1.93205e+01 | 47 -0.00450 -8.97755e+00 | 48  0.03092 -1.06044e+01
 49 -0.02409  1.55372e+01 | 50 -0.01924  2.71384e+01 | 51  0.03333 -8.28550e+00
 52 -0.03501  2.65987e+01 | 53  0.01386  6.21948e+00 | 54 -0.01345  1.52062e+01
 55 -0.06203  3.28183e+01 | 56 -0.04222  2.92328e+01 | 57  0.03133  4.18917e+00
 58  0.00027  1.21700e+01 | 59 -0.02132 -2.93369e+00 | 60  0.02613 -7.51415e-01
 61  0.02096 -1.64165e+01 | 62 -0.00545  3.34040e+01 | 63  0.00053  6.15104e+00
 64 -0.01014  1.89121e+01 | 65  0.01979 -1.12137e+01 | 66  0.04057 -2.43478e+01
 67 -0.01654  1.87616e+00 | 68 -0.02298  5.98216e-02 | 69 -0.00344  2.39964e+01
 70  0.00816  3.03264e+01 | 71 -0.00328 -5.20512e+00 | 72 -0.02325 -1.01237e+01
 73 -0.00558 -5.35991e+00 | 74  0.01780  4.22450e+01 | 75 -0.01011  1.52219e+01
 76 -0.03181 -1.00899e-01 | 77  0.00682 -3.01363e+00 | 78 -0.01198 -9.46060e+00
 79  0.03830 -1.65302e+01 | 80 -0.00257 -8.00685e+00 | 81  0.05136 -7.24335e+00
 82  0.02555  2.30172e+01 | 83  0.02838  6.17137e+00 | 84 -0.00227  7.16591e+00
 85  0.02491  9.05295e+00 | 86  0.00700 -4.36278e+00 | 87 -0.00591  3.37812e+00
 88  0.00227  2.01825e+01 | 89 -0.01922  1.22410e+01 | 90  0.01009 -3.18381e+01
 91 -0.00005  2.23396e+00 | 92 -0.01049 -4.42995e+00 | 93  0.00289  8.35074e+00
 94 -0.00296 -7.21082e+00 | 95 -0.00415 -1.23237e+01 | 96 -0.00415 -1.23227e+01
 97  0.81122  3.16481e+01 | 98  0.22462  1.15707e+01 |

Initial statistics: 100 variables; iteration 0; function evaluation 0; phase 3
Function value 2.1768625e+03; maximum gradient component mag -2.9930e+02
Var    Value     Gradient |Var    Value     Gradient |Var    Value     Gradient
  1  0.62878  2.22690e+02 |  2  0.01432 -1.93144e+00 |  3 -0.00807 -3.05702e+00
  4  0.00211 -1.70283e+01 |  5 -0.01012 -3.62780e+00 |  6 -0.01337 -1.29161e+01
  7 -0.02845 -6.21896e+00 |  8 -0.00219 -8.29564e+00 |  9  0.01171 -2.09329e+01
 10  0.02916 -6.41085e+00 | 11 -0.04637 -1.41520e+01 | 12  0.01487  1.01682e+01
 13  0.01977 -3.37177e+00 | 14 -0.00941 -6.29315e+00 | 15  0.00277 -2.10423e+01
 16  0.01166 -1.38135e+01 | 17  0.01249 -4.03574e+00 | 18 -0.03752 -2.26558e+00
 19 -0.04963  1.75046e+01 | 20  0.00249 -3.14134e+00 | 21 -0.00562 -6.97495e+00
 22  0.00017 -7.99561e+00 | 23  0.04170 -2.42470e+01 | 24  0.00589 -1.28869e+01
 25  0.00398 -2.38586e+00 | 26  0.00967  1.96910e+01 | 27 -0.01257  8.14251e+00
 28 -0.03119 -1.84578e+01 | 29  0.03180 -1.24729e+01 | 30 -0.01505 -2.18702e+01
 31  0.01074 -9.00487e+00 | 32 -0.00469 -5.07070e+00 | 33 -0.03342 -3.07820e+00
 34  0.00411 -5.62472e-01 | 35  0.01004 -5.24406e-01 | 36 -0.00006 -1.24088e+01
 37 -0.00020  1.73251e+00 | 38 -0.02080  1.81821e+00 | 39 -0.01651  1.05906e+01
 40 -0.01134  2.26118e+00 | 41  0.00758  1.18269e+01 | 42  0.02068  5.62170e+00
 43  0.01121 -4.38901e+00 | 44  0.00417  9.21934e+00 | 45  0.06865 -2.87226e+01
 46 -0.01796  1.91190e+01 | 47 -0.00451 -9.17915e+00 | 48  0.03092 -1.08058e+01
 49 -0.02409  1.53358e+01 | 50 -0.01924  2.69369e+01 | 51  0.03332 -8.48683e+00
 52 -0.03501  2.63974e+01 | 53  0.01386  6.01793e+00 | 54 -0.01345  1.50047e+01
 55 -0.06203  3.26176e+01 | 56 -0.04222  2.90316e+01 | 57  0.03133  3.98782e+00
 58  0.00026  1.19684e+01 | 59 -0.02132 -3.13517e+00 | 60  0.02612 -9.52847e-01
 61  0.02096 -1.66180e+01 | 62 -0.00545  3.32024e+01 | 63  0.00053  5.94944e+00
 64 -0.01015  1.87105e+01 | 65  0.01979 -1.14152e+01 | 66  0.04057 -2.45490e+01
 67 -0.01654  1.67462e+00 | 68 -0.02298 -1.41649e-01 | 69 -0.00345  2.37948e+01
 70  0.00816  3.01248e+01 | 71 -0.00329 -5.40672e+00 | 72 -0.02325 -1.03251e+01
 73 -0.00559 -5.56151e+00 | 74  0.01779  4.20435e+01 | 75 -0.01012  1.50204e+01
 76 -0.03181 -3.02249e-01 | 77  0.00681 -3.21522e+00 | 78 -0.01199 -9.66216e+00
 79  0.03830 -1.67314e+01 | 80 -0.00257 -8.20845e+00 | 81  0.05136 -7.44430e+00
 82  0.02554  2.28157e+01 | 83  0.02837  5.96997e+00 | 84 -0.00228  6.96431e+00
 85  0.02490  8.85151e+00 | 86  0.00700 -4.56437e+00 | 87 -0.00591  3.17653e+00
 88  0.00227  1.99809e+01 | 89 -0.01922  1.20394e+01 | 90  0.01008 -3.20397e+01
 91 -0.00005  2.03236e+00 | 92 -0.01050 -4.63152e+00 | 93  0.00288  8.14915e+00
 94 -0.00296 -7.41242e+00 | 95 -0.00415 -1.25252e+01 | 96 -0.00415 -1.25243e+01
 97  0.81122  3.16481e+01 | 98 -0.41581 -2.99305e+02 | 99  0.22462  1.15707e+01
100 -0.25275  1.35873e+02 |

Intermediate statistics: 100 variables; iteration 20; function evaluation 23; phase 3
Function value 2.1758537e+03; maximum gradient component mag 2.8199e+02
Var    Value     Gradient |Var    Value     Gradient |Var    Value     Gradient
  1  0.62871  2.81994e+02 |  2  0.01196 -8.37071e+00 |  3 -0.00987 -8.39146e+00
  4  0.00626 -8.94616e+00 |  5 -0.01141 -8.24170e+00 |  6 -0.01114 -8.86736e+00
  7 -0.02867 -8.34954e+00 |  8 -0.00185 -8.58766e+00 |  9  0.01421 -1.14814e+01
 10  0.02889 -9.10572e+00 | 11 -0.04444 -9.40161e+00 | 12  0.01350 -8.04997e-01
 13  0.01933 -8.70448e+00 | 14 -0.00961 -9.53051e+00 | 15  0.00282 -2.27103e+01
 16  0.01139 -2.00073e+01 | 17  0.01232 -9.86929e+00 | 18 -0.03757 -5.17338e+00
 19 -0.05132  4.08014e+00 | 20  0.00241 -6.93472e+00 | 21 -0.00573 -1.01399e+01
 22 -0.00002 -1.17297e+01 | 23  0.04204 -1.66260e+01 | 24  0.00568 -1.68663e+01
 25  0.00377 -6.74014e+00 | 26  0.00943  1.45176e+01 | 27 -0.01276  4.57798e+00
 28 -0.03075 -1.60088e+01 | 29  0.03183 -1.18711e+01 | 30 -0.01491 -2.13270e+01
 31  0.01061 -1.14545e+01 | 32 -0.00478 -6.87146e+00 | 33 -0.03345 -4.37615e+00
 34  0.00401 -2.18536e+00 | 35  0.00995 -1.65120e+00 | 36 -0.00013 -1.30752e+01
 37 -0.00022  1.80294e+00 | 38 -0.02080  1.60727e+00 | 39 -0.01654  1.00779e+01
 40 -0.01131  2.69195e+00 | 41  0.00754  1.18645e+01 | 42  0.02060  5.14054e+00
 43  0.01115 -4.44568e+00 | 44  0.00418  1.06104e+01 | 45  0.06986  1.98995e+01
 46 -0.01832  1.66067e+01 | 47 -0.00440 -6.50184e+00 | 48  0.03131  2.09159e+00
 49 -0.02400  1.69536e+01 | 50 -0.01909  2.99700e+01 | 51  0.03380  1.14088e+01
 52 -0.03481  2.86053e+01 | 53  0.01389  6.17356e+00 | 54 -0.01402  3.82547e+00
 55 -0.06212  2.96058e+01 | 56 -0.04251  2.61361e+01 | 57  0.03151  1.24869e+01
 58 -0.00015  4.59921e+00 | 59 -0.02126 -2.78374e+00 | 60  0.02642  1.89100e+01
 61  0.02197  1.91680e+01 | 62 -0.00629  1.60595e+01 | 63  0.00035 -1.48524e+00
 64 -0.01062  1.08837e+01 | 65  0.02065  1.80208e+01 | 66  0.04098  2.87582e+00
 67 -0.01654  7.75016e-01 | 68 -0.02320 -3.70966e+00 | 69 -0.00399  5.43457e+00
 70  0.00737  5.93483e+00 | 71 -0.00287  3.88264e+00 | 72 -0.02317 -6.37905e+00
 73 -0.00520  2.02023e+00 | 74  0.01700  1.38319e+01 | 75 -0.01043  3.32717e+00
 76 -0.03208 -4.29886e+00 | 77  0.00711  3.06985e+00 | 78 -0.01202 -7.20074e+00
 79  0.03913  1.66638e+01 | 80 -0.00262 -6.18832e+00 | 81  0.05177  9.67976e+00
 82  0.02480  3.17421e+00 | 83  0.02840  5.85314e+00 | 84 -0.00271  1.34315e+00
 85  0.02455 -5.30629e-01 | 86  0.00663 -8.05362e+00 | 87 -0.00630 -3.18275e+00
 88  0.00135  8.51838e+00 | 89 -0.01966  8.15418e+00 | 90  0.00945 -3.15429e+01
 91 -0.00095 -2.29775e+00 | 92 -0.01227 -9.79097e+00 | 93 -0.00126 -6.20985e+00
 94 -0.00183 -8.10372e+00 | 95 -0.00007 -8.06900e+00 | 96 -0.00007 -8.06911e+00
 97  0.82396  1.96557e-01 | 98 -0.41305  2.13904e+01 | 99  0.21041 -1.39758e+01
100 -0.25759  6.39425e+01 |
100 variables; iteration 40; function evaluation 49; phase 3
Function value 2.1755160e+03; maximum gradient component mag 9.0678e+01
Var    Value     Gradient |Var    Value     Gradient |Var    Value     Gradient
  1  0.62839  9.06780e+01 |  2  0.01376  1.01625e+00 |  3 -0.00849  1.43680e-01
  4  0.00597 -3.92124e+00 |  5 -0.01086 -1.25735e+00 |  6 -0.01028 -1.01288e+00
  7 -0.02844 -2.13099e+00 |  8 -0.00173 -2.62115e+00 |  9  0.01544 -6.70394e-01
 10  0.02926 -1.70142e+00 | 11 -0.04424 -3.26915e+00 | 12  0.01317  1.86444e+00
 13  0.01933 -4.14108e+00 | 14 -0.00980 -6.01568e+00 | 15  0.00380 -8.74822e+00
 16  0.01227 -5.31245e+00 | 17  0.01254 -3.61571e+00 | 18 -0.03752 -6.75883e-01
 19 -0.05217  2.88723e+00 | 20  0.00267 -1.18790e+00 | 21 -0.00538 -2.94687e+00
 22  0.00039 -2.87775e+00 | 23  0.04233 -8.31603e+00 | 24  0.00623 -6.15165e+00
 25  0.00391 -2.36343e+00 | 26  0.00870  5.10424e+00 | 27 -0.01330  1.18616e+00
 28 -0.02963 -2.53833e+00 | 29  0.03217 -4.14740e+00 | 30 -0.01452 -1.39691e+01
 31  0.01111 -2.25974e+00 | 32 -0.00446 -9.11834e-01 | 33 -0.03347 -1.45286e+00
 34  0.00404 -1.15738e+00 | 35  0.01009  5.74154e-01 | 36  0.00036 -5.25948e+00
 37 -0.00027  1.34797e+00 | 38 -0.02094  1.55893e+00 | 39 -0.01703  5.50468e+00
 40 -0.01150  7.14819e-01 | 41  0.00710  4.00683e+00 | 42  0.02066  3.43968e+00
 43  0.01143 -2.32909e+00 | 44  0.00368  2.48211e+00 | 45  0.06999  7.01604e+00
 46 -0.01963  3.91314e+00 | 47 -0.00373 -5.55356e-01 | 48  0.03172  2.07311e+00
 49 -0.02492  4.35556e+00 | 50 -0.02011  1.27289e+01 | 51  0.03399  2.67626e+00
 52 -0.03612  9.78929e+00 | 53  0.01401  9.01905e-01 | 54 -0.01404 -7.65719e-01
 55 -0.06411  6.23612e+00 | 56 -0.04377  5.51673e+00 | 57  0.03164  4.17438e+00
 58 -0.00007  2.11708e+00 | 59 -0.02117 -3.21710e+00 | 60  0.02636  5.86686e+00
 61  0.02196  8.27903e+00 | 62 -0.00657  5.85699e+00 | 63  0.00062 -5.30144e-01
 64 -0.01110 -2.53665e+00 | 65  0.02055  5.34843e+00 | 66  0.04122  1.20530e+00
 67 -0.01649  1.54389e-01 | 68 -0.02308 -2.02095e+00 | 69 -0.00393  4.34989e+00
 70  0.00749  5.82433e+00 | 71 -0.00296 -1.00711e+00 | 72 -0.02299 -2.29850e+00
 73 -0.00515  1.75750e+00 | 74  0.01684  4.48556e+00 | 75 -0.01043  3.11378e+00
 76 -0.03193  4.46062e-01 | 77  0.00704  5.13832e-01 | 78 -0.01193 -3.91271e+00
 79  0.03893  5.34144e+00 | 80 -0.00248 -1.61660e+00 | 81  0.05170  3.23945e+00
 82  0.02465 -6.73725e-01 | 83  0.02825  1.65450e+00 | 84 -0.00289  1.56301e+00
 85  0.02442 -8.83923e-01 | 86  0.00665 -2.38980e+00 | 87 -0.00653 -1.87573e+00
 88  0.00072  2.09496e+00 | 89 -0.02085  8.21562e-02 | 90  0.01013 -1.18135e+01
 91 -0.00193 -3.77383e+00 | 92 -0.01134  2.17944e+00 | 93 -0.00414 -1.02607e+01
 94 -0.00181 -2.35795e+00 | 95  0.00045 -1.51665e+00 | 96  0.00045 -1.51686e+00
 97  0.82334  2.81241e-01 | 98 -0.41322  8.11280e+00 | 99  0.20971 -5.70071e+00
100 -0.25792  3.06246e+01 |
100 variables; iteration 60; function evaluation 77; phase 3
Function value 2.1754544e+03; maximum gradient component mag 2.3089e+01
Var    Value     Gradient |Var    Value     Gradient |Var    Value     Gradient
  1  0.62821  2.30892e+01 |  2  0.01284  9.89691e-01 |  3 -0.00904  8.97862e-01
  4  0.00692  1.04930e-01 |  5 -0.01171 -1.40402e+00 |  6 -0.01145 -2.21919e+00
  7 -0.02920 -2.19537e+00 |  8 -0.00200 -1.85944e+00 |  9  0.01528  1.07958e-01
 10  0.02917 -9.81405e-01 | 11 -0.04379 -3.34943e-02 | 12  0.01294  1.59049e+00
 13  0.01963 -1.84916e-01 | 14 -0.00924 -4.83082e-01 | 15  0.00420 -3.40888e+00
 16  0.01243 -1.92780e+00 | 17  0.01266 -8.20953e-01 | 18 -0.03727  2.54674e+00
 19 -0.05276  5.60580e-01 | 20  0.00269 -4.34566e-01 | 21 -0.00535 -1.76913e+00
 22  0.00051 -4.53590e-01 | 23  0.04262 -1.59574e+00 | 24  0.00649 -1.82539e+00
 25  0.00400 -6.31764e-01 | 26  0.00842  9.55561e-01 | 27 -0.01342  4.16179e-01
 28 -0.02943  2.46731e-01 | 29  0.03230 -1.49601e+00 | 30 -0.01354 -2.58417e+00
 31  0.01115 -1.23903e+00 | 32 -0.00439  4.33044e-01 | 33 -0.03342 -2.03328e-01
 34  0.00413  1.02795e-03 | 35  0.01007 -1.08646e-01 | 36  0.00061 -1.64750e+00
 37 -0.00037 -1.59636e-01 | 38 -0.02109  2.56374e-01 | 39 -0.01740  1.52872e+00
 40 -0.01162 -7.74697e-01 | 41  0.00686 -3.34074e-01 | 42  0.02067  2.05831e+00
 43  0.01159 -1.05407e+00 | 44  0.00350 -8.73962e-01 | 45  0.07006  2.07555e+00
 46 -0.01984  1.45083e+00 | 47 -0.00354  3.65429e-01 | 48  0.03184  3.48127e-01
 49 -0.02514  8.13726e-01 | 50 -0.02062  4.22959e+00 | 51  0.03412  3.81439e-01
 52 -0.03660  2.61461e+00 | 53  0.01411 -5.83924e-03 | 54 -0.01397 -6.96962e-01
 55 -0.06446  2.23497e+00 | 56 -0.04396  2.30814e+00 | 57  0.03170  9.27714e-01
 58 -0.00007  1.83810e-01 | 59 -0.02101 -1.37572e+00 | 60  0.02636  1.62394e+00
 61  0.02191  1.90945e+00 | 62 -0.00665  2.28403e+00 | 63  0.00074 -3.10797e-02
 64 -0.01099 -1.24652e+00 | 65  0.02055  1.39479e+00 | 66  0.04131  1.93983e-01
 67 -0.01642  3.75344e-01 | 68 -0.02301 -1.23971e+00 | 69 -0.00399  5.80351e-01
 70  0.00743  1.82954e+00 | 71 -0.00288 -6.56160e-01 | 72 -0.02294 -1.31121e+00
 73 -0.00513  7.91523e-01 | 74  0.01680  1.05906e+00 | 75 -0.01048  9.65514e-01
 76 -0.03195  6.23032e-01 | 77  0.00706 -2.32508e-02 | 78 -0.01178 -5.61341e-01
 79  0.03891  1.34556e+00 | 80 -0.00245 -1.06953e+00 | 81  0.05172  7.44014e-01
 82  0.02471  1.04711e-01 | 83  0.02825  3.66812e-01 | 84 -0.00304 -1.08834e+00
 85  0.02449  3.05021e-01 | 86  0.00671 -3.70300e-01 | 87 -0.00647 -4.90235e-01
 88  0.00059  4.08035e-01 | 89 -0.02103 -8.62509e-01 | 90  0.01060 -2.22684e+00
 91 -0.00175 -7.56020e-01 | 92 -0.01197  4.37732e-01 | 93 -0.00242 -2.86445e+00
 94  0.00050  3.25604e+00 | 95 -0.00055 -1.02675e+00 | 96 -0.00055 -1.02709e+00
 97  0.82299  1.03713e-01 | 98 -0.41331  1.90098e+00 | 99  0.20901 -1.31118e+00
100 -0.25830  8.03609e+00 |
Maximum number of function evaluations exceeded

 - final statistics:
100 variables; iteration 77; function evaluation 100
Function value 2.1754e+03; maximum gradient component mag 5.5956e+00
Exit code = 3;  converg criter 1.0000e+00
Var    Value     Gradient |Var    Value     Gradient |Var    Value     Gradient
  1  0.62810  5.59564e+00 |  2  0.01177 -6.99026e-01 |  3 -0.00896  1.52557e+00
  4  0.00663 -1.27080e-01 |  5 -0.01172 -9.70495e-01 |  6 -0.01100 -6.11962e-01
  7 -0.02844  1.26334e-01 |  8 -0.00184 -9.40698e-01 |  9  0.01521  1.44600e-01
 10  0.02921 -4.92407e-01 | 11 -0.04409 -5.86399e-01 | 12  0.01269  5.24589e-02
 13  0.01993  2.62778e+00 | 14 -0.00942 -1.46788e+00 | 15  0.00458  4.74444e-01
 16  0.01244 -1.83558e+00 | 17  0.01262 -1.56798e+00 | 18 -0.03751  9.12508e-01
 19 -0.05288 -3.37389e-04 | 20  0.00280  1.01206e+00 | 21 -0.00528 -8.34714e-01
 22  0.00050 -4.14466e-01 | 23  0.04271  3.93786e-02 | 24  0.00654 -1.22887e+00
 25  0.00401 -6.33196e-01 | 26  0.00838  1.53917e-01 | 27 -0.01360 -1.65628e+00
 28 -0.02941  5.28312e-01 | 29  0.03237 -5.66276e-01 | 30 -0.01352 -2.31649e+00
 31  0.01120 -7.87380e-01 | 32 -0.00441  3.01355e-02 | 33 -0.03334  6.32964e-01
 34  0.00408 -1.05608e+00 | 35  0.01012  4.57507e-01 | 36  0.00065 -1.22648e+00
 37 -0.00031  3.05615e-01 | 38 -0.02125 -1.69499e+00 | 39 -0.01759 -8.71692e-01
 40 -0.01145  1.00129e+00 | 41  0.00700  1.28355e+00 | 42  0.02071  2.08971e+00
 43  0.01163 -1.12181e+00 | 44  0.00342 -2.50470e+00 | 45  0.07011  8.09848e-01
 46 -0.01990  6.82449e-01 | 47 -0.00340  1.53905e+00 | 48  0.03191  3.77593e-01
 49 -0.02511  5.96296e-01 | 50 -0.02094 -8.19526e-01 | 51  0.03418  2.37922e-01
 52 -0.03662  1.96379e+00 | 53  0.01416  2.83467e-02 | 54 -0.01391 -3.70940e-02
 55 -0.06460  4.14242e-01 | 56 -0.04405  5.70888e-01 | 57  0.03174  2.92425e-01
 58 -0.00004  5.28081e-03 | 59 -0.02089  3.07523e-01 | 60  0.02637  3.91725e-01
 61  0.02193  4.81939e-01 | 62 -0.00668  6.55702e-01 | 63  0.00078  2.40877e-02
 64 -0.01092 -4.64581e-01 | 65  0.02056  3.98093e-01 | 66  0.04135 -1.76120e-02
 67 -0.01632  1.81284e+00 | 68 -0.02295 -4.74402e-01 | 69 -0.00397  1.47760e-01
 70  0.00742  4.87342e-01 | 71 -0.00283 -1.49704e-02 | 72 -0.02289 -6.84150e-01
 73 -0.00512  3.35532e-01 | 74  0.01681  1.91392e-01 | 75 -0.01044  1.09192e+00
 76 -0.03207 -1.69388e+00 | 77  0.00710  1.17589e-01 | 78 -0.01171  4.34581e-01
 79  0.03892  3.94625e-01 | 80 -0.00241 -5.86987e-01 | 81  0.05176  3.17558e-01
 82  0.02474  1.44986e-01 | 83  0.02828  1.40388e-01 | 84 -0.00292  9.70654e-01
 85  0.02453  3.98972e-01 | 86  0.00671 -9.71879e-01 | 87 -0.00641  2.63123e-01
 88  0.00063  9.16321e-01 | 89 -0.02092  4.86266e-01 | 90  0.01075  4.35259e-01
 91 -0.00161  6.05268e-01 | 92 -0.01215 -3.49708e-01 | 93 -0.00192 -8.74536e-01
 94 -0.00140  7.35649e-01 | 95 -0.00038 -2.46066e-01 | 96 -0.00037 -2.45503e-01
 97  0.82289 -6.29773e-02 | 98 -0.41334  3.14628e-01 | 99  0.20877 -5.73999e-01
100 -0.25842  2.29841e+00 |

Initial statistics: 108 variables; iteration 0; function evaluation 0; phase 4
Function value 2.1754444e+03; maximum gradient component mag 2.8882e+03
Var    Value     Gradient |Var    Value     Gradient |Var    Value     Gradient
  1 -0.42263  3.02219e+02 |  2 -0.42263  2.88824e+03 |  3 -0.41094  1.26623e+03
  4  0.62810  5.59564e+00 |  5  0.00000 -1.73425e+01 |  6  0.00000 -3.80497e+00
  7  0.00000  5.84100e+00 |  8  0.00000  1.07109e+01 |  9  0.00000  1.31994e+01
 10  0.01177 -6.98223e-01 | 11 -0.00896  1.52637e+00 | 12  0.00663 -1.26276e-01
 13 -0.01172 -9.69691e-01 | 14 -0.01100 -6.11158e-01 | 15 -0.02844  1.27138e-01
 16 -0.00184 -9.39894e-01 | 17  0.01521  1.45404e-01 | 18  0.02921 -4.91604e-01
 19 -0.04409 -5.85597e-01 | 20  0.01269  5.32628e-02 | 21  0.01993  2.62858e+00
 22 -0.00942 -1.46707e+00 | 23  0.00458  4.75248e-01 | 24  0.01244 -1.83477e+00
 25  0.01262 -1.56718e+00 | 26 -0.03751  9.13310e-01 | 27 -0.05288  4.63906e-04
 28  0.00280  1.01286e+00 | 29 -0.00528 -8.33910e-01 | 30  0.00050 -4.13662e-01
 31  0.04271  4.01809e-02 | 32  0.00654 -1.22806e+00 | 33  0.00401 -6.32392e-01
 34  0.00838  1.54721e-01 | 35 -0.01360 -1.65547e+00 | 36 -0.02941  5.29116e-01
 37  0.03237 -5.65473e-01 | 38 -0.01352 -2.31569e+00 | 39  0.01120 -7.86576e-01
 40 -0.00441  3.09396e-02 | 41 -0.03334  6.33767e-01 | 42  0.00408 -1.05528e+00
 43  0.01012  4.58311e-01 | 44  0.00065 -1.22568e+00 | 45 -0.00031  3.06419e-01
 46 -0.02125 -1.69418e+00 | 47 -0.01759 -8.70888e-01 | 48 -0.01145  1.00210e+00
 49  0.00700  1.28435e+00 | 50  0.02071  2.09052e+00 | 51  0.01163 -1.12101e+00
 52  0.00342 -2.50390e+00 | 53  0.07011  8.10647e-01 | 54 -0.01990  6.83253e-01
 55 -0.00340  1.53986e+00 | 56  0.03191  3.78396e-01 | 57 -0.02511  5.97100e-01
 58 -0.02094 -8.18722e-01 | 59  0.03418  2.38725e-01 | 60 -0.03662  1.96459e+00
 61  0.01416  2.91505e-02 | 62 -0.01391 -3.62901e-02 | 63 -0.06460  4.15041e-01
 64 -0.04405  5.71691e-01 | 65  0.03174  2.93228e-01 | 66 -0.00004  6.08487e-03
 67 -0.02089  3.08327e-01 | 68  0.02637  3.92528e-01 | 69  0.02193  4.82743e-01
 70 -0.00668  6.56506e-01 | 71  0.00078  2.48917e-02 | 72 -0.01092 -4.63777e-01
 73  0.02056  3.98896e-01 | 74  0.04135 -1.68096e-02 | 75 -0.01632  1.81364e+00
 76 -0.02295 -4.73598e-01 | 77 -0.00397  1.48564e-01 | 78  0.00742  4.88146e-01
 79 -0.00283 -1.41663e-02 | 80 -0.02289 -6.83346e-01 | 81 -0.00512  3.36336e-01
 82  0.01681  1.92195e-01 | 83 -0.01044  1.09272e+00 | 84 -0.03207 -1.69308e+00
 85  0.00710  1.18393e-01 | 86 -0.01171  4.35385e-01 | 87  0.03892  3.95428e-01
 88 -0.00241 -5.86183e-01 | 89  0.05176  3.18360e-01 | 90  0.02474  1.45790e-01
 91  0.02828  1.41191e-01 | 92 -0.00292  9.71458e-01 | 93  0.02453  3.99776e-01
 94  0.00671 -9.71075e-01 | 95 -0.00641  2.63927e-01 | 96  0.00063  9.17125e-01
 97 -0.02092  4.87070e-01 | 98  0.01075  4.36063e-01 | 99 -0.00161  6.06072e-01
100 -0.01215 -3.48904e-01 |101 -0.00192 -8.73732e-01 |102 -0.00140  7.36453e-01
103 -0.00038 -2.45262e-01 |104 -0.00037 -2.44699e-01 |105  0.82289 -6.29773e-02
106 -0.41334  3.14628e-01 |107  0.20877 -5.73999e-01 |108 -0.25842  2.29841e+00

Intermediate statistics: 108 variables; iteration 20; function evaluation 28; phase 4
Function value 2.1708899e+03; maximum gradient component mag 1.3197e+03
Var    Value     Gradient |Var    Value     Gradient |Var    Value     Gradient
  1 -0.43981  9.18310e+01 |  2 -0.42348  1.31970e+03 |  3 -0.41091  4.61529e+02
  4  0.63149  3.94968e+02 |  5  0.00269 -1.23867e+01 |  6  0.00028 -3.04964e+00
  7 -0.00156  3.35060e+00 |  8 -0.00223  6.88915e+00 |  9 -0.00256  8.73069e+00
 10  0.01202 -1.17495e+01 | 11 -0.00893 -9.96142e+00 | 12  0.00692 -1.09686e+01
 13 -0.01141 -1.17293e+01 | 14 -0.01069 -1.12488e+01 | 15 -0.02817 -1.05584e+01
 16 -0.00151 -1.09618e+01 | 17  0.01564 -8.61645e+00 | 18  0.02971 -7.40937e+00
 19 -0.04383 -1.05407e+01 | 20  0.01323 -5.40099e+00 | 21  0.02082  2.48264e+00
 22 -0.00921 -8.87748e+00 | 23  0.00506 -2.08942e+00 | 24  0.01278 -2.43813e+00
 25  0.01298  1.27940e+00 | 26 -0.03707 -3.59407e+00 | 27 -0.05283 -9.24363e+00
 28  0.00303 -3.42304e+00 | 29 -0.00512 -7.95056e+00 | 30  0.00069 -5.73424e+00
 31  0.04299  6.65978e+00 | 32  0.00680 -1.76503e+00 | 33  0.00428 -1.12466e+00
 34  0.00869  3.26399e+00 | 35 -0.01375 -1.22994e+01 | 36 -0.02977 -1.33739e+01
 37  0.03263  1.88528e+00 | 38 -0.01343 -5.65659e+00 | 39  0.01141  3.82241e+00
 40 -0.00412  3.61394e+00 | 41 -0.03307 -2.17623e+00 | 42  0.00418 -1.51085e+00
 43  0.01027  4.49514e+00 | 44  0.00078  2.03895e+00 | 45 -0.00023  1.89508e+00
 46 -0.02130 -4.38386e+00 | 47 -0.01770 -4.45968e+00 | 48 -0.01169 -5.81826e+00
 49  0.00689  1.44912e-01 | 50  0.02069  5.98328e+00 | 51  0.01154  1.06546e+00
 52  0.00315 -3.00228e+00 | 53  0.07026  3.88485e+01 | 54 -0.01977  5.03387e+00
 55 -0.00320  1.55235e+01 | 56  0.03175  2.49877e+01 | 57 -0.02525  3.47501e+00
 58 -0.02112  2.80745e+00 | 59  0.03420  3.30727e+01 | 60 -0.03671  5.47914e+00
 61  0.01345  1.25405e+01 | 62 -0.01436  1.11964e+01 | 63 -0.06493 -8.75615e+00
 64 -0.04438 -1.59678e+01 | 65  0.03196  2.57118e+01 | 66 -0.00037  1.29532e+01
 67 -0.02100 -6.40036e+00 | 68  0.02676  3.25502e+01 | 69  0.02171  1.88340e+01
 70 -0.00688  7.55215e+00 | 71  0.00080  7.06511e+00 | 72 -0.01101  4.65482e+00
 73  0.02095  2.06428e+01 | 74  0.04080  1.41526e+01 | 75 -0.01636  1.45000e+01
 76 -0.02305  2.44171e+00 | 77 -0.00403  5.67794e+00 | 78  0.00718  9.62412e+00
 79 -0.00287  5.19995e+00 | 80 -0.02302  2.29794e+00 | 81 -0.00504  4.38631e-01
 82  0.01680  8.87653e+00 | 83 -0.01073  6.87279e+00 | 84 -0.03228 -6.83948e+00
 85  0.00734  3.04489e+00 | 86 -0.01181 -1.36758e+01 | 87  0.03926  1.67957e+01
 88 -0.00255 -4.75967e+00 | 89  0.05162  3.08167e+00 | 90  0.02443  4.46180e-01
 91  0.02807  3.44966e-02 | 92 -0.00319 -8.58310e+00 | 93  0.02420 -5.18196e+00
 94  0.00625 -6.26108e+00 | 95 -0.00680 -9.71686e+00 | 96  0.00010 -9.53299e+00
 97 -0.02138 -1.46978e+01 | 98  0.01020 -1.52509e+01 | 99 -0.00215 -1.54121e+01
100 -0.01297 -1.97974e+01 |101 -0.00247 -1.30542e+01 |102 -0.00099 -1.06575e+01
103 -0.00037 -1.17513e+01 |104 -0.00037 -1.17510e+01 |105  0.81736  4.10961e+00
106 -0.41231  1.87133e+01 |107  0.20432  1.27467e+01 |108 -0.25817 -4.96880e+00
108 variables; iteration 40; function evaluation 51; phase 4
Function value 2.1703112e+03; maximum gradient component mag 2.2943e+02
Var    Value     Gradient |Var    Value     Gradient |Var    Value     Gradient
  1 -0.45244  2.25052e+01 |  2 -0.42460  2.29435e+02 |  3 -0.40711  1.00661e+02
  4  0.63144  7.79830e+01 |  5  0.00967  7.81504e-01 |  6  0.00199  3.35991e-01
  7 -0.00189  2.88709e+00 |  8 -0.00395  3.81351e+00 |  9 -0.00508  4.19306e+00
 10  0.01209 -2.90041e+00 | 11 -0.00998 -3.48624e+00 | 12  0.00627 -4.39145e+00
 13 -0.01152 -3.75388e+00 | 14 -0.01116 -4.45407e+00 | 15 -0.02888 -4.17539e+00
 16 -0.00165 -4.21854e+00 | 17  0.01381 -1.04071e+01 | 18  0.02831 -1.08315e+01
 19 -0.04362 -2.07248e+00 | 20  0.01411  5.97369e+00 | 21  0.01967 -3.23928e+00
 22 -0.00937 -3.70494e+00 | 23  0.00550  8.12186e+00 | 24  0.01271  2.43087e+00
 25  0.01280  4.76517e+00 | 26 -0.03645  8.53055e+00 | 27 -0.05387 -8.19870e+00
 28  0.00247 -6.24974e+00 | 29 -0.00510 -2.95849e+00 | 30  0.00022 -8.34793e+00
 31  0.04306  7.47614e+00 | 32  0.00658 -1.68313e+00 | 33  0.00405 -1.28663e+00
 34  0.00857  4.54857e+00 | 35 -0.01426 -1.34703e+01 | 36 -0.02845  3.58022e+00
 37  0.03299  9.57706e+00 | 38 -0.01294  4.06218e+00 | 39  0.01097 -1.56172e+00
 40 -0.00499 -4.71745e+00 | 41 -0.03366 -2.61452e+00 | 42  0.00433  1.55825e+00
 43  0.00958 -6.78150e+00 | 44  0.00046 -1.39962e+00 | 45 -0.00043 -3.32261e-01
 46 -0.02118 -9.73049e-02 | 47 -0.01768 -2.42242e+00 | 48 -0.01176 -6.78016e+00
 49  0.00697 -2.37079e+00 | 50  0.02121  6.66143e+00 | 51  0.01136 -8.05049e+00
 52  0.00436  7.22052e+00 | 53  0.07061  1.47567e+01 | 54 -0.01987  1.84817e+00
 55 -0.00397 -4.74853e-01 | 56  0.03175  6.13400e+00 | 57 -0.02502  3.27213e+00
 58 -0.02086  1.71658e+00 | 59  0.03356 -1.42781e+01 | 60 -0.03691  4.46096e-01
 61  0.01350 -5.48403e-01 | 62 -0.01495 -6.01754e+00 | 63 -0.06508 -8.16998e+00
 64 -0.04323 -1.02927e+00 | 65  0.03194  2.96003e+00 | 66 -0.00021  1.25135e+01
 67 -0.02036 -1.11127e-01 | 68  0.02690  1.81821e+01 | 69  0.02083 -2.80363e+01
 70 -0.00700 -9.65125e-01 | 71  0.00091  6.79307e-01 | 72 -0.01077  5.90907e+00
 73  0.02050 -1.12811e+01 | 74  0.04097  3.47157e+00 | 75 -0.01661  8.10302e+00
 76 -0.02277  6.64940e+00 | 77 -0.00408 -4.29264e-01 | 78  0.00741  1.27710e+01
 79 -0.00331 -1.19140e+01 | 80 -0.02288  6.52038e+00 | 81 -0.00473  4.64632e+00
 82  0.01668 -1.81964e+00 | 83 -0.01098  4.04726e+00 | 84 -0.03096  1.95696e+01
 85  0.00754  7.89211e+00 | 86 -0.01092  3.91737e+00 | 87  0.03894 -3.43726e+00
 88 -0.00223  2.66011e+00 | 89  0.05170 -3.16421e+00 | 90  0.02422 -6.76299e+00
 91  0.02781 -9.68557e+00 | 92 -0.00271  4.47368e+00 | 93  0.02487  1.68545e+01
 94  0.00642  4.39444e+00 | 95 -0.00644  2.04502e+00 | 96  0.00046  4.21117e+00
 97 -0.02083 -2.37868e+00 | 98  0.01037 -6.35560e+00 | 99 -0.00092  3.80290e+00
100 -0.01124 -1.64137e+00 |101 -0.00251 -3.66353e+00 |102 -0.00049 -8.77886e-01
103 -0.00029 -2.31304e+00 |104 -0.00029 -2.31292e+00 |105  0.81672 -8.42935e-01
106 -0.41225  1.42796e+01 |107  0.20071  1.57651e+00 |108 -0.25857  8.77837e+00
108 variables; iteration 60; function evaluation 75; phase 4
Function value 2.1701400e+03; maximum gradient component mag 7.7638e+00
Var    Value     Gradient |Var    Value     Gradient |Var    Value     Gradient
  1 -0.45472  3.00914e+00 |  2 -0.42469  7.39376e+00 |  3 -0.40678  7.76380e+00
  4  0.63145  2.09846e+00 |  5  0.00961  4.36291e-01 |  6  0.00178 -3.42853e-02
  7 -0.00353  1.69770e-01 |  8 -0.00588  5.08467e-01 |  9 -0.00719  4.93057e-01
 10  0.01192 -9.27238e-01 | 11 -0.00989 -9.20292e-01 | 12  0.00730  4.78473e-01
 13 -0.01087  1.55386e-01 | 14 -0.01000  9.14216e-01 | 15 -0.02790  6.49711e-01
 16 -0.00112  5.11903e-02 | 17  0.01541 -8.20567e-01 | 18  0.02967 -4.29992e-02
 19 -0.04345  8.82415e-01 | 20  0.01313  1.58277e+00 | 21  0.01970 -7.98332e-01
 22 -0.00932 -1.26567e+00 | 23  0.00458  4.96501e-01 | 24  0.01244 -4.90928e-03
 25  0.01242  9.55403e-02 | 26 -0.03775  4.34779e-01 | 27 -0.05309 -1.36908e+00
 28  0.00278 -5.69797e-02 | 29 -0.00502  2.82533e-01 | 30  0.00067 -4.27519e-01
 31  0.04274  1.05070e+00 | 32  0.00658 -1.49943e-01 | 33  0.00403 -5.52047e-02
 34  0.00820  7.82420e-01 | 35 -0.01332 -1.37148e+00 | 36 -0.02902  1.37510e-01
 37  0.03262  1.79512e+00 | 38 -0.01340  3.20390e-01 | 39  0.01088 -1.92238e+00
 40 -0.00480 -9.42711e-01 | 41 -0.03355 -3.53759e-02 | 42  0.00414 -4.45043e-01
 43  0.00983 -2.06901e+00 | 44  0.00047 -7.00157e-01 | 45 -0.00048 -6.23304e-01
 46 -0.02124  1.40729e-01 | 47 -0.01754 -4.62154e-02 | 48 -0.01131 -8.27510e-01
 49  0.00713  5.65930e-02 | 50  0.02104  3.23846e+00 | 51  0.01191 -4.68260e-01
 52  0.00389  7.83228e-01 | 53  0.07037  4.61998e-01 | 54 -0.02009  9.64781e-03
 55 -0.00386  5.83521e-01 | 56  0.03167  1.52271e+00 | 57 -0.02527  4.73185e-01
 58 -0.02108 -1.33607e+00 | 59  0.03401 -2.37693e+00 | 60 -0.03699 -2.93733e-02
 61  0.01352 -8.38042e-01 | 62 -0.01481 -1.27333e+00 | 63 -0.06458 -1.39644e+00
 64 -0.04325 -8.40736e-01 | 65  0.03198 -4.02182e-02 | 66 -0.00065 -3.56851e-02
 67 -0.02029 -1.71870e-01 | 68  0.02650  1.53879e+00 | 69  0.02159 -3.71959e+00
 70 -0.00701 -3.53903e-01 | 71  0.00093 -2.78414e-01 | 72 -0.01103  4.19892e-01
 73  0.02087 -1.88837e+00 | 74  0.04095  1.79975e-01 | 75 -0.01697  7.90537e-01
 76 -0.02304  1.47195e+00 | 77 -0.00389  3.05224e+00 | 78  0.00704  8.06868e-01
 79 -0.00290 -1.57656e+00 | 80 -0.02321  8.03605e-01 | 81 -0.00484  9.84334e-01
 82  0.01673 -3.46115e-01 | 83 -0.01112  7.98224e-01 | 84 -0.03208  1.04473e+00
 85  0.00738  1.29846e+00 | 86 -0.01106  1.29186e+00 | 87  0.03906 -6.74315e-01
 88 -0.00241 -1.14539e-02 | 89  0.05180 -5.94087e-01 | 90  0.02440  2.14382e-01
 91  0.02804 -1.96322e+00 | 92 -0.00298  2.14516e-01 | 93  0.02427 -3.08465e-01
 94  0.00621  2.02803e+00 | 95 -0.00666  4.43748e-01 | 96  0.00005  6.20257e-01
 97 -0.02091 -2.41668e-01 | 98  0.01043 -2.75697e-01 | 99 -0.00156  4.95524e-01
100 -0.01146  3.16453e-01 |101 -0.00203  8.11423e-01 |102 -0.00154 -3.22541e-01
103 -0.00030 -2.90384e-02 |104 -0.00030 -2.90698e-02 |105  0.81604 -4.67968e-01
106 -0.41229  3.48214e+00 |107  0.19881 -1.48873e-01 |108 -0.25910  2.43248e+00
Maximum number of function evaluations exceeded

 - final statistics:
108 variables; iteration 80; function evaluation 100
Function value 2.1701e+03; maximum gradient component mag 2.6193e+00
Exit code = 3;  converg criter 1.0000e+00
Var    Value     Gradient |Var    Value     Gradient |Var    Value     Gradient
  1 -0.45515  1.03350e+00 |  2 -0.42469  2.19294e+00 |  3 -0.40672  2.61927e+00
  4  0.63143  5.46197e-01 |  5  0.00944  2.92453e-02 |  6  0.00194  1.78264e-01
  7 -0.00349  2.16352e-01 |  8 -0.00587  5.02164e-01 |  9 -0.00755 -1.62237e-01
 10  0.01221 -3.22871e-01 | 11 -0.00946 -3.21870e-02 | 12  0.00702 -1.83742e-01
 13 -0.01098 -7.54655e-02 | 14 -0.01016  5.18529e-01 | 15 -0.02807  2.46416e-01
 16 -0.00126 -4.13687e-01 | 17  0.01555 -2.43390e-01 | 18  0.02965 -2.29944e-01
 19 -0.04370  5.11133e-02 | 20  0.01293  1.80705e-01 | 21  0.01982  2.66196e-01
 22 -0.00936 -1.54258e+00 | 23  0.00454  1.43515e-01 | 24  0.01244  9.71103e-02
 25  0.01241  5.49774e-02 | 26 -0.03783 -8.87861e-02 | 27 -0.05290 -1.40717e-01
 28  0.00276 -1.48508e-01 | 29 -0.00502  2.78218e-01 | 30  0.00071  9.08203e-02
 31  0.04271  1.81666e-01 | 32  0.00660 -4.76760e-02 | 33  0.00404  5.22898e-02
 34  0.00816  1.52023e-01 | 35 -0.01319  1.62747e-01 | 36 -0.02897  4.92268e-01
 37  0.03257  7.60983e-01 | 38 -0.01336  6.45430e-01 | 39  0.01097 -7.25042e-01
 40 -0.00476 -5.69610e-01 | 41 -0.03355 -1.09214e-01 | 42  0.00419  2.00226e-01
 43  0.00993 -5.59771e-01 | 44  0.00053  5.56344e-02 | 45 -0.00043 -4.82211e-02
 46 -0.02120  4.79398e-01 | 47 -0.01752  8.71640e-02 | 48 -0.01126 -2.57392e-01
 49  0.00713 -7.21523e-02 | 50  0.02092  9.97810e-01 | 51  0.01193 -1.44599e-01
 52  0.00383  8.19590e-02 | 53  0.07035 -9.14804e-02 | 54 -0.02008  1.61229e-01
 55 -0.00386  6.19387e-01 | 56  0.03162  1.07872e-01 | 57 -0.02530 -1.50374e-02
 58 -0.02097  1.46462e-01 | 59  0.03406 -8.33005e-01 | 60 -0.03699 -5.56840e-02
 61  0.01354 -3.50011e-01 | 62 -0.01479 -5.83859e-01 | 63 -0.06450 -5.20549e-01
 64 -0.04320 -1.60970e-01 | 65  0.03199 -5.54215e-02 | 66 -0.00066 -1.38009e-01
 67 -0.02029 -5.19622e-01 | 68  0.02648  4.31291e-01 | 69  0.02167 -1.17368e+00
 70 -0.00694  1.17111e+00 | 71  0.00092 -5.80111e-01 | 72 -0.01105 -1.56575e-01
 73  0.02092 -5.09068e-01 | 74  0.04096  5.50926e-02 | 75 -0.01701 -2.01100e-01
 76 -0.02305  9.72696e-01 | 77 -0.00397  8.32050e-01 | 78  0.00702  1.78048e-01
 79 -0.00285 -4.70358e-01 | 80 -0.02327 -3.85218e-01 | 81 -0.00486  3.03219e-01
 82  0.01674 -1.09716e-01 | 83 -0.01116 -1.64053e-01 | 84 -0.03210  4.76101e-01
 85  0.00736  3.45319e-01 | 86 -0.01111 -5.45348e-02 | 87  0.03908 -1.92074e-01
 88 -0.00240  2.20154e-01 | 89  0.05182 -1.68878e-01 | 90  0.02440  8.21582e-02
 91  0.02809 -5.08325e-01 | 92 -0.00300 -2.26662e-01 | 93  0.02429 -8.67515e-02
 94  0.00616  8.03098e-01 | 95 -0.00666  2.22286e-01 | 96  0.00004  3.23027e-01
 97 -0.02092 -3.95746e-01 | 98  0.01046  2.98019e-01 | 99 -0.00156  6.11569e-01
100 -0.01152 -4.42403e-02 |101 -0.00215  4.30894e-01 |102 -0.00164 -4.42882e-01
103 -0.00030  1.47853e-02 |104 -0.00030  1.47469e-02 |105  0.81597 -2.39544e-01
106 -0.41229  1.51942e+00 |107  0.19854 -1.41548e-01 |108 -0.25917  9.79990e-01

Initial statistics: 110 variables; iteration 0; function evaluation 0; phase 5
Function value 2.1701363e+03; maximum gradient component mag -5.2067e+01
Var    Value     Gradient |Var    Value     Gradient |Var    Value     Gradient
  1 -0.45515  1.03350e+00 |  2 -0.42469  2.19294e+00 |  3 -0.40672  2.61927e+00
  4 -0.41222  1.96950e+01 |  5 -0.41222 -5.20670e+01 |  6  0.63143  5.46197e-01
  7  0.00944  2.92453e-02 |  8  0.00194  1.78264e-01 |  9 -0.00349  2.16352e-01
 10 -0.00587  5.02164e-01 | 11 -0.00755 -1.62237e-01 | 12  0.01221 -3.22285e-01
 13 -0.00946 -3.16010e-02 | 14  0.00702 -1.83156e-01 | 15 -0.01098 -7.48795e-02
 16 -0.01016  5.19115e-01 | 17 -0.02807  2.47002e-01 | 18 -0.00126 -4.13101e-01
 19  0.01555 -2.42804e-01 | 20  0.02965 -2.29358e-01 | 21 -0.04370  5.16980e-02
 22  0.01293  1.81291e-01 | 23  0.01982  2.66782e-01 | 24 -0.00936 -1.54200e+00
 25  0.00454  1.44102e-01 | 26  0.01244  9.76963e-02 | 27  0.01241  5.55634e-02
 28 -0.03783 -8.82011e-02 | 29 -0.05290 -1.40133e-01 | 30  0.00276 -1.47921e-01
 31 -0.00502  2.78804e-01 | 32  0.00071  9.14064e-02 | 33  0.04271  1.82251e-01
 34  0.00660 -4.70899e-02 | 35  0.00404  5.28759e-02 | 36  0.00816  1.52609e-01
 37 -0.01319  1.63333e-01 | 38 -0.02897  4.92854e-01 | 39  0.03257  7.61568e-01
 40 -0.01336  6.46016e-01 | 41  0.01097 -7.24456e-01 | 42 -0.00476 -5.69024e-01
 43 -0.03355 -1.08629e-01 | 44  0.00419  2.00812e-01 | 45  0.00993 -5.59185e-01
 46  0.00053  5.62204e-02 | 47 -0.00043 -4.76350e-02 | 48 -0.02120  4.79984e-01
 49 -0.01752  8.77499e-02 | 50 -0.01126 -2.56806e-01 | 51  0.00713 -7.15662e-02
 52  0.02092  9.98396e-01 | 53  0.01193 -1.44013e-01 | 54  0.00383  8.25450e-02
 55  0.07035 -9.08979e-02 | 56 -0.02008  1.61814e-01 | 57 -0.00386  6.19973e-01
 58  0.03162  1.08457e-01 | 59 -0.02530 -1.44517e-02 | 60 -0.02097  1.47048e-01
 61  0.03406 -8.32420e-01 | 62 -0.03699 -5.50989e-02 | 63  0.01354 -3.49425e-01
 64 -0.01479 -5.83274e-01 | 65 -0.06450 -5.19966e-01 | 66 -0.04320 -1.60386e-01
 67  0.03199 -5.48361e-02 | 68 -0.00066 -1.37422e-01 | 69 -0.02029 -5.19036e-01
 70  0.02648  4.31877e-01 | 71  0.02167 -1.17310e+00 | 72 -0.00694  1.17170e+00
 73  0.00092 -5.79525e-01 | 74 -0.01105 -1.55989e-01 | 75  0.02092 -5.08482e-01
 76  0.04096  5.56775e-02 | 77 -0.01701 -2.00515e-01 | 78 -0.02305  9.73282e-01
 79 -0.00397  8.32636e-01 | 80  0.00702  1.78634e-01 | 81 -0.00285 -4.69771e-01
 82 -0.02327 -3.84632e-01 | 83 -0.00486  3.03805e-01 | 84  0.01674 -1.09130e-01
 85 -0.01116 -1.63467e-01 | 86 -0.03210  4.76687e-01 | 87  0.00736  3.45905e-01
 88 -0.01111 -5.39488e-02 | 89  0.03908 -1.91489e-01 | 90 -0.00240  2.20740e-01
 91  0.05182 -1.68293e-01 | 92  0.02440  8.27439e-02 | 93  0.02809 -5.07739e-01
 94 -0.00300 -2.26076e-01 | 95  0.02429 -8.61659e-02 | 96  0.00616  8.03684e-01
 97 -0.00666  2.22873e-01 | 98  0.00004  3.23613e-01 | 99 -0.02092 -3.95161e-01
100  0.01046  2.98605e-01 |101 -0.00156  6.12155e-01 |102 -0.01152 -4.36543e-02
103 -0.00215  4.31480e-01 |104 -0.00164 -4.42296e-01 |105 -0.00030  1.53714e-02
106 -0.00030  1.53330e-02 |107  0.81597 -2.39544e-01 |108 -0.41229  1.51942e+00
109  0.19854 -1.41548e-01 |110 -0.25917  9.79990e-01 |

Intermediate statistics: 110 variables; iteration 20; function evaluation 23; phase 5
Function value 2.1692025e+03; maximum gradient component mag 2.5939e+02
Var    Value     Gradient |Var    Value     Gradient |Var    Value     Gradient
  1 -0.45079  3.65869e+01 |  2 -0.42615  2.59388e+02 |  3 -0.40252  1.18375e+02
  4 -0.45799  1.61794e+01 |  5 -0.39677 -7.27462e+00 |  6  0.63118 -1.17122e+01
  7  0.00971  6.75484e-01 |  8  0.00206  4.05203e-01 |  9 -0.00331  5.14525e-01
 10 -0.00555  1.03604e+00 | 11 -0.00749 -9.22135e-02 | 12  0.01228  3.88887e-02
 13 -0.00929  4.89618e-01 | 14  0.00715  1.39567e-01 | 15 -0.01082  2.47302e-01
 16 -0.00991  9.09583e-01 | 17 -0.02788  4.42661e-01 | 18 -0.00126 -1.36865e+00
 19  0.01548 -2.50059e+00 | 20  0.02920 -6.21167e+00 | 21 -0.04376 -1.20542e+00
 22  0.01203 -9.37305e+00 | 23  0.01834 -1.66564e+01 | 24 -0.00938 -3.67625e+00
 25  0.00382 -8.58817e+00 | 26  0.01213 -5.10882e+00 | 27  0.01219 -3.35579e+00
 28 -0.03724  5.00607e+00 | 29 -0.05209  5.84264e+00 | 30  0.00313  6.95510e+00
 31 -0.00538 -2.65009e+00 | 32  0.00050 -3.87045e+00 | 33  0.04305  6.88172e+00
 34  0.00622 -6.77209e+00 | 35  0.00382 -5.01524e+00 | 36  0.00750 -1.09141e+01
 37 -0.01346 -2.18148e+00 | 38 -0.02875  2.61044e+00 | 39  0.03237 -2.76729e+00
 40 -0.01368 -3.03066e+00 | 41  0.01163  9.18748e+00 | 42 -0.00430  4.75391e+00
 43 -0.03342  8.40309e-01 | 44  0.00414 -1.49954e+00 | 45  0.01027  4.15126e+00
 46  0.00033 -3.61405e+00 | 47 -0.00033  2.45556e-01 | 48 -0.02136 -1.89526e+00
 49 -0.01757 -4.64610e-01 | 50 -0.01095  3.42544e+00 | 51  0.00715 -1.33884e-01
 52  0.02014 -1.29742e+01 | 53  0.01219  1.41997e+00 | 54  0.00359 -3.39202e+00
 55  0.07059  4.65147e+00 | 56 -0.02007 -1.85892e+00 | 57 -0.00397 -4.53285e+00
 58  0.03253  1.94666e+01 | 59 -0.02522 -8.22008e-01 | 60 -0.02109 -4.23068e+00
 61  0.03318 -3.69719e+01 | 62 -0.03674  2.07407e-01 | 63  0.01363 -3.69957e+00
 64 -0.01470  2.83190e+00 | 65 -0.06379  1.08862e+01 | 66 -0.04132  2.98096e+01
 67  0.03196  7.26288e+00 | 68 -0.00051  6.99642e+00 | 69 -0.01932  1.92030e+01
 70  0.02626 -2.43475e+00 | 71  0.02139 -1.34804e+01 | 72 -0.00723 -1.66862e-01
 73  0.00085 -6.45384e+00 | 74 -0.01127 -3.35818e+00 | 75  0.02019 -2.62137e+01
 76  0.04048 -1.79794e+01 | 77 -0.01670 -1.05260e+00 | 78 -0.02338 -3.84130e+00
 79 -0.00350  1.23174e+01 | 80  0.00726  1.44313e+01 | 81 -0.00297 -4.86067e+00
 82 -0.02326  2.10396e+00 | 83 -0.00489  2.24845e+00 | 84  0.01640 -5.95146e+00
 85 -0.01092  3.02470e+00 | 86 -0.03200  2.32860e+00 | 87  0.00717  2.09148e+00
 88 -0.01054  1.34678e+01 | 89  0.03885 -1.63178e+00 | 90 -0.00220  4.02594e+00
 91  0.05172  7.31257e-03 | 92  0.02472  1.02702e+01 | 93  0.02790 -3.84370e+00
 94 -0.00261  9.53966e+00 | 95  0.02413 -2.40195e+00 | 96  0.00614  5.43097e+00
 97 -0.00603  1.33910e+01 | 98 -0.00011  8.14248e+00 | 99 -0.01981  1.43235e+01
100  0.00979  1.02766e-01 |101 -0.00194 -6.89229e-01 |102 -0.01201  1.02903e+00
103 -0.00278 -4.40376e-01 |104 -0.00136  1.27865e-01 |105 -0.00027  4.00580e-01
106 -0.00027  4.00513e-01 |107  0.83505 -2.08700e+00 |108 -0.41005  4.74616e+01
109  0.19620 -1.92099e+01 |110 -0.26027  1.29157e+01 |
110 variables; iteration 40; function evaluation 44; phase 5
Function value 2.1688398e+03; maximum gradient component mag 1.7824e+02
Var    Value     Gradient |Var    Value     Gradient |Var    Value     Gradient
  1 -0.45546  2.36027e+01 |  2 -0.42726  1.78241e+02 |  3 -0.39912  7.95672e+01
  4 -0.47226  9.24793e+00 |  5 -0.39025 -1.34636e+00 |  6  0.63155  1.19297e+00
  7  0.00849 -2.01780e+00 |  8  0.00192 -2.97907e-02 |  9 -0.00330  4.26353e-01
 10 -0.00552  9.98473e-01 | 11 -0.00768 -5.28768e-01 | 12  0.01222 -5.29264e-01
 13 -0.00957 -4.74705e-01 | 14  0.00721 -1.64017e-01 | 15 -0.01086 -2.93688e-01
 16 -0.01019 -2.76660e-01 | 17 -0.02789 -1.08243e-01 | 18 -0.00070 -2.96821e-01
 19  0.01719  3.84715e+00 | 20  0.02958 -5.48630e+00 | 21 -0.04334 -6.12712e-01
 22  0.01365  1.47520e-01 | 23  0.01915 -1.12996e+01 | 24 -0.00895 -1.74119e+00
 25  0.00524  4.11761e+00 | 26  0.01185 -9.73832e+00 | 27  0.01205 -7.02085e+00
 28 -0.03748  1.95576e+00 | 29 -0.05281  2.31415e-01 | 30  0.00276  9.59709e-02
 31 -0.00532 -3.39320e+00 | 32  0.00114  3.41072e+00 | 33  0.04316  7.56596e+00
 34  0.00663 -2.23981e+00 | 35  0.00390 -5.12972e+00 | 36  0.00761 -1.05831e+01
 37 -0.01354 -3.74428e+00 | 38 -0.02876  2.19288e+00 | 39  0.03277  6.03337e+00
 40 -0.01325  1.40793e+00 | 41  0.01155  7.91173e+00 | 42 -0.00444  2.61121e+00
 43 -0.03332  1.33214e+00 | 44  0.00414 -1.73777e+00 | 45  0.01028  4.21478e+00
 46  0.00030 -4.21612e+00 | 47 -0.00064 -4.40711e+00 | 48 -0.02138 -2.13055e+00
 49 -0.01773 -2.23871e+00 | 50 -0.01100  2.76404e+00 | 51  0.00682 -4.21485e+00
 52  0.02106  3.63481e+00 | 53  0.01174 -4.43607e+00 | 54  0.00357 -3.05183e+00
 55  0.07052  5.10697e+00 | 56 -0.01988  1.33268e-01 | 57 -0.00387 -3.02870e+00
 58  0.03184  4.55842e+00 | 59 -0.02541 -2.33965e+00 | 60 -0.02117 -3.89207e+00
 61  0.03366 -1.55056e+01 | 62 -0.03716 -3.81858e+00 | 63  0.01324 -1.30186e+01
 64 -0.01473  4.22306e+00 | 65 -0.06418  7.13360e+00 | 66 -0.04225  1.46024e+01
 67  0.03179  4.27238e+00 | 68 -0.00056  9.03936e+00 | 69 -0.01950  1.67156e+01
 70  0.02612 -3.43859e+00 | 71  0.02177  1.12082e+00 | 72 -0.00768 -7.32413e+00
 73  0.00109  4.36661e-01 | 74 -0.01104  3.94209e+00 | 75  0.02036 -1.78743e+01
 76  0.04057 -8.04315e+00 | 77 -0.01661  7.52244e-01 | 78 -0.02339 -3.31525e+00
 79 -0.00373  7.42954e+00 | 80  0.00697  8.02283e+00 | 81 -0.00322 -1.13247e+01
 82 -0.02353 -2.04115e+00 | 83 -0.00501  1.31786e+00 | 84  0.01631 -4.56779e+00
 85 -0.01065  1.13994e+01 | 86 -0.03212  1.04384e+00 | 87  0.00718  5.36701e+00
 88 -0.01114  1.05051e+00 | 89  0.03878 -2.37279e-01 | 90 -0.00217  5.50550e+00
 91  0.05163 -7.53130e-01 | 92  0.02431 -1.28413e+00 | 93  0.02777 -5.61853e+00
 94 -0.00287  6.09088e+00 | 95  0.02442  1.08561e+01 | 96  0.00611  9.32869e+00
 97 -0.00672  3.90299e+00 | 98 -0.00049  5.40704e+00 | 99 -0.02013  1.19682e+01
100  0.00905 -7.68554e+00 |101 -0.00207  4.11305e-01 |102 -0.01164  4.20701e+00
103 -0.00329 -1.89872e+00 |104 -0.00089  4.63620e-01 |105 -0.00024  1.23011e-01
106 -0.00024  1.22874e-01 |107  0.83502 -4.68089e+00 |108 -0.41004  4.27866e+01
109  0.19693 -1.11290e+01 |110 -0.25982  7.94514e+00 |
110 variables; iteration 60; function evaluation 74; phase 5
Function value 2.1686626e+03; maximum gradient component mag 5.4804e+01
Var    Value     Gradient |Var    Value     Gradient |Var    Value     Gradient
  1 -0.46057  8.14921e+00 |  2 -0.42833  5.48037e+01 |  3 -0.39584  2.75339e+01
  4 -0.48319  3.31550e+00 |  5 -0.38445  7.30451e-01 |  6  0.63167 -2.94177e+00
  7  0.00959 -2.78465e-01 |  8 -0.00020 -3.14194e+00 |  9 -0.00409 -8.88038e-01
 10 -0.00620 -2.05575e-01 | 11 -0.00737 -5.60529e-02 | 12  0.01329  1.49258e+00
 13 -0.00981 -1.06499e+00 | 14  0.00827  2.08735e+00 | 15 -0.00996  1.53789e+00
 16 -0.00897  2.43487e+00 | 17 -0.02701  1.70834e+00 | 18 -0.00105 -2.16616e+00
 19  0.01568 -3.95642e+00 | 20  0.02983 -5.94894e+00 | 21 -0.04343 -1.60528e+00
 22  0.01362 -2.07866e+00 | 23  0.02026 -3.73052e+00 | 24 -0.00826  1.93930e+00
 25  0.00521  2.67677e+00 | 26  0.01255 -2.04637e+00 | 27  0.01252 -1.55313e+00
 28 -0.03773 -2.62313e-01 | 29 -0.05309 -1.71821e+00 | 30  0.00298  2.34948e+00
 31 -0.00488  8.41845e-01 | 32  0.00123  3.11096e+00 | 33  0.04314  3.88704e+00
 34  0.00688 -3.12883e-01 | 35  0.00430 -5.17802e-01 | 36  0.00822 -1.94767e+00
 37 -0.01311  9.25025e-01 | 38 -0.02876  2.16238e+00 | 39  0.03260  2.11578e+00
 40 -0.01361 -2.91100e+00 | 41  0.01111  6.47736e-01 | 42 -0.00451  1.47282e+00
 43 -0.03315  2.86944e+00 | 44  0.00423 -5.39642e-01 | 45  0.01005  2.88663e-01
 46  0.00051 -1.16701e+00 | 47 -0.00037 -4.57311e-01 | 48 -0.02127 -7.48090e-01
 49 -0.01746  7.60751e-01 | 50 -0.01124 -6.59849e-02 | 51  0.00705 -7.52452e-01
 52  0.02086  3.36411e-01 | 53  0.01206  5.21449e-01 | 54  0.00374 -3.74952e-01
 55  0.07038  5.13330e-01 | 56 -0.01974  1.45507e+00 | 57 -0.00362  1.74478e-01
 58  0.03166  1.00548e+00 | 59 -0.02521  4.25736e-01 | 60 -0.02103 -1.40030e+00
 61  0.03394 -3.72266e+00 | 62 -0.03711 -1.96964e+00 | 63  0.01353 -1.96472e+00
 64 -0.01475  4.17406e+00 | 65 -0.06470  1.20229e+00 | 66 -0.04285  3.84668e+00
 67  0.03171  1.33173e+00 | 68 -0.00082  2.03085e+00 | 69 -0.02017  3.54156e+00
 70  0.02619 -5.23713e-01 | 71  0.02174 -1.73245e-01 | 72 -0.00751 -2.59804e+00
 73  0.00107 -2.78438e-01 | 74 -0.01114  2.11143e+00 | 75  0.02080 -3.45110e+00
 76  0.04069 -1.96798e+00 | 77 -0.01660 -9.22355e-02 | 78 -0.02316 -9.49121e-02
 79 -0.00403 -8.55392e-01 | 80  0.00677  2.07109e+00 | 81 -0.00286 -1.91648e+00
 82 -0.02345  2.88812e-01 | 83 -0.00514 -1.35848e+00 | 84  0.01641 -6.00171e-01
 85 -0.01118 -2.77174e-01 | 86 -0.03210  5.47739e-01 | 87  0.00696  2.02345e-02
 88 -0.01110  9.52003e-01 | 89  0.03874  3.00694e-01 | 90 -0.00234  1.47589e+00
 91  0.05162  1.22606e-02 | 92  0.02441  2.10272e+00 | 93  0.02787 -9.62022e-01
 94 -0.00310  1.75616e+00 | 95  0.02407  2.64017e+00 | 96  0.00562  5.53518e-01
 97 -0.00695  2.44006e+00 | 98 -0.00093  7.96116e-01 | 99 -0.02115  2.13570e+00
100  0.00912 -1.74929e+00 |101 -0.00284 -4.64711e+00 |102 -0.01262 -1.52088e+00
103 -0.00338 -1.43546e+00 |104 -0.00288 -2.64294e+00 |105 -0.00065 -4.61825e-01
106 -0.00065 -4.61268e-01 |107  0.83753 -3.74173e+00 |108 -0.40977  2.89832e+01
109  0.19795 -2.37014e+00 |110 -0.25920  4.79875e+00 |
110 variables; iteration 80; function evaluation 100; phase 5
Function value 2.1686274e+03; maximum gradient component mag 4.1691e+00
Var    Value     Gradient |Var    Value     Gradient |Var    Value     Gradient
  1 -0.46246  3.94442e-01 |  2 -0.42871  1.43729e+00 |  3 -0.39463  1.03971e+00
  4 -0.48838  1.51687e-01 |  5 -0.38229  2.83921e-01 |  6  0.63182 -7.99573e-01
  7  0.00953  8.54558e-02 |  8  0.00172 -1.85427e-01 |  9 -0.00348  1.82639e-01
 10 -0.00621 -1.57098e-01 | 11 -0.00741 -4.32521e-02 | 12  0.01233 -3.87630e-01
 13 -0.00914  2.82459e-01 | 14  0.00774  8.78592e-01 | 15 -0.01029  8.00339e-01
 16 -0.01030 -8.94387e-01 | 17 -0.02776 -1.33435e-01 | 18 -0.00028  3.97044e-01
 19  0.01657 -4.60670e-02 | 20  0.03081 -7.91860e-02 | 21 -0.04304 -3.62530e-01
 22  0.01390 -1.36881e-01 | 23  0.02062 -4.69854e-01 | 24 -0.00852  1.41515e-01
 25  0.00491 -4.68966e-02 | 26  0.01270  2.29809e-01 | 27  0.01266  6.72133e-01
 28 -0.03768  2.37476e-01 | 29 -0.05283  5.93062e-03 | 30  0.00280  5.20757e-02
 31 -0.00493  1.12397e-01 | 32  0.00097 -5.56412e-01 | 33  0.04295 -9.20341e-02
 34  0.00689  1.85881e-01 | 35  0.00432  2.85423e-01 | 36  0.00828 -4.18035e-01
 37 -0.01333 -1.15116e+00 | 38 -0.02913 -9.18375e-01 | 39  0.03245  1.05317e-01
 40 -0.01327  1.09689e+00 | 41  0.01099 -4.24959e-01 | 42 -0.00468 -3.94897e-01
 43 -0.03363 -1.18777e+00 | 44  0.00431  1.08404e+00 | 45  0.00997 -4.09221e-01
 46  0.00058  4.18893e-01 | 47 -0.00037  4.84510e-02 | 48 -0.02119  4.11924e-01
 49 -0.01759 -3.83463e-01 | 50 -0.01133 -8.42929e-01 | 51  0.00703 -6.50559e-01
 52  0.02081  5.98264e-02 | 53  0.01198 -3.84846e-01 | 54  0.00375  5.19751e-03
 55  0.07034  5.02145e-02 | 56 -0.01980  9.49873e-01 | 57 -0.00361  3.93468e-01
 58  0.03160  1.27343e-01 | 59 -0.02525  3.14116e-01 | 60 -0.02095  2.24334e-01
 61  0.03401  3.28541e-01 | 62 -0.03709 -9.70604e-01 | 63  0.01356  1.53774e-01
 64 -0.01496  7.85125e-02 | 65 -0.06489 -6.24878e-01 | 66 -0.04308  1.62601e-01
 67  0.03164 -6.79328e-03 | 68 -0.00095  3.25056e-02 | 69 -0.02037 -2.17690e-02
 70  0.02616  8.70436e-02 | 71  0.02172  9.36986e-02 | 72 -0.00745  1.10370e-01
 73  0.00107  1.87172e-01 | 74 -0.01128 -3.79259e-02 | 75  0.02089  2.12713e-01
 76  0.04068  1.34804e-01 | 77 -0.01665 -9.43812e-01 | 78 -0.02319 -1.31408e-01
 79 -0.00402  1.19000e-01 | 80  0.00665 -5.62668e-02 | 81 -0.00281 -1.52457e-02
 82 -0.02348  8.20393e-01 | 83 -0.00512 -2.84163e-03 | 84  0.01638  1.07342e-01
 85 -0.01122 -1.60091e-01 | 86 -0.03214  1.84952e-01 | 87  0.00692  5.39405e-02
 88 -0.01115  1.22464e-01 | 89  0.03869  5.69515e-04 | 90 -0.00239  8.41125e-01
 91  0.05160  2.16390e-02 | 92  0.02432 -1.54404e-03 | 93  0.02788  1.15118e-01
 94 -0.00322 -2.14130e-01 | 95  0.02396 -4.79583e-02 | 96  0.00559  5.99939e-01
 97 -0.00711 -3.40215e-01 | 98 -0.00104 -5.29900e-01 | 99 -0.02129  2.46499e-01
100  0.00919  4.12056e-01 |101 -0.00250 -8.72694e-01 |102 -0.01240  2.19075e-02
103 -0.00291  7.92685e-02 |104 -0.00095  2.61701e-01 |105 -0.00029  2.76444e-02
106 -0.00029  2.76226e-02 |107  0.83903 -7.28844e-01 |108 -0.40965  4.16908e+00
109  0.19781  2.06930e-03 |110 -0.25919  1.04395e-01 |
110 variables; iteration 100; function evaluation 133; phase 5
Function value 2.1686262e+03; maximum gradient component mag 1.3710e+00
Var    Value     Gradient |Var    Value     Gradient |Var    Value     Gradient
  1 -0.46249  1.15829e-01 |  2 -0.42872  1.72943e-01 |  3 -0.39460  2.65762e-01
  4 -0.48856  4.59413e-02 |  5 -0.38225  6.93297e-02 |  6  0.63181 -3.14746e-01
  7  0.00948  1.34035e-02 |  8  0.00183 -2.34621e-02 |  9 -0.00354  7.55405e-02
 10 -0.00612 -4.88261e-03 | 11 -0.00725  2.19653e-01 | 12  0.01249 -7.74378e-02
 13 -0.00931 -8.05387e-02 | 14  0.00742  1.19771e-01 | 15 -0.01062  1.16951e-02
 16 -0.01001 -1.82118e-01 | 17 -0.02764  1.61597e-01 | 18 -0.00040 -2.92102e-03
 19  0.01658  2.28162e-03 | 20  0.03082 -2.11497e-02 | 21 -0.04293  5.44023e-03
 22  0.01392  6.80270e-03 | 23  0.02067 -4.08272e-02 | 24 -0.00854  3.97482e-03
 25  0.00491 -1.58989e-02 | 26  0.01269  2.46632e-02 | 27  0.01262  7.08064e-02
 28 -0.03771  2.78628e-03 | 29 -0.05282  4.36404e-02 | 30  0.00282  2.33124e-01
 31 -0.00494 -5.19235e-02 | 32  0.00101 -2.28414e-02 | 33  0.04296 -8.86130e-03
 34  0.00687 -9.52861e-02 | 35  0.00431  5.68920e-02 | 36  0.00832  1.38073e-01
 37 -0.01323 -2.06935e-02 | 38 -0.02904 -8.00691e-02 | 39  0.03245  2.52959e-02
 40 -0.01336  5.84579e-02 | 41  0.01101 -1.31064e-01 | 42 -0.00465 -1.02374e-02
 43 -0.03349 -4.19489e-03 | 44  0.00426  2.20813e-01 | 45  0.01000  5.70446e-02
 46  0.00056  3.33642e-02 | 47 -0.00037 -7.13579e-02 | 48 -0.02122  1.54748e-02
 49 -0.01756 -1.23410e-02 | 50 -0.01125 -1.41854e-02 | 51  0.00709  1.63086e-01
 52  0.02082  6.45405e-02 | 53  0.01198 -4.24420e-01 | 54  0.00376  4.16411e-02
 55  0.07034 -4.90592e-02 | 56 -0.01989  8.91554e-02 | 57 -0.00364 -1.01392e-03
 58  0.03159 -5.69788e-02 | 59 -0.02526  9.62522e-02 | 60 -0.02097 -4.38469e-02
 61  0.03400  4.55233e-02 | 62 -0.03702 -7.36706e-02 | 63  0.01355 -2.53232e-03
 64 -0.01496 -5.17635e-04 | 65 -0.06483 -3.22155e-02 | 66 -0.04308  9.94067e-04
 67  0.03164 -2.82391e-02 | 68 -0.00095  4.64605e-03 | 69 -0.02037 -6.03009e-02
 70  0.02616 -1.61206e-03 | 71  0.02172  5.93257e-03 | 72 -0.00745 -7.73278e-03
 73  0.00107 -3.61899e-03 | 74 -0.01128  2.81483e-04 | 75  0.02088  3.87857e-02
 76  0.04067  1.00175e-02 | 77 -0.01660 -2.14175e-02 | 78 -0.02319 -5.18757e-02
 79 -0.00402 -2.05538e-02 | 80  0.00665 -2.56677e-02 | 81 -0.00281  1.75725e-02
 82 -0.02351  1.91142e-02 | 83 -0.00512 -2.62033e-02 | 84  0.01638  1.85960e-02
 85 -0.01121 -5.69395e-02 | 86 -0.03215  2.96516e-03 | 87  0.00692  2.02709e-02
 88 -0.01115 -4.25913e-02 | 89  0.03869  1.15065e-02 | 90 -0.00243 -7.25877e-02
 91  0.05160  1.33088e-02 | 92  0.02432 -1.65050e-02 | 93  0.02788  7.12547e-03
 94 -0.00320  1.18030e-01 | 95  0.02396 -2.70425e-02 | 96  0.00557  1.77129e-02
 97 -0.00709  2.75563e-02 | 98 -0.00101 -5.29592e-02 | 99 -0.02130  1.53921e-02
100  0.00917  2.36225e-02 |101 -0.00241 -4.39384e-02 |102 -0.01240  1.00975e-02
103 -0.00291  2.41415e-02 |104 -0.00107  5.59110e-02 |105 -0.00034 -5.25591e-02
106 -0.00034 -5.25119e-02 |107  0.83924 -2.36903e-01 |108 -0.40963  1.37102e+00
109  0.19779  2.04665e-02 |110 -0.25919  2.70280e-02 |
110 variables; iteration 120; function evaluation 164; phase 5
Function value 2.1686261e+03; maximum gradient component mag 4.7672e-04
Var    Value     Gradient |Var    Value     Gradient |Var    Value     Gradient
  1 -0.46250  3.34269e-05 |  2 -0.42872  1.91003e-05 |  3 -0.39459  7.10448e-05
  4 -0.48865  1.30078e-05 |  5 -0.38223  2.11979e-05 |  6  0.63182 -1.26487e-04
  7  0.00947 -2.31676e-06 |  8  0.00184  2.78399e-06 |  9 -0.00359 -2.44146e-06
 10 -0.00612  7.12801e-06 | 11 -0.00738 -1.32645e-05 | 12  0.01253  9.57247e-06
 13 -0.00927  5.11892e-06 | 14  0.00737 -7.34938e-06 | 15 -0.01063 -4.59146e-06
 16 -0.00994  1.69278e-05 | 17 -0.02770 -3.19993e-06 | 18 -0.00040  4.89813e-08
 19  0.01658  4.51673e-06 | 20  0.03082  4.63555e-06 | 21 -0.04293  3.19422e-06
 22  0.01391  3.02048e-06 | 23  0.02067  4.04330e-06 | 24 -0.00854  4.04991e-06
 25  0.00491 -3.19035e-06 | 26  0.01268 -9.51994e-06 | 27  0.01261 -2.62340e-06
 28 -0.03771 -2.40968e-06 | 29 -0.05283  1.03344e-06 | 30  0.00280 -1.55183e-05
 31 -0.00494  3.42724e-07 | 32  0.00101  1.23689e-06 | 33  0.04295 -7.42308e-06
 34  0.00688  4.61427e-06 | 35  0.00430  1.33764e-06 | 36  0.00831  3.78885e-06
 37 -0.01323  1.43762e-05 | 38 -0.02903  1.09659e-05 | 39  0.03244 -8.33149e-06
 40 -0.01337 -6.50919e-06 | 41  0.01102 -6.25148e-06 | 42 -0.00465 -3.25283e-06
 43 -0.03349  8.23211e-06 | 44  0.00424 -1.94427e-05 | 45  0.00999 -5.62923e-06
 46  0.00055 -1.04379e-06 | 47 -0.00037  2.25876e-06 | 48 -0.02122  4.51139e-06
 49 -0.01756  5.62987e-06 | 50 -0.01125  4.34845e-07 | 51  0.00707  5.38591e-07
 52  0.02081  1.82552e-06 | 53  0.01201  2.17203e-05 | 54  0.00375 -1.65502e-06
 55  0.07034 -1.19975e-05 | 56 -0.01990 -3.57156e-06 | 57 -0.00364 -9.01305e-07
 58  0.03159 -1.51257e-05 | 59 -0.02527 -6.13440e-06 | 60 -0.02096  1.26972e-06
 61  0.03400  1.04517e-05 | 62 -0.03701  2.21083e-07 | 63  0.01355 -3.34593e-06
 64 -0.01496 -1.93910e-06 | 65 -0.06483 -9.08734e-07 | 66 -0.04308 -8.97609e-06
 67  0.03164 -9.61115e-06 | 68 -0.00095 -2.50845e-06 | 69 -0.02037 -5.90765e-06
 70  0.02616 -2.72356e-06 | 71  0.02172  5.75832e-07 | 72 -0.00745  7.32206e-07
 73  0.00107 -2.53299e-06 | 74 -0.01128  2.52552e-06 | 75  0.02088  1.04184e-05
 76  0.04067  3.61925e-07 | 77 -0.01660 -7.58181e-06 | 78 -0.02318  8.98814e-06
 79 -0.00402 -9.69656e-06 | 80  0.00665 -8.39866e-06 | 81 -0.00281  5.34131e-06
 82 -0.02352 -1.39613e-06 | 83 -0.00512 -3.93920e-06 | 84  0.01638  3.60782e-06
 85 -0.01121 -4.56975e-06 | 86 -0.03215  2.96135e-06 | 87  0.00692  5.44353e-06
 88 -0.01115 -2.22432e-06 | 89  0.03869  1.48906e-06 | 90 -0.00242  7.53257e-07
 91  0.05160  1.86167e-06 | 92  0.02432 -4.68260e-06 | 93  0.02788  5.20305e-06
 94 -0.00320 -7.71250e-06 | 95  0.02396  1.27725e-06 | 96  0.00557 -9.22560e-06
 97 -0.00709  9.88265e-07 | 98 -0.00101 -1.18598e-06 | 99 -0.02130 -6.61448e-07
100  0.00917 -9.51992e-08 |101 -0.00240  9.11389e-06 |102 -0.01240  5.54503e-06
103 -0.00291  7.42988e-06 |104 -0.00110 -6.18804e-07 |105 -0.00030  5.14737e-06
106 -0.00030  5.11158e-06 |107  0.83935 -8.42381e-05 |108 -0.40962  4.76723e-04
109  0.19778  7.36307e-06 |110 -0.25920  1.34379e-05 |

 - final statistics:
110 variables; iteration 121; function evaluation 165
Function value 2.1686e+03; maximum gradient component mag -1.8097e-06
Exit code = 1;  converg criter 1.0000e-04
Var    Value     Gradient |Var    Value     Gradient |Var    Value     Gradient
  1 -0.46250 -1.21149e-07 |  2 -0.42872  1.38565e-06 |  3 -0.39459 -3.74135e-08
  4 -0.48865  5.51519e-08 |  5 -0.38223  1.37806e-07 |  6  0.63182  8.78782e-07
  7  0.00947 -7.76334e-09 |  8  0.00184 -4.37237e-09 |  9 -0.00359  1.06228e-08
 10 -0.00612  1.12031e-08 | 11 -0.00738  1.72181e-08 | 12  0.01253 -2.02847e-08
 13 -0.00927 -1.27699e-08 | 14  0.00737 -3.41553e-08 | 15 -0.01063 -2.28079e-08
 16 -0.00994 -3.35465e-08 | 17 -0.02770 -1.31608e-08 | 18 -0.00040 -1.29111e-08
 19  0.01658 -2.22541e-09 | 20  0.03082  9.11178e-09 | 21 -0.04293 -1.23102e-08
 22  0.01391  2.19594e-09 | 23  0.02067  2.92623e-08 | 24 -0.00854  9.67306e-09
 25  0.00491  3.94272e-09 | 26  0.01268  1.45061e-07 | 27  0.01261  1.71413e-08
 28 -0.03771 -2.40370e-08 | 29 -0.05283 -1.60132e-08 | 30  0.00280  5.42849e-08
 31 -0.00494 -1.49917e-07 | 32  0.00101 -1.55221e-08 | 33  0.04295 -1.11888e-08
 34  0.00688 -6.23975e-08 | 35  0.00430 -9.22321e-08 | 36  0.00831  1.81967e-07
 37 -0.01323  7.92240e-08 | 38 -0.02903 -1.08263e-08 | 39  0.03244 -1.02933e-09
 40 -0.01337  6.12503e-08 | 41  0.01102 -3.49288e-08 | 42 -0.00465 -9.90364e-09
 43 -0.03349 -5.94223e-09 | 44  0.00424 -7.90779e-08 | 45  0.00999 -2.21627e-08
 46  0.00055 -6.04370e-09 | 47 -0.00037 -1.48782e-07 | 48 -0.02122 -5.40436e-08
 49 -0.01756  6.28436e-08 | 50 -0.01125 -1.10433e-07 | 51  0.00707 -1.66696e-07
 52  0.02081  4.96605e-08 | 53  0.01201 -1.87305e-08 | 54  0.00375 -5.64095e-08
 55  0.07034  7.69735e-08 | 56 -0.01990 -2.36859e-08 | 57 -0.00364  1.47534e-07
 58  0.03159 -6.85826e-09 | 59 -0.02527 -2.08893e-08 | 60 -0.02096  9.78925e-08
 61  0.03400  1.69092e-07 | 62 -0.03701 -9.85715e-09 | 63  0.01355  6.46623e-08
 64 -0.01496 -6.48360e-10 | 65 -0.06483  7.64690e-08 | 66 -0.04308 -7.25967e-08
 67  0.03164  1.86589e-08 | 68 -0.00095  2.24522e-09 | 69 -0.02037 -4.62893e-08
 70  0.02616  6.02459e-08 | 71  0.02172  6.03342e-08 | 72 -0.00745  1.92171e-08
 73  0.00107  4.68889e-08 | 74 -0.01128  1.86462e-08 | 75  0.02088  1.05805e-07
 76  0.04067  1.05171e-07 | 77 -0.01660 -8.14257e-09 | 78 -0.02318  2.41854e-09
 79 -0.00402 -2.72595e-08 | 80  0.00665 -1.33961e-08 | 81 -0.00281  4.58512e-08
 82 -0.02352  1.24271e-09 | 83 -0.00512  2.60172e-09 | 84  0.01638  5.18730e-08
 85 -0.01121 -2.19643e-08 | 86 -0.03215 -2.65827e-08 | 87  0.00692  1.29340e-08
 88 -0.01115 -2.55884e-08 | 89  0.03869  3.45187e-08 | 90 -0.00242 -2.22352e-08
 91  0.05160  2.62882e-08 | 92  0.02432 -2.89932e-08 | 93  0.02788  1.45338e-08
 94 -0.00320 -2.15084e-08 | 95  0.02396 -1.82960e-08 | 96  0.00557 -4.91542e-08
 97 -0.00709 -2.90197e-08 | 98 -0.00101 -4.07818e-08 | 99 -0.02130 -7.88718e-08
100  0.00917  1.20096e-08 |101 -0.00240 -6.40590e-08 |102 -0.01240 -3.61745e-08
103 -0.00291 -1.89723e-08 |104 -0.00110 -3.24090e-08 |105 -0.00030 -3.09910e-08
106 -0.00030 -7.03499e-09 |107  0.83935  2.45968e-07 |108 -0.40962 -1.80973e-06
109  0.19778  2.13131e-07 |110 -0.25920 -4.11150e-07 |

 - final statistics:
122 variables; iteration 0; function evaluation 0
Function value 2.1686e+03; maximum gradient component mag -1.8096e-06
Exit code = 0;  converg criter 1.0000e-04
Var    Value     Gradient |Var    Value     Gradient |Var    Value     Gradient
  1 -0.46250 -1.21126e-07 |  2 -0.42872  1.38573e-06 |  3 -0.39459 -3.73461e-08
  4 -0.48865  5.51565e-08 |  5 -0.38223  1.37815e-07 |  6  0.63182  8.78635e-07
  7  0.00947 -7.76364e-09 |  8  0.00184 -4.37244e-09 |  9 -0.00359  1.06228e-08
 10 -0.00612  1.12030e-08 | 11 -0.00738  1.72180e-08 | 12  0.01253 -1.96288e-08
 13 -0.00927 -1.21140e-08 | 14  0.00737 -3.34994e-08 | 15 -0.01063 -2.21521e-08
 16 -0.00994 -3.28907e-08 | 17 -0.02770 -1.25055e-08 | 18 -0.00040 -1.22555e-08
 19  0.01658 -1.57030e-09 | 20  0.03082  9.76559e-09 | 21 -0.04293 -1.16562e-08
 22  0.01391  2.85004e-09 | 23  0.02067  2.99168e-08 | 24 -0.00854  1.03272e-08
 25  0.00491  4.59609e-09 | 26  0.01268  1.45714e-07 | 27  0.01261  1.77923e-08
 28 -0.03771 -2.33835e-08 | 29 -0.05283 -1.53604e-08 | 30  0.00280  5.49380e-08
 31 -0.00494 -1.49263e-07 | 32  0.00101 -1.48695e-08 | 33  0.04295 -1.05414e-08
 34  0.00688 -6.17461e-08 | 35  0.00430 -9.15788e-08 | 36  0.00831  1.82619e-07
 37 -0.01323  7.98777e-08 | 38 -0.02903 -1.01725e-08 | 39  0.03244 -3.78938e-10
 40 -0.01337  6.19036e-08 | 41  0.01102 -3.42775e-08 | 42 -0.00465 -9.25119e-09
 43 -0.03349 -5.28940e-09 | 44  0.00424 -7.84263e-08 | 45  0.00999 -2.15118e-08
 46  0.00055 -5.39016e-09 | 47 -0.00037 -1.48130e-07 | 48 -0.02122 -5.33914e-08
 49 -0.01756  6.34959e-08 | 50 -0.01125 -1.09781e-07 | 51  0.00707 -1.66046e-07
 52  0.02081  5.03103e-08 | 53  0.01201 -1.80805e-08 | 54  0.00375 -5.57589e-08
 55  0.07034  7.76068e-08 | 56 -0.01990 -2.30351e-08 | 57 -0.00364  1.48183e-07
 58  0.03159 -6.21912e-09 | 59 -0.02527 -2.02394e-08 | 60 -0.02096  9.85421e-08
 61  0.03400  1.69728e-07 | 62 -0.03701 -9.20777e-09 | 63  0.01355  6.53042e-08
 64 -0.01496 -1.47579e-12 | 65 -0.06483  7.71188e-08 | 66 -0.04308 -7.19452e-08
 67  0.03164  1.93008e-08 | 68 -0.00095  2.89169e-09 | 69 -0.02037 -4.56390e-08
 70  0.02616  6.08892e-08 | 71  0.02172  6.09773e-08 | 72 -0.00745  1.98655e-08
 73  0.00107  4.75386e-08 | 74 -0.01128  1.92957e-08 | 75  0.02088  1.06452e-07
 76  0.04067  1.05810e-07 | 77 -0.01660 -7.49345e-09 | 78 -0.02318  3.06898e-09
 79 -0.00402 -2.66090e-08 | 80  0.00665 -1.27483e-08 | 81 -0.00281  4.65019e-08
 82 -0.02352  1.89400e-09 | 83 -0.00512  3.25326e-09 | 84  0.01638  5.25221e-08
 85 -0.01121 -2.13127e-08 | 86 -0.03215 -2.59302e-08 | 87  0.00692  1.35895e-08
 88 -0.01115 -2.49344e-08 | 89  0.03869  3.51698e-08 | 90 -0.00242 -2.15821e-08
 91  0.05160  2.69398e-08 | 92  0.02432 -2.83384e-08 | 93  0.02788  1.51862e-08
 94 -0.00320 -2.08543e-08 | 95  0.02396 -1.76390e-08 | 96  0.00557 -4.85020e-08
 97 -0.00709 -2.83641e-08 | 98 -0.00101 -4.01256e-08 | 99 -0.02130 -7.82149e-08
100  0.00917  1.26674e-08 |101 -0.00240 -6.34008e-08 |102 -0.01240 -3.55172e-08
103 -0.00291 -1.83153e-08 |104 -0.00110 -3.17528e-08 |105 -0.00030 -3.03348e-08
106 -0.00030 -6.37879e-09 |107  0.00000  0.00000e+00 |108  0.00000  0.00000e+00
109  0.00000  0.00000e+00 |110  0.00000  0.00000e+00 |111  0.00000  0.00000e+00
112  0.00000  0.00000e+00 |113  0.00000  0.00000e+00 |114  0.00000  0.00000e+00
115  0.00000  0.00000e+00 |116  0.00000  0.00000e+00 |117  0.00000  0.00000e+00
118  0.00000  0.00000e+00 |119  0.83935  2.45947e-07 |120 -0.40962 -1.80958e-06
121  0.19778  2.13114e-07 |122 -0.25920 -4.11103e-07 |
size of file gradfil1.tmp = 0
size of file gradfil2.tmp = 0
size of file varssave.tmp = 0
size of file cmpdiff.tmp = 0
