
Initial statistics: 1 variables; iteration 0; function evaluation 0; phase 1
Function value 2.6217988e+03; maximum gradient component mag -1.9504e+03
Var    Value     Gradient |Var    Value     Gradient |Var    Value     Gradient
  1  0.63197 -1.95041e+03 |

 - final statistics:
1 variables; iteration 3; function evaluation 5
Function value 2.6188e+03; maximum gradient component mag -4.7522e+00
Exit code = 1;  converg criter 1.0000e+01
Var    Value     Gradient |Var    Value     Gradient |Var    Value     Gradient
  1  0.63514 -4.75222e+00 |

Initial statistics: 98 variables; iteration 0; function evaluation 0; phase 2
Function value 2.6187866e+03; maximum gradient component mag -1.7616e+03
Var    Value     Gradient |Var    Value     Gradient |Var    Value     Gradient
  1  0.63514 -4.75222e+00 |  2  0.00000 -1.16063e+01 |  3  0.00000 -3.66155e+00
  4  0.00000  2.53002e+01 |  5  0.00000 -4.39073e+01 |  6  0.00000 -1.31180e+01
  7  0.00000  7.19816e+01 |  8  0.00000 -1.42824e+02 |  9  0.00000  2.48740e+01
 10  0.00000 -5.15333e+01 | 11  0.00000 -8.71703e+00 | 12  0.00000 -1.39014e+01
 13  0.00000  3.77005e+01 | 14  0.00000 -3.99308e+02 | 15  0.00000  2.48956e+02
 16  0.00000  1.53233e+01 | 17  0.00000  1.30767e+00 | 18  0.00000  4.06435e+01
 19  0.00000  6.88108e+01 | 20  0.00000  3.25184e+02 | 21  0.00000  4.55079e+02
 22  0.00000 -2.50380e+01 | 23  0.00000 -2.43529e+02 | 24  0.00000 -1.11427e+02
 25  0.00000 -2.47601e+02 | 26  0.00000 -4.65777e+02 | 27  0.00000 -1.42774e+01
 28  0.00000 -3.71987e+02 | 29  0.00000  9.39450e+00 | 30  0.00000 -2.79867e+02
 31  0.00000 -2.29011e+02 | 32  0.00000 -6.75173e+01 | 33  0.00000 -4.51654e+02
 34  0.00000  1.49151e+02 | 35  0.00000 -1.92280e+01 | 36  0.00000 -3.94783e+02
 37  0.00000 -2.19695e+02 | 38  0.00000 -5.90538e+02 | 39  0.00000 -9.87454e+01
 40  0.00000 -4.79912e+02 | 41  0.00000  3.87798e+01 | 42  0.00000  6.62808e+01
 43  0.00000 -1.19587e+03 | 44  0.00000 -2.57383e+02 | 45  0.00000  1.19977e+02
 46  0.00000 -3.07633e+02 | 47  0.00000  4.06864e+02 | 48  0.00000 -1.35393e+02
 49  0.00000  7.29777e+02 | 50  0.00000  3.05424e+02 | 51  0.00000  7.05433e+02
 52  0.00000 -4.58355e+02 | 53  0.00000 -3.72102e+01 | 54  0.00000 -1.54006e+03
 55  0.00000  3.24330e+02 | 56  0.00000  2.88566e+01 | 57  0.00000  1.10687e+03
 58  0.00000  1.17810e+03 | 59  0.00000 -8.90545e+02 | 60  0.00000 -1.17693e+03
 61  0.00000  4.21824e+02 | 62  0.00000  9.23810e+02 | 63  0.00000  1.44840e+02
 64  0.00000  7.27710e+02 | 65  0.00000  1.29191e+02 | 66  0.00000 -1.32471e+02
 67  0.00000 -3.65790e+02 | 68  0.00000  4.57785e+02 | 69  0.00000  7.30240e+02
 70  0.00000  3.76448e+02 | 71  0.00000  2.38606e+02 | 72  0.00000  5.46698e+02
 73  0.00000  6.90078e+02 | 74  0.00000 -2.86339e+02 | 75  0.00000  5.80153e+02
 76  0.00000  9.16523e+00 | 77  0.00000 -1.23139e+03 | 78  0.00000  8.05961e+02
 79  0.00000  5.22591e+02 | 80  0.00000  6.73169e+02 | 81  0.00000 -4.61145e+02
 82  0.00000  4.68363e+02 | 83  0.00000  3.92291e+02 | 84  0.00000 -4.27346e+01
 85  0.00000 -1.76165e+03 | 86  0.00000 -8.77461e+02 | 87  0.00000  7.61553e+02
 88  0.00000  3.40342e+02 | 89  0.00000 -1.81957e+02 | 90  0.00000 -9.57370e+01
 91  0.00000  1.76586e+02 | 92  0.00000 -1.95995e+02 | 93  0.00000  2.51188e+01
 94  0.00000  3.91023e+00 | 95  0.00000  1.94753e-01 | 96  0.00000  1.94660e-01
 97  0.81654 -4.18134e+01 | 98  0.22185  1.49189e+02 |

Intermediate statistics: 98 variables; iteration 20; function evaluation 31; phase 2
Function value 2.2393774e+03; maximum gradient component mag -1.0882e+03
Var    Value     Gradient |Var    Value     Gradient |Var    Value     Gradient
  1  0.62654 -5.43096e+02 |  2  0.03804  8.13989e+01 |  3 -0.00368  5.84948e+00
  4 -0.08982 -1.27021e+02 |  5  0.00175 -2.28933e+01 |  6  0.00984  3.07326e+01
  7  0.00060  9.15199e+01 |  8  0.04166  4.24963e+01 |  9 -0.00708  1.79657e+01
 10  0.00188 -2.45783e+01 | 11 -0.01298 -4.94405e+01 | 12 -0.00729 -3.62035e+01
 13 -0.00918 -4.57304e+00 | 14  0.02505 -1.44049e+02 | 15 -0.02797  4.10936e+01
 16 -0.00040  1.92354e+01 | 17  0.00017  8.01080e+00 | 18 -0.00652 -3.90274e+01
 19 -0.00995 -6.17358e+01 | 20 -0.02394  3.51181e+01 | 21 -0.02451  1.66883e+02
 22 -0.00534 -9.07786e+01 | 23  0.01099 -8.24559e+01 | 24  0.00272 -5.13001e+01
 25  0.00923 -1.03664e+02 | 26  0.02300 -1.36558e+02 | 27 -0.00327 -2.45779e+01
 28  0.01589 -1.57617e+02 | 29 -0.00465 -2.51893e+01 | 30  0.00894 -1.49396e+02
 31  0.00499 -1.42382e+02 | 32 -0.00068 -3.73458e+01 | 33  0.02154 -1.42738e+02
 34 -0.02110 -1.96604e+01 | 35  0.00037  1.71025e+01 | 36  0.01274 -1.97087e+02
 37  0.00708 -7.75818e+01 | 38  0.03017 -1.02639e+02 | 39  0.00225 -1.10182e+01
 40  0.02350 -1.20094e+02 | 41 -0.00544  3.10073e+01 | 42 -0.00952  2.25906e+01
 43  0.04631 -3.31832e+02 | 44  0.00240 -1.49797e+02 | 45 -0.00988  5.37994e+01
 46  0.01847  2.78041e+01 | 47 -0.02629  1.13950e+02 | 48  0.01044  6.41967e+01
 49 -0.01035  5.52499e+02 | 50 -0.01057  8.77232e+01 | 51 -0.02437  2.38535e+02
 52  0.00955 -2.50015e+02 | 53  0.00281  5.88409e+01 | 54  0.03038 -5.53993e+02
 55 -0.00660  1.54805e+02 | 56  0.00537  8.68788e+01 | 57 -0.01441  6.01922e+02
 58 -0.01908  5.80863e+02 | 59  0.01465 -5.22162e+02 | 60  0.02111 -5.55317e+02
 61 -0.00322  2.34368e+02 | 62 -0.01044  4.97415e+02 | 63  0.00251  6.78253e+01
 64 -0.00881  3.37225e+02 | 65 -0.00051 -2.61773e+01 | 66  0.00338 -1.54240e+02
 67  0.00879 -2.26432e+02 | 68 -0.00398  2.10053e+02 | 69 -0.00785  3.61389e+02
 70 -0.00218  1.64895e+02 | 71 -0.00125  5.66831e+01 | 72 -0.00635  2.12997e+02
 73 -0.01056  2.56349e+02 | 74  0.00200 -3.71977e+02 | 75 -0.00872  2.23424e+02
 76  0.00222 -1.58130e+01 | 77  0.02611 -4.58134e+02 | 78 -0.01565  3.14549e+02
 79 -0.00719  1.88637e+02 | 80 -0.01177  2.50688e+02 | 81  0.01083 -2.73957e+02
 82 -0.01184  7.78887e+01 | 83 -0.00629  1.47783e+02 | 84  0.00436  3.09752e+01
 85  0.02743 -1.08822e+03 | 86  0.02272 -3.78032e+02 | 87 -0.02151  3.30490e+02
 88 -0.00826  9.86602e+01 | 89  0.01513  4.42419e+01 | 90  0.01056  2.25194e+01
 91 -0.00984  7.56936e+01 | 92  0.02733  3.81212e+01 | 93 -0.00124  3.31297e+01
 94 -0.05338 -6.54634e+01 | 95 -0.00677  4.60242e+00 | 96 -0.00677  4.60454e+00
 97  0.80765 -1.65576e+02 | 98  0.22060  9.04514e+01 |
98 variables; iteration 40; function evaluation 55; phase 2
Function value 2.1655507e+03; maximum gradient component mag 2.4377e+03
Var    Value     Gradient |Var    Value     Gradient |Var    Value     Gradient
  1  0.62777  2.43772e+03 |  2 -0.03913 -1.48559e+02 |  3 -0.00070 -6.75619e+01
  4  0.04263  8.15528e+01 |  5  0.02754 -2.34657e+01 |  6 -0.01144 -9.90361e+01
  7 -0.07952 -1.77554e+02 |  8  0.00887 -1.57201e+02 |  9 -0.01434 -7.34385e+01
 10  0.01188 -2.96694e+01 | 11  0.00998  1.70504e+01 | 12  0.00160 -2.98302e+01
 13 -0.01807 -1.06823e+02 | 14  0.03564 -8.04960e+00 | 15 -0.04700 -1.30349e+02
 16 -0.01006 -1.16319e+02 | 17 -0.01056 -1.52739e+02 | 18 -0.00377 -3.61584e+01
 19  0.00012  4.27887e+01 | 20 -0.02484 -1.94138e+01 | 21 -0.06411 -1.92696e+02
 22  0.00550  3.03527e+01 | 23  0.01065 -9.81680e+01 | 24 -0.00053 -1.16579e+02
 25  0.01132 -9.07306e+01 | 26  0.02382 -1.24263e+02 | 27 -0.00556 -7.95004e+01
 28  0.02547 -9.92289e+00 | 29 -0.00565 -6.30543e+01 | 30  0.02104  3.12420e+01
 31  0.01762  3.04320e+01 | 32 -0.00087 -5.50953e+01 | 33  0.02864 -8.69412e+00
 34 -0.00727  8.11250e+01 | 35 -0.01152 -1.25807e+02 | 36  0.02773  5.44772e+01
 37  0.00884 -5.11023e+01 | 38  0.02877 -9.31824e+01 | 39 -0.00223 -7.12029e+01
 40  0.02880  6.99894e+00 | 41 -0.01243 -5.25639e+01 | 42 -0.01302 -1.94735e+01
 43  0.05539  7.20770e+01 | 44  0.01316  5.65223e+01 | 45 -0.02185 -7.88534e+01
 46  0.01590  3.73287e+01 | 47 -0.03337  2.17475e+01 | 48  0.00723  3.32147e+01
 49 -0.04877  4.57122e+01 | 50 -0.00958  1.09049e+02 | 51 -0.03171  1.24132e+02
 52  0.02147  1.97850e+02 | 53  0.00204  1.17292e+02 | 54  0.04307  2.10139e+02
 55 -0.01075  8.62283e+01 | 56  0.00290  9.10345e+00 | 57 -0.03548  1.30433e+02
 58 -0.03996  1.61258e+02 | 59  0.03294  3.41211e+02 | 60  0.03019 -4.22487e+01
 61 -0.00780  1.20253e+02 | 62 -0.02597  1.09724e+02 | 63 -0.00066 -4.36758e+01
 64 -0.01695  1.32931e+02 | 65  0.01098  3.85904e+02 | 66  0.01341  2.51293e+02
 67  0.01315 -1.20741e+01 | 68 -0.00756  1.12487e+02 | 69 -0.01924  5.32295e+01
 70 -0.00856 -3.50617e+01 | 71 -0.00323 -1.27671e+01 | 72 -0.01152  5.74838e+01
 73 -0.01710  8.15673e+01 | 74  0.00835 -1.53575e+02 | 75 -0.01314  1.07491e+02
 76  0.00461  7.55712e+01 | 77  0.03791  1.46474e+02 | 78 -0.02756  3.75170e+01
 79 -0.01170  2.27337e+01 | 80 -0.02219 -3.29040e+01 | 81  0.01775 -8.59994e+01
 82 -0.01048  4.04154e+01 | 83 -0.01374 -8.59596e+01 | 84  0.00275 -3.60606e+01
 85  0.05960  2.30352e+02 | 86  0.03259 -1.27138e+02 | 87 -0.04953 -8.37275e+01
 88 -0.00584 -2.42812e+00 | 89  0.01349 -1.39167e+02 | 90  0.01196 -9.49058e+01
 91 -0.00829 -3.05744e+01 | 92  0.01428 -2.08870e+02 | 93 -0.01590 -1.10043e+02
 94  0.05544  2.17821e+01 | 95  0.00643 -6.19924e+01 | 96  0.00643 -6.19952e+01
 97  0.86011  2.99654e+02 | 98  0.21919  6.59702e+01 |
98 variables; iteration 60; function evaluation 82; phase 2
Function value 2.1362822e+03; maximum gradient component mag 1.4071e+03
Var    Value     Gradient |Var    Value     Gradient |Var    Value     Gradient
  1  0.62934  1.40706e+03 |  2 -0.01741 -7.94955e+01 |  3  0.00138 -3.38876e+01
  4  0.00490  5.81676e+00 |  5  0.04250  5.20385e+01 |  6  0.01126 -7.19912e+00
  7 -0.04743 -8.05239e+01 |  8  0.03002 -4.13699e+01 |  9 -0.00638 -1.85013e+01
 10  0.00165 -5.87130e+01 | 11  0.01536  6.96708e+01 | 12  0.00212 -8.70420e+00
 13 -0.01401 -6.34320e+01 | 14  0.03051 -8.03490e+01 | 15 -0.04329 -8.95009e+01
 16 -0.00468 -5.06789e+01 | 17 -0.00456 -7.37487e+01 | 18 -0.00716 -7.10248e+01
 19 -0.00058  3.51419e+01 | 20 -0.02818 -4.04176e+01 | 21 -0.04795 -6.58594e+01
 22  0.00418  1.73680e+01 | 23  0.01003 -1.02240e+02 | 24  0.00309 -5.68938e+01
 25  0.01435 -3.21963e+01 | 26  0.02925 -1.76609e+01 | 27 -0.00415 -4.48100e+01
 28  0.02513 -7.07208e+00 | 29 -0.00494 -4.03231e+01 | 30  0.01764 -2.06610e+01
 31  0.01382 -2.25702e+01 | 32  0.00095 -2.28322e+01 | 33  0.02708 -3.68156e+01
 34 -0.01075  5.70124e+01 | 35 -0.01202 -1.17595e+02 | 36  0.02844  6.64755e+01
 37  0.00964 -3.27219e+01 | 38  0.02934 -8.39476e+01 | 39  0.00397  1.48364e+01
 40  0.02728 -2.39368e+01 | 41 -0.01170 -3.43696e+01 | 42 -0.01357 -1.58906e+01
 43  0.05498  2.35593e+01 | 44  0.00934 -1.09840e+01 | 45 -0.02000 -5.02106e+01
 46  0.01433 -5.11344e+00 | 47 -0.03730 -7.71571e+00 | 48  0.00657  7.76335e+00
 49 -0.04972  4.82580e+01 | 50 -0.01379  2.98016e+01 | 51 -0.03576  7.36238e+01
 52  0.02114  1.63253e+02 | 53  0.00324  1.39528e+02 | 54  0.04088  5.41601e+01
 55 -0.01264  4.16771e+01 | 56  0.00469  5.68644e+01 | 57 -0.03773  1.00147e+02
 58 -0.04410  1.01572e+02 | 59  0.02976  1.54469e+02 | 60  0.03261  3.77671e+01
 61 -0.01090  4.17768e+01 | 62 -0.02762  8.34034e+01 | 63  0.00026 -2.09727e+01
 64 -0.01875  8.50386e+01 | 65  0.00206  6.68590e+01 | 66  0.00975  9.35182e+01
 67  0.01348 -2.06724e+01 | 68 -0.00921  6.84003e+01 | 69 -0.01977  4.62625e+01
 70 -0.01037 -8.09661e+01 | 71 -0.00276  1.05977e+00 | 72 -0.01144  6.23807e+01
 73 -0.02123 -1.96639e-01 | 74  0.01088 -6.26711e+01 | 75 -0.01550  6.28740e+01
 76  0.00262  1.78095e+01 | 77  0.03725  1.01174e+02 | 78 -0.03159 -2.00048e+01
 79 -0.01223  2.54581e+01 | 80 -0.02541 -7.08346e+01 | 81  0.02034  3.43468e+01
 82 -0.01247  2.92848e+01 | 83 -0.01068  5.31436e+00 | 84  0.00152 -4.11687e+01
 85  0.05706  1.19355e+02 | 86  0.03512 -1.71780e+01 | 87 -0.04672 -2.56343e+01
 88 -0.00789 -9.86970e-01 | 89  0.01588 -5.25542e+01 | 90  0.01430 -2.15201e+01
 91 -0.01334 -2.99628e+01 | 92  0.02780 -3.92608e+01 | 93 -0.00598 -4.14522e+01
 94  0.01629 -1.17781e+01 | 95 -0.01148 -5.90989e+01 | 96 -0.01148 -5.90982e+01
 97  0.82247  7.50932e+01 | 98  0.21740 -2.07016e+01 |
Maximum number of function evaluations exceeded

 - final statistics:
98 variables; iteration 73; function evaluation 100
Function value 2.1283e+03; maximum gradient component mag 7.7948e+02
Exit code = 3;  converg criter 1.0000e+01
Var    Value     Gradient |Var    Value     Gradient |Var    Value     Gradient
  1  0.62847  7.79481e+02 |  2 -0.00419 -3.67875e+01 |  3 -0.00712 -3.40723e+01
  4 -0.00035  1.02374e+01 |  5  0.02787  1.96394e+01 |  6  0.00721 -3.55751e+00
  7 -0.03547 -3.48036e+01 |  8  0.03282 -1.47738e+01 |  9 -0.00824 -9.73417e+00
 10  0.00499 -2.88428e+01 | 11  0.00628  2.79425e+01 | 12  0.00943  5.27815e+01
 13 -0.01545 -5.82748e+01 | 14  0.03350 -3.28617e+01 | 15 -0.03780 -4.14800e+01
 16 -0.00400 -3.04783e+01 | 17 -0.00458 -6.17385e+01 | 18 -0.00624 -4.93989e+01
 19 -0.00231  2.03460e+01 | 20 -0.02844 -3.05300e+01 | 21 -0.04250 -1.10760e+01
 22  0.00168 -7.77343e+00 | 23  0.01343 -4.16341e+01 | 24  0.00460 -2.63561e+01
 25  0.01365 -3.40995e+01 | 26  0.03005  2.08879e+00 | 27 -0.00363 -2.80004e+01
 28  0.02517 -3.63666e-01 | 29 -0.00465 -2.62857e+01 | 30  0.01740 -1.66632e+01
 31  0.01515  4.90844e+00 | 32  0.00148 -7.20922e+00 | 33  0.02695 -3.80066e+01
 34 -0.01573  1.85104e+01 | 35 -0.00567 -4.39325e+01 | 36  0.02697  4.15775e+01
 37  0.01108 -8.53871e+00 | 38  0.03111 -5.26097e+01 | 39  0.00599  4.54611e+01
 40  0.02824 -9.72255e+00 | 41 -0.01050 -1.60033e+01 | 42 -0.01380 -1.33070e+01
 43  0.05573  2.14108e+01 | 44  0.01115  1.43474e+01 | 45 -0.01961 -4.18730e+01
 46  0.01617  2.15185e+01 | 47 -0.03671  4.18012e+00 | 48  0.00678  1.83404e+00
 49 -0.05166  3.58459e+01 | 50 -0.01451  1.13410e+01 | 51 -0.03815  4.27336e+01
 52  0.01963  8.68700e+01 | 53  0.00111  6.95718e+01 | 54  0.04128  3.47418e+01
 55 -0.01389  8.66696e+00 | 56  0.00477  4.13856e+01 | 57 -0.04042  5.45805e+01
 58 -0.04721  5.44634e+01 | 59  0.02870  6.42550e+01 | 60  0.03283  6.39747e+00
 61 -0.01080  3.14802e+01 | 62 -0.02982  3.67168e+01 | 63  0.00118 -1.34232e+01
 64 -0.02008  4.56720e+01 | 65  0.00160  3.03248e+01 | 66  0.00898  4.28451e+01
 67  0.01448 -1.47783e+01 | 68 -0.01001  3.51606e+01 | 69 -0.02001  3.48304e+01
 70 -0.00879 -4.87238e+01 | 71 -0.00254 -4.96327e+00 | 72 -0.01219  3.56565e+01
 73 -0.02164 -1.19471e+01 | 74  0.01215 -3.09398e+01 | 75 -0.01694  2.76707e+01
 76  0.00237  2.78034e-01 | 77  0.03648  3.64232e+01 | 78 -0.03096 -3.96981e+00
 79 -0.01364 -3.52574e-01 | 80 -0.02203  4.68352e+00 | 81  0.01958  9.28834e+00
 82 -0.01378  9.97326e+00 | 83 -0.01152 -5.08292e-01 | 84  0.00178 -2.35093e+01
 85  0.05533  4.50429e+01 | 86  0.03466 -1.46792e+01 | 87 -0.04690 -6.86145e+00
 88 -0.00991 -8.26757e+00 | 89  0.01549 -3.22366e+01 | 90  0.01113 -4.32780e+01
 91 -0.01341 -6.99103e+00 | 92  0.02762 -1.17957e+01 | 93 -0.00657 -2.35542e+01
 94  0.00726 -7.25410e+00 | 95 -0.00460 -2.95138e+01 | 96 -0.00460 -2.95117e+01
 97  0.81802  2.54794e+01 | 98  0.21798 -2.50942e+00 |

Initial statistics: 100 variables; iteration 0; function evaluation 0; phase 3
Function value 2.1283147e+03; maximum gradient component mag 7.7844e+02
Var    Value     Gradient |Var    Value     Gradient |Var    Value     Gradient
  1  0.62847  7.78438e+02 |  2 -0.00419 -3.65884e+01 |  3 -0.00712 -3.39648e+01
  4 -0.00035  1.04068e+01 |  5  0.02787  1.97272e+01 |  6  0.00721 -3.34523e+00
  7 -0.03547 -3.46374e+01 |  8  0.03282 -1.45691e+01 |  9 -0.00823 -9.90996e+00
 10  0.00500 -2.87141e+01 | 11  0.00628  2.80365e+01 | 12  0.00943  5.29050e+01
 13 -0.01545 -5.81009e+01 | 14  0.03350 -3.25151e+01 | 15 -0.03780 -4.12759e+01
 16 -0.00399 -3.02935e+01 | 17 -0.00457 -6.14275e+01 | 18 -0.00624 -4.91650e+01
 19 -0.00231  2.05310e+01 | 20 -0.02844 -3.03380e+01 | 21 -0.04250 -1.08914e+01
 22  0.00168 -7.74243e+00 | 23  0.01344 -4.13737e+01 | 24  0.00460 -2.57657e+01
 25  0.01366 -3.38602e+01 | 26  0.03006  2.22875e+00 | 27 -0.00363 -2.78779e+01
 28  0.02517 -2.74048e-01 | 29 -0.00465 -2.61536e+01 | 30  0.01741 -1.67455e+01
 31  0.01515  5.13242e+00 | 32  0.00148 -7.19152e+00 | 33  0.02695 -3.73103e+01
 34 -0.01572  1.87276e+01 | 35 -0.00567 -4.37692e+01 | 36  0.02697  4.19250e+01
 37  0.01108 -8.34662e+00 | 38  0.03111 -5.22991e+01 | 39  0.00599  4.56314e+01
 40  0.02825 -9.83056e+00 | 41 -0.01049 -1.59456e+01 | 42 -0.01380 -1.31507e+01
 43  0.05573  2.10004e+01 | 44  0.01116  1.43988e+01 | 45 -0.01960 -4.13961e+01
 46  0.01618  2.13258e+01 | 47 -0.03671  4.01698e+00 | 48  0.00678  1.73468e+00
 49 -0.05165  3.59880e+01 | 50 -0.01450  1.14813e+01 | 51 -0.03814  4.29275e+01
 52  0.01963  8.68517e+01 | 53  0.00111  6.98781e+01 | 54  0.04129  3.48296e+01
 55 -0.01389  8.48297e+00 | 56  0.00477  4.14616e+01 | 57 -0.04042  5.47207e+01
 58 -0.04721  5.46094e+01 | 59  0.02870  6.41948e+01 | 60  0.03284  6.41760e+00
 61 -0.01080  3.19183e+01 | 62 -0.02982  3.67083e+01 | 63  0.00119 -1.33404e+01
 64 -0.02008  4.63527e+01 | 65  0.00160  3.02841e+01 | 66  0.00899  4.28577e+01
 67  0.01448 -1.46946e+01 | 68 -0.01000  3.55248e+01 | 69 -0.02001  3.42978e+01
 70 -0.00879 -4.83743e+01 | 71 -0.00254 -4.93897e+00 | 72 -0.01218  3.55679e+01
 73 -0.02164 -1.18758e+01 | 74  0.01215 -3.09627e+01 | 75 -0.01693  2.79674e+01
 76  0.00237  3.17059e-01 | 77  0.03648  3.65579e+01 | 78 -0.03096 -3.93689e+00
 79 -0.01363 -8.46377e-01 | 80 -0.02203  4.98354e+00 | 81  0.01958  9.22776e+00
 82 -0.01378  1.07690e+01 | 83 -0.01152 -3.93196e-01 | 84  0.00178 -2.27208e+01
 85  0.05533  4.49836e+01 | 86  0.03466 -1.45301e+01 | 87 -0.04690 -7.05325e+00
 88 -0.00991 -8.33388e+00 | 89  0.01549 -3.18068e+01 | 90  0.01113 -4.30825e+01
 91 -0.01341 -6.84445e+00 | 92  0.02763 -1.16669e+01 | 93 -0.00657 -2.25886e+01
 94  0.00727 -7.10781e+00 | 95 -0.00460 -2.93342e+01 | 96 -0.00460 -2.93317e+01
 97  0.81802  2.57318e+01 | 98 -0.41581 -9.97815e+01 | 99  0.21798 -2.45391e+00
100 -0.25275  1.57651e+02 |

Intermediate statistics: 100 variables; iteration 20; function evaluation 24; phase 3
Function value 2.1260739e+03; maximum gradient component mag 6.2923e+02
Var    Value     Gradient |Var    Value     Gradient |Var    Value     Gradient
  1  0.62759  6.29229e+02 |  2  0.00411 -1.66268e+01 |  3 -0.00056 -1.68041e+01
  4 -0.01336 -1.51801e+01 |  5  0.01705 -8.88114e+00 |  6  0.00290 -1.28007e+01
  7 -0.02997 -1.74698e+01 |  8  0.03345 -1.01925e+01 |  9 -0.00961 -1.22343e+01
 10  0.00756 -1.45028e+01 | 11  0.00155  3.99014e+00 | 12  0.00440  2.08623e+01
 13 -0.01082 -2.68391e+01 | 14  0.03429 -2.05164e+01 | 15 -0.03539 -2.23995e+01
 16 -0.00355 -2.09403e+01 | 17 -0.00349 -4.40202e+01 | 18 -0.00545 -3.56610e+01
 19 -0.00272  1.82650e+01 | 20 -0.02761 -1.90566e+01 | 21 -0.04268 -8.79326e+00
 22  0.00194 -2.42525e+00 | 23  0.01398 -3.17596e+01 | 24  0.00507 -1.79180e+01
 25  0.01419 -2.49708e+01 | 26  0.03032  7.07746e+00 | 27 -0.00287 -1.75987e+01
 28  0.02541  4.18079e+00 | 29 -0.00398 -1.66747e+01 | 30  0.01777 -1.03851e+01
 31  0.01533  8.53912e+00 | 32  0.00169 -3.23376e+00 | 33  0.02742 -2.96808e+01
 34 -0.01686  1.05926e+01 | 35 -0.00422 -2.63995e+01 | 36  0.02706  4.32578e+01
 37  0.01143 -3.20956e+00 | 38  0.03147 -4.76061e+01 | 39  0.00534  3.70730e+01
 40  0.02860 -6.19693e+00 | 41 -0.00982 -8.20867e+00 | 42 -0.01318 -5.86060e+00
 43  0.05678  4.42408e+01 | 44  0.01142  1.68693e+01 | 45 -0.01804 -2.42367e+01
 46  0.01644  2.20630e+01 | 47 -0.03670  4.30459e+00 | 48  0.00719  3.65185e+00
 49 -0.05317  2.22369e+01 | 50 -0.01406  1.34501e+01 | 51 -0.03858  3.45341e+01
 52  0.01959  6.96652e+01 | 53  0.00139  6.71625e+01 | 54  0.04221  6.82133e+01
 55 -0.01361  1.10310e+01 | 56  0.00478  3.36431e+01 | 57 -0.04049  5.07830e+01
 58 -0.04768  4.63346e+01 | 59  0.02897  5.92751e+01 | 60  0.03313  1.80930e+00
 61 -0.01066  2.80556e+01 | 62 -0.02975  3.47289e+01 | 63  0.00162 -1.02909e+01
 64 -0.01995  4.30310e+01 | 65  0.00135  1.04247e+01 | 66  0.00846  1.16719e+01
 67  0.01496 -1.44020e+01 | 68 -0.01016  2.32660e+01 | 69 -0.01980  3.14991e+01
 70 -0.00850 -4.92511e+01 | 71 -0.00231 -9.20550e+00 | 72 -0.01232  2.44699e+01
 73 -0.02157 -1.67233e+01 | 74  0.01247 -3.19988e+01 | 75 -0.01676  2.54809e+01
 76  0.00223 -1.43631e+01 | 77  0.03565 -2.47912e+01 | 78 -0.03097 -7.09250e+00
 79 -0.01355 -2.95766e+00 | 80 -0.02202  3.84274e+00 | 81  0.01944 -2.11852e+00
 82 -0.01376  1.08341e+01 | 83 -0.01140  1.78409e+00 | 84  0.00167 -2.61955e+01
 85  0.05478  1.31902e+01 | 86  0.03458 -1.69525e+01 | 87 -0.04734 -7.11275e+00
 88 -0.01015 -5.39673e+00 | 89  0.01539 -2.46969e+01 | 90  0.01095 -3.64655e+01
 91 -0.01458 -8.67880e+00 | 92  0.02647 -1.09919e+01 | 93 -0.00685 -1.46272e+01
 94 -0.00332 -1.97524e+01 | 95 -0.00005 -1.78194e+01 | 96 -0.00005 -1.78198e+01
 97  0.81580  5.17918e+01 | 98 -0.41680 -2.99265e+02 | 99  0.20814 -7.84222e+01
100 -0.25535  2.69277e+02 |
100 variables; iteration 40; function evaluation 48; phase 3
Function value 2.1242761e+03; maximum gradient component mag 4.1487e+01
Var    Value     Gradient |Var    Value     Gradient |Var    Value     Gradient
  1  0.62617  4.14873e+01 |  2  0.00241 -4.01563e+00 |  3 -0.00153 -3.04030e+00
  4 -0.01326  8.20014e-01 |  5  0.01377 -3.27480e+00 |  6  0.00226 -3.77567e-02
  7 -0.02797  2.88102e+00 |  8  0.03333  4.06937e-01 |  9 -0.00909  3.18080e+00
 10  0.00927  5.35357e+00 | 11 -0.00268 -6.21998e+00 | 12 -0.00045  1.02110e+00
 13 -0.01028 -1.23399e+01 | 14  0.03554  5.34716e-01 | 15 -0.03486 -6.16576e+00
 16 -0.00259 -1.66715e-01 | 17 -0.00090 -2.46586e+00 | 18 -0.00377 -4.87286e+00
 19 -0.00428  6.11610e+00 | 20 -0.02701 -3.31520e+00 | 21 -0.04310 -4.83079e-01
 22  0.00189  2.97770e+00 | 23  0.01574  5.80207e-01 | 24  0.00588 -1.75044e-01
 25  0.01565  8.21777e-01 | 26  0.02996  6.12887e-01 | 27 -0.00174  1.31416e+00
 28  0.02538  4.18616e+00 | 29 -0.00287  2.26255e+00 | 30  0.01859  3.45600e+00
 31  0.01464 -5.85203e-01 | 32  0.00155 -1.10612e+00 | 33  0.02845 -1.58952e+01
 34 -0.01805  6.66948e+00 | 35 -0.00200  3.68370e-01 | 36  0.02542  9.05987e+00
 37  0.01166 -2.19361e+00 | 38  0.03461  1.03635e+00 | 39  0.00298  5.85097e+00
 40  0.02927 -8.25745e+00 | 41 -0.00894  2.78390e-01 | 42 -0.01238  1.25832e+00
 43  0.05690  5.39351e+00 | 44  0.01138  2.06616e+00 | 45 -0.01545 -4.54572e-02
 46  0.01631 -2.48459e+00 | 47 -0.03654  4.65233e+00 | 48  0.00805 -2.80201e+00
 49 -0.05535  4.66146e+00 | 50 -0.01362  5.70055e+00 | 51 -0.04070  3.95365e+00
 52  0.01885  7.46246e+00 | 53 -0.00062 -6.24679e+00 | 54  0.04209  3.84435e+00
 55 -0.01316  4.74693e+00 | 56  0.00490  1.11515e+01 | 57 -0.04374 -4.68048e+00
 58 -0.05017  9.48664e+00 | 59  0.02885  3.77741e+00 | 60  0.03405 -1.52313e+00
 61 -0.01121 -2.22595e+00 | 62 -0.03165 -6.27954e+00 | 63  0.00276 -2.21220e+00
 64 -0.02107  1.05898e+01 | 65  0.00175 -1.24069e+00 | 66  0.00873 -7.60137e-02
 67  0.01624  1.16837e+00 | 68 -0.01036  6.91831e+00 | 69 -0.02066  4.33159e+00
 70 -0.00681 -1.32823e+01 | 71 -0.00128  6.15896e+00 | 72 -0.01306  1.30112e+00
 73 -0.02064 -1.95935e+00 | 74  0.01375  7.10653e-01 | 75 -0.01786 -2.34999e+00
 76  0.00284 -2.59029e+00 | 77  0.03666 -6.13273e-01 | 78 -0.03097 -1.85273e+00
 79 -0.01351 -3.86606e+00 | 80 -0.02289 -8.96935e+00 | 81  0.01988  3.29289e+00
 82 -0.01444  2.52150e+00 | 83 -0.01162  1.60391e+00 | 84  0.00230 -4.08660e+00
 85  0.05482  2.50073e+00 | 86  0.03422 -2.71838e+01 | 87 -0.04780  1.08634e+00
 88 -0.01024  7.06002e+00 | 89  0.01602  2.84117e-01 | 90  0.01201 -3.52969e+00
 91 -0.01633 -7.60480e+00 | 92  0.02621  1.71462e+00 | 93 -0.00538  3.83449e+00
 94 -0.00322 -2.72452e+00 | 95  0.00009 -3.43653e-01 | 96  0.00009 -3.44059e-01
 97  0.81844  6.23782e+00 | 98 -0.41591 -2.51037e+01 | 99  0.20747 -5.52000e+00
100 -0.25675  3.59902e+01 |
100 variables; iteration 60; function evaluation 75; phase 3
Function value 2.1241681e+03; maximum gradient component mag 3.5544e+00
Var    Value     Gradient |Var    Value     Gradient |Var    Value     Gradient
  1  0.62607 -1.48656e+00 |  2  0.00388  1.13682e-02 |  3 -0.00080 -4.00650e-01
  4 -0.01421 -6.65925e-02 |  5  0.01477  3.85590e-01 |  6  0.00181 -2.60462e-01
  7 -0.02945  2.37772e-01 |  8  0.03312 -3.33489e-03 |  9 -0.00997  9.12315e-01
 10  0.00810  2.93787e-01 | 11 -0.00151  2.14248e-01 | 12 -0.00066  2.88653e-01
 13 -0.00835  4.84166e-01 | 14  0.03543 -1.20003e+00 | 15 -0.03396  2.04521e-01
 16 -0.00253  9.11611e-01 | 17 -0.00072 -6.67958e-02 | 18 -0.00343 -6.76344e-01
 19 -0.00472  2.90163e-01 | 20 -0.02664  4.21752e-01 | 21 -0.04308  5.37491e-02
 22  0.00175  6.69303e-01 | 23  0.01570 -4.65396e-01 | 24  0.00586 -4.67667e-01
 25  0.01563  4.16893e-01 | 26  0.02999  5.71695e-01 | 27 -0.00183  3.79819e-01
 28  0.02519  1.56045e-01 | 29 -0.00302  4.00373e-01 | 30  0.01843  3.79052e-01
 31  0.01479  1.41210e+00 | 32  0.00159 -2.30187e-01 | 33  0.02938 -2.34772e-01
 34 -0.01882  2.91522e-01 | 35 -0.00197  1.11412e-01 | 36  0.02491 -9.56223e-01
 37  0.01191  1.53976e-01 | 38  0.03464 -1.00944e-01 | 39  0.00254  1.04651e-01
 40  0.02978 -9.41010e-01 | 41 -0.00890  4.30631e-01 | 42 -0.01240  4.75901e-01
 43  0.05689  2.65081e-01 | 44  0.01134 -3.72997e-01 | 45 -0.01543 -6.54118e-01
 46  0.01658 -6.98743e-02 | 47 -0.03711 -8.39505e-01 | 48  0.00833 -4.22763e-01
 49 -0.05585  1.60961e-01 | 50 -0.01384  3.75633e-02 | 51 -0.04098 -2.37779e-01
 52  0.01874  1.72504e-01 | 53 -0.00035 -1.86124e+00 | 54  0.04210 -2.72786e-01
 55 -0.01330 -2.18812e-01 | 56  0.00461  1.42397e-01 | 57 -0.04336 -2.13423e-01
 58 -0.05092 -3.30916e-01 | 59  0.02888 -1.98577e-01 | 60  0.03416 -1.76563e-01
 61 -0.01109 -7.50833e-01 | 62 -0.03129  3.09021e-01 | 63  0.00290 -2.21496e-01
 64 -0.02155 -5.12516e-02 | 65  0.00186 -4.21242e-01 | 66  0.00877 -9.38426e-02
 67  0.01629  3.61111e-02 | 68 -0.01065 -8.71006e-01 | 69 -0.02085 -3.67425e-01
 70 -0.00628  6.25989e-01 | 71 -0.00153 -1.57286e+00 | 72 -0.01297  3.55443e+00
 73 -0.02050  6.61500e-01 | 74  0.01373 -7.20583e-02 | 75 -0.01773  3.42860e-01
 76  0.00292  6.85573e-02 | 77  0.03671 -6.17634e-03 | 78 -0.03091  1.18207e-01
 79 -0.01337  9.67267e-03 | 80 -0.02252 -4.39320e-01 | 81  0.01980 -1.22598e-01
 82 -0.01457  3.68475e-01 | 83 -0.01168  2.93442e-01 | 84  0.00243 -2.69449e-01
 85  0.05476  1.07545e-02 | 86  0.03499 -4.82956e-01 | 87 -0.04806 -1.66176e-01
 88 -0.01070  4.78868e-01 | 89  0.01601  6.00052e-02 | 90  0.01209  3.86012e-01
 91 -0.01560 -4.29041e-01 | 92  0.02588 -7.34528e-02 | 93 -0.00678 -3.35683e-01
 94 -0.00228 -6.09316e-02 | 95 -0.00050  1.67847e-02 | 96 -0.00050  1.68077e-02
 97  0.81666 -1.76425e-02 | 98 -0.41611  1.71170e+00 | 99  0.20600 -1.03515e-01
100 -0.25738  1.13772e+00 |
Maximum number of function evaluations exceeded

 - final statistics:
100 variables; iteration 78; function evaluation 100
Function value 2.1242e+03; maximum gradient component mag 2.3324e+00
Exit code = 3;  converg criter 1.0000e+00
Var    Value     Gradient |Var    Value     Gradient |Var    Value     Gradient
  1  0.62607 -1.02506e+00 |  2  0.00382 -1.24451e-01 |  3 -0.00055  1.00585e-01
  4 -0.01414  7.46907e-02 |  5  0.01467  1.04077e-01 |  6  0.00187 -1.26138e-01
  7 -0.02951  5.59909e-02 |  8  0.03313  1.18497e-02 |  9 -0.01017  1.78335e-01
 10  0.00811  3.19833e-01 | 11 -0.00150  2.18818e-01 | 12 -0.00067  1.90031e-01
 13 -0.00836  3.87227e-01 | 14  0.03548 -6.88191e-01 | 15 -0.03397  1.23966e-01
 16 -0.00256  5.64096e-01 | 17 -0.00070  1.77021e-01 | 18 -0.00342 -5.63504e-01
 19 -0.00475 -7.07417e-02 | 20 -0.02667  6.13906e-02 | 21 -0.04307  1.11350e-01
 22  0.00172  3.00673e-01 | 23  0.01572 -1.78138e-01 | 24  0.00588 -1.53932e-01
 25  0.01560 -6.72002e-03 | 26  0.02998  3.08151e-01 | 27 -0.00185  8.70433e-02
 28  0.02518  1.06936e-01 | 29 -0.00303  2.08435e-01 | 30  0.01843  3.63590e-01
 31  0.01474  6.86547e-01 | 32  0.00159 -2.52650e-01 | 33  0.02940  1.16569e-01
 34 -0.01886 -1.01413e-01 | 35 -0.00198 -8.50375e-02 | 36  0.02494 -4.69388e-01
 37  0.01190  4.52515e-02 | 38  0.03465  1.00480e-01 | 39  0.00253  3.14634e-02
 40  0.02982 -3.63495e-01 | 41 -0.00894  4.25191e-02 | 42 -0.01239  5.78027e-01
 43  0.05689  1.43191e-01 | 44  0.01136  5.17605e-02 | 45 -0.01540 -2.82926e-01
 46  0.01658  2.73115e-02 | 47 -0.03706 -3.64248e-01 | 48  0.00833 -2.46799e-01
 49 -0.05584  3.11402e-01 | 50 -0.01384  1.39007e-01 | 51 -0.04097 -1.70838e-01
 52  0.01873  6.50787e-02 | 53 -0.00032 -1.06179e+00 | 54  0.04210 -1.57318e-01
 55 -0.01331 -5.49521e-01 | 56  0.00461  1.11308e-01 | 57 -0.04336 -1.63598e-01
 58 -0.05088  1.14584e-01 | 59  0.02888 -1.43494e-01 | 60  0.03416 -7.78396e-02
 61 -0.01109 -6.60675e-01 | 62 -0.03128  3.59102e-01 | 63  0.00290 -1.12951e-01
 64 -0.02154 -1.75208e-02 | 65  0.00187 -2.34167e-01 | 66  0.00877 -8.26152e-03
 67  0.01629  5.31507e-02 | 68 -0.01063 -4.70006e-01 | 69 -0.02083  9.64057e-02
 70 -0.00629  4.35216e-01 | 71 -0.00151 -9.20368e-01 | 72 -0.01301  2.33240e+00
 73 -0.02052  1.56762e-01 | 74  0.01374  7.47654e-04 | 75 -0.01773  4.05512e-01
 76  0.00292  1.87464e-02 | 77  0.03671  2.98971e-03 | 78 -0.03092 -1.78683e-02
 79 -0.01338 -4.20140e-01 | 80 -0.02252 -5.86589e-01 | 81  0.01981 -3.24248e-02
 82 -0.01459 -3.95866e-02 | 83 -0.01169  1.56022e-01 | 84  0.00246  4.22677e-01
 85  0.05476 -3.44759e-02 | 86  0.03499 -2.45871e-01 | 87 -0.04805 -6.07319e-02
 88 -0.01071  3.24066e-01 | 89  0.01600 -2.28941e-01 | 90  0.01207  3.89699e-02
 91 -0.01557 -2.51035e-01 | 92  0.02584 -5.03573e-01 | 93 -0.00668 -7.16757e-03
 94 -0.00228 -7.68852e-02 | 95 -0.00052 -2.39615e-02 | 96 -0.00052 -2.39516e-02
 97  0.81658 -7.62594e-03 | 98 -0.41613  9.60543e-01 | 99  0.20602  1.71986e-01
100 -0.25738  6.52291e-01 |

Initial statistics: 108 variables; iteration 0; function evaluation 0; phase 4
Function value 2.1241674e+03; maximum gradient component mag -1.6096e+02
Var    Value     Gradient |Var    Value     Gradient |Var    Value     Gradient
  1 -0.42263 -6.51569e+01 |  2 -0.42263 -1.41482e+02 |  3 -0.41094 -1.60961e+02
  4  0.62607 -1.02506e+00 |  5  0.00000  7.83757e+00 |  6  0.00000  5.20230e+00
  7  0.00000  9.82612e+00 |  8  0.00000  1.54768e+01 |  9  0.00000  3.25160e+00
 10  0.00382 -1.24886e-01 | 11 -0.00055  1.00150e-01 | 12 -0.01414  7.42552e-02
 13  0.01467  1.03641e-01 | 14  0.00187 -1.26573e-01 | 15 -0.02951  5.55556e-02
 16  0.03313  1.14146e-02 | 17 -0.01017  1.77899e-01 | 18  0.00811  3.19398e-01
 19 -0.00150  2.18383e-01 | 20 -0.00067  1.89595e-01 | 21 -0.00836  3.86791e-01
 22  0.03548 -6.88626e-01 | 23 -0.03397  1.23531e-01 | 24 -0.00256  5.63660e-01
 25 -0.00070  1.76586e-01 | 26 -0.00342 -5.63939e-01 | 27 -0.00475 -7.11774e-02
 28 -0.02667  6.09553e-02 | 29 -0.04307  1.10915e-01 | 30  0.00172  3.00237e-01
 31  0.01572 -1.78573e-01 | 32  0.00588 -1.54368e-01 | 33  0.01560 -7.15557e-03
 34  0.02998  3.07716e-01 | 35 -0.00185  8.66076e-02 | 36  0.02518  1.06501e-01
 37 -0.00303  2.07999e-01 | 38  0.01843  3.63154e-01 | 39  0.01474  6.86112e-01
 40  0.00159 -2.53086e-01 | 41  0.02940  1.16134e-01 | 42 -0.01886 -1.01848e-01
 43 -0.00198 -8.54731e-02 | 44  0.02494 -4.69824e-01 | 45  0.01190  4.48159e-02
 46  0.03465  1.00045e-01 | 47  0.00253  3.10278e-02 | 48  0.02982 -3.63930e-01
 49 -0.00894  4.20835e-02 | 50 -0.01239  5.77592e-01 | 51  0.05689  1.42757e-01
 52  0.01136  5.13249e-02 | 53 -0.01540 -2.83362e-01 | 54  0.01658  2.68760e-02
 55 -0.03706 -3.64683e-01 | 56  0.00833 -2.47235e-01 | 57 -0.05584  3.10968e-01
 58 -0.01384  1.38571e-01 | 59 -0.04097 -1.71273e-01 | 60  0.01873  6.46432e-02
 61 -0.00032 -1.06223e+00 | 62  0.04210 -1.57753e-01 | 63 -0.01331 -5.49957e-01
 64  0.00461  1.10873e-01 | 65 -0.04336 -1.64033e-01 | 66 -0.05088  1.14150e-01
 67  0.02888 -1.43929e-01 | 68  0.03416 -7.82746e-02 | 69 -0.01109 -6.61111e-01
 70 -0.03128  3.58667e-01 | 71  0.00290 -1.13387e-01 | 72 -0.02154 -1.79563e-02
 73  0.00187 -2.34603e-01 | 74  0.00877 -8.69717e-03 | 75  0.01629  5.27152e-02
 76 -0.01063 -4.70441e-01 | 77 -0.02083  9.59703e-02 | 78 -0.00629  4.34780e-01
 79 -0.00151 -9.20804e-01 | 80 -0.01301  2.33196e+00 | 81 -0.02052  1.56326e-01
 82  0.01374  3.12068e-04 | 83 -0.01773  4.05076e-01 | 84  0.00292  1.83107e-02
 85  0.03671  2.55475e-03 | 86 -0.03092 -1.83035e-02 | 87 -0.01339 -4.20576e-01
 88 -0.02252 -5.87024e-01 | 89  0.01981 -3.28603e-02 | 90 -0.01459 -4.00222e-02
 91 -0.01169  1.55586e-01 | 92  0.00246  4.22241e-01 | 93  0.05476 -3.49100e-02
 94  0.03499 -2.46306e-01 | 95 -0.04805 -6.11664e-02 | 96 -0.01071  3.23630e-01
 97  0.01600 -2.29376e-01 | 98  0.01207  3.85343e-02 | 99 -0.01557 -2.51470e-01
100  0.02584 -5.04008e-01 |101 -0.00668 -7.60323e-03 |102 -0.00228 -7.73209e-02
103 -0.00052 -2.43972e-02 |104 -0.00052 -2.43873e-02 |105  0.81658 -7.62594e-03
106 -0.41613  9.60543e-01 |107  0.20602  1.71986e-01 |108 -0.25738  6.52291e-01

Intermediate statistics: 108 variables; iteration 20; function evaluation 25; phase 4
Function value 2.1238809e+03; maximum gradient component mag 8.2001e+01
Var    Value     Gradient |Var    Value     Gradient |Var    Value     Gradient
  1 -0.41109 -2.97741e+01 |  2 -0.42217  1.48197e+01 |  3 -0.41405 -7.14198e+01
  4  0.62619  8.20011e+01 |  5 -0.00113  4.75759e+00 |  6 -0.00180  2.07752e+00
  7 -0.00345  3.81363e+00 |  8 -0.00514  6.22256e+00 |  9 -0.00081  1.59497e+00
 10  0.00421 -2.13928e+00 | 11 -0.00031 -2.12350e+00 | 12 -0.01402 -2.28289e+00
 13  0.01476 -2.33300e+00 | 14  0.00195 -2.53163e+00 | 15 -0.02948 -2.40476e+00
 16  0.03303 -3.02476e+00 | 17 -0.01022 -2.52267e+00 | 18  0.00799 -2.73153e+00
 19 -0.00164 -2.85680e+00 | 20 -0.00086 -3.24111e+00 | 21 -0.00856 -3.10471e+00
 22  0.03517 -6.42388e+00 | 23 -0.03410 -2.88528e+00 | 24 -0.00272 -2.92651e+00
 25 -0.00086 -3.38355e+00 | 26 -0.00356 -3.91276e+00 | 27 -0.00488 -3.04328e+00
 28 -0.02675 -2.49806e+00 | 29 -0.04312 -1.91585e+00 | 30  0.00167 -1.91871e+00
 31  0.01560 -3.68497e+00 | 32  0.00582 -2.73303e+00 | 33  0.01553 -2.53620e+00
 34  0.02987 -2.54954e+00 | 35 -0.00196 -2.52289e+00 | 36  0.02503 -3.10994e+00
 37 -0.00314 -2.26167e+00 | 38  0.01835 -1.39498e+00 | 39  0.01473 -2.73649e-01
 40  0.00151 -1.84719e+00 | 41  0.02935 -1.11240e+00 | 42 -0.01889 -1.70002e+00
 43 -0.00203 -1.05963e+00 | 44  0.02486 -1.20318e+00 | 45  0.01184 -6.17303e-01
 46  0.03463  9.71432e-01 | 47  0.00254  1.42137e-01 | 48  0.02980  1.34684e+00
 49 -0.00898 -3.36839e-01 | 50 -0.01238  7.98427e-01 | 51  0.05713  1.33576e+01
 52  0.01139  2.41355e+00 | 53 -0.01538  7.82442e-01 | 54  0.01672  6.20166e+00
 55 -0.03701  4.02421e-01 | 56  0.00849  5.59328e+00 | 57 -0.05573  8.51958e-01
 58 -0.01366  4.85671e+00 | 59 -0.04084  1.79535e+00 | 60  0.01907  1.55652e+01
 61 -0.00012  7.88948e+00 | 62  0.04229  1.93661e+01 | 63 -0.01326  1.02653e+00
 64  0.00475  7.31898e+00 | 65 -0.04333  1.17718e+00 | 66 -0.05097  1.81684e+00
 67  0.02889  5.87479e+00 | 68  0.03430  1.11863e+01 | 69 -0.01110  1.11217e+00
 70 -0.03128  1.19429e+00 | 71  0.00291  3.36639e+00 | 72 -0.02148  2.34431e+00
 73  0.00188  2.66803e+00 | 74  0.00874  1.74895e+00 | 75  0.01626  7.62775e-01
 76 -0.01068 -1.40422e+00 | 77 -0.02083  3.92601e-01 | 78 -0.00628  2.00754e+00
 79 -0.00154 -1.65051e+00 | 80 -0.01300  3.32945e+00 | 81 -0.02056 -7.19493e-01
 82  0.01374 -2.58733e+00 | 83 -0.01768  1.60767e+00 | 84  0.00291 -7.17434e-01
 85  0.03649 -8.99951e+00 | 86 -0.03094 -2.82840e+00 | 87 -0.01340  4.27656e-01
 88 -0.02246 -7.20900e-01 | 89  0.01971 -3.31625e+00 | 90 -0.01453 -7.08255e-01
 91 -0.01163  1.39313e+00 | 92  0.00265  2.64218e+00 | 93  0.05454 -8.72824e+00
 94  0.03508 -8.64762e-01 | 95 -0.04811 -2.67212e+00 | 96 -0.01067  1.05939e-01
 97  0.01617  2.13194e+00 | 98  0.01220  1.90660e+00 | 99 -0.01553 -3.04482e+00
100  0.02592 -1.99011e+00 |101 -0.00676 -2.93079e+00 |102 -0.00245 -2.59960e+00
103 -0.00041 -2.40063e+00 |104 -0.00041 -2.40062e+00 |105  0.81848 -3.41471e+00
106 -0.41610  3.17378e+01 |107  0.20811  6.84545e+00 |108 -0.25748 -1.52022e+01
108 variables; iteration 40; function evaluation 47; phase 4
Function value 2.1237761e+03; maximum gradient component mag 2.8772e+01
Var    Value     Gradient |Var    Value     Gradient |Var    Value     Gradient
  1 -0.40916 -8.66482e+00 |  2 -0.42241  1.43755e+01 |  3 -0.41345 -1.90322e+01
  4  0.62618  2.87723e+01 |  5 -0.00253  1.14997e+00 |  6 -0.00228  1.08744e+00
  7 -0.00454  1.78685e+00 |  8 -0.00762  1.70059e+00 |  9 -0.00147  1.73894e-01
 10  0.00445 -4.37299e-01 | 11  0.00016  9.07889e-02 | 12 -0.01355  6.35693e-02
 13  0.01556  9.95747e-01 | 14  0.00234 -2.36545e-01 | 15 -0.02902  4.28011e-02
 16  0.03378  1.36603e+00 | 17 -0.01050 -2.32100e+00 | 18  0.00820 -7.29788e-01
 19 -0.00170 -2.16919e+00 | 20 -0.00130 -4.92421e+00 | 21 -0.00806  1.09357e+00
 22  0.03542 -2.69505e+00 | 23 -0.03408 -1.56105e+00 | 24 -0.00268 -1.41291e+00
 25 -0.00074 -1.06870e+00 | 26 -0.00341 -1.39990e+00 | 27 -0.00476 -9.01576e-01
 28 -0.02671 -1.24351e+00 | 29 -0.04323 -1.43020e+00 | 30  0.00171 -4.40304e-01
 31  0.01574 -1.09152e+00 | 32  0.00586 -1.24078e+00 | 33  0.01555 -1.60508e+00
 34  0.02985 -2.45069e+00 | 35 -0.00189 -9.53119e-01 | 36  0.02514 -1.09835e+00
 37 -0.00305 -6.55326e-01 | 38  0.01836 -8.98214e-01 | 39  0.01466 -7.87130e-01
 40  0.00156 -6.97135e-01 | 41  0.02938 -8.10921e-01 | 42 -0.01864  1.24745e+00
 43 -0.00205 -7.61601e-01 | 44  0.02497 -1.84884e-02 | 45  0.01185 -7.13976e-01
 46  0.03463 -1.27512e-01 | 47  0.00245 -8.20967e-01 | 48  0.02971 -1.13774e+00
 49 -0.00899 -6.54741e-01 | 50 -0.01241  3.80353e-01 | 51  0.05697  5.51457e+00
 52  0.01138  8.27778e-01 | 53 -0.01543 -2.35783e-01 | 54  0.01658  2.02488e+00
 55 -0.03704  9.58305e-02 | 56  0.00843  2.24207e+00 | 57 -0.05610 -2.01700e+00
 58 -0.01390  1.01447e-01 | 59 -0.04105 -6.29284e-01 | 60  0.01878  4.96098e+00
 61 -0.00019  5.47873e+00 | 62  0.04209  6.40968e+00 | 63 -0.01315  1.26691e+00
 64  0.00460  1.25867e+00 | 65 -0.04345  1.60368e-01 | 66 -0.05125  1.84462e-01
 67  0.02881  2.11857e+00 | 68  0.03420  3.72347e+00 | 69 -0.01108  1.31876e+00
 70 -0.03135  4.53072e-01 | 71  0.00300  6.73358e+00 | 72 -0.02168 -6.83705e-01
 73  0.00177  3.40847e-01 | 74  0.00865 -3.77396e-01 | 75  0.01626  1.26436e-01
 76 -0.01061  3.05836e-01 | 77 -0.02086  1.03932e+00 | 78 -0.00632  2.98964e+00
 79 -0.00142  2.66845e+00 | 80 -0.01334 -3.16324e+00 | 81 -0.02057  3.54960e-01
 82  0.01377 -9.34551e-01 | 83 -0.01787  1.62668e-01 | 84  0.00282 -1.38277e+00
 85  0.03656 -2.93745e+00 | 86 -0.03093 -1.64626e+00 | 87 -0.01352  6.31917e-01
 88 -0.02254  4.19961e-02 | 89  0.01964 -1.62580e+00 | 90 -0.01462 -5.86646e-01
 91 -0.01188 -3.91922e-01 | 92  0.00240  5.57393e-01 | 93  0.05451 -2.72031e+00
 94  0.03512  2.73702e+00 | 95 -0.04844 -3.82351e+00 | 96 -0.01080  9.89703e-01
 97  0.01579 -1.84932e+00 | 98  0.01181 -7.32086e-02 | 99 -0.01525  7.23196e-01
100  0.02585  6.61573e-01 |101 -0.00619  1.03811e+00 |102 -0.00266 -1.33226e+00
103 -0.00047 -9.72330e-01 |104 -0.00047 -9.72290e-01 |105  0.81893 -9.15641e-01
106 -0.41631  1.02741e+01 |107  0.20884  3.23796e+00 |108 -0.25744 -4.73004e+00
108 variables; iteration 60; function evaluation 73; phase 4
Function value 2.1237621e+03; maximum gradient component mag 1.2186e+01
Var    Value     Gradient |Var    Value     Gradient |Var    Value     Gradient
  1 -0.40888 -4.14303e+00 |  2 -0.42249  5.28074e+00 |  3 -0.41324 -8.58848e+00
  4  0.62615  1.21855e+01 |  5 -0.00281  2.18296e-01 |  6 -0.00257  5.24972e-01
  7 -0.00470  1.43477e+00 |  8 -0.00829  4.36242e-01 |  9 -0.00188 -6.88828e-01
 10  0.00450 -1.91502e-03 | 11  0.00018  4.70304e-01 | 12 -0.01370  9.92429e-02
 13  0.01466 -1.18020e+00 | 14  0.00219 -3.87995e-01 | 15 -0.02954 -8.92488e-01
 16  0.03338 -4.42452e-01 | 17 -0.01035 -1.56625e+00 | 18  0.00828 -2.36231e-01
 19 -0.00113  8.18343e-01 | 20 -0.00089 -2.30339e+00 | 21 -0.00812  8.85158e-01
 22  0.03551 -1.56497e+00 | 23 -0.03407 -1.18571e+00 | 24 -0.00260 -2.81034e-01
 25 -0.00073 -7.84279e-01 | 26 -0.00336 -5.50828e-01 | 27 -0.00474 -3.73261e-01
 28 -0.02661  3.77755e-03 | 29 -0.04319 -7.20123e-01 | 30  0.00171 -2.96211e-01
 31  0.01579 -3.92207e-01 | 32  0.00590 -7.03472e-01 | 33  0.01561 -5.04217e-01
 34  0.02993 -1.12756e+00 | 35 -0.00181  9.82641e-02 | 36  0.02518 -4.07916e-01
 37 -0.00298  2.50800e-01 | 38  0.01841 -9.12273e-02 | 39  0.01465 -8.74346e-01
 40  0.00161 -1.03559e-01 | 41  0.02943 -4.15589e-01 | 42 -0.01884 -3.69534e-01
 43 -0.00202 -3.58099e-01 | 44  0.02497 -1.88107e-01 | 45  0.01186 -6.46126e-01
 46  0.03467  2.98398e-01 | 47  0.00250 -1.55270e-01 | 48  0.02974 -8.75717e-01
 49 -0.00896 -4.07946e-01 | 50 -0.01239  5.10487e-01 | 51  0.05691  2.43371e+00
 52  0.01139  5.25026e-01 | 53 -0.01543 -4.03302e-01 | 54  0.01654  8.17764e-01
 55 -0.03708 -2.27539e-01 | 56  0.00835  2.24831e-01 | 57 -0.05585  2.39424e-01
 58 -0.01389  1.98485e-01 | 59 -0.04101 -2.02805e-01 | 60  0.01871  2.05112e+00
 61 -0.00028  2.82985e+00 | 62  0.04205  2.76309e+00 | 63 -0.01314  7.90965e-01
 64  0.00460  4.44834e-01 | 65 -0.04347 -1.37599e-01 | 66 -0.05129 -7.75078e-02
 67  0.02880  8.86525e-01 | 68  0.03419  1.63289e+00 | 69 -0.01112 -1.80103e-01
 70 -0.03135  1.29603e-01 | 71  0.00290  3.21893e+00 | 72 -0.02164  5.00058e-04
 73  0.00176  1.32695e-01 | 74  0.00866 -5.51797e-01 | 75  0.01628  1.28848e-01
 76 -0.01059  3.53078e-01 | 77 -0.02088  5.34830e-01 | 78 -0.00638  1.34404e+00
 79 -0.00147  1.29270e+00 | 80 -0.01326 -1.31381e+00 | 81 -0.02059  3.91302e-03
 82  0.01380 -3.98074e-01 | 83 -0.01792 -4.41975e-01 | 84  0.00285 -4.68550e-01
 85  0.03659 -1.31383e+00 | 86 -0.03087 -5.06971e-01 | 87 -0.01355  5.44033e-01
 88 -0.02255  1.75309e-01 | 89  0.01965 -7.85862e-01 | 90 -0.01459  2.72251e-01
 91 -0.01190 -8.09949e-02 | 92  0.00233 -2.62890e-01 | 93  0.05451 -1.12951e+00
 94  0.03506  1.23586e+00 | 95 -0.04835 -2.52761e+00 | 96 -0.01090  3.81948e-01
 97  0.01581 -2.67641e-01 | 98  0.01173 -1.97933e-01 | 99 -0.01530  8.06466e-01
100  0.02578  6.36539e-01 |101 -0.00633  1.12122e+00 |102 -0.00234 -3.05439e-01
103 -0.00030 -2.14349e-01 |104 -0.00030 -2.14400e-01 |105  0.81885 -4.55466e-01
106 -0.41639  4.30667e+00 |107  0.20922  3.18354e+00 |108 -0.25735 -1.44246e+00
Maximum number of function evaluations exceeded

 - final statistics:
108 variables; iteration 80; function evaluation 100
Function value 2.1238e+03; maximum gradient component mag 1.2499e+00
Exit code = 3;  converg criter 1.0000e+00
Var    Value     Gradient |Var    Value     Gradient |Var    Value     Gradient
  1 -0.40860 -1.78294e-01 |  2 -0.42254  6.16144e-02 |  3 -0.41310 -3.04924e-01
  4  0.62610  2.50064e-01 |  5 -0.00280  8.18975e-02 |  6 -0.00297 -1.52059e-01
  7 -0.00548  7.64134e-02 |  8 -0.00848  7.08093e-02 |  9 -0.00168 -3.82321e-01
 10  0.00438  7.18328e-02 | 11 -0.00023 -7.05610e-02 | 12 -0.01400 -2.43827e-01
 13  0.01505  1.23398e-01 | 14  0.00208 -4.07157e-01 | 15 -0.02920  2.44360e-01
 16  0.03340 -1.94844e-01 | 17 -0.01002 -1.66904e-01 | 18  0.00848  9.32002e-01
 19 -0.00140 -3.33744e-01 | 20 -0.00050  1.79806e-01 | 21 -0.00824  2.32215e-01
 22  0.03564  8.83294e-02 | 23 -0.03400 -5.60039e-01 | 24 -0.00259 -1.47218e-01
 25 -0.00067 -1.90715e-01 | 26 -0.00329  2.10501e-01 | 27 -0.00477 -8.93252e-01
 28 -0.02663 -2.20963e-01 | 29 -0.04313 -1.46328e-01 | 30  0.00172 -1.72054e-01
 31  0.01579 -7.32509e-01 | 32  0.00597  2.65390e-01 | 33  0.01566  1.52291e-01
 34  0.03000  1.42072e-02 | 35 -0.00180  2.96879e-01 | 36  0.02522  2.71798e-02
 37 -0.00299  1.06705e-01 | 38  0.01843 -5.04169e-03 | 39  0.01469 -4.94995e-01
 40  0.00158 -5.16837e-01 | 41  0.02946 -1.49952e-01 | 42 -0.01871  7.75923e-01
 43 -0.00202 -3.71420e-01 | 44  0.02501  3.85950e-02 | 45  0.01192 -8.57785e-02
 46  0.03471  5.62912e-01 | 47  0.00247 -6.92935e-01 | 48  0.02984  2.93401e-01
 49 -0.00893 -1.55712e-01 | 50 -0.01237  5.14518e-01 | 51  0.05687  1.52843e-01
 52  0.01139 -1.21511e-01 | 53 -0.01543 -6.42417e-01 | 54  0.01654  2.01436e-01
 55 -0.03704  1.40848e-02 | 56  0.00838  5.91082e-02 | 57 -0.05580  6.47492e-01
 58 -0.01389 -1.98379e-01 | 59 -0.04095  3.06746e-01 | 60  0.01869  1.50237e-01
 61 -0.00036  1.75997e-01 | 62  0.04203  7.79322e-02 | 63 -0.01308  1.24992e+00
 64  0.00461 -4.98483e-03 | 65 -0.04346  1.01985e-02 | 66 -0.05137 -8.61101e-01
 67  0.02880  1.03853e-01 | 68  0.03419  9.32281e-02 | 69 -0.01109 -4.86602e-02
 70 -0.03136 -2.75502e-01 | 71  0.00281  9.64514e-02 | 72 -0.02160  7.43664e-01
 73  0.00177 -1.88446e-02 | 74  0.00869  9.78734e-03 | 75  0.01630  3.72985e-02
 76 -0.01058  2.37856e-01 | 77 -0.02093 -7.98757e-01 | 78 -0.00641  2.17058e-01
 79 -0.00150  7.07782e-02 | 80 -0.01320  1.15145e-01 | 81 -0.02061 -3.64574e-01
 82  0.01382  2.78270e-02 | 83 -0.01788  5.26180e-01 | 84  0.00287 -1.59046e-02
 85  0.03662 -5.32563e-03 | 86 -0.03082  3.03052e-01 | 87 -0.01356  3.99776e-01
 88 -0.02259 -2.97076e-01 | 89  0.01966  9.44595e-02 | 90 -0.01465 -5.40427e-01
 91 -0.01189  6.15927e-01 | 92  0.00231  1.38678e-02 | 93  0.05451 -3.10398e-02
 94  0.03500  1.03798e-02 | 95 -0.04812  1.57297e-01 | 96 -0.01098  1.54638e-01
 97  0.01574 -4.40243e-01 | 98  0.01166 -1.35932e-01 | 99 -0.01549 -4.67116e-03
100  0.02560 -8.17329e-02 |101 -0.00684 -1.38145e-02 |102 -0.00235  3.21894e-02
103 -0.00053 -2.06539e-01 |104 -0.00053 -2.06490e-01 |105  0.81883 -3.16633e-02
106 -0.41644  7.93145e-02 |107  0.20870  1.98366e-01 |108 -0.25754 -2.59771e-02

Initial statistics: 110 variables; iteration 0; function evaluation 0; phase 5
Function value 2.1237564e+03; maximum gradient component mag -3.2201e+01
Var    Value     Gradient |Var    Value     Gradient |Var    Value     Gradient
  1 -0.40860 -1.78294e-01 |  2 -0.42254  6.16144e-02 |  3 -0.41310 -3.04924e-01
  4 -0.41222 -3.22013e+01 |  5 -0.41222 -1.09280e+01 |  6  0.62610  2.50064e-01
  7 -0.00280  8.18975e-02 |  8 -0.00297 -1.52059e-01 |  9 -0.00548  7.64134e-02
 10 -0.00848  7.08093e-02 | 11 -0.00168 -3.82321e-01 | 12  0.00438  7.21261e-02
 13 -0.00023 -7.02677e-02 | 14 -0.01400 -2.43534e-01 | 15  0.01505  1.23691e-01
 16  0.00208 -4.06864e-01 | 17 -0.02920  2.44653e-01 | 18  0.03340 -1.94551e-01
 19 -0.01002 -1.66611e-01 | 20  0.00848  9.32296e-01 | 21 -0.00140 -3.33451e-01
 22 -0.00050  1.80099e-01 | 23 -0.00824  2.32508e-01 | 24  0.03564  8.86222e-02
 25 -0.03400 -5.59746e-01 | 26 -0.00259 -1.46925e-01 | 27 -0.00067 -1.90422e-01
 28 -0.00329  2.10794e-01 | 29 -0.00477 -8.92958e-01 | 30 -0.02663 -2.20670e-01
 31 -0.04313 -1.46036e-01 | 32  0.00172 -1.71760e-01 | 33  0.01579 -7.32216e-01
 34  0.00597  2.65683e-01 | 35  0.01566  1.52585e-01 | 36  0.03000  1.45002e-02
 37 -0.00180  2.97172e-01 | 38  0.02522  2.74728e-02 | 39 -0.00299  1.06998e-01
 40  0.01843 -4.74854e-03 | 41  0.01469 -4.94701e-01 | 42  0.00158 -5.16544e-01
 43  0.02946 -1.49659e-01 | 44 -0.01871  7.76216e-01 | 45 -0.00202 -3.71127e-01
 46  0.02501  3.88880e-02 | 47  0.01192 -8.54853e-02 | 48  0.03471  5.63205e-01
 49  0.00247 -6.92642e-01 | 50  0.02984  2.93694e-01 | 51 -0.00893 -1.55418e-01
 52 -0.01237  5.14811e-01 | 53  0.05687  1.53135e-01 | 54  0.01139 -1.21218e-01
 55 -0.01543 -6.42124e-01 | 56  0.01654  2.01729e-01 | 57 -0.03704  1.43776e-02
 58  0.00838  5.94015e-02 | 59 -0.05580  6.47784e-01 | 60 -0.01389 -1.98085e-01
 61 -0.04095  3.07039e-01 | 62  0.01869  1.50530e-01 | 63 -0.00036  1.76290e-01
 64  0.04203  7.82249e-02 | 65 -0.01308  1.25021e+00 | 66  0.00461 -4.69157e-03
 67 -0.04346  1.04911e-02 | 68 -0.05137 -8.60808e-01 | 69  0.02880  1.04146e-01
 70  0.03419  9.35209e-02 | 71 -0.01109 -4.83670e-02 | 72 -0.03136 -2.75209e-01
 73  0.00281  9.67447e-02 | 74 -0.02160  7.43957e-01 | 75  0.00177 -1.85514e-02
 76  0.00869  1.00806e-02 | 77  0.01630  3.75916e-02 | 78 -0.01058  2.38149e-01
 79 -0.02093 -7.98464e-01 | 80 -0.00641  2.17351e-01 | 81 -0.00150  7.10715e-02
 82 -0.01320  1.15438e-01 | 83 -0.02061 -3.64281e-01 | 84  0.01382  2.81202e-02
 85 -0.01788  5.26473e-01 | 86  0.00287 -1.56113e-02 | 87  0.03662 -5.03284e-03
 88 -0.03082  3.03345e-01 | 89 -0.01356  4.00070e-01 | 90 -0.02259 -2.96783e-01
 91  0.01966  9.47526e-02 | 92 -0.01465 -5.40133e-01 | 93 -0.01189  6.16220e-01
 94  0.00231  1.41610e-02 | 95  0.05451 -3.07476e-02 | 96  0.03500  1.06727e-02
 97 -0.04812  1.57589e-01 | 98 -0.01098  1.54931e-01 | 99  0.01574 -4.39950e-01
100  0.01166 -1.35638e-01 |101 -0.01549 -4.37797e-03 |102  0.02560 -8.14399e-02
103 -0.00684 -1.35213e-02 |104 -0.00235  3.24826e-02 |105 -0.00053 -2.06246e-01
106 -0.00053 -2.06196e-01 |107  0.81883 -3.16633e-02 |108 -0.41644  7.93145e-02
109  0.20870  1.98366e-01 |110 -0.25754 -2.59771e-02 |

Intermediate statistics: 110 variables; iteration 20; function evaluation 23; phase 5
Function value 2.1231424e+03; maximum gradient component mag -9.2317e+01
Var    Value     Gradient |Var    Value     Gradient |Var    Value     Gradient
  1 -0.41779 -1.83820e+01 |  2 -0.42274 -5.10283e+01 |  3 -0.41359 -6.06155e+01
  4 -0.36667 -8.30119e+00 |  5 -0.41478  1.32071e+01 |  6  0.62653  6.47364e+01
  7 -0.00264  7.22333e-01 |  8 -0.00294 -3.10198e-02 |  9 -0.00545  2.11588e-01
 10 -0.00845  2.21349e-01 | 11 -0.00166 -1.99011e-01 | 12  0.00441 -1.36080e+00
 13 -0.00020 -1.48050e+00 | 14 -0.01400 -1.68294e+00 | 15  0.01507 -1.02621e+00
 16  0.00214 -1.42718e+00 | 17 -0.02929 -1.24140e+00 | 18  0.03338 -5.23894e-01
 19 -0.01010 -1.21001e+00 | 20  0.00793 -1.94012e+00 | 21 -0.00146 -9.12873e-01
 22 -0.00077 -1.69940e+00 | 23 -0.00851 -2.03037e+00 | 24  0.03532 -4.10639e+00
 25 -0.03382 -2.98106e-01 | 26 -0.00245  2.24734e+00 | 27 -0.00048  3.88251e+00
 28 -0.00346 -1.58807e+00 | 29 -0.00390  1.30233e+01 | 30 -0.02640  2.29218e+00
 31 -0.04306  1.74069e+00 | 32  0.00206  8.71032e+00 | 33  0.01644  1.06791e+01
 34  0.00579 -2.17869e+00 | 35  0.01559  8.12392e-01 | 36  0.03001  3.42710e+00
 37 -0.00198  5.48103e-01 | 38  0.02520  2.58707e+00 | 39 -0.00308  2.86636e-01
 40  0.01844  1.20256e+00 | 41  0.01522  9.85427e+00 | 42  0.00214  1.02985e+01
 43  0.02962  6.68781e+00 | 44 -0.01910  4.73524e-01 | 45 -0.00159  9.25457e+00
 46  0.02490  2.33038e+00 | 47  0.01186  1.47277e+00 | 48  0.03427 -4.65320e+00
 49  0.00301  8.41580e+00 | 50  0.02949  4.32815e+00 | 51 -0.00887  4.78077e+00
 52 -0.01281 -9.91763e-01 | 53  0.05719  2.16991e+01 | 54  0.01140  7.23029e+00
 55 -0.01498  8.10385e+00 | 56  0.01636  5.09657e+00 | 57 -0.03708  4.97297e+00
 58  0.00823  7.66920e+00 | 59 -0.05617  1.63658e-01 | 60 -0.01381  8.28792e+00
 61 -0.04130 -2.13874e-01 | 62  0.01903  1.74978e+01 | 63 -0.00008  8.77969e+00
 64  0.04311  6.23858e+01 | 65 -0.01363 -3.74489e+00 | 66  0.00467  5.90727e+00
 67 -0.04345  2.23348e+00 | 68 -0.05038  1.87438e+01 | 69  0.02900  1.66588e+00
 70  0.03459  1.50845e+01 | 71 -0.01137 -2.32720e+00 | 72 -0.03130  5.67815e+00
 73  0.00283 -2.02277e+00 | 74 -0.02201 -9.56641e+00 | 75  0.00159 -7.57654e+00
 76  0.00862 -6.95771e+00 | 77  0.01616 -7.31419e+00 | 78 -0.01082 -7.38583e+00
 79 -0.02091 -2.30855e+00 | 80 -0.00671 -1.18486e+01 | 81 -0.00171 -1.17517e+01
 82 -0.01358 -1.18182e+01 | 83 -0.02079 -4.26358e+00 | 84  0.01413 -1.44124e+00
 85 -0.01823 -1.03401e+01 | 86  0.00268 -1.31220e+01 | 87  0.03579 -5.02139e+01
 88 -0.03127 -1.33239e+01 | 89 -0.01379 -1.01861e+01 | 90 -0.02259 -1.44641e+00
 91  0.01958 -1.23399e+01 | 92 -0.01458 -1.33377e+00 | 93 -0.01230 -1.27379e+01
 94  0.00234 -8.20642e+00 | 95  0.05411 -3.67835e+01 | 96  0.03549  4.75989e+00
 97 -0.04816  9.78228e-01 | 98 -0.01097 -4.39098e+00 | 99  0.01604 -4.37568e+00
100  0.01202 -4.42042e+00 |101 -0.01563  2.28605e-01 |102  0.02629 -5.99809e+00
103 -0.00738 -1.29845e+00 |104 -0.00219 -1.55064e+00 |105 -0.00054 -1.91798e+00
106 -0.00054 -1.91794e+00 |107  0.80142  6.43075e+00 |108 -0.41948 -7.52947e+01
109  0.20520  2.96136e+01 |110 -0.25865 -9.23166e+01 |
110 variables; iteration 40; function evaluation 43; phase 5
Function value 2.1229318e+03; maximum gradient component mag 2.1241e+01
Var    Value     Gradient |Var    Value     Gradient |Var    Value     Gradient
  1 -0.42116 -1.69294e+00 |  2 -0.42250  1.44215e+01 |  3 -0.41344 -1.86861e+00
  4 -0.35640 -9.14703e-01 |  5 -0.41869  3.09659e+00 |  6  0.62603  2.12408e+01
  7 -0.00361 -1.53302e+00 |  8 -0.00277  1.48021e-01 |  9 -0.00566 -2.07045e-01
 10 -0.00864 -1.61655e-01 | 11 -0.00040  2.04760e+00 | 12  0.00411 -8.83365e-01
 13  0.00000  7.11132e-03 | 14 -0.01312  1.27459e+00 | 15  0.01477 -7.25312e-01
 16  0.00160 -1.74689e+00 | 17 -0.02968 -1.05737e+00 | 18  0.03238 -3.86876e+00
 19 -0.01068 -1.93525e+00 | 20  0.00825  1.14713e+00 | 21 -0.00133  1.45361e+00
 22 -0.00136 -3.34975e+00 | 23 -0.00939 -5.72303e+00 | 24  0.03593  6.89941e+00
 25 -0.03291  6.96597e+00 | 26 -0.00282 -4.04602e-01 | 27 -0.00080  5.29165e-01
 28 -0.00369 -4.46870e+00 | 29 -0.00476  2.22371e+00 | 30 -0.02640  2.41596e+00
 31 -0.04446 -8.33347e+00 | 32  0.00150  6.96264e-01 | 33  0.01637  9.27601e+00
 34  0.00606  1.71610e+00 | 35  0.01537 -2.43779e+00 | 36  0.02993  1.28149e+00
 37 -0.00174  3.04041e+00 | 38  0.02503 -1.28143e+00 | 39 -0.00280  3.12695e+00
 40  0.01860  2.57845e+00 | 41  0.01450 -2.11137e+00 | 42  0.00140  3.61824e-01
 43  0.02930 -2.03231e+00 | 44 -0.01920 -1.26428e+00 | 45 -0.00258 -3.18013e+00
 46  0.02478 -2.84494e+00 | 47  0.01188 -1.54620e-01 | 48  0.03471 -1.54721e-01
 49  0.00271  2.30472e+00 | 50  0.02934 -3.30274e+00 | 51 -0.00872  3.61886e+00
 52 -0.01220  2.37310e+00 | 53  0.05690  1.33153e+00 | 54  0.01158  4.10023e+00
 55 -0.01527  9.80784e-01 | 56  0.01674  4.65663e+00 | 57 -0.03709  2.32662e+00
 58  0.00847  4.88939e+00 | 59 -0.05552  3.53886e+00 | 60 -0.01393  1.64608e+00
 61 -0.04075  3.32367e+00 | 62  0.01877  1.06246e-01 | 63  0.00002  2.72828e+00
 64  0.04242  1.30510e+01 | 65 -0.01312  2.24354e+00 | 66  0.00470  1.02226e-01
 67 -0.04366 -2.88940e+00 | 68 -0.05108  8.74797e+00 | 69  0.02915  9.78821e-01
 70  0.03452  3.79895e+00 | 71 -0.01087  7.06521e+00 | 72 -0.03184 -4.98322e+00
 73  0.00330  9.33966e+00 | 74 -0.02170 -4.03934e+00 | 75  0.00189  4.59812e-01
 76  0.00859 -9.72304e+00 | 77  0.01638 -1.39691e-01 | 78 -0.01053 -9.32986e-01
 79 -0.02102 -3.68946e+00 | 80 -0.00605  5.96775e+00 | 81 -0.00138 -7.92212e-01
 82 -0.01334 -5.66078e+00 | 83 -0.02070 -1.01548e+00 | 84  0.01417 -1.47183e+00
 85 -0.01786 -9.04218e-01 | 86  0.00305 -1.47086e+00 | 87  0.03658 -9.55378e+00
 88 -0.03082 -4.81001e+00 | 89 -0.01358 -4.78112e+00 | 90 -0.02230  3.84405e+00
 91  0.01984 -4.81454e+00 | 92 -0.01445  2.70162e-01 | 93 -0.01211 -9.76865e+00
 94  0.00253 -4.83716e+00 | 95  0.05482 -6.63318e+00 | 96  0.03567  5.91243e+00
 97 -0.04786  3.59991e+00 | 98 -0.01036  1.68839e+00 | 99  0.01658  2.33753e+00
100  0.01254 -1.35168e+00 |101 -0.01564  3.21062e-01 |102  0.02649 -7.86848e+00
103 -0.00961 -6.80464e+00 |104 -0.00250 -8.59375e-01 |105 -0.00031 -4.22440e-01
106 -0.00031 -4.22460e-01 |107  0.80395  1.87173e+00 |108 -0.41895 -1.94449e+01
109  0.20446  4.82388e+00 |110 -0.25844 -1.80785e+01 |
110 variables; iteration 60; function evaluation 71; phase 5
Function value 2.1228754e+03; maximum gradient component mag 2.7930e+00
Var    Value     Gradient |Var    Value     Gradient |Var    Value     Gradient
  1 -0.42188 -1.02277e-01 |  2 -0.42247  1.94623e+00 |  3 -0.41339  2.08171e-01
  4 -0.35483 -1.04201e-01 |  5 -0.41940  2.94705e-01 |  6  0.62607  2.67402e+00
  7 -0.00298 -9.45838e-02 |  8 -0.00304 -2.17715e-01 |  9 -0.00550  1.04624e-01
 10 -0.00849  1.28535e-01 | 11 -0.00136  3.30784e-01 | 12  0.00427 -1.03819e-03
 13 -0.00016  2.70225e-01 | 14 -0.01384  3.33424e-01 | 15  0.01492  3.19211e-01
 16  0.00165 -9.76749e-01 | 17 -0.02935  3.65328e-01 | 18  0.03309  2.53080e-01
 19 -0.01069 -1.24843e+00 | 20  0.00795  5.45097e-01 | 21 -0.00179 -6.94791e-02
 22 -0.00100 -2.91664e-01 | 23 -0.00874 -7.53315e-01 | 24  0.03541  8.84366e-01
 25 -0.03397  8.63138e-01 | 26 -0.00288 -4.74664e-01 | 27 -0.00089  1.00491e-01
 28 -0.00334  8.24431e-01 | 29 -0.00507 -7.35299e-01 | 30 -0.02671  2.55756e-01
 31 -0.04365 -1.52175e+00 | 32  0.00143  5.04852e-01 | 33  0.01582  1.21773e+00
 34  0.00591  3.79216e-01 | 35  0.01550  1.03472e-01 | 36  0.02978 -7.28462e-01
 37 -0.00201  5.95580e-01 | 38  0.02511  3.26871e-01 | 39 -0.00310  1.11024e-01
 40  0.01844  2.78376e-01 | 41  0.01455 -1.12398e+00 | 42  0.00140  7.15202e-01
 43  0.02939 -3.91703e-01 | 44 -0.01904  4.16748e-01 | 45 -0.00240 -1.11058e+00
 46  0.02485 -1.99601e+00 | 47  0.01186 -6.81521e-01 | 48  0.03485  1.87914e+00
 49  0.00255  2.25435e-01 | 50  0.02952 -7.81946e-01 | 51 -0.00891  1.45144e+00
 52 -0.01235  6.20599e-01 | 53  0.05690 -4.11430e-01 | 54  0.01140  5.48972e-01
 55 -0.01528  3.92745e-01 | 56  0.01662  1.12785e+00 | 57 -0.03726  3.85958e-01
 58  0.00839  1.89098e+00 | 59 -0.05602 -8.98101e-01 | 60 -0.01399 -3.70337e-01
 61 -0.04107 -7.30015e-01 | 62  0.01878 -7.79782e-01 | 63 -0.00009 -8.07085e-01
 64  0.04224  1.59261e+00 | 65 -0.01320  1.79661e-01 | 66  0.00472  4.58873e-02
 67 -0.04351 -7.77833e-01 | 68 -0.05166  1.44242e+00 | 69  0.02915  9.43750e-02
 70  0.03446  5.45058e-01 | 71 -0.01118 -3.02983e-02 | 72 -0.03153  5.27114e-01
 73  0.00307  2.79298e+00 | 74 -0.02151  1.91366e-01 | 75  0.00185  6.01666e-01
 76  0.00879 -2.78915e+00 | 77  0.01635  2.51279e-01 | 78 -0.01054 -2.51700e-01
 79 -0.02094 -1.12768e+00 | 80 -0.00625  1.28058e+00 | 81 -0.00144 -1.23671e+00
 82 -0.01316 -6.43690e-01 | 83 -0.02078 -1.30307e+00 | 84  0.01417 -3.25161e-01
 85 -0.01798 -2.37532e+00 | 86  0.00312  1.90114e+00 | 87  0.03671 -1.19539e+00
 88 -0.03069 -1.58152e+00 | 89 -0.01340  4.19346e-02 | 90 -0.02246  1.44647e+00
 91  0.01993 -9.55243e-01 | 92 -0.01448  5.09013e-01 | 93 -0.01178 -2.26364e+00
 94  0.00268 -5.57568e-01 | 95  0.05493 -8.00826e-01 | 96  0.03554  1.31328e+00
 97 -0.04808  1.67975e+00 | 98 -0.01037  6.16291e-01 | 99  0.01656  3.97104e-01
100  0.01274  1.38209e-01 |101 -0.01566  1.43314e-01 |102  0.02721 -9.64868e-01
103 -0.00805 -9.73242e-01 |104 -0.00234 -7.34102e-02 |105  0.00003  6.21394e-01
106  0.00003  6.21326e-01 |107  0.80475  2.89902e-01 |108 -0.41878 -2.69877e+00
109  0.20478  6.00262e-01 |110 -0.25827 -2.29230e+00 |
110 variables; iteration 80; function evaluation 100; phase 5
Function value 2.1228722e+03; maximum gradient component mag 5.6117e-01
Var    Value     Gradient |Var    Value     Gradient |Var    Value     Gradient
  1 -0.42192 -1.32929e-02 |  2 -0.42246  3.95750e-01 |  3 -0.41341  8.88953e-02
  4 -0.35464  1.38661e-02 |  5 -0.41951 -4.34481e-02 |  6  0.62604  5.02476e-01
  7 -0.00289  7.61694e-02 |  8 -0.00283  1.18500e-01 |  9 -0.00566 -1.68089e-01
 10 -0.00873 -2.85486e-01 | 11 -0.00152  2.69643e-02 | 12  0.00418 -1.26524e-01
 13 -0.00046 -2.87709e-01 | 14 -0.01391  2.43765e-01 | 15  0.01482  1.06294e-01
 16  0.00205  1.45055e-01 | 17 -0.02935  4.37585e-01 | 18  0.03302 -1.17696e-03
 19 -0.01029  1.86010e-01 | 20  0.00785  8.13026e-02 | 21 -0.00180 -3.59686e-02
 22 -0.00090  3.46332e-01 | 23 -0.00864 -9.49624e-02 | 24  0.03536  2.23207e-01
 25 -0.03402  5.61168e-01 | 26 -0.00283  5.67774e-02 | 27 -0.00086  4.06711e-01
 28 -0.00338  1.83519e-01 | 29 -0.00502 -1.96310e-01 | 30 -0.02674 -1.94039e-02
 31 -0.04346 -1.15286e-01 | 32  0.00140  2.44254e-02 | 33  0.01576  2.12830e-01
 34  0.00590  5.22794e-02 | 35  0.01548 -2.30210e-01 | 36  0.02982 -1.08306e-01
 37 -0.00207 -1.77436e-01 | 38  0.02510  1.50049e-02 | 39 -0.00311  7.80957e-03
 40  0.01843  6.63261e-02 | 41  0.01463 -5.83407e-02 | 42  0.00134 -8.87151e-02
 43  0.02942 -5.94705e-02 | 44 -0.01904  3.89420e-01 | 45 -0.00230 -1.23093e-02
 46  0.02496 -1.95825e-01 | 47  0.01191 -9.94250e-02 | 48  0.03477  5.04402e-02
 49  0.00256  1.19330e-01 | 50  0.02957 -2.11476e-01 | 51 -0.00903  1.03693e-01
 52 -0.01238  2.43798e-01 | 53  0.05693 -9.95268e-03 | 54  0.01137  2.25876e-02
 55 -0.01532 -1.37620e-01 | 56  0.01659  6.17951e-02 | 57 -0.03729 -9.72475e-03
 58  0.00832  1.37591e-01 | 59 -0.05591 -5.95494e-02 | 60 -0.01396 -9.59356e-02
 61 -0.04100 -1.96745e-03 | 62  0.01882 -1.38950e-01 | 63 -0.00004 -6.69544e-02
 64  0.04223  2.42848e-01 | 65 -0.01320 -3.24871e-02 | 66  0.00473  1.45175e-02
 67 -0.04346 -1.81053e-01 | 68 -0.05174  2.24006e-01 | 69  0.02916 -5.07419e-04
 70  0.03446  5.63511e-02 | 71 -0.01117  1.54000e-01 | 72 -0.03155  2.15367e-02
 73  0.00300  4.21714e-01 | 74 -0.02150  9.17876e-02 | 75  0.00184  4.92870e-02
 76  0.00887 -4.54398e-01 | 77  0.01635  4.72881e-03 | 78 -0.01053 -5.26495e-02
 79 -0.02087  9.15069e-02 | 80 -0.00629  1.24394e-01 | 81 -0.00140 -2.45510e-01
 82 -0.01314 -1.14861e-01 | 83 -0.02073 -2.87861e-01 | 84  0.01418 -9.00771e-02
 85 -0.01786  3.58262e-02 | 86  0.00307  2.76438e-01 | 87  0.03674 -2.04787e-01
 88 -0.03061 -1.85976e-01 | 89 -0.01340 -5.46471e-02 | 90 -0.02253  4.39557e-02
 91  0.01996 -1.37964e-01 | 92 -0.01452 -3.22802e-01 | 93 -0.01169 -5.39695e-01
 94  0.00270 -2.52838e-02 | 95  0.05495 -1.66698e-01 | 96  0.03551  1.73462e-01
 97 -0.04823  2.10961e-01 | 98 -0.01042 -1.45021e-01 | 99  0.01656  3.28122e-01
100  0.01272 -2.63484e-01 |101 -0.01575 -4.68916e-01 |102  0.02725 -4.25344e-01
103 -0.00786 -2.12114e-01 |104 -0.00228  8.97347e-02 |105 -0.00037  6.06055e-02
106 -0.00037  6.06115e-02 |107  0.80483  1.08124e-01 |108 -0.41875 -4.04307e-01
109  0.20479  1.11527e-01 |110 -0.25825 -3.44077e-01 |
110 variables; iteration 100; function evaluation 130; phase 5
Function value 2.1228719e+03; maximum gradient component mag -1.9176e-01
Var    Value     Gradient |Var    Value     Gradient |Var    Value     Gradient
  1 -0.42192 -2.48498e-03 |  2 -0.42245  7.08118e-02 |  3 -0.41342  1.09873e-02
  4 -0.35462 -6.96228e-04 |  5 -0.41951 -7.71587e-04 |  6  0.62603  8.70660e-02
  7 -0.00294 -3.00257e-02 |  8 -0.00290 -8.89674e-03 |  9 -0.00561 -7.81425e-02
 10 -0.00864 -1.37374e-01 | 11 -0.00154 -6.62634e-03 | 12  0.00423 -1.79060e-02
 13 -0.00033 -2.26855e-02 | 14 -0.01402  1.52064e-02 | 15  0.01479  1.05484e-02
 16  0.00201  2.71754e-02 | 17 -0.02947  1.17786e-01 | 18  0.03303 -1.71654e-02
 19 -0.01033  3.65849e-02 | 20  0.00784  1.42415e-02 | 21 -0.00179 -4.20330e-02
 22 -0.00095  1.34239e-02 | 23 -0.00862 -1.34839e-02 | 24  0.03535  3.38236e-02
 25 -0.03410  8.90027e-02 | 26 -0.00284 -5.46170e-02 | 27 -0.00088  1.37155e-01
 28 -0.00339  8.50794e-02 | 29 -0.00501  2.63994e-02 | 30 -0.02673  1.64008e-01
 31 -0.04345 -1.27979e-02 | 32  0.00140  4.77208e-02 | 33  0.01574 -1.01745e-01
 34  0.00589 -8.83599e-02 | 35  0.01549 -1.38748e-01 | 36  0.02984  1.49355e-01
 37 -0.00206 -3.70148e-02 | 38  0.02509 -1.91765e-01 | 39 -0.00311 -1.48068e-02
 40  0.01844  1.66541e-01 | 41  0.01463 -8.63643e-02 | 42  0.00134 -7.67166e-02
 43  0.02943  9.55136e-02 | 44 -0.01907  7.74342e-02 | 45 -0.00230 -1.63834e-02
 46  0.02497 -8.77774e-02 | 47  0.01192  4.61369e-02 | 48  0.03477  3.23110e-02
 49  0.00255  3.55725e-03 | 50  0.02959 -2.32573e-02 | 51 -0.00904 -1.86561e-02
 52 -0.01240  1.39931e-02 | 53  0.05693 -2.90949e-03 | 54  0.01138  1.06270e-01
 55 -0.01530  4.14139e-03 | 56  0.01658 -6.70734e-02 | 57 -0.03729 -6.47529e-02
 58  0.00832  1.46005e-01 | 59 -0.05591 -2.40005e-02 | 60 -0.01396 -1.12461e-01
 61 -0.04100 -4.61537e-02 | 62  0.01882 -1.99136e-02 | 63 -0.00004 -7.33028e-03
 64  0.04223  4.62759e-02 | 65 -0.01319  7.83911e-03 | 66  0.00473  3.73937e-03
 67 -0.04344 -2.54050e-03 | 68 -0.05175  5.57122e-02 | 69  0.02917  1.73871e-03
 70  0.03447  1.24353e-02 | 71 -0.01117  3.91621e-02 | 72 -0.03155 -3.01941e-02
 73  0.00299  8.75497e-02 | 74 -0.02150  3.88308e-03 | 75  0.00184  1.52213e-02
 76  0.00888 -8.27005e-02 | 77  0.01635  4.09613e-03 | 78 -0.01052 -3.13293e-03
 79 -0.02087  3.08596e-02 | 80 -0.00629  3.01119e-02 | 81 -0.00139 -4.00555e-02
 82 -0.01313 -1.27524e-02 | 83 -0.02072 -3.77884e-02 | 84  0.01418 -1.37109e-02
 85 -0.01786  2.00065e-02 | 86  0.00306  5.61542e-02 | 87  0.03674 -3.31587e-02
 88 -0.03061 -1.25671e-01 | 89 -0.01339  3.57265e-02 | 90 -0.02253 -9.03476e-02
 91  0.01997 -2.07977e-02 | 92 -0.01450  1.79953e-03 | 93 -0.01167 -1.49568e-01
 94  0.00270  1.07705e-02 | 95  0.05496 -2.59885e-02 | 96  0.03552  4.01531e-02
 97 -0.04825  2.89326e-02 | 98 -0.01040  1.56802e-02 | 99  0.01656  4.12982e-02
100  0.01275 -1.28223e-02 |101 -0.01569 -9.39197e-02 |102  0.02729 -5.88441e-02
103 -0.00781 -4.26667e-02 |104 -0.00233  1.38947e-02 |105 -0.00041  1.14276e-02
106 -0.00041  1.14185e-02 |107  0.80484  1.64956e-02 |108 -0.41875 -7.59739e-02
109  0.20479  1.66213e-02 |110 -0.25825 -6.46711e-02 |

 - final statistics:
110 variables; iteration 119; function evaluation 159
Function value 2.1229e+03; maximum gradient component mag 2.7214e-05
Exit code = 1;  converg criter 1.0000e-04
Var    Value     Gradient |Var    Value     Gradient |Var    Value     Gradient
  1 -0.42193  1.52144e-07 |  2 -0.42245  3.19112e-06 |  3 -0.41342  1.43081e-06
  4 -0.35461 -1.19877e-07 |  5 -0.41951  1.62557e-07 |  6  0.62603 -2.36292e-06
  7 -0.00293 -4.12840e-07 |  8 -0.00290  3.72507e-07 |  9 -0.00556  1.68940e-06
 10 -0.00856 -8.02665e-07 | 11 -0.00154  1.25842e-07 | 12  0.00424  1.91797e-06
 13 -0.00032 -6.71753e-07 | 14 -0.01402 -2.81928e-08 | 15  0.01479 -5.40761e-08
 16  0.00199 -1.41371e-07 | 17 -0.02952 -1.50795e-07 | 18  0.03303  1.02654e-07
 19 -0.01034 -6.81871e-08 | 20  0.00783 -4.62597e-08 | 21 -0.00179  8.70018e-08
 22 -0.00095 -2.22350e-08 | 23 -0.00862 -6.26834e-09 | 24  0.03535 -1.10775e-05
 25 -0.03411 -1.29151e-07 | 26 -0.00283 -1.70711e-06 | 27 -0.00089 -5.41949e-06
 28 -0.00340  1.84686e-06 | 29 -0.00501 -2.64470e-06 | 30 -0.02674  1.90574e-06
 31 -0.04345  3.88205e-07 | 32  0.00140 -1.66972e-05 | 33  0.01575  3.76884e-06
 34  0.00589 -5.57391e-06 | 35  0.01550 -1.93417e-06 | 36  0.02983 -2.07633e-06
 37 -0.00205  1.34416e-05 | 38  0.02510 -1.93352e-06 | 39 -0.00310 -1.68146e-07
 40  0.01843 -1.18229e-05 | 41  0.01464  3.00818e-06 | 42  0.00135 -8.88624e-06
 43  0.02943 -2.79252e-06 | 44 -0.01908  3.31225e-07 | 45 -0.00230  5.56451e-06
 46  0.02498 -2.40725e-06 | 47  0.01192 -3.99797e-06 | 48  0.03477 -1.33291e-07
 49  0.00255  2.11996e-05 | 50  0.02959  1.00980e-06 | 51 -0.00904  4.99766e-07
 52 -0.01240  1.14897e-07 | 53  0.05694 -3.31687e-07 | 54  0.01138  2.72142e-05
 55 -0.01530 -7.54249e-06 | 56  0.01659 -8.81295e-08 | 57 -0.03728 -4.10593e-07
 58  0.00831  2.74802e-07 | 59 -0.05590 -1.86865e-07 | 60 -0.01395 -5.61952e-07
 61 -0.04100 -8.98680e-06 | 62  0.01883  3.49669e-07 | 63 -0.00003  5.47762e-08
 64  0.04223  1.33670e-07 | 65 -0.01319  8.97461e-08 | 66  0.00474  2.46268e-07
 67 -0.04344  3.52183e-07 | 68 -0.05176  1.21815e-06 | 69  0.02917  5.08476e-07
 70  0.03447  4.66828e-07 | 71 -0.01117  6.27644e-07 | 72 -0.03155  1.03676e-06
 73  0.00299  4.57475e-07 | 74 -0.02150  9.75307e-07 | 75  0.00184  5.03169e-07
 76  0.00888  6.41328e-07 | 77  0.01635  4.68352e-07 | 78 -0.01052  5.51823e-07
 79 -0.02088  6.70303e-07 | 80 -0.00629  5.27377e-07 | 81 -0.00138  5.84133e-07
 82 -0.01313  6.20773e-07 | 83 -0.02072  8.50363e-07 | 84  0.01418  4.77191e-07
 85 -0.01786  8.80576e-07 | 86  0.00306  5.57188e-07 | 87  0.03674  3.73921e-07
 88 -0.03060  2.63164e-06 | 89 -0.01339  6.61695e-07 | 90 -0.02253  1.51126e-06
 91  0.01997  5.82971e-07 | 92 -0.01450  1.04956e-06 | 93 -0.01166  1.06573e-06
 94  0.00270  5.26629e-07 | 95  0.05496  3.43198e-07 | 96  0.03552  1.94756e-07
 97 -0.04825 -4.24012e-07 | 98 -0.01040 -3.82744e-06 | 99  0.01656  1.02211e-06
100  0.01275 -3.11460e-06 |101 -0.01568 -2.49139e-07 |102  0.02730 -6.39972e-07
103 -0.00779  2.36422e-07 |104 -0.00234  1.63845e-07 |105 -0.00042 -8.21507e-07
106 -0.00042  8.12697e-07 |107  0.80484 -1.60935e-06 |108 -0.41875  3.99521e-06
109  0.20480 -5.97721e-07 |110 -0.25825 -2.75466e-08 |

 - final statistics:
122 variables; iteration 0; function evaluation 0
Function value 2.1229e+03; maximum gradient component mag 2.7215e-05
Exit code = 0;  converg criter 1.0000e-04
Var    Value     Gradient |Var    Value     Gradient |Var    Value     Gradient
  1 -0.42193  1.52167e-07 |  2 -0.42245  3.19140e-06 |  3 -0.41342  1.43092e-06
  4 -0.35461 -1.19870e-07 |  5 -0.41951  1.62571e-07 |  6  0.62603 -2.36284e-06
  7 -0.00293 -4.12840e-07 |  8 -0.00290  3.72507e-07 |  9 -0.00556  1.68940e-06
 10 -0.00856 -8.02665e-07 | 11 -0.00154  1.25842e-07 | 12  0.00424  1.91908e-06
 13 -0.00032 -6.70645e-07 | 14 -0.01402 -2.70852e-08 | 15  0.01479 -5.29685e-08
 16  0.00199 -1.40263e-07 | 17 -0.02952 -1.49689e-07 | 18  0.03303  1.03760e-07
 19 -0.01034 -6.70794e-08 | 20  0.00783 -4.51518e-08 | 21 -0.00179  8.81098e-08
 22 -0.00095 -2.11271e-08 | 23 -0.00862 -5.16067e-09 | 24  0.03535 -1.10764e-05
 25 -0.03411 -1.28045e-07 | 26 -0.00283 -1.70600e-06 | 27 -0.00089 -5.41839e-06
 28 -0.00340  1.84797e-06 | 29 -0.00501 -2.64359e-06 | 30 -0.02674  1.90685e-06
 31 -0.04345  3.89311e-07 | 32  0.00140 -1.66961e-05 | 33  0.01575  3.76995e-06
 34  0.00589 -5.57280e-06 | 35  0.01550 -1.93306e-06 | 36  0.02983 -2.07522e-06
 37 -0.00205  1.34427e-05 | 38  0.02510 -1.93241e-06 | 39 -0.00310 -1.67038e-07
 40  0.01843 -1.18218e-05 | 41  0.01464  3.00929e-06 | 42  0.00135 -8.88513e-06
 43  0.02943 -2.79141e-06 | 44 -0.01908  3.32333e-07 | 45 -0.00230  5.56562e-06
 46  0.02498 -2.40614e-06 | 47  0.01192 -3.99686e-06 | 48  0.03477 -1.32182e-07
 49  0.00255  2.12007e-05 | 50  0.02959  1.01091e-06 | 51 -0.00904  5.00876e-07
 52 -0.01240  1.16006e-07 | 53  0.05694 -3.30576e-07 | 54  0.01138  2.72153e-05
 55 -0.01530 -7.54138e-06 | 56  0.01659 -8.70141e-08 | 57 -0.03728 -4.09485e-07
 58  0.00831  2.75915e-07 | 59 -0.05590 -1.85759e-07 | 60 -0.01395 -5.60841e-07
 61 -0.04100 -8.98570e-06 | 62  0.01883  3.50784e-07 | 63 -0.00003  5.58899e-08
 64  0.04223  1.34791e-07 | 65 -0.01319  9.08569e-08 | 66  0.00474  2.47380e-07
 67 -0.04344  3.53291e-07 | 68 -0.05176  1.21925e-06 | 69  0.02917  5.09596e-07
 70  0.03447  4.67944e-07 | 71 -0.01117  6.28755e-07 | 72 -0.03155  1.03787e-06
 73  0.00299  4.58589e-07 | 74 -0.02150  9.76418e-07 | 75  0.00184  5.04283e-07
 76  0.00888  6.42441e-07 | 77  0.01635  4.69466e-07 | 78 -0.01052  5.52934e-07
 79 -0.02088  6.71413e-07 | 80 -0.00629  5.28489e-07 | 81 -0.00138  5.85245e-07
 82 -0.01313  6.21884e-07 | 83 -0.02072  8.51473e-07 | 84  0.01418  4.78302e-07
 85 -0.01786  8.81686e-07 | 86  0.00306  5.58299e-07 | 87  0.03674  3.75034e-07
 88 -0.03060  2.63274e-06 | 89 -0.01339  6.62805e-07 | 90 -0.02253  1.51237e-06
 91  0.01997  5.84081e-07 | 92 -0.01450  1.05067e-06 | 93 -0.01166  1.06683e-06
 94  0.00270  5.27738e-07 | 95  0.05496  3.44306e-07 | 96  0.03552  1.95858e-07
 97 -0.04825 -4.22907e-07 | 98 -0.01040 -3.82633e-06 | 99  0.01656  1.02322e-06
100  0.01275 -3.11349e-06 |101 -0.01568 -2.48032e-07 |102  0.02730 -6.38865e-07
103 -0.00779  2.37530e-07 |104 -0.00234  1.64953e-07 |105 -0.00042 -8.20400e-07
106 -0.00042  8.13805e-07 |107  0.00000  0.00000e+00 |108  0.00000  0.00000e+00
109  0.00000  0.00000e+00 |110  0.00000  0.00000e+00 |111  0.00000  0.00000e+00
112  0.00000  0.00000e+00 |113  0.00000  0.00000e+00 |114  0.00000  0.00000e+00
115  0.00000  0.00000e+00 |116  0.00000  0.00000e+00 |117  0.00000  0.00000e+00
118  0.00000  0.00000e+00 |119  0.80484 -1.60936e-06 |120 -0.41875  3.99525e-06
121  0.20480 -5.97730e-07 |122 -0.25825 -2.75185e-08 |
size of file gradfil1.tmp = 0
size of file gradfil2.tmp = 0
size of file varssave.tmp = 0
size of file cmpdiff.tmp = 0
