
Initial statistics: 1 variables; iteration 0; function evaluation 0; phase 1
Function value 2.7659229e+03; maximum gradient component mag -1.2063e+04
Var    Value     Gradient |Var    Value     Gradient |Var    Value     Gradient
  1  0.63197 -1.20627e+04 |

 - final statistics:
1 variables; iteration 6; function evaluation 9
Function value 2.6773e+03; maximum gradient component mag -4.7665e-01
Exit code = 1;  converg criter 1.0000e+01
Var    Value     Gradient |Var    Value     Gradient |Var    Value     Gradient
  1  0.64908 -4.76647e-01 |

Initial statistics: 98 variables; iteration 0; function evaluation 0; phase 2
Function value 2.6773213e+03; maximum gradient component mag -2.0203e+03
Var    Value     Gradient |Var    Value     Gradient |Var    Value     Gradient
  1  0.64908 -4.76647e-01 |  2  0.00000 -4.06169e+00 |  3  0.00000  3.68439e+01
  4  0.00000  3.27481e+01 |  5  0.00000  2.77557e+01 |  6  0.00000  4.78331e+01
  7  0.00000 -2.19592e+01 |  8  0.00000  3.22114e+01 |  9  0.00000 -3.45754e+01
 10  0.00000  4.55303e+01 | 11  0.00000  5.36656e+01 | 12  0.00000  1.32798e+02
 13  0.00000  3.42684e+01 | 14  0.00000 -7.69884e+01 | 15  0.00000 -5.48456e+02
 16  0.00000 -3.02334e+01 | 17  0.00000  2.14674e+02 | 18  0.00000  2.40170e+02
 19  0.00000  5.97345e+02 | 20  0.00000  3.75306e+02 | 21  0.00000 -2.89060e+02
 22  0.00000 -2.22504e+02 | 23  0.00000 -7.65744e+01 | 24  0.00000  6.45516e+01
 25  0.00000 -3.65441e+02 | 26  0.00000  1.99378e+02 | 27  0.00000 -1.25873e+02
 28  0.00000  1.69136e+02 | 29  0.00000  4.97693e+02 | 30  0.00000  1.63641e+02
 31  0.00000  5.68303e+01 | 32  0.00000 -3.55077e+02 | 33  0.00000 -1.08866e+03
 34  0.00000 -6.14583e+02 | 35  0.00000  2.57658e+02 | 36  0.00000  2.80208e+02
 37  0.00000 -1.39192e+02 | 38  0.00000  4.34949e+02 | 39  0.00000  8.82766e+01
 40  0.00000 -2.27838e+02 | 41  0.00000 -1.19103e+03 | 42  0.00000  2.75158e+02
 43  0.00000  2.09833e+02 | 44  0.00000  1.36483e+02 | 45  0.00000 -2.73056e+02
 46  0.00000  7.60380e+01 | 47  0.00000 -5.22377e+02 | 48  0.00000 -5.85927e+02
 49  0.00000 -2.85332e+02 | 50  0.00000 -7.64849e+02 | 51  0.00000 -5.81828e+02
 52  0.00000  6.08407e+02 | 53  0.00000  5.81421e+02 | 54  0.00000 -5.10353e+02
 55  0.00000  1.18966e+02 | 56  0.00000 -7.20404e+01 | 57  0.00000  2.56115e+02
 58  0.00000  1.68299e+02 | 59  0.00000 -2.31439e+02 | 60  0.00000  1.63714e+01
 61  0.00000  5.01307e+02 | 62  0.00000 -9.48808e+02 | 63  0.00000  6.47081e+02
 64  0.00000  6.86365e+02 | 65  0.00000  8.84161e+02 | 66  0.00000  4.24047e+02
 67  0.00000 -4.07611e+02 | 68  0.00000  5.51511e+02 | 69  0.00000  4.34457e+02
 70  0.00000 -2.52640e+02 | 71  0.00000 -6.81624e+02 | 72  0.00000  2.98223e+02
 73  0.00000  2.33617e+02 | 74  0.00000 -4.24179e+02 | 75  0.00000  9.43607e+02
 76  0.00000 -2.38335e+02 | 77  0.00000  6.01867e+01 | 78  0.00000 -2.02034e+03
 79  0.00000 -4.72391e+02 | 80  0.00000  9.91137e+02 | 81  0.00000  4.55631e+02
 82  0.00000 -1.43842e+02 | 83  0.00000  2.57738e+02 | 84  0.00000  4.29576e+01
 85  0.00000  1.14816e+03 | 86  0.00000 -1.45840e+01 | 87  0.00000 -1.16697e+02
 88  0.00000 -2.17007e+02 | 89  0.00000 -2.41896e+02 | 90  0.00000 -1.84880e+02
 91  0.00000  4.48030e+02 | 92  0.00000  2.53880e+02 | 93  0.00000 -1.93179e+02
 94  0.00000  3.49334e+00 | 95  0.00000  5.83863e-01 | 96  0.00000  5.83771e-01
 97  0.81654  9.09128e+01 | 98  0.22185  7.74495e+01 |

Intermediate statistics: 98 variables; iteration 20; function evaluation 34; phase 2
Function value 2.3031602e+03; maximum gradient component mag 1.1979e+03
Var    Value     Gradient |Var    Value     Gradient |Var    Value     Gradient
  1  0.63710  1.19790e+03 |  2  0.03475  3.75738e+01 |  3 -0.07383 -1.34583e+02
  4  0.00088  2.56943e+00 |  5  0.02746  7.12203e+01 |  6  0.03782  1.39870e+02
  7 -0.00621 -7.39339e+01 |  8 -0.00274 -9.77431e+00 |  9  0.01461 -3.92486e+00
 10 -0.02251 -7.70468e+01 | 11 -0.01905 -6.59284e+01 | 12 -0.03841 -8.21376e+01
 13 -0.00993 -5.83445e+01 | 14  0.00082 -9.66881e+01 | 15  0.03675 -1.17023e+02
 16  0.00352 -1.86874e+01 | 17 -0.01026  5.09434e+01 | 18 -0.01719 -2.63183e+01
 19 -0.03178  1.66094e+02 | 20 -0.02474  2.06371e+01 | 21  0.01277 -1.11803e+02
 22  0.00757 -1.23478e+02 | 23  0.00208 -6.52338e+01 | 24 -0.00294  1.02825e+01
 25  0.01198 -2.14777e+02 | 26 -0.00860  6.68134e+01 | 27  0.00790 -4.28398e+01
 28 -0.00941  5.62334e+00 | 29 -0.02526  1.52120e+02 | 30 -0.01081 -1.74500e+01
 31 -0.00432 -2.07324e+01 | 32  0.01588 -1.35569e+02 | 33  0.04735 -2.99482e+02
 34  0.02777 -2.17672e+02 | 35 -0.01255  8.47918e+01 | 36 -0.01811  2.08427e+01
 37  0.01107 -2.78871e+01 | 38 -0.02057  1.55593e+02 | 39 -0.01015 -5.42748e+01
 40  0.00551 -1.26255e+02 | 41  0.04390 -4.02264e+02 | 42 -0.01806  8.17869e+01
 43 -0.01718 -5.89661e+00 | 44 -0.01216 -1.45462e+01 | 45  0.01903  1.80083e+01
 46 -0.01001 -2.51961e+01 | 47  0.01767 -2.18584e+02 | 48  0.01763 -2.62646e+02
 49  0.01438  4.09341e+00 | 50  0.02206 -2.92787e+02 | 51  0.02534 -5.91752e+00
 52 -0.02237  1.95530e+02 | 53 -0.01105  2.72540e+02 | 54  0.01691 -6.11576e+01
 55  0.00271  1.31174e+02 | 56  0.00737  5.63606e+01 | 57 -0.00256  9.77608e+01
 58  0.00047  8.38695e+01 | 59  0.00932 -4.88747e+01 | 60  0.00267 -2.96930e+00
 61 -0.00426  3.10969e+02 | 62  0.01902 -4.24398e+02 | 63 -0.00712  3.54835e+02
 64 -0.00371  4.35944e+02 | 65 -0.01299  3.91185e+02 | 66 -0.00490  1.72078e+02
 67  0.01744  5.06811e+01 | 68 -0.00414  3.27315e+02 | 69 -0.00416  2.03698e+02
 70  0.01060 -2.67547e+01 | 71  0.01363 -3.69852e+02 | 72 -0.00172  1.36565e+02
 73 -0.00614 -4.69080e+01 | 74  0.01262 -1.85357e+02 | 75 -0.00746  6.33626e+02
 76  0.01428  6.64034e+01 | 77 -0.00028  2.85187e+01 | 78  0.03756 -8.49462e+02
 79  0.01242 -1.89634e+02 | 80 -0.01666  4.69045e+02 | 81 -0.00232  2.50677e+02
 82  0.00766 -5.37622e+01 | 83  0.00088  1.61167e+02 | 84  0.00600  6.74224e+01
 85 -0.02592  4.25976e+02 | 86  0.00506 -1.82049e+01 | 87  0.00779 -3.33343e+01
 88  0.00750 -1.37002e+02 | 89  0.01015 -1.33402e+02 | 90  0.01377 -8.71483e+01
 91 -0.04801 -5.45477e+01 | 92  0.00412  2.34455e+02 | 93  0.05403  4.39371e+01
 94 -0.07648 -1.49535e+02 | 95 -0.02885 -7.82607e+01 | 96 -0.02885 -7.82584e+01
 97  0.82001  1.26055e+02 | 98  0.22305  8.84683e+01 |
98 variables; iteration 40; function evaluation 59; phase 2
Function value 2.2146281e+03; maximum gradient component mag 2.0575e+03
Var    Value     Gradient |Var    Value     Gradient |Var    Value     Gradient
  1  0.63816  2.05750e+03 |  2 -0.00025 -6.74470e+01 |  3 -0.01389 -5.45380e+01
  4 -0.02825 -9.05829e+01 |  5 -0.01979 -8.12533e+01 |  6 -0.02034 -6.72266e+01
  7  0.00582 -6.37941e+01 |  8  0.00884  4.63060e+00 |  9  0.00620 -6.85158e+01
 10 -0.00164 -2.01572e+01 | 11 -0.00930 -4.87974e+01 | 12 -0.02588 -5.54431e+01
 13 -0.00031 -1.94219e+01 | 14  0.00726 -6.30380e+01 | 15  0.04123 -6.08099e+01
 16  0.00291 -5.01844e+01 | 17 -0.01740 -5.28585e+01 | 18 -0.01663 -5.36627e+01
 19 -0.05319 -4.04391e+01 | 20 -0.02893 -5.06299e+01 | 21  0.01749 -4.35172e+01
 22  0.01376 -3.25208e+01 | 23  0.00557 -2.98584e+01 | 24 -0.00508 -2.81117e+01
 25  0.02413 -1.44132e+01 | 26 -0.01627 -3.92985e+01 | 27  0.00972 -3.48995e+01
 28 -0.01199 -5.21488e+01 | 29 -0.04478 -4.46385e+01 | 30 -0.01172 -5.24387e+01
 31 -0.00469 -4.00346e+01 | 32  0.02099 -5.23910e+01 | 33  0.05662 -4.02552e+01
 34  0.03681 -3.65258e+01 | 35 -0.02208 -2.26301e+01 | 36 -0.01770  7.15796e+00
 37  0.01079 -4.88486e+01 | 38 -0.03658 -1.27964e+01 | 39 -0.00727 -2.38193e+01
 40  0.01098 -2.53088e+01 | 41  0.05720  2.31858e+01 | 42 -0.02744 -9.48178e+00
 43 -0.01447  2.33147e+01 | 44 -0.01090  4.02864e-01 | 45  0.01358 -4.92658e+01
 46 -0.00726  2.73481e+01 | 47  0.02705  3.08623e+01 | 48  0.02924  4.93527e+01
 49  0.00872 -3.53701e+01 | 50  0.03032 -5.45619e+00 | 51  0.02245 -9.97453e+00
 52 -0.03149  7.41457e+01 | 53 -0.02113  8.73186e+01 | 54  0.02116  1.32276e+02
 55  0.00035  8.42773e+01 | 56  0.00505 -5.68977e+00 | 57 -0.00551  2.21323e+01
 58 -0.00240  7.55861e+00 | 59  0.01102  2.12731e+01 | 60  0.00298  1.38725e+01
 61 -0.01188  1.40074e+02 | 62  0.02830 -1.74509e+01 | 63 -0.01727  1.08333e+02
 64 -0.01596  8.93484e+01 | 65 -0.02590  7.99258e+01 | 66 -0.00902  5.00641e+01
 67  0.01606  3.76966e+00 | 68 -0.01247  1.06487e+02 | 69 -0.00841  8.91460e+01
 70  0.01273  6.92009e+01 | 71  0.02185 -4.31001e+01 | 72 -0.00509  6.39406e+01
 73 -0.00401  9.00334e+00 | 74  0.02053  8.82534e+01 | 75 -0.02516  2.41517e+02
 76  0.01499  8.02354e+01 | 77  0.00145  9.93917e+01 | 78  0.05530  1.36347e+02
 79  0.02259  1.91312e+02 | 80 -0.03129  1.87789e+02 | 81 -0.01023  4.60605e+01
 82  0.00855 -3.30325e+01 | 83 -0.00385  3.36876e+01 | 84  0.00294 -3.37202e+01
 85 -0.04437  1.18157e+02 | 86  0.00526 -7.87404e+00 | 87  0.00332 -1.19906e+02
 88  0.00744 -1.09274e+02 | 89  0.01000 -9.66593e+01 | 90  0.01196 -7.30567e+01
 91 -0.04314 -3.36778e+01 | 92 -0.03720 -6.32324e+01 | 93  0.04105 -5.58717e+01
 94  0.02575 -1.65858e+01 | 95  0.01128 -4.41964e+01 | 96  0.01128 -4.41974e+01
 97  0.80905  1.00844e+02 | 98  0.22074  1.23031e+02 |
98 variables; iteration 60; function evaluation 83; phase 2
Function value 2.2016872e+03; maximum gradient component mag -1.2933e+02
Var    Value     Gradient |Var    Value     Gradient |Var    Value     Gradient
  1  0.62947  1.30106e+01 |  2  0.00458 -2.21644e-01 |  3 -0.01563  2.61389e-02
  4 -0.01143  1.58195e+00 |  5 -0.00300  1.32646e+01 |  6 -0.02425 -2.05373e+01
  7  0.01418  1.52125e+01 |  8 -0.00785 -3.35686e+00 |  9  0.01001 -5.69683e+00
 10 -0.01230 -1.65197e+01 | 11 -0.01081 -9.68346e+00 | 12 -0.02579 -7.86372e+00
 13 -0.00228  5.46239e+00 | 14  0.01168  7.13871e+00 | 15  0.04695  4.05047e+01
 16  0.00615  1.43790e+01 | 17 -0.01583 -3.01095e+00 | 18 -0.01385  8.23909e+00
 19 -0.05279  5.96307e+00 | 20 -0.02674  5.64066e+00 | 21  0.01866 -1.56830e+01
 22  0.01505  2.80585e-01 | 23  0.00330 -4.14715e+01 | 24 -0.00485 -8.61337e-01
 25  0.02406 -1.18824e+01 | 26 -0.01535  1.28752e+00 | 27  0.01184  1.35090e+01
 28 -0.00931  6.96854e+00 | 29 -0.04266  1.16472e+01 | 30 -0.00938 -7.52905e-01
 31 -0.00301  3.45157e-01 | 32  0.02389 -5.19366e+00 | 33  0.06301  7.97356e+01
 34  0.03928 -1.25745e+01 | 35 -0.02258 -2.47752e+00 | 36 -0.02060 -4.73470e-01
 37  0.01587  2.52908e+01 | 38 -0.03873  1.79484e-01 | 39 -0.00512  1.22888e+01
 40  0.01397  1.05456e+01 | 41  0.05697 -7.21714e+01 | 42 -0.02660  1.64387e+01
 43 -0.01626  1.12270e+01 | 44 -0.01052  7.45505e+00 | 45  0.01928  1.18849e+01
 46 -0.00831  6.86384e+00 | 47  0.03076  3.82578e+01 | 48  0.03217  3.35747e+01
 49  0.01549  3.47319e+01 | 50  0.03354 -2.81981e+01 | 51  0.02703  3.21692e+00
 52 -0.03556  8.01023e+00 | 53 -0.02193  3.04233e+01 | 54  0.02117 -1.54437e+01
 55  0.00157  3.62232e+01 | 56  0.00946  3.30666e+01 | 57 -0.00318  1.94715e+01
 58  0.00406  1.04935e+02 | 59  0.01178 -5.70911e+01 | 60  0.00870  8.27860e+01
 61 -0.01237  7.51012e+01 | 62  0.03267 -1.37770e+01 | 63 -0.01937  9.27785e+00
 64 -0.01535  3.29592e+01 | 65 -0.02823 -9.51462e+00 | 66 -0.00794 -2.35879e+00
 67  0.01952 -1.24249e+01 | 68 -0.01362  1.09837e+01 | 69 -0.00954 -1.26521e+01
 70  0.01496  1.75549e+01 | 71  0.02718  1.17910e+01 | 72 -0.00842 -8.22544e+01
 73 -0.00273 -3.69376e+01 | 74  0.02224  2.09101e-01 | 75 -0.03731  1.76096e+01
 76  0.01707  2.46916e+01 | 77 -0.00097 -2.37280e+01 | 78  0.05595 -8.51389e+01
 79  0.01825 -7.04036e+01 | 80 -0.04150  2.42140e+01 | 81 -0.00989  1.54757e+01
 82  0.01020 -4.00476e+01 | 83 -0.00740 -7.52217e+01 | 84  0.00065 -1.29326e+02
 85 -0.05219  4.35295e+01 | 86  0.00386 -4.23509e+01 | 87  0.00453 -6.01169e+01
 88  0.00936 -1.90191e+01 | 89  0.01185  7.53819e+00 | 90  0.01342  2.13937e+01
 91 -0.04931 -5.59994e+00 | 92 -0.03939 -1.17511e+01 | 93  0.03534 -8.57246e+00
 94  0.00199  6.34063e+00 | 95 -0.01102 -1.79633e+01 | 96 -0.01102 -1.79633e+01
 97  0.80629 -5.96990e+00 | 98  0.21485  4.46623e-01 |
Maximum number of function evaluations exceeded

 - final statistics:
98 variables; iteration 72; function evaluation 100
Function value 2.2001e+03; maximum gradient component mag -6.8829e+01
Exit code = 3;  converg criter 1.0000e+01
Var    Value     Gradient |Var    Value     Gradient |Var    Value     Gradient
  1  0.63022  2.08260e+01 |  2  0.01313  1.71893e+01 |  3 -0.01262  6.31621e+00
  4 -0.01281 -8.70418e-01 |  5 -0.00766  3.06551e+00 |  6 -0.02142 -1.34597e+01
  7  0.01192  8.42005e+00 |  8 -0.00774 -2.24493e+00 |  9  0.01494  1.66364e+01
 10 -0.00987 -6.25057e+00 | 11 -0.00980 -4.29341e+00 | 12 -0.02650 -1.01178e+01
 13 -0.00360 -1.89025e+00 | 14  0.01104  2.45076e+00 | 15  0.04552  1.72783e+01
 16  0.00632  1.72584e+01 | 17 -0.01404  1.56132e+01 | 18 -0.01441  3.35808e+00
 19 -0.05180  1.33433e+01 | 20 -0.02692  4.75850e+00 | 21  0.01973  6.24262e+00
 22  0.01465 -3.56893e+00 | 23  0.00516 -1.37573e+01 | 24 -0.00476  2.87555e+00
 25  0.02428 -4.40710e+00 | 26 -0.01598 -4.14676e+00 | 27  0.01074 -1.84477e+00
 28 -0.00979  2.12100e+00 | 29 -0.04563 -9.47095e+00 | 30 -0.01003 -6.24098e+00
 31 -0.00341 -1.89488e+00 | 32  0.02315 -1.36688e+01 | 33  0.06133  3.98118e+01
 34  0.03908 -1.29141e+01 | 35 -0.02382 -1.19239e+01 | 36 -0.02148 -7.45117e+00
 37  0.01579  2.58956e+01 | 38 -0.03916 -2.33035e+00 | 39 -0.00500  1.51331e+01
 40  0.01433  1.81495e+01 | 41  0.05782 -4.59804e+01 | 42 -0.02675  1.52900e+01
 43 -0.01693  4.03423e+00 | 44 -0.01093  2.57969e+00 | 45  0.01920  1.00031e+01
 46 -0.00851  4.05917e+00 | 47  0.02974  1.62671e+01 | 48  0.03124  1.20626e+01
 49  0.01431  1.29487e+01 | 50  0.03379 -2.12306e+01 | 51  0.02693  1.93667e+00
 52 -0.03569  7.27114e+00 | 53 -0.02293  1.58712e+01 | 54  0.02123 -9.20352e+00
 55  0.00100  2.32553e+01 | 56  0.00868  1.25027e+01 | 57 -0.00307  2.19673e+01
 58  0.00148  3.69356e+01 | 59  0.01275 -2.54308e+01 | 60  0.00718  4.06918e+01
 61 -0.01405  4.07585e+01 | 62  0.03266 -7.41830e+00 | 63 -0.01964  7.59814e+00
 64 -0.01612  2.09366e+01 | 65 -0.02802 -1.64162e+00 | 66 -0.00802  2.94465e+00
 67  0.01941 -6.53898e+00 | 68 -0.01377  1.33866e+01 | 69 -0.01016 -2.14782e+01
 70  0.01444  9.29846e+00 | 71  0.02677  9.44127e+00 | 72 -0.00716 -4.56726e+01
 73 -0.00237 -1.85907e+01 | 74  0.02178 -4.10748e+00 | 75 -0.03834  6.64477e+00
 76  0.01630  1.16148e+01 | 77 -0.00058 -6.41366e+00 | 78  0.05644 -3.35925e+01
 79  0.01897 -3.55637e+01 | 80 -0.04250  1.50777e+01 | 81 -0.01066  4.66946e+00
 82  0.01055 -1.91221e+01 | 83 -0.00626 -3.87697e+01 | 84  0.00250 -6.88292e+01
 85 -0.05426  2.20853e+01 | 86  0.00438 -2.40251e+01 | 87  0.00515 -4.10907e+01
 88  0.01001 -1.64188e+00 | 89  0.01116 -7.82990e+00 | 90  0.01271  5.87380e+00
 91 -0.04912 -5.35159e+00 | 92 -0.03895 -9.71919e+00 | 93  0.03515 -1.17436e+01
 94 -0.00123  1.09692e+00 | 95 -0.00543 -9.34252e+00 | 96 -0.00543 -9.33837e+00
 97  0.80648 -2.75977e+00 | 98  0.21549  1.40623e+01 |

Initial statistics: 100 variables; iteration 0; function evaluation 0; phase 3
Function value 2.2000855e+03; maximum gradient component mag 2.7123e+02
Var    Value     Gradient |Var    Value     Gradient |Var    Value     Gradient
  1  0.63022  2.08260e+01 |  2  0.01313  1.73723e+01 |  3 -0.01262  6.49927e+00
  4 -0.01280 -6.87356e-01 |  5 -0.00766  3.24860e+00 |  6 -0.02142 -1.32767e+01
  7  0.01192  8.60311e+00 |  8 -0.00773 -2.06185e+00 |  9  0.01494  1.68194e+01
 10 -0.00986 -6.06750e+00 | 11 -0.00979 -4.11034e+00 | 12 -0.02649 -9.93483e+00
 13 -0.00359 -1.70716e+00 | 14  0.01104  2.63384e+00 | 15  0.04552  1.74609e+01
 16  0.00632  1.74415e+01 | 17 -0.01403  1.57963e+01 | 18 -0.01441  3.54113e+00
 19 -0.05180  1.35258e+01 | 20 -0.02692  4.94144e+00 | 21  0.01973  6.42563e+00
 22  0.01465 -3.38588e+00 | 23  0.00516 -1.35742e+01 | 24 -0.00476  3.05864e+00
 25  0.02429 -4.22414e+00 | 26 -0.01598 -3.96372e+00 | 27  0.01075 -1.66170e+00
 28 -0.00979  2.30408e+00 | 29 -0.04563 -9.28833e+00 | 30 -0.01002 -6.05791e+00
 31 -0.00340 -1.71179e+00 | 32  0.02316 -1.34858e+01 | 33  0.06133  3.99940e+01
 34  0.03909 -1.27313e+01 | 35 -0.02382 -1.17409e+01 | 36 -0.02147 -7.26818e+00
 37  0.01579  2.60786e+01 | 38 -0.03915 -2.14760e+00 | 39 -0.00500  1.53162e+01
 40  0.01434  1.83325e+01 | 41  0.05782 -4.57981e+01 | 42 -0.02675  1.54729e+01
 43 -0.01692  4.21727e+00 | 44 -0.01092  2.76276e+00 | 45  0.01920  1.01861e+01
 46 -0.00851  4.24225e+00 | 47  0.02975  1.64500e+01 | 48  0.03124  1.22455e+01
 49  0.01431  1.31318e+01 | 50  0.03379 -2.10477e+01 | 51  0.02694  2.11960e+00
 52 -0.03569  7.45395e+00 | 53 -0.02292  1.60542e+01 | 54  0.02123 -9.02052e+00
 55  0.00100  2.34384e+01 | 56  0.00868  1.26858e+01 | 57 -0.00307  2.21504e+01
 58  0.00149  3.71187e+01 | 59  0.01275 -2.52477e+01 | 60  0.00718  4.08749e+01
 61 -0.01405  4.09416e+01 | 62  0.03267 -7.23544e+00 | 63 -0.01964  7.78115e+00
 64 -0.01612  2.11197e+01 | 65 -0.02802 -1.45870e+00 | 66 -0.00802  3.12773e+00
 67  0.01942 -6.35597e+00 | 68 -0.01376  1.35696e+01 | 69 -0.01015 -2.12951e+01
 70  0.01445  9.48151e+00 | 71  0.02677  9.62420e+00 | 72 -0.00716 -4.54895e+01
 73 -0.00237 -1.84076e+01 | 74  0.02178 -3.92449e+00 | 75 -0.03834  6.82754e+00
 76  0.01631  1.17979e+01 | 77 -0.00058 -6.23056e+00 | 78  0.05644 -3.34101e+01
 79  0.01898 -3.53807e+01 | 80 -0.04249  1.52604e+01 | 81 -0.01066  4.85253e+00
 82  0.01055 -1.89391e+01 | 83 -0.00626 -3.85866e+01 | 84  0.00250 -6.86461e+01
 85 -0.05426  2.22678e+01 | 86  0.00439 -2.38420e+01 | 87  0.00515 -4.09076e+01
 88  0.01002 -1.45880e+00 | 89  0.01116 -7.64683e+00 | 90  0.01271  6.05686e+00
 91 -0.04911 -5.16904e+00 | 92 -0.03895 -9.53644e+00 | 93  0.03515 -1.15608e+01
 94 -0.00123  1.28002e+00 | 95 -0.00543 -9.15943e+00 | 96 -0.00543 -9.15528e+00
 97  0.80648 -2.75977e+00 | 98 -0.41581 -1.67159e+02 | 99  0.21549  1.40623e+01
100 -0.25275  2.71232e+02 |

Intermediate statistics: 100 variables; iteration 20; function evaluation 25; phase 3
Function value 2.1980898e+03; maximum gradient component mag 2.3929e+02
Var    Value     Gradient |Var    Value     Gradient |Var    Value     Gradient
  1  0.63021  2.18752e+02 |  2  0.00640 -1.63895e+00 |  3 -0.01537 -4.49923e+00
  4 -0.01287 -6.36514e+00 |  5 -0.00894 -5.15778e+00 |  6 -0.01816 -1.08928e+01
  7  0.01014 -2.27350e+00 |  8 -0.00789 -7.53715e+00 |  9  0.01288  3.40136e+00
 10 -0.00975 -1.02278e+01 | 11 -0.01004 -9.52025e+00 | 12 -0.02615 -1.28691e+01
 13 -0.00418 -8.82405e+00 | 14  0.01044 -5.04726e+00 | 15  0.04493  8.20068e+00
 16  0.00604  1.19107e+01 | 17 -0.01427  1.01376e+01 | 18 -0.01466 -2.08925e+00
 19 -0.05233  5.89727e+00 | 20 -0.02724 -1.14227e+00 | 21  0.01938  2.91184e-01
 22  0.01442 -8.48973e+00 | 23  0.00479 -2.10747e+01 | 24 -0.00497 -2.54607e+00
 25  0.02409 -9.44962e+00 | 26 -0.01621 -9.97791e+00 | 27  0.01049 -8.24301e+00
 28 -0.00996 -3.22285e+00 | 29 -0.04567 -1.40725e+01 | 30 -0.01022 -1.17575e+01
 31 -0.00355 -6.71044e+00 | 32  0.02301 -1.81727e+01 | 33  0.06042  1.57479e+01
 34  0.03921 -1.23113e+01 | 35 -0.02385 -1.64857e+01 | 36 -0.02154 -1.23858e+01
 37  0.01564  2.00501e+01 | 38 -0.03917 -7.11410e+00 | 39 -0.00495  1.19749e+01
 40  0.01430  1.52202e+01 | 41  0.05869 -2.08714e+01 | 42 -0.02672  1.12865e+01
 43 -0.01687 -9.41660e-02 | 44 -0.01089 -1.74418e+00 | 45  0.01912  4.72768e+00
 46 -0.00842  6.07340e-01 | 47  0.02952  8.47021e+00 | 48  0.03107  5.46414e+00
 49  0.01426  8.61354e+00 | 50  0.03428 -1.08780e+01 | 51  0.02699  5.21221e-02
 52 -0.03535  6.23767e+00 | 53 -0.02279  1.34691e+01 | 54  0.02136 -3.40976e-01
 55  0.00070  1.27157e+01 | 56  0.00839  5.49213e+00 | 57 -0.00334  1.27152e+01
 58  0.00075  2.00692e+01 | 59  0.01353 -2.96900e-01 | 60  0.00635  2.06803e+01
 61 -0.01455  2.88306e+01 | 62  0.03301  1.75887e+01 | 63 -0.01958  8.15542e+00
 64 -0.01647  1.60946e+01 | 65 -0.02783  9.20752e-01 | 66 -0.00795  1.08088e+01
 67  0.02033  3.44179e+01 | 68 -0.01389  1.62882e+01 | 69 -0.00951 -5.11318e+00
 70  0.01431  1.31287e+01 | 71  0.02648  5.51110e+00 | 72 -0.00626 -1.91462e+01
 73 -0.00166  3.43396e+00 | 74  0.02246  3.28117e+01 | 75 -0.03803  1.02362e+01
 76  0.01621  1.81887e+01 | 77 -0.00021  4.81752e+00 | 78  0.05676  5.94683e+00
 79  0.02005  4.83998e+00 | 80 -0.04233  1.76326e+01 | 81 -0.01056  6.35253e+00
 82  0.01110  2.15110e+00 | 83 -0.00527 -1.58768e+01 | 84  0.00397 -2.47739e+01
 85 -0.05386  2.20924e+01 | 86  0.00474 -1.64693e+01 | 87  0.00602 -2.72847e+01
 88  0.00989 -9.62262e+00 | 89  0.01123 -1.71143e+01 | 90  0.01217 -9.50101e+00
 91 -0.04874 -9.21636e+00 | 92 -0.03960 -1.52273e+01 | 93  0.03441 -1.76600e+01
 94 -0.00060 -4.31835e+00 | 95 -0.00051 -7.27598e+00 | 96 -0.00051 -7.27554e+00
 97  0.82871 -5.42423e-01 | 98 -0.41211  1.27553e+01 | 99  0.20105 -2.74559e+01
100 -0.25764  2.39291e+02 |
100 variables; iteration 40; function evaluation 47; phase 3
Function value 2.1973298e+03; maximum gradient component mag 1.1259e+02
Var    Value     Gradient |Var    Value     Gradient |Var    Value     Gradient
  1  0.63019  1.32483e+01 |  2  0.00800  7.57781e+00 |  3 -0.01477  2.67468e+00
  4 -0.01311 -8.21392e-01 |  5 -0.00941 -7.95645e-02 |  6 -0.01588  7.87887e-01
  7  0.01052  5.41201e+00 |  8 -0.00708  1.41747e+00 |  9  0.01322  1.15833e+01
 10 -0.01017 -5.36532e+00 | 11 -0.01023 -3.78980e+00 | 12 -0.02656 -8.19677e+00
 13 -0.00538 -9.60270e+00 | 14  0.00989 -2.99541e+00 | 15  0.04387 -2.12656e+00
 16  0.00420 -2.77202e+00 | 17 -0.01502  9.08789e+00 | 18 -0.01530 -2.14551e+00
 19 -0.05303  7.68438e+00 | 20 -0.02779  9.58934e-01 | 21  0.01864 -3.93669e+00
 22  0.01441 -3.00101e-01 | 23  0.00552 -3.50431e+00 | 24 -0.00581 -5.57126e+00
 25  0.02415 -1.93475e+00 | 26 -0.01718 -1.42399e+01 | 27  0.01047 -2.93251e+00
 28 -0.01073 -6.25123e+00 | 29 -0.04527 -5.43290e+00 | 30 -0.01024 -6.04743e+00
 31 -0.00344  3.36261e-01 | 32  0.02418  5.43419e+00 | 33  0.05960 -3.68506e+00
 34  0.03957 -2.10356e+00 | 35 -0.02155  8.67262e+00 | 36 -0.02092 -1.82187e+00
 37  0.01455  6.15331e+00 | 38 -0.03867  1.07343e+00 | 39 -0.00664 -5.19522e+00
 40  0.01397  1.34665e+01 | 41  0.05939 -8.43851e-01 | 42 -0.02969 -1.06307e+01
 43 -0.01710  6.49689e-01 | 44 -0.01096  1.20275e-01 | 45  0.01915  5.24725e+00
 46 -0.00832  3.40319e+00 | 47  0.02963  8.11652e+00 | 48  0.03136  7.73537e+00
 49  0.01433  7.92785e+00 | 50  0.03518  6.57872e+00 | 51  0.02708 -3.85011e+00
 52 -0.03570  2.36717e+00 | 53 -0.02389 -5.57315e+00 | 54  0.02134 -3.94011e+00
 55  0.00036 -1.07123e+00 | 56  0.00802 -7.15261e+00 | 57 -0.00366  3.89956e-01
 58  0.00021  5.90670e+00 | 59  0.01415  1.05872e+01 | 60  0.00481 -2.68914e+01
 61 -0.01610 -8.48242e+00 | 62  0.03285  2.40970e+00 | 63 -0.01971  3.47092e+00
 64 -0.01693  7.92814e+00 | 65 -0.02783 -3.14620e-01 | 66 -0.00849 -1.64898e+00
 67  0.02000  1.15075e+01 | 68 -0.01484 -3.90458e+00 | 69 -0.00905  1.18544e+00
 70  0.01402  2.27026e+00 | 71  0.02678  8.98202e+00 | 72 -0.00555 -1.07057e+00
 73 -0.00154  3.11676e+00 | 74  0.02207  1.68001e+01 | 75 -0.03796  1.11280e+01
 76  0.01523 -1.28459e+01 | 77 -0.00030 -1.28019e+00 | 78  0.05678  1.21466e+00
 79  0.01998 -1.97572e+00 | 80 -0.04360  5.01265e+00 | 81 -0.01081  1.62904e-01
 82  0.01092  2.14824e-02 | 83 -0.00498 -8.73980e+00 | 84  0.00374 -2.79941e+01
 85 -0.05611 -1.51906e+00 | 86  0.00466 -1.37895e+01 | 87  0.00706 -1.32880e+00
 88  0.01033  6.83399e+00 | 89  0.01193 -3.06609e+00 | 90  0.01272  6.99847e+00
 91 -0.04597  1.24351e+01 | 92 -0.03797  1.80071e+00 | 93  0.03631 -1.93997e+00
 94 -0.00037  8.88332e-01 | 95  0.00327  4.30187e+00 | 96  0.00327  4.29964e+00
 97  0.82958 -4.21138e+00 | 98 -0.41216  2.14623e+01 | 99  0.18826 -3.35592e+01
100 -0.26293  1.12586e+02 |
100 variables; iteration 60; function evaluation 75; phase 3
Function value 2.1970998e+03; maximum gradient component mag 1.5886e+01
Var    Value     Gradient |Var    Value     Gradient |Var    Value     Gradient
  1  0.62980 -8.52945e+00 |  2  0.00406  1.73348e-01 |  3 -0.01575  1.13940e+00
  4 -0.01226  1.33147e+00 |  5 -0.00904  1.07839e+00 |  6 -0.01588  1.11433e+00
  7  0.00838 -1.50119e+00 |  8 -0.00782 -7.36113e-01 |  9  0.01062  4.06989e-01
 10 -0.00876  3.83844e-01 | 11 -0.00955 -6.28188e-01 | 12 -0.02482 -4.52353e-01
 13 -0.00388 -1.19204e-01 | 14  0.01019 -4.85695e-01 | 15  0.04403 -4.70017e-01
 16  0.00452  2.09187e-01 | 17 -0.01572  1.30785e+00 | 18 -0.01506 -1.01046e+00
 19 -0.05425 -1.20415e+00 | 20 -0.02774  4.54776e-01 | 21  0.01898 -2.38289e-01
 22  0.01466  1.71026e+00 | 23  0.00586 -5.98124e-01 | 24 -0.00512  9.72088e-01
 25  0.02449  1.45743e+00 | 26 -0.01559  1.19337e+00 | 27  0.01075 -6.23256e-01
 28 -0.00998  9.92431e-01 | 29 -0.04449 -2.89487e-01 | 30 -0.00947  1.16714e+00
 31 -0.00336 -3.25135e-01 | 32  0.02401  3.06987e-01 | 33  0.05983 -8.23772e-01
 34  0.03982  1.33197e+00 | 35 -0.02225  2.12770e+00 | 36 -0.02082 -1.59006e+00
 37  0.01427 -3.18781e-01 | 38 -0.03885 -9.73289e-01 | 39 -0.00617 -9.30568e-01
 40  0.01314 -1.41595e+00 | 41  0.05958 -3.32548e-01 | 42 -0.02848 -9.34131e-01
 43 -0.01695  1.13134e+00 | 44 -0.01082  8.11680e-02 | 45  0.01904  2.54741e-01
 46 -0.00856 -1.38406e+00 | 47  0.02948  6.77918e-01 | 48  0.03123  2.05167e-01
 49  0.01414  7.76355e-01 | 50  0.03513 -4.16536e-01 | 51  0.02742 -2.11630e-01
 52 -0.03593 -1.67177e+00 | 53 -0.02339  6.73717e-01 | 54  0.02155 -5.94436e-01
 55  0.00055 -6.47151e-01 | 56  0.00837 -4.78018e-01 | 57 -0.00355 -1.59262e+00
 58  0.00009 -1.07486e+00 | 59  0.01401  3.47478e-01 | 60  0.00579 -1.70942e+00
 61 -0.01562 -1.16399e+00 | 62  0.03291 -8.17076e-01 | 63 -0.01968  7.53966e-02
 64 -0.01722 -1.22612e+00 | 65 -0.02761  4.37435e-01 | 66 -0.00833 -7.50180e-01
 67  0.01985 -7.54475e-01 | 68 -0.01453  5.59035e-01 | 69 -0.00899 -1.18121e+00
 70  0.01405 -4.91373e-01 | 71  0.02672 -3.65105e-02 | 72 -0.00532  1.72817e+00
 73 -0.00152 -9.58543e-01 | 74  0.02172 -7.60457e-01 | 75 -0.03841  2.71115e+00
 76  0.01571 -9.12030e-01 | 77 -0.00013 -6.77128e-01 | 78  0.05688 -1.87997e-01
 79  0.02023 -7.35851e-02 | 80 -0.04394 -6.24034e-01 | 81 -0.01062  1.99400e-01
 82  0.01100 -5.94689e-01 | 83 -0.00447  1.05333e+00 | 84  0.00473 -9.98372e-02
 85 -0.05598 -4.36607e-01 | 86  0.00524  3.57679e-01 | 87  0.00731  9.47381e-01
 88  0.01014  3.45966e-01 | 89  0.01229  1.19009e-02 | 90  0.01255  1.13533e+00
 91 -0.04780 -2.59421e-01 | 92 -0.03796  2.26313e+00 | 93  0.03707  4.36910e-01
 94  0.00006  1.96352e+00 | 95  0.00003 -1.12057e-01 | 96  0.00003 -1.12299e-01
 97  0.83057 -3.06164e-01 | 98 -0.41209 -5.35144e-01 | 99  0.18693 -3.79124e+00
100 -0.26393  1.58855e+01 |
Maximum number of function evaluations exceeded

 - final statistics:
100 variables; iteration 78; function evaluation 100
Function value 2.1971e+03; maximum gradient component mag 5.8543e+00
Exit code = 3;  converg criter 1.0000e+00
Var    Value     Gradient |Var    Value     Gradient |Var    Value     Gradient
  1  0.62977 -3.11836e+00 |  2  0.00398 -1.68598e-01 |  3 -0.01590  6.69803e-01
  4 -0.01298 -3.54633e-01 |  5 -0.00920  5.26902e-01 |  6 -0.01614  3.08470e-01
  7  0.00874 -5.02409e-01 |  8 -0.00748  1.93772e-01 |  9  0.01055 -9.20934e-02
 10 -0.00878  1.13958e-01 | 11 -0.00929  3.76966e-01 | 12 -0.02479 -5.06841e-01
 13 -0.00388 -3.40405e-01 | 14  0.01028  1.22395e-01 | 15  0.04401 -1.26433e+00
 16  0.00451 -2.23288e-01 | 17 -0.01572  1.04948e+00 | 18 -0.01494  7.82117e-02
 19 -0.05408 -1.85532e-01 | 20 -0.02771  5.19125e-01 | 21  0.01899 -3.88462e-01
 22  0.01462  6.82172e-01 | 23  0.00582 -1.54047e+00 | 24 -0.00518 -4.18134e-02
 25  0.02444  1.32595e-01 | 26 -0.01557  1.24428e+00 | 27  0.01082  1.44566e-01
 28 -0.01001  4.25523e-01 | 29 -0.04444 -5.58337e-02 | 30 -0.00955  6.53243e-02
 31 -0.00331  1.73357e-03 | 32  0.02401  9.29265e-02 | 33  0.05987 -1.85130e-01
 34  0.03980  3.17108e-01 | 35 -0.02248 -1.70424e-01 | 36 -0.02066 -2.96141e-01
 37  0.01434  5.10087e-01 | 38 -0.03868  2.55264e-01 | 39 -0.00608  4.67432e-02
 40  0.01326  1.48446e-01 | 41  0.05960 -1.41366e-01 | 42 -0.02843 -7.17537e-01
 43 -0.01702  1.29925e-01 | 44 -0.01086 -5.15224e-01 | 45  0.01903  9.86857e-02
 46 -0.00842  1.07562e-01 | 47  0.02949  8.54048e-01 | 48  0.03121 -3.59254e-01
 49  0.01411  1.56104e-01 | 50  0.03513 -4.02080e-01 | 51  0.02742 -2.42094e-01
 52 -0.03578 -1.80284e-02 | 53 -0.02339  5.78990e-01 | 54  0.02156 -2.05464e-01
 55  0.00058 -1.77213e-01 | 56  0.00838 -1.73194e-01 | 57 -0.00348 -5.10988e-02
 58  0.00012 -4.66955e-01 | 59  0.01401  6.75137e-02 | 60  0.00585 -2.21482e-01
 61 -0.01556 -2.85444e-01 | 62  0.03292 -2.46006e-01 | 63 -0.01966  3.67044e-01
 64 -0.01717 -4.22184e-01 | 65 -0.02765 -4.75504e-01 | 66 -0.00827  7.37382e-01
 67  0.01987 -3.16253e-01 | 68 -0.01453  4.13603e-01 | 69 -0.00897 -1.05266e+00
 70  0.01407 -1.93566e-02 | 71  0.02674  4.18312e-02 | 72 -0.00538  1.46147e-01
 73 -0.00147 -5.15012e-02 | 74  0.02175 -2.30960e-01 | 75 -0.03858 -9.01036e-02
 76  0.01575 -5.48413e-02 | 77 -0.00007  1.62580e-01 | 78  0.05689 -2.18872e-02
 79  0.02026  2.84330e-01 | 80 -0.04401 -1.71311e+00 | 81 -0.01069 -1.80954e+00
 82  0.01104  2.70840e-01 | 83 -0.00448  3.68933e-01 | 84  0.00476  4.23943e-01
 85 -0.05597 -5.16442e-01 | 86  0.00524  3.44005e-01 | 87  0.00732  8.24210e-01
 88  0.01017  1.08932e+00 | 89  0.01233  6.20626e-01 | 90  0.01249  2.73425e-02
 91 -0.04778 -3.31577e-01 | 92 -0.03827  5.56997e-01 | 93  0.03711  2.75289e-01
 94 -0.00080  4.24563e-01 | 95  0.00019 -6.24930e-03 | 96  0.00019 -5.99674e-03
 97  0.83072 -2.93690e-01 | 98 -0.41206  1.00716e+00 | 99  0.18654 -1.48204e+00
100 -0.26413  5.85426e+00 |

Initial statistics: 108 variables; iteration 0; function evaluation 0; phase 4
Function value 2.1970944e+03; maximum gradient component mag 4.1150e+02
Var    Value     Gradient |Var    Value     Gradient |Var    Value     Gradient
  1 -0.42263  6.03479e+01 |  2 -0.42263  4.11500e+02 |  3 -0.41094  2.04754e+02
  4  0.62977 -3.11836e+00 |  5  0.00000 -2.82761e+01 |  6  0.00000 -1.84735e+01
  7  0.00000  1.67626e-01 |  8  0.00000 -5.01312e+00 |  9  0.00000 -1.48041e+01
 10  0.00398 -1.65759e-01 | 11 -0.01590  6.72641e-01 | 12 -0.01298 -3.51794e-01
 13 -0.00920  5.29741e-01 | 14 -0.01614  3.11308e-01 | 15  0.00874 -4.99570e-01
 16 -0.00748  1.96610e-01 | 17  0.01055 -8.92550e-02 | 18 -0.00878  1.16797e-01
 19 -0.00929  3.79805e-01 | 20 -0.02479 -5.04005e-01 | 21 -0.00388 -3.37567e-01
 22  0.01028  1.25233e-01 | 23  0.04401 -1.26150e+00 | 24  0.00451 -2.20450e-01
 25 -0.01572  1.05232e+00 | 26 -0.01494  8.10497e-02 | 27 -0.05408 -1.82703e-01
 28 -0.02771  5.21961e-01 | 29  0.01899 -3.85625e-01 | 30  0.01462  6.85010e-01
 31  0.00582 -1.53763e+00 | 32 -0.00518 -3.89747e-02 | 33  0.02444  1.35432e-01
 34 -0.01557  1.24712e+00 | 35  0.01082  1.47404e-01 | 36 -0.01001  4.28362e-01
 37 -0.04444 -5.30018e-02 | 38 -0.00955  6.81628e-02 | 39 -0.00331  4.57233e-03
 40  0.02401  9.57633e-02 | 41  0.05987 -1.82304e-01 | 42  0.03980  3.19941e-01
 43 -0.02248 -1.67587e-01 | 44 -0.02066 -2.93304e-01 | 45  0.01434  5.12925e-01
 46 -0.03868  2.58098e-01 | 47 -0.00608  4.95819e-02 | 48  0.01326  1.51284e-01
 49  0.05960 -1.38540e-01 | 50 -0.02843 -7.14701e-01 | 51 -0.01702  1.32763e-01
 52 -0.01086 -5.12386e-01 | 53  0.01903  1.01523e-01 | 54 -0.00842  1.10400e-01
 55  0.02949  8.56884e-01 | 56  0.03121 -3.56419e-01 | 57  0.01411  1.58942e-01
 58  0.03513 -3.99245e-01 | 59  0.02742 -2.39258e-01 | 60 -0.03578 -1.51941e-02
 61 -0.02339  5.81827e-01 | 62  0.02156 -2.02627e-01 | 63  0.00058 -1.74375e-01
 64  0.00838 -1.70356e-01 | 65 -0.00348 -4.82600e-02 | 66  0.00012 -4.64117e-01
 67  0.01401  7.03518e-02 | 68  0.00585 -2.18643e-01 | 69 -0.01556 -2.82606e-01
 70  0.03292 -2.43171e-01 | 71 -0.01966  3.69881e-01 | 72 -0.01717 -4.19346e-01
 73 -0.02765 -4.72667e-01 | 74 -0.00827  7.40221e-01 | 75  0.01987 -3.13415e-01
 76 -0.01453  4.16441e-01 | 77 -0.00897 -1.04982e+00 | 78  0.01407 -1.65184e-02
 79  0.02674  4.46675e-02 | 80 -0.00538  1.48986e-01 | 81 -0.00147 -4.86624e-02
 82  0.02175 -2.28123e-01 | 83 -0.03858 -8.72700e-02 | 84  0.01575 -5.20034e-02
 85 -0.00007  1.65419e-01 | 86  0.05689 -1.90597e-02 | 87  0.02026  2.87167e-01
 88 -0.04401 -1.71028e+00 | 89 -0.01069 -1.80670e+00 | 90  0.01104  2.73678e-01
 91 -0.00448  3.71771e-01 | 92  0.00476  4.26782e-01 | 93 -0.05597 -5.13614e-01
 94  0.00524  3.46844e-01 | 95  0.00732  8.27049e-01 | 96  0.01017  1.09216e+00
 97  0.01233  6.23464e-01 | 98  0.01249  3.01807e-02 | 99 -0.04778 -3.28746e-01
100 -0.03827  5.59831e-01 |101  0.03711  2.78123e-01 |102 -0.00080  4.27402e-01
103  0.00019 -3.41050e-03 |104  0.00019 -3.15794e-03 |105  0.83072 -2.93690e-01
106 -0.41206  1.00716e+00 |107  0.18654 -1.48204e+00 |108 -0.26413  5.85426e+00

Intermediate statistics: 108 variables; iteration 20; function evaluation 25; phase 4
Function value 2.1967521e+03; maximum gradient component mag 3.4520e+02
Var    Value     Gradient |Var    Value     Gradient |Var    Value     Gradient
  1 -0.43093  2.27689e+01 |  2 -0.42285  3.45203e+02 |  3 -0.40920  1.27468e+02
  4  0.62989  2.08725e-01 |  5  0.00528 -1.58788e+01 |  6  0.00649 -7.55303e+00
  7 -0.00179 -1.58868e+00 |  8  0.00093 -2.81870e+00 |  9  0.00405 -6.92034e+00
 10  0.00335 -6.05825e-01 | 11 -0.01654  3.88561e-02 | 12 -0.01325 -3.55117e-01
 13 -0.00968  7.08849e-02 | 14 -0.01640  1.86698e-01 | 15  0.00872 -1.13303e-01
 16 -0.00753  4.27913e-01 | 17  0.01055  3.42472e-01 | 18 -0.00879  4.74970e-01
 19 -0.00927  7.97881e-01 | 20 -0.02476 -1.11348e-01 | 21 -0.00379  3.60004e-01
 22  0.01055  2.34672e+00 | 23  0.04444  5.03656e+00 | 24  0.00485  3.21316e+00
 25 -0.01534  4.42729e+00 | 26 -0.01463  2.84204e+00 | 27 -0.05390  8.68528e-01
 28 -0.02754  1.35455e+00 | 29  0.01907 -9.22068e-01 | 30  0.01483  3.80525e+00
 31  0.00583 -1.41815e+00 | 32 -0.00504  1.78919e+00 | 33  0.02477  6.73423e+00
 34 -0.01533  4.08150e+00 | 35  0.01106  4.27731e+00 | 36 -0.00979  3.19225e+00
 37 -0.04436  7.58601e-01 | 38 -0.00955 -1.46655e-01 | 39 -0.00333  2.04646e-01
 40  0.02400  7.14459e-01 | 41  0.06016  1.03459e+01 | 42  0.04029  1.26635e+01
 43 -0.02230  2.72999e+00 | 44 -0.02055  1.51016e+00 | 45  0.01451  4.32829e+00
 46 -0.03856  2.11769e+00 | 47 -0.00609  1.17302e+00 | 48  0.01316  3.41752e-01
 49  0.05989  1.41460e+01 | 50 -0.02838  1.74366e+00 | 51 -0.01697  2.76802e+00
 52 -0.01098  1.31815e-01 | 53  0.01907  4.68951e+00 | 54 -0.00844  3.30774e+00
 55  0.02948  6.03724e+00 | 56  0.03132  8.70220e+00 | 57  0.01426  8.78416e+00
 58  0.03521  9.45178e+00 | 59  0.02753  9.68522e+00 | 60 -0.03569  3.64162e+00
 61 -0.02333  3.63595e+00 | 62  0.02161  5.90921e+00 | 63  0.00057 -1.49167e-01
 64  0.00832 -1.07535e+00 | 65 -0.00339  3.46224e+00 | 66  0.00011  1.22569e+00
 67  0.01397 -3.45338e+00 | 68  0.00583 -2.52326e-01 | 69 -0.01561 -2.04989e+00
 70  0.03276 -6.72955e+00 | 71 -0.01954  3.11157e+00 | 72 -0.01712  1.66708e+00
 73 -0.02782 -6.69531e+00 | 74 -0.00841 -4.79631e+00 | 75  0.01967 -1.17130e+01
 76 -0.01446  1.51337e+00 | 77 -0.00908 -6.37487e+00 | 78  0.01392 -7.10519e+00
 79  0.02644 -1.74538e+01 | 80 -0.00538 -1.63352e+00 | 81 -0.00155 -5.73089e+00
 82  0.02159 -7.54449e+00 | 83 -0.03869 -3.17246e+00 | 84  0.01553 -1.14437e+01
 85 -0.00028 -8.46596e+00 | 86  0.05674 -1.12896e+01 | 87  0.02020 -4.27830e+00
 88 -0.04412 -4.40724e+00 | 89 -0.01084 -7.87183e+00 | 90  0.01088 -5.98870e+00
 91 -0.00448 -4.18130e-01 | 92  0.00464 -1.74940e+00 | 93 -0.05606 -1.52697e+00
 94  0.00504 -5.70038e+00 | 95  0.00718 -4.35240e+00 | 96  0.00999 -2.70738e+00
 97  0.01233  1.17180e+00 | 98  0.01269  7.29551e+00 | 99 -0.04774  1.05970e+00
100 -0.03804  1.32199e-01 |101  0.03714 -4.38924e+00 |102 -0.00100  2.39115e-01
103  0.00007  1.22704e-01 |104  0.00007  1.22785e-01 |105  0.82871 -9.66959e+00
106 -0.41176  7.58939e+01 |107  0.18496  3.01804e+01 |108 -0.26455 -7.84165e+01
108 variables; iteration 40; function evaluation 48; phase 4
Function value 2.1965733e+03; maximum gradient component mag 4.4675e+01
Var    Value     Gradient |Var    Value     Gradient |Var    Value     Gradient
  1 -0.43425  2.66100e+00 |  2 -0.42316  4.46755e+01 |  3 -0.40848  1.85302e+01
  4  0.62999 -6.92803e-01 |  5  0.01149 -1.15684e+00 |  6  0.00979 -1.27915e+00
  7 -0.00104  6.48934e-01 |  8  0.00210 -1.92890e-01 |  9  0.00625 -2.31174e+00
 10  0.00391  7.81072e-01 | 11 -0.01631  6.07434e-01 | 12 -0.01323 -2.34626e-01
 13 -0.01038 -1.40263e+00 | 14 -0.01727 -1.94627e+00 | 15  0.00817 -2.07805e+00
 16 -0.00801 -1.25545e+00 | 17  0.01063  5.30146e-01 | 18 -0.00874  5.06080e-01
 19 -0.00970 -1.31731e+00 | 20 -0.02459  4.87985e-01 | 21 -0.00409 -1.65386e+00
 22  0.00983 -4.21146e+00 | 23  0.04412 -1.81042e-01 | 24  0.00434 -2.69239e+00
 25 -0.01560  1.69351e+00 | 26 -0.01485  4.09156e-01 | 27 -0.05387  1.04003e+00
 28 -0.02774 -8.82883e-01 | 29  0.01912 -7.11235e-01 | 30  0.01462 -1.13198e-01
 31  0.00576 -2.94612e+00 | 32 -0.00513  2.59130e-01 | 33  0.02448  8.42393e-01
 34 -0.01544  2.30161e+00 | 35  0.01088  8.85968e-01 | 36 -0.01007 -4.80505e-01
 37 -0.04446 -2.51082e-01 | 38 -0.00926  2.39944e+00 | 39 -0.00311  1.86281e+00
 40  0.02421  1.98502e+00 | 41  0.05994  5.93188e-01 | 42  0.03979  1.60017e-01
 43 -0.02250  9.36427e-02 | 44 -0.02042  1.77166e+00 | 45  0.01427 -1.33394e+00
 46 -0.03888 -1.10903e+00 | 47 -0.00599  6.38125e-01 | 48  0.01340  6.78616e-01
 49  0.05967  2.50145e+00 | 50 -0.02814  2.40249e+00 | 51 -0.01699  4.36487e-01
 52 -0.01081 -7.20158e-01 | 53  0.01915  1.82057e+00 | 54 -0.00851 -4.40749e-01
 55  0.02954  1.02396e+00 | 56  0.03123  6.44341e-01 | 57  0.01414  1.87260e+00
 58  0.03518  1.79856e+00 | 59  0.02749  2.45190e+00 | 60 -0.03593 -1.38100e+00
 61 -0.02326  1.84507e+00 | 62  0.02153 -7.49274e-01 | 63  0.00067  1.62692e-01
 64  0.00865  5.48185e+00 | 65 -0.00353 -4.70976e-01 | 66  0.00008 -6.41028e-01
 67  0.01455  1.37839e+01 | 68  0.00605  5.82389e+00 | 69 -0.01546  1.17586e+00
 70  0.03292 -3.01222e-01 | 71 -0.01975 -5.78387e-01 | 72 -0.01725 -9.35460e-01
 73 -0.02763 -3.72448e+00 | 74 -0.00826 -1.19480e+00 | 75  0.01996  4.10226e-01
 76 -0.01447  2.20393e+00 | 77 -0.00894 -2.53560e+00 | 78  0.01397 -5.30147e+00
 79  0.02694  2.42089e+00 | 80 -0.00541 -1.07585e+00 | 81 -0.00142 -1.42685e+00
 82  0.02194  6.31269e+00 | 83 -0.03869 -2.66418e+00 | 84  0.01571 -7.19039e+00
 85 -0.00006 -2.57977e+00 | 86  0.05691  6.19127e-01 | 87  0.02020 -1.21143e+00
 88 -0.04388 -1.05462e+00 | 89 -0.01066 -3.25328e+00 | 90  0.01088 -6.54950e+00
 91 -0.00450 -7.32526e-01 | 92  0.00460 -4.00278e+00 | 93 -0.05609 -2.18599e+00
 94  0.00531 -9.56332e-01 | 95  0.00730 -2.77040e+00 | 96  0.01029  1.32669e+00
 97  0.01242  1.56820e+00 | 98  0.01249  1.86694e+00 | 99 -0.04723  3.91382e+00
100 -0.03739  1.64673e+00 |101  0.03745 -2.03017e+00 |102 -0.00090  2.62815e-01
103  0.00012  5.70739e-02 |104  0.00012  5.70990e-02 |105  0.82922 -7.83783e-01
106 -0.41175  1.02557e+01 |107  0.18400  3.08756e+00 |108 -0.26430 -1.01421e+01
108 variables; iteration 60; function evaluation 72; phase 4
Function value 2.1965566e+03; maximum gradient component mag 2.6982e+00
Var    Value     Gradient |Var    Value     Gradient |Var    Value     Gradient
  1 -0.43396  1.56239e-01 |  2 -0.42317  2.06626e+00 |  3 -0.40861  6.73976e-01
  4  0.63012  2.40584e-01 |  5  0.01189  1.38517e-01 |  6  0.01069  2.53956e-01
  7 -0.00127  4.09297e-01 |  8  0.00222  1.28908e-01 |  9  0.00724 -3.52655e-01
 10  0.00333 -2.46194e-01 | 11 -0.01677 -1.97787e-01 | 12 -0.01326 -1.96894e-01
 13 -0.00965  3.81719e-01 | 14 -0.01644  1.78987e-01 | 15  0.00884  3.27955e-01
 16 -0.00777 -3.18687e-01 | 17  0.01069  1.05412e+00 | 18 -0.00842  1.98000e+00
 19 -0.00937  4.05436e-01 | 20 -0.02453  9.51006e-01 | 21 -0.00388 -8.61808e-02
 22  0.01018 -7.52908e-01 | 23  0.04411 -1.38729e-01 | 24  0.00461  3.63060e-01
 25 -0.01567  7.54510e-01 | 26 -0.01492 -7.47444e-01 | 27 -0.05430 -2.17782e+00
 28 -0.02760  2.33899e-02 | 29  0.01913 -1.27083e+00 | 30  0.01463 -1.10071e-01
 31  0.00596 -2.08238e-01 | 32 -0.00513  3.83252e-01 | 33  0.02445  5.14170e-01
 34 -0.01554  1.28681e+00 | 35  0.01080 -3.43514e-01 | 36 -0.00995  1.08501e+00
 37 -0.04452 -6.56382e-01 | 38 -0.00942  4.37219e-01 | 39 -0.00327 -1.82522e-01
 40  0.02399 -1.74296e+00 | 41  0.05992  3.72720e-01 | 42  0.03975 -1.84067e-01
 43 -0.02265 -1.08835e+00 | 44 -0.02051  9.59711e-01 | 45  0.01431 -4.59971e-01
 46 -0.03867  6.11800e-01 | 47 -0.00604 -5.20781e-02 | 48  0.01337 -1.38843e-01
 49  0.05957 -8.73757e-01 | 50 -0.02857 -1.46062e+00 | 51 -0.01703 -8.32194e-02
 52 -0.01065  7.60321e-01 | 53  0.01905 -5.50980e-02 | 54 -0.00846 -5.40439e-02
 55  0.02961  1.83798e+00 | 56  0.03114 -1.83211e+00 | 57  0.01412  1.17583e+00
 58  0.03519  1.30422e+00 | 59  0.02739 -4.50147e-01 | 60 -0.03579  6.84563e-02
 61 -0.02339 -3.08028e-01 | 62  0.02153 -3.53787e-01 | 63  0.00072  1.65136e+00
 64  0.00848  2.96986e-01 | 65 -0.00358 -1.79083e+00 | 66  0.00004 -2.06019e+00
 67  0.01419  1.69027e+00 | 68  0.00581 -1.37473e+00 | 69 -0.01542  2.04287e+00
 70  0.03290 -2.61308e-01 | 71 -0.01974  2.91209e-01 | 72 -0.01721  7.89475e-01
 73 -0.02746  1.35322e-01 | 74 -0.00817  1.51547e+00 | 75  0.01991 -3.83458e-01
 76 -0.01459  1.39611e-01 | 77 -0.00887 -2.64550e-02 | 78  0.01408 -6.54491e-01
 79  0.02683 -8.51869e-02 | 80 -0.00539  2.64320e-01 | 81 -0.00129  2.69825e+00
 82  0.02172 -5.32746e-02 | 83 -0.03868 -1.98196e+00 | 84  0.01585 -1.13752e+00
 85  0.00006  1.26280e+00 | 86  0.05685 -1.66528e-01 | 87  0.02017 -6.44509e-01
 88 -0.04376  1.23078e+00 | 89 -0.01054  6.69922e-01 | 90  0.01099 -1.47142e+00
 91 -0.00449  9.93203e-01 | 92  0.00464 -1.14907e+00 | 93 -0.05596 -1.24584e-01
 94  0.00526 -1.45527e+00 | 95  0.00735 -1.78036e-01 | 96  0.01014 -1.10232e+00
 97  0.01235  1.20198e+00 | 98  0.01236  2.39323e-01 | 99 -0.04776  8.51603e-01
100 -0.03798 -1.40229e+00 |101  0.03754 -9.13728e-01 |102 -0.00100  1.00996e-01
103  0.00010  4.22371e-03 |104  0.00010  4.22501e-03 |105  0.82844  1.59814e-01
106 -0.41185 -2.35397e-01 |107  0.18405 -1.19641e-01 |108 -0.26425 -7.53745e-01

 - final statistics:
108 variables; iteration 79; function evaluation 94
Function value 2.1966e+03; maximum gradient component mag -9.9613e-01
Exit code = 1;  converg criter 1.0000e+00
Var    Value     Gradient |Var    Value     Gradient |Var    Value     Gradient
  1 -0.43405 -9.32519e-02 |  2 -0.42316 -1.08838e-01 |  3 -0.40860  3.59990e-03
  4  0.63011 -5.64347e-02 |  5  0.01191  3.59501e-02 |  6  0.01052 -3.14267e-02
  7 -0.00156 -7.64305e-02 |  8  0.00229  2.19244e-01 |  9  0.00736 -1.49941e-01
 10  0.00335 -2.24635e-01 | 11 -0.01675 -1.91932e-01 | 12 -0.01294  4.46929e-01
 13 -0.00987 -1.53707e-01 | 14 -0.01650 -2.57774e-03 | 15  0.00875 -5.61584e-02
 16 -0.00766 -2.98704e-02 | 17  0.01028 -8.34589e-01 | 18 -0.00865  9.61532e-01
 19 -0.00947 -1.48167e-01 | 20 -0.02496 -9.96132e-01 | 21 -0.00384  9.98134e-02
 22  0.01030  1.98740e-01 | 23  0.04413  1.81900e-01 | 24  0.00459  1.30579e-01
 25 -0.01578 -1.92008e-01 | 26 -0.01488 -2.98490e-01 | 27 -0.05401 -1.14040e-01
 28 -0.02765 -3.39460e-01 | 29  0.01918 -1.70084e-01 | 30  0.01463 -9.33557e-02
 31  0.00600  4.54454e-01 | 32 -0.00516  1.44126e-02 | 33  0.02441 -1.22345e-01
 34 -0.01564  1.84268e-01 | 35  0.01081 -2.09514e-01 | 36 -0.01007 -3.03801e-01
 37 -0.04446 -1.73642e-01 | 38 -0.00947 -9.06090e-02 | 39 -0.00325  1.38502e-01
 40  0.02412  3.51960e-01 | 41  0.05991  2.46520e-02 | 42  0.03978  1.10484e-01
 43 -0.02250  1.84663e-01 | 44 -0.02062 -6.61220e-02 | 45  0.01436  6.59931e-02
 46 -0.03871  2.56623e-01 | 47 -0.00604 -1.03745e-01 | 48  0.01336 -3.86352e-01
 49  0.05960  2.24613e-03 | 50 -0.02838  2.24505e-01 | 51 -0.01703 -1.11326e-01
 52 -0.01073 -1.19452e-01 | 53  0.01904 -2.84345e-01 | 54 -0.00846 -1.44340e-01
 55  0.02953  1.85277e-01 | 56  0.03123  1.19705e-01 | 57  0.01406 -2.61075e-02
 58  0.03515  1.43000e-01 | 59  0.02741 -3.84100e-02 | 60 -0.03581 -1.54342e-01
 61 -0.02337  1.51092e-02 | 62  0.02155  4.90549e-02 | 63  0.00066  1.14080e-02
 64  0.00847 -7.38007e-03 | 65 -0.00351  3.35579e-02 | 66  0.00012  3.04865e-02
 67  0.01414 -3.98793e-02 | 68  0.00588  4.02886e-02 | 69 -0.01554 -3.84790e-01
 70  0.03292  4.43633e-02 | 71 -0.01975  1.36793e-01 | 72 -0.01723  3.00062e-01
 73 -0.02746 -4.34518e-02 | 74 -0.00822  1.35796e-01 | 75  0.01993  3.13419e-03
 76 -0.01458  2.35632e-01 | 77 -0.00887 -2.11101e-02 | 78  0.01411  5.96140e-02
 79  0.02684  2.12019e-02 | 80 -0.00540 -2.21453e-01 | 81 -0.00140 -3.41271e-02
 82  0.02173 -1.09057e-02 | 83 -0.03855 -2.13539e-01 | 84  0.01590  6.84691e-02
 85  0.00001  6.19575e-02 | 86  0.05686  2.09356e-02 | 87  0.02019  4.05935e-02
 88 -0.04386 -2.52995e-01 | 89 -0.01054  4.01103e-01 | 90  0.01105  7.05163e-02
 91 -0.00453  9.36080e-03 | 92  0.00470  1.08049e-01 | 93 -0.05594 -1.36549e-02
 94  0.00533  1.48247e-01 | 95  0.00737 -2.58451e-02 | 96  0.01022  1.42624e-01
 97  0.01235  4.26576e-01 | 98  0.01239 -1.51468e-01 | 99 -0.04782  2.32592e-01
100 -0.03768 -3.21802e-02 |101  0.03779  3.91233e-01 |102 -0.00110 -4.69123e-02
103  0.00008 -2.62320e-02 |104  0.00008 -2.62386e-02 |105  0.82833 -4.70505e-02
106 -0.41186  4.98144e-02 |107  0.18436  4.20415e-01 |108 -0.26412  1.93765e-01

Initial statistics: 110 variables; iteration 0; function evaluation 0; phase 5
Function value 2.1965535e+03; maximum gradient component mag 1.2092e+02
Var    Value     Gradient |Var    Value     Gradient |Var    Value     Gradient
  1 -0.43405 -9.32519e-02 |  2 -0.42316 -1.08838e-01 |  3 -0.40860  3.59990e-03
  4 -0.41222  2.18960e+01 |  5 -0.41222  1.20924e+02 |  6  0.63011 -5.64347e-02
  7  0.01191  3.59501e-02 |  8  0.01052 -3.14267e-02 |  9 -0.00156 -7.64305e-02
 10  0.00229  2.19244e-01 | 11  0.00736 -1.49941e-01 | 12  0.00335 -2.24503e-01
 13 -0.01675 -1.91800e-01 | 14 -0.01294  4.47062e-01 | 15 -0.00987 -1.53575e-01
 16 -0.01650 -2.44552e-03 | 17  0.00875 -5.60262e-02 | 18 -0.00766 -2.97382e-02
 19  0.01028 -8.34457e-01 | 20 -0.00865  9.61664e-01 | 21 -0.00947 -1.48034e-01
 22 -0.02496 -9.95999e-01 | 23 -0.00384  9.99456e-02 | 24  0.01030  1.98872e-01
 25  0.04413  1.82031e-01 | 26  0.00459  1.30711e-01 | 27 -0.01578 -1.91876e-01
 28 -0.01488 -2.98357e-01 | 29 -0.05401 -1.13908e-01 | 30 -0.02765 -3.39328e-01
 31  0.01918 -1.69951e-01 | 32  0.01463 -9.32235e-02 | 33  0.00600  4.54587e-01
 34 -0.00516  1.45449e-02 | 35  0.02441 -1.22213e-01 | 36 -0.01564  1.84400e-01
 37  0.01081 -2.09382e-01 | 38 -0.01007 -3.03669e-01 | 39 -0.04446 -1.73510e-01
 40 -0.00947 -9.04768e-02 | 41 -0.00325  1.38635e-01 | 42  0.02412  3.52092e-01
 43  0.05991  2.47837e-02 | 44  0.03978  1.10616e-01 | 45 -0.02250  1.84795e-01
 46 -0.02062 -6.59898e-02 | 47  0.01436  6.61253e-02 | 48 -0.03871  2.56755e-01
 49 -0.00604 -1.03613e-01 | 50  0.01336 -3.86220e-01 | 51  0.05960  2.37782e-03
 52 -0.02838  2.24637e-01 | 53 -0.01703 -1.11194e-01 | 54 -0.01073 -1.19320e-01
 55  0.01904 -2.84213e-01 | 56 -0.00846 -1.44208e-01 | 57  0.02953  1.85409e-01
 58  0.03123  1.19837e-01 | 59  0.01406 -2.59752e-02 | 60  0.03515  1.43132e-01
 61  0.02741 -3.82778e-02 | 62 -0.03581 -1.54210e-01 | 63 -0.02337  1.52414e-02
 64  0.02155  4.91871e-02 | 65  0.00066  1.15403e-02 | 66  0.00847 -7.24782e-03
 67 -0.00351  3.36902e-02 | 68  0.00012  3.06188e-02 | 69  0.01414 -3.97471e-02
 70  0.00588  4.04209e-02 | 71 -0.01554 -3.84658e-01 | 72  0.03292  4.44954e-02
 73 -0.01975  1.36925e-01 | 74 -0.01723  3.00194e-01 | 75 -0.02746 -4.33197e-02
 76 -0.00822  1.35928e-01 | 77  0.01993  3.26638e-03 | 78 -0.01458  2.35764e-01
 79 -0.00887 -2.09779e-02 | 80  0.01411  5.97462e-02 | 81  0.02684  2.13340e-02
 82 -0.00540 -2.21321e-01 | 83 -0.00140 -3.39948e-02 | 84  0.02173 -1.07735e-02
 85 -0.03855 -2.13407e-01 | 86  0.01590  6.86014e-02 | 87  0.00001  6.20898e-02
 88  0.05686  2.10674e-02 | 89  0.02019  4.07257e-02 | 90 -0.04386 -2.52863e-01
 91 -0.01054  4.01235e-01 | 92  0.01105  7.06486e-02 | 93 -0.00453  9.49306e-03
 94  0.00470  1.08181e-01 | 95 -0.05594 -1.35231e-02 | 96  0.00533  1.48379e-01
 97  0.00737 -2.57128e-02 | 98  0.01022  1.42757e-01 | 99  0.01235  4.26708e-01
100  0.01239 -1.51336e-01 |101 -0.04782  2.32724e-01 |102 -0.03768 -3.20481e-02
103  0.03779  3.91365e-01 |104 -0.00110 -4.67800e-02 |105  0.00008 -2.60998e-02
106  0.00008 -2.61064e-02 |107  0.82833 -4.70505e-02 |108 -0.41186  4.98144e-02
109  0.18436  4.20415e-01 |110 -0.26412  1.93765e-01 |

Intermediate statistics: 110 variables; iteration 20; function evaluation 26; phase 5
Function value 2.1953448e+03; maximum gradient component mag 5.1865e+02
Var    Value     Gradient |Var    Value     Gradient |Var    Value     Gradient
  1 -0.41300  6.00446e+01 |  2 -0.41944  2.05746e+02 |  3 -0.41865  1.32240e+02
  4 -0.41455  2.84550e+01 |  5 -0.43155  9.76628e+01 |  6  0.62895 -3.03908e+02
  7  0.01156 -1.24006e+00 |  8  0.01045 -3.01934e-01 |  9 -0.00165 -3.46930e-01
 10  0.00212 -1.92296e-01 | 11  0.00717 -6.26247e-01 | 12  0.00315  7.92877e+00
 13 -0.01694  8.01863e+00 | 14 -0.01320  8.49189e+00 | 15 -0.01015  7.81488e+00
 16 -0.01677  7.95261e+00 | 17  0.00851  7.72421e+00 | 18 -0.00785  7.83872e+00
 19  0.01024  7.17773e+00 | 20 -0.00874  8.52613e+00 | 21 -0.00940  7.50871e+00
 22 -0.02479  6.78012e+00 | 23 -0.00361  7.17628e+00 | 24  0.01071  8.35729e+00
 25  0.04482  1.31291e+01 | 26  0.00490  7.24766e+00 | 27 -0.01574  3.10640e+00
 28 -0.01524 -3.24565e+00 | 29 -0.05408  4.44027e+00 | 30 -0.02747  5.16054e+00
 31  0.01929  9.49054e-01 | 32  0.01499  7.51162e+00 | 33  0.00592 -3.34112e-01
 34 -0.00539 -2.54712e+00 | 35  0.02482  7.76539e+00 | 36 -0.01552  5.94183e+00
 37  0.01093  2.04766e+00 | 38 -0.01008  8.10338e-01 | 39 -0.04447  3.61271e+00
 40 -0.00971 -3.18066e+00 | 41 -0.00321  3.60483e-01 | 42  0.02396 -6.60716e+00
 43  0.05978 -9.76362e+00 | 44  0.04031  1.01867e+01 | 45 -0.02225  6.51683e+00
 46 -0.02052  3.36787e+00 | 47  0.01405 -1.12598e+01 | 48 -0.03874  2.65688e+00
 49 -0.00564  5.04830e+00 | 50  0.01327 -8.83141e+00 | 51  0.05932 -2.93174e+01
 52 -0.02809  4.64900e+00 | 53 -0.01676  2.51177e+00 | 54 -0.01097 -7.67294e+00
 55  0.01871 -1.98212e+01 | 56 -0.00799  1.55768e+00 | 57  0.02909 -2.33793e+01
 58  0.03109 -1.65615e+01 | 59  0.01449 -8.31800e-01 | 60  0.03455 -3.37329e+01
 61  0.02704 -3.18697e+01 | 62 -0.03601 -7.62016e+00 | 63 -0.02399 -1.99643e+01
 64  0.02145 -2.19023e+01 | 65  0.00037 -8.88061e+00 | 66  0.00836 -1.24435e+01
 67 -0.00336 -7.05946e+00 | 68  0.00020 -6.44817e+00 | 69  0.01398 -9.23721e+00
 70  0.00594 -6.85272e+00 | 71 -0.01545 -4.05411e+00 | 72  0.03292 -1.69471e+01
 73 -0.01946 -3.54275e-01 | 74 -0.01690 -2.22036e+00 | 75 -0.02795 -1.10556e+01
 76 -0.00786  3.08021e+00 | 77  0.02071  1.53030e+01 | 78 -0.01439 -2.10040e+00
 79 -0.00865  5.39463e+00 | 80  0.01412 -7.31961e-01 | 81  0.02737  1.61127e+01
 82 -0.00494  6.28972e+00 | 83 -0.00115  3.46297e+00 | 84  0.02206  4.64803e+00
 85 -0.03845  3.09505e+00 | 86  0.01642  1.20565e+01 | 87  0.00019  2.40235e+00
 88  0.05595 -5.78041e+01 | 89  0.02044  2.02324e+00 | 90 -0.04421 -4.02638e+00
 91 -0.01081 -6.17996e+00 | 92  0.01131  7.90030e+00 | 93 -0.00439  8.06361e+00
 94  0.00480  3.45848e+00 | 95 -0.05580  7.71079e+00 | 96  0.00532  5.19478e+00
 97  0.00726  9.59582e+00 | 98  0.00997  6.34271e+00 | 99  0.01222  1.17251e+01
100  0.01250  1.27250e+01 |101 -0.04771  1.14160e+01 |102 -0.03904  4.39903e+00
103  0.03699  1.24594e+01 |104 -0.00142  8.59594e+00 |105  0.00009  8.65737e+00
106  0.00009  8.65737e+00 |107  0.82406 -7.35931e+01 |108 -0.41099  5.18646e+02
109  0.18843 -3.92757e+01 |110 -0.26313  1.24651e+02 |
110 variables; iteration 40; function evaluation 50; phase 5
Function value 2.1941183e+03; maximum gradient component mag 1.3284e+02
Var    Value     Gradient |Var    Value     Gradient |Var    Value     Gradient
  1 -0.40295  1.69606e+01 |  2 -0.41729  1.09068e+02 |  3 -0.42460  5.44102e+01
  4 -0.41583  6.91079e+00 |  5 -0.44964  2.54030e+01 |  6  0.62944 -5.20489e+01
  7  0.01705  1.37255e+01 |  8  0.01158  2.81141e+00 |  9 -0.00118  1.59096e+00
 10  0.00307  2.45345e+00 | 11  0.00777  1.61405e+00 | 12  0.00453  4.77394e+00
 13 -0.01597  3.83138e+00 | 14 -0.01203  5.07623e+00 | 15 -0.00772  7.83472e+00
 16 -0.01529  5.97534e+00 | 17  0.00820  1.89267e+00 | 18 -0.00819  1.74921e+00
 19  0.01068  5.08096e+00 | 20 -0.00753  8.80054e+00 | 21 -0.00948  2.63897e+00
 22 -0.02434  3.84925e+00 | 23 -0.00454 -2.31713e+00 | 24  0.00931 -5.80375e+00
 25  0.04423  7.76266e+00 | 26  0.00480  5.11295e+00 | 27 -0.01571 -9.23397e-01
 28 -0.01476 -4.88360e+00 | 29 -0.05474 -6.06620e+00 | 30 -0.02734  3.84417e-01
 31  0.01948  6.19118e-02 | 32  0.01498  5.78049e+00 | 33  0.00623 -9.49794e-01
 34 -0.00490 -3.02945e+00 | 35  0.02463  5.53173e+00 | 36 -0.01530  5.15903e+00
 37  0.01108  2.71980e+00 | 38 -0.00983 -8.54464e-01 | 39 -0.04502 -6.12636e+00
 40 -0.00913 -2.84839e+00 | 41 -0.00276  9.54434e-01 | 42  0.02418 -5.98577e+00
 43  0.05949 -6.17604e+00 | 44  0.03980  9.85474e+00 | 45 -0.02354 -5.70968e+00
 46 -0.02079 -8.34306e-01 | 47  0.01439 -6.96807e+00 | 48 -0.03864  4.59634e-01
 49 -0.00628 -2.71695e+00 | 50  0.01372 -3.29381e+00 | 51  0.05966 -5.66859e+00
 52 -0.02930 -6.10906e+00 | 53 -0.01690  1.23444e+00 | 54 -0.01044 -3.48948e+00
 55  0.01994  3.99789e+00 | 56 -0.00791  5.72300e+00 | 57  0.02931 -9.00250e+00
 58  0.03100 -2.19303e+00 | 59  0.01342 -5.95500e+00 | 60  0.03503  1.56130e+00
 61  0.02730 -6.74663e+00 | 62 -0.03565 -1.99849e+00 | 63 -0.02324 -8.19416e+00
 64  0.02149 -1.98953e+00 | 65  0.00004 -4.77687e+00 | 66  0.00842  8.17049e-01
 67 -0.00343 -4.92784e+00 | 68  0.00002 -1.93508e+00 | 69  0.01377 -2.37796e+00
 70  0.00591  2.10508e+00 | 71 -0.01542 -2.42733e+00 | 72  0.03280 -2.62710e+00
 73 -0.01951 -1.06090e+00 | 74 -0.01710 -5.90285e+00 | 75 -0.02687  5.78882e+00
 76 -0.00824 -5.13257e+00 | 77  0.02041  4.86317e+00 | 78 -0.01421  7.61270e-01
 79 -0.00915 -2.66850e+00 | 80  0.01374 -1.11960e+00 | 81  0.02690  5.24227e+00
 82 -0.00524  4.16280e-01 | 83 -0.00105  5.49270e+00 | 84  0.02173  1.28833e+00
 85 -0.03810  2.19483e+00 | 86  0.01599 -1.04507e+00 | 87  0.00012 -2.38888e+00
 88  0.05637 -1.11017e+01 | 89  0.02008 -3.32274e+00 | 90 -0.04256  1.25264e+01
 91 -0.01015  5.98043e+00 | 92  0.01135  1.35163e+01 | 93 -0.00426  1.06732e+01
 94  0.00394 -2.40914e+01 | 95 -0.05571  1.76199e+00 | 96  0.00498 -7.49235e+00
 97  0.00725  7.19818e+00 | 98  0.00983  1.37545e+00 | 99  0.01205  2.40280e+00
100  0.01228  3.48416e+00 |101 -0.04673  1.07119e+01 |102 -0.03758  4.29900e+00
103  0.03499 -9.00639e+00 |104 -0.00744 -7.98754e+00 |105  0.00009  1.61117e+00
106  0.00009  1.61149e+00 |107  0.82030 -1.93424e+01 |108 -0.41200  1.32843e+02
109  0.18796 -1.01175e+01 |110 -0.26400  3.73104e+01 |
110 variables; iteration 60; function evaluation 71; phase 5
Function value 2.1939352e+03; maximum gradient component mag 3.2066e+01
Var    Value     Gradient |Var    Value     Gradient |Var    Value     Gradient
  1 -0.39945  3.66607e+00 |  2 -0.41659  1.93049e+01 |  3 -0.42675  9.94834e+00
  4 -0.41439  1.60281e+00 |  5 -0.45456  6.40851e+00 |  6  0.62964 -1.25706e+01
  7  0.01200  1.47715e+00 |  8  0.01054  2.92366e-01 |  9 -0.00173 -8.03538e-03
 10  0.00230  7.19711e-01 | 11  0.00861  2.83904e+00 | 12  0.00417  2.59994e+00
 13 -0.01587  2.69882e+00 | 14 -0.01327  1.16683e+00 | 15 -0.00972  1.95323e+00
 16 -0.01431  7.33200e+00 | 17  0.00947  5.39105e+00 | 18 -0.00679  5.50994e+00
 19  0.00884 -3.31558e+00 | 20 -0.00863  3.77437e+00 | 21 -0.00926  3.17198e+00
 22 -0.02543 -1.45227e+00 | 23 -0.00454 -2.22344e+00 | 24  0.00883 -8.84199e+00
 25  0.04366  2.64754e+00 | 26  0.00420  5.95385e-01 | 27 -0.01597 -2.09906e+00
 28 -0.01474 -3.25345e+00 | 29 -0.05445 -3.62420e+00 | 30 -0.02751 -2.07970e-01
 31  0.01917 -2.26026e+00 | 32  0.01455  6.12665e-01 | 33  0.00621 -4.10917e-01
 34 -0.00467 -2.70843e-01 | 35  0.02425  9.15885e-01 | 36 -0.01573  9.08406e-01
 37  0.01058 -3.71490e+00 | 38 -0.00973  1.23951e+00 | 39 -0.04364  4.03880e+00
 40 -0.00888  3.10856e-01 | 41 -0.00295 -9.79563e-01 | 42  0.02446 -9.59504e-01
 43  0.05926 -8.63654e+00 | 44  0.03929  2.92422e+00 | 45 -0.02290  3.08298e-01
 46 -0.02145 -6.74575e+00 | 47  0.01478 -1.67661e-01 | 48 -0.03875 -1.81875e-01
 49 -0.00577  4.10029e+00 | 50  0.01352 -6.22059e+00 | 51  0.05961 -2.63713e+00
 52 -0.02827  3.35713e+00 | 53 -0.01656  5.37879e+00 | 54 -0.01010 -3.09190e-01
 55  0.01960 -1.13983e+00 | 56 -0.00847 -4.37882e-02 | 57  0.02966  3.54417e-01
 58  0.03095  1.33256e+00 | 59  0.01325 -5.41776e+00 | 60  0.03493  4.21695e+00
 61  0.02700 -1.02762e+01 | 62 -0.03556 -3.68969e-01 | 63 -0.02291 -2.33549e+00
 64  0.02132 -2.23294e+00 | 65  0.00022  3.18260e+00 | 66  0.00803 -6.94135e+00
 67 -0.00316  3.38602e+00 | 68  0.00030  9.64315e+00 | 69  0.01357 -5.03029e+00
 70  0.00565 -2.35279e+00 | 71 -0.01531  1.33430e-01 | 72  0.03267 -2.07079e+00
 73 -0.01947  3.36047e-01 | 74 -0.01696 -1.69090e+00 | 75 -0.02715  7.67345e-01
 76 -0.00804  6.28628e-01 | 77  0.02024 -7.39444e-01 | 78 -0.01436 -1.57471e+00
 79 -0.00886  5.53757e+00 | 80  0.01356 -2.63524e+00 | 81  0.02675  5.40851e-01
 82 -0.00553 -5.57795e+00 | 83 -0.00100  6.75694e+00 | 84  0.02160 -1.43164e+00
 85 -0.03841 -3.47341e+00 | 86  0.01591 -2.88894e+00 | 87  0.00035  2.27023e+00
 88  0.05640 -3.21307e+00 | 89  0.02007 -2.81149e+00 | 90 -0.04293  6.61466e+00
 91 -0.01018  3.16570e+00 | 92  0.01103  2.52860e+00 | 93 -0.00465  6.16599e-02
 94  0.00450 -7.57890e+00 | 95 -0.05564  1.41757e+00 | 96  0.00509 -6.45757e+00
 97  0.00722  3.24222e+00 | 98  0.00993  9.07127e-01 | 99  0.01233  3.59889e+00
100  0.01257  4.74501e+00 |101 -0.04586  1.29692e+01 |102 -0.03895 -4.72993e+00
103  0.03767  4.27769e+00 |104 -0.00395 -3.77803e+00 |105  0.00003  3.07812e-01
106  0.00003  3.07947e-01 |107  0.82168 -2.80406e+00 |108 -0.41201  3.20656e+01
109  0.18732 -3.94670e+00 |110 -0.26465  9.12554e+00 |
110 variables; iteration 80; function evaluation 96; phase 5
Function value 2.1938565e+03; maximum gradient component mag -6.2675e+00
Var    Value     Gradient |Var    Value     Gradient |Var    Value     Gradient
  1 -0.39788  7.42438e-01 |  2 -0.41628  7.88435e-01 |  3 -0.42767  2.12160e+00
  4 -0.41370  2.57232e-01 |  5 -0.45675 -2.24203e-01 |  6  0.62951  2.06731e+00
  7  0.01159 -4.90269e-01 |  8  0.01018 -5.46613e-01 |  9 -0.00241 -1.35537e+00
 10  0.00217  2.11591e-01 | 11  0.00707 -3.81795e-01 | 12  0.00326  9.27641e-03
 13 -0.01675  2.45320e-01 | 14 -0.01309  7.87091e-01 | 15 -0.01009  2.81754e-01
 16 -0.01701 -1.50853e-01 | 17  0.00793 -7.16706e-01 | 18 -0.00882 -1.92915e+00
 19  0.00939 -2.04997e+00 | 20 -0.00902  1.19513e+00 | 21 -0.00927  2.07625e+00
 22 -0.02506 -7.70551e-01 | 23 -0.00386  1.05196e+00 | 24  0.00975 -1.57512e+00
 25  0.04363  1.53613e+00 | 26  0.00409 -1.09680e+00 | 27 -0.01565  5.81431e-01
 28 -0.01445 -6.48007e-01 | 29 -0.05399 -1.01052e+00 | 30 -0.02749 -8.01670e-01
 31  0.01933 -6.02267e-01 | 32  0.01469  1.52258e+00 | 33  0.00613 -3.02869e+00
 34 -0.00458 -4.85285e-01 | 35  0.02429  7.75905e-01 | 36 -0.01581 -6.41450e-01
 37  0.01095  1.10941e+00 | 38 -0.00972  3.15610e-01 | 39 -0.04403  2.62737e-01
 40 -0.00886 -9.16933e-01 | 41 -0.00280 -3.79422e-01 | 42  0.02484  4.08260e+00
 43  0.05963  2.78031e-01 | 44  0.03915 -4.53151e-01 | 45 -0.02286  1.17292e-01
 46 -0.02044  2.27503e+00 | 47  0.01520  5.54555e+00 | 48 -0.03850  1.18270e+00
 49 -0.00597  5.91362e-01 | 50  0.01404  6.18197e-01 | 51  0.05972  2.03900e-02
 52 -0.02848  1.08039e+00 | 53 -0.01712 -9.77063e-01 | 54 -0.00999  1.43845e-01
 55  0.01982  2.13312e+00 | 56 -0.00841  4.02867e-01 | 57  0.02958 -1.36142e+00
 58  0.03079 -1.42464e+00 | 59  0.01363  1.86534e+00 | 60  0.03469 -1.25850e+00
 61  0.02727 -2.81258e+00 | 62 -0.03542  1.10141e+00 | 63 -0.02270  2.70918e-01
 64  0.02139 -6.24851e-01 | 65  0.00007 -1.06756e+00 | 66  0.00829 -3.44373e-01
 67 -0.00334 -2.26385e+00 | 68  0.00000  1.65854e-01 | 69  0.01374 -3.59197e-01
 70  0.00572 -1.11167e+00 | 71 -0.01512  3.17515e+00 | 72  0.03273 -4.26929e-01
 73 -0.01939  8.43176e-01 | 74 -0.01682 -9.64803e-02 | 75 -0.02716 -7.32640e-01
 76 -0.00799  2.85567e-01 | 77  0.02031 -4.70628e-01 | 78 -0.01429 -1.48786e+00
 79 -0.00895  2.50270e+00 | 80  0.01365 -6.88708e-01 | 81  0.02675 -6.18135e-01
 82 -0.00511  2.46023e+00 | 83 -0.00140 -4.23055e+00 | 84  0.02169 -7.60472e-02
 85 -0.03816 -9.36430e-01 | 86  0.01602 -1.11250e+00 | 87  0.00041  2.51175e+00
 88  0.05647 -1.65656e-01 | 89  0.02018 -4.05167e-01 | 90 -0.04328  9.66033e-01
 91 -0.01021  1.00127e+00 | 92  0.01093 -2.00797e+00 | 93 -0.00454  2.25257e+00
 94  0.00469 -1.74099e+00 | 95 -0.05569  8.03525e-01 | 96  0.00536  9.43476e-01
 97  0.00682 -6.26746e+00 | 98  0.00968 -4.83064e+00 | 99  0.01213  6.77288e-01
100  0.01259  5.20670e+00 |101 -0.04813 -1.08341e+00 |102 -0.03793  6.06911e-01
103  0.03674 -4.55750e-01 |104 -0.00111  2.61614e-01 |105  0.00035  3.48417e-01
106  0.00035  3.47875e-01 |107  0.81954  2.63010e-02 |108 -0.41234  1.13808e-02
109  0.18738 -2.09768e-01 |110 -0.26468  2.70808e-01 |
110 variables; iteration 100; function evaluation 123; phase 5
Function value 2.1938476e+03; maximum gradient component mag -1.5945e+00
Var    Value     Gradient |Var    Value     Gradient |Var    Value     Gradient
  1 -0.39800 -1.11333e-01 |  2 -0.41628 -7.74063e-01 |  3 -0.42768 -2.48825e-01
  4 -0.41370 -3.99731e-02 |  5 -0.45668 -5.14322e-02 |  6  0.62942 -1.44373e-01
  7  0.01178  9.72166e-02 |  8  0.01083  5.07114e-01 |  9 -0.00194 -5.54169e-01
 10  0.00244  7.06606e-01 | 11  0.00726 -1.99790e-03 | 12  0.00307 -2.77669e-01
 13 -0.01680  2.09472e-01 | 14 -0.01343  1.08085e-01 | 15 -0.01055 -7.30029e-01
 16 -0.01694  5.23510e-02 | 17  0.00808 -1.89140e-01 | 18 -0.00829 -2.17279e-01
 19  0.00967 -9.23054e-01 | 20 -0.00929  9.60467e-02 | 21 -0.00976 -1.97800e-01
 22 -0.02468  8.36962e-01 | 23 -0.00425 -1.59448e+00 | 24  0.00999  2.81834e-01
 25  0.04364  1.16137e+00 | 26  0.00422  1.84568e-01 | 27 -0.01567  1.53048e-01
 28 -0.01440 -4.00269e-01 | 29 -0.05399 -1.16554e+00 | 30 -0.02740 -8.67753e-02
 31  0.01942  5.79658e-01 | 32  0.01458 -7.47034e-01 | 33  0.00636 -1.52584e-01
 34 -0.00456 -4.21854e-01 | 35  0.02434  1.22165e+00 | 36 -0.01579 -6.55832e-01
 37  0.01090 -1.36916e-01 | 38 -0.00971  7.25801e-02 | 39 -0.04400  3.84002e-01
 40 -0.00875  2.55024e-01 | 41 -0.00273  2.39554e-01 | 42  0.02467  9.84649e-01
 43  0.05964 -3.82007e-02 | 44  0.03919  1.00097e-01 | 45 -0.02288 -1.39231e-01
 46 -0.02065  8.79259e-02 | 47  0.01491  3.92549e-01 | 48 -0.03860  2.01804e-01
 49 -0.00601 -8.17935e-02 | 50  0.01403  1.51758e-01 | 51  0.05974 -1.96059e-02
 52 -0.02855  3.23689e-01 | 53 -0.01702 -1.87888e-01 | 54 -0.00994  3.58738e-01
 55  0.01975  3.48551e-01 | 56 -0.00841  6.31839e-02 | 57  0.02969  9.35396e-02
 58  0.03089 -1.24890e-01 | 59  0.01358  1.57412e-01 | 60  0.03477 -1.38594e-01
 61  0.02741 -2.59458e-01 | 62 -0.03546  2.81049e-01 | 63 -0.02264  6.95791e-01
 64  0.02144 -2.45726e-02 | 65  0.00014 -1.62410e-02 | 66  0.00834  1.21630e-01
 67 -0.00323 -2.85492e-01 | 68  0.00003  1.65795e-01 | 69  0.01379  3.28087e-02
 70  0.00579 -6.59255e-02 | 71 -0.01522  4.63651e-01 | 72  0.03278  8.99877e-02
 73 -0.01945 -9.45704e-01 | 74 -0.01681 -6.15473e-01 | 75 -0.02710 -1.74548e-01
 76 -0.00797  1.60841e-01 | 77  0.02035 -4.86330e-03 | 78 -0.01419 -1.39549e-02
 79 -0.00902  5.68430e-02 | 80  0.01371  4.12509e-02 | 81  0.02680 -6.44875e-03
 82 -0.00518  4.89005e-01 | 83 -0.00121 -3.62740e-01 | 84  0.02171  7.94564e-02
 85 -0.03809 -1.80019e-01 | 86  0.01608 -1.77974e-01 | 87  0.00038  1.14901e+00
 88  0.05650 -1.66361e-02 | 89  0.02023 -2.37248e-05 | 90 -0.04332  1.24094e-01
 91 -0.01021  1.75670e-01 | 92  0.01103 -1.57571e-01 | 93 -0.00459  2.52476e-01
 94  0.00478 -1.74210e-01 | 95 -0.05565  9.59630e-01 | 96  0.00536  1.90809e-01
 97  0.00705 -9.95507e-01 | 98  0.00991  2.43140e-01 | 99  0.01213 -1.57216e-01
100  0.01234 -3.73311e-01 |101 -0.04801 -6.22848e-01 |102 -0.03805 -1.06140e-01
103  0.03684  7.80635e-02 |104 -0.00125  1.16624e-01 |105 -0.00015 -3.41168e-01
106 -0.00015 -3.40799e-01 |107  0.81956 -2.78181e-02 |108 -0.41234  6.51479e-02
109  0.18740  1.01119e-01 |110 -0.26467 -9.75768e-03 |

 - final statistics:
110 variables; iteration 120; function evaluation 159
Function value 2.1938e+03; maximum gradient component mag -9.5270e-05
Exit code = 1;  converg criter 1.0000e-04
Var    Value     Gradient |Var    Value     Gradient |Var    Value     Gradient
  1 -0.39798 -2.62673e-05 |  2 -0.41628 -9.52700e-05 |  3 -0.42768 -7.58279e-05
  4 -0.41368 -6.14196e-06 |  5 -0.45668 -1.48855e-06 |  6  0.62945 -1.35087e-05
  7  0.01173  4.54984e-07 |  8  0.01050  5.37246e-08 |  9 -0.00159  8.72387e-08
 10  0.00204  1.11166e-07 | 11  0.00726  1.23088e-07 | 12  0.00321  6.52645e-07
 13 -0.01692  5.81990e-07 | 14 -0.01349  7.19288e-07 | 15 -0.01024  7.67147e-07
 16 -0.01698  5.41891e-07 | 17  0.00812  7.47202e-07 | 18 -0.00823  7.04204e-07
 19  0.00986  1.07213e-06 | 20 -0.00933  9.74761e-07 | 21 -0.00973  8.52970e-07
 22 -0.02489  7.66024e-07 | 23 -0.00401  1.72747e-06 | 24  0.00995  1.66330e-06
 25  0.04357  4.25072e-06 | 26  0.00420  2.43093e-06 | 27 -0.01569  1.20320e-06
 28 -0.01438  2.96254e-07 | 29 -0.05383  5.02453e-07 | 30 -0.02740  5.12300e-07
 31  0.01938  1.42410e-06 | 32  0.01461  2.13750e-06 | 33  0.00636  5.98386e-07
 34 -0.00453  2.00361e-07 | 35  0.02426  2.17884e-06 | 36 -0.01573  1.35072e-06
 37  0.01090  1.49783e-06 | 38 -0.00973  9.01852e-07 | 39 -0.04406  2.67021e-07
 40 -0.00878 -3.51074e-07 | 41 -0.00276  4.68671e-07 | 42  0.02460  8.02081e-08
 43  0.05963  1.08618e-06 | 44  0.03917  2.22296e-06 | 45 -0.02288  9.02677e-07
 46 -0.02067  9.71272e-07 | 47  0.01487  3.86326e-07 | 48 -0.03864  6.35348e-07
 49 -0.00602  3.92819e-07 | 50  0.01401 -6.96239e-07 | 51  0.05973  1.73449e-07
 52 -0.02860  4.50481e-07 | 53 -0.01701  5.20502e-07 | 54 -0.00998 -8.42231e-07
 55  0.01973 -4.90265e-07 | 56 -0.00842  9.71045e-07 | 57  0.02968 -1.48846e-06
 58  0.03089 -1.01618e-06 | 59  0.01357  3.57009e-07 | 60  0.03477 -2.33178e-06
 61  0.02742 -2.01488e-06 | 62 -0.03549 -2.73129e-07 | 63 -0.02269 -1.61148e-06
 64  0.02143 -9.07093e-07 | 65  0.00013 -2.15330e-06 | 66  0.00832 -1.96823e-06
 67 -0.00323 -8.61035e-07 | 68  0.00001 -7.62190e-07 | 69  0.01378 -2.75047e-06
 70  0.00578 -8.81396e-07 | 71 -0.01526 -5.85185e-07 | 72  0.03277 -1.03369e-06
 73 -0.01942  9.06778e-08 | 74 -0.01680  1.58491e-07 | 75 -0.02711 -1.13169e-06
 76 -0.00799 -7.34947e-07 | 77  0.02034 -5.09666e-08 | 78 -0.01421  3.82776e-07
 79 -0.00904 -5.49478e-07 | 80  0.01369 -1.58267e-06 | 81  0.02679 -1.92459e-06
 82 -0.00521  8.55060e-07 | 83 -0.00121 -1.82823e-07 | 84  0.02170 -6.10207e-07
 85 -0.03809 -6.31457e-07 | 86  0.01608 -1.23013e-06 | 87  0.00032 -1.46728e-06
 88  0.05649 -2.01064e-06 | 89  0.02022  1.68805e-07 | 90 -0.04334 -3.24883e-07
 91 -0.01023 -4.81724e-07 | 92  0.01102 -2.70095e-07 | 93 -0.00461  6.54117e-07
 94  0.00478 -1.26434e-06 | 95 -0.05574 -2.31608e-08 | 96  0.00534 -1.90695e-06
 97  0.00708 -1.87507e-06 | 98  0.00989 -1.80777e-06 | 99  0.01214 -7.75841e-07
100  0.01235  1.23573e-06 |101 -0.04791  7.35029e-07 |102 -0.03803 -1.10742e-06
103  0.03683 -2.30365e-06 |104 -0.00132  5.88086e-07 |105  0.00007  4.92656e-07
106  0.00007  4.91345e-07 |107  0.81956  8.32045e-06 |108 -0.41234 -4.98522e-05
109  0.18739  9.83349e-06 |110 -0.26468 -1.86713e-05 |

 - final statistics:
122 variables; iteration 0; function evaluation 0
Function value 2.1938e+03; maximum gradient component mag -9.5270e-05
Exit code = 0;  converg criter 1.0000e-04
Var    Value     Gradient |Var    Value     Gradient |Var    Value     Gradient
  1 -0.39798 -2.62673e-05 |  2 -0.41628 -9.52700e-05 |  3 -0.42768 -7.58278e-05
  4 -0.41368 -6.14196e-06 |  5 -0.45668 -1.48854e-06 |  6  0.62945 -1.35089e-05
  7  0.01173  4.54984e-07 |  8  0.01050  5.37246e-08 |  9 -0.00159  8.72387e-08
 10  0.00204  1.11166e-07 | 11  0.00726  1.23088e-07 | 12  0.00321  6.55493e-07
 13 -0.01692  5.84837e-07 | 14 -0.01349  7.22135e-07 | 15 -0.01024  7.69995e-07
 16 -0.01698  5.44738e-07 | 17  0.00812  7.50049e-07 | 18 -0.00823  7.07051e-07
 19  0.00986  1.07497e-06 | 20 -0.00933  9.77608e-07 | 21 -0.00973  8.55817e-07
 22 -0.02489  7.68869e-07 | 23 -0.00401  1.73032e-06 | 24  0.00995  1.66614e-06
 25  0.04357  4.25356e-06 | 26  0.00420  2.43378e-06 | 27 -0.01569  1.20604e-06
 28 -0.01438  2.99100e-07 | 29 -0.05383  5.05290e-07 | 30 -0.02740  5.15144e-07
 31  0.01938  1.42695e-06 | 32  0.01461  2.14034e-06 | 33  0.00636  6.01233e-07
 34 -0.00453  2.03207e-07 | 35  0.02426  2.18168e-06 | 36 -0.01573  1.35356e-06
 37  0.01090  1.50067e-06 | 38 -0.00973  9.04697e-07 | 39 -0.04406  2.69861e-07
 40 -0.00878 -3.48228e-07 | 41 -0.00276  4.71517e-07 | 42  0.02460  8.30508e-08
 43  0.05963  1.08901e-06 | 44  0.03917  2.22579e-06 | 45 -0.02288  9.05520e-07
 46 -0.02067  9.74115e-07 | 47  0.01487  3.89168e-07 | 48 -0.03864  6.38188e-07
 49 -0.00602  3.95663e-07 | 50  0.01401 -6.93396e-07 | 51  0.05973  1.76273e-07
 52 -0.02860  4.53322e-07 | 53 -0.01701  5.23345e-07 | 54 -0.00998 -8.39388e-07
 55  0.01973 -4.87426e-07 | 56 -0.00842  9.73887e-07 | 57  0.02968 -1.48562e-06
 58  0.03089 -1.01335e-06 | 59  0.01357  3.59847e-07 | 60  0.03477 -2.32895e-06
 61  0.02742 -2.01205e-06 | 62 -0.03549 -2.70291e-07 | 63 -0.02269 -1.60864e-06
 64  0.02143 -9.04261e-07 | 65  0.00013 -2.15047e-06 | 66  0.00832 -1.96539e-06
 67 -0.00323 -8.58196e-07 | 68  0.00001 -7.59351e-07 | 69  0.01378 -2.74764e-06
 70  0.00578 -8.78560e-07 | 71 -0.01526 -5.82346e-07 | 72  0.03277 -1.03087e-06
 73 -0.01942  9.35162e-08 | 74 -0.01680  1.61330e-07 | 75 -0.02711 -1.12885e-06
 76 -0.00799 -7.32108e-07 | 77  0.02034 -4.81322e-08 | 78 -0.01421  3.85616e-07
 79 -0.00904 -5.46639e-07 | 80  0.01369 -1.57983e-06 | 81  0.02679 -1.92176e-06
 82 -0.00521  8.57899e-07 | 83 -0.00121 -1.79983e-07 | 84  0.02170 -6.07372e-07
 85 -0.03809 -6.28618e-07 | 86  0.01608 -1.22729e-06 | 87  0.00032 -1.46443e-06
 88  0.05649 -2.00782e-06 | 89  0.02022  1.71640e-07 | 90 -0.04334 -3.22045e-07
 91 -0.01023 -4.78883e-07 | 92  0.01102 -2.67253e-07 | 93 -0.00461  6.56960e-07
 94  0.00478 -1.26150e-06 | 95 -0.05574 -2.03252e-08 | 96  0.00534 -1.90410e-06
 97  0.00708 -1.87223e-06 | 98  0.00989 -1.80492e-06 | 99  0.01214 -7.72995e-07
100  0.01235  1.23858e-06 |101 -0.04791  7.37869e-07 |102 -0.03803 -1.10458e-06
103  0.03683 -2.30080e-06 |104 -0.00132  5.90933e-07 |105  0.00007  4.95504e-07
106  0.00007  4.94193e-07 |107  0.00000  0.00000e+00 |108  0.00000  0.00000e+00
109  0.00000  0.00000e+00 |110  0.00000  0.00000e+00 |111  0.00000  0.00000e+00
112  0.00000  0.00000e+00 |113  0.00000  0.00000e+00 |114  0.00000  0.00000e+00
115  0.00000  0.00000e+00 |116  0.00000  0.00000e+00 |117  0.00000  0.00000e+00
118  0.00000  0.00000e+00 |119  0.81956  8.32043e-06 |120 -0.41234 -4.98521e-05
121  0.18739  9.83348e-06 |122 -0.26468 -1.86713e-05 |
size of file gradfil1.tmp = 0
size of file gradfil2.tmp = 0
size of file varssave.tmp = 0
size of file cmpdiff.tmp = 0
