
Initial statistics: 1 variables; iteration 0; function evaluation 0; phase 1
Function value 2.8749903e+03; maximum gradient component mag -5.0751e+03
Var    Value     Gradient |Var    Value     Gradient |Var    Value     Gradient
  1  0.63197 -5.07515e+03 |

 - final statistics:
1 variables; iteration 4; function evaluation 7
Function value 2.8572e+03; maximum gradient component mag -3.5967e-01
Exit code = 1;  converg criter 1.0000e+01
Var    Value     Gradient |Var    Value     Gradient |Var    Value     Gradient
  1  0.63950 -3.59673e-01 |

Initial statistics: 98 variables; iteration 0; function evaluation 0; phase 2
Function value 2.8571618e+03; maximum gradient component mag -1.7113e+03
Var    Value     Gradient |Var    Value     Gradient |Var    Value     Gradient
  1  0.63950 -3.59673e-01 |  2  0.00000 -2.85136e+01 |  3  0.00000 -2.07901e+01
  4  0.00000 -7.43008e+01 |  5  0.00000 -1.24653e+01 |  6  0.00000 -2.96201e+01
  7  0.00000  4.81790e+00 |  8  0.00000  3.24044e+01 |  9  0.00000 -4.46966e+01
 10  0.00000  6.92487e+01 | 11  0.00000  8.27360e+01 | 12  0.00000  2.16179e+01
 13  0.00000 -7.90323e+01 | 14  0.00000  2.53239e+02 | 15  0.00000  3.31797e+02
 16  0.00000  2.69050e+02 | 17  0.00000 -3.87712e+01 | 18  0.00000 -1.57423e+02
 19  0.00000  2.21899e+02 | 20  0.00000  2.35304e+02 | 21  0.00000 -3.54908e+02
 22  0.00000 -4.83714e+02 | 23  0.00000  2.25476e+02 | 24  0.00000 -5.66097e+02
 25  0.00000  2.14835e+02 | 26  0.00000 -2.02635e+02 | 27  0.00000 -1.23752e+03
 28  0.00000 -9.74886e+02 | 29  0.00000 -3.96292e+01 | 30  0.00000  9.39993e+01
 31  0.00000  3.23512e+01 | 32  0.00000  9.86282e+01 | 33  0.00000  5.10054e+01
 34  0.00000  4.85287e+02 | 35  0.00000  4.96979e+02 | 36  0.00000  3.37144e+02
 37  0.00000 -4.56948e+01 | 38  0.00000 -7.24507e+02 | 39  0.00000  1.72652e+02
 40  0.00000 -6.27375e+02 | 41  0.00000 -1.12200e+03 | 42  0.00000  1.21374e+02
 43  0.00000 -4.44000e+02 | 44  0.00000  4.58927e+02 | 45  0.00000  1.10932e+02
 46  0.00000  4.10209e+02 | 47  0.00000  5.02548e+02 | 48  0.00000  1.47316e+02
 49  0.00000  5.79902e+02 | 50  0.00000  1.04120e+03 | 51  0.00000 -2.89180e+02
 52  0.00000  1.28643e+02 | 53  0.00000  7.35305e+02 | 54  0.00000  6.09081e+02
 55  0.00000  7.32455e+02 | 56  0.00000 -3.56099e+01 | 57  0.00000  7.14479e+02
 58  0.00000 -1.58999e+02 | 59  0.00000 -1.71131e+03 | 60  0.00000 -6.15605e+02
 61  0.00000  1.13803e+03 | 62  0.00000  8.94436e+02 | 63  0.00000  2.28638e+02
 64  0.00000 -9.22762e+01 | 65  0.00000  6.82181e+02 | 66  0.00000 -5.25628e+02
 67  0.00000  7.56659e+02 | 68  0.00000  3.64546e+02 | 69  0.00000 -1.09552e+02
 70  0.00000  3.14357e+02 | 71  0.00000 -1.70087e+02 | 72  0.00000 -9.62623e+02
 73  0.00000 -2.29102e+02 | 74  0.00000  1.17022e+02 | 75  0.00000 -3.15041e+02
 76  0.00000 -9.12747e+02 | 77  0.00000  2.59590e+02 | 78  0.00000 -1.61771e+02
 79  0.00000 -3.41130e+02 | 80  0.00000 -2.85519e+02 | 81  0.00000 -7.27547e+02
 82  0.00000  4.99764e+02 | 83  0.00000  4.45784e+01 | 84  0.00000  7.52243e+02
 85  0.00000  1.65395e+02 | 86  0.00000 -1.09070e+03 | 87  0.00000  4.17582e+02
 88  0.00000 -1.09774e+03 | 89  0.00000  1.95792e+02 | 90  0.00000 -7.28765e+01
 91  0.00000  1.59256e+02 | 92  0.00000  2.01286e+02 | 93  0.00000  2.33051e-02
 94  0.00000  2.33505e+00 | 95  0.00000 -1.46075e+00 | 96  0.00000 -1.46085e+00
 97  0.81654  6.80656e+01 | 98  0.22185  1.41300e+02 |

Intermediate statistics: 98 variables; iteration 20; function evaluation 31; phase 2
Function value 2.4354164e+03; maximum gradient component mag 1.2378e+03
Var    Value     Gradient |Var    Value     Gradient |Var    Value     Gradient
  1  0.62330  1.23782e+03 |  2  0.01540 -3.01358e+01 |  3  0.00296 -4.93516e+01
  4 -0.01704 -1.48002e+02 |  5  0.00103 -4.57807e+01 |  6  0.00530 -5.11499e+01
  7  0.00156 -2.76336e+01 |  8 -0.01359 -5.39781e+01 |  9  0.02606  4.13453e+01
 10 -0.04402 -1.41935e+02 | 11 -0.03953 -1.36290e+02 | 12  0.00599  1.15235e+01
 13  0.01382 -2.70712e+01 | 14 -0.02160  4.61760e+01 | 15 -0.01741  1.29051e+02
 16 -0.02743 -2.86867e+01 | 17  0.00147 -7.29408e+01 | 18  0.01519 -2.05340e+00
 19 -0.01415  2.01819e+01 | 20 -0.01554  2.10060e+01 | 21  0.02185 -5.70798e+01
 22  0.02853 -8.77125e+01 | 23 -0.02533 -3.96629e+01 | 24  0.03953 -3.61739e+01
 25 -0.02798 -5.72693e+01 | 26  0.01127 -6.70856e+01 | 27  0.06018 -2.36121e+02
 28  0.04322 -3.12639e+02 | 29  0.00140 -2.32111e+01 | 30 -0.00536  9.46571e-01
 31 -0.00582 -7.87525e+01 | 32 -0.00547 -1.63732e+01 | 33  0.00364  5.34021e+01
 34 -0.02509  1.15750e+02 | 35 -0.02601  1.14559e+02 | 36 -0.01847  5.52545e+01
 37  0.00699  1.33126e+01 | 38  0.04480  3.55173e+01 | 39 -0.01089  4.29299e+01
 40  0.03236 -1.51590e+02 | 41  0.05195 -2.27207e+02 | 42 -0.01346 -5.25421e+01
 43  0.02754 -5.29521e+01 | 44 -0.02187  1.03179e+02 | 45  0.00083  1.82641e+01
 46 -0.00430  2.29494e+02 | 47 -0.01292  1.79397e+02 | 48  0.01335  3.34064e+02
 49 -0.00010  4.68190e+02 | 50 -0.03158  3.59199e+02 | 51  0.01499 -2.06361e+01
 52  0.00585  1.52522e+02 | 53 -0.00788  3.71540e+02 | 54 -0.00204  3.49453e+02
 55 -0.00701  3.35469e+02 | 56  0.01359  2.30305e+02 | 57 -0.00280  4.71734e+02
 58  0.01515  1.74916e+02 | 59  0.02602 -9.92147e+02 | 60  0.01260 -3.86444e+02
 61 -0.00922  6.84061e+02 | 62 -0.00008  6.75717e+02 | 63  0.00620  2.32185e+02
 64  0.00777 -2.73661e+01 | 65 -0.00669  3.34795e+02 | 66  0.01181 -3.38876e+02
 67 -0.00727  4.06673e+02 | 68 -0.00393  8.57926e+01 | 69  0.00691 -9.06315e+01
 70 -0.00215  1.17282e+02 | 71  0.00675 -1.22131e+02 | 72  0.02035 -5.16719e+02
 73  0.00600 -2.04745e+02 | 74  0.00013 -1.66250e+01 | 75  0.00899 -2.21466e+02
 76  0.01870 -5.43830e+02 | 77 -0.00091  1.12943e+02 | 78  0.00840 -8.55353e+01
 79  0.01093 -1.84139e+02 | 80  0.01000 -1.40581e+02 | 81  0.01603 -4.39476e+02
 82 -0.00357  2.71675e+02 | 83  0.01133  1.52553e+02 | 84 -0.01321  2.64679e+02
 85 -0.00102 -2.18885e+01 | 86  0.03013 -4.61365e+02 | 87 -0.00460  2.67246e+02
 88  0.04464 -1.61512e+02 | 89 -0.01068 -4.10839e+01 | 90  0.00685 -1.37163e+02
 91 -0.00434 -9.11438e+00 | 92 -0.00749  5.32503e+01 | 93  0.00271 -4.10377e+01
 94 -0.12517 -2.22064e+02 | 95 -0.06629 -1.36430e+02 | 96 -0.06629 -1.36427e+02
 97  0.81738  7.18536e+01 | 98  0.22196  1.78336e+02 |
98 variables; iteration 40; function evaluation 54; phase 2
Function value 2.3343109e+03; maximum gradient component mag 3.0190e+03
Var    Value     Gradient |Var    Value     Gradient |Var    Value     Gradient
  1  0.63664  3.01898e+03 |  2  0.02742 -4.58353e+01 |  3  0.00963 -7.87358e+01
  4  0.04887 -5.41591e+00 |  5 -0.00683 -1.09397e+02 |  6 -0.00351 -1.16298e+02
  7 -0.00696 -9.56428e+01 |  8  0.00162 -3.55035e+01 |  9 -0.00983 -1.60523e+02
 10  0.00711  3.60449e+01 | 11 -0.00650 -2.51230e+01 | 12 -0.01338 -1.32366e+02
 13 -0.00098 -1.61056e+02 | 14 -0.06846 -2.18524e+02 | 15 -0.06063 -1.57440e+02
 16 -0.02312 -2.06550e+01 | 17  0.00402 -3.64785e+01 | 18  0.00399 -1.42512e+02
 19 -0.02761 -1.20046e+02 | 20 -0.02906 -1.17344e+02 | 21  0.01896 -5.75075e+01
 22  0.02953 -9.92266e+00 | 23 -0.02454 -4.59139e+01 | 24  0.03889  1.23177e+01
 25 -0.01638  2.68232e+01 | 26  0.01258 -2.77075e+01 | 27  0.06341 -2.47712e+01
 28  0.05459  3.91974e+01 | 29 -0.00556 -8.56260e+01 | 30 -0.01170 -5.62786e+01
 31  0.00058  2.45130e+01 | 32 -0.00793 -3.10270e+01 | 33 -0.00561 -6.60184e+01
 34 -0.04370 -7.66584e+01 | 35 -0.04323 -6.33667e+01 | 36 -0.02451 -1.50677e+01
 37  0.00271 -2.30627e+01 | 38  0.04143  5.26313e+01 | 39 -0.02128 -5.45324e+01
 40  0.03989  1.01177e+02 | 41  0.06043  1.78541e+02 | 42 -0.00060  1.31697e+02
 43  0.03019  1.01691e+02 | 44 -0.03023  2.53041e+01 | 45  0.00316  1.07873e+02
 46 -0.01855  4.96845e+01 | 47 -0.02074  9.15814e+01 | 48  0.00203  1.51600e+02
 49 -0.02331  8.68539e+01 | 50 -0.05991  3.20826e+01 | 51  0.01737  2.17853e+02
 52 -0.00071  1.01954e+02 | 53 -0.02594  3.58452e+01 | 54 -0.01806 -1.46078e+01
 55 -0.02467 -3.77396e+01 | 56  0.00650  9.65541e+01 | 57 -0.01791  1.69624e+02
 58  0.01519  3.61097e+02 | 59  0.04427  1.85819e+02 | 60  0.02081  9.15177e+01
 61 -0.04201  4.65118e+01 | 62 -0.02533  6.44761e+01 | 63  0.00167  2.01541e+02
 64  0.00709  1.05702e+02 | 65 -0.02394  2.56229e+01 | 66  0.01746  3.71178e+01
 67 -0.03329 -5.27947e+01 | 68 -0.00925  4.37602e+01 | 69  0.00663  4.31452e+01
 70 -0.01087  1.83692e+01 | 71  0.00916  1.01546e+02 | 72  0.02670 -7.53747e+01
 73  0.01071  7.73110e+01 | 74 -0.00264  3.19961e+01 | 75  0.01278  4.32274e+01
 76  0.02772 -3.90097e+01 | 77 -0.00836  4.88881e+01 | 78  0.00728  1.15904e+01
 79  0.01497  9.55524e+01 | 80  0.00988  5.88201e+00 | 81  0.02270 -7.41879e+01
 82 -0.01999 -2.25267e+01 | 83  0.00023 -1.13543e+02 | 84 -0.03217 -6.77563e+01
 85 -0.00312 -2.13664e+01 | 86  0.04243  9.28389e+01 | 87 -0.04036 -2.03505e+02
 88  0.05043  1.09337e+02 | 89 -0.01441 -8.86755e+01 | 90  0.01119 -8.47464e+01
 91 -0.01608 -1.44550e+02 | 92 -0.01915 -7.19545e+01 | 93 -0.00534 -1.13590e+02
 94  0.05076 -3.96164e+00 | 95  0.03666 -3.51313e+01 | 96  0.03666 -3.51324e+01
 97  0.80460  4.51278e+01 | 98  0.21301 -6.47612e+01 |
98 variables; iteration 60; function evaluation 82; phase 2
Function value 2.3082083e+03; maximum gradient component mag 6.3175e+02
Var    Value     Gradient |Var    Value     Gradient |Var    Value     Gradient
  1  0.62912  6.31749e+02 |  2  0.02026  3.44370e+00 |  3  0.00005 -3.40065e+01
  4  0.03207  6.35756e-01 |  5  0.00429 -1.27722e+01 |  6  0.01480  5.30392e+00
  7 -0.00239 -1.58567e+01 |  8 -0.00067  1.73757e+01 |  9  0.00202 -4.83759e+01
 10 -0.01135  3.21186e+00 | 11 -0.01300 -5.08504e-02 | 12 -0.00581 -3.16245e+01
 13  0.00727 -4.68465e+01 | 14 -0.04933 -7.54815e+01 | 15 -0.04905 -3.96293e+01
 16 -0.02518  1.52298e+01 | 17  0.00390 -3.24439e+00 | 18  0.01036 -2.39381e+01
 19 -0.02364 -3.70643e+01 | 20 -0.02494 -3.45788e+01 | 21  0.02048 -2.09980e+01
 22  0.02930 -1.22557e+01 | 23 -0.02382  3.97669e+00 | 24  0.03786 -1.51408e+01
 25 -0.02441 -1.42500e+00 | 26  0.01290 -4.52697e+00 | 27  0.06623 -2.49040e-01
 28  0.05411 -1.50514e+01 | 29 -0.00407 -4.74096e+01 | 30 -0.01042 -2.13042e+01
 31 -0.00271 -1.12290e+01 | 32 -0.00853 -2.76972e+01 | 33 -0.00336 -2.83484e+01
 34 -0.03931 -4.67526e+00 | 35 -0.03983 -1.56635e+00 | 36 -0.02505 -1.38761e+00
 37  0.00484 -8.00965e+00 | 38  0.04335  4.17890e+00 | 39 -0.01614  9.14342e-01
 40  0.04030  3.37520e+00 | 41  0.06031 -1.76502e+01 | 42 -0.00621  2.92171e+01
 43  0.03175  1.30550e+01 | 44 -0.02956  2.28178e+01 | 45  0.00149  4.31766e+00
 46 -0.01757  1.83833e+01 | 47 -0.02076  4.29397e+01 | 48  0.00085  1.54246e+01
 49 -0.02431  1.29292e+01 | 50 -0.05880  3.73301e+01 | 51  0.01581 -2.27752e+01
 52  0.00112  1.53816e+01 | 53 -0.02594 -2.32179e+01 | 54 -0.01699 -5.82757e+01
 55 -0.02155 -2.14816e+01 | 56  0.00709 -1.22942e+01 | 57 -0.02011  5.54752e+01
 58  0.01046  4.89273e+01 | 59  0.04537 -2.84246e+01 | 60  0.02207 -1.59378e+01
 61 -0.04146  4.37540e+01 | 62 -0.02500  3.42156e+01 | 63 -0.00095  3.10673e+01
 64  0.00791  3.25017e+01 | 65 -0.02228  3.30145e+01 | 66  0.01982  2.13414e+01
 67 -0.02904  1.53973e+01 | 68 -0.00813  3.29306e+01 | 69  0.00776  8.38950e+00
 70 -0.00821  4.64401e+01 | 71  0.00939  4.85020e+01 | 72  0.03061 -2.22266e+01
 73  0.01162  5.15737e+01 | 74 -0.00138  3.53629e+01 | 75  0.01429  4.12707e+01
 76  0.03086  7.80088e+00 | 77 -0.00797  5.09848e+01 | 78  0.00878  2.54160e+01
 79  0.01518  6.46263e+01 | 80  0.01007 -8.48254e+00 | 81  0.02521 -1.97252e+01
 82 -0.01964  1.08201e+01 | 83  0.00404 -5.20485e-01 | 84 -0.03092 -6.58843e+00
 85 -0.00299  6.18889e+00 | 86  0.04124  3.81834e+01 | 87 -0.03213 -6.08704e+01
 88  0.04763  2.05149e+01 | 89 -0.01303 -1.81132e+01 | 90  0.01148 -2.21614e+01
 91 -0.01450 -6.59809e+01 | 92 -0.02113 -1.43889e+01 | 93 -0.00086 -2.47322e+01
 94  0.02681  2.85465e+01 | 95  0.00036 -1.86025e+01 | 96  0.00036 -1.86074e+01
 97  0.81366  2.99916e+01 | 98  0.21438 -5.78481e+01 |
Maximum number of function evaluations exceeded

 - final statistics:
98 variables; iteration 72; function evaluation 100
Function value 2.3048e+03; maximum gradient component mag 1.6855e+02
Exit code = 3;  converg criter 1.0000e+01
Var    Value     Gradient |Var    Value     Gradient |Var    Value     Gradient
  1  0.62713  1.68549e+02 |  2  0.01367  5.71687e-01 |  3  0.00776 -3.48148e+00
  4  0.02781 -6.90039e-01 |  5  0.00628  4.66277e+00 |  6  0.00695 -8.32099e+00
  7 -0.00236 -4.01664e+00 |  8 -0.00780  2.39104e+00 |  9  0.00712 -1.41822e+01
 10 -0.01606 -5.60626e+00 | 11 -0.01327  9.61787e+00 | 12 -0.00234 -4.83060e-01
 13  0.01025 -1.40703e+01 | 14 -0.04004 -1.96730e+01 | 15 -0.04563 -1.06343e+01
 16 -0.02890 -3.23767e+00 | 17  0.00382 -4.35361e-01 | 18  0.01137 -7.56820e+00
 19 -0.02266 -2.07891e+01 | 20 -0.02411 -1.95174e+01 | 21  0.02166 -7.60886e-01
 22  0.02965 -8.09872e+00 | 23 -0.02601 -6.15796e+00 | 24  0.03871 -2.63248e+00
 25 -0.02454  4.99853e+00 | 26  0.01313  1.77525e-01 | 27  0.06665 -4.01144e+00
 28  0.05490 -7.45982e+00 | 29 -0.00101 -1.03334e+01 | 30 -0.00938 -6.67637e+00
 31 -0.00302 -1.33097e+01 | 32 -0.00730 -1.13380e+01 | 33 -0.00161 -5.16785e+00
 34 -0.04024 -7.34701e+00 | 35 -0.04042 -1.90423e+00 | 36 -0.02547 -3.24388e+00
 37  0.00530 -5.81531e+00 | 38  0.04388 -1.75901e+00 | 39 -0.01630  8.53824e-01
 40  0.04053 -8.84697e+00 | 41  0.06152 -1.67062e+01 | 42 -0.00849  1.34209e+00
 43  0.03216 -3.32174e-02 | 44 -0.03118  7.60474e+00 | 45  0.00240  5.87614e+00
 46 -0.01829  2.13993e+00 | 47 -0.02255  1.26106e+01 | 48  0.00154  9.73385e+00
 49 -0.02392  9.58542e+00 | 50 -0.06082  1.94613e+01 | 51  0.01763 -7.75408e-01
 52  0.00152  5.90465e+00 | 53 -0.02431 -7.97326e-01 | 54 -0.01508 -2.50316e+01
 55 -0.02053 -1.16506e+01 | 56  0.00810 -7.48715e+00 | 57 -0.02064  3.04288e+01
 58  0.01030  1.72017e+01 | 59  0.04693  3.27769e-01 | 60  0.02332 -5.00647e-01
 61 -0.04243  2.48766e+01 | 62 -0.02538  1.47785e+01 | 63 -0.00093  7.27802e+00
 64  0.00809  1.03575e+01 | 65 -0.02271  1.22200e+01 | 66  0.02037  9.31155e+00
 67 -0.02864  1.42577e+01 | 68 -0.00866  4.23302e+00 | 69  0.00851  3.81832e+00
 70 -0.00926  8.24648e+00 | 71  0.00909  1.56003e+01 | 72  0.03181 -1.09408e+01
 73  0.01108  1.39767e+01 | 74 -0.00138  1.98312e+01 | 75  0.01409  1.21001e+01
 76  0.03154  3.42200e-01 | 77 -0.00922  1.28451e+01 | 78  0.00891  9.70229e+00
 79  0.01438  1.91116e+01 | 80  0.01058 -7.68390e+00 | 81  0.02619 -4.74311e+00
 82 -0.01982  6.66581e+00 | 83  0.00444  1.83596e+00 | 84 -0.03096 -4.38526e+00
 85 -0.00262  1.07142e+01 | 86  0.04090  1.14102e+01 | 87 -0.02940 -2.38864e+01
 88  0.04701 -1.01423e+01 | 89 -0.01137  7.83315e+00 | 90  0.01155 -1.22082e+01
 91 -0.01048 -2.13265e+01 | 92 -0.02082 -4.34953e-01 | 93  0.00247 -9.96024e-01
 94  0.00287  3.47476e+00 | 95 -0.00016 -5.41104e+00 | 96 -0.00016 -5.40732e+00
 97  0.81489  2.26759e+01 | 98  0.21614 -1.74399e+01 |

Initial statistics: 100 variables; iteration 0; function evaluation 0; phase 3
Function value 2.3047505e+03; maximum gradient component mag 1.6895e+02
Var    Value     Gradient |Var    Value     Gradient |Var    Value     Gradient
  1  0.62713  1.68549e+02 |  2  0.01368  6.55039e-01 |  3  0.00776 -3.39811e+00
  4  0.02781 -6.06747e-01 |  5  0.00628  4.74614e+00 |  6  0.00696 -8.23763e+00
  7 -0.00236 -3.93327e+00 |  8 -0.00780  2.47441e+00 |  9  0.00713 -1.40988e+01
 10 -0.01606 -5.52291e+00 | 11 -0.01327  9.70122e+00 | 12 -0.00234 -3.99689e-01
 13  0.01025 -1.39869e+01 | 14 -0.04004 -1.95898e+01 | 15 -0.04563 -1.05511e+01
 16 -0.02890 -3.15439e+00 | 17  0.00382 -3.51991e-01 | 18  0.01137 -7.48484e+00
 19 -0.02266 -2.07058e+01 | 20 -0.02411 -1.94340e+01 | 21  0.02166 -6.77562e-01
 22  0.02965 -8.01544e+00 | 23 -0.02600 -6.07466e+00 | 24  0.03872 -2.54926e+00
 25 -0.02454  5.08184e+00 | 26  0.01313  2.60879e-01 | 27  0.06665 -3.92852e+00
 28  0.05490 -7.37676e+00 | 29 -0.00101 -1.02500e+01 | 30 -0.00938 -6.59301e+00
 31 -0.00302 -1.32263e+01 | 32 -0.00729 -1.12546e+01 | 33 -0.00161 -5.08448e+00
 34 -0.04024 -7.26381e+00 | 35 -0.04042 -1.82103e+00 | 36 -0.02547 -3.16058e+00
 37  0.00531 -5.73194e+00 | 38  0.04388 -1.67584e+00 | 39 -0.01630  9.37169e-01
 40  0.04054 -8.76377e+00 | 41  0.06152 -1.66232e+01 | 42 -0.00849  1.42546e+00
 43  0.03216  5.00480e-02 | 44 -0.03118  7.68801e+00 | 45  0.00240  5.95951e+00
 46 -0.01829  2.22326e+00 | 47 -0.02255  1.26939e+01 | 48  0.00155  9.81722e+00
 49 -0.02392  9.66873e+00 | 50 -0.06082  1.95443e+01 | 51  0.01763 -6.92068e-01
 52  0.00152  5.98803e+00 | 53 -0.02431 -7.14015e-01 | 54 -0.01508 -2.49483e+01
 55 -0.02053 -1.15673e+01 | 56  0.00810 -7.40378e+00 | 57 -0.02064  3.05121e+01
 58  0.01031  1.72850e+01 | 59  0.04693  4.10914e-01 | 60  0.02332 -4.17332e-01
 61 -0.04243  2.49598e+01 | 62 -0.02538  1.48618e+01 | 63 -0.00093  7.36139e+00
 64  0.00809  1.04409e+01 | 65 -0.02271  1.23033e+01 | 66  0.02037  9.39488e+00
 67 -0.02863  1.43410e+01 | 68 -0.00866  4.31639e+00 | 69  0.00852  3.90169e+00
 70 -0.00926  8.32984e+00 | 71  0.00909  1.56837e+01 | 72  0.03181 -1.08575e+01
 73  0.01108  1.40601e+01 | 74 -0.00137  1.99146e+01 | 75  0.01410  1.21835e+01
 76  0.03154  4.25469e-01 | 77 -0.00922  1.29285e+01 | 78  0.00891  9.78565e+00
 79  0.01438  1.91949e+01 | 80  0.01059 -7.60054e+00 | 81  0.02620 -4.65981e+00
 82 -0.01982  6.74914e+00 | 83  0.00444  1.91933e+00 | 84 -0.03096 -4.30199e+00
 85 -0.00262  1.07975e+01 | 86  0.04090  1.14934e+01 | 87 -0.02940 -2.38031e+01
 88  0.04701 -1.00592e+01 | 89 -0.01137  7.91650e+00 | 90  0.01155 -1.21248e+01
 91 -0.01048 -2.12432e+01 | 92 -0.02082 -3.51626e-01 | 93  0.00247 -9.12653e-01
 94  0.00287  3.55813e+00 | 95 -0.00016 -5.32766e+00 | 96 -0.00016 -5.32394e+00
 97  0.81489  2.26759e+01 | 98 -0.41581  4.53770e+01 | 99  0.21614 -1.74399e+01
100 -0.25275  1.68953e+02 |

Intermediate statistics: 100 variables; iteration 20; function evaluation 27; phase 3
Function value 2.3039920e+03; maximum gradient component mag -9.4047e+01
Var    Value     Gradient |Var    Value     Gradient |Var    Value     Gradient
  1  0.62674 -7.73711e+01 |  2  0.01164  2.20905e+00 |  3  0.00767  2.40906e+00
  4  0.02712  2.66988e+00 |  5  0.00345  2.56464e+00 |  6  0.00881  2.59982e+00
  7 -0.00194  2.67158e+00 |  8 -0.00904  3.08801e+00 |  9  0.00958  1.35557e+00
 10 -0.01516  2.71787e+00 | 11 -0.01498  5.60831e+00 | 12 -0.00192  4.91987e+00
 13  0.01155 -2.24747e+00 | 14 -0.03708 -4.72653e-01 | 15 -0.04424  1.26392e+00
 16 -0.02851  3.64356e+00 | 17  0.00415  5.98257e+00 | 18  0.01176 -1.12750e+00
 19 -0.02180 -9.55938e+00 | 20 -0.02327 -8.56893e+00 | 21  0.02209  4.95648e+00
 22  0.03011 -1.10234e+00 | 23 -0.02556  1.40409e+00 | 24  0.03906  2.60851e+00
 25 -0.02471  7.87037e+00 | 26  0.01343  5.55752e+00 | 27  0.06713  2.55493e+00
 28  0.05541  1.59732e-02 | 29 -0.00061 -3.45694e+00 | 30 -0.00906 -4.09492e-01
 31 -0.00263 -6.50063e+00 | 32 -0.00692 -4.66284e+00 | 33 -0.00129  5.10639e-01
 34 -0.03979  3.97208e-01 | 35 -0.04023  3.76285e+00 | 36 -0.02518  2.61131e+00
 37  0.00560 -1.32302e+00 | 38  0.04419 -1.42470e-01 | 39 -0.01624  4.12950e+00
 40  0.04092 -4.81610e+00 | 41  0.06238 -1.55402e+00 | 42 -0.00844  3.73969e+00
 43  0.03235 -3.72842e-01 | 44 -0.03143  8.02225e+00 | 45  0.00246  5.49729e+00
 46 -0.01822  3.45557e+00 | 47 -0.02261  1.21807e+01 | 48  0.00149  4.88469e+00
 49 -0.02391  9.01842e+00 | 50 -0.06148  1.59810e+01 | 51  0.01786 -5.09810e+00
 52  0.00151 -2.05132e+00 | 53 -0.02422 -1.24255e+00 | 54 -0.01446 -1.03465e+01
 55 -0.02023 -7.69165e+00 | 56  0.00836 -5.64678e+00 | 57 -0.02106  1.76633e+01
 58  0.00989 -4.85228e+00 | 59  0.04700 -2.36730e+01 | 60  0.02341 -1.02516e+01
 61 -0.04256  2.18445e+01 | 62 -0.02569  6.32119e+00 | 63 -0.00096 -4.04053e+00
 64  0.00799 -3.40436e+00 | 65 -0.02288  2.89018e+00 | 66  0.02021 -1.15066e+01
 67 -0.02878  7.47067e+00 | 68 -0.00887 -5.53141e+00 | 69  0.00859 -5.72938e+00
 70 -0.00951 -1.93547e+00 | 71  0.00876 -5.43317e+00 | 72  0.03184 -2.58352e+01
 73  0.01076 -6.18465e+00 | 74 -0.00190  2.45242e+00 | 75  0.01387 -5.38919e+00
 76  0.03144 -1.56031e+01 | 77 -0.00947  3.57745e+00 | 78  0.00858 -3.90665e+00
 79  0.01394 -1.16711e+00 | 80  0.01071 -6.08149e+00 | 81  0.02625 -7.99042e+00
 82 -0.02008  6.09962e+00 | 83  0.00425 -1.47006e+00 | 84 -0.03121 -1.48702e+00
 85 -0.00300  7.30839e+00 | 86  0.04057  8.19941e+00 | 87 -0.02935 -1.58295e+01
 88  0.04673 -3.53016e+00 | 89 -0.01185  1.23994e+01 | 90  0.01085 -6.62793e+00
 91 -0.01050 -1.04636e+01 | 92 -0.02217  2.56019e+00 | 93  0.00172  4.17561e+00
 94 -0.00254  1.61182e+00 | 95  0.00004  2.19589e+00 | 96  0.00004  2.19547e+00
 97  0.78935  8.79039e+00 | 98 -0.42040 -9.40475e+01 | 99  0.20889 -1.75965e+01
100 -0.25544  6.85648e+01 |
100 variables; iteration 40; function evaluation 52; phase 3
Function value 2.3038394e+03; maximum gradient component mag -3.4608e+01
Var    Value     Gradient |Var    Value     Gradient |Var    Value     Gradient
  1  0.62685 -9.15953e+00 |  2  0.01335  4.17731e+00 |  3  0.00776  7.57120e-01
  4  0.02627 -1.62600e+00 |  5  0.00329  2.85400e-01 |  6  0.00878  6.34676e-01
  7 -0.00212  2.35298e-01 |  8 -0.00961 -7.20058e-01 |  9  0.00981  6.47024e-01
 10 -0.01499  1.63275e+00 | 11 -0.01531  2.30647e+00 | 12 -0.00257 -6.95421e-01
 13  0.01176 -2.15574e+00 | 14 -0.03594  3.66273e+00 | 15 -0.04368  2.51752e+00
 16 -0.02865  8.42490e-01 | 17  0.00396  1.81379e+00 | 18  0.01184 -1.26691e+00
 19 -0.02087 -2.13933e+00 | 20 -0.02241 -1.89685e+00 | 21  0.02191  4.61579e-01
 22  0.03036  2.45875e+00 | 23 -0.02553  1.43609e-02 | 24  0.03904  9.90531e-01
 25 -0.02464  6.78782e+00 | 26  0.01315  7.73269e-01 | 27  0.06699 -1.35508e+00
 28  0.05546  1.26579e+00 | 29 -0.00057 -4.09993e+00 | 30 -0.00900 -9.12168e-01
 31 -0.00201  6.93701e-02 | 32 -0.00643  1.13908e-01 | 33 -0.00117  8.37939e-01
 34 -0.03969 -5.18790e-01 | 35 -0.04025  1.70454e+00 | 36 -0.02515  1.21454e+00
 37  0.00587  1.02500e+00 | 38  0.04418 -4.04188e-01 | 39 -0.01660 -1.43098e-01
 40  0.04117  9.20263e-01 | 41  0.06233 -4.57425e-01 | 42 -0.00845  3.15745e+00
 43  0.03231 -5.32400e-01 | 44 -0.03217  4.83463e-01 | 45  0.00242  4.26276e+00
 46 -0.01838  5.65210e-01 | 47 -0.02327  2.99791e+00 | 48  0.00128  4.95572e-02
 49 -0.02440  8.25242e-01 | 50 -0.06308  5.70182e-01 | 51  0.01791 -3.10497e+00
 52  0.00163  1.86663e+00 | 53 -0.02416  4.12979e-01 | 54 -0.01422 -3.01956e+00
 55 -0.02006 -3.91149e+00 | 56  0.00857  2.40506e+00 | 57 -0.02171  4.15894e+00
 58  0.00980 -6.29661e+00 | 59  0.04728 -3.89835e+00 | 60  0.02359 -4.83977e-01
 61 -0.04374  4.05905e+00 | 62 -0.02586  3.05780e+00 | 63 -0.00085  4.76934e-01
 64  0.00789 -3.55006e+00 | 65 -0.02292  2.71480e+00 | 66  0.02030 -3.90357e+00
 67 -0.02910  2.48090e+00 | 68 -0.00869  2.97944e-01 | 69  0.00866 -1.78895e+00
 70 -0.00955 -1.12507e+00 | 71  0.00885 -8.86369e-01 | 72  0.03224 -5.09582e+00
 73  0.01088 -8.42689e-01 | 74 -0.00222 -3.07665e+00 | 75  0.01416  4.66349e+00
 76  0.03161 -5.10402e+00 | 77 -0.00958  1.89995e+00 | 78  0.00878  3.20853e+00
 79  0.01392 -3.86756e-01 | 80  0.01092  1.43301e+00 | 81  0.02636 -3.28800e+00
 82 -0.02049 -1.77754e+00 | 83  0.00437  5.63893e-01 | 84 -0.03109 -1.19750e+00
 85 -0.00322  6.69676e-02 | 86  0.04040  6.04279e-01 | 87 -0.02820 -4.27475e+00
 88  0.04677 -5.45092e+00 | 89 -0.01262 -3.67081e-01 | 90  0.01121 -2.96387e+00
 91 -0.00923 -9.72374e-01 | 92 -0.02193  2.05015e+00 | 93  0.00081 -3.08653e+00
 94 -0.00354 -1.98901e+00 | 95 -0.00005  1.44568e-01 | 96 -0.00005  1.43436e-01
 97  0.79283  5.17783e+00 | 98 -0.41958 -3.46078e+01 | 99  0.20852 -3.37182e+00
100 -0.25578  1.74741e+01 |
100 variables; iteration 60; function evaluation 80; phase 3
Function value 2.3038150e+03; maximum gradient component mag -2.4574e+00
Var    Value     Gradient |Var    Value     Gradient |Var    Value     Gradient
  1  0.62691  1.23350e-02 |  2  0.01176  2.94468e-01 |  3  0.00775  4.26544e-01
  4  0.02701  1.60020e-01 |  5  0.00312 -5.03104e-01 |  6  0.00861 -2.01137e-01
  7 -0.00214 -1.69552e-01 |  8 -0.00922  3.08529e-01 |  9  0.00968 -3.21815e-01
 10 -0.01540 -4.03713e-01 | 11 -0.01572  3.16391e-02 | 12 -0.00251 -7.53185e-01
 13  0.01195 -1.07498e+00 | 14 -0.03646  5.91139e-01 | 15 -0.04419 -6.02155e-01
 16 -0.02871  6.97457e-02 | 17  0.00390  9.94451e-01 | 18  0.01193  3.28065e-01
 19 -0.02075 -9.48815e-01 | 20 -0.02231 -8.77228e-01 | 21  0.02185 -3.21141e-01
 22  0.03026  5.20996e-01 | 23 -0.02549  1.25726e-01 | 24  0.03904  6.52146e-01
 25 -0.02549 -7.88135e-02 | 26  0.01309 -2.84448e-01 | 27  0.06702 -5.75972e-01
 28  0.05545  9.32526e-01 | 29 -0.00008  1.28353e+00 | 30 -0.00889  4.24630e-02
 31 -0.00207 -8.74318e-01 | 32 -0.00639  3.78553e-01 | 33 -0.00105  2.15389e+00
 34 -0.03973 -1.27395e+00 | 35 -0.04035  6.06341e-01 | 36 -0.02516  7.38003e-01
 37  0.00598  2.29323e+00 | 38  0.04420 -9.20412e-02 | 39 -0.01662 -5.29591e-01
 40  0.04109 -6.41715e-01 | 41  0.06234  4.75862e-02 | 42 -0.00866  8.68282e-01
 43  0.03237  7.39787e-01 | 44 -0.03224 -3.33666e-01 | 45  0.00207 -1.37599e+00
 46 -0.01839  7.03329e-02 | 47 -0.02343  8.61900e-01 | 48  0.00133  8.92135e-01
 49 -0.02454 -1.15802e+00 | 50 -0.06327 -1.26517e+00 | 51  0.01805  1.09899e+00
 52  0.00149 -1.20652e+00 | 53 -0.02421 -4.08907e-01 | 54 -0.01418 -1.47010e+00
 55 -0.01993 -9.69764e-01 | 56  0.00850  5.21610e-01 | 57 -0.02189  5.84000e-01
 58  0.00995 -7.23220e-01 | 59  0.04733  1.03821e-02 | 60  0.02358  2.39682e-02
 61 -0.04392  1.34508e+00 | 62 -0.02607 -7.95059e-01 | 63 -0.00088 -1.15640e-01
 64  0.00797 -1.43295e-02 | 65 -0.02314 -1.58837e+00 | 66  0.02037 -2.43290e-01
 67 -0.02916  1.63827e+00 | 68 -0.00871  4.83059e-01 | 69  0.00871  2.92443e-01
 70 -0.00948  1.00942e+00 | 71  0.00884 -3.47977e-01 | 72  0.03233 -1.02763e-01
 73  0.01092  7.95257e-01 | 74 -0.00216 -1.29867e+00 | 75  0.01400  4.33295e-01
 76  0.03170 -3.83368e-01 | 77 -0.00968  7.60220e-02 | 78  0.00867  6.57824e-01
 79  0.01390 -7.13805e-01 | 80  0.01088  8.31324e-01 | 81  0.02644 -2.61624e-01
 82 -0.02053 -2.45743e+00 | 83  0.00438  5.11101e-01 | 84 -0.03099  1.84048e-01
 85 -0.00314  1.10040e+00 | 86  0.04041  3.34977e-02 | 87 -0.02780 -1.50799e-02
 88  0.04695 -3.20181e-01 | 89 -0.01252 -5.58118e-02 | 90  0.01148  4.21580e-01
 91 -0.00904 -4.14018e-01 | 92 -0.02231 -9.38121e-01 | 93  0.00164 -5.22553e-01
 94 -0.00224 -2.31089e-01 | 95  0.00056  8.24418e-01 | 96  0.00056  8.28480e-01
 97  0.79338  3.24407e-01 | 98 -0.41940 -2.15500e+00 | 99  0.20817 -1.03517e-01
100 -0.25599  9.50654e-01 |

 - final statistics:
100 variables; iteration 73; function evaluation 98
Function value 2.3038e+03; maximum gradient component mag 9.7907e-01
Exit code = 1;  converg criter 1.0000e+00
Var    Value     Gradient |Var    Value     Gradient |Var    Value     Gradient
  1  0.62690  4.30889e-02 |  2  0.01167  9.39870e-02 |  3  0.00762  1.25655e-01
  4  0.02698  6.96446e-02 |  5  0.00325 -1.57313e-01 |  6  0.00867 -2.61974e-02
  7 -0.00209  8.86441e-03 |  8 -0.00932 -3.65263e-02 |  9  0.00973 -1.16024e-01
 10 -0.01543 -5.32698e-01 | 11 -0.01573 -2.39195e-02 | 12 -0.00240 -1.22460e-01
 13  0.01204 -3.53935e-01 | 14 -0.03654  1.80681e-01 | 15 -0.04409 -7.61808e-02
 16 -0.02872 -2.44398e-02 | 17  0.00384  1.65576e-01 | 18  0.01195  5.56003e-01
 19 -0.02067 -1.49976e-01 | 20 -0.02224 -1.84034e-01 | 21  0.02185 -3.57733e-01
 22  0.03025  2.17596e-01 | 23 -0.02549  1.50927e-01 | 24  0.03901 -8.26903e-02
 25 -0.02549 -7.64379e-02 | 26  0.01313  1.55647e-01 | 27  0.06704 -1.96751e-01
 28  0.05544  7.62338e-01 | 29 -0.00010  9.79068e-01 | 30 -0.00892 -2.61745e-01
 31 -0.00202 -2.80682e-01 | 32 -0.00640  1.79327e-01 | 33 -0.00119  1.69696e-01
 34 -0.03965 -5.51025e-01 | 35 -0.04034  6.42620e-01 | 36 -0.02524 -2.83255e-02
 37  0.00588  8.17080e-01 | 38  0.04419 -5.18616e-01 | 39 -0.01658 -2.41474e-01
 40  0.04113  9.81927e-02 | 41  0.06234 -2.83745e-01 | 42 -0.00868  5.84077e-01
 43  0.03238  6.46067e-01 | 44 -0.03221 -8.59338e-02 | 45  0.00214 -2.95203e-01
 46 -0.01841 -1.88758e-01 | 47 -0.02347  2.26189e-01 | 48  0.00131  2.77280e-01
 49 -0.02452 -8.94798e-01 | 50 -0.06315 -2.39851e-01 | 51  0.01803  4.08880e-01
 52  0.00153 -4.60675e-01 | 53 -0.02420 -8.14296e-02 | 54 -0.01414 -4.99404e-01
 55 -0.01990 -4.04174e-01 | 56  0.00849  1.59341e-01 | 57 -0.02190  3.15359e-01
 58  0.00997 -2.33899e-01 | 59  0.04733  1.08060e-02 | 60  0.02358  1.73545e-03
 61 -0.04397  7.03963e-01 | 62 -0.02603 -1.50449e-01 | 63 -0.00088 -1.16506e-01
 64  0.00797  2.72237e-02 | 65 -0.02311 -8.10392e-01 | 66  0.02038 -6.17002e-02
 67 -0.02922  5.40200e-01 | 68 -0.00873 -5.65057e-02 | 69  0.00871  9.85519e-02
 70 -0.00950  4.47385e-01 | 71  0.00886 -5.93457e-02 | 72  0.03233 -1.43234e-02
 73  0.01089 -5.46780e-03 | 74 -0.00211 -1.57846e-01 | 75  0.01399  4.01317e-02
 76  0.03171 -1.18704e-01 | 77 -0.00968  1.16639e-02 | 78  0.00866  1.76966e-01
 79  0.01392 -3.13736e-01 | 80  0.01087  4.71510e-01 | 81  0.02645 -1.54441e-01
 82 -0.02043 -6.70641e-01 | 83  0.00438  4.62580e-01 | 84 -0.03100 -1.69783e-01
 85 -0.00318  2.81055e-02 | 86  0.04042  4.39702e-02 | 87 -0.02781 -2.91412e-01
 88  0.04697 -8.53985e-02 | 89 -0.01252 -1.50989e-01 | 90  0.01148  1.77461e-01
 91 -0.00897  1.30558e-01 | 92 -0.02218 -1.86026e-01 | 93  0.00172 -2.31877e-01
 94 -0.00214 -7.28250e-02 | 95  0.00020  2.69427e-01 | 96  0.00020  2.70704e-01
 97  0.79340  1.13060e-01 | 98 -0.41939 -7.20429e-01 | 99  0.20816 -9.31728e-04
100 -0.25599  2.84567e-01 |

Initial statistics: 108 variables; iteration 0; function evaluation 0; phase 4
Function value 2.3038127e+03; maximum gradient component mag 1.8385e+03
Var    Value     Gradient |Var    Value     Gradient |Var    Value     Gradient
  1 -0.42263  1.39969e+02 |  2 -0.42263  1.83848e+03 |  3 -0.41094  7.16120e+02
  4  0.62690  4.30889e-02 |  5  0.00000 -4.95885e+01 |  6  0.00000 -4.06322e+00
  7  0.00000  8.92207e+00 |  8  0.00000 -1.36247e+01 |  9  0.00000  2.50925e+01
 10  0.01167  9.44479e-02 | 11  0.00762  1.26116e-01 | 12  0.02698  7.01050e-02
 13  0.00325 -1.56852e-01 | 14  0.00867 -2.57365e-02 | 15 -0.00209  9.32531e-03
 16 -0.00932 -3.60654e-02 | 17  0.00973 -1.15563e-01 | 18 -0.01543 -5.32237e-01
 19 -0.01573 -2.34588e-02 | 20 -0.00240 -1.22000e-01 | 21  0.01204 -3.53474e-01
 22 -0.03654  1.81142e-01 | 23 -0.04409 -7.57210e-02 | 24 -0.02872 -2.39794e-02
 25  0.00384  1.66037e-01 | 26  0.01195  5.56464e-01 | 27 -0.02067 -1.49515e-01
 28 -0.02224 -1.83574e-01 | 29  0.02185 -3.57273e-01 | 30  0.03025  2.18056e-01
 31 -0.02549  1.51387e-01 | 32  0.03901 -8.22303e-02 | 33 -0.02549 -7.59773e-02
 34  0.01313  1.56108e-01 | 35  0.06704 -1.96292e-01 | 36  0.05544  7.62797e-01
 37 -0.00010  9.79529e-01 | 38 -0.00892 -2.61284e-01 | 39 -0.00202 -2.80221e-01
 40 -0.00640  1.79788e-01 | 41 -0.00119  1.70157e-01 | 42 -0.03965 -5.50565e-01
 43 -0.04034  6.43080e-01 | 44 -0.02524 -2.78650e-02 | 45  0.00588  8.17541e-01
 46  0.04419 -5.18156e-01 | 47 -0.01658 -2.41013e-01 | 48  0.04113  9.86527e-02
 49  0.06234 -2.83286e-01 | 50 -0.00868  5.84538e-01 | 51  0.03238  6.46527e-01
 52 -0.03221 -8.54735e-02 | 53  0.00214 -2.94743e-01 | 54 -0.01841 -1.88297e-01
 55 -0.02347  2.26650e-01 | 56  0.00131  2.77741e-01 | 57 -0.02452 -8.94338e-01
 58 -0.06315 -2.39393e-01 | 59  0.01803  4.09341e-01 | 60  0.00153 -4.60215e-01
 61 -0.02420 -8.09690e-02 | 62 -0.01414 -4.98943e-01 | 63 -0.01990 -4.03713e-01
 64  0.00849  1.59802e-01 | 65 -0.02190  3.15819e-01 | 66  0.00997 -2.33438e-01
 67  0.04733  1.12656e-02 | 68  0.02358  2.19603e-03 | 69 -0.04397  7.04422e-01
 70 -0.02603 -1.49988e-01 | 71 -0.00088 -1.16045e-01 | 72  0.00797  2.76845e-02
 73 -0.02311 -8.09931e-01 | 74  0.02038 -6.12395e-02 | 75 -0.02922  5.40661e-01
 76 -0.00873 -5.60449e-02 | 77  0.00871  9.90128e-02 | 78 -0.00950  4.47846e-01
 79  0.00886 -5.88849e-02 | 80  0.03233 -1.38631e-02 | 81  0.01089 -5.00697e-03
 82 -0.00211 -1.57385e-01 | 83  0.01399  4.05925e-02 | 84  0.03171 -1.18244e-01
 85 -0.00968  1.21248e-02 | 86  0.00866  1.77427e-01 | 87  0.01392 -3.13275e-01
 88  0.01087  4.71971e-01 | 89  0.02645 -1.53980e-01 | 90 -0.02043 -6.70180e-01
 91  0.00438  4.63041e-01 | 92 -0.03100 -1.69323e-01 | 93 -0.00318  2.85664e-02
 94  0.04042  4.44302e-02 | 95 -0.02781 -2.90951e-01 | 96  0.04697 -8.49389e-02
 97 -0.01252 -1.50528e-01 | 98  0.01148  1.77922e-01 | 99 -0.00897  1.31019e-01
100 -0.02218 -1.85565e-01 |101  0.00172 -2.31416e-01 |102 -0.00214 -7.23641e-02
103  0.00020  2.69888e-01 |104  0.00020  2.71165e-01 |105  0.79340  1.13060e-01
106 -0.41939 -7.20429e-01 |107  0.20816 -9.31728e-04 |108 -0.25599  2.84567e-01

Intermediate statistics: 108 variables; iteration 20; function evaluation 26; phase 4
Function value 2.3024424e+03; maximum gradient component mag 1.5838e+03
Var    Value     Gradient |Var    Value     Gradient |Var    Value     Gradient
  1 -0.42827  9.68025e+01 |  2 -0.42311  1.58380e+03 |  3 -0.40983  5.83350e+02
  4  0.62787  1.27942e+02 |  5  0.01938 -3.78955e-01 |  6 -0.00070 -9.40112e-01
  7 -0.00712 -1.20158e+00 |  8  0.00708  7.46154e-01 |  9 -0.01408 -8.65039e-01
 10  0.01165 -3.02142e+00 | 11  0.00761 -2.91707e+00 | 12  0.02708 -2.32879e+00
 13  0.00346 -2.60421e+00 | 14  0.00888 -2.24842e+00 | 15 -0.00174 -2.30974e+00
 16 -0.00895 -2.28753e+00 | 17  0.01014 -1.86429e+00 | 18 -0.01494 -2.20323e+00
 19 -0.01539 -2.25173e+00 | 20 -0.00213 -2.49708e+00 | 21  0.01231 -2.58611e+00
 22 -0.03644 -3.32002e+00 | 23 -0.04401 -3.75833e+00 | 24 -0.02859 -3.67583e+00
 25  0.00407 -2.74891e+00 | 26  0.01212 -2.39632e+00 | 27 -0.02046 -2.84788e+00
 28 -0.02204 -2.73391e+00 | 29  0.02218 -9.39583e-02 | 30  0.03051  1.61482e+00
 31 -0.02540 -2.28445e+00 | 32  0.03920  1.58546e+00 | 33 -0.02535 -1.82649e+00
 34  0.01348  2.29719e+00 | 35  0.06722  5.76046e+00 | 36  0.05528 -5.12064e-01
 37 -0.00032 -2.20832e+00 | 38 -0.00896 -2.07716e+00 | 39 -0.00217 -2.97973e+00
 40 -0.00658 -2.92652e+00 | 41 -0.00127 -1.91443e+00 | 42 -0.03961 -2.46152e+00
 43 -0.04033 -1.48656e+00 | 44 -0.02487  1.06851e+00 | 45  0.00617  4.22710e+00
 46  0.04449  9.79481e+00 | 47 -0.01637  1.30788e+00 | 48  0.04137  9.57650e+00
 49  0.06226  8.59691e+00 | 50 -0.00880  1.29472e+00 | 51  0.03219  4.51983e+00
 52 -0.03231  7.66708e-02 | 53  0.00207  3.37708e+00 | 54 -0.01849  1.84769e+00
 55 -0.02366  1.29093e+00 | 56  0.00115  4.24535e+00 | 57 -0.02460  2.18775e+00
 58 -0.06312  6.26512e-01 | 59  0.01808  1.26728e+01 | 60  0.00130  3.28161e+00
 61 -0.02464 -2.13729e+00 | 62 -0.01431  1.08833e+00 | 63 -0.01988  2.18294e+00
 64  0.00852  8.83558e+00 | 65 -0.02182  3.68179e+00 | 66  0.01016  1.14369e+01
 67  0.04735  1.33486e+01 | 68  0.02336  4.63642e+00 | 69 -0.04428 -2.79169e+00
 70 -0.02613 -1.50950e-01 | 71 -0.00079  3.69394e+00 | 72  0.00778  4.95341e-01
 73 -0.02305  9.01396e-01 | 74  0.02028  1.68148e+00 | 75 -0.02943 -2.11618e+00
 76 -0.00883  1.73368e+00 | 77  0.00902  8.86839e+00 | 78 -0.00960  1.01362e+00
 79  0.00894  3.28472e+00 | 80  0.03229  5.00738e+00 | 81  0.01081 -5.92320e-01
 82 -0.00222 -8.42367e-01 | 83  0.01394  2.06847e-02 | 84  0.03157 -6.78370e-02
 85 -0.00998 -4.74897e+00 | 86  0.00855 -6.09107e-01 | 87  0.01391 -8.58690e-02
 88  0.01090  2.60975e+00 | 89  0.02623 -4.67430e+00 | 90 -0.02084 -6.22016e+00
 91  0.00424 -3.80641e+00 | 92 -0.03114 -2.81040e+00 | 93 -0.00304  2.26757e-01
 94  0.04009 -8.40125e+00 | 95 -0.02789 -3.42000e+00 | 96  0.04667 -3.84265e+00
 97 -0.01310 -7.05564e+00 | 98  0.01123 -3.49403e+00 | 99 -0.00945 -4.94164e+00
100 -0.02232 -3.68703e+00 |101  0.00223 -4.08849e+00 |102 -0.00206 -3.76289e+00
103 -0.00019 -3.78430e+00 |104 -0.00019 -3.78446e+00 |105  0.79111 -2.64126e+01
106 -0.41882  1.60855e+02 |107  0.20674  3.34639e+01 |108 -0.25651 -1.07692e+02
108 variables; iteration 40; function evaluation 48; phase 4
Function value 2.3017921e+03; maximum gradient component mag 2.8045e+02
Var    Value     Gradient |Var    Value     Gradient |Var    Value     Gradient
  1 -0.42751  1.85969e+01 |  2 -0.42382  2.80449e+02 |  3 -0.41045  1.05816e+02
  4  0.62900  2.26170e+01 |  5  0.01887 -1.57670e+00 |  6  0.00305  4.78416e+00
  7 -0.00828 -3.24898e+00 |  8  0.00751  1.44715e+00 |  9 -0.01431 -1.39236e+00
 10  0.01340  3.87606e+00 | 11  0.00971  4.97737e+00 | 12  0.02930  6.86898e+00
 13  0.00542  5.53566e+00 | 14  0.00995  3.78330e+00 | 15 -0.00200 -6.46150e-01
 16 -0.00960 -2.11659e+00 | 17  0.00878 -6.24286e+00 | 18 -0.01654 -6.44936e+00
 19 -0.01654 -5.22863e+00 | 20 -0.00015  1.18270e+01 | 21  0.01159 -5.99448e+00
 22 -0.03617  1.17065e+00 | 23 -0.04363  1.64377e+00 | 24 -0.02892 -2.57559e+00
 25  0.00394 -1.82488e+00 | 26  0.01201 -1.69810e+00 | 27 -0.02050 -5.40365e-01
 28 -0.02205  4.00154e-02 | 29  0.02300  1.52128e+01 | 30  0.03016 -5.27963e+00
 31 -0.02537 -3.09937e-02 | 32  0.03922  1.42348e+00 | 33 -0.02494  2.83101e+00
 34  0.01339  8.45390e-01 | 35  0.06781  1.85470e+01 | 36  0.05509 -3.28597e+00
 37 -0.00133 -1.09023e+01 | 38 -0.00898  1.19842e-01 | 39 -0.00227 -9.77490e-01
 40 -0.00677 -2.10938e+00 | 41 -0.00145 -1.87581e+00 | 42 -0.03974 -1.14708e+00
 43 -0.04041 -4.69852e-01 | 44 -0.02494 -6.42066e-01 | 45  0.00542 -9.40102e+00
 46  0.04408 -7.37803e+00 | 47 -0.01690 -4.78456e+00 | 48  0.04074 -1.08862e+01
 49  0.06236  1.55051e+00 | 50 -0.00856  3.09913e+00 | 51  0.03178 -8.50095e+00
 52 -0.03215  1.97063e+00 | 53  0.00273  1.10215e+01 | 54 -0.01822  4.11399e+00
 55 -0.02380 -1.15329e+00 | 56  0.00114  4.11620e-01 | 57 -0.02447  2.06796e+00
 58 -0.06363 -4.49377e+00 | 59  0.01774 -7.42595e+00 | 60  0.00141  4.23585e+00
 61 -0.02397  1.37383e+01 | 62 -0.01445 -2.39131e+00 | 63 -0.02001 -1.84865e+00
 64  0.00830 -5.89378e+00 | 65 -0.02223 -6.40527e+00 | 66  0.01048  1.45815e+01
 67  0.04720  1.28805e+00 | 68  0.02335  7.22885e+00 | 69 -0.04408  3.75812e+00
 70 -0.02612  8.94240e-01 | 71 -0.00086  4.58914e-01 | 72  0.00804  8.37469e+00
 73 -0.02313 -1.43995e-01 | 74  0.02058  8.93885e+00 | 75 -0.03033 -1.43591e+01
 76 -0.00861  6.05896e+00 | 77  0.00885 -1.96855e-01 | 78 -0.00998 -6.91270e+00
 79  0.00888 -1.48452e-01 | 80  0.03202 -9.10146e+00 | 81  0.01066 -3.47921e+00
 82 -0.00228 -4.66753e-01 | 83  0.01406  4.68170e+00 | 84  0.03149 -1.94543e+00
 85 -0.01003 -1.25099e+00 | 86  0.00856  5.41612e-01 | 87  0.01352 -1.06302e+01
 88  0.01089  1.91885e+00 | 89  0.02640  7.40372e+00 | 90 -0.02141 -1.00623e+01
 91  0.00432  3.25069e+00 | 92 -0.03097  3.90422e+00 | 93 -0.00253  1.39479e+01
 94  0.04017 -3.55579e+00 | 95 -0.02780  1.44711e+00 | 96  0.04637 -8.39580e+00
 97 -0.01364 -7.42349e+00 | 98  0.01120  1.67484e-01 | 99 -0.00919  3.79693e+00
100 -0.02100  7.44863e+00 |101  0.00018 -9.11500e+00 |102 -0.00292 -1.87180e+00
103  0.00004 -3.12981e-01 |104  0.00005 -3.12079e-01 |105  0.79247 -2.80631e+00
106 -0.41874  2.84169e+01 |107  0.20736  8.53126e+00 |108 -0.25575 -1.96532e+01
108 variables; iteration 60; function evaluation 75; phase 4
Function value 2.3016182e+03; maximum gradient component mag 3.5255e+01
Var    Value     Gradient |Var    Value     Gradient |Var    Value     Gradient
  1 -0.42742  2.88171e+00 |  2 -0.42391  3.52552e+01 |  3 -0.41067  1.38357e+01
  4  0.62897  2.39956e+00 |  5  0.01976 -2.49580e-01 |  6  0.00014  2.93399e-01
  7 -0.00687 -9.10099e-01 |  8  0.00711  5.53153e-01 |  9 -0.01358 -1.59098e-01
 10  0.01218  1.37477e+00 | 11  0.00782  7.05084e-01 | 12  0.02714  6.26088e-01
 13  0.00322 -2.97456e-01 | 14  0.00921  1.48039e+00 | 15 -0.00177  2.89602e-01
 16 -0.00918 -4.82613e-01 | 17  0.01001 -4.22741e-01 | 18 -0.01541 -1.67570e+00
 19 -0.01547 -2.23295e-01 | 20 -0.00167  2.48076e+00 | 21  0.01189 -3.86510e+00
 22 -0.03678 -1.77381e+00 | 23 -0.04414 -7.14154e-01 | 24 -0.02874 -8.76318e-01
 25  0.00405  1.02574e-02 | 26  0.01213  2.70177e-01 | 27 -0.02060 -1.18961e+00
 28 -0.02220 -1.26732e+00 | 29  0.02243  4.61263e+00 | 30  0.03044 -9.83940e-01
 31 -0.02539 -7.17862e-03 | 32  0.03922  5.42940e-01 | 33 -0.02496  2.52060e+00
 34  0.01336 -8.18453e-01 | 35  0.06740  4.42960e+00 | 36  0.05535  1.10981e+00
 37 -0.00062 -3.13102e+00 | 38 -0.00905 -7.32044e-01 | 39 -0.00211  9.32619e-01
 40 -0.00657  1.77043e-01 | 41 -0.00122  9.30534e-01 | 42 -0.03973 -1.10846e+00
 43 -0.04040 -5.84263e-01 | 44 -0.02492 -9.01499e-01 | 45  0.00623  5.79042e-01
 46  0.04444 -1.64556e+00 | 47 -0.01617  1.48957e+00 | 48  0.04136 -5.74560e-01
 49  0.06242  9.63672e-01 | 50 -0.00881  1.83507e-01 | 51  0.03224 -5.67029e-01
 52 -0.03243 -7.18417e-01 | 53  0.00214  5.28783e-01 | 54 -0.01824  2.87620e+00
 55 -0.02364 -6.49355e-03 | 56  0.00114 -1.13346e+00 | 57 -0.02461 -6.95474e-01
 58 -0.06302  3.48129e-01 | 59  0.01799 -3.53458e+00 | 60  0.00137  7.91327e-01
 61 -0.02449  2.65627e+00 | 62 -0.01435 -1.95811e+00 | 63 -0.01987 -3.13546e-01
 64  0.00850 -1.87105e+00 | 65 -0.02182 -2.35056e-01 | 66  0.01014  3.37028e-01
 67  0.04730  3.19108e-01 | 68  0.02326  1.25407e+00 | 69 -0.04415  2.21066e+00
 70 -0.02611  2.74967e-02 | 71 -0.00065  3.85561e+00 | 72  0.00789  6.45726e-01
 73 -0.02308 -8.28197e-01 | 74  0.02048  2.12376e+00 | 75 -0.02966 -3.81330e+00
 76 -0.00877  9.52981e-01 | 77  0.00904  2.48803e+00 | 78 -0.00963 -6.63125e-01
 79  0.00892 -1.26377e+00 | 80  0.03229 -1.83127e+00 | 81  0.01089  1.20728e+00
 82 -0.00220  3.98997e-02 | 83  0.01397 -2.44008e-01 | 84  0.03159 -4.40399e-01
 85 -0.00986  1.58209e+00 | 86  0.00850 -2.43663e+00 | 87  0.01383 -3.40037e+00
 88  0.01084 -1.47000e+00 | 89  0.02628  1.96694e+00 | 90 -0.02086 -5.60388e-02
 91  0.00423 -1.22817e-01 | 92 -0.03116  1.21748e-01 | 93 -0.00285  5.05467e+00
 94  0.04031 -9.75036e-01 | 95 -0.02794 -1.90103e-01 | 96  0.04654 -2.13905e+00
 97 -0.01331 -2.36561e+00 | 98  0.01129  1.48032e+00 | 99 -0.00957  1.79725e-01
100 -0.02216  4.85730e-01 |101  0.00170 -2.28749e+00 |102 -0.00224 -2.53783e-01
103 -0.00010  7.96102e-03 |104 -0.00010  7.97208e-03 |105  0.79215  4.91412e-01
106 -0.41882  3.05627e+00 |107  0.20695  2.07265e+00 |108 -0.25581 -3.29209e+00
Maximum number of function evaluations exceeded

 - final statistics:
108 variables; iteration 80; function evaluation 100
Function value 2.3016e+03; maximum gradient component mag -1.2497e+00
Exit code = 3;  converg criter 1.0000e+00
Var    Value     Gradient |Var    Value     Gradient |Var    Value     Gradient
  1 -0.42727  6.48183e-01 |  2 -0.42390  5.05086e-01 |  3 -0.41079 -5.60899e-01
  4  0.62901  2.09801e-01 |  5  0.01986 -7.44765e-02 |  6 -0.00008 -4.63680e-02
  7 -0.00648 -2.53008e-01 |  8  0.00717  6.38050e-01 |  9 -0.01341  1.36604e-01
 10  0.01139 -3.95564e-01 | 11  0.00752  2.37759e-02 | 12  0.02666 -7.79170e-01
 13  0.00361  7.45384e-01 | 14  0.00876  9.64794e-02 | 15 -0.00165  6.97274e-01
 16 -0.00922 -5.77342e-01 | 17  0.01005 -2.44636e-01 | 18 -0.01501 -1.45305e-03
 19 -0.01538  2.43613e-01 | 20 -0.00196  7.49671e-01 | 21  0.01243  6.56402e-01
 22 -0.03633  6.31250e-01 | 23 -0.04406 -1.97357e-01 | 24 -0.02865 -1.82001e-01
 25  0.00404 -2.51219e-01 | 26  0.01212 -4.49916e-02 | 27 -0.02049 -2.39513e-01
 28 -0.02208 -2.82951e-01 | 29  0.02220  1.38482e-01 | 30  0.03050  5.05382e-02
 31 -0.02535  3.06227e-01 | 32  0.03920  1.73220e-01 | 33 -0.02531 -1.94923e-01
 34  0.01341 -3.92970e-01 | 35  0.06725 -7.63630e-03 | 36  0.05531  9.70717e-02
 37 -0.00033  1.80606e-01 | 38 -0.00897  2.14803e-01 | 39 -0.00222 -3.66451e-01
 40 -0.00660 -1.39326e-01 | 41 -0.00129  7.47720e-02 | 42 -0.03958  1.88762e-01
 43 -0.04032  8.34605e-02 | 44 -0.02486 -4.30754e-01 | 45  0.00620  5.00973e-02
 46  0.04453  1.85207e-01 | 47 -0.01623  8.40500e-01 | 48  0.04142  2.16089e-01
 49  0.06239 -1.32534e-01 | 50 -0.00878  5.21990e-01 | 51  0.03226 -1.99095e-01
 52 -0.03234  6.41661e-02 | 53  0.00211 -2.80533e-02 | 54 -0.01848 -3.12034e-02
 55 -0.02362  2.77576e-01 | 56  0.00122  3.88222e-01 | 57 -0.02457 -1.17405e-01
 58 -0.06314 -6.62823e-01 | 59  0.01813  1.22431e-01 | 60  0.00134  8.50012e-02
 61 -0.02463 -2.16723e-01 | 62 -0.01426  6.47185e-02 | 63 -0.01987 -2.86438e-01
 64  0.00856  1.11822e-01 | 65 -0.02182 -3.76499e-01 | 66  0.01014  7.09707e-03
 67  0.04730  4.25662e-03 | 68  0.02322 -2.67771e-02 | 69 -0.04431 -6.71123e-02
 70 -0.02612 -2.71968e-01 | 71 -0.00078 -2.69827e-01 | 72  0.00787  2.70088e-02
 73 -0.02304 -8.10875e-02 | 74  0.02042 -7.44749e-02 | 75 -0.02943  1.64005e-01
 76 -0.00881  2.79309e-02 | 77  0.00897 -3.89505e-02 | 78 -0.00960 -8.37641e-02
 79  0.00897  2.62694e-01 | 80  0.03233 -4.01274e-02 | 81  0.01087  7.81225e-01
 82 -0.00221 -1.90987e-01 | 83  0.01397 -3.60383e-01 | 84  0.03160  1.03266e-03
 85 -0.00993  2.16724e-01 | 86  0.00857 -8.78524e-02 | 87  0.01393 -2.57555e-01
 88  0.01090  4.66513e-01 | 89  0.02621 -2.12902e-01 | 90 -0.02086  2.45550e-01
 91  0.00424  1.53298e-01 | 92 -0.03116  1.44299e-01 | 93 -0.00309 -2.07696e-01
 94  0.04033 -5.68003e-02 | 95 -0.02792  3.98595e-01 | 96  0.04657 -9.76245e-02
 97 -0.01318 -2.56421e-01 | 98  0.01113 -5.26257e-01 | 99 -0.00959  1.60537e-02
100 -0.02249 -1.24975e+00 |101  0.00213 -3.00531e-01 |102 -0.00202  1.58428e-01
103 -0.00009  8.56743e-02 |104 -0.00009  8.56229e-02 |105  0.79120 -3.46250e-01
106 -0.41898 -2.13319e-01 |107  0.20659 -4.93103e-01 |108 -0.25591 -1.49104e-01

Initial statistics: 110 variables; iteration 0; function evaluation 0; phase 5
Function value 2.3016084e+03; maximum gradient component mag -5.4799e+01
Var    Value     Gradient |Var    Value     Gradient |Var    Value     Gradient
  1 -0.42727  6.48183e-01 |  2 -0.42390  5.05086e-01 |  3 -0.41079 -5.60899e-01
  4 -0.41222  3.67720e+01 |  5 -0.41222 -5.47992e+01 |  6  0.62901  2.09801e-01
  7  0.01986 -7.44765e-02 |  8 -0.00008 -4.63680e-02 |  9 -0.00648 -2.53008e-01
 10  0.00717  6.38050e-01 | 11 -0.01341  1.36604e-01 | 12  0.01139 -3.95395e-01
 13  0.00752  2.39450e-02 | 14  0.02666 -7.79001e-01 | 15  0.00361  7.45553e-01
 16  0.00876  9.66486e-02 | 17 -0.00165  6.97443e-01 | 18 -0.00922 -5.77173e-01
 19  0.01005 -2.44467e-01 | 20 -0.01501 -1.28391e-03 | 21 -0.01538  2.43782e-01
 22 -0.00196  7.49840e-01 | 23  0.01243  6.56571e-01 | 24 -0.03633  6.31419e-01
 25 -0.04406 -1.97189e-01 | 26 -0.02865 -1.81832e-01 | 27  0.00404 -2.51050e-01
 28  0.01212 -4.48224e-02 | 29 -0.02049 -2.39343e-01 | 30 -0.02208 -2.82782e-01
 31  0.02220  1.38652e-01 | 32  0.03050  5.07072e-02 | 33 -0.02535  3.06396e-01
 34  0.03920  1.73389e-01 | 35 -0.02531 -1.94754e-01 | 36  0.01341 -3.92800e-01
 37  0.06725 -7.46806e-03 | 38  0.05531  9.72402e-02 | 39 -0.00033  1.80775e-01
 40 -0.00897  2.14972e-01 | 41 -0.00222 -3.66281e-01 | 42 -0.00660 -1.39157e-01
 43 -0.00129  7.49412e-02 | 44 -0.03958  1.88931e-01 | 45 -0.04032  8.36294e-02
 46 -0.02486 -4.30585e-01 | 47  0.00620  5.02665e-02 | 48  0.04453  1.85376e-01
 49 -0.01623  8.40669e-01 | 50  0.04142  2.16258e-01 | 51  0.06239 -1.32366e-01
 52 -0.00878  5.22159e-01 | 53  0.03226 -1.98926e-01 | 54 -0.03234  6.43351e-02
 55  0.00211 -2.78842e-02 | 56 -0.01848 -3.10343e-02 | 57 -0.02362  2.77745e-01
 58  0.00122  3.88391e-01 | 59 -0.02457 -1.17236e-01 | 60 -0.06314 -6.62655e-01
 61  0.01813  1.22601e-01 | 62  0.00134  8.51704e-02 | 63 -0.02463 -2.16553e-01
 64 -0.01426  6.48876e-02 | 65 -0.01987 -2.86269e-01 | 66  0.00856  1.11992e-01
 67 -0.02182 -3.76330e-01 | 68  0.01014  7.26624e-03 | 69  0.04730  4.42535e-03
 70  0.02322 -2.66080e-02 | 71 -0.04431 -6.69435e-02 | 72 -0.02612 -2.71799e-01
 73 -0.00078 -2.69658e-01 | 74  0.00787  2.71780e-02 | 75 -0.02304 -8.09184e-02
 76  0.02042 -7.43058e-02 | 77 -0.02943  1.64174e-01 | 78 -0.00881  2.81001e-02
 79  0.00897 -3.87813e-02 | 80 -0.00960 -8.35950e-02 | 81  0.00897  2.62864e-01
 82  0.03233 -3.99584e-02 | 83  0.01087  7.81394e-01 | 84 -0.00221 -1.90818e-01
 85  0.01397 -3.60214e-01 | 86  0.03160  1.20164e-03 | 87 -0.00993  2.16893e-01
 88  0.00857 -8.76832e-02 | 89  0.01393 -2.57386e-01 | 90  0.01090  4.66682e-01
 91  0.02621 -2.12733e-01 | 92 -0.02086  2.45719e-01 | 93  0.00424  1.53467e-01
 94 -0.03116  1.44468e-01 | 95 -0.00309 -2.07527e-01 | 96  0.04033 -5.66315e-02
 97 -0.02792  3.98764e-01 | 98  0.04657 -9.74557e-02 | 99 -0.01318 -2.56251e-01
100  0.01113 -5.26088e-01 |101 -0.00959  1.62228e-02 |102 -0.02249 -1.24958e+00
103  0.00213 -3.00361e-01 |104 -0.00202  1.58597e-01 |105 -0.00009  8.58435e-02
106 -0.00009  8.57921e-02 |107  0.79120 -3.46250e-01 |108 -0.41898 -2.13319e-01
109  0.20659 -4.93103e-01 |110 -0.25591 -1.49104e-01 |

Intermediate statistics: 110 variables; iteration 20; function evaluation 26; phase 5
Function value 2.2995805e+03; maximum gradient component mag -5.6376e+02
Var    Value     Gradient |Var    Value     Gradient |Var    Value     Gradient
  1 -0.40668  2.51270e-02 |  2 -0.42558 -5.63764e+02 |  3 -0.40891 -1.38128e+02
  4 -0.48606  8.10563e+00 |  5 -0.39291 -5.65955e+01 |  6  0.62872 -2.03480e+02
  7  0.01980 -3.90356e+00 |  8 -0.00011 -6.88720e-01 |  9 -0.00640 -7.82945e-01
 10  0.00747  2.26139e-01 | 11 -0.01319 -3.24282e-01 | 12  0.01150  4.43138e+00
 13  0.00767  4.72227e+00 | 14  0.02652  2.07531e+00 | 15  0.00368  4.64399e+00
 16  0.00859  2.58451e+00 | 17 -0.00185  3.00555e+00 | 18 -0.00941  1.61667e+00
 19  0.00954 -1.59331e+00 | 20 -0.01533  8.99040e-01 | 21 -0.01577  3.47018e-01
 22 -0.00270 -2.97537e+00 | 23  0.01169 -5.89046e+00 | 24 -0.03626  4.21867e+00
 25 -0.04364  6.11819e+00 | 26 -0.02826  7.39231e+00 | 27  0.00432  7.94393e+00
 28  0.01221  4.94700e+00 | 29 -0.01982  9.30991e+00 | 30 -0.02140  8.24749e+00
 31  0.02177 -4.81830e+00 | 32  0.03028 -6.62886e+00 | 33 -0.02556  2.87094e-01
 34  0.03888 -9.24146e+00 | 35 -0.02497  4.41061e+00 | 36  0.01385  4.41429e+00
 37  0.06751 -2.40886e+00 | 38  0.05503 -1.54951e+01 | 39 -0.00088 -5.80932e+00
 40 -0.00892  1.64803e+00 | 41 -0.00170  5.83008e+00 | 42 -0.00644  2.69802e+00
 43 -0.00133  1.40866e+00 | 44 -0.03944  4.44045e+00 | 45 -0.04009  5.30816e+00
 46 -0.02387  1.18346e+01 | 47  0.00676  5.13705e+00 | 48  0.04460 -4.51058e+00
 49 -0.01695 -5.83787e+00 | 50  0.04164 -4.88870e+00 | 51  0.06295  1.90186e+00
 52 -0.00930 -6.85107e+00 | 53  0.03271  4.24907e-01 | 54 -0.03229  1.07434e+00
 55  0.00242  2.46195e+00 | 56 -0.01793  4.12198e+00 | 57 -0.02364 -1.52515e+00
 58  0.00123 -6.54713e+00 | 59 -0.02447 -1.82272e+00 | 60 -0.06300  2.81391e+00
 61  0.01862  5.59991e+00 | 62  0.00188  5.26666e+00 | 63 -0.02432  3.69239e+00
 64 -0.01425  3.25383e+00 | 65 -0.01961  6.21157e+00 | 66  0.00832 -5.95090e+00
 67 -0.02120  8.85704e+00 | 68  0.00999 -5.75811e+00 | 69  0.04723 -1.52548e+01
 70  0.02336 -4.36223e+00 | 71 -0.04385  2.30327e+00 | 72 -0.02598  8.95612e+00
 73 -0.00106 -1.08754e+01 | 74  0.00771 -1.25922e+01 | 75 -0.02312 -1.16268e+00
 76  0.02011 -6.95677e+00 | 77 -0.02912 -3.82834e+00 | 78 -0.00923 -7.03930e+00
 79  0.00879 -1.12228e+01 | 80 -0.00939 -2.47563e+00 | 81  0.00873 -1.02934e+01
 82  0.03189 -2.20368e+01 | 83  0.01081 -1.09302e+01 | 84 -0.00219  9.92682e-01
 85  0.01373 -1.10293e+01 | 86  0.03144 -1.45859e+01 | 87 -0.01040 -1.21378e+01
 88  0.00855  6.13655e-01 | 89  0.01381 -2.11669e+00 | 90  0.01080  2.14646e+00
 91  0.02624 -1.03252e+01 | 92 -0.02131 -4.51950e+00 | 93  0.00422  6.56618e+00
 94 -0.03109  8.36701e+00 | 95 -0.00257  1.79136e+01 | 96  0.04022  1.54289e+01
 97 -0.02776  5.40764e+00 | 98  0.04596  8.58419e+00 | 99 -0.01331  3.24037e+00
100  0.01120  1.89926e+01 |101 -0.00989  4.90854e+00 |102 -0.02192  9.98242e+00
103  0.00041  1.08764e+00 |104 -0.00176  6.55251e+00 |105 -0.00005  6.28979e+00
106 -0.00005  6.28970e+00 |107  0.81419  9.04482e+00 |108 -0.41613 -4.67379e+01
109  0.21041  6.47216e+01 |110 -0.25671 -2.24594e+02 |
110 variables; iteration 40; function evaluation 48; phase 5
Function value 2.2988228e+03; maximum gradient component mag 1.2872e+02
Var    Value     Gradient |Var    Value     Gradient |Var    Value     Gradient
  1 -0.41685  1.21533e+01 |  2 -0.42724  1.28720e+02 |  3 -0.40223  5.61351e+01
  4 -0.51931  2.04056e+00 |  5 -0.37954  3.73791e+00 |  6  0.62938  7.04189e+00
  7  0.02129 -1.86660e-01 |  8  0.00017 -2.80570e-02 |  9 -0.00625 -4.63641e-01
 10  0.00561 -3.25030e+00 | 11 -0.01420 -2.22257e+00 | 12  0.01143 -2.25806e+00
 13  0.00680 -3.82539e+00 | 14  0.02909  2.78205e+00 | 15  0.00301 -3.70050e+00
 16  0.01034  1.29764e+00 | 17 -0.00053  6.91818e-01 | 18 -0.00797 -7.39908e-02
 19  0.01253  5.83223e+00 | 20 -0.01366  1.24760e+00 | 21 -0.01364  3.80681e+00
 22 -0.00190 -4.12707e+00 | 23  0.01342  2.85054e+00 | 24 -0.03617 -1.04510e+00
 25 -0.04400 -1.85776e+00 | 26 -0.02878 -2.66913e+00 | 27  0.00392 -3.26030e+00
 28  0.01208 -3.39288e+00 | 29 -0.01977  3.18027e+00 | 30 -0.02129  3.17668e+00
 31  0.02251  4.65974e+00 | 32  0.03053 -3.99086e+00 | 33 -0.02481  9.52762e-01
 34  0.03930 -1.63647e+00 | 35 -0.02519 -1.27239e+00 | 36  0.01359 -6.92493e-01
 37  0.06719 -7.02574e+00 | 38  0.05550 -4.84032e+00 | 39 -0.00013 -9.26843e-01
 40 -0.00886 -8.89470e-01 | 41 -0.00195 -2.86890e-01 | 42 -0.00632  5.77162e-01
 43 -0.00134 -1.27106e+00 | 44 -0.03965 -1.73022e+00 | 45 -0.04039 -1.26106e+00
 46 -0.02476  1.48430e+00 | 47  0.00634  3.02537e-01 | 48  0.04451  2.10810e+00
 49 -0.01618 -5.00301e-02 | 50  0.04167  2.95387e+00 | 51  0.06219 -6.68000e+00
 52 -0.00881 -2.63533e+00 | 53  0.03255  3.14036e+00 | 54 -0.03227 -2.64973e-01
 55  0.00167 -4.59298e+00 | 56 -0.01854 -2.07695e+00 | 57 -0.02352  1.11324e+00
 58  0.00120 -2.19569e+00 | 59 -0.02469 -3.38706e+00 | 60 -0.06323 -4.05451e-01
 61  0.01801  3.32987e-01 | 62  0.00147  5.76914e-01 | 63 -0.02453  6.18503e-01
 64 -0.01482 -2.93179e+00 | 65 -0.02005  4.06556e+00 | 66  0.00798 -2.95299e+00
 67 -0.02191  2.50731e+00 | 68  0.00957 -1.12484e+01 | 69  0.04698  5.69646e-01
 70  0.02381  2.38704e+01 | 71 -0.04402 -7.47817e-01 | 72 -0.02659  7.38336e-01
 73 -0.00136 -7.68084e+00 | 74  0.00764 -1.69560e+00 | 75 -0.02343  4.04861e-01
 76  0.01941 -1.78238e+01 | 77 -0.02907 -6.83435e-01 | 78 -0.00926  2.77479e+00
 79  0.00870 -1.83684e-01 | 80 -0.00925  2.73559e+00 | 81  0.00871  3.54445e+00
 82  0.03221  8.79346e+00 | 83  0.01098  5.25718e+00 | 84 -0.00219  5.16984e+00
 85  0.01350 -4.87696e+00 | 86  0.03113 -1.51063e+01 | 87 -0.00984  4.66621e+00
 88  0.00856  5.58320e+00 | 89  0.01373  5.79068e+00 | 90  0.01076  6.33881e+00
 91  0.02584 -1.28592e+01 | 92 -0.02114 -2.40179e+00 | 93  0.00369 -1.99978e+00
 94 -0.03149 -7.43197e-02 | 95 -0.00372 -2.84784e+00 | 96  0.03996  2.08269e+01
 97 -0.02832 -1.82446e+00 | 98  0.04606  2.72423e+01 | 99 -0.01364 -2.93151e-01
100  0.00983 -2.61637e+00 |101 -0.01092 -3.49363e+00 |102 -0.02247  2.15903e+00
103 -0.00081 -3.72918e+00 |104 -0.00223 -6.51374e-01 |105 -0.00011 -2.48311e-01
106 -0.00011 -2.48304e-01 |107  0.81693 -1.05166e+01 |108 -0.41522  7.47290e+01
109  0.21099 -3.07388e+00 |110 -0.25497 -3.78967e+00 |
110 variables; iteration 60; function evaluation 73; phase 5
Function value 2.2987483e+03; maximum gradient component mag 1.9486e+01
Var    Value     Gradient |Var    Value     Gradient |Var    Value     Gradient
  1 -0.41733  1.25325e+00 |  2 -0.42742  1.94859e+01 |  3 -0.40206  6.70523e+00
  4 -0.51794  7.79217e-01 |  5 -0.37871  1.40541e+00 |  6  0.62948  3.97385e+00
  7  0.02075 -1.48245e+00 |  8  0.00010 -2.01336e-01 |  9 -0.00596  1.20508e-02
 10  0.00696 -7.15479e-01 | 11 -0.01326 -4.71435e-01 | 12  0.01235 -1.14588e-01
 13  0.00856  3.61144e-01 | 14  0.02798 -2.27744e-01 | 15  0.00424 -2.94343e-01
 16  0.00976 -3.05698e-01 | 17 -0.00089 -3.77762e-01 | 18 -0.00797  8.21198e-02
 19  0.01132  2.66117e-01 | 20 -0.01390  4.73334e-01 | 21 -0.01448  1.97442e-01
 22 -0.00068  3.60997e+00 | 23  0.01272 -2.14788e+00 | 24 -0.03585  1.10523e+00
 25 -0.04410 -1.75453e+00 | 26 -0.02888 -2.52790e+00 | 27  0.00407 -3.35920e-02
 28  0.01202 -3.03200e+00 | 29 -0.02010  7.23529e-01 | 30 -0.02162  7.55037e-01
 31  0.02238  3.24030e+00 | 32  0.03052 -3.28071e+00 | 33 -0.02490  6.79879e-01
 34  0.03934  1.38352e-01 | 35 -0.02536 -2.21753e+00 | 36  0.01357 -5.02365e-01
 37  0.06722 -5.45957e+00 | 38  0.05563 -8.77409e-01 | 39 -0.00003  7.72206e-01
 40 -0.00879  3.78440e-01 | 41 -0.00193  7.43774e-01 | 42 -0.00641  3.53241e-01
 43 -0.00123  1.13354e+00 | 44 -0.03942  9.12578e-01 | 45 -0.04027  2.79297e-01
 46 -0.02499 -1.40643e-01 | 47  0.00637  1.42920e+00 | 48  0.04420 -4.06261e+00
 49 -0.01596  2.29988e+00 | 50  0.04138 -1.84689e+00 | 51  0.06251  3.64219e+00
 52 -0.00853  9.21268e-01 | 53  0.03228 -1.23948e+00 | 54 -0.03218  1.11912e+00
 55  0.00204  2.33044e+00 | 56 -0.01798  5.84305e+00 | 57 -0.02371 -1.94524e-01
 58  0.00143  3.20910e+00 | 59 -0.02461 -1.48166e+00 | 60 -0.06312  8.57307e-01
 61  0.01792 -1.20728e+00 | 62  0.00137 -6.16711e-01 | 63 -0.02462 -1.51896e-01
 64 -0.01493 -5.45661e+00 | 65 -0.02021  9.18821e-01 | 66  0.00805 -3.70219e-01
 67 -0.02212 -7.75072e-01 | 68  0.00990 -3.93066e-01 | 69  0.04697  2.10483e-01
 70  0.02326  1.98580e+00 | 71 -0.04404 -7.99355e-01 | 72 -0.02656  1.53872e+00
 73 -0.00116 -1.68767e+00 | 74  0.00767 -1.03401e-01 | 75 -0.02339  1.47161e+00
 76  0.01983 -1.62960e+00 | 77 -0.02917 -1.57467e+00 | 78 -0.00946 -2.79542e+00
 79  0.00865 -1.91054e+00 | 80 -0.00922  3.44601e+00 | 81  0.00868  2.41298e+00
 82  0.03202  1.91088e-01 | 83  0.01101  5.63781e+00 | 84 -0.00253 -2.44409e+00
 85  0.01387  6.51854e+00 | 86  0.03146 -1.42004e+00 | 87 -0.01011 -7.36216e-01
 88  0.00835 -1.67863e+00 | 89  0.01365  1.57965e+00 | 90  0.01041 -4.38082e+00
 91  0.02617  6.96498e-03 | 92 -0.02123 -3.08068e+00 | 93  0.00377  1.13493e+00
 94 -0.03158 -8.03948e-01 | 95 -0.00375 -3.09068e+00 | 96  0.03947  1.45655e+00
 97 -0.02834 -2.20755e+00 | 98  0.04533  1.69662e+00 | 99 -0.01353  1.61062e+00
100  0.00984 -7.31011e-01 |101 -0.01050  1.65031e+00 |102 -0.02244  2.81460e+00
103 -0.00026 -1.52364e+00 |104 -0.00197 -1.32007e-01 |105 -0.00015 -2.43437e-01
106 -0.00015 -2.43375e-01 |107  0.81617 -1.66298e+00 |108 -0.41552  7.45371e+00
109  0.21174 -1.34991e+00 |110 -0.25469  3.69993e+00 |
110 variables; iteration 80; function evaluation 102; phase 5
Function value 2.2987348e+03; maximum gradient component mag 4.7210e+00
Var    Value     Gradient |Var    Value     Gradient |Var    Value     Gradient
  1 -0.41702  8.02600e-01 |  2 -0.42744  4.49881e+00 |  3 -0.40203  2.68932e+00
  4 -0.51917  1.69256e-01 |  5 -0.37854  1.90754e-01 |  6  0.62944 -3.65757e-01
  7  0.02135  2.26707e-01 |  8  0.00015 -7.59789e-03 |  9 -0.00579  3.60305e-01
 10  0.00735  5.37832e-02 | 11 -0.01301  1.69524e-02 | 12  0.01239  9.82519e-02
 13  0.00835  5.57454e-04 | 14  0.02787 -4.10308e-01 | 15  0.00415 -4.08091e-01
 16  0.00964 -5.39797e-01 | 17 -0.00095 -4.65131e-01 | 18 -0.00802 -2.50979e-02
 19  0.01131  2.56656e-01 | 20 -0.01383  8.22028e-01 | 21 -0.01463 -4.42074e-01
 22 -0.00128 -2.12504e-04 | 23  0.01297 -1.00669e-01 | 24 -0.03602  3.38743e-01
 25 -0.04368  6.00329e-01 | 26 -0.02857 -1.39298e-01 | 27  0.00404 -2.04121e-01
 28  0.01223  5.06284e-02 | 29 -0.02019 -1.13467e-01 | 30 -0.02171 -2.06778e-01
 31  0.02221  3.03765e-02 | 32  0.03073  4.54127e-01 | 33 -0.02504 -4.46523e-01
 34  0.03937  3.73471e-01 | 35 -0.02510 -2.15045e-01 | 36  0.01362  3.03552e-03
 37  0.06743 -4.77999e-02 | 38  0.05566 -5.54953e-01 | 39 -0.00006  2.15093e-01
 40 -0.00881  1.04034e-01 | 41 -0.00196  1.40928e-01 | 42 -0.00640  1.25810e-01
 43 -0.00128  1.43387e-02 | 44 -0.03950  2.70980e-03 | 45 -0.04027  1.24924e-01
 46 -0.02494  1.44522e-01 | 47  0.00629 -9.44542e-02 | 48  0.04440 -2.27607e-01
 49 -0.01619  1.18612e-01 | 50  0.04154  8.83958e-01 | 51  0.06240 -2.08866e-01
 52 -0.00862 -2.67693e-01 | 53  0.03237  1.12459e-01 | 54 -0.03229 -3.54145e-02
 55  0.00195  2.40632e-01 | 56 -0.01840  1.98591e-01 | 57 -0.02367 -1.92492e-01
 58  0.00130  7.49021e-02 | 59 -0.02445  3.19738e-01 | 60 -0.06321 -8.72023e-02
 61  0.01799 -5.85987e-02 | 62  0.00141 -1.95810e-01 | 63 -0.02459  9.41586e-02
 64 -0.01470 -2.14609e-02 | 65 -0.02028 -9.88299e-01 | 66  0.00809  2.61883e-02
 67 -0.02205  2.28162e-01 | 68  0.00993  9.29285e-02 | 69  0.04699  5.50133e-02
 70  0.02322 -2.98303e-01 | 71 -0.04396  4.29808e-02 | 72 -0.02663 -2.13818e-02
 73 -0.00109  6.97876e-02 | 74  0.00769 -4.27838e-02 | 75 -0.02342  5.91883e-01
 76  0.01988  2.21929e-01 | 77 -0.02908 -1.67210e-01 | 78 -0.00936 -3.41104e-01
 79  0.00874  7.44052e-02 | 80 -0.00935  2.54746e-01 | 81  0.00862  1.27015e-01
 82  0.03203 -9.31817e-02 | 83  0.01081 -1.21555e-01 | 84 -0.00240  1.48677e-02
 85  0.01367  1.69964e-01 | 86  0.03152  1.85201e-01 | 87 -0.01009 -4.08154e-01
 88  0.00841 -1.71672e-01 | 89  0.01360 -2.63415e-02 | 90  0.01056 -7.42005e-02
 91  0.02618  1.77517e-01 | 92 -0.02108 -3.59878e-01 | 93  0.00373  9.41105e-02
 94 -0.03152  2.92587e-01 | 95 -0.00361  1.14371e-01 | 96  0.03942 -1.90887e-01
 97 -0.02819 -1.57099e-01 | 98  0.04525 -2.26320e-01 | 99 -0.01368 -5.60685e-02
100  0.00986  1.19884e-01 |101 -0.01071 -2.11349e-01 |102 -0.02289  7.86294e-02
103  0.00010  3.97189e-01 |104 -0.00197  1.11890e-02 |105 -0.00002  1.12379e-01
106 -0.00002  1.12320e-01 |107  0.81689 -7.09891e-01 |108 -0.41543  4.72103e+00
109  0.21181 -2.66592e-01 |110 -0.25470  2.51565e-01 |
110 variables; iteration 100; function evaluation 134; phase 5
Function value 2.2987344e+03; maximum gradient component mag 2.2572e+00
Var    Value     Gradient |Var    Value     Gradient |Var    Value     Gradient
  1 -0.41704  3.98984e-01 |  2 -0.42744  2.25722e+00 |  3 -0.40203  1.27759e+00
  4 -0.51914  1.01497e-01 |  5 -0.37851  1.12237e-01 |  6  0.62944 -1.53422e-01
  7  0.02129  5.43319e-02 |  8  0.00018  3.28905e-02 |  9 -0.00599  1.42026e-02
 10  0.00734  1.92023e-02 | 11 -0.01299  5.35772e-02 | 12  0.01240  1.36230e-01
 13  0.00831 -8.64472e-02 | 14  0.02801 -2.55322e-02 | 15  0.00429 -4.77370e-02
 16  0.00972 -3.01870e-01 | 17 -0.00086 -1.77040e-01 | 18 -0.00796  1.97006e-01
 19  0.01124 -8.20455e-02 | 20 -0.01396  2.72088e-01 | 21 -0.01453  2.75374e-02
 22 -0.00130 -9.32242e-02 | 23  0.01295 -2.56632e-01 | 24 -0.03605  1.88174e-01
 25 -0.04375  2.28808e-01 | 26 -0.02856 -7.73787e-02 | 27  0.00405 -3.93491e-02
 28  0.01224  1.97429e-01 | 29 -0.02018 -1.31176e-02 | 30 -0.02170 -1.19340e-01
 31  0.02222  7.47011e-02 | 32  0.03073  3.72766e-01 | 33 -0.02499 -2.69748e-02
 34  0.03935  1.76344e-02 | 35 -0.02508 -6.56783e-02 | 36  0.01360 -2.26511e-01
 37  0.06744  2.85338e-02 | 38  0.05568 -1.51033e-01 | 39 -0.00007  1.37923e-01
 40 -0.00881  6.71681e-02 | 41 -0.00198 -9.08608e-02 | 42 -0.00642 -1.37474e-01
 43 -0.00128  3.23439e-02 | 44 -0.03950  2.65829e-03 | 45 -0.04029 -2.28093e-02
 46 -0.02494  6.65930e-02 | 47  0.00629 -1.18040e-01 | 48  0.04440 -1.19979e-01
 49 -0.01618  1.30536e-01 | 50  0.04152  2.58128e-01 | 51  0.06241 -7.30990e-02
 52 -0.00861 -1.32558e-01 | 53  0.03239  3.23537e-01 | 54 -0.03230 -8.35146e-02
 55  0.00194  1.73479e-01 | 56 -0.01841  6.65386e-02 | 57 -0.02365 -4.21062e-02
 58  0.00129 -9.84173e-02 | 59 -0.02446  1.08045e-01 | 60 -0.06322 -1.70543e-01
 61  0.01800  1.36214e-02 | 62  0.00142 -6.71478e-02 | 63 -0.02458  3.01256e-01
 64 -0.01470  3.52958e-02 | 65 -0.02025 -3.53649e-01 | 66  0.00809  5.51592e-02
 67 -0.02207 -1.50949e-01 | 68  0.00993  8.28025e-02 | 69  0.04699  3.39264e-02
 70  0.02322 -1.24325e-01 | 71 -0.04398 -2.02577e-01 | 72 -0.02663  1.98055e-02
 73 -0.00109  6.56598e-02 | 74  0.00769 -1.35154e-02 | 75 -0.02342  5.30411e-01
 76  0.01988  1.20853e-01 | 77 -0.02908 -1.25977e-01 | 78 -0.00935 -9.05749e-02
 79  0.00874  6.45417e-02 | 80 -0.00935  1.17793e-01 | 81  0.00862  3.89338e-02
 82  0.03203 -2.32070e-02 | 83  0.01081 -1.05071e-01 | 84 -0.00240  7.61029e-02
 85  0.01366  1.78416e-02 | 86  0.03152  1.07795e-01 | 87 -0.01008 -1.28603e-01
 88  0.00842 -3.94966e-02 | 89  0.01360 -1.39107e-02 | 90  0.01057  1.93172e-02
 91  0.02618  8.40550e-02 | 92 -0.02106 -6.77701e-02 | 93  0.00373  3.03431e-02
 94 -0.03153  7.13716e-02 | 95 -0.00361  1.08793e-01 | 96  0.03942 -9.23755e-02
 97 -0.02819 -2.11302e-01 | 98  0.04525 -1.18062e-01 | 99 -0.01368 -7.75036e-03
100  0.00986  6.18384e-02 |101 -0.01074 -4.87012e-01 |102 -0.02290  2.61352e-03
103  0.00006  1.99445e-01 |104 -0.00195  3.87177e-02 |105 -0.00013 -6.76153e-02
106 -0.00013 -6.75430e-02 |107  0.81688 -3.51339e-01 |108 -0.41543  2.23689e+00
109  0.21183 -1.39668e-01 |110 -0.25469  1.66309e-01 |
110 variables; iteration 120; function evaluation 162; phase 5
Function value 2.2987343e+03; maximum gradient component mag 1.0505e-04
Var    Value     Gradient |Var    Value     Gradient |Var    Value     Gradient
  1 -0.41705  1.65915e-05 |  2 -0.42745  8.45896e-05 |  3 -0.40202  5.14794e-05
  4 -0.51920  4.35879e-06 |  5 -0.37848  5.74694e-06 |  6  0.62945 -1.44876e-05
  7  0.02127 -1.27012e-06 |  8  0.00016  6.53178e-08 |  9 -0.00600  3.85922e-08
 10  0.00733  1.39114e-06 | 11 -0.01302  6.59445e-07 | 12  0.01234 -1.15742e-06
 13  0.00834  1.24460e-06 | 14  0.02801 -8.53481e-08 | 15  0.00430  1.07519e-06
 16  0.00982  1.07175e-06 | 17 -0.00081  9.92286e-07 | 18 -0.00801 -1.46715e-06
 19  0.01125 -1.65122e-06 | 20 -0.01403 -3.89802e-06 | 21 -0.01454 -1.15355e-06
 22 -0.00129 -1.27025e-07 | 23  0.01298 -1.20247e-06 | 24 -0.03609 -1.55068e-06
 25 -0.04379 -1.93171e-06 | 26 -0.02855  1.67163e-07 | 27  0.00405  2.44085e-06
 28  0.01222  2.06027e-07 | 29 -0.02018 -5.38587e-07 | 30 -0.02169  5.69667e-07
 31  0.02221 -4.66616e-07 | 32  0.03071 -2.12290e-06 | 33 -0.02499  1.10867e-06
 34  0.03934 -1.35038e-06 | 35 -0.02507  1.43543e-06 | 36  0.01361  4.43481e-06
 37  0.06743 -4.18438e-07 | 38  0.05568 -2.19680e-07 | 39 -0.00008 -1.54602e-06
 40 -0.00882 -1.77722e-06 | 41 -0.00198 -1.01367e-05 | 42 -0.00641  4.47071e-06
 43 -0.00129  3.27435e-07 | 44 -0.03951  1.17693e-06 | 45 -0.04028 -2.36535e-07
 46 -0.02495 -6.53300e-07 | 47  0.00629 -6.05819e-07 | 48  0.04441  5.58586e-07
 49 -0.01620 -4.13226e-07 | 50  0.04150 -4.36946e-06 | 51  0.06241  7.46891e-07
 52 -0.00860  2.09274e-06 | 53  0.03237 -1.94546e-06 | 54 -0.03229 -5.09890e-06
 55  0.00193  4.05048e-07 | 56 -0.01842 -7.62561e-07 | 57 -0.02365 -3.52983e-06
 58  0.00129  8.68180e-07 | 59 -0.02447 -1.18754e-06 | 60 -0.06320 -9.65021e-07
 61  0.01800  1.04215e-06 | 62  0.00142 -5.51477e-08 | 63 -0.02460 -2.29025e-07
 64 -0.01470 -2.63179e-07 | 65 -0.02023  3.22642e-06 | 66  0.00809  9.52789e-08
 67 -0.02206 -6.35953e-07 | 68  0.00993  2.35911e-06 | 69  0.04699  5.01178e-07
 70  0.02322 -5.07897e-06 | 71 -0.04397  1.03309e-06 | 72 -0.02663  6.07990e-08
 73 -0.00109  1.58537e-06 | 74  0.00769  2.25192e-07 | 75 -0.02345 -3.27074e-06
 76  0.01988  2.70143e-06 | 77 -0.02907  9.69277e-07 | 78 -0.00935  9.89901e-07
 79  0.00873  1.13405e-06 | 80 -0.00936 -1.05176e-06 | 81  0.00861 -6.95368e-07
 82  0.03203 -1.24242e-06 | 83  0.01082 -6.00063e-07 | 84 -0.00240 -6.76887e-07
 85  0.01366  1.61364e-06 | 86  0.03151  2.54626e-06 | 87 -0.01007  4.10627e-07
 88  0.00842  2.95558e-07 | 89  0.01360 -5.20863e-07 | 90  0.01057 -2.20820e-07
 91  0.02617  2.55448e-06 | 92 -0.02106  1.68171e-06 | 93  0.00373  1.55835e-06
 94 -0.03153 -1.82695e-07 | 95 -0.00361  7.16686e-07 | 96  0.03942 -1.90080e-06
 97 -0.02817  2.56253e-06 | 98  0.04526 -2.41773e-06 | 99 -0.01367  7.11410e-06
100  0.00986  1.24775e-06 |101 -0.01068  3.35592e-06 |102 -0.02290  2.27820e-09
103  0.00002 -5.86664e-09 |104 -0.00197  9.23970e-07 |105 -0.00008  1.07078e-06
106 -0.00008  1.28602e-06 |107  0.81693 -1.75467e-05 |108 -0.41543  1.05050e-04
109  0.21185 -3.99400e-06 |110 -0.25468  1.43384e-05 |

 - final statistics:
110 variables; iteration 121; function evaluation 163
Function value 2.2987e+03; maximum gradient component mag -3.8146e-07
Exit code = 1;  converg criter 1.0000e-04
Var    Value     Gradient |Var    Value     Gradient |Var    Value     Gradient
  1 -0.41705  7.38514e-08 |  2 -0.42745 -2.03666e-07 |  3 -0.40202  1.29462e-07
  4 -0.51920 -3.00160e-08 |  5 -0.37848 -4.77025e-08 |  6  0.62945 -3.81459e-07
  7  0.02127  1.33300e-09 |  8  0.00016 -3.31858e-08 |  9 -0.00600  1.65086e-09
 10  0.00733  1.46054e-08 | 11 -0.01302 -1.73345e-09 | 12  0.01234  1.91749e-08
 13  0.00834  1.25041e-08 | 14  0.02801  1.71229e-08 | 15  0.00430  6.27780e-09
 16  0.00982 -6.83746e-09 | 17 -0.00081 -1.62786e-08 | 18 -0.00801  2.49635e-08
 19  0.01125 -4.64840e-08 | 20 -0.01403  5.57735e-09 | 21 -0.01454  6.06700e-09
 22 -0.00129 -1.16268e-08 | 23  0.01298 -5.77805e-08 | 24 -0.03609  3.45682e-08
 25 -0.04379  9.70379e-09 | 26 -0.02855 -7.70551e-09 | 27  0.00405 -4.75147e-08
 28  0.01222 -6.83531e-09 | 29 -0.02018 -4.83050e-09 | 30 -0.02169  2.35437e-08
 31  0.02221 -2.02186e-09 | 32  0.03071 -1.66145e-08 | 33 -0.02499 -1.89569e-09
 34  0.03934  6.18555e-09 | 35 -0.02507 -9.15309e-10 | 36  0.01361 -1.31845e-07
 37  0.06743 -2.65226e-08 | 38  0.05568 -2.40248e-08 | 39 -0.00008 -9.55808e-09
 40 -0.00882  6.71862e-08 | 41 -0.00198  2.85118e-07 | 42 -0.00641 -2.02963e-07
 43 -0.00129  7.08687e-09 | 44 -0.03951 -1.71464e-08 | 45 -0.04028 -5.41958e-09
 46 -0.02495  7.89078e-09 | 47  0.00629  6.17462e-08 | 48  0.04441 -4.05382e-08
 49 -0.01620 -4.84619e-08 | 50  0.04150 -1.72590e-08 | 51  0.06241 -7.65710e-09
 52 -0.00860 -6.94509e-09 | 53  0.03237 -4.66235e-08 | 54 -0.03229  1.87582e-07
 55  0.00193 -3.56328e-08 | 56 -0.01842  3.91384e-08 | 57 -0.02365  1.35157e-07
 58  0.00129 -2.34558e-08 | 59 -0.02447  4.80867e-08 | 60 -0.06320  5.75660e-08
 61  0.01800  2.35304e-09 | 62  0.00142 -1.41837e-08 | 63 -0.02460  1.30796e-08
 64 -0.01470 -2.21942e-08 | 65 -0.02023 -1.36407e-08 | 66  0.00809 -6.86463e-09
 67 -0.02206 -4.77706e-09 | 68  0.00993  5.23533e-09 | 69  0.04699 -1.64746e-09
 70  0.02322 -4.73151e-08 | 71 -0.04397 -2.20093e-08 | 72 -0.02663  1.72072e-08
 73 -0.00109 -5.51416e-09 | 74  0.00769 -1.45089e-08 | 75 -0.02345  5.19300e-09
 76  0.01988  1.55310e-08 | 77 -0.02907 -1.09906e-08 | 78 -0.00935 -2.17164e-08
 79  0.00873 -1.07917e-09 | 80 -0.00936  1.90000e-08 | 81  0.00861  6.56124e-09
 82  0.03203 -2.26671e-08 | 83  0.01082  1.28692e-08 | 84 -0.00240  2.05133e-09
 85  0.01366  3.78729e-08 | 86  0.03151  6.99942e-09 | 87 -0.01007 -1.41124e-08
 88  0.00842 -1.13110e-08 | 89  0.01360  3.30996e-09 | 90  0.01057 -1.41581e-08
 91  0.02617  2.10710e-08 | 92 -0.02106  1.73093e-09 | 93  0.00373  2.66938e-08
 94 -0.03153  1.70571e-09 | 95 -0.00361 -5.41791e-09 | 96  0.03942 -1.46296e-08
 97 -0.02817 -5.29048e-09 | 98  0.04526 -1.69036e-08 | 99 -0.01367 -2.07730e-07
100  0.00986 -6.93316e-09 |101 -0.01068 -7.59857e-10 |102 -0.02290  6.37939e-08
103  0.00002  4.03201e-08 |104 -0.00197  1.83432e-08 |105 -0.00008  4.49603e-09
106 -0.00008 -1.96651e-09 |107  0.81693 -3.30721e-08 |108 -0.41543  3.46547e-07
109  0.21185  2.00435e-08 |110 -0.25468 -7.96155e-08 |

 - final statistics:
122 variables; iteration 0; function evaluation 0
Function value 2.2987e+03; maximum gradient component mag -3.8169e-07
Exit code = 0;  converg criter 1.0000e-04
Var    Value     Gradient |Var    Value     Gradient |Var    Value     Gradient
  1 -0.41705  7.38604e-08 |  2 -0.42745 -2.03803e-07 |  3 -0.40202  1.29448e-07
  4 -0.51920 -3.00145e-08 |  5 -0.37848 -4.77044e-08 |  6  0.62945 -3.81692e-07
  7  0.02127  1.33213e-09 |  8  0.00016 -3.31860e-08 |  9 -0.00600  1.65071e-09
 10  0.00733  1.46051e-08 | 11 -0.01302 -1.73364e-09 | 12  0.01234  1.90996e-08
 13  0.00834  1.24290e-08 | 14  0.02801  1.70474e-08 | 15  0.00430  6.20225e-09
 16  0.00982 -6.91311e-09 | 17 -0.00081 -1.63544e-08 | 18 -0.00801  2.48877e-08
 19  0.01125 -4.65598e-08 | 20 -0.01403  5.50125e-09 | 21 -0.01454  5.99075e-09
 22 -0.00129 -1.17036e-08 | 23  0.01298 -5.78585e-08 | 24 -0.03609  3.44917e-08
 25 -0.04379  9.62736e-09 | 26 -0.02855 -7.78253e-09 | 27  0.00405 -4.75928e-08
 28  0.01222 -6.91428e-09 | 29 -0.02018 -4.90788e-09 | 30 -0.02169  2.34662e-08
 31  0.02221 -2.10120e-09 | 32  0.03071 -1.66930e-08 | 33 -0.02499 -1.97263e-09
 34  0.03934  6.10449e-09 | 35 -0.02507 -9.92328e-10 | 36  0.01361 -1.31925e-07
 37  0.06743 -2.66082e-08 | 38  0.05568 -2.41100e-08 | 39 -0.00008 -9.63773e-09
 40 -0.00882  6.71070e-08 | 41 -0.00198  2.85038e-07 | 42 -0.00641 -2.03043e-07
 43 -0.00129  7.00600e-09 | 44 -0.03951 -1.72244e-08 | 45 -0.04028 -5.49768e-09
 46 -0.02495  7.81186e-09 | 47  0.00629  6.16647e-08 | 48  0.04441 -4.06258e-08
 49 -0.01620 -4.85424e-08 | 50  0.04150 -1.73482e-08 | 51  0.06241 -7.75347e-09
 52 -0.00860 -7.02752e-09 | 53  0.03237 -4.67119e-08 | 54 -0.03229  1.87501e-07
 55  0.00193 -3.57175e-08 | 56 -0.01842  3.90543e-08 | 57 -0.02365  1.35073e-07
 58  0.00129 -2.35445e-08 | 59 -0.02447  4.80019e-08 | 60 -0.06320  5.74857e-08
 61  0.01800  2.25649e-09 | 62  0.00142 -1.42759e-08 | 63 -0.02460  1.29934e-08
 64 -0.01470 -2.22809e-08 | 65 -0.02023 -1.37258e-08 | 66  0.00809 -6.95443e-09
 67 -0.02206 -4.86062e-09 | 68  0.00993  5.14454e-09 | 69  0.04699 -1.75107e-09
 70  0.02322 -4.74116e-08 | 71 -0.04397 -2.20913e-08 | 72 -0.02663  1.71232e-08
 73 -0.00109 -5.60119e-09 | 74  0.00769 -1.45984e-08 | 75 -0.02345  5.11043e-09
 76  0.01988  1.54390e-08 | 77 -0.02907 -1.10730e-08 | 78 -0.00935 -2.18017e-08
 79  0.00873 -1.16583e-09 | 80 -0.00936  1.89157e-08 | 81  0.00861  6.47584e-09
 82  0.03203 -2.27523e-08 | 83  0.01082  1.27840e-08 | 84 -0.00240  1.96665e-09
 85  0.01366  3.77867e-08 | 86  0.03151  6.90902e-09 | 87 -0.01007 -1.41947e-08
 88  0.00842 -1.13947e-08 | 89  0.01360  3.22584e-09 | 90  0.01057 -1.42412e-08
 91  0.02617  2.09877e-08 | 92 -0.02106  1.65168e-09 | 93  0.00373  2.66145e-08
 94 -0.03153  1.62802e-09 | 95 -0.00361 -5.49593e-09 | 96  0.03942 -1.47093e-08
 97 -0.02817 -5.36716e-09 | 98  0.04526 -1.69819e-08 | 99 -0.01367 -2.07805e-07
100  0.00986 -7.00738e-09 |101 -0.01068 -8.33720e-10 |102 -0.02290  6.37196e-08
103  0.00002  4.02460e-08 |104 -0.00197  1.82683e-08 |105 -0.00008  4.42104e-09
106 -0.00008 -2.04150e-09 |107  0.00000  0.00000e+00 |108  0.00000  0.00000e+00
109  0.00000  0.00000e+00 |110  0.00000  0.00000e+00 |111  0.00000  0.00000e+00
112  0.00000  0.00000e+00 |113  0.00000  0.00000e+00 |114  0.00000  0.00000e+00
115  0.00000  0.00000e+00 |116  0.00000  0.00000e+00 |117  0.00000  0.00000e+00
118  0.00000  0.00000e+00 |119  0.81693 -3.30959e-08 |120 -0.41543  3.46686e-07
121  0.21185  2.00339e-08 |122 -0.25468 -7.95858e-08 |
size of file gradfil1.tmp = 0
size of file gradfil2.tmp = 0
size of file varssave.tmp = 0
size of file cmpdiff.tmp = 0
