
Initial statistics: 1 variables; iteration 0; function evaluation 0; phase 1
Function value 2.7764138e+03; maximum gradient component mag -4.1505e+03
Var    Value     Gradient |Var    Value     Gradient |Var    Value     Gradient
  1  0.63197 -4.15054e+03 |

 - final statistics:
1 variables; iteration 3; function evaluation 6
Function value 2.7616e+03; maximum gradient component mag -7.5771e+00
Exit code = 1;  converg criter 1.0000e+01
Var    Value     Gradient |Var    Value     Gradient |Var    Value     Gradient
  1  0.63951 -7.57705e+00 |

Initial statistics: 98 variables; iteration 0; function evaluation 0; phase 2
Function value 2.7616217e+03; maximum gradient component mag -2.2114e+03
Var    Value     Gradient |Var    Value     Gradient |Var    Value     Gradient
  1  0.63951 -7.57705e+00 |  2  0.00000  3.18638e+00 |  3  0.00000  2.96261e+01
  4  0.00000  2.34459e+01 |  5  0.00000  3.58614e+00 |  6  0.00000 -1.03747e+01
  7  0.00000  8.58635e+01 |  8  0.00000 -1.83550e+01 |  9  0.00000  3.03789e+01
 10  0.00000  6.37137e+01 | 11  0.00000 -1.75687e+01 | 12  0.00000  1.12380e+02
 13  0.00000  4.22151e+01 | 14  0.00000  1.87174e+02 | 15  0.00000  1.77323e+02
 16  0.00000  1.12271e+02 | 17  0.00000  2.50486e+02 | 18  0.00000 -1.82164e+02
 19  0.00000 -1.79353e+01 | 20  0.00000 -9.10719e+02 | 21  0.00000  2.12148e+02
 22  0.00000 -1.79788e+01 | 23  0.00000 -2.83679e+02 | 24  0.00000  2.35759e+02
 25  0.00000  4.40406e+02 | 26  0.00000 -4.43394e+02 | 27  0.00000  1.63600e+02
 28  0.00000 -3.20179e+01 | 29  0.00000 -1.50697e+02 | 30  0.00000  1.49917e+01
 31  0.00000  2.44797e+02 | 32  0.00000 -4.30062e+02 | 33  0.00000 -2.11347e+02
 34  0.00000  1.41394e+02 | 35  0.00000  4.16698e+02 | 36  0.00000 -2.04046e+02
 37  0.00000  3.84329e+02 | 38  0.00000 -3.24965e+02 | 39  0.00000  4.11661e+02
 40  0.00000  3.80849e+02 | 41  0.00000  1.20748e+02 | 42  0.00000  3.99744e+02
 43  0.00000 -1.91824e+02 | 44  0.00000  4.11789e+01 | 45  0.00000 -2.47830e+02
 46  0.00000 -3.67069e+02 | 47  0.00000  4.07970e+02 | 48  0.00000 -1.76924e+02
 49  0.00000  4.93108e+02 | 50  0.00000  5.28627e+02 | 51  0.00000  1.77653e+02
 52  0.00000 -4.09866e+02 | 53  0.00000  1.84139e+02 | 54  0.00000  9.36417e+02
 55  0.00000 -8.66109e+02 | 56  0.00000  9.31129e+02 | 57  0.00000 -9.64690e+01
 58  0.00000  2.86592e+02 | 59  0.00000 -1.77466e+03 | 60  0.00000  1.25066e+02
 61  0.00000  5.56867e+02 | 62  0.00000  1.36196e+03 | 63  0.00000 -4.03310e+02
 64  0.00000  2.17889e+01 | 65  0.00000 -1.52854e+03 | 66  0.00000  2.56577e+02
 67  0.00000 -1.01116e+02 | 68  0.00000 -8.47787e+02 | 69  0.00000  3.11839e+02
 70  0.00000 -5.10267e+00 | 71  0.00000  8.26638e+02 | 72  0.00000  8.77473e+02
 73  0.00000  8.02588e+02 | 74  0.00000 -1.80153e+03 | 75  0.00000 -1.31697e+02
 76  0.00000 -2.21137e+03 | 77  0.00000  2.85964e+02 | 78  0.00000  2.33821e+02
 79  0.00000  6.20718e+02 | 80  0.00000  8.20475e+02 | 81  0.00000  3.29670e+01
 82  0.00000  3.93450e+02 | 83  0.00000 -5.22090e+02 | 84  0.00000 -1.80033e+03
 85  0.00000 -2.50919e+02 | 86  0.00000  5.13740e+02 | 87  0.00000  5.14217e+02
 88  0.00000 -9.18456e+01 | 89  0.00000 -2.80329e+02 | 90  0.00000 -2.12013e+02
 91  0.00000  1.61135e+02 | 92  0.00000  2.83604e+02 | 93  0.00000 -1.07685e+02
 94  0.00000  3.00620e+00 | 95  0.00000  1.11541e+00 | 96  0.00000  1.11531e+00
 97  0.81654  5.82281e+01 | 98  0.22185  4.48939e+01 |

Intermediate statistics: 98 variables; iteration 20; function evaluation 30; phase 2
Function value 2.2561088e+03; maximum gradient component mag 1.2379e+03
Var    Value     Gradient |Var    Value     Gradient |Var    Value     Gradient
  1  0.63093  1.23792e+03 |  2  0.02011  3.42549e+00 |  3 -0.07586 -1.56024e+02
  4 -0.01028 -4.34799e+01 |  5  0.00887 -1.95396e+01 |  6 -0.00056 -5.88816e+01
  7  0.00014  3.71773e+01 |  8  0.00728 -4.57431e+01 |  9 -0.00759 -5.16721e+01
 10 -0.02720 -9.50332e+01 | 11  0.00239 -6.90247e+01 | 12 -0.01543 -3.42921e+01
 13 -0.00343 -5.30813e+01 | 14 -0.03536 -1.14181e+02 | 15 -0.03539 -1.67326e+02
 16 -0.00144  2.37377e+01 | 17 -0.01100  6.37092e+01 | 18  0.00906 -1.02324e+02
 19  0.00804  6.27948e+01 | 20  0.03998 -2.93255e+02 | 21 -0.00131  1.51890e+02
 22  0.00365 -3.97443e+01 | 23  0.03621  2.15844e+02 | 24 -0.00834  5.22289e+01
 25 -0.02005  1.23945e+02 | 26  0.02913 -6.70679e+01 | 27 -0.00884 -2.73099e+01
 28  0.00281 -7.59875e+01 | 29  0.02147  8.01826e+01 | 30 -0.00219 -9.20847e+01
 31 -0.00600  9.24112e+01 | 32  0.02577 -7.90423e+01 | 33  0.01843  8.14751e+00
 34 -0.00768 -3.07932e+01 | 35 -0.01583  1.34915e+02 | 36  0.01463 -3.38999e+01
 37 -0.02195  2.05968e+01 | 38  0.01252 -1.93617e+02 | 39 -0.02318  2.53931e+01
 40 -0.02336 -1.82172e+01 | 41  0.00112  4.25768e+01 | 42 -0.01751  8.16652e+01
 43  0.01624 -1.77478e+00 | 44 -0.00198 -6.63426e+01 | 45  0.01621 -6.02835e+01
 46  0.01772 -1.56168e+02 | 47 -0.03247 -1.13534e+02 | 48  0.01029 -1.11250e+02
 49 -0.00754  2.40057e+02 | 50 -0.01152  1.92845e+02 | 51 -0.01504 -2.22141e+02
 52  0.02021  6.80290e+01 | 53  0.00096  1.19603e+02 | 54 -0.02300  2.55743e+02
 55  0.01281 -5.91944e+02 | 56 -0.02344  2.78977e+02 | 57  0.00824  4.95962e+01
 58 -0.00925  7.16382e+01 | 59  0.03685 -5.60038e+02 | 60 -0.00177  5.94356e+01
 61 -0.00674  2.88594e+02 | 62 -0.03439  4.80627e+02 | 63  0.01431 -4.69043e+01
 64 -0.00050  5.26908e+01 | 65  0.04434  9.96819e+01 | 66 -0.00713  1.11103e+02
 67  0.00224 -4.07848e+01 | 68  0.01716 -3.50213e+02 | 69 -0.01066  5.21879e+01
 70  0.00430  7.43735e+01 | 71 -0.01534  3.71404e+02 | 72 -0.01636  3.66468e+02
 73 -0.01663  3.69229e+02 | 74  0.03835 -3.75653e+02 | 75  0.00209  5.58180e+01
 76  0.04599 -5.28968e+02 | 77 -0.01110  6.62842e+01 | 78 -0.00032  1.48437e+02
 79 -0.01032  2.54448e+02 | 80 -0.01789  2.70620e+02 | 81  0.00724  1.21627e+02
 82 -0.00763  1.54174e+02 | 83  0.02105  3.93508e+01 | 84  0.03585 -7.62998e+02
 85  0.01149 -3.94944e+01 | 86 -0.00819  1.83690e+02 | 87 -0.01573  5.54934e+01
 88  0.01231 -7.16064e+00 | 89  0.02066 -5.13294e+00 | 90  0.01702 -6.16684e+01
 91  0.00144  4.08822e+01 | 92 -0.02005  6.09262e+01 | 93  0.03640 -1.73774e+01
 94 -0.04077 -9.81715e+01 | 95  0.00640 -2.67798e+01 | 96  0.00640 -2.67773e+01
 97  0.83230  1.55498e+02 | 98  0.22371 -1.90052e+01 |
98 variables; iteration 40; function evaluation 55; phase 2
Function value 2.2083780e+03; maximum gradient component mag 2.1914e+03
Var    Value     Gradient |Var    Value     Gradient |Var    Value     Gradient
  1  0.63314  2.19135e+03 |  2  0.01124 -4.22529e+01 |  3  0.03692  4.93434e+01
  4 -0.00192 -5.11618e+01 |  5 -0.01273 -9.80478e+01 |  6  0.02718  8.98821e-02
  7 -0.06013 -1.36738e+02 |  8  0.01565 -3.83386e+01 |  9 -0.00702 -7.36353e+01
 10 -0.00648 -4.42891e+01 | 11  0.01109 -4.47648e+01 | 12 -0.00765 -1.86240e+01
 13 -0.00265 -7.03915e+01 | 14 -0.04809 -2.00652e+02 | 15 -0.00488  2.83939e+01
 16 -0.00782 -7.28451e+01 | 17 -0.01236  1.72608e+01 | 18  0.01683 -1.43969e+01
 19  0.00129 -4.84251e+01 | 20  0.04660 -1.59356e+02 | 21 -0.00547  7.81554e+01
 22  0.00319 -6.77294e+01 | 23  0.02194 -7.04681e+01 | 24 -0.01511 -4.61629e+01
 25 -0.03321 -1.66342e+01 | 26  0.02907 -7.10378e+01 | 27 -0.00973 -4.82319e+01
 28  0.00634 -3.51473e+01 | 29  0.02009  5.63778e+01 | 30  0.00183 -5.12738e+01
 31 -0.01663 -4.23269e+01 | 32  0.02971  1.36273e+00 | 33  0.01616 -3.34918e+01
 34 -0.00735 -3.75772e+01 | 35 -0.02517  1.95207e+01 | 36  0.01544 -1.61196e+01
 37 -0.02993 -7.56101e+01 | 38  0.01764 -8.39105e+01 | 39 -0.02876 -4.11841e+01
 40 -0.01952  1.97343e+01 | 41 -0.00074  1.32905e+01 | 42 -0.02551 -1.65163e+01
 43  0.01741  3.35394e+01 | 44  0.00240  7.86117e+00 | 45  0.01830  5.70672e+00
 46  0.02112 -4.96112e+01 | 47 -0.01648  7.76748e+01 | 48  0.01267 -2.96160e+01
 49 -0.01566  1.20819e+02 | 50 -0.02148  3.86530e+01 | 51 -0.00424  2.14098e+00
 52  0.01429 -9.03884e+01 | 53 -0.00441 -1.26176e+01 | 54 -0.03002  1.31674e+02
 55  0.02825  1.16410e+02 | 56 -0.02951  1.89558e+02 | 57  0.00854  9.56217e+01
 58 -0.01476 -2.58845e+01 | 59  0.03968 -3.39564e+02 | 60 -0.00422  2.80093e+01
 61 -0.01246  1.64904e+02 | 62 -0.05032  2.19992e+02 | 63  0.01028 -1.59614e+02
 64 -0.00251  2.64894e+01 | 65  0.04954  4.76420e+02 | 66 -0.00713  1.42460e+02
 67  0.00713  1.39561e+02 | 68  0.02407 -3.06172e+01 | 69 -0.00610  1.87596e+02
 70  0.00183  1.49014e+01 | 71 -0.02390  1.76314e+02 | 72 -0.02307  1.98827e+02
 73 -0.02617  1.68117e+02 | 74  0.04337 -6.10756e+01 | 75 -0.00171 -2.07007e+00
 76  0.05357 -3.03070e+01 | 77 -0.01031  1.00516e+02 | 78 -0.00432  4.63905e+01
 79 -0.01531  1.31129e+02 | 80 -0.02349  1.39051e+02 | 81  0.00563  6.07037e+01
 82 -0.01469 -1.71849e+01 | 83  0.01082 -2.42609e+02 | 84  0.05149 -4.58484e+01
 85  0.00865 -9.01986e+01 | 86 -0.01673  1.51579e+01 | 87 -0.01606  3.39277e+01
 88  0.01438  3.74935e+01 | 89  0.01885 -3.84656e+01 | 90  0.01341 -1.17150e+02
 91  0.00485  7.29867e+01 | 92 -0.04348 -8.18613e+01 | 93  0.00890 -1.73204e+02
 94  0.03587 -6.60013e+00 | 95 -0.01303 -8.53935e+01 | 96 -0.01303 -8.53978e+01
 97  0.82085  1.30948e+02 | 98  0.22147 -7.01205e+00 |
98 variables; iteration 60; function evaluation 83; phase 2
Function value 2.1758271e+03; maximum gradient component mag 1.1644e+03
Var    Value     Gradient |Var    Value     Gradient |Var    Value     Gradient
  1  0.62733  1.16437e+03 |  2 -0.00733 -5.28710e+01 |  3 -0.01556 -4.53817e+01
  4 -0.01376 -5.10616e+01 |  5  0.01484 -5.53994e+00 |  6  0.01173 -2.67258e+01
  7 -0.02869 -4.05171e+01 |  8  0.00847 -4.53156e+01 |  9 -0.00115 -3.23791e+01
 10 -0.00849 -3.28478e+01 | 11  0.00756 -4.97011e+01 | 12 -0.01771 -4.97794e+01
 13  0.00403 -1.39411e+01 | 14 -0.01631 -1.45815e+01 | 15 -0.01545 -4.53793e+01
 16 -0.00343 -2.06080e+01 | 17 -0.01817 -3.17940e+01 | 18  0.01617 -2.99437e+01
 19  0.00293 -2.34452e+01 | 20  0.05330 -2.32444e+01 | 21 -0.01273  3.10933e+00
 22  0.00659 -2.51808e+01 | 23  0.02505 -3.02815e+01 | 24 -0.01296 -1.78745e+01
 25 -0.03580 -2.44421e+01 | 26  0.03408  1.09036e+01 | 27 -0.00818 -2.80088e+01
 28  0.00749 -2.77664e+01 | 29  0.01712 -8.51141e+00 | 30  0.00539 -1.05892e+01
 31 -0.01339 -4.60173e+00 | 32  0.03218  2.48260e+01 | 33  0.01796 -2.23786e+01
 34 -0.00512 -1.67143e+01 | 35 -0.02859 -1.29486e+01 | 36  0.01656 -2.20815e+01
 37 -0.02406 -1.04024e+01 | 38  0.02287 -4.07519e+00 | 39 -0.02552 -6.12517e+00
 40 -0.02173 -1.20159e+01 | 41 -0.00170 -2.21512e+01 | 42 -0.02370 -2.89938e+00
 43  0.01774  8.09223e-01 | 44  0.00204 -2.19116e+01 | 45  0.02073  1.26745e+01
 46  0.02603  7.35336e+00 | 47 -0.02090  8.79912e+00 | 48  0.01766  2.13251e+01
 49 -0.02317 -8.18309e+00 | 50 -0.02198  7.46161e+00 | 51 -0.00205  1.02667e+01
 52  0.02100  5.42778e+01 | 53 -0.00325 -2.92649e+01 | 54 -0.03421  2.67262e+01
 55  0.02939  3.54680e+01 | 56 -0.03611  4.34035e+01 | 57  0.00893  3.01043e+01
 58 -0.01086  3.23948e+01 | 59  0.04971  6.34916e+01 | 60 -0.00145  5.30670e+01
 61 -0.01543  5.29292e+01 | 62 -0.06264  5.40990e+01 | 63  0.01828  3.69680e+01
 64 -0.00029  3.28797e+01 | 65  0.04433  4.71479e+01 | 66 -0.00956  3.88482e+01
 67  0.00630  6.19080e+01 | 68  0.02862  6.56495e+01 | 69 -0.00944  7.74819e+01
 70  0.00503  5.13281e+01 | 71 -0.02874  5.48626e+01 | 72 -0.02880  4.77450e+01
 73 -0.03134  5.03421e+01 | 74  0.04783  6.66882e+01 | 75  0.00089  3.45751e+01
 76  0.05753  7.21467e+01 | 77 -0.01291  2.15789e+01 | 78 -0.00356  2.37285e+01
 79 -0.01885  3.03301e+01 | 80 -0.02899  1.80973e+01 | 81  0.00537  1.57941e+01
 82 -0.01393 -5.62018e+00 | 83  0.01816 -4.45812e+01 | 84  0.05313 -7.10548e+00
 85  0.01187 -1.72604e+01 | 86 -0.01885 -1.60338e+01 | 87 -0.02104 -3.39756e+01
 88  0.01235 -5.54355e+00 | 89  0.01902 -8.76451e+00 | 90  0.01789 -1.33576e+01
 91 -0.01004 -6.04680e+01 | 92 -0.04561 -5.88529e+01 | 93  0.02651 -5.40485e+01
 94 -0.00906 -4.66346e+01 | 95  0.00580 -2.58374e+01 | 96  0.00580 -2.58350e+01
 97  0.81649  5.39073e+01 | 98  0.21972 -6.10370e+01 |
Maximum number of function evaluations exceeded

 - final statistics:
98 variables; iteration 71; function evaluation 100
Function value 2.1730e+03; maximum gradient component mag 4.1165e+02
Exit code = 3;  converg criter 1.0000e+01
Var    Value     Gradient |Var    Value     Gradient |Var    Value     Gradient
  1  0.62606  4.11652e+02 |  2  0.00129 -1.42687e+01 |  3 -0.01448 -2.15103e+01
  4 -0.00363 -7.73523e+00 |  5  0.00351 -1.31793e+01 |  6  0.00915 -1.33159e+01
  7 -0.02549 -1.16060e+01 |  8  0.00969 -2.11611e+01 |  9 -0.00467 -2.47164e+01
 10 -0.00825 -1.21752e+01 | 11  0.01014 -1.81461e+01 | 12 -0.01614 -2.36229e+01
 13  0.00330 -1.63311e+00 | 14 -0.01849 -9.86414e+00 | 15 -0.01477 -2.31025e+01
 16 -0.00334 -4.15790e+00 | 17 -0.01897 -2.23840e+01 | 18  0.01651 -1.15159e+01
 19  0.00363  1.30037e-01 | 20  0.05369 -9.04613e+00 | 21 -0.01474 -1.69862e+00
 22  0.00668 -1.07874e+01 | 23  0.02588 -5.83571e+00 | 24 -0.01336 -6.31797e+00
 25 -0.03738 -1.94162e+01 | 26  0.03327  6.39157e-01 | 27 -0.00785 -1.03277e+01
 28  0.00757 -1.54075e+01 | 29  0.01659 -8.16061e+00 | 30  0.00509 -4.79352e+00
 31 -0.01377  3.73924e+00 | 32  0.03102  2.01861e+00 | 33  0.01834 -1.11598e+01
 34 -0.00430  2.75438e+00 | 35 -0.02974 -1.08221e+01 | 36  0.01725 -7.63395e+00
 37 -0.02403  7.34067e-01 | 38  0.02302 -4.27531e+00 | 39 -0.02533  5.60174e+00
 40 -0.02146 -6.74645e-01 | 41 -0.00125 -1.35039e+01 | 42 -0.02374  4.21524e+00
 43  0.01807 -5.19979e-01 | 44  0.00305 -9.46433e+00 | 45  0.02054 -3.91694e+00
 46  0.02627 -6.38657e+00 | 47 -0.02120  6.65835e+00 | 48  0.01731 -4.56782e+00
 49 -0.02288 -4.92218e+00 | 50 -0.02192  6.59171e+00 | 51 -0.00168  6.67127e+00
 52  0.02057  1.60607e+01 | 53 -0.00141  5.62944e+00 | 54 -0.03479  1.82203e+01
 55  0.02962  3.84062e+00 | 56 -0.03743  2.32317e+01 | 57  0.00919  1.42288e+01
 58 -0.01108  1.93551e+01 | 59  0.05026  3.03599e+01 | 60 -0.00172  3.09420e+01
 61 -0.01639  2.31444e+01 | 62 -0.06551  3.02963e+01 | 63  0.01882  2.50127e+01
 64 -0.00032  1.79227e+01 | 65  0.04424 -1.30257e+01 | 66 -0.00982  2.26115e+01
 67  0.00566  2.36014e+01 | 68  0.02843  1.95141e+01 | 69 -0.01119  2.79601e+01
 70  0.00483  2.65215e+01 | 71 -0.03021  2.73121e+01 | 72 -0.03028  2.03825e+01
 73 -0.03277  2.74899e+01 | 74  0.04758  1.24513e+01 | 75  0.00053  1.64502e+01
 76  0.05692 -1.32195e+01 | 77 -0.01321  1.32763e+01 | 78 -0.00415  5.58621e+00
 79 -0.01991  1.24290e+01 | 80 -0.02992  1.01363e+01 | 81  0.00479 -2.23944e-01
 82 -0.01344  1.42388e+01 | 83  0.01975  3.93372e+00 | 84  0.05324 -1.09454e+01
 85  0.01226 -1.73729e+00 | 86 -0.01910 -5.30112e+00 | 87 -0.02024 -8.08063e+00
 88  0.01131 -1.48700e+01 | 89  0.01869 -4.77031e+00 | 90  0.01710 -1.12724e+01
 91 -0.00788 -1.88454e+01 | 92 -0.04056 -1.34949e+01 | 93  0.03139 -1.01913e+01
 94 -0.00317 -1.51142e+01 | 95  0.00066 -1.14287e+01 | 96  0.00066 -1.14282e+01
 97  0.81522  1.12421e+01 | 98  0.22212 -1.82612e+01 |

Initial statistics: 100 variables; iteration 0; function evaluation 0; phase 3
Function value 2.1729547e+03; maximum gradient component mag 4.1165e+02
Var    Value     Gradient |Var    Value     Gradient |Var    Value     Gradient
  1  0.62606  4.11652e+02 |  2  0.00129 -1.42100e+01 |  3 -0.01448 -2.14516e+01
  4 -0.00363 -7.67650e+00 |  5  0.00351 -1.31206e+01 |  6  0.00915 -1.32571e+01
  7 -0.02549 -1.15473e+01 |  8  0.00969 -2.11023e+01 |  9 -0.00467 -2.46577e+01
 10 -0.00825 -1.21164e+01 | 11  0.01014 -1.80874e+01 | 12 -0.01614 -2.35642e+01
 13  0.00330 -1.57438e+00 | 14 -0.01849 -9.80544e+00 | 15 -0.01477 -2.30438e+01
 16 -0.00334 -4.09918e+00 | 17 -0.01897 -2.23253e+01 | 18  0.01651 -1.14572e+01
 19  0.00363  1.88764e-01 | 20  0.05369 -8.98761e+00 | 21 -0.01474 -1.63991e+00
 22  0.00668 -1.07286e+01 | 23  0.02588 -5.77703e+00 | 24 -0.01336 -6.25925e+00
 25 -0.03738 -1.93576e+01 | 26  0.03327  6.97804e-01 | 27 -0.00785 -1.02690e+01
 28  0.00757 -1.53488e+01 | 29  0.01659 -8.10191e+00 | 30  0.00509 -4.73480e+00
 31 -0.01377  3.79795e+00 | 32  0.03102  2.07727e+00 | 33  0.01834 -1.11011e+01
 34 -0.00430  2.81310e+00 | 35 -0.02974 -1.07635e+01 | 36  0.01725 -7.57525e+00
 37 -0.02403  7.92752e-01 | 38  0.02302 -4.21662e+00 | 39 -0.02533  5.66042e+00
 40 -0.02146 -6.15951e-01 | 41 -0.00125 -1.34452e+01 | 42 -0.02374  4.27393e+00
 43  0.01807 -4.61275e-01 | 44  0.00305 -9.40560e+00 | 45  0.02054 -3.85824e+00
 46  0.02627 -6.32789e+00 | 47 -0.02120  6.71705e+00 | 48  0.01731 -4.50911e+00
 49 -0.02288 -4.86349e+00 | 50 -0.02192  6.65040e+00 | 51 -0.00168  6.73000e+00
 52  0.02057  1.61194e+01 | 53 -0.00140  5.68817e+00 | 54 -0.03479  1.82790e+01
 55  0.02962  3.89928e+00 | 56 -0.03743  2.32903e+01 | 57  0.00919  1.42875e+01
 58 -0.01108  1.94138e+01 | 59  0.05026  3.04184e+01 | 60 -0.00172  3.10007e+01
 61 -0.01639  2.32032e+01 | 62 -0.06550  3.03547e+01 | 63  0.01882  2.50714e+01
 64 -0.00032  1.79814e+01 | 65  0.04424 -1.29671e+01 | 66 -0.00982  2.26702e+01
 67  0.00566  2.36601e+01 | 68  0.02843  1.95727e+01 | 69 -0.01119  2.80189e+01
 70  0.00483  2.65802e+01 | 71 -0.03021  2.73708e+01 | 72 -0.03027  2.04412e+01
 73 -0.03277  2.75485e+01 | 74  0.04758  1.25098e+01 | 75  0.00053  1.65090e+01
 76  0.05693 -1.31610e+01 | 77 -0.01321  1.33350e+01 | 78 -0.00415  5.64493e+00
 79 -0.01991  1.24877e+01 | 80 -0.02992  1.01949e+01 | 81  0.00479 -1.65218e-01
 82 -0.01344  1.42975e+01 | 83  0.01975  3.99242e+00 | 84  0.05324 -1.08868e+01
 85  0.01226 -1.67858e+00 | 86 -0.01909 -5.24242e+00 | 87 -0.02024 -8.02193e+00
 88  0.01131 -1.48113e+01 | 89  0.01869 -4.71161e+00 | 90  0.01711 -1.12137e+01
 91 -0.00788 -1.87866e+01 | 92 -0.04056 -1.34363e+01 | 93  0.03139 -1.01327e+01
 94 -0.00317 -1.50555e+01 | 95  0.00066 -1.13699e+01 | 96  0.00066 -1.13694e+01
 97  0.81522  1.12421e+01 | 98 -0.41581  2.62515e+02 | 99  0.22212 -1.82612e+01
100 -0.25275 -2.27786e+02 |

Intermediate statistics: 100 variables; iteration 20; function evaluation 28; phase 3
Function value 2.1707331e+03; maximum gradient component mag 4.2519e+02
Var    Value     Gradient |Var    Value     Gradient |Var    Value     Gradient
  1  0.62705  4.25190e+02 |  2  0.00238 -1.28192e+01 |  3 -0.01030 -1.38318e+01
  4 -0.00506 -1.17168e+01 |  5  0.00413 -1.27078e+01 |  6  0.00981 -1.27840e+01
  7 -0.02537 -1.23410e+01 |  8  0.01168 -1.62102e+01 |  9 -0.00213 -1.77825e+01
 10 -0.00774 -1.23463e+01 | 11  0.01098 -1.70469e+01 | 12 -0.01463 -1.95596e+01
 13  0.00397 -1.49423e+00 | 14 -0.01790 -9.93072e+00 | 15 -0.01447 -2.47563e+01
 16 -0.00283 -2.66211e+00 | 17 -0.01912 -2.57232e+01 | 18  0.01660 -1.37755e+01
 19  0.00399  1.19835e+00 | 20  0.05392 -9.95222e+00 | 21 -0.01435 -1.97483e-01
 22  0.00674 -1.18407e+01 | 23  0.02596 -6.17268e+00 | 24 -0.01325 -5.98373e+00
 25 -0.03755 -2.12340e+01 | 26  0.03340  2.10197e+00 | 27 -0.00781 -1.04392e+01
 28  0.00750 -1.65735e+01 | 29  0.01658 -7.78551e+00 | 30  0.00510 -3.72635e+00
 31 -0.01357  6.51931e+00 | 32  0.03117  7.02694e+00 | 33  0.01832 -9.57011e+00
 34 -0.00419  6.03151e+00 | 35 -0.02992 -1.09452e+01 | 36  0.01733 -1.90322e+00
 37 -0.02395  4.02499e+00 | 38  0.02328  7.72498e+00 | 39 -0.02523  1.00138e+01
 40 -0.02155  2.40045e+00 | 41 -0.00157 -1.16805e+01 | 42 -0.02384  8.07887e+00
 43  0.01806  9.72910e+00 | 44  0.00271 -5.57278e+00 | 45  0.02061  1.08493e+01
 46  0.02675  2.04046e+01 | 47 -0.02151  1.17061e+01 | 48  0.01752  1.70108e+01
 49 -0.02350 -3.17518e+00 | 50 -0.02241  1.02176e+01 | 51 -0.00190  1.82300e+01
 52  0.02150  6.99997e+01 | 53 -0.00152  1.85744e+01 | 54 -0.03478  2.05964e+01
 55  0.03051  6.28286e+01 | 56 -0.03733  2.65692e+01 | 57  0.00861  7.22503e+00
 58 -0.01152  1.02873e+01 | 59  0.04961  1.01208e+01 | 60 -0.00292  1.87432e+00
 61 -0.01736  7.34268e+00 | 62 -0.06521  3.21833e+01 | 63  0.01741 -1.70906e+01
 64 -0.00130 -5.75991e+00 | 65  0.04538  5.66495e+01 | 66 -0.01070  4.11335e+00
 67  0.00381 -2.00120e+01 | 68  0.02822  8.17685e+00 | 69 -0.01251  8.92677e-01
 70  0.00230 -5.17216e+01 | 71 -0.03106  1.28723e+01 | 72 -0.03091  7.17559e+00
 73 -0.03325  2.47588e+01 | 74  0.04903  9.60691e+01 | 75 -0.00080 -7.65206e+00
 76  0.05793  4.57713e+01 | 77 -0.01419 -2.55035e+00 | 78 -0.00544 -2.84989e+01
 79 -0.02088 -4.47010e+00 | 80 -0.03034  9.73371e-02 | 81  0.00342 -3.31204e+01
 82 -0.01399 -3.93800e-02 | 83  0.01840 -2.80812e+01 | 84  0.05432  4.70966e+01
 85  0.01140 -1.51600e+01 | 86 -0.01931 -9.68796e+00 | 87 -0.02075 -1.14561e+01
 88  0.01106 -2.10793e+01 | 89  0.01823 -7.65836e+00 | 90  0.01724 -1.21068e+01
 91 -0.00799 -1.92725e+01 | 92 -0.03819 -8.58499e+00 | 93  0.03371 -3.02978e+00
 94 -0.00273 -1.35228e+01 | 95  0.00016 -1.25349e+01 | 96  0.00016 -1.25347e+01
 97  0.77547 -2.19193e+01 | 98 -0.42287  1.36069e+02 | 99  0.24501  1.69133e+01
100 -0.24572 -1.28417e+02 |
100 variables; iteration 40; function evaluation 56; phase 3
Function value 2.1698966e+03; maximum gradient component mag 5.0663e+01
Var    Value     Gradient |Var    Value     Gradient |Var    Value     Gradient
  1  0.62612  4.36794e+01 |  2  0.00056 -5.41458e+00 |  3 -0.00898 -1.44801e-01
  4 -0.00816 -7.44147e+00 |  5  0.00361 -3.07424e+00 |  6  0.01022 -7.92681e-01
  7 -0.02628 -3.57939e+00 |  8  0.01369  1.47584e+00 |  9  0.00036  1.75847e+00
 10 -0.00732 -5.04202e-02 | 11  0.01057 -8.69058e+00 | 12 -0.01273 -3.08322e-01
 13  0.00310  2.98442e+00 | 14 -0.01810 -8.98440e-01 | 15 -0.01219  2.07307e+00
 16 -0.00358 -1.45398e+00 | 17 -0.01772 -4.22008e+00 | 18  0.01700 -2.32756e+00
 19  0.00294 -5.55442e+00 | 20  0.05435  9.39593e-02 | 21 -0.01493  1.14153e+00
 22  0.00711 -1.02042e+00 | 23  0.02605 -5.62754e-01 | 24 -0.01371 -3.32958e+00
 25 -0.03550  2.51452e+00 | 26  0.03325  1.06880e+00 | 27 -0.00775 -3.57792e+00
 28  0.00835 -6.20408e-01 | 29  0.01663 -3.98348e+00 | 30  0.00496 -2.14493e+00
 31 -0.01468 -1.34024e-01 | 32  0.03099  1.48335e+00 | 33  0.01894  1.08250e+00
 34 -0.00524 -3.78561e+00 | 35 -0.02971 -3.77299e+00 | 36  0.01753 -3.03192e-01
 37 -0.02469 -1.88856e-01 | 38  0.02332  2.05860e+00 | 39 -0.02627  1.67597e+00
 40 -0.02210 -2.21499e+00 | 41 -0.00075 -3.28985e+00 | 42 -0.02460  1.03536e+00
 43  0.01829  3.37894e+00 | 44  0.00337 -2.99713e+00 | 45  0.02098  3.07501e+00
 46  0.02688  3.36661e+00 | 47 -0.02252 -3.74124e+00 | 48  0.01767  1.46900e+00
 49 -0.02280  4.98262e-01 | 50 -0.02269  2.72533e-01 | 51 -0.00211 -2.49955e-01
 52  0.02036  8.42504e+00 | 53 -0.00151  2.93554e+00 | 54 -0.03570  4.91831e-02
 55  0.02993  8.65503e+00 | 56 -0.03812  1.05843e+01 | 57  0.00852 -1.09930e+01
 58 -0.01165 -1.59566e+00 | 59  0.05012  1.41091e+00 | 60 -0.00258 -1.62793e+00
 61 -0.01730  2.73975e+00 | 62 -0.06788  6.72933e+00 | 63  0.01832 -1.16613e+00
 64 -0.00066 -8.11016e-01 | 65  0.04501  9.27905e+00 | 66 -0.01055  2.32089e-01
 67  0.00489 -1.38553e-01 | 68  0.02849 -4.22315e-02 | 69 -0.01255 -7.87187e-01
 70  0.00410 -8.48630e+00 | 71 -0.03207 -1.87570e+00 | 72 -0.03115  1.08581e+00
 73 -0.03462  3.47466e+00 | 74  0.04799  1.25458e+01 | 75 -0.00047 -2.87064e+00
 76  0.05768  5.30973e+00 | 77 -0.01390  4.43782e+00 | 78 -0.00428 -2.69009e+00
 79 -0.02072  2.62571e+00 | 80 -0.03061 -6.42536e-01 | 81  0.00432 -7.26870e+00
 82 -0.01391  4.51500e+00 | 83  0.01939  1.84255e+00 | 84  0.05371  5.90195e+00
 85  0.01202  2.34675e+00 | 86 -0.01922 -3.04845e+00 | 87 -0.02066 -1.83472e+00
 88  0.01165 -3.86090e+00 | 89  0.01817 -1.00257e+00 | 90  0.01760 -1.65293e-01
 91 -0.00738 -3.67851e+00 | 92 -0.03908 -3.58744e+00 | 93  0.03273  3.72127e+00
 94 -0.00294 -2.19369e+00 | 95 -0.00065 -2.66299e+00 | 96 -0.00065 -2.66248e+00
 97  0.77712 -7.89878e+00 | 98 -0.42303  5.06633e+01 | 99  0.25076 -1.25686e+01
100 -0.24362  3.63950e+01 |
100 variables; iteration 60; function evaluation 83; phase 3
Function value 2.1698350e+03; maximum gradient component mag 8.9416e+00
Var    Value     Gradient |Var    Value     Gradient |Var    Value     Gradient
  1  0.62615 -8.36555e+00 |  2  0.00185 -1.11264e+00 |  3 -0.00938  7.87388e-01
  4 -0.00502  1.10234e+00 |  5  0.00405 -2.15730e-01 |  6  0.00939 -1.31404e+00
  7 -0.02544  1.76932e-01 |  8  0.01289  5.26848e-01 |  9 -0.00056  2.77739e-01
 10 -0.00764  5.21041e-01 | 11  0.01178 -6.57896e-01 | 12 -0.01323 -8.16989e-01
 13  0.00239  1.85733e-01 | 14 -0.01822  2.06912e-01 | 15 -0.01268  1.80851e-01
 16 -0.00367 -3.61624e-01 | 17 -0.01748  5.13203e-02 | 18  0.01704  6.99280e-01
 19  0.00327  6.58295e-01 | 20  0.05431  1.82979e+00 | 21 -0.01520  3.76900e-01
 22  0.00709  5.62051e-01 | 23  0.02595 -6.19021e-01 | 24 -0.01361 -6.89543e-01
 25 -0.03603  1.36202e-01 | 26  0.03314  5.70032e-01 | 27 -0.00756  3.63902e-01
 28  0.00841  2.12530e+00 | 29  0.01687  1.35398e+00 | 30  0.00493 -1.05673e+00
 31 -0.01482 -1.90978e-01 | 32  0.03088  2.35595e-01 | 33  0.01875 -9.78743e-01
 34 -0.00500  5.16247e-01 | 35 -0.02945  6.79921e-02 | 36  0.01743 -1.14924e+00
 37 -0.02478  1.18078e-02 | 38  0.02315 -7.60760e-01 | 39 -0.02651  4.16981e-01
 40 -0.02203 -2.61617e-01 | 41 -0.00068 -1.50132e+00 | 42 -0.02479  1.05143e-01
 43  0.01813  3.30001e-01 | 44  0.00345 -1.62146e+00 | 45  0.02084 -2.53415e-01
 46  0.02678  3.69675e-01 | 47 -0.02227 -5.38531e-01 | 48  0.01760 -6.93381e-01
 49 -0.02294 -9.80306e-01 | 50 -0.02278 -6.73469e-01 | 51 -0.00215 -1.11663e+00
 52  0.02011 -3.07268e-01 | 53 -0.00157  1.38031e+00 | 54 -0.03573  1.32523e-01
 55  0.02977 -6.32241e-01 | 56 -0.03888 -1.73716e-01 | 57  0.00890 -2.81650e-01
 58 -0.01170 -1.83808e+00 | 59  0.05013 -3.84368e-01 | 60 -0.00255 -9.62979e-01
 61 -0.01744  8.97911e-02 | 62 -0.06858  6.24368e-01 | 63  0.01838 -1.02426e-01
 64 -0.00062  3.87890e-01 | 65  0.04485 -5.74963e-01 | 66 -0.01052  1.02465e+00
 67  0.00489 -1.92127e-01 | 68  0.02850 -2.16154e-01 | 69 -0.01252  6.81543e-01
 70  0.00438  3.10499e-01 | 71 -0.03209 -1.03634e+00 | 72 -0.03124  3.41854e-01
 73 -0.03483  7.72733e-01 | 74  0.04776 -6.77742e-01 | 75 -0.00036 -6.25861e-02
 76  0.05759 -4.58246e-01 | 77 -0.01420 -5.31581e-01 | 78 -0.00420  1.88654e-01
 79 -0.02083  1.99486e+00 | 80 -0.03066  2.10255e-01 | 81  0.00453  4.41603e-02
 82 -0.01423 -3.31369e-01 | 83  0.01933  3.96724e-01 | 84  0.05358 -1.56289e-01
 85  0.01188 -3.60276e-02 | 86 -0.01913 -4.05879e-02 | 87 -0.02066  8.57292e-02
 88  0.01184  2.37558e+00 | 89  0.01815  2.52270e-01 | 90  0.01752  1.61230e-01
 91 -0.00719 -6.07221e-02 | 92 -0.03844  5.15645e-01 | 93  0.03179 -5.93164e-01
 94 -0.00268 -1.12000e-01 | 95  0.00033  5.51972e-01 | 96  0.00033  5.51996e-01
 97  0.77684 -1.16570e+00 | 98 -0.42324  8.94159e+00 | 99  0.25144 -3.64436e-01
100 -0.24356 -1.89731e+00 |
Maximum number of function evaluations exceeded

 - final statistics:
100 variables; iteration 74; function evaluation 100
Function value 2.1698e+03; maximum gradient component mag 5.6237e+00
Exit code = 3;  converg criter 1.0000e+00
Var    Value     Gradient |Var    Value     Gradient |Var    Value     Gradient
  1  0.62617 -3.96567e+00 |  2  0.00225 -4.29552e-01 |  3 -0.00968  6.75486e-02
  4 -0.00526  4.76663e-01 |  5  0.00429  2.86992e-01 |  6  0.00972 -4.82172e-01
  7 -0.02554 -1.59075e-01 |  8  0.01291  5.35632e-01 |  9 -0.00066 -1.59440e-01
 10 -0.00776  3.75346e-02 | 11  0.01188 -1.13123e-01 | 12 -0.01310 -2.89669e-01
 13  0.00237  6.51090e-02 | 14 -0.01823  9.10175e-02 | 15 -0.01276 -4.15416e-01
 16 -0.00366 -2.24427e-01 | 17 -0.01750 -1.94855e-01 | 18  0.01700  3.18406e-02
 19  0.00320 -2.74367e-01 | 20  0.05427  6.28703e-01 | 21 -0.01518  4.66245e-01
 22  0.00705 -6.02277e-03 | 23  0.02594 -6.57771e-01 | 24 -0.01357 -3.38238e-01
 25 -0.03596  6.66740e-01 | 26  0.03316  9.65288e-01 | 27 -0.00762 -4.28924e-01
 28  0.00837  1.57921e+00 | 29  0.01677 -7.01808e-02 | 30  0.00500 -5.12179e-02
 31 -0.01480  3.75933e-02 | 32  0.03088  4.54243e-01 | 33  0.01872 -1.36806e+00
 34 -0.00496  1.02551e+00 | 35 -0.02935  9.91702e-01 | 36  0.01748  3.47248e-02
 37 -0.02477  1.76018e-01 | 38  0.02317 -3.55345e-01 | 39 -0.02651  3.86992e-01
 40 -0.02199  1.87157e-01 | 41 -0.00063 -6.51479e-01 | 42 -0.02480  7.46714e-02
 43  0.01807 -4.11621e-01 | 44  0.00351 -4.39936e-01 | 45  0.02078 -9.90199e-01
 46  0.02674  1.34538e-01 | 47 -0.02221  2.87161e-01 | 48  0.01758 -5.22135e-01
 49 -0.02283  6.37259e-01 | 50 -0.02277 -1.68096e-01 | 51 -0.00214 -5.64896e-01
 52  0.02009 -2.25414e-01 | 53 -0.00163  3.55721e-01 | 54 -0.03572  2.40553e-01
 55  0.02977 -3.26678e-01 | 56 -0.03887  4.01450e-02 | 57  0.00889 -1.38382e-01
 58 -0.01163 -3.11537e-01 | 59  0.05011 -2.17845e-01 | 60 -0.00254 -4.56557e-01
 61 -0.01744  9.40563e-02 | 62 -0.06863  8.50727e-02 | 63  0.01837 -9.94854e-02
 64 -0.00063  2.57174e-01 | 65  0.04484 -3.30142e-01 | 66 -0.01054  8.21585e-01
 67  0.00488 -2.21102e-01 | 68  0.02849 -1.09356e-01 | 69 -0.01257 -3.10047e-01
 70  0.00437  2.24273e-01 | 71 -0.03209 -8.41083e-01 | 72 -0.03125  1.16232e-01
 73 -0.03488  3.31561e-02 | 74  0.04776 -3.62449e-01 | 75 -0.00036  6.47445e-02
 76  0.05758 -2.58134e-01 | 77 -0.01416  4.74539e-01 | 78 -0.00421  1.09406e-02
 79 -0.02092  3.64372e-01 | 80 -0.03067 -4.92067e-02 | 81  0.00454  1.68206e-01
 82 -0.01425 -7.48842e-01 | 83  0.01931  1.73263e-01 | 84  0.05357 -1.21102e-01
 85  0.01187 -7.00982e-02 | 86 -0.01914 -2.82460e-01 | 87 -0.02066 -3.85134e-02
 88  0.01178  8.43674e-01 | 89  0.01812 -3.58816e-01 | 90  0.01756  6.35450e-01
 91 -0.00717  3.93399e-02 | 92 -0.03849  1.44791e-01 | 93  0.03192 -6.75616e-02
 94 -0.00255 -1.25737e-02 | 95  0.00020  2.25281e-01 | 96  0.00020  2.25115e-01
 97  0.77658 -8.58986e-01 | 98 -0.42330  5.62367e+00 | 99  0.25169 -4.70496e-01
100 -0.24349  9.04763e-01 |

Initial statistics: 108 variables; iteration 0; function evaluation 0; phase 4
Function value 2.1698327e+03; maximum gradient component mag -6.0035e+02
Var    Value     Gradient |Var    Value     Gradient |Var    Value     Gradient
  1 -0.42263 -1.40888e+01 |  2 -0.42263 -6.00346e+02 |  3 -0.41094 -2.39252e+02
  4  0.62617 -3.96567e+00 |  5  0.00000 -2.09646e+01 |  6  0.00000  2.30173e+00
  7  0.00000 -9.46421e+00 |  8  0.00000  1.80022e+01 |  9  0.00000 -9.49711e+00
 10  0.00225 -4.32091e-01 | 11 -0.00968  6.50097e-02 | 12 -0.00526  4.74124e-01
 13  0.00429  2.84453e-01 | 14  0.00972 -4.84711e-01 | 15 -0.02554 -1.61612e-01
 16  0.01291  5.33093e-01 | 17 -0.00066 -1.61979e-01 | 18 -0.00776  3.49956e-02
 19  0.01188 -1.15662e-01 | 20 -0.01310 -2.92208e-01 | 21  0.00237  6.25699e-02
 22 -0.01823  8.84793e-02 | 23 -0.01276 -4.17954e-01 | 24 -0.00366 -2.26966e-01
 25 -0.01750 -1.97394e-01 | 26  0.01700  2.93023e-02 | 27  0.00320 -2.76906e-01
 28  0.05427  6.26173e-01 | 29 -0.01518  4.63706e-01 | 30  0.00705 -8.56182e-03
 31  0.02594 -6.60308e-01 | 32 -0.01357 -3.40777e-01 | 33 -0.03596  6.64205e-01
 34  0.03316  9.62752e-01 | 35 -0.00762 -4.31463e-01 | 36  0.00837  1.57668e+00
 37  0.01677 -7.27192e-02 | 38  0.00500 -5.37570e-02 | 39 -0.01480  3.50548e-02
 40  0.03088  4.51707e-01 | 41  0.01872 -1.37059e+00 | 42 -0.00496  1.02297e+00
 43 -0.02935  9.89165e-01 | 44  0.01748  3.21866e-02 | 45 -0.02477  1.73480e-01
 46  0.02317 -3.57883e-01 | 47 -0.02651  3.84455e-01 | 48 -0.02199  1.84619e-01
 49 -0.00063 -6.54018e-01 | 50 -0.02480  7.21342e-02 | 51  0.01807 -4.14159e-01
 52  0.00351 -4.42475e-01 | 53  0.02078 -9.92737e-01 | 54  0.02674  1.32001e-01
 55 -0.02221  2.84623e-01 | 56  0.01758 -5.24673e-01 | 57 -0.02283  6.34721e-01
 58 -0.02277 -1.70633e-01 | 59 -0.00214 -5.67435e-01 | 60  0.02009 -2.27952e-01
 61 -0.00163  3.53181e-01 | 62 -0.03572  2.38018e-01 | 63  0.02977 -3.29215e-01
 64 -0.03887  3.76105e-02 | 65  0.00889 -1.40921e-01 | 66 -0.01163 -3.14076e-01
 67  0.05011 -2.20376e-01 | 68 -0.00254 -4.59096e-01 | 69 -0.01744  9.15181e-02
 70 -0.06863  8.25482e-02 | 71  0.01837 -1.02024e-01 | 72 -0.00063  2.54635e-01
 73  0.04484 -3.32675e-01 | 74 -0.01054  8.19046e-01 | 75  0.00488 -2.23641e-01
 76  0.02849 -1.11892e-01 | 77 -0.01257 -3.12586e-01 | 78  0.00437  2.21734e-01
 79 -0.03209 -8.43619e-01 | 80 -0.03125  1.13695e-01 | 81 -0.03488  3.06207e-02
 82  0.04776 -3.64981e-01 | 83 -0.00036  6.22053e-02 | 84  0.05758 -2.60663e-01
 85 -0.01416  4.72001e-01 | 86 -0.00421  8.40142e-03 | 87 -0.02092  3.61834e-01
 88 -0.03067 -5.17429e-02 | 89  0.00454  1.65667e-01 | 90 -0.01425 -7.51381e-01
 91  0.01931  1.70725e-01 | 92  0.05357 -1.23632e-01 | 93  0.01187 -7.26370e-02
 94 -0.01914 -2.84998e-01 | 95 -0.02066 -4.10512e-02 | 96  0.01178  8.41135e-01
 97  0.01812 -3.61354e-01 | 98  0.01756  6.32911e-01 | 99 -0.00717  3.68008e-02
100 -0.03849  1.42257e-01 |101  0.03192 -7.00976e-02 |102 -0.00255 -1.51129e-02
103  0.00020  2.22742e-01 |104  0.00020  2.22575e-01 |105  0.77658 -8.58986e-01
106 -0.42330  5.62367e+00 |107  0.25169 -4.70496e-01 |108 -0.24349  9.04763e-01

Intermediate statistics: 108 variables; iteration 20; function evaluation 25; phase 4
Function value 2.1695262e+03; maximum gradient component mag -5.1797e+02
Var    Value     Gradient |Var    Value     Gradient |Var    Value     Gradient
  1 -0.43254 -2.25963e+01 |  2 -0.42312 -5.17975e+02 |  3 -0.40765 -2.12400e+02
  4  0.62599 -4.34436e+01 |  5  0.00192 -1.66942e+01 |  6 -0.00138  3.34316e-01
  7  0.00187 -6.19375e+00 |  8 -0.00342  1.17858e+01 |  9  0.00162 -6.42813e+00
 10  0.00231  9.50079e-01 | 11 -0.00963  1.41837e+00 | 12 -0.00524  1.79506e+00
 13  0.00438  1.76905e+00 | 14  0.00987  1.24043e+00 | 15 -0.02545  1.34892e+00
 16  0.01307  2.50374e+00 | 17 -0.00053  1.72278e+00 | 18 -0.00763  1.93526e+00
 19  0.01208  2.47560e+00 | 20 -0.01300  1.65443e+00 | 21  0.00257  2.79007e+00
 22 -0.01809  2.20033e+00 | 23 -0.01275  7.31178e-01 | 24 -0.00363  9.84852e-01
 25 -0.01739  2.17925e+00 | 26  0.01737  7.14281e+00 | 27  0.00348  4.51202e+00
 28  0.05451  6.93870e+00 | 29 -0.01499  3.19220e+00 | 30  0.00727  3.60684e+00
 31  0.02590 -1.02092e+00 | 32 -0.01357  2.62008e-01 | 33 -0.03570  3.55773e+00
 34  0.03352  9.21792e+00 | 35 -0.00753  2.13138e+00 | 36  0.00887  9.60890e+00
 37  0.01681  1.17259e+00 | 38  0.00500  3.67164e-01 | 39 -0.01469  1.84483e+00
 40  0.03105  4.09194e+00 | 41  0.01857 -3.43018e+00 | 42 -0.00477  3.50707e+00
 43 -0.02914  3.42974e+00 | 44  0.01743 -1.25138e+00 | 45 -0.02465  1.95991e+00
 46  0.02313 -1.88842e+00 | 47 -0.02644  1.42616e+00 | 48 -0.02188  1.70622e+00
 49 -0.00065 -7.87813e-01 | 50 -0.02477  7.66566e-01 | 51  0.01807 -8.13025e-01
 52  0.00349 -1.17143e+00 | 53  0.02053 -7.03473e+00 | 54  0.02660 -4.67204e+00
 55 -0.02223 -2.74652e-01 | 56  0.01720 -1.04102e+01 | 57 -0.02290 -8.62757e-01
 58 -0.02298 -3.79015e+00 | 59 -0.00242 -7.74838e+00 | 60  0.01980 -1.31311e+01
 61 -0.00204 -1.30294e+01 | 62 -0.03584 -1.95087e+00 | 63  0.02961 -9.68511e+00
 64 -0.03910 -1.99474e+00 | 65  0.00890 -4.01048e-01 | 66 -0.01149  2.68494e+00
 67  0.05025  3.58255e+00 | 68 -0.00312 -1.64009e+01 | 69 -0.01790 -1.14532e+01
 70 -0.06855  1.69442e+00 | 71  0.01867  1.08990e+01 | 72 -0.00042  5.58492e+00
 73  0.04483 -5.44253e-01 | 74 -0.01043  3.05626e+00 | 75  0.00478 -3.20516e+00
 76  0.02836 -6.99846e+00 | 77 -0.01295 -8.40017e+00 | 78  0.00403 -1.12871e+01
 79 -0.03256 -9.36019e+00 | 80 -0.03124  1.19246e+00 | 81 -0.03460  5.61525e+00
 82  0.04791  1.24495e+01 | 83 -0.00027  4.53385e+00 | 84  0.05773  8.41745e+00
 85 -0.01440 -4.78120e+00 | 86 -0.00443 -6.13946e+00 | 87 -0.02116 -3.87319e+00
 88 -0.03076  3.24525e-02 | 89  0.00469  6.99475e+00 | 90 -0.01437  1.74288e-01
 91  0.01954  9.51231e+00 | 92  0.05339 -5.74882e+00 | 93  0.01136 -1.20773e+01
 94 -0.01940 -3.50614e+00 | 95 -0.02070  9.60661e-01 | 96  0.01151 -1.33588e+00
 97  0.01817  2.74552e+00 | 98  0.01709 -4.27952e+00 | 99 -0.00702  3.14991e+00
100 -0.03797  3.42803e+00 |101  0.03200  4.24319e+00 |102 -0.00249  1.28855e+00
103  0.00011  1.32379e+00 |104  0.00011  1.32341e+00 |105  0.77523  1.66059e+01
106 -0.42369 -8.86186e+01 |107  0.24808 -2.38016e+01 |108 -0.24374  6.97143e+01
108 variables; iteration 40; function evaluation 52; phase 4
Function value 2.1691808e+03; maximum gradient component mag 3.1675e+01
Var    Value     Gradient |Var    Value     Gradient |Var    Value     Gradient
  1 -0.44254  2.04989e+00 |  2 -0.42353  3.16749e+01 |  3 -0.40366  1.38404e+01
  4  0.62533 -1.71261e+00 |  5  0.00905  2.28410e-01 |  6 -0.00267 -8.71057e-01
  7  0.00552  6.63638e-01 |  8 -0.00968  6.50957e-01 |  9  0.00456 -6.67841e-01
 10  0.00257  6.41690e-01 | 11 -0.00958  5.69807e-01 | 12 -0.00531  7.20872e-01
 13  0.00423  5.54023e-01 | 14  0.00976  3.80942e-02 | 15 -0.02543  4.66031e-01
 16  0.01263  1.44469e-01 | 17 -0.00090 -5.16340e-01 | 18 -0.00801 -4.07693e-01
 19  0.01113 -3.44114e+00 | 20 -0.01353 -1.90744e+00 | 21  0.00241  2.79828e-01
 22 -0.01830 -7.90353e-01 | 23 -0.01245  7.77005e-01 | 24 -0.00345  4.28743e-01
 25 -0.01752 -4.31972e-01 | 26  0.01679 -2.06481e+00 | 27  0.00344  3.60377e+00
 28  0.05433  1.56657e-01 | 29 -0.01533 -1.64643e+00 | 30  0.00714  1.11434e+00
 31  0.02601 -4.86936e-01 | 32 -0.01348 -1.39354e-01 | 33 -0.03547  4.33861e+00
 34  0.03291 -3.18223e+00 | 35 -0.00765  6.70534e-01 | 36  0.00813 -5.91021e-01
 37  0.01687  7.16751e-01 | 38  0.00517  9.94761e-01 | 39 -0.01481 -5.02080e-01
 40  0.03076 -1.93306e+00 | 41  0.01873 -5.10692e-01 | 42 -0.00480  1.96838e+00
 43 -0.02933  7.08030e-01 | 44  0.01753  3.14454e-01 | 45 -0.02500 -1.38485e+00
 46  0.02302 -2.70557e+00 | 47 -0.02661 -4.79789e-01 | 48 -0.02214 -3.90307e-01
 49 -0.00075 -5.36157e-01 | 50 -0.02496 -6.32605e-01 | 51  0.01777 -3.22451e+00
 52  0.00334 -1.29481e+00 | 53  0.02083  1.09446e+00 | 54  0.02672  7.67240e-01
 55 -0.02211  1.98082e+00 | 56  0.01752 -1.68964e+00 | 57 -0.02291 -1.12502e-01
 58 -0.02286 -8.42310e-01 | 59 -0.00215  1.52769e+00 | 60  0.02018  4.99617e+00
 61 -0.00148  1.88591e+00 | 62 -0.03564  1.07814e+00 | 63  0.02981  1.26493e+00
 64 -0.03891  1.43625e+00 | 65  0.00898  4.29252e+00 | 66 -0.01148  4.45704e+00
 67  0.05011  2.74275e-01 | 68 -0.00241  2.46372e-01 | 69 -0.01701  4.71092e+00
 70 -0.06880 -1.14845e+00 | 71  0.01829  1.31505e+00 | 72 -0.00082 -3.57809e+00
 73  0.04479  6.63224e-01 | 74 -0.01051  7.82347e-01 | 75  0.00460 -8.12614e+00
 76  0.02860  2.38394e+00 | 77 -0.01262 -2.12790e+00 | 78  0.00471  6.27878e+00
 79 -0.03203 -2.58721e+00 | 80 -0.03118  6.17503e-01 | 81 -0.03480  1.65379e+00
 82  0.04759  4.09673e-01 | 83 -0.00058 -2.06381e+00 | 84  0.05761  8.33141e-01
 85 -0.01380  3.61045e+00 | 86 -0.00425 -4.07131e+00 | 87 -0.02084 -3.39399e-01
 88 -0.03062  7.25855e-01 | 89  0.00434 -3.65224e+00 | 90 -0.01430 -1.89294e-02
 91  0.01941  3.82856e+00 | 92  0.05361  1.20361e+00 | 93  0.01197 -2.02864e+00
 94 -0.01864  4.36349e+00 | 95 -0.02072 -1.94359e+00 | 96  0.01170 -1.65151e+00
 97  0.01845  4.52735e+00 | 98  0.01768  9.42080e-01 | 99 -0.00715 -1.58585e+00
100 -0.03734  2.92626e+00 |101  0.03153 -1.71468e+00 |102 -0.00252  1.03149e-01
103  0.00001  1.44771e-01 |104  0.00001  1.44990e-01 |105  0.77697 -1.10611e-01
106 -0.42308  1.04168e+01 |107  0.24922 -3.16357e-02 |108 -0.24324  4.99606e+00
108 variables; iteration 60; function evaluation 78; phase 4
Function value 2.1691645e+03; maximum gradient component mag 2.7328e+00
Var    Value     Gradient |Var    Value     Gradient |Var    Value     Gradient
  1 -0.44190  3.33708e-01 |  2 -0.42352  2.73277e+00 |  3 -0.40389  1.03707e+00
  4  0.62541  2.32844e-01 |  5  0.00906  2.85629e-01 |  6 -0.00241 -4.39688e-01
  7  0.00546  5.73810e-01 |  8 -0.00990  2.64461e-01 |  9  0.00486 -8.73540e-02
 10  0.00231 -7.18277e-02 | 11 -0.00983 -1.45138e-01 | 12 -0.00572 -3.69469e-01
 13  0.00420  2.71120e-01 | 14  0.01018  1.02686e+00 | 15 -0.02548  1.59727e-01
 16  0.01291  9.42152e-01 | 17 -0.00087 -5.87420e-01 | 18 -0.00792 -2.40629e-01
 19  0.01180 -1.56448e-01 | 20 -0.01310 -1.49234e-01 | 21  0.00252  7.85474e-01
 22 -0.01848 -2.12266e+00 | 23 -0.01263 -9.01697e-01 | 24 -0.00347 -1.89254e-01
 25 -0.01738  4.78264e-01 | 26  0.01701  7.76398e-01 | 27  0.00316 -3.54649e-01
 28  0.05439  8.21112e-01 | 29 -0.01511  1.98408e-01 | 30  0.00708  3.92329e-02
 31  0.02602 -5.40583e-01 | 32 -0.01348 -4.33211e-01 | 33 -0.03599  5.48395e-02
 34  0.03310  3.82329e-01 | 35 -0.00761  8.34767e-01 | 36  0.00820  1.60845e-01
 37  0.01685  1.86167e-01 | 38  0.00510  3.30366e-02 | 39 -0.01478 -3.39441e-01
 40  0.03087  5.28164e-03 | 41  0.01873 -8.00436e-01 | 42 -0.00500 -7.20236e-01
 43 -0.02934  3.48689e-01 | 44  0.01758  1.10687e+00 | 45 -0.02488 -3.78905e-01
 46  0.02315 -2.61923e-01 | 47 -0.02653  1.99817e-01 | 48 -0.02207  1.47702e-01
 49 -0.00075 -7.16553e-01 | 50 -0.02488  6.49562e-03 | 51  0.01795 -1.10316e-02
 52  0.00343 -5.18282e-02 | 53  0.02077 -2.07071e-02 | 54  0.02666 -3.28825e-01
 55 -0.02217  1.30434e+00 | 56  0.01759  2.53191e-01 | 57 -0.02294 -3.43070e-01
 58 -0.02282 -1.35863e-01 | 59 -0.00223 -2.77991e-02 | 60  0.02003  4.29782e-01
 61 -0.00154  6.73693e-01 | 62 -0.03579 -1.13185e+00 | 63  0.02977  1.96244e-01
 64 -0.03898  3.52687e-01 | 65  0.00886  3.79678e-01 | 66 -0.01169  1.34338e-01
 67  0.05011  9.91345e-02 | 68 -0.00242 -5.32250e-03 | 69 -0.01726 -2.50830e-01
 70 -0.06873 -5.49552e-01 | 71  0.01825  5.08807e-02 | 72 -0.00066  4.06219e-01
 73  0.04478  8.49869e-02 | 74 -0.01058 -4.08358e-01 | 75  0.00489 -4.16322e-01
 76  0.02853  2.22033e-01 | 77 -0.01252 -3.87315e-02 | 78  0.00448  3.38588e-01
 79 -0.03183  7.64460e-01 | 80 -0.03123 -5.19569e-02 | 81 -0.03488  1.81669e-01
 82  0.04758  7.80710e-02 | 83 -0.00051 -6.63842e-01 | 84  0.05758  5.03494e-02
 85 -0.01391  1.75035e+00 | 86 -0.00411 -2.38789e-01 | 87 -0.02085 -1.40331e-01
 88 -0.03074 -9.57903e-01 | 89  0.00446 -1.32587e-01 | 90 -0.01433 -3.48941e-01
 91  0.01929  2.65062e-01 | 92  0.05357  3.76881e-02 | 93  0.01203  3.57804e-02
 94 -0.01884  1.78948e+00 | 95 -0.02064 -4.83146e-01 | 96  0.01166 -1.60319e+00
 97  0.01824  7.17979e-01 | 98  0.01756 -1.68565e-01 | 99 -0.00699  1.16847e-01
100 -0.03806 -3.57470e-02 |101  0.03184 -3.21117e-01 |102 -0.00264 -3.23919e-01
103  0.00013  1.17447e-01 |104  0.00013  1.17635e-01 |105  0.77559 -1.70043e-02
106 -0.42336 -2.75370e-01 |107  0.24874 -3.04473e-02 |108 -0.24342  4.27713e-01

 - final statistics:
108 variables; iteration 73; function evaluation 93
Function value 2.1692e+03; maximum gradient component mag -8.9582e-01
Exit code = 1;  converg criter 1.0000e+00
Var    Value     Gradient |Var    Value     Gradient |Var    Value     Gradient
  1 -0.44196  2.70643e-02 |  2 -0.42352  4.41062e-01 |  3 -0.40388  1.37725e-01
  4  0.62541 -2.68787e-02 |  5  0.00892 -2.19001e-02 |  6 -0.00209  5.37162e-02
  7  0.00532  3.19385e-01 |  8 -0.00999  1.00978e-01 |  9  0.00493  4.86684e-02
 10  0.00229 -1.42039e-01 | 11 -0.00982 -1.39322e-01 | 12 -0.00547  1.43635e-01
 13  0.00405 -1.10475e-01 | 14  0.00990  2.28853e-01 | 15 -0.02553  1.78836e-02
 16  0.01272  2.80342e-01 | 17 -0.00066  1.81439e-01 | 18 -0.00788 -8.10423e-02
 19  0.01186  1.77058e-01 | 20 -0.01323 -7.30537e-01 | 21  0.00242  1.75300e-01
 22 -0.01818 -3.06909e-01 | 23 -0.01255 -2.49700e-01 | 24 -0.00347 -1.05150e-01
 25 -0.01753 -8.95820e-01 | 26  0.01698  2.41102e-01 | 27  0.00315 -4.13980e-01
 28  0.05436  1.54341e-01 | 29 -0.01511  2.71329e-01 | 30  0.00704 -4.64595e-01
 31  0.02603 -4.15524e-01 | 32 -0.01346 -2.59965e-01 | 33 -0.03601 -2.00565e-02
 34  0.03309  1.12016e-01 | 35 -0.00762  7.40739e-01 | 36  0.00820  1.41776e-01
 37  0.01685  2.58351e-01 | 38  0.00506 -5.26986e-01 | 39 -0.01476 -1.49831e-01
 40  0.03086 -2.69219e-01 | 41  0.01874 -5.80553e-01 | 42 -0.00490  6.10599e-01
 43 -0.02937  1.35025e-01 | 44  0.01755  3.84819e-01 | 45 -0.02489 -5.70492e-01
 46  0.02316 -1.53669e-01 | 47 -0.02651  3.18123e-01 | 48 -0.02204  4.79071e-01
 49 -0.00074 -6.34025e-01 | 50 -0.02486  1.85565e-01 | 51  0.01796  1.16730e-01
 52  0.00345  2.07933e-01 | 53  0.02078  1.18348e-01 | 54  0.02669  3.48438e-01
 55 -0.02231 -2.20099e-01 | 56  0.01759  5.82091e-02 | 57 -0.02291  3.34887e-02
 58 -0.02284 -4.61578e-01 | 59 -0.00223  9.18601e-02 | 60  0.02002  1.00881e-01
 61 -0.00156  1.03233e-01 | 62 -0.03572  9.33330e-02 | 63  0.02977  4.97805e-02
 64 -0.03900  1.26195e-01 | 65  0.00885  8.01408e-02 | 66 -0.01169  7.96626e-02
 67  0.05011  3.62760e-02 | 68 -0.00242  4.86073e-02 | 69 -0.01726 -1.53540e-01
 70 -0.06870 -2.45998e-01 | 71  0.01825  3.10670e-02 | 72 -0.00067  1.00107e-01
 73  0.04478  3.24697e-02 | 74 -0.01057 -1.87082e-01 | 75  0.00491  2.20894e-02
 76  0.02852  4.06243e-02 | 77 -0.01251  1.41803e-01 | 78  0.00447  2.14690e-02
 79 -0.03185  4.38652e-01 | 80 -0.03123  8.14041e-02 | 81 -0.03487  3.90520e-01
 82  0.04758  2.32452e-02 | 83 -0.00049 -1.10383e-01 | 84  0.05758  2.74222e-02
 85 -0.01399  1.29669e-01 | 86 -0.00410 -1.38125e-01 | 87 -0.02083  3.46324e-01
 88 -0.03067  3.49794e-01 | 89  0.00446 -6.81442e-02 | 90 -0.01431  1.88325e-01
 91  0.01928  3.51587e-02 | 92  0.05357  1.09217e-02 | 93  0.01204  6.43080e-02
 94 -0.01894  1.30781e-01 | 95 -0.02061 -8.20562e-02 | 96  0.01172 -2.78683e-01
 97  0.01822  6.72492e-02 | 98  0.01758 -3.83964e-02 | 99 -0.00700 -1.53428e-01
100 -0.03808 -1.60480e-01 |101  0.03194  1.58587e-01 |102 -0.00243  1.22946e-02
103  0.00002 -5.57139e-02 |104  0.00002 -5.58291e-02 |105  0.77560 -4.71439e-02
106 -0.42336 -1.10015e-02 |107  0.24873  1.55814e-02 |108 -0.24343  9.41371e-02

Initial statistics: 110 variables; iteration 0; function evaluation 0; phase 5
Function value 2.1691631e+03; maximum gradient component mag 6.4805e+01
Var    Value     Gradient |Var    Value     Gradient |Var    Value     Gradient
  1 -0.44196  2.70643e-02 |  2 -0.42352  4.41062e-01 |  3 -0.40388  1.37725e-01
  4 -0.41222  5.82251e+01 |  5 -0.41222  6.48052e+01 |  6  0.62541 -2.68787e-02
  7  0.00892 -2.19001e-02 |  8 -0.00209  5.37162e-02 |  9  0.00532  3.19385e-01
 10 -0.00999  1.00978e-01 | 11  0.00493  4.86684e-02 | 12  0.00229 -1.43581e-01
 13 -0.00982 -1.40864e-01 | 14 -0.00547  1.42092e-01 | 15  0.00405 -1.12017e-01
 16  0.00990  2.27311e-01 | 17 -0.02553  1.63426e-02 | 18  0.01272  2.78801e-01
 19 -0.00066  1.79897e-01 | 20 -0.00788 -8.25844e-02 | 21  0.01186  1.75516e-01
 22 -0.01323 -7.32079e-01 | 23  0.00242  1.73758e-01 | 24 -0.01818 -3.08451e-01
 25 -0.01255 -2.51242e-01 | 26 -0.00347 -1.06692e-01 | 27 -0.01753 -8.97361e-01
 28  0.01698  2.39560e-01 | 29  0.00315 -4.15522e-01 | 30  0.05436  1.52804e-01
 31 -0.01511  2.69787e-01 | 32  0.00704 -4.66138e-01 | 33  0.02603 -4.17065e-01
 34 -0.01346 -2.61507e-01 | 35 -0.03601 -2.15963e-02 | 36  0.03309  1.10476e-01
 37 -0.00762  7.39197e-01 | 38  0.00820  1.40234e-01 | 39  0.01685  2.56810e-01
 40  0.00506 -5.28528e-01 | 41 -0.01476 -1.51373e-01 | 42  0.03086 -2.70759e-01
 43  0.01874 -5.82095e-01 | 44 -0.00490  6.09057e-01 | 45 -0.02937  1.33484e-01
 46  0.01755  3.83277e-01 | 47 -0.02489 -5.72033e-01 | 48  0.02316 -1.55211e-01
 49 -0.02652  3.16582e-01 | 50 -0.02204  4.77530e-01 | 51 -0.00074 -6.35567e-01
 52 -0.02486  1.84024e-01 | 53  0.01796  1.15188e-01 | 54  0.00345  2.06391e-01
 55  0.02078  1.16807e-01 | 56  0.02669  3.46897e-01 | 57 -0.02231 -2.21641e-01
 58  0.01759  5.66674e-02 | 59 -0.02291  3.19475e-02 | 60 -0.02284 -4.63120e-01
 61 -0.00223  9.03178e-02 | 62  0.02002  9.93395e-02 | 63 -0.00156  1.01691e-01
 64 -0.03572  9.17932e-02 | 65  0.02977  4.82399e-02 | 66 -0.03900  1.24655e-01
 67  0.00885  7.85987e-02 | 68 -0.01169  7.81206e-02 | 69  0.05011  3.47386e-02
 70 -0.00242  4.70650e-02 | 71 -0.01726 -1.55082e-01 | 72 -0.06870 -2.47532e-01
 73  0.01825  2.95254e-02 | 74 -0.00067  9.85647e-02 | 75  0.04478  3.09312e-02
 76 -0.01057 -1.88624e-01 | 77  0.00491  2.05472e-02 | 78  0.02852  3.90836e-02
 79 -0.01251  1.40261e-01 | 80  0.00447  1.99268e-02 | 81 -0.03185  4.37112e-01
 82 -0.03123  7.98637e-02 | 83 -0.03487  3.88980e-01 | 84  0.04758  2.17072e-02
 85 -0.00049 -1.11925e-01 | 86  0.05758  2.58863e-02 | 87 -0.01399  1.28127e-01
 88 -0.00410 -1.39668e-01 | 89 -0.02083  3.44783e-01 | 90 -0.03067  3.48254e-01
 91  0.00446 -6.96864e-02 | 92 -0.01431  1.86783e-01 | 93  0.01928  3.36172e-02
 94  0.05357  9.38489e-03 | 95  0.01204  6.27661e-02 | 96 -0.01894  1.29239e-01
 97 -0.02061 -8.35976e-02 | 98  0.01172 -2.80225e-01 | 99  0.01822  6.57076e-02
100  0.01758 -3.99380e-02 |101 -0.00700 -1.54971e-01 |102 -0.03808 -1.62019e-01
103  0.03194  1.57046e-01 |104 -0.00243  1.07524e-02 |105  0.00002 -5.72561e-02
106  0.00002 -5.73713e-02 |107  0.77560 -4.71439e-02 |108 -0.42336 -1.10015e-02
109  0.24873  1.55814e-02 |110 -0.24343  9.41371e-02 |

Intermediate statistics: 110 variables; iteration 20; function evaluation 27; phase 5
Function value 2.1672002e+03; maximum gradient component mag 1.9449e+02
Var    Value     Gradient |Var    Value     Gradient |Var    Value     Gradient
  1 -0.41625  1.09794e+00 |  2 -0.42119  1.44788e+02 |  3 -0.41102  1.17004e+01
  4 -0.46090  2.89057e+01 |  5 -0.41617  5.32143e+01 |  6  0.62487 -8.34054e+01
  7  0.00862 -7.60774e-02 |  8 -0.00214  6.23794e-02 |  9  0.00528  3.91603e-01
 10 -0.01004  1.45469e-01 | 11  0.00485  8.84092e-02 | 12  0.00220  2.35336e+00
 13 -0.00989  2.36592e+00 | 14 -0.00548  2.77257e+00 | 15  0.00401  2.42415e+00
 16  0.00994  2.89396e+00 | 17 -0.02545  2.64180e+00 | 18  0.01283  2.79547e+00
 19 -0.00049  2.60978e+00 | 20 -0.00768  2.14500e+00 | 21  0.01204  1.34614e+00
 22 -0.01296  7.26867e-01 | 23  0.00254 -6.01939e-01 | 24 -0.01803 -4.25014e-01
 25 -0.01244 -7.09266e-01 | 26 -0.00334  8.66675e-01 | 27 -0.01716  4.24645e+00
 28  0.01708  2.47868e+00 | 29  0.00338  3.39646e+00 | 30  0.05465  6.48764e+00
 31 -0.01488  5.70698e+00 | 32  0.00728  1.17760e+00 | 33  0.02625  2.93945e-01
 34 -0.01335 -6.49384e-01 | 35 -0.03598  1.25455e+00 | 36  0.03317  1.02457e+00
 37 -0.00772 -3.00190e-01 | 38  0.00825 -4.71557e+00 | 39  0.01685 -4.29718e+00
 40  0.00526  2.99988e+00 | 41 -0.01462  3.79267e+00 | 42  0.03125  8.03096e+00
 43  0.01903  3.05160e+00 | 44 -0.00492 -3.49662e+00 | 45 -0.02937  1.42283e-02
 46  0.01751 -1.11374e+00 | 47 -0.02469  2.49204e+00 | 48  0.02324 -9.83612e-01
 49 -0.02648  4.03798e-01 | 50 -0.02210 -1.40929e+00 | 51 -0.00057 -2.41456e+00
 52 -0.02480 -1.49559e+00 | 53  0.01794 -2.54470e+00 | 54  0.00350 -8.85370e-01
 55  0.02090  2.88287e+00 | 56  0.02657 -2.79991e+00 | 57 -0.02219 -1.14664e-01
 58  0.01737 -9.75248e+00 | 59 -0.02288 -1.73400e+00 | 60 -0.02266 -9.00761e-01
 61 -0.00226  4.61223e-01 | 62  0.01938 -2.13005e+01 | 63 -0.00172 -6.15128e+00
 64 -0.03559 -1.44675e-01 | 65  0.02929 -1.22169e+01 | 66 -0.03869  1.81318e-01
 67  0.00875 -5.16631e+00 | 68 -0.01182 -2.91271e+00 | 69  0.04999 -4.12812e+00
 70 -0.00217  2.23528e+00 | 71 -0.01714 -7.16493e+00 | 72 -0.06869  2.94309e+00
 73  0.01868  1.57237e+01 | 74 -0.00050  1.95571e+00 | 75  0.04453 -4.67791e+00
 76 -0.01033  3.08791e+00 | 77  0.00506 -6.26302e-01 | 78  0.02846  2.71616e+00
 79 -0.01241 -3.41643e+00 | 80  0.00485  8.02105e+00 | 81 -0.03198 -6.64193e+00
 82 -0.03131 -3.35840e+00 | 83 -0.03517 -2.16926e+00 | 84  0.04706 -8.32360e+00
 85 -0.00016  7.69149e+00 | 86  0.05772  5.26632e+00 | 87 -0.01394  5.88351e+00
 88 -0.00406  6.37164e+00 | 89 -0.02106 -1.45349e+01 | 90 -0.03089 -4.38434e+00
 91  0.00463 -1.09799e+00 | 92 -0.01425  5.54141e+00 | 93  0.01900 -1.87280e+00
 94  0.05285 -1.36688e+01 | 95  0.01214  3.10651e+00 | 96 -0.01921 -3.81294e+00
 97 -0.02103 -5.22279e+00 | 98  0.01182  8.29631e+00 | 99  0.01751 -4.94572e+00
100  0.01791  1.78560e+01 |101 -0.00754  4.83492e+00 |102 -0.03889 -6.78825e+00
103  0.03139  2.16657e+00 |104 -0.00302  2.48324e+00 |105  0.00004  2.44449e+00
106  0.00004  2.44453e+00 |107  0.78671 -2.58525e+01 |108 -0.42055  1.94490e+02
109  0.26092  1.33780e+01 |110 -0.24125  1.39865e+01 |
110 variables; iteration 40; function evaluation 52; phase 5
Function value 2.1665753e+03; maximum gradient component mag 1.9889e+02
Var    Value     Gradient |Var    Value     Gradient |Var    Value     Gradient
  1 -0.40578  1.80893e+01 |  2 -0.42055  1.98886e+02 |  3 -0.41286  7.52091e+01
  4 -0.48495  7.69340e+00 |  5 -0.42025  1.77237e+01 |  6  0.62528  1.10887e+01
  7  0.00882  3.03309e-01 |  8 -0.00205  2.01573e-01 |  9  0.00528  3.83724e-01
 10 -0.00986  4.34727e-01 | 11  0.00501  3.51215e-01 | 12  0.00242 -1.27668e-01
 13 -0.00969 -1.43049e-01 | 14 -0.00544 -8.87638e-02 | 15  0.00422 -6.63134e-02
 16  0.01023  6.22011e-01 | 17 -0.02535 -1.42497e-01 | 18  0.01363  2.30206e+00
 19  0.00028  2.05715e+00 | 20 -0.00694  1.48024e+00 | 21  0.01196 -2.84817e+00
 22 -0.01251 -8.59166e-01 | 23  0.00282 -2.93264e+00 | 24 -0.01787 -3.34106e+00
 25 -0.01144  3.11136e+00 | 26 -0.00323 -9.53930e-01 | 27 -0.01750 -1.19211e+00
 28  0.01709  1.55607e-02 | 29  0.00329 -7.49579e-01 | 30  0.05439 -3.63339e+00
 31 -0.01519  6.68223e-01 | 32  0.00742 -4.24736e-01 | 33  0.02642 -8.31179e-02
 34 -0.01310 -1.90973e+00 | 35 -0.03563  1.31703e+00 | 36  0.03319 -5.83166e-02
 37 -0.00755 -4.22235e-01 | 38  0.00877 -1.69423e+00 | 39  0.01732  9.52809e-02
 40  0.00514  8.89076e-01 | 41 -0.01486  3.32645e-01 | 42  0.03080 -9.21381e-01
 43  0.01887 -1.63276e-01 | 44 -0.00437  1.59425e-01 | 45 -0.02915  4.56220e-01
 46  0.01752  3.17102e-01 | 47 -0.02485  1.77205e-01 | 48  0.02326  8.87952e-01
 49 -0.02647 -3.47911e-01 | 50 -0.02193 -4.09528e-01 | 51 -0.00039 -3.88558e-02
 52 -0.02462 -1.02231e+00 | 53  0.01787 -8.18510e-01 | 54  0.00346  3.39079e-01
 55  0.02050  1.41960e+00 | 56  0.02651  2.99502e+00 | 57 -0.02229 -6.09189e-02
 58  0.01759 -7.20420e-02 | 59 -0.02288 -2.68210e-01 | 60 -0.02266  1.68377e-01
 61 -0.00270 -1.57759e+00 | 62  0.01971 -1.27932e+00 | 63 -0.00163  1.25436e+00
 64 -0.03573  1.47511e-01 | 65  0.02917  1.55879e+00 | 66 -0.03872 -3.66489e-01
 67  0.00852 -6.31977e+00 | 68 -0.01211 -3.27872e+00 | 69  0.04977  3.39947e+00
 70 -0.00248 -1.06324e-01 | 71 -0.01665 -8.41278e-01 | 72 -0.06906  5.86166e-01
 73  0.01820  6.64090e+00 | 74 -0.00067  1.95979e+00 | 75  0.04435  2.47555e+00
 76 -0.01075 -3.55236e+00 | 77  0.00486 -5.68677e+00 | 78  0.02812  2.99118e+00
 79 -0.01223 -2.05329e+00 | 80  0.00453  4.47458e+00 | 81 -0.03149 -6.93885e-01
 82 -0.03136 -1.63395e+00 | 83 -0.03512 -1.64274e-01 | 84  0.04674  1.15133e+00
 85 -0.00030  4.69392e+00 | 86  0.05747  2.24754e+00 | 87 -0.01432  3.27060e-01
 88 -0.00457  3.36003e+00 | 89 -0.02034 -5.52325e+00 | 90 -0.03095 -2.62323e+00
 91  0.00476  3.48473e+00 | 92 -0.01482  3.16136e-01 | 93  0.01887  2.34828e+00
 94  0.05258 -2.34678e+00 | 95  0.01184 -1.23840e+00 | 96 -0.01928 -1.99022e+00
 97 -0.02083 -1.95831e+00 | 98  0.01107  7.56009e-01 | 99  0.01734 -1.40311e+00
100  0.01657  2.83166e+00 |101 -0.00853  2.47710e-01 |102 -0.03720 -1.58380e+00
103  0.03050  1.23961e+00 |104 -0.00248  4.51019e-01 |105  0.00017 -2.10491e-01
106  0.00017 -2.12359e-01 |107  0.78394 -7.11691e+00 |108 -0.42135  4.98198e+01
109  0.25735 -2.81246e+00 |110 -0.24268  1.55182e+01 |
110 variables; iteration 60; function evaluation 80; phase 5
Function value 2.1665427e+03; maximum gradient component mag 4.1192e+01
Var    Value     Gradient |Var    Value     Gradient |Var    Value     Gradient
  1 -0.40608  2.28361e+00 |  2 -0.42053  4.11920e+01 |  3 -0.41290  1.30652e+01
  4 -0.48622  1.38274e+00 |  5 -0.42136  3.50308e+00 |  6  0.62533  3.48150e+00
  7  0.00893  2.45544e-01 |  8 -0.00213  2.55069e-02 |  9  0.00505 -6.59829e-02
 10 -0.01031 -4.33727e-01 | 11  0.00461 -5.18438e-01 | 12  0.00220 -4.28519e-01
 13 -0.00987 -3.87839e-01 | 14 -0.00554 -1.96351e-01 | 15  0.00425  6.76279e-02
 16  0.00995 -1.57044e-01 | 17 -0.02526  1.61173e-01 | 18  0.01338  1.33615e+00
 19 -0.00003  8.90698e-01 | 20 -0.00754 -7.50678e-01 | 21  0.01284  1.58228e+00
 22 -0.01258 -1.21835e+00 | 23  0.00326 -2.39329e-01 | 24 -0.01765 -1.99070e+00
 25 -0.01171  1.08795e+00 | 26 -0.00316 -2.22041e-01 | 27 -0.01751 -1.24948e+00
 28  0.01710 -4.43292e-01 | 29  0.00332 -6.88930e-01 | 30  0.05452 -7.10768e-01
 31 -0.01524  3.57813e-01 | 32  0.00751  2.77287e-01 | 33  0.02649  6.33353e-01
 34 -0.01291 -2.37926e-01 | 35 -0.03591 -8.25608e-01 | 36  0.03326  6.33867e-01
 37 -0.00743  6.09285e-01 | 38  0.00896  8.77252e-02 | 39  0.01734  2.56337e-02
 40  0.00506 -8.36385e-02 | 41 -0.01481  8.48725e-01 | 42  0.03090  8.14675e-01
 43  0.01895  7.91024e-01 | 44 -0.00435  1.59023e-01 | 45 -0.02937 -1.68452e+00
 46  0.01753  1.90191e-01 | 47 -0.02482  2.80389e-01 | 48  0.02329  1.11512e+00
 49 -0.02643  1.02339e-02 | 50 -0.02188 -6.46256e-02 | 51 -0.00037 -1.22032e-01
 52 -0.02452 -2.25613e-01 | 53  0.01789 -9.33478e-01 | 54  0.00353  9.98803e-01
 55  0.02040 -6.37006e-01 | 56  0.02643  9.30077e-01 | 57 -0.02236 -1.02367e+00
 58  0.01761 -6.09301e-02 | 59 -0.02287 -1.48155e-01 | 60 -0.02261  7.46558e-01
 61 -0.00269 -1.45639e+00 | 62  0.01975 -3.71041e-01 | 63 -0.00162  1.59881e+00
 64 -0.03569  8.83300e-01 | 65  0.02916  2.37595e-01 | 66 -0.03872 -1.40981e-01
 67  0.00870 -1.27010e+00 | 68 -0.01197 -5.84164e-01 | 69  0.04973  7.52501e-01
 70 -0.00250 -5.31331e-01 | 71 -0.01667 -1.42326e+00 | 72 -0.06901  1.08093e+00
 73  0.01811  1.27598e+00 | 74 -0.00073 -4.94601e-01 | 75  0.04432  5.89741e-01
 76 -0.01061 -7.84917e-01 | 77  0.00507 -7.31200e-01 | 78  0.02805  6.65582e-01
 79 -0.01211 -1.78993e-01 | 80  0.00441  7.74053e-01 | 81 -0.03140  7.20603e-01
 82 -0.03128 -1.95303e-01 | 83 -0.03510 -3.13777e-01 | 84  0.04673  1.29125e-01
 85 -0.00045  4.67183e-01 | 86  0.05745  4.94888e-01 | 87 -0.01440 -9.88236e-01
 88 -0.00473  6.57538e-02 | 89 -0.02012 -1.50143e+00 | 90 -0.03079  4.00399e-01
 91  0.00470  8.48333e-01 | 92 -0.01485 -1.84148e-01 | 93  0.01883  4.78085e-01
 94  0.05258 -5.13067e-01 | 95  0.01188  2.86298e-01 | 96 -0.01922 -5.17349e-01
 97 -0.02079 -1.25309e+00 | 98  0.01113  3.55551e+00 | 99  0.01734 -1.46955e+00
100  0.01630 -8.43934e-01 |101 -0.00864 -4.20724e-01 |102 -0.03683 -2.01361e-02
103  0.03032  6.26637e-01 |104 -0.00299 -1.74203e-01 |105  0.00009 -8.72026e-02
106  0.00009 -8.75783e-02 |107  0.78287 -5.65423e-01 |108 -0.42157  6.21570e+00
109  0.25672 -6.54340e-01 |110 -0.24284  3.13100e+00 |
110 variables; iteration 80; function evaluation 106; phase 5
Function value 2.1665391e+03; maximum gradient component mag 1.8597e+00
Var    Value     Gradient |Var    Value     Gradient |Var    Value     Gradient
  1 -0.40572  3.94568e-01 |  2 -0.42052  1.85970e+00 |  3 -0.41299  1.00860e+00
  4 -0.48682  7.30690e-02 |  5 -0.42160  1.01575e-01 |  6  0.62537  1.07401e-01
  7  0.00893  1.90115e-01 |  8 -0.00211  5.07991e-02 |  9  0.00511  1.20652e-02
 10 -0.01026 -3.59199e-01 | 11  0.00491  2.75057e-02 | 12  0.00253  2.90812e-01
 13 -0.00956  3.28116e-01 | 14 -0.00531  3.50664e-01 | 15  0.00429  1.93297e-01
 16  0.00990 -2.94340e-01 | 17 -0.02531  8.84254e-02 | 18  0.01302  7.09892e-02
 19 -0.00025  1.06450e-01 | 20 -0.00740 -2.47962e-01 | 21  0.01259  1.69687e-01
 22 -0.01220  4.79164e-01 | 23  0.00330 -4.58272e-02 | 24 -0.01735 -2.43373e-01
 25 -0.01188 -1.64586e-01 | 26 -0.00316 -1.82998e-01 | 27 -0.01738  1.15709e-02
 28  0.01713  4.96871e-02 | 29  0.00338 -5.39064e-02 | 30  0.05456  5.44376e-03
 31 -0.01529 -4.18118e-02 | 32  0.00751  7.83601e-02 | 33  0.02647  1.35280e-01
 34 -0.01289 -3.87798e-02 | 35 -0.03579  1.43555e-01 | 36  0.03322 -2.04148e-01
 37 -0.00749 -9.58562e-02 | 38  0.00897  1.04234e-01 | 39  0.01734  1.65502e-02
 40  0.00506 -8.69632e-03 | 41 -0.01489  6.71744e-02 | 42  0.03086 -1.06788e-01
 43  0.01890 -8.38477e-02 | 44 -0.00437 -5.94474e-02 | 45 -0.02922 -1.30228e-01
 46  0.01754  4.76368e-01 | 47 -0.02486 -4.04100e-02 | 48  0.02324 -7.62168e-02
 49 -0.02643  5.69356e-02 | 50 -0.02186  2.17268e-01 | 51 -0.00036 -3.39216e-02
 52 -0.02451 -3.58847e-02 | 53  0.01793 -8.57606e-02 | 54  0.00345 -1.66447e-01
 55  0.02041 -5.29269e-01 | 56  0.02637 -3.62239e-01 | 57 -0.02226  1.82283e-01
 58  0.01764  6.11340e-01 | 59 -0.02287 -1.64121e-01 | 60 -0.02266  9.10724e-02
 61 -0.00263  6.00810e-03 | 62  0.01976  1.25835e-02 | 63 -0.00168  1.70424e-01
 64 -0.03574  1.24388e-02 | 65  0.02915  5.84302e-02 | 66 -0.03872 -1.59728e-02
 67  0.00874  3.10515e-02 | 68 -0.01194  2.57086e-01 | 69  0.04971  1.71537e-02
 70 -0.00249  7.39096e-02 | 71 -0.01662 -5.27828e-01 | 72 -0.06912  5.36688e-02
 73  0.01808  3.67205e-02 | 74 -0.00071 -3.24187e-02 | 75  0.04430  1.54892e-02
 76 -0.01057  7.43153e-02 | 77  0.00510  2.49313e-02 | 78  0.02803  5.25302e-02
 79 -0.01212 -4.96785e-01 | 80  0.00438  7.72677e-02 | 81 -0.03145 -1.07886e-01
 82 -0.03128 -1.85322e-02 | 83 -0.03508  6.67367e-02 | 84  0.04672  2.62347e-02
 85 -0.00046  1.48690e-02 | 86  0.05743  5.46780e-03 | 87 -0.01434  3.01812e-01
 88 -0.00475 -3.15306e-03 | 89 -0.02005 -6.82410e-02 | 90 -0.03082  3.57849e-03
 91  0.00467  1.21443e-02 | 92 -0.01486 -2.57135e-02 | 93  0.01880  2.31901e-02
 94  0.05257 -8.28797e-03 | 95  0.01185  5.51853e-02 | 96 -0.01922 -2.50369e-02
 97 -0.02072 -1.24404e-01 | 98  0.01095  1.28422e-01 | 99  0.01738  4.23920e-02
100  0.01627 -2.84261e-01 |101 -0.00868 -2.41817e-01 |102 -0.03684  1.82474e-02
103  0.03013 -1.90181e-01 |104 -0.00285  1.68730e-01 |105 -0.00009 -2.50187e-01
106 -0.00008 -2.47474e-01 |107  0.78263 -9.68908e-02 |108 -0.42162  9.40968e-01
109  0.25668 -8.02615e-02 |110 -0.24287  3.27962e-01 |
110 variables; iteration 100; function evaluation 136; phase 5
Function value 2.1665388e+03; maximum gradient component mag -5.6065e-01
Var    Value     Gradient |Var    Value     Gradient |Var    Value     Gradient
  1 -0.40581 -2.38718e-02 |  2 -0.42052 -9.81647e-02 |  3 -0.41297 -7.40613e-02
  4 -0.48676 -4.60750e-03 |  5 -0.42160 -4.88541e-03 |  6  0.62536 -3.64279e-02
  7  0.00886 -5.51301e-03 |  8 -0.00215 -2.92999e-02 |  9  0.00509 -3.52190e-02
 10 -0.01007 -3.76944e-02 | 11  0.00491  8.47362e-03 | 12  0.00238 -1.55336e-02
 13 -0.00967  8.83293e-02 | 14 -0.00543  8.06066e-02 | 15  0.00422  2.49995e-02
 16  0.00999 -3.52680e-02 | 17 -0.02532  4.99252e-02 | 18  0.01301 -1.98347e-03
 19 -0.00027  2.71729e-02 | 20 -0.00733 -3.47814e-02 | 21  0.01256  9.21118e-03
 22 -0.01229  6.78589e-02 | 23  0.00330 -2.02484e-02 | 24 -0.01732 -4.28019e-02
 25 -0.01187 -4.15918e-02 | 26 -0.00316 -1.96036e-01 | 27 -0.01739 -2.28303e-02
 28  0.01714  2.60348e-01 | 29  0.00340  1.78427e-01 | 30  0.05456  4.18193e-03
 31 -0.01530 -1.05064e-01 | 32  0.00752  2.41809e-01 | 33  0.02644 -2.76389e-01
 34 -0.01290 -1.22966e-01 | 35 -0.03581  1.71403e-02 | 36  0.03322 -2.37880e-01
 37 -0.00750 -1.21340e-01 | 38  0.00897  1.61886e-01 | 39  0.01734 -2.36323e-02
 40  0.00508  1.91902e-01 | 41 -0.01490 -3.18175e-02 | 42  0.03084 -5.60645e-01
 43  0.01889 -2.40053e-01 | 44 -0.00435  9.55025e-02 | 45 -0.02920 -2.89086e-02
 46  0.01754  4.63868e-01 | 47 -0.02486 -2.20736e-02 | 48  0.02326  4.47145e-01
 49 -0.02644 -3.13523e-02 | 50 -0.02189 -1.28531e-01 | 51 -0.00036 -9.60006e-02
 52 -0.02451 -3.47627e-02 | 53  0.01794  5.63109e-02 | 54  0.00347  1.73497e-01
 55  0.02044  8.24850e-02 | 56  0.02638 -1.74455e-01 | 57 -0.02227 -3.93036e-02
 58  0.01762  5.52200e-02 | 59 -0.02286 -1.29690e-02 | 60 -0.02266  1.36398e-01
 61 -0.00263  1.36955e-01 | 62  0.01976 -2.07580e-02 | 63 -0.00169  3.38399e-02
 64 -0.03575 -1.20621e-01 | 65  0.02915  1.98337e-02 | 66 -0.03873 -1.97540e-01
 67  0.00874  7.73772e-04 | 68 -0.01194  1.78563e-01 | 69  0.04971 -1.06740e-02
 70 -0.00249  7.90171e-02 | 71 -0.01661 -2.10887e-01 | 72 -0.06913 -2.82417e-02
 73  0.01808  2.02189e-02 | 74 -0.00071  3.38927e-02 | 75  0.04430  4.30066e-03
 76 -0.01057  1.86690e-01 | 77  0.00510  1.05519e-02 | 78  0.02803  3.39394e-03
 79 -0.01209  2.03708e-01 | 80  0.00437  1.40149e-02 | 81 -0.03144  4.83309e-02
 82 -0.03130 -3.71132e-01 | 83 -0.03509 -1.36220e-01 | 84  0.04672  1.71987e-02
 85 -0.00046  3.19690e-02 | 86  0.05744  2.66903e-02 | 87 -0.01438 -4.47199e-01
 88 -0.00474  1.46299e-01 | 89 -0.02004  8.67321e-03 | 90 -0.03082  6.75780e-02
 91  0.00467 -3.70094e-03 | 92 -0.01484  2.78902e-01 | 93  0.01880  5.72635e-03
 94  0.05257  1.66926e-02 | 95  0.01185  5.37273e-02 | 96 -0.01922 -1.83013e-01
 97 -0.02071  4.03140e-02 | 98  0.01095  3.43935e-02 | 99  0.01738 -3.50140e-02
100  0.01629 -8.04287e-02 |101 -0.00864  1.05151e-02 |102 -0.03684  3.64819e-03
103  0.03017 -4.22017e-02 |104 -0.00293  3.40552e-02 |105  0.00005 -4.18790e-02
106  0.00005 -3.94398e-02 |107  0.78259  9.32770e-03 |108 -0.42163  5.69702e-03
109  0.25666  9.03108e-03 |110 -0.24287 -1.54830e-02 |

 - final statistics:
110 variables; iteration 120; function evaluation 167
Function value 2.1665e+03; maximum gradient component mag -1.0507e-05
Exit code = 1;  converg criter 1.0000e-04
Var    Value     Gradient |Var    Value     Gradient |Var    Value     Gradient
  1 -0.40581 -2.79431e-06 |  2 -0.42052 -1.05068e-05 |  3 -0.41297 -7.35900e-06
  4 -0.48676 -4.00721e-08 |  5 -0.42160 -2.55095e-07 |  6  0.62536  5.07280e-07
  7  0.00886  1.99949e-07 |  8 -0.00214  1.88519e-08 |  9  0.00511  5.95360e-08
 10 -0.01005 -6.42323e-08 | 11  0.00490  5.80056e-08 | 12  0.00238  8.11692e-08
 13 -0.00971  1.15396e-07 | 14 -0.00547  6.69005e-08 | 15  0.00421  1.96864e-07
 16  0.01001  1.30256e-07 | 17 -0.02534  1.80228e-07 | 18  0.01301  1.25238e-07
 19 -0.00027  1.76819e-07 | 20 -0.00732  1.81600e-07 | 21  0.01256 -2.36134e-07
 22 -0.01230  2.31269e-07 | 23  0.00331 -3.19512e-08 | 24 -0.01731 -1.47958e-08
 25 -0.01186  3.28064e-07 | 26 -0.00314  7.96127e-08 | 27 -0.01738 -2.98294e-08
 28  0.01713  9.24509e-08 | 29  0.00338 -8.15878e-08 | 30  0.05456 -1.90803e-08
 31 -0.01528  3.34855e-08 | 32  0.00750  1.20715e-08 | 33  0.02646  1.87911e-07
 34 -0.01289  1.68868e-08 | 35 -0.03581  3.30877e-07 | 36  0.03323  2.76667e-08
 37 -0.00748 -6.25641e-08 | 38  0.00896 -4.36379e-09 | 39  0.01734  1.20496e-07
 40  0.00506  1.06970e-07 | 41 -0.01490  4.90934e-08 | 42  0.03087  7.64327e-09
 43  0.01890 -5.58056e-08 | 44 -0.00436  3.46987e-07 | 45 -0.02920  3.75292e-07
 46  0.01751  7.64359e-08 | 47 -0.02485  4.54664e-08 | 48  0.02324 -6.08668e-08
 49 -0.02644  6.10642e-08 | 50 -0.02188  1.81178e-08 | 51 -0.00036  6.73253e-08
 52 -0.02450  3.44078e-08 | 53  0.01794  5.63398e-08 | 54  0.00346 -7.17491e-08
 55  0.02044 -5.23050e-08 | 56  0.02639 -7.95455e-08 | 57 -0.02227  2.22861e-07
 58  0.01761  2.74053e-07 | 59 -0.02286  6.82869e-09 | 60 -0.02267 -4.34098e-08
 61 -0.00263 -8.12068e-08 | 62  0.01976  1.08497e-07 | 63 -0.00169 -3.31359e-08
 64 -0.03574 -7.55318e-08 | 65  0.02915 -3.55301e-07 | 66 -0.03871  6.75585e-08
 67  0.00874 -2.97165e-07 | 68 -0.01195 -9.15152e-08 | 69  0.04971 -3.24104e-07
 70 -0.00249  1.91924e-07 | 71 -0.01660  2.43353e-07 | 72 -0.06913 -6.42862e-08
 73  0.01808 -2.09130e-07 | 74 -0.00071 -6.03895e-08 | 75  0.04430 -2.80228e-07
 76 -0.01058 -1.56300e-07 | 77  0.00510 -1.41677e-07 | 78  0.02803 -1.65039e-07
 79 -0.01210 -2.49551e-07 | 80  0.00437  4.62101e-08 | 81 -0.03144 -3.07692e-09
 82 -0.03128 -4.70931e-08 | 83 -0.03509 -2.02526e-09 | 84  0.04672 -3.02505e-07
 85 -0.00046  5.24589e-08 | 86  0.05744 -1.61394e-07 | 87 -0.01436  2.19912e-07
 88 -0.00475 -3.36129e-08 | 89 -0.02004 -4.72496e-08 | 90 -0.03082 -2.19227e-07
 91  0.00467  9.31320e-08 | 92 -0.01485 -1.47608e-07 | 93  0.01880 -2.30571e-07
 94  0.05257 -1.57534e-07 | 95  0.01185 -1.11995e-07 | 96 -0.01921  1.57455e-07
 97 -0.02071 -8.39151e-08 | 98  0.01095 -3.10613e-07 | 99  0.01738 -1.13871e-08
100  0.01630  4.60790e-08 |101 -0.00864 -1.86655e-07 |102 -0.03684  2.29265e-07
103  0.03018 -2.26948e-07 |104 -0.00295 -3.42749e-08 |105  0.00008 -7.31173e-08
106  0.00008 -7.49910e-08 |107  0.78258  1.38345e-06 |108 -0.42163 -6.32081e-06
109  0.25667  1.04101e-06 |110 -0.24287 -3.90757e-06 |

 - final statistics:
122 variables; iteration 0; function evaluation 0
Function value 2.1665e+03; maximum gradient component mag -1.0506e-05
Exit code = 0;  converg criter 1.0000e-04
Var    Value     Gradient |Var    Value     Gradient |Var    Value     Gradient
  1 -0.40581 -2.79427e-06 |  2 -0.42052 -1.05063e-05 |  3 -0.41297 -7.35880e-06
  4 -0.48676 -4.00618e-08 |  5 -0.42160 -2.55072e-07 |  6  0.62536  5.07390e-07
  7  0.00886  1.99949e-07 |  8 -0.00214  1.88520e-08 |  9  0.00511  5.95360e-08
 10 -0.01005 -6.42322e-08 | 11  0.00490  5.80057e-08 | 12  0.00238  8.09311e-08
 13 -0.00971  1.15158e-07 | 14 -0.00547  6.66625e-08 | 15  0.00421  1.96626e-07
 16  0.01001  1.30018e-07 | 17 -0.02534  1.79991e-07 | 18  0.01301  1.25000e-07
 19 -0.00027  1.76581e-07 | 20 -0.00732  1.81362e-07 | 21  0.01256 -2.36372e-07
 22 -0.01230  2.31031e-07 | 23  0.00331 -3.21893e-08 | 24 -0.01731 -1.50340e-08
 25 -0.01186  3.27826e-07 | 26 -0.00314  7.93745e-08 | 27 -0.01738 -3.00672e-08
 28  0.01713  9.22143e-08 | 29  0.00338 -8.18246e-08 | 30  0.05456 -1.93157e-08
 31 -0.01528  3.32478e-08 | 32  0.00750  1.18346e-08 | 33  0.02646  1.87674e-07
 34 -0.01289  1.66491e-08 | 35 -0.03581  3.30640e-07 | 36  0.03323  2.74316e-08
 37 -0.00748 -6.28008e-08 | 38  0.00896 -4.60030e-09 | 39  0.01734  1.20259e-07
 40  0.00506  1.06733e-07 | 41 -0.01490  4.88566e-08 | 42  0.03087  7.40804e-09
 43  0.01890 -5.60408e-08 | 44 -0.00436  3.46751e-07 | 45 -0.02920  3.75055e-07
 46  0.01751  7.62004e-08 | 47 -0.02485  4.52301e-08 | 48  0.02324 -6.11014e-08
 49 -0.02644  6.08283e-08 | 50 -0.02188  1.78818e-08 | 51 -0.00036  6.70904e-08
 52 -0.02450  3.41719e-08 | 53  0.01794  5.61073e-08 | 54  0.00346 -7.19827e-08
 55  0.02044 -5.25374e-08 | 56  0.02639 -7.97773e-08 | 57 -0.02227  2.22626e-07
 58  0.01761  2.73821e-07 | 59 -0.02286  6.59394e-09 | 60 -0.02267 -4.36444e-08
 61 -0.00263 -8.14392e-08 | 62  0.01976  1.08265e-07 | 63 -0.00169 -3.33698e-08
 64 -0.03574 -7.57672e-08 | 65  0.02915 -3.55529e-07 | 66 -0.03871  6.73234e-08
 67  0.00874 -2.97396e-07 | 68 -0.01195 -9.17477e-08 | 69  0.04971 -3.24328e-07
 70 -0.00249  1.91691e-07 | 71 -0.01660  2.43119e-07 | 72 -0.06913 -6.45208e-08
 73  0.01808 -2.09356e-07 | 74 -0.00071 -6.06211e-08 | 75  0.04430 -2.80452e-07
 76 -0.01058 -1.56533e-07 | 77  0.00510 -1.41908e-07 | 78  0.02803 -1.65267e-07
 79 -0.01210 -2.49785e-07 | 80  0.00437  4.59764e-08 | 81 -0.03144 -3.31223e-09
 82 -0.03128 -4.73274e-08 | 83 -0.03509 -2.25923e-09 | 84  0.04672 -3.02729e-07
 85 -0.00046  5.22263e-08 | 86  0.05744 -1.61620e-07 | 87 -0.01436  2.19677e-07
 88 -0.00475 -3.38471e-08 | 89 -0.02004 -4.74845e-08 | 90 -0.03082 -2.19463e-07
 91  0.00467  9.28990e-08 | 92 -0.01485 -1.47843e-07 | 93  0.01880 -2.30804e-07
 94  0.05257 -1.57766e-07 | 95  0.01185 -1.12230e-07 | 96 -0.01921  1.57218e-07
 97 -0.02071 -8.41508e-08 | 98  0.01095 -3.10850e-07 | 99  0.01738 -1.16221e-08
100  0.01630  4.58415e-08 |101 -0.00864 -1.86891e-07 |102 -0.03684  2.29028e-07
103  0.03018 -2.27184e-07 |104 -0.00295 -3.45130e-08 |105  0.00008 -7.33555e-08
106  0.00008 -7.52292e-08 |107  0.00000  0.00000e+00 |108  0.00000  0.00000e+00
109  0.00000  0.00000e+00 |110  0.00000  0.00000e+00 |111  0.00000  0.00000e+00
112  0.00000  0.00000e+00 |113  0.00000  0.00000e+00 |114  0.00000  0.00000e+00
115  0.00000  0.00000e+00 |116  0.00000  0.00000e+00 |117  0.00000  0.00000e+00
118  0.00000  0.00000e+00 |119  0.78258  1.38344e-06 |120 -0.42163 -6.32074e-06
121  0.25667  1.04099e-06 |122 -0.24287 -3.90753e-06 |
size of file gradfil1.tmp = 0
size of file gradfil2.tmp = 0
size of file varssave.tmp = 0
size of file cmpdiff.tmp = 0
