
Initial statistics: 1 variables; iteration 0; function evaluation 0; phase 1
Function value 2.6083937e+03; maximum gradient component mag -8.8046e+02
Var    Value     Gradient |Var    Value     Gradient |Var    Value     Gradient
  1  0.63197 -8.80455e+02 |

 - final statistics:
1 variables; iteration 4; function evaluation 5
Function value 2.6077e+03; maximum gradient component mag -2.5655e-01
Exit code = 1;  converg criter 1.0000e+01
Var    Value     Gradient |Var    Value     Gradient |Var    Value     Gradient
  1  0.63358 -2.56551e-01 |

Initial statistics: 98 variables; iteration 0; function evaluation 0; phase 2
Function value 2.6076942e+03; maximum gradient component mag -1.1446e+03
Var    Value     Gradient |Var    Value     Gradient |Var    Value     Gradient
  1  0.63358 -2.56551e-01 |  2  0.00000 -6.52989e+01 |  3  0.00000 -1.39650e+01
  4  0.00000  1.05230e+01 |  5  0.00000  9.25698e+00 |  6  0.00000  3.95077e+01
  7  0.00000  2.28874e+01 |  8  0.00000 -5.37207e+00 |  9  0.00000 -1.26712e+01
 10  0.00000 -7.59797e+01 | 11  0.00000 -4.50759e+01 | 12  0.00000  7.10708e+00
 13  0.00000 -1.46733e+02 | 14  0.00000  2.99587e+01 | 15  0.00000  1.12362e+02
 16  0.00000  1.06876e+02 | 17  0.00000  3.46211e+02 | 18  0.00000 -4.06668e+02
 19  0.00000 -9.63584e+01 | 20  0.00000 -2.21098e+02 | 21  0.00000 -3.54626e+02
 22  0.00000 -2.33100e+02 | 23  0.00000 -1.99414e+02 | 24  0.00000 -1.32448e+01
 25  0.00000  3.24779e+02 | 26  0.00000 -4.46287e+02 | 27  0.00000  1.42434e+02
 28  0.00000  7.04189e+01 | 29  0.00000  1.86654e+00 | 30  0.00000 -7.58196e+02
 31  0.00000 -6.61997e+02 | 32  0.00000 -2.15457e+01 | 33  0.00000  1.34119e+02
 34  0.00000  1.06952e+02 | 35  0.00000 -2.00181e+01 | 36  0.00000  2.16029e+02
 37  0.00000 -2.60616e+02 | 38  0.00000 -2.17483e+02 | 39  0.00000  1.06098e+02
 40  0.00000 -2.00865e+02 | 41  0.00000 -1.07324e+02 | 42  0.00000 -1.69309e+02
 43  0.00000  1.43045e+02 | 44  0.00000  3.96989e+01 | 45  0.00000  5.81886e+01
 46  0.00000 -9.85808e+02 | 47  0.00000  9.12806e+01 | 48  0.00000  1.42185e+01
 49  0.00000 -3.40687e+02 | 50  0.00000  4.25095e+02 | 51  0.00000 -3.70386e+01
 52  0.00000 -1.01321e+03 | 53  0.00000 -9.46122e+02 | 54  0.00000 -1.14462e+03
 55  0.00000  8.88895e+02 | 56  0.00000  4.45033e+02 | 57  0.00000  9.10245e+02
 58  0.00000  7.17474e+02 | 59  0.00000  3.60725e+02 | 60  0.00000  8.12170e+01
 61  0.00000 -6.56303e+02 | 62  0.00000 -8.95419e+02 | 63  0.00000  1.72516e+02
 64  0.00000  3.95307e+02 | 65  0.00000  1.03343e+03 | 66  0.00000  1.01194e+03
 67  0.00000  6.61891e+02 | 68  0.00000 -1.89181e+02 | 69  0.00000  9.34860e+02
 70  0.00000 -7.49012e+02 | 71  0.00000 -5.49929e+02 | 72  0.00000 -1.53021e+02
 73  0.00000  7.02312e+02 | 74  0.00000 -3.23604e+02 | 75  0.00000  7.39281e+02
 76  0.00000  4.09473e+02 | 77  0.00000  6.30420e+02 | 78  0.00000 -6.22297e+02
 79  0.00000 -3.50363e+02 | 80  0.00000  7.79640e+02 | 81  0.00000  8.11264e+02
 82  0.00000  2.96542e+02 | 83  0.00000  1.17018e+02 | 84  0.00000  2.67097e+02
 85  0.00000  3.49837e+02 | 86  0.00000 -4.83852e+02 | 87  0.00000 -5.69008e+02
 88  0.00000 -5.81838e+02 | 89  0.00000 -2.49008e+02 | 90  0.00000 -5.87873e+01
 91  0.00000  3.05593e+02 | 92  0.00000  1.64157e+02 | 93  0.00000 -7.73069e+01
 94  0.00000 -6.61859e+00 | 95  0.00000 -4.39625e+00 | 96  0.00000 -4.39634e+00
 97  0.81654 -2.81513e+00 | 98  0.22185 -8.53124e+01 |

Intermediate statistics: 98 variables; iteration 20; function evaluation 32; phase 2
Function value 2.2981823e+03; maximum gradient component mag -5.2150e+02
Var    Value     Gradient |Var    Value     Gradient |Var    Value     Gradient
  1  0.63220 -3.82071e+02 |  2  0.06393  8.82188e+01 |  3 -0.00276 -9.17779e-01
  4 -0.03977 -4.86998e+01 |  5 -0.00269  2.21743e+01 |  6  0.01543  1.01467e+02
  7  0.01593  9.19653e+01 |  8 -0.00394  4.76701e+00 |  9 -0.00783 -1.59623e+01
 10  0.01990  3.80180e+01 | 11  0.00024 -1.91936e+01 | 12 -0.01268 -3.44256e+01
 13  0.01390 -2.25363e+01 | 14 -0.00509  1.22838e+01 | 15 -0.01666 -1.07549e+01
 16 -0.00856  3.22216e+01 | 17 -0.03063  6.12185e+01 | 18  0.01938 -1.07422e+02
 19  0.00122 -3.82790e+01 | 20  0.00587 -9.54138e+01 | 21  0.01469 -1.00054e+02
 22  0.00740 -7.79150e+01 | 23  0.00600 -8.04618e+01 | 24 -0.00482 -3.76272e+01
 25 -0.02128  1.17375e+02 | 26  0.01722 -1.47538e+02 | 27 -0.01418  3.08143e+00
 28 -0.00861  9.85557e+00 | 29 -0.00718 -8.23469e+00 | 30  0.02859 -2.68651e+02
 31  0.02364 -2.39337e+02 | 32 -0.00554 -2.58776e+01 | 33 -0.01293  2.02181e+01
 34 -0.01027  1.45620e+01 | 35  0.00090  3.74047e+01 | 36 -0.01449  8.91199e+01
 37  0.01019 -4.31529e+01 | 38  0.00671 -4.84706e+01 | 39 -0.01133  3.44088e+01
 40  0.00702 -2.47807e+01 | 41  0.00178 -3.79518e+00 | 42  0.00786  1.93861e+01
 43 -0.01282  4.71134e+01 | 44 -0.00856  2.14784e+00 | 45 -0.00876  4.65559e+01
 46  0.03763 -1.87657e+02 | 47 -0.00997  5.29938e+01 | 48 -0.00034  9.27952e+01
 49  0.00677 -1.53910e+02 | 50 -0.02324  1.61634e+02 | 51 -0.00567 -3.84938e+01
 52  0.02139 -3.92010e+02 | 53  0.01806 -3.13325e+02 | 54  0.02733 -1.49510e+02
 55 -0.02067  4.52688e+02 | 56 -0.00702  2.10206e+02 | 57 -0.01585  4.15483e+02
 58 -0.01237  3.06415e+02 | 59 -0.00605  1.40544e+02 | 60 -0.00051  5.33783e+01
 61  0.00995 -3.53264e+02 | 62  0.01290 -4.99381e+02 | 63 -0.00527  1.02337e+01
 64 -0.00595  1.52218e+02 | 65 -0.01743  4.52715e+02 | 66 -0.01601  4.42353e+02
 67 -0.01155  2.36865e+02 | 68  0.00429 -1.51067e+02 | 69 -0.01911  3.66950e+02
 70  0.00962 -5.21496e+02 | 71  0.00608 -4.39300e+02 | 72  0.00104 -2.17358e+02
 73 -0.01433  2.46067e+02 | 74  0.00448 -3.11649e+02 | 75 -0.01632  2.20290e+02
 76 -0.00694  1.09998e+02 | 77 -0.01277  2.26547e+02 | 78  0.00871 -3.99297e+02
 79  0.00308 -2.99866e+02 | 80 -0.01264  3.80505e+02 | 81 -0.01282  4.07313e+02
 82 -0.00529  1.00790e+02 | 83 -0.00080  5.27475e+01 | 84 -0.00659  6.41886e+01
 85 -0.00376  2.40580e+02 | 86  0.01083 -2.23811e+02 | 87  0.00819 -3.85154e+02
 88  0.00968 -3.77788e+02 | 89  0.00845 -9.33429e+01 | 90  0.00782  5.05724e+01
 91 -0.01338  1.47793e+02 | 92 -0.00549  1.21457e+02 | 93  0.02624  5.06288e+01
 94  0.01275  2.75870e+01 | 95  0.00753  2.03730e+01 | 96  0.00753  2.03747e+01
 97  0.81937  2.12815e+01 | 98  0.22321 -7.00002e-01 |
98 variables; iteration 40; function evaluation 59; phase 2
Function value 2.2368220e+03; maximum gradient component mag 1.0795e+03
Var    Value     Gradient |Var    Value     Gradient |Var    Value     Gradient
  1  0.62904  1.07947e+03 |  2  0.02621 -4.26839e+01 |  3  0.01275 -1.63331e+01
  4  0.01142  7.25976e+00 |  5 -0.00860 -3.76337e+01 |  6 -0.04494 -8.82654e+01
  7 -0.01646 -4.74487e+01 |  8  0.01276  7.88813e+00 |  9  0.01358  9.00345e+00
 10  0.01000 -6.30276e+01 | 11  0.01448 -2.00672e+00 | 12  0.00140 -1.60071e+01
 13  0.00983 -1.13505e+02 | 14 -0.00291 -2.97218e+01 | 15 -0.00352  3.76963e+01
 16 -0.00940 -3.46136e+01 | 17 -0.02620  4.41238e+01 | 18  0.02502 -7.63164e+01
 19  0.00417 -5.48145e+01 | 20  0.01564 -1.31802e+01 | 21  0.02046 -6.31400e+01
 22  0.01373 -3.48976e+01 | 23  0.01744  3.32023e+01 | 24  0.00404  1.95277e+01
 25 -0.03415 -4.86213e+01 | 26  0.02690 -3.77460e+01 | 27 -0.00779  1.99812e+01
 28 -0.00917 -4.70412e+01 | 29 -0.00666 -4.02155e+01 | 30  0.04472  2.96101e+01
 31  0.03842  2.04972e+01 | 32 -0.00281 -2.81713e+01 | 33 -0.01027  9.21964e+00
 34 -0.00281  6.32914e+01 | 35  0.00124 -6.61606e+00 | 36 -0.02200 -3.72494e+01
 37  0.01147 -6.05541e+01 | 38  0.01126 -5.19061e+00 | 39 -0.01322 -1.53015e+01
 40  0.00830 -2.46904e+01 | 41  0.00227 -1.75054e+01 | 42  0.00297 -7.20153e+01
 43 -0.01236  3.32953e+01 | 44 -0.00123  8.65287e+01 | 45 -0.01389 -2.30128e+01
 46  0.04232 -3.84883e+01 | 47 -0.01225  1.27404e+01 | 48 -0.00982 -4.70193e+01
 49  0.02119  1.52209e+02 | 50 -0.02838  9.47666e+01 | 51 -0.00347  1.82678e+01
 52  0.03373  4.49714e+01 | 53  0.02407 -9.37191e+01 | 54  0.02220 -3.55761e+02
 55 -0.02767  2.79152e+02 | 56 -0.01025  7.69008e+01 | 57 -0.02325  1.95245e+02
 58 -0.01688  1.48008e+02 | 59 -0.00459  1.43087e+02 | 60 -0.00016  5.51700e+01
 61  0.02135  7.54672e+01 | 62  0.02467 -3.08007e+01 | 63 -0.00259  7.68236e+01
 64 -0.00966  6.60543e+00 | 65 -0.02934  1.23507e+02 | 66 -0.02697  1.11519e+02
 67 -0.01555  8.23310e+01 | 68  0.01125  4.71576e+01 | 69 -0.02657  1.88578e+02
 70  0.02373  1.34521e+01 | 71  0.01755 -5.17374e+01 | 72  0.00514 -1.27659e+02
 73 -0.02231  3.90479e+01 | 74  0.00855 -2.44162e+02 | 75 -0.01825  1.34622e+02
 76 -0.00272  1.81414e+02 | 77 -0.01493  1.48836e+02 | 78  0.01782 -8.68877e+01
 79  0.01144 -5.67149e+01 | 80 -0.02499  5.23606e+01 | 81 -0.02426  9.18332e+01
 82 -0.00550  2.46554e+01 | 83 -0.00305 -6.67417e+01 | 84 -0.00586  1.29698e+01
 85 -0.01219  1.41833e+00 | 86  0.01704 -9.38562e+01 | 87  0.02326 -1.87807e+01
 88  0.02579 -3.74860e+00 | 89  0.01225 -4.21644e+01 | 90  0.00257 -8.47882e+01
 91 -0.03270 -6.41640e+01 | 92 -0.03818 -1.28180e+02 | 93  0.00597 -8.31418e+01
 94 -0.01432 -5.72906e+01 | 95 -0.00879 -4.73135e+01 | 96 -0.00879 -4.73159e+01
 97  0.80246 -4.33469e+01 | 98  0.21923  1.60640e+01 |
98 variables; iteration 60; function evaluation 85; phase 2
Function value 2.2221250e+03; maximum gradient component mag 7.3386e+02
Var    Value     Gradient |Var    Value     Gradient |Var    Value     Gradient
  1  0.62871  7.33863e+02 |  2  0.02769 -2.98287e+01 |  3  0.01707  2.26281e+00
  4 -0.00115 -9.25405e+00 |  5 -0.01252 -3.61154e+01 |  6 -0.02920 -4.56499e+01
  7 -0.01191 -2.60772e+01 |  8 -0.00310 -3.22602e+01 |  9  0.01462  2.28650e+01
 10  0.01917 -1.18871e+01 | 11  0.00035 -6.26100e+01 | 12  0.00246 -9.97534e-02
 13  0.01412 -7.15428e+01 | 14 -0.00245 -1.60030e+01 | 15 -0.01141 -1.70169e+01
 16 -0.01042 -3.37180e+01 | 17 -0.03222  6.66573e+00 | 18  0.02601 -4.58839e+01
 19  0.00514 -2.90970e+01 | 20  0.01559  1.35699e+00 | 21  0.02269 -1.21052e+01
 22  0.01441 -1.37969e+01 | 23  0.01549  1.16809e+01 | 24  0.00124 -7.64960e+00
 25 -0.02918  2.81398e+00 | 26  0.02716 -2.21125e+01 | 27 -0.01164 -1.40610e+01
 28 -0.00421  1.92679e+01 | 29 -0.00774 -4.15724e+01 | 30  0.04349  9.58706e+00
 31  0.03828  2.38288e+01 | 32 -0.00279 -1.98447e+01 | 33 -0.01158  1.60251e+00
 34 -0.00546  3.53952e+01 | 35  0.00109 -2.00908e+00 | 36 -0.02149 -2.35661e+01
 37  0.01373 -1.63509e+01 | 38  0.01082 -6.78045e+00 | 39 -0.01206  4.14204e+00
 40  0.00928 -5.30333e+00 | 41  0.00318 -2.20728e-01 | 42  0.00545 -3.25345e+01
 43 -0.01445  1.10333e+01 | 44 -0.00371  5.37173e+01 | 45 -0.01122  1.18177e+01
 46  0.04344 -1.30222e+01 | 47 -0.01386 -5.31690e+00 | 48 -0.00779 -2.04467e+01
 49  0.01728  5.39256e+01 | 50 -0.03334  3.65056e+01 | 51 -0.00347  1.18964e+01
 52  0.03352  2.60982e+01 | 53  0.02599 -2.72022e+01 | 54  0.02816 -1.26096e+02
 55 -0.03566  1.44121e+02 | 56 -0.01127  3.72999e+01 | 57 -0.02760  9.36746e+01
 58 -0.01931  7.91460e+01 | 59 -0.00645  8.05389e+01 | 60 -0.00093  2.43387e+01
 61  0.02086  4.56387e+01 | 62  0.02595  1.22323e+01 | 63 -0.00406  3.51243e+01
 64 -0.00939  8.00524e+00 | 65 -0.03253  5.83995e+01 | 66 -0.02974  4.87263e+01
 67 -0.01690  4.40394e+01 | 68  0.01117  2.87919e+01 | 69 -0.03204  8.18142e+01
 70  0.02433  2.38844e+01 | 71  0.01873 -1.15711e+01 | 72  0.00855 -2.56194e+01
 73 -0.02372  1.90903e+01 | 74  0.01327 -9.03183e+01 | 75 -0.02108  7.46305e+01
 76 -0.00659  6.04904e+01 | 77 -0.01722  9.28872e+01 | 78  0.01958 -1.92929e+01
 79  0.01265 -1.13761e+01 | 80 -0.02651  2.58981e+01 | 81 -0.02656  4.87734e+01
 82 -0.00674 -6.17403e+00 | 83 -0.00146 -2.20882e+01 | 84 -0.00676 -4.65058e+00
 85 -0.01337 -1.77480e+01 | 86  0.01830 -5.66559e+01 | 87  0.02354 -1.25785e+01
 88  0.02568 -1.39327e+01 | 89  0.01106 -6.73324e+01 | 90  0.00560 -3.84139e+01
 91 -0.03091 -4.29545e+01 | 92 -0.03047 -7.86649e+01 | 93  0.01148 -4.87698e+01
 94 -0.01281 -4.45160e+01 | 95  0.00535 -1.52446e+01 | 96  0.00535 -1.52453e+01
 97  0.80717 -1.87241e+01 | 98  0.21934  9.60883e+00 |
Maximum number of function evaluations exceeded

 - final statistics:
98 variables; iteration 72; function evaluation 100
Function value 2.2174e+03; maximum gradient component mag 1.8062e+02
Exit code = 3;  converg criter 1.0000e+01
Var    Value     Gradient |Var    Value     Gradient |Var    Value     Gradient
  1  0.62772  1.80624e+02 |  2  0.03282 -2.60077e+00 |  3  0.00525 -4.35538e+00
  4 -0.00405  1.76522e+00 |  5 -0.00923 -1.19778e+01 |  6 -0.01386  5.53231e+00
  7 -0.01218 -9.54509e+00 |  8  0.00224  1.37828e+00 |  9 -0.00001 -1.27458e+01
 10  0.02110  1.54724e+01 | 11  0.00731 -1.10860e+01 | 12  0.00294  2.07229e+01
 13  0.01998 -6.85531e+00 | 14 -0.00670 -2.90669e+01 | 15 -0.01246 -8.49065e+00
 16 -0.01010 -1.52357e+01 | 17 -0.03535 -1.98796e+00 | 18  0.02715 -1.43096e+01
 19  0.00561 -1.00395e+01 | 20  0.01309 -2.23471e+01 | 21  0.02365  1.57267e+01
 22  0.01470  3.73846e+00 | 23  0.01365 -3.12270e+00 | 24 -0.00010 -1.17252e+01
 25 -0.03051  5.97029e+00 | 26  0.02796  6.02933e+00 | 27 -0.01103  6.86991e+00
 28 -0.00752 -4.44424e+00 | 29 -0.00505  7.50482e-01 | 30  0.04462  4.27241e+01
 31  0.03587 -1.77607e+01 | 32 -0.00237 -4.37047e+00 | 33 -0.01243  2.60399e+00
 34 -0.00816  1.14175e+01 | 35 -0.00001 -7.59795e+00 | 36 -0.01743  3.12528e+01
 37  0.01396 -3.57107e+00 | 38  0.01227  2.34752e+01 | 39 -0.01313 -1.19571e-01
 40  0.00879 -9.88121e+00 | 41  0.00336  7.05979e+00 | 42  0.00852  1.80441e+01
 43 -0.01534  5.78642e+00 | 44 -0.00607  2.38776e+01 | 45 -0.01218  3.12313e+00
 46  0.04547  2.43723e+01 | 47 -0.01372 -1.48402e+00 | 48 -0.00595  2.93021e+00
 49  0.01603  1.25444e+01 | 50 -0.03596  9.56060e+00 | 51 -0.00309  9.12577e+00
 52  0.03368  4.25582e+00 | 53  0.02722 -2.18096e+00 | 54  0.03229  2.17898e+01
 55 -0.04274  3.71306e+01 | 56 -0.01230 -7.45865e+00 | 57 -0.03197 -3.89214e+00
 58 -0.02235 -6.55194e+00 | 59 -0.00855  4.29070e+00 | 60 -0.00180 -2.06128e+01
 61  0.02039 -2.68102e+00 | 62  0.02641 -3.37874e+00 | 63 -0.00462  6.25598e+00
 64 -0.00837  1.86004e+01 | 65 -0.03532  9.54209e-01 | 66 -0.03137  8.74738e+00
 67 -0.01646  4.25735e+01 | 68  0.01074 -1.54031e+01 | 69 -0.03502  2.36606e+01
 70  0.02461  1.33403e-01 | 71  0.01961 -4.63996e+00 | 72  0.00997 -8.94509e-02
 73 -0.02385  1.52790e+01 | 74  0.01613 -1.18354e+01 | 75 -0.02457  1.04584e+00
 76 -0.00785  8.29282e+00 | 77 -0.02217 -2.04459e+01 | 78  0.02067  3.50206e+00
 79  0.01311 -5.05412e+00 | 80 -0.02794 -1.36248e+00 | 81 -0.02924 -6.69445e-02
 82 -0.00734 -2.55627e+01 | 83 -0.00165 -2.95555e+01 | 84 -0.00721 -1.49045e+01
 85 -0.01287 -5.57791e+00 | 86  0.01928 -3.63654e+01 | 87  0.02415 -7.14974e+00
 88  0.02675  9.43191e-01 | 89  0.01371 -2.27873e+01 | 90  0.00863  7.54448e+00
 91 -0.02747 -6.66922e+00 | 92 -0.01812  4.63540e+00 | 93  0.01628 -1.09260e+01
 94  0.01400  1.38459e+01 | 95 -0.00938 -2.12819e+01 | 96 -0.00938 -2.12821e+01
 97  0.81228  1.62206e+00 | 98  0.21878 -2.37200e+01 |

Initial statistics: 100 variables; iteration 0; function evaluation 0; phase 3
Function value 2.2173655e+03; maximum gradient component mag 4.7747e+02
Var    Value     Gradient |Var    Value     Gradient |Var    Value     Gradient
  1  0.62772  1.80624e+02 |  2  0.03282 -2.63434e+00 |  3  0.00525 -4.38899e+00
  4 -0.00405  1.73161e+00 |  5 -0.00923 -1.20114e+01 |  6 -0.01387  5.49870e+00
  7 -0.01218 -9.57870e+00 |  8  0.00224  1.34467e+00 |  9 -0.00001 -1.27794e+01
 10  0.02110  1.54388e+01 | 11  0.00731 -1.11196e+01 | 12  0.00294  2.06893e+01
 13  0.01998 -6.88890e+00 | 14 -0.00670 -2.91005e+01 | 15 -0.01246 -8.52426e+00
 16 -0.01010 -1.52693e+01 | 17 -0.03535 -2.02152e+00 | 18  0.02715 -1.43432e+01
 19  0.00561 -1.00731e+01 | 20  0.01309 -2.23807e+01 | 21  0.02365  1.56931e+01
 22  0.01470  3.70486e+00 | 23  0.01365 -3.15631e+00 | 24 -0.00011 -1.17588e+01
 25 -0.03051  5.93671e+00 | 26  0.02796  5.99575e+00 | 27 -0.01103  6.83630e+00
 28 -0.00752 -4.47785e+00 | 29 -0.00505  7.16869e-01 | 30  0.04462  4.26906e+01
 31  0.03587 -1.77942e+01 | 32 -0.00237 -4.40408e+00 | 33 -0.01243  2.57039e+00
 34 -0.00816  1.13839e+01 | 35 -0.00001 -7.63156e+00 | 36 -0.01743  3.12192e+01
 37  0.01396 -3.60468e+00 | 38  0.01227  2.34416e+01 | 39 -0.01313 -1.53178e-01
 40  0.00879 -9.91482e+00 | 41  0.00335  7.02618e+00 | 42  0.00852  1.80104e+01
 43 -0.01534  5.75281e+00 | 44 -0.00607  2.38440e+01 | 45 -0.01218  3.08952e+00
 46  0.04547  2.43388e+01 | 47 -0.01372 -1.51763e+00 | 48 -0.00595  2.89660e+00
 49  0.01602  1.25108e+01 | 50 -0.03596  9.52704e+00 | 51 -0.00309  9.09216e+00
 52  0.03368  4.22226e+00 | 53  0.02722 -2.21454e+00 | 54  0.03229  2.17562e+01
 55 -0.04274  3.70971e+01 | 56 -0.01230 -7.49226e+00 | 57 -0.03197 -3.92571e+00
 58 -0.02235 -6.58554e+00 | 59 -0.00855  4.25709e+00 | 60 -0.00180 -2.06464e+01
 61  0.02039 -2.71462e+00 | 62  0.02640 -3.41233e+00 | 63 -0.00462  6.22237e+00
 64 -0.00837  1.85667e+01 | 65 -0.03532  9.20647e-01 | 66 -0.03137  8.71381e+00
 67 -0.01646  4.25399e+01 | 68  0.01074 -1.54367e+01 | 69 -0.03502  2.36271e+01
 70  0.02461  9.98138e-02 | 71  0.01961 -4.67355e+00 | 72  0.00997 -1.23061e-01
 73 -0.02385  1.52454e+01 | 74  0.01613 -1.18690e+01 | 75 -0.02457  1.01225e+00
 76 -0.00785  8.25921e+00 | 77 -0.02217 -2.04795e+01 | 78  0.02067  3.46847e+00
 79  0.01311 -5.08773e+00 | 80 -0.02794 -1.39607e+00 | 81 -0.02925 -1.00523e-01
 82 -0.00734 -2.55963e+01 | 83 -0.00165 -2.95891e+01 | 84 -0.00721 -1.49381e+01
 85 -0.01287 -5.61152e+00 | 86  0.01928 -3.63990e+01 | 87  0.02415 -7.18333e+00
 88  0.02675  9.09606e-01 | 89  0.01371 -2.28209e+01 | 90  0.00863  7.51087e+00
 91 -0.02747 -6.70280e+00 | 92 -0.01813  4.60180e+00 | 93  0.01628 -1.09597e+01
 94  0.01400  1.38123e+01 | 95 -0.00938 -2.13155e+01 | 96 -0.00938 -2.13157e+01
 97  0.81228  1.62206e+00 | 98 -0.41581  3.41223e+02 | 99  0.21878 -2.37200e+01
100 -0.25275  4.77465e+02 |

Intermediate statistics: 100 variables; iteration 20; function evaluation 23; phase 3
Function value 2.2149925e+03; maximum gradient component mag 4.2402e+02
Var    Value     Gradient |Var    Value     Gradient |Var    Value     Gradient
  1  0.62895  4.24017e+02 |  2  0.03290 -1.03969e+01 |  3  0.00567 -1.14050e+01
  4 -0.00538 -8.81382e+00 |  5 -0.00689 -1.48265e+01 |  6 -0.01552 -6.28898e+00
  7 -0.01063 -1.37715e+01 |  8  0.00234 -6.81986e+00 |  9  0.00163 -1.58229e+01
 10  0.02170  8.85289e+00 | 11  0.00837 -1.54375e+01 | 12  0.00404  1.69496e+01
 13  0.02078 -1.16004e+01 | 14 -0.00692 -4.09696e+01 | 15 -0.01201 -1.52649e+01
 16 -0.01019 -2.58155e+01 | 17 -0.03506 -8.03950e+00 | 18  0.02692 -2.79920e+01
 19  0.00549 -2.11054e+01 | 20  0.01221 -4.42780e+01 | 21  0.02451  2.07731e+01
 22  0.01510  1.82542e+00 | 23  0.01379 -9.11279e+00 | 24 -0.00038 -2.27305e+01
 25 -0.02988  3.88535e+00 | 26  0.02826  5.01138e+00 | 27 -0.01027  8.66112e+00
 28 -0.00745 -1.03391e+01 | 29 -0.00487 -4.31458e+00 | 30  0.04411  2.46855e+01
 31  0.03517 -3.80848e+01 | 32 -0.00245 -1.12599e+01 | 33 -0.01210  9.66069e-01
 34 -0.00733  1.68086e+01 | 35 -0.00033 -1.59238e+01 | 36 -0.01571  4.53912e+01
 37  0.01359 -1.22331e+01 | 38  0.01305  3.38621e+01 | 39 -0.01320 -4.75925e+00
 40  0.00802 -2.37004e+01 | 41  0.00339  6.97114e+00 | 42  0.00887  2.54154e+01
 43 -0.01527  7.03794e+00 | 44 -0.00516  3.80150e+01 | 45 -0.01247  1.24726e+00
 46  0.04389 -3.35661e+00 | 47 -0.01448 -8.65703e+00 | 48 -0.00682 -5.08100e+00
 49  0.01465 -5.16014e+00 | 50 -0.03595  1.04890e+01 | 51 -0.00379  4.79946e+00
 52  0.03475  6.19323e+01 | 53  0.02851  6.39204e+01 | 54  0.03223  5.14905e+01
 55 -0.04133  5.99495e+01 | 56 -0.01282 -9.84858e+00 | 57 -0.03266 -1.47747e+01
 58 -0.02301 -1.21869e+01 | 59 -0.00856  1.35569e+01 | 60 -0.00069  2.74429e+01
 61  0.02011  6.99666e+00 | 62  0.02663  3.35214e+01 | 63 -0.00498  6.25396e+00
 64 -0.00973 -4.94203e+00 | 65 -0.03586 -7.20629e+00 | 66 -0.03226 -4.05975e+00
 67 -0.01817  6.14046e+00 | 68  0.01076  4.00505e+00 | 69 -0.03420  4.06006e+01
 70  0.02480  3.29170e+01 | 71  0.01999  2.30957e+01 | 72  0.00926 -6.49829e+00
 73 -0.02373  2.00260e+01 | 74  0.01606  3.67942e+00 | 75 -0.02486 -2.26432e+00
 76 -0.00866 -3.44094e+00 | 77 -0.02266 -2.87040e+01 | 78  0.02056  1.73174e+01
 79  0.01354  1.92670e+01 | 80 -0.02865 -1.01300e+01 | 81 -0.02966 -6.64452e+00
 82 -0.00668  3.23900e+00 | 83 -0.00008  2.00322e+01 | 84 -0.00790 -2.14395e+01
 85 -0.01379 -1.94372e+01 | 86  0.02067  2.40777e+01 | 87  0.02367 -5.84883e+00
 88  0.02465 -3.74392e+01 | 89  0.01102 -6.60339e+01 | 90  0.00651 -1.23954e+01
 91 -0.02909 -1.80459e+01 | 92 -0.02081 -8.63540e+00 | 93  0.01501 -1.91136e+01
 94  0.00704 -5.50151e+00 | 95 -0.00152 -1.66952e+01 | 96 -0.00152 -1.66954e+01
 97  0.78149 -4.83683e+01 | 98 -0.42060  3.97519e+02 | 99  0.20344 -4.19288e+01
100 -0.25818  3.78693e+02 |
100 variables; iteration 40; function evaluation 51; phase 3
Function value 2.2119959e+03; maximum gradient component mag 2.4652e+02
Var    Value     Gradient |Var    Value     Gradient |Var    Value     Gradient
  1  0.62801 -3.13139e+00 |  2  0.03398  3.66404e+00 |  3  0.00643  2.12150e+00
  4 -0.00546  3.04869e+00 |  5 -0.00593 -8.50538e-01 |  6 -0.01347  1.02206e+01
  7 -0.01033 -1.44090e+00 |  8  0.00008 -2.65375e+00 |  9  0.00448  4.75648e+00
 10  0.01920  6.55911e+00 | 11  0.00759 -9.56236e+00 | 12  0.00011  4.96694e+00
 13  0.02046 -6.11718e+00 | 14 -0.00196  3.93554e+00 | 15 -0.01198 -5.12678e+00
 16 -0.00989 -1.30692e+01 | 17 -0.03563 -1.45132e+00 | 18  0.02779 -5.92083e+00
 19  0.00616 -4.34788e+00 | 20  0.01414 -1.05257e+01 | 21  0.02295 -1.23024e+00
 22  0.01458 -1.70905e+00 | 23  0.01386 -2.07161e+00 | 24  0.00080 -7.62240e-01
 25 -0.03061  7.16523e+00 | 26  0.02828  9.15491e+00 | 27 -0.01174 -5.97231e-01
 28 -0.00729 -2.07206e+00 | 29 -0.00502 -4.09005e-01 | 30  0.04269 -8.32580e+00
 31  0.03609 -2.10561e+01 | 32 -0.00187  1.19455e+00 | 33 -0.01248  2.46795e+00
 34 -0.00909  1.16653e-01 | 35  0.00071  8.60283e-01 | 36 -0.01972  6.96038e+00
 37  0.01452  1.23545e+00 | 38  0.01113  8.90716e-01 | 39 -0.01292  1.32936e+00
 40  0.00938 -3.93483e+00 | 41  0.00310  8.15159e-02 | 42  0.00766 -3.31089e-01
 43 -0.01570 -4.47956e-01 | 44 -0.00746  2.74929e+00 | 45 -0.01225 -1.47064e+00
 46  0.04509 -3.40624e+00 | 47 -0.01336 -1.03010e+00 | 48 -0.00594 -2.49139e+00
 49  0.01597  1.68683e-01 | 50 -0.03668 -3.29822e-01 | 51 -0.00275  5.72039e+00
 52  0.03422 -1.23241e+00 | 53  0.02807  6.32714e+00 | 54  0.03188  1.47902e+00
 55 -0.04405  1.58946e+01 | 56 -0.01245 -6.52120e+00 | 57 -0.03164  8.84576e-01
 58 -0.02219  4.88151e+00 | 59 -0.00889 -8.42321e+00 | 60 -0.00121  1.78122e+00
 61  0.02055 -8.98555e+00 | 62  0.02642 -1.47928e+00 | 63 -0.00445  3.72133e+00
 64 -0.00931  3.33098e-02 | 65 -0.03512  3.20351e+00 | 66 -0.03205  2.09891e+00
 67 -0.01774  7.74395e+00 | 68  0.01075 -9.95706e+00 | 69 -0.03611  3.05282e+00
 70  0.02432 -6.21434e+00 | 71  0.02065  2.49568e+01 | 72  0.00965 -1.47143e+00
 73 -0.02389  1.32769e+01 | 74  0.01618 -6.91996e-01 | 75 -0.02449  1.86939e+00
 76 -0.00915 -1.45306e+01 | 77 -0.02120 -1.23482e+00 | 78  0.02025 -5.86487e-01
 79  0.01300 -1.15082e+01 | 80 -0.02835  1.83507e+00 | 81 -0.02920  4.03857e+00
 82 -0.00700  1.38498e+00 | 83 -0.00053  6.39350e+00 | 84 -0.00739 -8.32605e-02
 85 -0.01264  5.33337e+00 | 86  0.01971  1.26390e+00 | 87  0.02436  8.84758e+00
 88  0.02534 -8.24734e+00 | 89  0.01423  5.70296e-01 | 90  0.00601 -4.76334e+00
 91 -0.02728  4.36976e+00 | 92 -0.02262 -2.63712e+00 | 93  0.01756  5.24712e+00
 94  0.00443  2.14637e+00 | 95 -0.00321 -6.59826e+00 | 96 -0.00321 -6.59819e+00
 97  0.77290 -3.73954e+01 | 98 -0.42315  2.10322e+02 | 99  0.18177 -7.65108e+01
100 -0.26698  2.46517e+02 |
100 variables; iteration 60; function evaluation 77; phase 3
Function value 2.2115890e+03; maximum gradient component mag -4.4417e+01
Var    Value     Gradient |Var    Value     Gradient |Var    Value     Gradient
  1  0.62796 -4.44171e+01 |  2  0.03253  1.97079e+00 |  3  0.00550  1.58714e+00
  4 -0.00645  2.37748e+00 |  5 -0.00672 -1.22878e+00 |  6 -0.01934 -1.72930e+00
  7 -0.00965  1.67392e+00 |  8  0.00208  4.81061e+00 |  9  0.00386  4.06890e+00
 10  0.01722 -9.80437e-01 | 11  0.01009  4.77734e+00 | 12 -0.00156 -1.89524e+00
 13  0.02115  2.13953e+00 | 14 -0.00254  2.33048e+00 | 15 -0.01191 -1.67362e+00
 16 -0.00835  4.68861e+00 | 17 -0.03568  7.53754e-01 | 18  0.02795  9.38855e-01
 19  0.00639  2.02363e+00 | 20  0.01489  3.70378e+00 | 21  0.02259 -3.60013e+00
 22  0.01453  3.52417e-01 | 23  0.01389  1.11967e+00 | 24  0.00082  1.78895e+00
 25 -0.03185 -1.34624e+00 | 26  0.02765 -9.52357e-01 | 27 -0.01191 -3.92219e-01
 28 -0.00720  1.12102e+00 | 29 -0.00513  8.18760e-01 | 30  0.04296  1.67193e+00
 31  0.03733  7.30680e+00 | 32 -0.00209  6.70483e-01 | 33 -0.01285  1.30858e-01
 34 -0.00926 -5.16722e-01 | 35  0.00062  6.94319e-01 | 36 -0.02079 -2.80408e+00
 37  0.01447  1.42718e+00 | 38  0.01076 -3.75850e+00 | 39 -0.01315  2.74074e-02
 40  0.00949 -8.92616e-01 | 41  0.00299 -4.22448e-01 | 42  0.00759 -6.17964e-01
 43 -0.01570  2.50367e-01 | 44 -0.00781 -1.20174e+00 | 45 -0.01210  3.26208e-01
 46  0.04515 -3.65368e+00 | 47 -0.01326  1.72802e-01 | 48 -0.00578 -5.10653e-01
 49  0.01603  2.74652e-01 | 50 -0.03680 -1.33828e+00 | 51 -0.00295  1.70790e+00
 52  0.03412 -7.00270e+00 | 53  0.02767 -8.97911e+00 | 54  0.03177 -5.19034e+00
 55 -0.04554 -5.97101e+00 | 56 -0.01221  8.38389e-01 | 57 -0.03152  2.05443e+00
 58 -0.02277 -5.70412e+00 | 59 -0.00854 -3.07176e+00 | 60 -0.00136 -3.11298e-01
 61  0.02094 -2.27343e-01 | 62  0.02639 -3.07962e+00 | 63 -0.00459 -3.62989e+00
 64 -0.00946 -3.54557e+00 | 65 -0.03520  2.40626e-01 | 66 -0.03197  4.84579e+00
 67 -0.01830 -7.53268e+00 | 68  0.01101  1.05465e+00 | 69 -0.03642 -2.90734e+00
 70  0.02438 -2.12364e+00 | 71  0.01996 -6.12136e+00 | 72  0.00976  9.18099e-01
 73 -0.02494 -8.13722e+00 | 74  0.01616 -4.86413e-01 | 75 -0.02429  4.91892e+00
 76 -0.00862  2.37598e+00 | 77 -0.02090  4.40374e+00 | 78  0.02012 -2.28982e+00
 79  0.01341  1.53851e-01 | 80 -0.02835  4.27379e+00 | 81 -0.02911  5.04422e+00
 82 -0.00715  1.48044e-03 | 83 -0.00088 -5.79523e+00 | 84 -0.00739  2.04062e+00
 85 -0.01277  7.66100e-01 | 86  0.01944 -4.50605e+00 | 87  0.02440  4.84141e+00
 88  0.02570  2.51725e+00 | 89  0.01444  9.09816e-01 | 90  0.00653  3.41875e+00
 91 -0.02778 -1.27633e+00 | 92 -0.02189  2.60019e+00 | 93  0.01791  1.93543e+00
 94  0.00703  7.10469e+00 | 95  0.00156  2.13406e+00 | 96  0.00156  2.13394e+00
 97  0.77173  4.69800e+00 | 98 -0.42413 -1.55924e+01 | 99  0.17821  2.06717e+00
100 -0.26974  9.69793e+00 |
Maximum number of function evaluations exceeded

 - final statistics:
100 variables; iteration 79; function evaluation 100
Function value 2.2116e+03; maximum gradient component mag -1.8521e+01
Exit code = 3;  converg criter 1.0000e+00
Var    Value     Gradient |Var    Value     Gradient |Var    Value     Gradient
  1  0.62801 -1.85213e+01 |  2  0.03369  3.64984e+00 |  3  0.00605  1.95811e+00
  4 -0.00668  1.19514e+00 |  5 -0.00474  2.39020e+00 |  6 -0.01884 -1.34605e+00
  7 -0.00874  3.25293e+00 |  8  0.00119  1.36513e+00 |  9  0.00313  7.89844e-01
 10  0.01728 -1.45310e+00 | 11  0.00951  1.04918e+00 | 12 -0.00103  9.72714e-02
 13  0.02125  2.10154e+00 | 14 -0.00265  6.32813e-01 | 15 -0.01169 -9.80183e-01
 16 -0.00859  1.38832e+00 | 17 -0.03574 -5.65021e-01 | 18  0.02786 -1.76210e+00
 19  0.00642  1.39269e+00 | 20  0.01479  1.50117e+00 | 21  0.02285 -9.36590e-02
 22  0.01461  9.53394e-01 | 23  0.01385 -1.96966e-01 | 24  0.00084  1.39759e+00
 25 -0.03163 -3.03001e-01 | 26  0.02770 -5.26900e-01 | 27 -0.01197 -1.73508e+00
 28 -0.00721  2.80203e-01 | 29 -0.00513  6.76515e-02 | 30  0.04284 -1.65758e+00
 31  0.03704  1.02465e+00 | 32 -0.00209  1.92537e-01 | 33 -0.01273  1.08848e+00
 34 -0.00899  2.51042e+00 | 35  0.00063  7.18312e-01 | 36 -0.02065 -1.82578e+00
 37  0.01431 -1.24570e+00 | 38  0.01088 -1.85685e+00 | 39 -0.01311  3.88195e-01
 40  0.00953 -1.26014e-01 | 41  0.00299 -3.27163e-01 | 42  0.00752 -1.49034e+00
 43 -0.01577 -5.86509e-01 | 44 -0.00786 -1.76654e+00 | 45 -0.01212  3.30157e-01
 46  0.04518 -9.78944e-01 | 47 -0.01328  2.22312e-01 | 48 -0.00586 -1.06800e+00
 49  0.01611  3.18441e+00 | 50 -0.03645  2.31292e+00 | 51 -0.00310 -8.69881e-02
 52  0.03419 -2.86197e+00 | 53  0.02778 -3.64599e+00 | 54  0.03178 -2.19620e+00
 55 -0.04530 -2.52489e+00 | 56 -0.01228 -9.50036e-02 | 57 -0.03164  3.23812e-02
 58 -0.02277 -4.92197e+00 | 59 -0.00840  1.08766e+00 | 60 -0.00141 -5.68889e-01
 61  0.02092  2.47499e-01 | 62  0.02638 -1.34919e+00 | 63 -0.00453 -1.01983e+00
 64 -0.00936 -2.62403e-01 | 65 -0.03527 -1.03489e+00 | 66 -0.03220  5.63725e-01
 67 -0.01803 -1.18828e+00 | 68  0.01096  4.15070e-01 | 69 -0.03637 -2.25105e+00
 70  0.02438 -8.16580e-01 | 71  0.02004 -2.40312e+00 | 72  0.00971  3.61235e-01
 73 -0.02468 -3.40040e+00 | 74  0.01614 -1.41645e-01 | 75 -0.02448  1.08379e+00
 76 -0.00866  1.21342e+00 | 77 -0.02102  1.72366e+00 | 78  0.02014 -8.71137e-01
 79  0.01341  5.85987e-01 | 80 -0.02850  1.13153e+00 | 81 -0.02938 -2.76260e-01
 82 -0.00707  1.89699e+00 | 83 -0.00077 -2.50638e+00 | 84 -0.00747  2.57563e-01
 85 -0.01283 -5.49066e-01 | 86  0.01954 -1.28419e+00 | 87  0.02426  1.17598e+00
 88  0.02563  1.06934e+00 | 89  0.01443  7.81215e-01 | 90  0.00635  1.18863e+00
 91 -0.02756  1.69870e-01 | 92 -0.02204  1.58801e+00 | 93  0.01773  7.60600e-01
 94  0.00403  1.74163e+00 | 95  0.00141  1.11189e+00 | 96  0.00141  1.11126e+00
 97  0.77091  8.69303e-01 | 98 -0.42423 -1.40868e+00 | 99  0.17711 -3.11209e+00
100 -0.27015  1.33736e+01 |

Initial statistics: 108 variables; iteration 0; function evaluation 0; phase 4
Function value 2.2115538e+03; maximum gradient component mag -6.1851e+02
Var    Value     Gradient |Var    Value     Gradient |Var    Value     Gradient
  1 -0.42263  5.39236e+01 |  2 -0.42263 -6.18510e+02 |  3 -0.41094  2.32871e+02
  4  0.62801 -1.85213e+01 |  5  0.00000 -8.08280e+01 |  6  0.00000 -3.94940e+00
  7  0.00000 -1.00521e+01 |  8  0.00000  6.97968e+00 |  9  0.00000 -1.93027e+01
 10  0.03369  3.64392e+00 | 11  0.00605  1.95218e+00 | 12 -0.00668  1.18921e+00
 13 -0.00474  2.38427e+00 | 14 -0.01884 -1.35197e+00 | 15 -0.00874  3.24700e+00
 16  0.00119  1.35920e+00 | 17  0.00313  7.83915e-01 | 18  0.01728 -1.45903e+00
 19  0.00951  1.04325e+00 | 20 -0.00103  9.13426e-02 | 21  0.02125  2.09561e+00
 22 -0.00265  6.26884e-01 | 23 -0.01170 -9.86111e-01 | 24 -0.00859  1.38239e+00
 25 -0.03574 -5.70940e-01 | 26  0.02786 -1.76802e+00 | 27  0.00642  1.38676e+00
 28  0.01479  1.49524e+00 | 29  0.02285 -9.95840e-02 | 30  0.01461  9.47467e-01
 31  0.01385 -2.02894e-01 | 32  0.00084  1.39166e+00 | 33 -0.03163 -3.08922e-01
 34  0.02770 -5.32823e-01 | 35 -0.01197 -1.74101e+00 | 36 -0.00721  2.74274e-01
 37 -0.00513  6.17229e-02 | 38  0.04284 -1.66350e+00 | 39  0.03704  1.01873e+00
 40 -0.00209  1.86608e-01 | 41 -0.01273  1.08255e+00 | 42 -0.00899  2.50449e+00
 43  0.00063  7.12383e-01 | 44 -0.02065 -1.83170e+00 | 45  0.01431 -1.25163e+00
 46  0.01088 -1.86277e+00 | 47 -0.01311  3.82268e-01 | 48  0.00953 -1.31942e-01
 49  0.00299 -3.33091e-01 | 50  0.00752 -1.49627e+00 | 51 -0.01577 -5.92436e-01
 52 -0.00786 -1.77247e+00 | 53 -0.01212  3.24229e-01 | 54  0.04518 -9.84858e-01
 55 -0.01328  2.16384e-01 | 56 -0.00586 -1.07393e+00 | 57  0.01611  3.17848e+00
 58 -0.03645  2.30701e+00 | 59 -0.00310 -9.29167e-02 | 60  0.03419 -2.86789e+00
 61  0.02778 -3.65191e+00 | 62  0.03177 -2.20212e+00 | 63 -0.04530 -2.53080e+00
 64 -0.01228 -1.00931e-01 | 65 -0.03164  2.64598e-02 | 66 -0.02277 -4.92789e+00
 67 -0.00840  1.08173e+00 | 68 -0.00141 -5.74818e-01 | 69  0.02092  2.41574e-01
 70  0.02638 -1.35511e+00 | 71 -0.00453 -1.02576e+00 | 72 -0.00936 -2.68331e-01
 73 -0.03527 -1.04081e+00 | 74 -0.03220  5.57804e-01 | 75 -0.01803 -1.19420e+00
 76  0.01096  4.09142e-01 | 77 -0.03637 -2.25697e+00 | 78  0.02438 -8.22504e-01
 79  0.02004 -2.40905e+00 | 80  0.00971  3.55307e-01 | 81 -0.02468 -3.40632e+00
 82  0.01614 -1.47572e-01 | 83 -0.02448  1.07787e+00 | 84 -0.00866  1.20749e+00
 85 -0.02102  1.71774e+00 | 86  0.02014 -8.77062e-01 | 87  0.01341  5.80059e-01
 88 -0.02850  1.12561e+00 | 89 -0.02938 -2.82183e-01 | 90 -0.00707  1.89106e+00
 91 -0.00077 -2.51231e+00 | 92 -0.00747  2.51635e-01 | 93 -0.01283 -5.54994e-01
 94  0.01954 -1.29012e+00 | 95  0.02426  1.17006e+00 | 96  0.02563  1.06342e+00
 97  0.01443  7.75288e-01 | 98  0.00635  1.18270e+00 | 99 -0.02756  1.63946e-01
100 -0.02204  1.58208e+00 |101  0.01773  7.54673e-01 |102  0.00403  1.73570e+00
103  0.00141  1.10596e+00 |104  0.00141  1.10533e+00 |105  0.77091  8.69303e-01
106 -0.42423 -1.40868e+00 |107  0.17711 -3.11209e+00 |108 -0.27015  1.33736e+01

Intermediate statistics: 108 variables; iteration 20; function evaluation 27; phase 4
Function value 2.2075452e+03; maximum gradient component mag -5.6012e+02
Var    Value     Gradient |Var    Value     Gradient |Var    Value     Gradient
  1 -0.39302 -3.62956e+01 |  2 -0.41782 -5.60117e+02 |  3 -0.42921 -1.75535e+02
  4  0.62716 -1.84818e+02 |  5  0.01818 -3.79641e+01 |  6 -0.00274 -4.71458e+00
  7  0.00214 -4.47088e+00 |  8 -0.00512  8.04551e-01 |  9  0.00500 -7.96268e+00
 10  0.03035  6.06773e+00 | 11  0.00344  5.21381e+00 | 12 -0.00869  5.25728e+00
 13 -0.00656  6.70513e+00 | 14 -0.01961  4.95365e+00 | 15 -0.01020  8.42256e+00
 16  0.00028  8.71244e+00 | 17  0.00255  9.49910e+00 | 18  0.01720  1.07110e+01
 19  0.00965  1.35069e+01 | 20 -0.00078  1.20315e+01 | 21  0.02184  1.94594e+01
 22 -0.00217  1.38928e+01 | 23 -0.01129  1.08086e+01 | 24 -0.00812  1.34240e+01
 25 -0.03526  7.92838e+00 | 26  0.02838  9.28961e+00 | 27  0.00695  1.40928e+01
 28  0.01541  1.64619e+01 | 29  0.02338  1.64200e+01 | 30  0.01523  2.04247e+01
 31  0.01438  1.57444e+01 | 32  0.00121  1.31309e+01 | 33 -0.03132  8.25893e+00
 34  0.02826  1.72190e+01 | 35 -0.01154  5.65157e+00 | 36 -0.00691  5.12161e+00
 37 -0.00475  6.91844e+00 | 38  0.04322  1.10645e+01 | 39  0.03749  1.95214e+01
 40 -0.00176  1.13091e+01 | 41 -0.01247  9.32668e+00 | 42 -0.00867  9.23713e+00
 43  0.00096  4.90355e+00 | 44 -0.02036  2.30155e+00 | 45  0.01465  3.70410e+00
 46  0.01126  2.58940e+00 | 47 -0.01280  4.90422e+00 | 48  0.00984  3.16403e+00
 49  0.00327  2.27031e+00 | 50  0.00779  7.58377e-01 | 51 -0.01540  1.35675e+00
 52 -0.00761 -4.42094e+00 | 53 -0.01191 -2.28426e+00 | 54  0.04480 -2.46710e+01
 55 -0.01293  2.69475e-01 | 56 -0.00575 -6.82369e+00 | 57  0.01599 -1.35342e+01
 58 -0.03618 -8.83866e-01 | 59 -0.00327 -1.99952e+01 | 60  0.03390 -4.39396e+01
 61  0.02758 -3.14015e+01 | 62  0.03157 -3.23677e+01 | 63 -0.04500  1.72388e+00
 64 -0.01231 -1.17186e+01 | 65 -0.03163 -8.72157e+00 | 66 -0.02285 -2.46494e+01
 67 -0.00846 -1.84498e+01 | 68 -0.00129 -1.70296e+01 | 69  0.02129 -8.17473e+00
 70  0.02725  8.67513e+00 | 71 -0.00434 -1.39730e+00 | 72 -0.00893  4.37045e+00
 73 -0.03536 -5.21919e+00 | 74 -0.03215 -1.13848e+01 | 75 -0.01811 -1.91812e+01
 76  0.01136 -9.19627e+00 | 77 -0.03603 -3.28979e+00 | 78  0.02518  5.40617e+00
 79  0.02043 -1.04253e+01 | 80  0.01014  7.11170e-02 | 81 -0.02463 -6.14172e+00
 82  0.01658 -4.82948e+00 | 83 -0.02439 -7.81749e-01 | 84 -0.00840 -4.71318e+00
 85 -0.02113 -1.08743e+01 | 86  0.02062 -6.12759e+00 | 87  0.01358 -8.93368e+00
 88 -0.02870 -7.92741e+00 | 89 -0.02927 -1.79076e+00 | 90 -0.00716 -1.30760e+01
 91 -0.00090 -1.86421e+01 | 92 -0.00726 -5.79654e+00 | 93 -0.01339 -1.88541e+01
 94  0.01942 -2.17642e+01 | 95  0.02397 -1.52418e+01 | 96  0.02539 -1.06605e+01
 97  0.01372 -6.66035e+00 | 98  0.00648  8.66290e+00 | 99 -0.02854  5.65543e-01
100 -0.02231  4.41283e+00 |101  0.01556 -3.00842e+00 |102  0.00464  6.73529e+00
103  0.00071  5.21394e+00 |104  0.00071  5.21377e+00 |105  0.76996 -1.83683e+01
106 -0.42371  1.23482e+02 |107  0.18467  1.01585e+01 |108 -0.26817  2.19519e+01
108 variables; iteration 40; function evaluation 52; phase 4
Function value 2.2068337e+03; maximum gradient component mag -1.9720e+02
Var    Value     Gradient |Var    Value     Gradient |Var    Value     Gradient
  1 -0.38705 -5.87804e+00 |  2 -0.41711 -1.97198e+02 |  3 -0.43165 -4.50346e+01
  4  0.62657 -6.41779e+01 |  5  0.02971 -8.24071e+00 |  6 -0.00278 -3.09244e+00
  7  0.00387 -6.07253e-01 |  8 -0.00635 -2.59800e-01 |  9  0.00771 -1.94557e+00
 10  0.03175  7.19425e+00 | 11  0.00460  5.39659e+00 | 12 -0.00768  4.98246e+00
 13 -0.00642  4.52587e+00 | 14 -0.01915  3.29975e+00 | 15 -0.01185  1.60938e+00
 16 -0.00144  9.98555e-01 | 17  0.00175  4.24807e+00 | 18  0.01552  5.78029e-01
 19  0.00721 -1.64770e+00 | 20 -0.00243  1.32707e-01 | 21  0.01987 -3.23102e-01
 22 -0.00283  5.60714e+00 | 23 -0.01201  1.88477e+00 | 24 -0.00843  7.67539e+00
 25 -0.03530  4.96610e+00 | 26  0.02812  2.91187e+00 | 27  0.00595 -1.19640e+00
 28  0.01508  9.05947e+00 | 29  0.02248 -7.92560e-01 | 30  0.01462  8.18213e+00
 31  0.01419  1.00855e+01 | 32  0.00031 -7.92297e-01 | 33 -0.03188  7.65966e-01
 34  0.02785  7.89984e+00 | 35 -0.01145  4.69220e+00 | 36 -0.00703  1.96827e+00
 37 -0.00459  6.08768e+00 | 38  0.04298  3.07757e+00 | 39  0.03696  5.32140e+00
 40 -0.00242  9.05670e-02 | 41 -0.01243  7.08916e+00 | 42 -0.00916  1.28088e+00
 43  0.00087  2.38234e+00 | 44 -0.01988  5.51255e+00 | 45  0.01447  3.57983e-01
 46  0.01118  5.88993e-01 | 47 -0.01286  2.60608e+00 | 48  0.00968 -1.44084e-01
 49  0.00324  8.75970e-01 | 50  0.00772 -6.30817e-01 | 51 -0.01542 -1.11932e-01
 52 -0.00731 -1.73087e+00 | 53 -0.01217 -6.20782e+00 | 54  0.04532 -9.31389e+00
 55 -0.01321 -4.55162e+00 | 56 -0.00514  7.20709e-01 | 57  0.01641 -5.15534e+00
 58 -0.03608 -1.36560e+00 | 59 -0.00224 -2.26938e+00 | 60  0.03478 -1.24611e+01
 61  0.02807 -1.40358e+01 | 62  0.03210 -1.04763e+01 | 63 -0.04477  2.08876e+00
 64 -0.01194 -4.11932e+00 | 65 -0.03113 -8.42361e-01 | 66 -0.02195 -5.68754e+00
 67 -0.00805 -7.05748e+00 | 68 -0.00083 -2.43301e+00 | 69  0.02192  1.73586e+01
 70  0.02699 -3.94613e-01 | 71 -0.00428 -1.53380e+00 | 72 -0.00903  1.00681e-02
 73 -0.03507 -1.66934e+00 | 74 -0.03175 -4.70202e+00 | 75 -0.01751 -6.04342e+00
 76  0.01177  5.56189e+00 | 77 -0.03575 -1.05030e+00 | 78  0.02516  3.93746e+00
 79  0.02036 -1.43197e+01 | 80  0.01015 -8.21985e-01 | 81 -0.02435 -3.36062e+00
 82  0.01635 -1.52943e+01 | 83 -0.02421 -5.39415e-01 | 84 -0.00814 -6.30478e-01
 85 -0.02060 -2.12351e+00 | 86  0.02102  5.28052e+00 | 87  0.01404  2.54544e+00
 88 -0.02824 -3.33618e+00 | 89 -0.02899 -1.87712e+00 | 90 -0.00661 -4.75642e+00
 91 -0.00013 -5.46785e+00 | 92 -0.00679 -2.58897e+00 | 93 -0.01255 -9.11839e+00
 94  0.02015 -9.97510e+00 | 95  0.02467 -7.08609e+00 | 96  0.02614 -3.11403e+00
 97  0.01465  5.08350e-01 | 98  0.00680  2.16556e+00 | 99 -0.02876 -7.61402e+00
100 -0.02105  6.63550e+00 |101  0.01685 -2.30451e-01 |102  0.00210 -8.09646e-01
103  0.00039  1.44323e+00 |104  0.00039  1.44327e+00 |105  0.76843 -9.02929e+00
106 -0.42450  5.19666e+01 |107  0.18366  4.39347e+00 |108 -0.26904  1.36199e+01
108 variables; iteration 60; function evaluation 77; phase 4
Function value 2.2067044e+03; maximum gradient component mag -3.4488e+01
Var    Value     Gradient |Var    Value     Gradient |Var    Value     Gradient
  1 -0.38498 -8.18628e-01 |  2 -0.41661 -3.44878e+01 |  3 -0.43308 -9.59031e+00
  4  0.62620 -1.23643e+01 |  5  0.03305  1.36927e+00 |  6 -0.00119 -9.10365e-02
  7  0.00420  2.82230e-01 |  8 -0.00659 -3.35523e-01 |  9  0.00813 -7.89459e-01
 10  0.02885  2.94231e-01 | 11  0.00329  1.82835e+00 | 12 -0.00919  9.26819e-01
 13 -0.00866 -1.45765e+00 | 14 -0.02057 -9.12307e-01 | 15 -0.01175  9.89156e-01
 16 -0.00103  1.55023e+00 | 17  0.00174  3.59170e+00 | 18  0.01514 -1.60780e+00
 19  0.00849  4.31764e+00 | 20 -0.00267 -1.82697e+00 | 21  0.02025  2.32675e+00
 22 -0.00385 -2.81429e+00 | 23 -0.01261 -3.82212e+00 | 24 -0.00905  5.91837e-01
 25 -0.03576  3.17083e-01 | 26  0.02796 -9.43828e-01 | 27  0.00627  1.89781e+00
 28  0.01451 -1.34763e-01 | 29  0.02252 -8.81700e-01 | 30  0.01432  2.72272e+00
 31  0.01350 -8.78612e-01 | 32  0.00041 -4.46349e-01 | 33 -0.03186 -6.36115e-02
 34  0.02755  1.89335e+00 | 35 -0.01170  1.17935e+00 | 36 -0.00708  3.58711e-01
 37 -0.00500  5.49295e-01 | 38  0.04295  1.73381e+00 | 39  0.03673  5.01473e-02
 40 -0.00241 -7.12796e-01 | 41 -0.01283  1.72981e+00 | 42 -0.00936 -1.85160e+00
 43  0.00076  1.67288e-01 | 44 -0.02054 -2.04921e+00 | 45  0.01440 -8.72738e-01
 46  0.01105 -1.51545e+00 | 47 -0.01307 -4.30785e-01 | 48  0.00941 -4.92998e+00
 49  0.00313 -1.33210e+00 | 50  0.00749 -4.59822e+00 | 51 -0.01530  6.67560e-01
 52 -0.00677  4.49993e+00 | 53 -0.01171 -1.66500e+00 | 54  0.04569  5.15248e-01
 55 -0.01281 -8.82084e-01 | 56 -0.00528 -2.58084e+00 | 57  0.01676  4.50915e-01
 58 -0.03567  1.41058e+00 | 59 -0.00203 -1.08997e-01 | 60  0.03521  1.46020e-01
 61  0.02852 -2.55641e-01 | 62  0.03238 -1.83247e-01 | 63 -0.04493 -1.79410e+00
 64 -0.01172 -4.29733e-01 | 65 -0.03106 -1.38639e+00 | 66 -0.02159  1.01631e+00
 67 -0.00774 -6.01235e-01 | 68 -0.00070 -2.87989e-01 | 69  0.02154  2.39025e-01
 70  0.02700 -1.08359e+00 | 71 -0.00415  5.65208e-01 | 72 -0.00901 -3.83853e-01
 73 -0.03499 -1.48667e+00 | 74 -0.03151 -1.03822e+00 | 75 -0.01720 -7.17409e-01
 76  0.01165 -2.57169e-01 | 77 -0.03548  1.20790e+00 | 78  0.02508 -8.13854e-01
 79  0.02079 -7.04559e-01 | 80  0.01018 -4.13893e-01 | 81 -0.02408  2.37896e-01
 82  0.01679 -6.84308e-01 | 83 -0.02421 -1.81549e+00 | 84 -0.00796  2.54474e+00
 85 -0.02029  1.65636e+00 | 86  0.02096 -3.10788e-01 | 87  0.01409  1.56652e-01
 88 -0.02796 -1.16075e-01 | 89 -0.02865  1.34845e+00 | 90 -0.00629  3.89852e-01
 91  0.00025 -1.42772e-01 | 92 -0.00648  7.38647e-01 | 93 -0.01189 -6.16475e-01
 94  0.02066 -7.45072e-01 | 95  0.02534  3.99828e+00 | 96  0.02659  1.19717e+00
 97  0.01494 -1.00595e+00 | 98  0.00718  2.62701e+00 | 99 -0.02741 -1.27208e+00
100 -0.02161  1.03445e+00 |101  0.01752  7.23680e-01 |102  0.00444  1.18276e+00
103  0.00061  4.36838e-01 |104  0.00061  4.36833e-01 |105  0.76751 -1.01391e+00
106 -0.42490  1.32055e+00 |107  0.18098 -1.95842e+00 |108 -0.27028  1.54200e+00
Maximum number of function evaluations exceeded

 - final statistics:
108 variables; iteration 78; function evaluation 100
Function value 2.2067e+03; maximum gradient component mag -1.2163e+01
Exit code = 3;  converg criter 1.0000e+00
Var    Value     Gradient |Var    Value     Gradient |Var    Value     Gradient
  1 -0.38489 -7.04643e-02 |  2 -0.41659 -1.21626e+01 |  3 -0.43312 -2.61968e+00
  4  0.62618 -3.80969e+00 |  5  0.03273  5.06816e-01 |  6 -0.00120 -1.50131e-01
  7  0.00412  1.21872e-01 |  8 -0.00643 -8.31976e-02 |  9  0.00842 -3.04223e-01
 10  0.02893  1.73939e-01 | 11  0.00271  3.89787e-01 | 12 -0.00939  2.23238e-01
 13 -0.00799 -2.32586e-01 | 14 -0.02015 -2.28305e-01 | 15 -0.01192  2.55454e-01
 16 -0.00102  1.27104e+00 | 17  0.00099  6.29349e-01 | 18  0.01543 -5.76421e-01
 19  0.00790  1.03366e+00 | 20 -0.00230 -8.62876e-02 | 21  0.02008  7.03506e-01
 22 -0.00369 -1.80480e+00 | 23 -0.01211 -1.13308e-01 | 24 -0.00906  4.03041e-01
 25 -0.03572  4.63634e-01 | 26  0.02799 -4.25860e-01 | 27  0.00617  4.69720e-01
 28  0.01449 -4.81992e-01 | 29  0.02258 -7.85693e-02 | 30  0.01419  7.19018e-01
 31  0.01356 -8.41302e-02 | 32  0.00043 -3.63405e-01 | 33 -0.03189 -4.24220e-01
 34  0.02747  1.84293e-01 | 35 -0.01178  9.67174e-02 | 36 -0.00715 -4.74866e-01
 37 -0.00498  6.88185e-01 | 38  0.04289  3.95627e-01 | 39  0.03674  2.81610e-01
 40 -0.00236 -1.93067e-01 | 41 -0.01296  2.61681e-01 | 42 -0.00923 -4.50412e-01
 43  0.00071 -4.46967e-01 | 44 -0.02038 -4.80225e-01 | 45  0.01442 -5.81447e-01
 46  0.01111 -6.28472e-01 | 47 -0.01305 -2.84965e-01 | 48  0.00962 -1.47242e+00
 49  0.00317 -5.52137e-01 | 50  0.00770 -1.25854e+00 | 51 -0.01537 -1.20622e-01
 52 -0.00704  1.09007e+00 | 53 -0.01156  4.13539e-02 | 54  0.04565  2.05055e-01
 55 -0.01279 -4.86347e-01 | 56 -0.00516 -5.46513e-01 | 57  0.01673  4.35398e-01
 58 -0.03565  1.69791e+00 | 59 -0.00206 -1.58795e-01 | 60  0.03519  6.05372e-02
 61  0.02851 -1.32677e-02 | 62  0.03237 -6.52616e-03 | 63 -0.04484 -6.23482e-01
 64 -0.01173 -6.25239e-01 | 65 -0.03100 -1.84347e-01 | 66 -0.02162  4.17264e-01
 67 -0.00772 -6.01849e-02 | 68 -0.00069 -8.31159e-02 | 69  0.02152 -4.24237e-02
 70  0.02702 -3.36421e-01 | 71 -0.00417  1.58316e-01 | 72 -0.00900  2.83770e-02
 73 -0.03494 -5.95604e-01 | 74 -0.03149 -5.70698e-01 | 75 -0.01717 -3.07406e-02
 76  0.01166 -9.78546e-02 | 77 -0.03554  1.52330e-01 | 78  0.02509 -2.63555e-01
 79  0.02080 -1.27630e-01 | 80  0.01019 -1.20549e-01 | 81 -0.02407  2.73210e-01
 82  0.01680 -1.46700e-01 | 83 -0.02411 -2.93975e-02 | 84 -0.00802  6.48523e-01
 85 -0.02035  3.51446e-01 | 86  0.02097 -8.29653e-02 | 87  0.01409  3.25150e-02
 88 -0.02794 -6.43531e-02 | 89 -0.02870  2.58196e-01 | 90 -0.00625  1.06367e+00
 91  0.00025 -4.61286e-01 | 92 -0.00650 -1.29213e-01 | 93 -0.01187 -5.16514e-01
 94  0.02070  1.08192e-01 | 95  0.02524  8.45896e-01 | 96  0.02660  1.10546e+00
 97  0.01498 -6.42377e-01 | 98  0.00706  4.75872e-01 | 99 -0.02727 -4.85286e-01
100 -0.02164  6.00252e-01 |101  0.01749  2.77711e-01 |102  0.00409  4.04211e-01
103  0.00058  1.34546e-01 |104  0.00058  1.34547e-01 |105  0.76772 -3.08071e-01
106 -0.42486  4.38969e-01 |107  0.18123 -6.10173e-01 |108 -0.27019  5.07859e-01

Initial statistics: 110 variables; iteration 0; function evaluation 0; phase 5
Function value 2.2066912e+03; maximum gradient component mag 1.6627e+01
Var    Value     Gradient |Var    Value     Gradient |Var    Value     Gradient
  1 -0.38489 -7.04643e-02 |  2 -0.41659 -1.21626e+01 |  3 -0.43312 -2.61968e+00
  4 -0.41222 -1.51953e+01 |  5 -0.41222  1.66271e+01 |  6  0.62618 -3.80969e+00
  7  0.03273  5.06816e-01 |  8 -0.00120 -1.50131e-01 |  9  0.00412  1.21872e-01
 10 -0.00643 -8.31976e-02 | 11  0.00842 -3.04223e-01 | 12  0.02893  1.71083e-01
 13  0.00271  3.86928e-01 | 14 -0.00939  2.20380e-01 | 15 -0.00799 -2.35445e-01
 16 -0.02015 -2.31163e-01 | 17 -0.01192  2.52596e-01 | 18 -0.00102  1.26819e+00
 19  0.00099  6.26490e-01 | 20  0.01543 -5.79279e-01 | 21  0.00790  1.03081e+00
 22 -0.00230 -8.91464e-02 | 23  0.02008  7.00648e-01 | 24 -0.00369 -1.80766e+00
 25 -0.01211 -1.16166e-01 | 26 -0.00906  4.00183e-01 | 27 -0.03572  4.60780e-01
 28  0.02799 -4.28716e-01 | 29  0.00617  4.66861e-01 | 30  0.01449 -4.84850e-01
 31  0.02258 -8.14263e-02 | 32  0.01419  7.16160e-01 | 33  0.01356 -8.69883e-02
 34  0.00043 -3.66264e-01 | 35 -0.03189 -4.27075e-01 | 36  0.02747  1.81437e-01
 37 -0.01178  9.38591e-02 | 38 -0.00715 -4.77725e-01 | 39 -0.00498  6.85327e-01
 40  0.04289  3.92775e-01 | 41  0.03674  2.78756e-01 | 42 -0.00236 -1.95926e-01
 43 -0.01296  2.58823e-01 | 44 -0.00923 -4.53271e-01 | 45  0.00071 -4.49826e-01
 46 -0.02038 -4.83082e-01 | 47  0.01442 -5.84305e-01 | 48  0.01111 -6.31330e-01
 49 -0.01305 -2.87823e-01 | 50  0.00962 -1.47528e+00 | 51  0.00317 -5.54995e-01
 52  0.00770 -1.26140e+00 | 53 -0.01537 -1.23480e-01 | 54 -0.00704  1.08721e+00
 55 -0.01156  3.84956e-02 | 56  0.04565  2.02203e-01 | 57 -0.01279 -4.89205e-01
 58 -0.00516 -5.49372e-01 | 59  0.01673  4.32540e-01 | 60 -0.03565  1.69505e+00
 61 -0.00206 -1.61654e-01 | 62  0.03519  5.76828e-02 | 63  0.02851 -1.61237e-02
 64  0.03237 -9.38123e-03 | 65 -0.04484 -6.26334e-01 | 66 -0.01173 -6.28097e-01
 67 -0.03100 -1.87203e-01 | 68 -0.02162  4.14407e-01 | 69 -0.00772 -6.30435e-02
 70 -0.00069 -8.59746e-02 | 71  0.02152 -4.52808e-02 | 72  0.02702 -3.39277e-01
 73 -0.00417  1.55457e-01 | 74 -0.00900  2.55185e-02 | 75 -0.03494 -5.98459e-01
 76 -0.03149 -5.73553e-01 | 77 -0.01717 -3.35984e-02 | 78  0.01166 -1.00713e-01
 79 -0.03554  1.49475e-01 | 80  0.02509 -2.66412e-01 | 81  0.02080 -1.30488e-01
 82  0.01019 -1.23408e-01 | 83 -0.02407  2.70353e-01 | 84  0.01680 -1.49558e-01
 85 -0.02411 -3.22543e-02 | 86 -0.00802  6.45665e-01 | 87 -0.02035  3.48588e-01
 88  0.02097 -8.58225e-02 | 89  0.01409  2.96569e-02 | 90 -0.02794 -6.72091e-02
 91 -0.02870  2.55340e-01 | 92 -0.00625  1.06081e+00 | 93  0.00025 -4.64145e-01
 94 -0.00650 -1.32072e-01 | 95 -0.01187 -5.19372e-01 | 96  0.02070  1.05335e-01
 97  0.02524  8.43040e-01 | 98  0.02660  1.10261e+00 | 99  0.01498 -6.45235e-01
100  0.00706  4.73013e-01 |101 -0.02727 -4.88142e-01 |102 -0.02164  5.97394e-01
103  0.01749  2.74853e-01 |104  0.00409  4.01353e-01 |105  0.00058  1.31687e-01
106  0.00058  1.31688e-01 |107  0.76772 -3.08071e-01 |108 -0.42486  4.38969e-01
109  0.18123 -6.10173e-01 |110 -0.27019  5.07859e-01 |

Intermediate statistics: 110 variables; iteration 20; function evaluation 26; phase 5
Function value 2.2063129e+03; maximum gradient component mag 5.5626e+01
Var    Value     Gradient |Var    Value     Gradient |Var    Value     Gradient
  1 -0.38650  8.95560e+00 |  2 -0.41534  2.20261e+01 |  3 -0.43629  2.57281e+01
  4 -0.38468 -3.54060e+00 |  5 -0.42400  6.74187e+00 |  6  0.62629  4.69126e+01
  7  0.03265  1.91363e-02 |  8 -0.00124 -2.59002e-01 |  9  0.00410  3.93979e-02
 10 -0.00648 -2.13580e-01 | 11  0.00831 -5.37741e-01 | 12  0.02882 -1.69346e+00
 13  0.00263 -1.39262e+00 | 14 -0.00950 -1.58610e+00 | 15 -0.00815 -2.11261e+00
 16 -0.02032 -2.08348e+00 | 17 -0.01210 -1.56869e+00 | 18 -0.00135 -8.74561e-01
 19  0.00070 -1.33520e+00 | 20  0.01527 -1.77397e+00 | 21  0.00753 -1.23484e+00
 22 -0.00248 -1.44136e+00 | 23  0.01976 -1.54939e+00 | 24 -0.00320  1.67143e+00
 25 -0.01211 -4.51478e-01 | 26 -0.00926 -2.22285e+00 | 27 -0.03587 -2.29663e+00
 28  0.02790 -3.36295e+00 | 29  0.00584 -4.14633e+00 | 30  0.01457  3.49057e-01
 31  0.02241 -2.07082e+00 | 32  0.01382 -4.29637e+00 | 33  0.01351 -9.75837e-01
 34  0.00047  2.24309e-01 | 35 -0.03179 -3.58968e-01 | 36  0.02727 -3.67566e+00
 37 -0.01175 -1.56353e+00 | 38 -0.00702 -2.25868e-01 | 39 -0.00542 -5.43746e+00
 40  0.04287 -6.29639e-01 | 41  0.03654 -2.98683e+00 | 42 -0.00230 -1.42179e-01
 43 -0.01316 -2.72320e+00 | 44 -0.00905  4.33622e-01 | 45  0.00083 -4.04828e-01
 46 -0.02017  4.32972e-01 | 47  0.01447 -5.97490e-01 | 48  0.01121 -2.12488e-02
 49 -0.01300 -2.41725e-01 | 50  0.00992  2.75706e+00 | 51  0.00325  2.17299e-01
 52  0.00797  2.52919e+00 | 53 -0.01537 -1.81127e+00 | 54 -0.00773 -9.16072e+00
 55 -0.01175 -3.13974e+00 | 56  0.04553 -1.17300e+00 | 57 -0.01266  5.36788e-01
 58 -0.00524 -1.36354e+00 | 59  0.01652 -3.38443e+00 | 60 -0.03665 -9.70647e+00
 61 -0.00225 -4.71709e+00 | 62  0.03529  4.02994e+00 | 63  0.02851  4.70386e-01
 64  0.03260  1.22289e+01 | 65 -0.04477  1.93329e+00 | 66 -0.01173 -3.27853e+00
 67 -0.03103 -1.25031e+00 | 68 -0.02120  5.12855e+00 | 69 -0.00765  3.45765e+00
 70 -0.00052  3.95368e+00 | 71  0.02175  1.18998e+01 | 72  0.02700 -1.28522e+00
 73 -0.00420  3.76196e+00 | 74 -0.00891  2.17978e+00 | 75 -0.03509 -8.53615e-01
 76 -0.03138 -2.22609e+00 | 77 -0.01702  4.30672e+00 | 78  0.01211  1.46631e+01
 79 -0.03563  2.62521e-01 | 80  0.02506 -4.17286e+00 | 81  0.02102  9.61057e+00
 82  0.01028  5.37006e+00 | 83 -0.02417  9.84855e-01 | 84  0.01706  7.61698e+00
 85 -0.02424  5.01018e-01 | 86 -0.00771  5.67681e+00 | 87 -0.02037  1.95713e+00
 88  0.02096 -2.52812e+00 | 89  0.01421  2.56562e+00 | 90 -0.02796 -1.45857e+00
 91 -0.02882 -6.96936e-01 | 92 -0.00579  7.38129e+00 | 93  0.00021 -2.76452e+00
 94 -0.00633 -2.03155e+00 | 95 -0.01192 -4.62007e+00 | 96  0.02096  1.67008e+00
 97  0.02558  4.60726e+00 | 98  0.02708  4.87636e+00 | 99  0.01486 -5.55698e+00
100  0.00702 -6.89248e+00 |101 -0.02705 -1.14801e+00 |102 -0.02104 -7.82775e-01
103  0.01778 -1.41583e-01 |104  0.00397 -1.02467e+00 |105  0.00057 -1.50042e+00
106  0.00057 -1.50041e+00 |107  0.75943 -1.47399e+01 |108 -0.42625  5.56261e+01
109  0.17987 -1.06962e+01 |110 -0.27048  2.70583e+01 |
110 variables; iteration 40; function evaluation 49; phase 5
Function value 2.2062140e+03; maximum gradient component mag 1.8264e+01
Var    Value     Gradient |Var    Value     Gradient |Var    Value     Gradient
  1 -0.38489  2.93670e+00 |  2 -0.41428  1.82642e+01 |  3 -0.43904  9.85721e+00
  4 -0.37203  8.40538e-01 |  5 -0.43099  1.67791e+00 |  6  0.62600  2.79278e+00
  7  0.03240  1.40024e-01 |  8 -0.00099  2.15395e-01 |  9  0.00406  1.03913e-01
 10 -0.00639  7.52389e-02 | 11  0.00855  1.19121e-01 | 12  0.02908  6.29706e-01
 13  0.00265  3.94806e-01 | 14 -0.00935  4.77372e-01 | 15 -0.00739  1.42502e+00
 16 -0.01956  1.48676e+00 | 17 -0.01215  2.96499e-01 | 18 -0.00178  2.00748e-02
 19  0.00035 -1.15727e-01 | 20  0.01494 -4.48103e-01 | 21  0.00709 -5.76881e-01
 22 -0.00299 -1.40731e+00 | 23  0.01952 -1.41846e-01 | 24 -0.00381  3.89076e-02
 25 -0.01257 -1.29508e+00 | 26 -0.00930  4.17615e-02 | 27 -0.03586 -3.13030e-01
 28  0.02794  8.31951e-02 | 29  0.00591 -3.06603e-01 | 30  0.01433 -1.34235e-01
 31  0.02226 -6.87263e-01 | 32  0.01383 -9.59315e-01 | 33  0.01336 -4.81739e-01
 34  0.00027 -2.65937e-02 | 35 -0.03207 -7.15080e-01 | 36  0.02729 -5.04719e-01
 37 -0.01179 -3.42405e-01 | 38 -0.00722 -5.07647e-01 | 39 -0.00506  2.64008e-01
 40  0.04279  5.58346e-01 | 41  0.03652 -2.51581e-01 | 42 -0.00248 -2.70289e-01
 43 -0.01307  1.10301e-01 | 44 -0.00925 -4.49212e-01 | 45  0.00076 -1.22371e-01
 46 -0.02033  2.24880e-01 | 47  0.01441  1.20097e-01 | 48  0.01112  1.44710e-01
 49 -0.01312 -6.79873e-02 | 50  0.00967  5.39344e-02 | 51  0.00316  6.63446e-02
 52  0.00776  5.82430e-01 | 53 -0.01530 -1.89965e-01 | 54 -0.00705 -3.62959e-01
 55 -0.01156 -3.41925e-01 | 56  0.04552 -1.73690e+00 | 57 -0.01270  1.91360e-01
 58 -0.00516  9.02189e-02 | 59  0.01671  3.86776e-01 | 60 -0.03583 -9.29856e-01
 61 -0.00189  7.36644e-01 | 62  0.03526  5.76796e-01 | 63  0.02861  3.50348e-01
 64  0.03244  7.08098e-01 | 65 -0.04492  8.64842e-02 | 66 -0.01150 -4.65196e-02
 67 -0.03086  8.18845e-01 | 68 -0.02121  1.05805e+00 | 69 -0.00766  5.37905e-01
 70 -0.00053 -2.97699e-01 | 71  0.02158  1.26393e+00 | 72  0.02715 -3.01811e-01
 73 -0.00426  1.49335e+00 | 74 -0.00887  6.05303e-01 | 75 -0.03506 -2.69873e-01
 76 -0.03113 -7.55021e-01 | 77 -0.01709 -6.59544e-02 | 78  0.01187 -5.04887e-01
 79 -0.03558  1.71869e-01 | 80  0.02529 -1.06872e+00 | 81  0.02097  2.95770e+00
 82  0.01019 -4.51394e-01 | 83 -0.02417  8.24672e-02 | 84  0.01702  5.84195e-01
 85 -0.02425 -1.58725e-01 | 86 -0.00776  9.81363e-01 | 87 -0.02046 -1.95099e-01
 88  0.02115  4.77117e-01 | 89  0.01422 -7.06338e-01 | 90 -0.02787 -7.68002e-01
 91 -0.02876 -2.51859e-01 | 92 -0.00589  1.18723e+00 | 93  0.00047  1.79948e+00
 94 -0.00619 -1.67074e+00 | 95 -0.01162 -3.47729e-01 | 96  0.02103 -9.42216e-01
 97  0.02557 -1.16901e+00 | 98  0.02714  6.37198e-01 | 99  0.01528  8.12124e-01
100  0.00764 -2.54487e-01 |101 -0.02700 -7.10172e-01 |102 -0.02078 -2.08739e-01
103  0.01786  6.02037e-01 |104  0.00308 -9.28082e-01 |105  0.00051 -1.40806e-01
106  0.00051 -1.40816e-01 |107  0.75829 -3.58254e+00 |108 -0.42664  1.58522e+01
109  0.17972 -5.29415e-01 |110 -0.27077  4.14234e+00 |
110 variables; iteration 60; function evaluation 76; phase 5
Function value 2.2062109e+03; maximum gradient component mag 8.9648e+00
Var    Value     Gradient |Var    Value     Gradient |Var    Value     Gradient
  1 -0.38485  1.35194e+00 |  2 -0.41423  8.96479e+00 |  3 -0.43915  4.60631e+00
  4 -0.37165  4.50198e-01 |  5 -0.43130  6.62002e-01 |  6  0.62596  5.30548e-01
  7  0.03230 -2.54754e-01 |  8 -0.00103  1.09705e-01 |  9  0.00394 -1.28761e-01
 10 -0.00640  3.49249e-02 | 11  0.00851 -1.92760e-03 | 12  0.02880  5.11069e-02
 13  0.00247  3.76466e-02 | 14 -0.00955  7.61597e-02 | 15 -0.00803  9.91650e-03
 16 -0.02027 -1.12665e-01 | 17 -0.01238 -2.63892e-01 | 18 -0.00171  2.62546e-01
 19  0.00047  3.32597e-01 | 20  0.01497 -2.86882e-01 | 21  0.00714 -2.42429e-01
 22 -0.00273  5.67226e-02 | 23  0.01944 -6.37392e-01 | 24 -0.00386 -1.93334e-01
 25 -0.01248 -4.85539e-01 | 26 -0.00933 -1.34123e-01 | 27 -0.03584 -4.76797e-02
 28  0.02793 -4.74650e-03 | 29  0.00592 -4.68414e-02 | 30  0.01434  1.54975e-01
 31  0.02230  1.20560e-01 | 32  0.01388 -1.10824e-01 | 33  0.01339  4.83517e-02
 34  0.00025 -1.90074e-01 | 35 -0.03201 -1.99875e-01 | 36  0.02732  3.18062e-02
 37 -0.01177 -1.18749e-01 | 38 -0.00716  1.18891e-01 | 39 -0.00511 -3.05065e-01
 40  0.04279  3.45604e-01 | 41  0.03653 -7.19184e-02 | 42 -0.00248 -2.30222e-01
 43 -0.01309 -7.96358e-02 | 44 -0.00924 -2.14003e-01 | 45  0.00078  1.53167e-01
 46 -0.02035  8.55093e-02 | 47  0.01440 -1.75567e-02 | 48  0.01112  4.96052e-02
 49 -0.01312 -3.62800e-02 | 50  0.00966 -4.46203e-02 | 51  0.00317  1.20690e-01
 52  0.00773  9.07030e-02 | 53 -0.01528  5.68871e-02 | 54 -0.00700  2.10285e-01
 55 -0.01153  2.60460e-02 | 56  0.04557 -5.38729e-01 | 57 -0.01271 -5.43074e-02
 58 -0.00517 -8.42920e-02 | 59  0.01672  1.45296e-01 | 60 -0.03574 -1.51443e-01
 61 -0.00191  1.41635e-01 | 62  0.03526  2.40084e-05 | 63  0.02863  3.25305e-01
 64  0.03243  1.14971e-01 | 65 -0.04491  1.30603e-01 | 66 -0.01149  5.33659e-02
 67 -0.03087  3.53586e-01 | 68 -0.02123  2.05862e-01 | 69 -0.00766  1.02721e-01
 70 -0.00050  1.09360e-01 | 71  0.02158  6.60071e-01 | 72  0.02717 -1.14069e-01
 73 -0.00428  5.77067e-01 | 74 -0.00887  3.75163e-01 | 75 -0.03503  5.36352e-02
 76 -0.03111 -5.17045e-01 | 77 -0.01709 -5.23831e-01 | 78  0.01190 -1.01137e-01
 79 -0.03558  9.00902e-02 | 80  0.02532 -3.26971e-01 | 81  0.02093  8.32670e-01
 82  0.01020 -6.38519e-01 | 83 -0.02417 -1.67225e-01 | 84  0.01702  2.55234e-02
 85 -0.02424 -1.01691e-01 | 86 -0.00778  4.46741e-02 | 87 -0.02043  1.99739e-01
 88  0.02115  7.55420e-02 | 89  0.01427  6.59277e-01 | 90 -0.02784 -2.28330e-01
 91 -0.02875 -1.51162e-01 | 92 -0.00591  3.33931e-01 | 93  0.00044  4.94948e-01
 94 -0.00614 -6.74347e-01 | 95 -0.01159 -6.64728e-02 | 96  0.02107 -1.46315e-01
 97  0.02561 -2.89736e-01 | 98  0.02712 -3.95709e-02 | 99  0.01526  1.91676e-01
100  0.00765 -1.89287e-01 |101 -0.02695 -3.68856e-01 |102 -0.02073  9.60226e-02
103  0.01775  1.97316e-01 |104  0.00401  5.30578e-01 |105  0.00057  1.37632e-02
106  0.00057  1.37623e-02 |107  0.75838 -1.40364e+00 |108 -0.42664  7.28893e+00
109  0.17939 -6.37041e-01 |110 -0.27091  1.64591e+00 |
110 variables; iteration 80; function evaluation 103; phase 5
Function value 2.2062105e+03; maximum gradient component mag 4.6657e-01
Var    Value     Gradient |Var    Value     Gradient |Var    Value     Gradient
  1 -0.38486  3.90509e-02 |  2 -0.41423  1.82708e-01 |  3 -0.43916  9.77370e-02
  4 -0.37162  2.42803e-03 |  5 -0.43135  2.38539e-02 |  6  0.62595 -1.23728e-01
  7  0.03240 -1.80490e-02 |  8 -0.00114 -5.00827e-02 |  9  0.00401 -1.14357e-02
 10 -0.00642  3.46599e-03 | 11  0.00850 -2.08540e-02 | 12  0.02875 -3.76671e-02
 13  0.00244  1.66635e-02 | 14 -0.00960  6.79899e-03 | 15 -0.00806 -3.63348e-02
 16 -0.02021  4.07023e-02 | 17 -0.01226  7.01511e-02 | 18 -0.00181 -1.94215e-02
 19  0.00035 -5.90488e-02 | 20  0.01504  7.74768e-02 | 21  0.00719  5.24544e-02
 22 -0.00276 -1.90813e-02 | 23  0.01952  2.16816e-02 | 24 -0.00384  2.34052e-02
 25 -0.01243 -4.14401e-02 | 26 -0.00930  2.27913e-01 | 27 -0.03584 -5.63688e-02
 28  0.02794  5.76252e-02 | 29  0.00593 -3.63923e-02 | 30  0.01433  2.17919e-03
 31  0.02230  6.49445e-02 | 32  0.01388 -6.68705e-03 | 33  0.01340  1.41870e-01
 34  0.00025 -1.72047e-01 | 35 -0.03200 -8.21719e-02 | 36  0.02732  3.18598e-02
 37 -0.01176 -4.37823e-02 | 38 -0.00718 -6.26006e-02 | 39 -0.00509 -1.07311e-01
 40  0.04277  2.00752e-02 | 41  0.03653 -5.35820e-02 | 42 -0.00246  1.55516e-02
 43 -0.01309 -5.00085e-02 | 44 -0.00922  8.64451e-03 | 45  0.00076 -1.16488e-01
 46 -0.02036 -1.45449e-02 | 47  0.01441  2.39979e-02 | 48  0.01112 -4.65857e-02
 49 -0.01312 -7.74418e-02 | 50  0.00966 -5.19209e-02 | 51  0.00317  7.13048e-02
 52  0.00774  8.39865e-02 | 53 -0.01528 -4.19570e-02 | 54 -0.00701 -3.82911e-02
 55 -0.01153 -3.56518e-02 | 56  0.04560 -7.11954e-03 | 57 -0.01270  1.32674e-02
 58 -0.00515  1.09301e-01 | 59  0.01672  1.41260e-03 | 60 -0.03572  1.17729e-02
 61 -0.00191  9.33802e-02 | 62  0.03527 -1.34844e-02 | 63  0.02862  1.49625e-03
 64  0.03244 -1.21125e-02 | 65 -0.04492 -6.26722e-02 | 66 -0.01148 -6.25237e-02
 67 -0.03088 -4.63808e-02 | 68 -0.02123  9.09088e-02 | 69 -0.00765  2.68153e-02
 70 -0.00050 -7.69827e-02 | 71  0.02157 -5.64112e-03 | 72  0.02718 -6.25845e-03
 73 -0.00430  8.91289e-03 | 74 -0.00888 -9.03568e-02 | 75 -0.03504 -1.95629e-01
 76 -0.03106  4.66566e-01 | 77 -0.01706  1.53762e-01 | 78  0.01190 -6.21783e-02
 79 -0.03557  9.72497e-02 | 80  0.02533 -9.39967e-03 | 81  0.02091 -1.97012e-04
 82  0.01022 -1.80798e-02 | 83 -0.02416 -4.69602e-02 | 84  0.01702 -1.75334e-02
 85 -0.02423  9.44952e-03 | 86 -0.00777  1.66354e-01 | 87 -0.02043  7.15611e-02
 88  0.02115 -1.97481e-02 | 89  0.01426  1.81837e-02 | 90 -0.02783 -1.91743e-01
 91 -0.02874 -1.40847e-01 | 92 -0.00592 -1.24141e-01 | 93  0.00042 -6.57652e-02
 94 -0.00611 -2.56400e-02 | 95 -0.01159 -3.16232e-02 | 96  0.02108  1.40322e-02
 97  0.02563 -1.42066e-01 | 98  0.02714  1.14962e-01 | 99  0.01526 -2.24858e-02
100  0.00767  1.46246e-01 |101 -0.02687  1.48374e-01 |102 -0.02075 -3.33203e-02
103  0.01774  1.39489e-03 |104  0.00365  3.23001e-03 |105  0.00055  3.71936e-03
106  0.00055  3.72212e-03 |107  0.75828 -5.41681e-02 |108 -0.42668  3.60782e-01
109  0.17938 -1.55601e-02 |110 -0.27092  5.12950e-02 |
110 variables; iteration 100; function evaluation 135; phase 5
Function value 2.2062105e+03; maximum gradient component mag 5.3018e-02
Var    Value     Gradient |Var    Value     Gradient |Var    Value     Gradient
  1 -0.38486  4.04038e-03 |  2 -0.41423  1.68924e-02 |  3 -0.43916  1.05279e-02
  4 -0.37160  4.84367e-04 |  5 -0.43136  2.14131e-03 |  6  0.62595 -1.53184e-02
  7  0.03240  6.39681e-03 |  8 -0.00111 -1.43249e-03 |  9  0.00402  4.81774e-03
 10 -0.00642  1.75971e-03 | 11  0.00851 -5.52880e-04 | 12  0.02877  1.79583e-02
 13  0.00243 -1.20504e-02 | 14 -0.00961 -4.90056e-03 | 15 -0.00804 -5.86679e-03
 16 -0.02023  4.71254e-03 | 17 -0.01229 -8.47817e-03 | 18 -0.00181 -1.23794e-02
 19  0.00037  2.12631e-04 | 20  0.01502  4.59202e-03 | 21  0.00719  9.14255e-03
 22 -0.00275 -2.22267e-03 | 23  0.01951  8.44772e-04 | 24 -0.00384  3.16905e-03
 25 -0.01242 -4.60049e-03 | 26 -0.00932  3.82631e-02 | 27 -0.03583 -1.03661e-03
 28  0.02793  2.42970e-03 | 29  0.00593 -7.04718e-03 | 30  0.01433  1.29330e-03
 31  0.02230 -4.30616e-04 | 32  0.01388  3.32168e-03 | 33  0.01339  1.02435e-02
 34  0.00026 -2.58898e-02 | 35 -0.03199 -4.23352e-03 | 36  0.02732  5.00902e-03
 37 -0.01176 -6.32000e-03 | 38 -0.00717 -5.43189e-04 | 39 -0.00508 -1.11989e-02
 40  0.04277  4.68859e-03 | 41  0.03653 -5.80097e-03 | 42 -0.00246  2.53357e-03
 43 -0.01309  2.55269e-03 | 44 -0.00922  6.73707e-04 | 45  0.00077 -9.62930e-03
 46 -0.02036 -1.63673e-02 | 47  0.01441  5.11511e-03 | 48  0.01112 -1.73667e-02
 49 -0.01312 -6.07413e-03 | 50  0.00967 -2.00584e-02 | 51  0.00316 -2.19210e-03
 52  0.00773  2.19328e-02 | 53 -0.01528  3.28425e-03 | 54 -0.00701 -9.83086e-04
 55 -0.01153 -6.84370e-03 | 56  0.04560  2.55300e-04 | 57 -0.01270  4.54399e-03
 58 -0.00515  2.29381e-02 | 59  0.01672  8.78156e-04 | 60 -0.03572 -1.93475e-03
 61 -0.00191  1.28431e-02 | 62  0.03527 -1.32477e-03 | 63  0.02862  1.01636e-04
 64  0.03244 -1.54038e-03 | 65 -0.04492  7.42834e-03 | 66 -0.01148 -3.90583e-03
 67 -0.03088 -1.58106e-02 | 68 -0.02124  1.10749e-02 | 69 -0.00765  2.61033e-03
 70 -0.00050 -7.04217e-03 | 71  0.02157 -1.05583e-03 | 72  0.02718 -5.33242e-04
 73 -0.00430  3.27707e-04 | 74 -0.00888 -9.41744e-03 | 75 -0.03503 -1.16714e-02
 76 -0.03108  3.67012e-02 | 77 -0.01706  1.40022e-02 | 78  0.01190 -5.24350e-03
 79 -0.03558 -7.71014e-03 | 80  0.02533 -2.01273e-04 | 81  0.02091 -5.33666e-04
 82  0.01022 -1.19165e-03 | 83 -0.02416  1.92517e-03 | 84  0.01702 -5.57819e-03
 85 -0.02423  5.30175e-02 | 86 -0.00778  1.00805e-02 | 87 -0.02043  7.65086e-03
 88  0.02115 -1.24532e-03 | 89  0.01426  2.34612e-03 | 90 -0.02782 -1.94050e-02
 91 -0.02874 -3.63290e-02 | 92 -0.00592 -9.51315e-03 | 93  0.00043 -7.62766e-03
 94 -0.00611 -9.33212e-04 | 95 -0.01159 -1.92675e-02 | 96  0.02108  1.93270e-03
 97  0.02563 -1.33067e-02 | 98  0.02713  8.58149e-03 | 99  0.01526  2.77809e-03
100  0.00767  1.06605e-02 |101 -0.02689  1.56856e-02 |102 -0.02074 -2.28448e-03
103  0.01773  6.07372e-04 |104  0.00365  5.02979e-04 |105  0.00055  2.71649e-03
106  0.00055  2.72360e-03 |107  0.75827 -6.76506e-03 |108 -0.42668  3.82599e-02
109  0.17938  1.48458e-03 |110 -0.27092  4.51963e-03 |

 - final statistics:
110 variables; iteration 120; function evaluation 163
Function value 2.2062e+03; maximum gradient component mag 4.5122e-08
Exit code = 1;  converg criter 1.0000e-04
Var    Value     Gradient |Var    Value     Gradient |Var    Value     Gradient
  1 -0.38486  1.61967e-09 |  2 -0.41423  4.51219e-08 |  3 -0.43916  1.24983e-08
  4 -0.37160  3.86416e-10 |  5 -0.43136  2.11585e-09 |  6  0.62595  2.75071e-08
  7  0.03240  1.32960e-10 |  8 -0.00111  5.17588e-11 |  9  0.00402  4.73603e-12
 10 -0.00642  5.15928e-11 | 11  0.00851 -3.39706e-12 | 12  0.02876 -7.44433e-10
 13  0.00244 -7.94409e-10 | 14 -0.00960 -8.32544e-10 | 15 -0.00804 -8.95151e-10
 16 -0.02023 -8.75202e-10 | 17 -0.01229 -7.94665e-10 | 18 -0.00180 -7.11218e-10
 19  0.00037 -7.12180e-10 | 20  0.01502 -8.16694e-10 | 21  0.00718 -6.50223e-10
 22 -0.00275 -7.76308e-10 | 23  0.01951 -7.20455e-10 | 24 -0.00384 -7.91977e-10
 25 -0.01242 -8.11151e-10 | 26 -0.00932 -6.23386e-10 | 27 -0.03583 -7.78310e-10
 28  0.02793 -2.41483e-10 | 29  0.00593  4.64010e-10 | 30  0.01433 -8.16315e-10
 31  0.02230 -6.78979e-10 | 32  0.01388 -4.85322e-10 | 33  0.01339  3.34517e-10
 34  0.00027 -7.95367e-10 | 35 -0.03199 -8.48383e-10 | 36  0.02732 -5.01843e-10
 37 -0.01176  4.08861e-09 | 38 -0.00717 -8.61905e-11 | 39 -0.00508  4.05261e-10
 40  0.04277 -3.62030e-10 | 41  0.03653 -3.33929e-10 | 42 -0.00246  1.18470e-09
 43 -0.01309  3.64191e-10 | 44 -0.00922  6.49349e-10 | 45  0.00077  1.04067e-09
 46 -0.02035 -5.10785e-10 | 47  0.01441 -4.94292e-10 | 48  0.01112  2.04627e-09
 49 -0.01312 -3.47930e-10 | 50  0.00967 -3.88785e-10 | 51  0.00316  3.05113e-09
 52  0.00773 -3.07040e-10 | 53 -0.01528  1.32544e-09 | 54 -0.00701  1.04456e-09
 55 -0.01153  3.55096e-10 | 56  0.04560  1.77262e-09 | 57 -0.01270  6.25893e-10
 58 -0.00515  1.06480e-09 | 59  0.01671  1.13833e-09 | 60 -0.03572  2.33417e-10
 61 -0.00191  2.24792e-09 | 62  0.03527  2.24122e-09 | 63  0.02862  1.46192e-09
 64  0.03244  1.77806e-09 | 65 -0.04492  9.96584e-10 | 66 -0.01148  6.26517e-11
 67 -0.03088 -2.21963e-10 | 68 -0.02124 -1.19493e-10 | 69 -0.00765  3.88694e-11
 70 -0.00050 -4.74278e-11 | 71  0.02157  4.90960e-10 | 72  0.02718  4.98914e-10
 73 -0.00430  1.50372e-10 | 74 -0.00888 -1.04047e-10 | 75 -0.03503  7.86138e-10
 76 -0.03108 -2.89171e-10 | 77 -0.01706 -5.20749e-10 | 78  0.01190 -1.86733e-10
 79 -0.03558  3.63589e-11 | 80  0.02533 -6.84528e-11 | 81  0.02091 -3.89294e-11
 82  0.01022 -2.78755e-10 | 83 -0.02416 -2.74119e-10 | 84  0.01702 -2.43138e-10
 85 -0.02423 -3.70893e-10 | 86 -0.00778 -4.14586e-10 | 87 -0.02043 -6.37175e-10
 88  0.02115 -5.64012e-10 | 89  0.01426 -5.18369e-10 | 90 -0.02782  3.32909e-10
 91 -0.02874  3.93850e-09 | 92 -0.00592 -4.80792e-10 | 93  0.00043 -1.06601e-09
 94 -0.00611 -9.45702e-10 | 95 -0.01159 -5.09943e-10 | 96  0.02108 -9.46449e-10
 97  0.02563 -9.26284e-10 | 98  0.02713 -7.84054e-10 | 99  0.01526  2.99713e-10
100  0.00767 -6.75164e-10 |101 -0.02689 -1.00143e-09 |102 -0.02074 -9.34101e-10
103  0.01773 -8.00469e-10 |104  0.00365 -9.05411e-10 |105  0.00055 -8.15964e-10
106  0.00055 -8.12278e-10 |107  0.75826  1.18834e-09 |108 -0.42668 -4.10005e-09
109  0.17938 -3.63623e-11 |110 -0.27092  7.39528e-10 |

 - final statistics:
122 variables; iteration 0; function evaluation 0
Function value 2.2062e+03; maximum gradient component mag 4.5338e-08
Exit code = 0;  converg criter 1.0000e-04
Var    Value     Gradient |Var    Value     Gradient |Var    Value     Gradient
  1 -0.38486  1.63530e-09 |  2 -0.41423  4.53379e-08 |  3 -0.43916  1.25825e-08
  4 -0.37160  3.91635e-10 |  5 -0.43136  2.12675e-09 |  6  0.62595  2.75709e-08
  7  0.03240  1.33224e-10 |  8 -0.00111  5.18030e-11 |  9  0.00402  4.79619e-12
 10 -0.00642  5.16503e-11 | 11  0.00851 -3.27849e-12 | 12  0.02876 -7.52488e-10
 13  0.00244 -8.02524e-10 | 14 -0.00960 -8.40458e-10 | 15 -0.00804 -9.02999e-10
 16 -0.02023 -8.83086e-10 | 17 -0.01229 -8.02496e-10 | 18 -0.00180 -7.19047e-10
 19  0.00037 -7.19933e-10 | 20  0.01502 -8.24322e-10 | 21  0.00718 -6.58057e-10
 22 -0.00275 -7.84114e-10 | 23  0.01951 -7.29096e-10 | 24 -0.00384 -7.99851e-10
 25 -0.01242 -8.19143e-10 | 26 -0.00932 -6.31146e-10 | 27 -0.03583 -7.85962e-10
 28  0.02793 -2.48395e-10 | 29  0.00593  4.56928e-10 | 30  0.01433 -8.23277e-10
 31  0.02230 -6.85991e-10 | 32  0.01388 -4.92198e-10 | 33  0.01339  3.27122e-10
 34  0.00027 -8.02621e-10 | 35 -0.03199 -8.55885e-10 | 36  0.02732 -5.10519e-10
 37 -0.01176  4.08165e-09 | 38 -0.00717 -9.31453e-11 | 39 -0.00508  3.98457e-10
 40  0.04277 -3.67944e-10 | 41  0.03653 -3.40112e-10 | 42 -0.00246  1.17799e-09
 43 -0.01309  3.57218e-10 | 44 -0.00922  6.42847e-10 | 45  0.00077  1.03401e-09
 46 -0.02035 -5.17652e-10 | 47  0.01441 -5.00202e-10 | 48  0.01112  2.04098e-09
 49 -0.01312 -3.54178e-10 | 50  0.00967 -3.94747e-10 | 51  0.00316  3.04520e-09
 52  0.00773 -3.12500e-10 | 53 -0.01528  1.31944e-09 | 54 -0.00701  1.03910e-09
 55 -0.01153  3.49573e-10 | 56  0.04560  1.77082e-09 | 57 -0.01270  6.19953e-10
 58 -0.00515  1.06013e-09 | 59  0.01671  1.13495e-09 | 60 -0.03572  2.27519e-10
 61 -0.00191  2.24381e-09 | 62  0.03527  2.23566e-09 | 63  0.02862  1.45961e-09
 64  0.03244  1.77565e-09 | 65 -0.04492  9.90101e-10 | 66 -0.01148  5.71989e-11
 67 -0.03088 -2.27633e-10 | 68 -0.02124 -1.23592e-10 | 69 -0.00765  3.53378e-11
 70 -0.00050 -5.12723e-11 | 71  0.02157  4.89943e-10 | 72  0.02718  4.92559e-10
 73 -0.00430  1.46315e-10 | 74 -0.00888 -1.08658e-10 | 75 -0.03503  7.80505e-10
 76 -0.03108 -2.94604e-10 | 77 -0.01706 -5.25555e-10 | 78  0.01190 -1.90686e-10
 79 -0.03558  3.05167e-11 | 80  0.02533 -7.14696e-11 | 81  0.02091 -4.63393e-11
 82  0.01022 -2.83604e-10 | 83 -0.02416 -2.79429e-10 | 84  0.01702 -2.46104e-10
 85 -0.02423 -3.76322e-10 | 86 -0.00778 -4.18969e-10 | 87 -0.02043 -6.42424e-10
 88  0.02115 -5.67148e-10 | 89  0.01426 -5.18350e-10 | 90 -0.02782  3.27266e-10
 91 -0.02874  3.93200e-09 | 92 -0.00592 -4.86418e-10 | 93  0.00043 -1.07158e-09
 94 -0.00611 -9.52845e-10 | 95 -0.01159 -5.16707e-10 | 96  0.02108 -9.53831e-10
 97  0.02563 -9.36905e-10 | 98  0.02713 -7.89370e-10 | 99  0.01526  2.91779e-10
100  0.00767 -6.81470e-10 |101 -0.02689 -1.00952e-09 |102 -0.02074 -9.42257e-10
103  0.01773 -8.07716e-10 |104  0.00365 -9.13377e-10 |105  0.00055 -8.23789e-10
106  0.00055 -8.20452e-10 |107  0.00000  0.00000e+00 |108  0.00000  0.00000e+00
109  0.00000  0.00000e+00 |110  0.00000  0.00000e+00 |111  0.00000  0.00000e+00
112  0.00000  0.00000e+00 |113  0.00000  0.00000e+00 |114  0.00000  0.00000e+00
115  0.00000  0.00000e+00 |116  0.00000  0.00000e+00 |117  0.00000  0.00000e+00
118  0.00000  0.00000e+00 |119  0.75826  1.17901e-09 |120 -0.42668 -4.05621e-09
121  0.17938 -4.14369e-11 |122 -0.27092  7.52718e-10 |
size of file gradfil1.tmp = 0
size of file gradfil2.tmp = 0
size of file varssave.tmp = 0
size of file cmpdiff.tmp = 0
