
Initial statistics: 1 variables; iteration 0; function evaluation 0; phase 1
Function value 2.6729559e+03; maximum gradient component mag -5.9326e+03
Var    Value     Gradient |Var    Value     Gradient |Var    Value     Gradient
  1  0.63197 -5.93258e+03 |

 - final statistics:
1 variables; iteration 4; function evaluation 7
Function value 2.6469e+03; maximum gradient component mag -2.0977e+00
Exit code = 1;  converg criter 1.0000e+01
Var    Value     Gradient |Var    Value     Gradient |Var    Value     Gradient
  1  0.64150 -2.09771e+00 |

Initial statistics: 98 variables; iteration 0; function evaluation 0; phase 2
Function value 2.6468885e+03; maximum gradient component mag -1.7608e+03
Var    Value     Gradient |Var    Value     Gradient |Var    Value     Gradient
  1  0.64150 -2.09771e+00 |  2  0.00000  1.70575e+01 |  3  0.00000 -6.70887e+00
  4  0.00000  2.19179e+01 |  5  0.00000  2.95293e+00 |  6  0.00000  2.66785e+00
  7  0.00000 -9.60869e+00 |  8  0.00000  9.27040e+01 |  9  0.00000 -1.72728e+02
 10  0.00000  6.05850e+00 | 11  0.00000 -2.62926e+01 | 12  0.00000  2.18612e+00
 13  0.00000 -1.30419e+02 | 14  0.00000  3.40373e+02 | 15  0.00000  1.20874e+02
 16  0.00000  2.43065e+02 | 17  0.00000  1.08063e+02 | 18  0.00000 -5.50462e+01
 19  0.00000 -1.39245e+02 | 20  0.00000  1.83746e+02 | 21  0.00000 -4.08139e+01
 22  0.00000 -2.29906e+02 | 23  0.00000 -8.89419e+02 | 24  0.00000  1.89130e+00
 25  0.00000 -7.69450e+02 | 26  0.00000 -2.34063e+02 | 27  0.00000  9.69957e+01
 28  0.00000 -3.71889e+02 | 29  0.00000  1.04605e+02 | 30  0.00000  5.81193e+02
 31  0.00000  4.75647e+02 | 32  0.00000 -3.59370e+02 | 33  0.00000 -2.32132e+02
 34  0.00000 -8.46839e+01 | 35  0.00000  1.35007e+02 | 36  0.00000 -7.72051e+01
 37  0.00000 -1.94968e+02 | 38  0.00000 -2.31910e+02 | 39  0.00000 -1.61274e+02
 40  0.00000  1.20015e+02 | 41  0.00000 -2.58107e+01 | 42  0.00000 -1.03763e+03
 43  0.00000 -9.29298e+00 | 44  0.00000 -2.58602e+02 | 45  0.00000  2.38304e+02
 46  0.00000 -1.05335e+02 | 47  0.00000  3.64335e+02 | 48  0.00000  6.54572e+02
 49  0.00000  3.08044e+02 | 50  0.00000  4.67158e+02 | 51  0.00000 -3.28811e+01
 52  0.00000 -1.94958e+02 | 53  0.00000 -6.32695e+00 | 54  0.00000 -1.76077e+03
 55  0.00000 -2.70971e+01 | 56  0.00000  1.19037e+03 | 57  0.00000  5.19489e+02
 58  0.00000  1.03608e+03 | 59  0.00000 -5.36974e+01 | 60  0.00000  1.55350e+02
 61  0.00000 -1.04835e+03 | 62  0.00000  4.98431e+02 | 63  0.00000  1.22134e+02
 64  0.00000 -6.58925e+02 | 65  0.00000 -5.00135e+02 | 66  0.00000  3.59014e+01
 67  0.00000 -5.36601e+02 | 68  0.00000  4.60666e+02 | 69  0.00000  2.85438e+02
 70  0.00000  9.94274e+02 | 71  0.00000 -3.32926e+02 | 72  0.00000 -1.10686e+03
 73  0.00000  3.66063e+01 | 74  0.00000  1.31226e+02 | 75  0.00000 -8.26732e+02
 76  0.00000 -2.81076e+02 | 77  0.00000  5.88115e+02 | 78  0.00000  1.87765e+02
 79  0.00000  7.83905e+02 | 80  0.00000  1.05553e+03 | 81  0.00000 -9.32321e+01
 82  0.00000 -2.84037e+02 | 83  0.00000  4.99236e+02 | 84  0.00000 -6.20005e+01
 85  0.00000 -8.90863e+01 | 86  0.00000  3.73615e+02 | 87  0.00000  5.39076e+01
 88  0.00000 -3.06591e+02 | 89  0.00000  2.80991e+02 | 90  0.00000  3.41311e+02
 91  0.00000 -8.16820e+01 | 92  0.00000 -1.11491e+02 | 93  0.00000 -7.23404e+01
 94  0.00000  3.06928e+00 | 95  0.00000 -6.20237e-01 | 96  0.00000 -6.20328e-01
 97  0.81654  1.52407e+02 | 98  0.22185  7.53220e+00 |

Intermediate statistics: 98 variables; iteration 20; function evaluation 33; phase 2
Function value 2.3075383e+03; maximum gradient component mag -5.7912e+02
Var    Value     Gradient |Var    Value     Gradient |Var    Value     Gradient
  1  0.63347 -2.81948e+02 |  2 -0.07853 -1.17873e+02 |  3  0.01689  3.97790e+01
  4 -0.02098 -1.72570e+01 |  5  0.00844  3.31994e+01 |  6  0.00577  2.68468e+01
  7 -0.00312 -1.19881e+01 |  8  0.01258  1.45355e+02 |  9  0.04912  8.76685e+01
 10 -0.01984 -7.14672e+01 | 11 -0.00571 -5.33882e+01 | 12 -0.00687 -3.98179e+01
 13  0.01442 -2.37906e+01 | 14 -0.01845  1.90899e+02 | 15 -0.00933  1.75361e+01
 16 -0.01871  4.60846e+01 | 17 -0.00014  7.96287e+01 | 18  0.00364 -3.10755e+01
 19  0.00621 -7.84621e+01 | 20 -0.00899  6.84713e+01 | 21  0.00181 -2.05785e+01
 22  0.01083 -8.22757e+01 | 23  0.03929 -3.34497e+02 | 24 -0.01284 -1.00328e+02
 25  0.03288 -3.13802e+02 | 26  0.01147 -8.52411e+01 | 27 -0.00499  4.02529e+01
 28  0.01819 -1.31206e+02 | 29 -0.00668 -7.86962e+00 | 30 -0.02684  2.31479e+02
 31 -0.02202  1.83889e+02 | 32  0.01661 -1.30057e+02 | 33  0.01018 -1.03839e+02
 34  0.00194 -7.59330e+01 | 35 -0.00798  2.43174e+01 | 36  0.00200 -7.42276e+01
 37  0.01027 -7.16468e+01 | 38  0.01336 -6.56879e+01 | 39  0.00865 -7.32700e+01
 40 -0.00651  1.91217e+01 | 41 -0.00145 -5.91527e+01 | 42  0.03431 -4.86370e+02
 43 -0.00166 -3.27903e+01 | 44  0.01369 -7.07633e+01 | 45 -0.01137  7.12900e+01
 46  0.00645 -2.79239e+01 | 47 -0.00901  1.80470e+02 | 48 -0.01924  2.97170e+02
 49 -0.01280  2.47710e+01 | 50 -0.01699  1.13525e+02 | 51  0.00877  9.29074e+01
 52  0.00550 -1.14368e+02 | 53  0.00429  1.05405e+02 | 54  0.03448 -5.79124e+02
 55  0.00422  7.08562e+01 | 56 -0.02313  5.30008e+02 | 57 -0.00784  1.71556e+02
 58 -0.02024  4.15008e+02 | 59  0.00299 -5.31613e+01 | 60 -0.00100  9.96429e+01
 61  0.02562 -2.88987e+02 | 62 -0.00806  2.39721e+02 | 63 -0.00184  5.05163e+00
 64  0.01302 -3.45223e+02 | 65  0.01067 -2.49390e+02 | 66  0.00280  6.46427e+01
 67  0.01181 -2.58603e+02 | 68 -0.00574  2.22342e+02 | 69 -0.00351  8.00343e+01
 70 -0.01841  4.62981e+02 | 71  0.00765 -1.90443e+02 | 72  0.02459 -3.87021e+02
 73  0.00076  1.67640e+01 | 74 -0.00034  6.75164e+01 | 75  0.01257 -5.25482e+02
 76  0.00857 -1.01061e+02 | 77 -0.01424  1.59118e+02 | 78 -0.00076  5.70272e+01
 79 -0.01417  3.05430e+02 | 80 -0.01954  4.68634e+02 | 81  0.00668  5.19340e+01
 82  0.01139  2.66235e+01 | 83 -0.01160  1.83782e+02 | 84  0.00422  1.40739e+01
 85  0.00022 -1.14919e+02 | 86 -0.00941  1.23623e+02 | 87 -0.00057  3.66047e+01
 88  0.00534 -1.85572e+02 | 89 -0.00881  1.28481e+02 | 90 -0.01688  1.11157e+02
 91  0.00430 -2.14496e+01 | 92  0.00869 -1.09211e+01 | 93  0.02583  6.60640e+01
 94 -0.05361 -7.25839e+01 | 95 -0.00152  5.75621e+00 | 96 -0.00152  5.75839e+00
 97  0.79697 -1.79609e+01 | 98  0.21918 -9.95016e+01 |
98 variables; iteration 40; function evaluation 60; phase 2
Function value 2.2407409e+03; maximum gradient component mag 1.4132e+03
Var    Value     Gradient |Var    Value     Gradient |Var    Value     Gradient
  1  0.63451  1.41321e+03 |  2 -0.00189 -2.76625e+01 |  3  0.00362 -3.91161e+01
  4 -0.02019 -6.46096e+01 |  5 -0.00404 -4.73443e+01 |  6  0.00191 -3.12971e+01
  7  0.01374 -2.46291e+00 |  8 -0.03905 -6.49454e+01 |  9  0.03116 -6.10548e+01
 10  0.00908  1.19313e+01 | 11  0.00970 -1.04368e+01 | 12  0.00247 -2.33662e+01
 13  0.00396 -1.45496e+02 | 14 -0.05544 -5.25513e+01 | 15 -0.01050 -3.16941e+01
 16 -0.02148 -1.76615e+01 | 17 -0.01378 -9.15410e+01 | 18  0.00603 -2.62444e+01
 19  0.01187 -1.90553e+01 | 20 -0.01887 -6.06182e+01 | 21  0.00064 -5.77258e+01
 22  0.01115 -9.50708e+01 | 23  0.05058 -1.00940e+02 | 24  0.00190  2.88835e+01
 25  0.04549 -6.51429e+01 | 26  0.01294 -7.92175e+01 | 27 -0.01432 -8.38629e+01
 28  0.02102 -9.91648e+01 | 29 -0.00025  4.24784e+01 | 30 -0.05024 -1.77230e+00
 31 -0.03894 -8.14353e+00 | 32  0.01989 -8.02832e+01 | 33  0.01484 -3.13747e+01
 34  0.00947  2.45956e+01 | 35 -0.00920  2.29630e+00 | 36  0.01000  3.40673e+01
 37  0.01199 -4.88000e+01 | 38  0.01268 -7.78634e+01 | 39  0.01307 -9.04711e+00
 40 -0.00596  2.10916e+01 | 41  0.00605  5.30193e+01 | 42  0.05256  4.90799e+01
 43  0.00132  2.72232e+01 | 44  0.01214 -6.27686e+01 | 45 -0.01321  5.50497e+01
 46  0.00650 -1.75988e+00 | 47 -0.02246 -8.58466e+00 | 48 -0.04258  9.65308e+00
 49 -0.00438  1.88652e+02 | 50 -0.01475  1.66416e+02 | 51 -0.00141 -8.07843e+01
 52  0.01264  1.27277e+02 | 53  0.00049  8.03990e+01 | 54  0.04472  6.57104e+01
 55 -0.00039 -1.69296e+01 | 56 -0.03991  2.12926e+02 | 57 -0.00898  1.33214e+02
 58 -0.03085  1.93439e+02 | 59  0.00589  5.66841e+01 | 60 -0.00312  7.18321e+01
 61  0.02848 -1.18910e+02 | 62 -0.01335  1.31707e+02 | 63  0.00168  1.26064e+02
 64  0.02395  1.10438e+02 | 65  0.01704  1.12022e+01 | 66 -0.00465 -1.05320e+02
 67  0.01614 -9.00797e+01 | 68 -0.01276  5.56755e+01 | 69 -0.00222  1.04583e+02
 70 -0.03224  1.95293e+02 | 71  0.01657  1.19070e+02 | 72  0.03211 -1.41555e+01
 73  0.00162  5.67755e+01 | 74 -0.00428 -6.82644e+00 | 75  0.02829  8.07841e+01
 76  0.00564 -1.61638e+02 | 77 -0.01482  1.27865e+02 | 78 -0.00630 -1.24068e+02
 79 -0.02270  6.55513e+01 | 80 -0.03597  9.91369e+01 | 81  0.00598 -4.33064e+00
 82  0.00917 -5.76738e+01 | 83 -0.01254  1.30454e+02 | 84 -0.00240 -1.88248e+02
 85  0.00532 -2.90198e+00 | 86 -0.01017  8.20861e+01 | 87 -0.00171 -1.60896e+01
 88  0.01143 -6.58011e+01 | 89 -0.01883 -6.00070e+01 | 90 -0.02021  2.87357e+01
 91  0.00504 -4.68271e+01 | 92  0.00629 -7.78664e+01 | 93 -0.00462 -1.25145e+02
 94  0.02127 -4.97850e+00 | 95 -0.00085 -4.42492e+01 | 96 -0.00085 -4.42505e+01
 97  0.79519  4.65632e+01 | 98  0.22350  7.58083e+01 |
98 variables; iteration 60; function evaluation 87; phase 2
Function value 2.2237672e+03; maximum gradient component mag 3.5970e+02
Var    Value     Gradient |Var    Value     Gradient |Var    Value     Gradient
  1  0.63083  3.59699e+02 |  2 -0.00732 -8.91462e+00 |  3  0.00196 -1.37472e+01
  4 -0.01128 -1.55872e+01 |  5  0.00251 -2.41471e+00 |  6 -0.00814 -3.17645e+01
  7 -0.00159 -2.73644e+01 |  8 -0.02916 -1.05607e+01 |  9  0.03731 -7.29805e+00
 10 -0.00182 -1.82167e+01 | 11  0.00523 -1.67431e+01 | 12  0.00379  3.60371e+00
 13  0.02062  9.76783e+00 | 14 -0.05217 -1.32762e+01 | 15 -0.01092 -1.82156e+01
 16 -0.02452 -2.15538e+01 | 17 -0.00547  3.06065e+00 | 18  0.00686 -7.79408e+00
 19  0.01139 -2.32569e+01 | 20 -0.01467 -6.03605e+00 | 21  0.00493  5.46927e+00
 22  0.01748  1.04617e+00 | 23  0.05477 -1.99393e+01 | 24 -0.00152  1.63946e+00
 25  0.04894 -5.10990e+00 | 26  0.01768 -7.52188e+00 | 27 -0.00675  7.16892e+00
 28  0.02753  6.77937e+00 | 29 -0.00452 -1.13062e+01 | 30 -0.05528 -2.05385e+01
 31 -0.03943  4.41092e-01 | 32  0.02546  8.41187e+00 | 33  0.01740 -1.01754e-01
 34  0.00710 -1.66096e+01 | 35 -0.01116 -1.82307e+01 | 36  0.00839  1.70272e+00
 37  0.01576  2.87738e+00 | 38  0.01779 -5.03230e+00 | 39  0.01602  2.47215e+01
 40 -0.00802 -5.14232e+00 | 41  0.00262 -7.52311e+00 | 42  0.05389  1.75432e+01
 43  0.00014 -2.91462e+00 | 44  0.01597 -2.52872e+01 | 45 -0.01620  1.03617e+01
 46  0.00943  1.96575e+01 | 47 -0.01891  2.48995e+01 | 48 -0.04197  9.86122e+00
 49 -0.01347 -5.59326e+00 | 50 -0.02363  4.37537e+00 | 51  0.00499  8.27502e+00
 52  0.01271  7.20746e+01 | 53 -0.00049  1.55531e+01 | 54  0.04561 -2.58722e+00
 55  0.00198 -2.26480e+00 | 56 -0.05201  2.28179e+01 | 57 -0.01413 -5.17968e+01
 58 -0.04060  2.40678e+00 | 59  0.00755  5.02136e+01 | 60 -0.00368  2.64673e+01
 61  0.03323 -1.94127e+00 | 62 -0.01545  5.55432e+01 | 63 -0.00179 -1.82857e+01
 64  0.02289 -1.53719e+01 | 65  0.01948  2.68786e+01 | 66  0.00081  6.37556e+00
 67  0.02238  8.39625e+01 | 68 -0.01123  6.34975e+01 | 69 -0.00582 -3.26848e+01
 70 -0.04195  2.96371e+01 | 71  0.01973  1.62448e+02 | 72  0.03256 -7.05084e+01
 73  0.00075  1.79348e+00 | 74 -0.00189  2.17143e+01 | 75  0.02586 -7.22781e+01
 76  0.01320  3.64112e+01 | 77 -0.02182 -2.54607e+01 | 78 -0.00237 -4.43981e+01
 79 -0.02394  3.12595e+01 | 80 -0.04033  2.49136e+01 | 81  0.00577 -3.62567e+01
 82  0.01229  2.16558e+01 | 83 -0.01855  1.12998e+01 | 84  0.00751  8.93402e+01
 85  0.00220 -8.50464e+01 | 86 -0.01401  3.57543e+00 | 87 -0.00178 -8.75526e+00
 88  0.01196 -3.78002e+01 | 89 -0.01757 -2.20241e+01 | 90 -0.02587 -1.00802e+01
 91  0.00603 -1.24642e+01 | 92  0.01057 -5.62767e+00 | 93  0.01254 -2.13138e+01
 94 -0.00364 -1.32190e+01 | 95 -0.00841 -2.40260e+01 | 96 -0.00838 -2.39703e+01
 97  0.79091 -2.29584e+01 | 98  0.22299  2.60891e+01 |
Maximum number of function evaluations exceeded

 - final statistics:
98 variables; iteration 69; function evaluation 100
Function value 2.2220e+03; maximum gradient component mag 1.3996e+02
Exit code = 3;  converg criter 1.0000e+01
Var    Value     Gradient |Var    Value     Gradient |Var    Value     Gradient
  1  0.63103  1.39956e+02 |  2 -0.00876 -4.98596e+00 |  3  0.00292 -4.69464e+00
  4 -0.00938 -4.37768e+00 |  5  0.00228  4.11985e+00 |  6 -0.00255 -9.47262e+00
  7  0.00155 -1.02786e+01 |  8 -0.03076 -7.80030e+00 |  9  0.03570 -8.08945e+00
 10 -0.00115 -7.29310e+00 | 11  0.00268 -2.23221e+01 | 12 -0.00270 -2.76936e+01
 13  0.01780 -5.86559e+00 | 14 -0.05357 -1.15713e+01 | 15 -0.01238 -2.01961e+01
 16 -0.02329 -2.68182e+00 | 17 -0.00744 -5.21984e+00 | 18  0.00652  9.84712e-01
 19  0.01200 -7.98028e-01 | 20 -0.01496  2.06602e+00 | 21  0.00420  7.58987e+00
 22  0.01651 -3.29086e+00 | 23  0.05507 -3.08021e+00 | 24 -0.00250 -7.87645e-01
 25  0.04878  3.50948e-01 | 26  0.01725 -5.67654e+00 | 27 -0.00717  1.03182e+01
 28  0.02681  3.02210e+00 | 29 -0.00428  2.29264e-01 | 30 -0.05305  1.50622e+00
 31 -0.04122 -5.95683e+00 | 32  0.02484  4.84511e+00 | 33  0.01696  6.87203e-01
 34  0.00752 -3.23782e+00 | 35 -0.01027 -2.02310e+00 | 36  0.00740 -5.92602e+00
 37  0.01548  3.86595e+00 | 38  0.01773 -1.34271e+00 | 39  0.01474  9.44025e+00
 40 -0.00829 -3.68211e+00 | 41  0.00286 -3.72439e-01 | 42  0.05340  4.65239e+00
 43  0.00019  1.46645e+00 | 44  0.01705 -4.42291e+00 | 45 -0.01711  3.23540e+00
 46  0.00881  8.84192e+00 | 47 -0.02044  7.11065e+00 | 48 -0.04254  7.56538e+00
 49 -0.01293  4.00588e+00 | 50 -0.02416 -8.24548e-01 | 51  0.00549  1.59664e+01
 52  0.01091  2.08050e+01 | 53 -0.00082  5.15738e+00 | 54  0.04590  6.46660e+00
 55  0.00230  7.42865e+00 | 56 -0.05341  1.06741e+01 | 57 -0.01160  1.25272e+01
 58 -0.04055  8.10915e+00 | 59  0.00668  2.01127e+01 | 60 -0.00592 -3.07371e+01
 61  0.03376  1.23057e+01 | 62 -0.01785  8.40094e+00 | 63 -0.00201 -2.37981e+01
 64  0.02335  1.05351e+00 | 65  0.01881  6.67646e+00 | 66  0.00182  3.42559e+01
 67  0.02067  1.79924e+01 | 68 -0.01337  1.64888e+01 | 69 -0.00529 -2.09756e+01
 70 -0.04317  1.31161e+01 | 71  0.01591  2.94428e+01 | 72  0.03407 -1.04506e+01
 73  0.00085  7.67991e+00 | 74 -0.00269  6.06413e+00 | 75  0.02742 -1.19683e+01
 76  0.01205  2.20205e+00 | 77 -0.02092 -3.22130e+00 | 78 -0.00153 -1.71200e+01
 79 -0.02540  7.33171e+00 | 80 -0.04135  1.45317e+01 | 81  0.00666 -3.90555e+00
 82  0.01147 -5.62652e-01 | 83 -0.01914  1.58923e+00 | 84  0.00451  6.00516e+00
 85  0.00486 -7.04856e+00 | 86 -0.01451  2.00303e+00 | 87 -0.00198 -6.53546e+00
 88  0.01252 -1.66185e+01 | 89 -0.01685 -5.83271e+00 | 90 -0.02655 -1.07173e+01
 91  0.00750  9.01885e+00 | 92  0.00819 -2.13862e+01 | 93  0.01447 -6.90302e+00
 94 -0.00269 -5.20530e+00 | 95  0.00563  4.13949e+00 | 96  0.00561  4.10262e+00
 97  0.79551  1.00953e+01 | 98  0.22304  1.83400e+01 |

Initial statistics: 100 variables; iteration 0; function evaluation 0; phase 3
Function value 2.2219676e+03; maximum gradient component mag -2.7788e+02
Var    Value     Gradient |Var    Value     Gradient |Var    Value     Gradient
  1  0.63103  1.39956e+02 |  2 -0.00876 -4.99332e+00 |  3  0.00292 -4.70201e+00
  4 -0.00938 -4.38505e+00 |  5  0.00228  4.11248e+00 |  6 -0.00255 -9.47999e+00
  7  0.00155 -1.02859e+01 |  8 -0.03077 -7.80766e+00 |  9  0.03570 -8.09681e+00
 10 -0.00115 -7.30046e+00 | 11  0.00268 -2.23294e+01 | 12 -0.00270 -2.77010e+01
 13  0.01780 -5.87295e+00 | 14 -0.05357 -1.15786e+01 | 15 -0.01238 -2.02035e+01
 16 -0.02329 -2.68918e+00 | 17 -0.00744 -5.22721e+00 | 18  0.00652  9.77345e-01
 19  0.01200 -8.05394e-01 | 20 -0.01496  2.05865e+00 | 21  0.00420  7.58250e+00
 22  0.01651 -3.29822e+00 | 23  0.05507 -3.08755e+00 | 24 -0.00250 -7.95012e-01
 25  0.04878  3.43603e-01 | 26  0.01725 -5.68390e+00 | 27 -0.00717  1.03108e+01
 28  0.02681  3.01474e+00 | 29 -0.00429  2.21897e-01 | 30 -0.05305  1.49888e+00
 31 -0.04122 -5.96418e+00 | 32  0.02484  4.83775e+00 | 33  0.01696  6.79839e-01
 34  0.00752 -3.24519e+00 | 35 -0.01027 -2.03046e+00 | 36  0.00740 -5.93339e+00
 37  0.01548  3.85859e+00 | 38  0.01773 -1.35008e+00 | 39  0.01474  9.43288e+00
 40 -0.00829 -3.68948e+00 | 41  0.00286 -3.79805e-01 | 42  0.05340  4.64505e+00
 43  0.00019  1.45908e+00 | 44  0.01705 -4.43027e+00 | 45 -0.01711  3.22804e+00
 46  0.00881  8.83455e+00 | 47 -0.02044  7.10329e+00 | 48 -0.04254  7.55803e+00
 49 -0.01293  3.99851e+00 | 50 -0.02416 -8.31909e-01 | 51  0.00549  1.59591e+01
 52  0.01091  2.07976e+01 | 53 -0.00082  5.15001e+00 | 54  0.04590  6.45925e+00
 55  0.00230  7.42128e+00 | 56 -0.05341  1.06668e+01 | 57 -0.01160  1.25198e+01
 58 -0.04055  8.10179e+00 | 59  0.00668  2.01054e+01 | 60 -0.00592 -3.07445e+01
 61  0.03376  1.22984e+01 | 62 -0.01785  8.39358e+00 | 63 -0.00201 -2.38055e+01
 64  0.02335  1.04614e+00 | 65  0.01881  6.66909e+00 | 66  0.00182  3.42485e+01
 67  0.02067  1.79850e+01 | 68 -0.01337  1.64814e+01 | 69 -0.00529 -2.09830e+01
 70 -0.04317  1.31087e+01 | 71  0.01591  2.94354e+01 | 72  0.03407 -1.04579e+01
 73  0.00085  7.67254e+00 | 74 -0.00269  6.05677e+00 | 75  0.02742 -1.19757e+01
 76  0.01205  2.19468e+00 | 77 -0.02092 -3.22866e+00 | 78 -0.00153 -1.71274e+01
 79 -0.02540  7.32435e+00 | 80 -0.04135  1.45244e+01 | 81  0.00666 -3.91292e+00
 82  0.01147 -5.70018e-01 | 83 -0.01914  1.58187e+00 | 84  0.00451  5.99779e+00
 85  0.00486 -7.05592e+00 | 86 -0.01451  1.99566e+00 | 87 -0.00198 -6.54283e+00
 88  0.01252 -1.66258e+01 | 89 -0.01685 -5.84007e+00 | 90 -0.02655 -1.07246e+01
 91  0.00750  9.01148e+00 | 92  0.00819 -2.13936e+01 | 93  0.01447 -6.91039e+00
 94 -0.00269 -5.21267e+00 | 95  0.00563  4.13213e+00 | 96  0.00561  4.09525e+00
 97  0.79551  1.00953e+01 | 98 -0.41581 -2.77881e+02 | 99  0.22304  1.83400e+01
100 -0.25275 -1.48977e+01 |

Intermediate statistics: 100 variables; iteration 20; function evaluation 29; phase 3
Function value 2.2210963e+03; maximum gradient component mag 1.9973e+02
Var    Value     Gradient |Var    Value     Gradient |Var    Value     Gradient
  1  0.63069  1.51959e+02 |  2 -0.00865 -4.91914e+00 |  3  0.00281 -5.01710e+00
  4 -0.00962 -4.99996e+00 |  5 -0.00107 -4.49869e+00 |  6 -0.00120 -5.62659e+00
  7  0.00285 -5.91447e+00 |  8 -0.02993 -5.44360e+00 |  9  0.03561 -7.59068e+00
 10 -0.00107 -6.36476e+00 | 11  0.00479 -9.99508e+00 | 12 -0.00024 -1.21042e+01
 13  0.01745 -7.90870e+00 | 14 -0.05243 -6.51102e+00 | 15 -0.01127 -1.16190e+01
 16 -0.02349 -5.57844e+00 | 17 -0.00724 -6.09215e+00 | 18  0.00645 -3.01328e+00
 19  0.01200 -3.64305e+00 | 20 -0.01524 -2.64999e+00 | 21  0.00377  2.15570e-01
 22  0.01642 -5.10528e+00 | 23  0.05511 -1.31232e+00 | 24 -0.00281 -3.79570e+00
 25  0.04867 -1.40885e+00 | 26  0.01721 -6.39066e+00 | 27 -0.00807  2.13183e-01
 28  0.02657 -2.46525e+00 | 29 -0.00449 -3.33504e+00 | 30 -0.05364 -3.17040e+00
 31 -0.04100 -5.06254e+00 | 32  0.02457 -1.21989e+00 | 33  0.01683 -2.26086e+00
 34  0.00754 -3.93572e+00 | 35 -0.01028 -3.10824e+00 | 36  0.00758 -4.78468e+00
 37  0.01536  4.76160e-01 | 38  0.01783 -1.76681e+00 | 39  0.01448  3.49832e+00
 40 -0.00803 -2.67506e+00 | 41  0.00294 -1.00554e+00 | 42  0.05371  9.97594e+00
 43  0.00026  6.66276e-01 | 44  0.01749  6.34347e-01 | 45 -0.01711  1.19306e+00
 46  0.00883  5.52162e+00 | 47 -0.02048  3.62523e+00 | 48 -0.04284  2.28381e+00
 49 -0.01273  3.43871e+00 | 50 -0.02383  3.76172e-01 | 51  0.00532  7.25197e+00
 52  0.01059  7.22019e+00 | 53 -0.00059  7.30750e+00 | 54  0.04636  2.88633e+01
 55  0.00238  6.31333e+00 | 56 -0.05379  4.26503e+00 | 57 -0.01184  1.53332e+00
 58 -0.04075  2.56590e+00 | 59  0.00625  2.72560e+00 | 60 -0.00431  7.63878e+00
 61  0.03366  4.01302e+00 | 62 -0.01802  4.34447e+00 | 63 -0.00069  6.91048e+00
 64  0.02367  1.24578e+01 | 65  0.01895  7.21141e+00 | 66  0.00063  1.97121e-01
 67  0.02036  1.27787e+00 | 68 -0.01392  3.92229e+00 | 69 -0.00418  3.55221e+00
 70 -0.04359  6.44896e+00 | 71  0.01513  6.40712e-01 | 72  0.03493  2.45590e+01
 73  0.00073  2.88491e+00 | 74 -0.00282  2.30290e+00 | 75  0.02804  8.53730e+00
 76  0.01215  4.39683e+00 | 77 -0.02067  1.86851e-01 | 78 -0.00074  3.49884e+00
 79 -0.02560  7.12181e-01 | 80 -0.04182  5.52957e+00 | 81  0.00699  1.41760e+00
 82  0.01165  2.68329e+00 | 83 -0.01910 -1.15774e+00 | 84  0.00439 -5.67365e-01
 85  0.00530 -5.37258e-01 | 86 -0.01455 -1.66258e+00 | 87 -0.00158 -2.68817e+00
 88  0.01333  1.90661e-01 | 89 -0.01647 -4.26974e+00 | 90 -0.02583 -5.80818e+00
 91  0.00721  2.11262e+00 | 92  0.00938 -9.53578e+00 | 93  0.01469 -6.45233e+00
 94 -0.00197 -4.70059e+00 | 95  0.00015 -4.67401e+00 | 96  0.00015 -4.67399e+00
 97  0.82123 -3.05102e+01 | 98 -0.41068  1.99733e+02 | 99  0.21870  1.89548e+01
100 -0.25433 -5.63419e+01 |
100 variables; iteration 40; function evaluation 56; phase 3
Function value 2.2209853e+03; maximum gradient component mag 7.2795e+01
Var    Value     Gradient |Var    Value     Gradient |Var    Value     Gradient
  1  0.63036  3.49598e+01 |  2 -0.00895 -1.92047e+00 |  3  0.00268 -1.68262e+00
  4 -0.00970 -1.55374e+00 |  5 -0.00213 -3.54379e+00 |  6 -0.00058 -2.02868e-01
  7  0.00267 -2.72655e+00 |  8 -0.02953 -6.65501e-01 |  9  0.03515 -6.17265e+00
 10 -0.00099 -2.12842e+00 | 11  0.00599  7.09318e-01 | 12  0.00010 -5.90497e+00
 13  0.01768 -1.49118e+00 | 14 -0.05324 -6.27314e+00 | 15 -0.01069 -2.76473e+00
 16 -0.02327 -1.23963e-01 | 17 -0.00727 -3.04930e+00 | 18  0.00634 -1.50954e+00
 19  0.01204 -5.30463e-01 | 20 -0.01516  1.04319e+00 | 21  0.00333 -2.65602e+00
 22  0.01651 -1.41631e+00 | 23  0.05494 -3.55031e+00 | 24 -0.00302 -3.15534e+00
 25  0.04871  1.15714e+00 | 26  0.01728 -3.09631e+00 | 27 -0.00822  1.37160e+00
 28  0.02653 -1.16520e+00 | 29 -0.00439  2.68856e-01 | 30 -0.05375 -8.86010e-01
 31 -0.04081 -7.58774e-01 | 32  0.02456  1.18665e-02 | 33  0.01687 -2.67612e-01
 34  0.00767 -8.15502e-01 | 35 -0.01038 -2.37876e+00 | 36  0.00769 -2.30124e+00
 37  0.01532  8.85574e-02 | 38  0.01794  3.64110e-02 | 39  0.01440  2.11901e+00
 40 -0.00802 -1.81195e+00 | 41  0.00304  1.47235e-01 | 42  0.05363  2.68031e+00
 43  0.00024 -1.90685e-01 | 44  0.01757 -3.76962e-01 | 45 -0.01714  6.03613e-01
 46  0.00883  2.75363e+00 | 47 -0.02065  7.36175e-01 | 48 -0.04291  1.87322e+00
 49 -0.01270  2.12673e+00 | 50 -0.02374  3.33755e-01 | 51  0.00542  5.01229e+00
 52  0.01057  1.42485e+00 | 53 -0.00063  2.06785e+00 | 54  0.04622  8.17669e+00
 55  0.00235  9.60421e-01 | 56 -0.05413  1.65765e-01 | 57 -0.01164  3.84046e+00
 58 -0.04089 -2.49126e-02 | 59  0.00633  1.12824e+00 | 60 -0.00433  3.84883e+00
 61  0.03376  6.44648e-01 | 62 -0.01802  2.34637e+00 | 63 -0.00074  2.41094e+00
 64  0.02363  3.60267e+00 | 65  0.01890  4.05914e-01 | 66  0.00081  1.57717e+00
 67  0.02048  3.22996e-01 | 68 -0.01402 -2.14759e-01 | 69 -0.00414  1.96724e+00
 70 -0.04370  5.14533e+00 | 71  0.01526  2.59330e-01 | 72  0.03472  7.44545e+00
 73  0.00069 -7.82330e-01 | 74 -0.00274  1.61085e+00 | 75  0.02800  2.17124e+00
 76  0.01223  3.37267e+00 | 77 -0.02067  9.85996e-02 | 78 -0.00074  1.63028e+00
 79 -0.02557  1.31488e+00 | 80 -0.04232 -1.57930e+00 | 81  0.00692 -2.36280e+00
 82  0.01166  1.05481e+00 | 83 -0.01908  4.63059e-01 | 84  0.00445  5.87144e-01
 85  0.00525 -1.40577e+00 | 86 -0.01457 -9.74658e-01 | 87 -0.00160 -1.38224e+00
 88  0.01339  2.43643e+00 | 89 -0.01649 -2.14796e+00 | 90 -0.02570 -2.67669e+00
 91  0.00688  3.65300e-01 | 92  0.01009 -1.03722e+00 | 93  0.01478 -1.81723e+00
 94 -0.00201 -1.13031e+00 | 95  0.00018 -1.08967e+00 | 96  0.00018 -1.08993e+00
 97  0.82280 -1.29450e+01 | 98 -0.41087  7.27946e+01 | 99  0.21968  8.38179e+00
100 -0.25385 -1.58341e+01 |
100 variables; iteration 60; function evaluation 81; phase 3
Function value 2.2209627e+03; maximum gradient component mag 3.0003e+01
Var    Value     Gradient |Var    Value     Gradient |Var    Value     Gradient
  1  0.63034  7.43386e+00 |  2 -0.00961 -2.27070e+00 |  3  0.00272 -5.72219e-01
  4 -0.00961 -3.38561e-01 |  5 -0.00164 -1.21555e+00 |  6 -0.00116 -6.90964e-01
  7  0.00315 -1.43444e-02 |  8 -0.02981 -3.44785e-01 |  9  0.03578 -8.73581e-01
 10 -0.00028  2.47572e+00 | 11  0.00572  7.09788e-01 | 12  0.00031 -3.12579e+00
 13  0.01745 -1.74344e+00 | 14 -0.05269 -2.65721e+00 | 15 -0.01054 -4.91705e-04
 16 -0.02311  2.37156e+00 | 17 -0.00722 -1.41185e+00 | 18  0.00628 -1.34562e+00
 19  0.01198 -6.04059e-01 | 20 -0.01546 -1.11604e+00 | 21  0.00335 -1.57904e+00
 22  0.01646 -7.87700e-01 | 23  0.05503  2.11997e-01 | 24 -0.00296 -1.30290e+00
 25  0.04864  1.29277e+00 | 26  0.01735 -9.18077e-01 | 27 -0.00847 -2.17179e-01
 28  0.02659  1.04079e+00 | 29 -0.00436  1.71967e+00 | 30 -0.05366  6.34281e-01
 31 -0.04087 -3.30572e-01 | 32  0.02450 -3.09610e-01 | 33  0.01680 -6.36799e-01
 34  0.00760 -1.01546e+00 | 35 -0.01034 -1.18942e+00 | 36  0.00770 -1.42274e+00
 37  0.01525 -4.56022e-01 | 38  0.01795  5.48580e-01 | 39  0.01433  1.45878e+00
 40 -0.00810 -2.20812e+00 | 41  0.00301  1.03051e-01 | 42  0.05358  7.83751e-01
 43  0.00027  3.52506e-01 | 44  0.01759 -3.63999e-01 | 45 -0.01715  4.68039e-01
 46  0.00873  3.41215e-01 | 47 -0.02056  1.78100e+00 | 48 -0.04315 -4.01729e-01
 49 -0.01272  1.32377e+00 | 50 -0.02376 -3.03236e-01 | 51  0.00537  2.89253e+00
 52  0.01059  5.34368e-01 | 53 -0.00070 -6.10088e-01 | 54  0.04616  2.52113e+00
 55  0.00229 -1.56015e+00 | 56 -0.05410  8.25320e-01 | 57 -0.01167  2.89801e+00
 58 -0.04095 -5.61417e-01 | 59  0.00632  1.96622e-01 | 60 -0.00440  1.88519e+00
 61  0.03378  5.71663e-02 | 62 -0.01810  7.01439e-01 | 63 -0.00079  6.12464e-01
 64  0.02358  1.08670e+00 | 65  0.01892  5.22555e-03 | 66  0.00075 -4.23030e-01
 67  0.02049  1.31324e-01 | 68 -0.01402 -2.98476e-02 | 69 -0.00423 -6.47971e-01
 70 -0.04404  6.19251e-01 | 71  0.01529  3.45281e-01 | 72  0.03462  2.20365e+00
 73  0.00078  1.12548e+00 | 74 -0.00278  8.93328e-01 | 75  0.02798  6.39169e-01
 76  0.01217  1.42051e+00 | 77 -0.02070 -3.86430e-01 | 78 -0.00078  7.23484e-01
 79 -0.02563  4.63882e-01 | 80 -0.04229 -3.04347e-01 | 81  0.00695 -9.99119e-01
 82  0.01162  3.02221e-01 | 83 -0.01915 -2.63561e-01 | 84  0.00439 -1.07383e-01
 85  0.00525 -4.84832e-01 | 86 -0.01465 -1.46138e+00 | 87 -0.00161 -6.85230e-01
 88  0.01328  8.05188e-01 | 89 -0.01645 -6.60541e-01 | 90 -0.02567 -1.27598e+00
 91  0.00678  2.76586e-02 | 92  0.00994 -9.35821e-01 | 93  0.01495  3.33237e-01
 94 -0.00109  1.16767e+00 | 95  0.00029 -5.67543e-02 | 96  0.00029 -5.58406e-02
 97  0.82450 -5.60508e+00 | 98 -0.41076  3.00034e+01 | 99  0.21871  2.42521e+00
100 -0.25413 -4.78346e+00 |
Maximum number of function evaluations exceeded

 - final statistics:
100 variables; iteration 74; function evaluation 100
Function value 2.2210e+03; maximum gradient component mag 1.1399e+01
Exit code = 3;  converg criter 1.0000e+00
Var    Value     Gradient |Var    Value     Gradient |Var    Value     Gradient
  1  0.63030  8.66834e-01 |  2 -0.00897 -7.50752e-01 |  3  0.00255 -6.90310e-01
  4 -0.00963 -1.13905e-01 |  5 -0.00137 -2.46227e-01 |  6 -0.00105 -1.24375e-01
  7  0.00306 -7.19150e-03 |  8 -0.02980 -2.69525e-02 |  9  0.03585 -7.00801e-02
 10 -0.00067  1.06318e+00 | 11  0.00558  3.10675e-01 | 12  0.00053 -1.33903e+00
 13  0.01754 -4.34723e-01 | 14 -0.05234 -7.47541e-01 | 15 -0.01045  1.11097e+00
 16 -0.02341  4.22457e-01 | 17 -0.00712 -1.69143e-01 | 18  0.00635 -3.34929e-01
 19  0.01198 -4.15650e-01 | 20 -0.01542 -5.34964e-01 | 21  0.00343 -2.67820e-01
 22  0.01647 -3.33004e-01 | 23  0.05500 -1.31711e-02 | 24 -0.00291 -4.98657e-01
 25  0.04859  6.10860e-01 | 26  0.01738 -1.15108e-01 | 27 -0.00848  1.17278e-02
 28  0.02658  1.11516e+00 | 29 -0.00448  5.16777e-01 | 30 -0.05384 -3.45210e-01
 31 -0.04087 -1.60978e-01 | 32  0.02445 -1.03054e+00 | 33  0.01681 -2.14960e-01
 34  0.00762 -5.47060e-01 | 35 -0.01029 -5.03869e-01 | 36  0.00777 -4.16560e-01
 37  0.01527 -5.38500e-03 | 38  0.01791 -1.03870e-01 | 39  0.01427  5.07503e-01
 40 -0.00796 -7.52327e-01 | 41  0.00302  2.13982e-01 | 42  0.05358  3.93387e-01
 43  0.00028  3.47360e-01 | 44  0.01760 -3.04559e-01 | 45 -0.01717  2.27170e-01
 46  0.00872 -1.10596e-01 | 47 -0.02063  6.46042e-01 | 48 -0.04312 -1.29646e-01
 49 -0.01274  5.33434e-01 | 50 -0.02374 -3.37145e-01 | 51  0.00532  1.14938e+00
 52  0.01062  5.93087e-01 | 53 -0.00069 -9.15655e-01 | 54  0.04614  7.51868e-01
 55  0.00234 -5.35042e-01 | 56 -0.05415  1.40160e-01 | 57 -0.01174  8.50596e-01
 58 -0.04090  6.54174e-03 | 59  0.00633  1.24652e-01 | 60 -0.00444  4.25264e-01
 61  0.03380  2.29223e-03 | 62 -0.01808  7.17741e-01 | 63 -0.00079  3.11422e-01
 64  0.02358  3.15332e-01 | 65  0.01894  1.92111e-03 | 66  0.00077 -1.21221e-01
 67  0.02051  7.00684e-02 | 68 -0.01401 -1.48313e-01 | 69 -0.00420 -2.82490e-01
 70 -0.04407  2.80721e-01 | 71  0.01530  1.18447e-01 | 72  0.03460  6.02099e-01
 73  0.00077  6.44343e-01 | 74 -0.00280 -1.23769e-02 | 75  0.02798  1.84546e-01
 76  0.01215  3.81384e-01 | 77 -0.02064  6.55267e-01 | 78 -0.00079  1.76860e-01
 79 -0.02566 -1.35935e-01 | 80 -0.04228 -2.03709e-01 | 81  0.00698 -2.57271e-01
 82  0.01162  1.18131e-01 | 83 -0.01911  3.84507e-01 | 84  0.00440  3.41126e-02
 85  0.00527  1.03584e-01 | 86 -0.01458 -1.31857e-01 | 87 -0.00159 -3.55251e-01
 88  0.01328  9.03203e-01 | 89 -0.01643 -3.69757e-01 | 90 -0.02564 -9.33822e-01
 91  0.00673 -5.28530e-01 | 92  0.00990 -1.09146e+00 | 93  0.01469 -4.59199e-01
 94 -0.00168  4.31301e-01 | 95  0.00022  5.25225e-02 | 96  0.00022  4.95436e-02
 97  0.82549 -2.26485e+00 | 98 -0.41068  1.13985e+01 | 99  0.21852  8.18157e-01
100 -0.25417 -1.15694e+00 |

Initial statistics: 108 variables; iteration 0; function evaluation 0; phase 4
Function value 2.2209546e+03; maximum gradient component mag 1.0014e+03
Var    Value     Gradient |Var    Value     Gradient |Var    Value     Gradient
  1 -0.42263  6.82946e+01 |  2 -0.42263  1.00142e+03 |  3 -0.41094  3.98644e+02
  4  0.63030  8.66834e-01 |  5  0.00000  8.33706e+00 |  6  0.00000  5.35816e+00
  7  0.00000  1.01020e+01 |  8  0.00000 -1.89940e+01 |  9  0.00000 -4.40930e+01
 10 -0.00897 -7.50080e-01 | 11  0.00255 -6.89638e-01 | 12 -0.00963 -1.13233e-01
 13 -0.00137 -2.45554e-01 | 14 -0.00105 -1.23703e-01 | 15  0.00306 -6.51923e-03
 16 -0.02980 -2.62809e-02 | 17  0.03585 -6.94089e-02 | 18 -0.00067  1.06386e+00
 19  0.00558  3.11347e-01 | 20  0.00053 -1.33836e+00 | 21  0.01754 -4.34051e-01
 22 -0.05234 -7.46871e-01 | 23 -0.01045  1.11164e+00 | 24 -0.02341  4.23128e-01
 25 -0.00712 -1.68471e-01 | 26  0.00635 -3.34256e-01 | 27  0.01198 -4.14978e-01
 28 -0.01542 -5.34292e-01 | 29  0.00343 -2.67148e-01 | 30  0.01647 -3.32332e-01
 31  0.05500 -1.25013e-02 | 32 -0.00291 -4.97985e-01 | 33  0.04859  6.11530e-01
 34  0.01738 -1.14436e-01 | 35 -0.00848  1.24000e-02 | 36  0.02658  1.11584e+00
 37 -0.00448  5.17449e-01 | 38 -0.05384 -3.44540e-01 | 39 -0.04087 -1.60307e-01
 40  0.02445 -1.02986e+00 | 41  0.01681 -2.14288e-01 | 42  0.00762 -5.46388e-01
 43 -0.01029 -5.03197e-01 | 44  0.00777 -4.15888e-01 | 45  0.01527 -4.71292e-03
 46  0.01791 -1.03198e-01 | 47  0.01427  5.08175e-01 | 48 -0.00796 -7.51655e-01
 49  0.00302  2.14654e-01 | 50  0.05358  3.94057e-01 | 51  0.00028  3.48032e-01
 52  0.01760 -3.03887e-01 | 53 -0.01717  2.27842e-01 | 54  0.00872 -1.09924e-01
 55 -0.02063  6.46714e-01 | 56 -0.04312 -1.28976e-01 | 57 -0.01274  5.34106e-01
 58 -0.02374 -3.36473e-01 | 59  0.00532  1.15005e+00 | 60  0.01062  5.93759e-01
 61 -0.00069 -9.14982e-01 | 62  0.04614  7.52539e-01 | 63  0.00234 -5.34370e-01
 64 -0.05415  1.40830e-01 | 65 -0.01174  8.51268e-01 | 66 -0.04090  7.21263e-03
 67  0.00633  1.25324e-01 | 68 -0.00444  4.25936e-01 | 69  0.03380  2.96355e-03
 70 -0.01808  7.18413e-01 | 71 -0.00079  3.12094e-01 | 72  0.02358  3.16004e-01
 73  0.01894  2.59309e-03 | 74  0.00077 -1.20549e-01 | 75  0.02051  7.07403e-02
 76 -0.01401 -1.47641e-01 | 77 -0.00420 -2.81818e-01 | 78 -0.04407  2.81392e-01
 79  0.01530  1.19119e-01 | 80  0.03460  6.02770e-01 | 81  0.00077  6.45015e-01
 82 -0.00280 -1.17046e-02 | 83  0.02798  1.85218e-01 | 84  0.01215  3.82057e-01
 85 -0.02064  6.55939e-01 | 86 -0.00079  1.77533e-01 | 87 -0.02566 -1.35263e-01
 88 -0.04228 -2.03038e-01 | 89  0.00698 -2.56599e-01 | 90  0.01162  1.18804e-01
 91 -0.01911  3.85179e-01 | 92  0.00440  3.47848e-02 | 93  0.00527  1.04256e-01
 94 -0.01458 -1.31185e-01 | 95 -0.00159 -3.54579e-01 | 96  0.01328  9.03876e-01
 97 -0.01643 -3.69085e-01 | 98 -0.02564 -9.33150e-01 | 99  0.00673 -5.27857e-01
100  0.00990 -1.09079e+00 |101  0.01469 -4.58527e-01 |102 -0.00168  4.31974e-01
103  0.00022  5.31948e-02 |104  0.00022  5.02159e-02 |105  0.82549 -2.26485e+00
106 -0.41068  1.13985e+01 |107  0.21852  8.18157e-01 |108 -0.25417 -1.15694e+00

Intermediate statistics: 108 variables; iteration 20; function evaluation 28; phase 4
Function value 2.2199152e+03; maximum gradient component mag 5.3372e+02
Var    Value     Gradient |Var    Value     Gradient |Var    Value     Gradient
  1 -0.41858  3.44969e+01 |  2 -0.42275  5.33717e+02 |  3 -0.41294  2.09781e+02
  4  0.63147  1.58299e+02 |  5 -0.00440  1.20271e-01 |  6 -0.00344 -1.81497e-01
  7 -0.00629 -2.79511e-01 |  8  0.01061  5.24800e-02 |  9  0.02246 -7.88438e-01
 10 -0.00873 -4.76199e+00 | 11  0.00272 -4.77062e+00 | 12 -0.00965 -4.71789e+00
 13 -0.00134 -4.70847e+00 | 14 -0.00107 -4.68144e+00 | 15  0.00301 -4.64310e+00
 16 -0.02986 -4.68621e+00 | 17  0.03576 -4.89211e+00 | 18 -0.00097 -4.68503e+00
 19  0.00543 -4.80069e+00 | 20  0.00062 -5.09837e+00 | 21  0.01752 -4.93409e+00
 22 -0.05220 -4.65586e+00 | 23 -0.01050 -4.17982e+00 | 24 -0.02335 -4.22957e+00
 25 -0.00700 -4.02825e+00 | 26  0.00640 -3.97633e+00 | 27  0.01203 -3.80313e+00
 28 -0.01531 -4.01045e+00 | 29  0.00370 -2.91352e+00 | 30  0.01660 -3.03025e+00
 31  0.05489 -3.62056e+00 | 32 -0.00285 -3.53911e+00 | 33  0.04845 -3.05656e+00
 34  0.01726 -3.30179e+00 | 35 -0.00863 -3.62823e+00 | 36  0.02645 -2.51245e+00
 37 -0.00463 -3.35607e+00 | 38 -0.05386 -4.02643e+00 | 39 -0.04082 -3.62005e+00
 40  0.02471 -1.79596e-01 | 41  0.01691 -1.35431e+00 | 42  0.00767 -1.83254e+00
 43 -0.01037 -2.68009e+00 | 44  0.00774 -1.73582e+00 | 45  0.01532 -7.10373e-01
 46  0.01802  9.20299e-02 | 47  0.01429  4.15568e-02 | 48 -0.00786 -1.14026e+00
 49  0.00304 -1.27422e-01 | 50  0.05358  5.04408e+00 | 51  0.00027  5.02001e-01
 52  0.01761  2.75460e+00 | 53 -0.01724 -5.37851e-02 | 54  0.00864  2.75640e+00
 55 -0.02068  6.06182e-01 | 56 -0.04304 -5.73130e-01 | 57 -0.01261  2.91768e+00
 58 -0.02362  1.68766e+00 | 59  0.00540  6.14709e+00 | 60  0.01066  6.79674e+00
 61 -0.00067  5.14565e+00 | 62  0.04629  2.57998e+01 | 63  0.00217  3.91594e+00
 64 -0.05435 -1.10597e+00 | 65 -0.01180  3.11069e+00 | 66 -0.04085  6.38504e-01
 67  0.00642  4.51772e+00 | 68 -0.00433  5.79262e+00 | 69  0.03384  1.20013e+01
 70 -0.01811  2.72768e+00 | 71 -0.00077  4.48904e+00 | 72  0.02369  1.04909e+01
 73  0.01899  9.58670e+00 | 74  0.00071  4.74320e+00 | 75  0.02054  8.76447e+00
 76 -0.01398  3.44068e+00 | 77 -0.00422  2.72800e+00 | 78 -0.04398  2.95425e-01
 79  0.01538  5.84228e+00 | 80  0.03475  1.65716e+01 | 81  0.00078  4.02797e+00
 82 -0.00278  3.98390e+00 | 83  0.02805  9.87973e+00 | 84  0.01216  7.48368e+00
 85 -0.02075  2.26221e-01 | 86 -0.00083  3.31984e+00 | 87 -0.02574 -1.22845e+00
 88 -0.04221 -1.18250e+00 | 89  0.00702  4.21567e-01 | 90  0.01158  1.91169e+00
 91 -0.01920 -1.71159e+00 | 92  0.00435  7.79796e-01 | 93  0.00519 -1.22791e+00
 94 -0.01475 -3.34203e+00 | 95 -0.00159 -2.99205e+00 | 96  0.01318 -2.75559e+00
 97 -0.01656 -4.85111e+00 | 98 -0.02571 -4.59704e+00 | 99  0.00679 -4.92663e+00
100  0.00992 -5.24545e+00 |101  0.01487 -6.03338e+00 |102 -0.00213 -4.86255e+00
103  0.00008 -4.73418e+00 |104  0.00008 -4.73403e+00 |105  0.82423 -4.85285e+00
106 -0.41054  4.19006e+01 |107  0.21861  2.40368e+01 |108 -0.25450 -7.51368e+01
108 variables; iteration 40; function evaluation 49; phase 4
Function value 2.2198240e+03; maximum gradient component mag 1.5998e+01
Var    Value     Gradient |Var    Value     Gradient |Var    Value     Gradient
  1 -0.41743  2.85453e+00 |  2 -0.42265  1.59982e+01 |  3 -0.41413  4.25604e+00
  4  0.63146  5.30679e+00 |  5 -0.00408  7.21791e-01 |  6 -0.00344 -1.87907e-01
  7 -0.00583  4.85691e-01 |  8  0.00985 -1.31449e+00 |  9  0.02307  3.90453e-01
 10 -0.00842  3.56428e-01 | 11  0.00301  3.51872e-01 | 12 -0.00960 -1.25941e-01
 13 -0.00172 -1.23545e+00 | 14 -0.00183 -2.34609e+00 | 15  0.00217 -2.87342e+00
 16 -0.03044 -1.80348e+00 | 17  0.03572 -8.04643e-01 | 18 -0.00095 -1.53259e-01
 19  0.00543 -3.74363e-01 | 20  0.00053 -1.14181e+00 | 21  0.01762  5.03555e-01
 22 -0.05191  1.13464e+00 | 23 -0.01055 -3.21315e-01 | 24 -0.02335 -2.17196e-01
 25 -0.00701 -2.98945e-01 | 26  0.00645  4.87389e-01 | 27  0.01207  3.80659e-01
 28 -0.01526  1.46390e-01 | 29  0.00383  9.23687e-01 | 30  0.01659 -1.13435e+00
 31  0.05483 -3.37851e+00 | 32 -0.00289 -9.51654e-01 | 33  0.04864  2.79500e+00
 34  0.01733  8.04550e-01 | 35 -0.00859  4.04078e-01 | 36  0.02644 -7.08589e-01
 37 -0.00463 -1.21551e-01 | 38 -0.05381 -5.99248e-02 | 39 -0.04073  2.37799e-01
 40  0.02477  5.82927e-01 | 41  0.01698  4.29095e-01 | 42  0.00772  2.25850e-01
 43 -0.01035  5.92828e-02 | 44  0.00780  2.78394e-01 | 45  0.01539  3.40471e-01
 46  0.01809  2.98916e-01 | 47  0.01436  6.54756e-01 | 48 -0.00790 -9.26736e-01
 49  0.00310  2.70456e-01 | 50  0.05353 -3.41226e+00 | 51  0.00029 -1.23084e-01
 52  0.01764  2.91315e-01 | 53 -0.01718  5.71119e-01 | 54  0.00867  4.60944e-01
 55 -0.02069 -3.32533e-01 | 56 -0.04299 -3.96495e-02 | 57 -0.01254  2.99955e-01
 58 -0.02353  6.12573e-01 | 59  0.00555  2.53159e+00 | 60  0.01069 -5.66584e-01
 61 -0.00063  2.51719e-01 | 62  0.04613  8.59624e-01 | 63  0.00209 -1.67437e+00
 64 -0.05443 -1.07825e+00 | 65 -0.01179  3.73956e-01 | 66 -0.04080  5.90408e-01
 67  0.00659  2.89404e+00 | 68 -0.00438 -1.33618e+00 | 69  0.03382  3.85129e-01
 70 -0.01811  1.82330e-01 | 71 -0.00078 -2.42262e-01 | 72  0.02375  1.40030e+00
 73  0.01887 -1.35845e+00 | 74  0.00077  2.36692e+00 | 75  0.02051  2.47877e-01
 76 -0.01407 -1.26214e+00 | 77 -0.00413  1.81924e+00 | 78 -0.04398 -4.13522e-01
 79  0.01521 -7.16382e+00 | 80  0.03466  1.62306e+00 | 81  0.00078  3.39349e-01
 82 -0.00270  2.53889e+00 | 83  0.02801  1.32923e+00 | 84  0.01193 -3.95127e+00
 85 -0.02071  9.05327e-01 | 86 -0.00078  3.01323e+00 | 87 -0.02570  6.00773e-01
 88 -0.04215  4.76311e-01 | 89  0.00706 -3.95598e-01 | 90  0.01164  2.34611e+00
 91 -0.01923 -7.53840e-01 | 92  0.00426 -1.64409e+00 | 93  0.00510 -2.03306e+00
 94 -0.01467  9.90690e-01 | 95 -0.00153  8.93402e-01 | 96  0.01332  3.17628e+00
 97 -0.01648  6.26180e-01 | 98 -0.02563 -6.66254e-03 | 99  0.00683 -7.40970e-01
100  0.01014  7.41354e-01 |101  0.01523  1.35141e+00 |102 -0.00248 -7.75517e-01
103  0.00002 -2.89385e-01 |104  0.00002 -2.88687e-01 |105  0.82510  2.71250e-01
106 -0.41050  9.29490e-01 |107  0.21841 -1.94153e-01 |108 -0.25421 -1.96305e+00
108 variables; iteration 60; function evaluation 77; phase 4
Function value 2.2198179e+03; maximum gradient component mag 7.5897e+00
Var    Value     Gradient |Var    Value     Gradient |Var    Value     Gradient
  1 -0.41799  1.57618e+00 |  2 -0.42270  7.58974e+00 |  3 -0.41392  1.69467e+00
  4  0.63148  2.47817e+00 |  5 -0.00429  3.02186e-01 |  6 -0.00344 -1.97285e-01
  7 -0.00583  4.88498e-01 |  8  0.01011 -8.66004e-01 |  9  0.02302  3.08623e-01
 10 -0.00867 -4.58915e-02 | 11  0.00279 -3.50412e-02 | 12 -0.00960 -2.17173e-02
 13 -0.00131 -6.28142e-02 | 14 -0.00151 -1.34902e+00 | 15  0.00256 -1.51320e+00
 16 -0.03016 -9.23905e-01 | 17  0.03596  7.69733e-01 | 18 -0.00088  3.06573e-01
 19  0.00525 -1.23526e+00 | 20  0.00051 -1.14457e+00 | 21  0.01770  1.31639e+00
 22 -0.05209  3.89923e-01 | 23 -0.01059 -5.38145e-01 | 24 -0.02346 -1.06010e+00
 25 -0.00700 -3.36517e-01 | 26  0.00642  1.14534e-01 | 27  0.01201 -5.20028e-01
 28 -0.01532 -4.69072e-01 | 29  0.00380  6.97035e-01 | 30  0.01663 -3.83147e-01
 31  0.05487 -2.09303e+00 | 32 -0.00286 -5.66071e-01 | 33  0.04859  1.60850e+00
 34  0.01730  3.33696e-01 | 35 -0.00862  1.44912e-01 | 36  0.02644 -5.70662e-01
 37 -0.00462  1.42870e-01 | 38 -0.05368  9.33736e-01 | 39 -0.04086 -6.26417e-01
 40  0.02476  4.98017e-01 | 41  0.01696  2.12065e-01 | 42  0.00771  9.46007e-02
 43 -0.01035  1.42820e-01 | 44  0.00780  4.13861e-01 | 45  0.01537  6.25067e-02
 46  0.01809  3.32268e-01 | 47  0.01432  1.08443e-01 | 48 -0.00779  3.30800e-01
 49  0.00307  6.25645e-02 | 50  0.05358 -1.97633e+00 | 51  0.00030 -2.50928e-02
 52  0.01761 -7.70568e-02 | 53 -0.01722  1.46500e-01 | 54  0.00865  9.43218e-02
 55 -0.02069 -2.99542e-01 | 56 -0.04307 -6.95692e-01 | 57 -0.01254  5.09525e-01
 58 -0.02356  3.82781e-01 | 59  0.00548  1.19775e+00 | 60  0.01071  5.70688e-02
 61 -0.00062  7.11779e-01 | 62  0.04611  4.73347e-01 | 63  0.00211 -7.93964e-01
 64 -0.05441 -7.35411e-01 | 65 -0.01180  3.88400e-02 | 66 -0.04083  9.79342e-02
 67  0.00655  1.73875e+00 | 68 -0.00436 -6.42402e-01 | 69  0.03381  2.03251e-01
 70 -0.01811  2.54535e-01 | 71 -0.00076  2.07941e-01 | 72  0.02373  9.27176e-01
 73  0.01887 -1.12207e+00 | 74  0.00074  1.72610e+00 | 75  0.02050  5.59126e-02
 76 -0.01402 -5.82676e-02 | 77 -0.00419  5.44673e-01 | 78 -0.04401 -7.18572e-01
 79  0.01530 -4.03536e+00 | 80  0.03463  8.99315e-01 | 81  0.00076 -1.92340e-02
 82 -0.00276  1.16613e+00 | 83  0.02799  7.34995e-01 | 84  0.01198 -2.02182e+00
 85 -0.02071  1.01898e+00 | 86 -0.00081  2.23533e+00 | 87 -0.02571  5.70343e-01
 88 -0.04218  1.61323e-02 | 89  0.00706 -1.66975e-01 | 90  0.01159  1.28440e+00
 91 -0.01922 -3.53282e-01 | 92  0.00427 -8.79169e-01 | 93  0.00511 -1.15776e+00
 94 -0.01470  6.69363e-01 | 95 -0.00157  3.94939e-01 | 96  0.01324  1.47432e+00
 97 -0.01652  3.47698e-01 | 98 -0.02564  1.40725e-01 | 99  0.00679 -8.10599e-01
100  0.01011  6.35759e-01 |101  0.01508  8.48809e-01 |102 -0.00231 -4.19657e-01
103  0.00003 -1.89814e-01 |104  0.00003 -1.89220e-01 |105  0.82481  1.92287e-01
106 -0.41052  2.33980e-01 |107  0.21849  2.55801e-02 |108 -0.25414 -8.86278e-01

 - final statistics:
108 variables; iteration 76; function evaluation 98
Function value 2.2198e+03; maximum gradient component mag 5.9169e-01
Exit code = 1;  converg criter 1.0000e+00
Var    Value     Gradient |Var    Value     Gradient |Var    Value     Gradient
  1 -0.41883  1.55996e-01 |  2 -0.42276  5.91693e-01 |  3 -0.41362  1.56308e-01
  4  0.63151  1.53031e-01 |  5 -0.00439  6.45242e-02 |  6 -0.00327  6.69370e-02
  7 -0.00613 -3.22724e-02 |  8  0.01055 -9.20306e-02 |  9  0.02289  3.32448e-02
 10 -0.00873 -1.13234e-01 | 11  0.00269 -1.97553e-01 | 12 -0.00958  6.89839e-02
 13 -0.00134 -8.38944e-02 | 14 -0.00104  1.53480e-02 | 15  0.00300 -7.49373e-02
 16 -0.02991 -1.65848e-01 | 17  0.03580 -1.78884e-01 | 18 -0.00096 -5.10020e-02
 19  0.00539 -4.20371e-01 | 20  0.00074  2.69167e-01 | 21  0.01754 -9.23223e-02
 22 -0.05218  6.28974e-02 | 23 -0.01048  3.59184e-01 | 24 -0.02337 -2.96938e-01
 25 -0.00695  1.95944e-01 | 26  0.00641  3.92000e-02 | 27  0.01206  1.17154e-01
 28 -0.01527  4.08664e-02 | 29  0.00374 -5.78007e-02 | 30  0.01664 -1.10446e-01
 31  0.05495 -1.37831e-01 | 32 -0.00282  4.42609e-03 | 33  0.04851  1.91283e-01
 34  0.01727 -5.97016e-02 | 35 -0.00863  1.35826e-01 | 36  0.02645 -2.43751e-01
 37 -0.00460  4.68676e-01 | 38 -0.05388 -2.61429e-01 | 39 -0.04082 -2.50919e-01
 40  0.02472 -8.16858e-02 | 41  0.01693 -4.01028e-02 | 42  0.00769 -5.71864e-03
 43 -0.01037 -1.80827e-02 | 44  0.00776 -4.10391e-02 | 45  0.01535 -3.17822e-02
 46  0.01807  1.16273e-01 | 47  0.01430 -1.22788e-01 | 48 -0.00783 -2.22414e-02
 49  0.00307  9.03151e-02 | 50  0.05364 -9.59500e-02 | 51  0.00030  1.84138e-01
 52  0.01763  2.51740e-01 | 53 -0.01726 -1.78408e-01 | 54  0.00863 -4.85913e-02
 55 -0.02070 -1.95986e-01 | 56 -0.04303 -1.56976e-01 | 57 -0.01256  3.08844e-01
 58 -0.02361 -1.00052e-01 | 59  0.00541 -5.47735e-02 | 60  0.01070  4.44461e-02
 61 -0.00066 -4.61772e-02 | 62  0.04609  3.89859e-02 | 63  0.00213 -7.52111e-02
 64 -0.05439 -2.22644e-01 | 65 -0.01181  6.96623e-02 | 66 -0.04086 -1.82456e-01
 67  0.00649  1.40008e-01 | 68 -0.00434 -7.60781e-02 | 69  0.03380  3.33826e-02
 70 -0.01813  5.99060e-02 | 71 -0.00077  2.02307e-01 | 72  0.02369  5.70792e-02
 73  0.01889 -4.48393e-02 | 74  0.00067  7.09046e-02 | 75  0.02049  1.53902e-02
 76 -0.01402  1.55408e-02 | 77 -0.00424 -1.24937e-01 | 78 -0.04399 -2.09377e-01
 79  0.01540 -2.08840e-01 | 80  0.03460  5.19846e-02 | 81  0.00075  4.08030e-02
 82 -0.00282  1.40241e-02 | 83  0.02797  5.87186e-02 | 84  0.01203 -1.26218e-01
 85 -0.02076  2.54790e-01 | 86 -0.00090  1.03303e-01 | 87 -0.02575  4.77389e-02
 88 -0.04218  1.97938e-01 | 89  0.00705 -3.10046e-03 | 90  0.01154  1.12018e-01
 91 -0.01923 -1.46623e-02 | 92  0.00428 -4.15671e-02 | 93  0.00514  1.08650e-01
 94 -0.01476 -5.81267e-02 | 95 -0.00159  3.59696e-01 | 96  0.01317  2.71355e-01
 97 -0.01658 -1.09962e-01 | 98 -0.02569  5.49422e-02 | 99  0.00682  1.03158e-01
100  0.01003  3.10088e-01 |101  0.01485 -5.75814e-02 |102 -0.00211 -4.06773e-02
103  0.00006 -6.61402e-02 |104  0.00006 -6.58290e-02 |105  0.82442 -2.37829e-02
106 -0.41056  1.50742e-01 |107  0.21835 -1.30253e-01 |108 -0.25413 -6.92863e-02

Initial statistics: 110 variables; iteration 0; function evaluation 0; phase 5
Function value 2.2198141e+03; maximum gradient component mag 8.8830e+01
Var    Value     Gradient |Var    Value     Gradient |Var    Value     Gradient
  1 -0.41883  1.55996e-01 |  2 -0.42276  5.91693e-01 |  3 -0.41362  1.56308e-01
  4 -0.41222  1.75485e+01 |  5 -0.41222  8.88304e+01 |  6  0.63151  1.53031e-01
  7 -0.00439  6.45242e-02 |  8 -0.00327  6.69370e-02 |  9 -0.00613 -3.22724e-02
 10  0.01055 -9.20306e-02 | 11  0.02289  3.32448e-02 | 12 -0.00873 -1.13108e-01
 13  0.00269 -1.97426e-01 | 14 -0.00958  6.91106e-02 | 15 -0.00134 -8.37677e-02
 16 -0.00104  1.54746e-02 | 17  0.00300 -7.48107e-02 | 18 -0.02991 -1.65721e-01
 19  0.03580 -1.78757e-01 | 20 -0.00096 -5.08753e-02 | 21  0.00539 -4.20244e-01
 22  0.00074  2.69294e-01 | 23  0.01754 -9.21958e-02 | 24 -0.05218  6.30236e-02
 25 -0.01048  3.59310e-01 | 26 -0.02337 -2.96811e-01 | 27 -0.00695  1.96070e-01
 28  0.00641  3.93267e-02 | 29  0.01206  1.17281e-01 | 30 -0.01527  4.09930e-02
 31  0.00374 -5.76740e-02 | 32  0.01664 -1.10319e-01 | 33  0.05495 -1.37705e-01
 34 -0.00282  4.55272e-03 | 35  0.04851  1.91409e-01 | 36  0.01727 -5.95751e-02
 37 -0.00863  1.35953e-01 | 38  0.02645 -2.43624e-01 | 39 -0.00460  4.68803e-01
 40 -0.05388 -2.61303e-01 | 41 -0.04082 -2.50792e-01 | 42  0.02472 -8.15593e-02
 43  0.01693 -3.99762e-02 | 44  0.00769 -5.59202e-03 | 45 -0.01037 -1.79561e-02
 46  0.00776 -4.09124e-02 | 47  0.01535 -3.16556e-02 | 48  0.01807  1.16399e-01
 49  0.01430 -1.22662e-01 | 50 -0.00783 -2.21148e-02 | 51  0.00307  9.04417e-02
 52  0.05364 -9.58238e-02 | 53  0.00030  1.84264e-01 | 54  0.01763  2.51866e-01
 55 -0.01726 -1.78282e-01 | 56  0.00863 -4.84647e-02 | 57 -0.02070 -1.95859e-01
 58 -0.04303 -1.56850e-01 | 59 -0.01256  3.08971e-01 | 60 -0.02361 -9.99257e-02
 61  0.00541 -5.46469e-02 | 62  0.01070  4.45727e-02 | 63 -0.00066 -4.60506e-02
 64  0.04609  3.91122e-02 | 65  0.00213 -7.50844e-02 | 66 -0.05439 -2.22518e-01
 67 -0.01181  6.97889e-02 | 68 -0.04086 -1.82329e-01 | 69  0.00649  1.40135e-01
 70 -0.00434 -7.59515e-02 | 71  0.03380  3.35090e-02 | 72 -0.01813  6.00326e-02
 73 -0.00077  2.02433e-01 | 74  0.02369  5.72057e-02 | 75  0.01889 -4.47127e-02
 76  0.00067  7.10312e-02 | 77  0.02049  1.55167e-02 | 78 -0.01402  1.56674e-02
 79 -0.00424 -1.24811e-01 | 80 -0.04399 -2.09251e-01 | 81  0.01540 -2.08713e-01
 82  0.03460  5.21110e-02 | 83  0.00075  4.09296e-02 | 84 -0.00282  1.41507e-02
 85  0.02797  5.88451e-02 | 86  0.01203 -1.26091e-01 | 87 -0.02076  2.54916e-01
 88 -0.00090  1.03429e-01 | 89 -0.02575  4.78654e-02 | 90 -0.04218  1.98064e-01
 91  0.00705 -2.97384e-03 | 92  0.01154  1.12144e-01 | 93 -0.01923 -1.45357e-02
 94  0.00428 -4.14405e-02 | 95  0.00514  1.08777e-01 | 96 -0.01476 -5.80001e-02
 97 -0.00159  3.59823e-01 | 98  0.01317  2.71482e-01 | 99 -0.01658 -1.09835e-01
100 -0.02569  5.50687e-02 |101  0.00682  1.03284e-01 |102  0.01003  3.10215e-01
103  0.01485 -5.74549e-02 |104 -0.00211 -4.05507e-02 |105  0.00006 -6.60136e-02
106  0.00006 -6.57024e-02 |107  0.82442 -2.37829e-02 |108 -0.41056  1.50742e-01
109  0.21835 -1.30253e-01 |110 -0.25413 -6.92863e-02 |

Intermediate statistics: 110 variables; iteration 20; function evaluation 24; phase 5
Function value 2.2186846e+03; maximum gradient component mag 2.4939e+02
Var    Value     Gradient |Var    Value     Gradient |Var    Value     Gradient
  1 -0.39727 -2.92165e+00 |  2 -0.41843  2.05403e+01 |  3 -0.42607 -5.78683e+01
  4 -0.42277  7.46583e+00 |  5 -0.43393  5.52683e+01 |  6  0.63146  1.15209e+01
  7 -0.00436  4.51778e-01 |  8 -0.00329  1.22553e-01 |  9 -0.00614  8.11002e-02
 10  0.01053  9.55565e-02 | 11  0.02282  2.27005e-01 | 12 -0.00878 -5.26844e-01
 13  0.00261 -5.01945e-01 | 14 -0.00973 -3.53238e-01 | 15 -0.00149 -3.14296e-01
 16 -0.00124 -1.38905e-01 | 17  0.00279  2.63449e-02 | 18 -0.03011 -3.07646e-01
 19  0.03573  2.39061e+00 | 20 -0.00122  5.98677e-01 | 21  0.00531  1.56932e+00
 22  0.00071  2.50383e+00 | 23  0.01810  7.94997e+00 | 24 -0.05230 -3.51340e-01
 25 -0.01026  8.09881e-01 | 26 -0.02319 -3.46297e+00 | 27 -0.00718 -1.12335e+01
 28  0.00663 -4.28963e+00 | 29  0.01219 -3.67663e+00 | 30 -0.01510 -4.65183e-01
 31  0.00392 -6.10716e+00 | 32  0.01680 -5.49273e+00 | 33  0.05507  7.18599e+00
 34 -0.00261  7.99420e-01 | 35  0.04868  4.41072e+00 | 36  0.01740  1.34139e+00
 37 -0.00849  2.78265e+00 | 38  0.02673  3.98492e+00 | 39 -0.00461 -4.27013e+00
 40 -0.05364 -2.24556e+00 | 41 -0.04067 -2.96890e+00 | 42  0.02487 -6.89383e+00
 43  0.01709 -2.57594e+00 | 44  0.00774 -4.41326e+00 | 45 -0.01037 -2.30660e+00
 46  0.00787  3.39310e+00 | 47  0.01554  5.81914e+00 | 48  0.01809 -1.77882e+00
 49  0.01445  6.48913e-01 | 50 -0.00785 -4.58508e+00 | 51  0.00308 -1.49663e+00
 52  0.05283 -1.85483e+01 | 53  0.00028  2.60572e-01 | 54  0.01749 -3.77910e+00
 55 -0.01723 -2.57165e+00 | 56  0.00863 -1.15360e+00 | 57 -0.02059  6.11654e-01
 58 -0.04286 -9.31202e-01 | 59 -0.01273 -1.07100e+01 | 60 -0.02360 -6.94585e+00
 61  0.00523 -1.22830e+01 | 62  0.01035 -1.68741e+01 | 63 -0.00109 -6.96341e+00
 64  0.04625  2.10107e+01 | 65  0.00200 -8.90747e-01 | 66 -0.05435 -5.30525e-01
 67 -0.01171 -2.46343e+00 | 68 -0.04089 -5.99724e+00 | 69  0.00722  1.37307e+01
 70 -0.00422  2.63072e-02 | 71  0.03370  3.63200e+00 | 72 -0.01809  1.81106e-01
 73 -0.00069  3.65903e+00 | 74  0.02396  1.28817e+01 | 75  0.01940  1.45137e+01
 76  0.00067  5.80535e+00 | 77  0.02032  4.37290e+00 | 78 -0.01396 -8.03461e-01
 79 -0.00354  1.00429e+01 | 80 -0.04400 -4.09659e+00 | 81  0.01611  1.98246e+01
 82  0.03388 -1.05166e+01 | 83  0.00075  4.30829e+00 | 84 -0.00270  4.14919e+00
 85  0.02818  1.24969e+01 | 86  0.01174 -2.25995e+00 | 87 -0.02079  8.46009e-01
 88 -0.00051  8.80641e+00 | 89 -0.02550  3.88328e+00 | 90 -0.04248 -1.14039e+01
 91  0.00743  8.84731e+00 | 92  0.01133 -1.79374e+00 | 93 -0.01935 -2.68805e+00
 94  0.00381 -6.94545e+00 | 95  0.00469 -5.21881e+00 | 96 -0.01486  1.61076e+00
 97 -0.00203 -4.49046e+00 | 98  0.01274 -4.04884e+00 | 99 -0.01686 -2.21551e+00
100 -0.02606 -4.24447e+00 |101  0.00624 -6.44151e+00 |102  0.00983  4.65552e+00
103  0.01507  1.36423e+00 |104 -0.00269 -8.85175e-01 |105  0.00007 -6.40820e-01
106  0.00007 -6.40625e-01 |107  0.81783 -3.41682e+01 |108 -0.41016  2.49389e+02
109  0.22190 -1.38101e+01 |110 -0.25357  5.62905e+01 |
110 variables; iteration 40; function evaluation 46; phase 5
Function value 2.2182776e+03; maximum gradient component mag 6.8735e+01
Var    Value     Gradient |Var    Value     Gradient |Var    Value     Gradient
  1 -0.39451  4.61619e+00 |  2 -0.41777  6.87353e+01 |  3 -0.42685  1.07240e+01
  4 -0.42514  3.18537e+00 |  5 -0.44232  1.67785e+01 |  6  0.63098  1.94641e+01
  7 -0.00444 -3.55339e-01 |  8 -0.00334 -9.12665e-02 |  9 -0.00621 -1.98631e-01
 10  0.01054 -1.17921e-01 | 11  0.02293  1.28486e-01 | 12 -0.00857 -2.32793e-01
 13  0.00266 -6.16679e-01 | 14 -0.00992 -9.59754e-01 | 15 -0.00257 -3.31004e+00
 16 -0.00266 -4.33636e+00 | 17  0.00208 -2.44163e+00 | 18 -0.03105 -2.93801e+00
 19  0.03572  2.30216e+00 | 20 -0.00154 -7.23326e-01 | 21  0.00534  2.06729e+00
 22  0.00027  2.91522e-01 | 23  0.01757  4.11578e+00 | 24 -0.05271 -1.69727e+00
 25 -0.01093 -3.56059e+00 | 26 -0.02259  1.81413e+00 | 27 -0.00606 -6.08988e-01
 28  0.00692 -9.43033e-01 | 29  0.01244 -6.45988e-01 | 30 -0.01516 -7.64194e-01
 31  0.00428 -2.08290e+00 | 32  0.01736  1.34725e+00 | 33  0.05502  7.27876e+00
 34 -0.00278 -1.28397e+00 | 35  0.04837 -2.84479e+00 | 36  0.01740  3.53028e-01
 37 -0.00889 -1.36051e+00 | 38  0.02673  4.34692e+00 | 39 -0.00439 -2.79610e+00
 40 -0.05328 -5.19837e-01 | 41 -0.03981  3.61665e+00 | 42  0.02487 -6.25453e+00
 43  0.01731  1.92820e+00 | 44  0.00806 -6.82913e-02 | 45 -0.01017 -8.71361e-01
 46  0.00757  6.51078e-02 | 47  0.01523  2.93062e+00 | 48  0.01811 -5.93189e-01
 49  0.01450  2.40977e+00 | 50 -0.00742 -3.20012e-01 | 51  0.00323  1.30414e+00
 52  0.05305 -8.11660e+00 | 53  0.00017  3.40118e-01 | 54  0.01755 -2.21691e+00
 55 -0.01702 -6.81064e-01 | 56  0.00870  2.46343e-02 | 57 -0.02061  1.10472e+00
 58 -0.04281  7.98825e-02 | 59 -0.01211 -5.07475e-01 | 60 -0.02314 -2.20646e-01
 61  0.00545 -5.16308e+00 | 62  0.01096  5.11675e-01 | 63 -0.00091 -1.15070e-01
 64  0.04591  6.92711e+00 | 65  0.00204 -3.15465e+00 | 66 -0.05417  7.88029e-01
 67 -0.01140  3.38801e+00 | 68 -0.04042  5.43587e-02 | 69  0.00689  8.03155e-01
 70 -0.00416  1.20384e+00 | 71  0.03366  1.55831e+00 | 72 -0.01803  3.67748e-01
 73 -0.00077 -3.07335e-01 | 74  0.02357 -8.31487e-01 | 75  0.01950  1.22206e+01
 76  0.00073  6.49690e+00 | 77  0.02019  1.41206e-01 | 78 -0.01364  3.78888e+00
 79 -0.00375 -5.37841e-01 | 80 -0.04349  7.41631e-01 | 81  0.01567  2.11963e+00
 82  0.03400 -1.96300e+00 | 83  0.00091  7.73101e+00 | 84 -0.00262  4.33838e+00
 85  0.02802  2.39743e+00 | 86  0.01182 -8.59208e-01 | 87 -0.02067  5.58871e-01
 88 -0.00077 -1.94637e+00 | 89 -0.02547  1.92365e+00 | 90 -0.04187 -3.82635e+00
 91  0.00742  7.32864e+00 | 92  0.01119 -6.15161e+00 | 93 -0.01897  3.33786e+00
 94  0.00390 -2.80946e+00 | 95  0.00496  1.64398e+00 | 96 -0.01506 -3.79073e+00
 97 -0.00212 -8.09116e+00 | 98  0.01274 -4.56296e+00 | 99 -0.01656  1.81956e-01
100 -0.02550  8.84475e-01 |101  0.00682 -1.49557e+00 |102  0.00953  2.70153e+00
103  0.01504  8.21904e-02 |104 -0.00483 -4.31093e+00 |105  0.00002 -6.51435e-01
106  0.00002 -6.49970e-01 |107  0.81918 -7.70612e+00 |108 -0.41043  6.54003e+01
109  0.22088 -4.77229e+00 |110 -0.25425  1.57946e+01 |
110 variables; iteration 60; function evaluation 72; phase 5
Function value 2.2182242e+03; maximum gradient component mag 2.2015e+01
Var    Value     Gradient |Var    Value     Gradient |Var    Value     Gradient
  1 -0.39441  1.12562e+00 |  2 -0.41761  2.20154e+01 |  3 -0.42701  5.41509e+00
  4 -0.42445  6.36072e-01 |  5 -0.44491  3.01975e+00 |  6  0.63115  5.93062e+00
  7 -0.00399  7.07214e-01 |  8 -0.00339 -1.33739e-01 |  9 -0.00651 -6.60650e-01
 10  0.01016 -7.33028e-01 | 11  0.02316  6.86101e-01 | 12 -0.00840  5.30608e-01
 13  0.00288  3.53425e-01 | 14 -0.00974 -9.10677e-02 | 15 -0.00143  1.35638e-01
 16 -0.00088  1.23391e+00 | 17  0.00229 -1.14182e+00 | 18 -0.02995  6.70680e-01
 19  0.03490 -1.46709e+00 | 20 -0.00147  4.68085e-01 | 21  0.00482  1.52233e-01
 22  0.00004 -6.63086e-02 | 23  0.01686 -8.10048e-01 | 24 -0.05242  3.50387e-01
 25 -0.01044  1.55677e+00 | 26 -0.02287  4.85209e-01 | 27 -0.00623 -1.69690e+00
 28  0.00692 -1.29118e-01 | 29  0.01244  4.40154e-01 | 30 -0.01525 -5.45488e-01
 31  0.00444  7.55800e-01 | 32  0.01719 -1.45183e-01 | 33  0.05468  1.62701e+00
 34 -0.00277 -1.85229e-01 | 35  0.04833 -1.51482e+00 | 36  0.01723 -7.18066e-01
 37 -0.00896 -8.87716e-01 | 38  0.02643  7.03895e-01 | 39 -0.00426 -3.91465e-01
 40 -0.05333 -2.64933e-01 | 41 -0.04038 -9.15877e-02 | 42  0.02506 -9.85000e-01
 43  0.01713  7.63170e-01 | 44  0.00800  3.34180e-01 | 45 -0.01020 -2.43100e-01
 46  0.00748  2.70702e-01 | 47  0.01492 -1.74382e-01 | 48  0.01799 -1.10618e+00
 49  0.01423 -4.42858e-01 | 50 -0.00744  9.88169e-02 | 51  0.00302 -3.25418e-01
 52  0.05318 -1.70254e+00 | 53  0.00008  4.75389e-01 | 54  0.01766  1.15731e+00
 55 -0.01704 -1.11039e-01 | 56  0.00861 -3.24122e-01 | 57 -0.02079 -1.60971e-01
 58 -0.04290  9.54134e-02 | 59 -0.01218 -6.11170e-01 | 60 -0.02326 -6.59200e-01
 61  0.00559 -7.62653e-02 | 62  0.01087  4.77601e-01 | 63 -0.00104 -9.68806e-01
 64  0.04571  9.68517e-01 | 65  0.00215  1.49968e+00 | 66 -0.05428  1.87980e-01
 67 -0.01157  3.70587e-01 | 68 -0.04046  1.84062e-01 | 69  0.00678 -1.25440e+00
 70 -0.00423  9.68905e-01 | 71  0.03357  2.23214e-01 | 72 -0.01810  2.36715e-01
 73 -0.00077  1.08528e+00 | 74  0.02357  9.27088e-01 | 75  0.01909 -6.68711e-01
 76  0.00056  3.04774e+00 | 77  0.02014  9.04010e-02 | 78 -0.01390 -7.30225e-01
 79 -0.00369  1.30832e+00 | 80 -0.04366 -8.10396e-01 | 81  0.01559  1.11099e+00
 82  0.03395 -3.45838e-01 | 83  0.00060  8.97279e-01 | 84 -0.00291 -1.94412e+00
 85  0.02794  6.19898e-01 | 86  0.01176 -9.74555e-01 | 87 -0.02078 -3.88077e-01
 88 -0.00075  2.43644e-02 | 89 -0.02564  1.47821e-01 | 90 -0.04172 -8.18612e-01
 91  0.00715  7.72948e-01 | 92  0.01127 -1.07593e+00 | 93 -0.01914  1.51742e+00
 94  0.00400  2.44741e+00 | 95  0.00480 -6.91671e-01 | 96 -0.01503 -1.60524e+00
 97 -0.00191 -1.45325e+00 | 98  0.01284  4.59903e-01 | 99 -0.01664 -3.31528e-01
100 -0.02561  1.15365e-01 |101  0.00688 -8.84010e-01 |102  0.00908 -7.57386e-01
103  0.01509  3.78091e-01 |104 -0.00214  3.59045e-01 |105  0.00038  2.72439e-01
106  0.00037  2.69040e-01 |107  0.81794 -1.06402e+00 |108 -0.41072  1.01784e+01
109  0.22077 -5.13193e-01 |110 -0.25435  2.63168e+00 |
110 variables; iteration 80; function evaluation 97; phase 5
Function value 2.2182203e+03; maximum gradient component mag -9.2883e-01
Var    Value     Gradient |Var    Value     Gradient |Var    Value     Gradient
  1 -0.39435 -1.44450e-01 |  2 -0.41758 -3.66275e-01 |  3 -0.42707 -3.08503e-01
  4 -0.42424 -3.91398e-02 |  5 -0.44540  1.82463e-03 |  6  0.63106 -1.37367e-01
  7 -0.00443 -3.61096e-01 |  8 -0.00330 -4.31915e-02 |  9 -0.00613 -6.06224e-02
 10  0.01066  9.41111e-02 | 11  0.02279 -1.44405e-01 | 12 -0.00876 -9.00883e-02
 13  0.00252 -3.51776e-01 | 14 -0.00973  3.40396e-02 | 15 -0.00154 -6.76212e-02
 16 -0.00131  9.42380e-02 | 17  0.00267  1.48588e-01 | 18 -0.03021  5.02768e-02
 19  0.03521  3.89138e-01 | 20 -0.00164 -2.57366e-01 | 21  0.00477 -6.19309e-02
 22 -0.00001 -3.05263e-01 | 23  0.01697  1.80029e-01 | 24 -0.05243  4.10686e-01
 25 -0.01067 -3.34658e-01 | 26 -0.02295 -1.00961e-01 | 27 -0.00605  6.71880e-02
 28  0.00694  1.13359e-02 | 29  0.01242 -5.33497e-02 | 30 -0.01518  1.15022e-01
 31  0.00437 -3.60427e-01 | 32  0.01727  5.05478e-01 | 33  0.05463 -5.29640e-02
 34 -0.00274  1.48197e-02 | 35  0.04842 -8.59496e-02 | 36  0.01729  5.84138e-03
 37 -0.00887 -1.19574e-01 | 38  0.02642  2.20914e-01 | 39 -0.00416  5.41211e-01
 40 -0.05333 -3.48112e-01 | 41 -0.04041 -3.29444e-01 | 42  0.02515  3.16684e-01
 43  0.01710 -1.34983e-01 | 44  0.00801  1.21387e-01 | 45 -0.01016  3.99432e-02
 46  0.00748 -2.19103e-02 | 47  0.01495 -8.53254e-02 | 48  0.01809  1.14079e-01
 49  0.01432  6.10070e-01 | 50 -0.00743 -4.22771e-02 | 51  0.00307  8.49553e-02
 52  0.05325 -3.46994e-01 | 53  0.00006 -2.03166e-02 | 54  0.01764  1.14687e-01
 55 -0.01698  3.04146e-01 | 56  0.00866 -7.04985e-02 | 57 -0.02075  1.81452e-02
 58 -0.04291 -1.90126e-01 | 59 -0.01210  2.41083e-01 | 60 -0.02318  8.43268e-02
 61  0.00561 -3.61172e-01 | 62  0.01088 -6.48714e-02 | 63 -0.00098 -2.44664e-01
 64  0.04572 -1.41543e-01 | 65  0.00214  3.79228e-01 | 66 -0.05427 -1.85632e-02
 67 -0.01154  1.60939e-01 | 68 -0.04047 -4.21475e-01 | 69  0.00685 -1.83774e-01
 70 -0.00424  1.43263e-02 | 71  0.03360 -7.88732e-02 | 72 -0.01808  5.56542e-02
 73 -0.00078 -6.25846e-02 | 74  0.02358 -6.25702e-02 | 75  0.01915 -1.98507e-01
 76  0.00050  7.34784e-01 | 77  0.02016 -1.62574e-01 | 78 -0.01383  5.21120e-02
 79 -0.00369  5.74232e-01 | 80 -0.04359 -2.07386e-01 | 81  0.01559 -1.24012e-01
 82  0.03399 -6.34788e-02 | 83  0.00060  1.28523e-01 | 84 -0.00282 -4.69463e-01
 85  0.02795 -3.17146e-02 | 86  0.01181 -1.44245e-01 | 87 -0.02073  1.00243e-01
 88 -0.00074 -3.01871e-01 | 89 -0.02562 -2.88059e-02 | 90 -0.04163  1.69162e-01
 91  0.00715 -6.64650e-02 | 92  0.01133 -1.10571e-01 | 93 -0.01918  4.35889e-02
 94  0.00397  8.23378e-01 | 95  0.00482 -9.28826e-01 | 96 -0.01494  1.52798e-02
 97 -0.00184 -1.23047e-01 | 98  0.01286  4.91921e-01 | 99 -0.01659  8.64515e-02
100 -0.02560  5.95485e-02 |101  0.00698  4.20295e-02 |102  0.00917 -1.28780e-02
103  0.01501  2.57816e-02 |104 -0.00246 -4.10287e-03 |105 -0.00003 -1.93397e-01
106 -0.00003 -1.92037e-01 |107  0.81772  8.98579e-02 |108 -0.41077 -1.16718e-01
109  0.22062 -7.43025e-02 |110 -0.25441 -3.43548e-02 |
110 variables; iteration 100; function evaluation 129; phase 5
Function value 2.2182200e+03; maximum gradient component mag 3.1801e-02
Var    Value     Gradient |Var    Value     Gradient |Var    Value     Gradient
  1 -0.39433 -1.20822e-03 |  2 -0.41758 -3.01555e-02 |  3 -0.42708 -4.42286e-03
  4 -0.42418 -9.58824e-04 |  5 -0.44542 -4.02777e-03 |  6  0.63107 -1.29220e-02
  7 -0.00428  1.65974e-03 |  8 -0.00329  7.91401e-04 |  9 -0.00609  6.99864e-03
 10  0.01059  1.08845e-03 | 11  0.02285 -3.33224e-03 | 12 -0.00872 -8.34877e-04
 13  0.00268  4.82266e-03 | 14 -0.00975  1.54593e-03 | 15 -0.00152  4.54774e-03
 16 -0.00135 -4.06096e-03 | 17  0.00262  2.50226e-03 | 18 -0.03023 -2.46293e-03
 19  0.03514  4.48486e-03 | 20 -0.00158  2.42411e-03 | 21  0.00478 -1.78231e-03
 22  0.00004 -5.43933e-03 | 23  0.01695 -1.96632e-03 | 24 -0.05252 -1.60758e-03
 25 -0.01064 -6.76604e-03 | 26 -0.02294 -9.18803e-04 | 27 -0.00605  2.17958e-03
 28  0.00694  1.27810e-02 | 29  0.01242  6.67446e-03 | 30 -0.01519  1.01304e-02
 31  0.00439 -3.68248e-03 | 32  0.01723  3.50959e-03 | 33  0.05463  6.86889e-03
 34 -0.00274 -2.84243e-03 | 35  0.04842  6.74112e-03 | 36  0.01729  1.79085e-02
 37 -0.00886 -7.39619e-03 | 38  0.02641  8.34542e-03 | 39 -0.00421  1.28707e-03
 40 -0.05328 -1.32688e-03 | 41 -0.04037 -5.71832e-03 | 42  0.02513  8.30947e-03
 43  0.01710 -9.16111e-03 | 44  0.00800  5.44074e-03 | 45 -0.01016  1.64141e-03
 46  0.00747 -2.59854e-03 | 47  0.01495  6.39711e-03 | 48  0.01808 -3.73951e-03
 49  0.01427  1.10909e-03 | 50 -0.00743 -1.08788e-02 | 51  0.00306  3.97567e-03
 52  0.05326 -4.12016e-03 | 53  0.00006  2.35052e-04 | 54  0.01763 -2.58183e-03
 55 -0.01701 -4.70026e-03 | 56  0.00865 -1.70996e-02 | 57 -0.02076  1.02427e-02
 58 -0.04289  5.87960e-03 | 59 -0.01212  2.68176e-04 | 60 -0.02319 -1.35061e-03
 61  0.00562  2.23859e-03 | 62  0.01087 -1.67286e-02 | 63 -0.00098 -1.31535e-02
 64  0.04572 -4.55443e-03 | 65  0.00213 -4.05332e-03 | 66 -0.05428 -1.32451e-02
 67 -0.01155  1.27421e-02 | 68 -0.04045 -4.07328e-03 | 69  0.00685 -9.10767e-03
 70 -0.00424  3.01591e-02 | 71  0.03360 -5.16512e-03 | 72 -0.01809  1.25940e-02
 73 -0.00078  1.17048e-02 | 74  0.02357 -4.48622e-03 | 75  0.01915 -3.40753e-03
 76  0.00047 -1.77878e-03 | 77  0.02016 -3.55564e-03 | 78 -0.01384 -1.45267e-03
 79 -0.00372 -1.26756e-02 | 80 -0.04358 -4.62488e-03 | 81  0.01559 -4.16469e-03
 82  0.03399 -1.67486e-03 | 83  0.00059 -6.15102e-03 | 84 -0.00280 -5.27934e-03
 85  0.02795 -1.65903e-03 | 86  0.01181 -8.68635e-04 | 87 -0.02074 -6.38632e-03
 88 -0.00073 -5.20464e-03 | 89 -0.02562  4.34973e-04 | 90 -0.04165  3.31574e-03
 91  0.00715 -2.64945e-03 | 92  0.01133 -9.97276e-04 | 93 -0.01919 -2.50827e-03
 94  0.00394  1.05512e-02 | 95  0.00485 -9.93980e-03 | 96 -0.01495 -5.83588e-03
 97 -0.00183  5.62977e-04 | 98  0.01284  1.59240e-02 | 99 -0.01660  7.19303e-03
100 -0.02561 -7.82335e-04 |101  0.00697  4.39601e-03 |102  0.00917  1.34657e-03
103  0.01500 -4.68761e-04 |104 -0.00245  9.46685e-04 |105  0.00010  1.79442e-03
106  0.00010  1.79043e-03 |107  0.81763  5.34936e-03 |108 -0.41078  3.18011e-02
109  0.22065  4.74764e-04 |110 -0.25440 -2.73005e-03 |

 - final statistics:
110 variables; iteration 119; function evaluation 159
Function value 2.2182e+03; maximum gradient component mag 6.1101e-06
Exit code = 1;  converg criter 1.0000e-04
Var    Value     Gradient |Var    Value     Gradient |Var    Value     Gradient
  1 -0.39433  1.10598e-06 |  2 -0.41758 -2.96245e-06 |  3 -0.42708  8.77608e-07
  4 -0.42418  9.22210e-08 |  5 -0.44542 -1.70935e-07 |  6  0.63107 -3.14583e-06
  7 -0.00428 -6.54818e-08 |  8 -0.00329 -1.31724e-08 |  9 -0.00610 -1.73296e-07
 10  0.01059 -6.19830e-08 | 11  0.02285  3.05048e-08 | 12 -0.00872  1.36620e-07
 13  0.00268 -3.73348e-08 | 14 -0.00975  7.75341e-08 | 15 -0.00152 -1.08636e-07
 16 -0.00134  1.29251e-07 | 17  0.00262 -2.04167e-08 | 18 -0.03023  1.50308e-08
 19  0.03514 -1.62154e-07 | 20 -0.00159 -9.14790e-08 | 21  0.00478  2.67893e-08
 22  0.00004  6.40922e-08 | 23  0.01695 -7.52316e-08 | 24 -0.05252  4.71647e-09
 25 -0.01063  7.75108e-08 | 26 -0.02294  9.92904e-08 | 27 -0.00605  1.72089e-07
 28  0.00694  5.99847e-08 | 29  0.01242 -1.95508e-07 | 30 -0.01519 -8.03905e-08
 31  0.00439  1.59070e-07 | 32  0.01723 -4.02784e-08 | 33  0.05463 -3.88085e-07
 34 -0.00274  8.54030e-08 | 35  0.04842 -3.00875e-07 | 36  0.01729 -2.34069e-07
 37 -0.00886  3.92690e-08 | 38  0.02641 -3.27879e-07 | 39 -0.00421  4.34610e-08
 40 -0.05328  1.32855e-07 | 41 -0.04037  2.33826e-07 | 42  0.02513 -1.82468e-07
 43  0.01710 -6.39143e-08 | 44  0.00800  2.51755e-07 | 45 -0.01016  2.29627e-07
 46  0.00747 -2.07201e-07 | 47  0.01495 -1.71018e-07 | 48  0.01808 -1.96478e-07
 49  0.01427 -3.63051e-07 | 50 -0.00743  3.09879e-08 | 51  0.00306 -1.92950e-07
 52  0.05326 -3.17921e-08 | 53  0.00006  6.44959e-07 | 54  0.01763 -1.54515e-07
 55 -0.01701 -5.13790e-08 | 56  0.00866  2.05695e-07 | 57 -0.02076 -4.28981e-09
 58 -0.04289  2.55445e-08 | 59 -0.01212 -2.57889e-07 | 60 -0.02319  3.59052e-07
 61  0.00562 -1.51023e-07 | 62  0.01087  1.73784e-07 | 63 -0.00098  1.59324e-07
 64  0.04572 -2.59168e-07 | 65  0.00213 -7.03329e-08 | 66 -0.05427  1.49377e-07
 67 -0.01155 -3.42801e-07 | 68 -0.04045 -5.02608e-08 | 69  0.00685  1.89870e-07
 70 -0.00424 -7.13421e-07 | 71  0.03360 -5.16075e-08 | 72 -0.01809 -6.69926e-08
 73 -0.00078 -3.50017e-07 | 74  0.02357 -9.95598e-08 | 75  0.01915  2.35795e-09
 76  0.00047 -8.52020e-08 | 77  0.02016 -1.76605e-09 | 78 -0.01384 -4.65732e-08
 79 -0.00372  1.88866e-07 | 80 -0.04358  1.49986e-07 | 81  0.01559 -5.69743e-08
 82  0.03399  4.27142e-08 | 83  0.00059  7.02634e-08 | 84 -0.00280  6.56419e-08
 85  0.02795 -4.19081e-08 | 86  0.01181  1.11309e-07 | 87 -0.02074 -5.71127e-09
 88 -0.00073  6.21613e-08 | 89 -0.02562 -2.99921e-08 | 90 -0.04165  1.28527e-07
 91  0.00715  1.39453e-10 | 92  0.01133  1.38671e-07 | 93 -0.01919  1.44609e-08
 94  0.00394 -2.81120e-07 | 95  0.00485  2.72890e-07 | 96 -0.01495  2.12449e-07
 97 -0.00183  2.57098e-07 | 98  0.01284 -1.50151e-07 | 99 -0.01660 -1.83125e-07
100 -0.02561  3.13752e-07 |101  0.00697  3.39383e-07 |102  0.00917  1.09159e-07
103  0.01500  1.49151e-07 |104 -0.00245  1.84557e-07 |105  0.00010  6.07938e-08
106  0.00010  6.80290e-08 |107  0.81762 -5.09134e-07 |108 -0.41079  6.11010e-06
109  0.22065 -6.17619e-07 |110 -0.25440  1.45801e-06 |

 - final statistics:
122 variables; iteration 0; function evaluation 0
Function value 2.2182e+03; maximum gradient component mag 6.1102e-06
Exit code = 0;  converg criter 1.0000e-04
Var    Value     Gradient |Var    Value     Gradient |Var    Value     Gradient
  1 -0.39433  1.10602e-06 |  2 -0.41758 -2.96201e-06 |  3 -0.42708  8.77784e-07
  4 -0.42418  9.22307e-08 |  5 -0.44542 -1.70914e-07 |  6  0.63107 -3.14572e-06
  7 -0.00428 -6.54816e-08 |  8 -0.00329 -1.31723e-08 |  9 -0.00610 -1.73296e-07
 10  0.01059 -6.19829e-08 | 11  0.02285  3.05049e-08 | 12 -0.00872  1.37245e-07
 13  0.00268 -3.67092e-08 | 14 -0.00975  7.81596e-08 | 15 -0.00152 -1.08011e-07
 16 -0.00134  1.29877e-07 | 17  0.00262 -1.97910e-08 | 18 -0.03023  1.56556e-08
 19  0.03514 -1.61530e-07 | 20 -0.00159 -9.08535e-08 | 21  0.00478  2.74149e-08
 22  0.00004  6.47169e-08 | 23  0.01695 -7.46066e-08 | 24 -0.05252  5.33975e-09
 25 -0.01063  7.81362e-08 | 26 -0.02294  9.99159e-08 | 27 -0.00605  1.72715e-07
 28  0.00694  6.06111e-08 | 29  0.01242 -1.94882e-07 | 30 -0.01519 -7.97643e-08
 31  0.00439  1.59698e-07 | 32  0.01723 -3.96512e-08 | 33  0.05463 -3.87460e-07
 34 -0.00274  8.60296e-08 | 35  0.04842 -3.00248e-07 | 36  0.01729 -2.33441e-07
 37 -0.00886  3.98952e-08 | 38  0.02641 -3.27253e-07 | 39 -0.00421  4.40874e-08
 40 -0.05328  1.33478e-07 | 41 -0.04037  2.34451e-07 | 42  0.02513 -1.81843e-07
 43  0.01710 -6.32847e-08 | 44  0.00800  2.52383e-07 | 45 -0.01016  2.30254e-07
 46  0.00747 -2.06573e-07 | 47  0.01495 -1.70388e-07 | 48  0.01808 -1.95849e-07
 49  0.01427 -3.62423e-07 | 50 -0.00743  3.16164e-08 | 51  0.00306 -1.92322e-07
 52  0.05326 -3.11602e-08 | 53  0.00006  6.45588e-07 | 54  0.01763 -1.53884e-07
 55 -0.01701 -5.07502e-08 | 56  0.00866  2.06328e-07 | 57 -0.02076 -3.66083e-09
 58 -0.04289  2.61715e-08 | 59 -0.01212 -2.57258e-07 | 60 -0.02319  3.59682e-07
 61  0.00562 -1.50390e-07 | 62  0.01087  1.74417e-07 | 63 -0.00098  1.59956e-07
 64  0.04572 -2.58531e-07 | 65  0.00213 -6.97030e-08 | 66 -0.05427  1.50002e-07
 67 -0.01155 -3.42171e-07 | 68 -0.04045 -4.96329e-08 | 69  0.00685  1.90504e-07
 70 -0.00424 -7.12790e-07 | 71  0.03360 -5.09684e-08 | 72 -0.01809 -6.63626e-08
 73 -0.00078 -3.49385e-07 | 74  0.02357 -9.89252e-08 | 75  0.01915  2.99018e-09
 76  0.00047 -8.45749e-08 | 77  0.02016 -1.13464e-09 | 78 -0.01384 -4.59436e-08
 79 -0.00372  1.89496e-07 | 80 -0.04358  1.50613e-07 | 81  0.01559 -5.63396e-08
 82  0.03399  4.33468e-08 | 83  0.00059  7.08930e-08 | 84 -0.00280  6.62714e-08
 85  0.02795 -4.12813e-08 | 86  0.01181  1.11939e-07 | 87 -0.02074 -5.08365e-09
 88 -0.00073  6.27907e-08 | 89 -0.02562 -2.93648e-08 | 90 -0.04165  1.29154e-07
 91  0.00715  7.69527e-10 | 92  0.01133  1.39299e-07 | 93 -0.01919  1.50881e-08
 94  0.00394 -2.80492e-07 | 95  0.00485  2.73517e-07 | 96 -0.01495  2.13075e-07
 97 -0.00183  2.57725e-07 | 98  0.01284 -1.49523e-07 | 99 -0.01660 -1.82498e-07
100 -0.02561  3.14378e-07 |101  0.00697  3.40011e-07 |102  0.00917  1.09785e-07
103  0.01500  1.49777e-07 |104 -0.00245  1.85183e-07 |105  0.00010  6.14191e-08
106  0.00010  6.86544e-08 |107  0.00000  0.00000e+00 |108  0.00000  0.00000e+00
109  0.00000  0.00000e+00 |110  0.00000  0.00000e+00 |111  0.00000  0.00000e+00
112  0.00000  0.00000e+00 |113  0.00000  0.00000e+00 |114  0.00000  0.00000e+00
115  0.00000  0.00000e+00 |116  0.00000  0.00000e+00 |117  0.00000  0.00000e+00
118  0.00000  0.00000e+00 |119  0.81762 -5.09148e-07 |120 -0.41079  6.11020e-06
121  0.22065 -6.17627e-07 |122 -0.25440  1.45803e-06 |
size of file gradfil1.tmp = 0
size of file gradfil2.tmp = 0
size of file varssave.tmp = 0
size of file cmpdiff.tmp = 0
