
Initial statistics: 1 variables; iteration 0; function evaluation 0; phase 1
Function value 3.8472342e+03; maximum gradient component mag -6.0893e+03
Var    Value     Gradient |Var    Value     Gradient |Var    Value     Gradient
  1  0.63197 -6.08930e+03 |

 - final statistics:
1 variables; iteration 4; function evaluation 7
Function value 3.8182e+03; maximum gradient component mag -2.9131e+00
Exit code = 1;  converg criter 1.0000e+01
Var    Value     Gradient |Var    Value     Gradient |Var    Value     Gradient
  1  0.64235 -2.91310e+00 |

Initial statistics: 98 variables; iteration 0; function evaluation 0; phase 2
Function value 3.8181518e+03; maximum gradient component mag -8.2516e+03
Var    Value     Gradient |Var    Value     Gradient |Var    Value     Gradient
  1  0.64235 -2.91310e+00 |  2  0.00000 -1.10655e+02 |  3  0.00000 -1.17536e+02
  4  0.00000 -4.06110e+01 |  5  0.00000 -2.69622e+01 |  6  0.00000 -2.62478e+01
  7  0.00000 -6.93750e+01 |  8  0.00000 -4.57550e+01 |  9  0.00000 -1.39855e+02
 10  0.00000 -5.84977e+01 | 11  0.00000  7.64360e+01 | 12  0.00000 -6.36296e+01
 13  0.00000 -3.73618e+01 | 14  0.00000 -8.29122e-01 | 15  0.00000  9.13992e+01
 16  0.00000  2.47465e+02 | 17  0.00000 -1.48000e+02 | 18  0.00000 -5.96748e+02
 19  0.00000 -2.97083e+02 | 20  0.00000 -3.73055e+02 | 21  0.00000  1.00986e+02
 22  0.00000  1.47224e+01 | 23  0.00000 -4.01443e+01 | 24  0.00000 -4.32664e+02
 25  0.00000 -3.99400e+02 | 26  0.00000 -1.54775e+02 | 27  0.00000 -4.58178e-01
 28  0.00000 -2.90264e+02 | 29  0.00000 -5.48287e+01 | 30  0.00000  9.42972e+01
 31  0.00000  3.42333e+02 | 32  0.00000 -3.11855e+02 | 33  0.00000  1.00776e+02
 34  0.00000 -1.95915e+02 | 35  0.00000  2.43285e+02 | 36  0.00000  2.37451e+02
 37  0.00000  1.46819e+02 | 38  0.00000 -1.20443e+03 | 39  0.00000  5.14765e+02
 40  0.00000  6.11159e+02 | 41  0.00000 -5.37778e+02 | 42  0.00000 -6.19250e+01
 43  0.00000  2.92790e+02 | 44  0.00000  1.89567e+02 | 45  0.00000 -2.24294e+02
 46  0.00000  3.17325e+02 | 47  0.00000  9.84521e+01 | 48  0.00000  2.48791e+02
 49  0.00000  3.18868e+02 | 50  0.00000 -3.95479e+02 | 51  0.00000 -1.17936e+02
 52  0.00000 -1.49498e+01 | 53  0.00000  6.75357e+02 | 54  0.00000 -1.63026e+01
 55  0.00000 -1.18837e+03 | 56  0.00000  5.44553e+02 | 57  0.00000  1.10539e+02
 58  0.00000 -2.08714e+02 | 59  0.00000 -9.23701e+01 | 60  0.00000  2.42021e+02
 61  0.00000 -4.09347e+02 | 62  0.00000  1.80421e+02 | 63  0.00000 -2.09763e+02
 64  0.00000  3.02380e+02 | 65  0.00000 -2.55257e+02 | 66  0.00000  1.04807e+03
 67  0.00000 -8.25161e+03 | 68  0.00000  5.90886e+03 | 69  0.00000 -4.81592e+03
 70  0.00000  1.20040e+03 | 71  0.00000  5.35300e+03 | 72  0.00000  2.66460e+03
 73  0.00000 -5.00961e+02 | 74  0.00000  1.26448e+03 | 75  0.00000  3.29134e+03
 76  0.00000 -1.24597e+02 | 77  0.00000 -7.87560e+02 | 78  0.00000  1.24229e+03
 79  0.00000 -3.76044e+03 | 80  0.00000  1.83640e+03 | 81  0.00000  3.18473e+03
 82  0.00000 -7.73442e+03 | 83  0.00000 -5.72016e+03 | 84  0.00000  6.04155e+02
 85  0.00000  3.99943e+03 | 86  0.00000  1.35511e+03 | 87  0.00000 -1.07130e+03
 88  0.00000  2.99681e+02 | 89  0.00000  1.35583e+03 | 90  0.00000 -1.32668e+03
 91  0.00000  4.60368e+03 | 92  0.00000 -3.27458e+02 | 93  0.00000 -3.62060e+03
 94  0.00000 -2.95757e+03 | 95  0.00000  2.11348e+01 | 96  0.00000  4.39252e+03
 97  0.14825  2.76367e+01 | 98 -0.09833  7.46121e+02 |

Intermediate statistics: 98 variables; iteration 20; function evaluation 28; phase 2
Function value 3.4618098e+03; maximum gradient component mag -8.1470e+03
Var    Value     Gradient |Var    Value     Gradient |Var    Value     Gradient
  1  0.64508  6.42068e+02 |  2  0.04661  4.64171e+00 |  3  0.04342 -2.78454e+00
  4 -0.00317 -5.03372e+01 |  5 -0.01098 -5.80777e+01 |  6 -0.00982 -5.71201e+01
  7  0.00622 -5.14712e+01 |  8 -0.00122 -5.41011e+01 |  9  0.01156 -9.45882e+01
 10  0.00095 -6.08817e+01 | 11 -0.02115 -3.16418e+01 | 12  0.00305 -5.67282e+01
 13  0.00127 -4.37507e+01 | 14 -0.00181 -3.36587e+01 | 15 -0.01122 -2.33314e+01
 16 -0.02571  7.01689e+00 | 17  0.00887 -3.90569e+01 | 18  0.02937 -1.40121e+02
 19  0.01444 -8.21995e+01 | 20  0.01928 -9.61150e+01 | 21 -0.00958 -1.77632e+01
 22  0.00040  3.44029e+00 | 23  0.00246 -1.18669e+01 | 24  0.02095 -1.08864e+02
 25  0.01899 -1.02199e+02 | 26  0.00759 -4.06883e+01 | 27 -0.00072 -9.33287e+00
 28  0.01321 -8.26978e+01 | 29  0.00312 -1.62911e+01 | 30 -0.00403  2.12014e+01
 31 -0.02631  1.45914e+01 | 32  0.01418 -7.80527e+01 | 33 -0.00801  2.84366e+00
 34  0.00818 -5.21248e+01 | 35 -0.01393  4.35185e+01 | 36 -0.01381  4.12810e+01
 37 -0.01136  6.07772e+00 | 38  0.03396 -5.14003e+02 | 39 -0.04149  3.53908e+01
 40 -0.04693  6.63645e+01 | 41  0.02214 -9.47630e+01 | 42  0.00102 -2.03503e+01
 43 -0.01721  5.20865e+01 | 44 -0.01070  4.00887e+01 | 45  0.00869 -5.12366e+01
 46 -0.01697  7.02484e+01 | 47 -0.00413  3.60515e+01 | 48 -0.00994  8.21068e+01
 49 -0.01267  1.05329e+02 | 50  0.01010 -1.51315e+02 | 51  0.00279 -3.41664e+01
 52  0.00167  3.29114e+01 | 53 -0.01804  2.51500e+02 | 54 -0.00028  4.67372e+00
 55  0.01711 -5.82470e+02 | 56 -0.01074  2.78285e+02 | 57 -0.00114  9.97898e+01
 58  0.00434 -5.13291e+01 | 59  0.00202  8.52427e-02 | 60 -0.00404  1.69872e+02
 61  0.00808 -1.22794e+02 | 62 -0.00324  1.34152e+02 | 63  0.00335 -7.82621e+01
 64 -0.00611  1.82540e+02 | 65  0.00413 -9.91651e+01 | 66 -0.00223  8.19652e+02
 67  0.00054 -8.14703e+03 | 68 -0.00349  5.52119e+03 | 69 -0.00082 -4.87809e+03
 70 -0.00074  1.15070e+03 | 71  0.00006  5.40736e+03 | 72  0.00164  2.92224e+03
 73  0.00064 -3.73984e+02 | 74  0.00023  1.33677e+03 | 75  0.00069  3.41895e+03
 76 -0.00035 -1.30464e+02 | 77 -0.00003 -7.51918e+02 | 78  0.00009  1.29199e+03
 79 -0.00093 -3.83863e+03 | 80  0.00012  1.88633e+03 | 81 -0.00312  2.83848e+03
 82 -0.00016 -7.72587e+03 | 83 -0.00054 -5.75532e+03 | 84 -0.00184  4.10968e+02
 85 -0.00121  3.88060e+03 | 86  0.00065  1.46392e+03 | 87  0.00014 -1.02740e+03
 88 -0.00110  1.90317e+02 | 89 -0.00224  1.11491e+03 | 90  0.00208 -1.07952e+03
 91 -0.01188  3.30400e+03 | 92  0.00145 -1.64109e+02 | 93  0.01049 -2.53571e+03
 94  0.01006 -1.94889e+03 | 95  0.00003  2.25505e+01 | 96 -0.01477  2.91021e+03
 97  0.14602 -6.10318e+01 | 98 -0.09865  6.38601e+02 |
98 variables; iteration 40; function evaluation 52; phase 2
Function value 2.2412631e+03; maximum gradient component mag 3.7670e+03
Var    Value     Gradient |Var    Value     Gradient |Var    Value     Gradient
  1  0.64228  3.76705e+03 |  2 -0.01684 -2.43919e+02 |  3  0.06798 -1.27391e+01
  4  0.03215 -4.64820e+01 |  5  0.03062 -2.92798e+01 |  6  0.02226 -5.01393e+01
  7  0.05061  4.92823e+01 |  8  0.01460 -8.57596e+01 |  9 -0.05855 -4.28760e+02
 10 -0.02166 -2.50278e+02 | 11 -0.10065 -3.66234e+02 | 12  0.02006 -3.09843e+01
 13  0.02593  6.47295e+01 | 14  0.02028  6.53893e+01 | 15 -0.00766 -9.85065e+01
 16 -0.03529 -1.69193e+02 | 17 -0.00806 -3.64863e+02 | 18  0.01252 -5.51789e+02
 19  0.02217 -7.51931e+01 | 20  0.03807  1.53343e+02 | 21  0.01146  1.47169e+02
 22 -0.02271 -3.57890e+02 | 23 -0.02027 -3.80428e+02 | 24  0.03045 -3.68694e+01
 25  0.02723 -5.25376e+01 | 26 -0.00146 -2.70224e+02 | 27 -0.01147 -2.47874e+02
 28  0.02791  1.02449e+02 | 29 -0.00129 -1.84324e+02 | 30 -0.02026 -2.79363e+02
 31  0.00080  2.45844e+02 | 32  0.01250 -2.05232e+02 | 33 -0.00086  1.57152e+00
 34  0.01285 -7.38802e+01 | 35 -0.01031 -1.28335e+01 | 36 -0.01264 -4.33763e+01
 37 -0.00659 -1.45904e+01 | 38  0.05330 -4.49746e+00 | 39 -0.05074 -1.30360e+02
 40 -0.09042 -3.05822e+02 | 41  0.02520 -8.77664e+01 | 42  0.00720  3.71019e+01
 43 -0.00668  1.45041e+02 | 44 -0.01977 -1.50219e+02 | 45 -0.01753 -5.37516e+02
 46 -0.01341  6.32409e+01 | 47 -0.00527 -2.07264e+01 | 48 -0.01639 -6.51304e+01
 49 -0.02932 -1.85826e+02 | 50  0.02491  2.75683e+02 | 51  0.00842  9.78259e+01
 52  0.00374  4.34470e+01 | 53 -0.03178 -9.06286e+01 | 54 -0.01201 -3.71167e+02
 55  0.03551  2.41569e+02 | 56 -0.01847  6.12322e+01 | 57  0.01594  6.85381e+02
 58  0.02057  5.74979e+02 | 59  0.01401  4.32135e+02 | 60  0.00121  2.98857e+02
 61 -0.00927 -6.52377e+02 | 62 -0.00185  1.36418e+02 | 63  0.00169 -1.36675e+02
 64 -0.00936  8.00618e+01 | 65  0.00697  1.54947e+01 | 66 -0.00873  1.37783e+02
 67  0.05035 -1.08532e+03 | 68 -0.04997  2.12281e+02 | 69  0.03145 -4.50293e+02
 70 -0.00463  7.00936e+02 | 71 -0.03541  1.06945e+03 | 72 -0.02381 -2.77347e+02
 73  0.00097 -2.96595e+02 | 74 -0.00078  1.24052e+03 | 75 -0.02444  3.33130e+02
 76 -0.00212 -3.31243e+02 | 77  0.00671  1.40626e+02 | 78 -0.00844  2.70476e+02
 79  0.03328  7.88485e+02 | 80 -0.00593  1.12689e+03 | 81 -0.02624  1.39760e+02
 82  0.05292 -4.71239e+02 | 83  0.03963 -4.32109e+02 | 84 -0.00890 -4.23636e+02
 85 -0.03431 -7.52233e+01 | 86 -0.00899  1.54327e+02 | 87  0.00638 -3.99135e+02
 88 -0.00300 -1.67868e+02 | 89 -0.01651 -6.29148e+02 | 90  0.02193  1.09334e+03
 91 -0.02960  1.30205e+03 | 92  0.01865  1.58737e+03 | 93  0.03015 -5.65250e+02
 94  0.01996 -1.02894e+03 | 95 -0.00718 -7.73727e+02 | 96 -0.04673 -3.61447e+02
 97  0.14774  8.33259e+02 | 98 -0.10510 -2.19600e+01 |
98 variables; iteration 60; function evaluation 76; phase 2
Function value 2.1442388e+03; maximum gradient component mag 2.3052e+03
Var    Value     Gradient |Var    Value     Gradient |Var    Value     Gradient
  1  0.63720  2.30522e+03 |  2 -0.03998 -2.21673e+02 |  3  0.08405  9.92158e+01
  4 -0.00213 -8.15628e+01 |  5 -0.01980 -1.13215e+02 |  6  0.00089 -6.31343e+01
  7  0.00122 -1.07396e+02 |  8  0.02699  1.49609e+01 |  9 -0.01823 -2.53766e+02
 10 -0.02352 -2.03031e+02 | 11 -0.05318 -1.84365e+02 | 12 -0.00314 -1.45616e+02
 13  0.04077  2.27586e+02 | 14 -0.00521 -1.17327e+02 | 15 -0.00621 -4.45475e+01
 16 -0.03596 -1.15318e+02 | 17  0.01767 -5.39031e+00 | 18  0.03399 -1.56854e+02
 19  0.02078 -6.46903e+01 | 20  0.04299  2.60114e+02 | 21  0.00792  1.28260e+02
 22 -0.00218 -9.84058e+01 | 23  0.00589 -4.24674e+01 | 24  0.02832 -6.97477e+01
 25  0.02369 -1.09796e+02 | 26 -0.00151 -2.44102e+02 | 27 -0.00916 -1.87016e+02
 28  0.02440  4.12244e+01 | 29  0.00538 -4.96964e+01 | 30 -0.00757 -8.39078e+01
 31 -0.00009  2.70109e+02 | 32  0.01338 -1.71054e+02 | 33 -0.01055 -9.94721e+01
 34  0.01136 -9.25972e+01 | 35 -0.01908 -9.61066e+01 | 36 -0.02050 -1.10447e+02
 37 -0.00698  9.02489e+00 | 38  0.06173  2.51885e+02 | 39 -0.07100 -2.15083e+02
 40 -0.04956 -3.93638e+00 | 41  0.02108 -2.12822e+02 | 42  0.00296 -5.79622e+01
 43 -0.01700  7.65635e-01 | 44 -0.00994 -4.64163e+00 | 45 -0.00009 -2.67421e+02
 46 -0.01611  3.27931e+01 | 47 -0.00978 -1.05159e+02 | 48 -0.00879  5.38611e+01
 49 -0.02338 -1.01248e+02 | 50  0.01451 -1.06991e+02 | 51  0.00094 -1.47867e+02
 52 -0.00237 -1.59207e+02 | 53 -0.03208 -8.86600e+01 | 54 -0.00658 -2.40464e+02
 55  0.03502  1.41030e+02 | 56  0.00003  5.39073e+02 | 57  0.00861  3.76449e+02
 58  0.02038  4.78783e+02 | 59  0.01169  2.81427e+02 | 60 -0.00288  1.49885e+02
 61 -0.00126 -4.54714e+02 | 62  0.00096  2.10422e+02 | 63  0.01272  1.75369e+02
 64 -0.02189 -2.04520e+02 | 65  0.01505  2.25274e+02 | 66 -0.00945  2.10114e+01
 67  0.05501 -5.19838e+02 | 68 -0.05176  2.41543e+01 | 69  0.03372 -2.51155e+02
 70 -0.01012 -3.04828e+01 | 71 -0.03743  8.23122e+02 | 72 -0.02369 -2.81999e+02
 73  0.00501  1.76392e+02 | 74 -0.00420  7.54372e+02 | 75 -0.02895 -2.10356e+02
 76  0.00328  3.35022e+02 | 77  0.01095  6.56290e+02 | 78 -0.01675 -7.51892e+02
 79  0.03088  3.58679e+02 | 80 -0.00603  1.09895e+03 | 81 -0.02891 -1.58321e+02
 82  0.05294 -5.61145e+02 | 83  0.03960 -4.96184e+02 | 84 -0.00656 -1.46453e+02
 85 -0.03663 -3.13367e+02 | 86 -0.01481 -5.04811e+02 | 87  0.01291  4.49039e+02
 88  0.00545  9.01491e+02 | 89 -0.01382 -2.71502e+02 | 90  0.01550  3.77896e+02
 91 -0.03669  5.98463e+02 | 92  0.01037  7.46320e+02 | 93  0.03239 -2.76697e+02
 94  0.02507 -4.65874e+02 | 95 -0.00409 -4.12206e+02 | 96 -0.04526 -1.63427e+02
 97  0.14613  2.57875e+02 | 98 -0.10409 -8.00170e+00 |
Maximum number of function evaluations exceeded

 - final statistics:
98 variables; iteration 79; function evaluation 100
Function value 2.0742e+03; maximum gradient component mag 1.4151e+03
Exit code = 3;  converg criter 1.0000e+01
Var    Value     Gradient |Var    Value     Gradient |Var    Value     Gradient
  1  0.63417  1.41506e+03 |  2  0.01049 -8.91035e+01 |  3  0.02838 -5.19854e+01
  4  0.01261 -1.33380e+01 |  5 -0.00777 -5.27597e+01 |  6 -0.02596 -1.01749e+02
  7  0.01628 -2.74065e+01 |  8 -0.00032 -6.18373e+01 |  9 -0.00519 -1.78563e+02
 10 -0.00490 -1.03371e+02 | 11 -0.03303 -8.91190e+01 | 12 -0.00308 -1.17321e+02
 13  0.00727 -3.42479e+01 | 14  0.00352 -2.62998e+01 | 15 -0.00816 -2.87590e+01
 16 -0.03310 -6.33421e+01 | 17  0.00750 -9.34560e+01 | 18  0.03955  5.01685e+00
 19  0.02396  3.48723e+01 | 20  0.03536  1.50254e+02 | 21 -0.00079  5.67680e+01
 22 -0.00450 -9.48797e+01 | 23  0.00117 -7.43734e+01 | 24  0.02145 -1.63350e+02
 25  0.01997 -1.46730e+02 | 26  0.00304 -1.51837e+02 | 27 -0.00199 -6.49801e+01
 28  0.02374  5.87918e+01 | 29  0.00352 -5.07650e+01 | 30 -0.00162  1.76983e+01
 31 -0.01954  5.91027e+01 | 32  0.02145 -2.09632e+00 | 33 -0.01052 -6.94933e+01
 34  0.01398 -2.25092e+01 | 35 -0.02199 -1.03471e+02 | 36 -0.02093 -9.27572e+01
 37 -0.01128 -2.79154e+01 | 38  0.06277  2.81706e+02 | 39 -0.06124 -1.27997e+02
 40 -0.05279 -2.71436e+00 | 41  0.02416 -1.43155e+02 | 42  0.00201 -6.56504e+01
 43 -0.01781  3.60831e+00 | 44 -0.00820  3.08420e+01 | 45  0.00760 -1.30225e+02
 46 -0.01548  5.20974e+01 | 47 -0.00583 -3.87816e+01 | 48 -0.00462  1.25520e+02
 49 -0.01843 -2.43462e+01 | 50  0.01750 -4.76472e+01 | 51  0.00277 -1.15752e+02
 52 -0.00041 -1.20462e+02 | 53 -0.02852 -2.05373e+01 | 54 -0.00237 -1.34670e+02
 55  0.03450  7.66983e+01 | 56  0.00045  5.36026e+02 | 57  0.00496  2.34928e+02
 58  0.01430  2.11990e+02 | 59  0.00837  1.37850e+02 | 60 -0.00613  5.56452e+01
 61  0.00651 -2.39687e+02 | 62 -0.00094  1.44518e+02 | 63  0.01287  1.46782e+02
 64 -0.02010 -1.82733e+02 | 65  0.01074  3.74275e+01 | 66 -0.01082 -1.69688e+02
 67  0.05814 -1.34916e+02 | 68 -0.05188  1.52469e+01 | 69  0.03520 -1.14852e+02
 70 -0.00909  6.87301e+01 | 71 -0.04102  4.08719e+02 | 72 -0.02241 -1.47261e+02
 73  0.00429  4.30036e+01 | 74 -0.00760  3.01823e+02 | 75 -0.02648  6.92075e+01
 76  0.00197  1.40899e+02 | 77  0.00787  2.32766e+02 | 78 -0.01128 -1.03940e+02
 79  0.02948  1.22558e+02 | 80 -0.00994  6.12085e+02 | 81 -0.02841 -9.76521e+01
 82  0.05557 -2.12332e+02 | 83  0.04193 -1.94456e+02 | 84 -0.00467  8.46504e+01
 85 -0.03615 -2.42739e+02 | 86 -0.01431 -4.35034e+02 | 87  0.01076  1.91470e+02
 88  0.00338  6.71764e+02 | 89 -0.01226 -6.84673e+01 | 90  0.01347  1.71347e+02
 91 -0.04025  2.52016e+02 | 92  0.00599  3.07307e+02 | 93  0.03350 -1.25772e+02
 94  0.02748 -1.96585e+02 | 95 -0.00218 -1.93387e+02 | 96 -0.04477 -8.65592e+01
 97  0.14666  2.01706e+01 | 98 -0.10449 -1.26143e+01 |

Initial statistics: 100 variables; iteration 0; function evaluation 0; phase 3
Function value 2.0742237e+03; maximum gradient component mag 1.4151e+03
Var    Value     Gradient |Var    Value     Gradient |Var    Value     Gradient
  1  0.63417  1.41506e+03 |  2  0.01049 -8.94701e+01 |  3  0.02837 -5.23517e+01
  4  0.01260 -1.37045e+01 |  5 -0.00777 -5.31263e+01 |  6 -0.02597 -1.02115e+02
  7  0.01627 -2.77730e+01 |  8 -0.00032 -6.22040e+01 |  9 -0.00519 -1.78930e+02
 10 -0.00491 -1.03737e+02 | 11 -0.03303 -8.94850e+01 | 12 -0.00308 -1.17688e+02
 13  0.00727 -3.46145e+01 | 14  0.00351 -2.66664e+01 | 15 -0.00817 -2.91256e+01
 16 -0.03311 -6.37082e+01 | 17  0.00749 -9.38227e+01 | 18  0.03954  4.65092e+00
 19  0.02395  3.45060e+01 | 20  0.03535  1.49888e+02 | 21 -0.00079  5.64014e+01
 22 -0.00451 -9.52463e+01 | 23  0.00116 -7.47401e+01 | 24  0.02144 -1.63716e+02
 25  0.01996 -1.47096e+02 | 26  0.00303 -1.52203e+02 | 27 -0.00199 -6.53467e+01
 28  0.02373  5.84255e+01 | 29  0.00351 -5.11316e+01 | 30 -0.00163  1.73317e+01
 31 -0.01955  5.87362e+01 | 32  0.02144 -2.46276e+00 | 33 -0.01052 -6.98598e+01
 34  0.01398 -2.28758e+01 | 35 -0.02200 -1.03837e+02 | 36 -0.02094 -9.31237e+01
 37 -0.01129 -2.82820e+01 | 38  0.06277  2.81341e+02 | 39 -0.06125 -1.28362e+02
 40 -0.05280 -3.07974e+00 | 41  0.02415 -1.43521e+02 | 42  0.00200 -6.60171e+01
 43 -0.01781  3.24181e+00 | 44 -0.00821  3.04754e+01 | 45  0.00759 -1.30591e+02
 46 -0.01548  5.17308e+01 | 47 -0.00583 -3.91482e+01 | 48 -0.00463  1.25154e+02
 49 -0.01844 -2.47127e+01 | 50  0.01749 -4.80137e+01 | 51  0.00276 -1.16118e+02
 52 -0.00042 -1.20828e+02 | 53 -0.02853 -2.09036e+01 | 54 -0.00237 -1.35036e+02
 55  0.03449  7.63323e+01 | 56  0.00044  5.35659e+02 | 57  0.00496  2.34562e+02
 58  0.01430  2.11623e+02 | 59  0.00836  1.37483e+02 | 60 -0.00614  5.52785e+01
 61  0.00651 -2.40054e+02 | 62 -0.00095  1.44151e+02 | 63  0.01287  1.46415e+02
 64 -0.02011 -1.83099e+02 | 65  0.01073  3.70609e+01 | 66 -0.01083 -1.70055e+02
 67  0.05813 -1.35281e+02 | 68 -0.05188  1.48815e+01 | 69  0.03519 -1.15218e+02
 70 -0.00910  6.83635e+01 | 71 -0.04103  4.08352e+02 | 72 -0.02242 -1.47628e+02
 73  0.00428  4.26369e+01 | 74 -0.00761  3.01456e+02 | 75 -0.02649  6.88412e+01
 76  0.00196  1.40533e+02 | 77  0.00786  2.32399e+02 | 78 -0.01129 -1.04306e+02
 79  0.02948  1.22191e+02 | 80 -0.00995  6.11718e+02 | 81 -0.02842 -9.80183e+01
 82  0.05557 -2.12698e+02 | 83  0.04192 -1.94822e+02 | 84 -0.00468  8.42837e+01
 85 -0.03615 -2.43105e+02 | 86 -0.01432 -4.35401e+02 | 87  0.01075  1.91104e+02
 88  0.00337  6.71397e+02 | 89 -0.01227 -6.88338e+01 | 90  0.01346  1.70980e+02
 91 -0.04026  2.51650e+02 | 92  0.00598  3.06940e+02 | 93  0.03350 -1.26138e+02
 94  0.02747 -1.96951e+02 | 95 -0.00219 -1.93754e+02 | 96 -0.04477 -8.69249e+01
 97  0.14666  2.01706e+01 | 98 -0.41581 -1.17669e+02 | 99 -0.10449 -1.26143e+01
100 -0.25275  5.17024e+01 |

Intermediate statistics: 100 variables; iteration 20; function evaluation 26; phase 3
Function value 2.0563742e+03; maximum gradient component mag 1.7581e+03
Var    Value     Gradient |Var    Value     Gradient |Var    Value     Gradient
  1  0.63556  1.75807e+03 |  2  0.02125 -6.95219e+01 |  3  0.02482 -6.53392e+01
  4 -0.00440 -5.99981e+01 |  5 -0.01098 -6.52300e+01 |  6 -0.01173 -7.08289e+01
  7  0.00676 -6.28425e+01 |  8 -0.00114 -6.77798e+01 |  9  0.01731 -8.87557e+01
 10  0.00191 -7.65815e+01 | 11 -0.02728 -7.17391e+01 | 12  0.00309 -8.45795e+01
 13  0.00350 -6.05543e+01 | 14 -0.00032 -5.66842e+01 | 15 -0.01140 -5.64929e+01
 16 -0.03285 -6.69086e+01 | 17  0.00921 -7.69609e+01 | 18  0.03818 -2.54927e+01
 19  0.02133 -1.43113e+01 | 20  0.03012  4.31156e+01 | 21 -0.00626 -1.25069e+01
 22 -0.00251 -7.44675e+01 | 23  0.00170 -6.61959e+01 | 24  0.02454 -1.04606e+02
 25  0.02261 -9.61957e+01 | 26  0.00680 -9.80559e+01 | 27 -0.00147 -5.92159e+01
 28  0.02093  4.11713e+00 | 29  0.00379 -5.01524e+01 | 30 -0.00417 -2.09905e+01
 31 -0.02595 -1.00605e+01 | 32  0.02050 -1.85012e+01 | 33 -0.00955 -5.69579e+01
 34  0.01325 -2.79352e+01 | 35 -0.01941 -7.15050e+01 | 36 -0.01877 -6.59259e+01
 37 -0.01189 -3.56732e+01 | 38  0.05840  1.35413e+02 | 39 -0.05343 -7.81672e+01
 40 -0.05706 -3.43206e+01 | 41  0.02745 -5.52989e+01 | 42  0.00336 -3.60127e+01
 43 -0.01936 -1.33183e+01 | 44 -0.01027  6.09554e+00 | 45  0.01127 -5.44592e+01
 46 -0.01852  1.54027e+01 | 47 -0.00456 -1.50663e+01 | 48 -0.00845  6.46359e+01
 49 -0.01774 -1.04872e+01 | 50  0.01947  2.20013e+01 | 51  0.00610 -2.18283e+01
 52  0.00283 -2.37629e+01 | 53 -0.02857 -9.10823e+00 | 54  0.00062 -3.04683e+01
 55  0.03407  9.24887e+01 | 56 -0.01098  2.36495e+02 | 57  0.00078  1.19602e+02
 58  0.01136  1.26553e+02 | 59  0.00605  8.84758e+01 | 60 -0.00768  3.85285e+01
 61  0.01109 -6.24761e+01 | 62 -0.00410  7.63922e+01 | 63  0.01082  1.02936e+02
 64 -0.01545 -7.72701e+01 | 65  0.01056  5.79572e+01 | 66 -0.01087 -1.60221e+02
 67  0.06017  2.56299e+02 | 68 -0.05226 -1.94607e+01 | 69  0.03637  9.98516e+01
 70 -0.00938  5.19098e+01 | 71 -0.04126  3.91559e+02 | 72 -0.02260 -1.55965e+02
 73  0.00427  6.80652e+01 | 74 -0.00830  2.34327e+02 | 75 -0.02684  4.23423e+01
 76  0.00154  1.09028e+02 | 77  0.00730  1.86902e+02 | 78 -0.01140 -1.03492e+02
 79  0.02916  1.12167e+02 | 80 -0.01075  5.27137e+02 | 81 -0.02879 -1.30083e+02
 82  0.05804  2.09287e+02 | 83  0.04317  2.21928e+01 | 84 -0.00491  6.89901e+01
 85 -0.03666 -2.96696e+02 | 86 -0.01461 -4.68272e+02 | 87  0.00999  1.02015e+02
 88  0.00234  5.48305e+02 | 89 -0.01289 -1.38959e+02 | 90  0.01295  1.13419e+02
 91 -0.04078  1.96668e+02 | 92  0.00557  2.64259e+02 | 93  0.03275 -1.97897e+02
 94  0.02702 -2.46994e+02 | 95 -0.00265 -2.45232e+02 | 96 -0.04533 -1.47689e+02
 97  0.14835 -3.01388e+02 | 98 -0.41279  4.59234e+02 | 99 -0.10692 -1.84639e+02
100 -0.25272  3.45446e+02 |
100 variables; iteration 40; function evaluation 47; phase 3
Function value 2.0457927e+03; maximum gradient component mag 5.4167e+02
Var    Value     Gradient |Var    Value     Gradient |Var    Value     Gradient
  1  0.63266  5.41666e+02 |  2  0.02936 -1.31129e+00 |  3  0.02635 -1.24820e+01
  4 -0.00827 -2.03425e+01 |  5 -0.01070 -1.57747e+01 |  6 -0.01934 -4.14866e+01
  7  0.00259 -2.72345e+01 |  8 -0.00301 -2.49206e+01 |  9  0.02011 -2.59033e+01
 10  0.00323 -2.10280e+01 | 11 -0.02574 -1.66246e+01 | 12  0.00947  3.82881e+00
 13  0.00312 -1.28019e+01 | 14 -0.00123 -1.32169e+01 | 15 -0.01214 -1.27077e+01
 16 -0.03143 -9.97110e+00 | 17  0.01111 -9.58661e+00 | 18  0.03771  7.58445e-02
 19  0.02141  2.09595e+01 | 20  0.02598  6.84037e-01 | 21 -0.01047 -1.91613e+01
 22  0.00056  2.01724e+00 | 23  0.00317 -5.83229e+00 | 24  0.02801 -4.86642e+00
 25  0.02582 -4.35596e+00 | 26  0.00757 -5.14361e+01 | 27 -0.00087 -1.65756e+01
 28  0.01988  1.19355e+01 | 29  0.00492 -2.04692e+00 | 30 -0.00462  6.47615e+00
 31 -0.02446  4.15101e+01 | 32  0.02007 -1.38684e+00 | 33 -0.00806 -5.08500e+00
 34  0.01320 -5.87226e-01 | 35 -0.01590  5.64543e+00 | 36 -0.01579  3.32536e+00
 37 -0.01235 -1.27071e+01 | 38  0.05469 -3.97281e+00 | 39 -0.04914 -1.09653e+01
 40 -0.05909 -1.02835e+01 | 41  0.02965  2.13466e+00 | 42  0.00412 -7.07821e+00
 43 -0.02139 -1.37677e+01 | 44 -0.01089  1.46206e+01 | 45  0.01371 -9.20838e+00
 46 -0.02166 -7.62835e+00 | 47 -0.00459 -1.40570e+01 | 48 -0.01116  2.38637e+01
 49 -0.01869 -1.85246e+01 | 50  0.01963 -3.73077e+00 | 51  0.00851  1.89928e+01
 52  0.00489  1.43781e+01 | 53 -0.02917 -6.15133e+00 | 54  0.00270  1.36866e+01
 55  0.03447  4.12116e+01 | 56 -0.01756  7.69241e+01 | 57  0.00119  1.02007e+02
 58  0.00941  3.12620e+01 | 59  0.00554  4.38434e+01 | 60 -0.00825  1.46508e+01
 61  0.01217 -6.05276e+01 | 62 -0.00424  5.74955e+01 | 63  0.01024  4.91629e+01
 64 -0.01445 -6.22469e+01 | 65  0.01092  3.40191e+01 | 66 -0.01005 -7.39899e+01
 67  0.05984  5.83959e+01 | 68 -0.05343 -1.33819e+02 | 69  0.03635  5.45363e+00
 70 -0.00984 -2.43142e+01 | 71 -0.04424  6.41211e+01 | 72 -0.02070  6.42043e+01
 73  0.00362 -4.62808e+01 | 74 -0.00949  7.20565e+01 | 75 -0.02636  9.64118e+01
 76 -0.00143 -2.84993e+02 | 77  0.00796  2.47404e+02 | 78 -0.01086 -3.59074e+01
 79  0.02861 -4.45444e+00 | 80 -0.01259  3.11566e+02 | 81 -0.03016 -2.70847e+02
 82  0.05732  4.14543e+01 | 83  0.04296 -3.85112e+01 | 84 -0.00518  5.66039e+01
 85 -0.03285  1.62726e+02 | 86 -0.01191 -1.21614e+02 | 87  0.00513 -4.71827e+02
 88 -0.00196  6.77383e+01 | 89 -0.01277 -8.32074e+01 | 90  0.01396  2.82062e+02
 91 -0.04244  6.87346e+01 | 92  0.00468  2.15231e+02 | 93  0.03430  5.64196e+00
 94  0.02882 -2.03232e+01 | 95 -0.00123 -5.67479e+01 | 96 -0.04511 -7.94068e+01
 97  0.15099 -4.92585e+01 | 98 -0.41268  8.94412e+01 | 99 -0.10486 -3.23871e+01
100 -0.25275  1.03153e+02 |
100 variables; iteration 60; function evaluation 73; phase 3
Function value 2.0442594e+03; maximum gradient component mag -3.8007e+02
Var    Value     Gradient |Var    Value     Gradient |Var    Value     Gradient
  1  0.63198  3.73725e+02 |  2  0.01755 -2.39890e+01 |  3  0.02448 -1.19572e+01
  4 -0.00835 -1.50994e+01 |  5 -0.01236 -1.43688e+01 |  6 -0.00761 -5.47711e+00
  7  0.00799 -3.96211e+00 |  8 -0.00080 -1.17349e+01 |  9  0.01992 -2.09025e+01
 10  0.00721  3.13594e+00 | 11 -0.02452 -6.36644e+00 | 12  0.00772 -1.06325e+00
 13  0.00191 -1.50701e+01 | 14 -0.00163 -1.07984e+01 | 15 -0.01238 -9.58231e+00
 16 -0.03240 -1.17338e+01 | 17  0.01066 -1.21349e+01 | 18  0.03653 -2.06273e+01
 19  0.02091  1.63993e+01 | 20  0.02581  1.33340e+00 | 21 -0.01092 -1.95938e+01
 22 -0.00075 -9.83352e+00 | 23  0.00272 -7.78379e+00 | 24  0.02720 -1.62486e+01
 25  0.02520 -1.19617e+01 | 26  0.00880 -2.94235e+01 | 27 -0.00073 -1.00992e+01
 28  0.01924  4.40084e+00 | 29  0.00518  5.59106e+00 | 30 -0.00545 -9.77209e-01
 31 -0.02787  1.29758e+01 | 32  0.02015  3.35362e+00 | 33 -0.00832 -3.67974e+00
 34  0.01315  3.20635e+00 | 35 -0.01721 -5.13555e+00 | 36 -0.01690 -5.40026e+00
 37 -0.01175 -1.86810e+00 | 38  0.05351 -4.29926e+01 | 39 -0.05065 -1.85900e+01
 40 -0.05885 -4.86787e+00 | 41  0.02992  8.82702e+00 | 42  0.00430 -2.60327e+00
 43 -0.02006  3.42885e+00 | 44 -0.01152  7.45694e+00 | 45  0.01484  1.06337e+01
 46 -0.02032  8.96672e+00 | 47 -0.00421 -9.86431e+00 | 48 -0.01124  2.13427e+01
 49 -0.01762 -3.96735e+00 | 50  0.02114  3.03040e+01 | 51  0.00845  1.42868e+01
 52  0.00604  3.85697e+01 | 53 -0.02897 -4.19980e+00 | 54  0.00162 -2.34554e+01
 55  0.03477  4.05147e+01 | 56 -0.01767  7.26601e+01 | 57  0.00121  9.85570e+01
 58  0.01000  4.52946e+01 | 59  0.00602  5.42303e+01 | 60 -0.00791  2.10737e+01
 61  0.01279 -4.80444e+01 | 62 -0.00528  2.58108e+01 | 63  0.00988  3.08178e+01
 64 -0.01265 -2.60974e+01 | 65  0.01120  3.79173e+01 | 66 -0.00954 -1.65545e+01
 67  0.05985  3.76491e+01 | 68 -0.05326 -1.14501e+02 | 69  0.03641 -1.36478e+00
 70 -0.00975 -1.83635e+01 | 71 -0.04407  8.14917e+01 | 72 -0.02117  4.70936e+00
 73  0.00375 -3.93682e+01 | 74 -0.00969  4.20802e+01 | 75 -0.02651  7.54175e+01
 76 -0.00155 -3.07061e+02 | 77  0.00798  2.42538e+02 | 78 -0.01096 -5.15492e+01
 79  0.02867 -6.30180e+00 | 80 -0.01312  2.45067e+02 | 81 -0.03004 -2.58040e+02
 82  0.05733  2.85191e+01 | 83  0.04313 -2.76711e+01 | 84 -0.00567 -2.60898e+00
 85 -0.03275  1.74113e+02 | 86 -0.01167 -9.16984e+01 | 87  0.00587 -3.80067e+02
 88 -0.00251  6.77181e+00 | 89 -0.01192  1.59192e+01 | 90  0.01346  2.26936e+02
 91 -0.04298  1.63738e+01 | 92  0.00447  1.97159e+02 | 93  0.03435  1.58831e+01
 94  0.02893 -5.04193e+00 | 95 -0.00103 -3.15927e+01 | 96 -0.04508 -7.19093e+01
 97  0.15087 -3.34738e+01 | 98 -0.41308  3.54788e+01 | 99 -0.10561 -1.83662e+01
100 -0.25330  6.80126e+01 |
Maximum number of function evaluations exceeded

 - final statistics:
100 variables; iteration 80; function evaluation 100
Function value 2.0412e+03; maximum gradient component mag 3.5954e+01
Exit code = 3;  converg criter 1.0000e+00
Var    Value     Gradient |Var    Value     Gradient |Var    Value     Gradient
  1  0.63112 -1.00946e+01 |  2  0.02638  7.29394e+00 |  3  0.02258 -6.33014e+00
  4 -0.00302  7.94366e+00 |  5 -0.01074  1.11702e-02 |  6 -0.00846  2.58867e+00
  7  0.00608 -8.70700e-02 |  8 -0.00389 -1.20311e+01 |  9  0.02189 -1.72154e+00
 10  0.00611  7.76623e+00 | 11 -0.02885 -1.26362e+01 | 12  0.00596 -2.41405e+00
 13  0.00147 -8.70205e+00 | 14 -0.00228 -6.21850e+00 | 15 -0.01312 -5.42790e+00
 16 -0.03306 -5.91329e+00 | 17  0.01180  1.23342e+01 | 18  0.03851  2.67384e+01
 19  0.01928 -8.45637e-01 | 20  0.02586  7.96829e+00 | 21 -0.01197 -2.22043e+01
 22 -0.00068 -1.25349e+00 | 23  0.00418  1.90304e+01 | 24  0.02813  7.80490e+00
 25  0.02584  6.58215e+00 | 26  0.00897 -1.96973e+01 | 27 -0.00016  4.09455e+00
 28  0.01758 -2.01994e+01 | 29  0.00546  1.48014e+01 | 30 -0.00707 -1.56017e+01
 31 -0.02875  1.18073e+01 | 32  0.01981  1.84881e-01 | 33 -0.00824  2.88909e+00
 34  0.01375  1.62167e+01 | 35 -0.01806 -1.03523e+01 | 36 -0.01767 -1.03836e+01
 37 -0.01181  1.12075e+00 | 38  0.05503 -4.85703e+00 | 39 -0.04931 -2.53199e+00
 40 -0.05806  6.40990e+00 | 41  0.02938 -1.37466e+01 | 42  0.00552  1.33411e+01
 43 -0.01840  2.29598e+01 | 44 -0.01233 -5.03579e+00 | 45  0.01476 -1.01496e+00
 46 -0.02026  8.60084e+00 | 47 -0.00178  2.34397e+01 | 48 -0.01207  4.22036e+00
 49 -0.01759 -8.50423e+00 | 50  0.02074  7.04208e-01 | 51  0.00763 -1.88802e+01
 52  0.00563  1.61996e+01 | 53 -0.02805  8.99703e+00 | 54  0.00220 -1.36549e+01
 55  0.03447  5.22412e-02 | 56 -0.02039  8.05658e+00 | 57 -0.00176  2.20235e+00
 58  0.00944  7.05086e+00 | 59  0.00483  3.33205e+00 | 60 -0.00874 -5.40893e+00
 61  0.01455 -4.47883e+00 | 62 -0.00560  1.04266e+01 | 63  0.00929 -3.00037e+00
 64 -0.01139 -7.36907e+00 | 65  0.01038 -3.56170e+00 | 66 -0.00938 -3.72684e+00
 67  0.05989 -2.37693e+00 | 68 -0.05229 -6.33754e+00 | 69  0.03659 -3.66360e+00
 70 -0.00959 -4.89085e+00 | 71 -0.04477  4.68465e+00 | 72 -0.02111  9.40896e+00
 73  0.00409 -5.67127e+00 | 74 -0.00998  3.20091e+00 | 75 -0.02723 -6.82534e+00
 76  0.00074 -2.16217e+01 | 77  0.00623  1.53974e+01 | 78 -0.01053 -5.32441e-02
 79  0.02878 -2.69198e+00 | 80 -0.01509  1.55756e+01 | 81 -0.02793 -1.42313e+01
 82  0.05721 -7.19418e-01 | 83  0.04339 -1.11326e+00 | 84 -0.00597 -3.44148e+01
 85 -0.03434  4.87657e+00 | 86 -0.01106 -7.23864e+00 | 87  0.00871 -2.01325e+01
 88 -0.00273 -3.07428e+00 | 89 -0.01210  4.47862e+00 | 90  0.01174  3.59544e+01
 91 -0.04320  4.05092e+00 | 92  0.00257  9.85427e+00 | 93  0.03408  1.66593e+00
 94  0.02888  1.82214e+00 | 95 -0.00084 -2.00489e-01 | 96 -0.04451 -2.89123e+00
 97  0.15237 -4.95367e+00 | 98 -0.41236  1.29853e+01 | 99 -0.10870 -1.14089e+01
100 -0.25525  1.70769e+00 |

Initial statistics: 108 variables; iteration 0; function evaluation 0; phase 4
Function value 2.0411761e+03; maximum gradient component mag 1.9428e+03
Var    Value     Gradient |Var    Value     Gradient |Var    Value     Gradient
  1 -0.42263  6.05544e+00 |  2 -0.42263  1.94276e+03 |  3 -0.41094  5.54902e+02
  4  0.63112 -1.00946e+01 |  5  0.00000 -9.84665e+00 |  6  0.00000  8.21665e+00
  7  0.00000  9.96770e+00 |  8  0.00000  6.72764e+00 |  9  0.00000 -4.15088e+00
 10  0.02638  7.20745e+00 | 11  0.02258 -6.41665e+00 | 12 -0.00302  7.85710e+00
 13 -0.01074 -7.53808e-02 | 14 -0.00847  2.50211e+00 | 15  0.00608 -1.73629e-01
 16 -0.00389 -1.21177e+01 | 17  0.02188 -1.80806e+00 | 18  0.00611  7.67967e+00
 19 -0.02885 -1.27226e+01 | 20  0.00595 -2.50061e+00 | 21  0.00147 -8.78861e+00
 22 -0.00228 -6.30506e+00 | 23 -0.01313 -5.51444e+00 | 24 -0.03306 -5.99974e+00
 25  0.01180  1.22476e+01 | 26  0.03851  2.66520e+01 | 27  0.01928 -9.32161e-01
 28  0.02586  7.88180e+00 | 29 -0.01197 -2.22908e+01 | 30 -0.00068 -1.34005e+00
 31  0.00417  1.89438e+01 | 32  0.02813  7.71842e+00 | 33  0.02584  6.49566e+00
 34  0.00897 -1.97839e+01 | 35 -0.00016  4.00799e+00 | 36  0.01758 -2.02859e+01
 37  0.00545  1.47148e+01 | 38 -0.00707 -1.56882e+01 | 39 -0.02875  1.17209e+01
 40  0.01980  9.83595e-02 | 41 -0.00824  2.80253e+00 | 42  0.01375  1.61302e+01
 43 -0.01806 -1.04389e+01 | 44 -0.01767 -1.04701e+01 | 45 -0.01181  1.03420e+00
 46  0.05503 -4.94327e+00 | 47 -0.04931 -2.61830e+00 | 48 -0.05806  6.32370e+00
 49  0.02938 -1.38331e+01 | 50  0.00552  1.32545e+01 | 51 -0.01840  2.28732e+01
 52 -0.01233 -5.12234e+00 | 53  0.01476 -1.10150e+00 | 54 -0.02026  8.51432e+00
 55 -0.00178  2.33532e+01 | 56 -0.01208  4.13381e+00 | 57 -0.01759 -8.59076e+00
 58  0.02074  6.17691e-01 | 59  0.00763 -1.89668e+01 | 60  0.00563  1.61131e+01
 61 -0.02805  8.91055e+00 | 62  0.00220 -1.37415e+01 | 63  0.03447 -3.41952e-02
 64 -0.02039  7.97006e+00 | 65 -0.00177  2.11579e+00 | 66  0.00944  6.96431e+00
 67  0.00483  3.24549e+00 | 68 -0.00874 -5.49548e+00 | 69  0.01455 -4.56537e+00
 70 -0.00560  1.03400e+01 | 71  0.00929 -3.08692e+00 | 72 -0.01139 -7.45562e+00
 73  0.01038 -3.64825e+00 | 74 -0.00938 -3.81340e+00 | 75  0.05989 -2.46311e+00
 76 -0.05230 -6.42381e+00 | 77  0.03659 -3.75002e+00 | 78 -0.00959 -4.97740e+00
 79 -0.04477  4.59830e+00 | 80 -0.02112  9.32244e+00 | 81  0.00409 -5.75784e+00
 82 -0.00998  3.11436e+00 | 83 -0.02723 -6.91182e+00 | 84  0.00074 -2.17083e+01
 85  0.00623  1.53108e+01 | 86 -0.01053 -1.39796e-01 | 87  0.02878 -2.77846e+00
 88 -0.01509  1.54891e+01 | 89 -0.02793 -1.43178e+01 | 90  0.05721 -8.05632e-01
 91  0.04339 -1.19962e+00 | 92 -0.00597 -3.45014e+01 | 93 -0.03434  4.79013e+00
 94 -0.01106 -7.32519e+00 | 95  0.00871 -2.02190e+01 | 96 -0.00273 -3.16084e+00
 97 -0.01210  4.39208e+00 | 98  0.01173  3.58678e+01 | 99 -0.04320  3.96456e+00
100  0.00257  9.76771e+00 |101  0.03407  1.57949e+00 |102  0.02888  1.73566e+00
103 -0.00084 -2.87052e-01 |104 -0.04452 -2.97758e+00 |105  0.15237 -4.95367e+00
106 -0.41236  1.29853e+01 |107 -0.10870 -1.14089e+01 |108 -0.25525  1.70769e+00

Intermediate statistics: 108 variables; iteration 20; function evaluation 22; phase 4
Function value 2.0393031e+03; maximum gradient component mag 1.7391e+03
Var    Value     Gradient |Var    Value     Gradient |Var    Value     Gradient
  1 -0.38914  9.33072e+01 |  2 -0.42194  1.73908e+03 |  3 -0.41936  6.51814e+02
  4  0.63193  1.01026e+02 |  5  0.00280 -4.50698e+00 |  6 -0.00388  1.62468e+00
  7 -0.00463  1.97625e+00 |  8 -0.00264  1.45203e+00 |  9  0.00162 -1.33715e+00
 10  0.02395 -1.86509e+00 | 11  0.02382 -6.66525e+00 | 12 -0.00563 -1.58666e+00
 13 -0.01107 -4.19946e+00 | 14 -0.00936 -3.40912e+00 | 15  0.00576 -5.25684e+00
 16 -0.00262 -1.19935e+01 | 17  0.02146 -9.18510e+00 | 18  0.00545 -4.84290e-01
 19 -0.02783 -1.32986e+01 | 20  0.00575 -9.58740e+00 | 21  0.00138 -1.51689e+01
 22 -0.00228 -1.18971e+01 | 23 -0.01308 -1.01342e+01 | 24 -0.03299 -9.77127e+00
 25  0.01158  3.14579e+00 | 26  0.03807  9.79858e+00 | 27  0.01934 -5.79241e+00
 28  0.02572  6.25684e-01 | 29 -0.01167 -2.27630e+01 | 30 -0.00062 -4.97409e+00
 31  0.00397  1.06126e+01 | 32  0.02821  3.05631e+00 | 33  0.02563 -1.32247e+00
 34  0.00930 -1.93120e+01 | 35 -0.00028 -8.39131e-01 | 36  0.01799 -1.74085e+01
 37  0.00530  7.80291e+00 | 38 -0.00662 -1.33766e+01 | 39 -0.02883  8.22162e+00
 40  0.02000 -1.13924e+00 | 41 -0.00827 -4.35197e-01 | 42  0.01340  6.45152e+00
 43 -0.01776 -1.04367e+01 | 44 -0.01732 -9.75406e+00 | 45 -0.01156  8.22205e-01
 46  0.05606  2.48762e+01 | 47 -0.04916 -3.53410e+00 | 48 -0.05793  5.35798e+00
 49  0.03039  8.72970e+00 | 50  0.00559  1.11537e+01 | 51 -0.01859  1.91830e+01
 52 -0.01194 -5.67882e-01 | 53  0.01518  8.27392e+00 | 54 -0.02014  1.03794e+01
 55 -0.00183  2.43811e+01 | 56 -0.01169  1.12202e+01 | 57 -0.01694  2.42464e+00
 58  0.02118  1.96857e+01 | 59  0.00875  1.36411e+01 | 60  0.00516  1.24545e+01
 61 -0.02792  1.66256e+01 | 62  0.00293  1.54346e+01 | 63  0.03387 -1.91597e+01
 64 -0.02034  1.21636e+01 | 65 -0.00186  4.62338e+00 | 66  0.00868 -1.33902e+01
 67  0.00440 -5.55158e+00 | 68 -0.00848  4.43828e+00 | 69  0.01444 -6.70382e+00
 70 -0.00597  3.29874e+00 | 71  0.00908 -6.25540e+00 | 72 -0.01099  4.78625e+00
 73  0.01059  2.04025e+00 | 74 -0.00927  1.25028e+01 | 75  0.06069  1.34962e+02
 76 -0.05227 -3.08324e+00 | 77  0.03609 -5.95339e+01 | 78 -0.00975 -2.33386e+01
 79 -0.04473  1.00800e+01 | 80 -0.02128 -8.23891e+00 | 81  0.00387 -3.00936e+01
 82 -0.01012 -1.28434e+01 | 83 -0.02718  1.07704e+00 | 84  0.00089  7.23243e-01
 85  0.00586 -2.79222e+01 | 86 -0.01061 -7.92106e+00 | 87  0.02838 -5.51782e+01
 88 -0.01519  4.01229e+00 | 89 -0.02789 -1.02442e+01 | 90  0.05846  2.00138e+02
 91  0.04318 -2.30911e+01 | 92 -0.00578 -8.37039e+00 | 93 -0.03425  1.65193e+01
 94 -0.01099  5.20695e+00 | 95  0.00886  1.66655e+00 | 96 -0.00264  8.64753e+00
 97 -0.01214 -1.19566e+00 | 98  0.01158  1.58171e+01 | 99 -0.04336 -1.44360e+01
100  0.00247  1.81772e-01 |101  0.03369 -3.91096e+01 |102  0.02866 -2.40477e+01
103 -0.00114 -3.29795e+01 |104 -0.04488 -4.14249e+01 |105  0.15238 -1.76589e+02
106 -0.41265  2.59346e+02 |107 -0.10332  1.07128e+02 |108 -0.25539 -2.16129e+02
108 variables; iteration 40; function evaluation 44; phase 4
Function value 2.0390919e+03; maximum gradient component mag 1.6073e+03
Var    Value     Gradient |Var    Value     Gradient |Var    Value     Gradient
  1 -0.38698  8.87312e+01 |  2 -0.42191  1.60733e+03 |  3 -0.42012  6.03302e+02
  4  0.63202  9.46636e+01 |  5  0.00337 -2.29368e+00 |  6 -0.00038  7.64178e+00
  7 -0.00044  9.30181e+00 |  8 -0.00132  3.98830e+00 |  9  0.00034 -3.79150e+00
 10  0.02302 -3.88335e+00 | 11  0.02420 -5.55623e+00 | 12 -0.00659 -3.68217e+00
 13 -0.01151 -5.13042e+00 | 14 -0.01008 -5.18511e+00 | 15  0.00554 -5.83148e+00
 16 -0.00284 -1.26041e+01 | 17  0.02216 -5.73788e+00 | 18  0.00614  2.73899e+00
 19 -0.02855 -1.57926e+01 | 20  0.00636 -5.90663e+00 | 21  0.00214 -1.02192e+01
 22 -0.00260 -1.40533e+01 | 23 -0.01341 -1.24631e+01 | 24 -0.03260 -7.29133e+00
 25  0.01181  5.64375e+00 | 26  0.03833  1.37640e+01 | 27  0.01953 -3.74564e+00
 28  0.02567 -9.69733e-01 | 29 -0.01141 -2.06307e+01 | 30 -0.00070 -6.24984e+00
 31  0.00413  1.20909e+01 | 32  0.02818  1.61693e+00 | 33  0.02574  1.32568e-01
 34  0.00918 -2.14761e+01 | 35 -0.00010  1.24813e+00 | 36  0.01831 -1.24402e+01
 37  0.00540  8.59792e+00 | 38 -0.00680 -1.62326e+01 | 39 -0.02851  1.07105e+01
 40  0.02007 -9.11593e-01 | 41 -0.00805  1.82493e+00 | 42  0.01330  3.85252e+00
 43 -0.01748 -7.64159e+00 | 44 -0.01709 -7.59351e+00 | 45 -0.01153  4.83491e-01
 46  0.05612  2.43488e+01 | 47 -0.04944 -5.80857e+00 | 48 -0.05908 -2.44449e+00
 49  0.03057  1.14093e+01 | 50  0.00547  8.16607e+00 | 51 -0.01893  1.43979e+01
 52 -0.01208 -3.29692e+00 | 53  0.01518  6.65322e+00 | 54 -0.02040  6.38843e+00
 55 -0.00222  1.66394e+01 | 56 -0.01159  1.13175e+01 | 57 -0.01704 -3.52500e-01
 58  0.02099  1.23667e+01 | 59  0.00886  1.46466e+01 | 60  0.00536  1.57568e+01
 61 -0.02810  1.26845e+01 | 62  0.00283  1.04745e+01 | 63  0.03390 -1.96259e+01
 64 -0.01990  2.01199e+01 | 65 -0.00195  1.25228e+00 | 66  0.00849 -2.06583e+01
 67  0.00463 -7.56256e-02 | 68 -0.00851  2.65915e+00 | 69  0.01434 -1.10440e+01
 70 -0.00552  1.38163e+01 | 71  0.00936  2.40263e+00 | 72 -0.01078  9.11664e+00
 73  0.01075  6.13694e+00 | 74 -0.00923  1.55574e+01 | 75  0.06063  1.23880e+02
 76 -0.05233 -1.04219e+01 | 77  0.03611 -5.60299e+01 | 78 -0.00979 -2.96856e+01
 79 -0.04472  1.01796e+01 | 80 -0.02128 -8.52321e+00 | 81  0.00380 -3.91056e+01
 82 -0.01008 -8.77937e+00 | 83 -0.02717  2.23410e+00 | 84  0.00098  1.10211e+01
 85  0.00589 -2.45640e+01 | 86 -0.01058 -5.65862e+00 | 87  0.02845 -4.63232e+01
 88 -0.01515  7.55992e+00 | 89 -0.02786 -6.73829e+00 | 90  0.05837  1.83743e+02
 91  0.04319 -2.25122e+01 | 92 -0.00580 -1.04027e+01 | 93 -0.03426  1.61389e+01
 94 -0.01101  2.19704e+00 | 95  0.00879 -7.46102e+00 | 96 -0.00267  3.77648e+00
 97 -0.01211  2.68740e+00 | 98  0.01161  1.87150e+01 | 99 -0.04328 -5.37215e+00
100  0.00252  4.51224e+00 |101  0.03375 -3.22014e+01 |102  0.02870 -2.00383e+01
103 -0.00112 -3.05178e+01 |104 -0.04489 -4.23351e+01 |105  0.15259 -1.61621e+02
106 -0.41257  2.45414e+02 |107 -0.10251  9.85613e+01 |108 -0.25497 -1.91229e+02
108 variables; iteration 60; function evaluation 70; phase 4
Function value 2.0377134e+03; maximum gradient component mag 3.6152e+02
Var    Value     Gradient |Var    Value     Gradient |Var    Value     Gradient
  1 -0.37952  2.05469e+01 |  2 -0.42207  3.61522e+02 |  3 -0.42350  1.30175e+02
  4  0.63338  9.98979e+00 |  5  0.00470  1.64840e-02 |  6 -0.00577 -1.44280e+00
  7 -0.00656 -1.18593e+00 |  8 -0.00248  1.75394e+00 |  9  0.00076 -3.01673e+00
 10  0.02413  1.46345e+00 | 11  0.02389 -3.59446e+00 | 12 -0.00538  1.90396e+00
 13 -0.01164 -2.67741e+00 | 14 -0.01081 -4.31142e+00 | 15  0.00464 -5.93538e+00
 16  0.00114  3.76610e+00 | 17  0.02045 -1.09297e+01 | 18  0.00565  3.57731e+00
 19 -0.02634 -4.53800e+00 | 20  0.00682  5.68103e-01 | 21  0.00320  9.18402e-01
 22 -0.00208 -5.74659e+00 | 23 -0.01315 -5.97505e+00 | 24 -0.03225 -1.19606e+00
 25  0.01132  2.50801e+00 | 26  0.03785  5.38815e+00 | 27  0.01967 -1.21487e-01
 28  0.02527 -4.18095e+00 | 29 -0.00993 -1.72055e+00 | 30 -0.00065 -2.64185e+00
 31  0.00339  3.89413e+00 | 32  0.02814  1.22523e+00 | 33  0.02560  2.41176e+00
 34  0.01006 -5.06341e+00 | 35 -0.00037  1.13542e+00 | 36  0.01851 -6.33772e+00
 37  0.00480  1.11405e+00 | 38 -0.00603 -5.70822e+00 | 39 -0.02940  4.94121e+00
 40  0.02017  1.07854e+00 | 41 -0.00825  1.64743e+00 | 42  0.01310  3.37993e+00
 43 -0.01704 -7.78027e-01 | 44 -0.01663 -1.29223e+00 | 45 -0.01152 -3.99988e-01
 46  0.05557  2.06088e+00 | 47 -0.04942 -3.89494e+00 | 48 -0.05985 -5.80128e+00
 49  0.03035  2.12189e+00 | 50  0.00508 -4.26324e-01 | 51 -0.01993  1.52932e+00
 52 -0.01184 -2.00201e+00 | 53  0.01532  5.37560e+00 | 54 -0.02086 -2.08785e-01
 55 -0.00306  3.81719e-02 | 56 -0.01183  3.75364e+00 | 57 -0.01678 -6.79898e-01
 58  0.02107  6.02789e+00 | 59  0.00831 -3.48629e+00 | 60  0.00499  9.86137e-01
 61 -0.02874  2.84143e-01 | 62  0.00255 -1.31918e+00 | 63  0.03423 -5.07871e+00
 64 -0.02080  1.25032e+00 | 65 -0.00202 -2.21380e+00 | 66  0.00898 -6.48172e+00
 67  0.00483  7.03980e+00 | 68 -0.00869 -5.46719e-01 | 69  0.01464 -8.20847e-01
 70 -0.00615 -3.47079e+00 | 71  0.00906 -6.25739e+00 | 72 -0.01112  8.17257e-01
 73  0.01063  1.79534e+00 | 74 -0.00901  3.72563e+01 | 75  0.06003  2.52338e+01
 76 -0.05209  1.78806e+01 | 77  0.03638 -9.58050e+00 | 78 -0.00987 -3.41471e+01
 79 -0.04498 -1.30544e+01 | 80 -0.02077  5.47836e+01 | 81  0.00395 -1.59555e+01
 82 -0.00988  1.82005e+01 | 83 -0.02718  5.13288e+00 | 84  0.00098  1.02580e+01
 85  0.00598 -8.52336e+00 | 86 -0.01039  2.27406e+01 | 87  0.02868 -8.49626e+00
 88 -0.01550 -3.10270e+01 | 89 -0.02791 -1.11855e+01 | 90  0.05746  4.12309e+01
 91  0.04324 -4.89499e+00 | 92 -0.00579  1.01690e+00 | 93 -0.03451 -3.79371e+00
 94 -0.01124 -1.89223e+01 | 95  0.00871 -9.45736e+00 | 96 -0.00242  4.11934e+01
 97 -0.01214  4.79021e+00 | 98  0.01121 -2.18897e+01 | 99 -0.04310  1.76974e+01
100  0.00224 -2.32430e+01 |101  0.03386 -1.42683e+01 |102  0.02881 -5.65624e+00
103 -0.00092 -7.76809e+00 |104 -0.04460 -1.07146e+01 |105  0.15281 -4.63702e+01
106 -0.41278  7.12160e+01 |107 -0.10133  4.09855e+00 |108 -0.25388 -2.70278e+00
108 variables; iteration 80; function evaluation 94; phase 4
Function value 2.0375757e+03; maximum gradient component mag 1.0385e+02
Var    Value     Gradient |Var    Value     Gradient |Var    Value     Gradient
  1 -0.37825  5.37297e+00 |  2 -0.42220  1.03850e+02 |  3 -0.42389  3.65086e+01
  4  0.63375  5.07954e+00 |  5  0.00475  2.25183e-01 |  6 -0.00407  1.40387e+00
  7 -0.00706 -2.00871e+00 |  8 -0.00378 -6.72650e-01 |  9  0.00067 -3.18470e+00
 10  0.02318 -8.17682e-03 | 11  0.02512  2.95812e-01 | 12 -0.00633  4.36699e-01
 13 -0.01126 -9.87339e-01 | 14 -0.00903  1.13917e+00 | 15  0.00581 -1.36185e+00
 16  0.00060  2.68480e+00 | 17  0.02193 -3.01925e+00 | 18  0.00453 -6.18112e-01
 19 -0.02654 -4.39800e+00 | 20  0.00600 -3.21302e+00 | 21  0.00347  3.92799e+00
 22 -0.00167 -1.49774e+00 | 23 -0.01285 -2.50625e+00 | 24 -0.03238 -8.66803e-01
 25  0.01111  1.01963e+00 | 26  0.03777  4.54848e+00 | 27  0.01972  1.63339e+00
 28  0.02527 -2.85263e+00 | 29 -0.00999 -1.14619e+00 | 30 -0.00077 -2.97750e+00
 31  0.00329  3.29235e+00 | 32  0.02784 -3.46523e+00 | 33  0.02537 -6.38150e-02
 34  0.01020 -1.76374e+00 | 35 -0.00072 -1.94590e+00 | 36  0.01882  6.06476e-01
 37  0.00488  3.62762e+00 | 38 -0.00566 -1.43094e-01 | 39 -0.03004  1.79928e-01
 40  0.02009  3.02912e-01 | 41 -0.00832  1.72556e+00 | 42  0.01309  4.47431e+00
 43 -0.01700  5.50108e-01 | 44 -0.01657  7.89169e-02 | 45 -0.01145  9.72750e-01
 46  0.05548 -2.85175e-02 | 47 -0.04924 -1.76743e+00 | 48 -0.05940 -2.11496e+00
 49  0.03014 -2.01449e+00 | 50  0.00515  1.33696e+00 | 51 -0.01999  1.44068e+00
 52 -0.01154  2.52611e+00 | 53  0.01514  2.63547e+00 | 54 -0.02095 -5.33472e-01
 55 -0.00307  5.59955e-01 | 56 -0.01205  9.24744e-01 | 57 -0.01662  1.90327e+00
 58  0.02077 -1.05837e+00 | 59  0.00842 -1.72100e-01 | 60  0.00488 -8.84859e-01
 61 -0.02878  6.03246e-01 | 62  0.00259  1.36557e+00 | 63  0.03425 -1.65767e+00
 64 -0.02089  7.72014e-01 | 65 -0.00199 -1.70237e-01 | 66  0.00904 -2.89782e+00
 67  0.00468  3.81212e+00 | 68 -0.00890 -4.11664e+00 | 69  0.01463 -3.34665e-02
 70 -0.00620 -3.14154e+00 | 71  0.00919 -7.55052e-01 | 72 -0.01141 -4.18817e+00
 73  0.01055 -1.22057e-01 | 74 -0.00924  9.90709e+00 | 75  0.05992  7.20354e+00
 76 -0.05222  5.43755e+00 | 77  0.03641 -2.47602e+00 | 78 -0.00969 -9.83169e+00
 79 -0.04491 -4.38987e+00 | 80 -0.02113  1.43465e+01 | 81  0.00403 -4.25514e+00
 82 -0.01000  4.62989e+00 | 83 -0.02721  3.33692e+00 | 84  0.00090  2.56083e+00
 85  0.00601 -2.32580e+00 | 86 -0.01054  6.00216e+00 | 87  0.02871 -2.14867e+00
 88 -0.01535 -1.11356e+01 | 89 -0.02784 -3.03332e+00 | 90  0.05725  1.14634e+01
 91  0.04323 -2.13846e+00 | 92 -0.00572  1.18912e+01 | 93 -0.03451 -1.84856e+00
 94 -0.01132 -2.57226e+01 | 95  0.00880  3.63176e+00 | 96 -0.00271  7.88925e+00
 97 -0.01217  2.17435e+00 | 98  0.01139  1.25662e+00 | 99 -0.04322  5.80527e+00
100  0.00238 -7.28176e+00 |101  0.03394 -4.72360e+00 |102  0.02885 -1.35250e+00
103 -0.00087 -2.17715e+00 |104 -0.04453 -2.80793e+00 |105  0.15288 -1.10303e+01
106 -0.41286  1.83044e+01 |107 -0.10162  6.84402e-01 |108 -0.25410 -4.69175e+00
Maximum number of function evaluations exceeded

 - final statistics:
108 variables; iteration 86; function evaluation 100
Function value 2.0376e+03; maximum gradient component mag 1.0314e+02
Exit code = 3;  converg criter 1.0000e+00
Var    Value     Gradient |Var    Value     Gradient |Var    Value     Gradient
  1 -0.37825  5.33449e+00 |  2 -0.42220  1.03139e+02 |  3 -0.42389  3.62441e+01
  4  0.63374  5.02573e+00 |  5  0.00464 -7.97255e-02 |  6 -0.00388  1.70766e+00
  7 -0.00728 -2.38314e+00 |  8 -0.00372 -5.62359e-01 |  9  0.00063 -3.27979e+00
 10  0.02311 -2.14736e-01 | 11  0.02504  6.41971e-02 | 12 -0.00645  1.39091e-01
 13 -0.01118 -8.20198e-01 | 14 -0.00914  8.44747e-01 | 15  0.00569 -1.76518e+00
 16  0.00053  2.41897e+00 | 17  0.02197 -2.85565e+00 | 18  0.00463 -2.14431e-01
 19 -0.02635 -3.69671e+00 | 20  0.00598 -3.31198e+00 | 21  0.00350  4.15622e+00
 22 -0.00164 -1.29525e+00 | 23 -0.01286 -2.58857e+00 | 24 -0.03239 -9.84702e-01
 25  0.01111  9.84323e-01 | 26  0.03777  4.58063e+00 | 27  0.01972  1.53562e+00
 28  0.02527 -2.88154e+00 | 29 -0.00998 -1.12775e+00 | 30 -0.00078 -3.09512e+00
 31  0.00328  3.16282e+00 | 32  0.02784 -3.60285e+00 | 33  0.02537 -1.11658e-01
 34  0.01021 -1.68527e+00 | 35 -0.00070 -1.75174e+00 | 36  0.01882  6.96892e-01
 37  0.00488  3.49886e+00 | 38 -0.00566 -1.20563e-01 | 39 -0.03003  2.24655e-01
 40  0.02009  2.97748e-01 | 41 -0.00832  1.70670e+00 | 42  0.01310  4.57732e+00
 43 -0.01700  5.83466e-01 | 44 -0.01657  5.41596e-02 | 45 -0.01144  1.03491e+00
 46  0.05549  4.81382e-02 | 47 -0.04927 -2.03418e+00 | 48 -0.05938 -2.02328e+00
 49  0.03016 -1.67102e+00 | 50  0.00516  1.37713e+00 | 51 -0.01998  1.54729e+00
 52 -0.01155  2.37204e+00 | 53  0.01515  2.60146e+00 | 54 -0.02095 -5.66546e-01
 55 -0.00307  6.17486e-01 | 56 -0.01205  9.22863e-01 | 57 -0.01662  1.80025e+00
 58  0.02077 -1.00050e+00 | 59  0.00841 -3.67347e-01 | 60  0.00488 -8.98997e-01
 61 -0.02877  6.45656e-01 | 62  0.00259  1.35917e+00 | 63  0.03426 -1.64123e+00
 64 -0.02089  7.44563e-01 | 65 -0.00198 -9.34458e-02 | 66  0.00904 -2.86696e+00
 67  0.00468  3.78220e+00 | 68 -0.00888 -3.84306e+00 | 69  0.01463 -4.79120e-02
 70 -0.00619 -3.00412e+00 | 71  0.00920 -6.82099e-01 | 72 -0.01143 -4.58553e+00
 73  0.01055 -3.36085e-02 | 74 -0.00924  9.84823e+00 | 75  0.05992  7.15648e+00
 76 -0.05222  5.40741e+00 | 77  0.03641 -2.45933e+00 | 78 -0.00969 -9.76843e+00
 79 -0.04491 -4.36484e+00 | 80 -0.02113  1.42609e+01 | 81  0.00403 -4.22541e+00
 82 -0.01000  4.60463e+00 | 83 -0.02720  3.32110e+00 | 84  0.00090  2.54877e+00
 85  0.00601 -2.30933e+00 | 86 -0.01054  5.96875e+00 | 87  0.02871 -2.13330e+00
 88 -0.01535 -1.10716e+01 | 89 -0.02784 -3.01115e+00 | 90  0.05725  1.13965e+01
 91  0.04323 -2.12648e+00 | 92 -0.00572  1.18537e+01 | 93 -0.03451 -1.83985e+00
 94 -0.01131 -2.56145e+01 | 95  0.00880  3.62820e+00 | 96 -0.00271  7.83301e+00
 97 -0.01217  2.16350e+00 | 98  0.01139  1.26676e+00 | 99 -0.04322  5.77428e+00
100  0.00238 -7.24189e+00 |101  0.03394 -4.70113e+00 |102  0.02885 -1.34144e+00
103 -0.00087 -2.16270e+00 |104 -0.04453 -2.78731e+00 |105  0.15288 -1.09138e+01
106 -0.41286  1.82009e+01 |107 -0.10165  5.60712e-01 |108 -0.25412 -4.90345e+00

Initial statistics: 110 variables; iteration 0; function evaluation 0; phase 5
Function value 2.0375755e+03; maximum gradient component mag 1.0314e+02
Var    Value     Gradient |Var    Value     Gradient |Var    Value     Gradient
  1 -0.37825  5.33449e+00 |  2 -0.42220  1.03139e+02 |  3 -0.42389  3.62441e+01
  4 -0.41222 -8.64826e+00 |  5 -0.41222 -6.54474e+01 |  6  0.63374  5.02573e+00
  7  0.00464 -7.97255e-02 |  8 -0.00388  1.70766e+00 |  9 -0.00728 -2.38314e+00
 10 -0.00372 -5.62359e-01 | 11  0.00063 -3.27979e+00 | 12  0.02311 -2.23395e-01
 13  0.02504  5.55392e-02 | 14 -0.00645  1.30427e-01 | 15 -0.01118 -8.28862e-01
 16 -0.00914  8.36083e-01 | 17  0.00569 -1.77384e+00 | 18  0.00053  2.41030e+00
 19  0.02197 -2.86431e+00 | 20  0.00463 -2.23095e-01 | 21 -0.02635 -3.70536e+00
 22  0.00598 -3.32065e+00 | 23  0.00350  4.14756e+00 | 24 -0.00164 -1.30391e+00
 25 -0.01286 -2.59723e+00 | 26 -0.03239 -9.93355e-01 | 27  0.01111  9.75660e-01
 28  0.03777  4.57198e+00 | 29  0.01972  1.52695e+00 | 30  0.02527 -2.89019e+00
 31 -0.00998 -1.13642e+00 | 32 -0.00078 -3.10379e+00 | 33  0.00328  3.15416e+00
 34  0.02784 -3.61150e+00 | 35  0.02537 -1.20316e-01 | 36  0.01021 -1.69394e+00
 37 -0.00070 -1.76041e+00 | 38  0.01882  6.88231e-01 | 39  0.00488  3.49019e+00
 40 -0.00566 -1.29228e-01 | 41 -0.03003  2.16000e-01 | 42  0.02009  2.89087e-01
 43 -0.00832  1.69804e+00 | 44  0.01310  4.56866e+00 | 45 -0.01700  5.74805e-01
 46 -0.01657  4.54979e-02 | 47 -0.01144  1.02624e+00 | 48  0.05549  3.95065e-02
 49 -0.04927 -2.04282e+00 | 50 -0.05938 -2.03190e+00 | 51  0.03016 -1.67968e+00
 52  0.00516  1.36847e+00 | 53 -0.01998  1.53863e+00 | 54 -0.01155  2.36337e+00
 55  0.01515  2.59280e+00 | 56 -0.02095 -5.75206e-01 | 57 -0.00307  6.08821e-01
 58 -0.01205  9.14200e-01 | 59 -0.01662  1.79159e+00 | 60  0.02077 -1.00916e+00
 61  0.00841 -3.76011e-01 | 62  0.00488 -9.07662e-01 | 63 -0.02877  6.37000e-01
 64  0.00259  1.35051e+00 | 65  0.03426 -1.64988e+00 | 66 -0.02089  7.35903e-01
 67 -0.00198 -1.02110e-01 | 68  0.00904 -2.87563e+00 | 69  0.00468  3.77354e+00
 70 -0.00888 -3.85172e+00 | 71  0.01463 -5.65743e-02 | 72 -0.00619 -3.01279e+00
 73  0.00920 -6.90762e-01 | 74 -0.01143 -4.59419e+00 | 75  0.01055 -4.22720e-02
 76 -0.00925  9.83957e+00 | 77  0.05992  7.14785e+00 | 78 -0.05222  5.39877e+00
 79  0.03641 -2.46799e+00 | 80 -0.00969 -9.77710e+00 | 81 -0.04491 -4.37349e+00
 82 -0.02113  1.42522e+01 | 83  0.00403 -4.23408e+00 | 84 -0.01000  4.59596e+00
 85 -0.02721  3.31245e+00 | 86  0.00090  2.54010e+00 | 87  0.00601 -2.31800e+00
 88 -0.01054  5.96008e+00 | 89  0.02871 -2.14196e+00 | 90 -0.01535 -1.10803e+01
 91 -0.02784 -3.01980e+00 | 92  0.05725  1.13878e+01 | 93  0.04323 -2.13512e+00
 94 -0.00572  1.18450e+01 | 95 -0.03451 -1.84850e+00 | 96 -0.01131 -2.56232e+01
 97  0.00880  3.61954e+00 | 98 -0.00271  7.82434e+00 | 99 -0.01217  2.15484e+00
100  0.01139  1.25809e+00 |101 -0.04322  5.76564e+00 |102  0.00238 -7.25056e+00
103  0.03394 -4.70978e+00 |104  0.02885 -1.35010e+00 |105 -0.00087 -2.17136e+00
106 -0.04453 -2.79596e+00 |107  0.15288 -1.09138e+01 |108 -0.41286  1.82009e+01
109 -0.10165  5.60712e-01 |110 -0.25412 -4.90345e+00 |

Intermediate statistics: 110 variables; iteration 20; function evaluation 25; phase 5
Function value 2.0367476e+03; maximum gradient component mag -1.8346e+02
Var    Value     Gradient |Var    Value     Gradient |Var    Value     Gradient
  1 -0.39856 -7.02806e+00 |  2 -0.42650 -1.83459e+02 |  3 -0.41186 -3.60937e+01
  4 -0.41720 -7.26404e+00 |  5 -0.39198 -4.72326e+01 |  6  0.63458  3.47625e+01
  7  0.00519 -6.43462e-01 |  8 -0.00472 -2.07890e-02 |  9 -0.00583 -3.40924e-01
 10 -0.00327 -2.72746e-01 | 11  0.00232 -6.60446e-01 | 12  0.02331 -1.76874e+00
 13  0.02522 -1.76328e+00 | 14 -0.00640 -1.64745e+00 | 15 -0.01080 -1.87643e+00
 16 -0.00919 -1.49702e+00 | 17  0.00631 -2.59454e+00 | 18  0.00040 -8.18900e-01
 19  0.02257 -3.81162e+00 | 20  0.00486 -2.25451e+00 | 21 -0.02577 -3.66771e+00
 22  0.00641 -3.42815e+00 | 23  0.00301 -9.76646e-01 | 24 -0.00156 -1.52097e+00
 25 -0.01268 -1.08224e+00 | 26 -0.03245 -1.19237e+00 | 27  0.01095 -1.33672e+00
 28  0.03810  8.87879e+00 | 29  0.01968 -5.91500e-01 | 30  0.02512 -5.67637e+00
 31 -0.00992 -1.56181e+00 | 32 -0.00062 -1.79792e+00 | 33  0.00286 -2.29626e+00
 34  0.02754 -8.29187e+00 | 35  0.02545 -1.99306e+00 | 36  0.01040 -2.59468e+00
 37 -0.00051 -1.86344e+00 | 38  0.01903  5.14857e-01 | 39  0.00483  4.95570e-01
 40 -0.00584 -1.43598e+00 | 41 -0.03018 -9.09591e-01 | 42  0.02000 -1.40284e+00
 43 -0.00844 -1.27235e+00 | 44  0.01347  6.45402e+00 | 45 -0.01703 -1.86205e+00
 46 -0.01660 -1.88697e+00 | 47 -0.01160 -1.69166e+00 | 48  0.05590  9.37425e+00
 49 -0.04903 -1.32130e+00 | 50 -0.05921 -1.58398e+00 | 51  0.02993 -5.91034e+00
 52  0.00521  1.62495e+00 | 53 -0.02023 -2.60364e-01 | 54 -0.01178  9.35192e-01
 55  0.01531  7.91428e+00 | 56 -0.02087  6.95095e-01 | 57 -0.00283  3.01756e+00
 58 -0.01194  2.10347e+00 | 59 -0.01670  2.21462e+00 | 60  0.02088  4.05992e+00
 61  0.00873  6.85558e+00 | 62  0.00497  2.85861e+00 | 63 -0.02889  1.50768e+00
 64  0.00260  6.09984e+00 | 65  0.03424 -7.51681e+00 | 66 -0.02069  2.44555e+00
 67 -0.00221 -4.26710e+00 | 68  0.00831 -2.00500e+01 | 69  0.00518  2.12782e+01
 70 -0.00945 -1.34908e+01 | 71  0.01427 -6.67240e+00 | 72 -0.00685 -1.57380e+01
 73  0.00868 -1.39139e+01 | 74 -0.01215 -1.75334e+01 | 75  0.01025 -6.62442e+00
 76 -0.00941 -7.51337e+00 | 77  0.06026  6.91249e+01 | 78 -0.05212  1.68519e+01
 79  0.03640 -3.33903e+00 | 80 -0.00946  2.32892e+01 | 81 -0.04496 -2.24150e+00
 82 -0.02137 -5.60845e+00 | 83  0.00417  2.07684e+01 | 84 -0.01018 -9.37433e+00
 85 -0.02727 -1.35278e-01 | 86  0.00074 -1.13685e+01 | 87  0.00605  9.90041e+00
 88 -0.01066 -4.96709e+00 | 89  0.02870  4.94876e-02 | 90 -0.01519  1.06428e+01
 91 -0.02783  2.41559e-01 | 92  0.05718  3.34269e+00 | 93  0.04331  9.23558e+00
 94 -0.00584 -1.28932e+00 | 95 -0.03447  4.52068e+00 | 96 -0.01099  1.68769e+01
 97  0.00874 -4.79480e-01 | 98 -0.00284 -5.32183e+00 | 99 -0.01222 -1.30007e+00
100  0.01135 -1.42104e+00 |101 -0.04310  1.87661e+01 |102  0.00226 -2.04600e+01
103  0.03387 -1.52018e+01 |104  0.02881 -4.86613e+00 |105 -0.00092 -7.20953e+00
106 -0.04457 -8.33470e+00 |107  0.15429 -1.64547e+01 |108 -0.41217  2.80909e+01
109 -0.10404 -1.78359e+01 |110 -0.25428  1.68433e+01 |
110 variables; iteration 40; function evaluation 48; phase 5
Function value 2.0367404e+03; maximum gradient component mag -1.8047e+02
Var    Value     Gradient |Var    Value     Gradient |Var    Value     Gradient
  1 -0.39780 -6.28030e+00 |  2 -0.42654 -1.80469e+02 |  3 -0.41176 -3.51365e+01
  4 -0.42118 -9.05014e+00 |  5 -0.39118 -4.65546e+01 |  6  0.63456  3.43518e+01
  7  0.00522 -6.27592e-01 |  8 -0.00460  1.76359e-01 |  9 -0.00596 -5.67806e-01
 10 -0.00327 -2.97401e-01 | 11  0.00223 -8.77702e-01 | 12  0.02327 -2.02909e+00
 13  0.02520 -2.01691e+00 | 14 -0.00643 -1.88749e+00 | 15 -0.01086 -2.18773e+00
 16 -0.00920 -1.70368e+00 | 17  0.00621 -3.12793e+00 | 18  0.00041 -1.01850e+00
 19  0.02257 -4.10619e+00 | 20  0.00479 -2.82773e+00 | 21 -0.02586 -4.22080e+00
 22  0.00650 -3.20705e+00 | 23  0.00295 -1.69959e+00 | 24 -0.00155 -1.78104e+00
 25 -0.01268 -1.38285e+00 | 26 -0.03243 -1.25997e+00 | 27  0.01095 -1.57803e+00
 28  0.03810  8.66528e+00 | 29  0.01968 -7.94440e-01 | 30  0.02516 -5.45494e+00
 31 -0.00990 -1.66632e+00 | 32 -0.00063 -2.14857e+00 | 33  0.00288 -2.32516e+00
 34  0.02758 -7.90905e+00 | 35  0.02548 -2.11048e+00 | 36  0.01041 -2.78640e+00
 37 -0.00050 -2.20256e+00 | 38  0.01904  3.08959e-01 | 39  0.00484  3.88145e-01
 40 -0.00584 -1.74425e+00 | 41 -0.03015 -9.34402e-01 | 42  0.02001 -1.54370e+00
 43 -0.00842 -1.38209e+00 | 44  0.01344  5.64417e+00 | 45 -0.01703 -2.02461e+00
 46 -0.01659 -2.03459e+00 | 47 -0.01159 -1.82456e+00 | 48  0.05590  9.03331e+00
 49 -0.04903 -1.51063e+00 | 50 -0.05918 -1.63468e+00 | 51  0.02994 -6.28624e+00
 52  0.00520  1.28284e+00 | 53 -0.02023 -4.86650e-01 | 54 -0.01177  8.12486e-01
 55  0.01531  7.72490e+00 | 56 -0.02087  4.02852e-01 | 57 -0.00283  2.75602e+00
 58 -0.01194  1.85443e+00 | 59 -0.01669  2.01613e+00 | 60  0.02087  3.57437e+00
 61  0.00874  6.61103e+00 | 62  0.00496  2.53552e+00 | 63 -0.02889  1.43335e+00
 64  0.00260  5.77967e+00 | 65  0.03422 -8.10514e+00 | 66 -0.02070  2.32718e+00
 67 -0.00221 -4.50221e+00 | 68  0.00830 -2.06000e+01 | 69  0.00516  2.06854e+01
 70 -0.00946 -1.39722e+01 | 71  0.01432 -5.07583e+00 | 72 -0.00687 -1.61410e+01
 73  0.00868 -1.41034e+01 | 74 -0.01215 -1.78757e+01 | 75  0.01024 -7.01459e+00
 76 -0.00941 -7.25772e+00 | 77  0.06026  6.93620e+01 | 78 -0.05211  1.82138e+01
 79  0.03640 -3.20930e+00 | 80 -0.00947  2.14124e+01 | 81 -0.04497 -3.98087e+00
 82 -0.02138 -6.73339e+00 | 83  0.00416  1.97369e+01 | 84 -0.01017 -8.54348e+00
 85 -0.02726  2.20064e-01 | 86  0.00069 -1.79976e+01 | 87  0.00606  1.09116e+01
 88 -0.01065 -3.87079e+00 | 89  0.02881  1.56610e+01 | 90 -0.01517  1.25277e+01
 91 -0.02782  1.01529e+00 | 92  0.05718  5.55591e+00 | 93  0.04324 -4.95628e-01
 94 -0.00582  4.06468e-01 | 95 -0.03446  5.75174e+00 | 96 -0.01098  1.77637e+01
 97  0.00874  4.59625e-01 | 98 -0.00284 -4.87051e+00 | 99 -0.01222 -2.31170e-02
100  0.01135 -3.26400e-01 |101 -0.04310  1.84013e+01 |102  0.00229 -1.69966e+01
103  0.03390 -1.23175e+01 |104  0.02879 -7.59610e+00 |105 -0.00095 -1.04783e+01
106 -0.04459 -9.95201e+00 |107  0.15455 -1.74281e+01 |108 -0.41200  2.96511e+01
109 -0.10381 -1.66307e+01 |110 -0.25420  1.63172e+01 |
110 variables; iteration 60; function evaluation 72; phase 5
Function value 2.0365124e+03; maximum gradient component mag -4.6850e+01
Var    Value     Gradient |Var    Value     Gradient |Var    Value     Gradient
  1 -0.40006 -1.67556e+00 |  2 -0.42732 -4.68498e+01 |  3 -0.40988 -8.50855e+00
  4 -0.42124 -2.94624e+00 |  5 -0.38414 -1.43249e+01 |  6  0.63442  1.32465e+01
  7  0.00522 -3.80966e-01 |  8 -0.00502 -4.83273e-01 |  9 -0.00560  1.02597e-01
 10 -0.00323 -1.50078e-01 | 11  0.00214 -9.56965e-01 | 12  0.02334 -5.61259e-01
 13  0.02518 -7.14258e-01 | 14 -0.00646 -6.74852e-01 | 15 -0.01057 -2.03560e-01
 16 -0.00945 -1.05144e+00 | 17  0.00637 -1.15122e+00 | 18  0.00028 -1.05404e-02
 19  0.02293 -6.91974e-01 | 20  0.00506  1.90696e-02 | 21 -0.02557 -1.63558e+00
 22  0.00658 -8.55095e-01 | 23  0.00281 -7.19163e-01 | 24 -0.00155  2.19377e-01
 25 -0.01281 -3.04510e-01 | 26 -0.03253 -1.50718e-01 | 27  0.01074 -2.49168e+00
 28  0.03749 -1.48268e+00 | 29  0.01960 -1.43100e-01 | 30  0.02550  2.64346e+00
 31 -0.01020 -2.86095e+00 | 32 -0.00063 -1.56639e-01 | 33  0.00269 -2.56372e+00
 34  0.02765 -4.11089e+00 | 35  0.02546 -1.17091e+00 | 36  0.01039 -2.52866e+00
 37 -0.00056 -1.98346e+00 | 38  0.01898 -1.41733e-01 | 39  0.00485  1.60404e+00
 40 -0.00591 -5.24416e-01 | 41 -0.03033 -8.05365e-01 | 42  0.01998 -5.73692e-01
 43 -0.00844 -6.03741e-01 | 44  0.01343  5.44927e+00 | 45 -0.01693 -7.82708e-02
 46 -0.01655 -5.67925e-01 | 47 -0.01160 -8.25048e-01 | 48  0.05572  2.95496e+00
 49 -0.04895 -1.33489e-01 | 50 -0.05912 -1.75990e-01 | 51  0.03002 -3.08018e+00
 52  0.00507 -3.73712e-01 | 53 -0.02027  2.21525e-01 | 54 -0.01198 -9.59434e-01
 55  0.01508  3.44504e+00 | 56 -0.02092  3.35551e-02 | 57 -0.00282  2.26748e+00
 58 -0.01194  1.50462e+00 | 59 -0.01674  1.38632e+00 | 60  0.02082  4.97657e-01
 61  0.00851 -9.26077e-01 | 62  0.00494  8.23502e-01 | 63 -0.02886  2.61843e+00
 64  0.00258  5.30109e+00 | 65  0.03444 -3.31249e+00 | 66 -0.02057  3.81168e+00
 67 -0.00219 -3.15272e+00 | 68  0.00880 -6.36485e+00 | 69  0.00465  5.86124e+00
 70 -0.00898 -2.66513e+00 | 71  0.01440 -2.06588e+00 | 72 -0.00660 -8.97129e+00
 73  0.00897 -4.01968e+00 | 74 -0.01172 -7.04404e+00 | 75  0.01036 -2.86006e+00
 76 -0.00924  1.32393e+01 | 77  0.05998  2.39314e+01 | 78 -0.05221  7.46109e+00
 79  0.03642 -1.48718e+00 | 80 -0.00950  1.79044e+01 | 81 -0.04496 -1.36438e+00
 82 -0.02153 -2.28912e+01 | 83  0.00407  9.01200e+00 | 84 -0.01007  3.54182e+00
 85 -0.02746 -2.17515e+01 | 86  0.00080 -4.22653e+00 | 87  0.00599  2.64293e+00
 88 -0.01055  7.58487e+00 | 89  0.02875  5.61259e+00 | 90 -0.01528 -8.53534e-01
 91 -0.02792 -9.33986e+00 | 92  0.05719  3.22128e+00 | 93  0.04327  3.06109e-01
 94 -0.00577  5.21813e+00 | 95 -0.03445  6.42028e+00 | 96 -0.01111  2.79190e+00
 97  0.00875  6.94601e-01 | 98 -0.00281 -2.70380e+00 | 99 -0.01227 -5.65855e+00
100  0.01142  6.77957e+00 |101 -0.04322  6.55410e+00 |102  0.00241 -4.79714e+00
103  0.03398 -3.85319e+00 |104  0.02883 -1.68533e+00 |105 -0.00089 -4.01529e+00
106 -0.04453 -2.68824e+00 |107  0.15479 -1.12248e+01 |108 -0.41215  1.39882e+01
109 -0.10304 -6.58185e+00 |110 -0.25378  8.22252e+00 |
110 variables; iteration 80; function evaluation 97; phase 5
Function value 2.0364855e+03; maximum gradient component mag -2.5713e+01
Var    Value     Gradient |Var    Value     Gradient |Var    Value     Gradient
  1 -0.40049 -7.85833e-01 |  2 -0.42751 -2.57131e+01 |  3 -0.40945 -4.33430e+00
  4 -0.42125 -1.56420e+00 |  5 -0.38262 -8.19108e+00 |  6  0.63438  7.53851e+00
  7  0.00539  2.31164e-01 |  8 -0.00417  9.74976e-01 |  9 -0.00518  8.56085e-01
 10 -0.00317 -4.21419e-03 | 11  0.00261  6.44422e-03 | 12  0.02332 -3.04073e-01
 13  0.02527 -1.68056e-01 | 14 -0.00641 -2.44713e-01 | 15 -0.01086 -5.79826e-01
 16 -0.00895  5.93312e-01 | 17  0.00638 -7.81547e-01 | 18  0.00011 -2.31259e-01
 19  0.02271 -1.31914e+00 | 20  0.00492 -2.46261e-01 | 21 -0.02528 -1.94358e-01
 22  0.00677  6.77619e-01 | 23  0.00283 -1.28972e-01 | 24 -0.00173 -6.29576e-01
 25 -0.01285 -9.18345e-02 | 26 -0.03266 -5.83818e-01 | 27  0.01087 -5.11455e-01
 28  0.03744 -2.21586e+00 | 29  0.01959  8.97792e-02 | 30  0.02543  1.95871e+00
 31 -0.01015 -2.03425e+00 | 32 -0.00067 -3.29389e-01 | 33  0.00279 -9.79235e-01
 34  0.02773 -2.12435e+00 | 35  0.02551 -7.60102e-02 | 36  0.01052 -6.87567e-01
 37 -0.00046 -4.91062e-01 | 38  0.01911  2.15413e+00 | 39  0.00480  9.79385e-01
 40 -0.00592 -1.48450e-01 | 41 -0.03038 -8.97637e-01 | 42  0.02000  3.09486e-01
 43 -0.00850 -1.06911e+00 | 44  0.01328  2.82451e+00 | 45 -0.01709 -1.67835e+00
 46 -0.01661 -9.30057e-01 | 47 -0.01162 -6.68218e-01 | 48  0.05567  1.25002e+00
 49 -0.04899 -2.19959e-01 | 50 -0.05924 -7.26657e-01 | 51  0.03001 -2.98312e+00
 52  0.00515  9.66985e-01 | 53 -0.02040 -9.42945e-01 | 54 -0.01195 -4.97769e-01
 55  0.01504  2.58840e+00 | 56 -0.02087  6.18023e-01 | 57 -0.00285  1.39458e+00
 58 -0.01194  1.28543e+00 | 59 -0.01677  9.29130e-01 | 60  0.02090  2.02395e+00
 61  0.00855 -4.29529e-01 | 62  0.00497  9.44233e-01 | 63 -0.02891  1.80027e+00
 64  0.00243  9.57599e-01 | 65  0.03451 -1.66882e+00 | 66 -0.02079 -1.05945e+00
 67 -0.00212 -1.47349e+00 | 68  0.00888 -4.17348e+00 | 69  0.00457  3.20752e+00
 70 -0.00893 -1.78611e+00 | 71  0.01443 -1.14272e+00 | 72 -0.00643 -4.67571e+00
 73  0.00904 -2.00999e+00 | 74 -0.01161 -4.56377e+00 | 75  0.01044 -6.52483e-01
 76 -0.00927  8.39232e+00 | 77  0.05992  1.35454e+01 | 78 -0.05224  4.18567e+00
 79  0.03643 -7.73918e-01 | 80 -0.00956  1.04111e+01 | 81 -0.04497 -1.03313e+00
 82 -0.02146 -1.35760e+01 | 83  0.00404  5.20209e+00 | 84 -0.01009  2.11936e+00
 85 -0.02738 -1.25006e+01 | 86  0.00082 -2.34747e+00 | 87  0.00598  1.58988e+00
 88 -0.01058  3.83746e+00 | 89  0.02874  3.25865e+00 | 90 -0.01529 -1.35681e+00
 91 -0.02787 -4.23852e+00 | 92  0.05719  1.83479e+00 | 93  0.04328  2.39626e-01
 94 -0.00578  3.35574e+00 | 95 -0.03448  3.15003e+00 | 96 -0.01112  1.95305e+00
 97  0.00875  4.44539e-01 | 98 -0.00280 -8.96690e-01 | 99 -0.01226 -4.49547e+00
100  0.01140  4.30801e+00 |101 -0.04325  3.67788e+00 |102  0.00242 -2.74649e+00
103  0.03399 -2.18970e+00 |104  0.02884 -9.75709e-01 |105 -0.00088 -2.27846e+00
106 -0.04452 -1.53763e+00 |107  0.15498 -5.80384e+00 |108 -0.41211  8.74745e+00
109 -0.10291 -3.88522e+00 |110 -0.25373  4.78161e+00 |
110 variables; iteration 100; function evaluation 127; phase 5
Function value 2.0364732e+03; maximum gradient component mag -3.8851e+00
Var    Value     Gradient |Var    Value     Gradient |Var    Value     Gradient
  1 -0.40096 -1.39655e-01 |  2 -0.42770 -3.88511e+00 |  3 -0.40900 -4.36358e-01
  4 -0.42129 -2.99894e-01 |  5 -0.38097 -1.51348e+00 |  6  0.63434  1.89589e+00
  7  0.00528 -2.23168e-01 |  8 -0.00506 -5.44113e-01 |  9 -0.00601 -5.82601e-01
 10 -0.00352 -6.87900e-01 | 11  0.00272  1.99425e-01 | 12  0.02329 -1.22681e-01
 13  0.02548  5.97931e-01 | 14 -0.00642 -7.62088e-03 | 15 -0.01115 -1.04670e+00
 16 -0.00945 -4.74673e-01 | 17  0.00666  3.45424e-01 | 18  0.00029  6.31582e-01
 19  0.02255 -1.85217e+00 | 20  0.00500  3.63103e-01 | 21 -0.02549 -7.29517e-01
 22  0.00654 -4.20529e-01 | 23  0.00283  1.66258e-01 | 24 -0.00163  5.10814e-01
 25 -0.01281  6.40392e-01 | 26 -0.03262  7.27937e-02 | 27  0.01078 -1.10560e+00
 28  0.03759  1.17173e+00 | 29  0.01955 -1.36697e-01 | 30  0.02527 -5.36755e-02
 31 -0.00990  8.22658e-01 | 32 -0.00067  1.54357e-01 | 33  0.00281 -1.75233e-01
 34  0.02781 -1.22977e-01 | 35  0.02533 -2.82454e+00 | 36  0.01054 -2.37127e-01
 37 -0.00047 -4.91459e-01 | 38  0.01885 -2.43185e+00 | 39  0.00471 -1.43086e-01
 40 -0.00591  4.22666e-01 | 41 -0.03043 -8.87869e-01 | 42  0.02002  1.00719e+00
 43 -0.00838  5.30331e-01 | 44  0.01316  7.28242e-01 | 45 -0.01688  8.51807e-01
 46 -0.01651  2.76205e-01 | 47 -0.01156  7.81814e-02 | 48  0.05567  6.18926e-01
 49 -0.04892  3.89579e-01 | 50 -0.05916 -5.40181e-02 | 51  0.03018  1.02163e+00
 52  0.00511  1.29326e-01 | 53 -0.02034 -1.62688e-01 | 54 -0.01194 -2.74590e-01
 55  0.01490 -2.06394e-01 | 56 -0.02100 -9.86278e-01 | 57 -0.00285  1.00859e+00
 58 -0.01203 -1.78192e-01 | 59 -0.01677  8.59267e-01 | 60  0.02082 -4.08084e-01
 61  0.00861  4.59005e-01 | 62  0.00492 -5.54330e-01 | 63 -0.02904 -2.58743e-01
 64  0.00241  8.06121e-02 | 65  0.03457 -4.02634e-01 | 66 -0.02061  2.35860e+00
 67 -0.00210 -8.60845e-01 | 68  0.00900 -7.93145e-01 | 69  0.00448  5.70695e-01
 70 -0.00885 -1.68394e-01 | 71  0.01446 -2.37723e-01 | 72 -0.00629 -1.37364e+00
 73  0.00908 -5.04033e-01 | 74 -0.01141  4.66946e-02 | 75  0.01045 -3.37719e-01
 76 -0.00933  1.68633e+00 | 77  0.05986  2.70185e+00 | 78 -0.05227  8.08104e-01
 79  0.03644 -1.12489e-01 | 80 -0.00963  2.04695e+00 | 81 -0.04496 -2.32163e-01
 82 -0.02137 -2.70771e+00 | 83  0.00400  1.02368e+00 | 84 -0.01010  4.34543e-01
 85 -0.02729 -2.49887e+00 | 86  0.00083 -4.50619e-01 | 87  0.00598  3.06150e-01
 88 -0.01060  7.58218e-01 | 89  0.02873  6.44233e-01 | 90 -0.01528 -3.01072e-01
 91 -0.02784 -8.63138e-01 | 92  0.05719  3.70159e-01 | 93  0.04328  6.36774e-02
 94 -0.00580  6.55620e-01 | 95 -0.03451  6.58763e-01 | 96 -0.01113  3.47401e-01
 97  0.00875  1.10029e-01 | 98 -0.00279 -1.76718e-01 | 99 -0.01223 -9.67839e-01
100  0.01137  8.38561e-01 |101 -0.04328  7.09640e-01 |102  0.00244 -5.52762e-01
103  0.03401 -4.36392e-01 |104  0.02884 -2.13051e-01 |105 -0.00086 -4.52206e-01
106 -0.04451 -3.21206e-01 |107  0.15510 -1.23532e+00 |108 -0.41212  1.72676e+00
109 -0.10271 -6.17407e-01 |110 -0.25363  1.13111e+00 |

 - final statistics:
110 variables; iteration 119; function evaluation 157
Function value 2.0365e+03; maximum gradient component mag -9.3937e-06
Exit code = 1;  converg criter 1.0000e-04
Var    Value     Gradient |Var    Value     Gradient |Var    Value     Gradient
  1 -0.40105  3.13609e-07 |  2 -0.42775 -9.39369e-06 |  3 -0.40890 -1.40718e-06
  4 -0.42131  3.43163e-09 |  5 -0.38058 -4.77007e-07 |  6  0.63433 -5.94504e-06
  7  0.00533 -8.10530e-08 |  8 -0.00475 -6.95028e-08 |  9 -0.00568  3.07610e-08
 10 -0.00316 -2.70931e-08 | 11  0.00261 -4.69224e-09 | 12  0.02330  1.98379e-07
 13  0.02520  1.69134e-07 | 14 -0.00646  1.16160e-07 | 15 -0.01076  5.66406e-08
 16 -0.00931  1.39363e-07 | 17  0.00651  1.16349e-07 | 18  0.00007  7.42217e-08
 19  0.02291  6.93559e-08 | 20  0.00488  1.98398e-07 | 21 -0.02533  2.21246e-07
 22  0.00658  5.21656e-08 | 23  0.00278  2.22010e-07 | 24 -0.00172 -3.17134e-08
 25 -0.01291  8.51183e-08 | 26 -0.03265  1.65518e-07 | 27  0.01085  4.27745e-07
 28  0.03752 -5.03763e-08 | 29  0.01955  2.83227e-07 | 30  0.02527  6.29623e-08
 31 -0.00999 -2.74450e-09 | 32 -0.00069 -5.37405e-07 | 33  0.00282 -2.50700e-08
 34  0.02781 -5.96619e-08 | 35  0.02549  1.40726e-07 | 36  0.01055 -4.56187e-08
 37 -0.00044 -5.57398e-08 | 38  0.01898  8.91443e-08 | 39  0.00472 -1.76266e-07
 40 -0.00595  1.03013e-06 | 41 -0.03033  1.23545e-07 | 42  0.01996 -1.03432e-07
 43 -0.00843  8.93421e-07 | 44  0.01312 -6.18563e-08 | 45 -0.01696  2.52847e-07
 46 -0.01655  1.24274e-07 | 47 -0.01158 -1.92577e-06 | 48  0.05564 -2.38695e-07
 49 -0.04898  1.59877e-07 | 50 -0.05917  1.85683e-07 | 51  0.03013 -1.47604e-07
 52  0.00510 -9.54800e-08 | 53 -0.02034  2.03559e-07 | 54 -0.01192  8.17909e-08
 55  0.01491 -8.49335e-08 | 56 -0.02092 -1.71694e-07 | 57 -0.00291  6.13589e-08
 58 -0.01201  2.66206e-07 | 59 -0.01683 -6.16530e-08 | 60  0.02085 -2.28461e-07
 61  0.00860 -5.23340e-08 | 62  0.00495 -1.46148e-07 | 63 -0.02903  6.20026e-08
 64  0.00241 -6.54732e-08 | 65  0.03459 -8.07170e-08 | 66 -0.02072  5.48691e-08
 67 -0.00206  4.49381e-09 | 68  0.00903 -6.59798e-08 | 69  0.00446 -5.11407e-08
 70 -0.00885  1.52691e-08 | 71  0.01447 -1.14629e-07 | 72 -0.00624 -1.12834e-08
 73  0.00910 -4.72313e-08 | 74 -0.01142  5.66887e-08 | 75  0.01046 -9.24130e-08
 76 -0.00934 -1.33199e-07 | 77  0.05984 -1.35551e-06 | 78 -0.05227 -8.64931e-08
 79  0.03644  1.33587e-07 | 80 -0.00965 -3.32715e-07 | 81 -0.04496 -1.23036e-08
 82 -0.02135  1.64849e-07 | 83  0.00400 -3.02618e-07 | 84 -0.01010 -1.97594e-08
 85 -0.02727  1.02275e-07 | 86  0.00084  3.01681e-08 | 87  0.00597 -1.51998e-07
 88 -0.01061  3.73564e-09 | 89  0.02872 -1.84017e-07 | 90 -0.01527 -1.30853e-07
 91 -0.02784 -1.74534e-08 | 92  0.05719 -6.28207e-07 | 93  0.04329  1.10647e-07
 94 -0.00581  1.53535e-07 | 95 -0.03451 -1.06350e-08 | 96 -0.01114 -2.86986e-07
 97  0.00874  1.44291e-07 | 98 -0.00279  1.86322e-07 | 99 -0.01222  1.50789e-07
100  0.01136  1.42099e-07 |101 -0.04329  8.43362e-08 |102  0.00245  1.78637e-07
103  0.03401  1.91334e-07 |104  0.02884  1.46374e-07 |105 -0.00086  1.42497e-07
106 -0.04451  1.07398e-07 |107  0.15513 -5.62810e-06 |108 -0.41212  7.50786e-06
109 -0.10270 -1.16892e-06 |110 -0.25363  2.31539e-06 |

 - final statistics:
122 variables; iteration 0; function evaluation 0
Function value 2.0365e+03; maximum gradient component mag -9.3938e-06
Exit code = 0;  converg criter 1.0000e-04
Var    Value     Gradient |Var    Value     Gradient |Var    Value     Gradient
  1 -0.40105  3.13615e-07 |  2 -0.42775 -9.39380e-06 |  3 -0.40890 -1.40720e-06
  4 -0.42131  3.43207e-09 |  5 -0.38058 -4.77009e-07 |  6  0.63433 -5.94523e-06
  7  0.00533 -8.10533e-08 |  8 -0.00475 -6.95029e-08 |  9 -0.00568  3.07609e-08
 10 -0.00316 -2.70932e-08 | 11  0.00261 -4.69240e-09 | 12  0.02330  1.96852e-07
 13  0.02520  1.67607e-07 | 14 -0.00646  1.14632e-07 | 15 -0.01076  5.51128e-08
 16 -0.00931  1.37835e-07 | 17  0.00651  1.14821e-07 | 18  0.00007  7.26934e-08
 19  0.02291  6.78276e-08 | 20  0.00488  1.96870e-07 | 21 -0.02533  2.19719e-07
 22  0.00658  5.06367e-08 | 23  0.00278  2.20481e-07 | 24 -0.00172 -3.32430e-08
 25 -0.01291  8.35892e-08 | 26 -0.03265  1.63991e-07 | 27  0.01085  4.26215e-07
 28  0.03752 -5.19053e-08 | 29  0.01955  2.81697e-07 | 30  0.02527  6.14320e-08
 31 -0.00999 -4.27387e-09 | 32 -0.00069 -5.38935e-07 | 33  0.00282 -2.65990e-08
 34  0.02781 -6.11919e-08 | 35  0.02549  1.39195e-07 | 36  0.01055 -4.71496e-08
 37 -0.00044 -5.72705e-08 | 38  0.01898  8.76129e-08 | 39  0.00472 -1.77798e-07
 40 -0.00595  1.02860e-06 | 41 -0.03033  1.22016e-07 | 42  0.01996 -1.04964e-07
 43 -0.00843  8.91890e-07 | 44  0.01312 -6.33889e-08 | 45 -0.01696  2.51316e-07
 46 -0.01655  1.22743e-07 | 47 -0.01158 -1.92730e-06 | 48  0.05564 -2.40228e-07
 49 -0.04898  1.58352e-07 | 50 -0.05917  1.84159e-07 | 51  0.03013 -1.49140e-07
 52  0.00510 -9.70137e-08 | 53 -0.02034  2.02027e-07 | 54 -0.01192  8.02580e-08
 55  0.01491 -8.64707e-08 | 56 -0.02092 -1.73227e-07 | 57 -0.00291  5.98230e-08
 58 -0.01201  2.64672e-07 | 59 -0.01683 -6.31873e-08 | 60  0.02085 -2.30002e-07
 61  0.00860 -5.38741e-08 | 62  0.00495 -1.47687e-07 | 63 -0.02903  6.04699e-08
 64  0.00241 -6.70115e-08 | 65  0.03459 -8.22603e-08 | 66 -0.02072  5.33351e-08
 67 -0.00206  2.95702e-09 | 68  0.00903 -6.75195e-08 | 69  0.00446 -5.26792e-08
 70 -0.00885  1.37327e-08 | 71  0.01447 -1.16169e-07 | 72 -0.00624 -1.28209e-08
 73  0.00910 -4.87701e-08 | 74 -0.01142  5.51528e-08 | 75  0.01046 -9.39517e-08
 76 -0.00934 -1.34735e-07 | 77  0.05984 -1.35706e-06 | 78 -0.05227 -8.80206e-08
 79  0.03644  1.32043e-07 | 80 -0.00965 -3.34252e-07 | 81 -0.04496 -1.38334e-08
 82 -0.02135  1.63314e-07 | 83  0.00400 -3.04158e-07 | 84 -0.01010 -2.12974e-08
 85 -0.02727  1.00743e-07 | 86  0.00084  2.86305e-08 | 87  0.00597 -1.53536e-07
 88 -0.01061  2.20155e-09 | 89  0.02872 -1.85538e-07 | 90 -0.01527 -1.32386e-07
 91 -0.02784 -1.89830e-08 | 92  0.05719 -6.29742e-07 | 93  0.04329  1.09112e-07
 94 -0.00581  1.52003e-07 | 95 -0.03451 -1.21628e-08 | 96 -0.01114 -2.88516e-07
 97  0.00874  1.42762e-07 | 98 -0.00279  1.84793e-07 | 99 -0.01222  1.49262e-07
100  0.01136  1.40559e-07 |101 -0.04329  8.28124e-08 |102  0.00245  1.77111e-07
103  0.03401  1.89810e-07 |104  0.02884  1.44848e-07 |105 -0.00086  1.40969e-07
106 -0.04451  1.05874e-07 |107  0.00000  0.00000e+00 |108  0.00000  0.00000e+00
109  0.00000  0.00000e+00 |110  0.00000  0.00000e+00 |111  0.00000  0.00000e+00
112  0.00000  0.00000e+00 |113  0.00000  0.00000e+00 |114  0.00000  0.00000e+00
115  0.00000  0.00000e+00 |116  0.00000  0.00000e+00 |117  0.00000  0.00000e+00
118  0.00000  0.00000e+00 |119  0.15513 -5.62817e-06 |120 -0.41212  7.50795e-06
121 -0.10270 -1.16894e-06 |122 -0.25363  2.31543e-06 |
size of file gradfil1.tmp = 0
size of file gradfil2.tmp = 0
size of file varssave.tmp = 0
size of file cmpdiff.tmp = 0
