
Initial statistics: 1 variables; iteration 0; function evaluation 0; phase 1
Function value 2.8659400e+03; maximum gradient component mag -5.2243e+03
Var    Value     Gradient |Var    Value     Gradient |Var    Value     Gradient
  1  0.63197 -5.22427e+03 |

 - final statistics:
1 variables; iteration 4; function evaluation 7
Function value 2.8436e+03; maximum gradient component mag -9.0712e-01
Exit code = 1;  converg criter 1.0000e+01
Var    Value     Gradient |Var    Value     Gradient |Var    Value     Gradient
  1  0.64118 -9.07117e-01 |

Initial statistics: 98 variables; iteration 0; function evaluation 0; phase 2
Function value 2.8435618e+03; maximum gradient component mag -3.6255e+03
Var    Value     Gradient |Var    Value     Gradient |Var    Value     Gradient
  1  0.64118 -9.07117e-01 |  2  0.00000 -2.10016e+01 |  3  0.00000 -2.75920e+01
  4  0.00000  4.97607e+01 |  5  0.00000  6.39359e+01 |  6  0.00000  6.53367e+01
  7  0.00000  2.30977e+01 |  8  0.00000  4.78587e+01 |  9  0.00000 -4.47339e+01
 10  0.00000  3.84956e+01 | 11  0.00000  1.75793e+02 | 12  0.00000  3.87014e+01
 13  0.00000  6.86932e+01 | 14  0.00000  1.09842e+02 | 15  0.00000  2.07610e+02
 16  0.00000  3.69836e+02 | 17  0.00000 -1.97491e+01 | 18  0.00000 -4.63902e+02
 19  0.00000 -1.61685e+02 | 20  0.00000 -2.36198e+02 | 21  0.00000  2.38482e+02
 22  0.00000  1.56388e+02 | 23  0.00000  4.54934e+01 | 24  0.00000 -3.45951e+02
 25  0.00000 -3.10753e+02 | 26  0.00000 -6.61345e+01 | 27  0.00000  8.84049e+01
 28  0.00000 -2.01467e+02 | 29  0.00000  3.33820e+01 | 30  0.00000  1.81875e+02
 31  0.00000  4.29693e+02 | 32  0.00000 -2.24705e+02 | 33  0.00000  1.87872e+02
 34  0.00000 -1.09524e+02 | 35  0.00000  3.28827e+02 | 36  0.00000  3.22513e+02
 37  0.00000  2.32031e+02 | 38  0.00000 -1.11896e+03 | 39  0.00000  5.99995e+02
 40  0.00000  6.95922e+02 | 41  0.00000 -4.53208e+02 | 42  0.00000  2.24687e+01
 43  0.00000  3.77014e+02 | 44  0.00000  2.73776e+02 | 45  0.00000 -1.40154e+02
 46  0.00000  4.01296e+02 | 47  0.00000  1.82097e+02 | 48  0.00000  3.32023e+02
 49  0.00000  4.01681e+02 | 50  0.00000 -3.13132e+02 | 51  0.00000 -3.62454e+01
 52  0.00000  6.57983e+01 | 53  0.00000  7.54991e+02 | 54  0.00000  6.23575e+01
 55  0.00000 -1.11013e+03 | 56  0.00000  6.22203e+02 | 57  0.00000  1.87770e+02
 58  0.00000 -1.31963e+02 | 59  0.00000 -1.60175e+01 | 60  0.00000  3.17929e+02
 61  0.00000 -3.33749e+02 | 62  0.00000  2.55618e+02 | 63  0.00000 -1.34879e+02
 64  0.00000  3.76868e+02 | 65  0.00000 -1.81071e+02 | 66  0.00000  6.11295e+02
 67  0.00000 -3.62551e+03 | 68  0.00000  2.05060e+03 | 69  0.00000 -2.02953e+03
 70  0.00000  1.82020e+02 | 71  0.00000  1.88815e+03 | 72  0.00000  1.03494e+03
 73  0.00000 -4.38732e+02 | 74  0.00000  4.48368e+02 | 75  0.00000  1.14528e+03
 76  0.00000 -3.41157e+00 | 77  0.00000 -2.51518e+02 | 78  0.00000  5.05718e+02
 79  0.00000 -1.40048e+03 | 80  0.00000  6.39213e+02 | 81  0.00000  1.05881e+03
 82  0.00000 -3.24169e+03 | 83  0.00000 -2.73786e+03 | 84  0.00000  3.46990e+01
 85  0.00000  1.28464e+03 | 86  0.00000  8.58900e+02 | 87  0.00000 -5.61408e+02
 88  0.00000  1.80895e+02 | 89  0.00000  4.56826e+02 | 90  0.00000 -5.37902e+02
 91  0.00000  1.44830e+03 | 92  0.00000 -9.40637e+00 | 93  0.00000 -9.51501e+02
 94  0.00000 -7.08151e+02 | 95  0.00000  1.05075e+02 | 96  0.00000  1.04613e+03
 97  0.14825  1.52384e+02 | 98 -0.09833  7.47380e+02 |

Intermediate statistics: 98 variables; iteration 20; function evaluation 30; phase 2
Function value 2.5338070e+03; maximum gradient component mag -3.3807e+03
Var    Value     Gradient |Var    Value     Gradient |Var    Value     Gradient
  1  0.65173  6.08081e+02 |  2  0.01441  1.71998e+01 |  3  0.01483  1.51636e+01
  4 -0.04034 -3.98637e+01 |  5 -0.04326 -3.82193e+01 |  6 -0.03299 -1.94261e+01
  7 -0.00618  1.21541e+01 |  8 -0.01047  2.06686e+01 |  9  0.01470  4.26069e+01
 10 -0.00420  3.53059e+01 | 11 -0.02886  5.18000e+01 | 12 -0.00376  3.79698e+01
 13 -0.00871  3.21625e+01 | 14 -0.01329  3.19425e+01 | 15 -0.02289  4.09113e+01
 16 -0.04102  4.51880e+01 | 17 -0.00309  1.20566e+01 | 18  0.01819 -8.21222e+01
 19  0.00414 -5.14186e+00 | 20  0.00961 -7.75650e+00 | 21 -0.01987  5.85367e+01
 22 -0.01139  4.84296e+01 | 23 -0.00569  2.61248e+01 | 24  0.01562 -3.69531e+01
 25  0.01374 -2.92698e+01 | 26  0.00163  2.30060e+01 | 27 -0.00806  3.77047e+01
 28  0.00844  9.19429e-02 | 29 -0.00239  5.56293e+01 | 30 -0.01170  6.48166e+01
 31 -0.02865  1.21213e+02 | 32  0.00867 -1.21300e+01 | 33 -0.01452  5.70720e+01
 34  0.00304  1.34915e+01 | 35 -0.01978  1.02796e+02 | 36 -0.01931  1.04572e+02
 37 -0.01642  7.85883e+01 | 38  0.03865 -1.86057e+02 | 39 -0.03833  1.87517e+02
 40 -0.04308  2.18284e+02 | 41  0.01850 -1.13657e+01 | 42 -0.00271  5.95392e+01
 43 -0.02110  1.30827e+02 | 44 -0.01473  1.16807e+02 | 45  0.00520  3.32405e+01
 46 -0.02103  1.46670e+02 | 47 -0.00630  1.42998e+02 | 48 -0.01164  1.95946e+02
 49 -0.01399  2.25436e+02 | 50  0.01021  2.08692e+01 | 51  0.00173  1.06841e+02
 52  0.00001  1.63772e+02 | 53 -0.01755  4.19355e+02 | 54 -0.00300  9.30030e+01
 55  0.01793 -3.70512e+02 | 56 -0.01386  3.52580e+02 | 57 -0.00496  1.44436e+02
 58  0.00100  1.32755e+01 | 59 -0.00209  3.56675e+01 | 60 -0.00905  1.92390e+02
 61  0.00369 -1.00994e+02 | 62 -0.00823  1.59186e+02 | 63 -0.00010 -2.37369e+01
 64 -0.01134  2.04418e+02 | 65 -0.00003 -6.39729e+01 | 66 -0.00629  4.34021e+02
 67  0.00282 -3.38070e+03 | 68 -0.01150  1.62360e+03 | 69 -0.00006 -1.92002e+03
 70 -0.00183  2.21280e+02 | 71 -0.00225  1.89728e+03 | 72 -0.00098  1.12190e+03
 73 -0.00177 -4.05843e+02 | 74 -0.00205  4.70088e+02 | 75 -0.00295  1.10810e+03
 76 -0.00249 -9.47126e+00 | 77 -0.00229 -2.56554e+02 | 78 -0.00372  4.36834e+02
 79 -0.00115 -1.34959e+03 | 80 -0.00406  5.45574e+02 | 81 -0.00992  6.93894e+02
 82  0.00234 -3.02743e+03 | 83  0.00158 -2.57250e+03 | 84 -0.00609 -1.50484e+02
 85 -0.00530  1.10712e+03 | 86 -0.00341  7.76943e+02 | 87  0.00005 -4.95114e+02
 88 -0.00345  8.46594e+01 | 89 -0.00611  2.34107e+02 | 90  0.00363 -3.74197e+02
 91 -0.01986  7.43460e+02 | 92 -0.00092 -3.97983e+01 | 93  0.01752 -4.67806e+02
 94  0.01579 -2.94125e+02 | 95 -0.00236  4.32414e+01 | 96 -0.02348  4.30483e+02
 97  0.15194  8.57129e+02 | 98 -0.08763  1.51742e+03 |
98 variables; iteration 40; function evaluation 54; phase 2
Function value 2.1001972e+03; maximum gradient component mag 2.8273e+03
Var    Value     Gradient |Var    Value     Gradient |Var    Value     Gradient
  1  0.64569  2.82734e+03 |  2  0.00856 -1.30675e+00 |  3  0.01944  2.12163e+01
  4  0.00349  5.91199e+01 |  5 -0.01685  1.96608e+01 |  6 -0.05338 -7.13996e+01
  7 -0.01764 -3.23301e+01 |  8 -0.02101 -2.44238e+01 |  9  0.01929  4.74529e+01
 10 -0.00329  2.27741e+01 | 11 -0.03957 -3.20579e+00 | 12  0.00271  5.45612e+01
 13 -0.00344  4.16568e+01 | 14 -0.01179  1.47809e+01 | 15 -0.02481  7.34873e-01
 16 -0.04526 -2.10722e+00 | 17  0.00069  2.62569e+01 | 18  0.03230  1.44881e+02
 19  0.00668 -1.13228e+01 | 20  0.00886 -7.66584e+01 | 21 -0.02961 -7.48595e+01
 22 -0.00941  3.21136e+01 | 23 -0.00195  3.83940e+01 | 24  0.02168  2.36224e+01
 25  0.01915  1.93465e+01 | 26  0.00577  4.49561e+01 | 27 -0.00576  3.13752e+01
 28  0.00815 -5.53487e+01 | 29 -0.00040  4.05856e+01 | 30 -0.01061  3.89658e+01
 31 -0.03963 -9.04626e+00 | 32  0.01472  4.65166e+01 | 33 -0.01546  1.32578e+01
 34  0.00593  1.46588e+01 | 35 -0.02389  1.80615e+01 | 36 -0.02266  2.88809e+01
 37 -0.01780  2.99047e+01 | 38  0.04713 -9.70178e+00 | 39 -0.04709  8.66121e+01
 40 -0.05550  9.05460e+01 | 41  0.01786 -9.64329e+01 | 42 -0.00172  2.64493e+01
 43 -0.02454  5.38787e+01 | 44 -0.01400  9.21552e+01 | 45  0.01400  1.61513e+02
 46 -0.02120  1.11361e+02 | 47 -0.00950  4.02258e+01 | 48 -0.01759  5.30750e+01
 49 -0.02028  8.14310e+01 | 50  0.01443  5.99064e+01 | 51  0.00207  5.23614e+01
 52 -0.00343  9.05307e+00 | 53 -0.02755  1.74602e+02 | 54  0.00008  1.71889e+02
 55  0.02591 -1.41259e+01 | 56 -0.02564  8.06674e+01 | 57 -0.00549  1.45546e+02
 58  0.00512  1.67318e+02 | 59  0.00219  2.09223e+02 | 60 -0.01348  1.16767e+02
 61  0.01122  2.16177e+02 | 62 -0.00974  1.63919e+02 | 63  0.00976  3.44458e+02
 64 -0.01192  2.29192e+02 | 65  0.01000  3.11333e+02 | 66 -0.01893 -2.75456e+01
 67  0.06047  8.70157e+02 | 68 -0.04506  3.52875e+02 | 69  0.03970  7.71471e+02
 70 -0.00665  4.17984e+01 | 71 -0.04603 -9.75747e+01 | 72 -0.01592  3.64535e+02
 73  0.00652  1.72268e+02 | 74 -0.00782  2.46273e+02 | 75 -0.02252  2.17185e+02
 76  0.00089  2.77675e+02 | 77  0.00547  2.77584e+02 | 78 -0.01042  1.95940e+02
 79  0.02430  2.14635e+02 | 80 -0.01809 -9.26268e+01 | 81 -0.02569  9.63868e+01
 82  0.05899  8.33508e+02 | 83  0.04713  3.29434e+02 | 84 -0.00878 -1.96377e+02
 85 -0.02638  1.58380e+02 | 86 -0.02204 -1.27579e+02 | 87  0.01619  2.31822e+02
 88 -0.01110 -3.09451e+02 | 89 -0.02038 -3.77215e+02 | 90  0.01488  2.39322e+01
 91 -0.04197  1.97748e+01 | 92  0.00807  2.50163e+02 | 93  0.02924 -7.77194e+01
 94  0.02818  3.28735e+01 | 95 -0.00422 -5.44620e+00 | 96 -0.04194 -5.25367e+01
 97  0.14911  5.40395e+02 | 98 -0.10214  1.27879e+02 |
98 variables; iteration 60; function evaluation 80; phase 2
Function value 2.0698477e+03; maximum gradient component mag 5.6427e+02
Var    Value     Gradient |Var    Value     Gradient |Var    Value     Gradient
  1  0.63769  5.64268e+02 |  2  0.00496 -1.35123e+01 |  3  0.01550  5.25327e+00
  4 -0.02978 -2.37550e+01 |  5 -0.01995  7.20466e+00 |  6 -0.03017 -2.23748e+01
  7 -0.00522 -2.69181e+00 |  8 -0.00177  3.02824e+01 |  9  0.01094 -1.08523e+01
 10  0.00026  2.34581e+01 | 11 -0.04357 -2.72178e+01 | 12  0.00429  4.12704e+01
 13 -0.00848 -1.46747e+01 | 14 -0.00762  2.03197e+01 | 15 -0.01781  2.83260e+01
 16 -0.03539  4.29244e+01 | 17  0.00258  7.20372e+00 | 18  0.02673 -3.73270e+01
 19  0.01108  5.82635e+00 | 20  0.01675 -8.97314e-01 | 21 -0.02342 -4.41419e+01
 22 -0.00830  7.57694e+00 | 23 -0.00238 -1.01516e+01 | 24  0.02330 -1.34824e+01
 25  0.02142 -6.66812e+00 | 26  0.00903  3.95715e+01 | 27 -0.00460  2.04032e+00
 28  0.01704  3.71488e+01 | 29  0.00317  4.03610e+01 | 30 -0.01013 -1.03612e+00
 31 -0.03085  3.63467e+01 | 32  0.01601 -4.12939e+00 | 33 -0.01054  2.50041e+01
 34  0.01070  2.67816e+01 | 35 -0.01918  2.72226e+01 | 36 -0.01902  2.45325e+01
 37 -0.01386  2.73183e+01 | 38  0.05261  1.35470e+01 | 39 -0.05129  2.14514e+01
 40 -0.06748 -1.68382e+01 | 41  0.02786  2.68945e+01 | 42  0.00258  2.66151e+01
 43 -0.02080  4.52268e+01 | 44 -0.01455  1.91835e+01 | 45  0.01204  1.37591e+01
 46 -0.02466  6.26542e+00 | 47 -0.00528  2.68839e+01 | 48 -0.01483  2.14323e+01
 49 -0.01798  4.19386e+01 | 50  0.01743 -3.16698e-01 | 51  0.00532  4.15710e+00
 52  0.00222  1.44391e+01 | 53 -0.03094  2.59761e+01 | 54  0.00161  6.48142e+01
 55  0.03204  3.48927e+01 | 56 -0.02270  3.50719e+01 | 57 -0.00526  3.03010e+00
 58  0.00634  1.69278e+01 | 59  0.00278  5.24074e+01 | 60 -0.00957  7.08011e+01
 61  0.01304  7.80901e+01 | 62 -0.00789  5.69718e+01 | 63  0.00757  6.93310e+01
 64 -0.01546 -2.71490e+00 | 65  0.00555 -2.34232e+01 | 66 -0.01120  1.87068e+02
 67  0.05426 -1.17353e+02 | 68 -0.04934  9.57118e+01 | 69  0.03269 -6.55990e+01
 70 -0.00275  7.22184e+01 | 71 -0.03938  7.86544e+01 | 72 -0.01914  7.67393e+01
 73  0.00760  3.76651e+01 | 74 -0.00849  5.68927e+01 | 75 -0.02205  1.18268e+02
 76 -0.00038  3.90591e+01 | 77  0.00469  5.97920e+01 | 78 -0.01397 -9.79099e+01
 79  0.02424  2.52566e+01 | 80 -0.01153  1.17241e+02 | 81 -0.02397  8.85468e+01
 82  0.05072 -1.03926e+02 | 83  0.04476 -6.00292e+01 | 84 -0.00144  5.09278e+01
 85 -0.02884  2.20927e+01 | 86 -0.01399  1.71743e+02 | 87  0.01310  4.37896e+01
 88 -0.00194  7.75568e+01 | 89 -0.01045  1.70603e+01 | 90  0.01443  1.40647e+01
 91 -0.04273 -6.04554e+00 | 92 -0.00235 -9.56731e+01 | 93  0.03212  2.10173e+01
 94  0.02620 -1.81180e+01 | 95 -0.00389  3.03604e+00 | 96 -0.03901  2.39363e+01
 97  0.14825  2.88825e+01 | 98 -0.10461 -4.77020e+01 |
Maximum number of function evaluations exceeded

 - final statistics:
98 variables; iteration 77; function evaluation 100
Function value 2.0668e+03; maximum gradient component mag 2.5033e+02
Exit code = 3;  converg criter 1.0000e+01
Var    Value     Gradient |Var    Value     Gradient |Var    Value     Gradient
  1  0.63803  2.50325e+02 |  2  0.01344  5.66770e+00 |  3  0.01410  1.97683e+00
  4 -0.02169 -6.11297e+00 |  5 -0.02207  2.28353e+00 |  6 -0.02186 -1.72747e+00
  7 -0.00111  1.04760e+01 |  8 -0.01068  7.34439e-02 |  9  0.00557 -3.45160e+01
 10  0.00463  4.42347e+01 | 11 -0.03579  9.99132e-02 | 12 -0.00268 -8.68384e-01
 13 -0.00597  8.45468e-01 | 14 -0.00900  9.94722e+00 | 15 -0.01758  2.93193e+01
 16 -0.03971  1.39550e+01 | 17  0.00195 -8.22339e-01 | 18  0.02844 -4.46379e+00
 19  0.00956 -1.58401e+01 | 20  0.01654 -2.64212e+00 | 21 -0.01993 -9.58881e+00
 22 -0.00894  1.01913e+00 | 23 -0.00257 -1.21167e+01 | 24  0.02350 -1.03453e+01
 25  0.02066 -1.99659e+01 | 26  0.00612 -3.67872e+00 | 27 -0.00529 -7.07714e+00
 28  0.01556  1.15313e+01 | 29  0.00177  2.00984e+01 | 30 -0.01048 -5.97120e+00
 31 -0.03537 -4.63506e+00 | 32  0.01441 -3.45748e+01 | 33 -0.01266 -1.81342e+00
 34  0.01055  2.32260e+01 | 35 -0.02151 -1.88680e-01 | 36 -0.02107 -5.83285e-01
 37 -0.01592  2.37833e-01 | 38  0.05235 -3.20342e+00 | 39 -0.05661 -1.78015e+01
 40 -0.06325  7.80108e+00 | 41  0.02751  1.08140e+01 | 42  0.00053 -1.38267e+01
 43 -0.02341  8.65723e+00 | 44 -0.01474  8.38552e+00 | 45  0.01105 -1.72176e+01
 46 -0.02389  7.34497e+00 | 47 -0.00425  3.16128e+01 | 48 -0.01562 -1.23330e+00
 49 -0.01982  4.66060e+00 | 50  0.01831  8.71080e-01 | 51  0.00594  2.17062e+00
 52  0.00278  1.33701e+01 | 53 -0.03001  3.17812e+01 | 54  0.00016  9.33828e+00
 55  0.03207  1.44386e+01 | 56 -0.02267  2.95247e+01 | 57 -0.00462  1.29305e+01
 58  0.00656  1.66117e+01 | 59  0.00217  2.46246e+01 | 60 -0.01245 -6.50294e+00
 61  0.01178  2.24228e+01 | 62 -0.00841  3.68484e+01 | 63  0.00609  1.70962e+01
 64 -0.01552 -7.92592e+00 | 65  0.00655 -1.22738e+00 | 66 -0.01389  6.00605e+01
 67  0.05536 -4.18546e+01 | 68 -0.05089  3.79626e+01 | 69  0.03357 -1.50951e+01
 70 -0.00339  3.54939e+01 | 71 -0.04039  3.53043e+01 | 72 -0.02019  2.52637e+01
 73  0.00742  2.39139e+01 | 74 -0.00904  2.68234e+01 | 75 -0.02375  3.97782e+01
 76 -0.00074  1.89155e+01 | 77  0.00399  2.44420e+01 | 78 -0.01206 -6.51121e+00
 79  0.02410  1.75579e+01 | 80 -0.01320  3.86605e+01 | 81 -0.02509  4.20657e+01
 82  0.05168 -2.61049e+01 | 83  0.04552 -1.30375e+00 | 84 -0.00194  3.14769e+01
 85 -0.02894  1.76339e+01 | 86 -0.01692  4.64813e+01 | 87  0.01222 -2.31591e+00
 88 -0.00321  2.37994e+01 | 89 -0.01051  1.66409e+01 | 90  0.01391 -3.83492e+00
 91 -0.04265 -1.58018e+00 | 92 -0.00020 -2.36089e+01 | 93  0.03142 -6.76050e-01
 94  0.02630 -1.56936e+01 | 95 -0.00389  3.18773e+00 | 96 -0.03981  3.23256e+00
 97  0.14859  6.71070e+00 | 98 -0.10422 -2.67804e+01 |

Initial statistics: 100 variables; iteration 0; function evaluation 0; phase 3
Function value 2.0667707e+03; maximum gradient component mag 2.5033e+02
Var    Value     Gradient |Var    Value     Gradient |Var    Value     Gradient
  1  0.63803  2.50325e+02 |  2  0.01344  5.66770e+00 |  3  0.01410  1.97683e+00
  4 -0.02169 -6.11297e+00 |  5 -0.02207  2.28353e+00 |  6 -0.02186 -1.72747e+00
  7 -0.00111  1.04760e+01 |  8 -0.01068  7.34439e-02 |  9  0.00557 -3.45160e+01
 10  0.00463  4.42347e+01 | 11 -0.03579  9.99132e-02 | 12 -0.00268 -8.68384e-01
 13 -0.00597  8.45468e-01 | 14 -0.00900  9.94722e+00 | 15 -0.01758  2.93193e+01
 16 -0.03971  1.39550e+01 | 17  0.00195 -8.22339e-01 | 18  0.02844 -4.46379e+00
 19  0.00956 -1.58401e+01 | 20  0.01654 -2.64212e+00 | 21 -0.01993 -9.58881e+00
 22 -0.00894  1.01913e+00 | 23 -0.00257 -1.21167e+01 | 24  0.02350 -1.03453e+01
 25  0.02066 -1.99659e+01 | 26  0.00612 -3.67872e+00 | 27 -0.00529 -7.07714e+00
 28  0.01556  1.15313e+01 | 29  0.00177  2.00984e+01 | 30 -0.01048 -5.97120e+00
 31 -0.03537 -4.63506e+00 | 32  0.01441 -3.45748e+01 | 33 -0.01266 -1.81342e+00
 34  0.01055  2.32260e+01 | 35 -0.02151 -1.88680e-01 | 36 -0.02107 -5.83285e-01
 37 -0.01592  2.37833e-01 | 38  0.05235 -3.20342e+00 | 39 -0.05661 -1.78015e+01
 40 -0.06325  7.80108e+00 | 41  0.02751  1.08140e+01 | 42  0.00053 -1.38267e+01
 43 -0.02341  8.65723e+00 | 44 -0.01474  8.38552e+00 | 45  0.01105 -1.72176e+01
 46 -0.02389  7.34497e+00 | 47 -0.00425  3.16128e+01 | 48 -0.01562 -1.23330e+00
 49 -0.01982  4.66060e+00 | 50  0.01831  8.71080e-01 | 51  0.00594  2.17062e+00
 52  0.00278  1.33701e+01 | 53 -0.03001  3.17812e+01 | 54  0.00016  9.33828e+00
 55  0.03207  1.44386e+01 | 56 -0.02267  2.95247e+01 | 57 -0.00462  1.29305e+01
 58  0.00656  1.66117e+01 | 59  0.00217  2.46246e+01 | 60 -0.01245 -6.50294e+00
 61  0.01178  2.24228e+01 | 62 -0.00841  3.68484e+01 | 63  0.00609  1.70962e+01
 64 -0.01552 -7.92592e+00 | 65  0.00655 -1.22738e+00 | 66 -0.01389  6.00605e+01
 67  0.05536 -4.18546e+01 | 68 -0.05089  3.79626e+01 | 69  0.03357 -1.50951e+01
 70 -0.00339  3.54939e+01 | 71 -0.04039  3.53043e+01 | 72 -0.02019  2.52637e+01
 73  0.00742  2.39139e+01 | 74 -0.00904  2.68234e+01 | 75 -0.02375  3.97782e+01
 76 -0.00074  1.89155e+01 | 77  0.00399  2.44420e+01 | 78 -0.01206 -6.51121e+00
 79  0.02410  1.75579e+01 | 80 -0.01320  3.86605e+01 | 81 -0.02509  4.20657e+01
 82  0.05168 -2.61049e+01 | 83  0.04552 -1.30375e+00 | 84 -0.00194  3.14769e+01
 85 -0.02894  1.76339e+01 | 86 -0.01692  4.64813e+01 | 87  0.01222 -2.31591e+00
 88 -0.00321  2.37994e+01 | 89 -0.01051  1.66409e+01 | 90  0.01391 -3.83492e+00
 91 -0.04265 -1.58018e+00 | 92 -0.00020 -2.36089e+01 | 93  0.03142 -6.76050e-01
 94  0.02630 -1.56936e+01 | 95 -0.00389  3.18773e+00 | 96 -0.03981  3.23256e+00
 97  0.14859  6.71070e+00 | 98 -0.41581 -1.96827e+02 | 99 -0.10422 -2.67804e+01
100 -0.25275  9.08617e+01 |

Intermediate statistics: 100 variables; iteration 20; function evaluation 24; phase 3
Function value 2.0655507e+03; maximum gradient component mag 1.7834e+02
Var    Value     Gradient |Var    Value     Gradient |Var    Value     Gradient
  1  0.63597  2.80668e+01 |  2  0.01064 -1.37387e+00 |  3  0.01337 -6.61072e-01
  4 -0.01820  1.08975e+00 |  5 -0.02305 -6.82691e-01 |  6 -0.02081  8.73376e-02
  7 -0.00471 -2.28851e+00 |  8 -0.01040 -4.90957e-01 |  9  0.01464  3.86931e+00
 10 -0.00581 -5.96157e+00 | 11 -0.03547 -5.52596e-01 | 12 -0.00208 -1.07631e+00
 13 -0.00562 -1.21473e+00 | 14 -0.00993 -1.51486e+00 | 15 -0.02122 -1.84280e+00
 16 -0.04147 -1.23244e+00 | 17  0.00259 -8.39168e-01 | 18  0.02884 -6.70042e+00
 19  0.01058 -7.72979e+00 | 20  0.01693 -4.34632e+00 | 21 -0.01864 -1.69404e+00
 22 -0.00851 -5.03304e-01 | 23 -0.00130 -3.72860e+00 | 24  0.02421 -8.70712e+00
 25  0.02179 -1.18333e+01 | 26  0.00680 -3.12506e+00 | 27 -0.00425 -2.42555e+00
 28  0.01577  2.67921e+00 | 29  0.00144  5.13992e+00 | 30 -0.00950 -2.07625e+00
 31 -0.03434 -7.94863e-01 | 32  0.01594 -1.92729e+01 | 33 -0.01199 -1.84413e+00
 34  0.01034  6.73569e+00 | 35 -0.02075  8.40821e-02 | 36 -0.02031 -3.12132e-01
 37 -0.01528 -9.62731e-01 | 38  0.05284 -1.30414e+01 | 39 -0.05316  1.18985e+00
 40 -0.06384 -3.80155e-01 | 41  0.02795  7.11495e-01 | 42  0.00183 -7.18885e+00
 43 -0.02323  8.38389e-01 | 44 -0.01447  3.41718e-01 | 45  0.01230 -1.24507e+01
 46 -0.02350  6.20868e-01 | 47 -0.00467  8.64596e+00 | 48 -0.01465 -1.95024e+00
 49 -0.01922 -7.49586e-01 | 50  0.01899 -8.47246e+00 | 51  0.00665 -5.27073e+00
 52  0.00342  3.58727e+00 | 53 -0.03040  9.69348e+00 | 54  0.00075  9.57956e-01
 55  0.03258 -2.23503e+00 | 56 -0.02259  1.41597e+01 | 57 -0.00396  7.03810e+00
 58  0.00710  5.93015e+00 | 59  0.00269  1.43163e+01 | 60 -0.01160 -7.13523e+00
 61  0.01235  1.14685e+01 | 62 -0.00805  2.33519e+01 | 63  0.00673  8.69550e+00
 64 -0.01458 -6.93735e+00 | 65  0.00733 -5.49651e+00 | 66 -0.01399  3.65804e+01
 67  0.05647 -6.00428e+00 | 68 -0.05095  2.53761e+01 | 69  0.03405 -2.47787e+01
 70 -0.00320  1.99336e+01 | 71 -0.04035  2.22789e+01 | 72 -0.01997  1.47338e+01
 73  0.00796  2.40997e+01 | 74 -0.00875  1.72627e+01 | 75 -0.02366  2.53416e+01
 76 -0.00036  1.29510e+01 | 77  0.00437  1.92633e+01 | 78 -0.01164 -5.71377e+00
 79  0.02456  1.45632e+01 | 80 -0.01314  2.45039e+01 | 81 -0.02513  2.75982e+01
 82  0.05193 -4.92044e+01 | 83  0.04579 -1.66879e+01 | 84 -0.00186  1.98848e+01
 85 -0.02881  1.29658e+01 | 86 -0.01703  3.17580e+01 | 87  0.01258  2.06418e+00
 88 -0.00316  1.75001e+01 | 89 -0.01042  1.48880e+01 | 90  0.01413  4.10621e-01
 91 -0.04254  1.17437e+00 | 92 -0.00002 -1.62277e+01 | 93  0.03142  3.45026e+00
 94  0.02648 -1.11904e+01 | 95 -0.00392  2.35912e+00 | 96 -0.03984  2.38782e+00
 97  0.15228 -2.98645e+01 | 98 -0.41309 -3.84066e+01 | 99 -0.10712 -9.98315e+01
100 -0.25391  1.78344e+02 |
100 variables; iteration 40; function evaluation 50; phase 3
Function value 2.0652457e+03; maximum gradient component mag 1.4635e+01
Var    Value     Gradient |Var    Value     Gradient |Var    Value     Gradient
  1  0.63589 -6.03664e+00 |  2  0.01120  1.44840e-01 |  3  0.01331 -5.03129e-01
  4 -0.01908 -6.46964e-01 |  5 -0.02298 -2.56657e-01 |  6 -0.02055  1.06312e+00
  7 -0.00449 -1.10435e+00 |  8 -0.01045 -1.15452e-01 |  9  0.01346 -6.84978e-01
 10 -0.00445  7.83763e-01 | 11 -0.03577 -9.95147e-01 | 12 -0.00191  1.16585e+00
 13 -0.00536  1.78122e+00 | 14 -0.00974  1.11231e+00 | 15 -0.02108  2.23563e-01
 16 -0.04169 -2.01519e+00 | 17  0.00264  5.47255e-01 | 18  0.02918  1.61569e+00
 19  0.01108  1.26524e+00 | 20  0.01720  1.69450e+00 | 21 -0.01835  1.91234e+00
 22 -0.00864 -1.18594e+00 | 23 -0.00095  1.67855e+00 | 24  0.02459  3.72454e-01
 25  0.02243  1.39285e+00 | 26  0.00700  1.27520e+00 | 27 -0.00409  6.11611e-01
 28  0.01560  8.48300e-01 | 29  0.00114  1.40623e+00 | 30 -0.00933  7.43286e-01
 31 -0.03468 -2.87488e+00 | 32  0.01697  1.28147e+00 | 33 -0.01203 -1.05594e+00
 34  0.00985 -7.93663e-01 | 35 -0.02085 -7.91885e-01 | 36 -0.02037 -5.53992e-01
 37 -0.01532 -5.32937e-01 | 38  0.05312 -1.26956e+00 | 39 -0.05324  1.16674e+00
 40 -0.06401 -1.13901e+00 | 41  0.02780 -1.86345e+00 | 42  0.00218 -1.05792e+00
 43 -0.02353 -1.98666e+00 | 44 -0.01451  6.36787e-01 | 45  0.01299  1.48280e+00
 46 -0.02356  3.95165e-01 | 47 -0.00538 -2.27762e+00 | 48 -0.01460 -1.08647e+00
 49 -0.01921 -2.03916e-02 | 50  0.01913 -3.09671e+00 | 51  0.00673 -1.81841e+00
 52  0.00307 -3.68768e+00 | 53 -0.03116 -1.64284e+00 | 54  0.00072 -1.79930e-01
 55  0.03261 -4.71131e+00 | 56 -0.02297  6.00992e+00 | 57 -0.00412  2.47204e-02
 58  0.00692 -1.38974e+00 | 59  0.00230  2.73385e-01 | 60 -0.01114  2.18368e+00
 61  0.01217  7.88165e-01 | 62 -0.00887  9.86603e-01 | 63  0.00652 -2.15364e+00
 64 -0.01408  2.85331e+00 | 65  0.00778  3.94751e+00 | 66 -0.01493 -6.95299e+00
 67  0.05665 -1.47322e+00 | 68 -0.05157  2.41922e+00 | 69  0.03452  1.05094e-01
 70 -0.00369 -7.17505e+00 | 71 -0.04093 -3.16600e+00 | 72 -0.02008  7.31269e+00
 73  0.00760 -2.23460e+00 | 74 -0.00912 -3.81591e+00 | 75 -0.02421 -1.78654e+00
 76 -0.00036  1.13776e+01 | 77  0.00383 -1.25874e+01 | 78 -0.01145  1.93357e+00
 79  0.02439 -1.57420e+00 | 80 -0.01365 -9.41615e-01 | 81 -0.02565  4.05929e+00
 82  0.05261  7.75995e-01 | 83  0.04607 -7.22503e-01 | 84 -0.00227  2.13219e-01
 85 -0.02921 -4.76103e+00 | 86 -0.01772  1.77874e+00 | 87  0.01244 -8.44506e+00
 88 -0.00356 -7.41754e-01 | 89 -0.01102 -1.10934e+01 | 90  0.01419  2.61571e+00
 91 -0.04256  1.67481e-02 | 92  0.00049  9.23067e-01 | 93  0.03151  1.15070e+00
 94  0.02665 -7.17414e+00 | 95 -0.00395  1.46949e+00 | 96 -0.03988  1.41582e+00
 97  0.15453 -6.89338e+00 | 98 -0.41144  1.46349e+01 | 99 -0.10650  4.06755e+00
100 -0.25435 -3.77113e+00 |
100 variables; iteration 60; function evaluation 76; phase 3
Function value 2.0652306e+03; maximum gradient component mag 1.3307e+00
Var    Value     Gradient |Var    Value     Gradient |Var    Value     Gradient
  1  0.63589  2.98172e-01 |  2  0.01132  4.43920e-01 |  3  0.01355  1.31937e-01
  4 -0.01863  3.85794e-01 |  5 -0.02262  6.02195e-01 |  6 -0.02081  4.25289e-01
  7 -0.00413  8.28623e-02 |  8 -0.01052 -2.70301e-01 |  9  0.01342 -7.82043e-01
 10 -0.00480 -6.53680e-01 | 11 -0.03541  3.48507e-01 | 12 -0.00204  4.87279e-01
 13 -0.00567 -1.11751e-01 | 14 -0.00990  7.84576e-02 | 15 -0.02112  4.25381e-02
 16 -0.04126  7.64855e-01 | 17  0.00257  2.80313e-02 | 18  0.02909  1.12345e-01
 19  0.01098 -9.83503e-02 | 20  0.01713  5.10426e-01 | 21 -0.01865 -9.96115e-01
 22 -0.00856 -1.76571e-01 | 23 -0.00105  5.40773e-01 | 24  0.02456  6.99778e-02
 25  0.02234 -2.01325e-02 | 26  0.00690  6.53945e-02 | 27 -0.00412  3.51366e-01
 28  0.01556  2.81865e-01 | 29  0.00100 -4.07306e-01 | 30 -0.00938  2.91632e-01
 31 -0.03442 -5.18605e-01 | 32  0.01687 -2.76750e-01 | 33 -0.01197 -1.76572e-01
 34  0.00986 -2.53227e-01 | 35 -0.02077  2.57507e-01 | 36 -0.02032  2.07559e-01
 37 -0.01528  1.12651e-01 | 38  0.05314 -1.96817e-01 | 39 -0.05339  1.67723e-01
 40 -0.06376  4.99514e-01 | 41  0.02788  5.73453e-01 | 42  0.00222  2.50926e-02
 43 -0.02331  7.68888e-01 | 44 -0.01457  9.18796e-02 | 45  0.01289  6.90165e-02
 46 -0.02363 -1.61179e-01 | 47 -0.00522  5.87301e-01 | 48 -0.01458 -4.27284e-01
 49 -0.01927 -4.25630e-01 | 50  0.01924  2.88995e-01 | 51  0.00680  2.54317e-01
 52  0.00321  1.04756e-01 | 53 -0.03106  2.82103e-01 | 54  0.00071  2.09583e-01
 55  0.03269 -7.78224e-01 | 56 -0.02330 -4.02286e-01 | 57 -0.00412  1.04346e-01
 58  0.00697  6.60373e-01 | 59  0.00229  3.43742e-01 | 60 -0.01125 -1.65412e-02
 61  0.01216  5.17110e-01 | 62 -0.00892  9.39535e-02 | 63  0.00658 -2.86599e-01
 64 -0.01420  2.54067e-01 | 65  0.00765 -3.86075e-02 | 66 -0.01475  1.21781e+00
 67  0.05667  3.66580e-02 | 68 -0.05165 -3.32666e-01 | 69  0.03452 -8.89377e-03
 70 -0.00354  2.85350e-01 | 71 -0.04083  5.89001e-01 | 72 -0.02025 -3.39282e-01
 73  0.00764  1.01262e-01 | 74 -0.00904  3.42434e-01 | 75 -0.02418 -8.00319e-01
 76 -0.00059 -4.89127e-01 | 77  0.00408  6.62304e-01 | 78 -0.01150 -1.39185e-01
 79  0.02442  1.47610e-01 | 80 -0.01365 -8.54486e-01 | 81 -0.02575 -5.17660e-03
 82  0.05260  3.72610e-02 | 83  0.04609  1.31963e-01 | 84 -0.00229 -7.09841e-01
 85 -0.02907  5.83130e-01 | 86 -0.01778 -6.76259e-01 | 87  0.01262  1.31128e-01
 88 -0.00352  1.33069e+00 | 89 -0.01072  6.19630e-01 | 90  0.01412 -4.92365e-01
 91 -0.04254  2.62312e-01 | 92  0.00048  3.92388e-01 | 93  0.03147 -9.82838e-02
 94  0.02693  3.55090e-01 | 95 -0.00401 -6.94127e-02 | 96 -0.03993 -1.06637e-01
 97  0.15445  4.70111e-01 | 98 -0.41154 -9.19043e-01 | 99 -0.10678 -1.95080e-01
100 -0.25449  6.49668e-02 |

 - final statistics:
100 variables; iteration 74; function evaluation 94
Function value 2.0652e+03; maximum gradient component mag 9.3376e-01
Exit code = 1;  converg criter 1.0000e+00
Var    Value     Gradient |Var    Value     Gradient |Var    Value     Gradient
  1  0.63589  2.22447e-01 |  2  0.01133  4.71433e-01 |  3  0.01350  1.47688e-02
  4 -0.01863  3.67050e-01 |  5 -0.02273  3.53806e-01 |  6 -0.02087  2.82822e-01
  7 -0.00414  4.11303e-02 |  8 -0.01055 -3.76767e-01 |  9  0.01349 -4.81548e-01
 10 -0.00474 -3.92529e-01 | 11 -0.03541  3.51735e-01 | 12 -0.00205  4.33823e-01
 13 -0.00568 -1.48398e-01 | 14 -0.00992 -5.60771e-02 | 15 -0.02111  1.38242e-01
 16 -0.04131  5.03506e-01 | 17  0.00258  8.13300e-02 | 18  0.02909  1.72284e-01
 19  0.01098 -6.84468e-02 | 20  0.01712  4.41478e-01 | 21 -0.01864 -8.52111e-01
 22 -0.00856 -1.42248e-01 | 23 -0.00106  4.39874e-01 | 24  0.02456  8.29829e-03
 25  0.02234  1.11849e-02 | 26  0.00690  3.30820e-02 | 27 -0.00413  2.89517e-01
 28  0.01555  1.52794e-01 | 29  0.00100 -3.31816e-01 | 30 -0.00939  2.26524e-01
 31 -0.03442 -4.76399e-01 | 32  0.01687 -1.30572e-01 | 33 -0.01197 -1.04144e-01
 34  0.00987 -4.47401e-02 | 35 -0.02078  1.70941e-01 | 36 -0.02033  1.22081e-01
 37 -0.01529  5.23379e-02 | 38  0.05314 -1.29536e-01 | 39 -0.05340  1.55477e-01
 40 -0.06379  3.48080e-01 | 41  0.02788  5.54530e-01 | 42  0.00222 -1.63720e-02
 43 -0.02332  6.03898e-01 | 44 -0.01458  6.35944e-02 | 45  0.01288 -1.06630e-01
 46 -0.02362 -1.08842e-01 | 47 -0.00524  4.36114e-01 | 48 -0.01457 -2.93427e-01
 49 -0.01927 -3.45084e-01 | 50  0.01923  7.66338e-02 | 51  0.00679  2.33334e-01
 52  0.00320  6.96379e-02 | 53 -0.03106  1.90349e-01 | 54  0.00070  3.50490e-02
 55  0.03269 -6.24694e-01 | 56 -0.02330 -2.29710e-01 | 57 -0.00412  2.01636e-01
 58  0.00696  3.47956e-01 | 59  0.00229  3.63068e-01 | 60 -0.01125 -1.30351e-01
 61  0.01215  5.08826e-01 | 62 -0.00892  6.82653e-02 | 63  0.00658 -1.91933e-01
 64 -0.01422  3.21259e-02 | 65  0.00764 -5.70580e-02 | 66 -0.01475  9.31162e-01
 67  0.05666  1.91522e-02 | 68 -0.05165 -2.89789e-01 | 69  0.03451 -1.40467e-02
 70 -0.00355  2.00858e-01 | 71 -0.04083  5.74734e-01 | 72 -0.02025 -2.84488e-01
 73  0.00764  7.33731e-02 | 74 -0.00905  2.34593e-01 | 75 -0.02418 -4.80579e-01
 76 -0.00059 -4.05080e-01 | 77  0.00408  5.10563e-01 | 78 -0.01150 -1.16771e-01
 79  0.02442  1.09879e-01 | 80 -0.01365 -7.08138e-01 | 81 -0.02575 -3.22933e-02
 82  0.05260  1.76027e-02 | 83  0.04609  9.43031e-02 | 84 -0.00229 -6.15240e-01
 85 -0.02907  5.23632e-01 | 86 -0.01777 -5.50295e-01 | 87  0.01262  1.10050e-01
 88 -0.00353  9.33759e-01 | 89 -0.01073  4.06004e-01 | 90  0.01412 -3.22050e-01
 91 -0.04255  8.83553e-02 | 92  0.00048  2.70288e-01 | 93  0.03147  2.12636e-02
 94  0.02694  3.68714e-01 | 95 -0.00401 -8.17198e-02 | 96 -0.03993 -1.64797e-02
 97  0.15445  4.01721e-01 | 98 -0.41154 -6.24558e-01 | 99 -0.10678 -2.23206e-01
100 -0.25449  3.58251e-02 |

Initial statistics: 108 variables; iteration 0; function evaluation 0; phase 4
Function value 2.0652303e+03; maximum gradient component mag 1.5256e+03
Var    Value     Gradient |Var    Value     Gradient |Var    Value     Gradient
  1 -0.42263 -1.55695e+00 |  2 -0.42263  1.52556e+03 |  3 -0.41094  4.73462e+02
  4  0.63589  2.22447e-01 |  5  0.00000 -7.16124e+00 |  6  0.00000  8.83557e+00
  7  0.00000  1.07518e+01 |  8  0.00000  7.79587e+00 |  9  0.00000 -2.76422e+00
 10  0.01133  4.71433e-01 | 11  0.01350  1.47688e-02 | 12 -0.01863  3.67050e-01
 13 -0.02273  3.53806e-01 | 14 -0.02087  2.82822e-01 | 15 -0.00414  4.11303e-02
 16 -0.01055 -3.76767e-01 | 17  0.01349 -4.81548e-01 | 18 -0.00474 -3.92529e-01
 19 -0.03541  3.51735e-01 | 20 -0.00205  4.33823e-01 | 21 -0.00568 -1.48398e-01
 22 -0.00992 -5.60771e-02 | 23 -0.02111  1.38242e-01 | 24 -0.04131  5.03506e-01
 25  0.00258  8.13300e-02 | 26  0.02909  1.72284e-01 | 27  0.01098 -6.84468e-02
 28  0.01712  4.41478e-01 | 29 -0.01864 -8.52111e-01 | 30 -0.00856 -1.42248e-01
 31 -0.00106  4.39874e-01 | 32  0.02456  8.29829e-03 | 33  0.02234  1.11849e-02
 34  0.00690  3.30820e-02 | 35 -0.00413  2.89517e-01 | 36  0.01555  1.52794e-01
 37  0.00100 -3.31816e-01 | 38 -0.00939  2.26524e-01 | 39 -0.03442 -4.76399e-01
 40  0.01687 -1.30572e-01 | 41 -0.01197 -1.04144e-01 | 42  0.00987 -4.47401e-02
 43 -0.02078  1.70941e-01 | 44 -0.02033  1.22081e-01 | 45 -0.01529  5.23379e-02
 46  0.05314 -1.29536e-01 | 47 -0.05340  1.55477e-01 | 48 -0.06379  3.48080e-01
 49  0.02788  5.54530e-01 | 50  0.00222 -1.63720e-02 | 51 -0.02332  6.03898e-01
 52 -0.01458  6.35944e-02 | 53  0.01288 -1.06630e-01 | 54 -0.02362 -1.08842e-01
 55 -0.00524  4.36114e-01 | 56 -0.01457 -2.93427e-01 | 57 -0.01927 -3.45084e-01
 58  0.01923  7.66338e-02 | 59  0.00679  2.33334e-01 | 60  0.00320  6.96379e-02
 61 -0.03106  1.90349e-01 | 62  0.00070  3.50490e-02 | 63  0.03269 -6.24694e-01
 64 -0.02330 -2.29710e-01 | 65 -0.00412  2.01636e-01 | 66  0.00696  3.47956e-01
 67  0.00229  3.63068e-01 | 68 -0.01125 -1.30351e-01 | 69  0.01215  5.08826e-01
 70 -0.00892  6.82653e-02 | 71  0.00658 -1.91933e-01 | 72 -0.01422  3.21259e-02
 73  0.00764 -5.70580e-02 | 74 -0.01475  9.31162e-01 | 75  0.05666  1.91522e-02
 76 -0.05165 -2.89789e-01 | 77  0.03451 -1.40467e-02 | 78 -0.00355  2.00858e-01
 79 -0.04083  5.74734e-01 | 80 -0.02025 -2.84488e-01 | 81  0.00764  7.33731e-02
 82 -0.00905  2.34593e-01 | 83 -0.02418 -4.80579e-01 | 84 -0.00059 -4.05080e-01
 85  0.00408  5.10563e-01 | 86 -0.01150 -1.16771e-01 | 87  0.02442  1.09879e-01
 88 -0.01365 -7.08138e-01 | 89 -0.02575 -3.22933e-02 | 90  0.05260  1.76027e-02
 91  0.04609  9.43031e-02 | 92 -0.00229 -6.15240e-01 | 93 -0.02907  5.23632e-01
 94 -0.01777 -5.50295e-01 | 95  0.01262  1.10050e-01 | 96 -0.00353  9.33759e-01
 97 -0.01073  4.06004e-01 | 98  0.01412 -3.22050e-01 | 99 -0.04255  8.83553e-02
100  0.00048  2.70288e-01 |101  0.03147  2.12636e-02 |102  0.02694  3.68714e-01
103 -0.00401 -8.17198e-02 |104 -0.03993 -1.64797e-02 |105  0.15445  4.01721e-01
106 -0.41154 -6.24558e-01 |107 -0.10678 -2.23206e-01 |108 -0.25449  3.58251e-02

Intermediate statistics: 108 variables; iteration 20; function evaluation 22; phase 4
Function value 2.0638608e+03; maximum gradient component mag 1.2132e+03
Var    Value     Gradient |Var    Value     Gradient |Var    Value     Gradient
  1 -0.39626  4.65881e+01 |  2 -0.42202  1.21322e+03 |  3 -0.41807  4.81823e+02
  4  0.63656  1.49495e+02 |  5 -0.00195 -1.40884e+01 |  6 -0.00180  5.20963e+00
  7 -0.00204  6.53005e+00 |  8 -0.00100  5.29369e+00 |  9 -0.00051 -4.52249e+00
 10  0.01047 -2.44660e+00 | 11  0.01241 -3.88321e+00 | 12 -0.01938 -2.15653e+00
 13 -0.02353 -2.51751e+00 | 14 -0.02183 -3.38698e+00 | 15 -0.00560 -6.42959e+00
 16 -0.01209 -7.49803e+00 | 17  0.01124 -1.44249e+01 | 18 -0.00654 -1.13623e+01
 19 -0.03640 -5.51029e+00 | 20 -0.00349 -1.20443e+01 | 21 -0.00701 -1.25825e+01
 22 -0.01092 -1.04442e+01 | 23 -0.02173 -6.48472e+00 | 24 -0.04164 -2.56535e+00
 25  0.00191 -9.04356e+00 | 26  0.02857 -1.10889e+01 | 27  0.01021 -1.21210e+01
 28  0.01662 -7.66523e+00 | 29 -0.01947 -8.73748e+00 | 30 -0.00930 -1.01609e+01
 31 -0.00171 -9.79854e+00 | 32  0.02423 -8.33174e+00 | 33  0.02214 -3.98077e+00
 34  0.00653 -5.87713e+00 | 35 -0.00453 -4.57025e+00 | 36  0.01527 -4.42659e+00
 37  0.00050 -7.57580e+00 | 38 -0.00983 -4.33262e+00 | 39 -0.03492 -3.78505e+00
 40  0.01678 -1.36094e-01 | 41 -0.01223 -7.41106e-01 | 42  0.00970  7.53854e-01
 43 -0.02119 -2.45235e+00 | 44 -0.02085 -3.70247e+00 | 45 -0.01588 -4.83261e+00
 46  0.05373  2.71733e+01 | 47 -0.05354  1.43387e+00 | 48 -0.06391  1.76897e+00
 49  0.02820  1.69416e+01 | 50  0.00230  6.39867e+00 | 51 -0.02322  6.31222e+00
 52 -0.01432  9.45294e+00 | 53  0.01350  2.19519e+01 | 54 -0.02308  1.29491e+01
 55 -0.00443  2.24191e+01 | 56 -0.01391  1.71944e+01 | 57 -0.01852  1.81198e+01
 58  0.02037  4.62561e+01 | 59  0.00791  4.20362e+01 | 60  0.00425  4.20164e+01
 61 -0.03008  2.67675e+01 | 62  0.00157  3.67486e+01 | 63  0.03224 -4.54865e+00
 64 -0.02251  2.33160e+01 | 65 -0.00343  3.01074e+01 | 66  0.00715  1.84358e+01
 67  0.00261  2.11207e+01 | 68 -0.01071  2.17816e+01 | 69  0.01223  1.32103e+01
 70 -0.00830  2.32139e+01 | 71  0.00680  1.77342e+01 | 72 -0.01365  2.10777e+01
 73  0.00800  1.73947e+01 | 74 -0.01476  5.27050e+00 | 75  0.05594 -4.42814e+01
 76 -0.05168  2.05781e+00 | 77  0.03499  5.54212e+01 | 78 -0.00353  8.13500e+00
 79 -0.04095  7.74513e-01 | 80 -0.02026  4.29817e+00 | 81  0.00769  9.75271e+00
 82 -0.00895  8.31288e+00 | 83 -0.02416  4.39516e+00 | 84 -0.00041  1.30851e+01
 85  0.00414  8.63499e+00 | 86 -0.01142  7.84800e+00 | 87  0.02466  2.00862e+01
 88 -0.01352  6.74010e+00 | 89 -0.02555  8.91201e+00 | 90  0.05230 -1.28146e+01
 91  0.04695  6.51482e+01 | 92 -0.00238  9.30355e-01 | 93 -0.02923 -1.51281e+00
 94 -0.01785 -3.56806e-02 | 95  0.01239 -9.01731e+00 | 96 -0.00371 -6.55967e+00
 97 -0.01072  5.48887e-01 | 98  0.01405 -5.18230e+00 | 99 -0.04243  4.11639e+00
100  0.00082  1.20120e+01 |101  0.03170  6.42261e+00 |102  0.02692 -1.12653e+00
103 -0.00401 -7.46882e-02 |104 -0.03993 -1.55140e-02 |105  0.15381 -1.18578e+02
106 -0.41239  1.29291e+02 |107 -0.10076  1.05023e+02 |108 -0.25352 -1.58900e+02
108 variables; iteration 40; function evaluation 45; phase 4
Function value 2.0627517e+03; maximum gradient component mag 2.5878e+02
Var    Value     Gradient |Var    Value     Gradient |Var    Value     Gradient
  1 -0.37769  1.83932e+01 |  2 -0.42120  2.58776e+02 |  3 -0.42555  1.04179e+02
  4  0.63691  1.61371e+01 |  5  0.00028 -8.74491e+00 |  6 -0.00697 -3.26989e+00
  7 -0.00784 -3.12191e+00 |  8 -0.00205  3.51564e+00 |  9 -0.00072 -4.66429e+00
 10  0.00976 -3.63690e+00 | 11  0.01213 -4.07924e+00 | 12 -0.02026 -3.76542e+00
 13 -0.02436 -4.03494e+00 | 14 -0.02197 -3.28707e+00 | 15 -0.00093  8.83273e+00
 16 -0.00624  1.23853e+01 | 17  0.00986 -1.96644e+01 | 18 -0.00505 -4.22369e+00
 19 -0.03274  8.27470e+00 | 20 -0.00265 -6.31193e+00 | 21 -0.00500  9.49432e-01
 22 -0.01009 -3.98917e+00 | 23 -0.02212 -8.89944e+00 | 24 -0.04087  1.68940e+00
 25  0.00275 -2.48319e+00 | 26  0.02888 -1.29781e+01 | 27  0.01101 -5.40541e+00
 28  0.01803  1.13639e+01 | 29 -0.01848  8.84576e-02 | 30 -0.00767  7.58571e+00
 31 -0.00032  3.85616e+00 | 32  0.02496 -9.34218e-01 | 33  0.02257  2.39370e+00
 34  0.00660 -7.09942e+00 | 35 -0.00398  3.78886e-01 | 36  0.01636  1.05650e+01
 37  0.00052 -1.19526e+01 | 38 -0.00886  2.68463e+00 | 39 -0.03536 -1.02100e+01
 40  0.01723 -2.71282e-01 | 41 -0.01161  2.83026e+00 | 42  0.01005  1.63612e+00
 43 -0.02014  5.04533e+00 | 44 -0.01953  6.00877e+00 | 45 -0.01415  8.20580e+00
 46  0.05356  2.00303e+00 | 47 -0.05392 -4.40757e+00 | 48 -0.06335  2.44450e+00
 49  0.02889  1.75716e+01 | 50  0.00270  1.54210e+00 | 51 -0.02275  3.27941e+00
 52 -0.01463 -4.21556e+00 | 53  0.01333  2.71759e+00 | 54 -0.02356 -1.31382e+00
 55 -0.00467  6.37978e+00 | 56 -0.01400  3.17624e+00 | 57 -0.01893 -1.12595e-01
 58  0.02059  2.88838e+01 | 59  0.00745  1.25237e+01 | 60  0.00345  2.56826e+00
 61 -0.03039  9.92358e+00 | 62  0.00097  4.75611e+00 | 63  0.03288  4.16505e+00
 64 -0.02247  1.43540e+01 | 65 -0.00388  4.60676e+00 | 66  0.00759  1.43306e+01
 67  0.00258  5.05058e+00 | 68 -0.01105  1.55774e+00 | 69  0.01215 -9.49433e+00
 70 -0.00883 -5.02787e+00 | 71  0.00671 -1.26544e+00 | 72 -0.01325  1.72082e+01
 73  0.00830  7.97848e+00 | 74 -0.01444  5.41959e+00 | 75  0.05678 -7.08011e+00
 76 -0.05167 -2.84360e+00 | 77  0.03464  1.47795e+01 | 78 -0.00384 -1.96745e+01
 79 -0.04085 -1.47228e+00 | 80 -0.02036 -9.72052e+00 | 81  0.00798  1.15151e+01
 82 -0.00933 -2.28613e+01 | 83 -0.02399  4.48331e+00 | 84 -0.00007  1.68295e+01
 85  0.00418  5.67437e-01 | 86 -0.01137  2.76271e+00 | 87  0.02468  7.38089e+00
 88 -0.01344  2.64179e+00 | 89 -0.02561 -3.70717e-01 | 90  0.05282 -8.80678e-03
 91  0.04631  1.37245e+01 | 92 -0.00236  1.59582e+00 | 93 -0.02903  6.71171e+00
 94 -0.01796 -5.13322e+00 | 95  0.01227 -1.67681e+01 | 96 -0.00369 -4.38928e+00
 97 -0.01043  1.27258e+01 | 98  0.01406 -1.23181e+00 | 99 -0.04274 -3.29436e+00
100  0.00053  5.96955e+00 |101  0.03095 -7.85384e+00 |102  0.02704  1.58467e+00
103 -0.00402 -1.97932e-01 |104 -0.03993 -4.03393e-02 |105  0.15515 -4.17024e+01
106 -0.41179  6.71759e+01 |107 -0.10207 -1.09582e+01 |108 -0.25453 -3.20203e+00
108 variables; iteration 60; function evaluation 66; phase 4
Function value 2.0625469e+03; maximum gradient component mag 9.8225e+01
Var    Value     Gradient |Var    Value     Gradient |Var    Value     Gradient
  1 -0.37611  5.44370e+00 |  2 -0.42118  9.82252e+01 |  3 -0.42621  3.47639e+01
  4  0.63745  3.40971e+00 |  5  0.00275 -1.83032e+00 |  6 -0.00692 -2.88064e+00
  7 -0.00652 -5.14302e-01 |  8 -0.00266  2.52742e+00 |  9  0.00023 -2.56618e+00
 10  0.01022 -2.41117e+00 | 11  0.01291 -1.93143e+00 | 12 -0.01986 -2.72720e+00
 13 -0.02393 -2.87879e+00 | 14 -0.02126 -1.27818e+00 | 15 -0.00273  3.45311e+00
 16 -0.00904  3.41734e+00 | 17  0.01193 -9.77258e+00 | 18 -0.00403  6.85486e-01
 19 -0.03425  3.13019e+00 | 20 -0.00201 -1.95385e+00 | 21 -0.00630 -6.44686e+00
 22 -0.00998 -2.30371e+00 | 23 -0.02135 -2.76733e+00 | 24 -0.04109  1.00622e+00
 25  0.00259 -3.04383e+00 | 26  0.02928 -3.18163e+00 | 27  0.01142  2.16677e+00
 28  0.01763  6.77847e+00 | 29 -0.01804  5.50978e+00 | 30 -0.00786  6.40369e+00
 31 -0.00047  2.76659e+00 | 32  0.02464 -5.30795e+00 | 33  0.02232  2.94747e-02
 34  0.00674 -3.56896e+00 | 35 -0.00427 -1.82989e+00 | 36  0.01625  1.05545e+01
 37  0.00087 -5.55437e+00 | 38 -0.00915  4.28410e-01 | 39 -0.03492 -5.57886e+00
 40  0.01702 -2.69135e+00 | 41 -0.01216 -2.78057e+00 | 42  0.00970 -3.13719e+00
 43 -0.02074 -1.22426e+00 | 44 -0.02010  1.25762e-01 | 45 -0.01440  5.84228e+00
 46  0.05342 -2.35305e-01 | 47 -0.05357 -1.53773e+00 | 48 -0.06366  7.25980e-01
 49  0.02865  1.23666e+01 | 50  0.00238 -3.62007e+00 | 51 -0.02293  1.05103e+00
 52 -0.01492 -7.75638e+00 | 53  0.01346  5.28177e+00 | 54 -0.02319  2.97209e+00
 55 -0.00514 -7.54939e-01 | 56 -0.01381  5.69209e+00 | 57 -0.01863  3.50976e+00
 58  0.01979  7.95001e+00 | 59  0.00714  5.50554e+00 | 60  0.00337  1.46023e+00
 61 -0.03077  5.06416e+00 | 62  0.00105  8.73421e+00 | 63  0.03261 -4.97674e+00
 64 -0.02309  2.90839e+00 | 65 -0.00397  3.33251e+00 | 66  0.00734  8.98647e+00
 67  0.00265  9.58281e+00 | 68 -0.01122 -7.61714e-02 | 69  0.01220 -4.83249e+00
 70 -0.00902 -7.70651e+00 | 71  0.00656 -3.75571e+00 | 72 -0.01395  3.32478e+00
 73  0.00810  3.95375e+00 | 74 -0.01441  8.45635e+00 | 75  0.05675 -3.48432e+00
 76 -0.05169 -2.56000e+00 | 77  0.03442  5.98695e+00 | 78 -0.00373 -1.10189e+01
 79 -0.04074  4.91635e+00 | 80 -0.02029 -3.70476e+00 | 81  0.00778  4.74596e+00
 82 -0.00910 -8.67053e+00 | 83 -0.02419 -1.49821e+00 | 84 -0.00030  7.88244e+00
 85  0.00409 -3.02344e-01 | 86 -0.01144  2.33201e+00 | 87  0.02454  3.15633e+00
 88 -0.01375 -8.91692e+00 | 89 -0.02552  4.95980e+00 | 90  0.05274 -2.49959e-01
 91  0.04610  5.33087e+00 | 92 -0.00275 -1.28845e+01 | 93 -0.02902  9.54909e+00
 94 -0.01773  7.11561e+00 | 95  0.01225 -1.33703e+01 | 96 -0.00373 -3.68978e+00
 97 -0.01075  1.32938e+00 | 98  0.01373 -1.38102e+01 | 99 -0.04265 -7.31778e-02
100  0.00006 -9.09597e+00 |101  0.03100 -6.26702e+00 |102  0.02700  6.69100e-01
103 -0.00401 -5.25356e-02 |104 -0.03993 -6.53106e-03 |105  0.15497 -1.94431e+01
106 -0.41199  2.84091e+01 |107 -0.10124 -6.72431e+00 |108 -0.25416  7.49219e-01
108 variables; iteration 80; function evaluation 91; phase 4
Function value 2.0624849e+03; maximum gradient component mag 3.5890e+01
Var    Value     Gradient |Var    Value     Gradient |Var    Value     Gradient
  1 -0.37538  1.89881e+00 |  2 -0.42121  3.58902e+01 |  3 -0.42638  1.22430e+01
  4  0.63772  9.55386e-01 |  5  0.00324 -1.72628e-01 |  6 -0.00401  2.09033e+00
  7 -0.00820 -3.21609e+00 |  8 -0.00282  2.34821e+00 |  9  0.00118 -5.24820e-01
 10  0.01070 -1.16545e+00 | 11  0.01361  5.29387e-03 | 12 -0.01933 -1.40501e+00
 13 -0.02327 -1.20691e+00 | 14 -0.02072  2.78532e-01 | 15 -0.00490 -3.02051e+00
 16 -0.00878  4.60618e+00 | 17  0.01341 -2.42421e+00 | 18 -0.00420  4.65156e-01
 19 -0.03430  3.30487e+00 | 20 -0.00226 -2.71357e+00 | 21 -0.00602 -3.92014e+00
 22 -0.00994 -1.26186e+00 | 23 -0.02165 -4.13022e+00 | 24 -0.04102  1.95122e+00
 25  0.00267 -1.11896e+00 | 26  0.02933 -1.26128e+00 | 27  0.01125  3.45803e-01
 28  0.01738  3.14662e+00 | 29 -0.01866 -4.76110e-01 | 30 -0.00821  2.64912e+00
 31 -0.00086 -1.39562e+00 | 32  0.02477 -1.96517e+00 | 33  0.02219 -7.52628e-01
 34  0.00677 -2.15743e+00 | 35 -0.00425 -9.56328e-01 | 36  0.01580  3.39606e+00
 37  0.00104 -2.59048e+00 | 38 -0.00932 -1.12221e+00 | 39 -0.03435 -3.94493e-01
 40  0.01703 -1.73738e+00 | 41 -0.01208 -1.31460e+00 | 42  0.00993  1.40558e+00
 43 -0.02075 -1.08116e+00 | 44 -0.02013 -2.03291e-01 | 45 -0.01461  3.39930e+00
 46  0.05342  3.89688e-01 | 47 -0.05368 -2.20548e+00 | 48 -0.06362  9.81645e-01
 49  0.02832  4.69682e+00 | 50  0.00236 -3.89940e+00 | 51 -0.02274  3.48632e+00
 52 -0.01448 -2.07588e+00 | 53  0.01331  2.68811e+00 | 54 -0.02347 -2.04904e-01
 55 -0.00525 -2.61371e+00 | 56 -0.01409  1.62199e+00 | 57 -0.01884  6.16529e-01
 58  0.01961  3.61574e+00 | 59  0.00690  4.46860e-01 | 60  0.00336  1.99583e+00
 61 -0.03099  2.04889e+00 | 62  0.00074  1.08680e+00 | 63  0.03264 -1.85727e+00
 64 -0.02330 -4.41416e-01 | 65 -0.00415 -6.41717e-01 | 66  0.00712  2.96105e+00
 67  0.00239  3.06363e+00 | 68 -0.01128 -5.51186e-01 | 69  0.01220 -2.75809e+00
 70 -0.00885 -2.21931e+00 | 71  0.00660 -5.70337e-01 | 72 -0.01401  3.04472e+00
 73  0.00797  1.45866e+00 | 74 -0.01459  1.03467e+00 | 75  0.05674 -1.24994e+00
 76 -0.05167 -1.10980e+00 | 77  0.03431  2.19013e+00 | 78 -0.00363 -4.43948e+00
 79 -0.04092 -9.07581e-01 | 80 -0.02027 -1.34338e+00 | 81  0.00769  1.78865e+00
 82 -0.00904 -3.79477e+00 | 83 -0.02420 -4.66902e-01 | 84 -0.00043  3.13605e+00
 85  0.00406 -1.24344e-01 | 86 -0.01149  1.22593e+00 | 87  0.02446  9.99439e-01
 88 -0.01357  3.41882e-01 | 89 -0.02567 -2.31780e-01 | 90  0.05270  4.30900e-02
 91  0.04601  2.11890e+00 | 92 -0.00259 -4.75669e+00 | 93 -0.02926  7.45593e-01
 94 -0.01794 -1.14770e+00 | 95  0.01241 -4.86760e+00 | 96 -0.00357  3.87015e+00
 97 -0.01072  3.01336e+00 | 98  0.01400 -3.05638e+00 | 99 -0.04270 -1.94617e+00
100  0.00030 -1.98987e+00 |101  0.03114 -2.50969e+00 |102  0.02699  3.42858e-01
103 -0.00401 -2.04817e-02 |104 -0.03993  1.71331e-03 |105  0.15499 -7.50608e+00
106 -0.41204  1.07305e+01 |107 -0.10063 -3.22634e+00 |108 -0.25390  1.46394e+00
Maximum number of function evaluations exceeded

 - final statistics:
108 variables; iteration 87; function evaluation 100
Function value 2.0625e+03; maximum gradient component mag 8.2283e+00
Exit code = 3;  converg criter 1.0000e+00
Var    Value     Gradient |Var    Value     Gradient |Var    Value     Gradient
  1 -0.37495  6.78958e-01 |  2 -0.42124  8.22828e+00 |  3 -0.42643  3.39760e+00
  4  0.63770  1.36627e+00 |  5  0.00321 -2.38954e-01 |  6 -0.00525  1.46294e-02
  7 -0.00642 -2.11983e-01 |  8 -0.00419 -2.63476e-01 |  9  0.00098 -9.49369e-01
 10  0.01130  1.67992e-01 | 11  0.01368  1.42569e-01 | 12 -0.01868  3.57846e-02
 13 -0.02257  4.28407e-01 | 14 -0.02085 -6.82943e-02 | 15 -0.00363  9.15695e-01
 16 -0.01052 -1.14750e+00 | 17  0.01399  2.44420e-01 | 18 -0.00450 -8.76686e-01
 19 -0.03477  1.58939e+00 | 20 -0.00169  6.17980e-01 | 21 -0.00551 -6.52075e-01
 22 -0.00967  7.08675e-01 | 23 -0.02127 -1.44387e+00 | 24 -0.04122  6.19403e-01
 25  0.00281  1.86111e-01 | 26  0.02933 -2.19764e+00 | 27  0.01139  1.63419e+00
 28  0.01729  8.13041e-01 | 29 -0.01859 -3.51346e-01 | 30 -0.00836  4.64536e-01
 31 -0.00083 -1.37600e+00 | 32  0.02496  1.08611e+00 | 33  0.02238  2.19086e+00
 34  0.00696  2.73469e-01 | 35 -0.00411  4.53912e-01 | 36  0.01558 -9.51031e-01
 37  0.00119 -8.90248e-01 | 38 -0.00925 -5.39944e-01 | 39 -0.03429 -2.97417e-02
 40  0.01712 -6.54872e-01 | 41 -0.01200 -8.23403e-01 | 42  0.00977 -1.95859e+00
 43 -0.02063 -1.72755e-01 | 44 -0.02008 -7.29700e-03 | 45 -0.01476  1.18179e+00
 46  0.05358  4.12690e+00 | 47 -0.05343 -6.08657e-01 | 48 -0.06369  3.30803e-01
 49  0.02823  1.66500e+00 | 50  0.00261 -7.97046e-01 | 51 -0.02320 -2.21207e+00
 52 -0.01428 -2.68004e-01 | 53  0.01330  1.89899e+00 | 54 -0.02335  8.68344e-01
 55 -0.00499  1.01518e+00 | 56 -0.01423 -7.84227e-01 | 57 -0.01890 -8.65432e-01
 58  0.01953  5.14276e-01 | 59  0.00661 -6.76127e+00 | 60  0.00341  2.52291e+00
 61 -0.03116 -8.05844e-01 | 62  0.00071 -2.21886e-01 | 63  0.03269 -2.06468e-02
 64 -0.02333 -1.51918e+00 | 65 -0.00408  4.28708e-01 | 66  0.00711  1.62717e+00
 67  0.00227 -1.00861e+00 | 68 -0.01098  5.83165e+00 | 69  0.01230  3.05169e-01
 70 -0.00882 -2.10005e+00 | 71  0.00658 -1.86189e+00 | 72 -0.01413  1.19719e-01
 73  0.00815  6.07964e+00 | 74 -0.01461 -1.28474e-01 | 75  0.05676  2.73411e-02
 76 -0.05164 -8.76783e-02 | 77  0.03429  3.09102e-01 | 78 -0.00354 -3.64126e-01
 79 -0.04090 -1.46280e-01 | 80 -0.02024 -1.26574e-01 | 81  0.00767  2.28437e-01
 82 -0.00896 -2.13455e-01 | 83 -0.02419 -1.77898e-01 | 84 -0.00047  3.73896e-01
 85  0.00407  7.24995e-02 | 86 -0.01151  2.07254e-01 | 87  0.02446  1.99396e-01
 88 -0.01357  1.50548e-01 | 89 -0.02566  1.23884e-01 | 90  0.05272  1.17546e-01
 91  0.04599  3.37221e-01 | 92 -0.00250 -7.68779e-01 | 93 -0.02927  3.38565e-02
 94 -0.01791 -6.23898e-02 | 95  0.01250 -4.57597e-01 | 96 -0.00363  6.91712e-01
 97 -0.01078  3.54359e-01 | 98  0.01407 -3.90769e-01 | 99 -0.04268 -1.28127e+00
100  0.00036 -2.14058e-01 |101  0.03123 -2.28542e-02 |102  0.02696 -3.92111e-01
103 -0.00400  2.52019e-01 |104 -0.03993  1.12161e-01 |105  0.15495 -1.04516e+00
106 -0.41209  8.03756e-01 |107 -0.10028 -4.13209e-01 |108 -0.25375  6.29231e-01

Initial statistics: 110 variables; iteration 0; function evaluation 0; phase 5
Function value 2.0624643e+03; maximum gradient component mag -6.3520e+01
Var    Value     Gradient |Var    Value     Gradient |Var    Value     Gradient
  1 -0.37495  6.78958e-01 |  2 -0.42124  8.22828e+00 |  3 -0.42643  3.39760e+00
  4 -0.41222 -1.33708e+01 |  5 -0.41222 -6.35199e+01 |  6  0.63770  1.36627e+00
  7  0.00321 -2.38954e-01 |  8 -0.00525  1.46294e-02 |  9 -0.00642 -2.11983e-01
 10 -0.00419 -2.63476e-01 | 11  0.00098 -9.49369e-01 | 12  0.01130  1.67992e-01
 13  0.01368  1.42569e-01 | 14 -0.01868  3.57846e-02 | 15 -0.02257  4.28407e-01
 16 -0.02085 -6.82943e-02 | 17 -0.00363  9.15695e-01 | 18 -0.01052 -1.14750e+00
 19  0.01399  2.44420e-01 | 20 -0.00450 -8.76686e-01 | 21 -0.03477  1.58939e+00
 22 -0.00169  6.17980e-01 | 23 -0.00551 -6.52075e-01 | 24 -0.00967  7.08675e-01
 25 -0.02127 -1.44387e+00 | 26 -0.04122  6.19403e-01 | 27  0.00281  1.86111e-01
 28  0.02933 -2.19764e+00 | 29  0.01139  1.63419e+00 | 30  0.01729  8.13041e-01
 31 -0.01859 -3.51346e-01 | 32 -0.00836  4.64536e-01 | 33 -0.00083 -1.37600e+00
 34  0.02496  1.08611e+00 | 35  0.02238  2.19086e+00 | 36  0.00696  2.73469e-01
 37 -0.00411  4.53912e-01 | 38  0.01558 -9.51031e-01 | 39  0.00119 -8.90248e-01
 40 -0.00925 -5.39944e-01 | 41 -0.03429 -2.97417e-02 | 42  0.01712 -6.54872e-01
 43 -0.01200 -8.23403e-01 | 44  0.00977 -1.95859e+00 | 45 -0.02063 -1.72755e-01
 46 -0.02008 -7.29700e-03 | 47 -0.01476  1.18179e+00 | 48  0.05358  4.12690e+00
 49 -0.05343 -6.08657e-01 | 50 -0.06369  3.30803e-01 | 51  0.02823  1.66500e+00
 52  0.00261 -7.97046e-01 | 53 -0.02320 -2.21207e+00 | 54 -0.01428 -2.68004e-01
 55  0.01330  1.89899e+00 | 56 -0.02335  8.68344e-01 | 57 -0.00499  1.01518e+00
 58 -0.01423 -7.84227e-01 | 59 -0.01890 -8.65432e-01 | 60  0.01953  5.14276e-01
 61  0.00661 -6.76127e+00 | 62  0.00341  2.52291e+00 | 63 -0.03116 -8.05844e-01
 64  0.00071 -2.21886e-01 | 65  0.03269 -2.06468e-02 | 66 -0.02333 -1.51918e+00
 67 -0.00408  4.28708e-01 | 68  0.00711  1.62717e+00 | 69  0.00227 -1.00861e+00
 70 -0.01098  5.83165e+00 | 71  0.01230  3.05169e-01 | 72 -0.00882 -2.10005e+00
 73  0.00658 -1.86189e+00 | 74 -0.01413  1.19719e-01 | 75  0.00815  6.07964e+00
 76 -0.01461 -1.28474e-01 | 77  0.05676  2.73411e-02 | 78 -0.05164 -8.76783e-02
 79  0.03429  3.09102e-01 | 80 -0.00354 -3.64126e-01 | 81 -0.04090 -1.46280e-01
 82 -0.02024 -1.26574e-01 | 83  0.00767  2.28437e-01 | 84 -0.00896 -2.13455e-01
 85 -0.02419 -1.77898e-01 | 86 -0.00047  3.73896e-01 | 87  0.00407  7.24995e-02
 88 -0.01151  2.07254e-01 | 89  0.02446  1.99396e-01 | 90 -0.01357  1.50548e-01
 91 -0.02566  1.23884e-01 | 92  0.05272  1.17546e-01 | 93  0.04599  3.37221e-01
 94 -0.00250 -7.68779e-01 | 95 -0.02927  3.38565e-02 | 96 -0.01791 -6.23898e-02
 97  0.01250 -4.57597e-01 | 98 -0.00363  6.91712e-01 | 99 -0.01078  3.54359e-01
100  0.01407 -3.90769e-01 |101 -0.04268 -1.28127e+00 |102  0.00036 -2.14058e-01
103  0.03123 -2.28542e-02 |104  0.02696 -3.92111e-01 |105 -0.00400  2.52019e-01
106 -0.03993  1.12161e-01 |107  0.15495 -1.04516e+00 |108 -0.41209  8.03756e-01
109 -0.10028 -4.13209e-01 |110 -0.25375  6.29231e-01 |

Intermediate statistics: 110 variables; iteration 20; function evaluation 27; phase 5
Function value 2.0617112e+03; maximum gradient component mag 2.6459e+02
Var    Value     Gradient |Var    Value     Gradient |Var    Value     Gradient
  1 -0.39358  3.33889e+01 |  2 -0.42525  2.64595e+02 |  3 -0.41487  1.34620e+02
  4 -0.41285  3.59483e+00 |  5 -0.39105 -8.52166e+00 |  6  0.63790  4.82250e+01
  7  0.00388 -1.54584e-01 |  8 -0.00511 -8.50079e-03 |  9 -0.00617 -9.19049e-02
 10 -0.00387 -1.21632e-01 | 11  0.00154 -4.36257e-01 | 12  0.01164  6.60256e-02
 13  0.01408  3.87732e-02 | 14 -0.01835 -9.67695e-03 | 15 -0.02231  1.78970e-01
 16 -0.02046 -1.12034e-01 | 17 -0.00336  2.76786e-01 | 18 -0.00999 -8.62936e-01
 19  0.01426 -7.38668e-01 | 20 -0.00409 -7.23366e-01 | 21 -0.03483  4.77201e-01
 22 -0.00168 -5.19646e-01 | 23 -0.00522  5.79991e-01 | 24 -0.00971  6.25629e-01
 25 -0.02076  3.18098e+00 | 26 -0.04125  1.37804e+00 | 27  0.00277  5.46381e-02
 28  0.02961  1.87408e+00 | 29  0.01092 -6.23374e+00 | 30  0.01710 -1.97614e+00
 31 -0.01837  1.41467e+00 | 32 -0.00847  2.66106e-02 | 33 -0.00041  5.31177e+00
 34  0.02470 -8.17934e-01 | 35  0.02193 -8.16887e+00 | 36  0.00688 -4.65301e+00
 37 -0.00421 -2.79717e+00 | 38  0.01580 -3.90114e-01 | 39  0.00142  1.30482e+00
 40 -0.00900  5.39572e+00 | 41 -0.03420  2.28191e+00 | 42  0.01712  7.87976e-01
 43 -0.01172  1.90641e+00 | 44  0.01018  5.67937e-01 | 45 -0.02062 -1.30543e+00
 46 -0.02011 -9.77735e-01 | 47 -0.01516 -2.99758e+00 | 48  0.05409  1.77109e+01
 49 -0.05323  4.53260e-01 | 50 -0.06372  2.22664e-01 | 51  0.02792 -2.80098e+00
 52  0.00255 -1.28190e+00 | 53 -0.02259  7.40754e+00 | 54 -0.01427  2.79113e+00
 55  0.01286 -3.42380e+00 | 56 -0.02367 -2.18925e+00 | 57 -0.00530 -4.95269e+00
 58 -0.01405  1.94913e+00 | 59 -0.01869  4.26917e+00 | 60  0.01945  5.11922e-01
 61  0.00696 -9.01747e-01 | 62  0.00342  2.71151e+00 | 63 -0.03085  6.61117e+00
 64  0.00051 -6.81378e-01 | 65  0.03303  7.15244e+00 | 66 -0.02302  2.64827e+00
 67 -0.00414  2.05417e+00 | 68  0.00703  3.19038e+00 | 69  0.00223  1.81419e-01
 70 -0.01119  4.16114e+00 | 71  0.01219  1.31384e+00 | 72 -0.00902 -3.34231e+00
 73  0.00623 -8.68666e+00 | 74 -0.01420  3.56414e+00 | 75  0.00861  2.42153e+01
 76 -0.01458  4.92660e+00 | 77  0.05662 -2.98927e+00 | 78 -0.05164  2.91999e-01
 79  0.03437  3.19275e+00 | 80 -0.00358 -8.09886e-01 | 81 -0.04105  1.04190e-01
 82 -0.02032  3.59649e+00 | 83  0.00776  1.15006e+01 | 84 -0.00898  4.53542e+00
 85 -0.02417  3.98289e+00 | 86 -0.00037  1.15248e+01 | 87  0.00405  6.34112e+00
 88 -0.01151  2.73280e+00 | 89  0.02457  1.04159e+01 | 90 -0.01354  4.21823e+00
 91 -0.02565  3.20067e+00 | 92  0.05306  2.82941e+01 | 93  0.04620  1.13161e+01
 94 -0.00248 -2.27876e+00 | 95 -0.02932 -8.04769e-01 | 96 -0.01800 -1.70342e-01
 97  0.01260  7.78183e+00 | 98 -0.00367 -1.42376e-01 | 99 -0.01093 -2.64736e+00
100  0.01392 -5.69265e+00 |101 -0.04285 -5.67363e+00 |102  0.00026 -2.39142e+00
103  0.03122 -1.10444e-01 |104  0.02694 -5.52424e-01 |105 -0.00399  4.68864e-01
106 -0.03992  2.03654e-01 |107  0.15558 -3.79134e+01 |108 -0.41205  4.16433e+01
109 -0.10371 -3.57770e+01 |110 -0.25465  2.54506e+01 |
110 variables; iteration 40; function evaluation 47; phase 5
Function value 2.0616652e+03; maximum gradient component mag 2.2434e+02
Var    Value     Gradient |Var    Value     Gradient |Var    Value     Gradient
  1 -0.39378  2.86371e+01 |  2 -0.42547  2.24336e+02 |  3 -0.41440  1.13673e+02
  4 -0.41560  1.85588e+00 |  5 -0.38920 -6.33799e+00 |  6  0.63805  4.17001e+01
  7  0.00423  8.14197e-01 |  8 -0.00588 -1.25006e+00 |  9 -0.00613  2.04286e-02
 10 -0.00408 -4.96450e-01 | 11  0.00244  1.38850e+00 | 12  0.01137 -4.97269e-01
 13  0.01416  2.93243e-01 | 14 -0.01859 -5.11280e-01 | 15 -0.02250 -2.24160e-01
 16 -0.02034  2.53305e-01 | 17 -0.00309  1.21249e+00 | 18 -0.00982 -1.98704e-01
 19  0.01411 -1.27616e+00 | 20 -0.00426 -1.30451e+00 | 21 -0.03483  6.13111e-01
 22 -0.00179 -8.92117e-01 | 23 -0.00522  8.55313e-01 | 24 -0.00969  1.15297e+00
 25 -0.02092  2.48083e+00 | 26 -0.04136  1.05977e+00 | 27  0.00268 -3.22383e-01
 28  0.02952  9.84246e-01 | 29  0.01097 -4.72198e+00 | 30  0.01702 -2.39779e+00
 31 -0.01852  3.16821e-01 | 32 -0.00851  1.15153e-02 | 33 -0.00051  4.64990e+00
 34  0.02464 -1.13530e+00 | 35  0.02190 -8.07061e+00 | 36  0.00688 -4.16146e+00
 37 -0.00425 -3.00353e+00 | 38  0.01577 -5.32516e-01 | 39  0.00128 -2.41498e-01
 40 -0.00909  4.68690e+00 | 41 -0.03428  1.87431e+00 | 42  0.01710  1.12161e+00
 43 -0.01178  1.54544e+00 | 44  0.01016  7.48122e-01 | 45 -0.02065 -1.36644e+00
 46 -0.02016 -1.23982e+00 | 47 -0.01516 -2.83026e+00 | 48  0.05395  1.38583e+01
 49 -0.05324  4.92583e-01 | 50 -0.06376  1.30336e-01 | 51  0.02786 -3.59326e+00
 52  0.00256 -8.15420e-01 | 53 -0.02283  4.81983e+00 | 54 -0.01432  2.31742e+00
 55  0.01288 -2.64136e+00 | 56 -0.02362 -1.46281e+00 | 57 -0.00515 -2.69728e+00
 58 -0.01412  9.44720e-01 | 59 -0.01879  2.86048e+00 | 60  0.01937 -1.55470e+00
 61  0.00695 -1.08825e+00 | 62  0.00334  1.18767e+00 | 63 -0.03099  4.77822e+00
 64  0.00051 -2.38378e-01 | 65  0.03296  4.68144e+00 | 66 -0.02310  1.27887e+00
 67 -0.00418  1.61246e+00 | 68  0.00699  2.80963e+00 | 69  0.00226  2.06701e+00
 70 -0.01122  4.08695e+00 | 71  0.01213  2.45884e-01 | 72 -0.00907 -3.68404e+00
 73  0.00626 -7.08125e+00 | 74 -0.01426  2.81065e+00 | 75  0.00850  2.14973e+01
 76 -0.01464  2.85035e+00 | 77  0.05660 -2.60285e+00 | 78 -0.05169 -1.34394e+00
 79  0.03433  2.00991e+00 | 80 -0.00359  6.29098e-02 | 81 -0.04105  4.12575e-01
 82 -0.02041  2.63294e-01 | 83  0.00765  6.39021e+00 | 84 -0.00902  3.77528e+00
 85 -0.02416  5.12801e+00 | 86 -0.00042  9.72593e+00 | 87  0.00405  6.73389e+00
 88 -0.01159 -3.89640e-01 | 89  0.02455  1.00402e+01 | 90 -0.01357  3.38530e+00
 91 -0.02568  2.29246e+00 | 92  0.05298  2.34749e+01 | 93  0.04616  9.15148e+00
 94 -0.00248 -1.83817e+00 | 95 -0.02931  2.46250e-02 | 96 -0.01800  1.75551e-01
 97  0.01258  7.60482e+00 | 98 -0.00366  6.03724e-01 | 99 -0.01085  6.83688e-01
100  0.01391 -5.45380e+00 |101 -0.04281 -4.68930e+00 |102  0.00031 -1.02893e+00
103  0.03125  3.61125e-01 |104  0.02696 -8.01562e-02 |105 -0.00401  1.17223e-02
106 -0.03993  2.24068e-02 |107  0.15591 -3.34343e+01 |108 -0.41188  3.71476e+01
109 -0.10331 -2.99019e+01 |110 -0.25445  2.08986e+01 |
110 variables; iteration 60; function evaluation 72; phase 5
Function value 2.0615734e+03; maximum gradient component mag 7.1931e+01
Var    Value     Gradient |Var    Value     Gradient |Var    Value     Gradient
  1 -0.39628  9.90380e+00 |  2 -0.42614  7.19315e+01 |  3 -0.41309  3.80583e+01
  4 -0.41403  1.20141e+00 |  5 -0.38501 -1.15669e+00 |  6  0.63808  1.37151e+01
  7  0.00297 -2.44466e+00 |  8 -0.00319  3.12165e+00 |  9 -0.00624 -2.81861e-01
 10 -0.00341  7.07431e-01 | 11  0.00045 -2.65604e+00 | 12  0.01142 -4.61014e-01
 13  0.01338 -1.70139e+00 | 14 -0.01841 -1.66776e-01 | 15 -0.02286 -1.10583e+00
 16 -0.02092 -1.26043e+00 | 17 -0.00372 -8.30465e-01 | 18 -0.00987 -4.37902e-01
 19  0.01493  2.52493e+00 | 20 -0.00333  2.79915e+00 | 21 -0.03449  1.88603e+00
 22 -0.00206 -2.21369e+00 | 23 -0.00582 -2.62176e+00 | 24 -0.01020 -1.91925e+00
 25 -0.02105  2.16967e+00 | 26 -0.04171 -6.53585e-01 | 27  0.00271  6.48178e-01
 28  0.02950  1.33793e+00 | 29  0.01106 -2.60908e+00 | 30  0.01707 -3.07827e-01
 31 -0.01824  3.76008e+00 | 32 -0.00856 -2.90704e-01 | 33 -0.00094 -5.54501e-01
 34  0.02455 -2.20834e+00 | 35  0.02233 -6.37065e-01 | 36  0.00709 -1.33802e+00
 37 -0.00396  7.05041e-01 | 38  0.01580 -2.22767e-01 | 39  0.00150  2.58834e+00
 40 -0.00958 -8.72980e-01 | 41 -0.03420  2.90437e+00 | 42  0.01711  1.50165e+00
 43 -0.01201 -1.07071e+00 | 44  0.01009 -7.63343e-01 | 45 -0.02057 -5.40129e-01
 46 -0.02002  3.36809e-01 | 47 -0.01483  1.08143e+00 | 48  0.05368  4.11863e+00
 49 -0.05334 -3.82294e-01 | 50 -0.06395 -1.13970e+00 | 51  0.02806  9.59371e-01
 52  0.00257 -1.14104e+00 | 53 -0.02292  3.81113e+00 | 54 -0.01444  7.08249e-01
 55  0.01303 -4.02900e-01 | 56 -0.02349 -3.52688e-01 | 57 -0.00500 -1.48483e+00
 58 -0.01400  1.60437e+00 | 59 -0.01873  3.00928e+00 | 60  0.01945 -1.06436e+00
 61  0.00707  2.25365e-01 | 62  0.00339  1.13789e+00 | 63 -0.03127  1.19416e-01
 64  0.00060  3.03371e-01 | 65  0.03304  2.81310e+00 | 66 -0.02296  1.51979e+00
 67 -0.00416 -8.34213e-02 | 68  0.00698  7.27739e-01 | 69  0.00230  5.88525e-01
 70 -0.01131  5.34088e-01 | 71  0.01225  2.02841e+00 | 72 -0.00889 -9.28084e-01
 73  0.00652 -1.15974e+00 | 74 -0.01435 -9.29445e-01 | 75  0.00808  6.01156e+00
 76 -0.01460  1.88154e+00 | 77  0.05670  1.49547e-01 | 78 -0.05168 -1.74535e+00
 79  0.03438  9.44589e-01 | 80 -0.00347  3.41656e+00 | 81 -0.04104  7.79446e-01
 82 -0.02050 -5.09559e+00 | 83  0.00765  2.78447e+00 | 84 -0.00903  5.00894e-01
 85 -0.02427 -1.48580e+00 | 86 -0.00048  3.16068e+00 | 87  0.00400  2.14426e+00
 88 -0.01156 -1.26228e+00 | 89  0.02451  3.01219e+00 | 90 -0.01354  2.69381e+00
 91 -0.02567  9.16255e-01 | 92  0.05285  6.33822e+00 | 93  0.04614  2.83117e+00
 94 -0.00236  1.36757e+00 | 95 -0.02934 -2.07860e+00 | 96 -0.01803 -1.94860e+00
 97  0.01256  3.70975e+00 | 98 -0.00367 -1.35422e+00 | 99 -0.01084  5.02756e-02
100  0.01409  5.15323e-01 |101 -0.04269 -1.41176e+00 |102  0.00035 -1.27950e+00
103  0.03134  6.62282e-01 |104  0.02695 -9.83713e-02 |105 -0.00401  7.97181e-02
106 -0.03993  4.66369e-02 |107  0.15651 -1.27302e+01 |108 -0.41165  1.81226e+01
109 -0.10209 -8.16869e+00 |110 -0.25374  6.48236e+00 |
110 variables; iteration 80; function evaluation 97; phase 5
Function value 2.0615545e+03; maximum gradient component mag 2.0878e+01
Var    Value     Gradient |Var    Value     Gradient |Var    Value     Gradient
  1 -0.39697  2.78762e+00 |  2 -0.42630  2.08777e+01 |  3 -0.41281  1.08230e+01
  4 -0.41374  3.33840e-01 |  5 -0.38396 -2.80349e-01 |  6  0.63815  4.50442e+00
  7  0.00409  5.33549e-01 |  8 -0.00477  6.02309e-01 |  9 -0.00589  4.26493e-01
 10 -0.00332  9.45397e-01 | 11  0.00108 -1.31032e+00 | 12  0.01122 -8.33152e-01
 13  0.01416  2.97532e-01 | 14 -0.01870 -7.36621e-01 | 15 -0.02270 -6.81296e-01
 16 -0.02031  3.61179e-01 | 17 -0.00408 -1.81376e+00 | 18 -0.00994 -5.03972e-01
 19  0.01419 -6.51112e-01 | 20 -0.00371  1.35019e+00 | 21 -0.03453  1.90159e+00
 22 -0.00168  3.15671e-01 | 23 -0.00564 -1.07826e+00 | 24 -0.01009 -6.94579e-01
 25 -0.02112  2.10098e+00 | 26 -0.04168 -1.95078e-01 | 27  0.00262 -1.02615e-01
 28  0.02938 -6.62233e-01 | 29  0.01116 -9.56343e-01 | 30  0.01704 -3.57606e-01
 31 -0.01849  1.44601e+00 | 32 -0.00853  3.29592e-01 | 33 -0.00092  1.01475e-02
 34  0.02456 -1.48461e+00 | 35  0.02235  3.43060e-01 | 36  0.00716 -9.15474e-02
 37 -0.00414 -1.23330e+00 | 38  0.01581  1.09800e-01 | 39  0.00135  5.26389e-01
 40 -0.00954 -1.80667e-01 | 41 -0.03462 -6.04069e-01 | 42  0.01702  1.90746e-01
 43 -0.01200 -8.02015e-01 | 44  0.01016  5.99921e-01 | 45 -0.02058 -4.87299e-01
 46 -0.02006  6.00334e-02 | 47 -0.01485  8.45151e-01 | 48  0.05359  1.24718e+00
 49 -0.05331 -1.06722e-01 | 50 -0.06380 -1.44573e-01 | 51  0.02804  7.87582e-01
 52  0.00264 -7.73052e-02 | 53 -0.02313  1.38396e+00 | 54 -0.01449 -7.75269e-02
 55  0.01301 -9.62311e-01 | 56 -0.02340  5.78060e-01 | 57 -0.00491 -2.59912e-01
 58 -0.01397  1.67998e+00 | 59 -0.01895 -1.94295e-01 | 60  0.01950 -1.72767e-01
 61  0.00710  4.14102e-01 | 62  0.00332 -7.49766e-01 | 63 -0.03128 -5.34828e-03
 64  0.00064  1.05967e+00 | 65  0.03302  6.17091e-01 | 66 -0.02299  5.45555e-01
 67 -0.00417 -7.37739e-01 | 68  0.00695 -2.90548e-01 | 69  0.00229  2.35996e-01
 70 -0.01130  7.47254e-01 | 71  0.01220  3.43635e-01 | 72 -0.00885 -1.82178e-01
 73  0.00658  2.79319e-01 | 74 -0.01432 -6.30188e-01 | 75  0.00794  1.39490e+00
 76 -0.01462  5.48303e-01 | 77  0.05671  1.84772e-01 | 78 -0.05164 -5.18933e-01
 79  0.03438  2.86609e-01 | 80 -0.00352  9.98484e-01 | 81 -0.04108 -4.74260e-01
 82 -0.02042 -1.44805e+00 | 83  0.00761  7.07015e-01 | 84 -0.00904  4.19934e-02
 85 -0.02424 -4.35906e-01 | 86 -0.00052  7.39790e-01 | 87  0.00397  5.18977e-01
 88 -0.01154 -3.98831e-01 | 89  0.02448  7.32084e-01 | 90 -0.01358  5.11423e-01
 91 -0.02564  1.53594e+00 | 92  0.05280  1.46847e+00 | 93  0.04612  6.65462e-01
 94 -0.00238  2.43093e-01 | 95 -0.02931 -8.82651e-01 | 96 -0.01799 -6.58909e-01
 97  0.01251  8.89771e-01 | 98 -0.00366 -9.46526e-01 | 99 -0.01083  3.11851e-01
100  0.01408 -1.18956e-01 |101 -0.04271 -1.90504e+00 |102  0.00041  4.45109e-02
103  0.03132 -5.04203e-01 |104  0.02693 -3.71408e-01 |105 -0.00399  3.64182e-01
106 -0.03992  1.62012e-01 |107  0.15659 -3.05788e+00 |108 -0.41165  4.60652e+00
109 -0.10179 -2.26788e+00 |110 -0.25355  2.16518e+00 |
110 variables; iteration 100; function evaluation 124; phase 5
Function value 2.0615509e+03; maximum gradient component mag 5.5884e+00
Var    Value     Gradient |Var    Value     Gradient |Var    Value     Gradient
  1 -0.39718  7.51045e-01 |  2 -0.42634  5.58842e+00 |  3 -0.41273  2.89681e+00
  4 -0.41362  6.75399e-02 |  5 -0.38368 -4.94909e-02 |  6  0.63816  1.28571e+00
  7  0.00402  2.83478e-01 |  8 -0.00504  1.29841e-01 |  9 -0.00630 -2.86380e-01
 10 -0.00345  6.90507e-01 | 11  0.00163 -2.21209e-01 | 12  0.01148 -2.44343e-01
 13  0.01402 -3.95988e-02 | 14 -0.01850 -2.89762e-01 | 15 -0.02238  7.99169e-02
 16 -0.02054 -2.15987e-01 | 17 -0.00359 -2.95812e-01 | 18 -0.01009 -1.00625e+00
 19  0.01431 -1.06323e-01 | 20 -0.00396  2.75148e-01 | 21 -0.03491  5.58738e-01
 22 -0.00169  2.35689e-01 | 23 -0.00544  2.51134e-01 | 24 -0.01007 -5.76863e-01
 25 -0.02133  6.03150e-01 | 26 -0.04165  2.06518e-03 | 27  0.00260 -3.39188e-01
 28  0.02942  8.26354e-02 | 29  0.01121 -3.21306e-02 | 30  0.01708  3.15105e-01
 31 -0.01858  6.44808e-01 | 32 -0.00856 -4.15978e-02 | 33 -0.00094 -1.59087e-01
 34  0.02460 -7.44472e-01 | 35  0.02232 -1.57662e-01 | 36  0.00718  2.00786e-01
 37 -0.00411 -8.56584e-01 | 38  0.01580 -1.32025e-01 | 39  0.00137  8.01052e-01
 40 -0.00952  4.99011e-02 | 41 -0.03460 -3.57014e-01 | 42  0.01699 -4.22092e-01
 43 -0.01196 -3.90261e-01 | 44  0.01016  5.14576e-01 | 45 -0.02049  5.00144e-01
 46 -0.02003  3.63228e-01 | 47 -0.01486  6.04758e-01 | 48  0.05356  3.49893e-01
 49 -0.05333 -3.10950e-01 | 50 -0.06392 -8.84624e-01 | 51  0.02802  2.48913e-01
 52  0.00266  6.87777e-02 | 53 -0.02326 -6.54023e-02 | 54 -0.01448  1.02381e-01
 55  0.01303 -6.24340e-01 | 56 -0.02352 -8.68793e-01 | 57 -0.00487  5.95474e-03
 58 -0.01407  2.28848e-02 | 59 -0.01894 -2.52860e-01 | 60  0.01953  2.78729e-01
 61  0.00711  3.88489e-01 | 62  0.00336  6.04861e-02 | 63 -0.03128 -7.82072e-02
 64  0.00063  4.30506e-01 | 65  0.03303  2.38630e-01 | 66 -0.02305 -9.66522e-01
 67 -0.00413  4.29962e-02 | 68  0.00697  1.90183e-02 | 69  0.00230  1.65659e-01
 70 -0.01131  2.91390e-01 | 71  0.01220  1.32535e-01 | 72 -0.00884 -1.55573e-01
 73  0.00658  1.28039e-01 | 74 -0.01432 -8.38489e-01 | 75  0.00791  4.47035e-01
 76 -0.01462  1.40749e-01 | 77  0.05671  4.82281e-02 | 78 -0.05163 -1.21181e-01
 79  0.03438  8.11884e-02 | 80 -0.00353  2.62067e-01 | 81 -0.04107 -1.30932e-01
 82 -0.02040 -3.62365e-01 | 83  0.00761  1.87814e-01 | 84 -0.00904  1.40316e-02
 85 -0.02423 -1.00941e-01 | 86 -0.00053  1.96049e-01 | 87  0.00396  1.38174e-01
 88 -0.01153 -9.82873e-02 | 89  0.02447  1.92837e-01 | 90 -0.01359  1.32683e-01
 91 -0.02567  4.46082e-01 | 92  0.05279  3.82795e-01 | 93  0.04612  1.76254e-01
 94 -0.00239  5.92075e-02 | 95 -0.02930 -2.26965e-01 | 96 -0.01798 -1.65514e-01
 97  0.01250  2.34248e-01 | 98 -0.00364 -2.58666e-01 | 99 -0.01084  9.64457e-02
100  0.01408 -2.92181e-02 |101 -0.04267 -6.72944e-01 |102  0.00041  6.52421e-02
103  0.03134 -9.29854e-02 |104  0.02695  6.09507e-02 |105 -0.00401 -1.67642e-02
106 -0.03992  3.00929e-01 |107  0.15660 -1.01811e+00 |108 -0.41166  1.06685e+00
109 -0.10173 -5.81008e-01 |110 -0.25351  6.27088e-01 |
110 variables; iteration 120; function evaluation 156; phase 5
Function value 2.0615500e+03; maximum gradient component mag 1.0071e-04
Var    Value     Gradient |Var    Value     Gradient |Var    Value     Gradient
  1 -0.39726  3.43088e-06 |  2 -0.42635  1.00707e-04 |  3 -0.41270  3.43219e-05
  4 -0.41357  1.24014e-06 |  5 -0.38359  2.21926e-06 |  6  0.63814  6.50527e-05
  7  0.00390  1.98475e-07 |  8 -0.00511 -1.44781e-09 |  9 -0.00613  4.35953e-08
 10 -0.00382  3.21133e-07 | 11  0.00174  3.05404e-07 | 12  0.01159  1.10885e-07
 13  0.01403  8.64924e-07 | 14 -0.01837  9.22105e-07 | 15 -0.02241  3.21508e-07
 16 -0.02045  4.46948e-07 | 17 -0.00350  3.54044e-07 | 18 -0.00979  2.08913e-06
 19  0.01433  3.18046e-07 | 20 -0.00402  1.43485e-07 | 21 -0.03506  6.10766e-07
 22 -0.00173  5.26979e-07 | 23 -0.00548  3.88220e-07 | 24 -0.00999  3.49698e-07
 25 -0.02142  2.67041e-09 | 26 -0.04165  2.76993e-06 | 27  0.00263  1.19014e-08
 28  0.02942 -7.20156e-07 | 29  0.01122  1.47387e-07 | 30  0.01707 -1.40784e-07
 31 -0.01864 -7.19017e-08 | 32 -0.00856  4.60138e-06 | 33 -0.00092  4.40841e-06
 34  0.02465  1.57482e-06 | 35  0.02233  1.88016e-06 | 36  0.00718  2.83422e-06
 37 -0.00403  2.11740e-06 | 38  0.01581  1.28872e-06 | 39  0.00132  1.54053e-06
 40 -0.00952 -1.59980e-07 | 41 -0.03455 -2.26769e-07 | 42  0.01702  1.82062e-07
 43 -0.01193  2.90770e-06 | 44  0.01013  8.95149e-07 | 45 -0.02053  1.41061e-05
 46 -0.02006  2.11854e-05 | 47 -0.01491  6.84541e-06 | 48  0.05356  3.13709e-06
 49 -0.05328  1.51320e-06 | 50 -0.06377  1.46225e-06 | 51  0.02802  3.09363e-06
 52  0.00266  4.41225e-06 | 53 -0.02325  1.46394e-06 | 54 -0.01448  3.57718e-06
 55  0.01307  4.34983e-06 | 56 -0.02343  2.69175e-06 | 57 -0.00487  4.77147e-06
 58 -0.01406  3.92416e-06 | 59 -0.01891  3.10346e-06 | 60  0.01953  6.46163e-06
 61  0.00710  4.41897e-06 | 62  0.00337  4.88490e-06 | 63 -0.03127  2.37005e-06
 64  0.00063  3.94182e-06 | 65  0.03303  6.20093e-06 | 66 -0.02299  2.93062e-06
 67 -0.00413  2.91937e-06 | 68  0.00697  3.61376e-06 | 69  0.00230  2.77239e-06
 70 -0.01131  2.69286e-06 | 71  0.01221  2.65950e-06 | 72 -0.00883  1.52419e-06
 73  0.00658  1.75586e-06 | 74 -0.01428  1.90480e-06 | 75  0.00791  2.88068e-06
 76 -0.01462  1.39531e-06 | 77  0.05672  3.57889e-06 | 78 -0.05162  7.54165e-07
 79  0.03439  2.37926e-06 | 80 -0.00353  7.87586e-07 | 81 -0.04107  1.73479e-07
 82 -0.02039  6.78599e-07 | 83  0.00761  9.32886e-07 | 84 -0.00903  4.91895e-07
 85 -0.02423  4.71270e-07 | 86 -0.00052  8.25616e-07 | 87  0.00397  4.65162e-07
 88 -0.01152  6.13252e-07 | 89  0.02448  7.15670e-07 | 90 -0.01359  4.31126e-07
 91 -0.02567  5.61290e-07 | 92  0.05279  7.73559e-07 | 93  0.04612  1.06409e-06
 94 -0.00238 -2.20443e-07 | 95 -0.02929  2.19335e-07 | 96 -0.01797  2.36776e-07
 97  0.01250 -4.10774e-08 | 98 -0.00363  8.33512e-07 | 99 -0.01084  4.93799e-07
100  0.01409 -8.73218e-09 |101 -0.04264 -3.18844e-07 |102  0.00041  2.29741e-07
103  0.03135  3.74864e-07 |104  0.02694 -2.96007e-07 |105 -0.00401 -1.02247e-07
106 -0.03993  2.74270e-09 |107  0.15662  2.01169e-05 |108 -0.41165 -2.16677e-05
109 -0.10171  1.80729e-06 |110 -0.25350 -4.38160e-08 |
  ic > imax  in fminim is answer attained ?
Var    Value     Gradient |Var    Value     Gradient |Var    Value     Gradient
  1 -0.39726  3.43088e-06 |  2 -0.42635  1.00707e-04 |  3 -0.41270  3.43219e-05
  4 -0.41357  1.24014e-06 |  5 -0.38359  2.21926e-06 |  6  0.63814  6.50527e-05
  7  0.00390  1.98475e-07 |  8 -0.00511 -1.44781e-09 |  9 -0.00613  4.35953e-08
 10 -0.00382  3.21133e-07 | 11  0.00174  3.05404e-07 | 12  0.01159  1.10885e-07
 13  0.01403  8.64924e-07 | 14 -0.01837  9.22105e-07 | 15 -0.02241  3.21508e-07
 16 -0.02045  4.46948e-07 | 17 -0.00350  3.54044e-07 | 18 -0.00979  2.08913e-06
 19  0.01433  3.18046e-07 | 20 -0.00402  1.43485e-07 | 21 -0.03506  6.10766e-07
 22 -0.00173  5.26979e-07 | 23 -0.00548  3.88220e-07 | 24 -0.00999  3.49698e-07
 25 -0.02142  2.67041e-09 | 26 -0.04165  2.76993e-06 | 27  0.00263  1.19014e-08
 28  0.02942 -7.20156e-07 | 29  0.01122  1.47387e-07 | 30  0.01707 -1.40784e-07
 31 -0.01864 -7.19017e-08 | 32 -0.00856  4.60138e-06 | 33 -0.00092  4.40841e-06
 34  0.02465  1.57482e-06 | 35  0.02233  1.88016e-06 | 36  0.00718  2.83422e-06
 37 -0.00403  2.11740e-06 | 38  0.01581  1.28872e-06 | 39  0.00132  1.54053e-06
 40 -0.00952 -1.59980e-07 | 41 -0.03455 -2.26769e-07 | 42  0.01702  1.82062e-07
 43 -0.01193  2.90770e-06 | 44  0.01013  8.95149e-07 | 45 -0.02053  1.41061e-05
 46 -0.02006  2.11854e-05 | 47 -0.01491  6.84541e-06 | 48  0.05356  3.13709e-06
 49 -0.05328  1.51320e-06 | 50 -0.06377  1.46225e-06 | 51  0.02802  3.09363e-06
 52  0.00266  4.41225e-06 | 53 -0.02325  1.46394e-06 | 54 -0.01448  3.57718e-06
 55  0.01307  4.34983e-06 | 56 -0.02343  2.69175e-06 | 57 -0.00487  4.77147e-06
 58 -0.01406  3.92416e-06 | 59 -0.01891  3.10346e-06 | 60  0.01953  6.46163e-06
 61  0.00710  4.41897e-06 | 62  0.00337  4.88490e-06 | 63 -0.03127  2.37005e-06
 64  0.00063  3.94182e-06 | 65  0.03303  6.20093e-06 | 66 -0.02299  2.93062e-06
 67 -0.00413  2.91937e-06 | 68  0.00697  3.61376e-06 | 69  0.00230  2.77239e-06
 70 -0.01131  2.69286e-06 | 71  0.01221  2.65950e-06 | 72 -0.00883  1.52419e-06
 73  0.00658  1.75586e-06 | 74 -0.01428  1.90480e-06 | 75  0.00791  2.88068e-06
 76 -0.01462  1.39531e-06 | 77  0.05672  3.57889e-06 | 78 -0.05162  7.54165e-07
 79  0.03439  2.37926e-06 | 80 -0.00353  7.87586e-07 | 81 -0.04107  1.73479e-07
 82 -0.02039  6.78599e-07 | 83  0.00761  9.32886e-07 | 84 -0.00903  4.91895e-07
 85 -0.02423  4.71270e-07 | 86 -0.00052  8.25616e-07 | 87  0.00397  4.65162e-07
 88 -0.01152  6.13252e-07 | 89  0.02448  7.15670e-07 | 90 -0.01359  4.31126e-07
 91 -0.02567  5.61290e-07 | 92  0.05279  7.73559e-07 | 93  0.04612  1.06409e-06
 94 -0.00238 -2.20443e-07 | 95 -0.02929  2.19335e-07 | 96 -0.01797  2.36776e-07
 97  0.01250 -4.10774e-08 | 98 -0.00363  8.33512e-07 | 99 -0.01084  4.93799e-07
100  0.01409 -8.73218e-09 |101 -0.04264 -3.18844e-07 |102  0.00041  2.29741e-07
103  0.03135  3.74864e-07 |104  0.02694 -2.96007e-07 |105 -0.00401 -1.02247e-07
106 -0.03993  2.74270e-09 |107  0.15662  2.01169e-05 |108 -0.41165 -2.16677e-05
109 -0.10171  1.80729e-06 |110 -0.25350 -4.38160e-08 |
Function minimizer not making progress ... is minimum attained?
Minimprove criterion = 0.0000e+00

 - final statistics:
110 variables; iteration 121; function evaluation 186
Function value 2.0616e+03; maximum gradient component mag 1.0071e-04
Exit code = 1;  converg criter 1.0000e-04
Var    Value     Gradient |Var    Value     Gradient |Var    Value     Gradient
  1 -0.39726  3.43088e-06 |  2 -0.42635  1.00707e-04 |  3 -0.41270  3.43219e-05
  4 -0.41357  1.24014e-06 |  5 -0.38359  2.21926e-06 |  6  0.63814  6.50527e-05
  7  0.00390  1.98475e-07 |  8 -0.00511 -1.44781e-09 |  9 -0.00613  4.35953e-08
 10 -0.00382  3.21133e-07 | 11  0.00174  3.05404e-07 | 12  0.01159  1.10885e-07
 13  0.01403  8.64924e-07 | 14 -0.01837  9.22105e-07 | 15 -0.02241  3.21508e-07
 16 -0.02045  4.46948e-07 | 17 -0.00350  3.54044e-07 | 18 -0.00979  2.08913e-06
 19  0.01433  3.18046e-07 | 20 -0.00402  1.43485e-07 | 21 -0.03506  6.10766e-07
 22 -0.00173  5.26979e-07 | 23 -0.00548  3.88220e-07 | 24 -0.00999  3.49698e-07
 25 -0.02142  2.67041e-09 | 26 -0.04165  2.76993e-06 | 27  0.00263  1.19014e-08
 28  0.02942 -7.20156e-07 | 29  0.01122  1.47387e-07 | 30  0.01707 -1.40784e-07
 31 -0.01864 -7.19017e-08 | 32 -0.00856  4.60138e-06 | 33 -0.00092  4.40841e-06
 34  0.02465  1.57482e-06 | 35  0.02233  1.88016e-06 | 36  0.00718  2.83422e-06
 37 -0.00403  2.11740e-06 | 38  0.01581  1.28872e-06 | 39  0.00132  1.54053e-06
 40 -0.00952 -1.59980e-07 | 41 -0.03455 -2.26769e-07 | 42  0.01702  1.82062e-07
 43 -0.01193  2.90770e-06 | 44  0.01013  8.95149e-07 | 45 -0.02053  1.41061e-05
 46 -0.02006  2.11854e-05 | 47 -0.01491  6.84541e-06 | 48  0.05356  3.13709e-06
 49 -0.05328  1.51320e-06 | 50 -0.06377  1.46225e-06 | 51  0.02802  3.09363e-06
 52  0.00266  4.41225e-06 | 53 -0.02325  1.46394e-06 | 54 -0.01448  3.57718e-06
 55  0.01307  4.34983e-06 | 56 -0.02343  2.69175e-06 | 57 -0.00487  4.77147e-06
 58 -0.01406  3.92416e-06 | 59 -0.01891  3.10346e-06 | 60  0.01953  6.46163e-06
 61  0.00710  4.41897e-06 | 62  0.00337  4.88490e-06 | 63 -0.03127  2.37005e-06
 64  0.00063  3.94182e-06 | 65  0.03303  6.20093e-06 | 66 -0.02299  2.93062e-06
 67 -0.00413  2.91937e-06 | 68  0.00697  3.61376e-06 | 69  0.00230  2.77239e-06
 70 -0.01131  2.69286e-06 | 71  0.01221  2.65950e-06 | 72 -0.00883  1.52419e-06
 73  0.00658  1.75586e-06 | 74 -0.01428  1.90480e-06 | 75  0.00791  2.88068e-06
 76 -0.01462  1.39531e-06 | 77  0.05672  3.57889e-06 | 78 -0.05162  7.54165e-07
 79  0.03439  2.37926e-06 | 80 -0.00353  7.87586e-07 | 81 -0.04107  1.73479e-07
 82 -0.02039  6.78599e-07 | 83  0.00761  9.32886e-07 | 84 -0.00903  4.91895e-07
 85 -0.02423  4.71270e-07 | 86 -0.00052  8.25616e-07 | 87  0.00397  4.65162e-07
 88 -0.01152  6.13252e-07 | 89  0.02448  7.15670e-07 | 90 -0.01359  4.31126e-07
 91 -0.02567  5.61290e-07 | 92  0.05279  7.73559e-07 | 93  0.04612  1.06409e-06
 94 -0.00238 -2.20443e-07 | 95 -0.02929  2.19335e-07 | 96 -0.01797  2.36776e-07
 97  0.01250 -4.10774e-08 | 98 -0.00363  8.33512e-07 | 99 -0.01084  4.93799e-07
100  0.01409 -8.73218e-09 |101 -0.04264 -3.18844e-07 |102  0.00041  2.29741e-07
103  0.03135  3.74864e-07 |104  0.02694 -2.96007e-07 |105 -0.00401 -1.02247e-07
106 -0.03993  2.74270e-09 |107  0.15662  2.01169e-05 |108 -0.41165 -2.16677e-05
109 -0.10171  1.80729e-06 |110 -0.25350 -4.38160e-08 |

 - final statistics:
122 variables; iteration 0; function evaluation 0
Function value 2.0616e+03; maximum gradient component mag 9.8488e-05
Exit code = 0;  converg criter 1.0000e-04
Var    Value     Gradient |Var    Value     Gradient |Var    Value     Gradient
  1 -0.39726  3.35645e-06 |  2 -0.42635  9.84875e-05 |  3 -0.41270  3.35848e-05
  4 -0.41357  1.21299e-06 |  5 -0.38359  2.16631e-06 |  6  0.63814  6.35889e-05
  7  0.00390  1.93610e-07 |  8 -0.00511 -1.64848e-09 |  9 -0.00613  4.24242e-08
 10 -0.00382  3.13159e-07 | 11  0.00174  2.98745e-07 | 12  0.01159  1.08258e-07
 13  0.01403  8.44284e-07 | 14 -0.01837  9.00020e-07 | 15 -0.02241  3.14070e-07
 16 -0.02045  4.36347e-07 | 17 -0.00350  3.45938e-07 | 18 -0.00979  2.03912e-06
 19  0.01433  3.10681e-07 | 20 -0.00402  1.39729e-07 | 21 -0.03506  5.96327e-07
 22 -0.00173  5.15204e-07 | 23 -0.00548  3.79113e-07 | 24 -0.00999  3.41883e-07
 25 -0.02142  1.30551e-09 | 26 -0.04165  2.70350e-06 | 27  0.00263  1.35337e-08
 28  0.02942 -7.03110e-07 | 29  0.01122  1.47221e-07 | 30  0.01707 -1.35648e-07
 31 -0.01864 -6.96926e-08 | 32 -0.00856  4.49243e-06 | 33 -0.00092  4.30207e-06
 34  0.02465  1.54044e-06 | 35  0.02233  1.83938e-06 | 36  0.00718  2.76718e-06
 37 -0.00403  2.06836e-06 | 38  0.01581  1.26041e-06 | 39  0.00132  1.50427e-06
 40 -0.00952 -1.54941e-07 | 41 -0.03455 -2.21771e-07 | 42  0.01702  1.79788e-07
 43 -0.01193  2.83904e-06 | 44  0.01013  8.74913e-07 | 45 -0.02053  1.37682e-05
 46 -0.02006  2.06760e-05 | 47 -0.01491  6.68343e-06 | 48  0.05356  3.07063e-06
 49 -0.05328  1.47820e-06 | 50 -0.06377  1.42772e-06 | 51  0.02802  3.02593e-06
 52  0.00266  4.30967e-06 | 53 -0.02325  1.42981e-06 | 54 -0.01448  3.49385e-06
 55  0.01307  4.25260e-06 | 56 -0.02343  2.63174e-06 | 57 -0.00487  4.66306e-06
 58 -0.01406  3.83634e-06 | 59 -0.01891  3.03264e-06 | 60  0.01953  6.31616e-06
 61  0.00710  4.31682e-06 | 62  0.00337  4.77564e-06 | 63 -0.03127  2.31572e-06
 64  0.00063  3.85449e-06 | 65  0.03303  6.06398e-06 | 66 -0.02299  2.86506e-06
 67 -0.00413  2.85577e-06 | 68  0.00697  3.53601e-06 | 69  0.00230  2.71253e-06
 70 -0.01131  2.63646e-06 | 71  0.01221  2.60318e-06 | 72 -0.00883  1.49221e-06
 73  0.00658  1.71943e-06 | 74 -0.01428  1.86404e-06 | 75  0.00791  2.82054e-06
 76 -0.01462  1.36678e-06 | 77  0.05672  3.50651e-06 | 78 -0.05162  7.38811e-07
 79  0.03439  2.33072e-06 | 80 -0.00353  7.72488e-07 | 81 -0.04107  1.70726e-07
 82 -0.02039  6.65971e-07 | 83  0.00761  9.15160e-07 | 84 -0.00903  4.83415e-07
 85 -0.02423  4.62603e-07 | 86 -0.00052  8.10048e-07 | 87  0.00397  4.56970e-07
 88 -0.01152  6.01937e-07 | 89  0.02448  7.02587e-07 | 90 -0.01359  4.23295e-07
 91 -0.02567  5.50306e-07 | 92  0.05279  7.60478e-07 | 93  0.04612  1.04342e-06
 94 -0.00238 -2.14810e-07 | 95 -0.02929  2.15270e-07 | 96 -0.01797  2.32314e-07
 97  0.01250 -4.03928e-08 | 98 -0.00363  8.15935e-07 | 99 -0.01084  4.83214e-07
100  0.01409 -8.79147e-09 |101 -0.04264 -3.12361e-07 |102  0.00041  2.24913e-07
103  0.03135  3.66236e-07 |104  0.02694 -2.89865e-07 |105 -0.00401 -1.00109e-07
106 -0.03993  2.72495e-09 |107  0.00000  0.00000e+00 |108  0.00000  0.00000e+00
109  0.00000  0.00000e+00 |110  0.00000  0.00000e+00 |111  0.00000  0.00000e+00
112  0.00000  0.00000e+00 |113  0.00000  0.00000e+00 |114  0.00000  0.00000e+00
115  0.00000  0.00000e+00 |116  0.00000  0.00000e+00 |117  0.00000  0.00000e+00
118  0.00000  0.00000e+00 |119  0.15662  1.96687e-05 |120 -0.41165 -2.11899e-05
121 -0.10171  1.77738e-06 |122 -0.25350 -5.20054e-08 |
size of file gradfil1.tmp = 0
size of file gradfil2.tmp = 0
size of file varssave.tmp = 0
size of file cmpdiff.tmp = 0
