
Initial statistics: 1 variables; iteration 0; function evaluation 0; phase 1
Function value 2.6108722e+03; maximum gradient component mag -5.2052e+03
Var    Value     Gradient |Var    Value     Gradient |Var    Value     Gradient
  1  0.63197 -5.20523e+03 |

 - final statistics:
1 variables; iteration 4; function evaluation 7
Function value 2.5895e+03; maximum gradient component mag -8.4289e-01
Exit code = 1;  converg criter 1.0000e+01
Var    Value     Gradient |Var    Value     Gradient |Var    Value     Gradient
  1  0.64080 -8.42886e-01 |

Initial statistics: 98 variables; iteration 0; function evaluation 0; phase 2
Function value 2.5895303e+03; maximum gradient component mag -1.1433e+03
Var    Value     Gradient |Var    Value     Gradient |Var    Value     Gradient
  1  0.64080 -8.42886e-01 |  2  0.00000 -4.35458e+00 |  3  0.00000 -2.93026e+01
  4  0.00000  2.57540e+01 |  5  0.00000  4.05627e+00 |  6  0.00000  3.16777e+01
  7  0.00000 -4.79592e+01 |  8  0.00000  6.41982e+01 |  9  0.00000 -8.66185e+01
 10  0.00000 -1.34771e+02 | 11  0.00000  1.06678e+02 | 12  0.00000 -3.60840e+01
 13  0.00000 -1.87379e+02 | 14  0.00000 -3.26171e+02 | 15  0.00000  2.59287e+02
 16  0.00000 -2.17553e+02 | 17  0.00000  5.08585e+01 | 18  0.00000  2.45519e+02
 19  0.00000  7.56803e+01 | 20  0.00000 -4.02582e+01 | 21  0.00000  6.42167e+01
 22  0.00000 -9.00197e+02 | 23  0.00000  2.43817e+02 | 24  0.00000  1.26043e+02
 25  0.00000 -4.33775e+01 | 26  0.00000  1.76794e+02 | 27  0.00000 -9.00428e+02
 28  0.00000 -1.81461e+02 | 29  0.00000  2.68675e+02 | 30  0.00000  1.47322e+02
 31  0.00000 -9.60275e+01 | 32  0.00000  5.25066e+01 | 33  0.00000 -6.20008e+01
 34  0.00000  2.08004e+02 | 35  0.00000  2.29844e+02 | 36  0.00000 -2.62456e+02
 37  0.00000  2.53155e+02 | 38  0.00000 -6.97242e+02 | 39  0.00000 -1.38732e+02
 40  0.00000  4.21281e+02 | 41  0.00000  1.91473e+02 | 42  0.00000  7.67445e+01
 43  0.00000  6.20696e+02 | 44  0.00000 -2.09745e+02 | 45  0.00000  2.72775e+02
 46  0.00000  1.13161e+02 | 47  0.00000 -8.41670e+01 | 48  0.00000  4.33606e+02
 49  0.00000  5.74439e+00 | 50  0.00000  4.82235e+02 | 51  0.00000  5.85904e+02
 52  0.00000  3.48273e+02 | 53  0.00000  6.47921e+02 | 54  0.00000 -1.14330e+03
 55  0.00000 -2.68889e+02 | 56  0.00000 -1.46930e+02 | 57  0.00000  1.38758e+02
 58  0.00000 -1.09716e+02 | 59  0.00000  7.18924e+01 | 60  0.00000  5.42771e+02
 61  0.00000 -6.43518e+02 | 62  0.00000  8.34887e+02 | 63  0.00000 -1.00754e+03
 64  0.00000 -4.18177e+02 | 65  0.00000 -7.24233e+02 | 66  0.00000 -1.20185e+02
 67  0.00000  4.29305e+02 | 68  0.00000  3.43107e+00 | 69  0.00000 -4.05920e+02
 70  0.00000 -1.26837e+02 | 71  0.00000 -3.38866e+02 | 72  0.00000  6.55174e+02
 73  0.00000  7.32695e+01 | 74  0.00000  8.59048e+02 | 75  0.00000  1.02039e+03
 76  0.00000  1.47712e+02 | 77  0.00000  1.15646e+02 | 78  0.00000 -1.18624e+02
 79  0.00000 -1.00348e+03 | 80  0.00000  1.31403e+01 | 81  0.00000 -7.29513e+01
 82  0.00000  5.50872e+02 | 83  0.00000 -5.34626e+02 | 84  0.00000  1.50992e+00
 85  0.00000  3.49613e+02 | 86  0.00000  7.91254e+01 | 87  0.00000 -2.66348e+02
 88  0.00000 -4.66056e+01 | 89  0.00000 -6.54371e+02 | 90  0.00000  2.66118e+02
 91  0.00000  1.74119e+01 | 92  0.00000 -2.09534e+02 | 93  0.00000  4.46155e+01
 94  0.00000  1.92909e+00 | 95  0.00000 -1.78929e+00 | 96  0.00000 -1.78938e+00
 97  0.81654  3.40984e+01 | 98  0.22185  2.08590e+02 |

Intermediate statistics: 98 variables; iteration 20; function evaluation 31; phase 2
Function value 2.3270368e+03; maximum gradient component mag 4.5267e+02
Var    Value     Gradient |Var    Value     Gradient |Var    Value     Gradient
  1  0.63783  2.20662e+02 |  2  0.00366 -1.01113e+00 |  3  0.04115  6.40346e+01
  4 -0.07063 -1.16142e+02 |  5  0.00411  1.11462e+01 |  6 -0.00711  1.10446e+01
  7 -0.00852 -7.34672e+01 |  8  0.02343  1.44136e+02 |  9  0.02359  4.69384e+00
 10  0.04150  7.02879e+01 | 11 -0.04366 -5.68266e+01 | 12 -0.00723 -7.51489e+01
 13  0.00934 -1.32305e+02 | 14  0.02980 -8.14073e+01 | 15 -0.01304  1.43967e+02
 16  0.00310 -2.15820e+02 | 17 -0.00402 -3.05989e+01 | 18 -0.01247  6.98003e+01
 19 -0.00265  2.43903e-01 | 20 -0.00080 -8.40187e+01 | 21 -0.00141  3.18111e+01
 22  0.03247 -4.11393e+02 | 23 -0.01519  5.93088e+01 | 24 -0.00621  1.51023e+01
 25 -0.00071 -9.01380e+01 | 26 -0.00870  5.31654e+01 | 27  0.03152 -4.18163e+02
 28  0.00412 -1.46914e+02 | 29 -0.01321  6.71148e+01 | 30 -0.00814 -5.86607e-01
 31  0.00803 -2.75413e+01 | 32  0.00006  1.57200e+01 | 33  0.00610 -2.34930e+01
 34 -0.00970  3.29329e+01 | 35 -0.01025  5.05170e+01 | 36  0.01582 -7.01667e+01
 37 -0.01140  7.06149e+01 | 38  0.02198 -3.81351e+02 | 39  0.00819 -5.86547e+01
 40 -0.01703  1.42798e+02 | 41 -0.00198  1.00324e+02 | 42  0.00393  7.29975e+01
 43 -0.02652  2.20844e+02 | 44  0.00849 -1.29354e+02 | 45 -0.00841  9.15705e+01
 46 -0.00140  3.96399e+01 | 47  0.00274 -8.84727e+01 | 48 -0.01111  1.92170e+02
 49 -0.00028 -7.27867e+01 | 50 -0.01323  1.54857e+02 | 51 -0.01603  1.76026e+02
 52 -0.00427  1.57483e+02 | 53 -0.01292  2.97733e+02 | 54  0.02360 -3.47733e+02
 55  0.00837 -7.76997e+00 | 56  0.00541 -1.45538e+01 | 57 -0.00213  5.84991e+01
 58  0.00360 -4.64270e+01 | 59 -0.00022  3.02251e+01 | 60 -0.01048  2.44053e+02
 61  0.01277 -2.93520e+02 | 62 -0.01713  4.41932e+02 | 63  0.02635 -1.65938e+02
 64  0.01266  3.51146e+00 | 65  0.01981 -1.08360e+02 | 66  0.00541  2.80225e+01
 67 -0.00839  1.91726e+02 | 68 -0.00141 -6.39241e+01 | 69  0.00567 -2.48412e+02
 70 -0.00001 -1.19853e+02 | 71  0.00681 -1.35655e+02 | 72 -0.01149  3.44857e+02
 73  0.00210  1.03487e+02 | 74 -0.01444  4.11044e+02 | 75 -0.01929  4.52671e+02
 76 -0.00132  6.54726e+01 | 77  0.00015  1.01236e+02 | 78  0.00422  9.49832e+00
 79  0.02072 -3.64244e+02 | 80 -0.00012 -1.74967e+00 | 81  0.00178 -8.39644e+01
 82 -0.01055  2.45161e+02 | 83  0.01270 -2.46552e+02 | 84  0.00165 -8.85490e+00
 85 -0.00410  1.89599e+02 | 86  0.00100  4.25826e+01 | 87  0.00873 -1.31327e+02
 88  0.00181 -4.29472e+01 | 89  0.02300 -2.68937e+02 | 90 -0.00916  1.06233e+02
 91  0.00462  2.19847e+01 | 92  0.02996  3.66668e+01 | 93 -0.01140 -9.52008e+00
 94 -0.05079 -8.39624e+01 | 95 -0.01222 -2.63552e+01 | 96 -0.01222 -2.63535e+01
 97  0.79665 -1.46654e+02 | 98  0.21942  9.11771e+00 |
98 variables; iteration 40; function evaluation 58; phase 2
Function value 2.2645784e+03; maximum gradient component mag 1.5579e+03
Var    Value     Gradient |Var    Value     Gradient |Var    Value     Gradient
  1  0.63855  1.55793e+03 |  2 -0.00113 -4.87599e+01 |  3 -0.00223 -7.54658e+01
  4  0.00287 -8.10785e+00 |  5 -0.00688 -5.20686e+01 |  6 -0.01635 -4.80752e+01
  7  0.02039 -1.99560e+01 |  8 -0.05085 -1.08104e+02 |  9  0.01653 -5.50776e+01
 10  0.02377 -5.43984e+01 | 11 -0.01938 -5.28766e+00 | 12  0.00905 -1.00152e+01
 13  0.02395 -3.55023e+01 | 14  0.03578 -1.65429e+01 | 15 -0.04657 -7.55470e+01
 16  0.02334  9.08186e+00 | 17 -0.00618 -7.32948e+01 | 18 -0.02860 -9.86848e+01
 19 -0.00182 -1.29800e+01 | 20  0.00877  2.65359e+01 | 21 -0.00535 -1.79620e+01
 22  0.05803  2.32776e+02 | 23 -0.02747 -7.40940e+01 | 24 -0.00937 -4.98432e+01
 25  0.00245 -7.90081e+01 | 26 -0.01804 -6.28858e+01 | 27  0.05636  2.16330e+02
 28  0.01225 -2.49838e+01 | 29 -0.01917 -1.77796e+01 | 30 -0.00947 -4.12510e+01
 31  0.00402 -1.07395e+02 | 32 -0.00374 -5.53228e+01 | 33  0.00308 -8.37387e+01
 34 -0.01261 -2.08656e+01 | 35 -0.01348 -2.18404e+00 | 36  0.02015  1.48630e+01
 37 -0.01432  3.46045e+01 | 38  0.04070  7.74599e+01 | 39  0.01094  1.69531e-01
 40 -0.02940 -7.17790e+00 | 41 -0.01154 -4.65784e+01 | 42  0.00118  1.79809e+01
 43 -0.04487  2.88052e+01 | 44  0.01713  5.21255e+01 | 45 -0.01831 -4.29480e+01
 46 -0.00259  3.40375e+01 | 47  0.00942  6.32655e+01 | 48 -0.02834 -4.27236e+01
 49  0.00328  9.07657e+00 | 50 -0.01825  6.97936e+01 | 51 -0.02600  4.47280e-01
 52 -0.00811  6.41118e+01 | 53 -0.02331  8.69934e+01 | 54  0.03249  1.13100e+02
 55  0.01092  1.20437e+02 | 56  0.00798  8.77697e+01 | 57 -0.00378  2.87719e+01
 58  0.00637  4.73429e+01 | 59  0.00041  5.30761e+01 | 60 -0.01892  5.75217e+01
 61  0.02442  1.55907e+02 | 62 -0.03545  9.87758e+01 | 63  0.03133  5.97353e+01
 64  0.01406  7.92419e+01 | 65  0.02481  1.04168e+02 | 66  0.00792  1.12265e+02
 67 -0.01429  5.24556e+01 | 68  0.00043 -4.48428e+00 | 69  0.01162 -2.88485e+01
 70  0.00116 -6.32023e+01 | 71  0.00947 -4.19451e+01 | 72 -0.02644  3.57353e+00
 73  0.00269  8.76721e+01 | 74 -0.03005  2.29770e+01 | 75 -0.03838  2.81729e+01
 76 -0.00219  1.14256e+01 | 77 -0.00248  1.42853e+01 | 78  0.00490  3.26097e+01
 79  0.03030  2.42387e+01 | 80 -0.00008 -1.00737e+01 | 81  0.00465 -4.39739e+01
 82 -0.02128 -6.57127e+00 | 83  0.02023 -4.83337e+01 | 84  0.00198 -4.07361e+01
 85 -0.01108 -9.34207e+00 | 86 -0.00058 -4.12184e+01 | 87  0.01294 -7.16003e+01
 88  0.00578  5.06711e+00 | 89  0.03161 -1.05144e+02 | 90 -0.01706 -2.36960e+01
 91  0.00363 -4.86292e+01 | 92  0.01767 -1.40917e+02 | 93 -0.00714 -3.71800e+01
 94  0.01836 -1.43783e+01 | 95  0.00579 -3.83310e+01 | 96  0.00579 -3.83318e+01
 97  0.81691  1.45600e+02 | 98  0.22036  5.33358e-01 |
98 variables; iteration 60; function evaluation 87; phase 2
Function value 2.2544362e+03; maximum gradient component mag 1.3028e+02
Var    Value     Gradient |Var    Value     Gradient |Var    Value     Gradient
  1  0.63641  1.30285e+02 |  2  0.00045 -4.09599e+00 |  3  0.01446  2.27011e+00
  4 -0.01264 -1.81326e+00 |  5 -0.00457 -6.17756e+00 |  6 -0.01672 -8.61306e+00
  7  0.01821  1.00289e+01 |  8 -0.02730 -1.07637e+01 |  9  0.02243  4.94390e+00
 10  0.02694 -5.70740e+00 | 11 -0.03062 -9.48923e+00 | 12  0.00407 -8.03011e+00
 13  0.02452 -5.94101e+00 | 14  0.03671  1.23641e+01 | 15 -0.04021 -8.26226e+00
 16  0.02076 -1.97566e+00 | 17  0.00003  2.17409e+01 | 18 -0.02160 -7.21832e+00
 19 -0.00305 -1.75606e+00 | 20  0.00497 -8.15960e+00 | 21 -0.00844 -3.54704e+01
 22  0.04902 -2.93345e+01 | 23 -0.02065  1.44435e+01 | 24 -0.00767 -1.25072e+00
 25  0.00549 -1.34695e+01 | 26 -0.01347  8.27233e+00 | 27  0.04781 -3.84197e+01
 28  0.01604  3.96292e+01 | 29 -0.01834  1.31632e+01 | 30 -0.00640  1.53267e+01
 31  0.00977 -9.85468e+00 | 32 -0.00086 -1.14695e+00 | 33  0.00811 -2.27573e+00
 34 -0.01114  9.57269e+00 | 35 -0.01395  3.38853e+00 | 36  0.01906 -2.05564e+01
 37 -0.01793  1.68857e+00 | 38  0.03905 -7.54936e+00 | 39  0.01088 -1.33087e+01
 40 -0.02950  4.73794e+00 | 41 -0.00791 -5.33860e-01 | 42 -0.00035 -1.98178e+01
 43 -0.04981  2.13025e+00 | 44  0.01578 -1.72938e+01 | 45 -0.01411  3.08363e+00
 46 -0.00249  9.60365e+00 | 47  0.00653 -3.66198e+01 | 48 -0.02305  1.38204e+01
 49  0.00512  1.31064e+00 | 50 -0.02131  4.19994e+00 | 51 -0.02549 -8.65937e+00
 52 -0.00976 -6.43000e+00 | 53 -0.02722 -6.08135e-01 | 54  0.03224  2.96093e+00
 55  0.00971  2.58287e+01 | 56  0.00633 -1.05730e+01 | 57 -0.00322  1.11748e+01
 58  0.00736  3.87648e+01 | 59  0.00155  5.25066e+01 | 60 -0.02087  4.71403e+00
 61  0.02249  9.35813e+00 | 62 -0.03973  3.44643e+01 | 63  0.03185  4.36068e+00
 64  0.01301  1.50905e+00 | 65  0.02391  2.14298e+00 | 66  0.00534 -4.74828e+00
 67 -0.01577  5.08719e+00 | 68  0.00211  1.88555e+01 | 69  0.01349  3.58181e+00
 70  0.00336 -1.45361e+01 | 71  0.01151 -2.31215e-01 | 72 -0.02551  2.24907e+01
 73 -0.00007 -1.84596e+01 | 74 -0.03005  2.40402e+01 | 75 -0.04118 -7.56668e+00
 76 -0.00317 -2.51163e+01 | 77 -0.00219  1.79354e+01 | 78  0.00409  3.23955e+00
 79  0.03042  2.55293e+00 | 80  0.00109  2.35139e+01 | 81  0.00553 -1.62399e+01
 82 -0.02076  2.40535e+01 | 83  0.02199  1.40637e+01 | 84  0.00204 -2.02862e+01
 85 -0.00998  3.76154e+01 | 86 -0.00002 -2.18277e+00 | 87  0.01463 -1.02447e+01
 88  0.00185 -4.12530e+01 | 89  0.03358 -3.20904e+01 | 90 -0.01775  8.13332e+00
 91  0.00482  3.73929e+00 | 92  0.02644 -1.48506e+01 | 93 -0.01018 -6.92152e+00
 94  0.00239  2.81925e+00 | 95 -0.00623 -1.38415e+01 | 96 -0.00623 -1.38415e+01
 97  0.80686 -1.03723e+01 | 98  0.22182  8.35612e+00 |
Maximum number of function evaluations exceeded

 - final statistics:
98 variables; iteration 71; function evaluation 100
Function value 2.2537e+03; maximum gradient component mag 2.6647e+01
Exit code = 3;  converg criter 1.0000e+01
Var    Value     Gradient |Var    Value     Gradient |Var    Value     Gradient
  1  0.63599  2.66471e+01 |  2 -0.00388 -9.76222e+00 |  3  0.01064 -3.39600e+00
  4 -0.01470 -3.20414e+00 |  5 -0.00363 -1.02762e+00 |  6 -0.01577 -3.45024e+00
  7  0.01479  1.56038e+00 |  8 -0.02391  9.55491e-01 |  9  0.02135  2.65632e+00
 10  0.02732 -1.51927e+00 | 11 -0.02899 -1.10598e+00 | 12  0.00436 -4.01746e+00
 13  0.02510  7.40459e-01 | 14  0.03505 -5.15065e+00 | 15 -0.03914 -2.31969e-01
 16  0.02049 -4.39903e+00 | 17 -0.00174  4.45897e+00 | 18 -0.02159 -5.07055e+00
 19 -0.00312  5.23931e-01 | 20  0.00571  5.55898e+00 | 21 -0.00591 -3.77220e+00
 22  0.04950 -1.51399e+01 | 23 -0.02261 -8.31385e-01 | 24 -0.00809 -4.09581e+00
 25  0.00603 -4.36137e+00 | 26 -0.01395  6.41509e+00 | 27  0.04927  5.61829e-01
 28  0.01385  7.01337e+00 | 29 -0.01951  3.07701e+00 | 30 -0.00829 -5.13587e+00
 31  0.01014 -2.46229e+00 | 32 -0.00105 -9.59174e-01 | 33  0.00816  4.82541e-01
 34 -0.01217 -1.42355e-01 | 35 -0.01445 -4.04059e-02 | 36  0.01992 -4.57669e+00
 37 -0.01801  2.36876e+00 | 38  0.03899 -1.08780e+01 | 39  0.01131 -6.55991e+00
 40 -0.02941  6.93910e+00 | 41 -0.00763  3.96279e+00 | 42  0.00070 -3.94744e+00
 43 -0.05112 -5.79045e+00 | 44  0.01657 -3.47627e+00 | 45 -0.01394  5.19681e+00
 46 -0.00316 -1.77513e+00 | 47  0.00822 -6.62763e+00 | 48 -0.02404  1.40172e+00
 49  0.00514 -8.97241e-01 | 50 -0.02108  6.87581e+00 | 51 -0.02492 -5.81702e-01
 52 -0.00945 -1.40016e+00 | 53 -0.02673  7.15906e+00 | 54  0.03234 -2.29565e+00
 55  0.00934  9.30629e+00 | 56  0.00708  7.46896e+00 | 57 -0.00321  7.88614e+00
 58  0.00687  1.72286e+01 | 59  0.00013  8.34916e+00 | 60 -0.02059  7.11355e+00
 61  0.02242 -1.84956e+00 | 62 -0.04152  7.44110e+00 | 63  0.03193 -3.28718e+00
 64  0.01312 -1.63831e+00 | 65  0.02393 -5.81254e+00 | 66  0.00564 -2.33961e+00
 67 -0.01616 -6.87056e+00 | 68  0.00211  1.27472e+01 | 69  0.01353 -2.11180e+00
 70  0.00378 -6.99477e+00 | 71  0.01178  1.78968e+00 | 72 -0.02644  2.62007e+00
 73  0.00064 -5.25383e+00 | 74 -0.03155 -5.31414e+00 | 75 -0.04027  6.64086e+00
 76 -0.00202  6.61202e+00 | 77 -0.00266  1.85772e+00 | 78  0.00363 -1.47353e+01
 79  0.03063  3.03410e+00 | 80  0.00067  1.05686e+01 | 81  0.00635  2.53318e+00
 82 -0.02144  1.06262e+01 | 83  0.02166 -1.69121e+00 | 84  0.00352  1.34202e+01
 85 -0.01120  1.15730e+01 | 86  0.00028  5.85913e-01 | 87  0.01451 -1.68910e+01
 88  0.00330 -1.52504e+01 | 89  0.03499  2.27683e-01 | 90 -0.01798  5.58544e+00
 91  0.00507  3.94094e+00 | 92  0.02779 -2.73339e+00 | 93 -0.01000 -4.46664e+00
 94 -0.00158 -3.44229e-01 | 95 -0.00052 -1.81488e+00 | 96 -0.00052 -1.81428e+00
 97  0.80869 -2.01989e+00 | 98  0.22232  2.01946e+01 |

Initial statistics: 100 variables; iteration 0; function evaluation 0; phase 3
Function value 2.2536919e+03; maximum gradient component mag -3.3174e+02
Var    Value     Gradient |Var    Value     Gradient |Var    Value     Gradient
  1  0.63599  2.66471e+01 |  2 -0.00388 -9.73812e+00 |  3  0.01064 -3.37190e+00
  4 -0.01470 -3.18004e+00 |  5 -0.00363 -1.00351e+00 |  6 -0.01577 -3.42614e+00
  7  0.01479  1.58449e+00 |  8 -0.02391  9.79583e-01 |  9  0.02135  2.68041e+00
 10  0.02732 -1.49518e+00 | 11 -0.02899 -1.08189e+00 | 12  0.00436 -3.99335e+00
 13  0.02510  7.64549e-01 | 14  0.03505 -5.12658e+00 | 15 -0.03914 -2.07906e-01
 16  0.02049 -4.37493e+00 | 17 -0.00174  4.48308e+00 | 18 -0.02159 -5.04645e+00
 19 -0.00312  5.48039e-01 | 20  0.00571  5.58309e+00 | 21 -0.00591 -3.74809e+00
 22  0.04950 -1.51159e+01 | 23 -0.02261 -8.07291e-01 | 24 -0.00809 -4.07170e+00
 25  0.00603 -4.33727e+00 | 26 -0.01395  6.43919e+00 | 27  0.04927  5.85865e-01
 28  0.01385  7.03747e+00 | 29 -0.01951  3.10111e+00 | 30 -0.00829 -5.11176e+00
 31  0.01014 -2.43819e+00 | 32 -0.00105 -9.35066e-01 | 33  0.00816  5.06648e-01
 34 -0.01217 -1.18250e-01 | 35 -0.01445 -1.63036e-02 | 36  0.01992 -4.55259e+00
 37 -0.01801  2.39286e+00 | 38  0.03899 -1.08540e+01 | 39  0.01131 -6.53581e+00
 40 -0.02941  6.96318e+00 | 41 -0.00763  3.98689e+00 | 42  0.00070 -3.92333e+00
 43 -0.05112 -5.76642e+00 | 44  0.01657 -3.45217e+00 | 45 -0.01394  5.22091e+00
 46 -0.00315 -1.75102e+00 | 47  0.00822 -6.60353e+00 | 48 -0.02404  1.42581e+00
 49  0.00514 -8.73134e-01 | 50 -0.02108  6.89991e+00 | 51 -0.02492 -5.57612e-01
 52 -0.00945 -1.37605e+00 | 53 -0.02673  7.18315e+00 | 54  0.03234 -2.27157e+00
 55  0.00934  9.33040e+00 | 56  0.00708  7.49307e+00 | 57 -0.00321  7.91025e+00
 58  0.00687  1.72527e+01 | 59  0.00013  8.37327e+00 | 60 -0.02059  7.13765e+00
 61  0.02242 -1.82547e+00 | 62 -0.04152  7.46516e+00 | 63  0.03193 -3.26311e+00
 64  0.01312 -1.61421e+00 | 65  0.02393 -5.78845e+00 | 66  0.00564 -2.31550e+00
 67 -0.01616 -6.84646e+00 | 68  0.00211  1.27713e+01 | 69  0.01353 -2.08770e+00
 70  0.00378 -6.97067e+00 | 71  0.01179  1.81378e+00 | 72 -0.02644  2.64416e+00
 73  0.00064 -5.22972e+00 | 74 -0.03154 -5.29006e+00 | 75 -0.04027  6.66492e+00
 76 -0.00202  6.63613e+00 | 77 -0.00266  1.88183e+00 | 78  0.00363 -1.47112e+01
 79  0.03063  3.05818e+00 | 80  0.00067  1.05927e+01 | 81  0.00635  2.55729e+00
 82 -0.02144  1.06503e+01 | 83  0.02166 -1.66712e+00 | 84  0.00352  1.34443e+01
 85 -0.01120  1.15971e+01 | 86  0.00028  6.10022e-01 | 87  0.01451 -1.68669e+01
 88  0.00330 -1.52263e+01 | 89  0.03499  2.51755e-01 | 90 -0.01798  5.60954e+00
 91  0.00507  3.96505e+00 | 92  0.02779 -2.70931e+00 | 93 -0.01000 -4.44254e+00
 94 -0.00158 -3.20120e-01 | 95 -0.00052 -1.79077e+00 | 96 -0.00052 -1.79017e+00
 97  0.80869 -2.01989e+00 | 98 -0.41581 -3.31739e+02 | 99  0.22232  2.01946e+01
100 -0.25275 -1.58890e+02 |

Intermediate statistics: 100 variables; iteration 20; function evaluation 28; phase 3
Function value 2.2527678e+03; maximum gradient component mag -1.3927e+02
Var    Value     Gradient |Var    Value     Gradient |Var    Value     Gradient
  1  0.63594  9.91029e+01 |  2 -0.00256 -9.52225e+00 |  3  0.01060 -5.86535e+00
  4 -0.01470 -5.57092e+00 |  5 -0.00405 -4.36966e+00 |  6 -0.01589 -6.06051e+00
  7  0.01405 -3.03607e+00 |  8 -0.02458 -3.11731e+00 |  9  0.02055 -2.82064e+00
 10  0.02631 -8.74593e+00 | 11 -0.02955 -5.20741e+00 | 12  0.00319 -1.23015e+01
 13  0.02419 -8.19658e+00 | 14  0.03368 -2.13893e+01 | 15 -0.03976 -5.44628e+00
 16  0.01955 -1.78967e+01 | 17 -0.00173  2.67197e+00 | 18 -0.02252 -1.42364e+01
 19 -0.00352 -4.11074e+00 | 20  0.00568  5.85021e+00 | 21 -0.00664 -1.12468e+01
 22  0.04967 -8.17122e+00 | 23 -0.02297 -5.18695e+00 | 24 -0.00873 -1.23358e+01
 25  0.00545 -1.28979e+01 | 26 -0.01363  8.78459e+00 | 27  0.04921  2.16580e+00
 28  0.01399  9.82118e+00 | 29 -0.01946  2.75600e+00 | 30 -0.00894 -1.33194e+01
 31  0.00984 -6.81611e+00 | 32 -0.00130 -4.30900e+00 | 33  0.00804 -1.02847e+00
 34 -0.01235 -2.60901e+00 | 35 -0.01458 -1.96952e+00 | 36  0.01973 -6.85976e+00
 37 -0.01786  3.83774e+00 | 38  0.03923 -1.54625e+00 | 39  0.01106 -9.24609e+00
 40 -0.02875  1.28409e+01 | 41 -0.00733  8.21739e+00 | 42  0.00052 -6.00659e+00
 43 -0.05174 -1.13919e+01 | 44  0.01666  4.88860e-01 | 45 -0.01343  1.27483e+01
 46 -0.00304  1.48226e+00 | 47  0.00831 -2.49339e+00 | 48 -0.02366  6.72024e+00
 49  0.00549  8.75272e+00 | 50 -0.02035  1.85343e+01 | 51 -0.02469  3.93704e+00
 52 -0.00916  6.85065e+00 | 53 -0.02622  1.72001e+01 | 54  0.03262  1.37406e+01
 55  0.00895 -2.27803e-01 | 56  0.00684  7.54039e-01 | 57 -0.00329  5.91042e+00
 58  0.00611 -5.43298e+00 | 59 -0.00018 -2.00230e-01 | 60 -0.02031  1.20498e+01
 61  0.02244  2.09902e+00 | 62 -0.04094  1.48449e+01 | 63  0.03210  7.39273e+00
 64  0.01315  7.56826e-01 | 65  0.02420  6.60809e+00 | 66  0.00562 -3.08281e+00
 67 -0.01645 -1.36668e+01 | 68  0.00157 -3.58057e+00 | 69  0.01358  8.34328e-01
 70  0.00417  5.48700e+00 | 71  0.01165 -6.78311e-01 | 72 -0.02627  4.98336e+00
 73  0.00088  2.03702e+00 | 74 -0.03164 -8.71446e+00 | 75 -0.03989  1.08161e+01
 76 -0.00235 -5.45207e+00 | 77 -0.00260  2.73331e+00 | 78  0.00443  7.63510e+00
 79  0.03061  3.06334e+00 | 80  0.00069  8.52191e+00 | 81  0.00631 -9.35272e-01
 82 -0.02082  1.80789e+01 | 83  0.02165 -7.14733e+00 | 84  0.00358  8.37988e+00
 85 -0.01056  1.85761e+01 | 86  0.00092  7.51801e+00 | 87  0.01538 -4.47694e+00
 88  0.00369 -1.78189e+01 | 89  0.03566  3.56611e+00 | 90 -0.01636  1.47724e+01
 91  0.00674  1.50926e+01 | 92  0.02902  1.84940e+00 | 93 -0.00972 -7.41117e+00
 94 -0.00214 -3.61015e+00 | 95 -0.00029 -3.92670e+00 | 96 -0.00029 -3.92637e+00
 97  0.83240 -2.30395e+01 | 98 -0.41159  1.21528e+01 | 99  0.22522  2.08685e+01
100 -0.25180 -1.39270e+02 |
100 variables; iteration 40; function evaluation 54; phase 3
Function value 2.2522798e+03; maximum gradient component mag 1.7920e+02
Var    Value     Gradient |Var    Value     Gradient |Var    Value     Gradient
  1  0.63565 -7.19291e+01 |  2  0.00117  3.74791e+00 |  3  0.01145  1.88673e+00
  4 -0.01388  1.94240e+00 |  5 -0.00373  2.28551e+00 |  6 -0.01483  2.34688e+00
  7  0.01366  1.94748e+00 |  8 -0.02471  2.51254e+00 |  9  0.02093  5.36813e+00
 10  0.02682  7.80139e-01 | 11 -0.02901  2.80945e+00 | 12  0.00377 -2.48398e+00
 13  0.02462  2.38611e+00 | 14  0.03472 -2.88955e+00 | 15 -0.04012 -1.61869e+00
 16  0.02003 -7.38573e+00 | 17 -0.00287 -5.29356e+00 | 18 -0.02157 -2.24387e+00
 19 -0.00334  1.44330e+00 | 20  0.00504  9.61594e-01 | 21 -0.00572  3.16337e+00
 22  0.04980 -6.74274e-01 | 23 -0.02287  7.60099e-01 | 24 -0.00803  1.15977e-01
 25  0.00590 -2.69222e+00 | 26 -0.01509 -1.71312e+00 | 27  0.04900 -2.01828e+00
 28  0.01272 -6.78618e+00 | 29 -0.02013  2.17999e-01 | 30 -0.00800  1.72426e+00
 31  0.01024  2.86610e+00 | 32 -0.00123  4.84953e-02 | 33  0.00800  7.52377e-01
 34 -0.01239 -2.34677e-01 | 35 -0.01472 -8.26395e-01 | 36  0.02005 -8.64945e-01
 37 -0.01869 -2.66897e+00 | 38  0.03915 -6.31306e+00 | 39  0.01186  3.38019e+00
 40 -0.02959  6.57593e+00 | 41 -0.00778  2.36043e+00 | 42  0.00115  3.07600e+00
 43 -0.04876  1.37443e+01 | 44  0.01677 -6.27445e-01 | 45 -0.01408  3.17459e+00
 46 -0.00309 -1.88137e+00 | 47  0.00865 -5.68417e-01 | 48 -0.02407  7.48729e-01
 49  0.00527 -1.50077e+00 | 50 -0.02169 -2.92688e+00 | 51 -0.02519 -5.65306e+00
 52 -0.00939 -1.70364e+00 | 53 -0.02695  3.26493e+00 | 54  0.03249 -6.20950e+00
 55  0.00891 -4.52432e+00 | 56  0.00695 -3.09250e+00 | 57 -0.00351 -1.07915e+00
 58  0.00655  2.40618e-01 | 59 -0.00015 -1.59284e+00 | 60 -0.02099 -4.55374e+00
 61  0.02259  1.18731e+00 | 62 -0.04197 -2.29575e-01 | 63  0.03204 -1.48983e+00
 64  0.01324 -3.92152e+00 | 65  0.02386 -1.02481e+01 | 66  0.00564 -7.37418e+00
 67 -0.01558  5.21952e+00 | 68  0.00179 -1.43271e+00 | 69  0.01367  1.58777e+00
 70  0.00407 -2.71405e+00 | 71  0.01191  5.40954e+00 | 72 -0.02652 -1.12393e+00
 73  0.00077 -2.26586e+00 | 74 -0.03115 -1.07050e+00 | 75 -0.04093 -3.47030e+00
 76 -0.00212 -3.05332e+00 | 77 -0.00272  9.55158e-01 | 78  0.00426 -1.30483e-02
 79  0.03055  2.70797e-01 | 80  0.00031 -2.18206e+00 | 81  0.00627  4.21867e-01
 82 -0.02144  8.61349e+00 | 83  0.02173 -3.60168e-01 | 84  0.00309 -3.12881e+00
 85 -0.01193 -3.22386e+00 | 86  0.00074  6.52278e+00 | 87  0.01507 -1.65383e+00
 88  0.00431  4.11665e-01 | 89  0.03536  6.93581e+00 | 90 -0.01800  2.26722e+00
 91  0.00462  1.26623e-01 | 92  0.02917  1.03020e+01 | 93 -0.01041 -1.55291e+00
 94 -0.00365  9.77013e-02 | 95  0.00094  3.50502e+00 | 96  0.00094  3.50461e+00
 97  0.84841 -2.67885e+01 | 98 -0.40921  1.79200e+02 | 99  0.23250 -7.88586e+00
100 -0.24893  2.68178e+01 |
100 variables; iteration 60; function evaluation 80; phase 3
Function value 2.2521877e+03; maximum gradient component mag -1.5186e+01
Var    Value     Gradient |Var    Value     Gradient |Var    Value     Gradient
  1  0.63555 -1.51858e+01 |  2  0.00006 -3.27990e-02 |  3  0.01142  3.47354e-01
  4 -0.01410 -3.01360e-02 |  5 -0.00387  4.92741e-01 |  6 -0.01503  4.42337e-01
  7  0.01364  6.11531e-01 |  8 -0.02520 -1.48417e-01 |  9  0.02000  4.20253e-01
 10  0.02657 -1.23648e+00 | 11 -0.02910  1.33205e+00 | 12  0.00461  1.67666e+00
 13  0.02441  9.30488e-01 | 14  0.03505  1.91430e+00 | 15 -0.03933  1.85636e+00
 16  0.02059  1.04041e+00 | 17 -0.00221  1.87322e+00 | 18 -0.02112  1.11477e+00
 19 -0.00347 -8.17372e-01 | 20  0.00488 -2.12630e+00 | 21 -0.00589  1.37024e-01
 22  0.04983  3.60341e-01 | 23 -0.02282  2.85282e-01 | 24 -0.00794  5.30899e-01
 25  0.00629  2.20145e+00 | 26 -0.01476  9.57055e-01 | 27  0.04903 -3.61279e-01
 28  0.01319  2.66383e-01 | 29 -0.02006  1.13061e-01 | 30 -0.00797  1.18453e+00
 31  0.01009 -1.10093e-01 | 32 -0.00117 -4.34614e-02 | 33  0.00796 -3.11958e-01
 34 -0.01227  4.31539e-01 | 35 -0.01453  5.68200e-01 | 36  0.02006 -2.86452e-01
 37 -0.01829  1.17118e+00 | 38  0.03934 -1.61248e-01 | 39  0.01158 -1.08665e+00
 40 -0.03044 -2.24835e+00 | 41 -0.00792 -8.22953e-02 | 42  0.00085 -2.21230e+00
 43 -0.05055 -9.49518e-01 | 44  0.01677 -7.46734e-01 | 45 -0.01435 -8.05256e-01
 46 -0.00303 -1.09379e+00 | 47  0.00863 -9.09177e-01 | 48 -0.02411 -5.19712e-01
 49  0.00535 -1.95630e-01 | 50 -0.02152 -1.23754e+00 | 51 -0.02464  1.77183e+00
 52 -0.00933 -1.18410e+00 | 53 -0.02706  2.84320e-01 | 54  0.03260 -1.53704e+00
 55  0.00909  5.87581e-01 | 56  0.00705 -7.39202e-02 | 57 -0.00348 -7.67633e-01
 58  0.00657  7.70217e-01 | 59 -0.00008  4.19651e-02 | 60 -0.02080 -1.40916e+00
 61  0.02255 -7.36964e-02 | 62 -0.04193 -5.14210e-01 | 63  0.03203 -1.08387e+00
 64  0.01338  9.87373e-01 | 65  0.02412  4.95958e-01 | 66  0.00590  3.09902e-01
 67 -0.01580  2.02508e-01 | 68  0.00181 -1.08973e+00 | 69  0.01361 -7.73814e-01
 70  0.00418  4.61294e-01 | 71  0.01172 -1.58179e+00 | 72 -0.02643 -2.98376e-01
 73  0.00081 -1.58216e+00 | 74 -0.03102  7.39629e-01 | 75 -0.04073 -1.32155e+00
 76 -0.00196  1.36394e+00 | 77 -0.00268  1.17276e+00 | 78  0.00429 -1.05252e-01
 79  0.03057  1.45588e-01 | 80  0.00041 -8.17253e-01 | 81  0.00634  9.89180e-02
 82 -0.02205 -4.06003e+00 | 83  0.02186  1.36688e+00 | 84  0.00327 -2.24198e-02
 85 -0.01165  2.05222e-01 | 86  0.00054 -1.49642e-01 | 87  0.01536  2.36357e+00
 88  0.00452  1.85223e+00 | 89  0.03528  1.98875e-01 | 90 -0.01799 -4.34262e-01
 91  0.00494 -5.04196e-02 | 92  0.02846 -2.96567e-01 | 93 -0.00890  1.37514e+00
 94 -0.00278 -1.89143e-01 | 95 -0.00051 -3.80230e-01 | 96 -0.00051 -3.80072e-01
 97  0.85035 -5.61708e+00 | 98 -0.40939  1.44309e+01 | 99  0.23235 -2.79897e+00
100 -0.24905  9.47094e+00 |
Maximum number of function evaluations exceeded

 - final statistics:
100 variables; iteration 77; function evaluation 100
Function value 2.2522e+03; maximum gradient component mag 1.7295e+01
Exit code = 3;  converg criter 1.0000e+00
Var    Value     Gradient |Var    Value     Gradient |Var    Value     Gradient
  1  0.63553 -9.73201e+00 |  2  0.00009 -1.40216e-01 |  3  0.01181  1.05516e+00
  4 -0.01405 -1.08268e-01 |  5 -0.00413 -2.85049e-01 |  6 -0.01519 -1.37281e-01
  7  0.01250 -3.16108e+00 |  8 -0.02504  9.26941e-02 |  9  0.01995  5.04635e-02
 10  0.02679 -1.82573e-01 | 11 -0.02930  5.03744e-01 | 12  0.00449  9.02439e-01
 13  0.02425 -4.37612e-01 | 14  0.03489  2.58691e-01 | 15 -0.03962  2.75302e-01
 16  0.02059  1.17277e+00 | 17 -0.00224  1.60891e+00 | 18 -0.02118  6.65225e-01
 19 -0.00343 -6.47100e-02 | 20  0.00505  6.55807e-01 | 21 -0.00591  2.70216e-01
 22  0.04980  1.91455e-01 | 23 -0.02290 -4.04687e-01 | 24 -0.00799 -5.53788e-02
 25  0.00617  6.01995e-01 | 26 -0.01487 -9.94133e-02 | 27  0.04899 -8.06401e-01
 28  0.01315 -7.18663e-02 | 29 -0.02007 -4.61530e-03 | 30 -0.00807  1.44970e-01
 31  0.01010  2.99950e-01 | 32 -0.00114  5.24626e-01 | 33  0.00798  1.84900e-01
 34 -0.01228  3.84376e-01 | 35 -0.01454  5.14829e-01 | 36  0.02005 -3.24960e-01
 37 -0.01829  1.17023e+00 | 38  0.03935  3.77412e-01 | 39  0.01159 -6.34809e-01
 40 -0.03024 -2.88018e-01 | 41 -0.00798 -6.44738e-01 | 42  0.00093 -7.76904e-01
 43 -0.05056 -9.95490e-01 | 44  0.01678 -3.05206e-01 | 45 -0.01430 -3.23953e-02
 46 -0.00300 -4.72489e-01 | 47  0.00864 -4.34987e-01 | 48 -0.02410 -3.63848e-01
 49  0.00535 -5.71372e-02 | 50 -0.02149 -6.68810e-01 | 51 -0.02464  1.79764e+00
 52 -0.00932 -8.45659e-01 | 53 -0.02713 -9.42770e-01 | 54  0.03261 -6.90785e-01
 55  0.00909  6.09329e-01 | 56  0.00701 -9.98927e-01 | 57 -0.00345 -8.36614e-02
 58  0.00654  5.48575e-03 | 59 -0.00008  7.80704e-02 | 60 -0.02075 -3.02288e-01
 61  0.02254 -2.77098e-01 | 62 -0.04193 -5.86976e-01 | 63  0.03204 -5.01893e-01
 64  0.01335  1.77925e-01 | 65  0.02413  6.71044e-01 | 66  0.00589  1.37408e-01
 67 -0.01583 -5.81502e-01 | 68  0.00186  2.99221e-01 | 69  0.01361 -4.42082e-01
 70  0.00417  1.42000e-01 | 71  0.01174 -8.38535e-01 | 72 -0.02645 -4.89953e-01
 73  0.00087  3.14701e-01 | 74 -0.03105  2.76302e-01 | 75 -0.04059  8.81321e-01
 76 -0.00199  3.32759e-01 | 77 -0.00270  2.74666e-01 | 78  0.00428 -4.67546e-01
 79  0.03057  8.43915e-02 | 80  0.00041 -8.35111e-01 | 81  0.00634  1.16793e-01
 82 -0.02188 -1.22290e+00 | 83  0.02184  4.46912e-01 | 84  0.00331  6.91243e-01
 85 -0.01161  5.94157e-01 | 86  0.00056 -3.46013e-02 | 87  0.01532  7.35021e-01
 88  0.00452  1.17284e+00 | 89  0.03529 -4.04282e-01 | 90 -0.01793 -1.97820e-01
 91  0.00499  3.98707e-02 | 92  0.02851 -1.01704e-01 | 93 -0.00903  6.29880e-01
 94 -0.00224  4.85374e-01 | 95 -0.00006  1.32304e-01 | 96 -0.00006  1.32852e-01
 97  0.85291 -4.02382e+00 | 98 -0.40911  1.72946e+01 | 99  0.23227 -8.06012e-01
100 -0.24910  1.98862e+00 |

Initial statistics: 108 variables; iteration 0; function evaluation 0; phase 4
Function value 2.2521787e+03; maximum gradient component mag -6.8538e+02
Var    Value     Gradient |Var    Value     Gradient |Var    Value     Gradient
  1 -0.42263 -1.02580e+01 |  2 -0.42263 -6.85378e+02 |  3 -0.41094 -9.27872e+01
  4  0.63553 -9.73201e+00 |  5  0.00000 -4.23737e+01 |  6  0.00000 -2.42642e+00
  7  0.00000  7.47600e+00 |  8  0.00000  1.26027e+01 |  9  0.00000  2.23995e+01
 10  0.00009 -1.43957e-01 | 11  0.01181  1.05142e+00 | 12 -0.01405 -1.12008e-01
 13 -0.00413 -2.88790e-01 | 14 -0.01519 -1.41020e-01 | 15  0.01250 -3.16482e+00
 16 -0.02504  8.89563e-02 | 17  0.01995  4.67246e-02 | 18  0.02679 -1.86311e-01
 19 -0.02930  5.00008e-01 | 20  0.00449  8.98698e-01 | 21  0.02425 -4.41351e-01
 22  0.03489  2.54956e-01 | 23 -0.03962  2.71568e-01 | 24  0.02059  1.16903e+00
 25 -0.00224  1.60517e+00 | 26 -0.02118  6.61486e-01 | 27 -0.00343 -6.84507e-02
 28  0.00505  6.52067e-01 | 29 -0.00591  2.66476e-01 | 30  0.04980  1.87726e-01
 31 -0.02290 -4.08426e-01 | 32 -0.00799 -5.91192e-02 | 33  0.00617  5.98254e-01
 34 -0.01487 -1.03153e-01 | 35  0.04899 -8.10131e-01 | 36  0.01315 -7.56062e-02
 37 -0.02007 -8.35417e-03 | 38 -0.00807  1.41229e-01 | 39  0.01010  2.96210e-01
 40 -0.00114  5.20886e-01 | 41  0.00798  1.81160e-01 | 42 -0.01228  3.80636e-01
 43 -0.01454  5.11089e-01 | 44  0.02005 -3.28699e-01 | 45 -0.01829  1.16649e+00
 46  0.03935  3.73679e-01 | 47  0.01159 -6.38549e-01 | 48 -0.03024 -2.91754e-01
 49 -0.00798 -6.48478e-01 | 50  0.00093 -7.80644e-01 | 51 -0.05056 -9.99219e-01
 52  0.01678 -3.08946e-01 | 53 -0.01430 -3.61351e-02 | 54 -0.00300 -4.76230e-01
 55  0.00864 -4.38727e-01 | 56 -0.02410 -3.67586e-01 | 57  0.00535 -6.08778e-02
 58 -0.02149 -6.72548e-01 | 59 -0.02464  1.79390e+00 | 60 -0.00932 -8.49400e-01
 61 -0.02713 -9.46507e-01 | 62  0.03261 -6.94520e-01 | 63  0.00909  6.05589e-01
 64  0.00701 -1.00267e+00 | 65 -0.00345 -8.74020e-02 | 66  0.00654  1.74521e-03
 67 -0.00008  7.43296e-02 | 68 -0.02075 -3.06027e-01 | 69  0.02254 -2.80836e-01
 70 -0.04193 -5.90709e-01 | 71  0.03204 -5.05629e-01 | 72  0.01335  1.74185e-01
 73  0.02413  6.67306e-01 | 74  0.00589  1.33667e-01 | 75 -0.01583 -5.85241e-01
 76  0.00186  2.95480e-01 | 77  0.01361 -4.45822e-01 | 78  0.00417  1.38259e-01
 79  0.01174 -8.42275e-01 | 80 -0.02645 -4.93691e-01 | 81  0.00087  3.10961e-01
 82 -0.03105  2.72565e-01 | 83 -0.04059  8.77588e-01 | 84 -0.00199  3.29018e-01
 85 -0.00270  2.70926e-01 | 86  0.00428 -4.71286e-01 | 87  0.03057  8.06551e-02
 88  0.00041 -8.38852e-01 | 89  0.00634  1.13052e-01 | 90 -0.02188 -1.22664e+00
 91  0.02183  4.43173e-01 | 92  0.00331  6.87503e-01 | 93 -0.01161  5.90417e-01
 94  0.00056 -3.83421e-02 | 95  0.01532  7.31281e-01 | 96  0.00452  1.16910e+00
 97  0.03529 -4.08017e-01 | 98 -0.01793 -2.01559e-01 | 99  0.00499  3.61301e-02
100  0.02851 -1.05441e-01 |101 -0.00903  6.26140e-01 |102 -0.00224  4.81633e-01
103 -0.00006  1.28563e-01 |104 -0.00006  1.29111e-01 |105  0.85291 -4.02382e+00
106 -0.40911  1.72946e+01 |107  0.23227 -8.06012e-01 |108 -0.24910  1.98862e+00

Intermediate statistics: 108 variables; iteration 20; function evaluation 23; phase 4
Function value 2.2513990e+03; maximum gradient component mag -6.1663e+02
Var    Value     Gradient |Var    Value     Gradient |Var    Value     Gradient
  1 -0.41070 -5.96248e+00 |  2 -0.42161 -6.16632e+02 |  3 -0.41583 -1.21938e+02
  4  0.63542  1.38020e+01 |  5  0.01208 -1.49025e+01 |  6 -0.00124 -2.28906e+00
  7 -0.00479  4.62523e-01 |  8 -0.00663  1.86855e+00 |  9 -0.00945  5.13730e+00
 10 -0.00032 -8.87998e-01 | 11  0.01095 -6.26978e-01 | 12 -0.01450 -9.14623e-01
 13 -0.00459 -1.09303e+00 | 14 -0.01568 -1.01291e+00 | 15  0.01247 -2.53505e+00
 16 -0.02555 -9.09059e-01 | 17  0.01937 -1.26863e+00 | 18  0.02636 -1.11875e+00
 19 -0.02974 -6.15292e-01 | 20  0.00418 -1.98754e-02 | 21  0.02421  4.66372e-01
 22  0.03495  2.27218e+00 | 23 -0.03972 -7.17895e-02 | 24  0.02070  3.29960e+00
 25 -0.00221  2.25192e+00 | 26 -0.02118  8.90196e-01 | 27 -0.00337  6.20236e-01
 28  0.00515  1.73784e+00 | 29 -0.00586  7.86660e-01 | 30  0.05000  6.79975e+00
 31 -0.02288  1.23583e-01 | 32 -0.00794  6.58664e-01 | 33  0.00624  1.97133e+00
 34 -0.01482  5.06637e-01 | 35  0.04913  3.76359e+00 | 36  0.01325  2.24639e+00
 37 -0.02006  3.82143e-01 | 38 -0.00801  7.85525e-01 | 39  0.01020  1.57840e+00
 40 -0.00106  1.49854e+00 | 41  0.00808  1.88618e+00 | 42 -0.01218  1.08597e+00
 43 -0.01447  1.02128e+00 | 44  0.02011  9.01989e-01 | 45 -0.01822  1.69308e+00
 46  0.03942  2.72467e+00 | 47  0.01167  8.57533e-01 | 48 -0.03018  2.59495e-01
 49 -0.00789  2.16176e-01 | 50  0.00101 -3.32823e-01 | 51 -0.05044 -6.11735e-01
 52  0.01683 -2.05984e-02 | 53 -0.01419  6.76322e-01 | 54 -0.00293 -1.76053e-01
 55  0.00870 -6.67784e-01 | 56 -0.02397  1.60684e-01 | 57  0.00540 -5.82005e-01
 58 -0.02143 -9.82469e-01 | 59 -0.02457  1.51914e+00 | 60 -0.00926 -1.43807e+00
 61 -0.02710 -1.98787e+00 | 62  0.03266 -3.49800e+00 | 63  0.00920  4.77740e-01
 64  0.00701 -4.40260e+00 | 65 -0.00355 -2.91699e+00 | 66  0.00655 -2.32301e+00
 67 -0.00004 -5.31843e-02 | 68 -0.02067 -2.07042e-01 | 69  0.02271  3.87279e+00
 70 -0.04180 -5.59067e-01 | 71  0.03198 -4.72351e+00 | 72  0.01344  1.15512e+00
 73  0.02428  3.89570e+00 | 74  0.00603  2.49057e+00 | 75 -0.01579 -7.44466e-02
 76  0.00199  2.08876e+00 | 77  0.01374  2.67183e+00 | 78  0.00435  3.38517e+00
 79  0.01188  1.84680e+00 | 80 -0.02636 -1.92218e-01 | 81  0.00096  1.67156e+00
 82 -0.03095  3.92171e-01 | 83 -0.04052  7.85457e-01 | 84 -0.00189 -3.47534e-01
 85 -0.00260  5.16254e-02 | 86  0.00437 -1.20911e+00 | 87  0.03057 -3.50090e+00
 88  0.00045 -1.66786e+00 | 89  0.00643  8.05479e-01 | 90 -0.02188 -2.20050e+00
 91  0.02194  2.42507e+00 | 92  0.00349  1.50656e+00 | 93 -0.01153  4.69032e-01
 94  0.00066 -2.01621e+00 | 95  0.01528 -2.35782e+00 | 96  0.00472  4.63474e-01
 97  0.03522 -3.45038e+00 | 98 -0.01775  3.82732e-01 | 99  0.00512  1.08692e+00
100  0.02876  3.11340e-01 |101 -0.00894  7.34755e-01 |102 -0.00282 -3.02526e-01
103 -0.00015 -3.15611e-01 |104 -0.00015 -3.15496e-01 |105  0.85395 -2.97464e-01
106 -0.40919 -2.07868e+00 |107  0.23518 -5.46056e+00 |108 -0.24875  2.38231e+01
108 variables; iteration 40; function evaluation 45; phase 4
Function value 2.2510958e+03; maximum gradient component mag -5.7705e+01
Var    Value     Gradient |Var    Value     Gradient |Var    Value     Gradient
  1 -0.40966 -1.15085e+00 |  2 -0.42040 -5.77047e+01 |  3 -0.41803 -1.12946e+01
  4  0.63435 -1.11719e+01 |  5  0.01752  5.43044e-01 |  6 -0.00036  2.70137e-01
  7 -0.00491  1.03469e+00 |  8 -0.00753  1.03634e+00 |  9 -0.01297 -8.09650e-01
 10 -0.00081 -6.19583e-01 | 11  0.00976 -1.76525e+00 | 12 -0.01517 -9.75357e-01
 13 -0.00550 -1.61753e+00 | 14 -0.01658 -1.56228e+00 | 15  0.01305  1.73278e+00
 16 -0.02616 -8.20584e-01 | 17  0.01863 -1.41145e+00 | 18  0.02641  2.62250e+00
 19 -0.02997  3.57530e-01 | 20  0.00337 -2.10339e+00 | 21  0.02362 -1.64339e+00
 22  0.03446 -7.27559e-01 | 23 -0.03942  2.47009e+00 | 24  0.02057  2.64360e+00
 25 -0.00236  1.34941e+00 | 26 -0.02185 -4.08428e+00 | 27 -0.00353  1.95349e-01
 28  0.00503  1.99284e+00 | 29 -0.00613 -6.92379e-01 | 30  0.04951 -3.97526e+00
 31 -0.02315 -1.38112e+00 | 32 -0.00810  6.45839e-03 | 33  0.00604  4.47905e-01
 34 -0.01482  1.69256e+00 | 35  0.04907  4.85331e+00 | 36  0.01294 -1.08008e+00
 37 -0.01999  2.19597e+00 | 38 -0.00813  5.52510e-01 | 39  0.00994 -1.21861e+00
 40 -0.00118  7.03565e-01 | 41  0.00782 -1.43483e+00 | 42 -0.01232  8.11076e-02
 43 -0.01460 -1.38745e-01 | 44  0.01979 -4.71853e+00 | 45 -0.01844 -1.43577e-01
 46  0.03934  4.22918e-01 | 47  0.01174  1.70321e+00 | 48 -0.03035 -1.40098e+00
 49 -0.00788 -1.04770e-01 | 50  0.00112  7.78875e-01 | 51 -0.05010  1.83194e+00
 52  0.01697  9.59490e-01 | 53 -0.01421 -4.27613e-01 | 54 -0.00279  5.10326e-01
 55  0.00892  1.12422e+00 | 56 -0.02379  6.95558e-01 | 57  0.00570  1.54925e+00
 58 -0.02110  8.78281e-01 | 59 -0.02434  1.93859e+00 | 60 -0.00925 -5.57272e+00
 61 -0.02706 -3.86973e+00 | 62  0.03288 -9.50579e-01 | 63  0.00930 -1.21463e+00
 64  0.00736  1.18903e+00 | 65 -0.00342 -4.00710e+00 | 66  0.00676 -1.13898e+00
 67  0.00022  2.28234e+00 | 68 -0.02044  1.82257e+00 | 69  0.02273 -8.42692e-01
 70 -0.04176 -1.04610e+00 | 71  0.03219 -8.29917e-01 | 72  0.01351  3.59540e-01
 73  0.02430 -4.86429e-01 | 74  0.00608  6.43894e-02 | 75 -0.01552  2.51940e+00
 76  0.00207  6.12357e-01 | 77  0.01388  2.90196e+00 | 78  0.00437  3.66064e-01
 79  0.01189 -2.79875e+00 | 80 -0.02611  1.55944e+00 | 81  0.00106 -1.25895e+00
 82 -0.03064  2.89557e+00 | 83 -0.04029  1.79743e+00 | 84 -0.00176 -9.80000e-01
 85 -0.00245 -1.58522e-01 | 86  0.00451 -1.02434e+00 | 87  0.03083  1.36991e-01
 88  0.00061 -2.22832e+00 | 89  0.00658 -9.69847e-01 | 90 -0.02150  8.71316e-01
 91  0.02214  7.63373e-01 | 92  0.00365 -9.71675e-01 | 93 -0.01128 -2.94946e-01
 94  0.00097 -1.15775e+00 | 95  0.01583  3.44699e+00 | 96  0.00492 -1.21045e+00
 97  0.03585  3.08555e+00 | 98 -0.01731  1.53598e+00 | 99  0.00535 -4.56793e-01
100  0.02891 -1.29148e+00 |101 -0.00795  3.57956e+00 |102 -0.00283  2.39368e-01
103 -0.00011  3.50523e-01 |104 -0.00011  3.50554e-01 |105  0.85279 -1.36630e+00
106 -0.40934  2.14760e+00 |107  0.23523  1.52683e+00 |108 -0.24885  1.77975e+00
108 variables; iteration 60; function evaluation 72; phase 4
Function value 2.2510794e+03; maximum gradient component mag 2.1729e+00
Var    Value     Gradient |Var    Value     Gradient |Var    Value     Gradient
  1 -0.40933 -2.00549e-01 |  2 -0.42030  2.17285e+00 |  3 -0.41830  4.58325e-01
  4  0.63438  4.64183e-01 |  5  0.01727  1.80310e-01 |  6 -0.00058 -6.46357e-02
  7 -0.00576 -3.43922e-01 |  8 -0.00800  2.76677e-01 |  9 -0.01259 -1.71656e-02
 10 -0.00054 -2.39212e-01 | 11  0.01071  2.65212e-01 | 12 -0.01469 -1.28281e-01
 13 -0.00455  5.50482e-01 | 14 -0.01566  5.50851e-01 | 15  0.01235 -4.34807e-01
 16 -0.02586 -1.09252e-01 | 17  0.01895  2.35310e-01 | 18  0.02589  2.60927e-01
 19 -0.02986  7.57191e-01 | 20  0.00363 -3.27662e-01 | 21  0.02374 -1.81136e-01
 22  0.03443 -4.23472e-01 | 23 -0.04010 -1.13008e+00 | 24  0.02033 -5.92980e-02
 25 -0.00266 -1.67055e+00 | 26 -0.02116  1.92235e+00 | 27 -0.00340  2.13611e+00
 28  0.00485  2.98009e-01 | 29 -0.00598  1.47094e+00 | 30  0.04962  6.45359e-01
 31 -0.02309 -5.41905e-01 | 32 -0.00808  5.63652e-01 | 33  0.00588 -1.20119e+00
 34 -0.01502 -1.50649e-01 | 35  0.04880 -1.02815e+00 | 36  0.01299  2.11799e-01
 37 -0.02019  4.69045e-01 | 38 -0.00830 -9.72101e-01 | 39  0.01004  9.01989e-01
 40 -0.00133 -7.26449e-01 | 41  0.00785 -4.17294e-01 | 42 -0.01230  7.10064e-01
 43 -0.01455  7.49541e-01 | 44  0.01999 -3.47496e-01 | 45 -0.01854 -9.94957e-01
 46  0.03924 -8.27059e-01 | 47  0.01169  1.34560e+00 | 48 -0.03036 -1.37422e+00
 49 -0.00785  6.82587e-01 | 50  0.00097 -9.61531e-01 | 51 -0.05014  1.56522e+00
 52  0.01684 -8.05961e-01 | 53 -0.01418  2.83665e-01 | 54 -0.00286  4.90260e-02
 55  0.00886  4.93055e-01 | 56 -0.02381  6.30994e-01 | 57  0.00562  2.17489e-01
 58 -0.02118 -3.37300e-01 | 59 -0.02455 -1.06887e+00 | 60 -0.00898  3.56439e-01
 61 -0.02685  6.01534e-02 | 62  0.03286 -5.21556e-02 | 63  0.00934  5.28554e-01
 64  0.00728 -3.21390e-01 | 65 -0.00329 -2.17483e-01 | 66  0.00678  1.71934e-01
 67  0.00010 -2.13274e-01 | 68 -0.02057 -3.59196e-01 | 69  0.02272 -4.67928e-02
 70 -0.04176 -7.57367e-01 | 71  0.03218 -8.75763e-03 | 72  0.01346 -6.29056e-02
 73  0.02428 -7.16987e-02 | 74  0.00604 -3.21783e-01 | 75 -0.01561  8.17964e-01
 76  0.00202 -1.74728e-01 | 77  0.01376 -4.73362e-01 | 78  0.00436  8.54906e-01
 79  0.01195 -3.01292e-02 | 80 -0.02623 -3.33478e-01 | 81  0.00113  8.53869e-01
 82 -0.03085 -9.41636e-01 | 83 -0.04044 -7.52540e-01 | 84 -0.00174  1.49577e-01
 85 -0.00247 -2.66840e-02 | 86  0.00452  3.44884e-02 | 87  0.03080  8.38761e-03
 88  0.00066 -4.74091e-01 | 89  0.00658 -5.23192e-01 | 90 -0.02156 -8.30146e-02
 91  0.02211  7.80828e-02 | 92  0.00364 -9.95066e-01 | 93 -0.01130 -4.64285e-01
 94  0.00105  6.48516e-01 | 95  0.01565 -8.64070e-01 | 96  0.00505  1.21551e+00
 97  0.03575  7.61843e-01 | 98 -0.01741  4.94869e-01 | 99  0.00533 -4.81707e-01
100  0.02898 -1.15531e-01 |101 -0.00886  3.81450e-01 |102 -0.00265  1.68546e-01
103 -0.00013 -1.06280e-02 |104 -0.00013 -1.06199e-02 |105  0.85413  3.27301e-01
106 -0.40919 -1.50049e+00 |107  0.23452  1.32628e-01 |108 -0.24906 -3.13395e-01

 - final statistics:
108 variables; iteration 80; function evaluation 100
Function value 2.2511e+03; maximum gradient component mag 9.7241e-01
Exit code = 1;  converg criter 1.0000e+00
Var    Value     Gradient |Var    Value     Gradient |Var    Value     Gradient
  1 -0.40926 -8.08591e-02 |  2 -0.42029  9.72407e-01 |  3 -0.41833  1.94463e-01
  4  0.63436  1.19365e-01 |  5  0.01722  2.34563e-02 |  6 -0.00060 -1.06633e-01
  7 -0.00555 -9.54674e-03 |  8 -0.00816 -1.41386e-02 |  9 -0.01257  4.10480e-03
 10 -0.00040  3.48274e-02 | 11  0.01066  1.31865e-01 | 12 -0.01458  1.01954e-01
 13 -0.00476  2.59294e-02 | 14 -0.01587  1.39779e-02 | 15  0.01244 -1.68679e-01
 16 -0.02583 -4.08263e-02 | 17  0.01893  9.10275e-02 | 18  0.02587  9.72392e-02
 19 -0.03011 -1.43135e-01 | 20  0.00367 -1.26434e-01 | 21  0.02373 -2.63172e-01
 22  0.03447 -1.24231e-02 | 23 -0.03995 -3.50091e-01 | 24  0.02032 -2.77909e-01
 25 -0.00256 -6.73256e-01 | 26 -0.02131  5.39974e-01 | 27 -0.00353  4.37866e-01
 28  0.00486  1.03610e-01 | 29 -0.00604  5.84636e-01 | 30  0.04962  5.59172e-01
 31 -0.02310 -7.61626e-01 | 32 -0.00810  1.96958e-01 | 33  0.00599  1.06574e-01
 34 -0.01499  1.04064e-01 | 35  0.04883 -4.32186e-01 | 36  0.01299  1.83649e-02
 37 -0.02022  8.74363e-02 | 38 -0.00824 -4.29235e-01 | 39  0.01004  8.43112e-01
 40 -0.00123  4.34382e-01 | 41  0.00788 -1.82457e-01 | 42 -0.01236 -1.95835e-01
 43 -0.01460  4.64030e-02 | 44  0.01998 -6.48656e-01 | 45 -0.01847 -3.29620e-01
 46  0.03928 -1.33532e-01 | 47  0.01159 -3.71816e-01 | 48 -0.03012  8.59392e-01
 49 -0.00791 -1.62888e-01 | 50  0.00105  3.93413e-02 | 51 -0.05032  1.75575e-01
 52  0.01689  5.08361e-02 | 53 -0.01419  1.22177e-01 | 54 -0.00281  7.29439e-01
 55  0.00881 -5.61043e-01 | 56 -0.02387 -2.74252e-01 | 57  0.00561 -2.39069e-01
 58 -0.02116 -1.54878e-01 | 59 -0.02450 -3.85068e-01 | 60 -0.00898  2.42645e-01
 61 -0.02681  5.73156e-01 | 62  0.03287 -7.92265e-03 | 63  0.00934  2.49507e-01
 64  0.00730 -1.18176e-02 | 65 -0.00327  9.76482e-02 | 66  0.00678 -1.22223e-01
 67  0.00014  4.69859e-01 | 68 -0.02052  3.95696e-01 | 69  0.02273 -3.02812e-02
 70 -0.04175 -6.30881e-01 | 71  0.03218  2.66925e-02 | 72  0.01346 -2.19023e-01
 73  0.02429  1.35513e-02 | 74  0.00604 -4.38834e-01 | 75 -0.01561  7.08853e-01
 76  0.00203 -5.12031e-02 | 77  0.01378 -2.16197e-01 | 78  0.00435  2.77748e-01
 79  0.01195 -1.41797e-02 | 80 -0.02620  2.09427e-01 | 81  0.00111  3.25381e-01
 82 -0.03082 -4.46442e-01 | 83 -0.04038  1.73332e-01 | 84 -0.00175 -2.59464e-01
 85 -0.00243  7.26690e-01 | 86  0.00451 -3.07792e-01 | 87  0.03081  2.31650e-02
 88  0.00068 -1.09842e-01 | 89  0.00659 -3.07625e-01 | 90 -0.02158 -4.08434e-01
 91  0.02211  6.59455e-03 | 92  0.00367 -2.07045e-01 | 93 -0.01128 -7.89676e-02
 94  0.00102  6.23058e-02 | 95  0.01568 -2.69567e-01 | 96  0.00502  6.59816e-01
 97  0.03572  4.18277e-02 | 98 -0.01745  1.39620e-01 | 99  0.00534 -3.61488e-01
100  0.02897 -1.68433e-01 |101 -0.00897  5.62273e-02 |102 -0.00280 -6.07940e-02
103 -0.00012  1.24847e-03 |104 -0.00012  1.17079e-03 |105  0.85399  8.60843e-02
106 -0.40921 -3.50734e-01 |107  0.23451  6.40089e-02 |108 -0.24907 -8.96249e-02

Initial statistics: 110 variables; iteration 0; function evaluation 0; phase 5
Function value 2.2510776e+03; maximum gradient component mag -3.0504e+01
Var    Value     Gradient |Var    Value     Gradient |Var    Value     Gradient
  1 -0.40926 -8.08591e-02 |  2 -0.42029  9.72407e-01 |  3 -0.41833  1.94463e-01
  4 -0.41222  1.87373e+01 |  5 -0.41222 -3.05044e+01 |  6  0.63436  1.19365e-01
  7  0.01722  2.34563e-02 |  8 -0.00060 -1.06633e-01 |  9 -0.00555 -9.54674e-03
 10 -0.00816 -1.41386e-02 | 11 -0.01257  4.10480e-03 | 12 -0.00040  3.51394e-02
 13  0.01066  1.32177e-01 | 14 -0.01458  1.02266e-01 | 15 -0.00476  2.62415e-02
 16 -0.01587  1.42898e-02 | 17  0.01244 -1.68367e-01 | 18 -0.02583 -4.05145e-02
 19  0.01893  9.13394e-02 | 20  0.02587  9.75510e-02 | 21 -0.03011 -1.42824e-01
 22  0.00367 -1.26122e-01 | 23  0.02373 -2.62860e-01 | 24  0.03447 -1.21115e-02
 25 -0.03995 -3.49779e-01 | 26  0.02032 -2.77597e-01 | 27 -0.00256 -6.72944e-01
 28 -0.02131  5.40286e-01 | 29 -0.00353  4.38178e-01 | 30  0.00486  1.03922e-01
 31 -0.00604  5.84948e-01 | 32  0.04962  5.59483e-01 | 33 -0.02310 -7.61314e-01
 34 -0.00810  1.97270e-01 | 35  0.00599  1.06886e-01 | 36 -0.01499  1.04376e-01
 37  0.04883 -4.31874e-01 | 38  0.01299  1.86768e-02 | 39 -0.02022  8.77482e-02
 40 -0.00824 -4.28923e-01 | 41  0.01004  8.43424e-01 | 42 -0.00123  4.34694e-01
 43  0.00788 -1.82145e-01 | 44 -0.01236 -1.95523e-01 | 45 -0.01460  4.67149e-02
 46  0.01998 -6.48344e-01 | 47 -0.01847 -3.29308e-01 | 48  0.03928 -1.33221e-01
 49  0.01159 -3.71504e-01 | 50 -0.03012  8.59704e-01 | 51 -0.00791 -1.62576e-01
 52  0.00105  3.96533e-02 | 53 -0.05032  1.75886e-01 | 54  0.01689  5.11480e-02
 55 -0.01419  1.22489e-01 | 56 -0.00281  7.29751e-01 | 57  0.00881 -5.60731e-01
 58 -0.02387 -2.73940e-01 | 59  0.00561 -2.38757e-01 | 60 -0.02116 -1.54566e-01
 61 -0.02450 -3.84756e-01 | 62 -0.00898  2.42957e-01 | 63 -0.02681  5.73468e-01
 64  0.03287 -7.61104e-03 | 65  0.00934  2.49819e-01 | 66  0.00730 -1.15056e-02
 67 -0.00327  9.79602e-02 | 68  0.00678 -1.21911e-01 | 69  0.00014  4.70171e-01
 70 -0.02052  3.96008e-01 | 71  0.02273 -2.99694e-02 | 72 -0.04175 -6.30570e-01
 73  0.03218  2.70041e-02 | 74  0.01346 -2.18711e-01 | 75  0.02429  1.38631e-02
 76  0.00604 -4.38522e-01 | 77 -0.01561  7.09165e-01 | 78  0.00203 -5.08911e-02
 79  0.01378 -2.15886e-01 | 80  0.00435  2.78060e-01 | 81  0.01195 -1.38677e-02
 82 -0.02620  2.09738e-01 | 83  0.00111  3.25693e-01 | 84 -0.03082 -4.46131e-01
 85 -0.04038  1.73643e-01 | 86 -0.00175 -2.59152e-01 | 87 -0.00243  7.27002e-01
 88  0.00451 -3.07480e-01 | 89  0.03081  2.34767e-02 | 90  0.00068 -1.09530e-01
 91  0.00659 -3.07313e-01 | 92 -0.02158 -4.08122e-01 | 93  0.02211  6.90639e-03
 94  0.00367 -2.06733e-01 | 95 -0.01128 -7.86557e-02 | 96  0.00102  6.26179e-02
 97  0.01568 -2.69255e-01 | 98  0.00502  6.60128e-01 | 99  0.03572  4.21392e-02
100 -0.01745  1.39932e-01 |101  0.00534 -3.61176e-01 |102  0.02897 -1.68121e-01
103 -0.00897  5.65393e-02 |104 -0.00280 -6.04820e-02 |105 -0.00012  1.56049e-03
106 -0.00012  1.48281e-03 |107  0.85399  8.60843e-02 |108 -0.40921 -3.50734e-01
109  0.23451  6.40089e-02 |110 -0.24907 -8.96249e-02 |

Intermediate statistics: 110 variables; iteration 20; function evaluation 25; phase 5
Function value 2.2504283e+03; maximum gradient component mag 7.5249e+01
Var    Value     Gradient |Var    Value     Gradient |Var    Value     Gradient
  1 -0.41116  3.98401e+00 |  2 -0.42210  7.52492e+01 |  3 -0.41320  4.52007e+00
  4 -0.44473  1.19710e+01 |  5 -0.39609 -2.05477e+00 |  6  0.63392 -6.80904e+01
  7  0.01735  4.27273e-01 |  8 -0.00063 -1.22529e-01 |  9 -0.00548  1.39397e-01
 10 -0.00807  1.67240e-01 | 11 -0.01245  2.41525e-01 | 12 -0.00025  2.10933e+00
 13  0.01080  2.21480e+00 | 14 -0.01442  2.17067e+00 | 15 -0.00466  1.96861e+00
 16 -0.01578  1.90412e+00 | 17  0.01250  1.54266e+00 | 18 -0.02578  1.66105e+00
 19  0.01903  1.74251e+00 | 20  0.02597  1.62279e+00 | 21 -0.03006  1.41631e+00
 22  0.00371  1.24525e+00 | 23  0.02336 -2.25826e+00 | 24  0.03400 -3.89261e+00
 25 -0.03996  1.51473e+00 | 26  0.02025  1.96095e+00 | 27 -0.00201  7.77140e+00
 28 -0.02158  3.39478e-01 | 29 -0.00394 -1.35112e+00 | 30  0.00473  1.48040e+00
 31 -0.00649 -1.54531e+00 | 32  0.04998  1.08788e+01 | 33 -0.02273  3.83993e+00
 34 -0.00837 -9.53923e-01 | 35  0.00593  1.98257e-01 | 36 -0.01533 -2.25883e+00
 37  0.04906  5.25851e+00 | 38  0.01269 -5.26366e+00 | 39 -0.02047 -1.53024e+00
 40 -0.00802  4.00583e+00 | 41  0.00946 -4.93304e+00 | 42 -0.00144 -3.04795e-01
 43  0.00793  1.96754e+00 | 44 -0.01229  3.22571e+00 | 45 -0.01454  2.51438e+00
 46  0.02028  4.01214e+00 | 47 -0.01842  1.20015e+00 | 48  0.03959  4.74779e+00
 49  0.01163 -1.02328e+00 | 50 -0.03087 -6.26300e+00 | 51 -0.00781  1.35306e+00
 52  0.00114  2.16917e+00 | 53 -0.05032  1.50280e+00 | 54  0.01704  1.32523e+00
 55 -0.01429 -2.36123e+00 | 56 -0.00331 -9.29653e+00 | 57  0.00930  5.75989e+00
 58 -0.02368  9.56810e-01 | 59  0.00598  3.41653e+00 | 60 -0.02091  1.37854e+00
 61 -0.02404  4.36503e+00 | 62 -0.00872  2.82814e+00 | 63 -0.02708 -5.16693e+00
 64  0.03247 -1.92028e+01 | 65  0.00950  1.05514e+00 | 66  0.00739  2.76735e+00
 67 -0.00327 -1.83492e+00 | 68  0.00665 -1.27109e+00 | 69  0.00038  2.41754e+00
 70 -0.02058 -1.76217e+00 | 71  0.02260 -9.97785e+00 | 72 -0.04157  2.23852e+00
 73  0.03195 -1.52239e+01 | 74  0.01346 -4.48395e+00 | 75  0.02442 -2.37822e+00
 76  0.00607 -3.67355e+00 | 77 -0.01567 -3.40500e+00 | 78  0.00190 -4.83909e+00
 79  0.01373 -7.40744e+00 | 80  0.00433 -4.92523e+00 | 81  0.01185 -5.69021e+00
 82 -0.02626 -1.93473e+00 | 83  0.00093 -6.00596e+00 | 84 -0.03068  3.38335e+00
 85 -0.04040 -3.62911e-01 | 86 -0.00203 -5.68338e+00 | 87 -0.00242 -7.13418e-01
 88  0.00440 -4.47027e+00 | 89  0.03084 -1.21242e+00 | 90  0.00066 -2.61153e+00
 91  0.00658 -3.13397e+00 | 92 -0.02118  6.46630e+00 | 93  0.02182 -9.70364e+00
 94  0.00351 -3.16856e+00 | 95 -0.01106  3.71961e+00 | 96  0.00077  1.91705e+00
 97  0.01568 -5.92297e-01 | 98  0.00465 -2.88852e+00 | 99  0.03561  1.29249e+00
100 -0.01722  4.86642e+00 |101  0.00564  5.99602e+00 |102  0.02863  4.80365e+00
103 -0.00902  1.01946e+00 |104 -0.00218  2.36009e+00 |105 -0.00011  1.79860e+00
106 -0.00011  1.79825e+00 |107  0.88369  7.25627e+00 |108 -0.40663 -4.07188e+00
109  0.23333 -8.76766e+00 |110 -0.24937  7.08261e+00 |
110 variables; iteration 40; function evaluation 47; phase 5
Function value 2.2501922e+03; maximum gradient component mag 3.0334e+01
Var    Value     Gradient |Var    Value     Gradient |Var    Value     Gradient
  1 -0.41955  2.44720e+00 |  2 -0.42407  3.03339e+01 |  3 -0.40719  7.11584e+00
  4 -0.46064  5.63471e+00 |  5 -0.38614  1.93230e+00 |  6  0.63453 -3.00225e+01
  7  0.01857  2.79182e+00 |  8 -0.00067 -1.32556e-01 |  9 -0.00529  3.92512e-01
 10 -0.00795  2.76002e-01 | 11 -0.01252 -7.49914e-02 | 12 -0.00044  4.06675e-01
 13  0.01089  9.67689e-01 | 14 -0.01459  4.47316e-01 | 15 -0.00401  1.99922e+00
 16 -0.01505  2.12971e+00 | 17  0.01240 -7.80213e-01 | 18 -0.02486  2.45371e+00
 19  0.02205  1.22643e+01 | 20  0.02635  6.07038e-01 | 21 -0.03018 -9.48758e-01
 22  0.00227 -9.56401e+00 | 23  0.02441  2.89633e+00 | 24  0.03447 -2.52654e+00
 25 -0.04108 -5.97713e+00 | 26  0.02068  5.39295e+00 | 27 -0.00273 -7.10884e-01
 28 -0.02134  1.20053e+00 | 29 -0.00349  2.96520e+00 | 30  0.00473  7.32209e-01
 31 -0.00604  2.11737e+00 | 32  0.04976  2.61067e+00 | 33 -0.02237  5.36043e+00
 34 -0.00817  1.15967e-01 | 35  0.00578 -3.05621e+00 | 36 -0.01501 -6.45416e-01
 37  0.04885 -3.53008e+00 | 38  0.01317 -9.19746e-01 | 39 -0.02021 -4.39808e-01
 40 -0.00812  2.33173e+00 | 41  0.00979  5.33654e-01 | 42 -0.00163 -2.52840e+00
 43  0.00786  7.24019e-01 | 44 -0.01264 -4.79000e-01 | 45 -0.01483 -5.46987e-01
 46  0.02021  1.93897e+00 | 47 -0.01851 -3.06205e-01 | 48  0.03954  2.97757e+00
 49  0.01165 -1.14069e+00 | 50 -0.03101 -8.26260e+00 | 51 -0.00778  2.12197e+00
 52  0.00092  4.56600e-01 | 53 -0.05047  6.99942e-01 | 54  0.01695  1.51427e+00
 55 -0.01437 -2.84291e+00 | 56 -0.00298 -3.06373e+00 | 57  0.00904  3.18215e+00
 58 -0.02372  1.53151e+00 | 59  0.00581  2.77765e+00 | 60 -0.02109  3.67148e-01
 61 -0.02445  4.31624e-01 | 62 -0.00895  2.01487e+00 | 63 -0.02708 -1.98642e+00
 64  0.03251 -7.21457e+00 | 65  0.00913 -5.11096e+00 | 66  0.00697 -4.09807e+00
 67 -0.00327  2.17158e+00 | 68  0.00672  8.21178e+00 | 69  0.00032  4.74415e+00
 70 -0.02065 -6.19977e-01 | 71  0.02262 -3.19659e+00 | 72 -0.04179  7.45428e-01
 73  0.03209 -4.24778e+00 | 74  0.01336 -4.19674e+00 | 75  0.02433 -1.47159e-01
 76  0.00599 -2.17743e+00 | 77 -0.01583 -3.94480e+00 | 78  0.00165 -7.24522e+00
 79  0.01396  4.44879e+00 | 80  0.00429 -2.90538e+00 | 81  0.01165 -5.90036e+00
 82 -0.02636 -6.98078e-01 | 83  0.00096  1.93646e+00 | 84 -0.03109 -2.89073e-01
 85 -0.04062 -1.33473e+00 | 86 -0.00237 -9.80648e+00 | 87 -0.00262 -1.56302e+00
 88  0.00428 -4.19268e+00 | 89  0.03069 -6.17954e-01 | 90  0.00068  6.04597e-01
 91  0.00657 -5.45504e-02 | 92 -0.02153  1.66560e+00 | 93  0.02196 -1.59810e-01
 94  0.00335 -1.84939e+00 | 95 -0.01135  1.13652e+00 | 96  0.00050  2.19226e+00
 97  0.01539 -2.85943e+00 | 98  0.00452  4.75719e-01 | 99  0.03532  5.97156e-01
100 -0.01790 -7.60952e-02 |101  0.00495  1.49955e-01 |102  0.02797  1.34526e+00
103 -0.00755  4.93823e+00 |104 -0.00037  3.97072e+00 |105 -0.00005  8.71386e-01
106 -0.00005  8.69656e-01 |107  0.88264  2.25777e-01 |108 -0.40667  2.81541e+01
109  0.23374 -5.25111e+00 |110 -0.24888  7.70277e+00 |
110 variables; iteration 60; function evaluation 74; phase 5
Function value 2.2501144e+03; maximum gradient component mag 2.3059e+01
Var    Value     Gradient |Var    Value     Gradient |Var    Value     Gradient
  1 -0.41813  2.96472e+00 |  2 -0.42423  2.30590e+01 |  3 -0.40689  7.34938e+00
  4 -0.46858  1.04462e+00 |  5 -0.38452  7.48288e-01 |  6  0.63455 -4.45973e+00
  7  0.01746 -3.38654e-01 |  8  0.00011  8.61722e-01 |  9 -0.00506  6.37318e-01
 10 -0.00757  7.89978e-01 | 11 -0.01211  5.66089e-01 | 12 -0.00048 -5.37809e-01
 13  0.01081 -1.55205e-01 | 14 -0.01467 -6.11518e-01 | 15 -0.00430  3.32500e-01
 16 -0.01539  3.42127e-01 | 17  0.01312  3.08415e-01 | 18 -0.02543 -9.16723e-02
 19  0.02022  2.80291e+00 | 20  0.02668  7.10956e-01 | 21 -0.02966 -2.88616e-01
 22  0.00366 -3.37328e+00 | 23  0.02429  2.89191e-02 | 24  0.03507  2.23962e+00
 25 -0.04020 -2.53546e+00 | 26  0.02058  2.58656e+00 | 27 -0.00257 -3.81347e-01
 28 -0.02135 -1.99917e-01 | 29 -0.00357  5.76237e-01 | 30  0.00484  4.91346e-01
 31 -0.00599  1.19338e+00 | 32  0.04980  7.09021e-01 | 33 -0.02279  3.54271e-01
 34 -0.00802  4.51844e-01 | 35  0.00575 -5.08703e+00 | 36 -0.01506 -2.44839e+00
 37  0.04904 -6.04964e-01 | 38  0.01334  1.32701e-01 | 39 -0.02025 -2.11011e+00
 40 -0.00813  9.22968e-01 | 41  0.00995  1.74453e+00 | 42 -0.00125  1.10245e+00
 43  0.00799  1.56643e+00 | 44 -0.01251  1.83003e-01 | 45 -0.01468  1.27652e-02
 46  0.02023  1.04502e+00 | 47 -0.01836  3.67686e-01 | 48  0.03949  1.67094e-01
 49  0.01170 -9.68427e-01 | 50 -0.03026 -1.90230e+00 | 51 -0.00777  1.85047e+00
 52  0.00098  7.85585e-01 | 53 -0.05046  1.81399e-01 | 54  0.01703  2.83259e+00
 55 -0.01430 -2.17906e+00 | 56 -0.00279 -2.15639e-01 | 57  0.00891  5.01397e-01
 58 -0.02378  6.10220e-01 | 59  0.00581  2.88216e+00 | 60 -0.02106  8.12704e-01
 61 -0.02447  4.72572e-02 | 62 -0.00893  2.51547e+00 | 63 -0.02719 -3.49965e+00
 64  0.03258 -1.47985e+00 | 65  0.00921 -1.82519e+00 | 66  0.00702 -1.86927e+00
 67 -0.00331  9.82536e-01 | 68  0.00642  2.67756e-01 | 69  0.00033  4.27456e+00
 70 -0.02064 -7.03369e-01 | 71  0.02267 -4.09646e-01 | 72 -0.04183  1.64152e-01
 73  0.03216 -4.65117e-01 | 74  0.01347 -5.42214e-01 | 75  0.02434  3.50194e-01
 76  0.00613  1.44498e+00 | 77 -0.01579 -3.28911e+00 | 78  0.00181 -2.00416e+00
 79  0.01389  2.85300e+00 | 80  0.00433 -1.82294e+00 | 81  0.01177 -1.22945e+00
 82 -0.02645 -3.04698e+00 | 83  0.00092  2.43101e-01 | 84 -0.03109 -6.83940e-01
 85 -0.04054 -2.47252e-01 | 86 -0.00215 -2.38217e+00 | 87 -0.00262 -1.53580e+00
 88  0.00441 -1.98260e-01 | 89  0.03069  1.53244e-01 | 90  0.00071  9.48013e-01
 91  0.00663  1.59446e+00 | 92 -0.02163 -7.81483e-01 | 93  0.02197  1.13459e+00
 94  0.00333 -2.56921e+00 | 95 -0.01129  1.63822e+00 | 96  0.00029 -1.48738e+00
 97  0.01550  1.10637e-02 | 98  0.00464  3.46002e+00 | 99  0.03526  1.20986e+00
100 -0.01797 -1.18788e+00 |101  0.00483 -7.50218e-01 |102  0.02774 -7.11966e-01
103 -0.00833  1.22047e+00 |104 -0.00253 -1.32696e-01 |105 -0.00027 -1.54440e-01
106 -0.00026 -1.50654e-01 |107  0.88020 -4.36351e-01 |108 -0.40693  8.23775e+00
109  0.23500 -1.94839e+00 |110 -0.24857  4.27529e+00 |
110 variables; iteration 80; function evaluation 98; phase 5
Function value 2.2501032e+03; maximum gradient component mag 4.3400e+00
Var    Value     Gradient |Var    Value     Gradient |Var    Value     Gradient
  1 -0.41976  4.13413e-01 |  2 -0.42453 -6.48918e-01 |  3 -0.40597  9.54373e-02
  4 -0.46973  2.09767e-01 |  5 -0.38323  1.62366e-01 |  6  0.63469 -2.35084e+00
  7  0.01789  5.05048e-01 |  8 -0.00076 -4.68583e-01 |  9 -0.00541  4.67988e-02
 10 -0.00801  2.70758e-02 | 11 -0.01253 -2.33795e-01 | 12  0.00001  4.16267e-01
 13  0.01108  3.87588e-01 | 14 -0.01403  6.82691e-01 | 15 -0.00438  7.52414e-02
 16 -0.01546  9.65707e-02 | 17  0.01311  1.73122e-01 | 18 -0.02525  3.03848e-01
 19  0.01960  3.46027e-02 | 20  0.02654 -2.17198e-01 | 21 -0.02944  3.99105e-01
 22  0.00430  1.80079e-01 | 23  0.02433  3.21658e-01 | 24  0.03490  3.68992e-01
 25 -0.03995 -1.23053e+00 | 26  0.02034 -1.66149e-01 | 27 -0.00255  2.03765e-01
 28 -0.02135  5.12687e-02 | 29 -0.00368 -3.22327e-01 | 30  0.00485  9.07778e-01
 31 -0.00610  1.68998e-01 | 32  0.04975 -2.52601e-01 | 33 -0.02292 -8.25875e-01
 34 -0.00806  2.14057e-01 | 35  0.00608 -3.01077e-01 | 36 -0.01488 -4.21718e-01
 37  0.04906 -3.79358e-02 | 38  0.01334  8.46522e-02 | 39 -0.01989  1.46995e+00
 40 -0.00823 -9.79478e-02 | 41  0.00983  3.98657e-02 | 42 -0.00148 -1.68758e+00
 43  0.00793  8.57022e-01 | 44 -0.01251  4.80704e-01 | 45 -0.01473 -1.87238e-01
 46  0.02022  1.13357e+00 | 47 -0.01845 -4.77091e-01 | 48  0.03945 -3.33723e-01
 49  0.01176  1.90816e-01 | 50 -0.03017 -9.37036e-01 | 51 -0.00797 -7.12072e-01
 52  0.00085 -8.87184e-01 | 53 -0.05057 -5.93578e-01 | 54  0.01682 -1.04822e+00
 55 -0.01416 -1.19766e-01 | 56 -0.00281 -1.06556e-01 | 57  0.00889  6.15422e-01
 58 -0.02387 -3.69101e-01 | 59  0.00558 -1.58322e+00 | 60 -0.02116 -7.13101e-01
 61 -0.02451 -3.60781e-01 | 62 -0.00898  2.08585e+00 | 63 -0.02701  2.01823e-01
 64  0.03258 -1.49004e-01 | 65  0.00926  6.74170e-01 | 66  0.00705 -1.71411e-01
 67 -0.00333  1.27660e+00 | 68  0.00642  1.10175e+00 | 69  0.00018  1.18768e+00
 70 -0.02061  3.25925e-01 | 71  0.02264 -4.32195e-02 | 72 -0.04186  9.17765e-02
 73  0.03214 -7.86468e-02 | 74  0.01343 -9.48680e-01 | 75  0.02430  2.16202e-01
 76  0.00598 -1.81508e+00 | 77 -0.01573 -1.13712e+00 | 78  0.00188  1.15125e+00
 79  0.01378 -1.67949e-01 | 80  0.00436  5.20486e-02 | 81  0.01176 -4.17245e-02
 82 -0.02641 -1.45071e+00 | 83  0.00087  4.51254e-01 | 84 -0.03108  5.24114e-01
 85 -0.04059 -2.30232e-01 | 86 -0.00212 -2.25295e-01 | 87 -0.00260  4.71253e-01
 88  0.00439  3.96772e-01 | 89  0.03065  3.00791e-02 | 90  0.00063 -4.01194e-01
 91  0.00652 -4.98999e-01 | 92 -0.02165 -6.30736e-01 | 93  0.02190  7.31535e-02
 94  0.00341  6.14466e-01 | 95 -0.01145 -4.02485e-01 | 96  0.00032  2.29800e-01
 97  0.01548  5.74264e-01 | 98  0.00446  6.58668e-01 | 99  0.03515 -1.06800e+00
100 -0.01788  2.81882e-02 |101  0.00486 -8.22339e-02 |102  0.02783  4.32727e-01
103 -0.00866  4.55778e-02 |104 -0.00244 -5.60346e-02 |105  0.00005  2.99808e-01
106  0.00005  2.96984e-01 |107  0.88033 -4.74755e-01 |108 -0.40694  4.34003e+00
109  0.23511 -2.68340e-01 |110 -0.24847  1.01999e+00 |
110 variables; iteration 100; function evaluation 129; phase 5
Function value 2.2501016e+03; maximum gradient component mag 6.9548e-01
Var    Value     Gradient |Var    Value     Gradient |Var    Value     Gradient
  1 -0.41996  3.15203e-02 |  2 -0.42456 -2.89582e-01 |  3 -0.40585 -2.54744e-02
  4 -0.47009  3.09673e-02 |  5 -0.38306  6.12348e-02 |  6  0.63467 -2.34699e-01
  7  0.01768 -3.75244e-02 |  8 -0.00043  1.37832e-02 |  9 -0.00541  2.84785e-02
 10 -0.00803 -3.91143e-02 | 11 -0.01239  1.32657e-02 | 12 -0.00016 -1.41997e-02
 13  0.01096  2.48743e-02 | 14 -0.01432 -1.15353e-02 | 15 -0.00437  1.98929e-03
 16 -0.01546  7.90783e-03 | 17  0.01309 -9.27712e-03 | 18 -0.02533 -7.08863e-03
 19  0.01962 -2.10270e-02 | 20  0.02660 -3.63963e-02 | 21 -0.02953 -1.94798e-02
 22  0.00429 -5.36010e-02 | 23  0.02427 -3.26067e-01 | 24  0.03488 -5.04269e-02
 25 -0.03970  6.84665e-03 | 26  0.02035 -7.37813e-02 | 27 -0.00258 -1.16508e-01
 28 -0.02127  6.95479e-01 | 29 -0.00363  1.96256e-01 | 30  0.00481  3.84282e-01
 31 -0.00611 -2.48984e-02 | 32  0.04977 -4.23489e-02 | 33 -0.02282  2.59752e-02
 34 -0.00807  2.03781e-02 | 35  0.00611 -7.57178e-02 | 36 -0.01484 -8.64866e-02
 37  0.04907  1.00416e-03 | 38  0.01331 -4.76582e-01 | 39 -0.02003  1.21083e-03
 40 -0.00822 -8.76319e-03 | 41  0.00984  2.80869e-01 | 42 -0.00134  1.75276e-01
 43  0.00785 -2.93091e-01 | 44 -0.01256 -1.46413e-01 | 45 -0.01471 -8.05968e-02
 46  0.02016 -1.99149e-02 | 47 -0.01842 -1.77583e-01 | 48  0.03947 -8.60468e-03
 49  0.01176  1.84589e-01 | 50 -0.03007 -3.10640e-02 | 51 -0.00795 -4.53353e-01
 52  0.00091  2.24918e-02 | 53 -0.05049 -2.67612e-02 | 54  0.01688  1.78811e-01
 55 -0.01416 -1.50887e-01 | 56 -0.00278  2.39644e-01 | 57  0.00886 -6.35294e-02
 58 -0.02385 -1.58636e-01 | 59  0.00564 -1.61033e-01 | 60 -0.02112  1.18982e-02
 61 -0.02448  1.53889e-01 | 62 -0.00909 -7.47636e-02 | 63 -0.02701  9.59715e-02
 64  0.03258 -3.83579e-04 | 65  0.00924 -7.59918e-03 | 66  0.00705  5.49174e-03
 67 -0.00338 -1.44259e-02 | 68  0.00639 -1.75390e-02 | 69  0.00014 -1.45859e-02
 70 -0.02061  2.21665e-01 | 71  0.02265 -5.47002e-03 | 72 -0.04189 -3.48244e-01
 73  0.03214  5.75573e-03 | 74  0.01346 -3.99039e-03 | 75  0.02430 -2.46013e-02
 76  0.00605  5.73525e-02 | 77 -0.01567 -1.59394e-01 | 78  0.00184 -5.14909e-03
 79  0.01379 -4.34550e-03 | 80  0.00437 -2.88919e-02 | 81  0.01176 -1.12040e-02
 82 -0.02633  1.88047e-02 | 83  0.00085 -7.53499e-02 | 84 -0.03109  3.28509e-01
 85 -0.04058 -2.17925e-01 | 86 -0.00211 -4.89532e-02 | 87 -0.00261 -1.38526e-03
 88  0.00439  5.34008e-02 | 89  0.03065 -9.86177e-03 | 90  0.00065 -8.27752e-03
 91  0.00654 -3.67064e-02 | 92 -0.02159  3.92637e-01 | 93  0.02190 -1.23059e-02
 94  0.00339  4.10081e-02 | 95 -0.01141  1.11278e-01 | 96  0.00032  5.10635e-02
 97  0.01547  1.50228e-03 | 98  0.00444  2.83484e-01 | 99  0.03520  1.69743e-02
100 -0.01787  7.83198e-02 |101  0.00489  9.34181e-02 |102  0.02779 -1.38410e-01
103 -0.00864 -9.30710e-03 |104 -0.00236  4.30592e-03 |105 -0.00008  2.65599e-02
106 -0.00008  2.63827e-02 |107  0.88060 -1.16967e-01 |108 -0.40693  6.60037e-01
109  0.23508  3.28180e-02 |110 -0.24848  8.61751e-03 |
110 variables; iteration 120; function evaluation 162; phase 5
Function value 2.2501015e+03; maximum gradient component mag -5.3556e-04
Var    Value     Gradient |Var    Value     Gradient |Var    Value     Gradient
  1 -0.41998 -4.33420e-05 |  2 -0.42457 -4.72397e-05 |  3 -0.40583 -8.62706e-05
  4 -0.47018 -3.96448e-06 |  5 -0.38304 -1.40832e-05 |  6  0.63467  1.47684e-04
  7  0.01769  1.13985e-06 |  8 -0.00044 -1.75225e-07 |  9 -0.00543 -2.69165e-06
 10 -0.00801  3.03859e-06 | 11 -0.01240  5.20274e-08 | 12 -0.00015 -4.33179e-06
 13  0.01095 -3.71505e-06 | 14 -0.01431 -4.93734e-06 | 15 -0.00437  1.49244e-05
 16 -0.01546 -2.10987e-05 | 17  0.01309 -4.50350e-07 | 18 -0.02533 -1.80455e-06
 19  0.01963  5.09434e-06 | 20  0.02660  2.63490e-06 | 21 -0.02953 -3.02938e-06
 22  0.00429 -7.21507e-06 | 23  0.02430  3.07136e-05 | 24  0.03488  6.31563e-07
 25 -0.03970 -1.80657e-06 | 26  0.02035  3.14676e-05 | 27 -0.00256  8.58049e-06
 28 -0.02135 -7.40179e-05 | 29 -0.00364 -5.05656e-05 | 30  0.00479 -6.88917e-05
 31 -0.00610  5.67987e-05 | 32  0.04977  5.96529e-06 | 33 -0.02282 -9.36374e-07
 34 -0.00807  5.50739e-06 | 35  0.00611  2.45834e-05 | 36 -0.01483  1.70175e-07
 37  0.04907  4.95257e-06 | 38  0.01334  7.24915e-05 | 39 -0.02003 -1.30318e-05
 40 -0.00822 -3.66585e-05 | 41  0.00982  9.45428e-06 | 42 -0.00135 -1.44356e-05
 43  0.00787  3.40083e-05 | 44 -0.01254  2.03577e-05 | 45 -0.01470  3.19177e-05
 46  0.02016  1.08562e-05 | 47 -0.01840 -2.21651e-06 | 48  0.03947  5.10937e-06
 49  0.01175 -1.93534e-05 | 50 -0.03006  2.82782e-06 | 51 -0.00792  4.22792e-05
 52  0.00091 -3.27940e-05 | 53 -0.05049 -2.65133e-06 | 54  0.01687 -1.09399e-05
 55 -0.01415 -2.99307e-05 | 56 -0.00279 -1.92574e-05 | 57  0.00886  2.12586e-05
 58 -0.02384 -3.57831e-05 | 59  0.00565  1.98858e-05 | 60 -0.02112 -8.74151e-06
 61 -0.02449  3.44054e-05 | 62 -0.00908  1.71082e-05 | 63 -0.02701 -7.74444e-06
 64  0.03258  1.24989e-05 | 65  0.00924  2.52923e-06 | 66  0.00705  2.60731e-06
 67 -0.00337  1.28031e-06 | 68  0.00639  3.59426e-06 | 69  0.00014  6.30604e-06
 70 -0.02063 -1.84953e-05 | 71  0.02265  5.44291e-06 | 72 -0.04186  4.35170e-05
 73  0.03214  3.14542e-06 | 74  0.01346  3.91135e-06 | 75  0.02430  6.29402e-06
 76  0.00605  5.20411e-06 | 77 -0.01567  9.31583e-06 | 78  0.00184 -1.38393e-06
 79  0.01379  1.14721e-05 | 80  0.00437  1.91538e-06 | 81  0.01176  3.31485e-06
 82 -0.02633 -3.15009e-06 | 83  0.00085  6.57503e-06 | 84 -0.03110 -3.47921e-05
 85 -0.04057  2.11058e-05 | 86 -0.00211 -1.44818e-06 | 87 -0.00261 -3.76198e-06
 88  0.00439  1.01393e-06 | 89  0.03065  2.45601e-06 | 90  0.00065  1.84196e-06
 91  0.00654  5.99558e-06 | 92 -0.02161 -4.10758e-05 | 93  0.02190  3.92848e-06
 94  0.00339 -3.53521e-06 | 95 -0.01142 -1.11724e-05 | 96  0.00032 -6.23829e-06
 97  0.01547 -7.64367e-06 | 98  0.00443 -2.44992e-05 | 99  0.03520 -1.30646e-05
100 -0.01788  1.47555e-05 |101  0.00488 -2.35365e-05 |102  0.02780 -1.53038e-06
103 -0.00864 -3.24485e-06 |104 -0.00235 -6.32172e-06 |105 -0.00010  1.43164e-05
106 -0.00010 -2.74668e-05 |107  0.88075  4.27203e-05 |108 -0.40692 -5.35560e-04
109  0.23506  1.53483e-05 |110 -0.24848 -1.42352e-05 |

 - final statistics:
110 variables; iteration 121; function evaluation 163
Function value 2.2501e+03; maximum gradient component mag 5.0338e-05
Exit code = 1;  converg criter 1.0000e-04
Var    Value     Gradient |Var    Value     Gradient |Var    Value     Gradient
  1 -0.41998  5.31106e-06 |  2 -0.42457  2.47564e-05 |  3 -0.40583  1.50784e-05
  4 -0.47018 -7.11838e-07 |  5 -0.38304  1.15158e-06 |  6  0.63467 -9.77839e-06
  7  0.01769  6.99761e-07 |  8 -0.00044 -4.05159e-07 |  9 -0.00543 -7.22577e-08
 10 -0.00801 -1.48130e-08 | 11 -0.01240 -1.24175e-07 | 12 -0.00015  1.09758e-06
 13  0.01095  5.22757e-07 | 14 -0.01431  1.11222e-06 | 15 -0.00437  1.95007e-06
 16 -0.01546 -1.66499e-07 | 17  0.01309 -8.79438e-08 | 18 -0.02533  2.31802e-07
 19  0.01963 -8.48895e-07 | 20  0.02660 -2.60576e-07 | 21 -0.02953  7.59291e-07
 22  0.00429  2.15068e-06 | 23  0.02430  7.83203e-07 | 24  0.03488 -2.56119e-06
 25 -0.03970 -6.01992e-07 | 26  0.02035  1.41915e-06 | 27 -0.00256  1.45313e-06
 28 -0.02135 -1.06486e-06 | 29 -0.00364 -3.29178e-06 | 30  0.00479 -2.53985e-06
 31 -0.00610  1.76630e-06 | 32  0.04977  2.25002e-07 | 33 -0.02282 -8.60779e-07
 34 -0.00807 -8.40232e-08 | 35  0.00611  2.83609e-06 | 36 -0.01483  1.38500e-06
 37  0.04907  4.30573e-09 | 38  0.01334  7.26488e-07 | 39 -0.02003  1.36216e-07
 40 -0.00822 -1.36940e-06 | 41  0.00982  1.13678e-06 | 42 -0.00135  5.94011e-08
 43  0.00787  1.75390e-07 | 44 -0.01254  1.02285e-06 | 45 -0.01470  2.41879e-06
 46  0.02016 -9.17432e-07 | 47 -0.01840 -4.53683e-07 | 48  0.03947 -1.91585e-07
 49  0.01175 -1.49041e-06 | 50 -0.03006 -5.65220e-07 | 51 -0.00792  5.20532e-07
 52  0.00091 -1.71014e-06 | 53 -0.05049  6.24255e-07 | 54  0.01687 -5.83473e-07
 55 -0.01415 -1.62085e-06 | 56 -0.00279 -5.61565e-07 | 57  0.00886 -1.03436e-06
 58 -0.02384 -2.36201e-06 | 59  0.00565  1.49587e-06 | 60 -0.02112 -3.59445e-07
 61 -0.02449  3.56915e-06 | 62 -0.00908 -1.53540e-06 | 63 -0.02701  8.92783e-07
 64  0.03258 -1.43816e-06 | 65  0.00924  8.70455e-07 | 66  0.00705 -7.52050e-08
 67 -0.00337  1.06944e-06 | 68  0.00639  7.01843e-07 | 69  0.00014 -1.84210e-07
 70 -0.02063 -9.37034e-07 | 71  0.02265 -7.37327e-07 | 72 -0.04186  1.03692e-06
 73  0.03214 -5.00554e-07 | 74  0.01346 -8.61248e-07 | 75  0.02430 -1.71241e-07
 76  0.00605 -2.91801e-06 | 77 -0.01567  9.55902e-07 | 78  0.00184  8.08418e-07
 79  0.01379 -1.94181e-06 | 80  0.00437  3.87165e-07 | 81  0.01176 -3.86583e-07
 82 -0.02633 -2.29904e-07 | 83  0.00085  5.36651e-07 | 84 -0.03110 -6.56348e-07
 85 -0.04057  7.84998e-07 | 86 -0.00211  1.06762e-06 | 87 -0.00261  7.16076e-07
 88  0.00439 -1.48491e-06 | 89  0.03065 -1.46044e-07 | 90  0.00065 -4.09564e-07
 91  0.00654 -7.88581e-07 | 92 -0.02161 -7.28443e-07 | 93  0.02190 -7.00223e-07
 94  0.00339 -4.95123e-07 | 95 -0.01142 -2.91013e-07 | 96  0.00032 -2.65133e-07
 97  0.01547  1.18147e-06 | 98  0.00443 -1.37686e-06 | 99  0.03520  5.94587e-07
100 -0.01788  1.84039e-06 |101  0.00488 -1.66039e-07 |102  0.02780 -1.07587e-06
103 -0.00864  6.05003e-07 |104 -0.00235  7.70496e-07 |105 -0.00010  1.39394e-06
106 -0.00010 -7.92952e-07 |107  0.88075 -7.97292e-07 |108 -0.40692  5.03381e-05
109  0.23506 -4.51507e-06 |110 -0.24848  1.90482e-06 |
Warning: the following parameters had issues
  selparm[1] is within 1% of upper bound: 5.00000e+00 < 1.01152e+02 < 1.02000e+02


 - final statistics:
122 variables; iteration 0; function evaluation 0
Function value 2.2501e+03; maximum gradient component mag 5.0338e-05
Exit code = 0;  converg criter 1.0000e-04
Var    Value     Gradient |Var    Value     Gradient |Var    Value     Gradient
  1 -0.41998  5.31109e-06 |  2 -0.42457  2.47568e-05 |  3 -0.40583  1.50786e-05
  4 -0.47018 -7.11830e-07 |  5 -0.38304  1.15160e-06 |  6  0.63467 -9.77826e-06
  7  0.01769  6.99761e-07 |  8 -0.00044 -4.05159e-07 |  9 -0.00543 -7.22576e-08
 10 -0.00801 -1.48128e-08 | 11 -0.01240 -1.24175e-07 | 12 -0.00015  1.10903e-06
 13  0.01095  5.34201e-07 | 14 -0.01431  1.12366e-06 | 15 -0.00437  1.96152e-06
 16 -0.01546 -1.55057e-07 | 17  0.01309 -7.65004e-08 | 18 -0.02533  2.43239e-07
 19  0.01963 -8.37455e-07 | 20  0.02660 -2.49140e-07 | 21 -0.02953  7.70725e-07
 22  0.00429  2.16213e-06 | 23  0.02430  7.94642e-07 | 24  0.03488 -2.54976e-06
 25 -0.03970 -5.90568e-07 | 26  0.02035  1.43059e-06 | 27 -0.00256  1.46458e-06
 28 -0.02135 -1.05342e-06 | 29 -0.00364 -3.28033e-06 | 30  0.00479 -2.52840e-06
 31 -0.00610  1.77775e-06 | 32  0.04977  2.36416e-07 | 33 -0.02282 -8.49340e-07
 34 -0.00807 -7.25770e-08 | 35  0.00611  2.84754e-06 | 36 -0.01483  1.39645e-06
 37  0.04907  1.57250e-08 | 38  0.01334  7.37934e-07 | 39 -0.02003  1.47657e-07
 40 -0.00822 -1.35795e-06 | 41  0.00982  1.14823e-06 | 42 -0.00135  7.08495e-08
 43  0.00787  1.86838e-07 | 44 -0.01254  1.03429e-06 | 45 -0.01470  2.43023e-06
 46  0.02016 -9.05988e-07 | 47 -0.01840 -4.42239e-07 | 48  0.03947 -1.80151e-07
 49  0.01175 -1.47897e-06 | 50 -0.03006 -5.53784e-07 | 51 -0.00792  5.31981e-07
 52  0.00091 -1.69869e-06 | 53 -0.05049  6.35667e-07 | 54  0.01687 -5.72024e-07
 55 -0.01415 -1.60940e-06 | 56 -0.00279 -5.50113e-07 | 57  0.00886 -1.02291e-06
 58 -0.02384 -2.35057e-06 | 59  0.00565  1.50732e-06 | 60 -0.02112 -3.48001e-07
 61 -0.02449  3.58060e-06 | 62 -0.00908 -1.52395e-06 | 63 -0.02701  9.04223e-07
 64  0.03258 -1.42671e-06 | 65  0.00924  8.81909e-07 | 66  0.00705 -6.37523e-08
 67 -0.00337  1.08090e-06 | 68  0.00639  7.13295e-07 | 69  0.00014 -1.72758e-07
 70 -0.02063 -9.25590e-07 | 71  0.02265 -7.25874e-07 | 72 -0.04186  1.04835e-06
 73  0.03214 -4.89108e-07 | 74  0.01346 -8.49797e-07 | 75  0.02430 -1.59794e-07
 76  0.00605 -2.90655e-06 | 77 -0.01567  9.67350e-07 | 78  0.00184  8.19870e-07
 79  0.01379 -1.93036e-06 | 80  0.00437  3.98617e-07 | 81  0.01176 -3.75128e-07
 82 -0.02633 -2.18464e-07 | 83  0.00085  5.48106e-07 | 84 -0.03110 -6.44913e-07
 85 -0.04057  7.96423e-07 | 86 -0.00211  1.07907e-06 | 87 -0.00261  7.27526e-07
 88  0.00439 -1.47346e-06 | 89  0.03065 -1.34607e-07 | 90  0.00065 -3.98117e-07
 91  0.00654 -7.77135e-07 | 92 -0.02161 -7.17003e-07 | 93  0.02190 -6.88782e-07
 94  0.00339 -4.83677e-07 | 95 -0.01142 -2.79569e-07 | 96  0.00032 -2.53688e-07
 97  0.01547  1.19291e-06 | 98  0.00443 -1.36542e-06 | 99  0.03520  6.06018e-07
100 -0.01788  1.85183e-06 |101  0.00488 -1.54594e-07 |102  0.02780 -1.06443e-06
103 -0.00864  6.16448e-07 |104 -0.00235  7.81941e-07 |105 -0.00010  1.40539e-06
106 -0.00010 -7.81506e-07 |107  0.00000  0.00000e+00 |108  0.00000  0.00000e+00
109  0.00000  0.00000e+00 |110  0.00000  0.00000e+00 |111  0.00000  0.00000e+00
112  0.00000  0.00000e+00 |113  0.00000  0.00000e+00 |114  0.00000  0.00000e+00
115  0.00000  0.00000e+00 |116  0.00000  0.00000e+00 |117  0.00000  0.00000e+00
118  0.00000  0.00000e+00 |119  0.88075 -7.97293e-07 |120 -0.40692  5.03381e-05
121  0.23506 -4.51508e-06 |122 -0.24848  1.90485e-06 |
size of file gradfil1.tmp = 0
size of file gradfil2.tmp = 0
size of file varssave.tmp = 0
size of file cmpdiff.tmp = 0
