
Initial statistics: 1 variables; iteration 0; function evaluation 0; phase 1
Function value 2.6693599e+03; maximum gradient component mag -5.3922e+03
Var    Value     Gradient |Var    Value     Gradient |Var    Value     Gradient
  1  0.63197 -5.39222e+03 |

 - final statistics:
1 variables; iteration 4; function evaluation 7
Function value 2.6448e+03; maximum gradient component mag -1.2831e+00
Exit code = 1;  converg criter 1.0000e+01
Var    Value     Gradient |Var    Value     Gradient |Var    Value     Gradient
  1  0.64177 -1.28314e+00 |

Initial statistics: 98 variables; iteration 0; function evaluation 0; phase 2
Function value 2.6448459e+03; maximum gradient component mag -1.9404e+03
Var    Value     Gradient |Var    Value     Gradient |Var    Value     Gradient
  1  0.64177 -1.28314e+00 |  2  0.00000 -4.56770e+01 |  3  0.00000  1.89815e+01
  4  0.00000 -3.63058e+01 |  5  0.00000  5.85003e+01 |  6  0.00000 -5.41275e+01
  7  0.00000 -6.59503e+00 |  8  0.00000  7.96560e+01 |  9  0.00000  1.43601e+01
 10  0.00000  9.37461e+01 | 11  0.00000 -7.90615e+00 | 12  0.00000  1.34774e+02
 13  0.00000  1.99822e+01 | 14  0.00000 -2.73741e+02 | 15  0.00000 -3.50114e+02
 16  0.00000  1.95614e+02 | 17  0.00000  1.25067e+02 | 18  0.00000  1.22099e+02
 19  0.00000  1.10828e+02 | 20  0.00000  1.47176e+02 | 21  0.00000  4.22812e+02
 22  0.00000  3.60785e+02 | 23  0.00000 -3.94095e+01 | 24  0.00000 -8.01706e+02
 25  0.00000 -2.16083e+02 | 26  0.00000  4.77193e+02 | 27  0.00000  3.74167e+02
 28  0.00000 -2.75470e+02 | 29  0.00000 -6.51576e+01 | 30  0.00000  4.87788e+02
 31  0.00000  3.38049e+02 | 32  0.00000 -4.31145e+01 | 33  0.00000  2.72933e+02
 34  0.00000 -6.05867e+02 | 35  0.00000  5.72843e+02 | 36  0.00000  3.44605e+02
 37  0.00000  6.67652e+01 | 38  0.00000 -2.32552e+02 | 39  0.00000 -1.44227e+01
 40  0.00000 -2.01892e+01 | 41  0.00000  5.61023e+01 | 42  0.00000  3.34879e+01
 43  0.00000 -5.17837e+00 | 44  0.00000 -1.65955e+02 | 45  0.00000 -5.22149e+02
 46  0.00000  5.62653e+02 | 47  0.00000  1.64772e+02 | 48  0.00000 -1.49758e+02
 49  0.00000 -6.01764e+01 | 50  0.00000  5.16397e+02 | 51  0.00000  4.27462e+02
 52  0.00000  3.57966e+02 | 53  0.00000 -4.91217e+02 | 54  0.00000  1.10778e+02
 55  0.00000  9.33078e+01 | 56  0.00000 -1.87476e+02 | 57  0.00000  5.94606e+02
 58  0.00000  6.73894e+02 | 59  0.00000  3.60613e+01 | 60  0.00000 -6.49181e+02
 61  0.00000  8.87857e+02 | 62  0.00000 -1.06346e+03 | 63  0.00000  1.04645e+03
 64  0.00000  5.15560e+02 | 65  0.00000 -4.18349e+01 | 66  0.00000 -5.89888e+02
 67  0.00000 -4.81910e+02 | 68  0.00000  1.57471e+02 | 69  0.00000 -1.94040e+03
 70  0.00000 -5.71652e+01 | 71  0.00000 -1.57060e+02 | 72  0.00000 -2.90005e+02
 73  0.00000  5.34904e+02 | 74  0.00000  9.93452e+02 | 75  0.00000  1.33711e+01
 76  0.00000 -9.98225e+02 | 77  0.00000 -1.90342e+03 | 78  0.00000 -7.65621e+02
 79  0.00000  3.04598e+02 | 80  0.00000  6.71466e+02 | 81  0.00000 -3.00930e+02
 82  0.00000  2.38614e+02 | 83  0.00000 -5.80708e+02 | 84  0.00000  6.27470e+02
 85  0.00000 -4.58660e+02 | 86  0.00000 -1.28395e+02 | 87  0.00000  3.14543e+02
 88  0.00000  1.17154e+01 | 89  0.00000  3.96027e+01 | 90  0.00000  3.79510e+01
 91  0.00000  2.12397e+02 | 92  0.00000  1.23738e+02 | 93  0.00000 -1.28211e+02
 94  0.00000  5.14352e+00 | 95  0.00000  1.45092e+00 | 96  0.00000  1.45083e+00
 97  0.81654 -8.42244e+01 | 98  0.22185  1.54710e+02 |

Intermediate statistics: 98 variables; iteration 20; function evaluation 30; phase 2
Function value 2.3051783e+03; maximum gradient component mag -7.8150e+02
Var    Value     Gradient |Var    Value     Gradient |Var    Value     Gradient
  1  0.63567  7.74352e+02 |  2  0.06586  6.63080e+01 |  3 -0.03715 -8.06617e+01
  4 -0.01830 -1.01976e+02 |  5 -0.02416 -2.43704e+01 |  6 -0.00209 -8.64775e+01
  7  0.00010 -3.26611e+01 |  8  0.00599  7.41107e+01 |  9 -0.00229 -1.94769e+01
 10 -0.03998 -7.37858e+01 | 11  0.01313  3.81973e+01 | 12 -0.02258 -1.63761e+00
 13  0.00927  6.35951e+01 | 14  0.02550 -6.26899e+01 | 15  0.01467 -2.29254e+02
 16 -0.03590 -1.28389e+02 | 17 -0.00371  4.33848e+01 | 18 -0.00397  3.01415e+01
 19 -0.00405  1.58330e+01 | 20 -0.00476  4.01539e+01 | 21 -0.01527  1.70155e+02
 22 -0.01433  1.31189e+02 | 23 -0.00047 -5.94921e+01 | 24  0.02455 -4.26868e+02
 25  0.00724 -1.27699e+02 | 26 -0.01838  2.01508e+02 | 27 -0.01277  1.56823e+02
 28  0.00688 -1.99272e+02 | 29  0.00281 -5.90747e+01 | 30 -0.01878  2.04550e+02
 31 -0.01208  1.31228e+02 | 32  0.00249 -3.91042e+01 | 33 -0.01123  8.99570e+01
 34  0.01997 -3.02409e+02 | 35 -0.02286  2.34514e+02 | 36 -0.01127  1.29437e+02
 37 -0.00075  8.38967e-01 | 38  0.00835 -1.59665e+02 | 39  0.00209 -4.44743e+01
 40  0.00370 -3.50382e+01 | 41  0.00122 -5.63999e-01 | 42  0.00249 -8.87543e+00
 43  0.00377 -2.67066e+01 | 44  0.00889 -1.01218e+02 | 45  0.01997 -2.62138e+02
 46 -0.01952  2.16028e+02 | 47 -0.00122  5.11852e+01 | 48  0.00444 -1.62302e+02
 49  0.00193 -1.19868e+02 | 50 -0.00982  2.35185e+02 | 51 -0.00200  2.86153e+02
 52 -0.00250  2.17260e+02 | 53  0.01339 -1.73428e+02 | 54  0.00011  4.71612e+01
 55 -0.00220 -3.72395e+01 | 56  0.00571 -1.04097e+02 | 57 -0.01117  2.20385e+02
 58 -0.01370  2.32003e+02 | 59  0.00256  6.96894e+01 | 60  0.01171 -3.14145e+02
 61 -0.02304  3.62604e+02 | 62  0.01948 -4.65464e+02 | 63 -0.01929  5.45704e+02
 64 -0.00825  2.64069e+02 | 65 -0.00144 -9.09501e+01 | 66  0.01109 -2.57496e+02
 67  0.01147 -1.34815e+02 | 68 -0.00545  1.11478e+02 | 69  0.03487 -7.81501e+02
 70  0.00038  4.26764e+01 | 71  0.00783  1.00374e+02 | 72  0.00966  1.40782e+01
 73 -0.00639  3.67824e+02 | 74 -0.01886  5.29761e+02 | 75  0.00174  8.87829e+01
 76  0.01671 -4.27149e+02 | 77  0.03337 -7.70578e+02 | 78  0.01334 -3.30276e+02
 79 -0.00485  1.94760e+02 | 80 -0.00977  4.00710e+02 | 81  0.00838 -1.04849e+02
 82 -0.00195  1.80260e+02 | 83  0.01747 -1.23917e+02 | 84 -0.01221  3.09199e+02
 85  0.00702 -3.50626e+02 | 86  0.00348 -1.18110e+02 | 87  0.00015  2.31413e+02
 88  0.00258 -3.14904e+01 | 89  0.00279 -1.11037e+01 | 90  0.00510  6.27799e+00
 91 -0.00631  4.95533e+01 | 92  0.01166  1.58876e+02 | 93  0.04248  3.19305e+01
 94 -0.03696 -8.22715e+01 | 95 -0.00131 -2.92165e+01 | 96 -0.00131 -2.92149e+01
 97  0.83026  1.01895e+00 | 98  0.22434  1.11631e+02 |
98 variables; iteration 40; function evaluation 57; phase 2
Function value 2.2258482e+03; maximum gradient component mag 1.7558e+03
Var    Value     Gradient |Var    Value     Gradient |Var    Value     Gradient
  1  0.63250  1.75578e+03 |  2  0.02050 -6.19641e+01 |  3 -0.00806 -5.23401e+01
  4  0.04912  3.22175e+01 |  5 -0.01717 -3.73270e+01 |  6  0.01203 -7.74384e+01
  7 -0.00228 -6.94652e+01 |  8 -0.04117 -9.18470e+01 |  9 -0.00643 -6.57108e+01
 10 -0.00077  3.36011e+01 | 11 -0.01049 -1.12336e+02 | 12 -0.05273 -1.46999e+02
 13 -0.01299 -1.12302e+02 | 14  0.03701  3.88135e+01 | 15  0.02916 -8.08550e+01
 16  0.00282  1.71545e+02 | 17 -0.01280 -7.91629e+01 | 18  0.00271  7.80509e+01
 19  0.00027  2.75047e+01 | 20 -0.00093  4.05003e+01 | 21 -0.02237  3.25581e+01
 22 -0.01475  8.23380e+01 | 23  0.00816  3.53810e+01 | 24  0.04303 -5.17326e+01
 25  0.01209 -8.28699e+01 | 26 -0.03616 -1.72274e+01 | 27 -0.03089 -8.60077e+01
 28  0.01971 -3.88556e+00 | 29  0.00685 -3.18067e+01 | 30 -0.03593 -2.03442e+00
 31 -0.02668 -7.19328e+01 | 32  0.00079 -9.98330e+01 | 33 -0.01799 -1.62853e+01
 34  0.02940 -1.22035e+02 | 35 -0.03272  1.07674e+02 | 36 -0.02521 -6.75480e+01
 37 -0.00332 -6.42887e+01 | 38  0.01912  9.92563e+00 | 39  0.00207 -6.92278e+01
 40  0.00196 -9.32748e+01 | 41 -0.00365 -1.02261e+02 | 42 -0.00116 -9.59375e+01
 43  0.00311 -7.14789e+01 | 44  0.01060 -1.04142e+02 | 45  0.02603 -1.72924e+02
 46 -0.02579  1.15269e+02 | 47 -0.00593 -5.25272e+01 | 48  0.01434  1.17793e+01
 49  0.01302  8.40152e+01 | 50 -0.00772  2.36794e+02 | 51 -0.01553 -8.51498e+00
 52 -0.00839  4.28435e+01 | 53  0.01568 -1.42805e+02 | 54 -0.00150 -1.15845e+01
 55  0.00181  7.76492e+01 | 56  0.01617  2.47041e+02 | 57 -0.01512  1.19660e+02
 58 -0.01897  8.44256e+01 | 59  0.00328  9.13760e+01 | 60  0.02264  1.07381e+02
 61 -0.03079  2.32357e+02 | 62  0.03238  7.73932e+01 | 63 -0.03853  1.68144e+02
 64 -0.01233  1.46090e+02 | 65  0.00608  1.27346e+02 | 66  0.02701  3.35361e+02
 67  0.01553  3.32473e+01 | 68 -0.00493  1.44671e+02 | 69  0.04502 -2.56818e+02
 70 -0.00146  1.72944e+01 | 71  0.00516  3.05832e+01 | 72  0.00762 -6.83598e+01
 73 -0.01620  1.10100e+02 | 74 -0.03551  1.89283e+02 | 75  0.00211  9.15768e+01
 76  0.02847  2.50655e+01 | 77  0.04948  3.87647e+01 | 78  0.02036 -9.13175e+01
 79 -0.00961  7.02868e+01 | 80 -0.02221  1.07105e+02 | 81  0.00972 -1.05011e+02
 82 -0.00916 -1.71305e+01 | 83  0.01730 -1.56461e+02 | 84 -0.02922 -1.12531e+01
 85  0.02032  6.15889e+01 | 86  0.00527 -6.61361e+01 | 87 -0.02085 -1.62269e+02
 88  0.00262 -3.47313e+01 | 89 -0.00166 -7.35516e+01 | 90 -0.00433 -1.27223e+02
 91 -0.02039 -7.51237e+01 | 92 -0.00328  3.93872e+01 | 93  0.01338 -1.12200e+02
 94  0.03552  8.15864e+00 | 95  0.00344 -4.84472e+01 | 96  0.00344 -4.84504e+01
 97  0.83732  1.09940e+02 | 98  0.21714  2.91685e+01 |
98 variables; iteration 60; function evaluation 82; phase 2
Function value 2.1961574e+03; maximum gradient component mag 7.3377e+02
Var    Value     Gradient |Var    Value     Gradient |Var    Value     Gradient
  1  0.62789  7.33774e+02 |  2  0.02074 -3.23126e+01 |  3 -0.00200 -1.05091e+01
  4  0.00685 -4.71816e+01 |  5 -0.03343 -4.16684e+01 |  6  0.03092  7.72250e+00
  7  0.00385 -2.35287e+01 |  8 -0.01964 -7.29768e+00 |  9 -0.00103 -1.93590e+01
 10 -0.02561 -3.07811e+01 | 11  0.01696  4.81458e+01 | 12 -0.02887 -3.34199e+01
 13 -0.01211 -8.51242e+01 | 14  0.03947  7.37216e+01 | 15  0.03328 -2.64102e+01
 16 -0.01978 -2.36007e+01 | 17 -0.00323  2.61823e+01 | 18 -0.00396 -3.98913e+00
 19 -0.00039  1.85838e+01 | 20 -0.00767 -5.10052e+01 | 21 -0.02865 -2.42238e+01
 22 -0.02094  1.96551e+01 | 23  0.00668  1.75897e+01 | 24  0.04711  3.00685e+01
 25  0.01701 -2.41051e+00 | 26 -0.03814 -1.91169e+01 | 27 -0.02184  1.73718e+01
 28  0.02189  2.53656e+01 | 29  0.01022  1.47916e+01 | 30 -0.03912 -1.60682e+01
 31 -0.02203 -1.61713e+01 | 32  0.00479 -4.27047e+01 | 33 -0.01795 -1.06402e+01
 34  0.03526 -1.91922e+01 | 35 -0.05016 -2.83340e+01 | 36 -0.01757  1.88848e+01
 37  0.00059 -1.82543e+01 | 38  0.01768 -4.42145e+01 | 39  0.00931  2.43108e+01
 40  0.00886 -3.80971e+00 | 41  0.00518  8.23535e+00 | 42  0.00731  1.04078e+01
 43  0.00860 -4.08482e+00 | 44  0.01878  1.58202e+01 | 45  0.03739  4.41641e+01
 46 -0.03574  2.35485e+01 | 47 -0.00490 -5.31060e+01 | 48  0.01571 -4.07336e-01
 49  0.01100 -4.86810e+00 | 50 -0.02218 -9.70405e+00 | 51 -0.01410 -1.20994e+01
 52 -0.01139 -4.06858e+01 | 53  0.02209  2.08464e+01 | 54  0.00131  2.64905e+01
 55  0.00045 -2.02455e+01 | 56  0.01138 -1.23105e+01 | 57 -0.01746  1.75527e+01
 58 -0.02070  8.17425e+00 | 59  0.00428  5.67647e+01 | 60  0.02390  5.67453e+01
 61 -0.04280  2.69132e+01 | 62  0.03392  2.41536e+01 | 63 -0.04522  5.20175e+01
 64 -0.01780 -1.92244e+01 | 65  0.00380 -1.74453e+01 | 66  0.02018 -2.06995e+01
 67  0.01760  8.42438e+00 | 68 -0.00879  2.72702e+01 | 69  0.05548  1.60403e+02
 70 -0.00028  1.24760e+01 | 71  0.00664  1.96557e+01 | 72  0.01167 -6.00928e+00
 73 -0.01901  1.99982e+01 | 74 -0.04439  4.26850e+01 | 75  0.00188  3.68672e+01
 76  0.03028  2.43335e+01 | 77  0.05144  4.05685e+01 | 78  0.02551  2.78399e+01
 79 -0.01175  5.01993e+00 | 80 -0.02536  3.83461e+01 | 81  0.01355 -2.60067e+01
 82 -0.00720  1.99163e+01 | 83  0.02334  1.17373e+01 | 84 -0.02800  7.58839e+00
 85  0.01838 -4.54235e+01 | 86  0.00616 -6.37056e+01 | 87 -0.01097  6.20923e+00
 88  0.00339 -1.92243e+01 | 89  0.00039 -3.07708e+01 | 90  0.00427  1.78023e+01
 91 -0.01658 -2.42146e+01 | 92 -0.01415 -1.93283e+01 | 93  0.03009 -6.16342e+00
 94 -0.01171 -3.69331e+01 | 95 -0.00586 -3.11640e+01 | 96 -0.00586 -3.11615e+01
 97  0.82136 -4.55344e+01 | 98  0.21833  1.59939e+01 |
Maximum number of function evaluations exceeded

 - final statistics:
98 variables; iteration 73; function evaluation 100
Function value 2.1931e+03; maximum gradient component mag 3.1540e+02
Exit code = 3;  converg criter 1.0000e+01
Var    Value     Gradient |Var    Value     Gradient |Var    Value     Gradient
  1  0.62625  3.15398e+02 |  2  0.02191 -1.86663e+01 |  3 -0.00765 -1.02140e+01
  4  0.01172 -2.50319e+01 |  5 -0.02952 -2.21075e+01 |  6  0.02389 -3.89166e+00
  7  0.00469 -1.03804e+01 |  8 -0.02499 -1.05462e+01 |  9 -0.00620 -2.67850e+01
 10 -0.02334 -1.24074e+01 | 11  0.01064  2.33908e+01 | 12 -0.02552 -8.77749e+00
 13 -0.00631 -4.13493e+01 | 14  0.03540  3.42132e+01 | 15  0.03374 -1.00652e+01
 16 -0.01896 -6.06000e+00 | 17 -0.00471  2.10160e+01 | 18 -0.00479 -2.75408e+00
 19 -0.00087  2.50693e+01 | 20 -0.00682 -2.57429e+01 | 21 -0.02593  1.75486e+01
 22 -0.02451 -8.38618e+00 | 23  0.00567  1.22021e+01 | 24  0.04601  8.54398e+00
 25  0.01679  2.87910e+00 | 26 -0.03717 -1.99452e-01 | 27 -0.02355  9.27685e+00
 28  0.02074  9.51157e+00 | 29  0.00833 -8.47934e+00 | 30 -0.03745  7.28594e+00
 31 -0.02053  8.81533e+00 | 32  0.00515 -2.97922e+01 | 33 -0.01819 -5.16519e+00
 34  0.03664  1.43160e+01 | 35 -0.05332 -4.20790e+01 | 36 -0.01847  1.45809e+01
 37  0.00110 -6.78293e+00 | 38  0.01852 -2.84160e+01 | 39  0.00749 -2.23770e+00
 40  0.00800 -1.66495e+01 | 41  0.00484  3.53002e+00 | 42  0.00701  4.32460e+00
 43  0.00764 -2.12740e+01 | 44  0.01872  6.58261e+00 | 45  0.03677  1.11652e+01
 46 -0.03750  1.01911e+01 | 47 -0.00248 -2.35401e+01 | 48  0.01682  1.03042e+01
 49  0.01329  2.93053e+01 | 50 -0.02115  3.44745e-01 | 51 -0.01358 -1.10217e+01
 52 -0.01034 -3.09878e+01 | 53  0.02274  1.49713e+01 | 54  0.00080 -3.58650e+00
 55  0.00237  1.60782e+01 | 56  0.01199 -1.18347e+01 | 57 -0.01775  4.19593e+00
 58 -0.01988  1.66303e+01 | 59  0.00358  1.88241e+01 | 60  0.02378  2.32101e+01
 61 -0.04325  1.95060e+01 | 62  0.03439  1.16003e+01 | 63 -0.04692  2.84622e+01
 64 -0.01669 -2.93511e+00 | 65  0.00409 -2.14303e+01 | 66  0.02092 -1.49289e+01
 67  0.01821  9.24013e+00 | 68 -0.00946  3.74937e+00 | 69  0.05449  6.04510e+01
 70  0.00024  1.35940e+01 | 71  0.00730  2.67075e+01 | 72  0.01228 -6.61432e-02
 73 -0.01889  1.85305e+01 | 74 -0.04602  2.23316e+01 | 75  0.00230  3.71306e+01
 76  0.03037  7.16333e+00 | 77  0.05145  9.73236e+00 | 78  0.02558  1.38737e+01
 79 -0.01155  5.48663e+00 | 80 -0.02599  2.78547e+01 | 81  0.01363 -3.07742e+01
 82 -0.00601  4.46631e+01 | 83  0.02302 -5.68479e+00 | 84 -0.02763  1.78836e+01
 85  0.01882 -3.22127e+01 | 86  0.00690 -4.25246e+01 | 87 -0.01103  1.02120e+01
 88  0.00226 -3.92133e+01 | 89  0.00051 -2.41947e+01 | 90  0.00350  1.28175e+01
 91 -0.01561 -5.70488e+00 | 92 -0.01402 -7.27768e+00 | 93  0.02799 -5.42718e+00
 94 -0.00627 -1.60176e+01 | 95 -0.00192 -1.28665e+01 | 96 -0.00192 -1.28634e+01
 97  0.83139  6.03222e+00 | 98  0.21818  1.97625e+01 |

Initial statistics: 100 variables; iteration 0; function evaluation 0; phase 3
Function value 2.1930964e+03; maximum gradient component mag 3.1540e+02
Var    Value     Gradient |Var    Value     Gradient |Var    Value     Gradient
  1  0.62625  3.15398e+02 |  2  0.02191 -1.88810e+01 |  3 -0.00766 -1.04289e+01
  4  0.01172 -2.52468e+01 |  5 -0.02953 -2.23222e+01 |  6  0.02388 -4.10642e+00
  7  0.00468 -1.05953e+01 |  8 -0.02499 -1.07610e+01 |  9 -0.00620 -2.69999e+01
 10 -0.02335 -1.26222e+01 | 11  0.01064  2.31759e+01 | 12 -0.02553 -8.99223e+00
 13 -0.00631 -4.15642e+01 | 14  0.03540  3.39986e+01 | 15  0.03374 -1.02798e+01
 16 -0.01896 -6.27481e+00 | 17 -0.00471  2.08011e+01 | 18 -0.00480 -2.96898e+00
 19 -0.00087  2.48544e+01 | 20 -0.00682 -2.59578e+01 | 21 -0.02594  1.73339e+01
 22 -0.02452 -8.60093e+00 | 23  0.00567  1.19872e+01 | 24  0.04600  8.32964e+00
 25  0.01679  2.66427e+00 | 26 -0.03718 -4.13994e-01 | 27 -0.02356  9.06209e+00
 28  0.02074  9.29678e+00 | 29  0.00832 -8.69423e+00 | 30 -0.03745  7.07140e+00
 31 -0.02053  8.60053e+00 | 32  0.00515 -3.00071e+01 | 33 -0.01820 -5.38001e+00
 34  0.03663  1.41014e+01 | 35 -0.05332 -4.22931e+01 | 36 -0.01848  1.43660e+01
 37  0.00110 -6.99784e+00 | 38  0.01852 -2.86309e+01 | 39  0.00749 -2.45259e+00
 40  0.00799 -1.68644e+01 | 41  0.00484  3.31511e+00 | 42  0.00701  4.10970e+00
 43  0.00763 -2.14889e+01 | 44  0.01871  6.36780e+00 | 45  0.03676  1.09507e+01
 46 -0.03751  9.97656e+00 | 47 -0.00248 -2.37550e+01 | 48  0.01682  1.00894e+01
 49  0.01329  2.90905e+01 | 50 -0.02115  1.29955e-01 | 51 -0.01359 -1.12366e+01
 52 -0.01034 -3.12027e+01 | 53  0.02274  1.47565e+01 | 54  0.00080 -3.80141e+00
 55  0.00237  1.58633e+01 | 56  0.01198 -1.20495e+01 | 57 -0.01775  3.98110e+00
 58 -0.01988  1.64154e+01 | 59  0.00358  1.86092e+01 | 60  0.02377  2.29953e+01
 61 -0.04325  1.92916e+01 | 62  0.03439  1.13857e+01 | 63 -0.04692  2.82479e+01
 64 -0.01669 -3.14995e+00 | 65  0.00408 -2.16452e+01 | 66  0.02091 -1.51437e+01
 67  0.01821  9.02531e+00 | 68 -0.00946  3.53448e+00 | 69  0.05449  6.02369e+01
 70  0.00023  1.33790e+01 | 71  0.00729  2.64926e+01 | 72  0.01227 -2.81012e-01
 73 -0.01889  1.83157e+01 | 74 -0.04603  2.21172e+01 | 75  0.00230  3.69157e+01
 76  0.03036  6.94867e+00 | 77  0.05145  9.51815e+00 | 78  0.02558  1.36590e+01
 79 -0.01155  5.27175e+00 | 80 -0.02600  2.76400e+01 | 81  0.01363 -3.09891e+01
 82 -0.00601  4.44482e+01 | 83  0.02302 -5.89956e+00 | 84 -0.02763  1.76689e+01
 85  0.01882 -3.24275e+01 | 86  0.00689 -4.27395e+01 | 87 -0.01104  9.99708e+00
 88  0.00225 -3.94282e+01 | 89  0.00051 -2.44096e+01 | 90  0.00349  1.26026e+01
 91 -0.01562 -5.91972e+00 | 92 -0.01403 -7.49253e+00 | 93  0.02798 -5.64188e+00
 94 -0.00627 -1.62325e+01 | 95 -0.00192 -1.30814e+01 | 96 -0.00192 -1.30783e+01
 97  0.83139  6.03222e+00 | 98 -0.41581  2.86230e+02 | 99  0.21818  1.97625e+01
100 -0.25275 -9.95274e+01 |

Intermediate statistics: 100 variables; iteration 20; function evaluation 28; phase 3
Function value 2.1914509e+03; maximum gradient component mag 3.5898e+02
Var    Value     Gradient |Var    Value     Gradient |Var    Value     Gradient
  1  0.62796  3.58976e+02 |  2  0.02704 -9.81949e+00 |  3 -0.00707 -1.02679e+01
  4  0.01864 -1.01161e+01 |  5 -0.02302 -9.88095e+00 |  6  0.02236 -9.61869e+00
  7  0.00519 -1.01104e+01 |  8 -0.02431 -1.01495e+01 |  9 -0.00143 -1.16633e+01
 10 -0.02223 -1.02851e+01 | 11  0.00663  9.45195e-01 | 12 -0.02534 -9.90272e+00
 13 -0.00346 -2.65981e+01 | 14  0.03498  2.60064e+01 | 15  0.03385 -1.15078e+01
 16 -0.01904 -8.00494e+00 | 17 -0.00527  1.50384e+01 | 18 -0.00494 -4.78801e+00
 19 -0.00133  1.84720e+01 | 20 -0.00657 -2.29429e+01 | 21 -0.02633  1.27206e+01
 22 -0.02458 -9.28564e+00 | 23  0.00536  7.75700e+00 | 24  0.04580  4.95768e+00
 25  0.01652 -4.69801e-01 | 26 -0.03751 -3.09741e+00 | 27 -0.02394  5.60627e+00
 28  0.02033  3.56080e+00 | 29  0.00827 -7.83953e+00 | 30 -0.03796  3.29946e+00
 31 -0.02089  6.16354e+00 | 32  0.00547 -2.23661e+01 | 33 -0.01834 -5.73739e+00
 34  0.03629  1.09688e+01 | 35 -0.05193 -3.19553e+01 | 36 -0.01900  1.07377e+01
 37  0.00091 -5.94609e+00 | 38  0.01888 -1.64576e+01 | 39  0.00723 -1.23521e+00
 40  0.00791 -1.25965e+01 | 41  0.00441  3.27893e+00 | 42  0.00654  4.61943e+00
 43  0.00753 -1.52201e+01 | 44  0.01824  8.47771e+00 | 45  0.03629  1.58529e+01
 46 -0.03838  7.28290e+00 | 47 -0.00263 -1.54448e+01 | 48  0.01627  1.42088e+01
 49  0.01232  2.50656e+01 | 50 -0.02174  2.06662e+00 | 51 -0.01389 -3.35767e+00
 52 -0.01013 -1.26171e+01 | 53  0.02222  2.32653e+01 | 54  0.00051  4.25825e+00
 55  0.00176  1.59304e+01 | 56  0.01183  2.00384e+00 | 57 -0.01829  4.45690e+00
 58 -0.02059  1.21433e+01 | 59  0.00302  1.76100e+01 | 60  0.02331  2.54284e+01
 61 -0.04406  1.42486e+01 | 62  0.03401  1.76513e+01 | 63 -0.04788  2.09876e+01
 64 -0.01705 -9.63111e-01 | 65  0.00397 -1.13122e+01 | 66  0.02081 -1.74967e+00
 67  0.01779  1.03462e+01 | 68 -0.00985  3.34889e+00 | 69  0.05406  6.05748e+01
 70 -0.00027  1.01445e+01 | 71  0.00657  1.77468e+01 | 72  0.01188  1.72088e-01
 73 -0.01988  6.80898e+00 | 74 -0.04694  1.39593e+01 | 75  0.00130  2.16863e+01
 76  0.02986  2.81306e+00 | 77  0.05053 -1.67132e+01 | 78  0.02497  5.89420e+00
 79 -0.01222 -7.30188e-01 | 80 -0.02717  1.41573e+01 | 81  0.01348 -2.26539e+01
 82 -0.00741  2.28817e+01 | 83  0.02251 -8.26342e+00 | 84 -0.02870  7.30028e+00
 85  0.01848 -2.61245e+01 | 86  0.00683 -3.02707e+01 | 87 -0.01221  1.69033e-01
 88  0.00220 -2.69672e+01 | 89 -0.00007 -2.19742e+01 | 90  0.00218  2.44992e+00
 91 -0.01661 -1.05628e+01 | 92 -0.01426 -8.82950e+00 | 93  0.02729 -1.13427e+01
 94 -0.00171 -1.01175e+01 | 95  0.00090 -1.00669e+01 | 96  0.00090 -1.00672e+01
 97  0.79260 -2.77552e+01 | 98 -0.42206  1.79443e+02 | 99  0.22217  5.21895e+01
100 -0.25177 -1.66845e+02 |
100 variables; iteration 40; function evaluation 55; phase 3
Function value 2.1907052e+03; maximum gradient component mag -1.8702e+01
Var    Value     Gradient |Var    Value     Gradient |Var    Value     Gradient
  1  0.62665 -1.50617e+01 |  2  0.02836  3.45283e+00 |  3 -0.00869 -2.70485e+00
  4  0.01622 -5.11568e+00 |  5 -0.02146  4.20617e+00 |  6  0.02414  6.31953e+00
  7  0.00536  9.60879e-01 |  8 -0.02487 -9.63059e-01 |  9 -0.00028  2.89444e+00
 10 -0.02158  2.38570e+00 | 11  0.00485  2.25964e+00 | 12 -0.02464  3.34131e+00
 13 -0.00094 -1.25621e+00 | 14  0.03157 -4.26171e+00 | 15  0.03419  4.04045e-01
 16 -0.01938 -1.94609e+00 | 17 -0.00756 -1.25660e+00 | 18 -0.00514  1.51923e-02
 19 -0.00338 -5.20134e-01 | 20 -0.00554 -1.30374e-01 | 21 -0.02851  4.05766e-01
 22 -0.02460  7.27776e-02 | 23  0.00424 -1.05859e-01 | 24  0.04549  6.90758e-01
 25  0.01615 -9.60496e-01 | 26 -0.03824 -6.51134e-01 | 27 -0.02528 -2.49056e-01
 28  0.01980 -1.82837e+00 | 29  0.00843 -1.87712e-01 | 30 -0.03908  1.74253e+00
 31 -0.02221 -1.16708e+00 | 32  0.00660 -5.85530e-01 | 33 -0.01834  9.02016e-03
 34  0.03580 -3.22811e+00 | 35 -0.04787  4.60887e+00 | 36 -0.02055 -2.35107e+00
 37  0.00126  1.50441e-01 | 38  0.02006  2.10270e+00 | 39  0.00738 -2.48000e-01
 40  0.00888 -6.89096e-01 | 41  0.00430 -4.04707e-01 | 42  0.00640 -5.21248e-01
 43  0.00886 -6.24190e-01 | 44  0.01817 -1.24582e+00 | 45  0.03645  2.50210e+00
 46 -0.03934  1.15087e+00 | 47 -0.00116 -3.99566e-01 | 48  0.01631  7.02648e-01
 49  0.01196  2.94811e+00 | 50 -0.02153 -1.72350e-01 | 51 -0.01323 -7.43718e-01
 52 -0.00895 -5.12445e-01 | 53  0.02243  4.20684e+00 | 54  0.00094  2.61655e-01
 55  0.00167  1.15612e-02 | 56  0.01245  1.61230e+00 | 57 -0.01817 -7.68723e-02
 58 -0.02075  7.63910e-01 | 59  0.00303  3.01045e+00 | 60  0.02310 -1.02897e+01
 61 -0.04506 -4.03829e-01 | 62  0.03437 -7.26488e-01 | 63 -0.04946  1.63782e-01
 64 -0.01665  1.15226e+00 | 65  0.00510  8.69476e+00 | 66  0.02143 -4.23445e-01
 67  0.01742 -1.74302e+01 | 68 -0.00968 -2.15051e+00 | 69  0.05358 -1.97460e+00
 70 -0.00033 -1.99765e+00 | 71  0.00612 -3.87138e+00 | 72  0.01272  1.32558e+01
 73 -0.02004  1.22476e+00 | 74 -0.04810  1.61605e-01 | 75  0.00094  5.65855e+00
 76  0.03067  1.53332e+01 | 77  0.05123 -3.15246e+00 | 78  0.02546  9.15536e+00
 79 -0.01190  3.67395e+00 | 80 -0.02811 -1.24014e+00 | 81  0.01391 -1.87022e+01
 82 -0.00874 -8.98888e+00 | 83  0.02265 -1.31618e+01 | 84 -0.02934  2.42503e-01
 85  0.01951  5.32093e+00 | 86  0.00793 -1.36245e+00 | 87 -0.01274 -3.52640e+00
 88  0.00320 -3.01166e+00 | 89  0.00097  2.34282e+00 | 90  0.00196  2.85037e+00
 91 -0.01668 -3.21087e+00 | 92 -0.01407  1.53668e+00 | 93  0.02713  2.74062e+00
 94 -0.00017  3.50030e+00 | 95  0.00061  3.90390e-01 | 96  0.00061  3.89553e-01
 97  0.79692  1.27734e-01 | 98 -0.42216  1.61906e+01 | 99  0.22128 -3.72925e+00
100 -0.25132  7.42112e+00 |
100 variables; iteration 60; function evaluation 83; phase 3
Function value 2.1906448e+03; maximum gradient component mag 1.0541e+01
Var    Value     Gradient |Var    Value     Gradient |Var    Value     Gradient
  1  0.62663 -7.02450e+00 |  2  0.02733  1.03668e+00 |  3 -0.00757 -8.55510e-01
  4  0.01877  3.78473e-01 |  5 -0.02336 -2.21176e-01 |  6  0.02266  1.25420e+00
  7  0.00520 -7.42618e-02 |  8 -0.02426  1.56170e-01 |  9 -0.00080  4.07996e-01
 10 -0.02209  1.49114e-01 | 11  0.00455  4.34270e-02 | 12 -0.02542 -5.09415e-01
 13 -0.00064 -1.26465e-01 | 14  0.03210  5.12885e-01 | 15  0.03416 -1.05988e+00
 16 -0.01928 -1.71559e+00 | 17 -0.00747 -8.65749e-01 | 18 -0.00509  1.91284e-01
 19 -0.00332 -2.25703e-01 | 20 -0.00536  1.59099e+00 | 21 -0.02841  8.60634e-01
 22 -0.02454  4.98813e-02 | 23  0.00432  1.08710e-01 | 24  0.04535 -4.33786e+00
 25  0.01622 -7.32814e-01 | 26 -0.03805  3.85414e-01 | 27 -0.02515  5.40295e-01
 28  0.02000  1.37591e+00 | 29  0.00856  1.16797e+00 | 30 -0.03910  1.14200e+00
 31 -0.02214 -1.03968e+00 | 32  0.00662 -8.37752e-01 | 33 -0.01830 -5.41610e-02
 34  0.03594 -7.37520e-01 | 35 -0.04837  5.42982e-01 | 36 -0.02047 -1.97398e+00
 37  0.00125 -5.91662e-01 | 38  0.02002  8.21066e-01 | 39  0.00740 -3.68908e-01
 40  0.00890 -6.55917e-01 | 41  0.00441  7.51636e-01 | 42  0.00650  5.16282e-01
 43  0.00887 -7.61901e-01 | 44  0.01829  5.21553e-01 | 45  0.03634 -6.54924e-01
 46 -0.03947 -2.71998e-01 | 47 -0.00107  6.69779e-01 | 48  0.01634  1.07631e+00
 49  0.01186  6.82963e-01 | 50 -0.02148  3.28423e-01 | 51 -0.01319 -7.21817e-02
 52 -0.00885  1.15008e+00 | 53  0.02231 -4.32839e-02 | 54  0.00098  5.86586e-01
 55  0.00160 -2.18988e+00 | 56  0.01242  3.03356e-01 | 57 -0.01811  7.73327e-01
 58 -0.02074  6.09230e-01 | 59  0.00295  5.29764e-01 | 60  0.02333 -1.22348e+00
 61 -0.04502  1.26964e-01 | 62  0.03438 -3.30039e-01 | 63 -0.04946 -2.33267e-01
 64 -0.01665 -5.64241e-02 | 65  0.00479 -4.69182e-01 | 66  0.02145 -2.82808e-01
 67  0.01793 -1.45129e+00 | 68 -0.00957 -1.48045e-02 | 69  0.05361 -6.49481e-01
 70 -0.00019  7.79659e-01 | 71  0.00626 -6.19324e-01 | 72  0.01237  1.54783e+00
 73 -0.02006  1.50538e-03 | 74 -0.04811 -4.98931e-01 | 75  0.00078  7.86295e-01
 76  0.03032  1.20621e+00 | 77  0.05133 -2.28349e-01 | 78  0.02525  7.97836e-01
 79 -0.01207 -5.11610e-01 | 80 -0.02803 -2.40533e-01 | 81  0.01446 -1.43814e+00
 82 -0.00840 -1.05947e+00 | 83  0.02301 -1.22314e+00 | 84 -0.02929  4.43620e-01
 85  0.01943  8.68017e-01 | 86  0.00800 -1.18623e+00 | 87 -0.01249 -1.42224e-01
 88  0.00338 -6.65153e-01 | 89  0.00096  7.54933e-01 | 90  0.00187  3.24691e-01
 91 -0.01606  1.52530e+00 | 92 -0.01397  1.46063e+00 | 93  0.02701  8.84363e-01
 94 -0.00204  2.43905e-01 | 95  0.00068  2.60241e-01 | 96  0.00068  2.60643e-01
 97  0.79524 -1.53128e+00 | 98 -0.42247  1.05411e+01 | 99  0.22173 -7.30118e-01
100 -0.25122  1.35468e+00 |
Maximum number of function evaluations exceeded

 - final statistics:
100 variables; iteration 75; function evaluation 100
Function value 2.1906e+03; maximum gradient component mag 6.0679e+00
Exit code = 3;  converg criter 1.0000e+00
Var    Value     Gradient |Var    Value     Gradient |Var    Value     Gradient
  1  0.62663 -3.62866e+00 |  2  0.02706  4.15705e-01 |  3 -0.00730 -4.12052e-01
  4  0.01863 -2.57426e-02 |  5 -0.02330 -1.89316e-01 |  6  0.02254  7.94006e-01
  7  0.00559  9.78776e-01 |  8 -0.02418  3.01541e-01 |  9 -0.00082  2.73838e-01
 10 -0.02243 -1.06551e+00 | 11  0.00457  5.19111e-02 | 12 -0.02532 -1.58178e-01
 13 -0.00062 -5.14897e-02 | 14  0.03206  1.26406e-01 | 15  0.03420 -4.75499e-01
 16 -0.01915 -7.51905e-01 | 17 -0.00745 -6.72770e-01 | 18 -0.00509  9.17793e-02
 19 -0.00332 -4.02332e-01 | 20 -0.00544  3.82352e-01 | 21 -0.02846  2.67061e-01
 22 -0.02453  1.03794e-01 | 23  0.00432  4.82802e-02 | 24  0.04544 -1.91578e+00
 25  0.01624 -3.96766e-01 | 26 -0.03805  3.93034e-01 | 27 -0.02514  5.83892e-01
 28  0.01997  5.25984e-01 | 29  0.00850  7.48818e-02 | 30 -0.03920  2.63181e-01
 31 -0.02207 -3.39542e-01 | 32  0.00667 -1.54670e-01 | 33 -0.01834 -5.16236e-01
 34  0.03596 -3.73384e-01 | 35 -0.04840  2.45977e-01 | 36 -0.02036 -8.34266e-01
 37  0.00126 -4.94341e-01 | 38  0.02001  5.73507e-01 | 39  0.00740 -4.88880e-01
 40  0.00890 -7.41803e-01 | 41  0.00439  5.21693e-01 | 42  0.00650  5.25096e-01
 43  0.00889 -4.48731e-01 | 44  0.01826 -2.04923e-02 | 45  0.03635 -2.34547e-01
 46 -0.03938  4.71641e-01 | 47 -0.00110  2.65271e-01 | 48  0.01632  5.97582e-01
 49  0.01184  3.77678e-01 | 50 -0.02150  1.52445e-01 | 51 -0.01318  1.19690e-01
 52 -0.00889  5.43435e-01 | 53  0.02230 -5.36654e-02 | 54  0.00097  3.64020e-01
 55  0.00164 -1.07365e+00 | 56  0.01241  1.56553e-01 | 57 -0.01813  3.21320e-01
 58 -0.02076  1.29111e-01 | 59  0.00294  2.27141e-01 | 60  0.02335 -5.25710e-01
 61 -0.04504 -1.63045e-01 | 62  0.03439 -1.59585e-01 | 63 -0.04946 -3.20004e-01
 64 -0.01663  3.49271e-01 | 65  0.00479 -3.21910e-01 | 66  0.02145 -1.22507e-01
 67  0.01795 -6.17174e-01 | 68 -0.00956  2.62795e-01 | 69  0.05361 -3.13992e-01
 70 -0.00021  4.72212e-01 | 71  0.00627 -2.94687e-01 | 72  0.01234  6.65897e-01
 73 -0.02006  9.69981e-02 | 74 -0.04806 -6.85251e-03 | 75  0.00076  3.83213e-01
 76  0.03030  5.01128e-01 | 77  0.05133 -9.59869e-02 | 78  0.02524  3.44234e-01
 79 -0.01206 -3.58162e-01 | 80 -0.02802 -1.45585e-01 | 81  0.01449 -5.74273e-01
 82 -0.00837 -4.01963e-01 | 83  0.02303 -5.17610e-01 | 84 -0.02927  5.71088e-01
 85  0.01941  3.55518e-01 | 86  0.00803 -4.62025e-01 | 87 -0.01248  9.63461e-02
 88  0.00340 -2.40954e-01 | 89  0.00092 -3.24950e-02 | 90  0.00187  1.36338e-01
 91 -0.01612  8.64681e-01 | 92 -0.01402  8.90337e-01 | 93  0.02695  3.69850e-01
 94 -0.00206  1.36216e-01 | 95  0.00064  9.62703e-02 | 96  0.00064  9.61841e-02
 97  0.79509 -8.90166e-01 | 98 -0.42251  6.06787e+00 | 99  0.22198  1.13800e-01
100 -0.25114  1.17501e+00 |

Initial statistics: 108 variables; iteration 0; function evaluation 0; phase 4
Function value 2.1906428e+03; maximum gradient component mag -1.6305e+03
Var    Value     Gradient |Var    Value     Gradient |Var    Value     Gradient
  1 -0.42263 -8.68507e+01 |  2 -0.42263 -1.63053e+03 |  3 -0.41094 -6.65294e+02
  4  0.62663 -3.62866e+00 |  5  0.00000 -3.20400e+01 |  6  0.00000 -1.58200e+01
  7  0.00000 -3.15404e+01 |  8  0.00000  6.86861e+00 |  9  0.00000 -1.94926e+01
 10  0.02706  4.15848e-01 | 11 -0.00730 -4.11910e-01 | 12  0.01863 -2.56000e-02
 13 -0.02330 -1.89174e-01 | 14  0.02254  7.94149e-01 | 15  0.00559  9.78919e-01
 16 -0.02418  3.01684e-01 | 17 -0.00082  2.73980e-01 | 18 -0.02243 -1.06536e+00
 19  0.00457  5.20538e-02 | 20 -0.02532 -1.58035e-01 | 21 -0.00062 -5.13470e-02
 22  0.03206  1.26548e-01 | 23  0.03420 -4.75356e-01 | 24 -0.01915 -7.51762e-01
 25 -0.00745 -6.72628e-01 | 26 -0.00509  9.19221e-02 | 27 -0.00332 -4.02190e-01
 28 -0.00544  3.82495e-01 | 29 -0.02846  2.67203e-01 | 30 -0.02453  1.03937e-01
 31  0.00432  4.84229e-02 | 32  0.04544 -1.91564e+00 | 33  0.01624 -3.96623e-01
 34 -0.03805  3.93177e-01 | 35 -0.02514  5.84035e-01 | 36  0.01997  5.26126e-01
 37  0.00850  7.50245e-02 | 38 -0.03920  2.63323e-01 | 39 -0.02207 -3.39399e-01
 40  0.00667 -1.54527e-01 | 41 -0.01834 -5.16093e-01 | 42  0.03596 -3.73241e-01
 43 -0.04840  2.46119e-01 | 44 -0.02036 -8.34124e-01 | 45  0.00126 -4.94198e-01
 46  0.02001  5.73650e-01 | 47  0.00740 -4.88737e-01 | 48  0.00890 -7.41660e-01
 49  0.00439  5.21836e-01 | 50  0.00650  5.25239e-01 | 51  0.00889 -4.48588e-01
 52  0.01826 -2.03496e-02 | 53  0.03635 -2.34404e-01 | 54 -0.03938  4.71783e-01
 55 -0.00110  2.65414e-01 | 56  0.01632  5.97725e-01 | 57  0.01184  3.77821e-01
 58 -0.02150  1.52588e-01 | 59 -0.01318  1.19832e-01 | 60 -0.00889  5.43578e-01
 61  0.02230 -5.35228e-02 | 62  0.00097  3.64163e-01 | 63  0.00164 -1.07351e+00
 64  0.01241  1.56696e-01 | 65 -0.01813  3.21463e-01 | 66 -0.02076  1.29254e-01
 67  0.00294  2.27284e-01 | 68  0.02335 -5.25568e-01 | 69 -0.04504 -1.62903e-01
 70  0.03439 -1.59442e-01 | 71 -0.04946 -3.19862e-01 | 72 -0.01663  3.49413e-01
 73  0.00479 -3.21768e-01 | 74  0.02145 -1.22365e-01 | 75  0.01795 -6.17031e-01
 76 -0.00956  2.62937e-01 | 77  0.05361 -3.13850e-01 | 78 -0.00021  4.72354e-01
 79  0.00627 -2.94545e-01 | 80  0.01234  6.66040e-01 | 81 -0.02006  9.71407e-02
 82 -0.04806 -6.71019e-03 | 83  0.00076  3.83356e-01 | 84  0.03030  5.01271e-01
 85  0.05133 -9.58446e-02 | 86  0.02524  3.44376e-01 | 87 -0.01206 -3.58019e-01
 88 -0.02802 -1.45443e-01 | 89  0.01449 -5.74130e-01 | 90 -0.00837 -4.01821e-01
 91  0.02303 -5.17468e-01 | 92 -0.02927  5.71230e-01 | 93  0.01941  3.55660e-01
 94  0.00803 -4.61882e-01 | 95 -0.01248  9.64888e-02 | 96  0.00340 -2.40812e-01
 97  0.00092 -3.23523e-02 | 98  0.00187  1.36481e-01 | 99 -0.01612  8.64823e-01
100 -0.01402  8.90479e-01 |101  0.02695  3.69993e-01 |102 -0.00206  1.36359e-01
103  0.00064  9.64130e-02 |104  0.00064  9.63268e-02 |105  0.79509 -8.90166e-01
106 -0.42251  6.06787e+00 |107  0.22198  1.13800e-01 |108 -0.25114  1.17501e+00

Intermediate statistics: 108 variables; iteration 20; function evaluation 27; phase 4
Function value 2.1888002e+03; maximum gradient component mag -1.3304e+03
Var    Value     Gradient |Var    Value     Gradient |Var    Value     Gradient
  1 -0.45772 -7.89677e+01 |  2 -0.42451 -1.33044e+03 |  3 -0.39863 -4.85037e+02
  4  0.62535 -1.46023e+02 |  5  0.01166 -5.27244e+00 |  6  0.00816 -1.38286e+00
  7  0.01734 -2.20710e+00 |  8 -0.00510 -3.83349e-01 |  9  0.00926 -2.17159e+00
 10  0.02510  2.66559e+00 | 11 -0.00766  3.19167e+00 | 12  0.01797  2.91491e+00
 13 -0.02359  3.23966e+00 | 14  0.02183  2.65311e+00 | 15  0.00487  2.84945e+00
 16 -0.02458  3.11737e+00 | 17 -0.00120  2.53075e+00 | 18 -0.02235  2.84074e+00
 19  0.00433  2.08644e+00 | 20 -0.02541  2.84277e+00 | 21 -0.00065  2.47636e+00
 22  0.03207  1.58980e+00 | 23  0.03446  3.30580e+00 | 24 -0.01873  4.05131e+00
 25 -0.00681  5.51739e+00 | 26 -0.00453  5.56081e+00 | 27 -0.00297  4.23907e+00
 28 -0.00513  3.74834e+00 | 29 -0.02836  2.42766e+00 | 30 -0.02500 -9.41846e-01
 31  0.00380 -3.98281e+00 | 32  0.04557 -3.27811e+00 | 33  0.01654  1.45024e+00
 34 -0.03776  3.35986e+00 | 35 -0.02508  1.48812e+00 | 36  0.01995  6.87048e-01
 37  0.00844  3.53105e-01 | 38 -0.03907  2.74562e+00 | 39 -0.02180  3.14391e+00
 40  0.00675  3.39141e-01 | 41 -0.01842  8.77577e-02 | 42  0.03599 -4.55592e+00
 43 -0.04823  2.70309e+00 | 44 -0.02029  6.77231e-01 | 45  0.00103 -3.01469e+00
 46  0.01991 -2.98501e+00 | 47  0.00736 -2.64449e+00 | 48  0.00874 -4.28940e+00
 49  0.00400 -5.28798e+00 | 50  0.00642 -3.62544e+00 | 51  0.00901 -2.45065e+00
 52  0.01814 -6.05841e+00 | 53  0.03628 -1.08977e+01 | 54 -0.03936 -1.90614e-01
 55 -0.00108 -3.91960e+00 | 56  0.01618 -7.65973e+00 | 57  0.01172 -7.79676e+00
 58 -0.02172 -4.19586e+00 | 59 -0.01323 -4.56920e+00 | 60 -0.00889 -5.47220e+00
 61  0.02223 -1.40697e+01 | 62  0.00092 -7.58585e+00 | 63  0.00167 -5.76793e+00
 64  0.01263 -3.33480e+00 | 65 -0.01802 -2.62836e+00 | 66 -0.02060 -2.99086e+00
 67  0.00285 -6.58469e+00 | 68  0.02332 -5.74517e+00 | 69 -0.04506 -1.55358e+00
 70  0.03432 -1.55936e+01 | 71 -0.04928  2.12734e+00 | 72 -0.01652 -4.30807e-01
 73  0.00470 -3.90596e+00 | 74  0.02134 -7.84210e+00 | 75  0.01786 -2.92554e+00
 76 -0.00937 -1.20166e+00 | 77  0.05350 -1.70025e+01 | 78 -0.00008 -2.44351e+00
 79  0.00663  1.99342e+00 | 80  0.01250  6.79591e+00 | 81 -0.01985  2.14848e+00
 82 -0.04817 -6.58955e-01 | 83  0.00083  2.46727e+00 | 84  0.03026 -1.47766e+00
 85  0.05135 -6.43488e+00 | 86  0.02570  1.22046e+01 | 87 -0.01180  1.71562e+00
 88 -0.02780  1.95005e+00 | 89  0.01441 -4.56783e+00 | 90 -0.00832  8.76473e-01
 91  0.02332  7.05692e+00 | 92 -0.02919  4.14217e+00 | 93  0.01963  1.94622e+00
 94  0.00811  1.68766e+00 | 95 -0.01228  4.91729e+00 | 96  0.00356  3.19446e+00
 97  0.00146  5.94625e+00 | 98  0.00205  4.81300e+00 | 99 -0.01607  5.06380e+00
100 -0.01397  2.77863e+00 |101  0.02670  4.39643e+00 |102 -0.00151  4.18642e+00
103  0.00041  3.82859e+00 |104  0.00041  3.82853e+00 |105  0.79417  1.82137e+01
106 -0.42274 -1.11981e+02 |107  0.21577 -3.57851e+01 |108 -0.25083  1.17550e+02
108 variables; iteration 40; function evaluation 50; phase 4
Function value 2.1883114e+03; maximum gradient component mag -3.0859e+02
Var    Value     Gradient |Var    Value     Gradient |Var    Value     Gradient
  1 -0.45526 -2.07420e+01 |  2 -0.42404 -3.08594e+02 |  3 -0.39849 -1.23308e+02
  4  0.62471 -3.70369e+01 |  5  0.01416  2.21052e+00 |  6  0.00872  1.63474e-01
  7  0.01821  1.10784e-01 |  8 -0.00388  2.29004e+00 |  9  0.00839 -2.85004e+00
 10  0.02738  5.71174e+00 | 11 -0.00721  2.07549e+00 | 12  0.01669 -1.52304e+00
 13 -0.02365  1.13912e+00 | 14  0.02123 -9.95416e-02 | 15  0.00412 -4.88190e-01
 16 -0.02570 -1.42074e+00 | 17 -0.00041  4.42723e+00 | 18 -0.02245  1.18054e+00
 19  0.00538  6.83907e+00 | 20 -0.02443  5.66842e+00 | 21 -0.00080  8.98558e-01
 22  0.03180 -1.13956e+00 | 23  0.03432  9.29557e-01 | 24 -0.01817  5.96142e+00
 25 -0.00726 -1.88341e+00 | 26 -0.00404  8.31741e+00 | 27 -0.00308  4.59269e-01
 28 -0.00518  6.40878e-01 | 29 -0.02838  2.34599e-01 | 30 -0.02472  1.97031e+00
 31  0.00408  2.30279e+00 | 32  0.04564 -1.58003e-01 | 33  0.01679  4.09431e+00
 34 -0.03794 -2.16574e-01 | 35 -0.02482  3.36411e+00 | 36  0.02012  5.38421e+00
 37  0.00839  4.88847e-01 | 38 -0.03962 -3.32013e+00 | 39 -0.02212 -1.85866e+00
 40  0.00674  4.99713e-01 | 41 -0.01858 -1.58775e+00 | 42  0.03593 -3.10148e+00
 43 -0.04806  2.15834e+00 | 44 -0.02038 -4.30509e-01 | 45  0.00110  3.97496e-01
 46  0.02008  4.25414e+00 | 47  0.00738  2.89356e-02 | 48  0.00865 -2.30617e+00
 49  0.00397 -2.45495e+00 | 50  0.00653  6.19968e-01 | 51  0.00889 -1.43701e+00
 52  0.01828  1.82095e+00 | 53  0.03633 -2.07305e+00 | 54 -0.03936  4.70989e-02
 55 -0.00123 -2.65063e+00 | 56  0.01625  8.50037e-01 | 57  0.01181  1.77387e-01
 58 -0.02165 -3.15209e-01 | 59 -0.01333 -2.68991e+00 | 60 -0.00887 -2.17115e+00
 61  0.02182 -2.14466e+01 | 62  0.00114  4.37398e+00 | 63  0.00207  9.08418e+00
 64  0.01270  4.48735e+00 | 65 -0.01788 -4.37745e-01 | 66 -0.02055  2.73201e-01
 67  0.00261 -9.38548e+00 | 68  0.02327 -5.18665e-01 | 69 -0.04513 -1.97342e+00
 70  0.03447 -5.96487e+00 | 71 -0.04924  1.30329e+00 | 72 -0.01688 -3.29482e+00
 73  0.00480  1.40041e+00 | 74  0.02112 -9.50016e+00 | 75  0.01793  1.62699e+00
 76 -0.00955 -1.28303e+00 | 77  0.05362 -4.73520e+00 | 78 -0.00025 -6.66756e+00
 79  0.00650 -3.45624e+00 | 80  0.01223 -3.32075e+00 | 81 -0.01988 -1.07859e+00
 82 -0.04849 -5.18839e+00 | 83  0.00050 -3.63601e+00 | 84  0.03012 -9.68186e-01
 85  0.05144 -1.32372e+00 | 86  0.02533 -2.70304e+00 | 87 -0.01171 -7.39894e-01
 88 -0.02772  8.47749e-01 | 89  0.01429 -7.20706e+00 | 90 -0.00835 -6.21074e-01
 91  0.02350  1.07002e+01 | 92 -0.02914  2.48696e+00 | 93  0.01986  7.42206e+00
 94  0.00832  3.50161e+00 | 95 -0.01213  3.83025e+00 | 96  0.00355 -1.15618e+00
 97  0.00138 -9.97490e-01 | 98  0.00180 -2.12642e+00 | 99 -0.01545  7.20071e+00
100 -0.01352  4.62422e+00 |101  0.02569 -4.05070e+00 |102 -0.00137  1.56854e+00
103  0.00036  1.03701e+00 |104  0.00036  1.03689e+00 |105  0.79866  1.06245e+01
106 -0.42195 -2.63592e+01 |107  0.21480 -1.61382e+01 |108 -0.25182  3.44956e+01
108 variables; iteration 60; function evaluation 76; phase 4
Function value 2.1882088e+03; maximum gradient component mag -3.3198e+01
Var    Value     Gradient |Var    Value     Gradient |Var    Value     Gradient
  1 -0.45392 -2.20341e+00 |  2 -0.42392 -3.31985e+01 |  3 -0.39850 -1.33300e+01
  4  0.62454 -3.32396e+00 |  5  0.01341  2.75863e-01 |  6  0.00875  7.34674e-02
  7  0.01835  1.45724e-01 |  8 -0.00496  3.53175e-01 |  9  0.00972 -6.34263e-01
 10  0.02512  1.02668e-04 | 11 -0.00773 -1.17688e-01 | 12  0.01783 -9.00064e-02
 13 -0.02374 -2.09795e-01 | 14  0.02157 -3.60942e-01 | 15  0.00456 -5.07807e-01
 16 -0.02476 -1.86965e-01 | 17 -0.00079  1.68296e+00 | 18 -0.02217  7.79836e-01
 19  0.00443  5.06118e-01 | 20 -0.02562 -7.86743e-01 | 21 -0.00102 -2.20156e+00
 22  0.03212  3.27136e-02 | 23  0.03446  2.79472e-01 | 24 -0.01872  6.24294e-03
 25 -0.00691 -1.59054e-01 | 26 -0.00456  4.81787e-01 | 27 -0.00300 -1.76698e-01
 28 -0.00514 -2.51528e-01 | 29 -0.02829  3.83495e-02 | 30 -0.02489 -6.54539e-01
 31  0.00399  6.12944e-01 | 32  0.04580  1.67551e+00 | 33  0.01661 -1.00680e+00
 34 -0.03773  5.47143e-02 | 35 -0.02482  2.19710e+00 | 36  0.02012  4.06398e+00
 37  0.00847  8.47581e-01 | 38 -0.03906  8.45555e-02 | 39 -0.02183 -1.30690e-01
 40  0.00676 -3.05189e-01 | 41 -0.01838 -3.99454e-01 | 42  0.03610 -7.51073e-02
 43 -0.04815  2.87069e-01 | 44 -0.02031 -5.54111e-01 | 45  0.00108 -3.73840e-01
 46  0.01980 -1.06677e+00 | 47  0.00736 -5.94640e-01 | 48  0.00878 -1.23992e-01
 49  0.00409 -4.88278e-01 | 50  0.00645 -1.51419e-01 | 51  0.00899  8.13135e-02
 52  0.01820  1.29610e+00 | 53  0.03639  9.48505e-01 | 54 -0.03934 -5.63092e-02
 55 -0.00120 -1.63289e+00 | 56  0.01603 -2.05162e+00 | 57  0.01162 -2.21571e+00
 58 -0.02171 -3.83973e-01 | 59 -0.01328 -5.86592e-01 | 60 -0.00891 -8.28007e-01
 61  0.02226 -2.59870e+00 | 62  0.00098  1.02088e+00 | 63  0.00184  3.26554e+00
 64  0.01259  9.57074e-01 | 65 -0.01782  9.50734e-02 | 66 -0.02050  1.84566e+00
 67  0.00289  5.12525e-01 | 68  0.02322  6.99989e-02 | 69 -0.04503 -2.45044e-01
 70  0.03458 -2.54440e-01 | 71 -0.04930  1.74520e-01 | 72 -0.01673  1.04495e+00
 73  0.00457 -2.96463e+00 | 74  0.02132 -5.96137e-01 | 75  0.01782 -1.10486e-01
 76 -0.00958 -7.66963e-01 | 77  0.05363 -1.79494e-01 | 78 -0.00015 -4.23566e+00
 79  0.00652 -2.38902e+00 | 80  0.01235  2.59626e-01 | 81 -0.01983 -1.21442e-01
 82 -0.04811 -5.01353e-01 | 83  0.00058 -8.87036e-02 | 84  0.03009  2.86870e-03
 85  0.05143  2.67644e-02 | 86  0.02540 -3.66437e-01 | 87 -0.01154  1.99364e+00
 88 -0.02765  1.41594e+00 | 89  0.01447 -5.52683e-01 | 90 -0.00826  7.71224e-01
 91  0.02325  1.16554e+00 | 92 -0.02907  1.89485e+00 | 93  0.01967  7.71888e-01
 94  0.00830  7.43274e-01 | 95 -0.01238 -1.66506e+00 | 96  0.00363 -7.42847e-01
 97  0.00157  1.44816e+00 | 98  0.00203 -2.28397e-01 | 99 -0.01589  1.25751e+00
100 -0.01369  1.62258e+00 |101  0.02663 -1.03314e+00 |102 -0.00166  1.16739e-01
103  0.00044  7.80890e-02 |104  0.00044  7.80784e-02 |105  0.79531  1.90017e+00
106 -0.42259 -7.95576e+00 |107  0.21718 -7.66852e-01 |108 -0.25138  7.72704e-01
Maximum number of function evaluations exceeded

 - final statistics:
108 variables; iteration 78; function evaluation 100
Function value 2.1882e+03; maximum gradient component mag -8.3198e+00
Exit code = 3;  converg criter 1.0000e+00
Var    Value     Gradient |Var    Value     Gradient |Var    Value     Gradient
  1 -0.45405 -5.73032e-01 |  2 -0.42392 -8.31981e+00 |  3 -0.39844 -3.46222e+00
  4  0.62454 -8.86629e-01 |  5  0.01332  1.05786e-01 |  6  0.00873  4.54293e-02
  7  0.01832  9.20597e-02 |  8 -0.00506  1.91586e-01 |  9  0.00994 -2.37402e-01
 10  0.02509 -1.25320e-01 | 11 -0.00763  2.49412e-02 | 12  0.01791  4.87089e-02
 13 -0.02349  2.39557e-01 | 14  0.02162 -2.87237e-01 | 15  0.00472 -8.93389e-02
 16 -0.02467 -2.04563e-02 | 17 -0.00115  3.23176e-01 | 18 -0.02228  3.23083e-01
 19  0.00438  2.06329e-01 | 20 -0.02547 -2.20394e-01 | 21 -0.00072 -4.69120e-01
 22  0.03219  6.73745e-01 | 23  0.03443 -2.32683e-01 | 24 -0.01878 -5.89265e-01
 25 -0.00687  6.02107e-02 | 26 -0.00455  4.55924e-01 | 27 -0.00298 -1.66925e-02
 28 -0.00511  1.44354e-02 | 29 -0.02825  2.86999e-01 | 30 -0.02490 -8.24356e-01
 31  0.00399  6.10239e-01 | 32  0.04574  4.88258e-01 | 33  0.01663 -6.22657e-01
 34 -0.03777 -3.04350e-01 | 35 -0.02503  4.42036e-02 | 36  0.01997  1.11879e+00
 37  0.00844  3.59383e-01 | 38 -0.03913 -5.21536e-01 | 39 -0.02193 -1.23063e+00
 40  0.00676 -2.45509e-01 | 41 -0.01830  5.29660e-01 | 42  0.03610 -6.12352e-02
 43 -0.04809  7.09135e-01 | 44 -0.02036 -1.18499e+00 | 45  0.00113  3.99212e-01
 46  0.01983 -5.17392e-01 | 47  0.00741  1.33732e-01 | 48  0.00876 -3.72034e-01
 49  0.00410 -2.48256e-01 | 50  0.00641 -5.80888e-01 | 51  0.00898 -3.30392e-02
 52  0.01811 -1.39556e-01 | 53  0.03636  4.04262e-01 | 54 -0.03937 -2.91396e-01
 55 -0.00108  3.16441e-01 | 56  0.01609 -5.14855e-01 | 57  0.01170 -3.69396e-01
 58 -0.02171 -2.23744e-01 | 59 -0.01327 -6.72057e-02 | 60 -0.00888  2.54289e-02
 61  0.02231 -6.07894e-01 | 62  0.00095  2.81356e-01 | 63  0.00175  9.26679e-01
 64  0.01257  2.33363e-01 | 65 -0.01782  2.23337e-01 | 66 -0.02058  4.42199e-01
 67  0.00287  1.42966e-01 | 68  0.02321  2.04574e-02 | 69 -0.04504 -2.90000e-01
 70  0.03457 -7.06842e-02 | 71 -0.04932 -6.69469e-02 | 72 -0.01678  2.30327e-01
 73  0.00464 -7.76163e-01 | 74  0.02132 -1.50902e-01 | 75  0.01781 -1.06737e-01
 76 -0.00952  5.76326e-01 | 77  0.05362 -7.80860e-02 | 78 -0.00003 -1.09737e+00
 79  0.00658 -6.23853e-01 | 80  0.01233  6.38951e-02 | 81 -0.01983  1.02737e-02
 82 -0.04807  7.41103e-02 | 83  0.00057  1.00247e-02 | 84  0.03008 -2.94778e-03
 85  0.05142  7.17425e-03 | 86  0.02541 -1.37012e-01 | 87 -0.01160  7.78565e-01
 88 -0.02768  9.38347e-01 | 89  0.01448  1.12881e-02 | 90 -0.00834 -9.67104e-01
 91  0.02323  4.30655e-01 | 92 -0.02912  1.08069e+00 | 93  0.01964  2.14284e-01
 94  0.00827  1.85533e-01 | 95 -0.01229  1.12324e-01 | 96  0.00365  2.94608e-02
 97  0.00150  4.86085e-01 | 98  0.00204 -6.85180e-02 | 99 -0.01600  2.22825e-01
100 -0.01390  2.28704e-01 |101  0.02676 -2.90512e-01 |102 -0.00166  4.06751e-02
103  0.00044 -3.62308e-04 |104  0.00044 -3.74835e-04 |105  0.79501  4.01742e-01
106 -0.42263 -1.87635e+00 |107  0.21724 -3.12008e-01 |108 -0.25136  3.40427e-01

Initial statistics: 110 variables; iteration 0; function evaluation 0; phase 5
Function value 2.1882046e+03; maximum gradient component mag -1.0450e+01
Var    Value     Gradient |Var    Value     Gradient |Var    Value     Gradient
  1 -0.45405 -5.73032e-01 |  2 -0.42392 -8.31981e+00 |  3 -0.39844 -3.46222e+00
  4 -0.41222  6.31448e+00 |  5 -0.41222 -1.04496e+01 |  6  0.62454 -8.86629e-01
  7  0.01332  1.05786e-01 |  8  0.00873  4.54293e-02 |  9  0.01832  9.20597e-02
 10 -0.00506  1.91586e-01 | 11  0.00994 -2.37402e-01 | 12  0.02509 -1.25953e-01
 13 -0.00763  2.43083e-02 | 14  0.01791  4.80762e-02 | 15 -0.02349  2.38924e-01
 16  0.02162 -2.87870e-01 | 17  0.00472 -8.99718e-02 | 18 -0.02467 -2.10887e-02
 19 -0.00115  3.22543e-01 | 20 -0.02228  3.22450e-01 | 21  0.00438  2.05696e-01
 22 -0.02547 -2.21026e-01 | 23 -0.00072 -4.69753e-01 | 24  0.03219  6.73112e-01
 25  0.03443 -2.33315e-01 | 26 -0.01878 -5.89898e-01 | 27 -0.00687  5.95778e-02
 28 -0.00455  4.55291e-01 | 29 -0.00298 -1.73254e-02 | 30 -0.00511  1.38025e-02
 31 -0.02825  2.86366e-01 | 32 -0.02490 -8.24988e-01 | 33  0.00399  6.09606e-01
 34  0.04574  4.87627e-01 | 35  0.01663 -6.23290e-01 | 36 -0.03777 -3.04981e-01
 37 -0.02503  4.35712e-02 | 38  0.01997  1.11816e+00 | 39  0.00844  3.58751e-01
 40 -0.03913 -5.22168e-01 | 41 -0.02193 -1.23126e+00 | 42  0.00676 -2.46141e-01
 43 -0.01830  5.29028e-01 | 44  0.03610 -6.18672e-02 | 45 -0.04809  7.08504e-01
 46 -0.02036 -1.18562e+00 | 47  0.00113  3.98579e-01 | 48  0.01983 -5.18024e-01
 49  0.00741  1.33099e-01 | 50  0.00876 -3.72667e-01 | 51  0.00410 -2.48889e-01
 52  0.00641 -5.81521e-01 | 53  0.00898 -3.36721e-02 | 54  0.01811 -1.40189e-01
 55  0.03636  4.03630e-01 | 56 -0.03937 -2.92028e-01 | 57 -0.00108  3.15808e-01
 58  0.01609 -5.15487e-01 | 59  0.01170 -3.70029e-01 | 60 -0.02171 -2.24377e-01
 61 -0.01327 -6.78385e-02 | 62 -0.00888  2.47960e-02 | 63  0.02231 -6.08527e-01
 64  0.00095  2.80723e-01 | 65  0.00175  9.26046e-01 | 66  0.01257  2.32730e-01
 67 -0.01782  2.22704e-01 | 68 -0.02058  4.41566e-01 | 69  0.00287  1.42333e-01
 70  0.02321  1.98249e-02 | 71 -0.04504 -2.90632e-01 | 72  0.03457 -7.13162e-02
 73 -0.04932 -6.75780e-02 | 74 -0.01678  2.29694e-01 | 75  0.00464 -7.76796e-01
 76  0.02132 -1.51535e-01 | 77  0.01781 -1.07370e-01 | 78 -0.00952  5.75693e-01
 79  0.05362 -7.87167e-02 | 80 -0.00003 -1.09800e+00 | 81  0.00658 -6.24486e-01
 82  0.01233  6.32622e-02 | 83 -0.01983  9.64109e-03 | 84 -0.04807  7.34792e-02
 85  0.00057  9.39180e-03 | 86  0.03008 -3.58002e-03 | 87  0.05142  6.54337e-03
 88  0.02541 -1.37645e-01 | 89 -0.01160  7.77932e-01 | 90 -0.02768  9.37714e-01
 91  0.01448  1.06553e-02 | 92 -0.00834 -9.67736e-01 | 93  0.02323  4.30023e-01
 94 -0.02912  1.08006e+00 | 95  0.01964  2.13652e-01 | 96  0.00827  1.84900e-01
 97 -0.01229  1.11691e-01 | 98  0.00365  2.88278e-02 | 99  0.00150  4.85452e-01
100  0.00204 -6.91509e-02 |101 -0.01600  2.22193e-01 |102 -0.01390  2.28072e-01
103  0.02676 -2.91145e-01 |104 -0.00166  4.00422e-02 |105  0.00044 -9.95255e-04
106  0.00044 -1.00778e-03 |107  0.79501  4.01742e-01 |108 -0.42263 -1.87635e+00
109  0.21724 -3.12008e-01 |110 -0.25136  3.40427e-01 |

Intermediate statistics: 110 variables; iteration 20; function evaluation 26; phase 5
Function value 2.1881548e+03; maximum gradient component mag 3.5595e+01
Var    Value     Gradient |Var    Value     Gradient |Var    Value     Gradient
  1 -0.45584  4.29082e+00 |  2 -0.42441  1.19652e+01 |  3 -0.39662  1.55493e+01
  4 -0.42076  1.73032e+00 |  5 -0.40912 -9.83689e+00 |  6  0.62452 -1.16282e+01
  7  0.01339  1.12655e-01 |  8  0.00875  4.50618e-02 |  9  0.01834  9.07391e-02
 10 -0.00504  1.89955e-01 | 11  0.00997 -2.45165e-01 | 12  0.02514  2.10829e-01
 13 -0.00758  3.81262e-01 | 14  0.01799  4.08220e-01 | 15 -0.02341  6.40085e-01
 16  0.02168 -3.27701e-02 | 17  0.00481  2.28636e-01 | 18 -0.02458  3.34597e-01
 19 -0.00102  7.25620e-01 | 20 -0.02215  7.44138e-01 | 21  0.00451  5.70907e-01
 22 -0.02538  5.19797e-02 | 23 -0.00066 -3.70393e-01 | 24  0.03209 -1.09888e+00
 25  0.03449 -5.48861e-03 | 26 -0.01876 -5.07200e-01 | 27 -0.00683  2.64349e-01
 28 -0.00459 -3.05414e-01 | 29 -0.00296  1.95282e-01 | 30 -0.00509  1.25550e-01
 31 -0.02825  2.85167e-01 | 32 -0.02481  6.53728e-01 | 33  0.00389 -4.57609e-01
 34  0.04577  2.88288e-01 | 35  0.01675  7.43367e-01 | 36 -0.03772 -3.29670e-02
 37 -0.02500  7.41968e-02 | 38  0.01974 -3.15327e+00 | 39  0.00837 -5.07161e-01
 40 -0.03907  1.38831e-02 | 41 -0.02174  8.49793e-01 | 42  0.00681  4.91911e-01
 43 -0.01842 -4.71338e-01 | 44  0.03612  1.86888e-02 | 45 -0.04804  1.08269e+00
 46 -0.02019  8.13805e-01 | 47  0.00104 -5.55864e-01 | 48  0.01993  1.27724e+00
 49  0.00736 -6.96820e-01 | 50  0.00882  7.49760e-01 | 51  0.00416  9.53732e-01
 52  0.00658  1.77895e+00 | 53  0.00898 -2.32561e-03 | 54  0.01814  5.37232e-01
 55  0.03638  6.91858e-01 | 56 -0.03933 -2.63627e-02 | 57 -0.00115 -7.57146e-01
 58  0.01613  7.08858e-01 | 59  0.01173  4.55526e-01 | 60 -0.02168  8.36173e-01
 61 -0.01323  7.59330e-01 | 62 -0.00890 -5.10844e-01 | 63  0.02209 -7.87930e+00
 64  0.00098  1.76973e+00 | 65  0.00185  4.42403e+00 | 66  0.01260  2.58637e+00
 67 -0.01780  2.78892e-01 | 68 -0.02061 -3.92429e-01 | 69  0.00285  5.32166e-01
 70  0.02312 -2.34226e+00 | 71 -0.04495  1.16834e+00 | 72  0.03454 -1.38500e+00
 73 -0.04932  1.73297e-01 | 74 -0.01688 -8.84048e-01 | 75  0.00453 -3.59717e+00
 76  0.02118 -4.23359e+00 | 77  0.01777 -9.69848e-01 | 78 -0.00956 -5.90321e-01
 79  0.05364  2.28494e+00 | 80 -0.00004 -1.85645e+00 | 81  0.00648 -3.79325e+00
 82  0.01224 -1.76219e+00 | 83 -0.01980  5.08044e-01 | 84 -0.04805  6.21174e-01
 85  0.00055  5.16009e-01 | 86  0.03002 -1.18837e+00 | 87  0.05148  2.99008e+00
 88  0.02539 -6.34049e-01 | 89 -0.01165 -1.22537e+00 | 90 -0.02786 -2.31474e+00
 91  0.01438 -1.05015e+00 | 92 -0.00826  1.06188e+00 | 93  0.02328  3.81101e+00
 94 -0.02937 -2.07611e+00 | 95  0.01966  2.64801e+00 | 96  0.00822  6.90672e-01
 97 -0.01231  1.11478e+00 | 98  0.00358  7.65232e-01 | 99  0.00137 -8.71081e-02
100  0.00198  9.04419e-01 |101 -0.01608  9.03122e-01 |102 -0.01404  6.01117e-01
103  0.02667  9.26821e-01 |104 -0.00158  4.76673e-01 |105  0.00045  3.51506e-01
106  0.00045  3.51493e-01 |107  0.79775  8.02025e-01 |108 -0.42219  3.47395e+00
109  0.21714 -1.16270e+01 |110 -0.25118  3.55955e+01 |
110 variables; iteration 40; function evaluation 47; phase 5
Function value 2.1881330e+03; maximum gradient component mag 5.3844e+00
Var    Value     Gradient |Var    Value     Gradient |Var    Value     Gradient
  1 -0.45606  6.38599e-01 |  2 -0.42475  3.24064e+00 |  3 -0.39591  2.18924e+00
  4 -0.42448  1.73063e-01 |  5 -0.40603 -4.19503e-01 |  6  0.62462 -4.35054e-01
  7  0.01332 -2.74554e-02 |  8  0.00876  5.78075e-02 |  9  0.01836  1.19809e-01
 10 -0.00494  3.63447e-01 | 11  0.00990 -3.66187e-01 | 12  0.02513 -1.81947e-01
 13 -0.00757  1.64938e-02 | 14  0.01798  1.10900e-02 | 15 -0.02352  1.91585e-02
 16  0.02164 -5.97001e-01 | 17  0.00487 -4.00397e-02 | 18 -0.02450  9.51500e-02
 19 -0.00094  5.09960e-01 | 20 -0.02197  8.30278e-01 | 21  0.00455  7.21270e-02
 22 -0.02526 -5.74273e-02 | 23 -0.00078 -1.85014e+00 | 24  0.03229  3.44018e-01
 25  0.03450 -3.23472e-01 | 26 -0.01873 -4.61411e-01 | 27 -0.00684 -5.29004e-02
 28 -0.00457 -5.03674e-01 | 29 -0.00298 -3.23160e-01 | 30 -0.00509 -3.29242e-01
 31 -0.02833 -1.03423e+00 | 32 -0.02486 -2.60017e-01 | 33  0.00392 -2.63682e-01
 34  0.04580  1.79029e-01 | 35  0.01677  2.40097e-03 | 36 -0.03762  1.41395e-01
 37 -0.02494  1.29317e-02 | 38  0.01996  6.23078e-01 | 39  0.00840 -1.80161e-01
 40 -0.03924 -1.50461e+00 | 41 -0.02171  9.38168e-01 | 42  0.00681  9.48610e-02
 43 -0.01826  9.28204e-01 | 44  0.03615  2.19147e-01 | 45 -0.04829 -1.11042e+00
 46 -0.02026 -2.30816e-01 | 47  0.00112  5.20953e-01 | 48  0.01987 -1.58732e-02
 49  0.00749  8.68660e-01 | 50  0.00874 -6.37418e-01 | 51  0.00404 -6.12723e-01
 52  0.00650  7.51587e-01 | 53  0.00895 -6.01497e-01 | 54  0.01812  2.61203e-01
 55  0.03637  6.59304e-01 | 56 -0.03932 -1.38394e-01 | 57 -0.00104  8.63600e-01
 58  0.01610  1.21086e-01 | 59  0.01171  1.30432e-01 | 60 -0.02173  3.67510e-01
 61 -0.01328  6.35569e-01 | 62 -0.00893 -2.14565e-01 | 63  0.02226 -6.12052e-01
 64  0.00093  6.38165e-01 | 65  0.00166 -7.40209e-01 | 66  0.01249 -4.84302e-02
 67 -0.01781 -2.37394e-03 | 68 -0.02061  6.33954e-02 | 69  0.00285  1.15166e+00
 70  0.02314  4.78141e-02 | 71 -0.04495  1.38605e+00 | 72  0.03454  2.02931e-02
 73 -0.04931  2.85402e-01 | 74 -0.01688 -5.77884e-02 | 75  0.00461 -5.76195e-01
 76  0.02118 -3.15303e+00 | 77  0.01775 -9.10536e-01 | 78 -0.00956 -2.21913e-01
 79  0.05358  5.18248e-02 | 80 -0.00001 -5.58282e-01 | 81  0.00661  5.14347e-01
 82  0.01227  1.17996e+00 | 83 -0.01986 -9.39933e-03 | 84 -0.04807  6.61266e-01
 85  0.00051  4.67024e-03 | 86  0.03001 -8.54851e-01 | 87  0.05142 -2.70462e-01
 88  0.02555  5.38440e+00 | 89 -0.01160  2.67425e-01 | 90 -0.02782 -1.22609e+00
 91  0.01444  8.97721e-01 | 92 -0.00829  3.11399e-01 | 93  0.02311 -1.77311e+00
 94 -0.02924 -1.12769e-01 | 95  0.01957  2.35543e-01 | 96  0.00816 -3.31698e-01
 97 -0.01239  2.55744e-02 | 98  0.00352  4.28355e-01 | 99  0.00135 -1.08187e-01
100  0.00187 -1.84277e-01 |101 -0.01618  7.95306e-02 |102 -0.01412 -4.49916e-02
103  0.02660 -6.34610e-01 |104 -0.00138  3.66604e-01 |105  0.00046 -1.24553e-03
106  0.00046 -1.26693e-03 |107  0.79777 -2.82330e-01 |108 -0.42225  1.06968e+00
109  0.21763 -4.82574e-01 |110 -0.25117  2.37407e+00 |
110 variables; iteration 60; function evaluation 72; phase 5
Function value 2.1881313e+03; maximum gradient component mag -1.4023e+00
Var    Value     Gradient |Var    Value     Gradient |Var    Value     Gradient
  1 -0.45641 -2.52767e-03 |  2 -0.42480  7.14333e-01 |  3 -0.39576  4.15100e-01
  4 -0.42464  6.99026e-02 |  5 -0.40578  4.22325e-02 |  6  0.62462 -1.90429e-01
  7  0.01332 -4.43366e-02 |  8  0.00869 -5.53023e-02 |  9  0.01823 -9.71502e-02
 10 -0.00517 -3.62545e-02 | 11  0.01008 -3.99577e-02 | 12  0.02530  1.35415e-01
 13 -0.00759 -3.56944e-02 | 14  0.01802  9.32191e-02 | 15 -0.02371 -3.79229e-01
 16  0.02185  1.91401e-02 | 17  0.00488 -3.35630e-02 | 18 -0.02453 -3.19209e-03
 19 -0.00107 -1.06481e-02 | 20 -0.02218  1.15403e-01 | 21  0.00444 -4.95016e-01
 22 -0.02518  2.33293e-01 | 23 -0.00052 -2.99143e-01 | 24  0.03225 -1.45232e-01
 25  0.03454  1.97540e-01 | 26 -0.01870 -2.44365e-01 | 27 -0.00681  1.94684e-01
 28 -0.00456 -3.79192e-01 | 29 -0.00293  2.17213e-01 | 30 -0.00506  1.06905e-01
 31 -0.02821  1.89822e-01 | 32 -0.02483 -5.03017e-02 | 33  0.00392 -3.62513e-01
 34  0.04578 -5.57966e-01 | 35  0.01676 -2.22745e-01 | 36 -0.03763  2.95094e-03
 37 -0.02497 -2.70228e-01 | 38  0.01995  2.45287e-01 | 39  0.00840 -4.15552e-02
 40 -0.03906  1.53616e-02 | 41 -0.02177  3.32938e-01 | 42  0.00680 -1.83380e-01
 43 -0.01831  3.32388e-01 | 44  0.03614  1.69894e-01 | 45 -0.04816 -1.27835e-01
 46 -0.02027 -3.40501e-01 | 47  0.00109  5.14029e-02 | 48  0.01989  4.23369e-01
 49  0.00746  3.95692e-01 | 50  0.00875 -5.95520e-01 | 51  0.00411  3.38304e-01
 52  0.00644 -4.15928e-02 | 53  0.00897 -2.66288e-01 | 54  0.01813  3.54530e-01
 55  0.03637  7.07758e-01 | 56 -0.03929  1.21062e-01 | 57 -0.00107  3.69474e-01
 58  0.01609 -1.47645e-01 | 59  0.01171  1.23525e-02 | 60 -0.02174  1.27178e-01
 61 -0.01333 -1.00403e-01 | 62 -0.00894 -2.93133e-01 | 63  0.02229  3.83298e-01
 64  0.00091 -2.21312e-02 | 65  0.00172  8.87059e-01 | 66  0.01250  4.33102e-01
 67 -0.01782 -1.69020e-01 | 68 -0.02064 -4.27630e-01 | 69  0.00285  1.07042e+00
 70  0.02314 -3.57692e-02 | 71 -0.04507 -1.79076e-01 | 72  0.03454  4.72685e-02
 73 -0.04933  1.83634e-03 | 74 -0.01688  1.88483e-02 | 75  0.00462 -1.33338e-01
 76  0.02126 -2.18258e-01 | 77  0.01778 -5.74094e-03 | 78 -0.00952  5.60055e-01
 79  0.05358  2.37520e-02 | 80  0.00001 -6.74249e-03 | 81  0.00664  1.26852e+00
 82  0.01224  3.35943e-01 | 83 -0.01986 -1.03762e-01 | 84 -0.04813 -2.15988e-01
 85  0.00047 -1.06463e+00 | 86  0.03005  3.75405e-01 | 87  0.05144 -4.65189e-03
 88  0.02543  1.27511e+00 | 89 -0.01161 -2.26326e-01 | 90 -0.02774 -3.66055e-02
 91  0.01438 -8.45232e-01 | 92 -0.00830  1.81002e-01 | 93  0.02316  9.35853e-02
 94 -0.02925 -1.70078e-01 | 95  0.01952 -1.40231e+00 | 96  0.00814 -9.01974e-01
 97 -0.01238  1.85631e-01 | 98  0.00348 -2.44526e-01 | 99  0.00134 -2.05561e-01
100  0.00189  2.25994e-01 |101 -0.01619 -3.72265e-02 |102 -0.01415 -2.07685e-01
103  0.02670 -9.68577e-02 |104 -0.00179 -3.09308e-01 |105  0.00047  7.60364e-03
106  0.00047  7.63814e-03 |107  0.79788 -5.22785e-02 |108 -0.42223  4.06655e-01
109  0.21749 -2.36425e-02 |110 -0.25121 -6.45644e-03 |
110 variables; iteration 80; function evaluation 101; phase 5
Function value 2.1881309e+03; maximum gradient component mag 2.1159e-01
Var    Value     Gradient |Var    Value     Gradient |Var    Value     Gradient
  1 -0.45629 -2.86817e-03 |  2 -0.42479  3.30841e-02 |  3 -0.39580  2.37166e-02
  4 -0.42471  7.36782e-04 |  5 -0.40580 -3.41195e-03 |  6  0.62464 -1.95531e-02
  7  0.01330 -5.66525e-02 |  8  0.00872 -2.08776e-03 |  9  0.01829 -2.28930e-03
 10 -0.00518 -3.70602e-02 | 11  0.01014  6.57453e-02 | 12  0.02522 -1.13526e-02
 13 -0.00759 -1.54110e-02 | 14  0.01796 -5.21180e-02 | 15 -0.02351  5.00226e-02
 16  0.02181 -9.69856e-02 | 17  0.00486 -8.11465e-02 | 18 -0.02457 -8.35868e-02
 19 -0.00109 -3.62216e-02 | 20 -0.02222 -2.76454e-02 | 21  0.00453 -1.85753e-02
 22 -0.02525 -2.66866e-02 | 23 -0.00049 -3.42175e-02 | 24  0.03226  6.96012e-02
 25  0.03452  2.59600e-02 | 26 -0.01865  1.45302e-01 | 27 -0.00684 -3.64953e-02
 28 -0.00453 -2.00095e-02 | 29 -0.00295  8.17722e-02 | 30 -0.00506  4.14966e-02
 31 -0.02824 -8.21237e-02 | 32 -0.02484 -8.98056e-02 | 33  0.00395  1.03843e-01
 34  0.04579 -2.02701e-02 | 35  0.01677  6.28708e-02 | 36 -0.03765 -7.36862e-02
 37 -0.02495 -6.45845e-02 | 38  0.01993  5.05214e-02 | 39  0.00840 -2.07902e-02
 40 -0.03907 -8.32378e-02 | 41 -0.02181 -5.01765e-02 | 42  0.00680 -2.79670e-02
 43 -0.01835 -5.84778e-02 | 44  0.03613  1.31966e-02 | 45 -0.04813  7.79821e-02
 46 -0.02023  1.16904e-01 | 47  0.00109  7.71459e-02 | 48  0.01987 -6.99691e-03
 49  0.00744  4.95740e-02 | 50  0.00879  3.97994e-02 | 51  0.00409  7.56010e-02
 52  0.00643 -6.02308e-02 | 53  0.00899 -2.49964e-02 | 54  0.01811  1.22085e-01
 55  0.03634 -3.49449e-02 | 56 -0.03931 -6.04780e-03 | 57 -0.00110 -9.45040e-04
 58  0.01610 -6.03023e-03 | 59  0.01170  4.03881e-02 | 60 -0.02175  2.32485e-02
 61 -0.01333 -1.26034e-01 | 62 -0.00893 -6.70500e-02 | 63  0.02228  2.39632e-02
 64  0.00091  5.51124e-02 | 65  0.00168 -2.69592e-02 | 66  0.01249  2.33305e-02
 67 -0.01781  9.83015e-02 | 68 -0.02061  7.62326e-02 | 69  0.00281  4.18688e-02
 70  0.02314  2.07377e-03 | 71 -0.04505  1.21113e-01 | 72  0.03454  2.21005e-03
 73 -0.04933  4.35233e-02 | 74 -0.01689  6.31504e-02 | 75  0.00462 -7.91535e-03
 76  0.02126 -1.79848e-02 | 77  0.01778  2.10887e-02 | 78 -0.00955 -6.22940e-02
 79  0.05358  6.14371e-03 | 80  0.00001 -4.07188e-02 | 81  0.00659  1.64576e-02
 82  0.01223  8.00050e-03 | 83 -0.01984  2.11593e-01 | 84 -0.04813 -3.80408e-02
 85  0.00051  5.15118e-02 | 86  0.03003  7.82818e-03 | 87  0.05143  3.96701e-03
 88  0.02539  4.68204e-02 | 89 -0.01161 -5.05681e-02 | 90 -0.02774  2.03448e-02
 91  0.01440 -5.61171e-02 | 92 -0.00831  2.76411e-02 | 93  0.02316 -8.36468e-03
 94 -0.02925 -4.41231e-02 | 95  0.01956 -1.00137e-01 | 96  0.00817  8.64817e-03
 97 -0.01240 -1.29109e-01 | 98  0.00348 -1.69601e-01 | 99  0.00135 -9.40498e-02
100  0.00188  3.28628e-02 |101 -0.01620 -1.82592e-01 |102 -0.01410  1.08241e-01
103  0.02673  3.15097e-02 |104 -0.00156  5.57941e-02 |105  0.00046 -2.22088e-03
106  0.00046 -2.23198e-03 |107  0.79785 -4.47223e-03 |108 -0.42224  2.50396e-02
109  0.21753  8.18644e-03 |110 -0.25120 -6.81917e-03 |
110 variables; iteration 100; function evaluation 130; phase 5
Function value 2.1881308e+03; maximum gradient component mag -5.0475e-02
Var    Value     Gradient |Var    Value     Gradient |Var    Value     Gradient
  1 -0.45629 -3.02072e-04 |  2 -0.42479  6.49347e-03 |  3 -0.39580  3.25616e-03
  4 -0.42471 -1.58838e-03 |  5 -0.40581 -1.35934e-03 |  6  0.62464  2.31075e-03
  7  0.01332 -1.11966e-02 |  8  0.00872 -2.23581e-03 |  9  0.01828 -9.83534e-03
 10 -0.00514  1.71539e-02 | 11  0.01012  3.93115e-02 | 12  0.02520 -4.67257e-02
 13 -0.00758 -3.15115e-03 | 14  0.01798 -1.59712e-04 | 15 -0.02354 -1.07711e-02
 16  0.02183 -2.42048e-02 | 17  0.00487 -2.58080e-02 | 18 -0.02456 -4.60264e-02
 19 -0.00107  2.89021e-02 | 20 -0.02223 -2.60041e-02 | 21  0.00453 -5.37160e-03
 22 -0.02524  3.18615e-03 | 23 -0.00048  3.99771e-03 | 24  0.03225 -1.99047e-02
 25  0.03452  2.57739e-02 | 26 -0.01867 -5.84132e-03 | 27 -0.00684 -5.82236e-03
 28 -0.00453  2.12408e-02 | 29 -0.00295  1.49515e-02 | 30 -0.00507  9.16191e-03
 31 -0.02823 -4.80811e-03 | 32 -0.02483  2.31654e-02 | 33  0.00394  3.71264e-03
 34  0.04579 -2.28280e-03 | 35  0.01677 -1.41674e-02 | 36 -0.03763  2.89189e-02
 37 -0.02494  4.02682e-02 | 38  0.01993  3.10907e-03 | 39  0.00840  4.79687e-02
 40 -0.03906  6.62799e-03 | 41 -0.02181  2.92395e-03 | 42  0.00681  1.41848e-02
 43 -0.01834  1.94281e-02 | 44  0.03613 -1.64844e-03 | 45 -0.04814  3.13304e-04
 46 -0.02025 -3.41860e-03 | 47  0.00108 -1.44887e-03 | 48  0.01987 -1.25881e-02
 49  0.00743 -6.17511e-03 | 50  0.00878  4.47568e-03 | 51  0.00408 -1.83864e-02
 52  0.00644  1.95980e-02 | 53  0.00899 -4.96694e-03 | 54  0.01811  1.45313e-02
 55  0.03634 -1.54473e-02 | 56 -0.03931 -9.39941e-03 | 57 -0.00109  1.75343e-02
 58  0.01609 -2.85772e-02 | 59  0.01170 -3.55739e-03 | 60 -0.02176 -1.57804e-02
 61 -0.01333 -1.84936e-02 | 62 -0.00892  3.71833e-02 | 63  0.02228 -1.27256e-03
 64  0.00090  5.90183e-03 | 65  0.00168 -5.17234e-03 | 66  0.01249  5.64932e-03
 67 -0.01782 -1.07724e-02 | 68 -0.02062 -2.68255e-02 | 69  0.00281  6.98573e-03
 70  0.02314 -1.72927e-03 | 71 -0.04505  1.35927e-02 | 72  0.03454 -6.10368e-04
 73 -0.04933  4.00027e-03 | 74 -0.01689 -2.33884e-02 | 75  0.00462  5.52064e-03
 76  0.02126 -2.35127e-03 | 77  0.01778  4.85023e-04 | 78 -0.00955  1.94486e-02
 79  0.05358 -2.02085e-04 | 80  0.00001 -8.96680e-03 | 81  0.00659 -1.93853e-04
 82  0.01223  1.82435e-03 | 83 -0.01986 -8.00422e-03 | 84 -0.04813 -4.12533e-02
 85  0.00050  3.86678e-03 | 86  0.03003 -9.92687e-04 | 87  0.05143 -6.12887e-04
 88  0.02539  2.56310e-03 | 89 -0.01160  1.46162e-02 | 90 -0.02775 -1.79359e-02
 91  0.01440 -6.61159e-03 | 92 -0.00831  1.04776e-02 | 93  0.02316  9.98011e-04
 94 -0.02924  3.83721e-03 | 95  0.01956 -5.63390e-03 | 96  0.00817  4.79141e-03
 97 -0.01239  2.93862e-02 | 98  0.00350  4.41945e-02 | 99  0.00136 -1.71254e-02
100  0.00188  2.41495e-03 |101 -0.01619 -5.04745e-02 |102 -0.01411  4.05041e-02
103  0.02673 -5.71780e-04 |104 -0.00160  2.56156e-03 |105  0.00046 -1.81791e-03
106  0.00046 -1.85746e-03 |107  0.79785 -1.27120e-03 |108 -0.42224  3.02200e-03
109  0.21753 -3.11452e-03 |110 -0.25120 -2.27202e-03 |

 - final statistics:
110 variables; iteration 119; function evaluation 163
Function value 2.1881e+03; maximum gradient component mag 1.5770e-05
Exit code = 1;  converg criter 1.0000e-04
Var    Value     Gradient |Var    Value     Gradient |Var    Value     Gradient
  1 -0.45628 -1.18117e-08 |  2 -0.42479  1.55972e-08 |  3 -0.39580 -1.55459e-07
  4 -0.42471 -3.55483e-08 |  5 -0.40581 -6.10093e-08 |  6  0.62464 -1.23795e-07
  7  0.01333  3.32398e-07 |  8  0.00872 -1.26307e-07 |  9  0.01829  1.42257e-07
 10 -0.00516 -2.38724e-07 | 11  0.01010 -6.00905e-07 | 12  0.02522  7.33986e-07
 13 -0.00758 -3.57742e-07 | 14  0.01798  4.82246e-08 | 15 -0.02353  2.04380e-07
 16  0.02184  4.26736e-07 | 17  0.00488  4.36169e-07 | 18 -0.02454  7.61117e-07
 19 -0.00108 -3.94488e-07 | 20 -0.02222  4.52832e-07 | 21  0.00453  1.74231e-07
 22 -0.02525  1.49049e-08 | 23 -0.00048  6.12219e-08 | 24  0.03225  8.28159e-07
 25  0.03451  2.44977e-06 | 26 -0.01867 -7.86478e-08 | 27 -0.00684 -1.20350e-06
 28 -0.00453 -4.62862e-06 | 29 -0.00296 -1.54259e-05 | 30 -0.00507  1.57696e-05
 31 -0.02823  8.27631e-07 | 32 -0.02483 -3.93196e-08 | 33  0.00394 -3.98432e-07
 34  0.04579  1.86797e-07 | 35  0.01677  2.93224e-07 | 36 -0.03764 -5.41601e-07
 37 -0.02494 -8.77680e-07 | 38  0.01993  2.04149e-07 | 39  0.00840 -1.07800e-06
 40 -0.03906 -1.68491e-07 | 41 -0.02181 -1.41472e-07 | 42  0.00680  7.14704e-07
 43 -0.01834 -5.46902e-07 | 44  0.03613  2.29796e-07 | 45 -0.04814 -8.42783e-08
 46 -0.02025 -2.57581e-07 | 47  0.00108  7.34588e-07 | 48  0.01987  4.11026e-07
 49  0.00743  9.51969e-07 | 50  0.00878  7.11278e-07 | 51  0.00408  5.92864e-07
 52  0.00644 -2.04843e-06 | 53  0.00899 -2.33341e-07 | 54  0.01811 -5.67276e-08
 55  0.03634  1.91979e-07 | 56 -0.03931  1.47726e-07 | 57 -0.00110 -1.02722e-06
 58  0.01610  4.96676e-07 | 59  0.01170  1.32962e-07 | 60 -0.02176  1.31757e-06
 61 -0.01332 -8.74065e-08 | 62 -0.00893 -2.68178e-07 | 63  0.02228  1.11806e-07
 64  0.00090  3.52731e-08 | 65  0.00168  2.24746e-07 | 66  0.01248  3.54067e-08
 67 -0.01782  3.47220e-07 | 68 -0.02062  6.11559e-07 | 69  0.00281 -3.00116e-08
 70  0.02314 -7.77741e-08 | 71 -0.04506  4.38842e-06 | 72  0.03454  2.26529e-07
 73 -0.04933 -1.11494e-05 | 74 -0.01689  1.05589e-06 | 75  0.00462  5.75818e-08
 76  0.02126  9.90330e-08 | 77  0.01778  9.20266e-08 | 78 -0.00955 -7.07895e-08
 79  0.05358  1.30572e-07 | 80  0.00001  3.32300e-07 | 81  0.00659  1.49491e-07
 82  0.01223  8.88778e-08 | 83 -0.01986  6.45122e-07 | 84 -0.04812 -2.69381e-06
 85  0.00050  3.11450e-07 | 86  0.03003  1.25481e-07 | 87  0.05143  1.06811e-07
 88  0.02539  7.24085e-08 | 89 -0.01160 -2.21581e-08 | 90 -0.02775  5.01364e-07
 91  0.01440  2.67817e-07 | 92 -0.00832  8.31538e-08 | 93  0.02316  1.59820e-07
 94 -0.02924  5.77407e-07 | 95  0.01956  3.59124e-07 | 96  0.00817  2.45882e-07
 97 -0.01239  4.29923e-07 | 98  0.00349 -2.82706e-07 | 99  0.00136  1.22911e-06
100  0.00188  1.34883e-06 |101 -0.01618  3.60800e-07 |102 -0.01411 -9.75655e-07
103  0.02673 -2.05848e-07 |104 -0.00160 -3.57621e-09 |105  0.00046  1.22725e-06
106  0.00046 -1.11727e-06 |107  0.79785  4.17890e-08 |108 -0.42224 -1.76844e-08
109  0.21753  2.92836e-08 |110 -0.25120  3.88219e-08 |

 - final statistics:
122 variables; iteration 0; function evaluation 0
Function value 2.1881e+03; maximum gradient component mag 1.5770e-05
Exit code = 0;  converg criter 1.0000e-04
Var    Value     Gradient |Var    Value     Gradient |Var    Value     Gradient
  1 -0.45628 -1.17846e-08 |  2 -0.42479  1.60046e-08 |  3 -0.39580 -1.55312e-07
  4 -0.42471 -3.55395e-08 |  5 -0.40581 -6.09864e-08 |  6  0.62464 -1.23712e-07
  7  0.01333  3.32399e-07 |  8  0.00872 -1.26307e-07 |  9  0.01829  1.42257e-07
 10 -0.00516 -2.38723e-07 | 11  0.01010 -6.00905e-07 | 12  0.02522  7.34477e-07
 13 -0.00758 -3.57251e-07 | 14  0.01798  4.87153e-08 | 15 -0.02353  2.04871e-07
 16  0.02184  4.27227e-07 | 17  0.00488  4.36661e-07 | 18 -0.02454  7.61608e-07
 19 -0.00108 -3.93997e-07 | 20 -0.02222  4.53322e-07 | 21  0.00453  1.74722e-07
 22 -0.02525  1.53955e-08 | 23 -0.00048  6.17130e-08 | 24  0.03225  8.28650e-07
 25  0.03451  2.45026e-06 | 26 -0.01867 -7.81573e-08 | 27 -0.00684 -1.20301e-06
 28 -0.00453 -4.62813e-06 | 29 -0.00296 -1.54254e-05 | 30 -0.00507  1.57701e-05
 31 -0.02823  8.28122e-07 | 32 -0.02483 -3.88281e-08 | 33  0.00394 -3.97939e-07
 34  0.04579  1.87289e-07 | 35  0.01677  2.93715e-07 | 36 -0.03764 -5.41111e-07
 37 -0.02494 -8.77188e-07 | 38  0.01993  2.04642e-07 | 39  0.00840 -1.07750e-06
 40 -0.03906 -1.68001e-07 | 41 -0.02181 -1.40981e-07 | 42  0.00680  7.15197e-07
 43 -0.01834 -5.46410e-07 | 44  0.03613  2.30289e-07 | 45 -0.04814 -8.37886e-08
 46 -0.02025 -2.57089e-07 | 47  0.00108  7.35080e-07 | 48  0.01987  4.11518e-07
 49  0.00743  9.52462e-07 | 50  0.00878  7.11772e-07 | 51  0.00408  5.93357e-07
 52  0.00644 -2.04794e-06 | 53  0.00899 -2.32847e-07 | 54  0.01811 -5.62323e-08
 55  0.03634  1.92476e-07 | 56 -0.03931  1.48218e-07 | 57 -0.00110 -1.02672e-06
 58  0.01610  4.97169e-07 | 59  0.01170  1.33456e-07 | 60 -0.02176  1.31806e-06
 61 -0.01332 -8.69116e-08 | 62 -0.00893 -2.67682e-07 | 63  0.02228  1.12305e-07
 64  0.00090  3.57694e-08 | 65  0.00168  2.25241e-07 | 66  0.01248  3.59031e-08
 67 -0.01782  3.47714e-07 | 68 -0.02062  6.12053e-07 | 69  0.00281 -2.95189e-08
 70  0.02314 -7.72770e-08 | 71 -0.04506  4.38891e-06 | 72  0.03454  2.27026e-07
 73 -0.04933 -1.11489e-05 | 74 -0.01689  1.05638e-06 | 75  0.00462  5.80770e-08
 76  0.02126  9.95298e-08 | 77  0.01778  9.25231e-08 | 78 -0.00955 -7.02946e-08
 79  0.05358  1.31072e-07 | 80  0.00001  3.32794e-07 | 81  0.00659  1.49986e-07
 82  0.01223  8.93718e-08 | 83 -0.01986  6.45615e-07 | 84 -0.04812 -2.69332e-06
 85  0.00050  3.11945e-07 | 86  0.03003  1.25977e-07 | 87  0.05143  1.07308e-07
 88  0.02539  7.29012e-08 | 89 -0.01160 -2.16653e-08 | 90 -0.02775  5.01855e-07
 91  0.01440  2.68312e-07 | 92 -0.00832  8.36467e-08 | 93  0.02316  1.60314e-07
 94 -0.02924  5.77898e-07 | 95  0.01956  3.59614e-07 | 96  0.00817  2.46373e-07
 97 -0.01239  4.30414e-07 | 98  0.00349 -2.82215e-07 | 99  0.00136  1.22961e-06
100  0.00188  1.34932e-06 |101 -0.01618  3.61291e-07 |102 -0.01411 -9.75164e-07
103  0.02673 -2.05357e-07 |104 -0.00160 -3.08550e-09 |105  0.00046  1.22774e-06
106  0.00046 -1.11678e-06 |107  0.00000  0.00000e+00 |108  0.00000  0.00000e+00
109  0.00000  0.00000e+00 |110  0.00000  0.00000e+00 |111  0.00000  0.00000e+00
112  0.00000  0.00000e+00 |113  0.00000  0.00000e+00 |114  0.00000  0.00000e+00
115  0.00000  0.00000e+00 |116  0.00000  0.00000e+00 |117  0.00000  0.00000e+00
118  0.00000  0.00000e+00 |119  0.79785  4.17770e-08 |120 -0.42224 -1.76167e-08
121  0.21753  2.92743e-08 |122 -0.25120  3.88517e-08 |
size of file gradfil1.tmp = 0
size of file gradfil2.tmp = 0
size of file varssave.tmp = 0
size of file cmpdiff.tmp = 0
