
Initial statistics: 1 variables; iteration 0; function evaluation 0; phase 1
Function value 2.5906281e+03; maximum gradient component mag -7.0946e+03
Var    Value     Gradient |Var    Value     Gradient |Var    Value     Gradient
  1  0.63197 -7.09456e+03 |

 - final statistics:
1 variables; iteration 4; function evaluation 7
Function value 2.5551e+03; maximum gradient component mag -7.2870e+00
Exit code = 1;  converg criter 1.0000e+01
Var    Value     Gradient |Var    Value     Gradient |Var    Value     Gradient
  1  0.64302 -7.28702e+00 |

Initial statistics: 98 variables; iteration 0; function evaluation 0; phase 2
Function value 2.5550526e+03; maximum gradient component mag -2.1222e+03
Var    Value     Gradient |Var    Value     Gradient |Var    Value     Gradient
  1  0.64302 -7.28702e+00 |  2  0.00000  3.01256e+01 |  3  0.00000  5.80879e+00
  4  0.00000 -1.25074e+00 |  5  0.00000 -7.80041e+01 |  6  0.00000  4.63201e+01
  7  0.00000  4.81478e+01 |  8  0.00000  2.23502e+01 |  9  0.00000  3.25323e+01
 10  0.00000  4.55208e+00 | 11  0.00000  7.81109e+01 | 12  0.00000 -1.61137e+01
 13  0.00000 -3.54355e+01 | 14  0.00000 -3.06093e+01 | 15  0.00000  2.87227e+02
 16  0.00000 -1.47223e+02 | 17  0.00000 -4.16996e+01 | 18  0.00000 -3.03981e+02
 19  0.00000 -4.46679e+02 | 20  0.00000 -3.98446e+02 | 21  0.00000  1.54969e+02
 22  0.00000 -9.25297e+01 | 23  0.00000 -2.92246e+01 | 24  0.00000  1.34075e+02
 25  0.00000 -2.40182e+02 | 26  0.00000 -2.74630e+00 | 27  0.00000 -2.17552e+02
 28  0.00000  2.36065e+02 | 29  0.00000 -4.09916e+00 | 30  0.00000  1.27618e+01
 31  0.00000  9.06533e+01 | 32  0.00000  3.78885e+02 | 33  0.00000  6.08468e+01
 34  0.00000  2.90277e+02 | 35  0.00000 -2.91842e+01 | 36  0.00000 -2.34466e+02
 37  0.00000 -4.79392e+01 | 38  0.00000 -3.95825e+02 | 39  0.00000 -1.64569e+02
 40  0.00000  1.80054e+02 | 41  0.00000 -1.60310e+02 | 42  0.00000  3.93853e+02
 43  0.00000  4.40890e+02 | 44  0.00000  9.20234e+00 | 45  0.00000  7.30634e+02
 46  0.00000  1.68404e+02 | 47  0.00000 -3.06303e+02 | 48  0.00000  4.97738e+02
 49  0.00000 -2.15417e+02 | 50  0.00000 -1.02594e+02 | 51  0.00000  6.52135e+02
 52  0.00000  1.19813e+03 | 53  0.00000  5.87154e+02 | 54  0.00000 -8.45781e+01
 55  0.00000 -5.77625e+02 | 56  0.00000  1.79315e+02 | 57  0.00000  3.47913e+02
 58  0.00000  7.16853e+02 | 59  0.00000 -2.10811e+01 | 60  0.00000 -7.88339e+00
 61  0.00000 -5.00695e+02 | 62  0.00000 -3.31056e+02 | 63  0.00000  2.69878e+02
 64  0.00000 -6.20134e+02 | 65  0.00000  4.80424e+02 | 66  0.00000 -2.10273e+03
 67  0.00000 -5.13655e+02 | 68  0.00000 -5.23013e+02 | 69  0.00000  1.83265e+02
 70  0.00000  1.03176e+03 | 71  0.00000  6.66025e+02 | 72  0.00000  9.17576e+02
 73  0.00000  3.55839e+02 | 74  0.00000 -5.27639e+02 | 75  0.00000 -2.12219e+03
 76  0.00000  1.24046e+02 | 77  0.00000  4.18882e+02 | 78  0.00000  4.91578e+02
 79  0.00000  5.12335e+02 | 80  0.00000 -4.18677e+02 | 81  0.00000 -3.40702e+02
 82  0.00000 -7.93217e+02 | 83  0.00000 -3.39839e+02 | 84  0.00000  3.02903e+02
 85  0.00000  3.74858e+02 | 86  0.00000  1.51514e+02 | 87  0.00000 -7.19868e+02
 88  0.00000  5.47683e+02 | 89  0.00000  2.93573e+02 | 90  0.00000 -9.88895e+02
 91  0.00000  2.00183e+02 | 92  0.00000 -7.77805e+00 | 93  0.00000 -3.74164e+01
 94  0.00000 -1.34251e+01 | 95  0.00000 -1.91265e+00 | 96  0.00000 -1.91275e+00
 97  0.81654 -1.11996e+01 | 98  0.22185  3.29598e+02 |

Intermediate statistics: 98 variables; iteration 20; function evaluation 33; phase 2
Function value 2.2135472e+03; maximum gradient component mag -1.0508e+03
Var    Value     Gradient |Var    Value     Gradient |Var    Value     Gradient
  1  0.63924  1.50918e+01 |  2 -0.05678 -7.68860e+01 |  3  0.00465  1.11572e+01
  4  0.00313  1.65376e-01 |  5  0.00968 -5.99933e+01 |  6  0.02387  1.07325e+02
  7  0.01085  7.11905e+01 |  8 -0.01659 -3.93824e+01 |  9 -0.03310 -8.51089e+01
 10  0.00347  2.07010e+00 | 11 -0.07644 -1.98002e+02 | 12  0.00299 -2.20192e+01
 13 -0.00305 -7.81631e+01 | 14  0.00107 -4.64267e+01 | 15 -0.00217  2.48249e+02
 16  0.00654 -9.69655e+01 | 17 -0.00601 -1.01826e+02 | 18  0.01614 -1.03920e+02
 19  0.02608 -8.11506e+01 | 20  0.02119 -1.15586e+02 | 21 -0.01745 -4.34971e+01
 22  0.00142 -1.11352e+02 | 23 -0.00231 -9.28090e+01 | 24 -0.00459  4.53054e+01
 25  0.01308 -7.87894e+01 | 26 -0.00027 -2.59948e+01 | 27  0.00910 -1.14310e+02
 28 -0.00497  1.43564e+02 | 29 -0.00321 -8.14743e+01 | 30 -0.00391 -7.76910e+01
 31 -0.00730 -4.95830e+01 | 32 -0.01250  1.65045e+02 | 33 -0.00397 -5.14731e+01
 34 -0.01158  8.33100e+01 | 35  0.00410 -2.00201e+01 | 36  0.01711 -2.62280e+01
 37  0.00321 -5.33224e+01 | 38  0.02079 -1.39912e+02 | 39  0.00970 -8.79658e+01
 40 -0.00244  8.83621e+01 | 41  0.01619  1.86666e+01 | 42 -0.01862  5.89762e+01
 43 -0.02229  4.11749e+01 | 44  0.00430 -7.60951e+00 | 45 -0.03793  1.33261e+02
 46  0.00140  1.09351e+02 | 47  0.00966 -2.20497e+02 | 48 -0.02351  5.98114e+01
 49  0.00519 -2.24634e+02 | 50  0.00150 -1.93482e+02 | 51 -0.01811  1.52787e+02
 52 -0.02923  4.47106e+02 | 53 -0.01020  2.14447e+02 | 54  0.00831  1.92809e+02
 55  0.02502  3.28203e+02 | 56 -0.00234  9.09427e+01 | 57 -0.00721  7.24600e+01
 58 -0.01707  2.13493e+02 | 59  0.00389  2.63277e+01 | 60 -0.00092 -4.11153e+01
 61  0.01338 -1.26558e+02 | 62  0.00757 -1.33356e+02 | 63 -0.00670  1.14293e+02
 64  0.02368  1.09633e+02 | 65 -0.01301  2.48253e+02 | 66  0.03189 -1.05084e+03
 67  0.00095 -4.01903e+02 | 68  0.00742 -2.81852e+02 | 69 -0.00229  1.39905e+02
 70 -0.01969  5.22880e+02 | 71 -0.00930  3.85165e+02 | 72 -0.01636  4.70751e+02
 73 -0.00456  2.59592e+02 | 74  0.00917 -1.60940e+02 | 75  0.03167 -9.80175e+02
 76 -0.00352  8.42844e+01 | 77 -0.00670  2.18236e+02 | 78 -0.01356  1.02963e+02
 79 -0.00910  2.69061e+02 | 80  0.01921  1.67853e+02 | 81  0.01307  7.94351e+01
 82  0.02406 -2.91592e+01 | 83  0.01170 -2.00612e+01 | 84 -0.00547  1.29661e+02
 85 -0.01068  7.89704e+01 | 86 -0.00677 -4.11860e+01 | 87  0.01740 -3.71365e+02
 88 -0.02308  8.15940e+01 | 89 -0.01785  2.28623e+01 | 90  0.04425 -2.63760e+02
 91 -0.04420 -1.47837e+02 | 92  0.01593  6.57896e+01 | 93  0.04908  1.97647e+02
 94  0.08652  1.28482e+02 | 95 -0.00972 -1.61394e+01 | 96 -0.00972 -1.61381e+01
 97  0.82078 -1.18498e+01 | 98  0.21805  3.24730e+01 |
98 variables; iteration 40; function evaluation 58; phase 2
Function value 2.1176578e+03; maximum gradient component mag 1.7625e+03
Var    Value     Gradient |Var    Value     Gradient |Var    Value     Gradient
  1  0.63913  1.76247e+03 |  2 -0.02216 -6.73085e+01 |  3 -0.00287 -5.54275e+01
  4  0.00160 -5.35642e+01 |  5  0.02461 -6.77324e+01 |  6 -0.02197 -6.65919e+01
  7 -0.01915 -6.34211e+01 |  8 -0.00155 -4.25112e+01 |  9 -0.00215 -3.66423e+01
 10  0.00199 -4.99670e+01 | 11 -0.01713 -6.22066e+01 | 12  0.00637 -4.59585e+01
 13  0.00868 -4.41086e+01 | 14  0.00553 -5.51981e+01 | 15 -0.03647 -2.94071e+01
 16  0.01715 -1.89563e+01 | 17  0.00400 -4.01208e+01 | 18  0.02186 -5.41476e+01
 19  0.03055 -3.34752e+01 | 20  0.02854 -2.13653e+01 | 21 -0.01426 -4.98562e+01
 22  0.00947 -2.87558e+01 | 23  0.00531 -2.84756e+01 | 24 -0.00759 -2.82236e+01
 25  0.01543 -7.29054e+01 | 26  0.00204 -2.71947e+01 | 27  0.01562 -3.87936e+01
 28 -0.01887 -4.88962e+01 | 29  0.00309 -2.22169e+01 | 30  0.00151 -2.77783e+01
 31 -0.00298 -2.11383e+01 | 32 -0.02718 -3.26471e+01 | 33 -0.00053 -3.97161e+01
 34 -0.01685 -1.38723e+01 | 35  0.00484 -3.39500e+01 | 36  0.01807 -2.10292e+01
 37  0.00671 -1.47184e+01 | 38  0.02841  9.32363e+00 | 39  0.01433 -2.12271e+01
 40 -0.00952 -1.68624e+01 | 41  0.01434 -2.18729e+01 | 42 -0.02065  9.73142e+00
 43 -0.02393 -3.40021e+00 | 44  0.00594  1.40144e+01 | 45 -0.04603  2.19712e+01
 46 -0.00554 -1.54618e+01 | 47  0.01951  8.23017e+00 | 48 -0.02864 -9.63352e+00
 49  0.01414  2.45118e+00 | 50  0.00903 -7.92241e-01 | 51 -0.02270  6.50073e+01
 52 -0.05128  1.01680e+02 | 53 -0.01486  8.59321e+01 | 54  0.00606  1.32876e+02
 55  0.02126  2.22088e+02 | 56 -0.00340  7.74918e+01 | 57 -0.00793  6.28444e+01
 58 -0.02274  8.65828e+01 | 59  0.00412  5.27564e+01 | 60  0.00313  9.81589e+01
 61  0.01773  6.65393e+01 | 62  0.01329  6.50272e+01 | 63 -0.00797  7.94691e+01
 64  0.02337  1.05530e+02 | 65 -0.02126  9.32507e+01 | 66  0.05075 -2.49279e+01
 67  0.01391  4.38176e+01 | 68  0.01646  5.82532e+01 | 69 -0.00425  8.54464e+01
 70 -0.04028  8.68089e+01 | 71 -0.02031  5.22517e+01 | 72 -0.03227  7.30010e+01
 73 -0.01012  8.49493e+01 | 74  0.01501  7.00019e+01 | 75  0.04851 -5.86522e+01
 76 -0.00509  4.50046e+01 | 77 -0.01334  2.78100e+01 | 78 -0.01571 -2.13399e+00
 79 -0.01661  5.22543e+01 | 80  0.01682  3.46856e+01 | 81  0.01328  4.44026e+01
 82  0.02583 -7.14269e+00 | 83  0.01371 -1.57600e+01 | 84 -0.00791  9.93923e+00
 85 -0.01032  1.77190e+01 | 86 -0.00272 -1.86266e+01 | 87  0.02956 -8.42011e+01
 88 -0.02408 -4.20245e+00 | 89 -0.01857 -5.04589e+01 | 90  0.05477 -5.29644e+01
 91 -0.02181 -6.33569e+01 | 92  0.00693 -6.81224e+01 | 93  0.01800 -3.04471e+01
 94 -0.01172 -8.39520e+01 | 95  0.00136 -5.18638e+01 | 96  0.00136 -5.18643e+01
 97  0.82191  8.07636e+01 | 98  0.21412 -5.69734e+00 |
98 variables; iteration 60; function evaluation 84; phase 2
Function value 2.1107329e+03; maximum gradient component mag 5.4865e+02
Var    Value     Gradient |Var    Value     Gradient |Var    Value     Gradient
  1  0.63741  5.48653e+02 |  2 -0.01458 -1.62170e+01 |  3 -0.00528 -2.37380e+01
  4  0.00321 -1.34461e+01 |  5  0.03109 -1.24441e+01 |  6 -0.01308 -8.75138e+00
  7 -0.01662 -2.06993e+01 |  8 -0.00354 -1.33441e+01 |  9 -0.00143  1.07359e+00
 10  0.00387 -7.59647e+00 | 11 -0.01441 -1.67505e+01 | 12  0.00486 -2.27043e+01
 13  0.00672 -2.73908e+01 | 14  0.00647 -1.89256e+01 | 15 -0.03978 -1.53455e+01
 16  0.01505 -2.12852e+01 | 17  0.00322 -2.42301e+01 | 18  0.02287 -1.94024e+01
 19  0.03067 -1.41967e+01 | 20  0.02776 -1.80783e+01 | 21 -0.01258 -7.53388e+00
 22  0.00949 -8.50818e+00 | 23  0.00510 -1.00433e+01 | 24 -0.00823 -1.16653e+01
 25  0.01903  4.83785e+00 | 26  0.00167 -1.14657e+01 | 27  0.01657 -8.68556e+00
 28 -0.01764 -1.32431e+01 | 29  0.00290 -9.22285e+00 | 30  0.00216 -4.47809e+00
 31 -0.00330 -1.02914e+01 | 32 -0.02759 -1.52073e+01 | 33  0.00022 -1.71259e+01
 34 -0.01784 -7.56733e+00 | 35  0.00606 -7.37283e+00 | 36  0.01828 -1.73483e+01
 37  0.00757  2.05569e+00 | 38  0.02845 -1.54143e+00 | 39  0.01580 -2.25503e+00
 40 -0.00848  1.87029e+00 | 41  0.01580 -8.93224e+00 | 42 -0.02227 -2.89939e+00
 43 -0.02411 -1.28743e+00 | 44  0.00665  8.14343e+00 | 45 -0.04743  2.07064e+01
 46 -0.00320  9.28641e+00 | 47  0.02037 -1.08440e+01 | 48 -0.02708  9.47776e+00
 49  0.01546 -3.49365e+00 | 50  0.01041 -2.85402e+00 | 51 -0.02487  2.17956e+01
 52 -0.05767  3.45032e+01 | 53 -0.01732  1.03854e+01 | 54  0.00333 -1.37142e+00
 55  0.01668 -2.05516e+01 | 56 -0.00498  7.57178e+00 | 57 -0.00858  2.85420e+01
 58 -0.02608  1.52186e+01 | 59  0.00413  2.17251e+01 | 60  0.00118  1.66298e+01
 61  0.01799  2.89214e+01 | 62  0.01273  5.81190e+00 | 63 -0.00960  2.33341e+01
 64  0.02254  1.98096e+01 | 65 -0.02360  4.67357e+01 | 66  0.05301  1.26433e+01
 67  0.01470  3.95310e+01 | 68  0.01648  2.30308e+01 | 69 -0.00581  2.86343e+01
 70 -0.04420  3.26485e+01 | 71 -0.02143  2.13235e+01 | 72 -0.03577  1.28637e+01
 73 -0.01307  5.47178e+00 | 74  0.01381  1.09692e+01 | 75  0.05146  6.16412e+01
 76 -0.00644  1.47969e+01 | 77 -0.01400  1.87201e+01 | 78 -0.01517  1.68371e+01
 79 -0.01843  2.73300e+01 | 80  0.01609  6.18940e+00 | 81  0.01201  1.06822e+01
 82  0.02558 -1.20957e+01 | 83  0.01389  5.09195e+00 | 84 -0.00869  1.73085e+01
 85 -0.01209  1.03528e+01 | 86 -0.00398 -1.28935e+01 | 87  0.03064 -1.29523e+01
 88 -0.02678 -2.29439e+00 | 89 -0.01956 -2.38123e+01 | 90  0.05417 -2.27651e+01
 91 -0.02163 -2.02439e+01 | 92  0.00873 -1.52604e+01 | 93  0.01209 -1.59266e+01
 94  0.00671 -1.75846e+01 | 95  0.00124 -1.49232e+01 | 96  0.00124 -1.49224e+01
 97  0.82144  3.59183e+01 | 98  0.21402 -9.26240e+00 |
Maximum number of function evaluations exceeded

 - final statistics:
98 variables; iteration 72; function evaluation 100
Function value 2.1099e+03; maximum gradient component mag -4.4107e+01
Exit code = 3;  converg criter 1.0000e+01
Var    Value     Gradient |Var    Value     Gradient |Var    Value     Gradient
  1  0.63599 -4.41068e+01 |  2 -0.01411  2.29392e+00 |  3 -0.00081  2.82261e+00
  4  0.00111 -1.12270e+00 |  5  0.03057  1.80233e+00 |  6 -0.01475  3.97609e+00
  7 -0.01543 -9.75180e-01 |  8 -0.00290  4.51399e+00 |  9 -0.00653 -1.28913e+00
 10  0.00419  8.24458e+00 | 11 -0.01261  5.54922e+00 | 12  0.00686  1.88233e+00
 13  0.00910  1.08631e+00 | 14  0.00855  8.93226e+00 | 15 -0.03988 -1.40269e+00
 16  0.01569 -5.11841e+00 | 17  0.00517  6.51678e+00 | 18  0.02370 -8.59623e-01
 19  0.03135  5.65541e-01 | 20  0.02884  2.74593e+00 | 21 -0.01282 -4.73801e-01
 22  0.00950 -2.47533e+00 | 23  0.00538  5.68318e-01 | 24 -0.00795  2.54573e-01
 25  0.01894  6.49123e+00 | 26  0.00219  2.07823e+00 | 27  0.01705  2.29271e+00
 28 -0.01709  1.47049e+00 | 29  0.00343  2.77756e+00 | 30  0.00208 -1.00539e+00
 31 -0.00281  1.25587e+00 | 32 -0.02678  2.06611e+00 | 33  0.00185  1.00362e+01
 34 -0.01777  5.48568e-01 | 35  0.00615 -4.39958e+00 | 36  0.01949  1.30296e+00
 37  0.00746  8.44041e-01 | 38  0.02872 -3.54628e+00 | 39  0.01629  2.15994e+00
 40 -0.00868  2.78844e+00 | 41  0.01685  3.36211e+00 | 42 -0.02214  2.43056e+00
 43 -0.02417  8.62070e-01 | 44  0.00635 -6.55091e+00 | 45 -0.05038  1.50123e+00
 46 -0.00302  6.24185e+00 | 47  0.02227  1.44885e+01 | 48 -0.02760  4.12142e+00
 49  0.01638 -1.85960e+00 | 50  0.01125 -3.39328e+00 | 51 -0.02565  4.20793e+00
 52 -0.06026  1.03193e+01 | 53 -0.01697  7.57997e+00 | 54  0.00385 -3.62409e+00
 55  0.01771 -1.02956e+01 | 56 -0.00520 -1.40891e+01 | 57 -0.00932 -6.15598e+00
 58 -0.02637  2.15983e+00 | 59  0.00387 -8.34562e+00 | 60  0.00077 -1.37950e+01
 61  0.01785 -5.92374e+00 | 62  0.01310 -7.71153e+00 | 63 -0.01011 -3.22941e-02
 64  0.02276 -6.92613e+00 | 65 -0.02603 -7.82117e-01 | 66  0.05409  8.12436e+00
 67  0.01450  6.31493e+00 | 68  0.01655 -5.09608e+00 | 69 -0.00588  8.74770e+00
 70 -0.04627  1.78613e+00 | 71 -0.02170  5.43254e+00 | 72 -0.03623  2.83193e+00
 73 -0.01317 -6.30847e+00 | 74  0.01395 -6.44343e+00 | 75  0.05084 -2.84809e+01
 76 -0.00707 -1.10366e+01 | 77 -0.01503 -9.55890e+00 | 78 -0.01577 -9.73425e-01
 79 -0.01984 -1.30183e+00 | 80  0.01614 -4.35462e+00 | 81  0.01194  1.79949e+00
 82  0.02612 -1.55255e+00 | 83  0.01386  1.35031e+00 | 84 -0.00957  4.38582e+00
 85 -0.01290  2.91428e+00 | 86 -0.00404 -2.81285e+00 | 87  0.03087  5.81746e+00
 88 -0.02816 -2.90881e+00 | 89 -0.01930 -2.44372e+00 | 90  0.05419  1.26506e+00
 91 -0.02145  1.00979e-01 | 92  0.00758 -4.54357e+00 | 93  0.01195  8.41691e-01
 94  0.00798  2.68235e+00 | 95 -0.00139 -7.02129e-01 | 96 -0.00139 -7.02744e-01
 97  0.81857 -4.58456e+00 | 98  0.21492  1.68718e+01 |

Initial statistics: 100 variables; iteration 0; function evaluation 0; phase 3
Function value 2.1098867e+03; maximum gradient component mag -1.7653e+02
Var    Value     Gradient |Var    Value     Gradient |Var    Value     Gradient
  1  0.63599 -4.41068e+01 |  2 -0.01411  2.31306e+00 |  3 -0.00081  2.84176e+00
  4  0.00111 -1.10356e+00 |  5  0.03057  1.82146e+00 |  6 -0.01475  3.99524e+00
  7 -0.01543 -9.56041e-01 |  8 -0.00290  4.53313e+00 |  9 -0.00653 -1.26999e+00
 10  0.00420  8.26372e+00 | 11 -0.01261  5.56836e+00 | 12  0.00686  1.90147e+00
 13  0.00910  1.10545e+00 | 14  0.00855  8.95141e+00 | 15 -0.03988 -1.38358e+00
 16  0.01569 -5.09927e+00 | 17  0.00517  6.53593e+00 | 18  0.02370 -8.40491e-01
 19  0.03135  5.84663e-01 | 20  0.02884  2.76505e+00 | 21 -0.01282 -4.54660e-01
 22  0.00950 -2.45618e+00 | 23  0.00538  5.87463e-01 | 24 -0.00795  2.73716e-01
 25  0.01894  6.51037e+00 | 26  0.00219  2.09738e+00 | 27  0.01705  2.31185e+00
 28 -0.01709  1.48962e+00 | 29  0.00343  2.79671e+00 | 30  0.00208 -9.86242e-01
 31 -0.00281  1.27501e+00 | 32 -0.02678  2.08523e+00 | 33  0.00185  1.00553e+01
 34 -0.01777  5.67706e-01 | 35  0.00615 -4.38044e+00 | 36  0.01949  1.32209e+00
 37  0.00746  8.63185e-01 | 38  0.02872 -3.52716e+00 | 39  0.01629  2.17907e+00
 40 -0.00867  2.80758e+00 | 41  0.01685  3.38125e+00 | 42 -0.02214  2.44969e+00
 43 -0.02417  8.81202e-01 | 44  0.00635 -6.53177e+00 | 45 -0.05038  1.52031e+00
 46 -0.00302  6.26100e+00 | 47  0.02227  1.45076e+01 | 48 -0.02760  4.14054e+00
 49  0.01638 -1.84046e+00 | 50  0.01125 -3.37414e+00 | 51 -0.02565  4.22706e+00
 52 -0.06026  1.03383e+01 | 53 -0.01697  7.59910e+00 | 54  0.00385 -3.60494e+00
 55  0.01771 -1.02765e+01 | 56 -0.00520 -1.40700e+01 | 57 -0.00932 -6.13684e+00
 58 -0.02637  2.17896e+00 | 59  0.00387 -8.32648e+00 | 60  0.00077 -1.37758e+01
 61  0.01785 -5.90460e+00 | 62  0.01310 -7.69239e+00 | 63 -0.01011 -1.31513e-02
 64  0.02276 -6.90700e+00 | 65 -0.02603 -7.62988e-01 | 66  0.05409  8.14344e+00
 67  0.01450  6.33407e+00 | 68  0.01655 -5.07694e+00 | 69 -0.00588  8.76684e+00
 70 -0.04627  1.80522e+00 | 71 -0.02170  5.45167e+00 | 72 -0.03623  2.85105e+00
 73 -0.01317 -6.28933e+00 | 74  0.01395 -6.42429e+00 | 75  0.05084 -2.84618e+01
 76 -0.00707 -1.10175e+01 | 77 -0.01503 -9.53976e+00 | 78 -0.01577 -9.54285e-01
 79 -0.01984 -1.28269e+00 | 80  0.01614 -4.33548e+00 | 81  0.01194  1.81863e+00
 82  0.02612 -1.53342e+00 | 83  0.01386  1.36945e+00 | 84 -0.00957  4.40496e+00
 85 -0.01290  2.93342e+00 | 86 -0.00404 -2.79370e+00 | 87  0.03087  5.83658e+00
 88 -0.02816 -2.88969e+00 | 89 -0.01930 -2.42459e+00 | 90  0.05419  1.28414e+00
 91 -0.02145  1.20113e-01 | 92  0.00758 -4.52443e+00 | 93  0.01195  8.60832e-01
 94  0.00798  2.70149e+00 | 95 -0.00139 -6.82984e-01 | 96 -0.00139 -6.83599e-01
 97  0.81857 -4.58456e+00 | 98 -0.41581  1.32422e+02 | 99  0.21492  1.68718e+01
100 -0.25275 -1.76533e+02 |

Intermediate statistics: 100 variables; iteration 20; function evaluation 26; phase 3
Function value 2.1095610e+03; maximum gradient component mag -1.7725e+02
Var    Value     Gradient |Var    Value     Gradient |Var    Value     Gradient
  1  0.63606 -1.77252e+02 |  2 -0.01434  5.92280e+00 |  3 -0.00114  6.09929e+00
  4  0.00201  4.75707e+00 |  5  0.03071  5.72704e+00 |  6 -0.01526  6.56354e+00
  7 -0.01469  4.68177e+00 |  8 -0.00325  6.88797e+00 |  9 -0.00586  4.37072e+00
 10  0.00370  9.15887e+00 | 11 -0.01285  7.66775e+00 | 12  0.00715  5.98210e+00
 13  0.00940  5.21374e+00 | 14  0.00881  1.29318e+01 | 15 -0.03954  3.46111e+00
 16  0.01574 -2.72793e+00 | 17  0.00525  9.82652e+00 | 18  0.02371  7.39617e-01
 19  0.03138  1.67956e+00 | 20  0.02888  3.99209e+00 | 21 -0.01279  2.15217e+00
 22  0.00949 -1.12918e+00 | 23  0.00540  2.58363e+00 | 24 -0.00792  2.60415e+00
 25  0.01898  7.82087e+00 | 26  0.00222  3.88021e+00 | 27  0.01706  2.95977e+00
 28 -0.01707  3.70305e+00 | 29  0.00346  4.15103e+00 | 30  0.00206 -3.47280e-01
 31 -0.00281  2.36513e+00 | 32 -0.02677  4.26119e+00 | 33  0.00191  1.17497e+01
 34 -0.01778  1.96649e+00 | 35  0.00606 -5.50543e+00 | 36  0.01944 -6.33443e-01
 37  0.00740 -2.54027e-01 | 38  0.02862 -7.94063e+00 | 39  0.01620 -7.19796e-01
 40 -0.00874  2.29303e+00 | 41  0.01673 -6.10936e-01 | 42 -0.02222  2.41338e+00
 43 -0.02427  6.31780e-01 | 44  0.00620 -1.05705e+01 | 45 -0.05048  2.42890e+00
 46 -0.00316  2.68782e+00 | 47  0.02194  2.35328e+00 | 48 -0.02774  2.56362e+00
 49  0.01623 -9.57020e+00 | 50  0.01112 -9.97683e+00 | 51 -0.02584  1.40545e+00
 52 -0.06042  1.07547e+01 | 53 -0.01724  1.89346e+00 | 54  0.00388 -7.39693e+00
 55  0.01767 -1.51869e+01 | 56 -0.00498 -1.08812e+01 | 57 -0.00935 -7.37448e+00
 58 -0.02639  9.62457e-01 | 59  0.00387 -9.58003e+00 | 60  0.00098 -1.08352e+01
 61  0.01778 -1.01237e+01 | 62  0.01316 -9.21092e+00 | 63 -0.01021 -1.29894e+00
 64  0.02277 -1.03255e+01 | 65 -0.02613 -8.42723e-01 | 66  0.05374 -1.95940e+01
 67  0.01421 -3.72064e+00 | 68  0.01654 -8.54228e+00 | 69 -0.00614  3.37457e+00
 70 -0.04630  2.88413e+00 | 71 -0.02185  4.54874e+00 | 72 -0.03625  3.94398e+00
 73 -0.01324 -5.61284e+00 | 74  0.01400 -5.81177e+00 | 75  0.05090 -2.74602e+01
 76 -0.00701 -9.15371e+00 | 77 -0.01510 -8.55997e+00 | 78 -0.01579 -2.42554e-01
 79 -0.01994 -1.16792e-02 | 80  0.01619 -2.48684e+00 | 81  0.01178  1.47485e-01
 82  0.02613 -8.09653e-01 | 83  0.01373  6.80906e-01 | 84 -0.00957  6.65770e+00
 85 -0.01295  6.22320e+00 | 86 -0.00402  1.81692e-01 | 87  0.03068  4.21075e+00
 88 -0.02811  1.11892e+00 | 89 -0.01933  2.11977e+00 | 90  0.05424  5.53306e+00
 91 -0.02136  5.28408e+00 | 92  0.00845  3.00129e+00 | 93  0.01234  5.62325e+00
 94  0.00689  5.63377e+00 | 95 -0.00031  5.23620e+00 | 96 -0.00031  5.23610e+00
 97  0.80728 -1.68702e+01 | 98 -0.41763  1.17156e+02 | 99  0.22165  2.53466e+01
100 -0.25055 -1.32964e+02 |
100 variables; iteration 40; function evaluation 51; phase 3
Function value 2.1094365e+03; maximum gradient component mag -4.6083e+01
Var    Value     Gradient |Var    Value     Gradient |Var    Value     Gradient
  1  0.63626 -4.60828e+01 |  2 -0.01366  2.99722e+00 |  3  0.00015  4.56130e+00
  4  0.00053 -2.70885e+00 |  5  0.03050  9.32892e-01 |  6 -0.01404  5.30877e+00
  7 -0.01499 -3.01300e-01 |  8 -0.00395  5.51041e-01 |  9 -0.00586  1.81250e-01
 10  0.00231 -7.81906e-01 | 11 -0.01377 -1.76225e-01 | 12  0.00632 -2.79927e+00
 13  0.00920  7.41368e-02 | 14  0.00817  4.30550e+00 | 15 -0.03881  3.58205e+00
 16  0.01578 -4.63353e+00 | 17  0.00500  4.88507e+00 | 18  0.02373 -5.92068e-01
 19  0.03133 -3.37673e-01 | 20  0.02877  1.12316e+00 | 21 -0.01241  3.50514e+00
 22  0.00976  9.25598e-01 | 23  0.00541  6.48899e-01 | 24 -0.00786  8.25706e-01
 25  0.01869  1.49604e+00 | 26  0.00213  6.30166e-01 | 27  0.01696  1.81497e-01
 28 -0.01710  1.06042e+00 | 29  0.00303 -3.11784e+00 | 30  0.00208 -1.36360e+00
 31 -0.00280  1.15956e+00 | 32 -0.02700 -3.85247e-01 | 33  0.00114 -5.34059e-01
 34 -0.01768  1.19134e+00 | 35  0.00618 -4.19728e+00 | 36  0.01934 -1.88135e+00
 37  0.00747  5.28502e-01 | 38  0.02876 -3.83317e+00 | 39  0.01621  3.34022e-02
 40 -0.00870  1.86036e+00 | 41  0.01647 -3.76356e+00 | 42 -0.02214  2.43065e+00
 43 -0.02413  1.72014e+00 | 44  0.00670  7.38579e-01 | 45 -0.05078 -1.53804e+00
 46 -0.00313  4.60446e+00 | 47  0.02172  2.20603e+00 | 48 -0.02769  3.39511e+00
 49  0.01646  1.23241e+00 | 50  0.01122 -2.54954e+00 | 51 -0.02585  2.13130e+00
 52 -0.06156 -2.24657e+00 | 53 -0.01743 -1.02505e+00 | 54  0.00396 -1.82475e+00
 55  0.01776 -3.02238e+00 | 56 -0.00478 -2.76650e+00 | 57 -0.00929 -2.52416e+00
 58 -0.02646 -2.25962e-01 | 59  0.00396 -1.90829e+00 | 60  0.00135  1.84352e+00
 61  0.01780 -2.00668e+00 | 62  0.01320 -4.25799e+00 | 63 -0.01033 -1.08678e+00
 64  0.02281 -3.79281e+00 | 65 -0.02617 -2.53653e-01 | 66  0.05381 -4.77683e+00
 67  0.01410 -8.93408e-01 | 68  0.01666 -5.15150e-01 | 69 -0.00618  5.45840e+00
 70 -0.04633  7.98462e-01 | 71 -0.02213 -7.60948e-01 | 72 -0.03636  2.13484e-01
 73 -0.01321 -3.50139e+00 | 74  0.01412  1.93255e-01 | 75  0.05106 -6.39718e+00
 76 -0.00652  2.79637e+00 | 77 -0.01499 -5.38674e+00 | 78 -0.01570  7.89986e-02
 79 -0.01987  9.32160e-01 | 80  0.01622 -1.97133e+00 | 81  0.01191  5.27139e+00
 82  0.02613 -1.20915e+00 | 83  0.01369 -3.40314e-01 | 84 -0.00947  5.18528e+00
 85 -0.01316 -2.35461e-01 | 86 -0.00391 -2.18221e+00 | 87  0.03067  1.37252e+00
 88 -0.02787 -9.10856e-01 | 89 -0.01938 -2.21829e+00 | 90  0.05443  2.77323e+00
 91 -0.02131  1.24191e+00 | 92  0.00863 -1.89156e+00 | 93  0.01313  5.44721e+00
 94  0.00594  2.65949e-01 | 95  0.00098  2.98732e+00 | 96  0.00098  2.98798e+00
 97  0.80549 -5.31107e+00 | 98 -0.41811  3.68990e+01 | 99  0.22526  3.14452e+00
100 -0.24903 -1.91821e+01 |
100 variables; iteration 60; function evaluation 76; phase 3
Function value 2.1094073e+03; maximum gradient component mag -1.6311e+01
Var    Value     Gradient |Var    Value     Gradient |Var    Value     Gradient
  1  0.63626 -1.63113e+01 |  2 -0.01357  2.25294e+00 |  3 -0.00070  1.89701e+00
  4  0.00199 -3.71550e-01 |  5  0.03081  1.03820e+00 |  6 -0.01537  1.20455e+00
  7 -0.01477 -6.07910e-01 |  8 -0.00404 -5.96852e-01 |  9 -0.00549  6.13688e-01
 10  0.00240 -1.23012e+00 | 11 -0.01376 -9.46031e-01 | 12  0.00661 -1.89124e+00
 13  0.00943  9.23877e-01 | 14  0.00796  1.83837e+00 | 15 -0.03956 -1.16785e+00
 16  0.01611 -1.57458e+00 | 17  0.00487  2.73627e+00 | 18  0.02375 -1.15125e+00
 19  0.03137 -4.42574e-01 | 20  0.02872 -5.26650e-01 | 21 -0.01263  4.95249e-01
 22  0.00978  3.32765e-01 | 23  0.00542  4.49462e-02 | 24 -0.00785  1.76040e-01
 25  0.01869  8.62815e-01 | 26  0.00216  2.45263e-01 | 27  0.01700  2.18770e-01
 28 -0.01708  6.09926e-01 | 29  0.00328 -9.45741e-02 | 30  0.00217 -6.42622e-01
 31 -0.00287 -3.19989e-01 | 32 -0.02682  5.67237e-01 | 33  0.00114 -1.10718e+00
 34 -0.01769  4.00141e-01 | 35  0.00635 -2.12254e+00 | 36  0.01944 -2.37822e-01
 37  0.00748  3.00423e-01 | 38  0.02893 -5.82310e-01 | 39  0.01620 -1.30134e-01
 40 -0.00879  5.61873e-01 | 41  0.01668 -1.55593e-01 | 42 -0.02224  1.00738e+00
 43 -0.02421  4.22148e-01 | 44  0.00666  7.00625e-02 | 45 -0.05031  1.88663e+00
 46 -0.00328  2.18700e+00 | 47  0.02163  5.54889e-01 | 48 -0.02792  5.60000e-01
 49  0.01641  6.36351e-01 | 50  0.01127 -7.79149e-01 | 51 -0.02590  1.38931e+00
 52 -0.06148 -1.88232e+00 | 53 -0.01739 -2.38291e-01 | 54  0.00402  2.60394e-01
 55  0.01778 -1.11702e+00 | 56 -0.00471 -8.65688e-01 | 57 -0.00921 -4.65264e-01
 58 -0.02647 -8.14380e-01 | 59  0.00396 -1.73561e+00 | 60  0.00129  2.86307e-02
 61  0.01783 -2.10369e-01 | 62  0.01327 -1.72893e+00 | 63 -0.01030 -3.61475e-01
 64  0.02288 -1.13408e+00 | 65 -0.02615 -4.44665e-02 | 66  0.05385 -1.36038e+00
 67  0.01403 -2.48224e+00 | 68  0.01671  1.23668e+00 | 69 -0.00629  2.61370e+00
 70 -0.04635 -1.19506e-01 | 71 -0.02209 -1.59470e-01 | 72 -0.03633  2.56497e-02
 73 -0.01314 -2.06642e+00 | 74  0.01413  3.19854e-01 | 75  0.05112 -2.13184e+00
 76 -0.00656  1.37610e+00 | 77 -0.01482 -2.16517e+00 | 78 -0.01562  1.24278e+00
 79 -0.01986  7.57547e-01 | 80  0.01628 -8.32169e-01 | 81  0.01182  2.17467e+00
 82  0.02617 -6.34806e-01 | 83  0.01377  1.11517e+00 | 84 -0.00954  2.63196e+00
 85 -0.01311 -1.50083e-01 | 86 -0.00373  2.74204e-01 | 87  0.03067  3.28983e-01
 88 -0.02775 -5.40091e-01 | 89 -0.01916 -6.67584e-01 | 90  0.05440  4.50687e-02
 91 -0.02130  2.77946e-01 | 92  0.00889 -1.45051e+00 | 93  0.01257  2.30304e+00
 94  0.00594 -6.27018e-01 | 95  0.00009  6.72921e-01 | 96  0.00009  6.72924e-01
 97  0.80484 -1.93601e+00 | 98 -0.41827  1.35817e+01 | 99  0.22575  7.50760e-01
100 -0.24882 -5.43307e+00 |
Maximum number of function evaluations exceeded

 - final statistics:
100 variables; iteration 77; function evaluation 100
Function value 2.1094e+03; maximum gradient component mag -4.5833e+00
Exit code = 3;  converg criter 1.0000e+00
Var    Value     Gradient |Var    Value     Gradient |Var    Value     Gradient
  1  0.63631 -4.58329e+00 |  2 -0.01425  6.27019e-01 |  3 -0.00108  7.97786e-01
  4  0.00246  3.45201e-01 |  5  0.03049 -2.14653e-01 |  6 -0.01548  6.28947e-01
  7 -0.01439  9.15226e-02 |  8 -0.00383 -2.08069e-01 |  9 -0.00554  2.06550e-01
 10  0.00290  6.35119e-01 | 11 -0.01391 -1.82141e+00 | 12  0.00686 -5.63652e-01
 13  0.00933  6.55922e-02 | 14  0.00784  7.39046e-01 | 15 -0.03933 -2.57546e-01
 16  0.01623 -2.84799e-01 | 17  0.00469  6.84928e-01 | 18  0.02387  4.88113e-01
 19  0.03138 -3.35805e-01 | 20  0.02869 -1.09918e+00 | 21 -0.01257  9.61656e-01
 22  0.00981  7.12033e-01 | 23  0.00544  2.28329e-01 | 24 -0.00783  2.91634e-01
 25  0.01867  5.03551e-01 | 26  0.00217  4.12409e-01 | 27  0.01698 -1.27509e-01
 28 -0.01708  5.37847e-01 | 29  0.00330  6.62074e-02 | 30  0.00215 -1.07074e+00
 31 -0.00292 -1.05933e+00 | 32 -0.02680  7.39401e-01 | 33  0.00123  7.49574e-02
 34 -0.01772  3.81048e-02 | 35  0.00646 -3.49365e-01 | 36  0.01946  2.26569e-01
 37  0.00746 -1.57605e-02 | 38  0.02895  2.83779e-02 | 39  0.01619 -1.25941e-01
 40 -0.00885 -4.79582e-02 | 41  0.01670  4.87159e-01 | 42 -0.02232  7.80596e-02
 43 -0.02425 -1.29017e-02 | 44  0.00668  7.80670e-01 | 45 -0.05043  8.13113e-01
 46 -0.00335  1.27821e+00 | 47  0.02160  5.16601e-01 | 48 -0.02792  5.36211e-01
 49  0.01631 -1.23390e+00 | 50  0.01128  9.65186e-02 | 51 -0.02598  4.10208e-01
 52 -0.06134 -4.78337e-01 | 53 -0.01748 -1.72680e+00 | 54  0.00400  1.00727e-01
 55  0.01778 -4.04320e-01 | 56 -0.00470 -2.59232e-01 | 57 -0.00923 -5.42308e-01
 58 -0.02641  4.10104e-01 | 59  0.00398 -5.97753e-01 | 60  0.00127 -2.15323e-02
 61  0.01782 -3.02317e-02 | 62  0.01330 -4.07662e-01 | 63 -0.01033 -5.79038e-01
 64  0.02289 -2.58442e-01 | 65 -0.02617 -9.26588e-02 | 66  0.05384 -3.80624e-01
 67  0.01407 -7.82075e-01 | 68  0.01667  3.67187e-01 | 69 -0.00638  6.70402e-01
 70 -0.04633  4.79932e-02 | 71 -0.02210 -5.39837e-02 | 72 -0.03634  7.00145e-02
 73 -0.01309 -7.07150e-01 | 74  0.01411  8.14298e-02 | 75  0.05113 -6.15420e-01
 76 -0.00660  6.64813e-01 | 77 -0.01477 -9.78659e-01 | 78 -0.01565  8.76220e-01
 79 -0.01985  9.14076e-01 | 80  0.01629 -3.69011e-01 | 81  0.01175  4.88200e-01
 82  0.02618 -2.75576e-01 | 83  0.01373  2.44138e-01 | 84 -0.00966 -3.40996e-02
 85 -0.01310 -1.42807e-01 | 86 -0.00377 -7.85475e-01 | 87  0.03065 -1.29081e-01
 88 -0.02768  1.90386e-01 | 89 -0.01910 -1.84886e-01 | 90  0.05439 -4.04892e-01
 91 -0.02149 -1.16641e+00 | 92  0.00921  4.02969e-01 | 93  0.01226  8.09002e-01
 94  0.00645 -1.55797e-01 | 95  0.00002  2.06549e-01 | 96  0.00002  2.06804e-01
 97  0.80449 -5.27457e-01 | 98 -0.41834  4.15681e+00 | 99  0.22591  1.38039e-01
100 -0.24876 -1.65113e+00 |

Initial statistics: 108 variables; iteration 0; function evaluation 0; phase 4
Function value 2.1094012e+03; maximum gradient component mag 7.6153e+02
Var    Value     Gradient |Var    Value     Gradient |Var    Value     Gradient
  1 -0.42263 -1.32738e+02 |  2 -0.42263  7.61530e+02 |  3 -0.41094 -2.78297e+01
  4  0.63631 -4.57132e+00 |  5  0.00000 -2.30464e+01 |  6  0.00000  1.86410e+00
  7  0.00000  9.23680e+00 |  8  0.00000  1.12949e+01 |  9  0.00000  1.72772e+01
 10 -0.01425  6.21682e-01 | 11 -0.00108  7.97682e-01 | 12  0.00246  3.49612e-01
 13  0.03049 -2.15190e-01 | 14 -0.01548  6.32573e-01 | 15 -0.01439  1.08366e-01
 16 -0.00383 -2.24559e-01 | 17 -0.00554  1.96041e-01 | 18  0.00290  6.12677e-01
 19 -0.01391 -1.80817e+00 | 20  0.00686 -5.76353e-01 | 21  0.00933  4.46647e-02
 22  0.00784  7.29683e-01 | 23 -0.03933 -2.67733e-01 | 24  0.01623 -3.52146e-01
 25  0.00469  6.75393e-01 | 26  0.02387  5.23505e-01 | 27  0.03138 -2.76686e-01
 28  0.02869 -1.02500e+00 | 29 -0.01257  8.92701e-01 | 30  0.00981  7.59373e-01
 31  0.00544  2.34005e-01 | 32 -0.00783  2.74688e-01 | 33  0.01867  5.33631e-01
 34  0.00217  4.23410e-01 | 35  0.01698 -1.01509e-01 | 36 -0.01708  5.00290e-01
 37  0.00330  7.94065e-02 | 38  0.00215 -1.09849e+00 | 39 -0.00292 -1.05501e+00
 40 -0.02680  6.54220e-01 | 41  0.00123  1.12326e-01 | 42 -0.01772  2.76170e-02
 43  0.00646 -3.20222e-01 | 44  0.01946  2.55683e-01 | 45  0.00746 -1.52159e-02
 46  0.02895  7.54931e-02 | 47  0.01619 -1.48921e-01 | 48 -0.00885 -6.69382e-02
 49  0.01670  5.29418e-01 | 50 -0.02232  7.47734e-02 | 51 -0.02425 -3.54730e-02
 52  0.00668  7.81639e-01 | 53 -0.05043  8.09677e-01 | 54 -0.00335  1.29664e+00
 55  0.02160  4.59181e-01 | 56 -0.02792  5.23037e-01 | 57  0.01631 -1.26793e+00
 58  0.01128  5.55414e-02 | 59 -0.02598  3.98857e-01 | 60 -0.06134 -4.94435e-01
 61 -0.01748 -1.78313e+00 | 62  0.00400  9.34855e-02 | 63  0.01778 -4.09668e-01
 64 -0.00470 -2.65999e-01 | 65 -0.00923 -5.46391e-01 | 66 -0.02641  3.98670e-01
 67  0.00398 -5.98958e-01 | 68  0.00127 -2.51707e-02 | 69  0.01782 -3.21753e-02
 70  0.01330 -3.96961e-01 | 71 -0.01033 -6.93653e-01 | 72  0.02288 -2.50445e-01
 73 -0.02617 -8.14858e-02 | 74  0.05384 -3.82389e-01 | 75  0.01407 -7.82660e-01
 76  0.01667  3.64944e-01 | 77 -0.00638  6.79248e-01 | 78 -0.04633  3.04502e-02
 79 -0.02210 -1.24907e-01 | 80 -0.03634  6.63347e-02 | 81 -0.01309 -7.13362e-01
 82  0.01411  7.35130e-02 | 83  0.05113 -6.20900e-01 | 84 -0.00660  6.59754e-01
 85 -0.01477 -1.00845e+00 | 86 -0.01565  7.94047e-01 | 87 -0.01985  8.67667e-01
 88  0.01629 -3.69612e-01 | 89  0.01175  4.84634e-01 | 90  0.02618 -2.76150e-01
 91  0.01373  2.33471e-01 | 92 -0.00966  6.20060e-02 | 93 -0.01310 -1.42342e-01
 94 -0.00377 -7.06624e-01 | 95  0.03065 -1.30363e-01 | 96 -0.02768  2.13029e-01
 97 -0.01910 -2.05683e-01 | 98  0.05439 -3.88062e-01 | 99 -0.02149 -1.23445e+00
100  0.00921  4.12368e-01 |101  0.01226  8.05978e-01 |102  0.00645 -1.60643e-01
103  0.00002  2.01368e-01 |104  0.00002  2.01693e-01 |105  0.80449 -5.24853e-01
106 -0.41834  4.15367e+00 |107  0.22591  1.30759e-01 |108 -0.24876 -1.65322e+00

Intermediate statistics: 108 variables; iteration 20; function evaluation 23; phase 4
Function value 2.1072389e+03; maximum gradient component mag -2.9336e+02
Var    Value     Gradient |Var    Value     Gradient |Var    Value     Gradient
  1 -0.38314 -4.71523e+01 |  2 -0.42148  2.84857e+02 |  3 -0.42066 -5.56293e+00
  4  0.63503 -2.93356e+02 |  5  0.00536 -1.28253e+01 |  6 -0.00170 -5.63661e-01
  7 -0.00394  2.47579e+00 |  8 -0.00467  3.14677e+00 |  9 -0.00625  5.76718e+00
 10 -0.01458  8.48511e+00 | 11 -0.00152  8.21611e+00 | 12  0.00206  7.66862e+00
 13  0.02992  5.75949e+00 | 14 -0.01589  7.76674e+00 | 15 -0.01477  7.08443e+00
 16 -0.00431  5.90695e+00 | 17 -0.00609  5.72628e+00 | 18  0.00217  4.48854e+00
 19 -0.01440  3.29931e+00 | 20  0.00573 -1.01848e+00 | 21  0.00796 -3.75745e+00
 22  0.00656 -4.04536e+00 | 23 -0.03966  4.92400e+00 | 24  0.01538 -6.74095e+00
 25  0.00417 -1.63928e+00 | 26  0.02306 -1.11449e+01 | 27  0.03063 -1.58165e+01
 28  0.02796 -1.46203e+01 | 29 -0.01320 -2.13891e+00 | 30  0.00907 -8.86781e+00
 31  0.00460 -9.99907e+00 | 32 -0.00847 -4.40446e+00 | 33  0.01825 -8.27062e+00
 34  0.00170 -5.52043e+00 | 35  0.01648 -1.05248e+01 | 36 -0.01750 -1.93244e+00
 37  0.00305 -3.83265e+00 | 38  0.00178 -5.81501e+00 | 39 -0.00361 -1.11178e+01
 40 -0.02697  1.71693e+00 | 41  0.00088 -4.51404e+00 | 42 -0.01803 -3.08898e+00
 43  0.00641 -3.04398e+00 | 44  0.01942 -8.85765e+00 | 45  0.00743 -6.06733e+00
 46  0.02933 -3.33586e+00 | 47  0.01635 -6.21335e+00 | 48 -0.00891 -2.97866e+00
 49  0.01698 -3.92133e+00 | 50 -0.02226 -6.09903e-01 | 51 -0.02421 -7.57222e-01
 52  0.00723  3.71336e-01 | 53 -0.05009  3.93822e+00 | 54 -0.00240  9.05758e+00
 55  0.02272  7.15676e+00 | 56 -0.02728  4.07171e+00 | 57  0.01749  8.96078e+00
 58  0.01261  1.45669e+01 | 59 -0.02497  1.21130e+01 | 60 -0.06085  6.76765e+00
 61 -0.01672  8.13479e+00 | 62  0.00436 -4.13097e+00 | 63  0.01722 -4.25771e+01
 64 -0.00425 -8.77736e+00 | 65 -0.00857  1.01508e+01 | 66 -0.02576  1.51505e+01
 67  0.00417 -3.93666e+00 | 68  0.00172 -1.39310e+00 | 69  0.01748 -2.65456e+01
 70  0.01324 -2.06445e+01 | 71 -0.01014 -4.59522e+00 | 72  0.02239 -3.77463e+01
 73 -0.02607  7.23595e+00 | 74  0.05491  2.02839e+01 | 75  0.01397 -2.04880e+01
 76  0.01625 -3.10597e+01 | 77 -0.00646 -9.16832e+00 | 78 -0.04611  3.77771e+00
 79 -0.02172  6.06714e+00 | 80 -0.03594  1.08748e+01 | 81 -0.01271  1.56055e+00
 82  0.01399 -9.47671e+00 | 83  0.05229  3.44232e+01 | 84 -0.00665 -4.93294e+00
 85 -0.01459 -9.17092e-01 | 86 -0.01528  1.09434e+01 | 87 -0.01920  1.12444e+01
 88  0.01629  1.05082e+00 | 89  0.01205 -6.42654e+00 | 90  0.02623 -7.07344e+00
 91  0.01423  6.96567e+00 | 92 -0.00902  1.16302e+01 | 93 -0.01233  2.05517e+01
 94 -0.00283  2.77420e+01 | 95  0.03145  1.27324e+01 | 96 -0.02675  1.25438e+01
 97 -0.01822  2.71796e+01 | 98  0.05571  2.05537e+01 | 99 -0.02161  1.82422e+00
100  0.00828  2.41555e+00 |101  0.01296  4.57841e+00 |102  0.00513  7.67527e+00
103 -0.00003  8.90050e+00 |104 -0.00003  8.90089e+00 |105  0.81220  3.50490e+01
106 -0.41961 -2.64255e+02 |107  0.23420  4.85353e+01 |108 -0.24951 -1.47235e+02
108 variables; iteration 40; function evaluation 46; phase 4
Function value 2.1062819e+03; maximum gradient component mag 1.3319e+02
Var    Value     Gradient |Var    Value     Gradient |Var    Value     Gradient
  1 -0.37645  1.86457e+00 |  2 -0.42234  1.33189e+02 |  3 -0.42092  3.17046e+01
  4  0.63711 -4.63126e+01 |  5  0.01429  8.06009e+00 |  6 -0.00054  2.23949e+00
  7 -0.00351  3.63505e+00 |  8 -0.00419  4.49067e+00 |  9 -0.00676  5.23229e+00
 10 -0.01420  1.84259e+00 | 11 -0.00093  2.09373e+00 | 12  0.00282  2.06173e+00
 13  0.02900 -4.70079e+00 | 14 -0.01541  1.36561e+00 | 15 -0.01461 -7.46844e-02
 16 -0.00504 -3.94336e+00 | 17 -0.00591 -1.27431e+00 | 18  0.00559  1.12531e+01
 19 -0.01099  9.65355e+00 | 20  0.00446 -1.56985e+01 | 21  0.01180  1.55196e+01
 22  0.00718 -6.72523e+00 | 23 -0.03974 -2.91865e+00 | 24  0.01689  3.43053e+00
 25  0.00519  3.38879e+00 | 26  0.02428  2.54075e+00 | 27  0.03161 -3.63500e+00
 28  0.02891 -2.47081e+00 | 29 -0.01299 -4.85792e+00 | 30  0.01028  6.84891e+00
 31  0.00506 -6.39397e+00 | 32 -0.00731  4.56683e+00 | 33  0.01833 -1.02127e+01
 34  0.00179 -7.93215e+00 | 35  0.01677 -7.47217e+00 | 36 -0.01691  3.23530e-01
 37  0.00368  2.69700e+00 | 38  0.00230  3.43271e-01 | 39 -0.00304 -5.86445e+00
 40 -0.02731 -5.67240e+00 | 41  0.00131 -3.45394e-01 | 42 -0.01702  4.12021e+00
 43  0.00680  1.43599e+00 | 44  0.01993  9.22271e-01 | 45  0.00813  3.67533e+00
 46  0.02900 -4.86620e+00 | 47  0.01629 -2.99006e+00 | 48 -0.00885 -4.67679e-01
 49  0.01736  1.03100e+01 | 50 -0.02218  1.21064e+00 | 51 -0.02418  4.02828e-01
 52  0.00708  2.97326e+00 | 53 -0.05057 -2.36676e+00 | 54 -0.00297  3.78921e+00
 55  0.02156 -8.25185e+00 | 56 -0.02802 -2.29967e+00 | 57  0.01653  9.05172e-01
 58  0.01146  1.56551e+00 | 59 -0.02626 -1.22096e+00 | 60 -0.06124  3.56178e+00
 61 -0.01702  1.10533e+01 | 62  0.00402  1.19270e+00 | 63  0.01753 -6.69136e+00
 64 -0.00494 -1.70616e+01 | 65 -0.00909  6.75255e+00 | 66 -0.02685 -9.28164e-01
 67  0.00380 -3.16764e+00 | 68  0.00124 -6.36167e+00 | 69  0.01735 -1.43134e+01
 70  0.01358  2.03110e+00 | 71 -0.01021  2.05774e+00 | 72  0.02290 -5.53689e+00
 73 -0.02657  3.04749e+00 | 74  0.05428  7.63611e+00 | 75  0.01373 -1.56720e+01
 76  0.01669 -1.94067e+00 | 77 -0.00659 -7.14900e-01 | 78 -0.04616  5.26158e+00
 79 -0.02208  5.62542e+00 | 80 -0.03641  5.39993e+00 | 81 -0.01317 -3.61303e+00
 82  0.01414  3.84548e+00 | 83  0.05141  8.55479e+00 | 84 -0.00684 -4.15500e+00
 85 -0.01480 -2.97504e-01 | 86 -0.01578  4.95189e+00 | 87 -0.01975  3.90631e+00
 88  0.01600  2.70740e+00 | 89  0.01163 -8.63412e+00 | 90  0.02588 -5.06603e+00
 91  0.01365  1.41852e+00 | 92 -0.00985 -5.24343e-01 | 93 -0.01361  2.81933e+00
 94 -0.00423  6.21496e+00 | 95  0.03051  5.13990e-01 | 96 -0.02692  1.18785e+01
 97 -0.02089 -3.94903e-01 | 98  0.05484  1.29372e+01 | 99 -0.02200 -9.20597e-01
100  0.00757 -1.32992e+00 |101  0.01388  5.47654e+00 |102  0.00340 -1.72612e+00
103  0.00008  1.70091e+00 |104  0.00008  1.70303e+00 |105  0.81160  5.62866e+00
106 -0.41892 -4.24517e+01 |107  0.23687  1.21808e+01 |108 -0.24865 -6.18987e+00
108 variables; iteration 60; function evaluation 69; phase 4
Function value 2.1060834e+03; maximum gradient component mag -2.1064e+01
Var    Value     Gradient |Var    Value     Gradient |Var    Value     Gradient
  1 -0.37758 -2.00173e+00 |  2 -0.42269 -2.10643e+01 |  3 -0.42025 -7.80428e+00
  4  0.63763 -9.02903e+00 |  5  0.01162  3.95394e-01 |  6 -0.00188 -3.91812e-01
  7 -0.00508  6.20622e-01 |  8 -0.00602  9.13808e-01 |  9 -0.00942  6.99436e-02
 10 -0.01459 -4.45489e-01 | 11 -0.00177 -1.32276e+00 | 12  0.00175 -2.10634e+00
 13  0.03172  1.47257e+00 | 14 -0.01557 -6.73665e-01 | 15 -0.01366  6.77149e-01
 16 -0.00325 -2.81203e-01 | 17 -0.00585 -2.91889e+00 | 18  0.00325 -6.48246e-01
 19 -0.01197  3.76070e+00 | 20  0.00754 -1.67725e-01 | 21  0.01026  2.66626e+00
 22  0.00796 -2.40587e+00 | 23 -0.03883  2.53746e-01 | 24  0.01682  1.12187e+00
 25  0.00506  8.28839e-01 | 26  0.02430  1.95203e+00 | 27  0.03195  1.61340e+00
 28  0.02918  1.55324e+00 | 29 -0.01240 -3.04079e-02 | 30  0.00972 -1.79642e+00
 31  0.00551 -1.57415e+00 | 32 -0.00744  2.11495e+00 | 33  0.01858 -6.95312e+00
 34  0.00233 -1.55848e+00 | 35  0.01705 -3.56351e+00 | 36 -0.01706 -2.22017e+00
 37  0.00358  3.84719e-01 | 38  0.00258  3.65018e+00 | 39 -0.00261 -4.37744e-01
 40 -0.02640  2.36109e+00 | 41  0.00138  2.30502e-01 | 42 -0.01731  4.07916e-02
 43  0.00673 -6.95644e-01 | 44  0.01993  6.62933e-01 | 45  0.00772 -2.26026e+00
 46  0.02933  2.48220e+00 | 47  0.01654  2.19681e+00 | 48 -0.00881  2.54535e-01
 49  0.01655 -2.54989e+00 | 50 -0.02226  3.84400e-01 | 51 -0.02420  2.37691e-01
 52  0.00668 -3.28284e+00 | 53 -0.05002  1.94289e+00 | 54 -0.00348 -3.37115e+00
 55  0.02182  3.84153e-02 | 56 -0.02797 -1.20059e+00 | 57  0.01635 -5.05481e-01
 58  0.01124 -8.53289e-01 | 59 -0.02621  4.05002e-01 | 60 -0.06148  9.58541e-01
 61 -0.01755  4.32715e-01 | 62  0.00388  3.18642e-01 | 63  0.01759  6.90414e-01
 64 -0.00450 -1.44505e+00 | 65 -0.00952 -1.67941e+00 | 66 -0.02679  1.23091e+00
 67  0.00375 -2.05626e+00 | 68  0.00117 -5.23205e+00 | 69  0.01770  1.11725e+00
 70  0.01341  1.09906e-01 | 71 -0.01048 -2.20536e+00 | 72  0.02299  9.51182e-01
 73 -0.02674  4.57064e-01 | 74  0.05404  8.17487e-02 | 75  0.01411 -1.37014e+00
 76  0.01663  5.37539e-01 | 77 -0.00656  2.17367e+00 | 78 -0.04674 -2.01871e+00
 79 -0.02216  5.05587e+00 | 80 -0.03664  2.35739e+00 | 81 -0.01322 -3.80451e+00
 82  0.01391 -1.86361e+00 | 83  0.05115 -6.12011e-01 | 84 -0.00661  3.12418e+00
 85 -0.01500 -2.90249e+00 | 86 -0.01619 -2.45327e+00 | 87 -0.02007 -1.54524e+00
 88  0.01587  1.29640e+00 | 89  0.01177 -1.48755e+00 | 90  0.02580 -2.69795e+00
 91  0.01411  1.89323e+01 | 92 -0.01011 -2.72359e+00 | 93 -0.01400 -2.57520e+00
 94 -0.00457  1.85632e+00 | 95  0.03039  2.81311e+00 | 96 -0.02776  2.82427e+00
 97 -0.02092 -2.89293e-02 | 98  0.05411  3.82685e-01 | 99 -0.02198  6.00421e-01
100  0.00784  2.20431e+00 |101  0.01172 -2.76147e+00 |102  0.00570  5.80868e-01
103  0.00006  3.89651e-01 |104  0.00006  3.86730e-01 |105  0.81101 -5.84027e-01
106 -0.41878  3.05206e-01 |107  0.23404  1.56843e+00 |108 -0.24934 -1.25071e+00
108 variables; iteration 80; function evaluation 93; phase 4
Function value 2.1060653e+03; maximum gradient component mag 4.6342e+00
Var    Value     Gradient |Var    Value     Gradient |Var    Value     Gradient
  1 -0.37732 -8.51035e-02 |  2 -0.42269 -3.29171e+00 |  3 -0.42029 -7.50315e-01
  4  0.63769 -2.09232e+00 |  5  0.01140  6.71964e-02 |  6 -0.00130  5.24811e-01
  7 -0.00523  3.92762e-01 |  8 -0.00604  9.00915e-01 |  9 -0.00974 -4.65107e-01
 10 -0.01466 -7.45328e-01 | 11 -0.00135 -5.83321e-01 | 12  0.00300  5.44787e-01
 13  0.03180  1.65525e+00 | 14 -0.01509  3.56324e-01 | 15 -0.01412 -6.18359e-01
 16 -0.00303  3.51948e-01 | 17 -0.00516 -6.71741e-01 | 18  0.00330 -4.40338e-01
 19 -0.01276  4.68913e-01 | 20  0.00756 -4.89147e-02 | 21  0.00992  3.17243e-01
 22  0.00815 -8.55890e-01 | 23 -0.03889 -1.68217e-01 | 24  0.01662 -1.26078e+00
 25  0.00495 -4.39925e-01 | 26  0.02428  1.75908e+00 | 27  0.03186  3.67287e-01
 28  0.02922  2.59115e+00 | 29 -0.01222  1.84813e+00 | 30  0.00972 -1.70860e+00
 31  0.00548 -1.90646e+00 | 32 -0.00752  1.21752e+00 | 33  0.01884 -2.29829e+00
 34  0.00234 -1.18215e+00 | 35  0.01729  8.99046e-01 | 36 -0.01699 -1.40403e+00
 37  0.00370  2.10339e+00 | 38  0.00226 -5.51667e-01 | 39 -0.00249  1.15264e+00
 40 -0.02680 -1.48367e+00 | 41  0.00136  1.65583e-01 | 42 -0.01742 -1.05541e+00
 43  0.00678  4.70681e-01 | 44  0.01983 -4.93684e-01 | 45  0.00780 -8.14325e-01
 46  0.02918  2.38232e-01 | 47  0.01630 -1.40635e+00 | 48 -0.00886 -7.44317e-02
 49  0.01664 -5.78075e-01 | 50 -0.02226  6.11863e-01 | 51 -0.02419  5.58721e-01
 52  0.00688  1.03864e+00 | 53 -0.05012  1.23469e+00 | 54 -0.00334 -7.05590e-01
 55  0.02173 -1.12213e+00 | 56 -0.02802 -1.44206e+00 | 57  0.01653  4.63420e+00
 58  0.01115 -2.08552e+00 | 59 -0.02633 -1.01916e+00 | 60 -0.06165 -7.27054e-01
 61 -0.01770 -2.62168e+00 | 62  0.00386  3.29866e-01 | 63  0.01754  1.20879e-01
 64 -0.00448 -1.47862e-01 | 65 -0.00949 -2.04170e-01 | 66 -0.02683  9.35635e-01
 67  0.00378 -2.30813e-01 | 68  0.00130 -1.03543e+00 | 69  0.01766  4.59004e-01
 70  0.01339  2.44008e-01 | 71 -0.01048 -1.99331e+00 | 72  0.02295  3.92608e-01
 73 -0.02684 -8.83923e-01 | 74  0.05401  6.37177e-02 | 75  0.01412 -1.61928e-01
 76  0.01660  1.78244e-01 | 77 -0.00670 -6.61770e-01 | 78 -0.04670 -1.31071e+00
 79 -0.02225  3.44224e+00 | 80 -0.03676  4.93325e-01 | 81 -0.01315 -1.89509e+00
 82  0.01394 -3.25342e-01 | 83  0.05115 -1.06778e-01 | 84 -0.00673  5.20060e-01
 85 -0.01481  1.27412e+00 | 86 -0.01612 -3.14220e-01 | 87 -0.01998  4.49068e-01
 88  0.01581  1.59706e-01 | 89  0.01180 -2.17299e-01 | 90  0.02585 -5.38958e-01
 91  0.01358  3.64659e+00 | 92 -0.00995  6.42463e-01 | 93 -0.01388  2.92613e-01
 94 -0.00471 -4.59639e-01 | 95  0.03031  8.67585e-01 | 96 -0.02797  1.57179e-01
 97 -0.02095 -1.77933e-01 | 98  0.05408  3.21650e-01 | 99 -0.02176  2.00429e+00
100  0.00739 -7.11585e-01 |101  0.01245  8.83736e-02 |102  0.00591  7.53815e-01
103 -0.00024 -2.72033e-01 |104 -0.00023 -2.62420e-01 |105  0.81130 -1.05911e-01
106 -0.41874  2.00778e-01 |107  0.23405  7.86177e-01 |108 -0.24936  7.01406e-01
Maximum number of function evaluations exceeded

 - final statistics:
108 variables; iteration 86; function evaluation 100
Function value 2.1061e+03; maximum gradient component mag 4.5818e+00
Exit code = 3;  converg criter 1.0000e+00
Var    Value     Gradient |Var    Value     Gradient |Var    Value     Gradient
  1 -0.37732 -5.68323e-02 |  2 -0.42269 -3.21170e+00 |  3 -0.42029 -7.10769e-01
  4  0.63769 -2.06334e+00 |  5  0.01139  4.64829e-02 |  6 -0.00128  5.58761e-01
  7 -0.00520  4.39088e-01 |  8 -0.00601  9.55684e-01 |  9 -0.00977 -5.12490e-01
 10 -0.01463 -6.74742e-01 | 11 -0.00128 -4.56175e-01 | 12  0.00297  4.77383e-01
 13  0.03177  1.57824e+00 | 14 -0.01512  2.79265e-01 | 15 -0.01409 -5.46875e-01
 16 -0.00301  4.00276e-01 | 17 -0.00516 -6.77011e-01 | 18  0.00329 -5.09005e-01
 19 -0.01275  5.29562e-01 | 20  0.00756 -5.82405e-02 | 21  0.00992  3.05764e-01
 22  0.00815 -8.63550e-01 | 23 -0.03889 -1.71016e-01 | 24  0.01662 -1.23403e+00
 25  0.00496 -3.92560e-01 | 26  0.02429  1.84682e+00 | 27  0.03186  3.73825e-01
 28  0.02922  2.69348e+00 | 29 -0.01221  1.94972e+00 | 30  0.00972 -1.62007e+00
 31  0.00549 -1.79917e+00 | 32 -0.00753  1.13035e+00 | 33  0.01884 -2.32412e+00
 34  0.00234 -1.14173e+00 | 35  0.01729  7.91370e-01 | 36 -0.01700 -1.49614e+00
 37  0.00369  1.98153e+00 | 38  0.00226 -5.49466e-01 | 39 -0.00250  1.01878e+00
 40 -0.02681 -1.53311e+00 | 41  0.00137  3.23158e-01 | 42 -0.01741 -9.37053e-01
 43  0.00677  3.70195e-01 | 44  0.01981 -7.10377e-01 | 45  0.00779 -8.51659e-01
 46  0.02918  2.05045e-01 | 47  0.01630 -1.39301e+00 | 48 -0.00886 -9.90336e-02
 49  0.01663 -6.60275e-01 | 50 -0.02226  6.23209e-01 | 51 -0.02420  5.34024e-01
 52  0.00689  1.13616e+00 | 53 -0.05012  1.25564e+00 | 54 -0.00333 -6.35370e-01
 55  0.02173 -1.12178e+00 | 56 -0.02802 -1.42398e+00 | 57  0.01653  4.58179e+00
 58  0.01115 -2.07076e+00 | 59 -0.02632 -8.26554e-01 | 60 -0.06165 -7.01239e-01
 61 -0.01770 -2.54367e+00 | 62  0.00386  3.28188e-01 | 63  0.01754  1.22489e-01
 64 -0.00448 -1.39834e-01 | 65 -0.00949 -1.85964e-01 | 66 -0.02684  8.27469e-01
 67  0.00378 -2.18635e-01 | 68  0.00130 -1.03437e+00 | 69  0.01765  4.51451e-01
 70  0.01339  2.56974e-01 | 71 -0.01049 -2.17741e+00 | 72  0.02295  4.03392e-01
 73 -0.02684 -8.57251e-01 | 74  0.05401  6.33835e-02 | 75  0.01412 -1.59161e-01
 76  0.01660  1.74864e-01 | 77 -0.00670 -6.41400e-01 | 78 -0.04669 -1.26066e+00
 79 -0.02225  3.37698e+00 | 80 -0.03677  3.80281e-01 | 81 -0.01315 -1.84073e+00
 82  0.01394 -3.23888e-01 | 83  0.05115 -1.04744e-01 | 84 -0.00674  4.86650e-01
 85 -0.01480  1.45381e+00 | 86 -0.01612 -4.01619e-01 | 87 -0.01998  4.04430e-01
 88  0.01581  1.64816e-01 | 89  0.01180 -2.17105e-01 | 90  0.02585 -5.36894e-01
 91  0.01358  3.62271e+00 | 92 -0.00995  5.81503e-01 | 93 -0.01388  3.13857e-01
 94 -0.00471 -4.34662e-01 | 95  0.03031  8.58407e-01 | 96 -0.02797  1.61675e-01
 97 -0.02095 -1.76869e-01 | 98  0.05408  3.21766e-01 | 99 -0.02175  2.04291e+00
100  0.00739 -7.44943e-01 |101  0.01247  1.56680e-01 |102  0.00594  7.98134e-01
103 -0.00028 -3.36421e-01 |104 -0.00027 -3.25099e-01 |105  0.81130 -1.09586e-01
106 -0.41874  2.19250e-01 |107  0.23404  7.53182e-01 |108 -0.24937  6.83672e-01

Initial statistics: 110 variables; iteration 0; function evaluation 0; phase 5
Function value 2.1060653e+03; maximum gradient component mag -4.9123e+01
Var    Value     Gradient |Var    Value     Gradient |Var    Value     Gradient
  1 -0.37732 -5.68323e-02 |  2 -0.42269 -3.21170e+00 |  3 -0.42029 -7.10769e-01
  4 -0.41222  2.12833e+01 |  5 -0.41222 -4.91233e+01 |  6  0.63769 -2.06334e+00
  7  0.01139  4.64829e-02 |  8 -0.00128  5.58761e-01 |  9 -0.00520  4.39088e-01
 10 -0.00601  9.55684e-01 | 11 -0.00977 -5.12490e-01 | 12 -0.01463 -6.74777e-01
 13 -0.00128 -4.56210e-01 | 14  0.00297  4.77348e-01 | 15  0.03177  1.57821e+00
 16 -0.01512  2.79230e-01 | 17 -0.01409 -5.46910e-01 | 18 -0.00301  4.00241e-01
 19 -0.00516 -6.77046e-01 | 20  0.00329 -5.09040e-01 | 21 -0.01275  5.29527e-01
 22  0.00756 -5.82753e-02 | 23  0.00992  3.05729e-01 | 24  0.00815 -8.63584e-01
 25 -0.03889 -1.71051e-01 | 26  0.01662 -1.23406e+00 | 27  0.00496 -3.92595e-01
 28  0.02429  1.84679e+00 | 29  0.03186  3.73790e-01 | 30  0.02922  2.69345e+00
 31 -0.01221  1.94968e+00 | 32  0.00972 -1.62010e+00 | 33  0.00549 -1.79921e+00
 34 -0.00753  1.13032e+00 | 35  0.01884 -2.32415e+00 | 36  0.00234 -1.14176e+00
 37  0.01729  7.91336e-01 | 38 -0.01700 -1.49618e+00 | 39  0.00369  1.98149e+00
 40  0.00226 -5.49501e-01 | 41 -0.00250  1.01874e+00 | 42 -0.02681 -1.53314e+00
 43  0.00137  3.23123e-01 | 44 -0.01741 -9.37088e-01 | 45  0.00677  3.70160e-01
 46  0.01981 -7.10412e-01 | 47  0.00779 -8.51694e-01 | 48  0.02918  2.05010e-01
 49  0.01630 -1.39304e+00 | 50 -0.00886 -9.90684e-02 | 51  0.01663 -6.60310e-01
 52 -0.02226  6.23174e-01 | 53 -0.02420  5.33990e-01 | 54  0.00689  1.13612e+00
 55 -0.05012  1.25561e+00 | 56 -0.00333 -6.35404e-01 | 57  0.02173 -1.12182e+00
 58 -0.02802 -1.42401e+00 | 59  0.01653  4.58176e+00 | 60  0.01115 -2.07079e+00
 61 -0.02632 -8.26589e-01 | 62 -0.06165 -7.01274e-01 | 63 -0.01770 -2.54370e+00
 64  0.00386  3.28153e-01 | 65  0.01754  1.22454e-01 | 66 -0.00448 -1.39868e-01
 67 -0.00949 -1.85998e-01 | 68 -0.02684  8.27434e-01 | 69  0.00378 -2.18670e-01
 70  0.00130 -1.03441e+00 | 71  0.01765  4.51416e-01 | 72  0.01339  2.56939e-01
 73 -0.01049 -2.17744e+00 | 74  0.02295  4.03357e-01 | 75 -0.02684 -8.57285e-01
 76  0.05401  6.33488e-02 | 77  0.01412 -1.59196e-01 | 78  0.01660  1.74830e-01
 79 -0.00670 -6.41435e-01 | 80 -0.04669 -1.26070e+00 | 81 -0.02225  3.37694e+00
 82 -0.03677  3.80246e-01 | 83 -0.01315 -1.84076e+00 | 84  0.01394 -3.23922e-01
 85  0.05115 -1.04779e-01 | 86 -0.00674  4.86615e-01 | 87 -0.01480  1.45378e+00
 88 -0.01612 -4.01654e-01 | 89 -0.01998  4.04395e-01 | 90  0.01581  1.64781e-01
 91  0.01180 -2.17140e-01 | 92  0.02585 -5.36929e-01 | 93  0.01358  3.62267e+00
 94 -0.00995  5.81468e-01 | 95 -0.01388  3.13822e-01 | 96 -0.00471 -4.34697e-01
 97  0.03031  8.58372e-01 | 98 -0.02797  1.61640e-01 | 99 -0.02095 -1.76904e-01
100  0.05408  3.21731e-01 |101 -0.02175  2.04287e+00 |102  0.00739 -7.44978e-01
103  0.01247  1.56645e-01 |104  0.00594  7.98099e-01 |105 -0.00028 -3.36456e-01
106 -0.00027 -3.25134e-01 |107  0.81130 -1.09586e-01 |108 -0.41874  2.19250e-01
109  0.23404  7.53182e-01 |110 -0.24937  6.83672e-01 |

Intermediate statistics: 110 variables; iteration 20; function evaluation 25; phase 5
Function value 2.1050063e+03; maximum gradient component mag -2.0342e+02
Var    Value     Gradient |Var    Value     Gradient |Var    Value     Gradient
  1 -0.37685  2.00912e+00 |  2 -0.42530 -2.03421e+02 |  3 -0.41396 -5.40937e+01
  4 -0.45253  5.18960e+00 |  5 -0.39234 -2.66592e+01 |  6  0.63785 -6.38087e+01
  7  0.01163 -6.94177e-02 |  8 -0.00135  3.57245e-01 |  9 -0.00520  3.06943e-01
 10 -0.00609  6.52678e-01 | 11 -0.00955 -3.24526e-01 | 12 -0.01435  1.25599e+00
 13 -0.00101  1.38315e+00 | 14  0.00311  1.94176e+00 | 15  0.03170  2.00409e+00
 16 -0.01494  1.76768e+00 | 17 -0.01375  1.25198e+00 | 18 -0.00282  1.53848e+00
 19 -0.00472  1.18555e+00 | 20  0.00377  1.41261e+00 | 21 -0.01250  1.65084e+00
 22  0.00802  2.04474e+00 | 23  0.01020  1.73912e+00 | 24  0.00846  1.65930e+00
 25 -0.03876  1.94596e+00 | 26  0.01733  9.46088e+00 | 27  0.00537  5.27623e+00
 28  0.02321 -1.59524e+01 | 29  0.03151 -8.22956e+00 | 30  0.02792 -2.20250e+01
 31 -0.01289 -5.45689e+00 | 32  0.01061  1.01339e+01 | 33  0.00624  7.64739e+00
 34 -0.00833 -7.41779e+00 | 35  0.01973  1.33948e+01 | 36  0.00288  6.15438e+00
 37  0.01674 -9.64693e+00 | 38 -0.01646  4.30753e+00 | 39  0.00242 -1.45726e+01
 40  0.00282  6.11078e+00 | 41 -0.00330 -1.00382e+01 | 42 -0.02630  4.53507e+00
 43  0.00129 -1.81454e+00 | 44 -0.01720  1.85548e+00 | 45  0.00648 -3.76715e+00
 46  0.02000  4.68503e-01 | 47  0.00795  1.55632e+00 | 48  0.02914 -2.10567e+00
 49  0.01697  8.71852e+00 | 50 -0.00866  2.12254e+00 | 51  0.01693  3.30380e+00
 52 -0.02259 -2.95337e+00 | 53 -0.02450 -4.06436e+00 | 54  0.00633 -1.19599e+01
 55 -0.05057 -2.71141e+00 | 56 -0.00314  4.25116e-01 | 57  0.02176 -5.14204e+00
 58 -0.02729  5.39488e+00 | 59  0.01696  9.37145e+00 | 60  0.01113 -5.10769e+00
 61 -0.02575  7.00335e+00 | 62 -0.06123  4.14450e+00 | 63 -0.01784 -5.20761e+00
 64  0.00355 -7.07650e+00 | 65  0.01702 -2.53103e+01 | 66 -0.00450 -3.67443e+00
 67 -0.00965 -3.99684e+00 | 68 -0.02714 -3.34016e+00 | 69  0.00377 -2.40991e+00
 70  0.00086 -9.19469e+00 | 71  0.01744 -1.08209e+01 | 72  0.01311 -7.48075e+00
 73 -0.01040 -1.37746e+00 | 74  0.02281 -7.04617e+00 | 75 -0.02639  5.47117e+00
 76  0.05346 -3.26852e+01 | 77  0.01398 -5.51766e+00 | 78  0.01646 -6.11401e+00
 79 -0.00708 -6.41759e+00 | 80 -0.04566  1.60347e+01 | 81 -0.02295 -6.28336e+00
 82 -0.03675  2.78795e+00 | 83 -0.01344 -6.19753e+00 | 84  0.01390 -6.20058e-01
 85  0.05185  4.31244e+01 | 86 -0.00647  4.82190e+00 | 87 -0.01501 -2.29491e+00
 88 -0.01605  4.33199e+00 | 89 -0.02034 -1.33180e+00 | 90  0.01554 -2.08923e+00
 91  0.01186  3.62220e+00 | 92  0.02612  1.18609e+01 | 93  0.01379  1.44600e+01
 94 -0.01003  2.27412e+00 | 95 -0.01411  1.85671e+00 | 96 -0.00488  3.70512e+00
 97  0.03022  5.53904e+00 | 98 -0.02848 -2.07557e+00 | 99 -0.02057  1.16296e+01
100  0.05373  6.66366e+00 |101 -0.02249  2.90305e-01 |102  0.00714  3.27733e-02
103  0.01157  1.38513e+00 |104  0.00622  2.68659e+00 |105 -0.00017  1.48276e+00
106 -0.00017  1.48968e+00 |107  0.82749  1.38052e-01 |108 -0.41681  1.52324e+00
109  0.23570 -9.87320e+00 |110 -0.24882  3.17648e+01 |
110 variables; iteration 40; function evaluation 47; phase 5
Function value 2.1047655e+03; maximum gradient component mag 3.7799e+01
Var    Value     Gradient |Var    Value     Gradient |Var    Value     Gradient
  1 -0.38092  5.63461e+00 |  2 -0.42649  3.94697e+00 |  3 -0.41003  9.04121e+00
  4 -0.46842  2.43713e+00 |  5 -0.38366 -1.30307e-01 |  6  0.63776 -1.55896e+01
  7  0.01155 -7.51253e-01 |  8 -0.00149  2.68561e-02 |  9 -0.00552 -3.31235e-01
 10 -0.00678 -6.49652e-01 | 11 -0.00932 -7.23114e-02 | 12 -0.01382  7.05474e-01
 13 -0.00066  4.82784e-01 | 14  0.00258 -9.28550e-01 | 15  0.03212  1.25640e+00
 16 -0.01500 -1.28235e-01 | 17 -0.01332  5.20006e-01 | 18 -0.00267 -6.49391e-02
 19 -0.00459 -5.72686e-01 | 20  0.00437  1.33513e+00 | 21 -0.01220  3.74787e-01
 22  0.00619 -1.15434e+01 | 23  0.01082  2.62034e+00 | 24  0.00849 -1.43995e+00
 25 -0.03912 -1.99959e+00 | 26  0.01728  6.87704e+00 | 27  0.00505  3.38747e-01
 28  0.02361 -1.24470e+01 | 29  0.03178 -4.50076e+00 | 30  0.02916 -1.78926e+00
 31 -0.01145  7.39830e+00 | 32  0.01037  4.63224e+00 | 33  0.00586  2.13256e-02
 34 -0.00766 -2.31070e+00 | 35  0.01901 -1.01493e+00 | 36  0.00220 -4.73589e+00
 37  0.01751  8.24222e-01 | 38 -0.01679 -3.52294e-01 | 39  0.00380  3.75956e+00
 40  0.00228 -1.39142e+00 | 41 -0.00256 -2.31070e+00 | 42 -0.02661  5.28806e-01
 43  0.00181  3.89828e+00 | 44 -0.01713  1.60082e+00 | 45  0.00669 -7.55162e-01
 46  0.01998 -1.81068e-01 | 47  0.00789  1.12113e+00 | 48  0.02932  2.46102e+00
 49  0.01650  1.99330e+00 | 50 -0.00864  2.10469e+00 | 51  0.01686  2.76215e+00
 52 -0.02214  1.99685e+00 | 53 -0.02409  2.92423e-01 | 54  0.00655 -6.97706e+00
 55 -0.05149 -1.07090e+01 | 56 -0.00340 -2.50549e+00 | 57  0.02187 -3.62989e-01
 58 -0.02745  3.66700e+00 | 59  0.01656  1.40533e+00 | 60  0.01138  2.27024e+00
 61 -0.02597  3.91939e+00 | 62 -0.06187 -2.63594e+00 | 63 -0.01731  8.02971e+00
 64  0.00361  1.52326e-01 | 65  0.01755 -2.75847e+00 | 66 -0.00452 -2.86424e+00
 67 -0.00944  2.36531e+00 | 68 -0.02703 -2.58110e-01 | 69  0.00396  5.29047e+00
 70  0.00086 -4.50486e+00 | 71  0.01768 -5.96545e-01 | 72  0.01293 -9.91748e+00
 73 -0.01046 -1.75249e+00 | 74  0.02294 -6.78542e-01 | 75 -0.02685 -2.58845e+00
 76  0.05385 -4.85861e+00 | 77  0.01407 -2.12109e-01 | 78  0.01679  5.60712e+00
 79 -0.00685 -6.91981e-01 | 80 -0.04678 -3.20721e-02 | 81 -0.02250  2.88061e+00
 82 -0.03703 -2.52005e+00 | 83 -0.01349 -7.42017e+00 | 84  0.01387 -3.14299e+00
 85  0.05123  6.08890e+00 | 86 -0.00611  1.01609e+01 | 87 -0.01469  3.58512e+00
 88 -0.01636 -2.54216e+00 | 89 -0.02052 -3.91339e+00 | 90  0.01581  7.40824e+00
 91  0.01167 -2.38367e+00 | 92  0.02589  2.55996e-01 | 93  0.01347  3.92557e+00
 94 -0.00991  4.42385e+00 | 95 -0.01408  3.07306e+00 | 96 -0.00496  3.17935e+00
 97  0.02980 -5.49328e+00 | 98 -0.02830  7.16230e-01 | 99 -0.02115  6.05341e+00
100  0.05319 -5.92405e-01 |101 -0.02218  3.16425e+00 |102  0.00677 -3.35325e+00
103  0.00967 -6.58717e+00 |104  0.00574  2.81762e-01 |105 -0.00010  2.07244e-01
106 -0.00010  2.11541e-01 |107  0.83142 -5.68526e+00 |108 -0.41627  3.77990e+01
109  0.23636 -1.10271e+00 |110 -0.24844  1.09322e+01 |
110 variables; iteration 60; function evaluation 72; phase 5
Function value 2.1047068e+03; maximum gradient component mag 9.8146e+00
Var    Value     Gradient |Var    Value     Gradient |Var    Value     Gradient
  1 -0.38172  1.18155e+00 |  2 -0.42670  6.62283e+00 |  3 -0.40937  3.26669e+00
  4 -0.47061  5.22171e-01 |  5 -0.38241  8.16006e-01 |  6  0.63795 -2.29891e+00
  7  0.01237  1.42368e+00 |  8 -0.00192 -5.09941e-01 |  9 -0.00522  2.56547e-01
 10 -0.00628  3.19623e-01 | 11 -0.00927  1.23390e-01 | 12 -0.01347  1.13317e+00
 13 -0.00027  1.08480e+00 | 14  0.00272 -8.06092e-01 | 15  0.03104 -2.04258e+00
 16 -0.01455  7.46436e-01 | 17 -0.01368 -5.90790e-01 | 18 -0.00260  4.30348e-02
 19 -0.00426  4.57611e-01 | 20  0.00407  1.32433e-01 | 21 -0.01229  2.35284e-02
 22  0.00817 -9.40954e-02 | 23  0.01037 -3.05801e-01 | 24  0.00861 -2.57080e-01
 25 -0.03938 -3.34858e+00 | 26  0.01679  1.75879e+00 | 27  0.00502  6.27747e-01
 28  0.02432 -1.10633e+00 | 29  0.03186 -2.14301e+00 | 30  0.02920 -4.65016e-01
 31 -0.01214  6.48305e-01 | 32  0.01002 -1.72312e-01 | 33  0.00576 -1.02220e+00
 34 -0.00743  7.88959e-01 | 35  0.01892 -1.46457e+00 | 36  0.00241 -1.31352e+00
 37  0.01737 -4.98962e-01 | 38 -0.01673  6.40403e-01 | 39  0.00348  5.94529e-02
 40  0.00221 -1.67097e+00 | 41 -0.00238  5.27583e-01 | 42 -0.02686 -1.69644e+00
 43  0.00145 -5.87114e-01 | 44 -0.01729  2.40493e-01 | 45  0.00667 -1.59387e-01
 46  0.01996  5.18778e-01 | 47  0.00773 -3.79201e-01 | 48  0.02903 -2.03233e+00
 49  0.01641  1.12024e+00 | 50 -0.00886 -8.31335e-02 | 51  0.01666 -6.93322e-02
 52 -0.02234  9.23753e-02 | 53 -0.02412  3.82030e-01 | 54  0.00689  5.81855e-01
 55 -0.05043 -1.54747e+00 | 56 -0.00336 -9.32787e-01 | 57  0.02185  5.53424e-01
 58 -0.02778  2.57029e-01 | 59  0.01648  8.15592e-01 | 60  0.01123  2.55347e-01
 61 -0.02625  5.52307e-01 | 62 -0.06151  1.47333e+00 | 63 -0.01766  1.92174e+00
 64  0.00353  3.72749e-01 | 65  0.01755  2.79706e-01 | 66 -0.00449  1.55304e-01
 67 -0.00961 -2.85808e-01 | 68 -0.02711 -5.70135e-01 | 69  0.00382  2.81135e+00
 70  0.00096  4.06162e-01 | 71  0.01760 -7.94236e-01 | 72  0.01311 -1.53404e+00
 73 -0.01047 -5.96332e-01 | 74  0.02288 -1.92175e-01 | 75 -0.02680 -1.20139e+00
 76  0.05385 -3.36155e-01 | 77  0.01414  3.64650e+00 | 78  0.01650 -1.60431e+00
 79 -0.00669  4.59060e+00 | 80 -0.04680  4.31504e-01 | 81 -0.02265  9.80224e-01
 82 -0.03701 -1.11295e+00 | 83 -0.01334 -2.37475e+00 | 84  0.01388 -8.87059e-01
 85  0.05108 -9.39304e-02 | 86 -0.00653  8.53944e-01 | 87 -0.01490 -3.27763e-01
 88 -0.01633 -7.37729e-01 | 89 -0.02037 -3.13355e-02 | 90  0.01555  1.14686e+00
 91  0.01173  2.02158e-01 | 92  0.02583 -3.17550e-01 | 93  0.01336  1.55823e+00
 94 -0.01010  1.07240e+00 | 95 -0.01427 -1.66985e-01 | 96 -0.00513  5.02609e-01
 97  0.02989 -9.75183e-01 | 98 -0.02836  1.62209e-01 | 99 -0.02156  9.26755e-01
100  0.05319 -8.51731e-01 |101 -0.02238  1.37152e+00 |102  0.00716 -4.37948e-01
103  0.01104 -8.46327e-01 |104  0.00584  3.50691e-03 |105  0.00067  1.07566e+00
106  0.00066  1.04970e+00 |107  0.83211 -1.68142e+00 |108 -0.41625  9.81460e+00
109  0.23600 -3.11361e-01 |110 -0.24857  1.23663e+00 |
110 variables; iteration 80; function evaluation 98; phase 5
Function value 2.1046998e+03; maximum gradient component mag 2.2060e+00
Var    Value     Gradient |Var    Value     Gradient |Var    Value     Gradient
  1 -0.38175  2.80558e-01 |  2 -0.42674  7.79029e-01 |  3 -0.40928  5.79362e-01
  4 -0.47110  6.60048e-02 |  5 -0.38227  1.26722e-01 |  6  0.63795 -4.62281e-01
  7  0.01180  6.71865e-02 |  8 -0.00157 -2.29215e-02 |  9 -0.00535  6.19640e-03
 10 -0.00645 -1.42857e-02 | 11 -0.00932  5.94607e-03 | 12 -0.01404 -1.03390e-02
 13 -0.00079 -4.33335e-02 | 14  0.00311 -7.09417e-03 | 15  0.03177  6.21328e-02
 16 -0.01483  4.40797e-02 | 17 -0.01344 -1.38238e-02 | 18 -0.00253  2.07035e-01
 19 -0.00437  4.34517e-02 | 20  0.00414  3.67549e-01 | 21 -0.01230 -5.19022e-02
 22  0.00821  1.02375e-01 | 23  0.01049  5.50032e-01 | 24  0.00855 -7.62276e-01
 25 -0.03874 -6.97407e-02 | 26  0.01663 -9.05159e-02 | 27  0.00498  7.70698e-02
 28  0.02442  2.89189e-01 | 29  0.03199  4.99649e-02 | 30  0.02923 -1.26130e-01
 31 -0.01220 -7.49453e-02 | 32  0.01007  5.07338e-01 | 33  0.00583 -9.84323e-02
 34 -0.00748  1.60865e-01 | 35  0.01900 -9.59158e-02 | 36  0.00248 -3.47038e-01
 37  0.01741  1.02769e-01 | 38 -0.01680 -1.48114e-01 | 39  0.00345 -3.98542e-01
 40  0.00234 -8.69310e-02 | 41 -0.00243 -1.39831e-01 | 42 -0.02670 -1.39557e-01
 43  0.00148 -2.21077e-01 | 44 -0.01731  1.71295e-02 | 45  0.00669 -2.48581e-02
 46  0.01994  2.12399e-01 | 47  0.00779  5.40306e-01 | 48  0.02911 -5.22396e-01
 49  0.01634  1.31311e-01 | 50 -0.00881  4.72745e-01 | 51  0.01665 -3.11343e-01
 52 -0.02235 -1.64732e-02 | 53 -0.02415 -9.40600e-02 | 54  0.00685 -3.16855e-01
 55 -0.05023  8.73898e-02 | 56 -0.00330  6.45079e-02 | 57  0.02182 -2.04403e-01
 58 -0.02779  1.11552e-01 | 59  0.01644 -8.32157e-02 | 60  0.01122 -1.95832e-02
 61 -0.02631 -4.08565e-01 | 62 -0.06164  6.54811e-02 | 63 -0.01774  7.61696e-02
 64  0.00352 -1.63190e-03 | 65  0.01754  3.41569e-02 | 66 -0.00450  1.05159e-01
 67 -0.00960  3.62829e-04 | 68 -0.02705  3.08215e-01 | 69  0.00374  2.03262e-01
 70  0.00095 -3.21596e-02 | 71  0.01763 -4.37752e-02 | 72  0.01316 -3.07466e-02
 73 -0.01046 -6.24760e-01 | 74  0.02289  2.78252e-04 | 75 -0.02675 -4.64542e-01
 76  0.05386 -2.22052e-02 | 77  0.01403  3.35734e-01 | 78  0.01655 -2.99605e-01
 79 -0.00686  3.25651e-01 | 80 -0.04684 -3.06333e-01 | 81 -0.02271 -3.63675e-01
 82 -0.03695 -7.62498e-02 | 83 -0.01324  6.77511e-02 | 84  0.01390 -9.10276e-02
 85  0.05108 -1.27349e-01 | 86 -0.00656  2.01239e-02 | 87 -0.01487  1.59380e-01
 88 -0.01630 -4.85976e-02 | 89 -0.02036  4.97651e-02 | 90  0.01551 -2.18872e-02
 91  0.01172 -7.10197e-03 | 92  0.02584 -4.20889e-02 | 93  0.01331  1.09114e-01
 94 -0.01015 -1.62568e-01 | 95 -0.01424  2.30331e-01 | 96 -0.00514  2.49062e-01
 97  0.02993  3.99233e-02 | 98 -0.02833  5.42109e-01 | 99 -0.02163 -7.13296e-02
100  0.05324  1.44483e-01 |101 -0.02251  2.49971e-01 |102  0.00727  1.92584e-01
103  0.01127  8.75452e-02 |104  0.00589  2.76679e-02 |105 -0.00000 -1.01895e-02
106 -0.00000 -9.74169e-03 |107  0.83241 -3.97370e-01 |108 -0.41623  2.20599e+00
109  0.23604 -9.19912e-02 |110 -0.24856  3.21318e-02 |
110 variables; iteration 100; function evaluation 128; phase 5
Function value 2.1046996e+03; maximum gradient component mag 1.1806e+00
Var    Value     Gradient |Var    Value     Gradient |Var    Value     Gradient
  1 -0.38176  1.42991e-01 |  2 -0.42674  2.68507e-01 |  3 -0.40927  2.78620e-01
  4 -0.47114  3.13787e-02 |  5 -0.38226  5.19472e-02 |  6  0.63795 -3.06794e-01
  7  0.01177 -8.36716e-03 |  8 -0.00150  7.87696e-02 |  9 -0.00538 -4.16645e-02
 10 -0.00643  5.52330e-03 | 11 -0.00931  1.02328e-02 | 12 -0.01406 -5.52235e-02
 13 -0.00074  3.98614e-02 | 14  0.00310 -3.69065e-02 | 15  0.03179  1.04422e-01
 16 -0.01484  1.25798e-02 | 17 -0.01350 -1.89099e-01 | 18 -0.00258  5.56989e-02
 19 -0.00434  1.18857e-01 | 20  0.00413  3.02819e-01 | 21 -0.01228 -1.00958e-02
 22  0.00819 -1.45175e-02 | 23  0.01044  1.30712e-01 | 24  0.00861 -3.05378e-01
 25 -0.03872 -1.08508e-03 | 26  0.01664 -3.66450e-02 | 27  0.00498  1.10548e-01
 28  0.02441  9.59076e-02 | 29  0.03199  7.02763e-02 | 30  0.02923 -9.64285e-02
 31 -0.01220 -8.65135e-02 | 32  0.01005  1.96153e-01 | 33  0.00585  2.73264e-02
 34 -0.00749  4.38238e-02 | 35  0.01901 -2.31024e-02 | 36  0.00250 -1.29000e-01
 37  0.01741  6.95048e-02 | 38 -0.01679 -8.88698e-02 | 39  0.00346 -2.68906e-01
 40  0.00234 -9.53379e-02 | 41 -0.00242  1.02691e-02 | 42 -0.02669 -4.80236e-02
 43  0.00151  1.16239e-01 | 44 -0.01731 -1.22720e-02 | 45  0.00669  2.47941e-02
 46  0.01993 -6.26635e-02 | 47  0.00775 -9.69727e-02 | 48  0.02913 -8.76151e-02
 49  0.01634  7.72933e-02 | 50 -0.00883  2.28960e-01 | 51  0.01666 -5.12793e-02
 52 -0.02235 -3.40791e-02 | 53 -0.02415 -6.25627e-02 | 54  0.00687 -6.10203e-02
 55 -0.05023  5.06055e-02 | 56 -0.00330  4.18120e-02 | 57  0.02183 -1.88529e-02
 58 -0.02781 -7.05241e-02 | 59  0.01644  3.63098e-03 | 60  0.01122  5.32888e-02
 61 -0.02629 -1.52647e-01 | 62 -0.06165 -7.46546e-02 | 63 -0.01775 -5.09996e-02
 64  0.00352 -3.57939e-03 | 65  0.01754 -1.89473e-03 | 66 -0.00450  3.53421e-03
 67 -0.00960 -4.39122e-03 | 68 -0.02706  8.31318e-02 | 69  0.00373 -1.79189e-02
 70  0.00095  4.74655e-03 | 71  0.01763  2.91057e-03 | 72  0.01317  9.04485e-03
 73 -0.01043 -9.89909e-04 | 74  0.02289 -1.70190e-04 | 75 -0.02673 -1.57875e-01
 76  0.05386 -4.92818e-03 | 77  0.01402 -1.18042e-02 | 78  0.01656 -2.32375e-02
 79 -0.00687  2.17210e-02 | 80 -0.04683 -1.27261e-01 | 81 -0.02270 -3.15562e-02
 82 -0.03694  1.61883e-02 | 83 -0.01324  4.22894e-02 | 84  0.01390 -7.10963e-04
 85  0.05109 -4.25562e-02 | 86 -0.00656  1.27638e-02 | 87 -0.01488  7.19188e-03
 88 -0.01630 -1.18019e-01 | 89 -0.02036  1.21491e-01 | 90  0.01551 -1.52067e-02
 91  0.01172  3.51041e-03 | 92  0.02584  1.37758e-03 | 93  0.01331  1.58012e-03
 94 -0.01014  7.15606e-03 | 95 -0.01425  9.24876e-02 | 96 -0.00516  2.10854e-02
 97  0.02993  4.02394e-02 | 98 -0.02837  4.36506e-02 | 99 -0.02163  7.39729e-03
100  0.05323  5.97553e-02 |101 -0.02254  5.85931e-02 |102  0.00724  4.59862e-02
103  0.01127  1.07836e-01 |104  0.00588  9.37658e-03 |105  0.00004  4.38271e-02
106  0.00004  4.29855e-02 |107  0.83249 -2.04748e-01 |108 -0.41622  1.18055e+00
109  0.23604 -5.56649e-02 |110 -0.24856  1.96624e-02 |
  ic > imax  in fminim is answer attained ?
Var    Value     Gradient |Var    Value     Gradient |Var    Value     Gradient
  1 -0.38177  3.09612e-05 |  2 -0.42675  5.81635e-05 |  3 -0.40926  6.61493e-05
  4 -0.47117  8.33555e-06 |  5 -0.38225  1.12064e-05 |  6  0.63795 -8.43801e-05
  7  0.01178 -2.87048e-06 |  8 -0.00155 -1.95700e-06 |  9 -0.00535  1.16597e-06
 10 -0.00644  2.03139e-06 | 11 -0.00932 -1.12321e-06 | 12 -0.01403  5.53915e-06
 13 -0.00076  6.68474e-07 | 14  0.00312  5.64366e-07 | 15  0.03175 -2.75836e-07
 16 -0.01484  5.82928e-07 | 17 -0.01343  5.68716e-06 | 18 -0.00259 -1.41017e-06
 19 -0.00438 -3.48953e-07 | 20  0.00406 -4.41981e-06 | 21 -0.01228  2.03577e-06
 22  0.00819  2.58984e-06 | 23  0.01042 -2.95500e-06 | 24  0.00864  5.83275e-06
 25 -0.03872  6.93691e-06 | 26  0.01664 -5.99132e-06 | 27  0.00497 -4.81566e-06
 28  0.02440  1.71808e-06 | 29  0.03199  2.32335e-06 | 30  0.02923  2.11195e-06
 31 -0.01219 -3.42228e-07 | 32  0.01004 -6.66818e-06 | 33  0.00584 -5.45515e-07
 34 -0.00749 -1.42700e-06 | 35  0.01901  3.74205e-07 | 36  0.00251  2.51081e-06
 37  0.01741  1.04267e-07 | 38 -0.01678  6.34249e-07 | 39  0.00348  1.01270e-06
 40  0.00234  2.00857e-06 | 41 -0.00242  1.91214e-07 | 42 -0.02668  4.39873e-06
 43  0.00150 -2.86334e-06 | 44 -0.01731 -4.23244e-06 | 45  0.00669  1.32214e-07
 46  0.01993 -2.70274e-06 | 47  0.00776 -2.32853e-06 | 48  0.02914  3.53514e-06
 49  0.01633 -4.12922e-06 | 50 -0.00885 -4.78042e-06 | 51  0.01667 -2.25713e-06
 52 -0.02234  2.50796e-07 | 53 -0.02415  2.33588e-06 | 54  0.00687  3.84443e-06
 55 -0.05023  5.19014e-06 | 56 -0.00330  5.50054e-07 | 57  0.02183 -7.97514e-07
 58 -0.02780 -1.21411e-06 | 59  0.01644 -4.28326e-06 | 60  0.01122 -2.23739e-06
 61 -0.02628  3.42319e-07 | 62 -0.06164 -8.68420e-08 | 63 -0.01774 -3.89145e-06
 64  0.00352 -2.71696e-06 | 65  0.01754 -3.07967e-07 | 66 -0.00450 -3.80324e-06
 67 -0.00960 -5.32265e-07 | 68 -0.02707 -2.26550e-06 | 69  0.00373 -1.40939e-05
 70  0.00095  2.58595e-06 | 71  0.01763  1.88268e-06 | 72  0.01317  6.08113e-06
 73 -0.01043  1.83054e-06 | 74  0.02289  1.28573e-06 | 75 -0.02672  4.33444e-06
 76  0.05386  1.26564e-06 | 77  0.01402 -1.74717e-05 | 78  0.01656  7.28423e-06
 79 -0.00687 -1.12031e-05 | 80 -0.04682 -6.32902e-07 | 81 -0.02269 -1.40600e-06
 82 -0.03694  4.76176e-06 | 83 -0.01324  5.43455e-06 | 84  0.01390  4.58929e-06
 85  0.05109 -1.10168e-05 | 86 -0.00656 -7.90493e-06 | 87 -0.01488  2.68188e-06
 88 -0.01629  4.17861e-06 | 89 -0.02036  2.55303e-06 | 90  0.01552 -1.29423e-06
 91  0.01172  3.80719e-07 | 92  0.02584  8.75992e-07 | 93  0.01331 -5.63148e-06
 94 -0.01014 -3.53938e-07 | 95 -0.01425  7.93562e-07 | 96 -0.00516  2.30362e-06
 97  0.02992  5.30601e-06 | 98 -0.02837  4.10296e-07 | 99 -0.02162  1.51589e-06
100  0.05323  6.61703e-06 |101 -0.02254  2.21484e-07 |102  0.00724  3.39088e-06
103  0.01125  3.97991e-06 |104  0.00588  4.14181e-06 |105  0.00002  2.47956e-06
106  0.00002  3.03565e-06 |107  0.83255 -5.42000e-05 |108 -0.41622  2.98624e-04
109  0.23605 -1.20948e-06 |110 -0.24856  6.87458e-06 |
Function minimizer not making progress ... is minimum attained?
Minimprove criterion = 0.0000e+00

 - final statistics:
110 variables; iteration 120; function evaluation 190
Function value 2.1047e+03; maximum gradient component mag 2.9862e-04
Exit code = 1;  converg criter 1.0000e-04
Var    Value     Gradient |Var    Value     Gradient |Var    Value     Gradient
  1 -0.38177  3.09612e-05 |  2 -0.42675  5.81635e-05 |  3 -0.40926  6.61493e-05
  4 -0.47117  8.33555e-06 |  5 -0.38225  1.12064e-05 |  6  0.63795 -8.43801e-05
  7  0.01178 -2.87048e-06 |  8 -0.00155 -1.95700e-06 |  9 -0.00535  1.16597e-06
 10 -0.00644  2.03139e-06 | 11 -0.00932 -1.12321e-06 | 12 -0.01403  5.53915e-06
 13 -0.00076  6.68474e-07 | 14  0.00312  5.64366e-07 | 15  0.03175 -2.75836e-07
 16 -0.01484  5.82928e-07 | 17 -0.01343  5.68716e-06 | 18 -0.00259 -1.41017e-06
 19 -0.00438 -3.48953e-07 | 20  0.00406 -4.41981e-06 | 21 -0.01228  2.03577e-06
 22  0.00819  2.58984e-06 | 23  0.01042 -2.95500e-06 | 24  0.00864  5.83275e-06
 25 -0.03872  6.93691e-06 | 26  0.01664 -5.99132e-06 | 27  0.00497 -4.81566e-06
 28  0.02440  1.71808e-06 | 29  0.03199  2.32335e-06 | 30  0.02923  2.11195e-06
 31 -0.01219 -3.42228e-07 | 32  0.01004 -6.66818e-06 | 33  0.00584 -5.45515e-07
 34 -0.00749 -1.42700e-06 | 35  0.01901  3.74205e-07 | 36  0.00251  2.51081e-06
 37  0.01741  1.04267e-07 | 38 -0.01678  6.34249e-07 | 39  0.00348  1.01270e-06
 40  0.00234  2.00857e-06 | 41 -0.00242  1.91214e-07 | 42 -0.02668  4.39873e-06
 43  0.00150 -2.86334e-06 | 44 -0.01731 -4.23244e-06 | 45  0.00669  1.32214e-07
 46  0.01993 -2.70274e-06 | 47  0.00776 -2.32853e-06 | 48  0.02914  3.53514e-06
 49  0.01633 -4.12922e-06 | 50 -0.00885 -4.78042e-06 | 51  0.01667 -2.25713e-06
 52 -0.02234  2.50796e-07 | 53 -0.02415  2.33588e-06 | 54  0.00687  3.84443e-06
 55 -0.05023  5.19014e-06 | 56 -0.00330  5.50054e-07 | 57  0.02183 -7.97514e-07
 58 -0.02780 -1.21411e-06 | 59  0.01644 -4.28326e-06 | 60  0.01122 -2.23739e-06
 61 -0.02628  3.42319e-07 | 62 -0.06164 -8.68420e-08 | 63 -0.01774 -3.89145e-06
 64  0.00352 -2.71696e-06 | 65  0.01754 -3.07967e-07 | 66 -0.00450 -3.80324e-06
 67 -0.00960 -5.32265e-07 | 68 -0.02707 -2.26550e-06 | 69  0.00373 -1.40939e-05
 70  0.00095  2.58595e-06 | 71  0.01763  1.88268e-06 | 72  0.01317  6.08113e-06
 73 -0.01043  1.83054e-06 | 74  0.02289  1.28573e-06 | 75 -0.02672  4.33444e-06
 76  0.05386  1.26564e-06 | 77  0.01402 -1.74717e-05 | 78  0.01656  7.28423e-06
 79 -0.00687 -1.12031e-05 | 80 -0.04682 -6.32902e-07 | 81 -0.02269 -1.40600e-06
 82 -0.03694  4.76176e-06 | 83 -0.01324  5.43455e-06 | 84  0.01390  4.58929e-06
 85  0.05109 -1.10168e-05 | 86 -0.00656 -7.90493e-06 | 87 -0.01488  2.68188e-06
 88 -0.01629  4.17861e-06 | 89 -0.02036  2.55303e-06 | 90  0.01552 -1.29423e-06
 91  0.01172  3.80719e-07 | 92  0.02584  8.75992e-07 | 93  0.01331 -5.63148e-06
 94 -0.01014 -3.53938e-07 | 95 -0.01425  7.93562e-07 | 96 -0.00516  2.30362e-06
 97  0.02992  5.30601e-06 | 98 -0.02837  4.10296e-07 | 99 -0.02162  1.51589e-06
100  0.05323  6.61703e-06 |101 -0.02254  2.21484e-07 |102  0.00724  3.39088e-06
103  0.01125  3.97991e-06 |104  0.00588  4.14181e-06 |105  0.00002  2.47956e-06
106  0.00002  3.03565e-06 |107  0.83255 -5.42000e-05 |108 -0.41622  2.98624e-04
109  0.23605 -1.20948e-06 |110 -0.24856  6.87458e-06 |

Initial statistics: 122 variables; iteration 0; function evaluation 0; phase 6
Function value 2.1046996e+03; maximum gradient component mag 2.9862e-04
Var    Value     Gradient |Var    Value     Gradient |Var    Value     Gradient
  1 -0.38177  3.09612e-05 |  2 -0.42675  5.81636e-05 |  3 -0.40926  6.61494e-05
  4 -0.47117  8.33555e-06 |  5 -0.38225  1.12064e-05 |  6  0.63795 -8.43802e-05
  7  0.01178 -2.87048e-06 |  8 -0.00155 -1.95700e-06 |  9 -0.00535  1.16597e-06
 10 -0.00644  2.03139e-06 | 11 -0.00932 -1.12321e-06 | 12 -0.01403  5.49057e-06
 13 -0.00076  6.19879e-07 | 14  0.00312  5.15773e-07 | 15  0.03175 -3.24370e-07
 16 -0.01484  5.34346e-07 | 17 -0.01343  5.63858e-06 | 18 -0.00259 -1.45877e-06
 19 -0.00438 -3.97547e-07 | 20  0.00406 -4.46840e-06 | 21 -0.01228  1.98718e-06
 22  0.00819  2.54125e-06 | 23  0.01042 -3.00359e-06 | 24  0.00864  5.78416e-06
 25 -0.03872  6.88840e-06 | 26  0.01664 -6.03990e-06 | 27  0.00497 -4.86426e-06
 28  0.02440  1.66952e-06 | 29  0.03199  2.27481e-06 | 30  0.02923  2.06340e-06
 31 -0.01219 -3.90815e-07 | 32  0.01004 -6.71677e-06 | 33  0.00584 -5.94110e-07
 34 -0.00749 -1.47559e-06 | 35  0.01901  3.25631e-07 | 36  0.00251  2.46222e-06
 37  0.01741  5.56893e-08 | 38 -0.01678  5.85670e-07 | 39  0.00348  9.64100e-07
 40  0.00234  1.95997e-06 | 41 -0.00242  1.42617e-07 | 42 -0.02668  4.35018e-06
 43  0.00150 -2.91194e-06 | 44 -0.01731 -4.28102e-06 | 45  0.00669  8.36195e-08
 46  0.01993 -2.75131e-06 | 47  0.00776 -2.37712e-06 | 48  0.02914  3.48659e-06
 49  0.01633 -4.17781e-06 | 50 -0.00885 -4.82902e-06 | 51  0.01667 -2.30571e-06
 52 -0.02234  2.02227e-07 | 53 -0.02415  2.28731e-06 | 54  0.00687  3.79583e-06
 55 -0.05023  5.14169e-06 | 56 -0.00330  5.01455e-07 | 57  0.02183 -8.46088e-07
 58 -0.02780 -1.26266e-06 | 59  0.01644 -4.33185e-06 | 60  0.01122 -2.28599e-06
 61 -0.02628  2.93760e-07 | 62 -0.06164 -1.35212e-07 | 63 -0.01774 -3.94003e-06
 64  0.00352 -2.76556e-06 | 65  0.01754 -3.56552e-07 | 66 -0.00450 -3.85184e-06
 67 -0.00960 -5.80861e-07 | 68 -0.02707 -2.31405e-06 | 69  0.00373 -1.41425e-05
 70  0.00095  2.53735e-06 | 71  0.01763  1.83409e-06 | 72  0.01317  6.03254e-06
 73 -0.01043  1.78194e-06 | 74  0.02289  1.23717e-06 | 75 -0.02672  4.28589e-06
 76  0.05386  1.21721e-06 | 77  0.01402 -1.75203e-05 | 78  0.01656  7.23564e-06
 79 -0.00687 -1.12517e-05 | 80 -0.04682 -6.81369e-07 | 81 -0.02269 -1.45457e-06
 82 -0.03694  4.71324e-06 | 83 -0.01324  5.38597e-06 | 84  0.01390  4.54070e-06
 85  0.05109 -1.10653e-05 | 86 -0.00656 -7.95352e-06 | 87 -0.01488  2.63330e-06
 88 -0.01629  4.13003e-06 | 89 -0.02036  2.50445e-06 | 90  0.01552 -1.34282e-06
 91  0.01172  3.32127e-07 | 92  0.02584  8.27432e-07 | 93  0.01331 -5.68006e-06
 94 -0.01014 -4.02528e-07 | 95 -0.01425  7.44977e-07 | 96 -0.00516  2.25503e-06
 97  0.02992  5.25747e-06 | 98 -0.02837  3.61749e-07 | 99 -0.02162  1.46733e-06
100  0.05323  6.56860e-06 |101 -0.02254  1.72921e-07 |102  0.00724  3.34228e-06
103  0.01125  3.93132e-06 |104  0.00588  4.09322e-06 |105  0.00002  2.43096e-06
106  0.00002  2.98706e-06 |107  0.00000  0.00000e+00 |108  0.00000  0.00000e+00
109  0.00000  0.00000e+00 |110  0.00000  0.00000e+00 |111  0.00000  0.00000e+00
112  0.00000  0.00000e+00 |113  0.00000  0.00000e+00 |114  0.00000  0.00000e+00
115  0.00000  0.00000e+00 |116  0.00000  0.00000e+00 |117  0.00000  0.00000e+00
118  0.00000  0.00000e+00 |119  0.83255 -5.42000e-05 |120 -0.41622  2.98624e-04
121  0.23605 -1.20948e-06 |122 -0.24856  6.87462e-06 |
size of file gradfil1.tmp = 0
size of file gradfil2.tmp = 0
size of file varssave.tmp = 0
size of file cmpdiff.tmp = 0
