
Initial statistics: 1 variables; iteration 0; function evaluation 0; phase 1
Function value 3.0098871e+03; maximum gradient component mag -1.9450e+04
Var    Value     Gradient |Var    Value     Gradient |Var    Value     Gradient
  1  0.63197 -1.94499e+04 |

 - final statistics:
1 variables; iteration 5; function evaluation 9
Function value 2.8087e+03; maximum gradient component mag -3.4387e+00
Exit code = 1;  converg criter 1.0000e+01
Var    Value     Gradient |Var    Value     Gradient |Var    Value     Gradient
  1  0.65811 -3.43865e+00 |

Initial statistics: 98 variables; iteration 0; function evaluation 0; phase 2
Function value 2.8087126e+03; maximum gradient component mag -2.1565e+03
Var    Value     Gradient |Var    Value     Gradient |Var    Value     Gradient
  1  0.65811 -3.43865e+00 |  2  0.00000 -3.03960e+01 |  3  0.00000  7.77155e+00
  4  0.00000 -1.18335e+01 |  5  0.00000  1.50092e+01 |  6  0.00000  8.56519e-01
  7  0.00000 -9.11616e+01 |  8  0.00000 -3.74496e+01 |  9  0.00000 -2.19381e+01
 10  0.00000 -1.81633e+01 | 11  0.00000 -5.32918e+01 | 12  0.00000 -4.73941e+01
 13  0.00000 -1.21126e+02 | 14  0.00000  1.92269e+02 | 15  0.00000  1.62431e+02
 16  0.00000 -3.40912e+02 | 17  0.00000  5.36060e+02 | 18  0.00000  7.24110e+01
 19  0.00000  5.81719e+01 | 20  0.00000  2.16396e+02 | 21  0.00000 -3.76455e+01
 22  0.00000  3.45774e+02 | 23  0.00000  4.48254e+02 | 24  0.00000 -2.32477e+01
 25  0.00000  1.32827e+02 | 26  0.00000  1.74357e+02 | 27  0.00000 -4.68923e+02
 28  0.00000  2.89898e+01 | 29  0.00000  1.83957e+02 | 30  0.00000  8.45618e+01
 31  0.00000 -1.39721e+01 | 32  0.00000 -4.55157e+02 | 33  0.00000  9.87930e+01
 34  0.00000  5.42107e+02 | 35  0.00000  5.17543e+02 | 36  0.00000  1.40743e+02
 37  0.00000 -4.62788e+01 | 38  0.00000 -1.93008e+02 | 39  0.00000 -8.49177e+02
 40  0.00000 -2.20853e+01 | 41  0.00000 -3.29153e+02 | 42  0.00000 -5.65026e+01
 43  0.00000  2.76163e+02 | 44  0.00000  2.76210e+02 | 45  0.00000 -3.75853e+02
 46  0.00000 -1.85634e+02 | 47  0.00000  8.69084e+01 | 48  0.00000 -6.86693e+02
 49  0.00000 -3.83800e+02 | 50  0.00000  1.93736e+02 | 51  0.00000 -1.94488e+02
 52  0.00000 -1.65125e+02 | 53  0.00000  2.82771e+01 | 54  0.00000  1.44978e+03
 55  0.00000  9.95430e+01 | 56  0.00000  9.23958e+02 | 57  0.00000 -3.38744e+02
 58  0.00000  7.47136e+02 | 59  0.00000  1.04837e+02 | 60  0.00000 -8.90612e+02
 61  0.00000 -1.85273e+03 | 62  0.00000  7.48235e+02 | 63  0.00000  3.50726e+02
 64  0.00000  4.93296e+01 | 65  0.00000  1.97384e+02 | 66  0.00000 -2.80780e+02
 67  0.00000 -5.39122e+00 | 68  0.00000  4.33642e+02 | 69  0.00000 -1.01823e+03
 70  0.00000  6.48348e+02 | 71  0.00000  1.99486e+02 | 72  0.00000 -8.16946e+02
 73  0.00000 -8.33567e+02 | 74  0.00000  7.63545e+02 | 75  0.00000 -2.15645e+03
 76  0.00000 -5.42220e+01 | 77  0.00000  8.86221e+02 | 78  0.00000  8.27876e+02
 79  0.00000  9.62318e+02 | 80  0.00000  3.79523e+02 | 81  0.00000 -1.23029e+02
 82  0.00000  7.95034e+02 | 83  0.00000  5.79120e+02 | 84  0.00000 -9.94761e+02
 85  0.00000 -1.53784e+03 | 86  0.00000 -1.31933e+02 | 87  0.00000 -4.93470e+02
 88  0.00000  3.00218e+02 | 89  0.00000 -5.97162e+02 | 90  0.00000  4.25239e+02
 91  0.00000  3.84411e+02 | 92  0.00000  2.43938e+02 | 93  0.00000  5.36373e+01
 94  0.00000  6.58075e+00 | 95  0.00000  2.82372e+00 | 96  0.00000  2.82363e+00
 97  0.81654  6.25906e+01 | 98  0.22185  3.96658e+02 |

Intermediate statistics: 98 variables; iteration 20; function evaluation 34; phase 2
Function value 2.2852237e+03; maximum gradient component mag 1.7642e+03
Var    Value     Gradient |Var    Value     Gradient |Var    Value     Gradient
  1  0.64143  1.76422e+03 |  2 -0.00497 -8.98366e+01 |  3 -0.01471 -7.18606e+01
  4 -0.00331 -6.72323e+01 |  5  0.03664  7.56593e+01 |  6  0.02886  4.73247e+01
  7  0.03982  1.45633e+01 |  8  0.02093  2.92904e-01 |  9  0.01199 -1.41193e+01
 10  0.00308 -4.64218e+01 | 11  0.00039 -9.35585e+01 | 12  0.00572 -5.42433e+01
 13  0.02701  6.23355e+01 | 14  0.00101  1.50401e+02 | 15 -0.02025 -6.85589e+01
 16  0.02592 -6.93303e+01 | 17 -0.04530  2.04698e+01 | 18 -0.00465 -8.15126e+01
 19 -0.00263 -6.58033e+01 | 20 -0.01533 -5.76103e+01 | 21  0.00568 -2.51152e+01
 22 -0.02177 -8.37128e+00 | 23 -0.03089  5.45822e+00 | 24  0.00230 -3.70570e+01
 25 -0.00645 -7.40154e+00 | 26 -0.01080 -1.81355e+01 | 27  0.01175 -3.26974e+02
 28  0.00472  5.38764e+01 | 29 -0.00458  6.93874e+01 | 30  0.00234  7.54538e+01
 31  0.00590  3.85934e+01 | 32  0.02312 -1.21816e+02 | 33 -0.00784 -6.31173e+01
 34 -0.03452  6.79183e+01 | 35 -0.03611  1.41848e+01 | 36 -0.00246  3.70143e+01
 37  0.00532 -1.35275e+01 | 38  0.01226 -4.77919e+01 | 39  0.04049 -2.19288e+02
 40  0.00932  5.87535e+01 | 41  0.02087 -1.04534e+02 | 42 -0.00776 -2.37547e+02
 43 -0.02116 -6.70594e+01 | 44 -0.02135 -6.68159e+01 | 45  0.03511  2.06022e+02
 46  0.01461 -4.69316e+00 | 47 -0.00208  1.23958e+01 | 48  0.03197 -9.98784e+01
 49  0.02617  1.10578e+02 | 50 -0.00227  1.22907e+02 | 51  0.01183  3.04387e+01
 52  0.01292  1.07067e+02 | 53  0.00574  7.57387e+01 | 54 -0.03649  4.34524e+02
 55 -0.00519 -2.22964e+02 | 56 -0.02726  1.20672e+02 | 57  0.01661  5.16736e+00
 58 -0.02810  1.97646e+01 | 59 -0.00017  1.74437e+01 | 60  0.03539  2.76238e+02
 61  0.04774 -1.29849e+02 | 62 -0.01970  2.33178e+02 | 63 -0.00912 -2.08424e+01
 64  0.00317 -2.01202e+01 | 65 -0.00551 -4.31143e+01 | 66  0.01322  9.00915e+00
 67  0.00343  1.01115e+01 | 68 -0.01333  5.59932e+01 | 69  0.03287 -4.40860e+01
 70 -0.02106  1.01954e+02 | 71 -0.00472  1.66430e+00 | 72  0.03286  1.75664e+02
 73  0.02478 -1.28159e+02 | 74 -0.02075  3.13588e+02 | 75  0.05137 -1.41587e+02
 76  0.01206  3.02960e+02 | 77 -0.01600  3.34089e+02 | 78 -0.01104  3.20574e+02
 79 -0.02723  1.05192e+02 | 80 -0.01665 -2.28292e+02 | 81  0.00539 -1.55778e+02
 82 -0.01772  2.04854e+02 | 83 -0.01917  3.80301e+01 | 84  0.02882 -2.70177e+02
 85  0.04817 -1.80779e+02 | 86  0.00956  1.66916e+00 | 87  0.02795  2.96663e+01
 88 -0.00857  4.82829e+00 | 89  0.03927  1.04214e+02 | 90 -0.03539 -1.12591e+02
 91 -0.02507 -6.23133e+00 | 92 -0.03601 -1.01925e+02 | 93 -0.02072 -7.44697e+01
 94 -0.12631 -2.38062e+02 | 95 -0.02094 -8.22331e+01 | 96 -0.02094 -8.22276e+01
 97  0.82245  1.13021e+02 | 98  0.21063  1.25363e+02 |
98 variables; iteration 40; function evaluation 59; phase 2
Function value 2.2487416e+03; maximum gradient component mag 2.4248e+03
Var    Value     Gradient |Var    Value     Gradient |Var    Value     Gradient
  1  0.64445  2.42475e+03 |  2  0.01713 -6.97435e+01 |  3 -0.00909 -8.61935e+01
  4  0.00411 -7.70689e+01 |  5 -0.01814 -1.02561e+02 |  6 -0.03057 -1.50162e+02
  7  0.02454 -8.16542e+01 |  8  0.00020 -1.10112e+02 |  9 -0.00052 -9.68322e+01
 10  0.00602 -6.25477e+01 | 11  0.00178 -1.15542e+02 | 12  0.00764 -7.02126e+01
 13  0.01532 -7.21481e+01 | 14 -0.02401 -5.05922e+01 | 15 -0.01272 -2.43003e+01
 16  0.02497 -7.44120e+01 | 17 -0.04203  3.83280e+01 | 18 -0.00485 -6.83083e+01
 19 -0.00450 -7.27330e+01 | 20 -0.01687 -6.45936e+01 | 21  0.00341 -3.74558e+01
 22 -0.02522 -4.97219e+01 | 23 -0.03665 -5.75005e+01 | 24  0.00121 -4.85094e+01
 25 -0.01096 -6.51978e+01 | 26 -0.01511 -6.75146e+01 | 27  0.02208 -1.09115e+02
 28 -0.00112 -2.92124e+01 | 29 -0.01425 -6.03334e+01 | 30 -0.00550 -3.75349e+01
 31  0.00184 -1.51201e+01 | 32  0.02705 -1.79241e+01 | 33 -0.00610 -3.51061e+01
 34 -0.04369 -1.70479e+01 | 35 -0.04003 -3.06134e+01 | 36 -0.00844 -4.80379e+01
 37  0.00436 -2.56860e+01 | 38  0.01321 -2.73215e+01 | 39  0.04718 -4.93950e+01
 40  0.00416 -1.09345e+01 | 41  0.02595 -3.50784e+00 | 42  0.00637 -5.34226e+01
 43 -0.01978 -5.34557e+01 | 44 -0.01878 -4.23568e+01 | 45  0.03145  1.46204e+02
 46  0.01421  6.96571e+00 | 47 -0.00234  2.46832e+01 | 48  0.03383 -6.63613e-01
 49  0.02229  6.62512e+01 | 50 -0.00669  7.17537e+01 | 51  0.01176  7.38779e+01
 52  0.01113  1.08097e+02 | 53  0.00634  1.35739e+02 | 54 -0.05025  2.20209e+02
 55 -0.00217 -1.02785e+02 | 56 -0.03147  5.35663e+01 | 57  0.01364 -5.63310e+01
 58 -0.02904  1.35313e+01 | 59  0.00051  7.19569e+01 | 60  0.03891  5.19523e+02
 61  0.05071  1.26860e+02 | 62 -0.02669  1.21406e+02 | 63 -0.00781  2.93574e+01
 64  0.00268  2.27284e+00 | 65 -0.00367  3.33170e+01 | 66  0.01334  6.45045e+01
 67  0.00480  8.64097e+01 | 68 -0.01614  1.34445e+01 | 69  0.03141 -4.90604e+01
 70 -0.02413  5.99364e+01 | 71 -0.00248  8.68593e+01 | 72  0.03763  4.58144e+02
 73  0.02329 -1.31032e+02 | 74 -0.03289  1.18302e+02 | 75  0.05725  3.21842e+02
 76  0.00813  2.14675e+02 | 77 -0.02340  1.71016e+02 | 78 -0.01671  1.76879e+02
 79 -0.03252  2.79733e+00 | 80 -0.01481 -1.80579e+02 | 81  0.00692 -9.52841e+01
 82 -0.02309  9.42877e+01 | 83 -0.02452 -6.32734e+01 | 84  0.03153 -1.50921e+02
 85  0.05396  1.14175e+02 | 86  0.00961  6.88095e+00 | 87  0.02684 -1.03935e+01
 88 -0.01056 -4.76024e+01 | 89  0.03693  1.68655e+01 | 90 -0.03325 -1.21564e+02
 91 -0.03033 -6.96455e+01 | 92 -0.03802 -1.36773e+02 | 93 -0.02007 -9.44742e+01
 94  0.04158  2.98061e-01 | 95  0.01670 -4.73676e+01 | 96  0.01670 -4.73715e+01
 97  0.82203  9.56980e+01 | 98  0.21043  1.07312e+02 |
98 variables; iteration 60; function evaluation 87; phase 2
Function value 2.2245944e+03; maximum gradient component mag 8.2149e+02
Var    Value     Gradient |Var    Value     Gradient |Var    Value     Gradient
  1  0.63915  8.21489e+02 |  2  0.01748 -2.02602e+01 |  3 -0.00687 -3.28551e+01
  4  0.00459 -2.73467e+01 |  5 -0.00527 -2.40325e+01 |  6 -0.00209 -3.09811e+01
  7  0.02753 -2.32361e+01 |  8  0.00709 -3.87820e+01 |  9  0.00650 -2.26107e+01
 10  0.00971 -1.43247e-01 | 11  0.01090 -2.22837e+01 | 12  0.00739 -3.12066e+01
 13  0.01704 -2.19907e+01 | 14 -0.02547 -2.02202e+01 | 15 -0.01359  1.54008e+00
 16  0.02853 -6.94698e+00 | 17 -0.05288 -2.46668e+00 | 18 -0.00285 -2.44018e+01
 19 -0.00187 -2.01182e+01 | 20 -0.01515 -2.31294e+01 | 21  0.00353 -2.65437e+01
 22 -0.02580 -3.04516e+01 | 23 -0.03622 -2.25740e+01 | 24  0.00162 -2.48448e+01
 25 -0.00956 -2.34688e+01 | 26 -0.01437 -3.13887e+01 | 27  0.02681 -2.50541e-02
 28 -0.00212 -2.29508e+01 | 29 -0.01401 -3.30104e+01 | 30 -0.00537 -1.60003e+01
 31 -0.00004 -2.57224e+01 | 32  0.02778 -5.83099e+00 | 33 -0.00747 -3.56971e+01
 34 -0.04712 -1.30953e+01 | 35 -0.04076 -8.38831e+00 | 36 -0.00632 -4.92386e+00
 37  0.00513 -7.84427e+00 | 38  0.01490 -2.08974e+00 | 39  0.05187  2.18083e+01
 40  0.00550  6.76674e+00 | 41  0.02798  8.88242e+00 | 42  0.01054 -2.57159e+00
 43 -0.01662 -1.19701e+01 | 44 -0.01497  2.77626e+00 | 45  0.02751  8.78555e+00
 46  0.01690  2.01575e+01 | 47 -0.00222  1.06958e+01 | 48  0.03758  2.02483e+01
 49  0.02284  1.64609e+01 | 50 -0.00899  6.39310e+00 | 51  0.01189  1.01254e+01
 52  0.01171  4.55019e+01 | 53  0.00553  3.36315e+01 | 54 -0.06009  8.92805e+01
 55  0.00420  3.86481e+01 | 56 -0.03106  5.56783e+01 | 57  0.01783  2.51510e+01
 58 -0.02732  3.36006e+01 | 59  0.00117  2.94715e+01 | 60  0.02999  4.66928e+00
 61  0.05077 -6.14853e+01 | 62 -0.03115  3.34802e+01 | 63 -0.00574  4.02869e+01
 64  0.00589  4.01269e+01 | 65 -0.00236  2.24317e+01 | 66  0.01478  3.05860e+01
 67  0.00581  5.42781e+01 | 68 -0.01379  3.53389e+01 | 69  0.03532  6.17830e+00
 70 -0.02472  3.33050e+01 | 71 -0.00265  3.17895e+01 | 72  0.03028  3.77198e+01
 73  0.02946  9.39710e+00 | 74 -0.03815  4.06515e+01 | 75  0.05504  1.82369e+01
 76  0.00387  3.23659e+01 | 77 -0.02845  5.90725e+01 | 78 -0.02190  4.95905e+01
 79 -0.03117  4.58428e+01 | 80 -0.00724  1.87734e+01 | 81  0.00978  4.43264e-01
 82 -0.02722  4.04002e+01 | 83 -0.02221 -3.08877e+00 | 84  0.03537 -3.11736e+01
 85  0.05098 -4.08091e+01 | 86  0.00820 -1.00874e+01 | 87  0.02551 -2.39168e+01
 88 -0.01205 -3.03708e+01 | 89  0.03364 -2.09071e+01 | 90 -0.02992 -4.12067e+01
 91 -0.03246 -2.51042e+01 | 92 -0.03204 -4.48057e+01 | 93 -0.01783 -2.81636e+01
 94  0.00285 -1.42457e+01 | 95 -0.01006 -3.96017e+01 | 96 -0.01006 -3.96009e+01
 97  0.82164  4.54026e+01 | 98  0.20765  1.24176e+01 |
Maximum number of function evaluations exceeded

 - final statistics:
98 variables; iteration 69; function evaluation 100
Function value 2.2224e+03; maximum gradient component mag 2.6622e+02
Exit code = 3;  converg criter 1.0000e+01
Var    Value     Gradient |Var    Value     Gradient |Var    Value     Gradient
  1  0.63808  2.66225e+02 |  2  0.01603 -7.26379e+00 |  3 -0.00461 -1.19874e+01
  4  0.00566 -8.83382e+00 |  5 -0.00369 -4.29094e+00 |  6  0.00025 -8.92228e+00
  7  0.02648 -1.24905e+01 |  8  0.01144 -7.96323e+00 |  9  0.00773 -3.01287e+00
 10  0.00699  7.47940e-01 | 11  0.00928 -1.81997e+01 | 12  0.00790 -1.53054e+01
 13  0.01708 -1.06877e+01 | 14 -0.02611 -1.08309e+01 | 15 -0.01613 -6.46977e+00
 16  0.02903  6.66261e+00 | 17 -0.05643 -1.08361e+01 | 18 -0.00241 -8.54522e+00
 19 -0.00168 -7.54082e+00 | 20 -0.01486 -8.38159e+00 | 21  0.00366 -1.50870e+01
 22 -0.02476 -7.00620e+00 | 23 -0.03586 -6.73523e+00 | 24  0.00180 -1.34381e+01
 25 -0.00891 -5.44221e+00 | 26 -0.01338 -9.66783e+00 | 27  0.02662 -1.56230e+00
 28 -0.00141 -5.18218e+00 | 29 -0.01288 -1.02886e+01 | 30 -0.00557 -1.05457e+01
 31  0.00099 -4.82589e+00 | 32  0.02699 -2.03274e+01 | 33 -0.00620 -1.23571e+01
 34 -0.04704 -5.44317e-01 | 35 -0.04101  7.55721e-01 | 36 -0.00687 -5.22040e+00
 37  0.00506 -4.10159e+00 | 38  0.01448 -6.85398e+00 | 39  0.05105 -9.63429e+00
 40  0.00557  9.89922e+00 | 41  0.02800  5.13073e+00 | 42  0.01133  8.06936e+00
 43 -0.01589 -2.01744e-01 | 44 -0.01567 -1.63401e+00 | 45  0.02814  8.52139e+00
 46  0.01598 -5.82497e+00 | 47 -0.00281 -1.41251e+00 | 48  0.03895  3.00794e+01
 49  0.02229 -1.32818e+01 | 50 -0.00919 -2.56565e+00 | 51  0.01162 -1.22526e+01
 52  0.01125  1.59729e+01 | 53  0.00563  1.98338e+01 | 54 -0.06500  3.68556e+01
 55  0.00375  8.79709e+00 | 56 -0.03253  2.88194e+01 | 57  0.01794  7.15469e+00
 58 -0.02821  1.67023e+01 | 59  0.00089  9.84787e+00 | 60  0.03047 -3.67647e+00
 61  0.05278  1.49366e+00 | 62 -0.03202  2.11075e+01 | 63 -0.00565  3.21048e+01
 64  0.00534  9.43094e+00 | 65 -0.00213  1.70685e+01 | 66  0.01487  1.37210e+01
 67  0.00472  1.09042e+01 | 68 -0.01405  2.53312e+01 | 69  0.03597  4.29763e+00
 70 -0.02601  1.08452e+01 | 71 -0.00361  9.94257e-01 | 72  0.03000  2.78386e+00
 73  0.03004  8.82272e+00 | 74 -0.04056  1.18763e+01 | 75  0.05510 -1.61412e+01
 76  0.00343  1.21683e+01 | 77 -0.03060  2.06986e+01 | 78 -0.02367  1.17098e+01
 79 -0.03283  2.04382e+01 | 80 -0.00774  8.47018e+00 | 81  0.01013  1.17478e+01
 82 -0.02886  2.07739e+01 | 83 -0.02241  5.74870e-01 | 84  0.03598 -1.40708e+01
 85  0.05151 -2.75915e+01 | 86  0.00810 -8.54583e+00 | 87  0.02583 -1.24713e+01
 88 -0.01104 -3.92676e+00 | 89  0.03372 -7.91564e+00 | 90 -0.02770 -5.58448e+00
 91 -0.03236 -6.29968e+00 | 92 -0.02791 -2.91638e+00 | 93 -0.01887 -1.48369e+01
 94 -0.00575 -1.14802e+01 | 95 -0.00263 -1.14368e+01 | 96 -0.00263 -1.14368e+01
 97  0.82145  2.01450e+01 | 98  0.20712 -1.27445e+01 |

Initial statistics: 100 variables; iteration 0; function evaluation 0; phase 3
Function value 2.2223644e+03; maximum gradient component mag 2.6622e+02
Var    Value     Gradient |Var    Value     Gradient |Var    Value     Gradient
  1  0.63808  2.66225e+02 |  2  0.01603 -7.11066e+00 |  3 -0.00461 -1.18343e+01
  4  0.00566 -8.68065e+00 |  5 -0.00369 -4.13776e+00 |  6  0.00025 -8.76910e+00
  7  0.02648 -1.23375e+01 |  8  0.01144 -7.81008e+00 |  9  0.00774 -2.85971e+00
 10  0.00699  9.01105e-01 | 11  0.00929 -1.80466e+01 | 12  0.00791 -1.51522e+01
 13  0.01709 -1.05345e+01 | 14 -0.02611 -1.06779e+01 | 15 -0.01613 -6.31665e+00
 16  0.02903  6.81562e+00 | 17 -0.05643 -1.06836e+01 | 18 -0.00240 -8.39205e+00
 19 -0.00168 -7.38765e+00 | 20 -0.01485 -8.22846e+00 | 21  0.00366 -1.49338e+01
 22 -0.02475 -6.85314e+00 | 23 -0.03586 -6.58230e+00 | 24  0.00180 -1.32849e+01
 25 -0.00891 -5.28905e+00 | 26 -0.01337 -9.51469e+00 | 27  0.02662 -1.40926e+00
 28 -0.00140 -5.02900e+00 | 29 -0.01287 -1.01354e+01 | 30 -0.00556 -1.03926e+01
 31  0.00099 -4.67272e+00 | 32  0.02699 -2.01743e+01 | 33 -0.00620 -1.22040e+01
 34 -0.04704 -3.91561e-01 | 35 -0.04101  9.08578e-01 | 36 -0.00686 -5.06723e+00
 37  0.00507 -3.94842e+00 | 38  0.01448 -6.70085e+00 | 39  0.05105 -9.48160e+00
 40  0.00557  1.00524e+01 | 41  0.02801  5.28375e+00 | 42  0.01133  8.22251e+00
 43 -0.01589 -4.86172e-02 | 44 -0.01567 -1.48089e+00 | 45  0.02814  8.67441e+00
 46  0.01598 -5.67184e+00 | 47 -0.00280 -1.25934e+00 | 48  0.03895  3.02323e+01
 49  0.02230 -1.31287e+01 | 50 -0.00919 -2.41249e+00 | 51  0.01163 -1.20994e+01
 52  0.01125  1.61261e+01 | 53  0.00564  1.99870e+01 | 54 -0.06500  3.70080e+01
 55  0.00375  8.95026e+00 | 56 -0.03253  2.89724e+01 | 57  0.01794  7.30780e+00
 58 -0.02821  1.68554e+01 | 59  0.00089  1.00010e+01 | 60  0.03047 -3.52347e+00
 61  0.05278  1.64630e+00 | 62 -0.03201  2.12605e+01 | 63 -0.00564  3.22580e+01
 64  0.00535  9.58411e+00 | 65 -0.00213  1.72217e+01 | 66  0.01487  1.38741e+01
 67  0.00472  1.10573e+01 | 68 -0.01405  2.54844e+01 | 69  0.03597  4.45056e+00
 70 -0.02600  1.09982e+01 | 71 -0.00360  1.14743e+00 | 72  0.03001  2.93687e+00
 73  0.03005  8.97572e+00 | 74 -0.04056  1.20292e+01 | 75  0.05510 -1.59886e+01
 76  0.00343  1.23214e+01 | 77 -0.03060  2.08516e+01 | 78 -0.02367  1.18629e+01
 79 -0.03283  2.05912e+01 | 80 -0.00774  8.62334e+00 | 81  0.01013  1.19010e+01
 82 -0.02886  2.09269e+01 | 83 -0.02241  7.27950e-01 | 84  0.03598 -1.39178e+01
 85  0.05151 -2.74388e+01 | 86  0.00810 -8.39267e+00 | 87  0.02583 -1.23182e+01
 88 -0.01104 -3.77361e+00 | 89  0.03372 -7.76268e+00 | 90 -0.02770 -5.43146e+00
 91 -0.03236 -6.14671e+00 | 92 -0.02791 -2.76335e+00 | 93 -0.01887 -1.46838e+01
 94 -0.00575 -1.13271e+01 | 95 -0.00263 -1.12836e+01 | 96 -0.00263 -1.12837e+01
 97  0.82145  2.01450e+01 | 98 -0.41581 -1.85213e+02 | 99  0.20712 -1.27445e+01
100 -0.25275  1.78763e+02 |

Intermediate statistics: 100 variables; iteration 20; function evaluation 23; phase 3
Function value 2.2215739e+03; maximum gradient component mag 2.3991e+02
Var    Value     Gradient |Var    Value     Gradient |Var    Value     Gradient
  1  0.63796  2.39906e+02 |  2  0.01560 -6.55744e+00 |  3 -0.00267 -6.34888e+00
  4  0.00597 -6.46444e+00 |  5 -0.00529 -6.50714e+00 |  6  0.00054 -6.42259e+00
  7  0.02753 -6.60157e+00 |  8  0.01138 -6.28616e+00 |  9  0.00659 -5.81450e+00
 10  0.00531 -5.07427e+00 | 11  0.01049 -9.24913e+00 | 12  0.00847 -9.45959e+00
 13  0.01705 -8.56170e+00 | 14 -0.02581 -7.17260e+00 | 15 -0.01629 -5.82786e+00
 16  0.02866  2.38111e+00 | 17 -0.05599 -6.77361e+00 | 18 -0.00241 -6.96368e+00
 19 -0.00171 -6.03339e+00 | 20 -0.01484 -6.31272e+00 | 21  0.00381 -1.06306e+01
 22 -0.02477 -5.27244e+00 | 23 -0.03587 -5.08098e+00 | 24  0.00191 -9.67355e+00
 25 -0.00896 -4.05123e+00 | 26 -0.01330 -6.87656e+00 | 27  0.02657 -2.03926e-01
 28 -0.00144 -3.69172e+00 | 29 -0.01277 -7.13463e+00 | 30 -0.00547 -7.19178e+00
 31  0.00097 -2.56795e+00 | 32  0.02739 -9.20775e+00 | 33 -0.00600 -7.67038e+00
 34 -0.04739 -1.50317e+00 | 35 -0.04131 -2.68626e-01 | 36 -0.00682 -2.99466e+00
 37  0.00508 -1.56858e+00 | 38  0.01460 -1.95471e+00 | 39  0.05158  8.00455e+00
 40  0.00528  9.31661e+00 | 41  0.02804  8.76848e+00 | 42  0.01124  9.38104e+00
 43 -0.01593  1.65692e+00 | 44 -0.01562  1.19847e+00 | 45  0.02830  1.51280e+01
 46  0.01639  4.49094e+00 | 47 -0.00260  4.28841e+00 | 48  0.03889  3.33221e+01
 49  0.02310  8.26264e+00 | 50 -0.00887  5.58202e+00 | 51  0.01242  8.94242e+00
 52  0.01138  2.05857e+01 | 53  0.00544  1.42428e+01 | 54 -0.06642  2.37784e+01
 55  0.00378  6.52797e+00 | 56 -0.03328  1.93009e+01 | 57  0.01823  1.32553e+01
 58 -0.02869  1.26316e+01 | 59  0.00089  8.39088e+00 | 60  0.03121  2.92616e+01
 61  0.05270 -8.73191e+00 | 62 -0.03259  1.43256e+01 | 63 -0.00624  1.51241e+01
 64  0.00508  3.67247e+00 | 65 -0.00242  5.89090e+00 | 66  0.01454  4.54348e+00
 67  0.00453  1.11307e+00 | 68 -0.01471  1.42834e+01 | 69  0.03634  1.20581e+01
 70 -0.02641  6.28657e+00 | 71 -0.00357 -2.15793e+00 | 72  0.03022  1.21189e+01
 73  0.03022  9.08658e+00 | 74 -0.04105  7.15611e+00 | 75  0.05497 -3.50505e+01
 76  0.00292 -1.17892e+00 | 77 -0.03110  1.01325e+01 | 78 -0.02414  4.67480e+00
 79 -0.03335  9.99252e+00 | 80 -0.00825 -4.77982e-01 | 81  0.00977 -2.92524e+00
 82 -0.02965  1.16436e+01 | 83 -0.02257 -3.02108e+00 | 84  0.03610 -2.42870e+00
 85  0.05179 -1.78734e+01 | 86  0.00788 -7.72827e+00 | 87  0.02595 -8.43132e+00
 88 -0.01149 -5.07398e+00 | 89  0.03359 -9.18611e+00 | 90 -0.02840 -6.41875e+00
 91 -0.03280 -7.42587e+00 | 92 -0.02988 -7.18489e+00 | 93 -0.01782 -8.82052e+00
 94 -0.00236 -6.06965e+00 | 95 -0.00025 -6.32151e+00 | 96 -0.00025 -6.32153e+00
 97  0.83207  1.23734e+01 | 98 -0.41399 -6.53529e+01 | 99  0.18936  2.57983e+01
100 -0.25991 -8.36974e+01 |
100 variables; iteration 40; function evaluation 48; phase 3
Function value 2.2213638e+03; maximum gradient component mag -1.2932e+01
Var    Value     Gradient |Var    Value     Gradient |Var    Value     Gradient
  1  0.63744 -9.55243e+00 |  2  0.01570  2.22129e-01 |  3 -0.00476 -4.06587e+00
  4  0.00569 -6.34562e-01 |  5 -0.00539 -2.56259e-01 |  6  0.00079  6.16580e-01
  7  0.02759 -6.05957e-01 |  8  0.01132 -6.69046e-01 |  9  0.00682  8.81258e-01
 10  0.00546  1.12535e+00 | 11  0.01173  2.82482e+00 | 12  0.00899 -1.31359e+00
 13  0.01786  2.18641e+00 | 14 -0.02536  5.38197e-01 | 15 -0.01608  1.41205e-01
 16  0.02840 -1.10899e+00 | 17 -0.05544  1.66712e+00 | 18 -0.00198  1.25167e+00
 19 -0.00134  1.28394e+00 | 20 -0.01453  4.50343e-01 | 21  0.00440  1.76298e-02
 22 -0.02457  3.06246e-01 | 23 -0.03564  1.01025e+00 | 24  0.00250  9.40802e-01
 25 -0.00883 -7.73308e-02 | 26 -0.01292  1.15569e-01 | 27  0.02666 -3.66252e-01
 28 -0.00124  2.69770e-01 | 29 -0.01233  2.64914e-01 | 30 -0.00499  5.14272e-01
 31  0.00108 -2.23754e-01 | 32  0.02798 -5.40589e-02 | 33 -0.00544  3.03232e-01
 34 -0.04759  6.77550e-01 | 35 -0.04158  7.20447e-01 | 36 -0.00657  6.38666e-01
 37  0.00528  7.96475e-01 | 38  0.01481 -1.86215e-01 | 39  0.05146 -3.13479e+00
 40  0.00456 -2.85572e-01 | 41  0.02784  4.25457e-01 | 42  0.01070 -9.85990e-01
 43 -0.01615 -5.42564e-01 | 44 -0.01572 -2.38012e-01 | 45  0.02810  2.40299e+00
 46  0.01661  1.03082e+00 | 47 -0.00254  3.27960e-01 | 48  0.03825  5.38766e-02
 49  0.02338  1.30661e+00 | 50 -0.00891 -6.45826e-01 | 51  0.01258  1.33609e+00
 52  0.01143  1.00519e+01 | 53  0.00541  2.01064e+00 | 54 -0.06887 -1.51329e+00
 55  0.00405  4.59546e+00 | 56 -0.03436 -1.90762e+00 | 57  0.01790 -1.29322e+01
 58 -0.02930 -7.43461e-01 | 59  0.00082 -2.08005e+00 | 60  0.03087 -8.02577e-01
 61  0.05335  4.35852e-01 | 62 -0.03362 -2.43797e+00 | 63 -0.00680 -3.61272e+00
 64  0.00509 -4.82993e+00 | 65 -0.00247 -6.64558e-01 | 66  0.01452 -5.55651e+00
 67  0.00470 -1.65959e-01 | 68 -0.01507  4.18289e+00 | 69  0.03639  6.00932e-01
 70 -0.02676 -6.47432e-02 | 71 -0.00318  2.89575e+00 | 72  0.02999 -7.80693e+00
 73  0.03055  1.15415e+01 | 74 -0.04188 -1.62768e+00 | 75  0.05581  2.02970e+00
 76  0.00306  7.21641e-01 | 77 -0.03190 -3.07984e+00 | 78 -0.02446 -2.53232e+00
 79 -0.03421 -3.06060e+00 | 80 -0.00832 -1.88710e+00 | 81  0.01015  9.19885e+00
 82 -0.03052  6.55307e-01 | 83 -0.02273 -2.29518e+00 | 84  0.03620 -1.68621e-01
 85  0.05222  2.62237e-01 | 86  0.00798 -2.73220e+00 | 87  0.02598 -4.73852e+00
 88 -0.01149 -1.41945e-01 | 89  0.03375  1.07787e+00 | 90 -0.02832  9.55153e-01
 91 -0.03274  2.57444e-01 | 92 -0.02998 -9.53405e-01 | 93 -0.01729  1.10534e+00
 94 -0.00266  5.97129e-01 | 95 -0.00002  1.03260e+00 | 96 -0.00002  1.03257e+00
 97  0.83015  1.83143e-02 | 98 -0.41416 -3.39748e-01 | 99  0.19016 -2.05404e+00
100 -0.25933  2.88418e+00 |
100 variables; iteration 60; function evaluation 74; phase 3
Function value 2.2213480e+03; maximum gradient component mag 4.6683e+00
Var    Value     Gradient |Var    Value     Gradient |Var    Value     Gradient
  1  0.63752 -2.74046e+00 |  2  0.01586  4.59650e-01 |  3 -0.00313 -7.92923e-01
  4  0.00610  2.27698e-01 |  5 -0.00522  4.95735e-02 |  6  0.00062  2.30816e-02
  7  0.02779  1.25619e-01 |  8  0.01134 -6.62635e-01 |  9  0.00702  1.61742e+00
 10  0.00514 -3.71940e-01 | 11  0.01113 -5.86107e-01 | 12  0.00901 -1.16971e+00
 13  0.01758 -6.62283e-02 | 14 -0.02515  1.79688e+00 | 15 -0.01590  1.52892e+00
 16  0.02839 -7.69399e-01 | 17 -0.05535  2.20153e+00 | 18 -0.00207  2.08767e-01
 19 -0.00139  9.28550e-01 | 20 -0.01458 -1.10584e-01 | 21  0.00439 -3.10896e-02
 22 -0.02473 -1.47331e+00 | 23 -0.03567  8.23793e-01 | 24  0.00251  1.33678e+00
 25 -0.00893 -1.15597e+00 | 26 -0.01293  1.59785e-01 | 27  0.02671  1.18104e+00
 28 -0.00134 -8.13411e-01 | 29 -0.01218  2.17358e+00 | 30 -0.00512 -9.91585e-01
 31  0.00106 -3.70302e-01 | 32  0.02804  1.58020e+00 | 33 -0.00551 -4.43855e-01
 34 -0.04764  2.92593e-01 | 35 -0.04175 -7.27466e-01 | 36 -0.00664 -2.21608e-01
 37  0.00518 -4.74871e-01 | 38  0.01480 -1.50776e-01 | 39  0.05152 -1.33590e+00
 40  0.00461  5.48018e-01 | 41  0.02784  7.11000e-01 | 42  0.01069 -9.53528e-01
 43 -0.01608  2.38017e-01 | 44 -0.01557  1.32215e+00 | 45  0.02795 -2.77729e-01
 46  0.01658  8.52359e-01 | 47 -0.00254  6.18944e-01 | 48  0.03819 -4.93248e-01
 49  0.02325 -8.73050e-01 | 50 -0.00885  5.55014e-01 | 51  0.01245 -1.34390e+00
 52  0.01111  2.56137e+00 | 53  0.00548  4.66828e+00 | 54 -0.06874 -2.97528e-03
 55  0.00390  1.12901e+00 | 56 -0.03426  6.95697e-01 | 57  0.01814 -2.47588e+00
 58 -0.02931 -5.98638e-02 | 59  0.00078 -2.04125e+00 | 60  0.03085 -1.72302e-01
 61  0.05330 -1.35131e-01 | 62 -0.03341  1.03865e+00 | 63 -0.00669  4.08606e-02
 64  0.00523  7.85451e-03 | 65 -0.00254 -1.36834e+00 | 66  0.01465 -3.70659e-01
 67  0.00468  2.44599e-02 | 68 -0.01531 -1.48892e-01 | 69  0.03637  4.26343e-01
 70 -0.02681 -6.57691e-01 | 71 -0.00337 -6.31129e-01 | 72  0.03014 -1.41673e+00
 73  0.03029  2.68020e+00 | 74 -0.04178 -2.88156e-01 | 75  0.05576  6.96606e-01
 76  0.00293 -2.36312e+00 | 77 -0.03183 -1.38260e+00 | 78 -0.02449 -2.52531e+00
 79 -0.03421 -2.75239e+00 | 80 -0.00829 -9.38893e-01 | 81  0.00991  2.07947e+00
 82 -0.03059 -5.42833e-01 | 83 -0.02267 -1.29074e+00 | 84  0.03620  1.99195e-01
 85  0.05221  8.90968e-02 | 86  0.00799 -2.40292e+00 | 87  0.02615  2.16825e-01
 88 -0.01141  8.82306e-01 | 89  0.03361 -3.21345e+00 | 90 -0.02815  2.07803e+00
 91 -0.03269  4.73012e-01 | 92 -0.02966  7.13207e-01 | 93 -0.01739  3.72877e-01
 94 -0.00289  5.18552e-02 | 95 -0.00036  3.18456e-01 | 96 -0.00036  3.18441e-01
 97  0.83009  1.12333e-02 | 98 -0.41417 -1.17343e-01 | 99  0.19054 -1.99861e-01
100 -0.25921 -4.48660e-02 |
Maximum number of function evaluations exceeded

 - final statistics:
100 variables; iteration 80; function evaluation 100
Function value 2.2213e+03; maximum gradient component mag 1.6300e+00
Exit code = 3;  converg criter 1.0000e+00
Var    Value     Gradient |Var    Value     Gradient |Var    Value     Gradient
  1  0.63750 -8.04465e-01 |  2  0.01567 -2.41329e-02 |  3 -0.00285 -2.90393e-01
  4  0.00620  3.81858e-01 |  5 -0.00541 -4.95572e-01 |  6  0.00051 -3.57586e-01
  7  0.02779  4.53048e-02 |  8  0.01148 -2.32571e-01 |  9  0.00671  2.87689e-01
 10  0.00523 -8.80881e-02 | 11  0.01118 -3.91077e-01 | 12  0.00915 -4.08094e-01
 13  0.01762  5.90652e-02 | 14 -0.02524  1.10658e+00 | 15 -0.01610 -7.99959e-02
 16  0.02847  1.22435e-01 | 17 -0.05561  4.71279e-01 | 18 -0.00207  4.21848e-02
 19 -0.00141  4.31939e-01 | 20 -0.01457 -1.27303e-02 | 21  0.00441  2.36359e-01
 22 -0.02463 -4.44128e-01 | 23 -0.03566  8.31436e-01 | 24  0.00247  5.44949e-01
 25 -0.00886 -4.01257e-01 | 26 -0.01294 -1.17918e-01 | 27  0.02669  5.80589e-01
 28 -0.00129 -3.49103e-01 | 29 -0.01234  1.82489e-01 | 30 -0.00506 -3.45446e-01
 31  0.00108 -2.04440e-01 | 32  0.02800  4.78123e-01 | 33 -0.00548 -1.32609e-01
 34 -0.04768 -1.03007e-01 | 35 -0.04174 -7.75746e-01 | 36 -0.00662 -9.21636e-02
 37  0.00520 -4.20499e-01 | 38  0.01482  6.01562e-02 | 39  0.05158 -9.24870e-02
 40  0.00461  2.72436e-01 | 41  0.02785  6.13076e-01 | 42  0.01073 -5.95266e-01
 43 -0.01607  1.48395e-01 | 44 -0.01560  8.67108e-01 | 45  0.02794 -8.07989e-01
 46  0.01656  2.02993e-01 | 47 -0.00256  2.24720e-01 | 48  0.03822 -2.39349e-02
 49  0.02329 -2.23206e-01 | 50 -0.00888 -7.81073e-02 | 51  0.01251 -2.67744e-01
 52  0.01106  8.81478e-01 | 53  0.00538  1.63001e+00 | 54 -0.06874 -1.92705e-01
 55  0.00388  3.92970e-01 | 56 -0.03428  2.10327e-01 | 57  0.01820 -6.68341e-01
 58 -0.02931 -1.32622e-01 | 59  0.00085 -6.09597e-01 | 60  0.03087 -1.20901e-02
 61  0.05331 -2.04808e-02 | 62 -0.03343  6.02229e-01 | 63 -0.00668  8.58390e-02
 64  0.00524 -4.36748e-03 | 65 -0.00249 -1.15178e-01 | 66  0.01466 -7.78198e-02
 67  0.00468  2.71165e-02 | 68 -0.01528  2.55538e-01 | 69  0.03636  1.58603e-01
 70 -0.02679 -3.47766e-01 | 71 -0.00335 -2.27351e-01 | 72  0.03017 -3.78110e-01
 73  0.03024  8.08115e-01 | 74 -0.04174  1.99811e-01 | 75  0.05575  2.15565e-01
 76  0.00299 -7.66595e-01 | 77 -0.03180 -9.16551e-01 | 78 -0.02442 -1.03267e+00
 79 -0.03409 -7.27965e-01 | 80 -0.00825 -2.57872e-01 | 81  0.00987  6.13571e-01
 82 -0.03053  2.33563e-01 | 83 -0.02260 -3.02379e-01 | 84  0.03620  1.04421e-01
 85  0.05221  6.63282e-02 | 86  0.00808 -6.93117e-01 | 87  0.02615  1.55030e-01
 88 -0.01142  4.72439e-01 | 89  0.03370 -1.06671e+00 | 90 -0.02830  5.71954e-01
 91 -0.03266  4.13303e-01 | 92 -0.02979 -3.11461e-01 | 93 -0.01743  7.76760e-02
 94 -0.00288  1.81169e-02 | 95 -0.00047  9.43162e-02 | 96 -0.00047  9.50372e-02
 97  0.83011 -9.27927e-03 | 98 -0.41417 -2.78098e-02 | 99  0.19061  3.32776e-02
100 -0.25918 -7.45986e-02 |

Initial statistics: 108 variables; iteration 0; function evaluation 0; phase 4
Function value 2.2213441e+03; maximum gradient component mag -1.7634e+03
Var    Value     Gradient |Var    Value     Gradient |Var    Value     Gradient
  1 -0.42263 -3.27176e+01 |  2 -0.42263 -1.76335e+03 |  3 -0.41094 -5.72848e+02
  4  0.63750 -8.04465e-01 |  5  0.00000  3.33976e+01 |  6  0.00000 -8.28554e+00
  7  0.00000  3.57311e-01 |  8  0.00000  1.96650e+01 |  9  0.00000  8.41826e+00
 10  0.01567 -2.26402e-02 | 11 -0.00285 -2.88900e-01 | 12  0.00620  3.83351e-01
 13 -0.00541 -4.94079e-01 | 14  0.00051 -3.56092e-01 | 15  0.02779  4.67964e-02
 16  0.01148 -2.31078e-01 | 17  0.00671  2.89182e-01 | 18  0.00523 -8.65950e-02
 19  0.01118 -3.89584e-01 | 20  0.00915 -4.06601e-01 | 21  0.01762  6.05578e-02
 22 -0.02524  1.10808e+00 | 23 -0.01610 -7.85033e-02 | 24  0.02847  1.23927e-01
 25 -0.05561  4.72766e-01 | 26 -0.00207  4.36779e-02 | 27 -0.00141  4.33432e-01
 28 -0.01457 -1.12375e-02 | 29  0.00441  2.37852e-01 | 30 -0.02463 -4.42636e-01
 31 -0.03566  8.32927e-01 | 32  0.00247  5.46442e-01 | 33 -0.00886 -3.99764e-01
 34 -0.01294 -1.16425e-01 | 35  0.02669  5.82081e-01 | 36 -0.00129 -3.47610e-01
 37 -0.01234  1.83982e-01 | 38 -0.00506 -3.43953e-01 | 39  0.00108 -2.02947e-01
 40  0.02800  4.79614e-01 | 41 -0.00548 -1.31116e-01 | 42 -0.04768 -1.01518e-01
 43 -0.04174 -7.74256e-01 | 44 -0.00662 -9.06706e-02 | 45  0.00520 -4.19006e-01
 46  0.01482  6.16489e-02 | 47  0.05158 -9.09987e-02 | 48  0.00461  2.73929e-01
 49  0.02785  6.14568e-01 | 50  0.01073 -5.93773e-01 | 51 -0.01607  1.49888e-01
 52 -0.01560  8.68601e-01 | 53  0.02794 -8.06497e-01 | 54  0.01656  2.04486e-01
 55 -0.00256  2.26213e-01 | 56  0.03822 -2.24445e-02 | 57  0.02329 -2.21714e-01
 58 -0.00888 -7.66144e-02 | 59  0.01251 -2.66251e-01 | 60  0.01106  8.82971e-01
 61  0.00538  1.63150e+00 | 62 -0.06874 -1.91220e-01 | 63  0.00388  3.94463e-01
 64 -0.03428  2.11818e-01 | 65  0.01820 -6.66848e-01 | 66 -0.02931 -1.31130e-01
 67  0.00085 -6.08104e-01 | 68  0.03087 -1.05988e-02 | 69  0.05331 -1.89929e-02
 70 -0.03343  6.03720e-01 | 71 -0.00668  8.73320e-02 | 72  0.00524 -2.87443e-03
 73 -0.00249 -1.13685e-01 | 74  0.01466 -7.63271e-02 | 75  0.00468  2.86095e-02
 76 -0.01528  2.57030e-01 | 77  0.03636  1.60094e-01 | 78 -0.02679 -3.46274e-01
 79 -0.00335 -2.25858e-01 | 80  0.03017 -3.76619e-01 | 81  0.03024  8.09606e-01
 82 -0.04174  2.01301e-01 | 83  0.05575  2.17052e-01 | 84  0.00299 -7.65102e-01
 85 -0.03180 -9.15060e-01 | 86 -0.02442 -1.03118e+00 | 87 -0.03409 -7.26474e-01
 88 -0.00825 -2.56379e-01 | 89  0.00987  6.15064e-01 | 90 -0.03053  2.35054e-01
 91 -0.02260 -3.00887e-01 | 92  0.03620  1.05911e-01 | 93  0.05221  6.78163e-02
 94  0.00808 -6.91624e-01 | 95  0.02615  1.56522e-01 | 96 -0.01142  4.73932e-01
 97  0.03370 -1.06522e+00 | 98 -0.02830  5.73446e-01 | 99 -0.03266  4.14794e-01
100 -0.02979 -3.09969e-01 |101 -0.01743  7.91685e-02 |102 -0.00288  1.96099e-02
103 -0.00047  9.58093e-02 |104 -0.00047  9.65303e-02 |105  0.83011 -9.27927e-03
106 -0.41417 -2.78098e-02 |107  0.19061  3.32776e-02 |108 -0.25918 -7.45986e-02

Intermediate statistics: 108 variables; iteration 20; function evaluation 25; phase 4
Function value 2.2198611e+03; maximum gradient component mag -1.4197e+03
Var    Value     Gradient |Var    Value     Gradient |Var    Value     Gradient
  1 -0.44474 -6.04304e+01 |  2 -0.42318 -1.41967e+03 |  3 -0.40460 -5.03005e+02
  4  0.63694 -1.34202e+02 |  5 -0.00641  1.90884e+01 |  6  0.00430 -1.46253e+00
  7  0.00003  5.35533e-01 |  8 -0.00652  7.82392e+00 |  9 -0.00241  3.97506e+00
 10  0.01617  5.53534e+00 | 11 -0.00230  5.30941e+00 | 12  0.00655  5.87507e+00
 13 -0.00489  5.41103e+00 | 14  0.00098  5.80388e+00 | 15  0.02846  7.94655e+00
 16  0.01209  7.31451e+00 | 17  0.00732  8.13108e+00 | 18  0.00591  8.62967e+00
 19  0.01203  1.04038e+01 | 20  0.00997  1.11134e+01 | 21  0.01837  1.32179e+01
 22 -0.02479  9.24282e+00 | 23 -0.01576  7.86618e+00 | 24  0.02866  8.81101e+00
 25 -0.05545  5.81613e+00 | 26 -0.00186  8.07154e+00 | 27 -0.00114  9.02201e+00
 28 -0.01443  6.26399e+00 | 29  0.00458  5.64634e+00 | 30 -0.02460  3.80415e+00
 31 -0.03540  8.05850e+00 | 32  0.00282  1.13477e+01 | 33 -0.00866  6.61968e+00
 34 -0.01272  7.14000e+00 | 35  0.02694  1.10975e+01 | 36 -0.00107  7.29929e+00
 37 -0.01208  7.75876e+00 | 38 -0.00482  7.84510e+00 | 39  0.00130  7.30885e+00
 40  0.02808  5.60832e+00 | 41 -0.00550  1.97762e+00 | 42 -0.04758  3.33791e+00
 43 -0.04177  2.09559e+00 | 44 -0.00654  5.37890e+00 | 45  0.00543  9.02939e+00
 46  0.01513  1.04456e+01 | 47  0.05165  5.45030e+00 | 48  0.00462  4.02222e+00
 49  0.02787  2.56789e+00 | 50  0.01063 -4.94397e-01 | 51 -0.01614  2.10747e+00
 52 -0.01559  3.82606e+00 | 53  0.02769 -3.08483e+00 | 54  0.01638 -5.86538e-02
 55 -0.00267  1.51028e+00 | 56  0.03770 -1.25307e+01 | 57  0.02278 -1.16320e+01
 58 -0.00930 -5.62837e+00 | 59  0.01191 -1.58870e+01 | 60  0.01040 -2.02139e+01
 61  0.00479 -1.91612e+01 | 62 -0.06917 -1.39194e+00 | 63  0.00357 -1.07733e+01
 64 -0.03442 -1.82345e-01 | 65  0.01784 -1.23213e+01 | 66 -0.02978 -4.71810e+00
 67  0.00078 -5.15442e+00 | 68  0.03069 -1.10336e+01 | 69  0.05313 -1.73945e+01
 70 -0.03365 -3.69258e+00 | 71 -0.00693 -7.55527e+00 | 72  0.00490 -9.11204e+00
 73 -0.00269 -6.08539e+00 | 74  0.01436 -8.99612e+00 | 75  0.00448 -5.63031e+00
 76 -0.01542 -1.35554e+00 | 77  0.03587 -2.47842e+01 | 78 -0.02700 -2.49975e+00
 79 -0.00352 -2.70605e+00 | 80  0.02963 -2.27095e+01 | 81  0.02981 -1.87061e+01
 82 -0.04176  4.71426e-01 | 83  0.05643  3.22418e+01 | 84  0.00244 -1.57459e+01
 85 -0.03212 -6.52470e+00 | 86 -0.02472 -5.74115e+00 | 87 -0.03439 -5.07308e-01
 88 -0.00855 -3.56437e+00 | 89  0.00946 -5.50090e+00 | 90 -0.03090  3.85065e-01
 91 -0.02274  1.70587e+00 | 92  0.03560 -1.70171e+01 | 93  0.05170 -1.64275e+01
 94  0.00760 -8.43837e+00 | 95  0.02578 -6.71150e+00 | 96 -0.01161  1.87003e+00
 97  0.03332 -5.04885e+00 | 98 -0.02844  4.30139e+00 | 99 -0.03264  6.22938e+00
100 -0.02972  7.92407e+00 |101 -0.01678  8.87962e+00 |102 -0.00173  5.19739e+00
103 -0.00033  4.53672e+00 |104 -0.00033  4.53688e+00 |105  0.82831  1.76342e+01
106 -0.41433 -1.23642e+02 |107  0.18124 -4.38036e+01 |108 -0.26085  9.78605e+01
108 variables; iteration 40; function evaluation 45; phase 4
Function value 2.2189811e+03; maximum gradient component mag 1.7767e+01
Var    Value     Gradient |Var    Value     Gradient |Var    Value     Gradient
  1 -0.45363  2.09099e+00 |  2 -0.42276  4.28239e+00 |  3 -0.40151 -1.95948e+00
  4  0.63517  5.35611e-01 |  5 -0.01736 -5.74200e+00 |  6  0.00294 -4.74831e+00
  7 -0.00033 -2.19076e-01 |  8 -0.00777  5.43701e+00 |  9 -0.00372  1.31932e+00
 10  0.01527 -1.11843e+00 | 11 -0.00316 -1.18915e+00 | 12  0.00605  8.89972e-02
 13 -0.00505  4.03024e-01 | 14  0.00111  1.57563e+00 | 15  0.02641 -4.61094e+00
 16  0.01036 -3.92116e+00 | 17  0.00630 -8.59287e-01 | 18  0.00768  1.19592e+01
 19  0.01220  6.18009e+00 | 20  0.00743 -1.06496e+01 | 21  0.01792  3.63298e+00
 22 -0.02528  1.08103e+00 | 23 -0.01542  4.74229e+00 | 24  0.02854 -6.61349e-01
 25 -0.05526  1.91972e+00 | 26 -0.00238 -1.98650e+00 | 27 -0.00185 -3.34370e+00
 28 -0.01461  9.75667e-01 | 29  0.00443 -6.30668e-01 | 30 -0.02446 -1.11236e-01
 31 -0.03622 -2.69276e+00 | 32  0.00234  3.06246e+00 | 33 -0.00867  3.22132e+00
 34 -0.01293  1.55303e+00 | 35  0.02653  4.26677e-01 | 36 -0.00142 -6.68982e-01
 37 -0.01252 -7.56365e-01 | 38 -0.00522  8.80200e-01 | 39  0.00083 -9.54386e-01
 40  0.02804  2.63282e+00 | 41 -0.00521  1.07445e+00 | 42 -0.04732  7.25135e-01
 43 -0.04136  1.46236e+00 | 44 -0.00672  2.42200e+00 | 45  0.00452 -1.79599e+00
 46  0.01455  4.64329e+00 | 47  0.05138  2.00544e+00 | 48  0.00511  7.60350e+00
 49  0.02766 -1.93802e+00 | 50  0.01074 -1.67747e+00 | 51 -0.01603  3.38644e-01
 52 -0.01566  1.30006e+00 | 53  0.02782  2.26265e+00 | 54  0.01618 -1.60059e+00
 55 -0.00313 -4.24470e+00 | 56  0.03811  2.20176e+00 | 57  0.02315 -2.31135e+00
 58 -0.00854  4.73209e+00 | 59  0.01258  3.80287e-02 | 60  0.01090 -8.87479e+00
 61  0.00547 -5.25345e+00 | 62 -0.06753  1.17061e+01 | 63  0.00400  8.86039e-01
 64 -0.03437 -2.11618e-01 | 65  0.01809  2.84987e-01 | 66 -0.02945 -1.51522e+00
 67  0.00108  4.37242e+00 | 68  0.03084  1.23971e+00 | 69  0.05344  2.73823e+00
 70 -0.03302  1.16991e+00 | 71 -0.00648  5.83420e-01 | 72  0.00517  4.25606e-01
 73 -0.00230  2.57907e+00 | 74  0.01459 -6.80519e-01 | 75  0.00417 -1.55471e+01
 76 -0.01538  5.03099e-01 | 77  0.03639  5.53903e-01 | 78 -0.02673  1.69832e-01
 79 -0.00363 -3.08951e+00 | 80  0.03009 -6.60831e-01 | 81  0.03034  2.25621e+00
 82 -0.04155 -1.09859e+00 | 83  0.05603  3.60210e+00 | 84  0.00368  7.62353e+00
 85 -0.03146 -1.66589e+00 | 86 -0.02424 -1.04606e+00 | 87 -0.03434 -2.12557e+00
 88 -0.00827  5.03207e-01 | 89  0.01009  8.37602e+00 | 90 -0.03072 -1.95194e+00
 91 -0.02271 -2.69920e+00 | 92  0.03608 -5.15676e-01 | 93  0.05235 -3.39281e-03
 94  0.00842 -3.06107e+00 | 95  0.02678  5.87916e+00 | 96 -0.01107  8.17436e-01
 97  0.03405 -3.61577e+00 | 98 -0.02963 -1.68402e+01 | 99 -0.03193  3.84061e-01
100 -0.03089 -6.88757e+00 |101 -0.01964 -8.97154e+00 |102 -0.00067  2.13158e+00
103 -0.00047 -1.54301e-01 |104 -0.00047 -1.54241e-01 |105  0.83015  1.56102e+00
106 -0.41393  3.85444e+00 |107  0.18135 -1.07222e+01 |108 -0.26092  1.77675e+01
108 variables; iteration 60; function evaluation 70; phase 4
Function value 2.2188610e+03; maximum gradient component mag 4.0849e+00
Var    Value     Gradient |Var    Value     Gradient |Var    Value     Gradient
  1 -0.45419  4.52421e-01 |  2 -0.42280  1.71252e+00 |  3 -0.40125  7.68004e-01
  4  0.63528 -1.50420e+00 |  5 -0.01497 -2.65848e-01 |  6  0.00517 -7.74860e-01
  7 -0.00030 -1.22159e-01 |  8 -0.01039  7.22204e-01 |  9 -0.00514 -1.32599e+00
 10  0.01635  1.32636e+00 | 11 -0.00207  1.20734e+00 | 12  0.00561 -8.50150e-01
 13 -0.00576 -1.22014e+00 | 14 -0.00002 -1.45381e+00 | 15  0.02712 -1.80178e+00
 16  0.01124 -5.80085e-01 | 17  0.00684  1.41471e+00 | 18  0.00532  1.00540e+00
 19  0.01103 -4.59483e-01 | 20  0.00877 -1.98585e+00 | 21  0.01744 -3.78008e-01
 22 -0.02504  2.58991e+00 | 23 -0.01594  9.61705e-01 | 24  0.02860  8.56662e-01
 25 -0.05553  5.53805e-01 | 26 -0.00234 -6.75661e-01 | 27 -0.00175 -1.20456e+00
 28 -0.01482 -8.38114e-01 | 29  0.00428 -2.35882e+00 | 30 -0.02453 -5.00719e-01
 31 -0.03600 -1.40145e-01 | 32  0.00210  5.47036e-02 | 33 -0.00887  1.19227e+00
 34 -0.01308  1.27812e-01 | 35  0.02647  1.62985e-01 | 36 -0.00144 -3.41507e-01
 37 -0.01255 -4.23677e-01 | 38 -0.00535 -1.37526e-01 | 39  0.00077 -1.13419e+00
 40  0.02785 -3.53354e-01 | 41 -0.00539 -7.35333e-01 | 42 -0.04761 -1.03921e+00
 43 -0.04152  5.35027e-01 | 44 -0.00701 -3.25445e-01 | 45  0.00461  6.64578e-01
 46  0.01423  6.31173e-01 | 47  0.05128  1.27296e-01 | 48  0.00443 -4.25440e-01
 49  0.02779  8.97592e-01 | 50  0.01078 -6.33757e-01 | 51 -0.01614 -3.67858e-01
 52 -0.01584 -2.39023e-01 | 53  0.02769  2.79590e-01 | 54  0.01623 -2.08121e-02
 55 -0.00291 -7.35056e-01 | 56  0.03814  4.08492e+00 | 57  0.02320 -7.26758e-01
 58 -0.00895 -8.14580e-01 | 59  0.01249 -6.45614e-01 | 60  0.01105 -3.09482e+00
 61  0.00567  1.88142e+00 | 62 -0.06863  3.18372e-01 | 63  0.00393 -3.08664e-01
 64 -0.03431  1.57991e+00 | 65  0.01803 -3.01624e-02 | 66 -0.02936  5.50886e-01
 67  0.00084 -5.55559e-01 | 68  0.03077  1.45831e-01 | 69  0.05336  1.53558e-02
 70 -0.03311  3.58731e-01 | 71 -0.00652  6.86355e-01 | 72  0.00513  4.54239e-01
 73 -0.00245  6.51573e-02 | 74  0.01453 -1.47878e-01 | 75  0.00473  1.25291e+00
 76 -0.01552 -9.58390e-01 | 77  0.03635  2.04493e-01 | 78 -0.02675  4.71721e-01
 79 -0.00357 -6.71073e-01 | 80  0.03005  1.74598e-01 | 81  0.03025  2.59905e-01
 82 -0.04152 -2.85637e-01 | 83  0.05594 -1.06090e-01 | 84  0.00342  1.25020e+00
 85 -0.03126  2.55048e+00 | 86 -0.02428 -1.25187e+00 | 87 -0.03432 -1.25504e+00
 88 -0.00832 -6.36142e-01 | 89  0.00986  7.51798e-01 | 90 -0.03062 -4.89841e-01
 91 -0.02259 -1.10764e+00 | 92  0.03612  8.75223e-03 | 93  0.05243 -3.49269e-02
 94  0.00874  1.02094e+00 | 95  0.02670 -1.10131e+00 | 96 -0.01093  1.10170e-01
 97  0.03430 -1.48600e+00 | 98 -0.02756  3.29376e-01 | 99 -0.03171  9.75218e-01
100 -0.02902  3.12860e+00 |101 -0.01676  6.58514e-01 |102 -0.00270 -1.01988e+00
103 -0.00032  1.43704e-01 |104 -0.00032  1.43563e-01 |105  0.82845 -1.12035e-01
106 -0.41421  7.78295e-01 |107  0.18293 -1.55038e+00 |108 -0.26047  9.90750e-01
108 variables; iteration 80; function evaluation 98; phase 4
Function value 2.2188548e+03; maximum gradient component mag -1.4798e+00
Var    Value     Gradient |Var    Value     Gradient |Var    Value     Gradient
  1 -0.45419  1.61760e-01 |  2 -0.42281  6.34907e-01 |  3 -0.40123  2.81170e-01
  4  0.63528 -4.73135e-01 |  5 -0.01483  4.81823e-02 |  6  0.00543 -3.38807e-01
  7 -0.00033 -1.81459e-01 |  8 -0.01060  3.38982e-01 |  9 -0.00506 -1.18548e+00
 10  0.01564 -2.39079e-01 | 11 -0.00266 -5.97460e-02 | 12  0.00596 -6.48659e-02
 13 -0.00526 -4.69984e-02 | 14 -0.00002 -1.47983e+00 | 15  0.02762  6.59543e-02
 16  0.01143  8.53180e-02 | 17  0.00655  1.97564e-01 | 18  0.00518  2.88019e-01
 19  0.01114  6.99312e-02 | 20  0.00900 -6.36226e-01 | 21  0.01746 -3.69195e-01
 22 -0.02541  2.90021e-01 | 23 -0.01607 -2.19206e-01 | 24  0.02858  1.73435e-01
 25 -0.05554  3.91145e-01 | 26 -0.00228 -1.28976e-01 | 27 -0.00166 -3.61581e-02
 28 -0.01478 -3.73895e-01 | 29  0.00440 -5.21461e-01 | 30 -0.02449 -1.40990e-01
 31 -0.03592  4.54394e-01 | 32  0.00212  7.57370e-02 | 33 -0.00891  3.92200e-01
 34 -0.01307  1.37878e-01 | 35  0.02649  1.84125e-01 | 36 -0.00140  8.89184e-02
 37 -0.01251 -1.17081e-01 | 38 -0.00533  4.68384e-02 | 39  0.00086 -4.76454e-02
 40  0.02787 -1.20485e-01 | 41 -0.00533  6.07961e-02 | 42 -0.04740  4.24915e-01
 43 -0.04153  4.36918e-01 | 44 -0.00699 -3.03299e-01 | 45  0.00457 -6.44122e-02
 46  0.01420  1.50835e-01 | 47  0.05127 -5.61444e-02 | 48  0.00447  1.24261e-01
 49  0.02774  1.37771e-01 | 50  0.01082 -8.01181e-02 | 51 -0.01613 -2.94017e-01
 52 -0.01583 -1.14385e-01 | 53  0.02767 -1.27243e-01 | 54  0.01623 -8.35689e-03
 55 -0.00287 -1.63563e-01 | 56  0.03802  1.08477e+00 | 57  0.02322 -1.51897e-01
 58 -0.00891 -1.99791e-01 | 59  0.01249 -4.30017e-01 | 60  0.01115 -4.62876e-01
 61  0.00561  3.49701e-01 | 62 -0.06865 -4.80233e-03 | 63  0.00394 -7.65620e-02
 64 -0.03438  3.24634e-01 | 65  0.01803 -3.63009e-02 | 66 -0.02938  2.09575e-01
 67  0.00087  2.02276e-01 | 68  0.03077 -1.32378e-02 | 69  0.05336  8.56544e-05
 70 -0.03312  7.81335e-02 | 71 -0.00651  7.25255e-01 | 72  0.00511 -6.34489e-02
 73 -0.00244  1.87718e-01 | 74  0.01454 -6.31820e-02 | 75  0.00470  3.12752e-01
 76 -0.01546  8.55903e-02 | 77  0.03635  3.13624e-02 | 78 -0.02677  1.61612e-01
 79 -0.00355 -4.19065e-01 | 80  0.03005  5.22887e-02 | 81  0.03024  7.11606e-02
 82 -0.04151 -2.55008e-01 | 83  0.05595 -3.51773e-02 | 84  0.00340  3.56213e-01
 85 -0.03137  5.64597e-01 | 86 -0.02425 -5.25390e-01 | 87 -0.03427 -3.25878e-01
 88 -0.00830 -8.51429e-02 | 89  0.00983  1.64157e-01 | 90 -0.03059 -6.21695e-02
 91 -0.02254 -2.58187e-01 | 92  0.03612 -1.91598e-02 | 93  0.05242 -4.13250e-02
 94  0.00871  5.38829e-01 | 95  0.02671 -4.97924e-01 | 96 -0.01095 -7.81139e-02
 97  0.03431 -5.67333e-01 | 98 -0.02761 -2.06556e-02 | 99 -0.03181  2.96741e-01
100 -0.02932  1.16767e+00 |101 -0.01694 -7.02021e-02 |102 -0.00238 -5.29234e-01
103 -0.00043 -5.69917e-02 |104 -0.00043 -5.69144e-02 |105  0.82834 -5.99534e-02
106 -0.41422  2.60086e-01 |107  0.18311 -6.38831e-01 |108 -0.26041  4.36678e-01
Maximum number of function evaluations exceeded

 - final statistics:
108 variables; iteration 82; function evaluation 100
Function value 2.2189e+03; maximum gradient component mag -1.4876e+00
Exit code = 3;  converg criter 1.0000e+00
Var    Value     Gradient |Var    Value     Gradient |Var    Value     Gradient
  1 -0.45419  1.58500e-01 |  2 -0.42281  6.41324e-01 |  3 -0.40123  2.82852e-01
  4  0.63528 -4.83271e-01 |  5 -0.01483  4.83730e-02 |  6  0.00543 -3.38146e-01
  7 -0.00033 -1.84501e-01 |  8 -0.01060  3.39460e-01 |  9 -0.00506 -1.18871e+00
 10  0.01564 -2.40821e-01 | 11 -0.00266 -6.80065e-02 | 12  0.00596 -5.61014e-02
 13 -0.00526 -4.79586e-02 | 14 -0.00002 -1.48764e+00 | 15  0.02763  6.97471e-02
 16  0.01143  8.84434e-02 | 17  0.00655  1.93123e-01 | 18  0.00518  2.86488e-01
 19  0.01113  3.65237e-02 | 20  0.00900 -6.15214e-01 | 21  0.01746 -3.66859e-01
 22 -0.02540  3.49148e-01 | 23 -0.01606 -1.78311e-01 | 24  0.02859  2.52872e-01
 25 -0.05555  3.52519e-01 | 26 -0.00229 -1.41894e-01 | 27 -0.00166 -5.21907e-02
 28 -0.01479 -4.49466e-01 | 29  0.00440 -4.84713e-01 | 30 -0.02449 -1.45221e-01
 31 -0.03591  4.96983e-01 | 32  0.00212  6.84879e-02 | 33 -0.00891  4.08784e-01
 34 -0.01306  1.54314e-01 | 35  0.02649  1.61559e-01 | 36 -0.00140  1.50218e-01
 37 -0.01251 -1.36757e-01 | 38 -0.00533  5.32729e-02 | 39  0.00086 -2.16445e-03
 40  0.02787 -1.12864e-01 | 41 -0.00532  8.43444e-02 | 42 -0.04741  3.54692e-01
 43 -0.04154  3.65453e-01 | 44 -0.00700 -3.83991e-01 | 45  0.00457 -4.66653e-02
 46  0.01420  1.25542e-01 | 47  0.05127 -6.55687e-02 | 48  0.00447  1.71494e-01
 49  0.02774  1.30728e-01 | 50  0.01081 -1.75175e-01 | 51 -0.01613 -2.89998e-01
 52 -0.01583 -1.22417e-01 | 53  0.02767 -1.05361e-01 | 54  0.01623 -5.71125e-02
 55 -0.00286 -9.80317e-02 | 56  0.03802  1.09334e+00 | 57  0.02322 -1.30712e-01
 58 -0.00891 -2.33147e-01 | 59  0.01250 -3.63787e-01 | 60  0.01115 -4.68562e-01
 61  0.00561  3.59362e-01 | 62 -0.06865  7.16237e-04 | 63  0.00395 -6.65550e-02
 64 -0.03438  3.16497e-01 | 65  0.01803 -2.68713e-02 | 66 -0.02938  1.76043e-01
 67  0.00088  2.13554e-01 | 68  0.03077 -1.16253e-02 | 69  0.05336  1.05863e-03
 70 -0.03312  1.01991e-01 | 71 -0.00651  6.87414e-01 | 72  0.00511 -5.18603e-02
 73 -0.00244  1.81706e-01 | 74  0.01454 -5.91088e-02 | 75  0.00470  3.21503e-01
 76 -0.01546  7.80492e-02 | 77  0.03635  3.48328e-02 | 78 -0.02676  1.86024e-01
 79 -0.00355 -3.18277e-01 | 80  0.03005  4.81191e-02 | 81  0.03025  7.55221e-02
 82 -0.04152 -2.95544e-01 | 83  0.05595 -3.29734e-02 | 84  0.00340  3.60497e-01
 85 -0.03137  5.30750e-01 | 86 -0.02425 -6.37580e-01 | 87 -0.03427 -2.90790e-01
 88 -0.00830 -7.39214e-02 | 89  0.00984  1.62896e-01 | 90 -0.03059 -4.11627e-02
 91 -0.02254 -2.69552e-01 | 92  0.03612 -1.09120e-02 | 93  0.05242 -3.25787e-02
 94  0.00871  5.21444e-01 | 95  0.02671 -4.85701e-01 | 96 -0.01095 -9.53860e-03
 97  0.03431 -5.60163e-01 | 98 -0.02761 -4.07550e-02 | 99 -0.03181  2.80730e-01
100 -0.02933  1.11402e+00 |101 -0.01694 -7.15580e-02 |102 -0.00238 -5.29574e-01
103 -0.00044 -6.78096e-02 |104 -0.00044 -6.77179e-02 |105  0.82834 -5.88746e-02
106 -0.41422  2.61282e-01 |107  0.18311 -6.32170e-01 |108 -0.26041  4.38537e-01

Initial statistics: 110 variables; iteration 0; function evaluation 0; phase 5
Function value 2.2188548e+03; maximum gradient component mag 4.7577e+01
Var    Value     Gradient |Var    Value     Gradient |Var    Value     Gradient
  1 -0.45419  1.58500e-01 |  2 -0.42281  6.41324e-01 |  3 -0.40123  2.82852e-01
  4 -0.41222  1.72351e+01 |  5 -0.41222  4.75770e+01 |  6  0.63528 -4.83271e-01
  7 -0.01483  4.83730e-02 |  8  0.00543 -3.38146e-01 |  9 -0.00033 -1.84501e-01
 10 -0.01060  3.39460e-01 | 11 -0.00506 -1.18871e+00 | 12  0.01564 -2.41111e-01
 13 -0.00266 -6.82959e-02 | 14  0.00596 -5.63908e-02 | 15 -0.00526 -4.82480e-02
 16 -0.00002 -1.48793e+00 | 17  0.02763  6.94580e-02 | 18  0.01143  8.81540e-02
 19  0.00655  1.92833e-01 | 20  0.00518  2.86199e-01 | 21  0.01113  3.62343e-02
 22  0.00900 -6.15503e-01 | 23  0.01746 -3.67148e-01 | 24 -0.02540  3.48858e-01
 25 -0.01606 -1.78601e-01 | 26  0.02859  2.52582e-01 | 27 -0.05555  3.52230e-01
 28 -0.00229 -1.42183e-01 | 29 -0.00166 -5.24801e-02 | 30 -0.01479 -4.49756e-01
 31  0.00440 -4.85002e-01 | 32 -0.02449 -1.45511e-01 | 33 -0.03591  4.96694e-01
 34  0.00212  6.81985e-02 | 35 -0.00891  4.08494e-01 | 36 -0.01306  1.54024e-01
 37  0.02649  1.61270e-01 | 38 -0.00140  1.49929e-01 | 39 -0.01251 -1.37046e-01
 40 -0.00533  5.29834e-02 | 41  0.00086 -2.45386e-03 | 42  0.02787 -1.13153e-01
 43 -0.00532  8.40549e-02 | 44 -0.04741  3.54404e-01 | 45 -0.04154  3.65165e-01
 46 -0.00700 -3.84280e-01 | 47  0.00457 -4.69547e-02 | 48  0.01420  1.25253e-01
 49  0.05127 -6.58572e-02 | 50  0.00447  1.71204e-01 | 51  0.02774  1.30439e-01
 52  0.01081 -1.75465e-01 | 53 -0.01613 -2.90287e-01 | 54 -0.01583 -1.22706e-01
 55  0.02767 -1.05650e-01 | 56  0.01623 -5.74018e-02 | 57 -0.00286 -9.83211e-02
 58  0.03802  1.09305e+00 | 59  0.02322 -1.31001e-01 | 60 -0.00891 -2.33437e-01
 61  0.01250 -3.64076e-01 | 62  0.01115 -4.68852e-01 | 63  0.00561  3.59073e-01
 64 -0.06865  4.28503e-04 | 65  0.00395 -6.68444e-02 | 66 -0.03438  3.16208e-01
 67  0.01803 -2.71606e-02 | 68 -0.02938  1.75754e-01 | 69  0.00088  2.13264e-01
 70  0.03077 -1.19143e-02 | 71  0.05336  7.70228e-04 | 72 -0.03312  1.01702e-01
 73 -0.00651  6.87125e-01 | 74  0.00511 -5.21497e-02 | 75 -0.00244  1.81417e-01
 76  0.01454 -5.93981e-02 | 77  0.00470  3.21214e-01 | 78 -0.01546  7.77598e-02
 79  0.03635  3.45439e-02 | 80 -0.02676  1.85735e-01 | 81 -0.00355 -3.18566e-01
 82  0.03005  4.78300e-02 | 83  0.03025  7.52330e-02 | 84 -0.04152 -2.95833e-01
 85  0.05595 -3.32617e-02 | 86  0.00340  3.60208e-01 | 87 -0.03137  5.30461e-01
 88 -0.02425 -6.37869e-01 | 89 -0.03427 -2.91079e-01 | 90 -0.00830 -7.42108e-02
 91  0.00984  1.62607e-01 | 92 -0.03059 -4.14518e-02 | 93 -0.02254 -2.69841e-01
 94  0.03612 -1.12009e-02 | 95  0.05242 -3.28671e-02 | 96  0.00871  5.21154e-01
 97  0.02671 -4.85990e-01 | 98 -0.01095 -9.82798e-03 | 99  0.03431 -5.60452e-01
100 -0.02761 -4.10441e-02 |101 -0.03181  2.80441e-01 |102 -0.02933  1.11373e+00
103 -0.01694 -7.18473e-02 |104 -0.00238 -5.29863e-01 |105 -0.00044 -6.80990e-02
106 -0.00044 -6.80074e-02 |107  0.82834 -5.88746e-02 |108 -0.41422  2.61282e-01
109  0.18311 -6.32170e-01 |110 -0.26041  4.38537e-01 |

Intermediate statistics: 110 variables; iteration 20; function evaluation 24; phase 5
Function value 2.2185651e+03; maximum gradient component mag 7.8867e+01
Var    Value     Gradient |Var    Value     Gradient |Var    Value     Gradient
  1 -0.44150  1.18862e+00 |  2 -0.42123  3.49918e+01 |  3 -0.40615 -1.98794e+01
  4 -0.42704  8.61966e+00 |  5 -0.41713  4.17598e+01 |  6  0.63503 -6.38255e+01
  7 -0.01488  2.48970e-01 |  8  0.00544 -2.31364e-01 |  9 -0.00035 -1.08112e-01
 10 -0.01065  3.64178e-01 | 11 -0.00505 -1.01497e+00 | 12  0.01560  1.72318e+00
 13 -0.00270  1.86808e+00 | 14  0.00592  1.97176e+00 | 15 -0.00530  1.98773e+00
 16  0.00001  8.41509e-01 | 17  0.02761  2.66628e+00 | 18  0.01141  2.60871e+00
 19  0.00653  2.75985e+00 | 20  0.00518  3.00566e+00 | 21  0.01128  3.67657e+00
 22  0.00935  4.20392e+00 | 23  0.01793  5.76554e+00 | 24 -0.02528  2.66975e+00
 25 -0.01588  2.35996e+00 | 26  0.02867  1.60889e+00 | 27 -0.05558  1.64549e+00
 28 -0.00220  2.59062e+00 | 29 -0.00152  1.51225e+00 | 30 -0.01461  2.07127e+00
 31  0.00460  1.31237e+00 | 32 -0.02437  3.08752e+00 | 33 -0.03590  2.18335e+00
 34  0.00222 -1.95827e-01 | 35 -0.00886  9.77833e-01 | 36 -0.01301  1.44494e+00
 37  0.02650  9.91161e-01 | 38 -0.00136  1.76207e+00 | 39 -0.01245  1.50907e+00
 40 -0.00528  6.08150e-01 | 41  0.00091  1.90816e-01 | 42  0.02791  2.77276e-02
 43 -0.00528  8.01209e-02 | 44 -0.04763 -2.00301e+00 | 45 -0.04176 -1.88738e+00
 46 -0.00690  6.55134e-01 | 47  0.00462  2.08357e-01 | 48  0.01423 -1.02313e+00
 49  0.05126 -2.37801e+00 | 50  0.00448  1.09410e+00 | 51  0.02769 -7.35693e-01
 52  0.01087 -1.13826e+00 | 53 -0.01607 -2.24640e-01 | 54 -0.01579 -4.69335e-01
 55  0.02757 -3.40373e+00 | 56  0.01622 -1.52079e+00 | 57 -0.00285 -8.43452e-01
 58  0.03790 -5.62965e+00 | 59  0.02305 -6.27937e+00 | 60 -0.00893 -1.62065e+00
 61  0.01238 -6.56649e+00 | 62  0.01111 -6.56381e+00 | 63  0.00563 -5.18959e+00
 64 -0.06860 -2.85728e-01 | 65  0.00404  1.52275e+00 | 66 -0.03447 -2.22142e+00
 67  0.01802 -4.30672e+00 | 68 -0.02927 -1.12957e+00 | 69  0.00086 -3.50496e+00
 70  0.03055 -8.34223e+00 | 71  0.05331 -2.30544e+00 | 72 -0.03305 -8.23372e-01
 73 -0.00651  3.95644e-01 | 74  0.00513 -2.86747e+00 | 75 -0.00232 -2.60948e-01
 76  0.01450 -2.48903e+00 | 77  0.00475 -1.02243e+00 | 78 -0.01554 -1.00483e+00
 79  0.03635 -3.22312e+00 | 80 -0.02677 -2.06839e-01 | 81 -0.00337 -1.54231e-01
 82  0.02997 -5.61401e+00 | 83  0.03014 -3.60493e+00 | 84 -0.04146  1.79545e-02
 85  0.05590 -7.03528e-01 | 86  0.00343  2.56679e+00 | 87 -0.03149 -2.63912e-01
 88 -0.02425 -1.19828e+00 | 89 -0.03425 -3.57840e-01 | 90 -0.00825 -4.49456e-01
 91  0.01001  5.49537e+00 | 92 -0.03050 -1.53162e+00 | 93 -0.02257 -1.20438e+00
 94  0.03587 -4.00652e+00 | 95  0.05233  1.61499e+00 | 96  0.00858  1.49220e+00
 97  0.02639 -1.17118e+00 | 98 -0.01111  9.74381e-01 | 99  0.03390 -1.78904e+00
100 -0.02789 -1.74237e+00 |101 -0.03204 -1.75765e+00 |102 -0.02953  4.32108e+00
103 -0.01679  3.23717e+00 |104 -0.00271  1.16273e+00 |105 -0.00043  1.72956e+00
106 -0.00043  1.72964e+00 |107  0.82880 -1.18097e+01 |108 -0.41375  7.88671e+01
109  0.18786 -1.27785e+01 |110 -0.25903  5.63297e+01 |
110 variables; iteration 40; function evaluation 46; phase 5
Function value 2.2184634e+03; maximum gradient component mag 5.3943e+01
Var    Value     Gradient |Var    Value     Gradient |Var    Value     Gradient
  1 -0.43961  2.55996e+00 |  2 -0.42092  3.26615e+01 |  3 -0.40688 -8.29952e+00
  4 -0.42868  6.35854e+00 |  5 -0.42006  2.75111e+01 |  6  0.63492 -4.06258e+01
  7 -0.01487  1.74135e-01 |  8  0.00531 -4.68783e-01 |  9 -0.00035 -1.45215e-01
 10 -0.01066  3.19282e-01 | 11 -0.00477 -5.05967e-01 | 12  0.01567  1.23589e+00
 13 -0.00271  1.21912e+00 | 14  0.00568  7.64938e-01 | 15 -0.00560  6.48650e-01
 16 -0.00095 -2.38009e+00 | 17  0.02788  3.13808e+00 | 18  0.01170  3.16619e+00
 19  0.00652  2.26710e+00 | 20  0.00457 -1.96530e-01 | 21  0.01139  4.02913e+00
 22  0.00944  4.51737e+00 | 23  0.01770  3.58934e+00 | 24 -0.02520  2.68780e+00
 25 -0.01600  1.00112e+00 | 26  0.02868  1.27983e+00 | 27 -0.05554  1.37612e+00
 28 -0.00219  2.44536e+00 | 29 -0.00145  1.81668e+00 | 30 -0.01462  1.57515e+00
 31  0.00463  9.05847e-01 | 32 -0.02451  1.19044e+00 | 33 -0.03588  2.09370e+00
 34  0.00220 -1.46111e+00 | 35 -0.00892 -3.66558e-01 | 36 -0.01300  9.81124e-01
 37  0.02646 -8.09696e-02 | 38 -0.00141  6.09581e-01 | 39 -0.01233  2.44325e+00
 40 -0.00526  1.27866e-01 | 41  0.00097  2.75427e-01 | 42  0.02795  4.74499e-01
 43 -0.00526 -3.38033e-01 | 44 -0.04721 -5.47164e-04 | 45 -0.04139  1.27255e-01
 46 -0.00686  3.67216e-01 | 47  0.00467  2.70885e-01 | 48  0.01431 -3.86646e-01
 49  0.05132 -6.73692e-01 | 50  0.00449  1.17499e+00 | 51  0.02759 -2.06616e+00
 52  0.01099 -4.10709e-02 | 53 -0.01601 -1.16910e-01 | 54 -0.01572 -1.35666e-01
 55  0.02767 -1.07378e+00 | 56  0.01614 -2.57093e+00 | 57 -0.00285 -7.44928e-01
 58  0.03794 -3.56438e+00 | 59  0.02308 -4.70105e+00 | 60 -0.00891 -1.03697e+00
 61  0.01257 -1.92761e+00 | 62  0.01116 -5.18252e+00 | 63  0.00584 -5.61829e-01
 64 -0.06841  1.05819e+00 | 65  0.00402  1.27982e-01 | 66 -0.03441 -1.44127e+00
 67  0.01820  1.81430e+00 | 68 -0.02923 -8.24149e-01 | 69  0.00101 -6.21861e-01
 70  0.03043 -1.09236e+01 | 71  0.05331 -7.67685e-01 | 72 -0.03294  2.84172e-01
 73 -0.00645  1.51269e+00 | 74  0.00525 -1.15403e-01 | 75 -0.00231 -1.10311e+00
 76  0.01454 -1.13337e+00 | 77  0.00466 -4.39637e+00 | 78 -0.01559 -1.89532e+00
 79  0.03642 -1.24122e+00 | 80 -0.02674 -2.00830e-01 | 81 -0.00333 -1.01441e+00
 82  0.02995 -6.12745e+00 | 83  0.03028  2.00187e+00 | 84 -0.04141  3.43828e-01
 85  0.05591 -1.32667e-02 | 86  0.00338  1.34334e+00 | 87 -0.03149 -8.58619e-01
 88 -0.02423 -1.66558e+00 | 89 -0.03421 -1.03047e+00 | 90 -0.00821 -6.88157e-01
 91  0.01001  3.73896e+00 | 92 -0.03039 -1.45821e+00 | 93 -0.02238  4.80621e-01
 94  0.03587 -3.52629e+00 | 95  0.05232  1.94334e-01 | 96  0.00857  9.34283e-01
 97  0.02651  2.00214e+00 | 98 -0.01109  9.80364e-01 | 99  0.03396 -9.16581e-01
100 -0.02775 -1.53816e+00 |101 -0.03168 -1.08816e+00 |102 -0.02988  2.00345e+00
103 -0.01722  6.75502e-01 |104 -0.00390 -1.37367e+00 |105 -0.00046  1.09621e+00
106 -0.00046  1.09639e+00 |107  0.83118 -6.04208e+00 |108 -0.41343  5.39434e+01
109  0.18706 -8.84514e+00 |110 -0.25949  3.62385e+01 |
110 variables; iteration 60; function evaluation 72; phase 5
Function value 2.2183868e+03; maximum gradient component mag 2.6547e+01
Var    Value     Gradient |Var    Value     Gradient |Var    Value     Gradient
  1 -0.43786  1.77257e+00 |  2 -0.42046  2.65474e+01 |  3 -0.40777  7.81184e+00
  4 -0.43070  6.23717e-01 |  5 -0.42481  4.18750e+00 |  6  0.63513  7.84305e-02
  7 -0.01469  4.69221e-01 |  8  0.00540 -3.22531e-01 |  9 -0.00042 -2.99499e-01
 10 -0.01061  3.90474e-01 | 11 -0.00468 -3.66674e-01 | 12  0.01587  4.22485e-01
 13 -0.00258  2.55185e-01 | 14  0.00596  1.87683e-01 | 15 -0.00528  2.12601e-01
 16  0.00146  3.05495e+00 | 17  0.02698 -1.42551e+00 | 18  0.01074 -1.48162e+00
 19  0.00615 -2.44503e-01 | 20  0.00554  3.37543e+00 | 21  0.01051 -1.77458e+00
 22  0.00856 -1.93948e+00 | 23  0.01722 -1.17204e+00 | 24 -0.02568 -1.12097e+00
 25 -0.01593  6.17559e-01 | 26  0.02850 -1.91207e+00 | 27 -0.05570 -3.20304e-01
 28 -0.00248 -1.00331e+00 | 29 -0.00161 -8.84396e-01 | 30 -0.01476 -3.55219e-01
 31  0.00447 -2.03991e+00 | 32 -0.02439  2.57154e+00 | 33 -0.03631 -2.14750e+00
 34  0.00249  2.54009e+00 | 35 -0.00863  3.05448e+00 | 36 -0.01307 -2.81601e-01
 37  0.02647  8.48777e-01 | 38 -0.00131  1.93214e+00 | 39 -0.01284 -4.07988e+00
 40 -0.00516  8.56656e-01 | 41  0.00097 -1.92036e-01 | 42  0.02785 -9.06614e-01
 43 -0.00518  1.26216e-01 | 44 -0.04727 -1.82647e+00 | 45 -0.04129 -1.82438e-01
 46 -0.00687  1.98184e-01 | 47  0.00468  6.87126e-01 | 48  0.01427 -7.79537e-01
 49  0.05122 -7.28723e-01 | 50  0.00434  3.58374e-01 | 51  0.02773  2.43764e+00
 52  0.01085 -1.47024e+00 | 53 -0.01599  3.29511e-02 | 54 -0.01575 -2.99742e-01
 55  0.02749 -1.66772e+00 | 56  0.01630  2.60099e+00 | 57 -0.00284  1.11873e+00
 58  0.03787 -3.75693e-02 | 59  0.02319  2.15596e+00 | 60 -0.00892  1.31908e+00
 61  0.01242 -1.82718e+00 | 62  0.01128  5.25094e-01 | 63  0.00569 -3.23842e+00
 64 -0.06870 -2.29742e+00 | 65  0.00392 -4.43570e-01 | 66 -0.03434  9.58985e-01
 67  0.01802 -1.61151e+00 | 68 -0.02917  7.67240e-01 | 69  0.00087 -2.28228e+00
 70  0.03057  2.43485e+00 | 71  0.05315  8.10689e-02 | 72 -0.03308 -1.59666e+00
 73 -0.00661 -5.14743e-01 | 74  0.00513 -1.11584e+00 | 75 -0.00221  1.91874e+00
 76  0.01438 -1.46294e+00 | 77  0.00490  3.95730e+00 | 78 -0.01556  1.10649e+00
 79  0.03636 -1.62075e-01 | 80 -0.02679  2.09293e-03 | 81 -0.00326  9.74402e-01
 82  0.03000  1.07083e+00 | 83  0.03006 -1.50052e+00 | 84 -0.04148 -3.70828e-01
 85  0.05579  3.61883e-01 | 86  0.00319 -4.48575e-01 | 87 -0.03142  1.49485e+00
 88 -0.02414  1.56396e+00 | 89 -0.03409  1.21043e+00 | 90 -0.00820  4.39660e-01
 91  0.00989  8.80446e-01 | 92 -0.03017  1.00094e+00 | 93 -0.02246 -1.72537e+00
 94  0.03583  4.81304e-01 | 95  0.05221 -1.22933e-01 | 96  0.00836 -2.04694e+00
 97  0.02623 -3.37988e+00 | 98 -0.01114  7.43085e-01 | 99  0.03394  8.20834e-01
100 -0.02747  8.92861e-03 |101 -0.03134 -1.15966e+00 |102 -0.03008  5.86640e-01
103 -0.01699  2.17444e-02 |104 -0.00094  2.04340e+00 |105 -0.00025  2.00810e-01
106 -0.00025  2.00496e-01 |107  0.82855 -1.51034e+00 |108 -0.41378  6.02040e+00
109  0.18598 -1.10318e+00 |110 -0.26009  4.77434e+00 |
110 variables; iteration 80; function evaluation 100; phase 5
Function value 2.2183745e+03; maximum gradient component mag 1.1606e+00
Var    Value     Gradient |Var    Value     Gradient |Var    Value     Gradient
  1 -0.43769  1.29973e-01 |  2 -0.42040  1.16059e+00 |  3 -0.40793  4.18125e-01
  4 -0.43038  5.15541e-02 |  5 -0.42555  1.85703e-01 |  6  0.63507  8.50577e-02
  7 -0.01482  1.57324e-01 |  8  0.00560 -2.64720e-02 |  9 -0.00018  1.17393e-01
 10 -0.01089 -1.42150e-01 | 11 -0.00450 -6.31519e-02 | 12  0.01567 -2.74134e-02
 13 -0.00269  6.66905e-03 | 14  0.00588 -6.43802e-03 | 15 -0.00537 -3.03480e-02
 16  0.00040  1.10922e-01 | 17  0.02718 -6.79636e-01 | 18  0.01126  4.36718e-01
 19  0.00629  3.16249e-01 | 20  0.00481  2.78973e-02 | 21  0.01080 -8.64369e-02
 22  0.00886  6.09933e-02 | 23  0.01742  5.47390e-01 | 24 -0.02560 -6.44898e-01
 25 -0.01604 -2.40673e-01 | 26  0.02860 -4.76031e-01 | 27 -0.05570 -3.28936e-01
 28 -0.00237  1.94793e-01 | 29 -0.00154 -8.40251e-02 | 30 -0.01471  4.49979e-02
 31  0.00463  2.03891e-01 | 32 -0.02456  5.79244e-01 | 33 -0.03610 -3.59535e-01
 34  0.00238  2.51816e-01 | 35 -0.00878  8.43306e-01 | 36 -0.01299  3.87151e-01
 37  0.02643 -3.42987e-01 | 38 -0.00143  1.66393e-01 | 39 -0.01245  4.85728e-01
 40 -0.00517  5.43021e-01 | 41  0.00098 -4.69089e-01 | 42  0.02788 -7.81169e-01
 43 -0.00520 -3.53966e-01 | 44 -0.04696  1.93277e-01 | 45 -0.04122  1.50856e-01
 46 -0.00685  7.87453e-02 | 47  0.00466  6.23054e-03 | 48  0.01439  6.38965e-01
 49  0.05128  1.49294e-01 | 50  0.00431 -1.20642e-01 | 51  0.02761 -9.50689e-02
 52  0.01098 -4.60823e-02 | 53 -0.01592  5.32129e-01 | 54 -0.01569  1.46504e-01
 55  0.02763  6.88772e-01 | 56  0.01618  1.95854e-01 | 57 -0.00291 -1.03113e-01
 58  0.03790 -3.95921e-02 | 59  0.02310 -2.35674e-01 | 60 -0.00898 -3.45929e-02
 61  0.01250 -5.23093e-01 | 62  0.01128  9.12241e-02 | 63  0.00581 -2.03463e-01
 64 -0.06846  1.42659e-01 | 65  0.00396 -1.91642e-02 | 66 -0.03439 -2.82703e-01
 67  0.01809 -5.19120e-02 | 68 -0.02919  1.09975e-01 | 69  0.00099  1.06234e-02
 70  0.03052  6.57729e-02 | 71  0.05317  2.42421e-02 | 72 -0.03300 -5.95144e-01
 73 -0.00659 -4.04249e-01 | 74  0.00519  5.61236e-03 | 75 -0.00224  4.32080e-01
 76  0.01445 -8.13552e-02 | 77  0.00479  2.03791e-01 | 78 -0.01558  1.40586e-01
 79  0.03639  2.57013e-02 | 80 -0.02677 -1.55891e-01 | 81 -0.00328 -2.94723e-01
 82  0.03000  8.69498e-02 | 83  0.03012 -3.18177e-02 | 84 -0.04146 -2.47770e-01
 85  0.05580  1.59942e-02 | 86  0.00322  4.00829e-02 | 87 -0.03149 -2.08455e-01
 88 -0.02420 -2.20733e-01 | 89 -0.03416 -6.39428e-01 | 90 -0.00818  2.18014e-01
 91  0.00989  1.38018e-02 | 92 -0.03021  2.88660e-02 | 93 -0.02232  6.76084e-02
 94  0.03585  3.87432e-02 | 95  0.05224  6.25607e-02 | 96  0.00843 -6.48568e-01
 97  0.02637  6.23887e-02 | 98 -0.01116  1.37482e-02 | 99  0.03396  5.41276e-02
100 -0.02738  5.43264e-01 |101 -0.03116 -1.65806e-01 |102 -0.03019 -2.10071e-01
103 -0.01695  4.36766e-02 |104 -0.00218  7.01615e-02 |105 -0.00041 -2.88713e-02
106 -0.00041 -2.88494e-02 |107  0.82904 -5.94841e-02 |108 -0.41371  3.12532e-01
109  0.18576 -6.50731e-02 |110 -0.26020  2.10383e-01 |
110 variables; iteration 100; function evaluation 133; phase 5
Function value 2.2183741e+03; maximum gradient component mag 2.6595e-01
Var    Value     Gradient |Var    Value     Gradient |Var    Value     Gradient
  1 -0.43769 -6.13949e-03 |  2 -0.42040 -1.11164e-01 |  3 -0.40793 -4.03960e-02
  4 -0.43036 -2.06677e-03 |  5 -0.42558 -1.41178e-02 |  6  0.63507  2.34920e-03
  7 -0.01486  6.79238e-02 |  8  0.00563  2.33204e-02 |  9 -0.00022  3.72216e-02
 10 -0.01082 -1.88677e-02 | 11 -0.00447 -4.10753e-03 | 12  0.01571  6.49251e-02
 13 -0.00268  4.04950e-02 | 14  0.00590  4.30743e-02 | 15 -0.00534  4.11752e-02
 16  0.00034 -3.55378e-02 | 17  0.02735 -3.30085e-02 | 18  0.01115  5.17360e-02
 19  0.00622  5.34606e-02 | 20  0.00480 -9.77752e-03 | 21  0.01081  1.39238e-03
 22  0.00884 -4.27673e-02 | 23  0.01735 -1.27653e-02 | 24 -0.02548  1.08645e-01
 25 -0.01600  4.39138e-02 | 26  0.02861 -2.59568e-01 | 27 -0.05566 -7.86341e-02
 28 -0.00239 -1.35174e-02 | 29 -0.00153  6.20102e-02 | 30 -0.01472 -6.40193e-02
 31  0.00462  8.68169e-02 | 32 -0.02461  8.68272e-03 | 33 -0.03607 -4.51343e-03
 34  0.00235 -2.02076e-01 | 35 -0.00884 -2.60237e-02 | 36 -0.01303  3.22713e-03
 37  0.02644  2.94426e-02 | 38 -0.00144 -1.07311e-02 | 39 -0.01249 -5.17439e-04
 40 -0.00521 -4.24325e-02 | 41  0.00100 -1.05159e-01 | 42  0.02792  9.23627e-02
 43 -0.00517  3.32018e-02 | 44 -0.04697  1.01741e-01 | 45 -0.04124 -2.36877e-02
 46 -0.00686  2.26357e-02 | 47  0.00466 -7.96009e-02 | 48  0.01435 -1.39029e-02
 49  0.05127 -1.78632e-02 | 50  0.00432  1.49070e-02 | 51  0.02761  3.85143e-02
 52  0.01098 -2.35619e-02 | 53 -0.01595  1.64983e-01 | 54 -0.01571 -1.00876e-01
 55  0.02759 -9.97816e-02 | 56  0.01617 -1.55145e-02 | 57 -0.00289  2.90138e-02
 58  0.03790 -1.37191e-03 | 59  0.02311  5.17287e-02 | 60 -0.00899 -1.82594e-01
 61  0.01253  7.54348e-02 | 62  0.01128 -1.48002e-02 | 63  0.00582  2.05191e-02
 64 -0.06847 -7.46564e-04 | 65  0.00396  5.51726e-03 | 66 -0.03437 -5.20434e-02
 67  0.01810  1.12688e-02 | 68 -0.02920 -3.51327e-02 | 69  0.00099  5.16786e-03
 70  0.03052 -1.47148e-02 | 71  0.05316 -3.48012e-03 | 72 -0.03296 -1.89920e-02
 73 -0.00657  5.92286e-02 | 74  0.00519 -7.06375e-03 | 75 -0.00226 -4.52234e-02
 76  0.01446  5.36410e-03 | 77  0.00478 -3.03788e-02 | 78 -0.01559 -3.62579e-02
 79  0.03639 -1.03170e-02 | 80 -0.02676  6.95653e-02 | 81 -0.00327  6.21953e-03
 82  0.03000 -1.80607e-02 | 83  0.03012 -5.98328e-04 | 84 -0.04144  2.63361e-03
 85  0.05580 -6.85638e-03 | 86  0.00322 -1.09483e-02 | 87 -0.03148  3.90042e-02
 88 -0.02419 -2.16748e-02 | 89 -0.03411  2.65952e-01 | 90 -0.00819 -5.43094e-02
 91  0.00989 -4.71706e-03 | 92 -0.03021  7.89671e-03 | 93 -0.02232  8.62868e-02
 94  0.03584 -1.21739e-02 | 95  0.05224 -1.09644e-02 | 96  0.00847  7.46131e-02
 97  0.02637  2.54596e-03 | 98 -0.01117 -8.08251e-02 | 99  0.03396  8.95140e-04
100 -0.02744 -1.98342e-03 |101 -0.03114 -5.29813e-02 |102 -0.03016  1.16905e-02
103 -0.01696  5.96817e-03 |104 -0.00224 -1.46555e-02 |105 -0.00036  5.93706e-02
106 -0.00036  5.93016e-02 |107  0.82906  5.65905e-03 |108 -0.41370 -1.52264e-02
109  0.18576  9.71782e-03 |110 -0.26020 -2.08192e-02 |
110 variables; iteration 120; function evaluation 167; phase 5
Function value 2.2183741e+03; maximum gradient component mag 5.3758e-03
Var    Value     Gradient |Var    Value     Gradient |Var    Value     Gradient
  1 -0.43769 -3.29517e-06 |  2 -0.42040 -1.49491e-03 |  3 -0.40793 -4.15359e-04
  4 -0.43036 -8.39129e-07 |  5 -0.42558 -1.92512e-04 |  6  0.63506  2.43457e-05
  7 -0.01489  7.50337e-04 |  8  0.00562  3.35256e-04 |  9 -0.00024  3.33292e-04
 10 -0.01081 -5.43263e-04 | 11 -0.00447  7.04878e-05 | 12  0.01569 -3.59067e-04
 13 -0.00270  3.97257e-03 | 14  0.00589  2.09383e-04 | 15 -0.00536  8.22099e-04
 16  0.00036 -6.15910e-04 | 17  0.02736 -5.63058e-04 | 18  0.01114  8.14068e-04
 19  0.00621  8.48736e-04 | 20  0.00480 -1.75412e-04 | 21  0.01081  1.74845e-05
 22  0.00885 -7.02146e-04 | 23  0.01735 -2.08243e-04 | 24 -0.02549  1.74199e-03
 25 -0.01601  6.79898e-04 | 26  0.02862 -4.61124e-03 | 27 -0.05565 -1.33789e-03
 28 -0.00239 -1.68658e-03 | 29 -0.00153  1.11723e-03 | 30 -0.01471 -9.01231e-04
 31  0.00461  6.08022e-04 | 32 -0.02461  4.45644e-04 | 33 -0.03607 -1.06221e-04
 34  0.00236 -4.63700e-03 | 35 -0.00884  9.80318e-04 | 36 -0.01303 -9.90801e-04
 37  0.02645  3.75894e-04 | 38 -0.00144  5.51646e-04 | 39 -0.01249  4.08537e-04
 40 -0.00521 -2.51779e-03 | 41  0.00101  2.51645e-04 | 42  0.02792  1.50708e-03
 43 -0.00517 -1.05903e-03 | 44 -0.04699  1.52188e-03 | 45 -0.04124 -2.92983e-04
 46 -0.00686  5.37577e-03 | 47  0.00466 -4.90381e-03 | 48  0.01435  3.72536e-04
 49  0.05128 -1.71693e-04 | 50  0.00432 -5.62803e-04 | 51  0.02761  1.20367e-03
 52  0.01099  1.31652e-03 | 53 -0.01597  2.55480e-03 | 54 -0.01570 -2.52151e-03
 55  0.02759 -1.49428e-03 | 56  0.01617 -1.40944e-03 | 57 -0.00290 -3.97302e-04
 58  0.03791 -1.38290e-04 | 59  0.02311  4.31536e-04 | 60 -0.00898  3.33402e-04
 61  0.01253  9.12325e-04 | 62  0.01128 -3.21676e-04 | 63  0.00582  3.48208e-04
 64 -0.06847  2.67674e-04 | 65  0.00396  7.59985e-05 | 66 -0.03437 -4.73623e-04
 67  0.01810  1.09189e-04 | 68 -0.02920 -1.36140e-04 | 69  0.00100 -2.92082e-05
 70  0.03052 -2.76434e-04 | 71  0.05317 -9.44470e-05 | 72 -0.03296 -4.16214e-04
 73 -0.00657  8.95305e-04 | 74  0.00519 -1.50284e-04 | 75 -0.00226 -7.72296e-04
 76  0.01446  7.29673e-05 | 77  0.00479 -5.01726e-04 | 78 -0.01559 -5.88407e-04
 79  0.03639 -2.50257e-04 | 80 -0.02676  2.78565e-03 | 81 -0.00327 -1.32009e-04
 82  0.03000 -2.87433e-04 | 83  0.03012 -1.94271e-05 | 84 -0.04144  4.28015e-04
 85  0.05580 -1.18091e-04 | 86  0.00322 -1.58608e-04 | 87 -0.03148  6.69634e-04
 88 -0.02419 -3.06894e-04 | 89 -0.03412  4.24438e-03 | 90 -0.00819 -8.65666e-04
 91  0.00989 -6.74178e-05 | 92 -0.03021 -2.82549e-05 | 93 -0.02232  8.54315e-04
 94  0.03585 -2.64828e-04 | 95  0.05224 -2.93742e-04 | 96  0.00846  9.13912e-04
 97  0.02637 -5.99380e-05 | 98 -0.01116 -3.48054e-03 | 99  0.03396 -2.03774e-04
100 -0.02744  2.40620e-04 |101 -0.03113 -6.59598e-04 |102 -0.03016  3.03589e-04
103 -0.01696  1.33060e-04 |104 -0.00223 -2.48773e-04 |105 -0.00040  2.29883e-04
106 -0.00040  1.67000e-03 |107  0.82906  7.11624e-05 |108 -0.41370 -1.54977e-04
109  0.18576  1.21582e-04 |110 -0.26020 -2.32201e-04 |

 - final statistics:
110 variables; iteration 121; function evaluation 168
Function value 2.2184e+03; maximum gradient component mag 1.1711e-06
Exit code = 1;  converg criter 1.0000e-04
Var    Value     Gradient |Var    Value     Gradient |Var    Value     Gradient
  1 -0.43769  4.17264e-08 |  2 -0.42040  1.17113e-06 |  3 -0.40793  2.85703e-07
  4 -0.43036  1.28136e-08 |  5 -0.42558  5.94682e-08 |  6  0.63506  4.89044e-07
  7 -0.01489  1.30220e-08 |  8  0.00562  4.03114e-09 |  9 -0.00024  4.19849e-09
 10 -0.01081  1.60053e-09 | 11 -0.00447  5.02069e-09 | 12  0.01569 -9.56013e-09
 13 -0.00270  9.89080e-08 | 14  0.00589 -7.29276e-09 | 15 -0.00536 -1.12831e-09
 16  0.00036 -7.25772e-09 | 17  0.02736 -3.97572e-09 | 18  0.01114  5.08826e-10
 19  0.00621  5.46690e-10 | 20  0.00480 -6.57404e-09 | 21  0.01081 -4.05662e-09
 22  0.00885 -3.48957e-09 | 23  0.01735 -3.34570e-09 | 24 -0.02549  1.11699e-08
 25 -0.01601 -8.11940e-09 | 26  0.02862  3.77037e-08 | 27 -0.05565 -6.29617e-09
 28 -0.00239 -1.50954e-08 | 29 -0.00153 -1.85499e-08 | 30 -0.01471 -2.09536e-08
 31  0.00461 -2.69620e-08 | 32 -0.02461 -1.83746e-08 | 33 -0.03607 -1.40425e-08
 34  0.00236  4.40134e-08 | 35 -0.00884 -1.07379e-08 | 36 -0.01303 -1.06611e-08
 37  0.02645 -1.32019e-08 | 38 -0.00144 -1.27222e-08 | 39 -0.01249 -1.17324e-08
 40 -0.00521  8.23165e-09 | 41  0.00101 -1.16776e-08 | 42  0.02792 -8.68976e-09
 43 -0.00517 -1.11662e-08 | 44 -0.04699  3.50595e-10 | 45 -0.04124 -1.34558e-08
 46 -0.00686  8.40346e-08 | 47  0.00466  6.06769e-08 | 48  0.01435 -4.05877e-09
 49  0.05128  4.43635e-09 | 50  0.00432 -1.87520e-09 | 51  0.02761  6.13837e-09
 52  0.01099  9.52914e-09 | 53 -0.01597  2.66616e-08 | 54 -0.01570  2.44750e-08
 55  0.02759  1.79649e-08 | 56  0.01617  1.24358e-08 | 57 -0.00290  5.24241e-09
 58  0.03791  2.87686e-08 | 59  0.02311  1.95187e-08 | 60 -0.00898  5.68431e-09
 61  0.01253  1.68873e-08 | 62  0.01128  1.15434e-08 | 63  0.00582  9.19734e-09
 64 -0.06847 -5.84108e-09 | 65  0.00396  2.72562e-09 | 66 -0.03437 -5.81822e-09
 67  0.01810  5.98104e-09 | 68 -0.02920 -5.83635e-09 | 69  0.00100  2.55144e-09
 70  0.03052  3.64237e-09 | 71  0.05317  1.18885e-08 | 72 -0.03296 -4.73994e-09
 73 -0.00657 -7.79491e-10 | 74  0.00519 -2.91560e-09 | 75 -0.00226 -5.67862e-09
 76  0.01446 -4.97652e-09 | 77  0.00479 -8.44756e-09 | 78 -0.01559 -1.00498e-08
 79  0.03639 -1.59353e-09 | 80 -0.02676  1.33092e-08 | 81 -0.00327 -7.00895e-09
 82  0.03000 -7.01159e-09 | 83  0.03012 -5.82006e-09 | 84 -0.04144 -1.08215e-08
 85  0.05580 -4.14813e-09 | 86  0.00322 -1.33757e-08 | 87 -0.03148 -1.16308e-08
 88 -0.02419 -1.35240e-08 | 89 -0.03412  3.63788e-08 | 90 -0.00819 -8.46176e-09
 91  0.00989 -1.28008e-08 | 92 -0.03021 -1.27477e-08 | 93 -0.02232 -1.07879e-08
 94  0.03585 -1.32500e-08 | 95  0.05224 -1.37142e-08 | 96  0.00846 -1.29345e-08
 97  0.02637 -1.67993e-08 | 98 -0.01116  1.74248e-08 | 99  0.03396 -1.93430e-08
100 -0.02744 -1.43568e-08 |101 -0.03113 -1.01501e-08 |102 -0.03016 -1.60441e-08
103 -0.01696 -1.15892e-08 |104 -0.00223 -1.32701e-08 |105 -0.00040 -1.50783e-08
106 -0.00040 -1.28182e-08 |107  0.82906  3.17948e-08 |108 -0.41370 -1.51595e-07
109  0.18576 -8.48259e-09 |110 -0.26020 -2.85522e-09 |

 - final statistics:
122 variables; iteration 0; function evaluation 0
Function value 2.2184e+03; maximum gradient component mag 1.1714e-06
Exit code = 0;  converg criter 1.0000e-04
Var    Value     Gradient |Var    Value     Gradient |Var    Value     Gradient
  1 -0.43769  4.17540e-08 |  2 -0.42040  1.17141e-06 |  3 -0.40793  2.85820e-07
  4 -0.43036  1.28207e-08 |  5 -0.42558  5.94826e-08 |  6  0.63506  4.89095e-07
  7 -0.01489  1.30220e-08 |  8  0.00562  4.03116e-09 |  9 -0.00024  4.19851e-09
 10 -0.01081  1.60053e-09 | 11 -0.00447  5.02070e-09 | 12  0.01569 -9.66094e-09
 13 -0.00270  9.88071e-08 | 14  0.00589 -7.39332e-09 | 15 -0.00536 -1.22918e-09
 16  0.00036 -7.35856e-09 | 17  0.02736 -4.07651e-09 | 18  0.01114  4.07981e-10
 19  0.00621  4.45758e-10 | 20  0.00480 -6.67549e-09 | 21  0.01081 -4.15764e-09
 22  0.00885 -3.59147e-09 | 23  0.01735 -3.44687e-09 | 24 -0.02549  1.10687e-08
 25 -0.01601 -8.22067e-09 | 26  0.02862  3.76021e-08 | 27 -0.05565 -6.39691e-09
 28 -0.00239 -1.51961e-08 | 29 -0.00153 -1.86509e-08 | 30 -0.01471 -2.10545e-08
 31  0.00461 -2.70630e-08 | 32 -0.02461 -1.84755e-08 | 33 -0.03607 -1.41422e-08
 34  0.00236  4.39111e-08 | 35 -0.00884 -1.08387e-08 | 36 -0.01303 -1.07618e-08
 37  0.02645 -1.33024e-08 | 38 -0.00144 -1.28227e-08 | 39 -0.01249 -1.18326e-08
 40 -0.00521  8.13161e-09 | 41  0.00101 -1.17778e-08 | 42  0.02792 -8.78986e-09
 43 -0.00517 -1.12668e-08 | 44 -0.04699  2.50896e-10 | 45 -0.04124 -1.35553e-08
 46 -0.00686  8.39343e-08 | 47  0.00466  6.05776e-08 | 48  0.01435 -4.15661e-09
 49  0.05128  4.34144e-09 | 50  0.00432 -1.97492e-09 | 51  0.02761  6.04011e-09
 52  0.01099  9.43004e-09 | 53 -0.01597  2.65619e-08 | 54 -0.01570  2.43755e-08
 55  0.02759  1.78646e-08 | 56  0.01617  1.23361e-08 | 57 -0.00290  5.14410e-09
 58  0.03791  2.86728e-08 | 59  0.02311  1.94223e-08 | 60 -0.00898  5.58577e-09
 61  0.01253  1.67898e-08 | 62  0.01128  1.14449e-08 | 63  0.00582  9.09833e-09
 64 -0.06847 -5.93937e-09 | 65  0.00396  2.62834e-09 | 66 -0.03437 -5.91542e-09
 67  0.01810  5.88318e-09 | 68 -0.02920 -5.93622e-09 | 69  0.00100  2.45681e-09
 70  0.03052  3.54304e-09 | 71  0.05317  1.17964e-08 | 72 -0.03296 -4.83890e-09
 73 -0.00657 -8.79231e-10 | 74  0.00519 -3.01457e-09 | 75 -0.00226 -5.77804e-09
 76  0.01446 -5.07590e-09 | 77  0.00479 -8.54531e-09 | 78 -0.01559 -1.01488e-08
 79  0.03639 -1.68956e-09 | 80 -0.02676  1.32101e-08 | 81 -0.00327 -7.10600e-09
 82  0.03000 -7.10742e-09 | 83  0.03012 -5.92009e-09 | 84 -0.04144 -1.09194e-08
 85  0.05580 -4.23443e-09 | 86  0.00322 -1.34758e-08 | 87 -0.03148 -1.17307e-08
 88 -0.02419 -1.36244e-08 | 89 -0.03412  3.62794e-08 | 90 -0.00819 -8.56137e-09
 91  0.00989 -1.28995e-08 | 92 -0.03021 -1.28477e-08 | 93 -0.02232 -1.08869e-08
 94  0.03585 -1.33435e-08 | 95  0.05224 -1.38114e-08 | 96  0.00846 -1.30357e-08
 97  0.02637 -1.68978e-08 | 98 -0.01116  1.73249e-08 | 99  0.03396 -1.94383e-08
100 -0.02744 -1.44573e-08 |101 -0.03113 -1.02504e-08 |102 -0.03016 -1.61446e-08
103 -0.01696 -1.16890e-08 |104 -0.00223 -1.33709e-08 |105 -0.00040 -1.51792e-08
106 -0.00040 -1.29191e-08 |107  0.00000  0.00000e+00 |108  0.00000  0.00000e+00
109  0.00000  0.00000e+00 |110  0.00000  0.00000e+00 |111  0.00000  0.00000e+00
112  0.00000  0.00000e+00 |113  0.00000  0.00000e+00 |114  0.00000  0.00000e+00
115  0.00000  0.00000e+00 |116  0.00000  0.00000e+00 |117  0.00000  0.00000e+00
118  0.00000  0.00000e+00 |119  0.82906  3.17828e-08 |120 -0.41370 -1.51508e-07
121  0.18576 -8.50023e-09 |122 -0.26020 -2.80914e-09 |
size of file gradfil1.tmp = 0
size of file gradfil2.tmp = 0
size of file varssave.tmp = 0
size of file cmpdiff.tmp = 0
