
Initial statistics: 1 variables; iteration 0; function evaluation 0; phase 1
Function value 2.7209250e+03; maximum gradient component mag -9.1132e+03
Var    Value     Gradient |Var    Value     Gradient |Var    Value     Gradient
  1  0.63197 -9.11319e+03 |

 - final statistics:
1 variables; iteration 5; function evaluation 8
Function value 2.6641e+03; maximum gradient component mag -2.6830e+00
Exit code = 1;  converg criter 1.0000e+01
Var    Value     Gradient |Var    Value     Gradient |Var    Value     Gradient
  1  0.64604 -2.68305e+00 |

Initial statistics: 98 variables; iteration 0; function evaluation 0; phase 2
Function value 2.6641063e+03; maximum gradient component mag -1.3637e+03
Var    Value     Gradient |Var    Value     Gradient |Var    Value     Gradient
  1  0.64604 -2.68305e+00 |  2  0.00000  1.77406e+01 |  3  0.00000  2.44907e+01
  4  0.00000 -1.44481e+01 |  5  0.00000  6.18086e+01 |  6  0.00000 -3.52900e+01
  7  0.00000 -3.91113e+00 |  8  0.00000 -9.99612e+01 |  9  0.00000 -2.69406e+01
 10  0.00000  5.57819e+01 | 11  0.00000 -1.51061e+02 | 12  0.00000 -1.57903e+02
 13  0.00000 -5.62179e+01 | 14  0.00000 -4.88928e+01 | 15  0.00000 -1.70394e+02
 16  0.00000  3.07435e+02 | 17  0.00000  2.19525e+02 | 18  0.00000  3.86741e+02
 19  0.00000  3.30943e+02 | 20  0.00000  2.61186e+00 | 21  0.00000  3.06793e+02
 22  0.00000  1.18163e+02 | 23  0.00000  4.30182e+00 | 24  0.00000 -1.26225e+02
 25  0.00000  1.91715e+02 | 26  0.00000  8.84976e+01 | 27  0.00000 -1.16509e+02
 28  0.00000 -8.74073e+02 | 29  0.00000  2.89885e+02 | 30  0.00000 -1.19029e+02
 31  0.00000  3.46487e+02 | 32  0.00000 -4.43964e+02 | 33  0.00000  2.42257e+02
 34  0.00000  3.07888e+02 | 35  0.00000  3.27258e+02 | 36  0.00000 -9.14810e+02
 37  0.00000  3.34177e+01 | 38  0.00000 -3.38432e+02 | 39  0.00000 -4.51197e+01
 40  0.00000 -3.22778e+02 | 41  0.00000 -1.21963e+02 | 42  0.00000  1.87468e+02
 43  0.00000  3.67878e+02 | 44  0.00000  3.49470e+01 | 45  0.00000  2.88259e+02
 46  0.00000  1.26988e+02 | 47  0.00000  1.83154e+02 | 48  0.00000  1.20163e+02
 49  0.00000 -6.51727e+02 | 50  0.00000 -1.11618e+01 | 51  0.00000  5.35833e+01
 52  0.00000  1.59618e+02 | 53  0.00000 -5.22485e+02 | 54  0.00000 -3.25191e+02
 55  0.00000 -8.89724e+02 | 56  0.00000 -1.33153e+03 | 57  0.00000 -1.10546e+03
 58  0.00000  3.57731e+02 | 59  0.00000  1.31397e+03 | 60  0.00000  4.21110e+02
 61  0.00000 -5.48408e+01 | 62  0.00000 -3.13493e+02 | 63  0.00000  9.52518e+01
 64  0.00000  8.48917e+02 | 65  0.00000 -1.27242e+03 | 66  0.00000  1.00869e+03
 67  0.00000  1.11077e+03 | 68  0.00000  9.68014e+02 | 69  0.00000  5.46351e+02
 70  0.00000 -2.19971e+02 | 71  0.00000 -1.36372e+03 | 72  0.00000 -3.78229e+02
 73  0.00000 -2.94792e+02 | 74  0.00000 -7.28028e+02 | 75  0.00000  6.88961e+02
 76  0.00000 -8.45482e+02 | 77  0.00000 -7.67601e+01 | 78  0.00000  5.71362e+01
 79  0.00000 -3.37358e+02 | 80  0.00000  1.23888e+03 | 81  0.00000 -7.33638e+02
 82  0.00000  7.09177e+02 | 83  0.00000  7.86298e+02 | 84  0.00000  4.78586e+02
 85  0.00000  4.99941e+02 | 86  0.00000  3.02137e+02 | 87  0.00000 -1.99661e+02
 88  0.00000 -5.24169e+02 | 89  0.00000 -3.34276e+02 | 90  0.00000  1.38953e+02
 91  0.00000  1.39385e+02 | 92  0.00000 -2.00775e+02 | 93  0.00000 -4.66505e+00
 94  0.00000  6.27675e+00 | 95  0.00000  2.56481e+00 | 96  0.00000  2.56472e+00
 97  0.81654  3.71802e+01 | 98  0.22185  3.12882e+02 |

Intermediate statistics: 98 variables; iteration 20; function evaluation 31; phase 2
Function value 2.2701048e+03; maximum gradient component mag 1.3533e+03
Var    Value     Gradient |Var    Value     Gradient |Var    Value     Gradient
  1  0.63396  1.35334e+03 |  2 -0.03682 -9.18685e+01 |  3 -0.02268 -6.07415e+01
  4  0.01410 -1.88788e+01 |  5  0.00714  4.27659e+01 |  6 -0.00388 -8.25300e+01
  7  0.00000 -3.99413e+01 |  8  0.03059 -1.20398e+01 |  9  0.00219 -5.22583e+01
 10 -0.02681 -8.26130e+01 | 11  0.00339 -1.65851e+02 | 12  0.03585  8.10286e+01
 13  0.03268  1.96414e+02 | 14  0.00669 -3.16552e+01 | 15  0.00561 -1.66171e+02
 16 -0.00083  2.27883e+02 | 17 -0.00685  4.83687e+01 | 18 -0.01974  6.34349e+01
 19 -0.01975 -1.10863e+00 | 20  0.00435 -2.90565e+01 | 21 -0.01346  4.49608e+01
 22 -0.00371 -3.13243e+00 | 23  0.00563  1.91111e+01 | 24  0.01446  1.83355e+01
 25 -0.00458  6.60241e+01 | 26  0.00076  3.15462e+01 | 27  0.00728 -6.98079e+01
 28  0.03665 -3.34410e+02 | 29 -0.01252  9.06172e+01 | 30  0.01727  6.40841e+01
 31 -0.01958  6.13536e+01 | 32  0.01899 -2.27761e+02 | 33 -0.01060  4.09154e+01
 34 -0.01375  6.67729e+01 | 35 -0.02458  2.48242e+00 | 36  0.03782 -3.35379e+02
 37 -0.01280 -1.45909e+02 | 38  0.01698 -1.27051e+02 | 39 -0.00455 -1.33734e+02
 40  0.01414 -1.42494e+02 | 41  0.00638 -5.49177e+01 | 42 -0.00692  6.12413e+01
 43 -0.01588  1.22072e+02 | 44  0.00360  7.00504e+01 | 45 -0.00917  1.35032e+02
 46 -0.00346  6.19316e+01 | 47 -0.00162  1.57428e+02 | 48  0.00483  2.17233e+02
 49  0.03420  8.21973e+01 | 50 -0.00885 -1.74816e+02 | 51 -0.00765 -1.26105e+02
 52 -0.00106  8.59364e+01 | 53  0.01358 -2.44028e+02 | 54  0.00551 -1.97014e+02
 55  0.02072 -2.67203e+02 | 56  0.03713 -3.34016e+01 | 57  0.03644  1.56788e+02
 58 -0.00304  2.31140e+02 | 59 -0.02976  5.26949e+02 | 60 -0.00428  1.67006e+02
 61  0.00463 -1.35552e+00 | 62  0.01214  2.40885e+00 | 63 -0.00103 -8.22899e-01
 64 -0.02126  2.86996e+02 | 65  0.02897 -2.61949e+02 | 66 -0.01728  4.67345e+02
 67 -0.01819  4.87964e+02 | 68 -0.01803  3.40346e+02 | 69 -0.00058  4.29033e+02
 70  0.00903 -1.13411e+01 | 71  0.02460 -7.00087e+02 | 72  0.00587 -2.94241e+02
 73  0.01007 -1.32260e+02 | 74  0.01437 -4.55550e+02 | 75 -0.00225  5.41626e+02
 76  0.02413 -2.08196e+02 | 77  0.01041  1.28346e+02 | 78  0.00264  1.00137e+01
 79  0.00842 -2.42347e+02 | 80 -0.03732  3.00550e+02 | 81  0.01650 -3.77467e+02
 82 -0.01388  2.07516e+02 | 83 -0.01669  2.10326e+02 | 84 -0.00863  8.38538e+01
 85 -0.00713  1.65258e+02 | 86 -0.00993 -5.55877e+01 | 87  0.01433  3.49614e+01
 88  0.01095 -3.71286e+02 | 89  0.02589  7.82428e+01 | 90 -0.00720 -6.01993e+01
 91  0.00340  8.13527e+01 | 92  0.03842  7.77022e+01 | 93 -0.00586 -6.94211e+01
 94 -0.09748 -1.84517e+02 | 95 -0.05359 -1.19836e+02 | 96 -0.05359 -1.19834e+02
 97  0.81377  3.53042e+01 | 98  0.21689  1.26790e+02 |
98 variables; iteration 40; function evaluation 56; phase 2
Function value 2.1850517e+03; maximum gradient component mag 2.7591e+03
Var    Value     Gradient |Var    Value     Gradient |Var    Value     Gradient
  1  0.63984  2.75912e+03 |  2  0.00259 -5.51281e+01 |  3 -0.00676 -6.75122e+01
  4 -0.00811 -1.08876e+02 |  5 -0.05260 -1.31783e+02 |  6  0.02215 -3.58760e+01
  7 -0.03245 -1.63306e+02 |  8  0.01871 -8.66924e+01 |  9  0.01151 -3.45404e+01
 10 -0.00316 -1.34452e+01 | 11  0.02591 -3.03555e+01 | 12  0.02382 -2.13377e+01
 13  0.00610 -4.99030e+01 | 14 -0.00111 -1.02452e+02 | 15  0.01148 -9.18904e+01
 16 -0.01779  5.27848e+01 | 17 -0.01922 -8.78304e+01 | 18 -0.03663 -1.00323e+02
 19 -0.02798 -8.72623e+01 | 20  0.00073 -5.35463e+01 | 21 -0.02533 -7.87446e+01
 22 -0.01050 -8.11121e+01 | 23 -0.00187 -7.45520e+01 | 24  0.00816 -6.83748e+01
 25 -0.01480 -5.92147e+01 | 26 -0.00400 -2.71545e+01 | 27  0.01001 -8.61195e+00
 28  0.05334  1.37412e+02 | 29 -0.02670 -5.98968e+01 | 30  0.01430  1.70588e+01
 31 -0.03401 -9.10141e+01 | 32  0.02146 -1.78672e+02 | 33 -0.01646 -3.93425e+01
 34 -0.01960 -1.05857e+01 | 35 -0.02980 -5.58592e+01 | 36  0.05488  1.71038e+02
 37 -0.00549 -5.66710e+01 | 38  0.02245 -1.36001e+00 | 39  0.00141 -4.24556e+01
 40  0.02033  7.51921e+00 | 41  0.01058  4.84809e+01 | 42 -0.00830  6.22691e+01
 43 -0.02235  5.53353e+01 | 44 -0.00039  3.85922e+01 | 45 -0.01899  2.04179e+01
 46 -0.01159 -3.35298e+01 | 47 -0.01432 -1.67053e+00 | 48 -0.00867  3.97715e+01
 49  0.03309  1.65861e+02 | 50 -0.00737 -1.05300e+02 | 51 -0.00210  2.57693e+01
 52 -0.00009  1.70146e+02 | 53  0.01956  3.85198e+01 | 54  0.01378  1.39098e+02
 55  0.02421 -3.01745e+01 | 56  0.03360 -5.92105e+01 | 57  0.03046  1.65028e+01
 58 -0.00743  1.53306e+02 | 59 -0.05374  1.60523e+02 | 60 -0.01001  5.48662e+01
 61  0.00388  5.46486e+01 | 62  0.00929  1.62085e+01 | 63  0.00121  1.58857e+02
 64 -0.02620  2.44098e+02 | 65  0.03284  1.11379e+02 | 66 -0.03144  1.91052e+02
 67 -0.03726  9.33306e+01 | 68 -0.03254  1.52606e+01 | 69 -0.02010 -5.17670e+01
 70  0.00747  3.44432e+01 | 71  0.04438  3.29428e+02 | 72  0.01763  1.58797e+02
 73  0.01250  2.34225e+01 | 74  0.02406 -8.02169e+01 | 75 -0.02816  4.74849e+01
 76  0.03070  1.16094e+02 | 77  0.00294 -3.42195e+01 | 78  0.00139  2.27107e+01
 79  0.01086 -1.02464e+02 | 80 -0.05312  7.74459e+01 | 81  0.02559  5.40229e+01
 82 -0.02328  1.33757e+01 | 83 -0.02674 -3.92345e+00 | 84 -0.01038  3.08775e+01
 85 -0.01253  3.70765e+01 | 86 -0.00610  2.97209e+01 | 87  0.00878 -8.48808e+01
 88  0.02102 -1.09920e+02 | 89  0.02177 -4.81121e+00 | 90 -0.00965 -1.19875e+02
 91 -0.00446 -3.37301e+01 | 92  0.02255 -1.23652e+02 | 93 -0.00569 -1.07221e+02
 94  0.03907 -1.50049e+01 | 95  0.02738 -4.00665e+01 | 96  0.02737 -4.00675e+01
 97  0.82214  1.51321e+02 | 98  0.21500  1.22376e+02 |
98 variables; iteration 60; function evaluation 82; phase 2
Function value 2.1584103e+03; maximum gradient component mag 1.7138e+02
Var    Value     Gradient |Var    Value     Gradient |Var    Value     Gradient
  1  0.62907  1.71382e+02 |  2 -0.01863 -2.46622e+01 |  3 -0.01536 -1.28048e+01
  4  0.00783 -8.93282e-01 |  5 -0.02623 -3.73330e+00 |  6  0.00543 -2.37977e+01
  7 -0.00019 -7.38599e+00 |  8  0.02527 -2.77074e+00 |  9  0.00559 -5.16186e+00
 10 -0.01988 -2.45201e+01 | 11  0.02135 -2.52001e+01 | 12  0.01953 -2.44106e+01
 13  0.00709 -5.56580e+00 | 14  0.00688  3.09456e+00 | 15  0.01757  1.37437e+00
 16 -0.03092 -1.23545e+01 | 17 -0.01467 -4.55869e+00 | 18 -0.03063 -3.20463e+00
 19 -0.02339 -2.10735e-01 | 20  0.00259 -4.50420e+00 | 21 -0.02227 -6.67230e+00
 22 -0.00623  3.63972e+00 | 23  0.00163 -1.52458e+00 | 24  0.01133 -3.88041e+00
 25 -0.01184  6.34828e+00 | 26 -0.00430 -8.60121e+00 | 27  0.00942 -1.48478e+01
 28  0.04855 -5.93623e+01 | 29 -0.02438 -6.27590e+00 | 30  0.01328 -4.97203e-01
 31 -0.02677  1.15704e+01 | 32  0.03232  1.42358e+01 | 33 -0.01441  7.29040e+00
 34 -0.02041  2.08368e+00 | 35 -0.02747 -1.05859e+01 | 36  0.05121 -5.02293e+01
 37 -0.00175 -1.58179e+01 | 38  0.02436 -1.46994e+01 | 39  0.00507 -9.70227e+00
 40  0.02152 -2.93829e+01 | 41  0.01025 -5.90837e+00 | 42 -0.01302 -1.86988e+01
 43 -0.02675  1.31016e+00 | 44  0.00059  6.28215e+00 | 45 -0.01883  6.50395e+00
 46 -0.00518  2.05154e+01 | 47 -0.01021  1.57747e+01 | 48 -0.00683  8.12856e+00
 49  0.03035 -9.43415e+01 | 50  0.00585  3.89819e+01 | 51  0.00104 -1.28222e+01
 52 -0.00386 -5.19587e+00 | 53  0.02346 -3.75729e+01 | 54  0.01312 -3.15730e+01
 55  0.03088  2.32105e+01 | 56  0.04060  2.21111e+00 | 57  0.03526 -9.59662e+00
 58 -0.00825  3.72971e+01 | 59 -0.06493  3.17412e+01 | 60 -0.00694  3.75850e+01
 61  0.00935  1.04310e+02 | 62  0.01175 -4.67328e+01 | 63  0.00100  3.04932e+01
 64 -0.03570  2.39732e+01 | 65  0.03537 -1.51291e+01 | 66 -0.03911  1.70935e+01
 67 -0.04058  1.36923e+01 | 68 -0.03065  2.91870e+01 | 69 -0.01397  5.31543e+01
 70  0.01189  6.09697e+01 | 71  0.04090 -6.38381e+01 | 72  0.01926  7.56226e+01
 73  0.01629  3.22651e+01 | 74  0.02982 -1.67924e+01 | 75 -0.02835  3.27108e+01
 76  0.03202  7.53949e+00 | 77  0.00745  2.05811e+01 | 78  0.00367  2.46812e+01
 79  0.01576 -1.74632e+01 | 80 -0.05686  5.54466e+01 | 81  0.02640 -1.22509e+01
 82 -0.02186  4.07173e+01 | 83 -0.02680  6.82754e+00 | 84 -0.01219 -1.57947e+01
 85 -0.01522 -6.43424e+00 | 86 -0.00836  4.15813e+00 | 87  0.01281  5.60331e+01
 88  0.02270 -3.20276e+01 | 89  0.01671 -6.20162e+01 | 90 -0.00499 -3.61275e+00
 91 -0.01036 -5.31633e+00 | 92  0.02732  5.98009e+00 | 93 -0.00150 -2.49817e+00
 94  0.00184  2.93821e+00 | 95 -0.01024 -2.01065e+01 | 96 -0.01024 -2.01083e+01
 97  0.81956  6.11507e+00 | 98  0.20839 -6.47054e+01 |
Maximum number of function evaluations exceeded

 - final statistics:
98 variables; iteration 72; function evaluation 100
Function value 2.1568e+03; maximum gradient component mag 7.6090e+01
Exit code = 3;  converg criter 1.0000e+01
Var    Value     Gradient |Var    Value     Gradient |Var    Value     Gradient
  1  0.62916  7.60899e+01 |  2 -0.00875 -2.32633e+00 |  3 -0.02071 -2.04603e+01
  4  0.00363 -7.61873e+00 |  5 -0.02469  2.80979e+00 |  6  0.00823 -1.23667e+01
  7  0.00017 -2.83206e+00 |  8  0.02305 -8.66394e+00 |  9  0.00701  4.41379e+00
 10 -0.01852 -1.60183e+01 | 11  0.02287 -1.08843e+01 | 12  0.02105 -8.52675e+00
 13  0.00663 -5.24090e+00 | 14  0.00652  3.46814e+00 | 15  0.01684 -4.08188e+00
 16 -0.03024 -4.31620e+00 | 17 -0.01459 -1.00972e+00 | 18 -0.03115 -4.72237e+00
 19 -0.02360  6.40144e-01 | 20  0.00256 -2.00027e+00 | 21 -0.02242 -5.43189e+00
 22 -0.00684 -1.13324e+00 | 23  0.00165  2.01072e+00 | 24  0.01122 -2.30415e+00
 25 -0.01226  5.06541e+00 | 26 -0.00416 -3.12045e+00 | 27  0.00987 -3.34517e+00
 28  0.04992 -1.84397e+01 | 29 -0.02474 -5.38677e+00 | 30  0.01301 -7.82158e-01
 31 -0.02747  8.57606e+00 | 32  0.03197  1.04457e+01 | 33 -0.01530  9.88906e-01
 34 -0.02107 -1.05407e+00 | 35 -0.02739 -5.89395e+00 | 36  0.05225 -1.64652e+01
 37 -0.00069  1.76583e+00 | 38  0.02472 -3.04204e+00 | 39  0.00537 -9.01290e-01
 40  0.02238 -8.71033e+00 | 41  0.01017 -1.40752e+00 | 42 -0.01244 -7.22329e+00
 43 -0.02714  1.50393e+00 | 44  0.00013  3.24379e+00 | 45 -0.01980 -1.56501e+00
 46 -0.00634  7.57904e+00 | 47 -0.01105  8.88155e+00 | 48 -0.00783  4.98947e-01
 49  0.03261 -3.17719e+01 | 50  0.00417  1.46464e+01 | 51  0.00123 -5.17195e+00
 52 -0.00410 -4.29586e+00 | 53  0.02424 -7.76830e+00 | 54  0.01370 -1.15285e+01
 55  0.03060  1.29388e+01 | 56  0.04062  3.87015e+00 | 57  0.03548 -3.15650e+00
 58 -0.00912  1.82056e+01 | 59 -0.06570  2.41774e+01 | 60 -0.00789  9.16239e+00
 61  0.00737  3.65043e+01 | 62  0.01292 -1.20385e+01 | 63  0.00032  8.91373e+00
 64 -0.03643  1.22306e+01 | 65  0.03567 -8.76607e+00 | 66 -0.03958  9.52638e+00
 67 -0.04082  8.54104e+00 | 68 -0.03128  1.54966e+01 | 69 -0.01493  2.65040e+01
 70  0.01075  2.29358e+01 | 71  0.04180 -3.68184e+01 | 72  0.01763  2.06216e+01
 73  0.01545 -9.97353e-02 | 74  0.03019 -1.09210e+01 | 75 -0.02908  2.04459e+01
 76  0.03182 -6.84592e+00 | 77  0.00710  6.36657e+00 | 78  0.00319  9.94842e+00
 79  0.01621 -6.29612e+00 | 80 -0.05931  2.89398e+01 | 81  0.02664 -8.06929e+00
 82 -0.02321  1.52323e+01 | 83 -0.02695  5.19302e+00 | 84 -0.01158  1.49523e+00
 85 -0.01490  2.70387e+00 | 86 -0.00843  3.49459e+00 | 87  0.01142  1.85002e+01
 88  0.02351 -6.20415e+00 | 89  0.01828 -2.48727e+01 | 90 -0.00541 -5.16439e+00
 91 -0.01084 -8.79120e+00 | 92  0.02698  2.95831e+00 | 93 -0.00194 -4.00408e+00
 94 -0.00312 -2.27938e+00 | 95 -0.00364 -7.04717e+00 | 96 -0.00364 -7.04177e+00
 97  0.81882 -9.28372e-02 | 98  0.21030 -1.16374e+01 |

Initial statistics: 100 variables; iteration 0; function evaluation 0; phase 3
Function value 2.1567708e+03; maximum gradient component mag 2.9273e+02
Var    Value     Gradient |Var    Value     Gradient |Var    Value     Gradient
  1  0.62916  7.60899e+01 |  2 -0.00876 -2.38193e+00 |  3 -0.02071 -2.05159e+01
  4  0.00363 -7.67434e+00 |  5 -0.02469  2.75422e+00 |  6  0.00823 -1.24223e+01
  7  0.00017 -2.88767e+00 |  8  0.02305 -8.71951e+00 |  9  0.00701  4.35818e+00
 10 -0.01853 -1.60739e+01 | 11  0.02287 -1.09399e+01 | 12  0.02104 -8.58233e+00
 13  0.00663 -5.29650e+00 | 14  0.00652  3.41253e+00 | 15  0.01683 -4.13747e+00
 16 -0.03024 -4.37174e+00 | 17 -0.01459 -1.06531e+00 | 18 -0.03116 -4.77791e+00
 19 -0.02360  5.84574e-01 | 20  0.00256 -2.05588e+00 | 21 -0.02242 -5.48747e+00
 22 -0.00684 -1.18885e+00 | 23  0.00165  1.95511e+00 | 24  0.01122 -2.35975e+00
 25 -0.01226  5.00981e+00 | 26 -0.00416 -3.17606e+00 | 27  0.00986 -3.40077e+00
 28  0.04992 -1.84952e+01 | 29 -0.02474 -5.44234e+00 | 30  0.01301 -8.37755e-01
 31 -0.02747  8.52050e+00 | 32  0.03196  1.03902e+01 | 33 -0.01530  9.33313e-01
 34 -0.02108 -1.10964e+00 | 35 -0.02739 -5.94951e+00 | 36  0.05225 -1.65207e+01
 37 -0.00069  1.71022e+00 | 38  0.02472 -3.09760e+00 | 39  0.00536 -9.56897e-01
 40  0.02238 -8.76591e+00 | 41  0.01017 -1.46312e+00 | 42 -0.01244 -7.27888e+00
 43 -0.02714  1.44837e+00 | 44  0.00012  3.18819e+00 | 45 -0.01980 -1.62059e+00
 46 -0.00635  7.52343e+00 | 47 -0.01105  8.82595e+00 | 48 -0.00783  4.43342e-01
 49  0.03260 -3.18274e+01 | 50  0.00417  1.45908e+01 | 51  0.00122 -5.22756e+00
 52 -0.00410 -4.35147e+00 | 53  0.02424 -7.82387e+00 | 54  0.01370 -1.15841e+01
 55  0.03060  1.28832e+01 | 56  0.04062  3.81466e+00 | 57  0.03548 -3.21203e+00
 58 -0.00912  1.81500e+01 | 59 -0.06570  2.41221e+01 | 60 -0.00789  9.10679e+00
 61  0.00737  3.64487e+01 | 62  0.01291 -1.20941e+01 | 63  0.00032  8.85812e+00
 64 -0.03643  1.21750e+01 | 65  0.03567 -8.82159e+00 | 66 -0.03958  9.47088e+00
 67 -0.04082  8.48555e+00 | 68 -0.03128  1.54410e+01 | 69 -0.01493  2.64484e+01
 70  0.01075  2.28802e+01 | 71  0.04180 -3.68739e+01 | 72  0.01763  2.05660e+01
 73  0.01545 -1.55328e-01 | 74  0.03018 -1.09766e+01 | 75 -0.02908  2.03904e+01
 76  0.03182 -6.90146e+00 | 77  0.00710  6.31096e+00 | 78  0.00319  9.89282e+00
 79  0.01620 -6.35172e+00 | 80 -0.05931  2.88844e+01 | 81  0.02664 -8.12485e+00
 82 -0.02321  1.51767e+01 | 83 -0.02695  5.13746e+00 | 84 -0.01158  1.43963e+00
 85 -0.01490  2.64827e+00 | 86 -0.00843  3.43898e+00 | 87  0.01142  1.84446e+01
 88  0.02350 -6.25973e+00 | 89  0.01828 -2.49283e+01 | 90 -0.00541 -5.21999e+00
 91 -0.01084 -8.84680e+00 | 92  0.02698  2.90275e+00 | 93 -0.00194 -4.05969e+00
 94 -0.00312 -2.33499e+00 | 95 -0.00364 -7.10278e+00 | 96 -0.00364 -7.09738e+00
 97  0.81882 -9.28372e-02 | 98 -0.41581  2.92727e+02 | 99  0.21030 -1.16374e+01
100 -0.25275  2.07908e+02 |

Intermediate statistics: 100 variables; iteration 20; function evaluation 25; phase 3
Function value 2.1554138e+03; maximum gradient component mag 3.6016e+02
Var    Value     Gradient |Var    Value     Gradient |Var    Value     Gradient
  1  0.62954 -2.65246e+02 |  2 -0.00877  7.23023e+00 |  3 -0.01212  6.41155e+00
  4  0.00559  6.13303e+00 |  5 -0.02680  7.50381e+00 |  6  0.01093  3.99929e+00
  7  0.00033  6.03639e+00 |  8  0.02395  2.07280e+00 |  9  0.00623  8.25432e+00
 10 -0.01604  8.51774e-01 | 11  0.02326 -4.09740e+00 | 12  0.02143 -2.41119e+00
 13  0.00709  1.69784e+00 | 14  0.00717  1.17166e+01 | 15  0.01728  1.53585e+00
 16 -0.02995  3.42972e+00 | 17 -0.01439  6.21306e+00 | 18 -0.03103  2.45931e+00
 19 -0.02331  8.46221e+00 | 20  0.00282  3.64822e+00 | 21 -0.02221  1.01974e+00
 22 -0.00663  5.07977e+00 | 23  0.00191  8.68607e+00 | 24  0.01129  1.24109e+00
 25 -0.01203  1.26276e+01 | 26 -0.00413  1.57811e+00 | 27  0.00991  1.80649e-02
 28  0.05024 -1.43251e+01 | 29 -0.02479  6.34088e-02 | 30  0.01299  1.39528e+00
 31 -0.02730  1.58910e+01 | 32  0.03190  8.33095e+00 | 33 -0.01529  6.01478e+00
 34 -0.02111  4.05711e+00 | 35 -0.02752 -1.18953e+00 | 36  0.05253 -1.50152e+01
 37 -0.00068  4.89506e+00 | 38  0.02454 -6.99043e+00 | 39  0.00524 -9.79053e-01
 40  0.02211 -1.48544e+01 | 41  0.01002 -3.52163e+00 | 42 -0.01277 -7.97721e+00
 43 -0.02729  4.42725e+00 | 44  0.00000  2.52706e+00 | 45 -0.02005 -1.03552e+00
 46 -0.00639  8.58615e+00 | 47 -0.01106  1.06849e+01 | 48 -0.00801 -5.79356e-01
 49  0.03301 -2.92905e+01 | 50  0.00415  1.25854e+01 | 51  0.00080 -1.46880e+01
 52 -0.00447 -1.24700e+01 | 53  0.02419 -1.79523e+01 | 54  0.01357 -1.47151e+01
 55  0.03014 -9.98698e+00 | 56  0.04058 -6.04342e+00 | 57  0.03566 -4.94850e+00
 58 -0.00975  6.91602e+00 | 59 -0.06562  3.03420e+01 | 60 -0.00885 -1.42300e+01
 61  0.00598 -1.10581e+01 | 62  0.01306 -1.20425e+01 | 63 -0.00027 -9.37882e+00
 64 -0.03669  1.23758e+01 | 65  0.03561 -2.02639e+01 | 66 -0.03996  9.05631e+00
 67 -0.04123  6.52875e+00 | 68 -0.03196  8.00110e+00 | 69 -0.01579  7.92787e+00
 70  0.00946 -1.52417e+01 | 71  0.04306  8.46544e+00 | 72  0.01655 -1.31590e+01
 73  0.01506 -1.62414e+01 | 74  0.02996 -2.40958e+01 | 75 -0.02898  2.53086e+01
 76  0.03134 -2.90456e+01 | 77  0.00643 -1.21214e+01 | 78  0.00230 -1.01684e+01
 79  0.01600 -9.51919e+00 | 80 -0.05917  4.02605e+01 | 81  0.02622 -1.58930e+01
 82 -0.02383  1.54980e+01 | 83 -0.02761  5.37708e+00 | 84 -0.01255 -3.24719e+00
 85 -0.01575  1.92144e+00 | 86 -0.00959 -6.89140e-01 | 87  0.00995  5.43684e+00
 88  0.02252 -4.84839e-01 | 89  0.01723 -1.56350e+01 | 90 -0.00704  1.01779e+00
 91 -0.01245 -1.69193e+00 | 92  0.02496  9.20415e+00 | 93 -0.00248  1.02353e+01
 94 -0.00215  8.83988e+00 | 95 -0.00031  8.17939e+00 | 96 -0.00031  8.17889e+00
 97  0.78642 -6.36488e+01 | 98 -0.42093  3.60163e+02 | 99  0.19713 -6.52249e+01
100 -0.25688  2.43442e+02 |
100 variables; iteration 40; function evaluation 48; phase 3
Function value 2.1549123e+03; maximum gradient component mag 1.2361e+02
Var    Value     Gradient |Var    Value     Gradient |Var    Value     Gradient
  1  0.62924 -6.26154e+01 |  2 -0.00858  1.67064e+00 |  3 -0.01508 -5.51954e+00
  4  0.00473 -1.67497e+00 |  5 -0.02391  7.98797e+00 |  6  0.01164  5.14946e-01
  7  0.00099  2.45525e+00 |  8  0.02237 -9.90413e+00 |  9  0.00588  1.51286e+00
 10 -0.01518 -1.30743e+00 | 11  0.02609  1.05776e+01 | 12  0.02161 -5.54966e+00
 13  0.00675 -5.70472e+00 | 14  0.00669  2.59861e+00 | 15  0.01762  1.15140e+00
 16 -0.02962  4.41679e-01 | 17 -0.01439  6.78726e-01 | 18 -0.03075 -1.12512e+00
 19 -0.02348  1.02497e+00 | 20  0.00293 -3.45146e-01 | 21 -0.02160  1.98285e+00
 22 -0.00660  5.53549e-01 | 23  0.00205  5.61163e+00 | 24  0.01132 -3.17655e+00
 25 -0.01272 -3.03916e-02 | 26 -0.00380  8.37079e-01 | 27  0.00984 -4.64021e+00
 28  0.05065 -5.27991e+00 | 29 -0.02476 -4.27385e+00 | 30  0.01286 -4.20556e+00
 31 -0.02821  3.31288e+00 | 32  0.03170  1.65131e+00 | 33 -0.01534  1.27294e+00
 34 -0.02094  1.55223e+00 | 35 -0.02737 -4.10104e+00 | 36  0.05284 -6.60902e+00
 37 -0.00066  1.89597e+00 | 38  0.02510  1.17631e+00 | 39  0.00527 -2.87477e+00
 40  0.02285 -2.54984e+00 | 41  0.01016 -2.29395e+00 | 42 -0.01197 -1.02393e+00
 43 -0.02736  7.33885e-01 | 44 -0.00033 -3.81498e+00 | 45 -0.01956  2.02319e+00
 46 -0.00667  3.37042e+00 | 47 -0.01122  7.31261e+00 | 48 -0.00813 -2.74048e+00
 49  0.03361 -9.92600e+00 | 50  0.00355  2.73646e+00 | 51  0.00147 -2.63230e+00
 52 -0.00399 -4.33368e+00 | 53  0.02435 -9.83542e+00 | 54  0.01397 -4.50397e-01
 55  0.03090  1.72510e+01 | 56  0.04044 -5.99579e+00 | 57  0.03626  1.84679e+01
 58 -0.01005 -1.13848e+00 | 59 -0.06795  2.77954e+00 | 60 -0.00826 -1.09514e+00
 61  0.00636 -1.14806e+00 | 62  0.01313 -6.91980e+00 | 63  0.00004 -3.90937e+00
 64 -0.03773 -6.10131e+00 | 65  0.03597 -2.73186e+00 | 66 -0.04032  9.15227e-01
 67 -0.04110  4.16294e+00 | 68 -0.03177  9.39721e+00 | 69 -0.01588  2.12300e+00
 70  0.01008  3.68961e+00 | 71  0.04292  4.89491e-01 | 72  0.01677 -6.05269e+00
 73  0.01574  5.00149e-01 | 74  0.03084  9.35418e+00 | 75 -0.03013  4.14772e+00
 76  0.03198 -2.80523e+00 | 77  0.00695 -1.44588e+00 | 78  0.00271 -4.99446e-01
 79  0.01679  1.08911e+01 | 80 -0.06219  1.73096e+00 | 81  0.02691  8.49176e-01
 82 -0.02441 -1.82411e+00 | 83 -0.02738  5.05399e-01 | 84 -0.01189  4.19731e+00
 85 -0.01535 -6.52778e-01 | 86 -0.00912 -1.60352e-01 | 87  0.01041  7.39085e-01
 88  0.02310  1.65287e+00 | 89  0.01869 -1.60769e+00 | 90 -0.00676 -5.20409e+00
 91 -0.01041  3.23990e+00 | 92  0.02551  3.73641e+00 | 93 -0.00155  3.33125e+00
 94 -0.00430 -1.19817e+00 | 95 -0.00634 -7.20990e+00 | 96 -0.00633 -7.20008e+00
 97  0.78454 -2.22921e+01 | 98 -0.42193  1.23615e+02 | 99  0.19275 -2.02754e+01
100 -0.25925  6.24704e+01 |
100 variables; iteration 60; function evaluation 73; phase 3
Function value 2.1547678e+03; maximum gradient component mag 2.1923e+01
Var    Value     Gradient |Var    Value     Gradient |Var    Value     Gradient
  1  0.62984 -6.51741e+00 |  2 -0.00899 -3.61710e-01 |  3 -0.01231 -1.07182e+00
  4  0.00612  6.64192e-01 |  5 -0.02655  1.07212e+00 |  6  0.01173  1.41624e-01
  7  0.00037 -2.79003e-02 |  8  0.02451 -6.52463e-01 |  9  0.00566  5.02260e-01
 10 -0.01479 -1.53928e-01 | 11  0.02468  1.95885e+00 | 12  0.02206 -6.43663e-01
 13  0.00736  1.52247e-01 | 14  0.00606 -1.62759e+00 | 15  0.01729 -5.99269e-01
 16 -0.02975 -9.43141e-02 | 17 -0.01450  5.52143e-01 | 18 -0.03059  6.46562e-01
 19 -0.02367 -4.04310e-02 | 20  0.00282  9.10060e-03 | 21 -0.02170  1.68116e+00
 22 -0.00672  3.71389e-01 | 23  0.00174  3.05804e+00 | 24  0.01129 -1.68486e+00
 25 -0.01285 -6.24036e-01 | 26 -0.00403 -7.91218e-01 | 27  0.00974 -3.82947e+00
 28  0.05107  1.13503e+01 | 29 -0.02451 -1.22645e+00 | 30  0.01290 -1.23000e+00
 31 -0.02876 -1.01570e+00 | 32  0.03117 -5.61335e+00 | 33 -0.01550  5.99984e-01
 34 -0.02106  1.39778e+00 | 35 -0.02716 -1.35737e+00 | 36  0.05273 -2.40437e+00
 37 -0.00109 -1.07665e+00 | 38  0.02486  1.00989e+00 | 39  0.00510 -2.34103e+00
 40  0.02270 -6.74148e-01 | 41  0.01015  1.16623e+00 | 42 -0.01211 -3.54322e-01
 43 -0.02756  2.41057e-01 | 44 -0.00032 -4.25395e-01 | 45 -0.01993 -3.38246e-01
 46 -0.00692  2.28034e+00 | 47 -0.01196  2.51367e-01 | 48 -0.00816 -4.75701e-01
 49  0.03358 -3.58335e+00 | 50  0.00291 -4.27521e+00 | 51  0.00132 -1.09871e+00
 52 -0.00409 -1.69197e+00 | 53  0.02431 -2.64301e+00 | 54  0.01385  2.82856e+00
 55  0.03027  1.86594e+00 | 56  0.04032 -1.42712e+00 | 57  0.03562  1.84907e+00
 58 -0.00995  4.71098e+00 | 59 -0.06851 -2.07933e+00 | 60 -0.00887 -1.10406e+01
 61  0.00630  2.51149e+00 | 62  0.01288 -6.31931e+00 | 63  0.00057  1.76573e+01
 64 -0.03718  6.11252e+00 | 65  0.03580 -4.72197e-01 | 66 -0.04050  1.27943e-01
 67 -0.04139  1.10780e+00 | 68 -0.03204  6.69354e+00 | 69 -0.01622 -2.47605e+00
 70  0.00983  2.25615e+00 | 71  0.04271 -4.51405e-01 | 72  0.01665 -3.49950e+00
 73  0.01574  5.08307e+00 | 74  0.03040  6.40796e-01 | 75 -0.03071 -2.99294e+00
 76  0.03187  8.15408e-01 | 77  0.00679 -1.76714e+00 | 78  0.00195 -1.71097e+01
 79  0.01648  4.92802e+00 | 80 -0.06231  1.00753e+00 | 81  0.02674  5.85758e-01
 82 -0.02457 -2.42849e+00 | 83 -0.02755 -1.07873e+00 | 84 -0.01208  2.88098e+00
 85 -0.01521  3.40466e+00 | 86 -0.00933 -2.89637e+00 | 87  0.01052  4.85692e+00
 88  0.02337  1.09739e+01 | 89  0.01857 -3.99955e+00 | 90 -0.00633 -6.21882e-01
 91 -0.01062 -4.11788e-01 | 92  0.02496 -3.76797e+00 | 93 -0.00169  3.18378e-01
 94 -0.00378 -2.00595e+00 | 95 -0.00104 -5.99276e-01 | 96 -0.00104 -5.98214e-01
 97  0.78405 -3.03097e+00 | 98 -0.42228  2.19230e+01 | 99  0.19259 -1.01334e+00
100 -0.25957  5.35955e+00 |
Maximum number of function evaluations exceeded

 - final statistics:
100 variables; iteration 80; function evaluation 100
Function value 2.1547e+03; maximum gradient component mag -6.0798e+00
Exit code = 3;  converg criter 1.0000e+00
Var    Value     Gradient |Var    Value     Gradient |Var    Value     Gradient
  1  0.62992 -1.14075e+00 |  2 -0.00911 -7.47434e-01 |  3 -0.01200 -5.76399e-01
  4  0.00574 -3.65220e-01 |  5 -0.02729 -6.81384e-01 |  6  0.01164 -2.35674e-01
  7  0.00034 -2.14975e-01 |  8  0.02473  2.87591e-01 |  9  0.00559  1.76236e-01
 10 -0.01483 -3.47941e-01 | 11  0.02443  3.56054e-01 | 12  0.02206 -5.12336e-01
 13  0.00744  8.79002e-01 | 14  0.00622 -4.20907e-02 | 15  0.01730 -5.77181e-02
 16 -0.02980 -3.21499e-01 | 17 -0.01458  4.54908e-02 | 18 -0.03071 -2.90481e-01
 19 -0.02368 -1.19725e-02 | 20  0.00277 -3.79164e-01 | 21 -0.02182  6.34653e-01
 22 -0.00676  3.92069e-02 | 23  0.00149 -4.78157e-02 | 24  0.01137 -9.13014e-04
 25 -0.01288 -5.46040e-01 | 26 -0.00399  1.51749e-01 | 27  0.01001  3.06753e-01
 28  0.05060  1.04166e-01 | 29 -0.02430  6.26352e-01 | 30  0.01294 -2.15863e-01
 31 -0.02861  5.12907e-01 | 32  0.03145  1.13483e+00 | 33 -0.01552  6.76724e-01
 34 -0.02121  1.88248e-01 | 35 -0.02709 -6.04687e-01 | 36  0.05255 -6.07977e+00
 37 -0.00108 -5.84386e-01 | 38  0.02470 -9.29614e-01 | 39  0.00525  3.96272e-01
 40  0.02270  3.95951e-01 | 41  0.01006  6.16337e-01 | 42 -0.01205  9.22131e-01
 43 -0.02762  1.22956e-01 | 44 -0.00040 -9.32292e-01 | 45 -0.02002 -1.04675e+00
 46 -0.00707  7.77486e-01 | 47 -0.01196  8.03496e-01 | 48 -0.00816  3.23793e-01
 49  0.03378  3.32188e+00 | 50  0.00315  1.00306e+00 | 51  0.00131 -2.82865e-01
 52 -0.00403  1.14486e-01 | 53  0.02434 -5.26276e-01 | 54  0.01374  2.70805e-01
 55  0.03019 -1.50430e-01 | 56  0.04032 -3.56015e-01 | 57  0.03555 -1.40572e-01
 58 -0.01018  4.47221e-01 | 59 -0.06833 -9.16717e-02 | 60 -0.00848 -6.10531e-01
 61  0.00617  5.30256e-02 | 62  0.01304 -5.72340e-01 | 63 -0.00001  1.47406e+00
 64 -0.03749  9.74503e-01 | 65  0.03578 -1.41935e-02 | 66 -0.04059 -9.68636e-01
 67 -0.04152 -7.80643e-01 | 68 -0.03237  9.65182e-01 | 69 -0.01617 -1.17172e+00
 70  0.00974  2.76295e-01 | 71  0.04270 -1.85357e-02 | 72  0.01674 -4.15149e-01
 73  0.01558  1.12284e+00 | 74  0.03038  1.00576e-01 | 75 -0.03057 -8.81864e-01
 76  0.03181 -7.42201e-02 | 77  0.00691  2.45420e+00 | 78  0.00239 -4.10086e+00
 79  0.01633  8.95427e-01 | 80 -0.06240  6.28711e-02 | 81  0.02671  1.81779e-01
 82 -0.02449 -3.28808e-01 | 83 -0.02748  6.14032e-01 | 84 -0.01222  1.30810e-01
 85 -0.01533  1.51057e+00 | 86 -0.00920  4.26601e-01 | 87  0.01040  1.83709e+00
 88  0.02289 -2.06186e+00 | 89  0.01876  8.49518e-02 | 90 -0.00632 -3.46041e-02
 91 -0.01053  5.28851e-01 | 92  0.02531 -1.48153e-01 | 93 -0.00166  2.43628e-01
 94 -0.00242 -4.35026e-02 | 95 -0.00056 -1.88806e-02 | 96 -0.00057 -3.49250e-02
 97  0.78346 -7.12672e-01 | 98 -0.42245  4.46200e+00 | 99  0.19232 -2.82413e-01
100 -0.25968  4.90198e-01 |

Initial statistics: 108 variables; iteration 0; function evaluation 0; phase 4
Function value 2.1547364e+03; maximum gradient component mag 1.5307e+02
Var    Value     Gradient |Var    Value     Gradient |Var    Value     Gradient
  1 -0.42263  6.06913e+01 |  2 -0.42263  1.34130e+02 |  3 -0.41094  1.53066e+02
  4  0.62992 -1.14075e+00 |  5  0.00000  1.64916e+01 |  6  0.00000  3.62287e+00
  7  0.00000  1.13441e+01 |  8  0.00000  1.38369e+01 |  9  0.00000 -7.59522e+00
 10 -0.00911 -7.46959e-01 | 11 -0.01200 -5.75924e-01 | 12  0.00574 -3.64746e-01
 13 -0.02729 -6.80910e-01 | 14  0.01164 -2.35200e-01 | 15  0.00034 -2.14501e-01
 16  0.02473  2.88065e-01 | 17  0.00559  1.76711e-01 | 18 -0.01483 -3.47466e-01
 19  0.02443  3.56529e-01 | 20  0.02206 -5.11862e-01 | 21  0.00744  8.79476e-01
 22  0.00622 -4.16162e-02 | 23  0.01730 -5.72438e-02 | 24 -0.02980 -3.21025e-01
 25 -0.01458  4.59652e-02 | 26 -0.03071 -2.90007e-01 | 27 -0.02368 -1.14983e-02
 28  0.00277 -3.78689e-01 | 29 -0.02182  6.35128e-01 | 30 -0.00676  3.96814e-02
 31  0.00149 -4.73412e-02 | 32  0.01137 -4.38572e-04 | 33 -0.01288 -5.45566e-01
 34 -0.00399  1.52223e-01 | 35  0.01001  3.07227e-01 | 36  0.05060  1.04639e-01
 37 -0.02430  6.26826e-01 | 38  0.01294 -2.15389e-01 | 39 -0.02861  5.13381e-01
 40  0.03145  1.13530e+00 | 41 -0.01552  6.77199e-01 | 42 -0.02121  1.88722e-01
 43 -0.02709 -6.04213e-01 | 44  0.05255 -6.07929e+00 | 45 -0.00108 -5.83912e-01
 46  0.02470 -9.29140e-01 | 47  0.00525  3.96747e-01 | 48  0.02270  3.96426e-01
 49  0.01006  6.16812e-01 | 50 -0.01205  9.22606e-01 | 51 -0.02762  1.23430e-01
 52 -0.00040 -9.31818e-01 | 53 -0.02002 -1.04628e+00 | 54 -0.00707  7.77961e-01
 55 -0.01196  8.03971e-01 | 56 -0.00816  3.24268e-01 | 57  0.03378  3.32235e+00
 58  0.00315  1.00354e+00 | 59  0.00131 -2.82391e-01 | 60 -0.00403  1.14961e-01
 61  0.02434 -5.25802e-01 | 62  0.01374  2.71279e-01 | 63  0.03019 -1.49956e-01
 64  0.04032 -3.55542e-01 | 65  0.03555 -1.40098e-01 | 66 -0.01018  4.47695e-01
 67 -0.06833 -9.11999e-02 | 68 -0.00848 -6.10057e-01 | 69  0.00617  5.35001e-02
 70  0.01304 -5.71865e-01 | 71 -0.00001  1.47453e+00 | 72 -0.03749  9.74977e-01
 73  0.03578 -1.37198e-02 | 74 -0.04059 -9.68163e-01 | 75 -0.04152 -7.80169e-01
 76 -0.03237  9.65655e-01 | 77 -0.01617 -1.17124e+00 | 78  0.00974  2.76770e-01
 79  0.04270 -1.80623e-02 | 80  0.01674 -4.14674e-01 | 81  0.01558  1.12332e+00
 82  0.03038  1.01050e-01 | 83 -0.03057 -8.81390e-01 | 84  0.03181 -7.37462e-02
 85  0.00691  2.45467e+00 | 86  0.00239 -4.10039e+00 | 87  0.01633  8.95901e-01
 88 -0.06240  6.33433e-02 | 89  0.02671  1.82253e-01 | 90 -0.02449 -3.28334e-01
 91 -0.02748  6.14507e-01 | 92 -0.01222  1.31285e-01 | 93 -0.01533  1.51104e+00
 94 -0.00920  4.27075e-01 | 95  0.01040  1.83756e+00 | 96  0.02289 -2.06139e+00
 97  0.01876  8.54261e-02 | 98 -0.00632 -3.41296e-02 | 99 -0.01053  5.29326e-01
100  0.02531 -1.47679e-01 |101 -0.00166  2.44103e-01 |102 -0.00242 -4.30281e-02
103 -0.00056 -1.84061e-02 |104 -0.00057 -3.44505e-02 |105  0.78346 -7.12672e-01
106 -0.42245  4.46200e+00 |107  0.19232 -2.82413e-01 |108 -0.25968  4.90198e-01

Intermediate statistics: 108 variables; iteration 20; function evaluation 24; phase 4
Function value 2.1545220e+03; maximum gradient component mag -7.6814e+01
Var    Value     Gradient |Var    Value     Gradient |Var    Value     Gradient
  1 -0.42823  3.29773e+01 |  2 -0.42277 -1.74102e+01 |  3 -0.40969  7.00011e+01
  4  0.62999 -7.68136e+01 |  5 -0.00372  7.03412e+00 |  6 -0.00101  1.35950e+00
  7 -0.00466  2.95446e+00 |  8 -0.00548  3.76467e+00 |  9  0.00299 -2.05921e+00
 10 -0.00869  2.18758e+00 | 11 -0.01165  2.23522e+00 | 12  0.00601  2.30295e+00
 13 -0.02697  2.14150e+00 | 14  0.01180  2.29202e+00 | 15  0.00050  2.30503e+00
 16  0.02480  2.68105e+00 | 17  0.00565  2.54697e+00 | 18 -0.01474  2.19141e+00
 19  0.02467  4.19069e+00 | 20  0.02232  3.80966e+00 | 21  0.00766  5.00081e+00
 22  0.00642  4.25956e+00 | 23  0.01756  5.76894e+00 | 24 -0.02980  2.13673e+00
 25 -0.01458  2.48545e+00 | 26 -0.03076  1.54897e+00 | 27 -0.02368  2.28970e+00
 28  0.00281  2.42875e+00 | 29 -0.02186  2.24414e+00 | 30 -0.00673  2.34764e+00
 31  0.00156  2.87417e+00 | 32  0.01160  5.27847e+00 | 33 -0.01281  2.02385e+00
 34 -0.00388  3.10306e+00 | 35  0.01013  3.40116e+00 | 36  0.05093  9.24663e+00
 37 -0.02418  3.50843e+00 | 38  0.01313  3.85686e+00 | 39 -0.02854  2.76597e+00
 40  0.03174  7.94264e+00 | 41 -0.01539  3.59533e+00 | 42 -0.02118  1.84324e+00
 43 -0.02715  5.94546e-02 | 44  0.05222 -1.57473e+01 | 45 -0.00099  1.33403e+00
 46  0.02475  1.76970e-01 | 47  0.00532  1.87152e+00 | 48  0.02280  1.63616e+00
 49  0.01020  2.49630e+00 | 50 -0.01195  2.45703e+00 | 51 -0.02761  4.17395e-01
 52 -0.00051 -3.65305e+00 | 53 -0.02019 -3.34585e+00 | 54 -0.00719 -2.02402e+00
 55 -0.01204 -1.24589e+00 | 56 -0.00832 -3.21841e+00 | 57  0.03365 -4.32383e+00
 58  0.00303 -2.85331e+00 | 59  0.00097 -8.48712e+00 | 60 -0.00429 -6.78215e+00
 61  0.02400 -1.53653e+01 | 62  0.01336 -1.35656e+01 | 63  0.02982 -1.73788e+01
 64  0.03995 -2.14131e+01 | 65  0.03526 -1.61355e+01 | 66 -0.01014  1.05231e+00
 67 -0.06833  6.36341e-01 | 68 -0.00879 -9.14777e+00 | 69  0.00596 -8.27181e+00
 70  0.01290 -6.61048e+00 | 71 -0.00005 -1.37256e-01 | 72 -0.03741  3.28536e+00
 73  0.03593  6.58729e+00 | 74 -0.04058  1.11002e+00 | 75 -0.04158 -2.05056e-01
 76 -0.03247 -1.39984e-01 | 77 -0.01658 -9.95214e+00 | 78  0.00940 -1.07421e+01
 79  0.04296  1.32168e+01 | 80  0.01673  5.16085e-01 | 81  0.01568  4.88720e+00
 82  0.03048  5.38963e+00 | 83 -0.03065 -3.28462e-01 | 84  0.03190  5.15770e+00
 85  0.00708  9.79527e+00 | 86  0.00219 -6.58209e+00 | 87  0.01631  1.94193e+00
 88 -0.06240  2.02977e+00 | 89  0.02668  1.42363e+00 | 90 -0.02457  1.37496e+00
 91 -0.02757  1.45436e+00 | 92 -0.01246 -2.19549e+00 | 93 -0.01535  4.41125e+00
 94 -0.00961 -5.76778e+00 | 95  0.01008 -3.93856e+00 | 96  0.02254 -7.37707e+00
 97  0.01855 -7.78124e-01 | 98 -0.00632  3.33887e+00 | 99 -0.01040  4.90726e+00
100  0.02527  3.30133e+00 |101 -0.00156  3.65858e+00 |102 -0.00201  2.61867e+00
103 -0.00043  2.39424e+00 |104 -0.00043  2.39146e+00 |105  0.78199  2.42538e+00
106 -0.42261 -2.00140e+01 |107  0.18968 -1.54925e+01 |108 -0.26011  3.49821e+01
108 variables; iteration 40; function evaluation 49; phase 4
Function value 2.1543847e+03; maximum gradient component mag 1.8298e+01
Var    Value     Gradient |Var    Value     Gradient |Var    Value     Gradient
  1 -0.43063  6.90282e+00 |  2 -0.42251  1.77930e+00 |  3 -0.41024  1.82981e+01
  4  0.62995 -1.48753e+01 |  5 -0.00582  2.21615e+00 |  6 -0.00149  3.35381e-01
  7 -0.00630  4.34344e-02 |  8 -0.00728  4.99680e-01 |  9  0.00293 -2.17470e+00
 10 -0.00896 -1.56835e-01 | 11 -0.01203 -3.48403e-01 | 12  0.00522 -1.34157e+00
 13 -0.02738 -5.12720e-01 | 14  0.01155 -8.61974e-02 | 15  0.00031  8.81496e-02
 16  0.02471  9.87846e-01 | 17  0.00596  2.42770e+00 | 18 -0.01442  1.96694e+00
 19  0.02375 -3.10619e+00 | 20  0.02226  2.52583e+00 | 21  0.00747  2.60832e+00
 22  0.00606  2.98875e-01 | 23  0.01735  2.88421e+00 | 24 -0.03008 -1.01666e+00
 25 -0.01459  1.60413e+00 | 26 -0.03082  4.03330e-02 | 27 -0.02373  1.41812e+00
 28  0.00269  1.26473e+00 | 29 -0.02201  1.31849e-01 | 30 -0.00682  8.29720e-01
 31  0.00147  1.23605e+00 | 32  0.01128  5.67464e-01 | 33 -0.01297 -1.90579e-01
 34 -0.00395  1.84395e+00 | 35  0.01004  1.56686e+00 | 36  0.05051  2.92670e-01
 37 -0.02430  1.67680e+00 | 38  0.01287  1.76041e-01 | 39 -0.02853  1.70673e+00
 40  0.03135  9.37282e-01 | 41 -0.01585 -1.75816e+00 | 42 -0.02135 -4.42702e-01
 43 -0.02711 -4.01607e-01 | 44  0.05268 -2.12242e+00 | 45 -0.00095  1.79582e+00
 46  0.02487  2.85066e+00 | 47  0.00528  1.04839e+00 | 48  0.02292  4.39759e+00
 49  0.00995 -6.87173e-01 | 50 -0.01200  1.95189e+00 | 51 -0.02768 -5.39101e-01
 52 -0.00046 -1.64635e+00 | 53 -0.01988  6.12714e-01 | 54 -0.00718 -1.03168e+00
 55 -0.01201 -2.72148e-01 | 56 -0.00827 -1.93646e+00 | 57  0.03364 -7.43879e-01
 58  0.00319  1.62443e+00 | 59  0.00125 -2.50805e+00 | 60 -0.00402 -1.16813e+00
 61  0.02432 -2.80580e+00 | 62  0.01368 -3.39665e+00 | 63  0.03011 -5.01706e+00
 64  0.04029 -3.73670e+00 | 65  0.03539 -7.32886e+00 | 66 -0.01021  8.13283e-01
 67 -0.06832 -4.59390e-01 | 68 -0.00847 -1.58579e+00 | 69  0.00624  1.72456e-01
 70  0.01303 -6.59924e-01 | 71 -0.00004  1.59898e-02 | 72 -0.03753  2.53150e-01
 73  0.03587  2.25965e+00 | 74 -0.04054  8.84866e-01 | 75 -0.04140  1.07721e+00
 76 -0.03236  1.37005e-01 | 77 -0.01621 -4.29943e+00 | 78  0.00979 -2.64584e+00
 79  0.04278  4.00302e+00 | 80  0.01671 -1.51420e+00 | 81  0.01555 -4.62007e-01
 82  0.03023 -4.62850e+00 | 83 -0.03050 -3.31096e-01 | 84  0.03191  3.78017e+00
 85  0.00690  2.88651e+00 | 86  0.00243 -2.05095e+00 | 87  0.01634 -3.32858e-01
 88 -0.06221  1.60645e+00 | 89  0.02680  1.17316e+00 | 90 -0.02456 -9.46451e-01
 91 -0.02745 -3.88824e-02 | 92 -0.01217 -4.96596e-02 | 93 -0.01542 -1.16801e+00
 94 -0.00908  9.27727e-02 | 95  0.01048 -5.74511e-01 | 96  0.02294 -1.97469e+00
 97  0.01897  1.83392e+00 | 98 -0.00611  1.30428e+00 | 99 -0.01034  9.98193e-01
100  0.02530 -1.05582e+00 |101 -0.00139  1.06169e+00 |102 -0.00220  3.25545e-01
103 -0.00047  4.44049e-01 |104 -0.00047  4.43948e-01 |105  0.78261  1.95307e+00
106 -0.42225 -4.43667e+00 |107  0.18941 -2.70231e+00 |108 -0.26006  8.17955e+00
108 variables; iteration 60; function evaluation 76; phase 4
Function value 2.1543683e+03; maximum gradient component mag -1.5765e+00
Var    Value     Gradient |Var    Value     Gradient |Var    Value     Gradient
  1 -0.43086  2.60530e-01 |  2 -0.42241 -1.03314e+00 |  3 -0.41055  1.13199e+00
  4  0.63000 -1.57652e+00 |  5 -0.00680  1.50423e-01 |  6 -0.00160  5.39514e-02
  7 -0.00641 -1.58302e-01 |  8 -0.00760 -8.22717e-02 |  9  0.00372 -6.02123e-01
 10 -0.00870 -1.13880e-02 | 11 -0.01167  4.92581e-02 | 12  0.00611  4.51556e-01
 13 -0.02690  1.84577e-01 | 14  0.01162 -1.48877e-01 | 15  0.00038  2.31008e-02
 16  0.02467  5.54937e-01 | 17  0.00526 -7.01255e-01 | 18 -0.01462  8.93653e-01
 19  0.02419 -2.27808e-01 | 20  0.02197  8.08669e-02 | 21  0.00719  1.89877e-01
 22  0.00613  7.17184e-01 | 23  0.01713  7.97071e-02 | 24 -0.03000 -6.64695e-01
 25 -0.01473  8.20130e-02 | 26 -0.03073  5.32782e-01 | 27 -0.02387 -2.29107e-02
 28  0.00260  2.08358e-02 | 29 -0.02202 -6.03082e-02 | 30 -0.00686  1.72490e-01
 31  0.00142  4.72650e-01 | 32  0.01124  1.51893e-01 | 33 -0.01296 -1.93716e-01
 34 -0.00407  2.35765e-01 | 35  0.00999  5.95322e-01 | 36  0.05048 -2.71397e-01
 37 -0.02445  1.22348e-01 | 38  0.01286 -1.22235e-01 | 39 -0.02871 -1.86656e-01
 40  0.03130  1.18321e-02 | 41 -0.01574 -6.87193e-01 | 42 -0.02130 -1.15588e-01
 43 -0.02699  4.33621e-01 | 44  0.05276  3.99963e-01 | 45 -0.00113 -3.30686e-01
 46  0.02472  2.96958e-01 | 47  0.00524  3.78977e-01 | 48  0.02268  4.53007e-01
 49  0.00999  1.06347e-01 | 50 -0.01216  2.46517e-01 | 51 -0.02766 -2.93012e-01
 52 -0.00039 -1.29101e-01 | 53 -0.02002 -7.41008e-01 | 54 -0.00713 -1.36719e-01
 55 -0.01204 -3.81517e-01 | 56 -0.00818 -5.76528e-01 | 57  0.03367  9.76767e-01
 58  0.00310  3.20872e-01 | 59  0.00138  2.85727e-02 | 60 -0.00397  3.03848e-02
 61  0.02438 -7.25894e-02 | 62  0.01375 -7.77670e-01 | 63  0.03021 -2.97234e-01
 64  0.04034 -2.46978e-01 | 65  0.03551 -6.02712e-01 | 66 -0.01031 -3.18114e-01
 67 -0.06827 -3.84003e-02 | 68 -0.00844 -8.02748e-01 | 69  0.00623  3.05997e-01
 70  0.01302 -1.08684e-01 | 71 -0.00004  6.09642e-01 | 72 -0.03751  7.25169e-01
 73  0.03581  2.23234e-01 | 74 -0.04060 -7.61803e-02 | 75 -0.04147 -3.40496e-02
 76 -0.03238 -1.41593e-01 | 77 -0.01605 -1.01355e+00 | 78  0.00991  5.29268e-01
 79  0.04269  2.87246e-01 | 80  0.01677  7.06667e-01 | 81  0.01553 -6.08772e-01
 82  0.03032 -3.56391e-01 | 83 -0.03044  4.43003e-01 | 84  0.03183  5.05579e-01
 85  0.00679 -2.69956e-01 | 86  0.00248 -4.28495e-01 | 87  0.01636  2.00456e-01
 88 -0.06229  3.04537e-01 | 89  0.02678  1.42235e-01 | 90 -0.02450 -2.38812e-03
 91 -0.02741  2.26166e-01 | 92 -0.01213  4.30616e-01 | 93 -0.01536 -2.93300e-01
 94 -0.00907 -3.39435e-01 | 95  0.01052 -6.06839e-01 | 96  0.02303 -7.88220e-02
 97  0.01894  1.43240e-01 | 98 -0.00618 -3.10600e-01 | 99 -0.01042 -2.33753e-01
100  0.02548  1.72763e-01 |101 -0.00175 -9.44351e-01 |102 -0.00229 -2.52012e-01
103 -0.00049  5.01414e-03 |104 -0.00049  3.38906e-03 |105  0.78167  1.04583e-01
106 -0.42236 -6.27292e-01 |107  0.18933  5.73174e-01 |108 -0.26007  6.07477e-01

 - final statistics:
108 variables; iteration 72; function evaluation 91
Function value 2.1544e+03; maximum gradient component mag -8.0177e-01
Exit code = 1;  converg criter 1.0000e+00
Var    Value     Gradient |Var    Value     Gradient |Var    Value     Gradient
  1 -0.43091  6.57693e-02 |  2 -0.42240 -4.55238e-01 |  3 -0.41055  6.65981e-01
  4  0.63000 -8.01766e-01 |  5 -0.00683  1.04052e-01 |  6 -0.00162  3.13674e-02
  7 -0.00632 -1.02527e-03 |  8 -0.00756 -5.83220e-03 |  9  0.00390 -2.52065e-01
 10 -0.00873 -7.62085e-02 | 11 -0.01172 -7.64686e-02 | 12  0.00606  3.13115e-01
 13 -0.02694  9.50113e-02 | 14  0.01165 -6.78000e-02 | 15  0.00045  2.15172e-01
 16  0.02459  2.38157e-01 | 17  0.00530 -5.66219e-01 | 18 -0.01465  7.46013e-01
 19  0.02420 -1.59987e-01 | 20  0.02198  9.73045e-02 | 21  0.00716 -4.64115e-02
 22  0.00609  4.24914e-01 | 23  0.01713  5.29524e-02 | 24 -0.02996 -3.51523e-01
 25 -0.01473  6.55813e-02 | 26 -0.03077  2.44071e-01 | 27 -0.02386  4.31918e-02
 28  0.00259  1.27741e-02 | 29 -0.02202 -1.19274e-02 | 30 -0.00687  2.04154e-02
 31  0.00141  3.53533e-01 | 32  0.01123  5.30151e-02 | 33 -0.01296 -1.41565e-01
 34 -0.00408  1.22935e-01 | 35  0.00997  2.96293e-01 | 36  0.05048 -1.73416e-01
 37 -0.02446  1.68505e-02 | 38  0.01286 -1.10731e-01 | 39 -0.02871 -1.24773e-01
 40  0.03129 -3.99309e-02 | 41 -0.01571 -3.01898e-01 | 42 -0.02131 -1.57885e-01
 43 -0.02700  3.43380e-01 | 44  0.05275  2.09477e-01 | 45 -0.00112 -2.00636e-01
 46  0.02473  4.87075e-01 | 47  0.00523  2.17844e-01 | 48  0.02265 -5.69606e-02
 49  0.00997 -1.55522e-01 | 50 -0.01217  1.29904e-01 | 51 -0.02765 -1.86401e-01
 52 -0.00040 -2.18132e-01 | 53 -0.01998 -3.20849e-01 | 54 -0.00711  1.13327e-01
 55 -0.01203 -1.61019e-01 | 56 -0.00816 -3.14987e-01 | 57  0.03366  6.09499e-01
 58  0.00308  7.34776e-02 | 59  0.00136 -2.41327e-01 | 60 -0.00397 -3.77353e-02
 61  0.02438 -4.43412e-03 | 62  0.01376 -4.39528e-01 | 63  0.03022 -1.51937e-01
 64  0.04034 -1.29496e-01 | 65  0.03552 -3.26934e-01 | 66 -0.01030 -1.16674e-02
 67 -0.06827 -8.21188e-02 | 68 -0.00843 -4.92908e-01 | 69  0.00622  1.63985e-01
 70  0.01302 -5.29438e-02 | 71 -0.00005  2.43380e-01 | 72 -0.03752  6.38245e-01
 73  0.03581  1.18985e-01 | 74 -0.04062 -2.90466e-01 | 75 -0.04147 -1.01309e-01
 76 -0.03235  4.01374e-01 | 77 -0.01604 -6.89156e-01 | 78  0.00990  2.97751e-01
 79  0.04268  1.47756e-01 | 80  0.01676  3.42191e-01 | 81  0.01554 -2.77511e-01
 82  0.03033 -1.97332e-01 | 83 -0.03047 -6.28192e-03 | 84  0.03182  2.45626e-01
 85  0.00680  1.54568e-02 | 86  0.00248 -5.02267e-01 | 87  0.01636  1.42673e-01
 88 -0.06231  7.36832e-02 | 89  0.02678  4.01147e-02 | 90 -0.02447  5.68057e-01
 91 -0.02743 -2.22330e-01 | 92 -0.01214  1.76014e-01 | 93 -0.01535 -1.88916e-01
 94 -0.00906 -1.75292e-01 | 95  0.01054 -3.02366e-01 | 96  0.02305  5.02102e-01
 97  0.01895  1.38252e-01 | 98 -0.00617 -2.62085e-01 | 99 -0.01039 -1.82025e-01
100  0.02548  1.85606e-02 |101 -0.00154 -1.71873e-01 |102 -0.00226 -2.36494e-01
103 -0.00050 -3.46018e-02 |104 -0.00050 -3.68721e-02 |105  0.78167  5.42756e-02
106 -0.42235 -2.98598e-01 |107  0.18921  2.77347e-01 |108 -0.26011  3.25816e-01

Initial statistics: 110 variables; iteration 0; function evaluation 0; phase 5
Function value 2.1543677e+03; maximum gradient component mag 2.3251e+01
Var    Value     Gradient |Var    Value     Gradient |Var    Value     Gradient
  1 -0.43091  6.57693e-02 |  2 -0.42240 -4.55238e-01 |  3 -0.41055  6.65981e-01
  4 -0.41222  1.06631e+01 |  5 -0.41222  2.32510e+01 |  6  0.63000 -8.01766e-01
  7 -0.00683  1.04052e-01 |  8 -0.00162  3.13674e-02 |  9 -0.00632 -1.02527e-03
 10 -0.00756 -5.83220e-03 | 11  0.00390 -2.52065e-01 | 12 -0.00873 -7.62290e-02
 13 -0.01172 -7.64891e-02 | 14  0.00606  3.13094e-01 | 15 -0.02694  9.49908e-02
 16  0.01165 -6.78206e-02 | 17  0.00045  2.15151e-01 | 18  0.02459  2.38136e-01
 19  0.00530 -5.66240e-01 | 20 -0.01465  7.45992e-01 | 21  0.02420 -1.60008e-01
 22  0.02198  9.72840e-02 | 23  0.00716 -4.64320e-02 | 24  0.00609  4.24894e-01
 25  0.01713  5.29319e-02 | 26 -0.02996 -3.51543e-01 | 27 -0.01473  6.55608e-02
 28 -0.03077  2.44051e-01 | 29 -0.02386  4.31713e-02 | 30  0.00259  1.27536e-02
 31 -0.02202 -1.19479e-02 | 32 -0.00687  2.03949e-02 | 33  0.00141  3.53513e-01
 34  0.01123  5.29946e-02 | 35 -0.01296 -1.41586e-01 | 36 -0.00408  1.22915e-01
 37  0.00997  2.96273e-01 | 38  0.05048 -1.73437e-01 | 39 -0.02446  1.68300e-02
 40  0.01286 -1.10752e-01 | 41 -0.02871 -1.24793e-01 | 42  0.03129 -3.99514e-02
 43 -0.01571 -3.01919e-01 | 44 -0.02131 -1.57905e-01 | 45 -0.02700  3.43360e-01
 46  0.05275  2.09456e-01 | 47 -0.00112 -2.00657e-01 | 48  0.02473  4.87055e-01
 49  0.00523  2.17823e-01 | 50  0.02265 -5.69811e-02 | 51  0.00997 -1.55543e-01
 52 -0.01217  1.29883e-01 | 53 -0.02765 -1.86421e-01 | 54 -0.00040 -2.18152e-01
 55 -0.01998 -3.20870e-01 | 56 -0.00711  1.13306e-01 | 57 -0.01203 -1.61040e-01
 58 -0.00816 -3.15007e-01 | 59  0.03366  6.09479e-01 | 60  0.00308  7.34570e-02
 61  0.00136 -2.41348e-01 | 62 -0.00397 -3.77558e-02 | 63  0.02438 -4.45462e-03
 64  0.01376 -4.39549e-01 | 65  0.03022 -1.51958e-01 | 66  0.04034 -1.29516e-01
 67  0.03552 -3.26954e-01 | 68 -0.01030 -1.16879e-02 | 69 -0.06827 -8.21392e-02
 70 -0.00843 -4.92929e-01 | 71  0.00622  1.63964e-01 | 72  0.01302 -5.29643e-02
 73 -0.00005  2.43359e-01 | 74 -0.03752  6.38224e-01 | 75  0.03581  1.18964e-01
 76 -0.04062 -2.90487e-01 | 77 -0.04147 -1.01329e-01 | 78 -0.03235  4.01353e-01
 79 -0.01604 -6.89177e-01 | 80  0.00990  2.97730e-01 | 81  0.04268  1.47736e-01
 82  0.01676  3.42171e-01 | 83  0.01554 -2.77532e-01 | 84  0.03033 -1.97353e-01
 85 -0.03047 -6.30241e-03 | 86  0.03182  2.45605e-01 | 87  0.00680  1.54363e-02
 88  0.00248 -5.02287e-01 | 89  0.01636  1.42652e-01 | 90 -0.06231  7.36628e-02
 91  0.02678  4.00942e-02 | 92 -0.02447  5.68037e-01 | 93 -0.02743 -2.22351e-01
 94 -0.01214  1.75994e-01 | 95 -0.01535 -1.88937e-01 | 96 -0.00906 -1.75312e-01
 97  0.01054 -3.02387e-01 | 98  0.02305  5.02081e-01 | 99  0.01895  1.38231e-01
100 -0.00617 -2.62106e-01 |101 -0.01039 -1.82046e-01 |102  0.02548  1.85401e-02
103 -0.00154 -1.71894e-01 |104 -0.00226 -2.36514e-01 |105 -0.00050 -3.46224e-02
106 -0.00050 -3.68926e-02 |107  0.78167  5.42756e-02 |108 -0.42235 -2.98598e-01
109  0.18921  2.77347e-01 |110 -0.26011  3.25816e-01 |

Intermediate statistics: 110 variables; iteration 20; function evaluation 25; phase 5
Function value 2.1542597e+03; maximum gradient component mag 1.9228e+02
Var    Value     Gradient |Var    Value     Gradient |Var    Value     Gradient
  1 -0.42072  1.48776e+01 |  2 -0.42108  1.92282e+02 |  3 -0.41410  6.08601e+01
  4 -0.42425  6.29552e+00 |  5 -0.41699  1.83449e+01 |  6  0.62964 -2.27651e+01
  7 -0.00697  3.40694e-01 |  8 -0.00166  8.15929e-02 |  9 -0.00635  7.51899e-02
 10 -0.00760  8.86058e-02 | 11  0.00392  3.12734e-02 | 12 -0.00875  8.27404e-01
 13 -0.01174  8.49782e-01 | 14  0.00593  1.12610e+00 | 15 -0.02700  9.46235e-01
 16  0.01162  1.14816e+00 | 17  0.00037  1.24585e+00 | 18  0.02452  1.56483e+00
 19  0.00536  1.16388e+00 | 20 -0.01481  1.44864e+00 | 21  0.02423  2.00116e+00
 22  0.02199  2.22885e+00 | 23  0.00718  1.97272e+00 | 24  0.00605  1.65313e+00
 25  0.01716  1.37321e+00 | 26 -0.02981  6.29868e-01 | 27 -0.01458  5.86700e-02
 28 -0.03062 -6.10303e-01 | 29 -0.02376  1.35226e-02 | 30  0.00264  8.13840e-01
 31 -0.02190  7.34036e-01 | 32 -0.00672  6.67702e-01 | 33  0.00149  4.94993e-01
 34  0.01131  5.87843e-01 | 35 -0.01288  7.83672e-01 | 36 -0.00403  8.97858e-01
 37  0.00999  9.08532e-01 | 38  0.05051  7.78483e-01 | 39 -0.02443  7.91657e-01
 40  0.01293  6.18403e-01 | 41 -0.02860  2.10908e-01 | 42  0.03138 -4.10506e-01
 43 -0.01561  5.30650e-01 | 44 -0.02121  6.31461e-01 | 45 -0.02692  2.62591e-01
 46  0.05284 -9.24738e-01 | 47 -0.00115  4.87552e-01 | 48  0.02462 -1.23908e+00
 49  0.00522 -1.37278e-01 | 50  0.02267 -1.02552e+00 | 51  0.01000 -6.91587e-01
 52 -0.01213 -4.25070e-01 | 53 -0.02755 -3.10661e-01 | 54 -0.00038  7.45231e-02
 55 -0.01991 -1.59656e-02 | 56 -0.00706 -8.06825e-01 | 57 -0.01193 -8.47200e-01
 58 -0.00810 -9.48030e-01 | 59  0.03351 -4.97693e+00 | 60  0.00309 -2.11483e-01
 61  0.00146 -8.55623e-01 | 62 -0.00396 -1.90920e+00 | 63  0.02425 -5.19467e+00
 64  0.01361 -3.65163e+00 | 65  0.02994 -7.65219e+00 | 66  0.04008 -8.54337e+00
 67  0.03552 -6.02943e+00 | 68 -0.01028 -2.50647e+00 | 69 -0.06818 -6.91674e-01
 70 -0.00836 -9.59215e-01 | 71  0.00618 -1.81429e-01 | 72  0.01297 -1.67880e+00
 73 -0.00003 -6.85997e-01 | 74 -0.03765 -2.02458e+00 | 75  0.03575 -7.36007e-01
 76 -0.04054  1.41929e-02 | 77 -0.04146 -2.14103e-01 | 78 -0.03246 -2.79286e+00
 79 -0.01592  3.16579e+00 | 80  0.00986  2.06678e+00 | 81  0.04277  8.03697e+00
 82  0.01675  1.25375e+00 | 83  0.01558  1.24073e+00 | 84  0.03027 -1.56552e+00
 85 -0.03040  1.30139e-01 | 86  0.03185  3.89990e+00 | 87  0.00684  1.51603e+00
 88  0.00243  7.39773e-01 | 89  0.01637  1.59085e+00 | 90 -0.06230  2.68593e-01
 91  0.02677  3.98089e+00 | 92 -0.02453 -2.68590e+00 | 93 -0.02738  3.17826e-01
 94 -0.01210 -9.27542e-01 | 95 -0.01535  1.07717e+00 | 96 -0.00926  6.51912e-01
 97  0.01046  6.21143e-01 | 98  0.02281 -2.70391e-01 | 99  0.01877  3.88444e-01
100 -0.00633 -6.88587e-03 |101 -0.01043  2.40162e-01 |102  0.02524  8.84655e-01
103 -0.00149  1.81824e+00 |104 -0.00232  6.23866e-01 |105 -0.00046  7.15435e-01
106 -0.00046  7.14793e-01 |107  0.78230  3.47099e+00 |108 -0.42226 -2.28736e+01
109  0.19117 -1.60663e+01 |110 -0.25972  4.75281e+01 |
110 variables; iteration 40; function evaluation 49; phase 5
Function value 2.1542247e+03; maximum gradient component mag 1.0514e+01
Var    Value     Gradient |Var    Value     Gradient |Var    Value     Gradient
  1 -0.42092  6.59721e-01 |  2 -0.42114  1.05137e+01 |  3 -0.41409  3.03658e+00
  4 -0.42514  5.55988e-01 |  5 -0.41847  8.88245e-01 |  6  0.62992  1.56562e-01
  7 -0.00687  2.90639e-01 |  8 -0.00164  6.30699e-02 |  9 -0.00633  4.29558e-02
 10 -0.00757  5.86047e-02 | 11  0.00416  3.76791e-01 | 12 -0.00859  3.01072e-01
 13 -0.01156  3.82681e-01 | 14  0.00558 -6.22617e-01 | 15 -0.02703  1.70732e-02
 16  0.01151 -2.21987e-01 | 17  0.00041  3.78320e-01 | 18  0.02451  3.10592e-01
 19  0.00622  3.61443e+00 | 20 -0.01468  9.52789e-01 | 21  0.02415  2.08548e-01
 22  0.02185  2.61038e-02 | 23  0.00719  1.09521e+00 | 24  0.00601  3.73680e-01
 25  0.01712 -2.46778e-01 | 26 -0.02975  1.54370e-01 | 27 -0.01455 -8.07399e-01
 28 -0.03034  6.39348e-01 | 29 -0.02371 -3.02449e-01 | 30  0.00265 -3.29699e-02
 31 -0.02185 -2.98055e-02 | 32 -0.00668 -2.58505e-01 | 33  0.00152 -2.26764e-01
 34  0.01132  1.54037e-02 | 35 -0.01288  6.37102e-02 | 36 -0.00398  6.37295e-01
 37  0.00998 -5.20025e-02 | 38  0.05047 -3.38617e-01 | 39 -0.02455 -6.80691e-01
 40  0.01294  4.48050e-01 | 41 -0.02854 -5.31297e-02 | 42  0.03138 -5.01239e-01
 43 -0.01560  2.39620e-01 | 44 -0.02123 -1.98684e-01 | 45 -0.02678  7.41765e-01
 46  0.05294  1.70550e+00 | 47 -0.00132 -1.29360e+00 | 48  0.02469  5.33090e-01
 49  0.00519 -3.90436e-01 | 50  0.02270  3.71586e-01 | 51  0.01000  2.17478e-02
 52 -0.01205  1.00721e+00 | 53 -0.02754 -4.39459e-02 | 54 -0.00041  7.26358e-01
 55 -0.01998 -4.95426e-01 | 56 -0.00704 -6.01294e-02 | 57 -0.01190  7.09159e-02
 58 -0.00809  9.18630e-02 | 59  0.03357  1.03919e-01 | 60  0.00296 -4.30902e-01
 61  0.00143  1.37902e-01 | 62 -0.00392  2.93284e-01 | 63  0.02428 -8.50248e-01
 64  0.01367  8.67210e-01 | 65  0.03006 -2.65845e-01 | 66  0.04015 -3.91807e-01
 67  0.03558 -8.58192e-02 | 68 -0.01023  7.20223e-01 | 69 -0.06807  2.00259e-01
 70 -0.00835  1.61451e-01 | 71  0.00614 -3.27425e-01 | 72  0.01299  1.39610e+00
 73 -0.00008 -9.73185e-01 | 74 -0.03756  1.75746e-01 | 75  0.03571  8.35281e-02
 76 -0.04061 -5.07714e-01 | 77 -0.04150 -7.55890e-01 | 78 -0.03237 -1.18193e+00
 79 -0.01601  7.38957e-02 | 80  0.00984  1.14766e+00 | 81  0.04260  4.01255e-01
 82  0.01665 -9.91246e-01 | 83  0.01557  1.14269e+00 | 84  0.03027  1.46821e-01
 85 -0.03041 -7.01193e-01 | 86  0.03172  3.79343e-01 | 87  0.00678  5.67330e-03
 88  0.00235 -1.55235e-01 | 89  0.01630 -3.17979e-01 | 90 -0.06228  1.29069e-01
 91  0.02664  1.12257e-01 | 92 -0.02440  3.42793e-01 | 93 -0.02742 -3.90963e-01
 94 -0.01213 -9.05307e-01 | 95 -0.01553 -2.17644e+00 | 96 -0.00935 -4.14905e-01
 97  0.01035 -2.29298e+00 | 98  0.02270 -8.30660e-01 | 99  0.01876  1.09525e+00
100 -0.00642 -3.94682e-01 |101 -0.01043 -4.39809e-01 |102  0.02500 -1.31487e+00
103 -0.00156  2.27068e-01 |104 -0.00233 -1.84699e-01 |105 -0.00045  2.65712e-02
106 -0.00045  2.63219e-02 |107  0.78254  5.30627e-01 |108 -0.42202 -7.87722e-01
109  0.19071 -2.78241e-01 |110 -0.26004  1.22572e+00 |
110 variables; iteration 60; function evaluation 76; phase 5
Function value 2.1542219e+03; maximum gradient component mag 9.1654e-01
Var    Value     Gradient |Var    Value     Gradient |Var    Value     Gradient
  1 -0.42092  4.05426e-02 |  2 -0.42113  8.92701e-01 |  3 -0.41412  1.92602e-01
  4 -0.42527  6.96371e-02 |  5 -0.41853  1.03311e-01 |  6  0.62992  1.37517e-01
  7 -0.00696  2.57140e-02 |  8 -0.00165  5.82762e-03 |  9 -0.00635 -1.19890e-02
 10 -0.00759 -1.41636e-02 | 11  0.00409  1.92068e-01 | 12 -0.00864  1.53474e-01
 13 -0.01163  1.85062e-01 | 14  0.00585 -6.98538e-02 | 15 -0.02703 -4.18346e-02
 16  0.01156 -1.88975e-01 | 17  0.00031 -5.20039e-02 | 18  0.02447 -4.55965e-02
 19  0.00549  4.19166e-01 | 20 -0.01489  2.77776e-02 | 21  0.02412 -1.77702e-01
 22  0.02187 -7.70501e-02 | 23  0.00710  2.54398e-01 | 24  0.00596 -1.73154e-01
 25  0.01714  4.96698e-02 | 26 -0.02970  5.41937e-01 | 27 -0.01453 -5.17295e-01
 28 -0.03039  2.49849e-01 | 29 -0.02368  2.53206e-02 | 30  0.00264 -3.22672e-02
 31 -0.02186 -6.20397e-02 | 32 -0.00667 -5.24526e-02 | 33  0.00154  6.20403e-03
 34  0.01133  1.23615e-02 | 35 -0.01286  1.40975e-01 | 36 -0.00401  9.33231e-02
 37  0.01001  9.96438e-02 | 38  0.05049 -7.03220e-02 | 39 -0.02445  5.99167e-02
 40  0.01293  1.57654e-01 | 41 -0.02854 -1.54253e-01 | 42  0.03141  2.04980e-02
 43 -0.01560  1.93576e-01 | 44 -0.02123 -3.27013e-01 | 45 -0.02692 -6.66743e-01
 46  0.05288 -8.39124e-02 | 47 -0.00122 -2.37500e-01 | 48  0.02468  2.97941e-01
 49  0.00520 -3.70435e-01 | 50  0.02270  2.57999e-01 | 51  0.01002  2.10693e-01
 52 -0.01212  3.90649e-03 | 53 -0.02754 -1.58511e-01 | 54 -0.00045 -2.15677e-02
 55 -0.01995 -2.25521e-01 | 56 -0.00703 -6.57719e-02 | 57 -0.01191 -1.50169e-01
 58 -0.00811 -3.22144e-01 | 59  0.03357 -2.59822e-01 | 60  0.00299 -1.56880e-01
 61  0.00143 -9.20263e-03 | 62 -0.00392  2.05768e-01 | 63  0.02431 -1.48044e-01
 64  0.01367  6.69156e-01 | 65  0.03007 -1.18593e-01 | 66  0.04016  1.09666e-02
 67  0.03559 -4.91693e-02 | 68 -0.01025  3.23765e-01 | 69 -0.06803  5.63473e-01
 70 -0.00834  5.08941e-01 | 71  0.00615 -1.84441e-01 | 72  0.01294 -1.42333e-01
 73 -0.00001  9.16541e-01 | 74 -0.03756  2.49075e-01 | 75  0.03572 -7.44708e-03
 76 -0.04058  1.50170e-02 | 77 -0.04145  5.27577e-03 | 78 -0.03232 -3.22443e-01
 79 -0.01600  2.16413e-01 | 80  0.00981 -2.22290e-02 | 81  0.04260  5.82106e-02
 82  0.01666 -8.86449e-01 | 83  0.01555  3.58654e-01 | 84  0.03027 -4.49188e-02
 85 -0.03038 -3.62448e-01 | 86  0.03172  8.10765e-02 | 87  0.00677 -2.38241e-01
 88  0.00235 -1.40106e-01 | 89  0.01632 -2.25123e-02 | 90 -0.06224  5.04708e-01
 91  0.02665 -1.49807e-02 | 92 -0.02439  2.43654e-01 | 93 -0.02738  1.12709e-01
 94 -0.01207  1.50375e-01 | 95 -0.01542 -1.85509e-01 | 96 -0.00932  8.70442e-02
 97  0.01043 -5.71315e-01 | 98  0.02275  3.25470e-02 | 99  0.01877  4.43925e-01
100 -0.00638 -2.53805e-01 |101 -0.01038 -2.21417e-01 |102  0.02512 -4.43844e-01
103 -0.00156  5.25616e-02 |104 -0.00224 -7.18499e-02 |105 -0.00047 -1.87307e-02
106 -0.00047 -1.91734e-02 |107  0.78246  7.63685e-02 |108 -0.42203 -5.46502e-02
109  0.19069  5.32034e-02 |110 -0.26005  4.67483e-03 |
110 variables; iteration 80; function evaluation 101; phase 5
Function value 2.1542217e+03; maximum gradient component mag 2.2658e-01
Var    Value     Gradient |Var    Value     Gradient |Var    Value     Gradient
  1 -0.42092 -1.59797e-02 |  2 -0.42113 -2.73792e-02 |  3 -0.41412 -2.75386e-02
  4 -0.42531 -2.09192e-02 |  5 -0.41853 -3.70495e-03 |  6  0.62992 -4.90868e-03
  7 -0.00694  5.31960e-02 |  8 -0.00165  8.86109e-03 |  9 -0.00636 -3.58128e-02
 10 -0.00760 -3.70578e-02 | 11  0.00400  2.91528e-02 | 12 -0.00873 -2.76293e-02
 13 -0.01175 -7.20621e-02 | 14  0.00587 -2.70731e-02 | 15 -0.02700  2.04639e-02
 16  0.01163  3.12420e-02 | 17  0.00026 -1.97734e-01 | 18  0.02448 -3.34447e-02
 19  0.00538 -5.16192e-02 | 20 -0.01483  2.26577e-01 | 21  0.02415  7.03455e-03
 22  0.02188  1.97297e-02 | 23  0.00707 -9.87338e-03 | 24  0.00598 -1.29780e-02
 25  0.01714  3.55041e-03 | 26 -0.02977  2.38410e-02 | 27 -0.01447  1.40676e-02
 28 -0.03043 -1.27208e-02 | 29 -0.02368  6.02013e-02 | 30  0.00264 -1.96672e-02
 31 -0.02186 -1.53251e-02 | 32 -0.00666  2.38612e-03 | 33  0.00154 -1.88098e-02
 34  0.01132 -3.12398e-02 | 35 -0.01288 -4.09705e-02 | 36 -0.00402 -1.41211e-02
 37  0.01000  2.02083e-02 | 38  0.05049 -3.33911e-02 | 39 -0.02446 -4.02007e-02
 40  0.01292 -2.80239e-02 | 41 -0.02852  3.76688e-02 | 42  0.03141 -9.68066e-02
 43 -0.01561  6.43244e-02 | 44 -0.02120 -4.28742e-02 | 45 -0.02684  5.53592e-02
 46  0.05288 -1.99842e-02 | 47 -0.00120  3.37010e-02 | 48  0.02467 -6.11944e-03
 49  0.00522 -3.47753e-04 | 50  0.02268 -3.80849e-02 | 51  0.01000 -7.71866e-03
 52 -0.01212  4.35285e-02 | 53 -0.02753 -9.76556e-03 | 54 -0.00045 -1.27400e-03
 55 -0.01993  5.17192e-02 | 56 -0.00703  1.87914e-02 | 57 -0.01190  9.37392e-05
 58 -0.00809 -4.27524e-03 | 59  0.03358 -4.16999e-02 | 60  0.00299 -2.41557e-02
 61  0.00143  1.14396e-01 | 62 -0.00393  4.72151e-02 | 63  0.02431 -6.14042e-03
 64  0.01364 -2.22352e-02 | 65  0.03007  5.27446e-04 | 66  0.04016 -4.73985e-03
 67  0.03559  4.04827e-03 | 68 -0.01027 -8.39929e-02 | 69 -0.06808 -2.02569e-02
 70 -0.00835  9.03321e-03 | 71  0.00616 -4.61462e-03 | 72  0.01295 -2.06022e-03
 73 -0.00004 -2.43927e-02 | 74 -0.03757 -1.31170e-02 | 75  0.03572 -4.83948e-03
 76 -0.04058  5.69543e-03 | 77 -0.04145  3.47819e-02 | 78 -0.03230  1.90263e-02
 79 -0.01602 -1.58065e-01 | 80  0.00981  1.83829e-02 | 81  0.04260 -5.45632e-03
 82  0.01669  2.07406e-02 | 83  0.01553  3.02623e-03 | 84  0.03027  4.57301e-04
 85 -0.03036  2.06232e-03 | 86  0.03172 -3.12531e-03 | 87  0.00678  1.25147e-02
 88  0.00236 -8.78438e-03 | 89  0.01632  2.52503e-03 | 90 -0.06228 -5.95265e-03
 91  0.02665  4.90697e-03 | 92 -0.02440 -2.42151e-02 | 93 -0.02739 -3.68795e-02
 94 -0.01208 -1.26635e-02 | 95 -0.01541  7.41714e-03 | 96 -0.00932  1.01365e-01
 97  0.01046  3.97686e-02 | 98  0.02276  1.80711e-01 | 99  0.01875  5.18528e-02
100 -0.00635  2.24908e-02 |101 -0.01035 -3.97766e-02 |102  0.02517  3.50594e-02
103 -0.00155  5.12257e-02 |104 -0.00220 -1.37929e-03 |105 -0.00048 -3.00528e-02
106 -0.00048 -3.05715e-02 |107  0.78242 -2.66494e-02 |108 -0.42204 -1.31342e-02
109  0.19068 -1.61927e-02 |110 -0.26005 -9.14444e-04 |
110 variables; iteration 100; function evaluation 128; phase 5
Function value 2.1542217e+03; maximum gradient component mag 1.1874e-01
Var    Value     Gradient |Var    Value     Gradient |Var    Value     Gradient
  1 -0.42092 -1.16320e-02 |  2 -0.42113 -1.08187e-02 |  3 -0.41412 -1.36790e-02
  4 -0.42531 -1.71492e-02 |  5 -0.41853 -2.93520e-03 |  6  0.62992 -8.31183e-04
  7 -0.00693  7.00180e-02 |  8 -0.00165  9.29311e-03 |  9 -0.00636 -4.10972e-02
 10 -0.00758  6.64126e-03 | 11  0.00400  2.76868e-02 | 12 -0.00873 -2.10544e-02
 13 -0.01174 -4.79279e-02 | 14  0.00588 -1.45904e-03 | 15 -0.02700  2.01661e-02
 16  0.01163  1.59419e-02 | 17  0.00030 -8.90979e-02 | 18  0.02448 -2.20028e-02
 19  0.00538 -3.21025e-02 | 20 -0.01486  1.18742e-01 | 21  0.02415  4.91527e-03
 22  0.02189  5.62089e-02 | 23  0.00707 -2.66295e-02 | 24  0.00598 -1.21420e-02
 25  0.01714 -9.08288e-04 | 26 -0.02977  5.24548e-03 | 27 -0.01447 -4.28998e-04
 28 -0.03042  1.00918e-02 | 29 -0.02368  2.99671e-02 | 30  0.00264  2.63678e-02
 31 -0.02186  6.45128e-03 | 32 -0.00666 -7.76086e-03 | 33  0.00154  2.14281e-03
 34  0.01133  1.11693e-02 | 35 -0.01288 -6.49520e-03 | 36 -0.00402 -3.81947e-02
 37  0.01000 -1.29948e-02 | 38  0.05049 -2.66041e-02 | 39 -0.02447 -4.19171e-02
 40  0.01292  2.37852e-03 | 41 -0.02853 -2.67035e-02 | 42  0.03141 -9.88159e-02
 43 -0.01562  6.21770e-03 | 44 -0.02120 -8.75612e-03 | 45 -0.02684  3.58262e-02
 46  0.05288 -1.38188e-02 | 47 -0.00120  3.60940e-03 | 48  0.02467 -1.71265e-02
 49  0.00523  2.41254e-02 | 50  0.02269  3.89025e-02 | 51  0.01000  8.68934e-04
 52 -0.01212  2.13981e-02 | 53 -0.02752  9.96407e-03 | 54 -0.00045  8.59612e-03
 55 -0.01993  3.02265e-02 | 56 -0.00703 -2.68726e-02 | 57 -0.01190 -1.96736e-02
 58 -0.00809 -2.17542e-03 | 59  0.03358 -2.60219e-02 | 60  0.00300  4.78190e-02
 61  0.00143  7.05238e-03 | 62 -0.00393  4.73531e-02 | 63  0.02431 -2.69179e-03
 64  0.01364 -1.57429e-02 | 65  0.03007  1.54760e-03 | 66  0.04016 -2.20222e-03
 67  0.03559  3.65985e-03 | 68 -0.01026 -5.41214e-02 | 69 -0.06808 -6.55798e-04
 70 -0.00835  6.37379e-03 | 71  0.00616 -2.08485e-03 | 72  0.01295 -6.68600e-04
 73 -0.00004 -1.64547e-02 | 74 -0.03757 -1.07385e-02 | 75  0.03572 -1.36230e-03
 76 -0.04058 -2.67097e-02 | 77 -0.04145  1.71856e-02 | 78 -0.03230  2.88617e-02
 79 -0.01602 -1.02467e-01 | 80  0.00981  1.12669e-02 | 81  0.04260 -2.92513e-03
 82  0.01669  1.49340e-02 | 83  0.01553  3.17616e-03 | 84  0.03027 -1.11016e-04
 85 -0.03036  2.13900e-02 | 86  0.03172 -2.60924e-03 | 87  0.00678  1.01333e-02
 88  0.00235 -5.79411e-03 | 89  0.01632  1.93868e-03 | 90 -0.06228  3.97384e-03
 91  0.02665  3.52998e-03 | 92 -0.02440 -2.05917e-02 | 93 -0.02739 -2.29567e-02
 94 -0.01208 -5.34753e-03 | 95 -0.01541  6.01484e-03 | 96 -0.00932  6.53310e-02
 97  0.01046  2.77190e-02 | 98  0.02276  1.06714e-01 | 99  0.01875  3.66998e-02
100 -0.00635 -1.28050e-02 |101 -0.01035 -3.05190e-02 |102  0.02517  3.88288e-02
103 -0.00156  2.50417e-02 |104 -0.00220 -8.35721e-03 |105 -0.00048 -2.46781e-02
106 -0.00048 -2.55098e-02 |107  0.78241 -2.82499e-02 |108 -0.42204 -1.40089e-02
109  0.19068 -1.00795e-02 |110 -0.26005 -9.53729e-04 |
110 variables; iteration 120; function evaluation 159; phase 5
Function value 2.1542217e+03; maximum gradient component mag 1.2405e-02
Var    Value     Gradient |Var    Value     Gradient |Var    Value     Gradient
  1 -0.42092 -5.59579e-05 |  2 -0.42113  1.72052e-04 |  3 -0.41412  3.34832e-04
  4 -0.42530 -2.70508e-04 |  5 -0.41853  8.86380e-05 |  6  0.62992  7.73878e-04
  7 -0.00697  1.91350e-03 |  8 -0.00166  1.02462e-03 |  9 -0.00634 -1.31143e-03
 10 -0.00758  2.33382e-04 | 11  0.00399  7.73617e-04 | 12 -0.00872 -5.59412e-04
 13 -0.01172 -1.53797e-03 | 14  0.00588 -1.00563e-04 | 15 -0.02701  5.43772e-04
 16  0.01162  3.87509e-04 | 17  0.00033 -2.73960e-03 | 18  0.02448 -7.97925e-04
 19  0.00539 -1.08110e-03 | 20 -0.01489  3.43792e-03 | 21  0.02415 -1.37752e-04
 22  0.02188  1.24293e-03 | 23  0.00707 -1.10037e-03 | 24  0.00598 -1.41921e-04
 25  0.01714 -2.94360e-03 | 26 -0.02977 -3.58314e-05 | 27 -0.01447  1.40012e-04
 28 -0.03043  2.47117e-04 | 29 -0.02369  1.14731e-03 | 30  0.00264  5.20543e-03
 31 -0.02186  2.05783e-03 | 32 -0.00666  3.75343e-03 | 33  0.00154 -1.13063e-03
 34  0.01133 -5.14566e-03 | 35 -0.01288  2.35049e-03 | 36 -0.00402  3.28480e-03
 37  0.01000 -3.37732e-04 | 38  0.05049 -1.02418e-03 | 39 -0.02446 -1.75270e-03
 40  0.01292  5.00730e-03 | 41 -0.02852 -4.96439e-04 | 42  0.03141 -3.54421e-03
 43 -0.01562  3.05851e-03 | 44 -0.02120  5.91086e-04 | 45 -0.02685  9.51552e-04
 46  0.05288 -9.08944e-04 | 47 -0.00120  8.16995e-04 | 48  0.02467 -1.19550e-03
 49  0.00522 -1.61602e-03 | 50  0.02269 -2.24234e-03 | 51  0.01000  1.24046e-02
 52 -0.01212  1.50040e-03 | 53 -0.02753  1.44378e-04 | 54 -0.00045 -1.89673e-03
 55 -0.01993  3.51342e-03 | 56 -0.00703 -6.18369e-04 | 57 -0.01190 -4.06866e-03
 58 -0.00809  2.52752e-03 | 59  0.03358 -1.67214e-03 | 60  0.00299 -1.04505e-03
 61  0.00143 -1.39230e-03 | 62 -0.00393 -4.08130e-04 | 63  0.02431 -5.57474e-04
 64  0.01364 -1.03163e-03 | 65  0.03007 -2.84252e-04 | 66  0.04016 -2.94866e-04
 67  0.03559 -6.17606e-05 | 68 -0.01026 -1.94272e-03 | 69 -0.06808  7.37754e-04
 70 -0.00835 -1.05353e-04 | 71  0.00616 -2.43835e-04 | 72  0.01295 -1.91388e-04
 73 -0.00004 -5.02933e-04 | 74 -0.03757 -3.21318e-03 | 75  0.03572 -3.26294e-05
 76 -0.04058 -4.39481e-03 | 77 -0.04146  2.18685e-03 | 78 -0.03231 -2.09027e-04
 79 -0.01601 -3.37665e-03 | 80  0.00981  1.09344e-04 | 81  0.04260 -1.73285e-04
 82  0.01669  3.46692e-04 | 83  0.01553  5.05400e-06 | 84  0.03027 -2.57259e-04
 85 -0.03036  3.86946e-03 | 86  0.03172 -3.55073e-04 | 87  0.00678  7.90542e-05
 88  0.00235 -4.29335e-04 | 89  0.01632 -1.93938e-04 | 90 -0.06228 -4.86165e-04
 91  0.02665 -1.69748e-04 | 92 -0.02440 -1.25043e-03 | 93 -0.02739 -1.72412e-03
 94 -0.01208 -7.36633e-04 | 95 -0.01542 -6.35690e-04 | 96 -0.00932  1.05390e-03
 97  0.01046  7.31107e-05 | 98  0.02275  2.48614e-03 | 99  0.01875  4.83166e-04
100 -0.00635 -4.13038e-03 |101 -0.01035 -6.38193e-04 |102  0.02516  4.43831e-03
103 -0.00157  8.58100e-04 |104 -0.00220 -2.57199e-04 |105 -0.00046  6.89286e-04
106 -0.00046 -2.19266e-03 |107  0.78243 -5.95673e-04 |108 -0.42204 -2.70595e-04
109  0.19068 -3.45233e-04 |110 -0.26005 -1.82668e-04 |

 - final statistics:
110 variables; iteration 121; function evaluation 160
Function value 2.1542e+03; maximum gradient component mag 1.3581e-06
Exit code = 1;  converg criter 1.0000e-04
Var    Value     Gradient |Var    Value     Gradient |Var    Value     Gradient
  1 -0.42092  2.77013e-08 |  2 -0.42113  1.35815e-06 |  3 -0.41412  3.48882e-07
  4 -0.42530  1.03055e-08 |  5 -0.41853  5.33067e-08 |  6  0.62992  7.60659e-07
  7 -0.00697  2.50106e-08 |  8 -0.00166  3.80933e-09 |  9 -0.00634  3.36396e-09
 10 -0.00758  2.22650e-09 | 11  0.00399  3.97953e-09 | 12 -0.00872 -1.75839e-08
 13 -0.01171 -9.11535e-09 | 14  0.00588 -1.70801e-08 | 15 -0.02701 -1.81096e-08
 16  0.01162 -1.58051e-08 | 17  0.00033  2.43026e-08 | 18  0.02448 -1.07287e-08
 19  0.00539 -9.09594e-09 | 20 -0.01489  3.69166e-08 | 21  0.02415 -1.39108e-08
 22  0.02188 -1.23435e-08 | 23  0.00707 -1.51104e-08 | 24  0.00598 -2.20799e-08
 25  0.01714 -7.44734e-09 | 26 -0.02977 -2.76362e-08 | 27 -0.01447 -3.13647e-08
 28 -0.03043 -3.03702e-08 | 29 -0.02369 -3.08994e-08 | 30  0.00264  6.49683e-09
 31 -0.02186 -2.62723e-08 | 32 -0.00666 -2.68812e-09 | 33  0.00154 -2.03096e-08
 34  0.01133  2.71290e-08 | 35 -0.01288 -7.24299e-09 | 36 -0.00402  1.20814e-09
 37  0.01000 -2.01286e-08 | 38  0.05049 -1.19962e-08 | 39 -0.02446 -9.52968e-09
 40  0.01292  3.28262e-08 | 41 -0.02852 -1.60201e-08 | 42  0.03141  1.25588e-08
 43 -0.01562  9.09370e-09 | 44 -0.02120 -1.34177e-08 | 45 -0.02685 -1.15690e-08
 46  0.05288  8.16060e-09 | 47 -0.00120 -8.50397e-09 | 48  0.02467  3.30205e-09
 49  0.00522 -5.68675e-10 | 50  0.02269  1.22956e-08 | 51  0.01000  2.79034e-07
 52 -0.01212 -3.40642e-10 | 53 -0.02753 -8.42470e-09 | 54 -0.00045  7.28165e-09
 55 -0.01993  2.55033e-08 | 56 -0.00703  6.71021e-09 | 57 -0.01190  4.46912e-08
 58 -0.00809  2.66656e-08 | 59  0.03358  5.54904e-08 | 60  0.00299  2.67661e-08
 61  0.00143  2.74458e-08 | 62 -0.00393  2.20257e-08 | 63  0.02431  4.00157e-08
 64  0.01364  2.43395e-08 | 65  0.03007  3.35599e-08 | 66  0.04016  3.82825e-08
 67  0.03559  3.31286e-08 | 68 -0.01026  8.16512e-09 | 69 -0.06808 -9.63248e-09
 70 -0.00835 -2.92047e-09 | 71  0.00616  7.35991e-10 | 72  0.01295  1.25021e-09
 73 -0.00004 -3.04891e-09 | 74 -0.03757  7.84160e-09 | 75  0.03572  5.80016e-09
 76 -0.04058  2.05924e-08 | 77 -0.04146 -4.75508e-09 | 78 -0.03231 -1.38343e-08
 79 -0.01601 -2.00080e-09 | 80  0.00981 -1.08037e-08 | 81  0.04260 -5.30205e-09
 82  0.01669 -8.39100e-09 | 83  0.01553 -1.14251e-08 | 84  0.03027 -8.78196e-09
 85 -0.03036  1.36870e-08 | 86  0.03172 -1.16021e-08 | 87  0.00678 -1.62245e-08
 88  0.00235 -1.94937e-08 | 89  0.01632 -1.85289e-08 | 90 -0.06228 -2.02998e-08
 91  0.02665 -2.23397e-08 | 92 -0.02440 -1.88389e-08 | 93 -0.02739 -1.73265e-08
 94 -0.01208 -2.24750e-08 | 95 -0.01542 -2.44407e-08 | 96 -0.00932 -2.59292e-08
 97  0.01046 -2.95200e-08 | 98  0.02275 -2.36511e-08 | 99  0.01875 -3.01614e-08
100 -0.00635  1.07303e-08 |101 -0.01035 -2.77935e-08 |102  0.02516  1.60740e-08
103 -0.00157 -2.48937e-08 |104 -0.00220 -2.14911e-08 |105 -0.00046 -2.11113e-08
106 -0.00046 -2.22319e-08 |107  0.78243  2.29160e-08 |108 -0.42204 -6.18172e-08
109  0.19068  1.41553e-08 |110 -0.26005 -3.45533e-08 |

 - final statistics:
122 variables; iteration 0; function evaluation 0
Function value 2.1542e+03; maximum gradient component mag 1.3582e-06
Exit code = 0;  converg criter 1.0000e-04
Var    Value     Gradient |Var    Value     Gradient |Var    Value     Gradient
  1 -0.42092  2.77209e-08 |  2 -0.42113  1.35821e-06 |  3 -0.41412  3.48937e-07
  4 -0.42530  1.03106e-08 |  5 -0.41853  5.33155e-08 |  6  0.62992  7.60507e-07
  7 -0.00697  2.50104e-08 |  8 -0.00166  3.80927e-09 |  9 -0.00634  3.36388e-09
 10 -0.00758  2.22641e-09 | 11  0.00399  3.97938e-09 | 12 -0.00872 -1.76324e-08
 13 -0.01171 -9.16381e-09 | 14  0.00588 -1.71287e-08 | 15 -0.02701 -1.81581e-08
 16  0.01162 -1.58542e-08 | 17  0.00033  2.42537e-08 | 18  0.02448 -1.07779e-08
 19  0.00539 -9.14513e-09 | 20 -0.01489  3.68675e-08 | 21  0.02415 -1.39609e-08
 22  0.02188 -1.23940e-08 | 23  0.00707 -1.51608e-08 | 24  0.00598 -2.21308e-08
 25  0.01714 -7.49928e-09 | 26 -0.02977 -2.76863e-08 | 27 -0.01447 -3.14155e-08
 28 -0.03043 -3.04202e-08 | 29 -0.02369 -3.09499e-08 | 30  0.00264  6.44368e-09
 31 -0.02186 -2.63223e-08 | 32 -0.00666 -2.73863e-09 | 33  0.00154 -2.03603e-08
 34  0.01133  2.70790e-08 | 35 -0.01288 -7.29372e-09 | 36 -0.00402  1.15714e-09
 37  0.01000 -2.01799e-08 | 38  0.05049 -1.20513e-08 | 39 -0.02446 -9.58039e-09
 40  0.01292  3.27736e-08 | 41 -0.02852 -1.60704e-08 | 42  0.03141  1.25048e-08
 43 -0.01562  9.04217e-09 | 44 -0.02120 -1.34686e-08 | 45 -0.02685 -1.16194e-08
 46  0.05288  8.10429e-09 | 47 -0.00120 -8.55674e-09 | 48  0.02467  3.24464e-09
 49  0.00522 -6.22141e-10 | 50  0.02269  1.22402e-08 | 51  0.01000  2.78981e-07
 52 -0.01212 -3.94208e-10 | 53 -0.02753 -8.47698e-09 | 54 -0.00045  7.22642e-09
 55 -0.01993  2.54504e-08 | 56 -0.00703  6.65595e-09 | 57 -0.01190  4.46368e-08
 58 -0.00809  2.66111e-08 | 59  0.03358  5.54283e-08 | 60  0.00299  2.67101e-08
 61  0.00143  2.73876e-08 | 62 -0.00393  2.19697e-08 | 63  0.02431  3.99551e-08
 64  0.01364  2.42853e-08 | 65  0.03007  3.34989e-08 | 66  0.04016  3.82186e-08
 67  0.03559  3.30634e-08 | 68 -0.01026  8.10875e-09 | 69 -0.06808 -9.68352e-09
 70 -0.00835 -2.97615e-09 | 71  0.00616  6.77840e-10 | 72  0.01295  1.19017e-09
 73 -0.00004 -3.10662e-09 | 74 -0.03757  7.78798e-09 | 75  0.03572  5.74236e-09
 76 -0.04058  2.05391e-08 | 77 -0.04146 -4.80788e-09 | 78 -0.03231 -1.38870e-08
 79 -0.01601 -2.05302e-09 | 80  0.00981 -1.08619e-08 | 81  0.04260 -5.36106e-09
 82  0.01669 -8.44734e-09 | 83  0.01553 -1.14787e-08 | 84  0.03027 -8.83566e-09
 85 -0.03036  1.36351e-08 | 86  0.03172 -1.16598e-08 | 87  0.00678 -1.62782e-08
 88  0.00235 -1.95440e-08 | 89  0.01632 -1.85834e-08 | 90 -0.06228 -2.03495e-08
 91  0.02665 -2.23944e-08 | 92 -0.02440 -1.88907e-08 | 93 -0.02739 -1.73776e-08
 94 -0.01208 -2.25262e-08 | 95 -0.01542 -2.44907e-08 | 96 -0.00932 -2.59780e-08
 97  0.01046 -2.95723e-08 | 98  0.02275 -2.37002e-08 | 99  0.01875 -3.02094e-08
100 -0.00635  1.06824e-08 |101 -0.01035 -2.78407e-08 |102  0.02516  1.60265e-08
103 -0.00157 -2.49417e-08 |104 -0.00220 -2.15394e-08 |105 -0.00046 -2.11597e-08
106 -0.00046 -2.22802e-08 |107  0.00000  0.00000e+00 |108  0.00000  0.00000e+00
109  0.00000  0.00000e+00 |110  0.00000  0.00000e+00 |111  0.00000  0.00000e+00
112  0.00000  0.00000e+00 |113  0.00000  0.00000e+00 |114  0.00000  0.00000e+00
115  0.00000  0.00000e+00 |116  0.00000  0.00000e+00 |117  0.00000  0.00000e+00
118  0.00000  0.00000e+00 |119  0.78243  2.28867e-08 |120 -0.42204 -6.16822e-08
121  0.19068  1.41511e-08 |122 -0.26005 -3.45423e-08 |
size of file gradfil1.tmp = 0
size of file gradfil2.tmp = 0
size of file varssave.tmp = 0
size of file cmpdiff.tmp = 0
