
Initial statistics: 1 variables; iteration 0; function evaluation 0; phase 1
Function value 2.7225943e+03; maximum gradient component mag -8.2578e+03
Var    Value     Gradient |Var    Value     Gradient |Var    Value     Gradient
  1  0.63197 -8.25776e+03 |

 - final statistics:
1 variables; iteration 5; function evaluation 8
Function value 2.6689e+03; maximum gradient component mag -1.5455e+00
Exit code = 1;  converg criter 1.0000e+01
Var    Value     Gradient |Var    Value     Gradient |Var    Value     Gradient
  1  0.64657 -1.54551e+00 |

Initial statistics: 98 variables; iteration 0; function evaluation 0; phase 2
Function value 2.6688546e+03; maximum gradient component mag -1.7429e+03
Var    Value     Gradient |Var    Value     Gradient |Var    Value     Gradient
  1  0.64657 -1.54551e+00 |  2  0.00000  4.37551e+01 |  3  0.00000 -1.08969e+01
  4  0.00000 -4.79648e+01 |  5  0.00000 -1.64251e+01 |  6  0.00000 -8.77766e+01
  7  0.00000  5.90383e+01 |  8  0.00000  5.70821e+01 |  9  0.00000 -1.32848e+01
 10  0.00000  1.22341e+02 | 11  0.00000  5.02821e+01 | 12  0.00000  8.31134e+01
 13  0.00000 -3.29118e+01 | 14  0.00000  5.21842e+01 | 15  0.00000  1.30212e+01
 16  0.00000  3.58320e+02 | 17  0.00000  3.62132e+02 | 18  0.00000  5.23097e+02
 19  0.00000  6.52379e+02 | 20  0.00000  2.43679e+02 | 21  0.00000 -5.53000e+02
 22  0.00000 -5.88018e+00 | 23  0.00000 -2.51240e+01 | 24  0.00000  1.27330e+02
 25  0.00000  3.12362e+02 | 26  0.00000 -1.64078e+02 | 27  0.00000  1.81054e+02
 28  0.00000  1.94535e+02 | 29  0.00000  2.08466e+02 | 30  0.00000 -4.62564e+02
 31  0.00000 -9.07743e+00 | 32  0.00000  2.01472e+02 | 33  0.00000 -1.72566e+02
 34  0.00000  4.94026e+02 | 35  0.00000  1.65202e+02 | 36  0.00000 -1.63498e+02
 37  0.00000  5.12737e+02 | 38  0.00000  2.04621e+02 | 39  0.00000  4.85001e+01
 40  0.00000  4.73711e+02 | 41  0.00000  2.50436e+01 | 42  0.00000 -5.05846e+02
 43  0.00000  3.33667e+02 | 44  0.00000  4.18698e+02 | 45  0.00000  2.65734e+02
 46  0.00000 -2.02723e+02 | 47  0.00000 -3.67989e+02 | 48  0.00000  4.82710e+02
 49  0.00000  3.83840e+02 | 50  0.00000  5.62761e+02 | 51  0.00000  6.51785e+02
 52  0.00000  1.10578e+02 | 53  0.00000  1.91023e+02 | 54  0.00000 -1.38559e+02
 55  0.00000  3.04303e+02 | 56  0.00000 -1.21139e+03 | 57  0.00000  8.16384e+01
 58  0.00000  2.70449e+02 | 59  0.00000 -1.20432e+02 | 60  0.00000  7.69361e+02
 61  0.00000 -1.74288e+03 | 62  0.00000 -2.71891e+02 | 63  0.00000  2.89941e+02
 64  0.00000  7.31305e+01 | 65  0.00000 -1.49285e+03 | 66  0.00000  7.18473e+01
 67  0.00000 -8.11262e+02 | 68  0.00000 -7.01462e+01 | 69  0.00000 -6.93155e+02
 70  0.00000 -3.54820e+02 | 71  0.00000  1.11256e+03 | 72  0.00000 -5.26073e+02
 73  0.00000 -3.74231e+02 | 74  0.00000  4.17507e+02 | 75  0.00000 -9.28230e+02
 76  0.00000  1.29769e+01 | 77  0.00000  3.66147e+02 | 78  0.00000 -8.11207e+01
 79  0.00000 -2.88929e+00 | 80  0.00000  7.84754e+02 | 81  0.00000 -3.95859e+02
 82  0.00000 -1.34698e+03 | 83  0.00000 -2.94531e+02 | 84  0.00000  9.74745e+02
 85  0.00000  2.43352e+02 | 86  0.00000  5.05582e+01 | 87  0.00000 -1.00511e+03
 88  0.00000 -2.22724e+02 | 89  0.00000 -7.63682e+02 | 90  0.00000  3.06764e+02
 91  0.00000  1.57196e+02 | 92  0.00000  1.47150e+02 | 93  0.00000  7.57894e+01
 94  0.00000 -4.60384e+00 | 95  0.00000  7.28102e+00 | 96  0.00000  7.28092e+00
 97  0.81654  2.44870e+02 | 98  0.22185 -5.73514e+01 |

Intermediate statistics: 98 variables; iteration 20; function evaluation 32; phase 2
Function value 2.2714331e+03; maximum gradient component mag -7.3377e+02
Var    Value     Gradient |Var    Value     Gradient |Var    Value     Gradient
  1  0.63343 -6.76183e+02 |  2  0.00169  6.84845e+01 |  3 -0.01568 -2.39875e+01
  4 -0.02958 -9.30444e+01 |  5  0.00073  1.01198e+01 |  6  0.05002  1.38314e+02
  7 -0.00587  6.74373e+01 |  8 -0.02503 -2.21162e+00 |  9  0.00475  4.22438e+01
 10 -0.05450 -6.58023e+01 | 11  0.01214  1.70542e+02 | 12 -0.00197  1.10015e+02
 13 -0.00412 -2.42482e+01 | 14 -0.01414 -3.20816e+01 | 15 -0.00165  3.36727e+01
 16 -0.02645  9.90332e+01 | 17 -0.02421  8.23298e+01 | 18 -0.03439  1.11072e+02
 19 -0.03701  2.21414e+02 | 20 -0.01791  5.12684e+01 | 21  0.01547 -2.19292e+02
 22 -0.00492 -2.41596e+01 | 23 -0.00066 -6.42913e+00 | 24 -0.00802  3.19499e+01
 25 -0.02149  4.68388e+01 | 26  0.01103  2.74700e+01 | 27 -0.00843  6.31748e+01
 28 -0.00844  7.08446e+01 | 29 -0.01159  5.14621e+01 | 30  0.02323 -5.99836e+01
 31  0.00274  2.96839e+01 | 32 -0.01135  3.76549e+01 | 33  0.00803 -8.17445e+01
 34 -0.02595  1.49346e+02 | 35 -0.00289  9.64440e+01 | 36  0.01026 -1.88528e+01
 37 -0.02830  1.23899e+02 | 38 -0.00286  1.18013e+02 | 39  0.00212  2.64655e+01
 40 -0.02484  1.00554e+02 | 41  0.00490  4.03983e+01 | 42  0.02397 -1.35854e+02
 43 -0.00568  1.67242e+02 | 44 -0.00945  1.84750e+02 | 45 -0.00245  1.35091e+02
 46  0.01814  3.40034e+01 | 47  0.02458  6.02473e+00 | 48 -0.01353  1.57478e+02
 49 -0.00485  1.62980e+02 | 50 -0.00445  3.37419e+02 | 51 -0.00817  3.49912e+02
 52  0.00085 -7.28269e-01 | 53  0.00122  1.12587e+02 | 54  0.00906  1.14622e+01
 55 -0.00856  2.28003e+01 | 56  0.02048 -7.33766e+02 | 57 -0.00188 -4.30700e+01
 58  0.00061  1.83953e+02 | 59  0.00665 -6.66275e+01 | 60 -0.02946  1.77402e+02
 61  0.04690 -2.38337e+02 | 62  0.00741 -1.11653e+02 | 63 -0.00896  1.75060e+01
 64 -0.00474 -7.08953e+01 | 65  0.03873 -3.42459e+02 | 66 -0.01120 -1.55734e+02
 67  0.02202 -3.04913e+02 | 68 -0.00808 -2.42486e+02 | 69  0.01579 -3.44770e+02
 70  0.00476 -3.02413e+02 | 71 -0.03360  3.83476e+02 | 72  0.01245 -2.76890e+02
 73  0.00480 -3.17241e+02 | 74 -0.01178  1.19422e+02 | 75  0.01862 -4.89938e+02
 76  0.00083 -2.35408e+01 | 77 -0.01160  2.70654e+01 | 78  0.00231 -1.21756e+02
 79  0.00300 -3.99731e+01 | 80 -0.02156  2.41485e+02 | 81  0.01571 -1.99558e+01
 82  0.02844 -5.46245e+02 | 83  0.01506  1.45909e+01 | 84 -0.02448  3.79782e+02
 85  0.00604  2.39384e+02 | 86  0.00250  4.93225e+01 | 87  0.04033 -5.77601e+01
 88  0.00333 -1.58010e+02 | 89  0.03257 -1.79463e+02 | 90 -0.01083  8.41390e+01
 91 -0.00352  1.70459e+01 | 92 -0.03582 -1.17217e+02 | 93 -0.00028  5.67046e+01
 94  0.10252  1.79052e+02 | 95  0.02648  6.50871e+01 | 96  0.02648  6.50879e+01
 97  0.81880  7.51905e+01 | 98  0.23145  7.34756e+01 |
98 variables; iteration 40; function evaluation 58; phase 2
Function value 2.2173031e+03; maximum gradient component mag 2.1217e+03
Var    Value     Gradient |Var    Value     Gradient |Var    Value     Gradient
  1  0.62947  2.12169e+03 |  2 -0.03429 -9.14474e+01 |  3  0.00958 -5.53191e+01
  4  0.03513 -1.87933e+01 |  5  0.00971 -5.59647e+01 |  6  0.00912 -1.25952e+02
  7 -0.02563 -8.53906e+01 |  8 -0.01177 -5.20841e+01 |  9 -0.00010 -8.00107e+01
 10 -0.01813 -2.78972e+01 | 11 -0.03164 -1.74085e+02 | 12 -0.01916 -1.01952e+02
 13  0.01108 -4.12631e+00 | 14  0.00388  1.88917e+01 | 15 -0.00107 -7.49579e+01
 16 -0.03671 -9.37117e+01 | 17 -0.02169 -1.52253e+00 | 18 -0.03194  2.52423e+01
 19 -0.06506 -1.06453e+02 | 20 -0.01207  1.99070e+01 | 21  0.03185  2.61723e+01
 22  0.00280 -1.45251e+01 | 23  0.00377 -5.32476e+01 | 24 -0.00295 -1.29717e+01
 25 -0.01118  5.60721e+01 | 26  0.01446 -4.05177e+01 | 27 -0.00724 -4.02799e+01
 28 -0.00901 -5.28895e+01 | 29 -0.00605  1.18998e+01 | 30  0.03071 -2.42279e+01
 31  0.00300 -7.04222e+01 | 32 -0.00328  4.36913e+01 | 33  0.02220  6.48956e+01
 34 -0.03576 -3.68056e+01 | 35 -0.00765 -7.14258e+01 | 36  0.01802  2.07626e+01
 37 -0.02834  2.98712e+01 | 38 -0.00990 -7.36363e+01 | 39  0.00464 -2.18882e+01
 40 -0.01751  1.02250e+02 | 41  0.00555 -1.78177e+01 | 42  0.03664  1.06186e+02
 43 -0.01806 -6.87754e+01 | 44 -0.02279 -5.73494e+01 | 45 -0.01231 -7.07664e+01
 46  0.02133  6.41078e+01 | 47  0.02892  8.68856e+01 | 48 -0.02527 -5.44183e+01
 49 -0.00509  1.01730e+02 | 50 -0.01923  1.26567e+01 | 51 -0.02436  2.12768e+00
 52  0.00915  1.33453e+02 | 53  0.00056  4.80379e+01 | 54  0.01618  2.19797e+02
 55 -0.00210  1.70636e+02 | 56  0.04890  5.31920e+02 | 57  0.00711  1.88892e+02
 58 -0.00827 -5.60834e+01 | 59  0.01110  2.17836e+01 | 60 -0.03307  7.61485e+01
 61  0.04914 -5.99246e+01 | 62  0.00595 -1.46974e+02 | 63 -0.00913  3.53582e+00
 64 -0.00016  4.68295e+01 | 65  0.05196  4.13402e+02 | 66  0.00057  1.15459e+02
 67  0.02713 -4.29101e+01 | 68  0.00645  1.12970e+02 | 69  0.02335 -3.27293e+01
 70  0.01718  7.57028e+01 | 71 -0.06382 -3.34194e+01 | 72  0.02108  1.04738e+01
 73  0.01634  2.98708e+01 | 74 -0.01874 -2.63456e+01 | 75  0.03302  5.33363e+01
 76  0.00113 -2.91932e+01 | 77 -0.01030  1.44981e+01 | 78  0.00878  8.75611e-01
 79  0.00489 -6.13178e+01 | 80 -0.03382 -4.00791e+01 | 81  0.02084  8.91732e+01
 82  0.04622  1.33790e+02 | 83  0.01556 -6.81379e+01 | 84 -0.05321 -9.98518e+01
 85  0.00054 -3.62354e+01 | 86  0.00904  5.44002e+01 | 87  0.04416 -7.76614e+01
 88  0.01899  4.25665e+00 | 89  0.03427 -3.23387e+02 | 90 -0.01141 -6.10836e+01
 91  0.00739  2.30585e+01 | 92  0.01541  1.03540e+02 | 93 -0.01038 -6.82690e+01
 94 -0.01706 -1.00522e+02 | 95 -0.01398 -8.21502e+01 | 96 -0.01398 -8.21506e+01
 97  0.80348  1.46878e+01 | 98  0.22873 -3.05272e+01 |
98 variables; iteration 60; function evaluation 84; phase 2
Function value 2.1988885e+03; maximum gradient component mag 7.0712e+02
Var    Value     Gradient |Var    Value     Gradient |Var    Value     Gradient
  1  0.62805  7.07116e+02 |  2 -0.03058 -4.29765e+01 |  3 -0.01620 -7.13352e+01
  4  0.02124 -1.79881e+01 |  5  0.01748  8.66450e+00 |  6  0.01284 -7.13767e+01
  7 -0.02779 -4.92963e+01 |  8 -0.00592  1.10151e+01 |  9  0.00823  1.69557e+00
 10 -0.03417 -4.80896e+01 | 11 -0.00600 -7.07410e+00 | 12 -0.01634 -4.33035e+01
 13  0.00128 -4.69921e+01 | 14 -0.00149  9.87707e+00 | 15 -0.00162 -4.00029e+01
 16 -0.03720 -5.72286e+01 | 17 -0.02463  6.39861e+00 | 18 -0.04072 -1.84082e+01
 19 -0.05868 -2.29613e+01 | 20 -0.01617  8.09574e+00 | 21  0.02902 -2.55562e+00
 22  0.00120 -2.49287e+00 | 23  0.00255 -3.61415e+01 | 24 -0.00553 -1.31789e+01
 25 -0.01797  1.19522e+01 | 26  0.01462 -5.13866e+00 | 27 -0.00782 -1.18763e+01
 28 -0.00729  3.73282e+00 | 29 -0.00963 -1.78403e+00 | 30  0.03056 -8.54598e+00
 31  0.00432 -2.86437e+01 | 32 -0.00902 -6.82776e+00 | 33  0.01895  1.40826e+01
 34 -0.03210  2.35516e+01 | 35 -0.00444 -8.27761e+00 | 36  0.01600 -1.11099e+01
 37 -0.03284  9.64270e+00 | 38 -0.00618 -1.14691e+01 | 39  0.00674  1.19293e+01
 40 -0.02895 -7.56945e+00 | 41  0.00751  4.76151e+00 | 42  0.03487  2.05039e+01
 43 -0.01472 -2.54406e+01 | 44 -0.02223 -4.61058e+01 | 45 -0.00966 -4.20780e+01
 46  0.02069  5.28082e+00 | 47  0.02793  6.31225e-01 | 48 -0.02174 -1.74033e+01
 49 -0.00918  1.15611e+01 | 50 -0.01842  1.55637e+01 | 51 -0.02445 -3.03310e+00
 52  0.00645  3.59765e+01 | 53 -0.00020  8.18582e+00 | 54  0.01161  3.36881e+01
 55 -0.00679  3.47127e+01 | 56  0.04138  6.46896e+01 | 57  0.00267  4.42978e+01
 58 -0.00519  5.16678e+00 | 59  0.01181  2.48501e+01 | 60 -0.03730  3.17235e+01
 61  0.05172  1.00062e+01 | 62  0.01168 -4.11139e-01 | 63 -0.00827  2.24133e+01
 64 -0.00022  3.31127e+01 | 65  0.04805  1.35412e+02 | 66 -0.00256  3.72207e+01
 67  0.02952  8.00990e+00 | 68  0.00418  5.76338e+01 | 69  0.02536  1.66051e+01
 70  0.01572  2.37559e+01 | 71 -0.06045  2.83435e+01 | 72  0.02122  1.18618e+01
 73  0.01710  5.07153e+01 | 74 -0.01908 -1.62320e+01 | 75  0.03254  1.93362e+01
 76  0.00220  8.15373e+00 | 77 -0.01100  1.72935e+01 | 78  0.00811 -2.03740e+00
 79  0.00709  1.44018e+01 | 80 -0.03488 -2.57794e+01 | 81  0.01859  2.35628e+01
 82  0.04324 -2.28845e+00 | 83  0.01613 -3.08315e+01 | 84 -0.04739 -2.87311e+00
 85 -0.00022 -2.41254e+01 | 86  0.00571  7.32763e+00 | 87  0.04544 -2.39332e+01
 88  0.01703  3.64764e+00 | 89  0.04345 -4.50020e+01 | 90 -0.01285 -3.40958e+01
 91  0.00793  5.41238e+01 | 92  0.00135  2.93108e+01 | 93  0.00068  4.24762e+00
 94 -0.01529 -5.61905e+01 | 95  0.01874  9.90466e+00 | 96  0.01874  9.90644e+00
 97  0.80923 -6.80863e+00 | 98  0.23133  6.13984e+00 |
Maximum number of function evaluations exceeded

 - final statistics:
98 variables; iteration 71; function evaluation 100
Function value 2.1959e+03; maximum gradient component mag 3.8854e+02
Exit code = 3;  converg criter 1.0000e+01
Var    Value     Gradient |Var    Value     Gradient |Var    Value     Gradient
  1  0.62707  3.88544e+02 |  2 -0.02459 -2.16973e+01 |  3 -0.00481 -3.69080e+01
  4  0.01794 -1.68169e+01 |  5  0.01512  1.18126e+01 |  6  0.02180 -2.96516e+01
  7 -0.02458 -3.04601e+01 |  8 -0.00986  7.05565e+00 |  9  0.00972  1.91999e+01
 10 -0.03001 -2.28531e+01 | 11 -0.00618  1.85628e+00 | 12 -0.01261 -1.16369e+01
 13  0.00192 -3.22462e+01 | 14 -0.00174  1.69140e+01 | 15 -0.00019 -1.57611e+01
 16 -0.03111 -5.16075e-01 | 17 -0.02525  5.04035e+00 | 18 -0.04123 -1.91663e+01
 19 -0.06346 -5.08262e+01 | 20 -0.01589  1.25136e+01 | 21  0.02889 -9.20270e+00
 22  0.00205  1.49434e+01 | 23  0.00279 -2.76108e+01 | 24 -0.00727 -2.95821e+01
 25 -0.01952  1.19998e+00 | 26  0.01550  1.50637e+01 | 27 -0.00865 -1.71934e+01
 28 -0.00802 -1.02338e+00 | 29 -0.01034 -5.91385e+00 | 30  0.03000 -2.01224e+01
 31  0.00544 -9.27687e+00 | 32 -0.00966 -1.05419e+01 | 33  0.01882  1.16174e+01
 34 -0.03148  3.38913e+01 | 35 -0.00403 -9.58248e-01 | 36  0.01552 -2.13972e+01
 37 -0.03152  2.60584e+01 | 38 -0.00589 -6.41434e+00 | 39  0.00678  1.04195e+01
 40 -0.03101 -2.47696e+01 | 41  0.00717 -5.24965e+00 | 42  0.03395 -1.42638e+01
 43 -0.01679 -5.04339e+01 | 44 -0.01885 -8.84663e+00 | 45 -0.00949 -4.26284e+01
 46  0.02056 -1.02669e+01 | 47  0.02794 -1.72370e+01 | 48 -0.02048 -5.50327e+00
 49 -0.00820  1.96744e+01 | 50 -0.01882  4.00184e+00 | 51 -0.02358  4.96636e+00
 52  0.00683  3.08447e+01 | 53 -0.00035 -7.41575e+00 | 54  0.01151  1.41751e+01
 55 -0.00701  2.10238e+01 | 56  0.04133  3.35977e+01 | 57  0.00275  3.74601e+01
 58 -0.00389  2.65208e+01 | 59  0.01147  1.81161e+00 | 60 -0.03935  3.40885e+00
 61  0.05217  3.28869e+00 | 62  0.01240  8.94840e+00 | 63 -0.00844  1.42367e+01
 64 -0.00004  2.83831e+01 | 65  0.04726  6.95933e+01 | 66 -0.00292  2.22375e+01
 67  0.03000  7.49835e+00 | 68  0.00365  3.77338e+01 | 69  0.02573  1.50401e+01
 70  0.01588  1.79633e+01 | 71 -0.06135  2.29419e+01 | 72  0.02157  1.19698e+01
 73  0.01677  3.25794e+01 | 74 -0.01812  1.23353e+00 | 75  0.03292  2.08921e+01
 76  0.00079 -3.36619e+01 | 77 -0.01267 -1.79051e+01 | 78  0.00928  2.60628e+01
 79  0.00715  1.76196e+01 | 80 -0.03296  7.35493e+00 | 81  0.01844  1.86804e+01
 82  0.04337  5.35234e-01 | 83  0.01730  6.02847e+00 | 84 -0.04800 -6.23208e-01
 85  0.00027 -6.32662e+00 | 86  0.00452 -8.84695e+00 | 87  0.04546 -1.17240e+01
 88  0.01543 -1.50059e+01 | 89  0.04258 -4.56370e+01 | 90 -0.01082  3.83802e+00
 91  0.00446  3.47549e+01 | 92 -0.00251  1.32833e+01 | 93 -0.01304 -2.97052e+01
 94 -0.00303 -2.71808e+01 | 95  0.00819  3.22974e+00 | 96  0.00819  3.22560e+00
 97  0.81109  4.31108e+00 | 98  0.23037  2.18903e+00 |

Initial statistics: 100 variables; iteration 0; function evaluation 0; phase 3
Function value 2.1959038e+03; maximum gradient component mag 3.8818e+02
Var    Value     Gradient |Var    Value     Gradient |Var    Value     Gradient
  1  0.62707  3.88180e+02 |  2 -0.02459 -2.17110e+01 |  3 -0.00481 -3.69089e+01
  4  0.01794 -1.68350e+01 |  5  0.01512  1.17600e+01 |  6  0.02180 -2.96527e+01
  7 -0.02458 -3.04741e+01 |  8 -0.00986  7.02747e+00 |  9  0.00971  1.91604e+01
 10 -0.03002 -2.28612e+01 | 11 -0.00619  1.83346e+00 | 12 -0.01261 -1.16488e+01
 13  0.00192 -3.20952e+01 | 14 -0.00174  1.69107e+01 | 15 -0.00019 -1.60069e+01
 16 -0.03111 -5.20428e-01 | 17 -0.02525  4.92123e+00 | 18 -0.04123 -1.93230e+01
 19 -0.06346 -5.07918e+01 | 20 -0.01589  1.23957e+01 | 21  0.02889 -9.29633e+00
 22  0.00205  1.50367e+01 | 23  0.00279 -2.77481e+01 | 24 -0.00727 -2.95386e+01
 25 -0.01952  1.19606e+00 | 26  0.01550  1.48862e+01 | 27 -0.00865 -1.71440e+01
 28 -0.00802 -1.04612e+00 | 29 -0.01035 -5.98451e+00 | 30  0.03000 -2.01969e+01
 31  0.00544 -9.39655e+00 | 32 -0.00966 -1.06561e+01 | 33  0.01882  1.12840e+01
 34 -0.03148  3.38421e+01 | 35 -0.00403 -1.05719e+00 | 36  0.01552 -2.12916e+01
 37 -0.03152  2.61643e+01 | 38 -0.00589 -6.47920e+00 | 39  0.00678  1.05121e+01
 40 -0.03101 -2.47639e+01 | 41  0.00717 -5.28881e+00 | 42  0.03395 -1.44497e+01
 43 -0.01679 -5.02946e+01 | 44 -0.01886 -8.97878e+00 | 45 -0.00949 -4.25352e+01
 46  0.02056 -1.02316e+01 | 47  0.02794 -1.69792e+01 | 48 -0.02048 -5.60319e+00
 49 -0.00820  1.97890e+01 | 50 -0.01882  3.98473e+00 | 51 -0.02358  4.84976e+00
 52  0.00683  3.08584e+01 | 53 -0.00035 -7.74328e+00 | 54  0.01151  1.41577e+01
 55 -0.00701  2.10410e+01 | 56  0.04133  3.35241e+01 | 57  0.00275  3.73620e+01
 58 -0.00389  2.66387e+01 | 59  0.01147  1.78973e+00 | 60 -0.03935  3.24369e+00
 61  0.05217  3.25371e+00 | 62  0.01240  8.86945e+00 | 63 -0.00844  1.42042e+01
 64 -0.00004  2.83857e+01 | 65  0.04726  6.94971e+01 | 66 -0.00292  2.22911e+01
 67  0.03000  7.45401e+00 | 68  0.00365  3.76686e+01 | 69  0.02573  1.50223e+01
 70  0.01588  1.79343e+01 | 71 -0.06135  2.28934e+01 | 72  0.02157  1.19375e+01
 73  0.01677  3.25152e+01 | 74 -0.01812  1.04534e+00 | 75  0.03292  2.08289e+01
 76  0.00079 -3.35838e+01 | 77 -0.01267 -1.79097e+01 | 78  0.00928  2.60009e+01
 79  0.00715  1.76311e+01 | 80 -0.03296  7.43052e+00 | 81  0.01844  1.86232e+01
 82  0.04337  4.51370e-01 | 83  0.01730  6.02856e+00 | 84 -0.04800 -6.86326e-01
 85  0.00027 -6.50179e+00 | 86  0.00452 -8.72780e+00 | 87  0.04546 -1.17337e+01
 88  0.01543 -1.50155e+01 | 89  0.04258 -4.56774e+01 | 90 -0.01083  3.92527e+00
 91  0.00446  3.47047e+01 | 92 -0.00251  1.32147e+01 | 93 -0.01304 -2.97252e+01
 94 -0.00303 -2.71913e+01 | 95  0.00819  3.19527e+00 | 96  0.00819  3.18956e+00
 97  0.81109  4.24895e+00 | 98 -0.41581 -9.91212e+01 | 99  0.23037  2.24050e+00
100 -0.25275 -7.54638e+00 |

Intermediate statistics: 100 variables; iteration 20; function evaluation 23; phase 3
Function value 2.1942540e+03; maximum gradient component mag 2.0833e+02
Var    Value     Gradient |Var    Value     Gradient |Var    Value     Gradient
  1  0.62651  2.08333e+02 |  2 -0.01925 -5.71085e+00 |  3  0.00627 -6.01727e+00
  4  0.01976 -6.03952e+00 |  5  0.00757 -4.48700e+00 |  6  0.02634 -6.93359e+00
  7 -0.01817 -6.59041e+00 |  8 -0.01475 -4.25778e+00 |  9  0.00445 -7.08892e-01
 10 -0.02718 -6.55694e+00 | 11 -0.00800 -2.74378e+00 | 12 -0.01254 -5.90686e+00
 13  0.00325 -1.57696e+01 | 14 -0.00351  5.79953e+00 | 15  0.00003 -9.35671e+00
 16 -0.03180 -1.88601e+00 | 17 -0.02606  7.94820e-01 | 18 -0.04079 -1.03966e+01
 19 -0.05972 -2.03946e+01 | 20 -0.01694  4.41041e+00 | 21  0.02881 -8.38096e+00
 22  0.00111  5.00572e+00 | 23  0.00339 -1.53323e+01 | 24 -0.00652 -1.62540e+01
 25 -0.02013 -1.36490e+00 | 26  0.01460  8.06642e-01 | 27 -0.00841 -1.07986e+01
 28 -0.00841 -2.68060e+00 | 29 -0.01058 -5.08450e+00 | 30  0.03028 -1.17919e+01
 31  0.00535 -7.73183e+00 | 32 -0.00969 -8.35537e+00 | 33  0.01810 -1.67373e+00
 34 -0.03424  1.22270e+01 | 35 -0.00434 -3.95393e+00 | 36  0.01598 -1.29494e+01
 37 -0.03363  9.05311e+00 | 38 -0.00592 -7.28162e+00 | 39  0.00616 -1.30439e+00
 40 -0.02998 -1.45213e+01 | 41  0.00717 -8.85527e+00 | 42  0.03423 -1.71789e+01
 43 -0.01478 -2.87683e+01 | 44 -0.01867 -8.57171e+00 | 45 -0.00795 -2.61139e+01
 46  0.02086 -1.38073e+01 | 47  0.02839 -1.93214e+01 | 48 -0.02034 -7.76227e+00
 49 -0.00892  1.80402e+00 | 50 -0.01900 -4.19847e+00 | 51 -0.02381 -3.80671e+00
 52  0.00578 -5.16075e+00 | 53 -0.00015 -1.28176e+01 | 54  0.01109 -8.18741e+00
 55 -0.00761  2.95629e+00 | 56  0.04197  4.51309e+01 | 57  0.00185  9.27684e+00
 58 -0.00459  5.66793e+00 | 59  0.01170  1.63433e-01 | 60 -0.03959 -1.03007e+00
 61  0.05084 -8.55500e+01 | 62  0.01248  2.02047e+00 | 63 -0.00868  5.80472e+00
 64 -0.00049  1.56632e+01 | 65  0.04847  1.16853e+02 | 66 -0.00329  1.29247e+01
 67  0.03061  1.97995e+01 | 68  0.00285  1.65420e+01 | 69  0.02629  2.75485e+01
 70  0.01618  2.34793e+01 | 71 -0.06271  1.22823e+01 | 72  0.02221  3.09101e+01
 73  0.01704  3.95847e+01 | 74 -0.01795  6.01590e+00 | 75  0.03333  3.59378e+01
 76  0.00213  2.14760e+00 | 77 -0.01187  7.01690e-01 | 78  0.00913  2.24662e+01
 79  0.00717  1.77346e+01 | 80 -0.03330  5.04999e+00 | 81  0.01849  2.03340e+01
 82  0.04326 -5.76134e+00 | 83  0.01731  7.11952e+00 | 84 -0.04836 -5.97416e-01
 85  0.00037 -2.19294e+00 | 86  0.00460 -3.78805e+00 | 87  0.04568 -1.40385e+00
 88  0.01556 -6.88929e+00 | 89  0.04346 -1.66194e+01 | 90 -0.01158 -4.58668e-01
 91  0.00227  1.43191e+01 | 92 -0.00532  4.05858e-01 | 93 -0.00811 -7.84286e+00
 94  0.00765 -4.87419e+00 | 95 -0.00214 -7.35213e+00 | 96 -0.00214 -7.35165e+00
 97  0.82494 -6.16692e-01 | 98 -0.41358  2.70782e+01 | 99  0.22920 -1.28985e+01
100 -0.25303  3.25509e+01 |
100 variables; iteration 40; function evaluation 48; phase 3
Function value 2.1938023e+03; maximum gradient component mag 7.3807e+01
Var    Value     Gradient |Var    Value     Gradient |Var    Value     Gradient
  1  0.62601  7.38069e+01 |  2 -0.02161 -6.56527e+00 |  3  0.00644 -1.97394e+00
  4  0.02069  1.77147e-02 |  5  0.00608 -5.17881e+00 |  6  0.02584 -5.57373e+00
  7 -0.01698  4.64644e-01 |  8 -0.01381  2.36490e+00 |  9  0.00251 -6.57956e+00
 10 -0.02730 -3.67294e+00 | 11 -0.00794  6.63306e-01 | 12 -0.01211 -3.21552e-01
 13  0.00480 -2.71492e-02 | 14 -0.00402  3.76888e+00 | 15  0.00010 -6.23518e+00
 16 -0.03200 -6.87561e-01 | 17 -0.02631  9.98645e-01 | 18 -0.04019 -1.96616e+00
 19 -0.05857 -9.11121e+00 | 20 -0.01727  2.88519e+00 | 21  0.02904 -2.94916e+00
 22  0.00055 -1.16608e+00 | 23  0.00401 -4.59562e+00 | 24 -0.00595 -6.56032e+00
 25 -0.02048 -2.33631e+00 | 26  0.01463  2.90812e+00 | 27 -0.00819 -5.54781e+00
 28 -0.00841 -1.94134e-01 | 29 -0.01061 -2.75869e+00 | 30  0.03054 -4.22932e+00
 31  0.00573  5.05660e-01 | 32 -0.00961 -4.74264e+00 | 33  0.01796 -2.59842e+00
 34 -0.03587  1.26152e+00 | 35 -0.00417  8.50419e-01 | 36  0.01636 -3.73104e+00
 37 -0.03453  4.16878e+00 | 38 -0.00562 -9.44011e-01 | 39  0.00623  1.50252e+00
 40 -0.02949 -7.33253e+00 | 41  0.00748 -2.70798e+00 | 42  0.03471 -5.56089e+00
 43 -0.01290 -4.21980e+00 | 44 -0.01842 -3.35228e+00 | 45 -0.00707 -1.26537e+01
 46  0.02126 -4.93056e+00 | 47  0.02896 -5.93746e+00 | 48 -0.02002 -1.70635e+00
 49 -0.00911  2.97710e-01 | 50 -0.01878  6.35690e-01 | 51 -0.02360  8.92704e-01
 52  0.00594 -1.12339e+00 | 53  0.00013 -6.26577e+00 | 54  0.01137 -1.99677e+00
 55 -0.00762  1.08578e+00 | 56  0.04155  1.60893e+01 | 57  0.00171  1.41513e+00
 58 -0.00462  1.45961e+00 | 59  0.01194  1.91168e+00 | 60 -0.03938  2.72131e+00
 61  0.05217 -2.92848e+01 | 62  0.01248 -2.73812e+00 | 63 -0.00874  4.17493e-01
 64 -0.00068  4.02547e+00 | 65  0.04730  4.18494e+01 | 66 -0.00341  4.23579e+00
 67  0.03060  7.42586e+00 | 68  0.00264  5.26185e+00 | 69  0.02613  1.05954e+01
 70  0.01598  7.57750e+00 | 71 -0.06331  6.20059e+00 | 72  0.02199  1.10483e+01
 73  0.01655  1.34263e+01 | 74 -0.01795  1.65217e+00 | 75  0.03308  1.31943e+01
 76  0.00222 -1.35460e+00 | 77 -0.01157  2.92757e+00 | 78  0.00893  1.06232e+01
 79  0.00694  5.76894e+00 | 80 -0.03358 -9.45387e-02 | 81  0.01827  8.14596e+00
 82  0.04353 -2.10889e+00 | 83  0.01717  2.94332e-01 | 84 -0.04862 -1.59086e+00
 85  0.00042 -9.02815e-01 | 86  0.00468 -9.64135e-01 | 87  0.04569 -5.90579e-01
 88  0.01568 -1.43267e+00 | 89  0.04366 -7.26269e+00 | 90 -0.01188 -7.45112e-02
 91  0.00129  8.39615e+00 | 92 -0.00529  4.07755e+00 | 93 -0.00863 -5.47986e+00
 94  0.00650 -2.72330e+00 | 95 -0.00212 -3.36974e+00 | 96 -0.00212 -3.36932e+00
 97  0.82429 -1.60603e-01 | 98 -0.41378  9.09857e+00 | 99  0.22973 -3.13994e+00
100 -0.25292  1.07892e+01 |
100 variables; iteration 60; function evaluation 74; phase 3
Function value 2.1937129e+03; maximum gradient component mag 7.5617e+00
Var    Value     Gradient |Var    Value     Gradient |Var    Value     Gradient
  1  0.62604  7.56168e+00 |  2 -0.01993 -1.29619e+00 |  3  0.00679  8.99985e-01
  4  0.01951 -1.12729e+00 |  5  0.00813  2.70678e+00 |  6  0.02628 -1.73115e+00
  7 -0.01689  2.78652e+00 |  8 -0.01427  2.87137e+00 |  9  0.00343 -1.95006e-01
 10 -0.02671  6.98199e-01 | 11 -0.00832  6.78365e-01 | 12 -0.01197  2.58448e+00
 13  0.00442 -1.22909e+00 | 14 -0.00474 -5.77598e-01 | 15  0.00030 -2.22541e+00
 16 -0.03210  3.05909e-01 | 17 -0.02661 -9.79325e-02 | 18 -0.04021 -5.27205e-02
 19 -0.05756  1.90733e-02 | 20 -0.01764  5.66634e-01 | 21  0.02906 -5.54947e-01
 22  0.00044 -4.89126e-01 | 23  0.00409 -1.10774e+00 | 24 -0.00562 -2.39238e-01
 25 -0.02066 -2.19050e+00 | 26  0.01434 -2.90872e-01 | 27 -0.00796 -5.72232e-01
 28 -0.00861 -6.74984e-01 | 29 -0.01060 -5.88089e-01 | 30  0.03061 -4.06496e-01
 31  0.00560  9.83297e-01 | 32 -0.00946 -6.88574e-01 | 33  0.01803  1.00018e+00
 34 -0.03625  4.83332e-02 | 35 -0.00445 -8.44465e-01 | 36  0.01649  7.37153e-01
 37 -0.03522 -6.55248e-03 | 38 -0.00573 -4.81668e-01 | 39  0.00602  3.92846e-01
 40 -0.02898 -6.07426e-01 | 41  0.00734 -2.94776e+00 | 42  0.03483 -1.09133e+00
 43 -0.01284 -1.65861e+00 | 44 -0.01843 -1.57416e+00 | 45 -0.00630 -4.58943e-01
 46  0.02133 -1.61559e+00 | 47  0.02908 -1.55547e+00 | 48 -0.02007 -6.60315e-01
 49 -0.00920  3.36412e-01 | 50 -0.01887  8.13628e-01 | 51 -0.02371  9.34445e-01
 52  0.00589 -6.61660e-01 | 53  0.00033  1.67422e-01 | 54  0.01144  1.98787e+00
 55 -0.00768  7.59956e-01 | 56  0.04124  1.80092e+00 | 57  0.00163 -5.53272e-01
 58 -0.00470  1.85132e-01 | 59  0.01194  1.29550e+00 | 60 -0.03974 -3.20239e-01
 61  0.05270 -3.20737e+00 | 62  0.01264  2.62589e+00 | 63 -0.00876  1.23286e-01
 64 -0.00076  9.19642e-01 | 65  0.04662  4.85879e+00 | 66 -0.00353  7.18329e-01
 67  0.03048  3.33488e-01 | 68  0.00247  3.46402e-01 | 69  0.02593  1.16155e+00
 70  0.01581  5.00169e-01 | 71 -0.06385  1.66639e+00 | 72  0.02177  8.28735e-01
 73  0.01628  2.97914e+00 | 74 -0.01802 -9.02887e-02 | 75  0.03286  1.52990e+00
 76  0.00224 -1.33649e+00 | 77 -0.01171 -6.00336e-03 | 78  0.00858  4.34276e-01
 79  0.00672 -8.43668e-01 | 80 -0.03371 -1.02383e+00 | 81  0.01802  1.00513e+00
 82  0.04356  4.50227e-02 | 83  0.01691 -5.75167e+00 | 84 -0.04884 -2.01870e+00
 85  0.00033 -6.23776e-01 | 86  0.00455 -4.48921e-01 | 87  0.04557 -2.31831e-01
 88  0.01551 -4.28277e-01 | 89  0.04371  1.31676e-02 | 90 -0.01227 -1.07209e+00
 91  0.00021  1.30153e-01 | 92 -0.00621  1.07426e+00 | 93 -0.00705  2.15083e+00
 94  0.00713  1.53171e-01 | 95 -0.00124 -1.15288e-01 | 96 -0.00124 -1.15277e-01
 97  0.82392  9.16411e-02 | 98 -0.41386  1.81054e+00 | 99  0.22915 -1.35102e+00
100 -0.25314  1.34824e+00 |
Maximum number of function evaluations exceeded

 - final statistics:
100 variables; iteration 79; function evaluation 100
Function value 2.1937e+03; maximum gradient component mag 3.9045e+00
Exit code = 3;  converg criter 1.0000e+00
Var    Value     Gradient |Var    Value     Gradient |Var    Value     Gradient
  1  0.62599  3.90447e+00 |  2 -0.01965 -6.62413e-01 |  3  0.00662  5.45920e-01
  4  0.01983 -2.30215e-01 |  5  0.00782  1.84783e+00 |  6  0.02644 -1.13127e+00
  7 -0.01725  1.75667e+00 |  8 -0.01481  1.07476e+00 |  9  0.00345 -1.35801e-01
 10 -0.02674  5.63270e-01 | 11 -0.00835  4.38117e-01 | 12 -0.01216  1.40186e+00
 13  0.00444 -1.16854e+00 | 14 -0.00471 -3.80731e-01 | 15  0.00046 -5.53298e-01
 16 -0.03225 -8.54820e-01 | 17 -0.02653  7.39315e-01 | 18 -0.04015  4.82665e-01
 19 -0.05755  1.38890e-01 | 20 -0.01768  8.68587e-02 | 21  0.02910  2.40192e-01
 22  0.00047 -2.12402e-01 | 23  0.00411 -9.32228e-01 | 24 -0.00563 -4.72256e-01
 25 -0.02059 -1.55430e+00 | 26  0.01435 -2.67024e-01 | 27 -0.00794 -4.24671e-01
 28 -0.00857 -1.54558e-01 | 29 -0.01053  1.55500e-01 | 30  0.03063 -1.64790e-01
 31  0.00558  5.67482e-01 | 32 -0.00936  4.37445e-01 | 33  0.01801  5.18956e-01
 34 -0.03630 -3.40112e-01 | 35 -0.00440 -2.58207e-01 | 36  0.01648  3.21134e-01
 37 -0.03514  6.82799e-01 | 38 -0.00568  5.57287e-02 | 39  0.00598 -3.02100e-01
 40 -0.02897 -5.20145e-01 | 41  0.00743 -1.54516e+00 | 42  0.03487 -4.94821e-01
 43 -0.01276 -8.05794e-01 | 44 -0.01835 -6.41549e-01 | 45 -0.00628 -2.44285e-01
 46  0.02138 -8.64238e-01 | 47  0.02912 -8.15585e-01 | 48 -0.02003 -2.90100e-01
 49 -0.00918  5.45024e-01 | 50 -0.01888  5.85839e-01 | 51 -0.02374  3.94423e-01
 52  0.00592 -3.46250e-01 | 53  0.00033 -1.32301e-01 | 54  0.01143  1.08186e+00
 55 -0.00769  1.93323e-01 | 56  0.04124  9.42684e-01 | 57  0.00166 -2.43659e-01
 58 -0.00469 -8.05507e-02 | 59  0.01194  7.27474e-01 | 60 -0.03971 -2.01827e-01
 61  0.05275 -1.64485e+00 | 62  0.01262  1.45830e+00 | 63 -0.00877 -4.11577e-01
 64 -0.00073  1.13405e+00 | 65  0.04660  2.56776e+00 | 66 -0.00353  2.18356e-01
 67  0.03050  2.27008e-01 | 68  0.00248  1.28447e-01 | 69  0.02594  6.39214e-01
 70  0.01583  2.92733e-01 | 71 -0.06393  6.88048e-01 | 72  0.02178  4.61764e-01
 73  0.01626  1.58319e+00 | 74 -0.01799  1.07342e-01 | 75  0.03286  8.16580e-01
 76  0.00229 -6.46087e-01 | 77 -0.01170 -2.42903e-01 | 78  0.00859  2.98505e-01
 79  0.00675 -3.99447e-01 | 80 -0.03369 -9.06505e-01 | 81  0.01803  5.30915e-01
 82  0.04357  1.04713e-02 | 83  0.01702 -2.98478e+00 | 84 -0.04882 -1.82076e+00
 85  0.00033 -6.13985e-01 | 86  0.00456 -5.47992e-01 | 87  0.04558 -1.87436e-01
 88  0.01554  7.73147e-02 | 89  0.04370 -1.37448e-01 | 90 -0.01227 -1.01825e+00
 91  0.00020  1.97527e-01 | 92 -0.00627  6.35896e-01 | 93 -0.00752  6.42448e-01
 94  0.00702  9.36799e-02 | 95 -0.00125 -2.85151e-02 | 96 -0.00128 -7.47732e-02
 97  0.82387  7.36786e-02 | 98 -0.41387  1.01456e+00 | 99  0.22925 -6.94731e-01
100 -0.25311  6.91176e-01 |

Initial statistics: 108 variables; iteration 0; function evaluation 0; phase 4
Function value 2.1937059e+03; maximum gradient component mag 1.2434e+03
Var    Value     Gradient |Var    Value     Gradient |Var    Value     Gradient
  1 -0.42263 -4.43375e+01 |  2 -0.42263  1.24337e+03 |  3 -0.41094  1.92749e+02
  4  0.62599  3.90447e+00 |  5  0.00000  3.91779e+01 |  6  0.00000  1.21759e+01
  7  0.00000 -7.90792e-01 |  8  0.00000  2.52355e+01 |  9  0.00000  3.08604e+01
 10 -0.01965 -6.64983e-01 | 11  0.00662  5.43348e-01 | 12  0.01983 -2.32785e-01
 13  0.00782  1.84526e+00 | 14  0.02644 -1.13384e+00 | 15 -0.01725  1.75410e+00
 16 -0.01481  1.07219e+00 | 17  0.00345 -1.38372e-01 | 18 -0.02674  5.60701e-01
 19 -0.00835  4.35545e-01 | 20 -0.01216  1.39929e+00 | 21  0.00444 -1.17111e+00
 22 -0.00471 -3.83302e-01 | 23  0.00046 -5.55869e-01 | 24 -0.03225 -8.57388e-01
 25 -0.02653  7.36746e-01 | 26 -0.04015  4.80098e-01 | 27 -0.05755  1.36328e-01
 28 -0.01768  8.42880e-02 | 29  0.02910  2.37623e-01 | 30  0.00047 -2.14974e-01
 31  0.00411 -9.34800e-01 | 32 -0.00563 -4.74828e-01 | 33 -0.02059 -1.55687e+00
 34  0.01435 -2.69595e-01 | 35 -0.00794 -4.27242e-01 | 36 -0.00857 -1.57129e-01
 37 -0.01053  1.52929e-01 | 38  0.03063 -1.67359e-01 | 39  0.00558  5.64911e-01
 40 -0.00936  4.34873e-01 | 41  0.01801  5.16385e-01 | 42 -0.03630 -3.42679e-01
 43 -0.00440 -2.60779e-01 | 44  0.01648  3.18563e-01 | 45 -0.03514  6.80231e-01
 46 -0.00568  5.31572e-02 | 47  0.00598 -3.04672e-01 | 48 -0.02897 -5.22714e-01
 49  0.00743 -1.54774e+00 | 50  0.03487 -4.97389e-01 | 51 -0.01276 -8.08365e-01
 52 -0.01835 -6.44120e-01 | 53 -0.00628 -2.46856e-01 | 54  0.02138 -8.66808e-01
 55  0.02912 -8.18154e-01 | 56 -0.02003 -2.92670e-01 | 57 -0.00918  5.42452e-01
 58 -0.01888  5.83268e-01 | 59 -0.02374  3.91853e-01 | 60  0.00592 -3.48821e-01
 61  0.00033 -1.34873e-01 | 62  0.01143  1.07929e+00 | 63 -0.00769  1.90752e-01
 64  0.04124  9.40117e-01 | 65  0.00166 -2.46230e-01 | 66 -0.00469 -8.31222e-02
 67  0.01194  7.24903e-01 | 68 -0.03971 -2.04393e-01 | 69  0.05275 -1.64741e+00
 70  0.01262  1.45573e+00 | 71 -0.00877 -4.14148e-01 | 72 -0.00073  1.13148e+00
 73  0.04660  2.56520e+00 | 74 -0.00353  2.15785e-01 | 75  0.03050  2.24439e-01
 76  0.00248  1.25875e-01 | 77  0.02594  6.36645e-01 | 78  0.01583  2.90162e-01
 79 -0.06393  6.85489e-01 | 80  0.02178  4.59194e-01 | 81  0.01626  1.58062e+00
 82 -0.01799  1.04771e-01 | 83  0.03286  8.14012e-01 | 84  0.00229 -6.48659e-01
 85 -0.01170 -2.45474e-01 | 86  0.00859  2.95934e-01 | 87  0.00675 -4.02019e-01
 88 -0.03369 -9.09073e-01 | 89  0.01803  5.28344e-01 | 90  0.04357  7.90574e-03
 91  0.01702 -2.98736e+00 | 92 -0.04882 -1.82333e+00 | 93  0.00033 -6.16556e-01
 94  0.00456 -5.50563e-01 | 95  0.04558 -1.90002e-01 | 96  0.01554  7.47438e-02
 97  0.04370 -1.40014e-01 | 98 -0.01227 -1.02082e+00 | 99  0.00020  1.94956e-01
100 -0.00627  6.33324e-01 |101 -0.00752  6.39876e-01 |102  0.00702  9.11085e-02
103 -0.00125 -3.10868e-02 |104 -0.00128 -7.73448e-02 |105  0.82387  7.36786e-02
106 -0.41387  1.01456e+00 |107  0.22925 -6.94731e-01 |108 -0.25311  6.91176e-01

Intermediate statistics: 108 variables; iteration 20; function evaluation 27; phase 4
Function value 2.1917540e+03; maximum gradient component mag 8.9600e+02
Var    Value     Gradient |Var    Value     Gradient |Var    Value     Gradient
  1 -0.39384  4.93695e+01 |  2 -0.42270  8.96001e+02 |  3 -0.41608  3.08594e+02
  4  0.62667 -4.50161e+01 |  5 -0.00996  1.09038e+01 |  6 -0.00517  2.07165e+00
  7  0.00162  5.04656e-01 |  8 -0.01044  4.40098e+00 |  9 -0.01208  5.81906e+00
 10 -0.01847  1.34413e+00 | 11  0.00754  1.43468e+00 | 12  0.02104  8.59939e-01
 13  0.00834  1.35589e+00 | 14  0.02732 -9.44428e-01 | 15 -0.01696  1.13824e+00
 16 -0.01442  5.02146e-01 | 17  0.00380 -1.60863e+00 | 18 -0.02646 -1.87108e-01
 19 -0.00832 -2.40282e+00 | 20 -0.01232 -2.55010e+00 | 21  0.00407 -8.46595e+00
 22 -0.00506 -6.57941e+00 | 23  0.00012 -6.83944e+00 | 24 -0.03257 -4.20693e+00
 25 -0.02681 -2.87037e+00 | 26 -0.04036 -9.61674e-01 | 27 -0.05768 -1.86971e-01
 28 -0.01782 -1.81528e+00 | 29  0.02906 -4.37572e+00 | 30  0.00027 -6.18485e+00
 31  0.00384 -7.39066e+00 | 32 -0.00588 -5.12752e+00 | 33 -0.02083 -4.74036e+00
 34  0.01408 -8.27502e+00 | 35 -0.00806 -3.55570e+00 | 36 -0.00864 -2.18962e+00
 37 -0.01061 -1.93447e+00 | 38  0.03059 -4.12841e+00 | 39  0.00548 -3.99694e+00
 40 -0.00948 -1.58872e+00 | 41  0.01785 -3.98375e+00 | 42 -0.03643 -1.53522e+00
 43 -0.00452 -2.33184e+00 | 44  0.01646 -1.45860e+00 | 45 -0.03517  2.46318e-01
 46 -0.00568 -1.75850e-01 | 47  0.00596 -7.35040e-01 | 48 -0.02897 -4.47286e-01
 49  0.00743 -1.53693e+00 | 50  0.03509  3.26884e+00 | 51 -0.01275 -4.40292e-01
 52 -0.01833  2.54861e-01 | 53 -0.00619  1.91570e+00 | 54  0.02174  8.82408e+00
 55  0.02941  7.94200e+00 | 56 -0.02000  1.72956e+00 | 57 -0.00909  4.67263e+00
 58 -0.01872  5.15198e+00 | 59 -0.02352  6.59032e+00 | 60  0.00621  1.32323e+01
 61  0.00051  9.37242e+00 | 62  0.01193  1.48363e+01 | 63 -0.00762  1.01500e+01
 64  0.04140  1.25052e+01 | 65  0.00172  1.85968e+00 | 66 -0.00472  4.70404e+00
 67  0.01205  7.55453e+00 | 68 -0.03958  1.81589e+00 | 69  0.05222 -1.99248e+01
 70  0.01262 -1.74888e+00 | 71 -0.00884  1.30058e+00 | 72 -0.00087  4.88767e+00
 73  0.04629 -1.44028e+01 | 74 -0.00361  4.86544e+00 | 75  0.03033 -6.59979e+00
 76  0.00241 -2.42804e+00 | 77  0.02562 -6.84544e+00 | 78  0.01560 -1.20733e+01
 79 -0.06432  1.37710e+00 | 80  0.02182 -5.95826e-01 | 81  0.01609 -3.06350e+00
 82 -0.01794  3.39201e-01 | 83  0.03223 -1.72391e+01 | 84  0.00227 -5.27142e+00
 85 -0.01186  2.17000e+00 | 86  0.00864  1.77388e+00 | 87  0.00673  2.44910e+00
 88 -0.03375  2.91685e-01 | 89  0.01808  9.00002e+00 | 90  0.04303 -2.15634e+01
 91  0.01687 -6.45070e+00 | 92 -0.04892  2.33588e-01 | 93  0.00041  8.59969e+00
 94  0.00474  1.41372e+01 | 95  0.04578  2.43461e+01 | 96  0.01568  6.28780e+00
 97  0.04356  4.58959e+00 | 98 -0.01209  1.65163e+00 | 99 -0.00032  4.47518e+00
100 -0.00614  9.02162e-01 |101 -0.00839 -1.51363e-01 |102  0.00650  1.12833e+00
103 -0.00091  1.34096e+00 |104 -0.00091  1.33664e+00 |105  0.82854 -3.30667e+01
106 -0.41380  2.24056e+02 |107  0.23684  2.12628e+01 |108 -0.25299 -6.65971e+01
108 variables; iteration 40; function evaluation 47; phase 4
Function value 2.1912777e+03; maximum gradient component mag 6.0713e+01
Var    Value     Gradient |Var    Value     Gradient |Var    Value     Gradient
  1 -0.39058  5.28477e+00 |  2 -0.42345  6.07128e+01 |  3 -0.41658  1.96560e+01
  4  0.62843  1.00002e+01 |  5 -0.01470 -8.56895e-01 |  6 -0.00540  1.30977e+00
  7  0.00112 -8.69126e-01 |  8 -0.01131  2.63027e+00 |  9 -0.01427  1.44062e+00
 10 -0.01844 -2.70060e-01 | 11  0.00925  3.64287e+00 | 12  0.02369  6.22518e+00
 13  0.01049  5.57739e+00 | 14  0.02725 -3.17448e+00 | 15 -0.01587  2.61096e+00
 16 -0.01470 -2.10233e+00 | 17  0.00623  8.03403e+00 | 18 -0.02614 -4.25073e-01
 19 -0.00861 -5.19445e+00 | 20 -0.01279 -6.21462e+00 | 21  0.00534  2.33599e+00
 22 -0.00481 -3.65567e+00 | 23  0.00062  9.46223e-01 | 24 -0.03181  3.46168e+00
 25 -0.02685 -2.18046e+00 | 26 -0.03981  3.38529e+00 | 27 -0.05659  6.29696e+00
 28 -0.01749 -4.51079e-01 | 29  0.02931 -2.10046e+00 | 30  0.00078  1.14805e+00
 31  0.00423 -4.16039e-01 | 32 -0.00550  1.11365e+00 | 33 -0.02072 -2.84922e+00
 34  0.01449 -1.45243e-01 | 35 -0.00794 -2.71487e+00 | 36 -0.00855 -2.13871e+00
 37 -0.01034  5.54697e-01 | 38  0.03050 -6.07770e+00 | 39  0.00575  3.08071e-01
 40 -0.00931  7.03188e-01 | 41  0.01787 -1.20521e+00 | 42 -0.03644 -1.19332e+00
 43 -0.00466 -2.89534e+00 | 44  0.01671  4.01357e+00 | 45 -0.03543 -2.28675e+00
 46 -0.00588 -2.23883e+00 | 47  0.00602  1.43419e+00 | 48 -0.02917 -2.17733e+00
 49  0.00749  6.19284e-01 | 50  0.03493  2.14184e+00 | 51 -0.01304 -3.23460e+00
 52 -0.01850 -1.11418e+00 | 53 -0.00638 -3.03104e-01 | 54  0.02150  5.37144e+00
 55  0.02881 -1.44135e+00 | 56 -0.02057 -3.21827e+00 | 57 -0.00971 -1.61983e+00
 58 -0.01912  1.13957e+00 | 59 -0.02386  2.39101e+00 | 60  0.00549 -7.75487e-01
 61 -0.00011 -1.69900e+00 | 62  0.01137  3.01792e+00 | 63 -0.00826 -8.89365e-02
 64  0.04088 -2.19533e-02 | 65  0.00127 -2.36180e+00 | 66 -0.00521 -8.33821e-01
 67  0.01159  7.23428e-01 | 68 -0.03999 -2.07172e+00 | 69  0.05234 -2.94629e-01
 70  0.01246  2.03293e+00 | 71 -0.00900  2.62121e+00 | 72 -0.00138 -1.91245e+00
 73  0.04637  1.45860e-01 | 74 -0.00398  8.96401e-01 | 75  0.03053  1.02638e+01
 76  0.00216 -1.52462e+00 | 77  0.02531 -5.53375e+00 | 78  0.01536 -8.62257e+00
 79 -0.06450  1.33197e+00 | 80  0.02185  8.04717e+00 | 81  0.01581 -2.40044e+00
 82 -0.01809  2.27491e+00 | 83  0.03234  1.86563e+00 | 84  0.00197 -4.73978e+00
 85 -0.01243 -4.17874e+00 | 86  0.00800 -8.71395e+00 | 87  0.00610 -6.51730e+00
 88 -0.03392  1.21196e+00 | 89  0.01734 -5.30941e+00 | 90  0.04321  6.70715e-01
 91  0.01653 -3.06503e+00 | 92 -0.04917  9.04138e-01 | 93 -0.00024  1.60127e+00
 94  0.00390  6.71706e-01 | 95  0.04482  3.25417e+00 | 96  0.01507  1.71919e+00
 97  0.04307  5.03592e+00 | 98 -0.01240  1.58215e+00 | 99 -0.00104  4.16692e-01
100 -0.00620  1.83174e+00 |101 -0.00588  8.92460e+00 |102  0.00619 -6.28882e-01
103 -0.00092 -1.55516e-01 |104 -0.00092 -1.54343e-01 |105  0.82636 -5.06995e+00
106 -0.41448  1.23380e+01 |107  0.23693 -4.21383e+00 |108 -0.25279  9.75245e+00
108 variables; iteration 60; function evaluation 70; phase 4
Function value 2.1912102e+03; maximum gradient component mag -5.9747e+00
Var    Value     Gradient |Var    Value     Gradient |Var    Value     Gradient
  1 -0.39099 -2.33985e-01 |  2 -0.42354 -5.61612e+00 |  3 -0.41633 -1.74962e+00
  4  0.62815  1.26150e+00 |  5 -0.01407  1.36905e-01 |  6 -0.00588  4.15505e-01
  7  0.00132 -6.47131e-01 |  8 -0.01225  7.21392e-01 |  9 -0.01548 -1.03900e+00
 10 -0.01844 -2.61577e-01 | 11  0.00740 -8.52600e-01 | 12  0.02126 -7.85399e-01
 13  0.00851 -2.74373e-01 | 14  0.02842  9.00478e-01 | 15 -0.01648  7.20233e-01
 16 -0.01389  4.74288e-01 | 17  0.00426 -1.31966e+00 | 18 -0.02589  4.95475e-01
 19 -0.00742  1.09518e+00 | 20 -0.01190 -9.73314e-01 | 21  0.00486 -1.78652e+00
 22 -0.00414  2.31198e+00 | 23  0.00052 -1.45772e-01 | 24 -0.03282 -4.84561e+00
 25 -0.02675 -1.43240e+00 | 26 -0.03977  3.51772e+00 | 27 -0.05705  2.90611e+00
 28 -0.01748 -4.90591e-01 | 29  0.02945  5.90264e-01 | 30  0.00073 -2.41812e-01
 31  0.00430 -2.82773e-01 | 32 -0.00541  1.61145e+00 | 33 -0.02035  4.81452e-01
 34  0.01454 -4.55313e-01 | 35 -0.00773 -6.50625e-01 | 36 -0.00829  3.57926e-01
 37 -0.01038 -6.20325e-01 | 38  0.03091  1.08522e+00 | 39  0.00574 -8.45726e-01
 40 -0.00940 -1.17345e+00 | 41  0.01798 -6.42988e-01 | 42 -0.03604  1.81007e+00
 43 -0.00445 -9.32710e-01 | 44  0.01656 -1.85484e-01 | 45 -0.03494  1.52520e+00
 46 -0.00571 -8.86447e-01 | 47  0.00601  1.93466e-01 | 48 -0.02902 -1.40172e+00
 49  0.00757  5.15642e-01 | 50  0.03483 -2.37467e+00 | 51 -0.01260  1.22674e+00
 52 -0.01833  3.78504e-02 | 53 -0.00611  2.04192e+00 | 54  0.02131 -4.98410e-01
 55  0.02894 -8.61473e-01 | 56 -0.02030 -9.25208e-01 | 57 -0.00953 -3.27932e-01
 58 -0.01910  3.38937e-02 | 59 -0.02396 -4.59248e-01 | 60  0.00557 -1.39265e+00
 61 -0.00006 -2.91429e+00 | 62  0.01136 -4.19720e-02 | 63 -0.00811  1.06827e+00
 64  0.04096 -7.28624e-01 | 65  0.00162  4.04649e+00 | 66 -0.00498  2.59794e+00
 67  0.01164 -5.30729e-01 | 68 -0.03981 -8.27405e-01 | 69  0.05244 -1.00677e-01
 70  0.01253  1.54994e+00 | 71 -0.00900  1.20001e+00 | 72 -0.00116  1.21067e+00
 73  0.04646 -3.10711e-01 | 74 -0.00386  1.10517e+00 | 75  0.03032 -2.69467e-01
 76  0.00231 -4.53818e-03 | 77  0.02552 -5.95327e-01 | 78  0.01569 -3.74555e-01
 79 -0.06429  2.73994e+00 | 80  0.02171 -5.08488e-02 | 81  0.01597 -7.02643e-01
 82 -0.01811  4.43595e-01 | 83  0.03240  4.34098e-01 | 84  0.00199 -5.97465e+00
 85 -0.01223 -1.15969e+00 | 86  0.00840  7.32275e-01 | 87  0.00628 -3.30522e+00
 88 -0.03402 -1.00755e+00 | 89  0.01760  2.08216e-01 | 90  0.04324 -2.93565e-01
 91  0.01683  4.01713e+00 | 92 -0.04930 -6.27887e-01 | 93 -0.00022  1.37575e+00
 94  0.00395  9.67720e-01 | 95  0.04473 -4.63536e-01 | 96  0.01498 -2.93217e-01
 97  0.04282 -2.29436e+00 | 98 -0.01273 -1.68997e+00 | 99 -0.00107  6.76237e-01
100 -0.00635  1.19534e+00 |101 -0.00800  1.89773e+00 |102  0.00686  6.46639e-01
103 -0.00068  4.26075e-01 |104 -0.00067  4.40519e-01 |105  0.82984  5.03198e-01
106 -0.41406 -4.44046e+00 |107  0.23676 -5.08289e-01 |108 -0.25283 -7.75594e-01
108 variables; iteration 80; function evaluation 95; phase 4
Function value 2.1912010e+03; maximum gradient component mag -1.2453e+00
Var    Value     Gradient |Var    Value     Gradient |Var    Value     Gradient
  1 -0.39093 -4.63104e-02 |  2 -0.42353 -8.41037e-01 |  3 -0.41635 -1.90976e-01
  4  0.62808 -8.61872e-02 |  5 -0.01415 -4.18871e-02 |  6 -0.00591  3.58214e-01
  7  0.00146 -4.05783e-01 |  8 -0.01277 -2.27927e-01 |  9 -0.01492  2.62813e-02
 10 -0.01818  2.73588e-01 | 11  0.00767 -1.93291e-01 | 12  0.02152 -5.43596e-02
 13  0.00849 -2.94422e-01 | 14  0.02821  1.04365e-01 | 15 -0.01676 -9.50784e-02
 16 -0.01402  3.50051e-02 | 17  0.00451 -1.85595e-01 | 18 -0.02599  8.94191e-02
 19 -0.00761  5.72949e-02 | 20 -0.01180 -3.59091e-01 | 21  0.00515  6.39135e-01
 22 -0.00440 -5.23790e-02 | 23  0.00053 -2.04166e-02 | 24 -0.03237 -1.24528e+00
 25 -0.02660 -6.34523e-02 | 26 -0.04015 -1.12339e-01 | 27 -0.05738  4.04708e-01
 28 -0.01742 -5.18586e-03 | 29  0.02944 -1.32820e-01 | 30  0.00076  7.78158e-03
 31  0.00434  1.92350e-01 | 32 -0.00550  2.45410e-01 | 33 -0.02038 -4.04839e-02
 34  0.01456 -2.88744e-01 | 35 -0.00767 -6.25792e-02 | 36 -0.00831  5.68813e-02
 37 -0.01032 -3.03010e-02 | 38  0.03088  3.35754e-02 | 39  0.00580 -1.74653e-01
 40 -0.00932 -2.77171e-01 | 41  0.01806  6.15636e-01 | 42 -0.03617  6.35201e-01
 43 -0.00437 -1.13401e-01 | 44  0.01660  1.64892e-01 | 45 -0.03511 -8.37599e-02
 46 -0.00564 -8.49876e-02 | 47  0.00601 -1.91738e-02 | 48 -0.02887 -6.61093e-02
 49  0.00755  1.42036e-02 | 50  0.03491 -8.10641e-01 | 51 -0.01266  2.37384e-01
 52 -0.01830  1.64678e-01 | 53 -0.00623  2.88488e-01 | 54  0.02135 -1.44080e-01
 55  0.02898 -1.46556e-01 | 56 -0.02022 -1.31460e-01 | 57 -0.00950 -6.23925e-02
 58 -0.01908  2.19003e-02 | 59 -0.02392 -6.56014e-02 | 60  0.00563 -3.67582e-01
 61  0.00007 -1.31871e-01 | 62  0.01138 -1.44637e-01 | 63 -0.00809  9.69285e-01
 64  0.04100 -1.17169e-01 | 65  0.00148  8.45590e-02 | 66 -0.00504  6.15259e-01
 67  0.01167 -1.48094e-01 | 68 -0.03974 -1.23554e-01 | 69  0.05246 -6.58081e-02
 70  0.01251  1.70937e-01 | 71 -0.00905 -3.87784e-01 | 72 -0.00119 -4.52725e-02
 73  0.04648 -6.12268e-02 | 74 -0.00389  3.85546e-02 | 75  0.03034 -2.46347e-01
 76  0.00238  1.07887e+00 | 77  0.02555 -2.16610e-01 | 78  0.01572 -1.98252e-02
 79 -0.06447  8.82385e-01 | 80  0.02173 -6.52437e-02 | 81  0.01601 -1.44349e-01
 82 -0.01810  2.52919e-01 | 83  0.03240  1.47856e-02 | 84  0.00221 -9.58043e-01
 85 -0.01217 -1.38951e-01 | 86  0.00839  4.36060e-02 | 87  0.00640 -4.66128e-01
 88 -0.03395 -1.40705e-01 | 89  0.01760  1.74567e-02 | 90  0.04327 -7.24868e-02
 91  0.01672  5.61054e-01 | 92 -0.04920  1.24421e-01 | 93 -0.00027 -2.96628e-02
 94  0.00393  1.99796e-01 | 95  0.04475 -1.39862e-01 | 96  0.01504  6.34236e-01
 97  0.04289 -4.28444e-01 | 98 -0.01262 -5.29599e-01 | 99 -0.00110  2.66098e-01
100 -0.00655 -3.75064e-01 |101 -0.00843  3.78062e-01 |102  0.00678  5.82439e-01
103 -0.00104 -1.06356e-01 |104 -0.00105 -1.08349e-01 |105  0.82992 -4.32368e-02
106 -0.41404 -6.37655e-02 |107  0.23705  2.73451e-01 |108 -0.25273  4.23782e-01
Maximum number of function evaluations exceeded

 - final statistics:
108 variables; iteration 84; function evaluation 100
Function value 2.1912e+03; maximum gradient component mag -1.2250e+00
Exit code = 3;  converg criter 1.0000e+00
Var    Value     Gradient |Var    Value     Gradient |Var    Value     Gradient
  1 -0.39092 -8.55352e-03 |  2 -0.42353 -7.56387e-01 |  3 -0.41636 -1.63401e-01
  4  0.62808 -7.43514e-02 |  5 -0.01415 -3.37879e-02 |  6 -0.00589  3.94548e-01
  7  0.00146 -3.94563e-01 |  8 -0.01278 -2.53729e-01 |  9 -0.01491  4.37887e-02
 10 -0.01820  2.44438e-01 | 11  0.00768 -1.68507e-01 | 12  0.02150 -1.14739e-01
 13  0.00853 -1.95676e-01 | 14  0.02821  1.18342e-01 | 15 -0.01672  3.28587e-02
 16 -0.01403  2.53098e-02 | 17  0.00451 -1.92048e-01 | 18 -0.02601  2.34612e-02
 19 -0.00761  4.91930e-02 | 20 -0.01180 -3.62929e-01 | 21  0.00515  6.18053e-01
 22 -0.00440 -1.63637e-02 | 23  0.00053 -2.22191e-02 | 24 -0.03237 -1.22503e+00
 25 -0.02660 -7.73578e-02 | 26 -0.04015 -1.02557e-01 | 27 -0.05738  4.00721e-01
 28 -0.01742  9.38728e-03 | 29  0.02944 -1.16140e-01 | 30  0.00076 -9.89282e-03
 31  0.00435  2.70381e-01 | 32 -0.00550  2.18934e-01 | 33 -0.02039 -8.76953e-02
 34  0.01456 -3.17599e-01 | 35 -0.00767 -6.40717e-02 | 36 -0.00831  6.11449e-02
 37 -0.01031  1.07199e-02 | 38  0.03088  2.80392e-02 | 39  0.00580 -1.92780e-01
 40 -0.00932 -3.28160e-01 | 41  0.01807  6.40422e-01 | 42 -0.03617  6.42419e-01
 43 -0.00437 -1.04881e-01 | 44  0.01660  2.10511e-01 | 45 -0.03512 -1.22913e-01
 46 -0.00564 -8.72240e-02 | 47  0.00601 -3.62327e-02 | 48 -0.02887 -4.64934e-02
 49  0.00754 -1.77500e-02 | 50  0.03491 -7.94829e-01 | 51 -0.01267  2.24505e-01
 52 -0.01830  2.15978e-01 | 53 -0.00623  2.98367e-01 | 54  0.02134 -1.50853e-01
 55  0.02898 -1.74019e-01 | 56 -0.02022 -1.22185e-01 | 57 -0.00950 -6.17823e-02
 58 -0.01908  5.18782e-02 | 59 -0.02392 -5.00492e-02 | 60  0.00563 -4.25777e-01
 61  0.00008 -6.70621e-02 | 62  0.01138 -1.57335e-01 | 63 -0.00809  1.02362e+00
 64  0.04100 -1.17725e-01 | 65  0.00148  8.37245e-02 | 66 -0.00504  6.34157e-01
 67  0.01167 -1.42874e-01 | 68 -0.03974 -1.76872e-01 | 69  0.05246 -5.77185e-02
 70  0.01251  1.68475e-01 | 71 -0.00905 -3.76590e-01 | 72 -0.00118  3.18567e-02
 73  0.04648 -6.13809e-02 | 74 -0.00389  3.37397e-03 | 75  0.03035 -2.17523e-01
 76  0.00237  9.16671e-01 | 77  0.02555 -1.92752e-01 | 78  0.01572 -1.83552e-02
 79 -0.06448  8.38988e-01 | 80  0.02173 -6.23678e-02 | 81  0.01601 -1.34960e-01
 82 -0.01810  1.96451e-01 | 83  0.03240  2.12395e-02 | 84  0.00221 -9.36011e-01
 85 -0.01217 -1.39696e-01 | 86  0.00839  4.76800e-02 | 87  0.00640 -4.56244e-01
 88 -0.03395 -1.27081e-01 | 89  0.01760  2.13397e-02 | 90  0.04327 -6.98830e-02
 91  0.01672  5.53828e-01 | 92 -0.04919  1.92641e-01 | 93 -0.00027 -3.16012e-02
 94  0.00393  1.78931e-01 | 95  0.04475 -1.40774e-01 | 96  0.01504  6.46253e-01
 97  0.04289 -4.30367e-01 | 98 -0.01262 -6.11496e-01 | 99 -0.00111  2.81054e-01
100 -0.00656 -3.89661e-01 |101 -0.00845  3.06400e-01 |102  0.00680  6.13641e-01
103 -0.00106 -1.23116e-01 |104 -0.00106 -1.25478e-01 |105  0.82992 -4.48385e-02
106 -0.41404 -2.88838e-02 |107  0.23702  1.95703e-01 |108 -0.25274  3.57944e-01

Initial statistics: 110 variables; iteration 0; function evaluation 0; phase 5
Function value 2.1912010e+03; maximum gradient component mag 4.1089e+01
Var    Value     Gradient |Var    Value     Gradient |Var    Value     Gradient
  1 -0.39092 -8.55352e-03 |  2 -0.42353 -7.56387e-01 |  3 -0.41636 -1.63401e-01
  4 -0.41222  2.77114e+00 |  5 -0.41222  4.10888e+01 |  6  0.62808 -7.43514e-02
  7 -0.01415 -3.37879e-02 |  8 -0.00589  3.94548e-01 |  9  0.00146 -3.94563e-01
 10 -0.01278 -2.53729e-01 | 11 -0.01491  4.37887e-02 | 12 -0.01820  2.44404e-01
 13  0.00768 -1.68541e-01 | 14  0.02150 -1.14774e-01 | 15  0.00853 -1.95711e-01
 16  0.02821  1.18308e-01 | 17 -0.01672  3.28243e-02 | 18 -0.01403  2.52753e-02
 19  0.00451 -1.92082e-01 | 20 -0.02601  2.34268e-02 | 21 -0.00761  4.91586e-02
 22 -0.01180 -3.62964e-01 | 23  0.00515  6.18018e-01 | 24 -0.00440 -1.63982e-02
 25  0.00053 -2.22536e-02 | 26 -0.03237 -1.22507e+00 | 27 -0.02660 -7.73922e-02
 28 -0.04015 -1.02592e-01 | 29 -0.05738  4.00687e-01 | 30 -0.01742  9.35284e-03
 31  0.02944 -1.16175e-01 | 32  0.00076 -9.92726e-03 | 33  0.00435  2.70346e-01
 34 -0.00550  2.18900e-01 | 35 -0.02039 -8.77297e-02 | 36  0.01456 -3.17633e-01
 37 -0.00767 -6.41061e-02 | 38 -0.00831  6.11105e-02 | 39 -0.01031  1.06854e-02
 40  0.03088  2.80048e-02 | 41  0.00580 -1.92814e-01 | 42 -0.00932 -3.28195e-01
 43  0.01807  6.40388e-01 | 44 -0.03617  6.42385e-01 | 45 -0.00437 -1.04915e-01
 46  0.01660  2.10477e-01 | 47 -0.03512 -1.22947e-01 | 48 -0.00564 -8.72584e-02
 49  0.00601 -3.62671e-02 | 50 -0.02887 -4.65278e-02 | 51  0.00754 -1.77845e-02
 52  0.03491 -7.94864e-01 | 53 -0.01267  2.24471e-01 | 54 -0.01830  2.15943e-01
 55 -0.00623  2.98332e-01 | 56  0.02134 -1.50887e-01 | 57  0.02898 -1.74053e-01
 58 -0.02022 -1.22219e-01 | 59 -0.00950 -6.18167e-02 | 60 -0.01908  5.18438e-02
 61 -0.02392 -5.00836e-02 | 62  0.00563 -4.25812e-01 | 63  0.00008 -6.70966e-02
 64  0.01138 -1.57369e-01 | 65 -0.00809  1.02358e+00 | 66  0.04100 -1.17759e-01
 67  0.00148  8.36901e-02 | 68 -0.00504  6.34123e-01 | 69  0.01167 -1.42909e-01
 70 -0.03974 -1.76906e-01 | 71  0.05246 -5.77528e-02 | 72  0.01251  1.68440e-01
 73 -0.00905 -3.76624e-01 | 74 -0.00118  3.18222e-02 | 75  0.04648 -6.14152e-02
 76 -0.00389  3.33952e-03 | 77  0.03035 -2.17557e-01 | 78  0.00237  9.16636e-01
 79  0.02555 -1.92786e-01 | 80  0.01572 -1.83897e-02 | 81 -0.06448  8.38954e-01
 82  0.02173 -6.24022e-02 | 83  0.01601 -1.34995e-01 | 84 -0.01810  1.96417e-01
 85  0.03240  2.12051e-02 | 86  0.00221 -9.36046e-01 | 87 -0.01217 -1.39731e-01
 88  0.00839  4.76455e-02 | 89  0.00640 -4.56278e-01 | 90 -0.03395 -1.27115e-01
 91  0.01760  2.13052e-02 | 92  0.04327 -6.99174e-02 | 93  0.01672  5.53793e-01
 94 -0.04919  1.92606e-01 | 95 -0.00027 -3.16356e-02 | 96  0.00393  1.78897e-01
 97  0.04475 -1.40808e-01 | 98  0.01504  6.46219e-01 | 99  0.04289 -4.30401e-01
100 -0.01262 -6.11530e-01 |101 -0.00111  2.81020e-01 |102 -0.00656 -3.89695e-01
103 -0.00845  3.06365e-01 |104  0.00680  6.13606e-01 |105 -0.00106 -1.23150e-01
106 -0.00106 -1.25512e-01 |107  0.82992 -4.48385e-02 |108 -0.41404 -2.88838e-02
109  0.23702  1.95703e-01 |110 -0.25274  3.57944e-01 |

Intermediate statistics: 110 variables; iteration 20; function evaluation 22; phase 5
Function value 2.1908854e+03; maximum gradient component mag 1.4354e+02
Var    Value     Gradient |Var    Value     Gradient |Var    Value     Gradient
  1 -0.37990  2.07734e+01 |  2 -0.42098 -1.87376e+01 |  3 -0.42313  4.36563e+01
  4 -0.40708  2.13959e+00 |  5 -0.42965  1.32286e+00 |  6  0.62775 -4.27181e+01
  7 -0.01432 -8.46279e-01 |  8 -0.00599  1.17941e-01 |  9  0.00141 -6.10137e-01
 10 -0.01286 -4.87457e-01 | 11 -0.01503 -2.68657e-01 | 12 -0.01835  1.14712e+00
 13  0.00749  5.73289e-01 | 14  0.02129  5.08309e-01 | 15  0.00833  5.49237e-01
 16  0.02801  8.50220e-01 | 17 -0.01692  9.56589e-01 | 18 -0.01420  1.14634e+00
 19  0.00446  1.67014e+00 | 20 -0.02611  1.58222e+00 | 21 -0.00766  2.02630e+00
 22 -0.01169  2.22902e+00 | 23  0.00499  3.84970e-01 | 24 -0.00434  1.50495e-01
 25  0.00057 -1.53674e+00 | 26 -0.03197  1.31687e+00 | 27 -0.02653 -2.36337e-01
 28 -0.04011 -1.41013e+00 | 29 -0.05752 -1.81026e+00 | 30 -0.01737 -1.60245e+00
 31  0.02947 -2.60651e+00 | 32  0.00079 -4.52949e-01 | 33  0.00429 -1.95172e+00
 34 -0.00557 -2.21058e+00 | 35 -0.02038  5.04986e-02 | 36  0.01469  2.19672e+00
 37 -0.00763  4.44516e-01 | 38 -0.00830 -1.92813e+00 | 39 -0.01029 -1.36911e+00
 40  0.03082 -4.00013e+00 | 41  0.00589 -4.97794e-01 | 42 -0.00921 -1.20581e+00
 43  0.01786 -8.25237e+00 | 44 -0.03640 -2.62332e+00 | 45 -0.00435 -1.32541e+00
 46  0.01653 -5.80019e+00 | 47 -0.03504 -2.22131e+00 | 48 -0.00557 -4.12785e+00
 49  0.00603 -4.02898e+00 | 50 -0.02884 -1.71540e+00 | 51  0.00749 -3.84143e+00
 52  0.03466 -1.04270e+01 | 53 -0.01276 -3.13700e+00 | 54 -0.01838 -3.50040e+00
 55 -0.00633 -4.63580e+00 | 56  0.02121 -9.19335e+00 | 57  0.02866 -1.33343e+01
 58 -0.02025 -2.18339e+00 | 59 -0.00960 -3.93844e+00 | 60 -0.01915 -3.08919e+00
 61 -0.02392 -4.64032e+00 | 62  0.00558 -1.10873e+01 | 63 -0.00002 -9.16961e+00
 64  0.01134 -9.04379e+00 | 65 -0.00838 -6.79907e+00 | 66  0.04158  2.14945e+01
 67  0.00148 -4.10365e-01 | 68 -0.00517 -4.54917e+00 | 69  0.01178 -5.91602e-01
 70 -0.03960 -2.61505e+00 | 71  0.05228 -1.75451e+01 | 72  0.01241 -3.07412e+00
 73 -0.00892  2.23598e+00 | 74 -0.00114  8.34974e-01 | 75  0.04657  8.67386e+00
 76 -0.00390  1.25987e+00 | 77  0.03051  5.80128e+00 | 78  0.00243  1.56968e+00
 79  0.02570  5.79679e+00 | 80  0.01554 -3.99991e+00 | 81 -0.06491 -4.90495e-01
 82  0.02218  1.33374e+01 | 83  0.01635  1.17404e+01 | 84 -0.01796  3.40568e+00
 85  0.03262  1.48503e+01 | 86  0.00231  2.43080e+00 | 87 -0.01214  1.93819e+00
 88  0.00876  6.76226e+00 | 89  0.00671  5.84621e+00 | 90 -0.03383  9.36360e-01
 91  0.01785  1.10830e+01 | 92  0.04363  2.00024e+01 | 93  0.01690  7.68736e+00
 94 -0.04927 -2.01513e+00 | 95 -0.00012  3.37743e-01 | 96  0.00396  1.36508e+00
 97  0.04497  1.53280e+01 | 98  0.01490  8.96481e-01 | 99  0.04246 -7.30109e+00
100 -0.01222  3.02438e+00 |101 -0.00140  5.22435e-01 |102 -0.00588  3.26467e+00
103 -0.00880  1.43722e+00 |104  0.00613  1.58961e+00 |105 -0.00105  1.16810e+00
106 -0.00105  1.16635e+00 |107  0.82554 -2.04103e+01 |108 -0.41401  1.43544e+02
109  0.24067 -2.43582e+01 |110 -0.25172  1.09211e+02 |
110 variables; iteration 40; function evaluation 42; phase 5
Function value 2.1907604e+03; maximum gradient component mag 2.9885e+01
Var    Value     Gradient |Var    Value     Gradient |Var    Value     Gradient
  1 -0.37516  3.13510e+00 |  2 -0.42000 -1.78027e+01 |  3 -0.42628  3.12515e+00
  4 -0.40339  1.10807e+00 |  5 -0.43422 -1.69217e-02 |  6  0.62755 -1.44269e+01
  7 -0.01362  1.30496e+00 |  8 -0.00528  1.49232e+00 |  9  0.00065 -1.71551e+00
 10 -0.01330 -1.10901e+00 | 11 -0.01509 -1.67598e-01 | 12 -0.01825  7.75087e-01
 13  0.00797  1.35201e+00 | 14  0.02138  6.81071e-01 | 15  0.00834  4.80506e-01
 16  0.02785  5.84251e-01 | 17 -0.01725 -1.12621e-01 | 18 -0.01445  4.11118e-01
 19  0.00327 -3.16889e+00 | 20 -0.02655  1.07733e-01 | 21 -0.00827 -4.73872e-01
 22 -0.01167  3.08315e+00 | 23  0.00484  2.58329e-01 | 24 -0.00436  6.49885e-01
 25  0.00064  4.37033e-02 | 26 -0.03219 -2.08855e-01 | 27 -0.02646  8.34699e-01
 28 -0.04001 -6.74645e-01 | 29 -0.05709  9.99896e-01 | 30 -0.01736 -1.15977e+00
 31  0.02954  9.30971e-01 | 32  0.00077  5.05885e-01 | 33  0.00435  2.11936e-01
 34 -0.00547  3.96558e-02 | 35 -0.02047 -7.63793e-02 | 36  0.01454  1.41686e+00
 37 -0.00779 -8.20904e-01 | 38 -0.00824 -6.08893e-01 | 39 -0.01023 -1.32234e-01
 40  0.03079 -2.78941e+00 | 41  0.00586  1.82916e-01 | 42 -0.00914  4.02441e-01
 43  0.01826  1.66253e-01 | 44 -0.03612  6.40673e-02 | 45 -0.00442 -9.34827e-01
 46  0.01687  1.79158e+00 | 47 -0.03481 -2.19759e-01 | 48 -0.00531 -3.28418e-01
 49  0.00601 -3.12390e+00 | 50 -0.02872 -1.63102e-01 | 51  0.00757 -7.15161e-01
 52  0.03489 -1.04973e+00 | 53 -0.01266 -6.11725e-01 | 54 -0.01823 -6.69003e-01
 55 -0.00612 -4.14808e-01 | 56  0.02140 -2.62674e+00 | 57  0.02882 -5.38753e+00
 58 -0.02014  7.15109e-01 | 59 -0.00950 -5.25244e-01 | 60 -0.01906 -7.33540e-01
 61 -0.02367 -7.41444e-01 | 62  0.00597 -1.14053e+00 | 63  0.00030 -3.34899e-01
 64  0.01151 -2.76618e+00 | 65 -0.00798  4.95687e-01 | 66  0.04112  2.66563e+00
 67  0.00170  4.18352e+00 | 68 -0.00493  1.77821e+00 | 69  0.01178 -1.43480e+00
 70 -0.03934 -3.02654e-02 | 71  0.05263 -2.78733e+00 | 72  0.01236 -4.09561e+00
 73 -0.00880  3.12084e+00 | 74 -0.00116 -2.40066e-01 | 75  0.04650  8.39345e-01
 76 -0.00396 -1.77551e+00 | 77  0.03024 -8.26609e+00 | 78  0.00235 -2.14549e+00
 79  0.02590  9.70275e+00 | 80  0.01578  2.94240e+00 | 81 -0.06467  5.72763e-01
 82  0.02196  8.61305e-01 | 83  0.01622  2.13888e+00 | 84 -0.01793  9.76072e-01
 85  0.03239  1.49259e+00 | 86  0.00241  2.12700e+00 | 87 -0.01216 -1.71375e+00
 88  0.00857 -2.12112e+00 | 89  0.00669  2.92813e-01 | 90 -0.03382 -6.19474e-01
 91  0.01775  2.50011e+00 | 92  0.04334  2.31893e+00 | 93  0.01689  3.88719e+00
 94 -0.04891  6.77890e-01 | 95 -0.00002 -1.03544e+00 | 96  0.00398 -6.22398e-01
 97  0.04479  4.44576e+00 | 98  0.01490 -3.83485e-01 | 99  0.04276 -1.35335e+00
100 -0.01233  4.75894e-01 |101 -0.00126  8.88521e-02 |102 -0.00596  1.41277e+00
103 -0.00935 -2.03155e+00 |104  0.00449 -1.96377e+00 |105 -0.00135 -1.11937e-01
106 -0.00135 -1.20591e-01 |107  0.82447 -3.77225e+00 |108 -0.41440  2.98850e+01
109  0.23882 -4.07094e+00 |110 -0.25283  1.69148e+01 |
110 variables; iteration 60; function evaluation 66; phase 5
Function value 2.1907468e+03; maximum gradient component mag -1.4999e+01
Var    Value     Gradient |Var    Value     Gradient |Var    Value     Gradient
  1 -0.37277  4.40846e-01 |  2 -0.41973 -1.49992e+01 |  3 -0.42723 -4.25756e+00
  4 -0.40567 -8.11200e-01 |  5 -0.43495 -1.92524e-01 |  6  0.62766 -6.55983e+00
  7 -0.01431 -1.72745e-01 |  8 -0.00614  3.28325e-02 |  9  0.00160 -3.69196e-02
 10 -0.01245  5.02748e-01 | 11 -0.01489  2.60866e-01 | 12 -0.01861 -1.05768e-01
 13  0.00746  2.00975e-02 | 14  0.02092 -6.65317e-01 | 15  0.00808 -3.06187e-01
 16  0.02787  7.86319e-01 | 17 -0.01704  4.55963e-01 | 18 -0.01456  6.21530e-02
 19  0.00419  1.27511e+00 | 20 -0.02648  4.68326e-01 | 21 -0.00817  2.59200e-01
 22 -0.01247 -1.47778e+00 | 23  0.00475 -1.83870e-01 | 24 -0.00455 -7.67781e-01
 25  0.00057 -5.18858e-01 | 26 -0.03213  5.03276e-01 | 27 -0.02674 -1.57603e+00
 28 -0.03972  2.08522e+00 | 29 -0.05739 -1.05744e+00 | 30 -0.01716  1.68884e+00
 31  0.02945  3.57269e-01 | 32  0.00076  9.35373e-01 | 33  0.00421 -1.20643e+00
 34 -0.00554 -4.94172e-01 | 35 -0.02047  3.05935e-01 | 36  0.01449  1.56297e+00
 37 -0.00781 -3.99455e-01 | 38 -0.00822 -9.57736e-02 | 39 -0.01029 -3.85820e-01
 40  0.03090  7.48231e-01 | 41  0.00582  1.89922e-01 | 42 -0.00926 -6.21019e-01
 43  0.01829  1.30895e+00 | 44 -0.03617 -2.14953e-01 | 45 -0.00436  5.00556e-01
 46  0.01677  6.37807e-01 | 47 -0.03477  2.55240e-01 | 48 -0.00537 -7.15358e-01
 49  0.00625  1.46068e+00 | 50 -0.02876 -2.14144e-01 | 51  0.00746 -1.56352e+00
 52  0.03488  4.92076e-01 | 53 -0.01264  2.77501e-01 | 54 -0.01819  3.31792e-01
 55 -0.00617 -2.64528e-01 | 56  0.02144 -2.93831e-01 | 57  0.02900  5.57782e-01
 58 -0.02041 -1.82700e+00 | 59 -0.00958 -8.33545e-01 | 60 -0.01903  5.71620e-01
 61 -0.02375 -1.28496e+00 | 62  0.00599  3.27320e-01 | 63  0.00024 -2.11274e-01
 64  0.01152 -8.42468e-01 | 65 -0.00803  3.59972e-01 | 66  0.04096 -1.14357e+00
 67  0.00156  1.62165e+00 | 68 -0.00503  7.42043e-01 | 69  0.01175 -1.21067e+00
 70 -0.03931  4.05354e-01 | 71  0.05264  8.07790e-02 | 72  0.01235 -2.95136e+00
 73 -0.00901 -7.14399e-01 | 74 -0.00118 -1.08697e-01 | 75  0.04642 -7.25990e-01
 76 -0.00394  1.95149e-01 | 77  0.03051  2.68818e+00 | 78  0.00238 -7.62847e-01
 79  0.02551 -3.26474e+00 | 80  0.01563 -1.12779e+00 | 81 -0.06471  3.04448e-01
 82  0.02191  1.04348e-01 | 83  0.01609 -1.57250e+00 | 84 -0.01801 -1.23342e-01
 85  0.03231 -6.34484e-01 | 86  0.00236  1.65087e+00 | 87 -0.01208  3.93679e-01
 88  0.00861 -1.48732e-01 | 89  0.00669  8.05809e-01 | 90 -0.03379 -2.07545e-02
 91  0.01765  2.09840e-02 | 92  0.04323 -6.15857e-01 | 93  0.01676  4.02192e-01
 94 -0.04906 -1.03302e+00 | 95  0.00010  1.46849e+00 | 96  0.00400  8.22718e-01
 97  0.04459 -1.18450e+00 | 98  0.01489  4.12520e-02 | 99  0.04274 -8.18260e-01
100 -0.01228  1.04294e+00 |101 -0.00118  9.98406e-01 |102 -0.00599  1.28075e+00
103 -0.00859  8.80062e-02 |104  0.00630  7.44587e-01 |105 -0.00066  7.06063e-01
106 -0.00065  7.13603e-01 |107  0.82429 -7.38504e-01 |108 -0.41449  4.63766e+00
109  0.23880 -4.71386e-01 |110 -0.25303 -5.13071e-01 |
110 variables; iteration 80; function evaluation 92; phase 5
Function value 2.1907428e+03; maximum gradient component mag -9.8267e-01
Var    Value     Gradient |Var    Value     Gradient |Var    Value     Gradient
  1 -0.37370  1.04959e-02 |  2 -0.41976 -1.03726e-01 |  3 -0.42702 -6.13234e-02
  4 -0.40412  7.93914e-03 |  5 -0.43510  2.79175e-02 |  6  0.62763 -1.43874e-01
  7 -0.01425  1.26569e-02 |  8 -0.00613  6.84238e-02 |  9  0.00166  7.88052e-02
 10 -0.01272  4.48741e-03 | 11 -0.01509 -9.88628e-02 | 12 -0.01842  1.01363e-01
 13  0.00753  3.57383e-02 | 14  0.02120 -1.63496e-02 | 15  0.00827  1.05146e-01
 16  0.02763 -2.45691e-01 | 17 -0.01709  1.82794e-01 | 18 -0.01446  2.33687e-01
 19  0.00391 -1.12359e-01 | 20 -0.02643  5.43919e-01 | 21 -0.00822 -9.93457e-02
 22 -0.01222 -5.18504e-02 | 23  0.00474 -2.52229e-01 | 24 -0.00445  1.15800e-01
 25  0.00062  8.27991e-02 | 26 -0.03216  1.47359e-01 | 27 -0.02654  2.97329e-01
 28 -0.03992  1.63776e-01 | 29 -0.05722  9.64359e-03 | 30 -0.01727  1.03631e-01
 31  0.02941 -9.82672e-01 | 32  0.00067 -3.90528e-01 | 33  0.00432  2.44000e-01
 34 -0.00554 -4.40303e-01 | 35 -0.02050 -1.66384e-01 | 36  0.01441  3.84246e-02
 37 -0.00777  6.79966e-02 | 38 -0.00822 -7.53716e-02 | 39 -0.01027 -1.48045e-01
 40  0.03084 -4.70518e-01 | 41  0.00580  5.64138e-04 | 42 -0.00922 -2.56694e-01
 43  0.01822  1.04224e-01 | 44 -0.03612  1.46486e-01 | 45 -0.00441 -1.48113e-01
 46  0.01673  6.22352e-02 | 47 -0.03479  5.07145e-02 | 48 -0.00530  2.17623e-01
 49  0.00617  1.64696e-01 | 50 -0.02874 -2.14329e-02 | 51  0.00755 -3.52836e-02
 52  0.03485 -2.00242e-01 | 53 -0.01268 -1.93277e-01 | 54 -0.01819  2.96859e-01
 55 -0.00615  7.76573e-03 | 56  0.02146  1.18944e-01 | 57  0.02897  2.28957e-01
 58 -0.02025  1.56063e-01 | 59 -0.00952  2.50016e-01 | 60 -0.01905  1.54922e-01
 61 -0.02367 -1.81151e-01 | 62  0.00598  4.36683e-01 | 63  0.00024 -2.22633e-01
 64  0.01155  1.48294e-02 | 65 -0.00804  3.63600e-02 | 66  0.04100 -2.86998e-02
 67  0.00149 -1.25212e-02 | 68 -0.00507 -3.11802e-01 | 69  0.01180  2.96046e-02
 70 -0.03935  7.32572e-03 | 71  0.05264 -2.33842e-04 | 72  0.01246 -7.02286e-02
 73 -0.00898 -1.48100e-03 | 74 -0.00114  7.23143e-01 | 75  0.04643 -6.01207e-02
 76 -0.00392  2.04222e-01 | 77  0.03044  5.54797e-02 | 78  0.00239 -6.29288e-01
 79  0.02560  6.42855e-02 | 80  0.01567 -7.28823e-03 | 81 -0.06473 -1.25751e-01
 82  0.02191 -2.13927e-03 | 83  0.01613 -4.93827e-02 | 84 -0.01795  8.00256e-01
 85  0.03233 -6.10937e-02 | 86  0.00231  2.46016e-01 | 87 -0.01208  4.98308e-02
 88  0.00863  2.73289e-02 | 89  0.00667  3.02722e-02 | 90 -0.03379 -2.47596e-01
 91  0.01766  3.58491e-03 | 92  0.04326 -1.30930e-02 | 93  0.01674 -6.05224e-02
 94 -0.04896 -1.17109e-01 | 95  0.00003 -2.00776e-01 | 96  0.00399 -1.91683e-01
 97  0.04464 -6.05234e-02 | 98  0.01491  9.66774e-02 | 99  0.04279 -2.38681e-01
100 -0.01233  1.79874e-01 |101 -0.00123 -1.42382e-01 |102 -0.00615 -1.33327e-01
103 -0.00856  3.73410e-02 |104  0.00597  1.89628e-02 |105 -0.00101 -1.27778e-02
106 -0.00101 -1.29600e-02 |107  0.82393 -1.94582e-02 |108 -0.41454  1.70328e-01
109  0.23873 -2.42034e-02 |110 -0.25300  7.69249e-02 |
110 variables; iteration 100; function evaluation 120; phase 5
Function value 2.1907426e+03; maximum gradient component mag -7.6313e-02
Var    Value     Gradient |Var    Value     Gradient |Var    Value     Gradient
  1 -0.37372 -1.39775e-02 |  2 -0.41976  3.56180e-03 |  3 -0.42702 -1.76949e-02
  4 -0.40412 -5.15974e-03 |  5 -0.43510 -2.84307e-03 |  6  0.62763  2.17948e-02
  7 -0.01426 -1.21332e-02 |  8 -0.00615  2.57015e-02 |  9  0.00163  1.69028e-02
 10 -0.01273 -1.69052e-02 | 11 -0.01503  1.70516e-02 | 12 -0.01847 -1.72619e-02
 13  0.00753  1.93383e-02 | 14  0.02123  4.82620e-02 | 15  0.00822 -5.64012e-02
 16  0.02770  7.72956e-03 | 17 -0.01713  5.20858e-02 | 18 -0.01454 -1.89558e-02
 19  0.00394  6.96060e-03 | 20 -0.02657 -2.31567e-02 | 21 -0.00820  7.42256e-03
 22 -0.01220  5.88433e-03 | 23  0.00478  5.23237e-02 | 24 -0.00446 -5.27647e-03
 25  0.00061 -7.63133e-02 | 26 -0.03218  1.67791e-02 | 27 -0.02658 -5.66345e-02
 28 -0.03993 -1.30666e-02 | 29 -0.05721  9.41599e-04 | 30 -0.01728  2.64824e-02
 31  0.02945  1.14343e-02 | 32  0.00070 -1.88778e-02 | 33  0.00430 -4.33975e-02
 34 -0.00550  2.80911e-02 | 35 -0.02048  1.96290e-02 | 36  0.01442 -1.05333e-02
 37 -0.00777 -2.52707e-02 | 38 -0.00822 -6.10281e-02 | 39 -0.01025 -3.23710e-02
 40  0.03087  2.85484e-02 | 41  0.00581  5.70126e-03 | 42 -0.00920  1.87767e-02
 43  0.01821 -7.58639e-03 | 44 -0.03613  6.11500e-02 | 45 -0.00439  7.75436e-03
 46  0.01673 -3.18205e-03 | 47 -0.03479  8.24985e-03 | 48 -0.00532  5.11405e-03
 49  0.00616 -7.34111e-03 | 50 -0.02874 -1.82348e-02 | 51  0.00756 -1.30573e-04
 52  0.03486 -6.63869e-03 | 53 -0.01266 -2.05165e-02 | 54 -0.01821  1.55568e-02
 55 -0.00615  1.34013e-02 | 56  0.02145 -1.52589e-02 | 57  0.02897 -3.15151e-03
 58 -0.02026  2.67297e-02 | 59 -0.00953 -8.98923e-03 | 60 -0.01906  1.34138e-02
 61 -0.02365  1.58271e-02 | 62  0.00597 -8.78306e-03 | 63  0.00025 -2.93935e-03
 64  0.01155 -9.65703e-04 | 65 -0.00804  1.61532e-02 | 66  0.04100 -2.78470e-03
 67  0.00149  8.42025e-03 | 68 -0.00505 -1.39252e-02 | 69  0.01180  3.52598e-03
 70 -0.03935 -3.66920e-02 | 71  0.05264  2.02584e-03 | 72  0.01246 -6.40772e-06
 73 -0.00897 -1.13587e-04 | 74 -0.00117 -5.42860e-03 | 75  0.04644  3.69375e-04
 76 -0.00393 -1.63121e-02 | 77  0.03044  2.55589e-03 | 78  0.00242 -2.90914e-04
 79  0.02560 -1.45868e-03 | 80  0.01567 -3.38350e-04 | 81 -0.06472 -3.00289e-03
 82  0.02192 -1.23733e-03 | 83  0.01614 -1.55516e-03 | 84 -0.01799 -1.03038e-02
 85  0.03233 -4.89820e-04 | 86  0.00230 -7.37319e-03 | 87 -0.01208 -1.90835e-02
 88  0.00863  1.09784e-03 | 89  0.00667  1.89655e-04 | 90 -0.03377  4.92198e-04
 91  0.01766 -1.27298e-04 | 92  0.04327 -4.17532e-04 | 93  0.01675  3.02132e-03
 94 -0.04894  5.53448e-02 | 95  0.00004  1.09661e-02 | 96  0.00400  3.29388e-03
 97  0.04465  4.38655e-03 | 98  0.01491  3.07608e-02 | 99  0.04280  1.36730e-02
100 -0.01234  4.96527e-02 |101 -0.00121 -3.60531e-02 |102 -0.00612 -5.75307e-03
103 -0.00856 -6.58098e-03 |104  0.00597  7.30014e-03 |105 -0.00100 -2.70863e-03
106 -0.00100 -2.63518e-03 |107  0.82392  6.11315e-03 |108 -0.41454 -4.42116e-02
109  0.23873  7.28605e-03 |110 -0.25300 -2.05380e-02 |

 - final statistics:
110 variables; iteration 119; function evaluation 151
Function value 2.1907e+03; maximum gradient component mag 5.1281e-06
Exit code = 1;  converg criter 1.0000e-04
Var    Value     Gradient |Var    Value     Gradient |Var    Value     Gradient
  1 -0.37371  1.85647e-06 |  2 -0.41976  3.70779e-06 |  3 -0.42702  3.27692e-06
  4 -0.40412  5.59019e-07 |  5 -0.43510  3.28612e-07 |  6  0.62763 -5.23722e-07
  7 -0.01425  7.55954e-09 |  8 -0.00617  6.18396e-08 |  9  0.00162 -2.41866e-08
 10 -0.01273 -3.46199e-08 | 11 -0.01503 -1.87992e-09 | 12 -0.01846  1.76954e-08
 13  0.00752  4.43877e-08 | 14  0.02122  1.08719e-07 | 15  0.00824  2.52626e-08
 16  0.02770 -3.57997e-08 | 17 -0.01714  9.13322e-08 | 18 -0.01453 -4.43918e-08
 19  0.00394 -1.29390e-07 | 20 -0.02656 -8.96861e-08 | 21 -0.00820 -2.92059e-08
 22 -0.01220  1.76886e-08 | 23  0.00478  1.20317e-08 | 24 -0.00446 -6.43410e-09
 25  0.00062  1.98691e-07 | 26 -0.03218 -1.08801e-07 | 27 -0.02657 -1.78960e-08
 28 -0.03993 -1.62796e-07 | 29 -0.05721  5.84973e-08 | 30 -0.01728 -2.48298e-07
 31  0.02945 -2.78200e-07 | 32  0.00070 -1.67437e-07 | 33  0.00430 -7.45195e-08
 34 -0.00550 -2.95662e-07 | 35 -0.02048  9.51546e-09 | 36  0.01442 -2.74979e-07
 37 -0.00777 -2.58250e-07 | 38 -0.00821  1.98672e-07 | 39 -0.01025  6.79771e-08
 40  0.03086 -2.03366e-07 | 41  0.00581 -9.29122e-08 | 42 -0.00920  4.50887e-07
 43  0.01821 -2.14843e-07 | 44 -0.03614  1.64894e-07 | 45 -0.00439 -1.16613e-07
 46  0.01673 -5.96876e-08 | 47 -0.03479 -2.52233e-08 | 48 -0.00532  1.05937e-07
 49  0.00616 -7.25390e-08 | 50 -0.02874 -4.70599e-08 | 51  0.00756  3.29745e-08
 52  0.03486 -1.17219e-07 | 53 -0.01266  5.83448e-07 | 54 -0.01821  2.23294e-07
 55 -0.00615  2.28663e-07 | 56  0.02145 -4.45522e-08 | 57  0.02897 -2.38748e-07
 58 -0.02026  2.04008e-08 | 59 -0.00953 -2.34331e-08 | 60 -0.01906  1.99802e-08
 61 -0.02365  8.64588e-08 | 62  0.00597 -6.41445e-08 | 63  0.00025 -8.03645e-08
 64  0.01155 -5.43819e-08 | 65 -0.00804  1.50879e-08 | 66  0.04100  1.75002e-07
 67  0.00149 -1.24836e-07 | 68 -0.00505 -6.63412e-08 | 69  0.01180  3.70681e-08
 70 -0.03935  1.46490e-09 | 71  0.05264 -2.08597e-07 | 72  0.01246  7.66351e-10
 73 -0.00897 -1.71136e-08 | 74 -0.00117 -3.66848e-08 | 75  0.04644  3.67808e-08
 76 -0.00393 -6.59654e-09 | 77  0.03044 -1.57310e-07 | 78  0.00242  9.18813e-08
 79  0.02560  1.47798e-07 | 80  0.01567 -6.03809e-08 | 81 -0.06472  5.24704e-08
 82  0.02192  4.78514e-08 | 83  0.01614  1.30483e-07 | 84 -0.01799 -1.61633e-08
 85  0.03233  1.21532e-07 | 86  0.00230 -7.85970e-09 | 87 -0.01208  5.59016e-08
 88  0.00863 -5.78729e-09 | 89  0.00667 -4.30804e-08 | 90 -0.03377  3.91951e-08
 91  0.01766  1.29459e-07 | 92  0.04327  1.39793e-07 | 93  0.01675 -7.53823e-08
 94 -0.04895  1.31112e-07 | 95  0.00004 -3.25170e-08 | 96  0.00400  8.48453e-08
 97  0.04465  2.43626e-07 | 98  0.01491  8.19517e-08 | 99  0.04280 -2.43368e-08
100 -0.01234 -6.98664e-09 |101 -0.00121  6.67610e-08 |102 -0.00612 -1.52969e-08
103 -0.00856  9.69865e-08 |104  0.00597 -3.15916e-08 |105 -0.00099  6.57382e-09
106 -0.00099  4.69929e-09 |107  0.82392 -7.75212e-07 |108 -0.41454  5.12812e-06
109  0.23873 -1.08329e-06 |110 -0.25300  2.55828e-06 |

 - final statistics:
122 variables; iteration 0; function evaluation 0
Function value 2.1907e+03; maximum gradient component mag 5.1282e-06
Exit code = 0;  converg criter 1.0000e-04
Var    Value     Gradient |Var    Value     Gradient |Var    Value     Gradient
  1 -0.37371  1.85649e-06 |  2 -0.41976  3.70783e-06 |  3 -0.42702  3.27695e-06
  4 -0.40412  5.59024e-07 |  5 -0.43510  3.28618e-07 |  6  0.62763 -5.23870e-07
  7 -0.01425  7.55938e-09 |  8 -0.00617  6.18396e-08 |  9  0.00162 -2.41867e-08
 10 -0.01273 -3.46200e-08 | 11 -0.01503 -1.87999e-09 | 12 -0.01846  1.67189e-08
 13  0.00752  4.34111e-08 | 14  0.02122  1.07742e-07 | 15  0.00824  2.42855e-08
 16  0.02770 -3.67761e-08 | 17 -0.01714  9.03555e-08 | 18 -0.01453 -4.53687e-08
 19  0.00394 -1.30368e-07 | 20 -0.02656 -9.06626e-08 | 21 -0.00820 -3.01837e-08
 22 -0.01220  1.67108e-08 | 23  0.00478  1.10530e-08 | 24 -0.00446 -7.41280e-09
 25  0.00062  1.97710e-07 | 26 -0.03218 -1.09778e-07 | 27 -0.02657 -1.88740e-08
 28 -0.03993 -1.63772e-07 | 29 -0.05721  5.75234e-08 | 30 -0.01728 -2.49276e-07
 31  0.02945 -2.79181e-07 | 32  0.00070 -1.68417e-07 | 33  0.00430 -7.54978e-08
 34 -0.00550 -2.96641e-07 | 35 -0.02048  8.53727e-09 | 36  0.01442 -2.75960e-07
 37 -0.00777 -2.59229e-07 | 38 -0.00821  1.97693e-07 | 39 -0.01025  6.69981e-08
 40  0.03086 -2.04347e-07 | 41  0.00581 -9.38925e-08 | 42 -0.00920  4.49907e-07
 43  0.01821 -2.15825e-07 | 44 -0.03614  1.63917e-07 | 45 -0.00439 -1.17593e-07
 46  0.01673 -6.06697e-08 | 47 -0.03479 -2.62009e-08 | 48 -0.00532  1.04956e-07
 49  0.00616 -7.35209e-08 | 50 -0.02874 -4.80387e-08 | 51  0.00756  3.19918e-08
 52  0.03486 -1.18206e-07 | 53 -0.01266  5.82467e-07 | 54 -0.01821  2.22314e-07
 55 -0.00615  2.27681e-07 | 56  0.02145 -4.55363e-08 | 57  0.02897 -2.39733e-07
 58 -0.02026  1.94190e-08 | 59 -0.00953 -2.44164e-08 | 60 -0.01906  1.89981e-08
 61 -0.02365  8.54770e-08 | 62  0.00597 -6.51312e-08 | 63  0.00025 -8.13499e-08
 64  0.01155 -5.53676e-08 | 65 -0.00804  1.41047e-08 | 66  0.04100  1.74013e-07
 67  0.00149 -1.25821e-07 | 68 -0.00505 -6.73250e-08 | 69  0.01180  3.60843e-08
 70 -0.03935  4.86487e-10 | 71  0.05264 -2.09586e-07 | 72  0.01246 -2.20087e-10
 73 -0.00897 -1.80967e-08 | 74 -0.00117 -3.76683e-08 | 75  0.04644  3.57926e-08
 76 -0.00393 -7.57910e-09 | 77  0.03044 -1.58300e-07 | 78  0.00242  9.08973e-08
 79  0.02560  1.46812e-07 | 80  0.01567 -6.13671e-08 | 81 -0.06472  5.14961e-08
 82  0.02192  4.68658e-08 | 83  0.01614  1.29499e-07 | 84 -0.01799 -1.71440e-08
 85  0.03233  1.20551e-07 | 86  0.00230 -8.84212e-09 | 87 -0.01208  5.49204e-08
 88  0.00863 -6.77006e-09 | 89  0.00667 -4.40619e-08 | 90 -0.03377  3.82176e-08
 91  0.01766  1.28479e-07 | 92  0.04327  1.38806e-07 | 93  0.01675 -7.63623e-08
 94 -0.04895  1.30137e-07 | 95  0.00004 -3.34954e-08 | 96  0.00400  8.38674e-08
 97  0.04465  2.42651e-07 | 98  0.01491  8.09740e-08 | 99  0.04280 -2.53108e-08
100 -0.01234 -7.96297e-09 |101 -0.00121  6.57853e-08 |102 -0.00612 -1.62727e-08
103 -0.00856  9.60108e-08 |104  0.00597 -3.25683e-08 |105 -0.00099  5.59703e-09
106 -0.00099  3.72249e-09 |107  0.00000  0.00000e+00 |108  0.00000  0.00000e+00
109  0.00000  0.00000e+00 |110  0.00000  0.00000e+00 |111  0.00000  0.00000e+00
112  0.00000  0.00000e+00 |113  0.00000  0.00000e+00 |114  0.00000  0.00000e+00
115  0.00000  0.00000e+00 |116  0.00000  0.00000e+00 |117  0.00000  0.00000e+00
118  0.00000  0.00000e+00 |119  0.82392 -7.75231e-07 |120 -0.41454  5.12823e-06
121  0.23873 -1.08331e-06 |122 -0.25300  2.55834e-06 |
size of file gradfil1.tmp = 0
size of file gradfil2.tmp = 0
size of file varssave.tmp = 0
size of file cmpdiff.tmp = 0
