
Initial statistics: 1 variables; iteration 0; function evaluation 0; phase 1
Function value 2.6980494e+03; maximum gradient component mag -7.2336e+03
Var    Value     Gradient |Var    Value     Gradient |Var    Value     Gradient
  1  0.63197 -7.23355e+03 |

 - final statistics:
1 variables; iteration 5; function evaluation 8
Function value 2.6551e+03; maximum gradient component mag -1.2194e-01
Exit code = 1;  converg criter 1.0000e+01
Var    Value     Gradient |Var    Value     Gradient |Var    Value     Gradient
  1  0.64512 -1.21943e-01 |

Initial statistics: 98 variables; iteration 0; function evaluation 0; phase 2
Function value 2.6550814e+03; maximum gradient component mag -2.6791e+03
Var    Value     Gradient |Var    Value     Gradient |Var    Value     Gradient
  1  0.64512 -1.21943e-01 |  2  0.00000  2.41326e+01 |  3  0.00000 -1.16425e+01
  4  0.00000  1.43993e+01 |  5  0.00000  1.47226e+01 |  6  0.00000  3.42559e+01
  7  0.00000  2.65669e+01 |  8  0.00000  8.32884e+01 |  9  0.00000  3.88220e+01
 10  0.00000  1.55104e+02 | 11  0.00000  1.69100e+02 | 12  0.00000  1.01405e+02
 13  0.00000  7.29057e+01 | 14  0.00000 -6.97643e+00 | 15  0.00000  5.12495e+01
 16  0.00000  1.63766e+02 | 17  0.00000  2.37345e+01 | 18  0.00000 -2.40126e+02
 19  0.00000  1.47701e+02 | 20  0.00000 -5.71786e+01 | 21  0.00000  3.08767e+02
 22  0.00000  1.11984e+02 | 23  0.00000  5.10839e+01 | 24  0.00000 -2.39066e+02
 25  0.00000 -4.39212e+01 | 26  0.00000  4.13986e+01 | 27  0.00000  2.33135e+02
 28  0.00000 -3.43431e+02 | 29  0.00000 -1.15305e+02 | 30  0.00000  8.57391e+01
 31  0.00000  3.30546e+02 | 32  0.00000  3.44952e+01 | 33  0.00000  5.67584e+02
 34  0.00000 -2.26355e+02 | 35  0.00000  4.04933e+02 | 36  0.00000  1.92141e+02
 37  0.00000  4.39087e+02 | 38  0.00000 -1.08658e+03 | 39  0.00000  7.60368e+02
 40  0.00000  5.46965e+02 | 41  0.00000 -5.14639e+02 | 42  0.00000  1.33755e+02
 43  0.00000  4.66294e+02 | 44  0.00000  4.61050e+02 | 45  0.00000 -1.76496e+02
 46  0.00000  4.83017e+02 | 47  0.00000  8.15324e+01 | 48  0.00000  3.89298e+02
 49  0.00000  4.65933e+02 | 50  0.00000 -2.61365e+02 | 51  0.00000  2.29691e+02
 52  0.00000  1.39772e+02 | 53  0.00000  5.44678e+02 | 54  0.00000  1.33888e+02
 55  0.00000 -8.84908e+02 | 56  0.00000  5.87612e+02 | 57  0.00000  1.65494e+02
 58  0.00000 -1.34637e+02 | 59  0.00000 -9.94400e+01 | 60  0.00000  5.01218e+02
 61  0.00000 -2.65420e+02 | 62  0.00000  2.90939e+02 | 63  0.00000  3.19514e+00
 64  0.00000  4.56542e+01 | 65  0.00000 -4.47071e+02 | 66  0.00000  3.16372e+02
 67  0.00000 -2.67906e+03 | 68  0.00000  7.69551e+02 | 69  0.00000 -1.50788e+03
 70  0.00000  3.85882e+02 | 71  0.00000  9.42769e+02 | 72  0.00000  3.28886e+02
 73  0.00000 -7.58295e+02 | 74  0.00000  1.82339e+02 | 75  0.00000  1.83460e+02
 76  0.00000  3.23496e+02 | 77  0.00000 -3.48629e+02 | 78  0.00000 -1.70149e+02
 79  0.00000 -1.12191e+03 | 80  0.00000  2.65842e+02 | 81  0.00000  2.41044e+02
 82  0.00000 -2.10125e+03 | 83  0.00000 -1.63550e+03 | 84  0.00000 -2.30927e+01
 85  0.00000  6.69839e+02 | 86  0.00000  3.70313e+02 | 87  0.00000 -3.85345e+02
 88  0.00000  6.62411e+01 | 89  0.00000  1.54694e+02 | 90  0.00000  3.52935e+01
 91  0.00000  3.65769e+02 | 92  0.00000  8.39979e+01 | 93  0.00000 -1.68436e+02
 94  0.00000  7.75552e+00 | 95  0.00000  4.08315e+00 | 96  0.00000  4.08305e+00
 97  0.81654  1.36638e+02 | 98  0.22185  5.04670e+02 |

Intermediate statistics: 98 variables; iteration 20; function evaluation 34; phase 2
Function value 2.1650118e+03; maximum gradient component mag 2.4684e+03
Var    Value     Gradient |Var    Value     Gradient |Var    Value     Gradient
  1  0.62978  2.46838e+03 |  2 -0.06141 -1.72047e+02 |  3 -0.02984 -1.58785e+02
  4 -0.00755 -9.24236e+01 |  5 -0.01292 -1.08283e+02 |  6  0.00556 -4.55135e+01
  7 -0.00719 -9.30368e+01 |  8 -0.01198 -5.76412e+01 |  9  0.00072 -6.52353e+01
 10 -0.03916 -9.90230e+01 | 11 -0.02980 -7.58567e+01 | 12  0.00554  1.27447e+01
 13 -0.03302 -2.38731e+02 | 14  0.01417 -1.16391e+01 | 15 -0.00034 -7.84445e+01
 16 -0.00503 -9.03502e+00 | 17 -0.00387 -1.31173e+02 | 18  0.02562  2.25305e+01
 19 -0.00123  1.67239e+01 | 20  0.00954 -6.03713e+01 | 21 -0.02061 -7.32599e+01
 22 -0.00084 -5.64307e+01 | 23 -0.00058 -9.99260e+01 | 24  0.01762 -1.03469e+02
 25  0.01071 -2.96303e+01 | 26 -0.00240 -1.36358e+02 | 27 -0.01610 -9.53439e+01
 28  0.01736 -2.23130e+02 | 29  0.01290 -5.41209e+01 | 30  0.00485  2.34348e+01
 31 -0.01729 -3.68622e+01 | 32  0.01608  1.64070e+02 | 33 -0.03422  5.17830e+00
 34  0.01100 -2.03615e+02 | 35 -0.01949 -1.07228e+01 | 36  0.00333  8.57241e+01
 37 -0.01829  5.56710e+01 | 38  0.05586  6.90190e+01 | 39 -0.01844  3.72948e+02
 40 -0.03226  1.23599e+00 | 41  0.04673  3.72980e+02 | 42  0.00045 -1.15678e+00
 43 -0.02623 -4.58265e+01 | 44 -0.02508 -4.28431e+01 | 45  0.01512 -5.38926e+01
 46 -0.01933  5.14972e+01 | 47  0.01077  1.37186e+02 | 48 -0.00544  1.37683e+02
 49 -0.01393  6.38580e+01 | 50  0.02147  8.69281e+01 | 51  0.00347  1.40933e+02
 52  0.00795  1.45378e+02 | 53 -0.01057  1.10095e+02 | 54  0.00307  7.36154e+01
 55  0.02925 -3.44020e+01 | 56 -0.01901  1.14654e+01 | 57  0.00668  2.32171e+02
 58  0.00834  1.20637e+01 | 59  0.01047  1.23183e+02 | 60 -0.00788  1.97754e+02
 61  0.00927 -9.25109e+01 | 62 -0.01305 -1.43879e+02 | 63  0.00557  6.03833e+01
 64  0.00806  2.07819e+02 | 65  0.02396  2.29799e+02 | 66 -0.02084 -2.38351e+01
 67  0.07501  7.08919e+02 | 68 -0.03310  2.07425e+02 | 69  0.04410  5.43743e+01
 70 -0.01305 -2.97578e+00 | 71 -0.03843  3.86514e+01 | 72 -0.00355  1.55325e+02
 73  0.01909 -2.03642e+02 | 74 -0.00869 -8.41165e+01 | 75 -0.01806 -2.96340e+02
 76 -0.01258 -3.03252e+01 | 77  0.01585  7.62620e+01 | 78  0.00895  8.41855e+01
 79  0.03952  8.86453e+01 | 80 -0.02833 -2.95658e+02 | 81 -0.00203  2.18328e+02
 82  0.06131  1.02654e+01 | 83  0.03693 -5.38527e+02 | 84  0.00879  9.98245e+01
 85 -0.01220  2.65458e+02 | 86 -0.00024  1.77814e+02 | 87  0.02090 -6.85683e+01
 88 -0.00240 -1.70766e+02 | 89 -0.00729 -1.54817e+02 | 90  0.00449 -1.21922e+02
 91 -0.04137 -1.32519e+02 | 92  0.01652  1.07475e+02 | 93  0.02899 -9.58108e+01
 94 -0.06135 -1.64646e+02 | 95  0.03362 -2.06894e+01 | 96  0.03362 -2.06848e+01
 97  0.82197  1.57097e+02 | 98  0.21011  1.63537e+01 |
98 variables; iteration 40; function evaluation 55; phase 2
Function value 2.1419539e+03; maximum gradient component mag 3.3204e+03
Var    Value     Gradient |Var    Value     Gradient |Var    Value     Gradient
  1  0.63302  3.32045e+03 |  2  0.02437 -3.30801e+01 |  3  0.00673 -1.07083e+02
  4  0.00250 -9.17043e+01 |  5  0.00843 -7.76598e+01 |  6 -0.00957 -1.08336e+02
  7  0.00708 -7.08440e+01 |  8 -0.05527 -1.94790e+02 |  9  0.00369 -7.39078e+01
 10 -0.04055 -1.25972e+02 | 11 -0.01041 -1.79349e+01 | 12 -0.01206 -1.06940e+02
 13 -0.00688 -1.18859e+02 | 14  0.01101 -6.16471e+01 | 15  0.00264 -7.28371e+01
 16 -0.00515 -3.49025e+01 | 17  0.00311 -7.60068e+01 | 18  0.01959 -1.04622e+02
 19 -0.00413 -4.54274e+01 | 20  0.00949 -8.70523e+01 | 21 -0.01645 -5.42230e+01
 22 -0.00045 -6.86650e+01 | 23  0.00276 -7.45378e+01 | 24  0.01845 -1.08644e+02
 25  0.00898 -7.45035e+01 | 26  0.00370 -7.12589e+01 | 27 -0.01003 -4.40098e+01
 28  0.02331 -1.27743e+02 | 29  0.01335 -5.87066e+01 | 30  0.00198 -3.87976e+01
 31 -0.01440 -2.69267e+01 | 32  0.00669 -2.67194e+01 | 33 -0.03481 -2.12605e+01
 34  0.01836 -7.15677e+01 | 35 -0.02028 -3.41180e+01 | 36 -0.00364 -3.42946e+01
 37 -0.02206 -1.20440e+00 | 38  0.05962  2.22343e+02 | 39 -0.04976  6.07363e+01
 40 -0.03208 -1.47226e+01 | 41  0.03745  1.14015e+02 | 42  0.00028 -9.20654e+00
 43 -0.02265 -1.20957e+01 | 44 -0.02110  2.55922e-02 | 45  0.01790  1.69356e+01
 46 -0.02028  3.11349e+01 | 47  0.00686  5.49620e+01 | 48 -0.01219  1.74740e+01
 49 -0.01850 -1.40867e+01 | 50  0.02310  1.47875e+02 | 51  0.00116  9.59772e+01
 52  0.00799  1.55362e+02 | 53 -0.01258  6.75486e+01 | 54 -0.00064 -1.23127e+01
 55  0.03176  1.25206e+02 | 56 -0.02040 -6.29759e+00 | 57  0.00597  2.39408e+02
 58  0.00997  9.61454e+01 | 59  0.01076  1.60159e+02 | 60 -0.01471  4.89774e+01
 61  0.01279  6.57368e+01 | 62 -0.00696  2.61557e+01 | 63  0.00574  9.42801e+01
 64  0.00488  1.30200e+02 | 65  0.02201  1.95397e+02 | 66 -0.01726  6.20162e+01
 67  0.08468  1.70345e+03 | 68 -0.04751  8.40754e+00 | 69  0.03718 -2.34964e+02
 70 -0.01516 -5.42192e+01 | 71 -0.04729 -9.80313e+01 | 72 -0.00723  8.22266e+01
 73  0.02609  1.37750e+02 | 74 -0.00729 -6.71160e+00 | 75 -0.01036 -1.07483e+02
 76 -0.01474 -6.26797e+01 | 77  0.01260 -5.82852e+00 | 78  0.00500 -1.36438e+00
 79  0.04408  3.64972e+02 | 80 -0.02026 -1.62149e+02 | 81 -0.01390  6.07534e+00
 82  0.06213  1.60643e+02 | 83  0.04680 -6.87735e+01 | 84  0.00615  5.92817e+01
 85 -0.02594  3.08477e+01 | 86 -0.00899 -1.44622e+01 | 87  0.01386 -2.46792e+02
 88 -0.00298 -1.72365e+02 | 89 -0.00787 -1.43953e+02 | 90  0.00197 -1.23309e+02
 91 -0.02623 -3.88776e+01 | 92 -0.01692 -1.52624e+02 | 93  0.02179 -1.51550e+02
 94  0.02887 -4.62199e+01 | 95 -0.02867 -1.42440e+02 | 96 -0.02868 -1.42443e+02
 97  0.80543  8.69417e+01 | 98  0.20683 -7.67959e+01 |
98 variables; iteration 60; function evaluation 83; phase 2
Function value 2.1060957e+03; maximum gradient component mag 4.7404e+02
Var    Value     Gradient |Var    Value     Gradient |Var    Value     Gradient
  1  0.62983  4.74039e+02 |  2 -0.00164 -5.03337e+00 |  3  0.01955  4.09720e+00
  4  0.00642 -7.49498e-01 |  5 -0.00159 -2.18421e+01 |  6 -0.00791 -2.26489e+01
  7 -0.00054 -1.48769e+01 |  8 -0.01338 -3.47708e+00 |  9  0.00467  7.65488e+00
 10 -0.04024 -4.45522e+01 | 11 -0.03299 -3.03474e+01 | 12 -0.01659 -5.30615e+01
 13 -0.00092 -6.91642e+00 | 14  0.01284  2.38970e+01 | 15  0.00346  4.44819e+00
 16 -0.00586  2.81590e+01 | 17  0.00352 -4.55302e+00 | 18  0.02236 -2.62512e+00
 19 -0.00700 -1.29973e+01 | 20  0.01191  1.78358e+00 | 21 -0.02314 -5.74350e+01
 22 -0.00298 -4.74729e+01 | 23  0.00199 -2.99547e+01 | 24  0.01863 -5.86314e+01
 25  0.00858 -3.04376e+01 | 26  0.00477 -6.99212e+00 | 27 -0.01691 -5.87904e+01
 28  0.02812 -2.38833e+00 | 29  0.01738  4.88123e+01 | 30 -0.00022 -2.36555e+01
 31 -0.01660 -1.26753e+00 | 32  0.00393 -3.28781e+01 | 33 -0.03511  3.64999e+01
 34  0.01706 -6.51377e+01 | 35 -0.02241 -1.30127e+00 | 36 -0.00373  1.13346e+01
 37 -0.02604  8.39820e+00 | 38  0.05317 -4.10414e+01 | 39 -0.06492  1.77028e+01
 40 -0.03401  1.54742e+01 | 41  0.03433  8.66935e+00 | 42 -0.00041 -4.31824e+00
 43 -0.02516 -7.73350e+00 | 44 -0.02028  3.37941e+01 | 45  0.01891 -2.14215e+00
 46 -0.02423 -4.79628e+00 | 47  0.00736  2.32968e+01 | 48 -0.01226  3.08893e+00
 49 -0.01641  5.92097e+00 | 50  0.02410  6.55295e+01 | 51 -0.00137 -1.21980e+01
 52  0.00682  4.94866e+01 | 53 -0.01816 -5.84285e+01 | 54  0.00642  1.33742e+02
 55  0.03152 -1.56865e+01 | 56 -0.02089 -3.46464e+01 | 57 -0.00184 -5.85324e+01
 58  0.00542 -1.29203e+02 | 59  0.01129  9.13554e+01 | 60 -0.01690 -1.58213e+01
 61  0.01200 -3.03109e+01 | 62 -0.00490  6.39176e+01 | 63  0.00835  1.34099e+02
 64  0.00088 -3.42570e+00 | 65  0.01730 -3.17713e+01 | 66 -0.01545  7.02969e+01
 67  0.06465 -1.56740e+02 | 68 -0.04676  4.55004e+01 | 69  0.04374 -1.57815e+01
 70 -0.01217  3.86408e+01 | 71 -0.04170  2.28695e+01 | 72 -0.01067  1.07126e+01
 73  0.02632  9.22581e+01 | 74 -0.00599  4.27326e+01 | 75 -0.00350  7.56642e+01
 76 -0.01141  4.41541e+01 | 77  0.01446  4.89494e+01 | 78  0.00479 -1.84148e+00
 79  0.03827  6.11474e+01 | 80 -0.01254  9.41836e+00 | 81 -0.01567  1.59958e+01
 82  0.05990  6.92740e+00 | 83  0.05058  7.35421e+01 | 84 -0.00070 -5.84483e+01
 85 -0.02909  3.77034e+01 | 86 -0.01233 -1.76362e+01 | 87  0.01789 -8.24428e+01
 88  0.00122 -1.42861e+01 | 89 -0.00562 -3.66339e+01 | 90  0.00379 -3.01835e+01
 91 -0.03084  2.66803e+00 | 92 -0.00142  2.87104e+01 | 93  0.03136 -3.01254e+01
 94  0.00200 -6.26450e+00 | 95  0.00574 -4.69865e+00 | 96  0.00574 -4.69674e+00
 97  0.80915 -1.11380e+01 | 98  0.21374  6.87408e+01 |
Maximum number of function evaluations exceeded

 - final statistics:
98 variables; iteration 73; function evaluation 100
Function value 2.1022e+03; maximum gradient component mag 2.1414e+02
Exit code = 3;  converg criter 1.0000e+01
Var    Value     Gradient |Var    Value     Gradient |Var    Value     Gradient
  1  0.62825  2.14142e+02 |  2 -0.00629 -7.01714e+00 |  3  0.01475 -2.74216e-01
  4 -0.00409 -1.77967e+01 |  5  0.00435 -5.09788e-01 |  6 -0.00577 -1.04399e+01
  7 -0.00195 -1.26759e+01 |  8 -0.01561 -3.65875e+00 |  9 -0.00266 -1.44938e+01
 10 -0.03352 -1.73721e+01 | 11 -0.02871 -8.65947e+00 | 12 -0.01003 -1.52492e+01
 13 -0.00070 -8.45722e-01 | 14  0.01207  1.99082e+01 | 15  0.00255 -1.49493e+00
 16 -0.00755  1.44727e+01 | 17  0.00429  5.14956e+00 | 18  0.02259 -1.79308e+00
 19 -0.00671 -8.89995e+00 | 20  0.01156 -3.79492e+00 | 21 -0.02001 -2.42862e+01
 22 -0.00026 -1.09826e+01 | 23  0.00252 -2.21836e+01 | 24  0.02074 -2.53994e+01
 25  0.00962 -1.70244e+01 | 26  0.00416 -1.61264e+01 | 27 -0.01288 -1.68430e+01
 28  0.02812 -9.63320e+00 | 29  0.01576  1.75068e+01 | 30  0.00139 -4.29711e+00
 31 -0.01628  2.40367e+00 | 32  0.00522 -1.64896e+01 | 33 -0.03684  2.29794e+01
 34  0.01919 -3.03860e+01 | 35 -0.02199  3.68749e+00 | 36 -0.00411  3.06633e+00
 37 -0.02522  1.68091e+01 | 38  0.05321 -6.01888e+01 | 39 -0.06647  1.14688e+01
 40 -0.03837 -2.24351e+01 | 41  0.03469  2.29353e+00 | 42  0.00003 -3.81393e+00
 43 -0.02696 -2.87533e+01 | 44 -0.02102  2.16163e+01 | 45  0.01944 -6.11918e+00
 46 -0.02374 -3.80360e+00 | 47  0.00676 -9.59213e-01 | 48 -0.01185  5.13488e-02
 49 -0.01559  8.69718e+00 | 50  0.02380  3.29584e+01 | 51 -0.00066 -1.43621e+01
 52  0.00596  1.05993e+01 | 53 -0.01549 -2.42403e+01 | 54  0.00389  4.47311e+01
 55  0.03233 -1.39789e+01 | 56 -0.01924 -9.81979e+00 | 57 -0.00020 -2.38016e+01
 58  0.00878 -4.16621e+01 | 59  0.01003  3.84309e+01 | 60 -0.01572  6.84236e-02
 61  0.01316 -8.41914e+00 | 62 -0.00557  3.28972e+01 | 63  0.00576  4.28748e+01
 64  0.00128 -6.99732e+00 | 65  0.01881 -8.07786e-02 | 66 -0.01675  4.42073e+01
 67  0.06693 -5.13122e+01 | 68 -0.04845  2.62175e+01 | 69  0.04508  1.91115e+01
 70 -0.01234  2.65483e+01 | 71 -0.04159  2.16684e+01 | 72 -0.01002  1.41944e+01
 73  0.02528  2.70923e+01 | 74 -0.00590  3.19760e+01 | 75 -0.00431  4.52080e+01
 76 -0.01150  3.37907e+01 | 77  0.01432  3.21172e+01 | 78  0.00587  1.49121e+01
 79  0.03759  1.37053e+01 | 80 -0.01232  7.27243e+00 | 81 -0.01610  5.19007e+00
 82  0.06031 -6.96514e+00 | 83  0.04971  1.11847e+01 | 84  0.00092 -3.15091e+01
 85 -0.03020  2.27546e+01 | 86 -0.01162 -5.33726e+00 | 87  0.01992 -2.84073e+01
 88  0.00179 -8.30379e-01 | 89 -0.00473 -1.94623e+01 | 90  0.00459 -1.67471e+01
 91 -0.03103  4.62081e+00 | 92 -0.00475  9.62371e+00 | 93  0.03443 -3.56514e+00
 94 -0.00324 -6.84662e+00 | 95  0.00175 -3.12403e+00 | 96  0.00174 -3.13147e+00
 97  0.81197  1.81848e+00 | 98  0.21260  2.81772e+01 |

Initial statistics: 100 variables; iteration 0; function evaluation 0; phase 3
Function value 2.1021946e+03; maximum gradient component mag -2.8626e+02
Var    Value     Gradient |Var    Value     Gradient |Var    Value     Gradient
  1  0.62825  2.14142e+02 |  2 -0.00629 -7.00152e+00 |  3  0.01475 -2.58594e-01
  4 -0.00409 -1.77811e+01 |  5  0.00435 -4.94163e-01 |  6 -0.00577 -1.04243e+01
  7 -0.00195 -1.26602e+01 |  8 -0.01561 -3.64313e+00 |  9 -0.00266 -1.44781e+01
 10 -0.03352 -1.73565e+01 | 11 -0.02871 -8.64386e+00 | 12 -0.01003 -1.52336e+01
 13 -0.00069 -8.30096e-01 | 14  0.01207  1.99238e+01 | 15  0.00255 -1.47930e+00
 16 -0.00755  1.44884e+01 | 17  0.00429  5.16519e+00 | 18  0.02259 -1.77747e+00
 19 -0.00671 -8.88432e+00 | 20  0.01156 -3.77929e+00 | 21 -0.02001 -2.42706e+01
 22 -0.00026 -1.09670e+01 | 23  0.00252 -2.21680e+01 | 24  0.02074 -2.53838e+01
 25  0.00962 -1.70088e+01 | 26  0.00416 -1.61108e+01 | 27 -0.01288 -1.68274e+01
 28  0.02812 -9.61759e+00 | 29  0.01576  1.75225e+01 | 30  0.00139 -4.28148e+00
 31 -0.01628  2.41930e+00 | 32  0.00522 -1.64740e+01 | 33 -0.03684  2.29950e+01
 34  0.01920 -3.03703e+01 | 35 -0.02199  3.70311e+00 | 36 -0.00411  3.08195e+00
 37 -0.02522  1.68247e+01 | 38  0.05321 -6.01732e+01 | 39 -0.06647  1.14844e+01
 40 -0.03837 -2.24195e+01 | 41  0.03469  2.30913e+00 | 42  0.00003 -3.79830e+00
 43 -0.02696 -2.87377e+01 | 44 -0.02102  2.16319e+01 | 45  0.01944 -6.10356e+00
 46 -0.02374 -3.78799e+00 | 47  0.00676 -9.43588e-01 | 48 -0.01185  6.69720e-02
 49 -0.01559  8.71280e+00 | 50  0.02380  3.29740e+01 | 51 -0.00066 -1.43465e+01
 52  0.00596  1.06149e+01 | 53 -0.01549 -2.42247e+01 | 54  0.00389  4.47467e+01
 55  0.03233 -1.39633e+01 | 56 -0.01924 -9.80417e+00 | 57 -0.00019 -2.37859e+01
 58  0.00878 -4.16465e+01 | 59  0.01003  3.84465e+01 | 60 -0.01572  8.40447e-02
 61  0.01316 -8.40352e+00 | 62 -0.00557  3.29128e+01 | 63  0.00576  4.28904e+01
 64  0.00129 -6.98170e+00 | 65  0.01881 -6.51596e-02 | 66 -0.01675  4.42229e+01
 67  0.06693 -5.12966e+01 | 68 -0.04845  2.62331e+01 | 69  0.04508  1.91271e+01
 70 -0.01233  2.65640e+01 | 71 -0.04159  2.16840e+01 | 72 -0.01001  1.42100e+01
 73  0.02528  2.71079e+01 | 74 -0.00590  3.19917e+01 | 75 -0.00431  4.52236e+01
 76 -0.01150  3.38064e+01 | 77  0.01432  3.21328e+01 | 78  0.00587  1.49277e+01
 79  0.03759  1.37209e+01 | 80 -0.01232  7.28806e+00 | 81 -0.01610  5.20569e+00
 82  0.06031 -6.94958e+00 | 83  0.04971  1.12003e+01 | 84  0.00092 -3.14935e+01
 85 -0.03020  2.27703e+01 | 86 -0.01162 -5.32163e+00 | 87  0.01992 -2.83917e+01
 88  0.00179 -8.14754e-01 | 89 -0.00473 -1.94467e+01 | 90  0.00459 -1.67315e+01
 91 -0.03103  4.63642e+00 | 92 -0.00475  9.63933e+00 | 93  0.03443 -3.54954e+00
 94 -0.00324 -6.83099e+00 | 95  0.00175 -3.10840e+00 | 96  0.00174 -3.11585e+00
 97  0.81197  1.81848e+00 | 98 -0.41581 -2.86259e+02 | 99  0.21260  2.81772e+01
100 -0.25275  6.19344e+01 |

Intermediate statistics: 100 variables; iteration 20; function evaluation 27; phase 3
Function value 2.1001791e+03; maximum gradient component mag 1.5444e+02
Var    Value     Gradient |Var    Value     Gradient |Var    Value     Gradient
  1  0.62696 -6.69863e+01 |  2 -0.00620  1.71661e+00 |  3  0.01161  1.34096e+00
  4  0.00081  1.72140e+00 |  5  0.00161  1.39800e+00 |  6 -0.00469  1.12157e+00
  7 -0.00048  5.38418e-01 |  8 -0.01693  1.27109e+00 |  9 -0.00135 -6.63898e-01
 10 -0.03085 -6.54877e-02 | 11 -0.02865  3.88222e-01 | 12 -0.00935 -2.83820e+00
 13 -0.00179  8.03370e-01 | 14  0.01008  1.03679e+01 | 15  0.00194 -2.12325e-02
 16 -0.00875  8.99934e+00 | 17  0.00394  4.62003e+00 | 18  0.02254  6.58988e-01
 19 -0.00662 -2.27442e+00 | 20  0.01142 -9.97822e-01 | 21 -0.01918 -1.01149e+01
 22 -0.00017 -4.80256e+00 | 23  0.00298 -1.12328e+01 | 24  0.02117 -1.43458e+01
 25  0.00990 -8.96619e+00 | 26  0.00447 -7.85533e+00 | 27 -0.01237 -6.54525e+00
 28  0.02828 -5.13834e+00 | 29  0.01531  1.28095e+01 | 30  0.00143 -8.60474e-01
 31 -0.01657  3.24890e+00 | 32  0.00553 -9.83549e+00 | 33 -0.03843  1.41626e+01
 34  0.01993 -1.66462e+01 | 35 -0.02229  3.84518e+00 | 36 -0.00422  2.84443e+00
 37 -0.02616  1.08862e+01 | 38  0.05455 -2.59513e+01 | 39 -0.06829  6.67915e+00
 40 -0.03718 -8.89066e+00 | 41  0.03491 -6.91562e-01 | 42  0.00026 -2.23192e+00
 43 -0.02555 -1.32961e+01 | 44 -0.02180  1.28072e+01 | 45  0.02001 -3.32679e+00
 46 -0.02335 -1.83608e-02 | 47  0.00730  1.33828e+00 | 48 -0.01139  2.36339e+00
 49 -0.01537  7.27725e+00 | 50  0.02329  3.28230e+00 | 51  0.00023 -7.69990e+00
 52  0.00632  5.25036e+00 | 53 -0.01447 -1.49605e+01 | 54  0.00281  6.55786e+00
 55  0.03286 -1.80099e+01 | 56 -0.01880 -4.74543e+00 | 57  0.00093 -4.36232e+00
 58  0.01020 -1.00161e+01 | 59  0.00944  4.04752e+00 | 60 -0.01554 -2.88802e+00
 61  0.01398 -7.41756e-01 | 62 -0.00627  5.89972e+00 | 63  0.00503  7.00544e+00
 64  0.00195  2.74535e-01 | 65  0.01960  7.03921e+00 | 66 -0.01750  2.56064e+01
 67  0.06623 -1.45948e+02 | 68 -0.04949  1.41107e+01 | 69  0.04521 -7.70818e+00
 70 -0.01274  1.16876e+01 | 71 -0.04186  1.57680e+01 | 72 -0.01002  9.26941e+00
 73  0.02609  3.94116e+01 | 74 -0.00650  1.11154e+01 | 75 -0.00526  1.22222e+01
 76 -0.01216  1.44299e+01 | 77  0.01424  1.68052e+01 | 78  0.00588  9.99492e+00
 79  0.03823  2.29508e+01 | 80 -0.01234  6.76255e+00 | 81 -0.01597  4.86489e+00
 82  0.06016 -3.52027e+01 | 83  0.05017  1.47300e+01 | 84  0.00189 -1.04922e+01
 85 -0.03065  1.92724e+01 | 86 -0.01140  2.85893e+00 | 87  0.02107  3.09152e+00
 88  0.00181  6.05033e+00 | 89 -0.00419 -6.39961e+00 | 90  0.00482 -4.57566e+00
 91 -0.03169  7.84204e+00 | 92 -0.00689  8.46978e+00 | 93  0.03302  1.89105e+00
 94 -0.00228  2.37595e+00 | 95 -0.00061  1.63342e+00 | 96 -0.00061  1.63418e+00
 97  0.85514 -1.98558e+01 | 98 -0.40920  1.54439e+02 | 99  0.19917 -1.08195e+01
100 -0.25724  4.21255e+01 |
100 variables; iteration 40; function evaluation 51; phase 3
Function value 2.0998299e+03; maximum gradient component mag 5.9618e+01
Var    Value     Gradient |Var    Value     Gradient |Var    Value     Gradient
  1  0.62663 -2.51429e+01 |  2 -0.00636  2.42413e-02 |  3  0.01275  2.46618e+00
  4 -0.00118 -4.13832e+00 |  5  0.00170  1.59306e-01 |  6 -0.00440  4.17796e-01
  7 -0.00017 -3.39420e-02 |  8 -0.01753 -1.92785e+00 |  9 -0.00317 -8.98207e+00
 10 -0.03104 -2.18658e+00 | 11 -0.02936 -3.73942e+00 | 12 -0.00749  5.17735e+00
 13 -0.00220 -3.55001e+00 | 14  0.00911  4.72031e-02 | 15  0.00240  2.41825e+00
 16 -0.00956 -1.84064e-01 | 17  0.00350 -2.43931e+00 | 18  0.02272  1.53491e+00
 19 -0.00647 -2.12858e+00 | 20  0.01161  5.38348e-01 | 21 -0.01828 -2.35533e+00
 22  0.00024 -6.57036e-01 | 23  0.00393 -4.86988e-02 | 24  0.02183 -4.54584e+00
 25  0.01047 -2.08642e+00 | 26  0.00525  1.14121e+00 | 27 -0.01189 -2.88209e+00
 28  0.02869  5.54551e-01 | 29  0.01472  2.07447e+00 | 30  0.00162  2.37314e-01
 31 -0.01670  6.04914e-01 | 32  0.00638  2.25768e+00 | 33 -0.03981  1.26288e+00
 34  0.02060 -4.86106e+00 | 35 -0.02244  1.09115e+00 | 36 -0.00416  2.20656e+00
 37 -0.02673  3.74521e+00 | 38  0.05511 -8.54158e+00 | 39 -0.06928  4.53176e-02
 40 -0.03619 -1.47871e+00 | 41  0.03500  1.24600e+00 | 42  0.00049  5.86510e-01
 43 -0.02473 -5.66349e+00 | 44 -0.02241  5.31592e+00 | 45  0.02028  1.77389e+00
 46 -0.02329  8.69455e-02 | 47  0.00731  1.59800e+00 | 48 -0.01124  4.07199e+00
 49 -0.01546  5.43813e+00 | 50  0.02326  2.67498e+00 | 51  0.00057 -1.52032e+00
 52  0.00628  3.93052e+00 | 53 -0.01402 -7.70674e+00 | 54  0.00280  6.15154e+00
 55  0.03318 -5.49945e+00 | 56 -0.01853 -1.54724e-01 | 57  0.00100 -3.74055e+00
 58  0.01037 -5.75039e+00 | 59  0.00926 -2.72295e+00 | 60 -0.01539 -1.02927e+00
 61  0.01395 -3.42365e+00 | 62 -0.00632  2.76901e+00 | 63  0.00476 -3.10175e+00
 64  0.00218  3.35502e+00 | 65  0.01976  8.20761e+00 | 66 -0.01882  3.25471e+00
 67  0.06801 -3.53317e+01 | 68 -0.05033  4.19209e+00 | 69  0.04548 -8.57821e-01
 70 -0.01324 -2.49563e+00 | 71 -0.04224  7.21045e+00 | 72 -0.01009  3.11401e+00
 73  0.02553  1.06629e+01 | 74 -0.00682 -4.61530e-01 | 75 -0.00538  4.91622e+00
 76 -0.01275 -1.02726e+00 | 77  0.01406  6.29737e+00 | 78  0.00586  5.37817e+00
 79  0.03799  6.08350e+00 | 80 -0.01228  4.19199e+00 | 81 -0.01603  9.30158e-01
 82  0.06085 -8.32273e+00 | 83  0.05009  4.15728e+00 | 84  0.00243 -3.71081e+00
 85 -0.03156  3.79188e+00 | 86 -0.01121  2.18514e+00 | 87  0.02113 -9.43905e-01
 88  0.00179  2.38392e+00 | 89 -0.00376 -3.03326e+00 | 90  0.00499 -4.43229e+00
 91 -0.03109  9.88434e+00 | 92 -0.00677  7.60199e+00 | 93  0.03326  9.76557e-01
 94 -0.00159  2.03565e+00 | 95 -0.00230 -2.27985e+00 | 96 -0.00229 -2.27306e+00
 97  0.85382 -9.93841e+00 | 98 -0.40958  5.96185e+01 | 99  0.19771 -8.41981e+00
100 -0.25784  2.03140e+01 |
100 variables; iteration 60; function evaluation 76; phase 3
Function value 2.0997491e+03; maximum gradient component mag 2.0916e+01
Var    Value     Gradient |Var    Value     Gradient |Var    Value     Gradient
  1  0.62682 -5.66106e+00 |  2 -0.00623  1.46001e-02 |  3  0.01197  6.26923e-01
  4  0.00086  3.45261e-01 |  5  0.00130 -8.26898e-01 |  6 -0.00453  1.39408e-01
  7 -0.00051 -8.51350e-01 |  8 -0.01657  1.00931e+00 |  9 -0.00077  4.28063e-01
 10 -0.03028  4.83055e-01 | 11 -0.02847 -1.33848e-01 | 12 -0.00854  4.65212e-01
 13 -0.00168  8.21302e-01 | 14  0.00892 -2.52171e-01 | 15  0.00198 -4.05119e-01
 16 -0.00958  2.54063e-01 | 17  0.00359 -6.10241e-01 | 18  0.02255  5.01554e-03
 19 -0.00633  9.71974e-02 | 20  0.01151  2.11498e-01 | 21 -0.01812 -2.21546e-01
 22  0.00018 -2.91264e-01 | 23  0.00384 -8.03650e-02 | 24  0.02189 -1.68521e+00
 25  0.01051 -6.97350e-02 | 26  0.00508  1.92909e-01 | 27 -0.01169  4.73825e-02
 28  0.02851 -9.51011e-01 | 29  0.01450  1.60977e-02 | 30  0.00152 -4.87327e-02
 31 -0.01683 -2.01218e-01 | 32  0.00612 -6.14857e-01 | 33 -0.04005 -3.68470e-01
 34  0.02076 -9.57608e-04 | 35 -0.02260 -8.49757e-02 | 36 -0.00437 -1.34091e-01
 37 -0.02715 -1.01019e-01 | 38  0.05528 -1.44142e-01 | 39 -0.06910  1.08665e+00
 40 -0.03602  2.08200e-01 | 41  0.03485 -7.45926e-01 | 42  0.00035 -7.39390e-01
 43 -0.02420  3.34079e-01 | 44 -0.02298 -3.63159e-01 | 45  0.02014  3.89961e-01
 46 -0.02335  2.71411e-02 | 47  0.00726  1.97081e+00 | 48 -0.01163 -6.85090e-01
 49 -0.01592 -2.71347e-01 | 50  0.02303 -1.31894e+00 | 51  0.00057 -4.10220e-01
 52  0.00594 -1.71201e+00 | 53 -0.01365  4.11576e-01 | 54  0.00253  1.40756e+00
 55  0.03323 -3.13472e-01 | 56 -0.01865 -9.21524e-01 | 57  0.00112  1.41042e+00
 58  0.01045 -4.48744e-01 | 59  0.00924 -6.28884e-01 | 60 -0.01540  4.06665e-01
 61  0.01396 -3.70211e-01 | 62 -0.00655 -8.91053e-01 | 63  0.00473 -2.19184e+00
 64  0.00206  1.94606e+00 | 65  0.01942 -7.15215e-01 | 66 -0.01924 -2.06990e+00
 67  0.06850  3.57268e+00 | 68 -0.05079 -8.35751e-02 | 69  0.04541 -1.91928e-01
 70 -0.01320 -7.08923e-01 | 71 -0.04270  1.13249e+00 | 72 -0.01019  1.58509e+00
 73  0.02517 -1.02102e+00 | 74 -0.00678  1.58609e+00 | 75 -0.00564  3.32771e-01
 76 -0.01273  3.62353e-01 | 77  0.01379 -2.49772e-01 | 78  0.00552 -2.30317e+00
 79  0.03779 -3.57039e-01 | 80 -0.01256 -3.58142e-01 | 81 -0.01612 -1.19197e-02
 82  0.06096  5.34799e-01 | 83  0.04992 -3.30670e-01 | 84  0.00257 -7.45723e-02
 85 -0.03193 -8.23384e-01 | 86 -0.01135  1.17670e-01 | 87  0.02111 -1.76398e-01
 88  0.00162  4.35327e-01 | 89 -0.00360  6.40603e-01 | 90  0.00528  9.23246e-01
 91 -0.03223  1.22100e+00 | 92 -0.00782 -4.01567e-01 | 93  0.03320 -9.04141e-03
 94 -0.00179  1.20075e+00 | 95 -0.00003  6.86056e-01 | 96 -0.00003  6.85031e-01
 97  0.85616 -3.47756e+00 | 98 -0.40939  2.09157e+01 | 99  0.19807  4.33978e-01
100 -0.25780 -1.49070e-01 |
Maximum number of function evaluations exceeded

 - final statistics:
100 variables; iteration 77; function evaluation 100
Function value 2.0997e+03; maximum gradient component mag 1.0974e+01
Exit code = 3;  converg criter 1.0000e+00
Var    Value     Gradient |Var    Value     Gradient |Var    Value     Gradient
  1  0.62677 -3.76902e+00 |  2 -0.00616  1.16602e-01 |  3  0.01187  3.79600e-01
  4  0.00085  2.91740e-01 |  5  0.00172  2.00548e-01 |  6 -0.00449  2.04941e-01
  7 -0.00033 -3.36979e-01 |  8 -0.01692 -5.69928e-02 |  9 -0.00088 -2.13240e-03
 10 -0.03027  5.07328e-01 | 11 -0.02837  2.03318e-01 | 12 -0.00864 -6.17217e-02
 13 -0.00177  2.40487e-01 | 14  0.00898  2.88156e-01 | 15  0.00202  3.82352e-02
 16 -0.00966 -4.73168e-01 | 17  0.00367  2.95927e-01 | 18  0.02255 -1.44280e-01
 19 -0.00637 -4.28190e-01 | 20  0.01149 -1.31813e-01 | 21 -0.01812 -3.42470e-01
 22  0.00021  4.79149e-02 | 23  0.00385  2.09268e-02 | 24  0.02199  4.01405e-02
 25  0.01051 -1.90325e-01 | 26  0.00508  3.77132e-02 | 27 -0.01169 -1.10552e-01
 28  0.02858  1.91428e-01 | 29  0.01450 -5.98376e-02 | 30  0.00152 -1.88767e-01
 31 -0.01684 -3.77904e-01 | 32  0.00616 -3.32616e-02 | 33 -0.04000 -1.72412e-02
 34  0.02077  9.90665e-02 | 35 -0.02260 -1.86080e-01 | 36 -0.00437 -2.08214e-01
 37 -0.02713 -3.03368e-02 | 38  0.05529 -1.12355e-01 | 39 -0.06923  2.66374e-01
 40 -0.03603  8.57264e-02 | 41  0.03486 -4.67060e-01 | 42  0.00040  1.27288e-02
 43 -0.02419  3.86893e-01 | 44 -0.02297 -3.68308e-01 | 45  0.02012 -1.11303e-01
 46 -0.02336 -3.08404e-01 | 47  0.00720  6.29545e-01 | 48 -0.01159 -2.41411e-01
 49 -0.01590 -1.56507e-01 | 50  0.02307 -3.94124e-01 | 51  0.00059 -1.05793e-01
 52  0.00600 -5.30269e-01 | 53 -0.01365  2.77238e-01 | 54  0.00249 -4.28351e-02
 55  0.03325 -1.15305e-01 | 56 -0.01858  7.29577e-02 | 57  0.00108  1.23463e-01
 58  0.01047 -5.92480e-02 | 59  0.00927 -1.59752e-01 | 60 -0.01541 -2.96004e-02
 61  0.01398 -9.53516e-02 | 62 -0.00652 -3.18345e-01 | 63  0.00481 -3.64046e-01
 64  0.00200  2.01891e-01 | 65  0.01945 -2.90129e-01 | 66 -0.01912 -3.59141e-01
 67  0.06847  1.14646e+00 | 68 -0.05076  8.88767e-02 | 69  0.04542 -1.46998e-01
 70 -0.01316 -1.62642e-01 | 71 -0.04275  2.27679e-01 | 72 -0.01023  1.56595e-01
 73  0.02520 -4.44602e-01 | 74 -0.00683  8.97038e-02 | 75 -0.00564 -5.22126e-02
 76 -0.01272  1.57408e-01 | 77  0.01381 -1.79125e-01 | 78  0.00561 -3.72806e-01
 79  0.03780 -2.29043e-01 | 80 -0.01253  1.83229e-03 | 81 -0.01610  5.08614e-02
 82  0.06097  2.70305e-01 | 83  0.04994 -1.21714e-01 | 84  0.00258 -1.40881e-01
 85 -0.03186 -2.29571e-01 | 86 -0.01133  1.13811e-01 | 87  0.02113  3.76173e-02
 88  0.00163  2.99440e-01 | 89 -0.00359  3.88004e-01 | 90  0.00528  3.07095e-01
 91 -0.03232  3.16328e-01 | 92 -0.00772  7.31180e-02 | 93  0.03327  3.10547e-01
 94 -0.00238  2.12929e-01 | 95 -0.00028  2.48782e-01 | 96 -0.00028  2.48262e-01
 97  0.85682 -1.98115e+00 | 98 -0.40935  1.09744e+01 | 99  0.19806  4.27109e-01
100 -0.25780 -3.04946e-01 |

Initial statistics: 108 variables; iteration 0; function evaluation 0; phase 4
Function value 2.0997457e+03; maximum gradient component mag 7.4577e+02
Var    Value     Gradient |Var    Value     Gradient |Var    Value     Gradient
  1 -0.42263 -1.16258e+01 |  2 -0.42263  7.45772e+02 |  3 -0.41094  2.55815e+01
  4  0.62677 -3.76902e+00 |  5  0.00000  3.93407e+01 |  6  0.00000  8.72886e+00
  7  0.00000  1.06501e+01 |  8  0.00000 -1.84317e+01 |  9  0.00000 -1.20415e+01
 10 -0.00616  1.17389e-01 | 11  0.01187  3.80387e-01 | 12  0.00085  2.92527e-01
 13  0.00172  2.01335e-01 | 14 -0.00449  2.05728e-01 | 15 -0.00033 -3.36192e-01
 16 -0.01692 -5.62058e-02 | 17 -0.00088 -1.34514e-03 | 18 -0.03027  5.08114e-01
 19 -0.02837  2.04104e-01 | 20 -0.00864 -6.09345e-02 | 21 -0.00177  2.41274e-01
 22  0.00898  2.88943e-01 | 23  0.00202  3.90224e-02 | 24 -0.00966 -4.72381e-01
 25  0.00367  2.96715e-01 | 26  0.02255 -1.43494e-01 | 27 -0.00637 -4.27402e-01
 28  0.01149 -1.31026e-01 | 29 -0.01812 -3.41683e-01 | 30  0.00021  4.87022e-02
 31  0.00385  2.17141e-02 | 32  0.02199  4.09273e-02 | 33  0.01051 -1.89538e-01
 34  0.00508  3.85005e-02 | 35 -0.01169 -1.09765e-01 | 36  0.02858  1.92214e-01
 37  0.01450 -5.90505e-02 | 38  0.00152 -1.87980e-01 | 39 -0.01684 -3.77117e-01
 40  0.00616 -3.24744e-02 | 41 -0.04000 -1.64555e-02 | 42  0.02077  9.98533e-02
 43 -0.02260 -1.85293e-01 | 44 -0.00437 -2.07427e-01 | 45 -0.02713 -2.95503e-02
 46  0.05529 -1.11571e-01 | 47 -0.06923  2.67157e-01 | 48 -0.03603  8.65124e-02
 49  0.03486 -4.66274e-01 | 50  0.00040  1.35160e-02 | 51 -0.02419  3.87680e-01
 52 -0.02297 -3.67522e-01 | 53  0.02012 -1.10517e-01 | 54 -0.02336 -3.07618e-01
 55  0.00720  6.30332e-01 | 56 -0.01159 -2.40624e-01 | 57 -0.01590 -1.55720e-01
 58  0.02307 -3.93337e-01 | 59  0.00059 -1.05005e-01 | 60  0.00600 -5.29482e-01
 61 -0.01365  2.78025e-01 | 62  0.00249 -4.20478e-02 | 63  0.03325 -1.14519e-01
 64 -0.01858  7.37447e-02 | 65  0.00108  1.24250e-01 | 66  0.01047 -5.84609e-02
 67  0.00927 -1.58965e-01 | 68 -0.01541 -2.88133e-02 | 69  0.01398 -9.45645e-02
 70 -0.00652 -3.17558e-01 | 71  0.00481 -3.63259e-01 | 72  0.00200  2.02679e-01
 73  0.01945 -2.89342e-01 | 74 -0.01912 -3.58354e-01 | 75  0.06847  1.14725e+00
 76 -0.05076  8.96614e-02 | 77  0.04542 -1.46213e-01 | 78 -0.01316 -1.61855e-01
 79 -0.04275  2.28464e-01 | 80 -0.01023  1.57383e-01 | 81  0.02520 -4.43815e-01
 82 -0.00683  9.04910e-02 | 83 -0.00564 -5.14253e-02 | 84 -0.01272  1.58195e-01
 85  0.01381 -1.78338e-01 | 86  0.00561 -3.72018e-01 | 87  0.03780 -2.28257e-01
 88 -0.01253  2.61940e-03 | 89 -0.01610  5.16484e-02 | 90  0.06097  2.71088e-01
 91  0.04994 -1.20929e-01 | 92  0.00258 -1.40094e-01 | 93 -0.03186 -2.28785e-01
 94 -0.01133  1.14598e-01 | 95  0.02113  3.84041e-02 | 96  0.00163  3.00227e-01
 97 -0.00359  3.88791e-01 | 98  0.00528  3.07883e-01 | 99 -0.03232  3.17114e-01
100 -0.00772  7.39052e-02 |101  0.03327  3.11333e-01 |102 -0.00238  2.13716e-01
103 -0.00028  2.49569e-01 |104 -0.00028  2.49050e-01 |105  0.85682 -1.98115e+00
106 -0.40935  1.09744e+01 |107  0.19806  4.27109e-01 |108 -0.25780 -3.04946e-01

Intermediate statistics: 108 variables; iteration 20; function evaluation 23; phase 4
Function value 2.0984589e+03; maximum gradient component mag -2.5330e+02
Var    Value     Gradient |Var    Value     Gradient |Var    Value     Gradient
  1 -0.43836 -1.50149e+01 |  2 -0.42540 -2.83640e+01 |  3 -0.40106 -3.25605e+01
  4  0.62708 -2.53296e+02 |  5 -0.01503  3.71112e+00 |  6 -0.00443  2.26213e-01
  7 -0.00530  3.21422e-01 |  8  0.01180  3.49107e-01 |  9  0.00747 -1.74638e-02
 10 -0.00503  7.69875e+00 | 11  0.01301  7.54676e+00 | 12  0.00200  7.51570e+00
 13  0.00288  7.31308e+00 | 14 -0.00342  7.16584e+00 | 15  0.00083  6.70097e+00
 16 -0.01593  6.82570e+00 | 17  0.00002  6.09879e+00 | 18 -0.02963  6.67264e+00
 19 -0.02777  6.25393e+00 | 20 -0.00816  4.97301e+00 | 21 -0.00152  3.88367e+00
 22  0.00907  2.15280e+00 | 23  0.00209  2.27312e+00 | 24 -0.00960  2.75298e+00
 25  0.00363  1.95067e+00 | 26  0.02243 -2.43256e+00 | 27 -0.00636  1.92706e+00
 28  0.01145 -9.33187e-01 | 29 -0.01811  2.67367e+00 | 30  0.00018  1.08234e+00
 31  0.00382  2.24884e-01 | 32  0.02183 -2.52246e+00 | 33  0.01043 -2.53945e-01
 34  0.00501  5.06038e-01 | 35 -0.01174  2.43304e+00 | 36  0.02845 -2.14496e+00
 37  0.01440 -2.03630e+00 | 38  0.00147 -4.61774e-01 | 39 -0.01685  2.43692e+00
 40  0.00609  5.76605e-02 | 41 -0.04002  4.15977e+00 | 42  0.02070 -8.52275e-01
 43 -0.02260  2.76754e+00 | 44 -0.00439  6.25459e-01 | 45 -0.02717  3.55256e+00
 46  0.05549  9.68448e-01 | 47 -0.06924  5.28381e+00 | 48 -0.03605  3.72922e+00
 49  0.03486 -2.93782e+00 | 50  0.00032  3.73853e-01 | 51 -0.02430  2.66665e+00
 52 -0.02308  2.82527e+00 | 53  0.02009  2.09823e-01 | 54 -0.02349  2.13604e+00
 55  0.00713  8.27912e-01 | 56 -0.01171  4.90407e-01 | 57 -0.01607  1.45331e+00
 58  0.02319  5.25921e+00 | 59  0.00053  2.53906e+00 | 60  0.00602  3.60518e+00
 61 -0.01369  4.87854e+00 | 62  0.00247  4.27634e+00 | 63  0.03317 -4.43950e+00
 64 -0.01872  7.81083e-02 | 65  0.00107  7.46518e-01 | 66  0.01026 -3.50689e+00
 67  0.00919 -2.37759e+00 | 68 -0.01553 -3.94868e-01 | 69  0.01379 -7.49463e+00
 70 -0.00660  8.11599e-01 | 71  0.00459 -4.70627e+00 | 72  0.00192  8.39724e-01
 73  0.01917 -9.21445e+00 | 74 -0.01921  1.22742e+00 | 75  0.06783 -5.75664e+01
 76 -0.05088  1.78846e+00 | 77  0.04493 -3.64002e+01 | 78 -0.01345 -4.72136e+00
 79 -0.04289  2.16209e+00 | 80 -0.01048 -3.48023e-01 | 81  0.02492 -1.32931e+01
 82 -0.00713 -3.90805e+00 | 83 -0.00588 -3.96515e+00 | 84 -0.01289  8.36692e-01
 85  0.01355 -4.97311e+00 | 86  0.00538 -8.18305e-01 | 87  0.03741 -1.59019e+01
 88 -0.01279  5.07905e-01 | 89 -0.01618  3.15829e+00 | 90  0.05980 -5.23956e+01
 91  0.04941 -2.23837e+01 | 92  0.00232  1.65384e+00 | 93 -0.03207  5.27645e+00
 94 -0.01153  1.02703e+01 | 95  0.02112  1.65645e+01 | 96  0.00145  1.32178e+01
 97 -0.00388  7.43179e+00 | 98  0.00493  8.82464e+00 | 99 -0.03269  6.62393e+00
100 -0.00784  8.13538e+00 |101  0.03295  3.94224e+00 |102 -0.00197  7.32311e+00
103 -0.00016  7.51690e+00 |104 -0.00016  7.51692e+00 |105  0.86108 -4.95869e+00
106 -0.40912  1.69325e+01 |107  0.19489  4.62861e+01 |108 -0.25904 -1.48228e+02
108 variables; iteration 40; function evaluation 44; phase 4
Function value 2.0982864e+03; maximum gradient component mag -1.2437e+02
Var    Value     Gradient |Var    Value     Gradient |Var    Value     Gradient
  1 -0.43739 -7.06148e+00 |  2 -0.42561 -2.92783e+01 |  3 -0.40105 -2.03151e+01
  4  0.62769 -1.24366e+02 |  5 -0.01585  2.01874e+00 |  6 -0.00485 -5.02358e-01
  7 -0.00575 -4.65833e-01 |  8  0.01202  6.80640e-01 |  9  0.00733 -3.00290e-01
 10 -0.00519  3.62193e+00 | 11  0.01298  3.74901e+00 | 12  0.00199  3.75743e+00
 13  0.00299  3.87871e+00 | 14 -0.00330  3.82596e+00 | 15  0.00100  3.57693e+00
 16 -0.01580  3.61276e+00 | 17  0.00072  5.22133e+00 | 18 -0.02940  3.89233e+00
 19 -0.02726  4.73345e+00 | 20 -0.00834  9.17964e-01 | 21 -0.00107  3.96505e+00
 22  0.00857 -4.53344e+00 | 23  0.00291  7.60396e+00 | 24 -0.00931  2.94864e+00
 25  0.00351 -1.63799e+00 | 26  0.02286  3.05862e+00 | 27 -0.00647 -1.30985e+00
 28  0.01158 -4.02654e-01 | 29 -0.01795  2.02696e+00 | 30  0.00042  2.85666e+00
 31  0.00415  3.08846e+00 | 32  0.02168 -6.47217e+00 | 33  0.01040 -2.06580e+00
 34  0.00538  3.92468e+00 | 35 -0.01188 -9.83094e-01 | 36  0.02850 -1.24847e+00
 37  0.01449 -8.61645e-01 | 38  0.00168  1.64597e+00 | 39 -0.01713 -2.37566e+00
 40  0.00624  1.44568e+00 | 41 -0.04020  2.16221e-01 | 42  0.02076 -1.06622e-01
 43 -0.02265  4.03196e-01 | 44 -0.00425  1.28025e+00 | 45 -0.02700  2.95046e+00
 46  0.05538 -3.81418e-01 | 47 -0.06925  2.47668e+00 | 48 -0.03589  3.22248e+00
 49  0.03493  6.24789e-01 | 50  0.00038  9.19009e-01 | 51 -0.02447 -4.89279e-01
 52 -0.02331 -1.04746e+00 | 53  0.01977 -4.93187e+00 | 54 -0.02369 -1.05836e+00
 55  0.00696 -9.21972e-01 | 56 -0.01177 -8.58720e-02 | 57 -0.01619 -2.91781e-01
 58  0.02287  3.44638e-01 | 59  0.00043  2.03559e+00 | 60  0.00587  2.60339e+00
 61 -0.01372  5.23441e+00 | 62  0.00248  6.86282e+00 | 63  0.03300 -3.14182e+00
 64 -0.01874  8.38162e-01 | 65  0.00077 -3.49443e+00 | 66  0.01018 -2.32276e+00
 67  0.00910 -3.43244e-01 | 68 -0.01573 -3.16305e+00 | 69  0.01372 -4.06773e+00
 70 -0.00675 -5.13218e-01 | 71  0.00473  2.86760e+00 | 72  0.00187  1.94670e+00
 73  0.01910 -6.54299e+00 | 74 -0.01953 -3.56558e+00 | 75  0.06803 -2.76346e+01
 76 -0.05105 -6.33657e-01 | 77  0.04506 -1.76987e+01 | 78 -0.01350 -3.85207e+00
 79 -0.04302  7.59585e-01 | 80 -0.01044  2.15956e+00 | 81  0.02488 -7.19403e+00
 82 -0.00722 -4.05188e+00 | 83 -0.00592 -2.34028e+00 | 84 -0.01309 -2.37686e+00
 85  0.01349 -2.68530e+00 | 86  0.00533 -3.57279e-01 | 87  0.03745 -7.48773e+00
 88 -0.01277  8.44916e-01 | 89 -0.01641  1.94916e-01 | 90  0.06020 -2.50390e+01
 91  0.04950 -1.04734e+01 | 92  0.00229  1.31878e+00 | 93 -0.03249 -1.44644e+00
 94 -0.01147  9.26094e+00 | 95  0.02080  7.42781e+00 | 96  0.00132  7.97327e+00
 97 -0.00385  6.07000e+00 | 98  0.00497  6.70857e+00 | 99 -0.03213  7.55805e+00
100 -0.00822  2.07878e+00 |101  0.03289  1.59715e+00 |102 -0.00225  3.26217e+00
103 -0.00016  3.73243e+00 |104 -0.00016  3.73253e+00 |105  0.86305 -1.83758e+00
106 -0.40884  1.05732e+01 |107  0.19580  2.22295e+01 |108 -0.25843 -7.24597e+01
108 variables; iteration 60; function evaluation 69; phase 4
Function value 2.0982228e+03; maximum gradient component mag -1.6200e+01
Var    Value     Gradient |Var    Value     Gradient |Var    Value     Gradient
  1 -0.43753 -9.81808e-01 |  2 -0.42579 -5.94432e+00 |  3 -0.40080 -3.14072e+00
  4  0.62811 -1.62005e+01 |  5 -0.01670  9.72775e-02 |  6 -0.00462 -1.75548e-01
  7 -0.00530  2.20465e-01 |  8  0.01121 -8.59731e-01 |  9  0.00829  1.37520e+00
 10 -0.00455  1.56437e+00 | 11  0.01277 -4.50770e-02 | 12  0.00169 -2.36397e-01
 13  0.00245 -7.69924e-01 | 14 -0.00344  1.17843e-01 | 15  0.00063 -8.81272e-01
 16 -0.01598 -2.31631e-01 | 17  0.00001 -7.79253e-01 | 18 -0.02918  1.35404e+00
 19 -0.02702  2.38249e+00 | 20 -0.00789  1.12100e-01 | 21 -0.00072  3.24390e+00
 22  0.00938 -3.22470e-01 | 23  0.00214 -2.26721e+00 | 24 -0.00904  2.76204e+00
 25  0.00393  1.12982e+00 | 26  0.02278  2.70471e-01 | 27 -0.00623 -8.42991e-01
 28  0.01184  1.54635e+00 | 29 -0.01788  2.71383e-01 | 30  0.00039  3.56584e-01
 31  0.00408  5.79247e-02 | 32  0.02212 -4.02966e-01 | 33  0.01074  1.17459e+00
 34  0.00513 -1.15972e+00 | 35 -0.01140  2.01307e+00 | 36  0.02863  3.13207e-01
 37  0.01448 -2.09509e+00 | 38  0.00167  9.47581e-03 | 39 -0.01689 -1.60491e+00
 40  0.00625  2.52879e-01 | 41 -0.04031 -2.96084e+00 | 42  0.02084  9.86333e-01
 43 -0.02252  9.97165e-03 | 44 -0.00423  2.10674e-01 | 45 -0.02739 -3.05701e+00
 46  0.05535 -6.66468e-02 | 47 -0.06923  2.23130e-01 | 48 -0.03544  5.31291e+00
 49  0.03486 -1.09779e-01 | 50  0.00028 -1.25158e+00 | 51 -0.02431 -1.71359e-01
 52 -0.02328 -1.83021e+00 | 53  0.01992 -5.17203e-01 | 54 -0.02368 -1.65217e+00
 55  0.00708  2.36066e+00 | 56 -0.01181 -3.44902e-01 | 57 -0.01611  7.88145e-01
 58  0.02264 -2.27070e+00 | 59  0.00023 -2.97970e-01 | 60  0.00569  6.25924e-01
 61 -0.01405 -5.51085e-01 | 62  0.00226  2.79020e+00 | 63  0.03289 -6.98155e-01
 64 -0.01879  7.27125e-01 | 65  0.00085  1.83706e+00 | 66  0.01013 -8.24664e-01
 67  0.00900  5.49901e-01 | 68 -0.01571 -1.77710e+00 | 69  0.01369 -5.36334e-01
 70 -0.00666  2.54432e+00 | 71  0.00447 -1.37690e+00 | 72  0.00179  1.11538e+00
 73  0.01915 -8.85813e-01 | 74 -0.01954 -3.21927e+00 | 75  0.06819 -2.94931e+00
 76 -0.05103 -1.08431e+00 | 77  0.04518 -1.99557e+00 | 78 -0.01343 -7.37607e-01
 79 -0.04291  2.05853e+00 | 80 -0.01059 -1.29550e-01 | 81  0.02490 -7.44962e-01
 82 -0.00718 -1.94975e+00 | 83 -0.00599 -1.81265e+00 | 84 -0.01302 -6.09359e-01
 85  0.01343 -1.47306e+00 | 86  0.00541  2.99792e+00 | 87  0.03747 -1.18681e+00
 88 -0.01274  1.36243e+00 | 89 -0.01648 -5.36006e-01 | 90  0.06052 -2.42687e+00
 91  0.04955 -1.25914e+00 | 92  0.00235  3.35739e+00 | 93 -0.03235 -7.29653e-01
 94 -0.01196 -9.26420e-01 | 95  0.02055  5.05593e-01 | 96  0.00114  2.45344e+00
 97 -0.00421 -7.08369e-01 | 98  0.00479  1.37638e+00 | 99 -0.03290  1.52659e-01
100 -0.00768  2.86352e+00 |101  0.03277  7.98169e-02 |102 -0.00238 -2.20953e-02
103 -0.00012  6.08060e-01 |104 -0.00012  6.08328e-01 |105  0.86210 -2.94038e-01
106 -0.40887  2.05481e+00 |107  0.19648  2.45378e+00 |108 -0.25789 -7.60278e+00
108 variables; iteration 80; function evaluation 99; phase 4
Function value 2.0982122e+03; maximum gradient component mag 2.2183e+00
Var    Value     Gradient |Var    Value     Gradient |Var    Value     Gradient
  1 -0.43748  1.05162e-02 |  2 -0.42582 -7.68543e-01 |  3 -0.40078 -2.50815e-01
  4  0.62820 -2.55074e-01 |  5 -0.01674  4.66026e-02 |  6 -0.00460 -1.41243e-01
  7 -0.00545 -2.89585e-02 |  8  0.01161 -1.39831e-01 |  9  0.00768  2.53269e-01
 10 -0.00521 -1.52522e-01 | 11  0.01293 -1.46302e-01 | 12  0.00200  1.66087e-02
 13  0.00307  3.17332e-01 | 14 -0.00343 -2.97553e-01 | 15  0.00104 -5.07993e-02
 16 -0.01567  2.56298e-01 | 17  0.00029 -1.09410e-01 | 18 -0.02945  6.28776e-02
 19 -0.02747  3.18559e-01 | 20 -0.00777  3.43568e-01 | 21 -0.00116 -4.57513e-03
 22  0.00948  2.30974e-01 | 23  0.00245  3.17026e-01 | 24 -0.00940 -8.66129e-01
 25  0.00390  4.20632e-01 | 26  0.02275 -3.27314e-01 | 27 -0.00606  7.83662e-01
 28  0.01178  6.85511e-01 | 29 -0.01789 -6.94843e-02 | 30  0.00036 -1.79222e-01
 31  0.00406 -3.55593e-01 | 32  0.02211 -7.04969e-01 | 33  0.01069  3.84888e-01
 34  0.00529  8.27986e-01 | 35 -0.01155  1.55364e-01 | 36  0.02860 -2.18653e-01
 37  0.01458 -5.90563e-01 | 38  0.00165 -2.98490e-01 | 39 -0.01674 -1.94579e-01
 40  0.00625  2.10734e-01 | 41 -0.04001 -7.83384e-01 | 42  0.02078 -2.92652e-01
 43 -0.02252 -2.93162e-01 | 44 -0.00424 -7.59908e-02 | 45 -0.02710 -3.43812e-01
 46  0.05533 -6.14035e-03 | 47 -0.06900  1.15513e+00 | 48 -0.03603 -2.22203e-02
 49  0.03487  3.74080e-01 | 50  0.00034 -1.82575e-01 | 51 -0.02427  2.30085e-01
 52 -0.02312 -1.39510e-01 | 53  0.01992 -1.07779e-01 | 54 -0.02361 -8.90761e-01
 55  0.00695  4.61706e-01 | 56 -0.01177  3.56779e-01 | 57 -0.01621 -3.48747e-01
 58  0.02269 -1.84145e-01 | 59  0.00023  2.80200e-01 | 60  0.00563 -7.97287e-02
 61 -0.01406 -4.51085e-01 | 62  0.00214  1.04395e-01 | 63  0.03288 -5.60969e-02
 64 -0.01884  1.27501e-01 | 65  0.00076  7.44319e-02 | 66  0.01013 -2.50458e-02
 67  0.00895 -1.30151e-02 | 68 -0.01565 -1.49925e-02 | 69  0.01368 -2.07706e-02
 70 -0.00678  2.35395e-01 | 71  0.00450 -1.46992e-01 | 72  0.00173  1.42982e-01
 73  0.01914 -8.98526e-02 | 74 -0.01930  9.47667e-01 | 75  0.06819 -3.34044e-02
 76 -0.05096 -2.66099e-01 | 77  0.04519  5.39802e-02 | 78 -0.01344 -7.57133e-01
 79 -0.04311 -6.48653e-01 | 80 -0.01059  1.23536e-02 | 81  0.02488 -1.85727e-01
 82 -0.00703  2.21835e+00 | 83 -0.00601 -1.48508e+00 | 84 -0.01305 -8.74674e-01
 85  0.01346  1.91648e-01 | 86  0.00529  1.21689e-01 | 87  0.03748 -2.38791e-02
 88 -0.01281  3.63526e-01 | 89 -0.01649 -4.45829e-01 | 90  0.06054  8.27242e-02
 91  0.04955  4.40021e-02 | 92  0.00218  7.29084e-02 | 93 -0.03229  8.55421e-02
 94 -0.01193 -2.99335e-01 | 95  0.02053  1.44633e-01 | 96  0.00100 -3.44964e-02
 97 -0.00418 -2.17163e-01 | 98  0.00476  9.87110e-01 | 99 -0.03287 -3.65055e-04
100 -0.00805  3.19452e-02 |101  0.03283  2.61685e-01 |102 -0.00203  7.53456e-02
103 -0.00026 -8.08338e-02 |104 -0.00026 -8.10455e-02 |105  0.86191 -6.63562e-03
106 -0.40888  1.13631e-01 |107  0.19645 -1.33086e-01 |108 -0.25787 -1.49543e-03
Maximum number of function evaluations exceeded

 - final statistics:
108 variables; iteration 81; function evaluation 100
Function value 2.0982e+03; maximum gradient component mag 2.2183e+00
Exit code = 3;  converg criter 1.0000e+00
Var    Value     Gradient |Var    Value     Gradient |Var    Value     Gradient
  1 -0.43748  1.05162e-02 |  2 -0.42582 -7.68543e-01 |  3 -0.40078 -2.50815e-01
  4  0.62820 -2.55074e-01 |  5 -0.01674  4.66026e-02 |  6 -0.00460 -1.41243e-01
  7 -0.00545 -2.89585e-02 |  8  0.01161 -1.39831e-01 |  9  0.00768  2.53269e-01
 10 -0.00521 -1.52522e-01 | 11  0.01293 -1.46302e-01 | 12  0.00200  1.66087e-02
 13  0.00307  3.17332e-01 | 14 -0.00343 -2.97553e-01 | 15  0.00104 -5.07993e-02
 16 -0.01567  2.56298e-01 | 17  0.00029 -1.09410e-01 | 18 -0.02945  6.28776e-02
 19 -0.02747  3.18559e-01 | 20 -0.00777  3.43568e-01 | 21 -0.00116 -4.57513e-03
 22  0.00948  2.30974e-01 | 23  0.00245  3.17026e-01 | 24 -0.00940 -8.66129e-01
 25  0.00390  4.20632e-01 | 26  0.02275 -3.27314e-01 | 27 -0.00606  7.83662e-01
 28  0.01178  6.85511e-01 | 29 -0.01789 -6.94843e-02 | 30  0.00036 -1.79222e-01
 31  0.00406 -3.55593e-01 | 32  0.02211 -7.04969e-01 | 33  0.01069  3.84888e-01
 34  0.00529  8.27986e-01 | 35 -0.01155  1.55364e-01 | 36  0.02860 -2.18653e-01
 37  0.01458 -5.90563e-01 | 38  0.00165 -2.98490e-01 | 39 -0.01674 -1.94579e-01
 40  0.00625  2.10734e-01 | 41 -0.04001 -7.83384e-01 | 42  0.02078 -2.92652e-01
 43 -0.02252 -2.93162e-01 | 44 -0.00424 -7.59908e-02 | 45 -0.02710 -3.43812e-01
 46  0.05533 -6.14035e-03 | 47 -0.06900  1.15513e+00 | 48 -0.03603 -2.22203e-02
 49  0.03487  3.74080e-01 | 50  0.00034 -1.82575e-01 | 51 -0.02427  2.30085e-01
 52 -0.02312 -1.39510e-01 | 53  0.01992 -1.07779e-01 | 54 -0.02361 -8.90761e-01
 55  0.00695  4.61706e-01 | 56 -0.01177  3.56779e-01 | 57 -0.01621 -3.48747e-01
 58  0.02269 -1.84145e-01 | 59  0.00023  2.80200e-01 | 60  0.00563 -7.97287e-02
 61 -0.01406 -4.51085e-01 | 62  0.00214  1.04395e-01 | 63  0.03288 -5.60969e-02
 64 -0.01884  1.27501e-01 | 65  0.00076  7.44319e-02 | 66  0.01013 -2.50458e-02
 67  0.00895 -1.30151e-02 | 68 -0.01565 -1.49925e-02 | 69  0.01368 -2.07706e-02
 70 -0.00678  2.35395e-01 | 71  0.00450 -1.46992e-01 | 72  0.00173  1.42982e-01
 73  0.01914 -8.98526e-02 | 74 -0.01930  9.47667e-01 | 75  0.06819 -3.34044e-02
 76 -0.05096 -2.66099e-01 | 77  0.04519  5.39802e-02 | 78 -0.01344 -7.57133e-01
 79 -0.04311 -6.48653e-01 | 80 -0.01059  1.23536e-02 | 81  0.02488 -1.85727e-01
 82 -0.00703  2.21835e+00 | 83 -0.00601 -1.48508e+00 | 84 -0.01305 -8.74674e-01
 85  0.01346  1.91648e-01 | 86  0.00529  1.21689e-01 | 87  0.03748 -2.38791e-02
 88 -0.01281  3.63526e-01 | 89 -0.01649 -4.45829e-01 | 90  0.06054  8.27242e-02
 91  0.04955  4.40021e-02 | 92  0.00218  7.29084e-02 | 93 -0.03229  8.55421e-02
 94 -0.01193 -2.99335e-01 | 95  0.02053  1.44633e-01 | 96  0.00100 -3.44964e-02
 97 -0.00418 -2.17163e-01 | 98  0.00476  9.87110e-01 | 99 -0.03287 -3.65055e-04
100 -0.00805  3.19452e-02 |101  0.03283  2.61685e-01 |102 -0.00203  7.53456e-02
103 -0.00026 -8.08338e-02 |104 -0.00026 -8.10455e-02 |105  0.86191 -6.63562e-03
106 -0.40888  1.13631e-01 |107  0.19645 -1.33086e-01 |108 -0.25787 -1.49543e-03

Initial statistics: 110 variables; iteration 0; function evaluation 0; phase 5
Function value 2.0982122e+03; maximum gradient component mag -7.9403e+00
Var    Value     Gradient |Var    Value     Gradient |Var    Value     Gradient
  1 -0.43748  1.05162e-02 |  2 -0.42582 -7.68543e-01 |  3 -0.40078 -2.50815e-01
  4 -0.41222 -7.94029e+00 |  5 -0.41222  6.14690e+00 |  6  0.62820 -2.55074e-01
  7 -0.01674  4.66026e-02 |  8 -0.00460 -1.41243e-01 |  9 -0.00545 -2.89585e-02
 10  0.01161 -1.39831e-01 | 11  0.00768  2.53269e-01 | 12 -0.00521 -1.52562e-01
 13  0.01293 -1.46342e-01 | 14  0.00200  1.65690e-02 | 15  0.00307  3.17293e-01
 16 -0.00343 -2.97593e-01 | 17  0.00104 -5.08390e-02 | 18 -0.01567  2.56258e-01
 19  0.00029 -1.09449e-01 | 20 -0.02945  6.28379e-02 | 21 -0.02747  3.18519e-01
 22 -0.00777  3.43528e-01 | 23 -0.00116 -4.61489e-03 | 24  0.00948  2.30934e-01
 25  0.00245  3.16986e-01 | 26 -0.00940 -8.66169e-01 | 27  0.00390  4.20592e-01
 28  0.02275 -3.27354e-01 | 29 -0.00606  7.83622e-01 | 30  0.01178  6.85471e-01
 31 -0.01789 -6.95241e-02 | 32  0.00036 -1.79261e-01 | 33  0.00406 -3.55633e-01
 34  0.02211 -7.05009e-01 | 35  0.01069  3.84848e-01 | 36  0.00529  8.27946e-01
 37 -0.01155  1.55324e-01 | 38  0.02860 -2.18693e-01 | 39  0.01458 -5.90603e-01
 40  0.00165 -2.98530e-01 | 41 -0.01674 -1.94619e-01 | 42  0.00625  2.10695e-01
 43 -0.04001 -7.83424e-01 | 44  0.02078 -2.92691e-01 | 45 -0.02252 -2.93202e-01
 46 -0.00424 -7.60305e-02 | 47 -0.02710 -3.43851e-01 | 48  0.05533 -6.17997e-03
 49 -0.06900  1.15509e+00 | 50 -0.03603 -2.22600e-02 | 51  0.03487  3.74040e-01
 52  0.00034 -1.82615e-01 | 53 -0.02427  2.30045e-01 | 54 -0.02312 -1.39549e-01
 55  0.01992 -1.07819e-01 | 56 -0.02361 -8.90801e-01 | 57  0.00695  4.61666e-01
 58 -0.01177  3.56739e-01 | 59 -0.01621 -3.48787e-01 | 60  0.02269 -1.84185e-01
 61  0.00023  2.80160e-01 | 62  0.00563 -7.97685e-02 | 63 -0.01406 -4.51124e-01
 64  0.00214  1.04355e-01 | 65  0.03288 -5.61366e-02 | 66 -0.01884  1.27461e-01
 67  0.00076  7.43922e-02 | 68  0.01013 -2.50855e-02 | 69  0.00895 -1.30548e-02
 70 -0.01565 -1.50323e-02 | 71  0.01368 -2.08103e-02 | 72 -0.00678  2.35355e-01
 73  0.00450 -1.47032e-01 | 74  0.00173  1.42942e-01 | 75  0.01914 -8.98924e-02
 76 -0.01930  9.47627e-01 | 77  0.06819 -3.34440e-02 | 78 -0.05096 -2.66139e-01
 79  0.04519  5.39405e-02 | 80 -0.01344 -7.57173e-01 | 81 -0.04311 -6.48693e-01
 82 -0.01059  1.23138e-02 | 83  0.02488 -1.85766e-01 | 84 -0.00703  2.21831e+00
 85 -0.00601 -1.48512e+00 | 86 -0.01305 -8.74713e-01 | 87  0.01346  1.91608e-01
 88  0.00529  1.21650e-01 | 89  0.03748 -2.39188e-02 | 90 -0.01281  3.63486e-01
 91 -0.01649 -4.45869e-01 | 92  0.06054  8.26846e-02 | 93  0.04955  4.39625e-02
 94  0.00218  7.28686e-02 | 95 -0.03229  8.55024e-02 | 96 -0.01193 -2.99375e-01
 97  0.02053  1.44593e-01 | 98  0.00100 -3.45362e-02 | 99 -0.00418 -2.17203e-01
100  0.00476  9.87070e-01 |101 -0.03287 -4.04767e-04 |102 -0.00805  3.19054e-02
103  0.03283  2.61646e-01 |104 -0.00203  7.53058e-02 |105 -0.00026 -8.08736e-02
106 -0.00026 -8.10852e-02 |107  0.86191 -6.63562e-03 |108 -0.40888  1.13631e-01
109  0.19645 -1.33086e-01 |110 -0.25787 -1.49543e-03 |

Intermediate statistics: 110 variables; iteration 20; function evaluation 24; phase 5
Function value 2.0981518e+03; maximum gradient component mag 8.1102e+01
Var    Value     Gradient |Var    Value     Gradient |Var    Value     Gradient
  1 -0.43966  1.22311e+01 |  2 -0.42563  8.11021e+01 |  3 -0.40113  4.03637e+01
  4 -0.39970  6.08682e-01 |  5 -0.41432  1.27308e+01 |  6  0.62808 -3.46425e+01
  7 -0.01677 -1.91280e-02 |  8 -0.00466 -2.43511e-01 |  9 -0.00549 -8.42333e-02
 10  0.01153 -2.74221e-01 | 11  0.00771  3.23987e-01 | 12 -0.00530  6.28753e-01
 13  0.01284  6.20780e-01 | 14  0.00195  8.71831e-01 | 15  0.00308  1.32028e+00
 16 -0.00354  4.06901e-01 | 17  0.00099  7.74782e-01 | 18 -0.01569  1.17714e+00
 19  0.00023  6.54304e-01 | 20 -0.02950  8.82687e-01 | 21 -0.02751  1.15304e+00
 22 -0.00780  1.16797e+00 | 23 -0.00127  2.03825e-01 | 24  0.00945  6.42152e-01
 25  0.00243  6.26677e-01 | 26 -0.00939 -3.77583e-01 | 27  0.00375 -7.90939e-01
 28  0.02281  1.00370e+00 | 29 -0.00628 -1.34402e+00 | 30  0.01150 -2.72017e+00
 31 -0.01792  1.41240e-01 | 32  0.00036  5.74786e-01 | 33  0.00417  1.44179e+00
 34  0.02228  2.15422e+00 | 35  0.01056 -1.27023e+00 | 36  0.00502 -2.70494e+00
 37 -0.01164 -2.27903e-01 | 38  0.02860 -1.42582e-01 | 39  0.01468  1.51781e+00
 40  0.00175  9.97196e-01 | 41 -0.01671  4.84256e-01 | 42  0.00616 -8.72690e-01
 43 -0.04013 -1.28443e+00 | 44  0.02081  1.89791e-01 | 45 -0.02250  5.53416e-01
 46 -0.00421  4.91269e-01 | 47 -0.02706  4.86904e-01 | 48  0.05521 -5.03674e+00
 49 -0.06876  3.26159e+00 | 50 -0.03608  1.63533e-01 | 51  0.03484 -1.83318e+00
 52  0.00036  7.79804e-02 | 53 -0.02431 -2.26144e-01 | 54 -0.02313  7.79195e-02
 55  0.01987 -1.91677e+00 | 56 -0.02337  1.62601e+00 | 57  0.00679 -2.90515e+00
 58 -0.01189 -1.71794e+00 | 59 -0.01609  7.67697e-01 | 60  0.02261 -3.83750e+00
 61  0.00012 -2.99542e+00 | 62  0.00560 -2.78961e+00 | 63 -0.01400 -9.41521e-02
 64  0.00216 -1.14269e+00 | 65  0.03294  1.99916e-01 | 66 -0.01891 -1.20529e+00
 67  0.00079 -2.86839e-01 | 68  0.01023 -3.16117e-02 | 69  0.00901  4.34367e-01
 70 -0.01573 -8.07702e-01 | 71  0.01377  4.83451e-01 | 72 -0.00673 -5.25331e-01
 73  0.00451 -3.26279e-01 | 74  0.00173  1.66988e-01 | 75  0.01926  1.76565e+00
 76 -0.01962 -3.42806e+00 | 77  0.06813 -8.98328e+00 | 78 -0.05089  7.09010e-01
 79  0.04512 -4.87171e+00 | 80 -0.01336  6.08144e-01 | 81 -0.04299  2.10152e+00
 82 -0.01057 -3.54587e-01 | 83  0.02492 -3.64677e-01 | 84 -0.00713 -8.34749e-01
 85 -0.00591  1.03584e+00 | 86 -0.01296  8.06003e-01 | 87  0.01352  1.73167e+00
 88  0.00535  6.20417e-01 | 89  0.03748 -9.01121e-01 | 90 -0.01291 -9.87897e-01
 91 -0.01638  2.38855e+00 | 92  0.06072  5.88796e+00 | 93  0.04951 -2.88683e+00
 94  0.00220 -6.37438e-01 | 95 -0.03239  1.13871e-01 | 96 -0.01182  9.32245e-01
 97  0.02063  1.01818e+00 | 98  0.00102  3.56288e-01 | 99 -0.00404  1.74947e+00
100  0.00468 -2.23645e+00 |101 -0.03277  1.77849e+00 |102 -0.00778  2.66745e+00
103  0.03319  3.49995e+00 |104 -0.00208  9.79430e-01 |105 -0.00029  8.22136e-01
106 -0.00029  8.21839e-01 |107  0.85555 -7.79025e+00 |108 -0.40946  5.79186e+01
109  0.19555 -9.56153e+00 |110 -0.25799  2.26210e+01 |
110 variables; iteration 40; function evaluation 44; phase 5
Function value 2.0981370e+03; maximum gradient component mag 6.2505e+01
Var    Value     Gradient |Var    Value     Gradient |Var    Value     Gradient
  1 -0.43905  1.01542e+01 |  2 -0.42548  6.25048e+01 |  3 -0.40164  3.12038e+01
  4 -0.39809  4.52774e-01 |  5 -0.41538  9.93164e+00 |  6  0.62809 -2.69020e+01
  7 -0.01663  2.96620e-01 |  8 -0.00488 -5.87780e-01 |  9 -0.00552 -1.39021e-01
 10  0.01145 -4.03898e-01 | 11  0.00782  5.36940e-01 | 12 -0.00524  5.83231e-01
 13  0.01310  1.04477e+00 | 14  0.00204  9.29961e-01 | 15  0.00284  5.70155e-01
 16 -0.00330  8.94882e-01 | 17  0.00092  4.41976e-01 | 18 -0.01580  7.25765e-01
 19  0.00021  4.94781e-01 | 20 -0.02956  5.74848e-01 | 21 -0.02753  9.66291e-01
 22 -0.00789  6.09190e-01 | 23 -0.00123  3.93746e-01 | 24  0.00941  2.95198e-01
 25  0.00237 -7.60647e-03 | 26 -0.00928  5.31719e-01 | 27  0.00373 -1.22288e+00
 28  0.02283  1.27332e+00 | 29 -0.00613  1.19063e-01 | 30  0.01157 -1.64924e+00
 31 -0.01789  1.96455e-01 | 32  0.00037  5.66711e-01 | 33  0.00416  1.24098e+00
 34  0.02224  1.27599e+00 | 35  0.01061 -6.85022e-01 | 36  0.00507 -2.09629e+00
 37 -0.01160 -3.44751e-02 | 38  0.02860 -1.39990e-01 | 39  0.01469  1.77616e+00
 40  0.00175  1.02736e+00 | 41 -0.01672  2.84628e-01 | 42  0.00617 -7.46800e-01
 43 -0.04008 -9.36145e-01 | 44  0.02081  3.10959e-01 | 45 -0.02255  5.11905e-03
 46 -0.00421  6.04683e-01 | 47 -0.02709  1.00784e-01 | 48  0.05524 -3.97079e+00
 49 -0.06898  1.92487e+00 | 50 -0.03606  2.48327e-01 | 51  0.03486 -1.26090e+00
 52  0.00035  3.25195e-02 | 53 -0.02425  3.51423e-01 | 54 -0.02311  1.90277e-01
 55  0.01990 -1.35805e+00 | 56 -0.02344  8.19846e-01 | 57  0.00684 -1.87261e+00
 58 -0.01187 -1.28989e+00 | 59 -0.01611  5.73151e-01 | 60  0.02263 -3.18948e+00
 61  0.00012 -2.76224e+00 | 62  0.00562 -2.21701e+00 | 63 -0.01399  4.45461e-02
 64  0.00217 -1.13307e+00 | 65  0.03294 -3.18308e-01 | 66 -0.01892 -1.31486e+00
 67  0.00079 -4.36011e-01 | 68  0.01023 -2.51946e-01 | 69  0.00899 -5.13095e-01
 70 -0.01571 -3.71275e-01 | 71  0.01375 -6.37981e-01 | 72 -0.00670 -9.85809e-02
 73  0.00452 -1.80424e-01 | 74  0.00174  1.03551e-01 | 75  0.01924  6.84377e-01
 76 -0.01953 -2.15190e+00 | 77  0.06816 -6.91769e+00 | 78 -0.05094  2.53187e-01
 79  0.04513 -3.82925e+00 | 80 -0.01342 -6.90227e-01 | 81 -0.04301  1.67936e+00
 82 -0.01054 -2.01794e-01 | 83  0.02492 -5.27216e-01 | 84 -0.00710 -3.41801e-01
 85 -0.00587  1.92424e+00 | 86 -0.01294  1.14815e+00 | 87  0.01358  3.07465e+00
 88  0.00538  1.03751e+00 | 89  0.03751  4.13624e-02 | 90 -0.01289 -7.86477e-01
 91 -0.01636  2.40907e+00 | 92  0.06069  4.08518e+00 | 93  0.04952 -2.57134e+00
 94  0.00224  1.89243e-01 | 95 -0.03244 -6.41639e-01 | 96 -0.01180  1.02467e+00
 97  0.02070  2.52646e+00 | 98  0.00102  5.13419e-02 | 99 -0.00402  1.66734e+00
100  0.00470 -2.57418e+00 |101 -0.03274  1.58155e+00 |102 -0.00787  1.69337e+00
103  0.03314  2.71144e+00 |104 -0.00234  4.07378e-01 |105 -0.00049  3.36596e-01
106 -0.00049  3.35654e-01 |107  0.85454 -6.62919e+00 |108 -0.40957  4.68382e+01
109  0.19559 -7.50323e+00 |110 -0.25801  1.72750e+01 |
110 variables; iteration 60; function evaluation 69; phase 5
Function value 2.0981170e+03; maximum gradient component mag 8.1750e+00
Var    Value     Gradient |Var    Value     Gradient |Var    Value     Gradient
  1 -0.43951  1.12968e+00 |  2 -0.42527  8.17503e+00 |  3 -0.40229  3.95310e+00
  4 -0.39274  1.54122e-02 |  5 -0.41781  7.62723e-01 |  6  0.62819 -2.26889e+00
  7 -0.01689 -1.64245e-01 |  8 -0.00482 -4.82782e-01 |  9 -0.00558 -2.16041e-01
 10  0.01148 -3.18889e-01 | 11  0.00735 -2.84696e-01 | 12 -0.00492  5.37305e-01
 13  0.01264 -5.59453e-01 | 14  0.00172 -3.92229e-01 | 15  0.00319  8.76600e-01
 16 -0.00354 -2.64746e-01 | 17  0.00082 -3.00054e-01 | 18 -0.01596 -1.86899e-01
 19  0.00031  5.54646e-01 | 20 -0.02973 -3.61949e-01 | 21 -0.02752  7.15992e-01
 22 -0.00778  1.17760e+00 | 23 -0.00124  5.34994e-01 | 24  0.00935  2.85536e-01
 25  0.00237  5.19876e-01 | 26 -0.00947 -1.10299e+00 | 27  0.00392  1.09539e+00
 28  0.02265 -1.30194e+00 | 29 -0.00609  5.08411e-01 | 30  0.01163 -1.66187e-01
 31 -0.01790  7.83987e-02 | 32  0.00028 -5.88744e-01 | 33  0.00401 -6.51742e-01
 34  0.02217  1.02790e-01 | 35  0.01060 -5.01373e-01 | 36  0.00503 -2.30322e+00
 37 -0.01162 -2.01097e-01 | 38  0.02859  1.56324e-01 | 39  0.01453  2.59500e-03
 40  0.00159 -5.50199e-01 | 41 -0.01674  2.95992e-01 | 42  0.00622  7.53524e-01
 43 -0.03985  9.47355e-01 | 44  0.02069 -1.18757e+00 | 45 -0.02256  9.52548e-02
 46 -0.00432 -4.24630e-01 | 47 -0.02693  1.67329e+00 | 48  0.05525 -1.32489e+00
 49 -0.06908  1.13109e+00 | 50 -0.03616 -5.23204e-01 | 51  0.03485 -4.77330e-01
 52  0.00030 -3.99385e-02 | 53 -0.02428  8.25487e-02 | 54 -0.02313  7.58691e-02
 55  0.01990 -2.21223e-01 | 56 -0.02350  4.41466e-01 | 57  0.00690  2.96207e-01
 58 -0.01188 -7.65221e-01 | 59 -0.01618 -3.50476e-03 | 60  0.02270 -2.36551e-02
 61  0.00017 -7.60726e-01 | 62  0.00567  2.30114e-01 | 63 -0.01401  2.45688e-01
 64  0.00228  2.06420e+00 | 65  0.03290 -4.52714e-01 | 66 -0.01889  2.08725e-01
 67  0.00072 -1.92982e+00 | 68  0.01017 -1.44928e+00 | 69  0.00896 -6.78356e-01
 70 -0.01578 -9.33171e-01 | 71  0.01372 -1.26990e+00 | 72 -0.00668  3.16975e-01
 73  0.00456  1.57996e+00 | 74  0.00188  4.20805e+00 | 75  0.01915 -1.53345e+00
 76 -0.01950 -1.44444e+00 | 77  0.06821 -6.49483e-01 | 78 -0.05097 -1.03425e-01
 79  0.04514 -7.14764e-01 | 80 -0.01330  2.45988e+00 | 81 -0.04311  2.76416e-01
 82 -0.01046  1.47407e+00 | 83  0.02491 -4.43269e-01 | 84 -0.00714 -1.20143e+00
 85 -0.00603 -1.96719e+00 | 86 -0.01296  1.55600e-01 | 87  0.01354  1.64613e+00
 88  0.00535 -2.17268e-01 | 89  0.03749 -4.58474e-01 | 90 -0.01277  1.08676e+00
 91 -0.01655 -1.36223e+00 | 92  0.06062  2.99360e-01 | 93  0.04955 -5.69057e-01
 94  0.00228  1.19616e+00 | 95 -0.03226  1.49669e+00 | 96 -0.01178  1.62485e-01
 97  0.02072  1.20839e+00 | 98  0.00103 -1.27828e+00 | 99 -0.00409 -4.74714e-01
100  0.00494 -5.03190e-01 |101 -0.03276  4.90102e-01 |102 -0.00793 -4.43712e-02
103  0.03282 -7.31374e-01 |104 -0.00202  2.13325e-01 |105  0.00024  7.62219e-01
106  0.00024  7.63623e-01 |107  0.85412 -6.95367e-01 |108 -0.40965  6.02229e+00
109  0.19540 -1.18254e+00 |110 -0.25806  1.95144e+00 |
110 variables; iteration 80; function evaluation 99; phase 5
Function value 2.0981135e+03; maximum gradient component mag 7.8004e-01
Var    Value     Gradient |Var    Value     Gradient |Var    Value     Gradient
  1 -0.43955  8.94995e-02 |  2 -0.42526  6.05206e-01 |  3 -0.40236  3.50703e-01
  4 -0.39205 -8.38610e-03 |  5 -0.41802  2.65356e-03 |  6  0.62816 -7.74234e-03
  7 -0.01686 -6.72496e-02 |  8 -0.00445  1.37752e-01 |  9 -0.00545  1.77466e-02
 10  0.01167  2.04813e-02 | 11  0.00749 -6.27402e-03 | 12 -0.00525 -1.53932e-01
 13  0.01289 -7.53442e-02 | 14  0.00197  9.90878e-02 | 15  0.00280 -1.50909e-01
 16 -0.00341  1.94238e-02 | 17  0.00098  7.50165e-02 | 18 -0.01585  5.52253e-02
 19  0.00014 -1.59641e-01 | 20 -0.02959  1.35481e-02 | 21 -0.02772 -1.19824e-01
 22 -0.00799 -1.71636e-02 | 23 -0.00129  5.20247e-02 | 24  0.00934  3.58055e-02
 25  0.00234  5.77662e-02 | 26 -0.00934 -5.34351e-02 | 27  0.00385  1.81961e-01
 28  0.02273 -9.94151e-02 | 29 -0.00612  1.42130e-01 | 30  0.01166  1.06478e-01
 31 -0.01789  2.31408e-02 | 32  0.00033 -1.47840e-01 | 33  0.00406 -1.73340e-01
 34  0.02217 -1.53473e-01 | 35  0.01065 -2.38528e-03 | 36  0.00518 -4.40829e-01
 37 -0.01159 -1.59431e-02 | 38  0.02860  3.97553e-02 | 39  0.01455  6.55671e-02
 40  0.00164 -9.64958e-02 | 41 -0.01675  6.62230e-02 | 42  0.00620  2.55061e-01
 43 -0.03994  4.88101e-02 | 44  0.02075 -2.24617e-01 | 45 -0.02256  6.32716e-03
 46 -0.00428 -2.50737e-02 | 47 -0.02706  2.35527e-01 | 48  0.05530 -1.39950e-01
 49 -0.06926  7.40900e-02 | 50 -0.03609 -4.94977e-03 | 51  0.03488  4.81144e-02
 52  0.00032  4.54710e-02 | 53 -0.02428  4.98979e-02 | 54 -0.02313  3.79236e-02
 55  0.01993  4.30292e-02 | 56 -0.02353  6.73789e-02 | 57  0.00690  1.46531e-01
 58 -0.01182 -1.55996e-02 | 59 -0.01617  1.87776e-02 | 60  0.02270 -1.11751e-01
 61  0.00021 -1.67852e-01 | 62  0.00567  3.41916e-02 | 63 -0.01401  1.36042e-01
 64  0.00225  7.72727e-01 | 65  0.03293 -1.06569e-01 | 66 -0.01888  6.58748e-02
 67  0.00078 -6.22327e-01 | 68  0.01022 -1.13047e-01 | 69  0.00899 -1.50480e-01
 70 -0.01574 -2.55345e-01 | 71  0.01377 -1.90842e-01 | 72 -0.00667  1.32516e-01
 73  0.00453  6.48877e-02 | 74  0.00176  7.80037e-01 | 75  0.01921 -2.22024e-01
 76 -0.01943 -2.90329e-01 | 77  0.06823  2.54860e-02 | 78 -0.05095 -1.51141e-02
 79  0.04517 -2.47427e-02 | 80 -0.01339  3.21894e-01 | 81 -0.04310 -1.18399e-02
 82 -0.01049  2.73319e-01 | 83  0.02494 -4.96753e-02 | 84 -0.00708 -1.71739e-01
 85 -0.00594 -2.59151e-01 | 86 -0.01295  7.08231e-02 | 87  0.01352  2.48884e-01
 88  0.00537 -2.21042e-01 | 89  0.03753 -4.25317e-02 | 90 -0.01281  1.86134e-01
 91 -0.01646 -3.31529e-01 | 92  0.06063  1.04694e-03 | 93  0.04958 -4.25703e-02
 94  0.00227  2.25844e-01 | 95 -0.03233  1.57557e-01 | 96 -0.01175  2.29237e-01
 97  0.02071  9.66652e-02 | 98  0.00111 -2.30059e-01 | 99 -0.00402  4.26192e-02
100  0.00502  2.12991e-02 |101 -0.03278 -2.36803e-02 |102 -0.00787 -7.16893e-03
103  0.03303  3.28473e-02 |104 -0.00205  1.02287e-01 |105 -0.00028 -1.01869e-01
106 -0.00028 -1.02041e-01 |107  0.85393 -4.79050e-02 |108 -0.40968  6.05475e-01
109  0.19552 -3.86832e-02 |110 -0.25803  1.06015e-01 |
110 variables; iteration 100; function evaluation 127; phase 5
Function value 2.0981134e+03; maximum gradient component mag 2.5289e-01
Var    Value     Gradient |Var    Value     Gradient |Var    Value     Gradient
  1 -0.43956  2.77393e-02 |  2 -0.42526  1.87173e-01 |  3 -0.40236  1.16367e-01
  4 -0.39200 -2.74267e-03 |  5 -0.41802  4.45381e-03 |  6  0.62816 -1.17304e-02
  7 -0.01685 -4.44533e-02 |  8 -0.00449  7.16596e-02 |  9 -0.00544  3.65664e-02
 10  0.01165  2.32516e-03 | 11  0.00752  4.65659e-02 | 12 -0.00518 -1.38206e-02
 13  0.01291 -2.81788e-02 | 14  0.00192 -8.39401e-04 | 15  0.00284 -5.05058e-02
 16 -0.00340  2.59207e-02 | 17  0.00096  4.66444e-02 | 18 -0.01584  7.69117e-02
 19  0.00017 -5.01552e-02 | 20 -0.02962 -7.96334e-02 | 21 -0.02770 -5.63264e-02
 22 -0.00799 -1.68986e-02 | 23 -0.00130  2.43489e-03 | 24  0.00933 -5.23333e-02
 25  0.00232 -6.73822e-02 | 26 -0.00934 -5.03560e-02 | 27  0.00384  6.50221e-02
 28  0.02274 -1.17004e-02 | 29 -0.00613  4.02694e-02 | 30  0.01165  3.59630e-02
 31 -0.01789  3.98937e-02 | 32  0.00033 -3.74612e-02 | 33  0.00407 -5.40399e-02
 34  0.02218 -1.48134e-02 | 35  0.01065  3.85328e-02 | 36  0.00521 -1.17660e-01
 37 -0.01159  2.18084e-02 | 38  0.02860  6.43841e-02 | 39  0.01454  4.21554e-02
 40  0.00164 -2.56996e-02 | 41 -0.01675  1.25496e-02 | 42  0.00618  4.26649e-02
 43 -0.03995 -6.68180e-03 | 44  0.02075 -8.82061e-02 | 45 -0.02256  1.41393e-02
 46 -0.00428 -1.15190e-02 | 47 -0.02708  1.02263e-01 | 48  0.05530 -4.01451e-02
 49 -0.06927  2.16317e-02 | 50 -0.03609 -6.25128e-02 | 51  0.03488  2.81967e-02
 52  0.00032  3.89902e-02 | 53 -0.02428  1.56788e-02 | 54 -0.02313  4.69179e-03
 55  0.01993  3.70232e-02 | 56 -0.02353  4.09854e-02 | 57  0.00690  6.93692e-02
 58 -0.01182  5.19402e-03 | 59 -0.01617  3.24736e-02 | 60  0.02270 -2.47379e-02
 61  0.00021 -1.53937e-01 | 62  0.00567  5.99739e-02 | 63 -0.01402 -1.11046e-01
 64  0.00223  2.52887e-01 | 65  0.03293 -3.92367e-02 | 66 -0.01888  1.10017e-01
 67  0.00080 -1.98282e-01 | 68  0.01023 -2.97540e-02 | 69  0.00900 -4.13585e-02
 70 -0.01573 -7.29177e-02 | 71  0.01377 -5.39194e-02 | 72 -0.00667  4.44262e-02
 73  0.00452  2.10863e-02 | 74  0.00174  2.40092e-01 | 75  0.01922 -6.52329e-02
 76 -0.01941 -7.88937e-02 | 77  0.06823  1.00433e-02 | 78 -0.05095 -7.94042e-03
 79  0.04517 -4.46046e-03 | 80 -0.01340  9.52408e-02 | 81 -0.04310 -4.85605e-03
 82 -0.01050  8.55347e-02 | 83  0.02494 -1.20734e-02 | 84 -0.00708 -4.79358e-02
 85 -0.00593 -8.06349e-02 | 86 -0.01295  3.65509e-02 | 87  0.01351  7.56996e-02
 88  0.00538 -6.78925e-02 | 89  0.03753 -8.35125e-03 | 90 -0.01282  2.28955e-02
 91 -0.01645 -1.30231e-01 | 92  0.06063  4.16378e-03 | 93  0.04958 -9.83367e-03
 94  0.00226  7.90951e-02 | 95 -0.03234  6.77630e-02 | 96 -0.01175  7.26159e-02
 97  0.02071  2.34816e-02 | 98  0.00112 -1.55008e-03 | 99 -0.00403  6.81692e-03
100  0.00501 -2.28696e-02 |101 -0.03278 -1.56402e-02 |102 -0.00787 -9.20898e-03
103  0.03302  7.50381e-03 |104 -0.00212 -1.51012e-02 |105 -0.00022 -1.88412e-02
106 -0.00022 -1.88642e-02 |107  0.85389 -1.84271e-02 |108 -0.40969  2.08833e-01
109  0.19551 -7.86595e-03 |110 -0.25803  3.34245e-02 |

 - final statistics:
110 variables; iteration 118; function evaluation 158
Function value 2.0981e+03; maximum gradient component mag 6.1547e-06
Exit code = 1;  converg criter 1.0000e-04
Var    Value     Gradient |Var    Value     Gradient |Var    Value     Gradient
  1 -0.43957  1.39225e-07 |  2 -0.42526  1.98892e-06 |  3 -0.40236  7.39247e-07
  4 -0.39198  1.88029e-09 |  5 -0.41802  1.47490e-08 |  6  0.62817  7.93162e-07
  7 -0.01683  1.37564e-07 |  8 -0.00453 -5.99938e-08 |  9 -0.00546  1.11426e-06
 10  0.01165  5.23645e-07 | 11  0.00750  1.22144e-06 | 12 -0.00517  6.55130e-07
 13  0.01292 -8.06679e-07 | 14  0.00192  8.62717e-07 | 15  0.00285 -9.72638e-08
 16 -0.00342 -6.15115e-08 | 17  0.00095  3.76961e-07 | 18 -0.01587 -1.24033e-07
 19  0.00018 -1.91991e-07 | 20 -0.02959 -4.65762e-07 | 21 -0.02769 -2.45072e-07
 22 -0.00799 -4.39134e-08 | 23 -0.00130  2.76024e-07 | 24  0.00933  1.61995e-07
 25  0.00233  6.92735e-08 | 26 -0.00934  4.14736e-08 | 27  0.00384 -1.32948e-07
 28  0.02274 -3.98967e-07 | 29 -0.00613 -3.25128e-07 | 30  0.01165  4.54629e-07
 31 -0.01789  1.09631e-06 | 32  0.00033 -2.94816e-06 | 33  0.00407 -3.10057e-06
 34  0.02218 -1.51633e-07 | 35  0.01064 -1.28813e-06 | 36  0.00521  1.76715e-07
 37 -0.01159  6.15474e-06 | 38  0.02860  2.71084e-07 | 39  0.01454 -9.21285e-07
 40  0.00164  1.60712e-06 | 41 -0.01675  1.21617e-06 | 42  0.00618 -2.83507e-07
 43 -0.03995  2.26713e-09 | 44  0.02076 -1.10213e-07 | 45 -0.02256 -3.78280e-07
 46 -0.00428 -4.60593e-06 | 47 -0.02709  8.77986e-07 | 48  0.05530 -4.45919e-07
 49 -0.06927  2.15338e-07 | 50 -0.03609  3.51997e-07 | 51  0.03487 -2.97550e-07
 52  0.00031 -3.23430e-07 | 53 -0.02428  1.89182e-08 | 54 -0.02313 -3.29175e-06
 55  0.01992 -1.87631e-08 | 56 -0.02353 -8.33683e-07 | 57  0.00689  1.12409e-07
 58 -0.01182  1.40013e-06 | 59 -0.01617  3.81301e-06 | 60  0.02270 -1.27008e-07
 61  0.00021  1.37920e-07 | 62  0.00567  2.16614e-07 | 63 -0.01401  7.97000e-08
 64  0.00222  9.95305e-07 | 65  0.03293 -7.43646e-08 | 66 -0.01889 -2.73800e-07
 67  0.00080 -6.78293e-07 | 68  0.01023 -2.03967e-07 | 69  0.00900 -2.39926e-07
 70 -0.01573 -3.94701e-07 | 71  0.01377 -2.94855e-07 | 72 -0.00668  4.89355e-08
 73  0.00452 -7.49901e-09 | 74  0.00173  8.18662e-07 | 75  0.01922 -3.32232e-07
 76 -0.01941 -4.73826e-07 | 77  0.06823  4.42037e-08 | 78 -0.05095 -2.01561e-07
 79  0.04517 -5.79046e-08 | 80 -0.01340 -7.76992e-08 | 81 -0.04310  4.42866e-06
 82 -0.01050 -5.05759e-08 | 83  0.02494 -1.03062e-07 | 84 -0.00708 -2.06506e-07
 85 -0.00593 -4.14480e-07 | 86 -0.01295  1.95186e-07 | 87  0.01351  1.83502e-07
 88  0.00538 -3.11447e-07 | 89  0.03753 -1.19256e-07 | 90 -0.01282  7.59869e-08
 91 -0.01645 -3.99695e-07 | 92  0.06063 -1.07601e-07 | 93  0.04958 -9.58205e-08
 94  0.00225  1.50111e-07 | 95 -0.03234 -1.16940e-06 | 96 -0.01176  7.79131e-07
 97  0.02071  9.95759e-08 | 98  0.00112 -8.69326e-07 | 99 -0.00403  4.96348e-07
100  0.00501  2.82994e-07 |101 -0.03278 -7.71028e-08 |102 -0.00787 -9.15762e-09
103  0.03302  3.76191e-08 |104 -0.00212  2.50602e-07 |105 -0.00021 -2.31150e-06
106 -0.00021  2.07264e-06 |107  0.85386 -7.23107e-08 |108 -0.40969  1.86191e-06
109  0.19551  1.50688e-07 |110 -0.25803  2.71064e-08 |

 - final statistics:
122 variables; iteration 0; function evaluation 0
Function value 2.0981e+03; maximum gradient component mag 6.1544e-06
Exit code = 0;  converg criter 1.0000e-04
Var    Value     Gradient |Var    Value     Gradient |Var    Value     Gradient
  1 -0.43957  1.39245e-07 |  2 -0.42526  1.98911e-06 |  3 -0.40236  7.39330e-07
  4 -0.39198  1.88620e-09 |  5 -0.41802  1.47615e-08 |  6  0.62817  7.93176e-07
  7 -0.01683  1.37564e-07 |  8 -0.00453 -5.99938e-08 |  9 -0.00546  1.11426e-06
 10  0.01165  5.23645e-07 | 11  0.00750  1.22144e-06 | 12 -0.00517  6.54742e-07
 13  0.01292 -8.07068e-07 | 14  0.00192  8.62329e-07 | 15  0.00285 -9.76524e-08
 16 -0.00342 -6.19001e-08 | 17  0.00095  3.76573e-07 | 18 -0.01587 -1.24422e-07
 19  0.00018 -1.92380e-07 | 20 -0.02959 -4.66150e-07 | 21 -0.02769 -2.45460e-07
 22 -0.00799 -4.43022e-08 | 23 -0.00130  2.75635e-07 | 24  0.00933  1.61605e-07
 25  0.00233  6.88842e-08 | 26 -0.00934  4.10845e-08 | 27  0.00384 -1.33337e-07
 28  0.02274 -3.99356e-07 | 29 -0.00613 -3.25517e-07 | 30  0.01165  4.54240e-07
 31 -0.01789  1.09592e-06 | 32  0.00033 -2.94854e-06 | 33  0.00407 -3.10096e-06
 34  0.02218 -1.52021e-07 | 35  0.01064 -1.28852e-06 | 36  0.00521  1.76325e-07
 37 -0.01159  6.15435e-06 | 38  0.02860  2.70696e-07 | 39  0.01454 -9.21674e-07
 40  0.00164  1.60673e-06 | 41 -0.01675  1.21578e-06 | 42  0.00618 -2.83896e-07
 43 -0.03995  1.87910e-09 | 44  0.02076 -1.10601e-07 | 45 -0.02256 -3.78669e-07
 46 -0.00428 -4.60632e-06 | 47 -0.02709  8.77598e-07 | 48  0.05530 -4.46305e-07
 49 -0.06927  2.14952e-07 | 50 -0.03609  3.51610e-07 | 51  0.03487 -2.97937e-07
 52  0.00031 -3.23818e-07 | 53 -0.02428  1.85302e-08 | 54 -0.02313 -3.29214e-06
 55  0.01992 -1.91499e-08 | 56 -0.02353 -8.34071e-07 | 57  0.00689  1.12021e-07
 58 -0.01182  1.39974e-06 | 59 -0.01617  3.81262e-06 | 60  0.02270 -1.27395e-07
 61  0.00021  1.37533e-07 | 62  0.00567  2.16224e-07 | 63 -0.01401  7.93127e-08
 64  0.00222  9.94917e-07 | 65  0.03293 -7.47551e-08 | 66 -0.01889 -2.74188e-07
 67  0.00080 -6.78681e-07 | 68  0.01023 -2.04355e-07 | 69  0.00900 -2.40312e-07
 70 -0.01573 -3.95089e-07 | 71  0.01377 -2.95242e-07 | 72 -0.00668  4.85478e-08
 73  0.00452 -7.88568e-09 | 74  0.00173  8.18274e-07 | 75  0.01922 -3.32618e-07
 76 -0.01941 -4.74213e-07 | 77  0.06823  4.38140e-08 | 78 -0.05095 -2.01948e-07
 79  0.04517 -5.82895e-08 | 80 -0.01340 -7.80865e-08 | 81 -0.04310  4.42827e-06
 82 -0.01050 -5.09626e-08 | 83  0.02494 -1.03447e-07 | 84 -0.00708 -2.06894e-07
 85 -0.00593 -4.14867e-07 | 86 -0.01295  1.94798e-07 | 87  0.01351  1.83112e-07
 88  0.00538 -3.11834e-07 | 89  0.03753 -1.19640e-07 | 90 -0.01282  7.55999e-08
 91 -0.01645 -4.00081e-07 | 92  0.06063 -1.07984e-07 | 93  0.04958 -9.62063e-08
 94  0.00225  1.49723e-07 | 95 -0.03234 -1.16979e-06 | 96 -0.01176  7.78743e-07
 97  0.02071  9.91890e-08 | 98  0.00112 -8.69714e-07 | 99 -0.00403  4.95960e-07
100  0.00501  2.82605e-07 |101 -0.03278 -7.74902e-08 |102 -0.00787 -9.54560e-09
103  0.03302  3.72324e-08 |104 -0.00212  2.50214e-07 |105 -0.00021 -2.31189e-06
106 -0.00021  2.07225e-06 |107  0.00000  0.00000e+00 |108  0.00000  0.00000e+00
109  0.00000  0.00000e+00 |110  0.00000  0.00000e+00 |111  0.00000  0.00000e+00
112  0.00000  0.00000e+00 |113  0.00000  0.00000e+00 |114  0.00000  0.00000e+00
115  0.00000  0.00000e+00 |116  0.00000  0.00000e+00 |117  0.00000  0.00000e+00
118  0.00000  0.00000e+00 |119  0.85386 -7.23218e-08 |120 -0.40969  1.86200e-06
121  0.19551  1.50676e-07 |122 -0.25803  2.71364e-08 |
size of file gradfil1.tmp = 0
size of file gradfil2.tmp = 0
size of file varssave.tmp = 0
size of file cmpdiff.tmp = 0
