
Initial statistics: 1 variables; iteration 0; function evaluation 0; phase 1
Function value 2.8320082e+03; maximum gradient component mag -1.8818e+04
Var    Value     Gradient |Var    Value     Gradient |Var    Value     Gradient
  1  0.63197 -1.88177e+04 |

 - final statistics:
1 variables; iteration 5; function evaluation 9
Function value 2.6529e+03; maximum gradient component mag -1.7966e+00
Exit code = 1;  converg criter 1.0000e+01
Var    Value     Gradient |Var    Value     Gradient |Var    Value     Gradient
  1  0.65591 -1.79661e+00 |

Initial statistics: 98 variables; iteration 0; function evaluation 0; phase 2
Function value 2.6528659e+03; maximum gradient component mag -1.9622e+03
Var    Value     Gradient |Var    Value     Gradient |Var    Value     Gradient
  1  0.65591 -1.79661e+00 |  2  0.00000  1.81499e+01 |  3  0.00000  9.53982e+00
  4  0.00000 -6.91861e+01 |  5  0.00000  5.43832e+00 |  6  0.00000  7.35852e+00
  7  0.00000 -6.57296e+01 |  8  0.00000  5.03950e+01 |  9  0.00000  2.93614e+01
 10  0.00000 -2.34291e+00 | 11  0.00000 -1.06408e+02 | 12  0.00000 -1.42216e+01
 13  0.00000 -8.50088e+01 | 14  0.00000 -3.39964e+01 | 15  0.00000  2.95134e+02
 16  0.00000  3.11066e+02 | 17  0.00000 -8.85623e+01 | 18  0.00000 -4.57901e+02
 19  0.00000 -3.40692e+02 | 20  0.00000 -4.24909e+00 | 21  0.00000  1.12053e+02
 22  0.00000  3.66911e+02 | 23  0.00000 -2.43086e+01 | 24  0.00000  2.83024e+02
 25  0.00000  2.20396e+02 | 26  0.00000 -6.14567e+02 | 27  0.00000  4.45471e+02
 28  0.00000  5.62365e+02 | 29  0.00000  1.72663e+02 | 30  0.00000  8.78271e+01
 31  0.00000 -1.19624e+02 | 32  0.00000 -4.04969e+02 | 33  0.00000 -3.75991e+02
 34  0.00000  3.60803e+02 | 35  0.00000  1.66648e+02 | 36  0.00000  3.97066e+02
 37  0.00000 -1.31788e+02 | 38  0.00000  2.09881e+01 | 39  0.00000 -1.64015e+02
 40  0.00000  1.88013e+02 | 41  0.00000 -1.11287e+02 | 42  0.00000  2.50895e+02
 43  0.00000  1.46456e+02 | 44  0.00000 -7.69179e+02 | 45  0.00000 -4.97981e+01
 46  0.00000 -2.09507e+01 | 47  0.00000 -2.51205e+02 | 48  0.00000  3.82863e+02
 49  0.00000  3.51209e+02 | 50  0.00000 -1.22050e+02 | 51  0.00000  3.08005e+02
 52  0.00000  6.47000e+02 | 53  0.00000  6.64486e+02 | 54  0.00000 -1.25442e+03
 55  0.00000  1.07971e+03 | 56  0.00000 -1.96215e+03 | 57  0.00000  9.70052e+02
 58  0.00000  3.82955e+02 | 59  0.00000 -6.58579e+02 | 60  0.00000 -7.95055e+02
 61  0.00000  6.54885e+02 | 62  0.00000  2.63691e+02 | 63  0.00000 -1.14181e+03
 64  0.00000  1.13186e+03 | 65  0.00000  2.70074e+02 | 66  0.00000  3.72271e+02
 67  0.00000 -5.27915e+02 | 68  0.00000 -2.57036e+02 | 69  0.00000  3.44908e+02
 70  0.00000  7.93491e+02 | 71  0.00000 -5.55717e+01 | 72  0.00000  1.74200e+02
 73  0.00000  5.31092e+02 | 74  0.00000  2.28833e+02 | 75  0.00000 -1.10966e+03
 76  0.00000 -1.90561e+03 | 77  0.00000 -8.78353e+02 | 78  0.00000 -1.15376e+02
 79  0.00000  3.48988e+02 | 80  0.00000 -6.53343e+01 | 81  0.00000  4.13192e+02
 82  0.00000  5.76758e+02 | 83  0.00000 -5.67750e+02 | 84  0.00000  6.83216e+02
 85  0.00000  5.29101e+02 | 86  0.00000  1.47106e+02 | 87  0.00000 -4.03905e+02
 88  0.00000 -1.84072e+02 | 89  0.00000 -2.17327e+02 | 90  0.00000 -2.92547e+02
 91  0.00000  6.20029e+01 | 92  0.00000 -6.68596e+01 | 93  0.00000  6.24435e+01
 94  0.00000  4.09196e+00 | 95  0.00000  4.28973e-01 | 96  0.00000  4.28880e-01
 97  0.81654 -4.23950e+01 | 98  0.22185  1.44762e+01 |

Intermediate statistics: 98 variables; iteration 20; function evaluation 31; phase 2
Function value 2.2454127e+03; maximum gradient component mag -9.2269e+02
Var    Value     Gradient |Var    Value     Gradient |Var    Value     Gradient
  1  0.64705  7.44545e+02 |  2 -0.06124 -1.22366e+02 |  3 -0.00782 -3.55481e+01
  4 -0.00265 -1.04151e+02 |  5  0.00794 -3.50597e+00 |  6  0.00548 -7.37045e+00
  7  0.03928  4.86572e+01 |  8 -0.01581 -3.33687e+01 |  9 -0.01531 -5.98323e+01
 10  0.00200 -3.05814e+01 | 11  0.00704 -1.11016e+02 | 12  0.01061  3.70375e+00
 13  0.01792 -8.91322e+00 | 14 -0.00537 -1.26537e+02 | 15 -0.03232  1.23493e+01
 16 -0.03228 -2.86254e+00 | 17  0.00588 -7.02613e+01 | 18  0.03071 -4.15800e+01
 19  0.01824 -1.11047e+02 | 20  0.00037 -4.33267e+01 | 21 -0.00298  9.12743e+00
 22 -0.01690  7.91306e+01 | 23  0.01249  1.04864e+02 | 24 -0.00941  1.08535e+02
 25 -0.01130  2.97606e+01 | 26  0.02935 -1.27173e+02 | 27 -0.02026  1.31008e+02
 28 -0.02294  2.01852e+02 | 29 -0.00123  9.17782e+01 | 30  0.00100  4.92297e+01
 31  0.00744 -5.63397e+01 | 32  0.01610 -1.99154e+02 | 33  0.01941 -1.17118e+02
 34 -0.00722  2.05300e+02 | 35 -0.00376  3.96740e+01 | 36 -0.02113  6.24766e+01
 37  0.01604  4.94666e+01 | 38  0.00032 -2.99322e+01 | 39  0.01352 -2.23349e+01
 40 -0.00125  1.15575e+02 | 41  0.01916  1.19101e+02 | 42 -0.01649 -3.05957e+01
 43 -0.01324 -9.32833e+01 | 44  0.02527 -4.12733e+02 | 45  0.00213 -7.03567e+01
 46  0.00504  4.24029e+00 | 47  0.01409 -6.39090e+01 | 48 -0.00430  2.50496e+02
 49 -0.00551  1.83967e+02 | 50 -0.00152 -2.35394e+02 | 51 -0.01953 -1.52653e+02
 52 -0.01535  2.14748e+02 | 53 -0.01111  3.18017e+02 | 54  0.01872 -7.44987e+02
 55 -0.02327  5.11353e+02 | 56  0.04055 -5.05616e+02 | 57 -0.02121  4.23774e+02
 58 -0.00901  8.83470e+01 | 59  0.02719  1.87938e+02 | 60  0.02716  9.99206e+01
 61 -0.01297  2.79479e+02 | 62  0.00085  2.18615e+02 | 63  0.01090 -9.22689e+02
 64 -0.03875  2.09341e+02 | 65 -0.00655 -1.43970e+00 | 66 -0.00893  1.22103e+02
 67  0.02492  3.07519e+02 | 68  0.00883  3.25135e+01 | 69 -0.00317  2.23843e+02
 70 -0.01626  3.13387e+02 | 71 -0.00321 -2.18341e+02 | 72  0.00165  1.45891e+02
 73 -0.01210  1.77679e+02 | 74 -0.00190  1.79860e+02 | 75  0.03330 -5.61938e+01
 76  0.03350 -8.20929e+02 | 77  0.02404 -1.87306e+02 | 78  0.00258 -8.30588e+01
 79 -0.01119  1.14557e+01 | 80  0.00104 -1.56691e+02 | 81 -0.00998  6.23161e+01
 82 -0.01836  7.85601e+01 | 83  0.01931 -1.17219e+02 | 84 -0.01235  2.76838e+02
 85 -0.00699  2.13040e+02 | 86 -0.00143 -2.36880e+01 | 87  0.01808 -1.08117e+02
 88  0.00726 -1.55342e+02 | 89  0.01967  1.97245e+01 | 90  0.02410 -1.37280e+01
 91  0.02457  2.49388e+02 | 92  0.01149 -7.40858e+01 | 93 -0.01658 -5.86176e+01
 94 -0.05472 -1.07272e+02 | 95 -0.02097 -5.68169e+01 | 96 -0.02097 -5.68155e+01
 97  0.82232 -2.72843e+01 | 98  0.22760  6.92397e+01 |
98 variables; iteration 40; function evaluation 58; phase 2
Function value 2.1724510e+03; maximum gradient component mag 2.3696e+03
Var    Value     Gradient |Var    Value     Gradient |Var    Value     Gradient
  1  0.65295  2.36958e+03 |  2  0.01188 -3.01256e+01 |  3  0.00074 -6.22883e+01
  4  0.06025  4.14800e+01 |  5 -0.00875 -8.99557e+01 |  6 -0.01173 -9.85299e+01
  7 -0.02150 -2.03088e+02 |  8 -0.02588 -1.06017e+02 |  9  0.00474 -2.38362e+01
 10  0.00681 -4.32461e+01 | 11  0.01646 -8.75846e+01 | 12  0.00906 -3.32241e+01
 13  0.00767 -1.08347e+02 | 14 -0.01106 -1.92050e+02 | 15 -0.05193 -1.23235e+02
 16 -0.02445  2.23118e+01 | 17  0.00767 -5.56595e+01 | 18  0.02723 -8.66238e+01
 19  0.01771 -1.08196e+02 | 20 -0.00142 -6.81027e+01 | 21 -0.00410 -7.41109e+00
 22 -0.02156  1.11274e+01 | 23  0.00402 -3.03200e+01 | 24 -0.02071 -3.41657e+01
 25 -0.01604 -3.01368e+01 | 26  0.03456  5.37026e+01 | 27 -0.03360 -2.07160e+01
 28 -0.04354 -1.85933e+01 | 29 -0.01101 -4.83278e+01 | 30 -0.00693 -5.95177e+01
 31  0.00543 -7.14631e+01 | 32  0.02053 -8.44137e+01 | 33  0.02165 -4.08049e+01
 34 -0.02388  1.10764e+01 | 35 -0.00013  9.75416e+01 | 36 -0.02672 -4.05867e+00
 37  0.01174  3.06631e+00 | 38  0.00046 -1.31731e+01 | 39  0.01427  1.61374e+01
 40 -0.01113 -6.29243e+00 | 41  0.01338  4.44341e+01 | 42 -0.01202  2.86203e+01
 43 -0.00515  3.19823e+01 | 44  0.03713 -4.53438e+01 | 45  0.00631  4.30794e+01
 46  0.00486  5.02935e+01 | 47  0.01133 -5.44855e+01 | 48 -0.01728  8.39425e+01
 49 -0.02171 -3.27822e+01 | 50  0.00731  1.74754e+01 | 51 -0.01130  3.47230e+01
 52 -0.02171  1.25794e+02 | 53 -0.02377  1.06116e+02 | 54  0.03581  1.44964e+02
 55 -0.04191  2.35473e+02 | 56  0.05269  4.02472e+02 | 57 -0.03549  2.05256e+02
 58 -0.01030  8.92561e+01 | 59  0.01948 -1.32723e+01 | 60  0.02299  2.84890e+01
 61 -0.02089  1.42567e+02 | 62 -0.00502  1.57503e+02 | 63  0.03222  9.14517e+01
 64 -0.04824  9.65995e+01 | 65 -0.01073 -5.52577e+01 | 66 -0.01311  5.20061e+01
 67  0.01589  5.57331e+01 | 68  0.00613  1.19918e+01 | 69 -0.01213  3.72947e+01
 70 -0.02813  9.29796e+01 | 71  0.00218  2.04737e+00 | 72 -0.00344  6.00620e+01
 73 -0.01619  1.09441e+02 | 74 -0.00640  9.83469e+01 | 75  0.03243  1.59107e+01
 76  0.04673 -1.15431e+02 | 77  0.02730  2.07294e+01 | 78  0.00491  1.59178e+01
 79 -0.01331 -1.68963e+01 | 80  0.00290 -8.36712e+01 | 81 -0.01252  1.63222e+01
 82 -0.02164  1.33332e+01 | 83  0.01920 -9.35428e+01 | 84 -0.02195  6.50990e+01
 85 -0.01357  5.47187e+01 | 86 -0.00288 -6.40731e+01 | 87  0.01764 -1.04453e+02
 88  0.00988 -1.04060e+02 | 89  0.01617 -6.17457e+01 | 90  0.02218 -8.60052e+01
 91  0.01166  5.28635e+01 | 92  0.01215 -1.08146e+02 | 93 -0.00505 -6.30380e+01
 94  0.02982 -2.43172e+01 | 95  0.01391 -5.34269e+01 | 96  0.01391 -5.34278e+01
 97  0.83107  9.55783e+01 | 98  0.22554  3.79551e+01 |
98 variables; iteration 60; function evaluation 84; phase 2
Function value 2.1465593e+03; maximum gradient component mag 8.6646e+02
Var    Value     Gradient |Var    Value     Gradient |Var    Value     Gradient
  1  0.64468  8.66460e+02 |  2 -0.01232 -3.51191e+01 |  3 -0.00552 -3.12793e+01
  4  0.01737 -5.49657e+01 |  5 -0.00053 -2.58055e+01 |  6  0.00282 -1.51917e+01
  7  0.02230 -2.00299e+01 |  8 -0.00764 -7.71199e+00 |  9 -0.00531 -2.43080e+01
 10  0.00311 -2.38981e+01 | 11  0.02445 -6.62834e+00 | 12  0.00608 -1.96016e+01
 13  0.01741 -6.74484e+00 | 14  0.01164  7.05032e+00 | 15 -0.03603 -6.11481e+00
 16 -0.03277 -4.74599e+00 | 17  0.00961 -2.39763e+01 | 18  0.03246 -5.89836e+00
 19  0.02431 -4.37710e+00 | 20  0.00291 -7.52707e+00 | 21 -0.00581 -3.17704e+01
 22 -0.02581 -2.22730e+01 | 23  0.00541 -1.21730e+01 | 24 -0.02148 -2.71871e+01
 25 -0.01471 -3.15670e+00 | 26  0.03343 -9.67723e+00 | 27 -0.03602 -2.46481e+01
 28 -0.04665 -2.05493e+01 | 29 -0.00915 -1.57691e+01 | 30 -0.00383 -9.92452e+00
 31  0.00885 -1.77510e+01 | 32  0.02539 -5.32216e+00 | 33  0.02431 -1.13811e+01
 34 -0.02667 -5.84632e+00 | 35 -0.00972 -3.93158e+01 | 36 -0.03044 -3.03615e+01
 37  0.01235 -7.51972e+00 | 38  0.00070 -1.86904e+01 | 39  0.01433 -9.19959e+00
 40 -0.00853  1.71306e+01 | 41  0.01284 -3.97761e+00 | 42 -0.01276  4.65400e+00
 43 -0.00664 -1.23519e+01 | 44  0.04394  2.05286e+01 | 45  0.00729  6.77858e+00
 46  0.00578  8.58235e+00 | 47  0.02081  5.02789e+01 | 48 -0.02080  2.76234e+00
 49 -0.01564  1.60481e+01 | 50  0.01315  6.10185e+01 | 51 -0.00921  1.49157e+01
 52 -0.02294  5.89743e+01 | 53 -0.02291  7.76264e+01 | 54  0.03859  8.38180e+01
 55 -0.05259  7.21113e+01 | 56  0.04914 -9.17554e+01 | 57 -0.04431  4.64287e+01
 58 -0.01039  2.35990e+01 | 59  0.02491  6.74572e+01 | 60  0.02762  7.68852e+01
 61 -0.02425  2.75324e+01 | 62 -0.00784  6.12799e+00 | 63  0.03597  8.26463e+01
 64 -0.05090  4.83282e+01 | 65 -0.00620 -5.38409e+00 | 66 -0.01244  1.38313e+01
 67  0.01734 -2.19921e+00 | 68  0.00886  1.30870e+01 | 69 -0.01050  2.73678e+01
 70 -0.03054  2.19819e+01 | 71  0.00395 -1.33131e+01 | 72 -0.00288  1.74385e+01
 73 -0.01912  1.72394e+01 | 74 -0.00697  4.24533e+01 | 75  0.03471  4.47550e+00
 76  0.05281  4.77279e+01 | 77  0.02896 -1.24509e+00 | 78  0.00807  5.49329e+01
 79 -0.01036  2.60854e+01 | 80  0.00541 -5.32415e+01 | 81 -0.01299 -8.04887e+00
 82 -0.02190  6.35420e+00 | 83  0.02267 -1.79619e+01 | 84 -0.02615 -1.09423e+01
 85 -0.01814 -3.49775e+01 | 86 -0.00076 -1.00816e+01 | 87  0.02064 -6.99272e+00
 88  0.01229 -2.55463e+01 | 89  0.01672 -1.86992e+01 | 90  0.02441 -2.21402e+01
 91  0.00019 -2.19079e+01 | 92  0.01407 -4.86342e+01 | 93 -0.00783 -2.11640e+01
 94 -0.00519 -3.15993e+01 | 95 -0.00929 -4.06718e+01 | 96 -0.00929 -4.06717e+01
 97  0.83021  3.86746e+01 | 98  0.22431  1.89333e+01 |
Maximum number of function evaluations exceeded

 - final statistics:
98 variables; iteration 73; function evaluation 100
Function value 2.1444e+03; maximum gradient component mag 2.4383e+02
Exit code = 3;  converg criter 1.0000e+01
Var    Value     Gradient |Var    Value     Gradient |Var    Value     Gradient
  1  0.64328  2.43829e+02 |  2 -0.01090 -1.37261e+01 |  3 -0.00352 -8.67405e+00
  4  0.02245 -2.35957e+01 |  5  0.00433  4.63675e+00 |  6 -0.00689 -2.45176e+01
  7  0.02231 -3.65146e+00 |  8 -0.01099 -1.32478e+00 |  9 -0.00815 -1.79779e+01
 10  0.00476 -1.04864e+00 | 11  0.02388  2.86528e+00 | 12  0.00699 -5.41799e-01
 13  0.01570 -8.31009e+00 | 14  0.00984  3.28000e+00 | 15 -0.03610  8.34168e+00
 16 -0.03557 -7.66757e+00 | 17  0.00994 -9.89309e+00 | 18  0.03262  3.46992e+00
 19  0.02405 -1.38633e+00 | 20  0.00263 -7.55142e-01 | 21 -0.00539 -1.45277e+01
 22 -0.02527 -3.61643e+00 | 23  0.00543 -2.52526e+00 | 24 -0.02129 -1.31059e+01
 25 -0.01465  8.33023e+00 | 26  0.03296 -2.04969e+01 | 27 -0.03544 -6.59793e+00
 28 -0.04644 -5.14557e+00 | 29 -0.00852  1.46817e+00 | 30 -0.00361  6.62843e-01
 31  0.00964 -1.72883e+00 | 32  0.02550 -5.46383e+00 | 33  0.02485 -4.22203e+00
 34 -0.02667  2.93377e+00 | 35 -0.00856 -2.00930e+01 | 36 -0.03045 -2.16405e+01
 37  0.01321  4.74233e+00 | 38  0.00134 -8.89662e+00 | 39  0.01550  4.94958e+00
 40 -0.00896  1.40236e+01 | 41  0.01353  5.52045e-02 | 42 -0.01323  6.76800e-01
 43 -0.00518  4.44956e+00 | 44  0.04416 -1.73351e+00 | 45  0.00763  2.97729e+00
 46  0.00622  5.16351e+00 | 47  0.02031  1.98056e+01 | 48 -0.02109 -3.84541e+00
 49 -0.01526  1.43095e+01 | 50  0.01162  2.21741e+00 | 51 -0.00894  5.70733e+00
 52 -0.02412  3.02631e+01 | 53 -0.02523  2.66304e+01 | 54  0.03780 -1.20420e+01
 55 -0.05555  4.04378e+01 | 56  0.05201  1.85282e+01 | 57 -0.04555  3.40268e+01
 58 -0.01052  7.67177e+00 | 59  0.02449  1.32939e+01 | 60  0.02704  1.18694e+01
 61 -0.02509  5.40049e+00 | 62 -0.00741  9.16413e-01 | 63  0.03524  5.19600e-01
 64 -0.05311  2.22505e+01 | 65 -0.00510  9.21750e+00 | 66 -0.01234  8.45357e+00
 67  0.01810  3.87345e-01 | 68  0.00921  4.46631e+00 | 69 -0.01071  1.27835e+01
 70 -0.03130  7.61097e+00 | 71  0.00459 -7.58296e+00 | 72 -0.00318  6.58078e-01
 73 -0.01965  5.20895e+00 | 74 -0.00785  1.85391e+01 | 75  0.03499 -8.40841e+00
 76  0.05259  7.70338e-01 | 77  0.02931 -8.39257e+00 | 78  0.00660  8.98174e+00
 79 -0.01139  6.90976e+00 | 80  0.00707 -8.04315e+00 | 81 -0.01242  1.14270e+01
 82 -0.02216  1.12678e+01 | 83  0.02296 -6.24058e+00 | 84 -0.02646 -3.70020e+00
 85 -0.01770 -1.32159e+01 | 86 -0.00069  4.99858e+00 | 87  0.02000 -1.08885e+01
 88  0.01224 -1.04150e+01 | 89  0.01620 -1.01392e+01 | 90  0.02399 -1.06817e+01
 91 -0.00117 -1.25348e+01 | 92  0.01621 -8.51607e+00 | 93 -0.01348 -1.97343e+01
 94 -0.00487 -1.18838e+01 | 95 -0.00198 -1.02256e+01 | 96 -0.00198 -1.02241e+01
 97  0.83035  1.32207e+01 | 98  0.22361  1.58532e+00 |

Initial statistics: 100 variables; iteration 0; function evaluation 0; phase 3
Function value 2.1444004e+03; maximum gradient component mag 2.4383e+02
Var    Value     Gradient |Var    Value     Gradient |Var    Value     Gradient
  1  0.64328  2.43829e+02 |  2 -0.01090 -1.37185e+01 |  3 -0.00352 -8.66647e+00
  4  0.02245 -2.35881e+01 |  5  0.00433  4.64433e+00 |  6 -0.00689 -2.45100e+01
  7  0.02231 -3.64389e+00 |  8 -0.01099 -1.31720e+00 |  9 -0.00815 -1.79703e+01
 10  0.00476 -1.04106e+00 | 11  0.02388  2.87285e+00 | 12  0.00699 -5.34220e-01
 13  0.01570 -8.30251e+00 | 14  0.00984  3.28758e+00 | 15 -0.03610  8.34924e+00
 16 -0.03557 -7.66000e+00 | 17  0.00994 -9.88552e+00 | 18  0.03262  3.47749e+00
 19  0.02405 -1.37876e+00 | 20  0.00263 -7.47563e-01 | 21 -0.00539 -1.45202e+01
 22 -0.02527 -3.60885e+00 | 23  0.00543 -2.51768e+00 | 24 -0.02129 -1.30983e+01
 25 -0.01465  8.33781e+00 | 26  0.03296 -2.04893e+01 | 27 -0.03544 -6.59036e+00
 28 -0.04644 -5.13801e+00 | 29 -0.00852  1.47575e+00 | 30 -0.00361  6.70422e-01
 31  0.00964 -1.72125e+00 | 32  0.02550 -5.45625e+00 | 33  0.02485 -4.21445e+00
 34 -0.02667  2.94135e+00 | 35 -0.00856 -2.00854e+01 | 36 -0.03045 -2.16329e+01
 37  0.01321  4.74991e+00 | 38  0.00134 -8.88904e+00 | 39  0.01550  4.95716e+00
 40 -0.00896  1.40312e+01 | 41  0.01353  6.27826e-02 | 42 -0.01323  6.84378e-01
 43 -0.00518  4.45714e+00 | 44  0.04416 -1.72595e+00 | 45  0.00763  2.98487e+00
 46  0.00622  5.17109e+00 | 47  0.02031  1.98132e+01 | 48 -0.02109 -3.83784e+00
 49 -0.01526  1.43171e+01 | 50  0.01162  2.22499e+00 | 51 -0.00894  5.71491e+00
 52 -0.02412  3.02707e+01 | 53 -0.02523  2.66380e+01 | 54  0.03780 -1.20344e+01
 55 -0.05555  4.04453e+01 | 56  0.05201  1.85358e+01 | 57 -0.04555  3.40344e+01
 58 -0.01052  7.67934e+00 | 59  0.02449  1.33015e+01 | 60  0.02704  1.18770e+01
 61 -0.02509  5.40807e+00 | 62 -0.00741  9.23993e-01 | 63  0.03524  5.27168e-01
 64 -0.05311  2.22581e+01 | 65 -0.00510  9.22508e+00 | 66 -0.01234  8.46115e+00
 67  0.01810  3.94922e-01 | 68  0.00921  4.47389e+00 | 69 -0.01071  1.27911e+01
 70 -0.03130  7.61854e+00 | 71  0.00459 -7.57538e+00 | 72 -0.00318  6.65657e-01
 73 -0.01965  5.21653e+00 | 74 -0.00785  1.85467e+01 | 75  0.03499 -8.40084e+00
 76  0.05259  7.77892e-01 | 77  0.02931 -8.38499e+00 | 78  0.00660  8.98932e+00
 79 -0.01139  6.91734e+00 | 80  0.00707 -8.03557e+00 | 81 -0.01242  1.14345e+01
 82 -0.02216  1.12754e+01 | 83  0.02296 -6.23301e+00 | 84 -0.02646 -3.69262e+00
 85 -0.01770 -1.32083e+01 | 86 -0.00069  5.00616e+00 | 87  0.02000 -1.08809e+01
 88  0.01224 -1.04074e+01 | 89  0.01620 -1.01317e+01 | 90  0.02399 -1.06741e+01
 91 -0.00117 -1.25272e+01 | 92  0.01621 -8.50850e+00 | 93 -0.01348 -1.97268e+01
 94 -0.00487 -1.18762e+01 | 95 -0.00198 -1.02180e+01 | 96 -0.00198 -1.02165e+01
 97  0.83035  1.32207e+01 | 98 -0.41581 -7.01106e+00 | 99  0.22361  1.58532e+00
100 -0.25275 -1.91526e+02 |

Intermediate statistics: 100 variables; iteration 20; function evaluation 24; phase 3
Function value 2.1436441e+03; maximum gradient component mag -3.3083e+02
Var    Value     Gradient |Var    Value     Gradient |Var    Value     Gradient
  1  0.64338  4.39684e+01 |  2 -0.00807 -1.86811e+00 |  3 -0.00296 -1.13599e+00
  4  0.02712 -4.29723e+00 |  5  0.00087  2.06920e+00 |  6 -0.00188 -4.52564e+00
  7  0.02185  1.02513e+00 |  8 -0.01223  1.17237e+00 |  9 -0.00561 -2.50426e+00
 10  0.00405  2.18860e+00 | 11  0.02326  5.49051e+00 | 12  0.00661  3.66000e+00
 13  0.01599  3.72065e-01 | 14  0.00960  7.71080e+00 | 15 -0.03785  5.37247e+00
 16 -0.03539 -1.88681e-01 | 17  0.00969 -6.56188e+00 | 18  0.03228  2.45479e+00
 19  0.02378 -9.35359e-01 | 20  0.00239  1.52821e+00 | 21 -0.00569 -1.28098e+01
 22 -0.02548  2.02246e-02 | 23  0.00515 -1.18286e+00 | 24 -0.02135 -8.07199e+00
 25 -0.01483  1.19194e+01 | 26  0.03339 -5.25476e+00 | 27 -0.03552 -1.54045e+00
 28 -0.04655 -4.06104e-01 | 29 -0.00875  3.31114e+00 | 30 -0.00384  1.65596e+00
 31  0.00938 -2.58370e+00 | 32  0.02539 -5.62929e+00 | 33  0.02472 -4.75408e+00
 34 -0.02698  4.30737e+00 | 35 -0.00886 -2.00681e+01 | 36 -0.03022 -1.53060e+01
 37  0.01287  8.91974e-01 | 38  0.00100 -1.16946e+01 | 39  0.01515 -7.00525e-01
 40 -0.00929  1.18189e+01 | 41  0.01311 -7.16699e+00 | 42 -0.01359 -1.76225e+00
 43 -0.00556  3.68521e-01 | 44  0.04438 -3.60298e+00 | 45  0.00717 -6.13084e+00
 46  0.00571 -5.59986e+00 | 47  0.01965  9.27291e-01 | 48 -0.02160 -1.01378e+01
 49 -0.01573  6.95443e+00 | 50  0.01137 -8.25650e+00 | 51 -0.00954 -6.58988e+00
 52 -0.02488  1.89491e+01 | 53 -0.02606  1.36942e+01 | 54  0.03786 -2.37979e+01
 55 -0.05610  3.79669e+01 | 56  0.05197 -1.06296e+00 | 57 -0.04580  3.35286e+01
 58 -0.01091 -4.63249e+00 | 59  0.02432  4.49505e+00 | 60  0.02732  1.42391e+01
 61 -0.02555 -3.53753e-01 | 62 -0.00759 -6.12272e+00 | 63  0.03528 -2.58309e-01
 64 -0.05319  2.30023e+01 | 65 -0.00584 -7.69544e+00 | 66 -0.01276 -2.27142e+00
 67  0.01831  1.00409e+01 | 68  0.00916  7.98307e-01 | 69 -0.01148 -1.47800e+00
 70 -0.03163  3.24034e+00 | 71  0.00481  4.02876e+00 | 72 -0.00334 -3.82794e+00
 73 -0.02019 -5.87545e-01 | 74 -0.00851  4.65928e+00 | 75  0.03556  1.84813e+01
 76  0.05234 -1.52893e+01 | 77  0.02984  1.40128e+01 | 78  0.00609 -3.19565e+00
 79 -0.01194  1.20454e+00 | 80  0.00718 -4.97020e+00 | 81 -0.01312  2.95817e+00
 82 -0.02256  6.82073e+00 | 83  0.02300  3.00321e+00 | 84 -0.02659 -1.62043e+00
 85 -0.01790 -9.54973e+00 | 86 -0.00111 -2.49815e+00 | 87  0.01989 -6.27345e+00
 88  0.01233 -6.90593e+00 | 89  0.01609 -5.96320e+00 | 90  0.02419 -8.02033e+00
 91 -0.00080 -4.45774e+00 | 92  0.01748  7.28217e-01 | 93 -0.01051 -3.57148e+00
 94 -0.00281 -1.67982e+00 | 95 -0.00022 -1.33120e+00 | 96 -0.00022 -1.33112e+00
 97  0.81547  4.50157e+01 | 98 -0.41905 -3.30833e+02 | 99  0.23617 -1.52724e+01
100 -0.24832  5.94310e+00 |
100 variables; iteration 40; function evaluation 46; phase 3
Function value 2.1432862e+03; maximum gradient component mag -8.7475e+01
Var    Value     Gradient |Var    Value     Gradient |Var    Value     Gradient
  1  0.64355  1.78940e+01 |  2 -0.01165 -8.15269e+00 |  3 -0.00305 -6.39556e-01
  4  0.02918  2.18420e+00 |  5 -0.00023 -2.44005e-02 |  6  0.00053  2.86468e+00
  7  0.02230  3.28090e+00 |  8 -0.01295 -4.51177e-01 |  9 -0.00480  9.80935e-01
 10  0.00368  9.67319e-01 | 11  0.02424  1.17292e+01 | 12  0.00720  7.18001e+00
 13  0.01588 -8.52257e-01 | 14  0.00767 -8.40020e+00 | 15 -0.03971 -4.36230e+00
 16 -0.03602 -4.11245e+00 | 17  0.01054  3.56772e+00 | 18  0.03223  2.08510e+00
 19  0.02360 -3.40217e+00 | 20  0.00220 -2.69871e-01 | 21 -0.00516 -5.18341e+00
 22 -0.02561 -6.32305e-01 | 23  0.00537  2.36362e+00 | 24 -0.02170 -1.13745e+01
 25 -0.01576  1.38687e+00 | 26  0.03377  3.77748e+00 | 27 -0.03534  6.35787e-01
 28 -0.04644  9.35973e-01 | 29 -0.00879  2.74021e+00 | 30 -0.00369  3.56499e+00
 31  0.00965  1.28631e+00 | 32  0.02578  1.18941e+00 | 33  0.02511  2.13883e+00
 34 -0.02712  3.52704e+00 | 35 -0.00694  4.06854e+00 | 36 -0.02903 -3.77375e+00
 37  0.01277 -7.94236e-01 | 38  0.00143 -6.15198e+00 | 39  0.01513 -1.38497e+00
 40 -0.01024  1.58982e+00 | 41  0.01352 -1.29917e-01 | 42 -0.01357 -5.38332e-01
 43 -0.00562  7.70719e-01 | 44  0.04431 -3.31400e+00 | 45  0.00740 -1.14774e+00
 46  0.00595 -4.28417e-01 | 47  0.01894 -1.07649e+01 | 48 -0.02080  7.19675e-01
 49 -0.01585  6.68165e+00 | 50  0.01113 -1.18477e+01 | 51 -0.00959 -6.71582e+00
 52 -0.02641 -4.25948e+00 | 53 -0.02648  7.69815e+00 | 54  0.03828 -4.40631e+00
 55 -0.05886  8.47997e+00 | 56  0.05203  5.65431e-01 | 57 -0.04783  8.88996e+00
 58 -0.01068 -1.61836e-01 | 59  0.02470  1.87947e+01 | 60  0.02684 -5.34005e+00
 61 -0.02549  9.47079e-01 | 62 -0.00737 -1.37735e+00 | 63  0.03532  4.53413e-02
 64 -0.05453  6.38145e+00 | 65 -0.00553 -4.15821e-01 | 66 -0.01269 -6.17977e-01
 67  0.01838  1.27943e+01 | 68  0.00901 -4.64376e+00 | 69 -0.01171 -6.85056e+00
 70 -0.03164  2.74329e+00 | 71  0.00470  4.84383e-01 | 72 -0.00375 -1.52044e+01
 73 -0.02028 -1.88637e+00 | 74 -0.00835  7.78601e+00 | 75  0.03511  1.78809e+00
 76  0.05261 -2.52921e+00 | 77  0.02925 -5.95653e+00 | 78  0.00644  5.33515e+00
 79 -0.01225 -3.77399e+00 | 80  0.00761  6.76415e+00 | 81 -0.01352 -4.26672e+00
 82 -0.02254  7.27362e+00 | 83  0.02305  5.89583e+00 | 84 -0.02634  3.45070e+00
 85 -0.01743  1.42720e-01 | 86 -0.00136 -8.47960e+00 | 87  0.01976 -9.52761e+00
 88  0.01269  1.32588e+00 | 89  0.01614 -3.31120e+00 | 90  0.02464  9.73782e-01
 91 -0.00064 -2.13568e+00 | 92  0.01661 -7.31319e+00 | 93 -0.00827  4.49384e+00
 94 -0.00198  5.61290e-01 | 95  0.00146  2.05774e+00 | 96  0.00146  2.05674e+00
 97  0.82021  1.29182e+01 | 98 -0.41760 -8.74750e+01 | 99  0.23889 -8.09780e+00
100 -0.24755  1.01663e+01 |
100 variables; iteration 60; function evaluation 74; phase 3
Function value 2.1431666e+03; maximum gradient component mag 8.0160e+00
Var    Value     Gradient |Var    Value     Gradient |Var    Value     Gradient
  1  0.64338 -8.88858e-01 |  2 -0.00774 -1.43827e-01 |  3 -0.00277  2.67710e-01
  4  0.02816 -6.90130e-01 |  5 -0.00062 -8.97170e-01 |  6 -0.00088 -1.04034e+00
  7  0.02167  6.65657e-01 |  8 -0.01261  5.56421e-01 |  9 -0.00498  1.00806e-01
 10  0.00359  8.37210e-02 | 11  0.02235 -1.10249e+00 | 12  0.00611 -5.35114e-02
 13  0.01606 -6.28625e-01 | 14  0.00874 -7.79150e-01 | 15 -0.03886 -7.28086e-02
 16 -0.03546 -7.97389e-01 | 17  0.01032  2.82571e-01 | 18  0.03230  2.24871e+00
 19  0.02381 -6.16163e-01 | 20  0.00228  3.22565e-01 | 21 -0.00478 -5.55048e-01
 22 -0.02548  3.91653e-01 | 23  0.00525  1.74343e-01 | 24 -0.02037  2.14870e+00
 25 -0.01597 -1.13741e+00 | 26  0.03362 -1.62085e+00 | 27 -0.03535  2.13898e-01
 28 -0.04654  8.46773e-02 | 29 -0.00895  1.48783e-01 | 30 -0.00391  2.60895e-01
 31  0.00969  1.57132e+00 | 32  0.02573 -2.53919e-01 | 33  0.02505  2.15677e-01
 34 -0.02734  1.32275e+00 | 35 -0.00714  1.13801e+00 | 36 -0.02869 -5.29673e-01
 37  0.01289  1.09625e+00 | 38  0.00195  9.58267e-01 | 39  0.01528  8.52666e-01
 40 -0.01037  1.65826e-01 | 41  0.01369  2.14165e+00 | 42 -0.01353 -1.67063e-01
 43 -0.00572 -6.98700e-01 | 44  0.04430 -4.31021e+00 | 45  0.00749  8.78706e-02
 46  0.00600  4.80964e-01 | 47  0.01963  2.40129e+00 | 48 -0.02082  5.62684e-01
 49 -0.01638 -4.13154e-01 | 50  0.01169  3.84859e-01 | 51 -0.00925 -4.24615e-01
 52 -0.02609  6.49712e-01 | 53 -0.02691  4.82197e-01 | 54  0.03847  1.13542e-01
 55 -0.05954  9.84701e-01 | 56  0.05210 -1.57424e-01 | 57 -0.04847  5.29133e-01
 58 -0.01056 -9.51318e-02 | 59  0.02428  2.82002e-01 | 60  0.02705 -5.35296e-01
 61 -0.02555 -9.65263e-01 | 62 -0.00726 -5.05890e-01 | 63  0.03540  2.55529e-02
 64 -0.05497  2.93738e-01 | 65 -0.00547 -7.50386e-01 | 66 -0.01244  2.71123e+00
 67  0.01810  1.44513e-02 | 68  0.00925  5.59393e-02 | 69 -0.01143 -1.62035e+00
 70 -0.03181 -1.48253e+00 | 71  0.00475  2.83331e-01 | 72 -0.00311 -5.51962e-02
 73 -0.02015 -2.91045e-01 | 74 -0.00874 -2.43435e+00 | 75  0.03516  1.27306e-01
 76  0.05274  2.42049e-01 | 77  0.02946 -2.12572e-01 | 78  0.00630  7.64448e-02
 79 -0.01203 -6.20715e-01 | 80  0.00746  5.28104e-01 | 81 -0.01329 -1.08980e+00
 82 -0.02294 -1.48807e+00 | 83  0.02299 -6.48552e-02 | 84 -0.02639  1.01912e+00
 85 -0.01738 -8.58726e-02 | 86 -0.00119 -6.36956e+00 | 87  0.02021  8.90227e-01
 88  0.01270 -6.98262e-01 | 89  0.01659  3.43348e+00 | 90  0.02480  1.65749e+00
 91 -0.00029  7.58543e-01 | 92  0.01756 -3.39904e-01 | 93 -0.00941  2.86101e-01
 94 -0.00213  8.73475e-01 | 95 -0.00050 -4.65545e-01 | 96 -0.00050 -4.65457e-01
 97  0.82176 -1.45506e-01 | 98 -0.41713  8.01602e+00 | 99  0.24061  4.98224e-01
100 -0.24709 -6.60909e-01 |
Maximum number of function evaluations exceeded

 - final statistics:
100 variables; iteration 79; function evaluation 100
Function value 2.1432e+03; maximum gradient component mag 3.9560e+00
Exit code = 3;  converg criter 1.0000e+00
Var    Value     Gradient |Var    Value     Gradient |Var    Value     Gradient
  1  0.64340 -3.49978e-01 |  2 -0.00769 -6.12519e-02 |  3 -0.00280  1.91402e-01
  4  0.02853  3.60913e-01 |  5 -0.00047 -5.13730e-01 |  6 -0.00091 -1.12212e+00
  7  0.02172  8.24403e-01 |  8 -0.01283 -1.23266e-01 |  9 -0.00507 -2.34270e-01
 10  0.00348 -4.13091e-01 | 11  0.02244 -5.23768e-01 | 12  0.00612  9.87121e-03
 13  0.01612 -2.24559e-01 | 14  0.00876 -6.66070e-01 | 15 -0.03883  1.70164e-02
 16 -0.03540 -4.69730e-01 | 17  0.01029 -2.44347e-01 | 18  0.03225  1.19809e+00
 19  0.02383 -4.22005e-01 | 20  0.00226 -1.14820e-01 | 21 -0.00475 -1.82125e-01
 22 -0.02540  1.18702e+00 | 23  0.00524  5.64414e-02 | 24 -0.02048  9.82021e-01
 25 -0.01595 -1.04939e+00 | 26  0.03364 -9.99564e-01 | 27 -0.03542 -3.60001e-01
 28 -0.04648  5.04936e-01 | 29 -0.00897 -4.67370e-02 | 30 -0.00392  1.96104e-01
 31  0.00966  9.37135e-01 | 32  0.02574 -1.00070e-01 | 33  0.02505  2.13526e-01
 34 -0.02742  6.20377e-01 | 35 -0.00718  6.32685e-01 | 36 -0.02866 -2.15203e-01
 37  0.01288  8.75046e-01 | 38  0.00190  2.83453e-01 | 39  0.01527  7.55889e-01
 40 -0.01034  4.43130e-01 | 41  0.01363  1.09511e+00 | 42 -0.01350  7.58396e-02
 43 -0.00572 -6.66736e-01 | 44  0.04438 -2.46789e+00 | 45  0.00749  1.00101e-01
 46  0.00599  3.04049e-01 | 47  0.01958  1.39845e+00 | 48 -0.02086  6.05819e-02
 49 -0.01636 -1.56213e-01 | 50  0.01168  1.08930e-01 | 51 -0.00923 -2.52496e-02
 52 -0.02611  3.78295e-01 | 53 -0.02691  3.78638e-01 | 54  0.03846  5.70692e-02
 55 -0.05959  4.32752e-01 | 56  0.05210 -7.89080e-02 | 57 -0.04850  2.51718e-01
 58 -0.01058 -4.46457e-01 | 59  0.02427  1.36612e-01 | 60  0.02706 -2.66506e-01
 61 -0.02554 -6.45516e-01 | 62 -0.00725 -1.99737e-01 | 63  0.03540  2.09180e-02
 64 -0.05499  7.57151e-02 | 65 -0.00546 -3.84278e-01 | 66 -0.01250  1.48273e+00
 67  0.01810 -2.85214e-02 | 68  0.00925  8.15289e-02 | 69 -0.01141 -1.11567e+00
 70 -0.03179 -8.97999e-01 | 71  0.00474  1.49413e-01 | 72 -0.00312 -3.31709e-02
 73 -0.02015 -3.90610e-02 | 74 -0.00871 -1.59115e+00 | 75  0.03515  8.90534e-02
 76  0.05273  1.41493e-01 | 77  0.02946 -8.53464e-02 | 78  0.00629  1.81929e-02
 79 -0.01201 -4.49953e-03 | 80  0.00744  2.63356e-01 | 81 -0.01327 -6.69402e-01
 82 -0.02291 -8.81025e-01 | 83  0.02299 -2.92051e-02 | 84 -0.02642  6.71720e-01
 85 -0.01737  3.26565e-01 | 86 -0.00107 -3.28640e+00 | 87  0.02018  5.21371e-01
 88  0.01271 -2.17828e-01 | 89  0.01650  1.74318e+00 | 90  0.02476  8.65198e-01
 91 -0.00031  6.18083e-01 | 92  0.01762  2.86874e-01 | 93 -0.00955 -1.54532e-01
 94 -0.00236  4.82226e-01 | 95 -0.00035 -2.47568e-01 | 96 -0.00035 -2.42784e-01
 97  0.82113 -2.06601e-01 | 98 -0.41723  3.95597e+00 | 99  0.24057  1.90764e-01
100 -0.24710 -2.56885e-01 |

Initial statistics: 108 variables; iteration 0; function evaluation 0; phase 4
Function value 2.1431632e+03; maximum gradient component mag -4.6828e+02
Var    Value     Gradient |Var    Value     Gradient |Var    Value     Gradient
  1 -0.42263 -1.37993e+02 |  2 -0.42263 -3.21933e+02 |  3 -0.41094 -4.68280e+02
  4  0.64340 -3.49978e-01 |  5  0.00000  2.30144e+01 |  6  0.00000  5.05360e+00
  7  0.00000  9.60628e+00 |  8  0.00000 -5.86694e-01 |  9  0.00000 -6.12664e+00
 10 -0.00769 -6.08135e-02 | 11 -0.00280  1.91841e-01 | 12  0.02853  3.61351e-01
 13 -0.00047 -5.13292e-01 | 14 -0.00091 -1.12168e+00 | 15  0.02172  8.24841e-01
 16 -0.01283 -1.22828e-01 | 17 -0.00507 -2.33831e-01 | 18  0.00348 -4.12653e-01
 19  0.02244 -5.23330e-01 | 20  0.00612  1.03096e-02 | 21  0.01612 -2.24121e-01
 22  0.00876 -6.65632e-01 | 23 -0.03883  1.74540e-02 | 24 -0.03540 -4.69292e-01
 25  0.01029 -2.43909e-01 | 26  0.03225  1.19853e+00 | 27  0.02383 -4.21567e-01
 28  0.00226 -1.14382e-01 | 29 -0.00475 -1.81687e-01 | 30 -0.02540  1.18746e+00
 31  0.00524  5.68798e-02 | 32 -0.02048  9.82459e-01 | 33 -0.01595 -1.04895e+00
 34  0.03364 -9.99126e-01 | 35 -0.03542 -3.59564e-01 | 36 -0.04648  5.05373e-01
 37 -0.00897 -4.62986e-02 | 38 -0.00392  1.96543e-01 | 39  0.00966  9.37574e-01
 40  0.02574 -9.96316e-02 | 41  0.02505  2.13964e-01 | 42 -0.02742  6.20815e-01
 43 -0.00718  6.33124e-01 | 44 -0.02866 -2.14765e-01 | 45  0.01288  8.75485e-01
 46  0.00190  2.83892e-01 | 47  0.01527  7.56327e-01 | 48 -0.01034  4.43568e-01
 49  0.01363  1.09555e+00 | 50 -0.01350  7.62780e-02 | 51 -0.00572 -6.66298e-01
 52  0.04438 -2.46745e+00 | 53  0.00749  1.00539e-01 | 54  0.00599  3.04487e-01
 55  0.01958  1.39889e+00 | 56 -0.02086  6.10201e-02 | 57 -0.01636 -1.55775e-01
 58  0.01168  1.09369e-01 | 59 -0.00923 -2.48112e-02 | 60 -0.02611  3.78734e-01
 61 -0.02691  3.79076e-01 | 62  0.03846  5.75068e-02 | 63 -0.05959  4.33188e-01
 64  0.05210 -7.84710e-02 | 65 -0.04850  2.52155e-01 | 66 -0.01058 -4.46018e-01
 67  0.02427  1.37050e-01 | 68  0.02706 -2.66068e-01 | 69 -0.02554 -6.45078e-01
 70 -0.00725 -1.99299e-01 | 71  0.03540  2.13558e-02 | 72 -0.05499  7.61519e-02
 73 -0.00546 -3.83839e-01 | 74 -0.01250  1.48316e+00 | 75  0.01810 -2.80831e-02
 76  0.00925  8.19672e-02 | 77 -0.01141 -1.11524e+00 | 78 -0.03179 -8.97561e-01
 79  0.00474  1.49852e-01 | 80 -0.00312 -3.27324e-02 | 81 -0.02015 -3.86228e-02
 82 -0.00871 -1.59071e+00 | 83  0.03515  8.94911e-02 | 84  0.05273  1.41930e-01
 85  0.02946 -8.49085e-02 | 86  0.00629  1.86313e-02 | 87 -0.01201 -4.06118e-03
 88  0.00744  2.63794e-01 | 89 -0.01327 -6.68963e-01 | 90 -0.02291 -8.80587e-01
 91  0.02299 -2.87670e-02 | 92 -0.02642  6.72158e-01 | 93 -0.01737  3.27003e-01
 94 -0.00107 -3.28596e+00 | 95  0.02018  5.21809e-01 | 96  0.01271 -2.17390e-01
 97  0.01650  1.74362e+00 | 98  0.02476  8.65637e-01 | 99 -0.00031  6.18521e-01
100  0.01762  2.87312e-01 |101 -0.00955 -1.54094e-01 |102 -0.00236  4.82665e-01
103 -0.00035 -2.47129e-01 |104 -0.00035 -2.42345e-01 |105  0.82113 -2.06601e-01
106 -0.41723  3.95597e+00 |107  0.24057  1.90764e-01 |108 -0.24710 -2.56885e-01

Intermediate statistics: 108 variables; iteration 20; function evaluation 22; phase 4
Function value 2.1423687e+03; maximum gradient component mag 3.1747e+02
Var    Value     Gradient |Var    Value     Gradient |Var    Value     Gradient
  1 -0.42574 -6.59944e+01 |  2 -0.42377  2.06178e+02 |  3 -0.40696 -1.61100e+02
  4  0.64436  3.17475e+02 |  5 -0.00694  6.09174e+00 |  6 -0.00190  1.05891e+00
  7 -0.00461  1.07712e+00 |  8  0.00138  1.19784e+00 |  9  0.00362  6.18600e-01
 10 -0.00685 -8.47604e+00 | 11 -0.00196 -8.21777e+00 | 12  0.02933 -7.59592e+00
 13  0.00049 -8.16132e+00 | 14  0.00015 -8.20597e+00 | 15  0.02236 -6.87413e+00
 16 -0.01214 -7.89471e+00 | 17 -0.00438 -7.53966e+00 | 18  0.00412 -7.16269e+00
 19  0.02272 -7.89407e+00 | 20  0.00632 -7.59474e+00 | 21  0.01593 -9.56515e+00
 22  0.00852 -9.92151e+00 | 23 -0.03878 -7.93653e+00 | 24 -0.03537 -8.05302e+00
 25  0.01026 -5.79174e+00 | 26  0.03244  7.15296e-01 | 27  0.02399 -2.11403e+00
 28  0.00229 -5.71855e+00 | 29 -0.00474 -6.65349e+00 | 30 -0.02551 -6.51023e+00
 31  0.00519 -5.01235e+00 | 32 -0.02057 -6.18837e+00 | 33 -0.01600 -7.38057e+00
 34  0.03396  5.81586e+00 | 35 -0.03547 -7.66562e+00 | 36 -0.04653 -6.84334e+00
 37 -0.00907 -5.19253e+00 | 38 -0.00402 -3.82689e+00 | 39  0.00962 -6.10781e-01
 40  0.02595  5.26223e+00 | 41  0.02523  5.82725e+00 | 42 -0.02749 -4.44837e+00
 43 -0.00719 -1.99876e+00 | 44 -0.02876 -4.50378e+00 | 45  0.01286  3.15800e+00
 46  0.00186  1.18313e+00 | 47  0.01530  6.00066e+00 | 48 -0.01035  4.69454e-01
 49  0.01373  7.91462e+00 | 50 -0.01350  8.18809e-01 | 51 -0.00569  2.99044e+00
 52  0.04469  2.68982e+01 | 53  0.00757  1.03999e+01 | 54  0.00610  1.20758e+01
 55  0.01982  2.22399e+01 | 56 -0.02082  5.92532e+00 | 57 -0.01634  8.47821e+00
 58  0.01171  2.03268e+01 | 59 -0.00918  1.24322e+01 | 60 -0.02618  6.89765e+00
 61 -0.02701  5.47080e+00 | 62  0.03799  1.16493e+01 | 63 -0.05967 -1.13416e+00
 64  0.05221  5.12298e+01 | 65 -0.04858  7.89340e-01 | 66 -0.01081  4.21693e+00
 67  0.02395  1.32668e+01 | 68  0.02701  1.90895e+01 | 69 -0.02566  2.77292e+00
 70 -0.00749  3.42725e+00 | 71  0.03530  2.31940e+01 | 72 -0.05506 -3.02063e+00
 73 -0.00577  1.78058e+00 | 74 -0.01288 -7.51584e-01 | 75  0.01771  4.55762e+00
 76  0.00934  1.25294e+01 | 77 -0.01145  3.95154e+00 | 78 -0.03188 -2.27054e+00
 79  0.00426 -4.28421e+00 | 80 -0.00346 -3.74769e+00 | 81 -0.02038 -2.27757e+00
 82 -0.00907 -6.06559e+00 | 83  0.03457 -4.02114e+00 | 84  0.05262  1.34854e+01
 85  0.02930  6.22070e+00 | 86  0.00628  1.68449e+00 | 87 -0.01221 -2.39871e+00
 88  0.00715 -4.91951e+00 | 89 -0.01348 -3.73963e+00 | 90 -0.02307 -4.91761e+00
 91  0.02274 -1.94851e+00 | 92 -0.02646 -4.07443e+00 | 93 -0.01751 -2.92676e+00
 94 -0.00122 -7.73481e+00 | 95  0.01980 -6.76566e+00 | 96  0.01250 -6.59441e+00
 97  0.01636 -1.77332e+00 | 98  0.02470 -3.19569e+00 | 99 -0.00055 -7.43411e+00
100  0.01734 -9.14104e+00 |101 -0.01029 -9.39019e+00 |102 -0.00262 -9.43682e+00
103 -0.00001 -9.48971e+00 |104 -0.00001 -9.49003e+00 |105  0.82582  1.20480e+01
106 -0.41673 -3.10824e+01 |107  0.24121 -3.98013e+01 |108 -0.24632  1.47734e+02
108 variables; iteration 40; function evaluation 45; phase 4
Function value 2.1416809e+03; maximum gradient component mag -5.7673e+01
Var    Value     Gradient |Var    Value     Gradient |Var    Value     Gradient
  1 -0.42506 -1.49006e+01 |  2 -0.42500 -5.76730e+01 |  3 -0.40285 -4.47847e+01
  4  0.64383  2.24752e+01 |  5 -0.00845  6.27199e-01 |  6 -0.00225 -1.78045e-01
  7 -0.00507 -3.88369e-01 |  8  0.00089 -5.25554e-01 |  9  0.00227 -2.94521e+00
 10 -0.00753 -1.92558e+00 | 11 -0.00283 -2.40736e+00 | 12  0.03001  8.98131e-01
 13  0.00087 -3.60107e-02 | 14  0.00127  1.77745e+00 | 15  0.02200 -2.58954e+00
 16 -0.01144  9.25349e-01 | 17 -0.00462 -2.32428e+00 | 18  0.00403 -2.22326e+00
 19  0.02411  4.33373e+00 | 20  0.00756  4.20522e+00 | 21  0.01635 -2.76703e+00
 22  0.00931  4.16252e-01 | 23 -0.03824  1.32715e+00 | 24 -0.03485  1.32021e+00
 25  0.01031 -2.53968e+00 | 26  0.03210 -8.09084e+00 | 27  0.02466  8.18619e+00
 28  0.00323  8.15583e+00 | 29 -0.00398  4.48001e+00 | 30 -0.02531 -1.46273e-01
 31  0.00506 -4.70619e+00 | 32 -0.02063 -3.44795e+00 | 33 -0.01655 -1.11177e+01
 34  0.03362 -7.34094e+00 | 35 -0.03458  4.75818e+00 | 36 -0.04636  2.79896e-01
 37 -0.00891  9.43091e-01 | 38 -0.00380  2.63418e+00 | 39  0.00926 -5.47731e+00
 40  0.02573 -3.29395e+00 | 41  0.02490 -4.39519e+00 | 42 -0.02704  3.13082e+00
 43 -0.00715 -8.24022e-01 | 44 -0.02853  2.20179e+00 | 45  0.01271 -2.37884e-01
 46  0.00188  1.43978e+00 | 47  0.01512  4.66358e-01 | 48 -0.01073 -3.77113e+00
 49  0.01337 -2.51994e+00 | 50 -0.01379 -2.25766e+00 | 51 -0.00542  5.57794e+00
 52  0.04456  9.38842e+00 | 53  0.00713 -1.30507e+00 | 54  0.00572  9.40063e-01
 55  0.02032  2.11680e+01 | 56 -0.02057  7.28061e+00 | 57 -0.01702 -2.85812e+00
 58  0.01126  1.06002e+00 | 59 -0.00947  2.25909e+00 | 60 -0.02664  3.66742e-01
 61 -0.02782 -6.13377e+00 | 62  0.03800 -2.60983e+00 | 63 -0.05995 -3.01619e+00
 64  0.05178  2.87111e+00 | 65 -0.04851  2.64670e+00 | 66 -0.01106 -4.11394e-02
 67  0.02466  2.71792e+01 | 68  0.02660 -1.22077e+01 | 69 -0.02600 -3.74756e+00
 70 -0.00730  6.54944e+00 | 71  0.03520  1.86352e+00 | 72 -0.05497  2.41981e-01
 73 -0.00610 -7.49177e+00 | 74 -0.01330 -8.42500e+00 | 75  0.01773 -1.32173e+00
 76  0.00874 -1.39391e+01 | 77 -0.01156 -1.03369e+00 | 78 -0.03217 -4.39235e+00
 79  0.00414 -6.99462e+00 | 80 -0.00342 -7.54062e-03 | 81 -0.02065 -3.71723e+00
 82 -0.00933 -4.66923e+00 | 83  0.03495  1.06314e+01 | 84  0.05259  3.47487e+00
 85  0.02924 -1.15575e-01 | 86  0.00638  3.26006e+00 | 87 -0.01226  1.56273e+00
 88  0.00699 -4.27802e+00 | 89 -0.01335  4.84070e+00 | 90 -0.02373 -7.92808e+00
 91  0.02203 -2.39546e+01 | 92 -0.02607  9.24429e+00 | 93 -0.01832 -7.19627e+00
 94 -0.00132  3.17006e+00 | 95  0.01984  8.28078e+00 | 96  0.01231  3.53428e+00
 97  0.01581 -1.61139e+00 | 98  0.02456  7.79128e+00 | 99 -0.00021  3.94987e+00
100  0.01786  4.65148e+00 |101 -0.01007 -2.39951e-01 |102 -0.00263 -7.10648e-01
103  0.00009 -4.75964e-01 |104  0.00008 -4.77539e-01 |105  0.82481  1.25506e+00
106 -0.41754 -9.77443e+00 |107  0.24230 -3.74759e+00 |108 -0.24696  1.51288e+01
108 variables; iteration 60; function evaluation 71; phase 4
Function value 2.1415846e+03; maximum gradient component mag 4.3741e+00
Var    Value     Gradient |Var    Value     Gradient |Var    Value     Gradient
  1 -0.42309 -1.07197e+00 |  2 -0.42499 -3.65519e+00 |  3 -0.40297 -3.37692e+00
  4  0.64367 -2.80640e-01 |  5 -0.00857  3.12657e-01 |  6 -0.00242 -4.74599e-01
  7 -0.00493 -1.94075e-01 |  8  0.00049 -1.25997e+00 |  9  0.00337 -8.42806e-01
 10 -0.00661  5.21877e-01 | 11 -0.00069  2.67917e+00 | 12  0.02960  2.71553e-01
 13  0.00082  3.75379e-01 | 14  0.00029 -4.25548e-01 | 15  0.02268  3.14953e-01
 16 -0.01150  1.23513e+00 | 17 -0.00417 -3.14955e-01 | 18  0.00444 -1.18968e-01
 19  0.02303 -2.22230e+00 | 20  0.00729  2.76053e+00 | 21  0.01645 -2.05366e+00
 22  0.00933  4.77643e-01 | 23 -0.03928 -3.76938e+00 | 24 -0.03492  1.15087e+00
 25  0.01032 -2.37067e+00 | 26  0.03247 -1.58918e+00 | 27  0.02438  2.61448e+00
 28  0.00281  1.78567e+00 | 29 -0.00421  7.45689e-01 | 30 -0.02558 -3.00946e+00
 31  0.00524 -2.17036e+00 | 32 -0.02055 -2.30576e+00 | 33 -0.01555  4.66549e-01
 34  0.03393 -8.16666e-01 | 35 -0.03482  2.33085e+00 | 36 -0.04646 -7.11972e-01
 37 -0.00890  4.65157e-01 | 38 -0.00383  1.78421e+00 | 39  0.00972  9.00860e-01
 40  0.02598  2.09998e-01 | 41  0.02521  1.60150e-01 | 42 -0.02711  2.24079e+00
 43 -0.00705 -5.50134e-01 | 44 -0.02856  1.59098e+00 | 45  0.01277 -6.99313e-01
 46  0.00182 -4.69279e-01 | 47  0.01512 -8.85627e-01 | 48 -0.01033  8.11407e-02
 49  0.01359 -1.83734e-01 | 50 -0.01350  3.51834e-01 | 51 -0.00578  3.77556e-01
 52  0.04446  4.37415e+00 | 53  0.00731  2.49425e-01 | 54  0.00583  9.49800e-01
 55  0.01938  1.11144e-01 | 56 -0.02116 -1.04057e+00 | 57 -0.01695 -3.07190e+00
 58  0.01117 -3.36297e+00 | 59 -0.00954 -5.38780e-01 | 60 -0.02663  3.74395e-01
 61 -0.02720  4.07570e+00 | 62  0.03808 -4.57411e-01 | 63 -0.05970 -6.99050e-01
 64  0.05180  3.74476e-02 | 65 -0.04870 -1.66397e-02 | 66 -0.01095  1.61730e+00
 67  0.02402  1.81359e+00 | 68  0.02694 -8.40860e-01 | 69 -0.02584 -8.45866e-01
 70 -0.00763 -1.26464e+00 | 71  0.03522  1.86404e-01 | 72 -0.05504 -5.52273e-01
 73 -0.00585 -4.84997e-01 | 74 -0.01291  1.25927e+00 | 75  0.01774 -4.30591e-01
 76  0.00919 -4.18263e-01 | 77 -0.01156 -8.43599e-01 | 78 -0.03193  1.29947e-01
 79  0.00434 -1.91814e-01 | 80 -0.00342  3.32622e-01 | 81 -0.02048  7.17351e-02
 82 -0.00919 -6.82164e-01 | 83  0.03468  7.85086e-01 | 84  0.05252  1.78475e-01
 85  0.02922 -2.79922e-01 | 86  0.00631  1.43016e+00 | 87 -0.01246 -1.90359e+00
 88  0.00710 -7.27292e-01 | 89 -0.01347  3.53852e+00 | 90 -0.02347 -1.07300e+00
 91  0.02259 -1.61701e+00 | 92 -0.02671 -3.92586e-01 | 93 -0.01811 -1.67776e+00
 94 -0.00157 -2.42885e-01 | 95  0.01947  7.58399e-01 | 96  0.01202  4.52741e-01
 97  0.01573  2.40373e-01 | 98  0.02386 -1.16103e+00 | 99 -0.00074  4.94772e-01
100  0.01692 -1.40833e+00 |101 -0.01001  1.41584e+00 |102 -0.00315 -8.04527e-01
103  0.00027  4.73701e-01 |104  0.00027  4.70598e-01 |105  0.82550  3.34995e-01
106 -0.41754 -2.49660e+00 |107  0.24257  9.11617e-01 |108 -0.24707 -4.94102e-01
108 variables; iteration 80; function evaluation 100; phase 4
Function value 2.1415741e+03; maximum gradient component mag -1.3139e+00
Var    Value     Gradient |Var    Value     Gradient |Var    Value     Gradient
  1 -0.42312 -2.81651e-01 |  2 -0.42500 -1.31393e+00 |  3 -0.40293 -8.06444e-01
  4  0.64362 -2.03614e-01 |  5 -0.00864  1.49805e-01 |  6 -0.00224 -1.86158e-01
  7 -0.00487 -1.03230e-01 |  8  0.00087 -6.09223e-01 |  9  0.00382  1.15674e-02
 10 -0.00675  2.13182e-01 | 11 -0.00179  3.45667e-01 | 12  0.02958  1.43678e-01
 13  0.00077  2.07107e-01 | 14  0.00035 -3.05520e-01 | 15  0.02257 -1.68110e-01
 16 -0.01182  2.03687e-01 | 17 -0.00399  2.74124e-01 | 18  0.00448 -3.70484e-02
 19  0.02331 -6.52485e-01 | 20  0.00690  3.87397e-01 | 21  0.01671 -1.98504e-01
 22  0.00929  3.27002e-02 | 23 -0.03869 -7.08503e-01 | 24 -0.03490  1.26823e+00
 25  0.01047 -5.79488e-01 | 26  0.03257 -2.38582e-01 | 27  0.02430  7.15994e-01
 28  0.00273  2.39480e-01 | 29 -0.00423  8.91752e-02 | 30 -0.02537 -9.50577e-01
 31  0.00537 -3.08141e-01 | 32 -0.02038 -5.84984e-01 | 33 -0.01558 -6.32482e-03
 34  0.03397 -2.34529e-01 | 35 -0.03503  2.38418e-01 | 36 -0.04640 -3.94343e-01
 37 -0.00891  9.37762e-02 | 38 -0.00391  4.45177e-01 | 39  0.00965 -3.64809e-01
 40  0.02597 -6.48801e-02 | 41  0.02521 -4.48216e-02 | 42 -0.02727  5.75829e-01
 43 -0.00702 -2.92227e-01 | 44 -0.02864  7.07529e-01 | 45  0.01282 -1.94879e-01
 46  0.00185 -1.73634e-01 | 47  0.01517 -1.59977e-01 | 48 -0.01031  2.66838e-01
 49  0.01363  1.69982e-01 | 50 -0.01353 -8.36689e-02 | 51 -0.00580 -1.13835e-01
 52  0.04435  1.03903e+00 | 53  0.00731 -2.49329e-02 | 54  0.00579 -1.23672e-02
 55  0.01941  1.38512e-01 | 56 -0.02107 -1.43256e-01 | 57 -0.01678 -8.45489e-01
 58  0.01130 -7.29391e-01 | 59 -0.00950 -1.81790e-01 | 60 -0.02659  5.71640e-01
 61 -0.02735  1.06168e+00 | 62  0.03810 -1.03906e-01 | 63 -0.05960  2.54681e-01
 64  0.05181  1.02296e-03 | 65 -0.04869 -1.06936e-01 | 66 -0.01099  3.63800e-01
 67  0.02400  3.48401e-01 | 68  0.02697 -1.58264e-01 | 69 -0.02579 -5.51412e-02
 70 -0.00759 -4.54598e-01 | 71  0.03523  4.03634e-02 | 72 -0.05499 -1.43858e-01
 73 -0.00582 -6.55513e-02 | 74 -0.01294  3.78535e-01 | 75  0.01776 -9.29384e-02
 76  0.00922 -7.13606e-02 | 77 -0.01151 -6.75436e-03 | 78 -0.03192  7.63697e-02
 79  0.00436 -1.90244e-02 | 80 -0.00341  1.24830e-01 | 81 -0.02047  6.05956e-03
 82 -0.00915 -5.88480e-02 | 83  0.03467  1.37303e-01 | 84  0.05253  2.14339e-02
 85  0.02924 -6.89506e-02 | 86  0.00628  3.92303e-01 | 87 -0.01240 -9.70848e-01
 88  0.00714 -9.40194e-02 | 89 -0.01359  8.63751e-01 | 90 -0.02340 -7.78110e-02
 91  0.02264 -3.20810e-01 | 92 -0.02668  9.89397e-02 | 93 -0.01803 -3.11885e-01
 94 -0.00156 -4.20221e-01 | 95  0.01946  1.15281e-01 | 96  0.01202  2.02908e-01
 97  0.01572 -1.34052e-01 | 98  0.02390 -6.03176e-01 | 99 -0.00077  2.81699e-01
100  0.01705 -2.74005e-01 |101 -0.01028  5.12965e-01 |102 -0.00284 -3.13797e-01
103 -0.00001  3.98959e-02 |104 -0.00001  3.95834e-02 |105  0.82554  4.95116e-02
106 -0.41753 -4.12717e-01 |107  0.24245  3.47602e-01 |108 -0.24710 -5.79226e-02
Maximum number of function evaluations exceeded

 - final statistics:
108 variables; iteration 81; function evaluation 100
Function value 2.1416e+03; maximum gradient component mag -1.3139e+00
Exit code = 3;  converg criter 1.0000e+00
Var    Value     Gradient |Var    Value     Gradient |Var    Value     Gradient
  1 -0.42312 -2.81651e-01 |  2 -0.42500 -1.31393e+00 |  3 -0.40293 -8.06444e-01
  4  0.64362 -2.03614e-01 |  5 -0.00864  1.49805e-01 |  6 -0.00224 -1.86158e-01
  7 -0.00487 -1.03230e-01 |  8  0.00087 -6.09223e-01 |  9  0.00382  1.15674e-02
 10 -0.00675  2.13182e-01 | 11 -0.00179  3.45667e-01 | 12  0.02958  1.43678e-01
 13  0.00077  2.07107e-01 | 14  0.00035 -3.05520e-01 | 15  0.02257 -1.68110e-01
 16 -0.01182  2.03687e-01 | 17 -0.00399  2.74124e-01 | 18  0.00448 -3.70484e-02
 19  0.02331 -6.52485e-01 | 20  0.00690  3.87397e-01 | 21  0.01671 -1.98504e-01
 22  0.00929  3.27002e-02 | 23 -0.03869 -7.08503e-01 | 24 -0.03490  1.26823e+00
 25  0.01047 -5.79488e-01 | 26  0.03257 -2.38582e-01 | 27  0.02430  7.15994e-01
 28  0.00273  2.39480e-01 | 29 -0.00423  8.91752e-02 | 30 -0.02537 -9.50577e-01
 31  0.00537 -3.08141e-01 | 32 -0.02038 -5.84984e-01 | 33 -0.01558 -6.32482e-03
 34  0.03397 -2.34529e-01 | 35 -0.03503  2.38418e-01 | 36 -0.04640 -3.94343e-01
 37 -0.00891  9.37762e-02 | 38 -0.00391  4.45177e-01 | 39  0.00965 -3.64809e-01
 40  0.02597 -6.48801e-02 | 41  0.02521 -4.48216e-02 | 42 -0.02727  5.75829e-01
 43 -0.00702 -2.92227e-01 | 44 -0.02864  7.07529e-01 | 45  0.01282 -1.94879e-01
 46  0.00185 -1.73634e-01 | 47  0.01517 -1.59977e-01 | 48 -0.01031  2.66838e-01
 49  0.01363  1.69982e-01 | 50 -0.01353 -8.36689e-02 | 51 -0.00580 -1.13835e-01
 52  0.04435  1.03903e+00 | 53  0.00731 -2.49329e-02 | 54  0.00579 -1.23672e-02
 55  0.01941  1.38512e-01 | 56 -0.02107 -1.43256e-01 | 57 -0.01678 -8.45489e-01
 58  0.01130 -7.29391e-01 | 59 -0.00950 -1.81790e-01 | 60 -0.02659  5.71640e-01
 61 -0.02735  1.06168e+00 | 62  0.03810 -1.03906e-01 | 63 -0.05960  2.54681e-01
 64  0.05181  1.02296e-03 | 65 -0.04869 -1.06936e-01 | 66 -0.01099  3.63800e-01
 67  0.02400  3.48401e-01 | 68  0.02697 -1.58264e-01 | 69 -0.02579 -5.51412e-02
 70 -0.00759 -4.54598e-01 | 71  0.03523  4.03634e-02 | 72 -0.05499 -1.43858e-01
 73 -0.00582 -6.55513e-02 | 74 -0.01294  3.78535e-01 | 75  0.01776 -9.29384e-02
 76  0.00922 -7.13606e-02 | 77 -0.01151 -6.75436e-03 | 78 -0.03192  7.63697e-02
 79  0.00436 -1.90244e-02 | 80 -0.00341  1.24830e-01 | 81 -0.02047  6.05956e-03
 82 -0.00915 -5.88480e-02 | 83  0.03467  1.37303e-01 | 84  0.05253  2.14339e-02
 85  0.02924 -6.89506e-02 | 86  0.00628  3.92303e-01 | 87 -0.01240 -9.70848e-01
 88  0.00714 -9.40194e-02 | 89 -0.01359  8.63751e-01 | 90 -0.02340 -7.78110e-02
 91  0.02264 -3.20810e-01 | 92 -0.02668  9.89397e-02 | 93 -0.01803 -3.11885e-01
 94 -0.00156 -4.20221e-01 | 95  0.01946  1.15281e-01 | 96  0.01202  2.02908e-01
 97  0.01572 -1.34052e-01 | 98  0.02390 -6.03176e-01 | 99 -0.00077  2.81699e-01
100  0.01705 -2.74005e-01 |101 -0.01028  5.12965e-01 |102 -0.00284 -3.13797e-01
103 -0.00001  3.98959e-02 |104 -0.00001  3.95834e-02 |105  0.82554  4.95116e-02
106 -0.41753 -4.12717e-01 |107  0.24245  3.47602e-01 |108 -0.24710 -5.79226e-02

Initial statistics: 110 variables; iteration 0; function evaluation 0; phase 5
Function value 2.1415741e+03; maximum gradient component mag -1.8208e+01
Var    Value     Gradient |Var    Value     Gradient |Var    Value     Gradient
  1 -0.42312 -2.81651e-01 |  2 -0.42500 -1.31393e+00 |  3 -0.40293 -8.06444e-01
  4 -0.41222  3.43058e-01 |  5 -0.41222 -1.82080e+01 |  6  0.64362 -2.03614e-01
  7 -0.00864  1.49805e-01 |  8 -0.00224 -1.86158e-01 |  9 -0.00487 -1.03230e-01
 10  0.00087 -6.09223e-01 | 11  0.00382  1.15674e-02 | 12 -0.00675  2.13099e-01
 13 -0.00179  3.45584e-01 | 14  0.02958  1.43595e-01 | 15  0.00077  2.07024e-01
 16  0.00035 -3.05603e-01 | 17  0.02257 -1.68193e-01 | 18 -0.01182  2.03603e-01
 19 -0.00399  2.74041e-01 | 20  0.00448 -3.71315e-02 | 21  0.02331 -6.52568e-01
 22  0.00690  3.87314e-01 | 23  0.01671 -1.98587e-01 | 24  0.00929  3.26171e-02
 25 -0.03869 -7.08586e-01 | 26 -0.03490  1.26814e+00 | 27  0.01047 -5.79571e-01
 28  0.03257 -2.38665e-01 | 29  0.02430  7.15911e-01 | 30  0.00273  2.39397e-01
 31 -0.00423  8.90921e-02 | 32 -0.02537 -9.50660e-01 | 33  0.00537 -3.08224e-01
 34 -0.02038 -5.85067e-01 | 35 -0.01558 -6.40790e-03 | 36  0.03397 -2.34612e-01
 37 -0.03503  2.38335e-01 | 38 -0.04640 -3.94425e-01 | 39 -0.00891  9.36931e-02
 40 -0.00391  4.45093e-01 | 41  0.00965 -3.64892e-01 | 42  0.02597 -6.49631e-02
 43  0.02521 -4.49046e-02 | 44 -0.02727  5.75746e-01 | 45 -0.00702 -2.92310e-01
 46 -0.02864  7.07446e-01 | 47  0.01282 -1.94962e-01 | 48  0.00185 -1.73717e-01
 49  0.01517 -1.60060e-01 | 50 -0.01031  2.66755e-01 | 51  0.01363  1.69899e-01
 52 -0.01353 -8.37520e-02 | 53 -0.00580 -1.13918e-01 | 54  0.04435  1.03895e+00
 55  0.00731 -2.50160e-02 | 56  0.00579 -1.24503e-02 | 57  0.01941  1.38429e-01
 58 -0.02107 -1.43339e-01 | 59 -0.01678 -8.45572e-01 | 60  0.01130 -7.29474e-01
 61 -0.00950 -1.81873e-01 | 62 -0.02659  5.71557e-01 | 63 -0.02735  1.06160e+00
 64  0.03810 -1.03988e-01 | 65 -0.05960  2.54598e-01 | 66  0.05181  9.40127e-04
 67 -0.04869 -1.07019e-01 | 68 -0.01099  3.63716e-01 | 69  0.02400  3.48318e-01
 70  0.02697 -1.58347e-01 | 71 -0.02579 -5.52242e-02 | 72 -0.00759 -4.54681e-01
 73  0.03523  4.02805e-02 | 74 -0.05499 -1.43941e-01 | 75 -0.00582 -6.56344e-02
 76 -0.01294  3.78452e-01 | 77  0.01776 -9.30215e-02 | 78  0.00922 -7.14437e-02
 79 -0.01151 -6.83745e-03 | 80 -0.03192  7.62867e-02 | 81  0.00436 -1.91075e-02
 82 -0.00341  1.24747e-01 | 83 -0.02047  5.97650e-03 | 84 -0.00915 -5.89311e-02
 85  0.03467  1.37220e-01 | 86  0.05253  2.13511e-02 | 87  0.02924 -6.90336e-02
 88  0.00628  3.92220e-01 | 89 -0.01240 -9.70931e-01 | 90  0.00714 -9.41024e-02
 91 -0.01359  8.63668e-01 | 92 -0.02340 -7.78940e-02 | 93  0.02264 -3.20893e-01
 94 -0.02668  9.88566e-02 | 95 -0.01803 -3.11968e-01 | 96 -0.00156 -4.20304e-01
 97  0.01946  1.15198e-01 | 98  0.01202  2.02825e-01 | 99  0.01572 -1.34136e-01
100  0.02390 -6.03259e-01 |101 -0.00077  2.81616e-01 |102  0.01705 -2.74088e-01
103 -0.01028  5.12882e-01 |104 -0.00284 -3.13880e-01 |105 -0.00001  3.98128e-02
106 -0.00001  3.95003e-02 |107  0.82554  4.95116e-02 |108 -0.41753 -4.12717e-01
109  0.24245  3.47602e-01 |110 -0.24710 -5.79226e-02 |

Intermediate statistics: 110 variables; iteration 20; function evaluation 26; phase 5
Function value 2.1415211e+03; maximum gradient component mag 9.1521e+01
Var    Value     Gradient |Var    Value     Gradient |Var    Value     Gradient
  1 -0.42413  8.08239e+00 |  2 -0.42569  9.15211e+01 |  3 -0.40106  3.66844e+01
  4 -0.41822  1.68228e+00 |  5 -0.40747 -6.50911e+00 |  6  0.64372  4.90307e+01
  7 -0.00852  2.84960e-01 |  8 -0.00223 -1.86221e-01 |  9 -0.00485 -8.25979e-02
 10  0.00084 -6.97434e-01 | 11  0.00388  8.52944e-02 | 12 -0.00667 -1.20332e+00
 13 -0.00170 -1.03621e+00 | 14  0.02962 -1.37172e+00 | 15  0.00083 -1.25622e+00
 16  0.00039 -1.82298e+00 | 17  0.02261 -1.64865e+00 | 18 -0.01181 -1.34538e+00
 19 -0.00402 -1.36665e+00 | 20  0.00450 -1.49288e+00 | 21  0.02339 -1.58435e+00
 22  0.00687 -1.16828e+00 | 23  0.01672 -1.31278e+00 | 24  0.00925 -1.21024e+00
 25 -0.03863 -1.54468e+00 | 26 -0.03507 -7.19311e-01 | 27  0.01058  1.56479e-01
 28  0.03260 -8.34954e-01 | 29  0.02434  8.23252e-02 | 30  0.00271 -1.53857e+00
 31 -0.00427 -1.92841e+00 | 32 -0.02515  2.74925e-01 | 33  0.00534 -1.00612e+00
 34 -0.02021  3.65312e-01 | 35 -0.01563 -1.48402e+00 | 36  0.03400 -2.32531e-01
 37 -0.03509 -1.54113e+00 | 38 -0.04634 -8.67867e-01 | 39 -0.00893 -4.97919e-01
 40 -0.00403 -1.21052e+00 | 41  0.00968 -1.62168e-01 | 42  0.02602  4.92007e-01
 43  0.02525  6.07574e-01 | 44 -0.02738 -1.12160e+00 | 45 -0.00694  8.53238e-02
 46 -0.02882 -1.36844e+00 | 47  0.01281  2.33956e-01 | 48  0.00184  1.90259e-01
 49  0.01514  3.74383e-01 | 50 -0.01039 -7.40975e-01 | 51  0.01362  2.07072e-01
 52 -0.01354 -6.73343e-01 | 53 -0.00579  1.41061e-01 | 54  0.04465  1.14372e+01
 55  0.00732  1.27537e+00 | 56  0.00580  1.37506e+00 | 57  0.01947  2.65947e+00
 58 -0.02107 -3.82773e-02 | 59 -0.01664  1.61217e+00 | 60  0.01120 -1.39788e+00
 61 -0.00944  1.31567e+00 | 62 -0.02660  1.14786e+00 | 63 -0.02739  1.42337e+00
 64  0.03804  1.34711e+00 | 65 -0.05964 -1.36365e+00 | 66  0.05183  6.18425e+00
 67 -0.04864  2.81131e-02 | 68 -0.01100  1.28841e+00 | 69  0.02407  5.87523e+00
 70  0.02696  1.02908e+00 | 71 -0.02581 -2.80130e-01 | 72 -0.00774 -2.76303e+00
 73  0.03529  5.99124e+00 | 74 -0.05498 -6.00909e-01 | 75 -0.00586  1.47466e-01
 76 -0.01292  1.98858e+00 | 77  0.01768 -6.91595e-01 | 78  0.00920  3.34798e-01
 79 -0.01154 -1.38918e-01 | 80 -0.03196 -4.17219e-01 | 81  0.00433  1.69008e-01
 82 -0.00342  1.42755e+00 | 83 -0.02051 -5.77445e-01 | 84 -0.00924 -1.18204e+00
 85  0.03465  2.18010e+00 | 86  0.05263  7.01766e+00 | 87  0.02924  5.35808e-01
 88  0.00637  2.07105e+00 | 89 -0.01250 -2.80139e+00 | 90  0.00710 -8.31700e-01
 91 -0.01354  2.09664e+00 | 92 -0.02343 -4.36748e-01 | 93  0.02255 -3.74060e+00
 94 -0.02669 -1.32058e+00 | 95 -0.01807 -1.72709e+00 | 96 -0.00166 -3.02551e+00
 97  0.01952  1.94344e+00 | 98  0.01206  1.15599e+00 | 99  0.01573 -5.28801e-01
100  0.02385 -1.79449e+00 |101 -0.00086 -1.73944e+00 |102  0.01697 -1.60841e+00
103 -0.01038 -1.03085e+00 |104 -0.00273 -1.71806e+00 |105 -0.00001 -1.48943e+00
106 -0.00001 -1.48986e+00 |107  0.82929  6.12778e+00 |108 -0.41722 -3.31973e+01
109  0.24227 -2.81426e+00 |110 -0.24712  4.66283e+00 |
110 variables; iteration 40; function evaluation 48; phase 5
Function value 2.1415122e+03; maximum gradient component mag 7.5732e+01
Var    Value     Gradient |Var    Value     Gradient |Var    Value     Gradient
  1 -0.42447  6.67422e+00 |  2 -0.42578  7.57324e+01 |  3 -0.40079  3.01455e+01
  4 -0.41945  8.96106e-01 |  5 -0.40673 -5.31554e+00 |  6  0.64373  4.03784e+01
  7 -0.00853  1.77588e-01 |  8 -0.00236 -4.24656e-01 |  9 -0.00489 -1.84821e-01
 10  0.00059 -1.16203e+00 | 11  0.00388  4.01456e-02 | 12 -0.00668 -1.03367e+00
 13 -0.00180 -1.08645e+00 | 14  0.02963 -1.20989e+00 | 15  0.00074 -1.31431e+00
 16  0.00050 -1.34509e+00 | 17  0.02262 -1.49549e+00 | 18 -0.01178 -1.12911e+00
 19 -0.00401 -1.22361e+00 | 20  0.00455 -1.15722e+00 | 21  0.02343 -1.34118e+00
 22  0.00680 -1.51170e+00 | 23  0.01676 -1.04580e+00 | 24  0.00929 -8.87002e-01
 25 -0.03876 -2.07760e+00 | 26 -0.03523 -1.59668e+00 | 27  0.01058  1.78304e-01
 28  0.03261 -7.38519e-01 | 29  0.02436  3.31059e-01 | 30  0.00273 -1.24953e+00
 31 -0.00425 -1.67805e+00 | 32 -0.02518  5.90551e-02 | 33  0.00534 -9.31516e-01
 34 -0.02024  1.42981e-01 | 35 -0.01558 -8.51324e-01 | 36  0.03399 -5.90530e-01
 37 -0.03508 -1.30283e+00 | 38 -0.04634 -7.28357e-01 | 39 -0.00894 -4.22067e-01
 40 -0.00403 -1.13088e+00 | 41  0.00969 -9.42955e-02 | 42  0.02603  4.64241e-01
 43  0.02525  5.38846e-01 | 44 -0.02737 -9.64752e-01 | 45 -0.00696 -8.70187e-02
 46 -0.02883 -1.30878e+00 | 47  0.01281  2.67661e-01 | 48  0.00183  9.86016e-02
 49  0.01514  4.62238e-01 | 50 -0.01036 -3.72209e-01 | 51  0.01362  2.06618e-01
 52 -0.01352 -3.59842e-01 | 53 -0.00579  1.00927e-01 | 54  0.04458  9.13537e+00
 55  0.00732  1.22706e+00 | 56  0.00580  1.31005e+00 | 57  0.01946  2.30687e+00
 58 -0.02105  1.96023e-01 | 59 -0.01666  1.32388e+00 | 60  0.01121 -1.26399e+00
 61 -0.00945  1.09194e+00 | 62 -0.02661  8.80553e-01 | 63 -0.02743  7.99778e-01
 64  0.03805  1.65586e+00 | 65 -0.05958 -7.38720e-01 | 66  0.05182  5.16732e+00
 67 -0.04865 -6.76566e-02 | 68 -0.01100  9.84531e-01 | 69  0.02404  4.63355e+00
 70  0.02696  8.59393e-01 | 71 -0.02581 -3.32018e-01 | 72 -0.00772 -2.55154e+00
 73  0.03525  3.75594e+00 | 74 -0.05498 -5.52418e-01 | 75 -0.00586  1.82182e-01
 76 -0.01295  1.52013e+00 | 77  0.01770  7.06090e-02 | 78  0.00917 -7.96711e-01
 79 -0.01157 -9.22326e-01 | 80 -0.03197 -5.63159e-01 | 81  0.00434  3.63192e-01
 82 -0.00345  1.05641e+00 | 83 -0.02053 -7.89280e-01 | 84 -0.00926 -1.50243e+00
 85  0.03464  1.52081e+00 | 86  0.05262  6.39047e+00 | 87  0.02925  7.43743e-01
 88  0.00636  1.79571e+00 | 89 -0.01249 -2.29474e+00 | 90  0.00708 -1.18906e+00
 91 -0.01356  1.89190e+00 | 92 -0.02345 -6.57356e-01 | 93  0.02257 -2.90936e+00
 94 -0.02669 -9.78582e-01 | 95 -0.01806 -1.29933e+00 | 96 -0.00163 -1.97485e+00
 97  0.01951  1.94068e+00 | 98  0.01203  7.72086e-01 | 99  0.01572 -3.64255e-01
100  0.02385 -1.25867e+00 |101 -0.00087 -1.45786e+00 |102  0.01698 -1.32169e+00
103 -0.01020 -2.80401e-01 |104 -0.00267 -1.42226e+00 |105  0.00003 -1.22203e+00
106  0.00003 -1.22298e+00 |107  0.82890  4.41408e+00 |108 -0.41727 -2.73998e+01
109  0.24248 -2.00108e+00 |110 -0.24705  3.95345e+00 |
110 variables; iteration 60; function evaluation 74; phase 5
Function value 2.1414946e+03; maximum gradient component mag 1.1711e+01
Var    Value     Gradient |Var    Value     Gradient |Var    Value     Gradient
  1 -0.42680  1.15565e+00 |  2 -0.42619  1.17111e+01 |  3 -0.39956  4.92670e+00
  4 -0.42087  2.51930e-01 |  5 -0.40403 -6.56617e-01 |  6  0.64372  5.91484e+00
  7 -0.00828  6.96958e-01 |  8 -0.00173  6.05051e-01 |  9 -0.00471  1.17465e-01
 10  0.00130  7.90268e-02 | 11  0.00393  8.25730e-02 | 12 -0.00683 -2.67920e-01
 13 -0.00175  5.73109e-02 | 14  0.02963 -2.65278e-01 | 15  0.00109  5.71280e-01
 16  0.00045 -5.34949e-01 | 17  0.02267 -4.57276e-01 | 18 -0.01181 -2.70682e-01
 19 -0.00411 -6.80339e-01 | 20  0.00450 -5.12603e-01 | 21  0.02346 -3.66745e-01
 22  0.00704  6.76648e-01 | 23  0.01682  2.11142e-01 | 24  0.00921 -7.33469e-01
 25 -0.03842  6.61959e-01 | 26 -0.03513  1.27456e-02 | 27  0.01045 -7.57494e-01
 28  0.03267  1.93148e-01 | 29  0.02434 -3.16123e-02 | 30  0.00275 -8.32790e-01
 31 -0.00418 -5.19066e-01 | 32 -0.02521  3.57343e-01 | 33  0.00538  2.53276e-01
 34 -0.02030  3.18606e-01 | 35 -0.01557 -2.33575e-01 | 36  0.03405  4.20054e-01
 37 -0.03506 -3.94320e-01 | 38 -0.04629  5.83999e-01 | 39 -0.00898 -3.16034e-01
 40 -0.00399 -1.51214e-01 | 41  0.00970  2.14109e-01 | 42  0.02605  1.80599e-01
 43  0.02526  2.79281e-01 | 44 -0.02726  6.45314e-01 | 45 -0.00699 -2.69628e-01
 46 -0.02870  5.02235e-01 | 47  0.01280  6.82286e-02 | 48  0.00180 -4.38553e-02
 49  0.01510 -1.80670e-03 | 50 -0.01037 -1.47130e-01 | 51  0.01365  3.85366e-01
 52 -0.01350 -1.71425e-01 | 53 -0.00576  2.53268e-01 | 54  0.04433  9.44731e-01
 55  0.00729  1.71180e-01 | 56  0.00576  3.13799e-01 | 57  0.01944  5.53769e-01
 58 -0.02100  4.07014e-01 | 59 -0.01669  3.64873e-01 | 60  0.01131 -6.54561e-01
 61 -0.00945 -7.56886e-03 | 62 -0.02664  1.80034e-01 | 63 -0.02742  9.88409e-01
 64  0.03808  1.43191e-01 | 65 -0.05957 -3.39312e-01 | 66  0.05183  6.94777e-01
 67 -0.04868 -1.55063e-01 | 68 -0.01100  5.77527e-02 | 69  0.02398  6.41184e-01
 70  0.02701  8.91599e-02 | 71 -0.02580 -1.00190e-02 | 72 -0.00761 -5.20075e-01
 73  0.03523  5.26212e-01 | 74 -0.05497 -1.65679e-01 | 75 -0.00586 -6.72234e-01
 76 -0.01295  1.25674e+00 | 77  0.01774  3.19638e-01 | 78  0.00918 -1.25411e+00
 79 -0.01156 -7.07184e-01 | 80 -0.03197 -1.82637e-01 | 81  0.00436  2.80215e-01
 82 -0.00345  1.24893e+00 | 83 -0.02048  5.70351e-01 | 84 -0.00920  4.93994e-02
 85  0.03463  3.26295e-01 | 86  0.05256  9.12264e-01 | 87  0.02927  1.48715e-01
 88  0.00633  6.93600e-01 | 89 -0.01244 -1.07712e+00 | 90  0.00710 -8.84514e-01
 91 -0.01376 -1.33259e+00 | 92 -0.02349 -5.77707e-01 | 93  0.02264 -5.55422e-01
 94 -0.02672 -6.29039e-01 | 95 -0.01802  4.26671e-01 | 96 -0.00160 -6.01664e-01
 97  0.01940 -5.77764e-01 | 98  0.01195 -1.41854e-01 | 99  0.01568 -1.06055e-01
100  0.02385  2.73079e-01 |101 -0.00086  1.42575e-01 |102  0.01698 -2.10221e-02
103 -0.01041  3.24610e-02 |104 -0.00264 -3.03452e-01 |105 -0.00022 -4.91253e-01
106 -0.00022 -4.88541e-01 |107  0.82979  5.92662e-01 |108 -0.41712 -3.02068e+00
109  0.24261 -1.46702e-01 |110 -0.24692  8.06505e-01 |
110 variables; iteration 80; function evaluation 103; phase 5
Function value 2.1414932e+03; maximum gradient component mag 6.3975e-01
Var    Value     Gradient |Var    Value     Gradient |Var    Value     Gradient
  1 -0.42717  7.33384e-02 |  2 -0.42625  6.39748e-01 |  3 -0.39938  2.96346e-01
  4 -0.42111  6.66463e-03 |  5 -0.40362 -5.14648e-02 |  6  0.64372  2.91386e-01
  7 -0.00858 -3.99021e-02 |  8 -0.00207  1.08495e-02 |  9 -0.00477 -1.93757e-02
 10  0.00129  1.11748e-02 | 11  0.00390  9.63920e-03 | 12 -0.00677 -1.00242e-02
 13 -0.00184  3.31546e-02 | 14  0.02965 -6.00764e-02 | 15  0.00083  5.23686e-02
 16  0.00059  1.64104e-02 | 17  0.02275 -2.65844e-02 | 18 -0.01177  2.18968e-03
 19 -0.00395  5.91126e-02 | 20  0.00459  1.42189e-02 | 21  0.02350 -2.13949e-02
 22  0.00690  2.06716e-03 | 23  0.01676 -9.48436e-02 | 24  0.00928 -1.95739e-03
 25 -0.03858  2.61241e-02 | 26 -0.03516  1.92324e-02 | 27  0.01049 -1.25182e-01
 28  0.03267  2.63000e-01 | 29  0.02432 -3.34934e-01 | 30  0.00282  1.91554e-01
 31 -0.00416 -1.89463e-01 | 32 -0.02527 -2.10320e-01 | 33  0.00533 -3.44683e-01
 34 -0.02032  2.15995e-01 | 35 -0.01556  1.48184e-02 | 36  0.03403 -1.08111e-02
 37 -0.03505 -1.88028e-01 | 38 -0.04640 -8.06261e-02 | 39 -0.00897  2.02748e-02
 40 -0.00399  6.21671e-04 | 41  0.00970  2.16634e-01 | 42  0.02605  7.07962e-02
 43  0.02525  6.37507e-02 | 44 -0.02734 -3.70069e-02 | 45 -0.00697  1.04455e-01
 46 -0.02876  9.73284e-02 | 47  0.01279 -8.13227e-02 | 48  0.00181  1.37521e-01
 49  0.01508 -2.34432e-01 | 50 -0.01035  1.03490e-01 | 51  0.01364  2.52548e-01
 52 -0.01347  1.59243e-01 | 53 -0.00576  2.03148e-01 | 54  0.04430  2.82916e-02
 55  0.00729  6.96703e-02 | 56  0.00575  2.88479e-02 | 57  0.01942 -2.25127e-02
 58 -0.02103 -2.92560e-02 | 59 -0.01671  1.45399e-01 | 60  0.01134 -8.88996e-02
 61 -0.00942  4.16429e-01 | 62 -0.02669 -6.08634e-01 | 63 -0.02747  4.39627e-02
 64  0.03808  8.25372e-03 | 65 -0.05954 -3.70279e-02 | 66  0.05183  3.01016e-02
 67 -0.04867  3.36648e-02 | 68 -0.01100 -3.19749e-02 | 69  0.02397  3.88062e-02
 70  0.02701  1.02000e-02 | 71 -0.02580 -1.86927e-03 | 72 -0.00759 -4.68084e-02
 73  0.03522  3.36876e-02 | 74 -0.05497  2.32817e-02 | 75 -0.00583 -1.42240e-02
 76 -0.01300  5.51440e-02 | 77  0.01773  2.89505e-02 | 78  0.00922 -6.91628e-02
 79 -0.01154  2.64149e-02 | 80 -0.03197 -1.13188e-01 | 81  0.00435  3.62081e-02
 82 -0.00349  7.64051e-02 | 83 -0.02051  1.54505e-01 | 84 -0.00921  9.44041e-03
 85  0.03462  2.75922e-02 | 86  0.05254  5.32514e-02 | 87  0.02927  1.74145e-02
 88  0.00630  3.80811e-02 | 89 -0.01239 -6.93183e-03 | 90  0.00712 -5.70705e-02
 91 -0.01370 -1.25332e-02 | 92 -0.02349 -2.98976e-01 | 93  0.02266 -4.97453e-03
 94 -0.02669 -4.80414e-02 | 95 -0.01808 -5.13921e-01 | 96 -0.00158  1.25690e-01
 97  0.01941 -8.16886e-02 | 98  0.01195  7.94766e-02 | 99  0.01568  3.35022e-02
100  0.02382 -6.57370e-02 |101 -0.00089  6.01744e-02 |102  0.01697  1.36111e-01
103 -0.01047 -1.90068e-02 |104 -0.00256 -1.64958e-02 |105 -0.00002 -5.19063e-03
106 -0.00002 -5.20830e-03 |107  0.82986  2.43618e-02 |108 -0.41711 -1.30575e-01
109  0.24255 -3.35570e-02 |110 -0.24692  4.39864e-02 |
110 variables; iteration 100; function evaluation 131; phase 5
Function value 2.1414932e+03; maximum gradient component mag -3.1919e-01
Var    Value     Gradient |Var    Value     Gradient |Var    Value     Gradient
  1 -0.42719  2.56118e-02 |  2 -0.42626  2.18938e-01 |  3 -0.39938  1.07377e-01
  4 -0.42112  1.08931e-03 |  5 -0.40361 -2.50422e-02 |  6  0.64372  8.90912e-02
  7 -0.00855  9.46761e-03 |  8 -0.00208 -5.75394e-03 |  9 -0.00475  2.21850e-02
 10  0.00129  1.03613e-02 | 11  0.00388 -3.40224e-02 | 12 -0.00675  4.03383e-02
 13 -0.00186 -1.28315e-02 | 14  0.02966 -2.39994e-02 | 15  0.00081  4.70660e-03
 16  0.00059  9.70985e-03 | 17  0.02274 -3.92225e-02 | 18 -0.01179 -3.94838e-02
 19 -0.00395  3.63591e-02 | 20  0.00459  3.16142e-03 | 21  0.02350 -1.32325e-02
 22  0.00690 -4.68869e-03 | 23  0.01677 -3.53508e-02 | 24  0.00928  8.20017e-03
 25 -0.03858  9.01561e-03 | 26 -0.03516  9.77623e-03 | 27  0.01050 -4.95967e-02
 28  0.03267  1.73676e-01 | 29  0.02433 -1.45217e-01 | 30  0.00281  8.79385e-02
 31 -0.00415 -6.62990e-02 | 32 -0.02525 -3.43205e-02 | 33  0.00534 -1.87603e-01
 34 -0.02034  3.29834e-02 | 35 -0.01556  2.85239e-02 | 36  0.03403 -3.62379e-03
 37 -0.03504 -1.12997e-01 | 38 -0.04639 -1.38735e-02 | 39 -0.00897 -1.07792e-02
 40 -0.00400 -1.87648e-02 | 41  0.00969  9.55836e-02 | 42  0.02604  1.38076e-02
 43  0.02525  6.24066e-02 | 44 -0.02734 -4.87968e-02 | 45 -0.00697  7.26606e-02
 46 -0.02876  8.53531e-02 | 47  0.01279 -1.50652e-02 | 48  0.00180  5.09143e-02
 49  0.01509 -1.46927e-01 | 50 -0.01035  7.59477e-02 | 51  0.01364  1.20210e-01
 52 -0.01348  1.11409e-01 | 53 -0.00577  1.31619e-01 | 54  0.04430  1.05871e-02
 55  0.00728  3.33544e-02 | 56  0.00575  4.20510e-03 | 57  0.01943  1.19057e-02
 58 -0.02103 -3.64775e-02 | 59 -0.01671  6.56341e-02 | 60  0.01135 -3.78173e-02
 61 -0.00943  2.16708e-01 | 62 -0.02667 -3.19188e-01 | 63 -0.02747  7.48610e-03
 64  0.03809  5.71840e-03 | 65 -0.05954 -4.13843e-02 | 66  0.05183  1.13219e-02
 67 -0.04867  2.38508e-02 | 68 -0.01100 -2.34304e-02 | 69  0.02397  1.76991e-02
 70  0.02701  7.46280e-03 | 71 -0.02580  1.29923e-03 | 72 -0.00759 -6.35390e-03
 73  0.03522  1.41918e-02 | 74 -0.05496  5.26086e-02 | 75 -0.00583 -1.71781e-04
 76 -0.01300  2.90228e-02 | 77  0.01773  1.23897e-02 | 78  0.00922 -1.79992e-02
 79 -0.01154  3.00820e-02 | 80 -0.03197 -1.12965e-01 | 81  0.00435  2.22769e-02
 82 -0.00349  2.89075e-02 | 83 -0.02051  7.20326e-02 | 84 -0.00921  6.06680e-03
 85  0.03462  1.38450e-02 | 86  0.05254  2.22046e-02 | 87  0.02927  1.05846e-02
 88  0.00630  1.81098e-02 | 89 -0.01239  1.26351e-02 | 90  0.00712 -1.49488e-02
 91 -0.01370 -3.83529e-03 | 92 -0.02348 -1.36772e-01 | 93  0.02266  4.67952e-03
 94 -0.02669 -5.16424e-02 | 95 -0.01806 -2.70201e-01 | 96 -0.00158  6.59161e-02
 97  0.01942 -3.75560e-02 | 98  0.01195  3.04945e-02 | 99  0.01568 -1.73765e-04
100  0.02383 -2.10113e-02 |101 -0.00090  1.52101e-02 |102  0.01696  3.20273e-02
103 -0.01047 -6.32293e-03 |104 -0.00256 -2.97706e-03 |105 -0.00003 -1.25911e-02
106 -0.00003 -1.23561e-02 |107  0.82986  8.11847e-03 |108 -0.41711 -4.47783e-02
109  0.24255 -1.07463e-02 |110 -0.24692  1.57971e-02 |

 - final statistics:
110 variables; iteration 119; function evaluation 163
Function value 2.1415e+03; maximum gradient component mag -1.0697e-06
Exit code = 1;  converg criter 1.0000e-04
Var    Value     Gradient |Var    Value     Gradient |Var    Value     Gradient
  1 -0.42719 -4.40002e-09 |  2 -0.42626 -6.93669e-09 |  3 -0.39937 -9.50865e-09
  4 -0.42112 -4.14365e-09 |  5 -0.40360  4.78022e-09 |  6  0.64372  3.22680e-10
  7 -0.00856  2.14640e-09 |  8 -0.00208 -1.17819e-08 |  9 -0.00476  1.17794e-08
 10  0.00128  3.18443e-10 | 11  0.00390  1.39783e-08 | 12 -0.00677 -4.02214e-09
 13 -0.00186  3.70285e-09 | 14  0.02967  1.78211e-08 | 15  0.00081  9.49934e-09
 16  0.00059  2.42037e-08 | 17  0.02275  6.37969e-09 | 18 -0.01178 -2.86414e-08
 19 -0.00397  3.26048e-09 | 20  0.00459  5.52593e-09 | 21  0.02350  1.07358e-08
 22  0.00690  8.11166e-09 | 23  0.01678  1.46212e-08 | 24  0.00928 -1.53929e-09
 25 -0.03858  2.06356e-09 | 26 -0.03516 -8.24899e-10 | 27  0.01050 -1.40068e-07
 28  0.03266 -1.62668e-08 | 29  0.02434  2.84726e-08 | 30  0.00280 -1.73075e-08
 31 -0.00415 -1.06589e-07 | 32 -0.02525  6.26983e-09 | 33  0.00536  3.28367e-07
 34 -0.02034  4.92123e-08 | 35 -0.01556 -1.04511e-08 | 36  0.03403 -2.07799e-08
 37 -0.03503  6.39333e-08 | 38 -0.04639  1.74915e-08 | 39 -0.00897  2.09154e-07
 40 -0.00399  1.77169e-08 | 41  0.00968 -1.06965e-06 | 42  0.02604  1.03774e-07
 43  0.02525 -1.07894e-07 | 44 -0.02734  8.12924e-08 | 45 -0.00697  1.90305e-07
 46 -0.02877  1.92095e-08 | 47  0.01279 -1.61634e-07 | 48  0.00180 -1.01923e-07
 49  0.01510  1.28797e-08 | 50 -0.01036 -2.02923e-07 | 51  0.01363  2.10871e-07
 52 -0.01349  2.48068e-07 | 53 -0.00578 -4.20566e-07 | 54  0.04430  2.34047e-08
 55  0.00728  2.74254e-07 | 56  0.00575  1.19454e-08 | 57  0.01943  1.75269e-08
 58 -0.02102  7.92574e-08 | 59 -0.01671  7.22681e-08 | 60  0.01135  1.06261e-08
 61 -0.00944 -3.93959e-08 | 62 -0.02665 -4.12241e-07 | 63 -0.02747  1.41223e-07
 64  0.03809 -9.73158e-09 | 65 -0.05954  2.73426e-08 | 66  0.05183 -1.20671e-08
 67 -0.04867  2.21363e-07 | 68 -0.01100 -5.70588e-09 | 69  0.02397 -4.74430e-09
 70  0.02701 -2.07903e-09 | 71 -0.02580 -1.13698e-08 | 72 -0.00759 -3.06331e-09
 73  0.03522 -1.03001e-08 | 74 -0.05497  1.97050e-07 | 75 -0.00583 -1.31875e-08
 76 -0.01301 -1.28428e-08 | 77  0.01773 -5.76063e-09 | 78  0.00922 -6.01922e-09
 79 -0.01154 -4.47873e-09 | 80 -0.03196 -4.45749e-08 | 81  0.00435 -4.48978e-09
 82 -0.00350 -7.81227e-09 | 83 -0.02052 -3.62920e-08 | 84 -0.00921  1.23824e-09
 85  0.03462 -5.75287e-09 | 86  0.05254 -4.41973e-09 | 87  0.02927 -1.98016e-09
 88  0.00630 -3.27490e-09 | 89 -0.01239  9.02888e-09 | 90  0.00712 -3.16096e-12
 91 -0.01370  1.44348e-08 | 92 -0.02347  3.27866e-08 | 93  0.02266  4.36600e-09
 94 -0.02669  5.65732e-08 | 95 -0.01805  5.30949e-08 | 96 -0.00158  1.81822e-08
 97  0.01942  3.19947e-08 | 98  0.01194  4.00801e-08 | 99  0.01568  1.46611e-08
100  0.02383  1.42815e-07 |101 -0.00090 -5.29066e-08 |102  0.01695  2.15293e-10
103 -0.01047 -5.74464e-09 |104 -0.00256 -5.60215e-08 |105 -0.00003  3.25452e-08
106 -0.00003 -3.03550e-08 |107  0.82986 -5.81541e-09 |108 -0.41711 -1.33408e-08
109  0.24255 -1.10563e-08 |110 -0.24692 -8.07925e-09 |

 - final statistics:
122 variables; iteration 0; function evaluation 0
Function value 2.1415e+03; maximum gradient component mag -1.0697e-06
Exit code = 0;  converg criter 1.0000e-04
Var    Value     Gradient |Var    Value     Gradient |Var    Value     Gradient
  1 -0.42719 -4.38594e-09 |  2 -0.42626 -6.88641e-09 |  3 -0.39937 -9.47171e-09
  4 -0.42112 -4.13979e-09 |  5 -0.40360  4.78783e-09 |  6  0.64372  1.80503e-10
  7 -0.00856  2.14625e-09 |  8 -0.00208 -1.17819e-08 |  9 -0.00476  1.17793e-08
 10  0.00128  3.18385e-10 | 11  0.00390  1.39783e-08 | 12 -0.00677 -4.07061e-09
 13 -0.00186  3.65433e-09 | 14  0.02967  1.77729e-08 | 15  0.00081  9.45107e-09
 16  0.00059  2.41548e-08 | 17  0.02275  6.33096e-09 | 18 -0.01178 -2.86900e-08
 19 -0.00397  3.21176e-09 | 20  0.00459  5.47750e-09 | 21  0.02350  1.06872e-08
 22  0.00690  8.06234e-09 | 23  0.01678  1.45713e-08 | 24  0.00928 -1.58820e-09
 25 -0.03858  2.01424e-09 | 26 -0.03516 -8.74402e-10 | 27  0.01050 -1.40121e-07
 28  0.03266 -1.63190e-08 | 29  0.02434  2.84187e-08 | 30  0.00280 -1.73572e-08
 31 -0.00415 -1.06640e-07 | 32 -0.02525  6.21969e-09 | 33  0.00536  3.28314e-07
 34 -0.02034  4.91620e-08 | 35 -0.01556 -1.05016e-08 | 36  0.03403 -2.08330e-08
 37 -0.03503  6.38830e-08 | 38 -0.04639  1.74417e-08 | 39 -0.00897  2.09104e-07
 40 -0.00399  1.76664e-08 | 41  0.00968 -1.06970e-06 | 42  0.02604  1.03720e-07
 43  0.02525 -1.07947e-07 | 44 -0.02734  8.12418e-08 | 45 -0.00697  1.90253e-07
 46 -0.02877  1.91592e-08 | 47  0.01279 -1.61686e-07 | 48  0.00180 -1.01977e-07
 49  0.01510  1.28285e-08 | 50 -0.01036 -2.02975e-07 | 51  0.01363  2.10815e-07
 52 -0.01349  2.48016e-07 | 53 -0.00578 -4.20619e-07 | 54  0.04430  2.33459e-08
 55  0.00728  2.74201e-07 | 56  0.00575  1.18904e-08 | 57  0.01943  1.74672e-08
 58 -0.02102  7.92037e-08 | 59 -0.01671  7.22141e-08 | 60  0.01135  1.05673e-08
 61 -0.00944 -3.94522e-08 | 62 -0.02665 -4.12295e-07 | 63 -0.02747  1.41169e-07
 64  0.03809 -9.79505e-09 | 65 -0.05954  2.72909e-08 | 66  0.05183 -1.21338e-08
 67 -0.04867  2.21310e-07 | 68 -0.01100 -5.76139e-09 | 69  0.02397 -4.80518e-09
 70  0.02701 -2.13631e-09 | 71 -0.02580 -1.14240e-08 | 72 -0.00759 -3.11927e-09
 73  0.03522 -1.03625e-08 | 74 -0.05497  1.96998e-07 | 75 -0.00583 -1.32436e-08
 76 -0.01301 -1.28977e-08 | 77  0.01773 -5.81913e-09 | 78  0.00922 -6.07447e-09
 79 -0.01154 -4.53418e-09 | 80 -0.03196 -4.46287e-08 | 81  0.00435 -4.54623e-09
 82 -0.00350 -7.86739e-09 | 83 -0.02052 -3.63448e-08 | 84 -0.00921  1.18541e-09
 85  0.03462 -5.81207e-09 | 86  0.05254 -4.48810e-09 | 87  0.02927 -2.03395e-09
 88  0.00630 -3.33015e-09 | 89 -0.01239  8.97588e-09 | 90  0.00712 -6.07036e-11
 91 -0.01370  1.43826e-08 | 92 -0.02347  3.27353e-08 | 93  0.02266  4.31381e-09
 94 -0.02669  5.65230e-08 | 95 -0.01805  5.30451e-08 | 96 -0.00158  1.81326e-08
 97  0.01942  3.19459e-08 | 98  0.01194  4.00309e-08 | 99  0.01568  1.46127e-08
100  0.02383  1.42768e-07 |101 -0.00090 -5.29548e-08 |102  0.01695  1.67420e-10
103 -0.01047 -5.79240e-09 |104 -0.00256 -5.60699e-08 |105 -0.00003  3.24968e-08
106 -0.00003 -3.04034e-08 |107  0.00000  0.00000e+00 |108  0.00000  0.00000e+00
109  0.00000  0.00000e+00 |110  0.00000  0.00000e+00 |111  0.00000  0.00000e+00
112  0.00000  0.00000e+00 |113  0.00000  0.00000e+00 |114  0.00000  0.00000e+00
115  0.00000  0.00000e+00 |116  0.00000  0.00000e+00 |117  0.00000  0.00000e+00
118  0.00000  0.00000e+00 |119  0.82986 -5.83169e-09 |120 -0.41711 -1.32400e-08
121  0.24255 -1.10646e-08 |122 -0.24692 -8.05172e-09 |
size of file gradfil1.tmp = 0
size of file gradfil2.tmp = 0
size of file varssave.tmp = 0
size of file cmpdiff.tmp = 0
