
Initial statistics: 1 variables; iteration 0; function evaluation 0; phase 1
Function value 3.1798745e+03; maximum gradient component mag -4.6992e+03
Var    Value     Gradient |Var    Value     Gradient |Var    Value     Gradient
  1  0.63197 -4.69925e+03 |

 - final statistics:
1 variables; iteration 4; function evaluation 7
Function value 3.1613e+03; maximum gradient component mag -2.8980e-01
Exit code = 1;  converg criter 1.0000e+01
Var    Value     Gradient |Var    Value     Gradient |Var    Value     Gradient
  1  0.64039 -2.89805e-01 |

Initial statistics: 98 variables; iteration 0; function evaluation 0; phase 2
Function value 3.1613237e+03; maximum gradient component mag -6.3098e+03
Var    Value     Gradient |Var    Value     Gradient |Var    Value     Gradient
  1  0.64039 -2.89805e-01 |  2  0.00000  1.62048e+01 |  3  0.00000  7.94080e+00
  4  0.00000 -7.72013e+01 |  5  0.00000 -3.27361e+00 |  6  0.00000  1.37445e+01
  7  0.00000  6.24933e+01 |  8  0.00000 -4.72155e+01 |  9  0.00000 -1.68990e+02
 10  0.00000  4.01708e+01 | 11  0.00000 -9.66391e+01 | 12  0.00000  6.95824e+01
 13  0.00000  2.76129e+01 | 14  0.00000  6.06380e+01 | 15  0.00000 -1.14544e+02
 16  0.00000  8.35471e+01 | 17  0.00000  1.73988e+02 | 18  0.00000  5.05763e+02
 19  0.00000  2.74745e+02 | 20  0.00000  1.68795e+02 | 21  0.00000 -1.22348e+01
 22  0.00000 -2.85823e+02 | 23  0.00000  2.56363e+02 | 24  0.00000  3.42104e+02
 25  0.00000  2.93330e+02 | 26  0.00000 -9.01297e+00 | 27  0.00000  8.68608e+01
 28  0.00000 -1.12215e+02 | 29  0.00000  3.15162e+02 | 30  0.00000  1.11440e+02
 31  0.00000  4.44893e+02 | 32  0.00000 -8.62826e+01 | 33  0.00000  1.93264e+02
 34  0.00000 -3.72344e+01 | 35  0.00000 -3.38999e+02 | 36  0.00000  2.22224e+02
 37  0.00000  1.37171e+02 | 38  0.00000 -1.37849e+02 | 39  0.00000  4.65805e+02
 40  0.00000 -1.43519e+02 | 41  0.00000  1.08871e+02 | 42  0.00000 -1.49730e+02
 43  0.00000  2.13519e+02 | 44  0.00000  3.46068e+01 | 45  0.00000 -3.10342e+02
 46  0.00000 -3.69714e+02 | 47  0.00000 -2.58873e+01 | 48  0.00000 -2.22775e+00
 49  0.00000  2.03916e+02 | 50  0.00000  3.76975e+02 | 51  0.00000  1.88086e+02
 52  0.00000  4.64376e+02 | 53  0.00000  5.71985e+02 | 54  0.00000 -7.86872e+02
 55  0.00000 -1.88643e+03 | 56  0.00000 -8.01149e+02 | 57  0.00000 -6.86850e+01
 58  0.00000 -1.68265e+03 | 59  0.00000 -5.53587e+02 | 60  0.00000 -2.94609e+02
 61  0.00000  5.28716e+02 | 62  0.00000 -6.44590e+02 | 63  0.00000 -6.30977e+03
 64  0.00000 -3.23668e+02 | 65  0.00000 -7.94593e+02 | 66  0.00000 -2.58114e+02
 67  0.00000 -3.44702e+01 | 68  0.00000 -4.92382e+01 | 69  0.00000  1.00802e+03
 70  0.00000  8.00792e+02 | 71  0.00000 -8.89917e+01 | 72  0.00000  1.52720e+03
 73  0.00000  1.12103e+03 | 74  0.00000  1.19912e+03 | 75  0.00000  1.03678e+03
 76  0.00000  9.68181e+02 | 77  0.00000  1.69653e+03 | 78  0.00000  8.25046e+02
 79  0.00000 -5.60798e+02 | 80  0.00000 -3.25453e+02 | 81  0.00000  5.98780e+01
 82  0.00000  1.34221e+02 | 83  0.00000  2.87080e+02 | 84  0.00000 -7.34640e+02
 85  0.00000  1.00641e+03 | 86  0.00000 -5.42979e+02 | 87  0.00000  1.90887e+02
 88  0.00000  4.83987e+02 | 89  0.00000  2.38061e+02 | 90  0.00000  4.22955e+01
 91  0.00000 -6.39440e+02 | 92  0.00000  8.97355e+01 | 93  0.00000  1.31732e+02
 94  0.00000  1.66013e+00 | 95  0.00000 -1.93150e+00 | 96  0.00000 -1.93159e+00
 97  0.81654  1.42356e+02 | 98  0.22185  2.14408e+02 |

Intermediate statistics: 98 variables; iteration 20; function evaluation 32; phase 2
Function value 2.3418762e+03; maximum gradient component mag -1.3541e+03
Var    Value     Gradient |Var    Value     Gradient |Var    Value     Gradient
  1  0.60997 -6.68388e+02 |  2 -0.07992 -1.04820e+02 |  3 -0.02579 -2.24359e+01
  4  0.02957  1.50463e+01 |  5  0.00849  3.66994e+01 |  6  0.00278  3.87271e+01
  7 -0.02361  1.53856e+01 |  8  0.00547 -1.45158e+01 |  9  0.04251  4.81291e+01
 10  0.00201  5.72760e+01 | 11  0.01546 -6.68972e+00 | 12 -0.01125  5.38989e+00
 13 -0.00112  1.18504e+01 | 14 -0.00012  4.32494e+01 | 15  0.01716  3.66034e+01
 16  0.00201  6.15624e+01 | 17 -0.00229  8.32401e+01 | 18 -0.02827  1.27855e+02
 19 -0.00790  1.06309e+02 | 20 -0.00320  7.51811e+01 | 21  0.00478  2.62901e+01
 22  0.01423 -6.92690e+01 | 23 -0.01077  8.56771e+01 | 24 -0.01548  1.04929e+02
 25 -0.01275  9.49391e+01 | 26  0.00447  4.17235e+01 | 27 -0.00203  4.82216e+01
 28  0.01008  2.15222e+01 | 29 -0.01665  7.96307e+01 | 30 -0.00212  4.42917e+01
 31 -0.02722  9.43651e+01 | 32  0.01097  3.30350e+01 | 33 -0.00765  5.60961e+01
 34  0.00619  9.40256e+00 | 35  0.01959 -7.67342e+01 | 36 -0.00883  4.95478e+01
 37 -0.00312  2.54675e+01 | 38  0.01491  1.05210e+01 | 39 -0.02574  9.17773e+01
 40  0.01647  9.11533e+00 | 41 -0.00006  1.96190e+01 | 42  0.01772  7.00508e+00
 43 -0.00563  3.93881e+01 | 44  0.00445 -1.35708e+01 | 45  0.02226 -8.54728e+01
 46  0.02249 -1.38646e+02 | 47  0.00619 -5.55471e+01 | 48  0.00485 -6.75201e+01
 49 -0.00615 -2.75671e+01 | 50 -0.01409  1.60071e+01 | 51 -0.00109 -8.05334e+00
 52 -0.01502  3.04902e+01 | 53 -0.02735 -1.81708e+01 | 54  0.01619 -4.34970e+02
 55  0.04419 -7.16489e+02 | 56  0.01416 -5.00245e+02 | 57 -0.01992 -3.16486e+02
 58  0.04332 -6.34739e+02 | 59  0.00627 -3.92429e+02 | 60  0.00013 -3.49566e+02
 61 -0.08812 -2.93126e+02 | 62 -0.03429 -7.66957e+02 | 63  0.11547 -1.35414e+03
 64 -0.06578 -6.48157e+02 | 65  0.00862 -5.77037e+02 | 66  0.00282 -2.52237e+02
 67  0.01078  1.07422e+02 | 68  0.00611 -7.79775e+01 | 69 -0.01754  3.62194e+02
 70 -0.00265  4.70872e+02 | 71  0.00708 -1.05548e+02 | 72 -0.01577  7.81299e+02
 73 -0.00657  6.41068e+02 | 74 -0.00815  6.74619e+02 | 75 -0.00624  5.79181e+02
 76 -0.00389  5.78419e+02 | 77 -0.01581  9.39232e+02 | 78 -0.00312  4.90123e+02
 79  0.02514  4.51564e+01 | 80  0.01782 -1.65311e+01 | 81  0.01295  1.61999e+02
 82  0.01365  2.36051e+02 | 83  0.00553  1.82340e+02 | 84  0.02937 -1.10829e+02
 85 -0.01455  4.85631e+02 | 86  0.02485 -8.53336e+01 | 87  0.00533  1.04072e+02
 88 -0.00321  2.25993e+02 | 89 -0.00066  6.47092e+01 | 90  0.00152  4.21347e+00
 91  0.04518 -1.20375e+02 | 92 -0.01488  2.43589e+00 | 93 -0.01612  6.62087e+01
 94 -0.03535 -2.83325e+01 | 95  0.00341  2.97038e+01 | 96  0.00341  2.97053e+01
 97  0.83432  7.74226e+01 | 98  0.22551  8.23054e+01 |
98 variables; iteration 40; function evaluation 58; phase 2
Function value 2.1994695e+03; maximum gradient component mag -1.8634e+03
Var    Value     Gradient |Var    Value     Gradient |Var    Value     Gradient
  1  0.60778 -1.86343e+03 |  2  0.03743  1.52890e+02 |  3  0.01116  8.59716e+01
  4  0.04333  8.81395e+01 |  5  0.00016  4.91999e+01 |  6 -0.00849  4.20104e+01
  7 -0.02795  3.69176e+01 |  8  0.01123  3.94963e+01 |  9  0.03946  6.42315e+01
 10  0.00804  1.17475e+02 | 11  0.02873  1.12740e+02 | 12  0.00057  1.01007e+02
 13 -0.00392  2.04426e+01 | 14 -0.01064 -1.16513e+01 | 15  0.01427  1.75966e+01
 16 -0.00190  3.07651e+01 | 17 -0.00827  2.48241e+01 | 18 -0.03025  1.24117e+02
 19 -0.01643  2.05424e+01 | 20 -0.00687  4.03782e+01 | 21  0.00434  3.62731e+01
 22  0.01692  2.28411e+00 | 23 -0.01789  2.28637e+01 | 24 -0.02420  2.71703e+01
 25 -0.02013  2.85058e+01 | 26  0.00283  3.67298e+01 | 27 -0.00468  3.57747e+01
 28  0.01037  4.69792e+01 | 29 -0.02176  4.81255e+01 | 30 -0.00647  8.07519e+00
 31 -0.02845  1.06027e+02 | 32  0.00852  1.35810e+01 | 33 -0.01128  3.51841e+01
 34  0.00482  1.23493e+01 | 35  0.02312  1.37721e+01 | 36 -0.01234  3.52511e+01
 37 -0.00530  2.39733e+01 | 38  0.01300  6.23770e+00 | 39 -0.03023  7.97588e+01
 40  0.01361 -8.42451e+00 | 41 -0.00371  2.64232e+00 | 42  0.01442 -1.87607e+01
 43 -0.01272 -1.12503e+01 | 44  0.00164 -1.82773e+01 | 45  0.02492 -4.97715e-01
 46  0.02619 -3.08818e+01 | 47  0.00546 -2.68865e+01 | 48  0.00455 -3.47337e+01
 49 -0.00762 -1.28204e+01 | 50 -0.01866 -1.08460e+01 | 51 -0.00693 -7.82850e+01
 52 -0.02668 -1.03649e+02 | 53 -0.03362 -5.74506e+01 | 54  0.02280 -1.30807e+02
 55  0.05434 -1.06903e+02 | 56  0.02153 -1.91914e+02 | 57 -0.00708 -4.12359e+01
 58  0.04954 -2.33431e+02 | 59  0.01425 -1.09863e+02 | 60  0.00462 -1.39699e+02
 61 -0.06357 -7.95731e+01 | 62  0.01108 -6.31657e+00 | 63  0.11765 -6.01918e+02
 64 -0.02792 -2.62911e+02 | 65  0.02342 -1.17309e+02 | 66  0.00247 -1.98249e+02
 67  0.00147 -9.07544e+01 | 68  0.00445 -1.53805e+02 | 69 -0.03781 -8.05943e+00
 70 -0.01826  3.77076e+01 | 71  0.00745 -1.55719e+02 | 72 -0.04715  8.52456e+01
 73 -0.02530  8.64573e+01 | 74 -0.02805  1.09042e+02 | 75 -0.02231  1.12992e+02
 76 -0.01878  1.32254e+02 | 77 -0.04991  2.18999e+02 | 78 -0.01780  9.45826e+01
 79  0.02281 -7.79091e+01 | 80  0.02049  3.36380e+01 | 81  0.01061  5.19357e+01
 82  0.00925  6.08085e+01 | 83 -0.00023  2.09310e+01 | 84  0.02964 -1.32789e+02
 85 -0.04249  8.52785e+01 | 86  0.02681  2.95455e+01 | 87  0.00121  7.49581e+01
 88 -0.01794  4.20001e+01 | 89 -0.01022 -1.24153e+01 | 90 -0.00113  5.95272e+01
 91  0.04729  6.69468e+01 | 92 -0.01423  5.89114e+01 | 93 -0.04768  1.62040e+01
 94  0.03906  1.20468e+02 | 95 -0.00074  5.29901e+01 | 96 -0.00074  5.29881e+01
 97  0.82771 -2.93826e+01 | 98  0.22036 -1.76008e+01 |
98 variables; iteration 60; function evaluation 84; phase 2
Function value 2.1842407e+03; maximum gradient component mag -1.1775e+03
Var    Value     Gradient |Var    Value     Gradient |Var    Value     Gradient
  1  0.60666 -1.17747e+03 |  2  0.00033  4.72044e+01 |  3 -0.00433  2.83101e+01
  4  0.03933  4.95990e+01 |  5  0.00733  4.16850e+01 |  6  0.00345  4.79553e+01
  7 -0.02202  2.68242e+01 |  8  0.01396  2.20368e+01 |  9  0.03673  1.66901e+01
 10 -0.00468  3.25254e+01 | 11  0.02115  2.95859e+01 | 12 -0.01019  1.28184e+01
 13 -0.00046  1.48794e+01 | 14 -0.00321  1.48466e+01 | 15  0.01638  1.36482e+01
 16  0.00002  2.62287e+01 | 17 -0.00577  2.72899e+01 | 18 -0.04007  2.34388e+01
 19 -0.01406  2.08226e+01 | 20 -0.00633  2.33286e+01 | 21  0.00478  1.96656e+01
 22  0.01837  3.93132e+00 | 23 -0.01544  2.75656e+01 | 24 -0.02195  2.82190e+01
 25 -0.01823  2.67067e+01 | 26  0.00338  2.10496e+01 | 27 -0.00406  2.03985e+01
 28  0.01024  2.18698e+01 | 29 -0.02086  3.55612e+01 | 30 -0.00455  1.04259e+01
 31 -0.03469  2.97706e+01 | 32  0.01032  2.10154e+01 | 33 -0.01100  2.01058e+01
 34  0.00539  4.20212e+00 | 35  0.02407  1.81907e+01 | 36 -0.01216  2.04014e+01
 37 -0.00620 -3.62883e+00 | 38  0.01347  3.05958e-01 | 39 -0.03297  3.88274e+01
 40  0.01500  4.15090e+00 | 41 -0.00358 -6.16465e+00 | 42  0.01616  4.21312e+00
 43 -0.01155 -8.56985e+00 | 44  0.00226 -1.74851e+01 | 45  0.02321 -3.02661e+01
 46  0.02711 -8.42659e+00 | 47  0.00622 -1.54592e+01 | 48  0.00561 -1.69354e+01
 49 -0.00798 -1.78200e+01 | 50 -0.01920 -1.96507e+01 | 51 -0.00583 -5.64374e+01
 52 -0.02311 -5.79492e+01 | 53 -0.03323 -5.66007e+01 | 54  0.02339 -9.73002e+01
 55  0.05416 -6.95208e+01 | 56  0.02508 -7.74885e+01 | 57 -0.00715 -3.30160e+01
 58  0.05130 -1.11221e+02 | 59  0.01667 -2.97301e+01 | 60  0.00716 -6.73289e+01
 61 -0.05519 -2.19060e+01 | 62  0.00943 -1.88249e+01 | 63  0.11883 -2.60432e+02
 64 -0.01103 -3.71712e+01 | 65  0.02336 -7.04288e+01 | 66  0.00751 -6.20755e+01
 67  0.00151 -6.87910e+01 | 68  0.00657 -8.34658e+01 | 69 -0.03801 -1.55671e+01
 70 -0.01904  1.74526e+01 | 71  0.01009 -6.19633e+01 | 72 -0.04980  2.54897e+01
 73 -0.02745  1.59641e+01 | 74 -0.03073  2.16651e+01 | 75 -0.02537  9.45160e+00
 76 -0.02174  2.35571e+01 | 77 -0.05823  6.43465e+01 | 78 -0.02062  6.87823e+00
 79  0.02499 -1.34412e+01 | 80  0.02042  7.94937e+00 | 81  0.01079  2.56511e+01
 82  0.00940  2.98641e+01 | 83 -0.00020 -9.24874e+00 | 84  0.03391 -1.36462e+01
 85 -0.04528  2.42514e+01 | 86  0.02801  2.22319e+01 | 87  0.00210  5.61989e+01
 88 -0.01672  2.90312e+01 | 89 -0.00676  6.81558e+00 | 90  0.00001  4.13297e+01
 91  0.04794  3.61022e+01 | 92 -0.01060  5.44495e+01 | 93 -0.03285  3.37626e+01
 94  0.00295  4.05054e+01 | 95  0.00792  4.46486e+01 | 96  0.00793  4.46521e+01
 97  0.82536 -4.13835e+01 | 98  0.22031 -2.09850e+01 |
Maximum number of function evaluations exceeded

 - final statistics:
98 variables; iteration 70; function evaluation 100
Function value 2.1828e+03; maximum gradient component mag -8.1872e+02
Exit code = 3;  converg criter 1.0000e+01
Var    Value     Gradient |Var    Value     Gradient |Var    Value     Gradient
  1  0.60657 -8.18715e+02 |  2 -0.00463  2.69256e+01 |  3 -0.00450  1.75891e+01
  4  0.03851  3.69523e+01 |  5  0.00167  1.74387e+01 |  6 -0.00487  1.58656e+01
  7 -0.01674  2.98317e+01 |  8  0.01535  1.73887e+01 |  9  0.04032  2.77879e+01
 10 -0.00532  2.01805e+01 | 11  0.01970  1.11441e+01 | 12 -0.00659  2.23710e+01
 13  0.00204  2.27567e+01 | 14 -0.00236  1.22683e+01 | 15  0.01723  1.49060e+01
 16 -0.00003  1.67216e+01 | 17 -0.00484  2.78599e+01 | 18 -0.04050  1.02140e+01
 19 -0.01360  1.55813e+01 | 20 -0.00655  1.05381e+01 | 21  0.00500  1.31857e+01
 22  0.01873  2.83850e+00 | 23 -0.01498  2.41534e+01 | 24 -0.02150  2.43917e+01
 25 -0.01814  1.91510e+01 | 26  0.00336  1.32692e+01 | 27 -0.00383  1.62085e+01
 28  0.01075  2.39218e+01 | 29 -0.02169  1.91208e+01 | 30 -0.00366  1.51669e+01
 31 -0.03621  8.96558e+00 | 32  0.01045  1.73801e+01 | 33 -0.01117  1.15624e+01
 34  0.00564  3.09555e+00 | 35  0.02412  1.69518e+01 | 36 -0.01164  2.10507e+01
 37 -0.00597 -5.14416e+00 | 38  0.01415  9.87283e+00 | 39 -0.03282  3.39768e+01
 40  0.01498  2.61667e+00 | 41 -0.00356 -9.00827e+00 | 42  0.01592  1.09118e+00
 43 -0.01089 -3.50107e+00 | 44  0.00304 -6.02827e+00 | 45  0.02386 -1.24291e+01
 46  0.02680 -6.85616e+00 | 47  0.00624 -1.19442e+01 | 48  0.00534 -1.67473e+01
 49 -0.00747 -8.90128e+00 | 50 -0.01881 -1.37852e+01 | 51 -0.00477 -3.48179e+01
 52 -0.02213 -4.31825e+01 | 53 -0.03170 -3.74761e+01 | 54  0.02473 -4.64100e+01
 55  0.05412 -5.32232e+01 | 56  0.02613 -4.09481e+01 | 57 -0.00744 -3.64230e+01
 58  0.05216 -5.97732e+01 | 59  0.01612 -3.51412e+01 | 60  0.00883 -2.78722e+01
 61 -0.05493 -2.45541e+01 | 62  0.00898 -2.54797e+01 | 63  0.11846 -2.35118e+02
 64 -0.00953 -1.42693e+01 | 65  0.02393 -4.49032e+01 | 66  0.00840 -3.43948e+01
 67  0.00238 -4.31173e+01 | 68  0.00746 -5.31771e+01 | 69 -0.03736 -8.75218e+00
 70 -0.01989 -3.43769e+00 | 71  0.01111 -2.49663e+01 | 72 -0.05109 -1.87620e+00
 73 -0.02770  2.28755e+00 | 74 -0.03142 -2.18121e+00 | 75 -0.02541 -4.05535e-01
 76 -0.02231 -2.91380e-01 | 77 -0.06020  2.65257e+01 | 78 -0.02046  2.89118e+00
 79  0.02552  4.23303e+00 | 80  0.02053  5.84581e+00 | 81  0.01053  9.83440e+00
 82  0.00904  1.10177e+01 | 83  0.00044 -3.79823e+00 | 84  0.03471  8.90970e+00
 85 -0.04547  1.16844e+01 | 86  0.02823  1.63516e+01 | 87  0.00143  2.97708e+01
 88 -0.01596  2.97251e+01 | 89 -0.00550  1.67396e+01 | 90  0.00026  3.48349e+01
 91  0.04797  2.23814e+01 | 92 -0.01483  2.01412e+01 | 93 -0.02969  3.20489e+01
 94 -0.00037  2.48416e+01 | 95  0.00348  2.74315e+01 | 96  0.00348  2.74283e+01
 97  0.82404 -3.74377e+01 | 98  0.22033 -1.13830e+01 |

Initial statistics: 100 variables; iteration 0; function evaluation 0; phase 3
Function value 2.1828414e+03; maximum gradient component mag -8.1872e+02
Var    Value     Gradient |Var    Value     Gradient |Var    Value     Gradient
  1  0.60657 -8.18715e+02 |  2 -0.00463  2.68980e+01 |  3 -0.00450  1.75615e+01
  4  0.03851  3.69247e+01 |  5  0.00167  1.74111e+01 |  6 -0.00487  1.58380e+01
  7 -0.01674  2.98041e+01 |  8  0.01535  1.73611e+01 |  9  0.04032  2.77603e+01
 10 -0.00532  2.01528e+01 | 11  0.01969  1.11165e+01 | 12 -0.00659  2.23434e+01
 13  0.00204  2.27291e+01 | 14 -0.00236  1.22407e+01 | 15  0.01723  1.48784e+01
 16 -0.00003  1.66939e+01 | 17 -0.00484  2.78323e+01 | 18 -0.04050  1.01865e+01
 19 -0.01360  1.55536e+01 | 20 -0.00655  1.05105e+01 | 21  0.00500  1.31580e+01
 22  0.01872  2.81090e+00 | 23 -0.01498  2.41258e+01 | 24 -0.02150  2.43641e+01
 25 -0.01814  1.91234e+01 | 26  0.00336  1.32416e+01 | 27 -0.00383  1.61809e+01
 28  0.01075  2.38941e+01 | 29 -0.02169  1.90932e+01 | 30 -0.00366  1.51393e+01
 31 -0.03621  8.93801e+00 | 32  0.01045  1.73525e+01 | 33 -0.01117  1.15348e+01
 34  0.00564  3.06794e+00 | 35  0.02412  1.69242e+01 | 36 -0.01164  2.10231e+01
 37 -0.00598 -5.17177e+00 | 38  0.01415  9.84522e+00 | 39 -0.03282  3.39492e+01
 40  0.01498  2.58907e+00 | 41 -0.00356 -9.03589e+00 | 42  0.01592  1.06357e+00
 43 -0.01089 -3.52869e+00 | 44  0.00304 -6.05588e+00 | 45  0.02386 -1.24567e+01
 46  0.02680 -6.88375e+00 | 47  0.00624 -1.19718e+01 | 48  0.00534 -1.67749e+01
 49 -0.00747 -8.92889e+00 | 50 -0.01881 -1.38128e+01 | 51 -0.00477 -3.48455e+01
 52 -0.02213 -4.32101e+01 | 53 -0.03170 -3.75036e+01 | 54  0.02473 -4.64376e+01
 55  0.05412 -5.32507e+01 | 56  0.02613 -4.09757e+01 | 57 -0.00744 -3.64506e+01
 58  0.05216 -5.98007e+01 | 59  0.01612 -3.51688e+01 | 60  0.00883 -2.78999e+01
 61 -0.05493 -2.45816e+01 | 62  0.00898 -2.55073e+01 | 63  0.11846 -2.35145e+02
 64 -0.00953 -1.42969e+01 | 65  0.02393 -4.49308e+01 | 66  0.00840 -3.44224e+01
 67  0.00238 -4.31450e+01 | 68  0.00745 -5.32047e+01 | 69 -0.03736 -8.77975e+00
 70 -0.01989 -3.46529e+00 | 71  0.01111 -2.49939e+01 | 72 -0.05109 -1.90372e+00
 73 -0.02770  2.25996e+00 | 74 -0.03142 -2.20879e+00 | 75 -0.02541 -4.33130e-01
 76 -0.02231 -3.18980e-01 | 77 -0.06020  2.64982e+01 | 78 -0.02046  2.86358e+00
 79  0.02552  4.20544e+00 | 80  0.02053  5.81821e+00 | 81  0.01053  9.80679e+00
 82  0.00904  1.09901e+01 | 83  0.00044 -3.82585e+00 | 84  0.03471  8.88212e+00
 85 -0.04547  1.16568e+01 | 86  0.02823  1.63240e+01 | 87  0.00143  2.97432e+01
 88 -0.01596  2.96975e+01 | 89 -0.00550  1.67120e+01 | 90  0.00026  3.48073e+01
 91  0.04796  2.23539e+01 | 92 -0.01483  2.01136e+01 | 93 -0.02969  3.20213e+01
 94 -0.00037  2.48140e+01 | 95  0.00348  2.74038e+01 | 96  0.00348  2.74007e+01
 97  0.82404 -3.74377e+01 | 98 -0.41581  3.97713e+02 | 99  0.22033 -1.13830e+01
100 -0.25275 -2.76370e+01 |

Intermediate statistics: 100 variables; iteration 20; function evaluation 25; phase 3
Function value 2.1820146e+03; maximum gradient component mag -8.7347e+02
Var    Value     Gradient |Var    Value     Gradient |Var    Value     Gradient
  1  0.60615 -8.73474e+02 |  2 -0.00631  2.44819e+01 |  3 -0.00244  2.26382e+01
  4  0.03489  2.69836e+01 |  5  0.00341  2.20452e+01 |  6 -0.00282  2.14755e+01
  7 -0.01874  2.51344e+01 |  8  0.01635  2.06988e+01 |  9  0.04006  2.44238e+01
 10 -0.00485  2.15533e+01 | 11  0.02074  1.58253e+01 | 12 -0.00644  2.20163e+01
 13  0.00224  2.21701e+01 | 14 -0.00169  1.52004e+01 | 15  0.01745  1.38619e+01
 16  0.00010  1.58022e+01 | 17 -0.00522  2.18733e+01 | 18 -0.03994  1.35195e+01
 19 -0.01346  1.50650e+01 | 20 -0.00626  1.15086e+01 | 21  0.00509  1.07766e+01
 22  0.01906  4.38366e+00 | 23 -0.01522  1.92588e+01 | 24 -0.02171  2.03068e+01
 25 -0.01819  1.66534e+01 | 26  0.00334  9.53543e+00 | 27 -0.00391  1.19215e+01
 28  0.01014  9.91099e+00 | 29 -0.02175  1.68256e+01 | 30 -0.00375  1.20252e+01
 31 -0.03581  1.16227e+01 | 32  0.01003  8.18285e+00 | 33 -0.01109  1.10351e+01
 34  0.00586  3.80985e+00 | 35  0.02351  1.08012e+00 | 36 -0.01200  1.54812e+01
 37 -0.00539  9.19733e-01 | 38  0.01379  1.52599e+00 | 39 -0.03357  2.70088e+01
 40  0.01482 -2.00832e+00 | 41 -0.00300 -2.83337e+00 | 42  0.01569 -4.21243e+00
 43 -0.01058 -6.25019e-01 | 44  0.00320 -4.97336e+00 | 45  0.02377 -1.70378e+01
 46  0.02629 -2.01105e+01 | 47  0.00630 -1.32141e+01 | 48  0.00550 -1.59008e+01
 49 -0.00747 -9.51136e+00 | 50 -0.01846 -9.25686e+00 | 51 -0.00382 -1.78296e+01
 52 -0.02047 -1.76906e+01 | 53 -0.03016 -1.54179e+01 | 54  0.02514 -3.70377e+01
 55  0.05436 -4.54914e+01 | 56  0.02645 -3.33584e+01 | 57 -0.00625 -1.53771e+01
 58  0.05208 -6.44178e+01 | 59  0.01648 -2.54377e+01 | 60  0.00917 -1.96573e+01
 61 -0.05371 -1.25444e+01 | 62  0.00925 -1.97958e+01 | 63  0.11895 -1.85131e+02
 64 -0.00934 -1.07754e+01 | 65  0.02406 -4.07866e+01 | 66  0.00862 -2.99894e+01
 67  0.00294 -2.97482e+01 | 68  0.00805 -3.89855e+01 | 69 -0.03711 -5.47093e+00
 70 -0.02007 -1.19476e+01 | 71  0.01089 -4.05706e+01 | 72 -0.05074  2.68050e-01
 73 -0.02785 -4.33073e+00 | 74 -0.03125 -2.69006e+00 | 75 -0.02536 -2.06204e+00
 76 -0.02219 -1.62741e+00 | 77 -0.06083  1.67761e+01 | 78 -0.02037 -9.21703e-02
 79  0.02496 -2.50241e+01 | 80  0.02009 -1.75675e+01 | 81  0.01016 -4.06695e+00
 82  0.00876 -3.49920e-01 | 83  0.00075  2.13811e+00 | 84  0.03433 -9.88244e+00
 85 -0.04531  1.43675e+01 | 86  0.02796  5.98676e+00 | 87  0.00088  2.00945e+01
 88 -0.01643  2.42099e+01 | 89 -0.00548  2.11502e+01 | 90 -0.00037  2.90474e+01
 91  0.04779  2.52524e+01 | 92 -0.01428  2.35818e+01 | 93 -0.03194  2.75503e+01
 94 -0.00167  2.43537e+01 | 95  0.00079  2.45816e+01 | 96  0.00079  2.45813e+01
 97  0.80290 -2.88616e+01 | 98 -0.41985  1.37742e+02 | 99  0.22341 -2.34567e+01
100 -0.25143  5.47962e+01 |
100 variables; iteration 40; function evaluation 49; phase 3
Function value 2.1814250e+03; maximum gradient component mag -3.2439e+02
Var    Value     Gradient |Var    Value     Gradient |Var    Value     Gradient
  1  0.60671 -3.24385e+02 |  2 -0.00412  1.38206e+01 |  3 -0.00528  1.80909e+00
  4  0.03178  3.98262e+00 |  5  0.00172  3.18430e+00 |  6 -0.00340  5.30866e+00
  7 -0.01862  1.07493e+01 |  8  0.01576  4.42263e+00 |  9  0.03968  9.30338e+00
 10 -0.00347  1.34219e+01 | 11  0.02136  7.05766e+00 | 12 -0.00555  1.36166e+01
 13  0.00160  5.29991e+00 | 14 -0.00091  9.12983e+00 | 15  0.01779  7.50289e+00
 16  0.00042  8.31657e+00 | 17 -0.00561  6.86023e+00 | 18 -0.03929  6.01136e+00
 19 -0.01325  6.80760e+00 | 20 -0.00607  4.03452e+00 | 21  0.00525  4.72384e+00
 22  0.01923  9.73776e-01 | 23 -0.01526  8.25064e+00 | 24 -0.02201  6.32907e+00
 25 -0.01817  6.70565e+00 | 26  0.00343  3.28612e+00 | 27 -0.00383  4.83901e+00
 28  0.01020  4.77915e+00 | 29 -0.02208  3.81873e+00 | 30 -0.00371  5.21992e+00
 31 -0.03551  3.90159e+00 | 32  0.01002  3.53070e+00 | 33 -0.01100  4.76851e+00
 34  0.00600  1.37631e+00 | 35  0.02323 -5.05383e+00 | 36 -0.01225  6.01081e+00
 37 -0.00503  6.33708e-01 | 38  0.01386  1.62868e+00 | 39 -0.03428  1.25476e+01
 40  0.01491 -5.00629e-02 | 41 -0.00266 -1.16232e+00 | 42  0.01575 -6.39703e-01
 43 -0.01010  2.05913e+00 | 44  0.00347 -2.56127e-01 | 45  0.02389 -6.26645e+00
 46  0.02611 -1.25288e+01 | 47  0.00658 -3.36728e+00 | 48  0.00586 -3.51893e+00
 49 -0.00728 -2.88498e+00 | 50 -0.01816 -3.50001e+00 | 51 -0.00364 -7.48845e+00
 52 -0.01944 -2.23704e-01 | 53 -0.02948 -6.83469e+00 | 54  0.02526 -1.75334e+01
 55  0.05427 -1.75195e+01 | 56  0.02680 -7.46747e+00 | 57 -0.00609 -9.14033e+00
 58  0.05227 -2.45387e+01 | 59  0.01689 -3.84181e+00 | 60  0.00938 -5.53773e+00
 61 -0.05204 -3.91001e+00 | 62  0.00917 -1.21607e+01 | 63  0.11893 -6.77729e+01
 64 -0.00923 -4.68115e+00 | 65  0.02430 -1.51211e+01 | 66  0.00861 -1.74663e+01
 67  0.00323 -1.12537e+01 | 68  0.00848 -1.21630e+01 | 69 -0.03683 -1.46388e+00
 70 -0.01989 -4.12338e+00 | 71  0.01126 -1.22927e+01 | 72 -0.05043  1.01099e+00
 73 -0.02768 -1.28275e+00 | 74 -0.03124 -5.27434e+00 | 75 -0.02533 -4.43838e+00
 76 -0.02221 -5.98483e+00 | 77 -0.06093  6.21523e+00 | 78 -0.02017  5.76545e-01
 79  0.02527 -6.60835e+00 | 80  0.02002 -1.61596e+01 | 81  0.01039  1.13928e+00
 82  0.00889  4.61222e-01 | 83  0.00098  1.28964e+00 | 84  0.03461 -1.47775e+00
 85 -0.04496  6.08915e+00 | 86  0.02839  1.13888e+01 | 87  0.00120  1.32280e+01
 88 -0.01634  1.07015e+01 | 89 -0.00518  9.52900e+00 | 90 -0.00035  1.26337e+01
 91  0.04775  6.04780e+00 | 92 -0.01426  7.76728e+00 | 93 -0.03273  9.71698e+00
 94 -0.00313  6.82173e+00 | 95 -0.00266  4.10000e+00 | 96 -0.00265  4.10334e+00
 97  0.80204 -1.18826e+01 | 98 -0.41993  6.60139e+01 | 99  0.22339 -1.14305e+01
100 -0.25150  1.78416e+01 |
100 variables; iteration 60; function evaluation 74; phase 3
Function value 2.1812575e+03; maximum gradient component mag -1.1442e+01
Var    Value     Gradient |Var    Value     Gradient |Var    Value     Gradient
  1  0.60752 -1.14418e+01 |  2 -0.00706 -1.69573e-01 |  3 -0.00325 -2.08080e+00
  4  0.03351  1.19087e+00 |  5  0.00409  1.19554e+00 |  6 -0.00137  2.85729e+00
  7 -0.01959  5.20053e-01 |  8  0.01578 -2.48372e+00 |  9  0.03934  1.48173e+00
 10 -0.00443  2.44230e+00 | 11  0.02123  4.48797e-01 | 12 -0.00735 -2.64852e+00
 13  0.00179  7.43104e-01 | 14 -0.00097  3.05429e+00 | 15  0.01748 -1.47902e-01
 16 -0.00026 -3.53463e+00 | 17 -0.00592 -1.02453e+00 | 18 -0.03946 -1.25861e+00
 19 -0.01347  1.99038e-01 | 20 -0.00607  7.15881e-01 | 21  0.00504 -4.44155e-01
 22  0.01923  8.21825e-01 | 23 -0.01548  1.68556e+00 | 24 -0.02226 -9.27084e-01
 25 -0.01837  3.59864e-01 | 26  0.00333 -4.64264e-01 | 27 -0.00399 -1.07307e-02
 28  0.00997  3.50293e-02 | 29 -0.02174  3.51266e+00 | 30 -0.00382  1.53621e+00
 31 -0.03559 -1.45663e+00 | 32  0.00990  9.83338e-01 | 33 -0.01129 -1.36885e+00
 34  0.00590 -6.78583e-01 | 35  0.02337  2.20611e-01 | 36 -0.01256  2.67354e-01
 37 -0.00512 -1.71575e+00 | 38  0.01364 -4.55379e-01 | 39 -0.03520  8.73219e-01
 40  0.01472 -8.16251e-01 | 41 -0.00265 -6.59917e-01 | 42  0.01550 -9.11079e-01
 43 -0.01009  2.15909e+00 | 44  0.00332  2.17404e-01 | 45  0.02382  6.06442e-02
 46  0.02617 -2.09104e+00 | 47  0.00642 -4.60142e-01 | 48  0.00560 -1.39444e+00
 49 -0.00732  9.05910e-01 | 50 -0.01810  2.12376e-01 | 51 -0.00365 -9.85028e-01
 52 -0.01966  3.08906e-01 | 53 -0.02903  1.43354e+00 | 54  0.02535 -3.29062e-01
 55  0.05406 -1.04454e+00 | 56  0.02658 -9.01665e-03 | 57 -0.00580  7.96096e-01
 58  0.05226 -4.51417e-01 | 59  0.01658 -7.60946e-01 | 60  0.00919 -1.25661e+00
 61 -0.05118  1.98689e+00 | 62  0.00927 -9.37759e-01 | 63  0.11869 -3.22022e+00
 64 -0.00931 -8.04601e-01 | 65  0.02425 -1.93465e-01 | 66  0.00872 -2.52939e+00
 67  0.00329  1.84760e+00 | 68  0.00840 -7.03965e-01 | 69 -0.03694 -6.16438e-01
 70 -0.01995  7.36121e-02 | 71  0.01118 -3.98045e-01 | 72 -0.05054 -9.15290e-01
 73 -0.02775  9.46671e-01 | 74 -0.03106  1.17458e+00 | 75 -0.02526  7.67580e-01
 76 -0.02215 -1.86995e+00 | 77 -0.06100  2.23230e+00 | 78 -0.02016  1.56556e+00
 79  0.02516 -2.89538e-01 | 80  0.02025 -4.96284e-01 | 81  0.01011 -1.72267e+00
 82  0.00881  1.12507e+00 | 83  0.00086 -2.38311e-01 | 84  0.03449 -1.02775e-02
 85 -0.04487  2.15976e+00 | 86  0.02807  4.39908e-01 | 87  0.00079  2.79514e-01
 88 -0.01662 -6.45059e-02 | 89 -0.00536  2.18687e-02 | 90 -0.00068  6.24427e-01
 91  0.04785  1.02961e+00 | 92 -0.01399  4.81230e-01 | 93 -0.03285  5.05899e-01
 94 -0.00451 -3.95125e+00 | 95  0.00117  1.36289e+00 | 96  0.00117  1.36218e+00
 97  0.80008 -8.11395e-01 | 98 -0.42028  6.44671e+00 | 99  0.22532  7.67198e-01
100 -0.25095  3.90346e-01 |
Maximum number of function evaluations exceeded

 - final statistics:
100 variables; iteration 79; function evaluation 100
Function value 2.1812e+03; maximum gradient component mag -2.6102e+00
Exit code = 3;  converg criter 1.0000e+00
Var    Value     Gradient |Var    Value     Gradient |Var    Value     Gradient
  1  0.60757 -2.61024e+00 |  2 -0.00686 -3.10531e-02 |  3 -0.00236 -4.55139e-01
  4  0.03325  2.22852e-01 |  5  0.00401  7.55637e-01 |  6 -0.00213  6.26400e-01
  7 -0.01942  7.02312e-01 |  8  0.01630 -7.11134e-01 |  9  0.03913  3.72534e-02
 10 -0.00485  4.73255e-01 | 11  0.02116 -2.56187e-01 | 12 -0.00694 -6.72928e-01
 13  0.00172  4.99211e-02 | 14 -0.00125  6.87623e-01 | 15  0.01745 -5.05919e-01
 16  0.00010  2.45577e-01 | 17 -0.00593 -1.00928e+00 | 18 -0.03938 -6.78260e-01
 19 -0.01348  4.70307e-02 | 20 -0.00611  1.67549e-01 | 21  0.00499 -1.08334e+00
 22  0.01923  8.85075e-01 | 23 -0.01559  2.61074e-01 | 24 -0.02217  8.02404e-02
 25 -0.01837  3.32014e-01 | 26  0.00331 -5.88074e-01 | 27 -0.00395  5.73504e-01
 28  0.00991 -8.68528e-01 | 29 -0.02189  1.81815e+00 | 30 -0.00389  5.84884e-01
 31 -0.03543 -2.45742e-01 | 32  0.00983 -7.93005e-02 | 33 -0.01120 -3.24624e-01
 34  0.00589 -7.95290e-01 | 35  0.02337  2.77710e-01 | 36 -0.01258  3.50653e-02
 37 -0.00502 -3.09564e-01 | 38  0.01372  1.09511e+00 | 39 -0.03525  3.71932e-01
 40  0.01474 -3.23961e-01 | 41 -0.00265 -6.17913e-01 | 42  0.01549 -9.98963e-01
 43 -0.01024  4.70999e-01 | 44  0.00334  7.10273e-01 | 45  0.02387  1.33261e+00
 46  0.02623 -4.58702e-01 | 47  0.00640 -4.40669e-01 | 48  0.00563 -6.90424e-01
 49 -0.00743 -4.93847e-01 | 50 -0.01813  2.85524e-02 | 51 -0.00363 -3.21834e-01
 52 -0.01971 -3.17530e-01 | 53 -0.02909  6.20823e-01 | 54  0.02533 -1.00707e-01
 55  0.05405 -2.64073e-01 | 56  0.02656  1.47677e-02 | 57 -0.00586  1.93410e-02
 58  0.05224 -5.95893e-02 | 59  0.01658 -3.11266e-01 | 60  0.00923 -1.44538e-02
 61 -0.05133  6.02547e-01 | 62  0.00931  1.45850e-01 | 63  0.11869 -7.25312e-01
 64 -0.00931 -5.64581e-01 | 65  0.02423 -4.62513e-03 | 66  0.00878 -5.78556e-01
 67  0.00322  4.76042e-01 | 68  0.00840 -8.35698e-02 | 69 -0.03693 -3.53007e-01
 70 -0.01998 -2.89770e-01 | 71  0.01117 -4.45649e-02 | 72 -0.05051 -2.48460e-01
 73 -0.02778  5.11539e-01 | 74 -0.03111  3.29870e-01 | 75 -0.02529  9.46230e-02
 76 -0.02210 -3.18568e-01 | 77 -0.06115  7.48711e-02 | 78 -0.02022  4.25448e-01
 79  0.02516 -6.76089e-02 | 80  0.02025 -8.95442e-02 | 81  0.01015 -4.35823e-01
 82  0.00877  3.16147e-01 | 83  0.00086 -2.69720e-01 | 84  0.03448  3.82315e-02
 85 -0.04500  5.67871e-01 | 86  0.02805  1.35049e-01 | 87  0.00074 -4.32054e-01
 88 -0.01658  8.47955e-01 | 89 -0.00526  2.03007e+00 | 90 -0.00074  7.50089e-02
 91  0.04772 -1.27478e+00 | 92 -0.01393  6.75017e-01 | 93 -0.03323 -7.07499e-01
 94 -0.00247 -9.50963e-01 | 95  0.00066  3.29471e-01 | 96  0.00065  3.14346e-01
 97  0.79985 -2.37180e-01 | 98 -0.42032  1.93379e+00 | 99  0.22496 -2.33873e-01
100 -0.25106 -8.07471e-02 |

Initial statistics: 108 variables; iteration 0; function evaluation 0; phase 4
Function value 2.1812430e+03; maximum gradient component mag 3.8122e+02
Var    Value     Gradient |Var    Value     Gradient |Var    Value     Gradient
  1 -0.42263  1.51258e+02 |  2 -0.42263  3.69208e+02 |  3 -0.41094  3.81225e+02
  4  0.60757 -2.61024e+00 |  5  0.00000 -5.24272e+00 |  6  0.00000 -1.17816e+00
  7  0.00000 -1.71707e+01 |  8  0.00000  1.20992e+01 |  9  0.00000 -5.68056e+01
 10 -0.00686 -3.14404e-02 | 11 -0.00236 -4.55526e-01 | 12  0.03325  2.22465e-01
 13  0.00401  7.55250e-01 | 14 -0.00213  6.26013e-01 | 15 -0.01942  7.01925e-01
 16  0.01630 -7.11521e-01 | 17  0.03913  3.68668e-02 | 18 -0.00485  4.72868e-01
 19  0.02116 -2.56574e-01 | 20 -0.00694 -6.73315e-01 | 21  0.00172  4.95339e-02
 22 -0.00125  6.87236e-01 | 23  0.01745 -5.06307e-01 | 24  0.00010  2.45190e-01
 25 -0.00593 -1.00966e+00 | 26 -0.03938 -6.78646e-01 | 27 -0.01348  4.66436e-02
 28 -0.00611  1.67161e-01 | 29  0.00499 -1.08373e+00 | 30  0.01923  8.84688e-01
 31 -0.01559  2.60687e-01 | 32 -0.02217  7.98534e-02 | 33 -0.01837  3.31627e-01
 34  0.00331 -5.88461e-01 | 35 -0.00395  5.73117e-01 | 36  0.00991 -8.68915e-01
 37 -0.02189  1.81777e+00 | 38 -0.00389  5.84497e-01 | 39 -0.03543 -2.46128e-01
 40  0.00983 -7.96878e-02 | 41 -0.01120 -3.25011e-01 | 42  0.00589 -7.95678e-01
 43  0.02337  2.77323e-01 | 44 -0.01258  3.46782e-02 | 45 -0.00502 -3.09951e-01
 46  0.01372  1.09472e+00 | 47 -0.03525  3.71546e-01 | 48  0.01474 -3.24348e-01
 49 -0.00265 -6.18300e-01 | 50  0.01549 -9.99350e-01 | 51 -0.01024  4.70611e-01
 52  0.00334  7.09886e-01 | 53  0.02387  1.33223e+00 | 54  0.02623 -4.59088e-01
 55  0.00640 -4.41057e-01 | 56  0.00563 -6.90811e-01 | 57 -0.00743 -4.94234e-01
 58 -0.01813  2.81653e-02 | 59 -0.00363 -3.22221e-01 | 60 -0.01971 -3.17917e-01
 61 -0.02909  6.20437e-01 | 62  0.02533 -1.01093e-01 | 63  0.05405 -2.64459e-01
 64  0.02656  1.43807e-02 | 65 -0.00586  1.89538e-02 | 66  0.05224 -5.99752e-02
 67  0.01658 -3.11653e-01 | 68  0.00923 -1.48411e-02 | 69 -0.05133  6.02161e-01
 70  0.00931  1.45463e-01 | 71  0.11869 -7.25693e-01 | 72 -0.00931 -5.64969e-01
 73  0.02423 -5.01210e-03 | 74  0.00878 -5.78943e-01 | 75  0.00322  4.75655e-01
 76  0.00840 -8.39570e-02 | 77 -0.03693 -3.53394e-01 | 78 -0.01998 -2.90157e-01
 79  0.01117 -4.49521e-02 | 80 -0.05051 -2.48846e-01 | 81 -0.02778  5.11152e-01
 82 -0.03111  3.29483e-01 | 83 -0.02529  9.42360e-02 | 84 -0.02210 -3.18955e-01
 85 -0.06115  7.44856e-02 | 86 -0.02022  4.25061e-01 | 87  0.02516 -6.79959e-02
 88  0.02025 -8.99313e-02 | 89  0.01015 -4.36210e-01 | 90  0.00877  3.15760e-01
 91  0.00086 -2.70107e-01 | 92  0.03448  3.78448e-02 | 93 -0.04500  5.67485e-01
 94  0.02805  1.34663e-01 | 95  0.00074 -4.32441e-01 | 96 -0.01658  8.47568e-01
 97 -0.00526  2.02968e+00 | 98 -0.00074  7.46216e-02 | 99  0.04772 -1.27517e+00
100 -0.01393  6.74629e-01 |101 -0.03323 -7.07885e-01 |102 -0.00247 -9.51350e-01
103  0.00066  3.29084e-01 |104  0.00065  3.13958e-01 |105  0.79985 -2.37180e-01
106 -0.42032  1.93379e+00 |107  0.22496 -2.33873e-01 |108 -0.25106 -8.07471e-02

Intermediate statistics: 108 variables; iteration 20; function evaluation 26; phase 4
Function value 2.1794753e+03; maximum gradient component mag 4.8978e+02
Var    Value     Gradient |Var    Value     Gradient |Var    Value     Gradient
  1 -0.43907  7.05959e+01 |  2 -0.42249  4.89775e+02 |  3 -0.40865  2.46168e+02
  4  0.60770  5.60073e+01 |  5  0.00002 -1.99260e+00 |  6  0.00001 -4.51948e-01
  7  0.00774 -4.43404e+00 |  8 -0.00519  3.82403e+00 |  9  0.01810 -2.06004e+01
 10 -0.00708 -6.84254e-01 | 11 -0.00247 -6.84653e-01 | 12  0.03302  6.71105e-01
 13  0.00364  4.12850e-01 | 14 -0.00240  5.58021e-01 | 15 -0.01972  4.14561e-01
 16  0.01638  1.35999e+00 | 17  0.03929  4.33647e+00 | 18 -0.00483  2.04930e+00
 19  0.02140  4.35692e+00 | 20 -0.00678  2.03385e+00 | 21  0.00197  4.21428e+00
 22 -0.00095  5.32569e+00 | 23  0.01788  7.83227e+00 | 24  0.00046  6.34334e+00
 25 -0.00565  3.98618e+00 | 26 -0.03924  8.71030e-01 | 27 -0.01331  3.17562e+00
 28 -0.00588  4.84896e+00 | 29  0.00527  5.38021e+00 | 30  0.01962  1.42928e+01
 31 -0.01532  5.74631e+00 | 32 -0.02194  4.29764e+00 | 33 -0.01822  3.49919e+00
 34  0.00347  4.43976e+00 | 35 -0.00377  5.32913e+00 | 36  0.01017  6.89387e+00
 37 -0.02163  6.68624e+00 | 38 -0.00375  4.70301e+00 | 39 -0.03531  1.15045e+00
 40  0.01000  6.69184e+00 | 41 -0.01110  3.05879e+00 | 42  0.00607  4.37740e+00
 43  0.02358  8.87499e+00 | 44 -0.01242  3.91998e+00 | 45 -0.00487  3.36997e+00
 46  0.01388  6.86989e+00 | 47 -0.03520  1.38435e+00 | 48  0.01480  3.91255e+00
 49 -0.00260  2.77311e+00 | 50  0.01549  2.47147e+00 | 51 -0.01019  3.52364e+00
 52  0.00331  3.32848e+00 | 53  0.02384  5.47173e+00 | 54  0.02616  4.15360e+00
 55  0.00635  2.26469e+00 | 56  0.00553  1.22360e+00 | 57 -0.00754  4.75132e-01
 58 -0.01825  4.36463e-01 | 59 -0.00381 -2.07305e+00 | 60 -0.01985 -2.13413e+00
 61 -0.02922 -2.60426e+00 | 62  0.02507 -5.36707e+00 | 63  0.05402 -1.03027e+00
 64  0.02642 -3.53028e-02 | 65 -0.00590  1.54950e-01 | 66  0.05205 -6.81053e+00
 67  0.01656  3.94269e+00 | 68  0.00910  2.28526e+00 | 69 -0.05122 -3.47010e-01
 70  0.00906 -8.62717e+00 | 71  0.11814 -5.95017e+01 | 72 -0.00919  1.94803e+00
 73  0.02439  5.44009e+00 | 74  0.00877  1.62364e+00 | 75  0.00317 -3.57157e+00
 76  0.00841  3.03682e+00 | 77 -0.03687  1.49020e+00 | 78 -0.02003 -2.65101e+00
 79  0.01120  4.35392e+00 | 80 -0.05053 -1.21211e+00 | 81 -0.02779  4.04855e-01
 82 -0.03123 -2.63631e+00 | 83 -0.02534 -1.00603e-01 | 84 -0.02223  9.58060e-01
 85 -0.06132 -4.12055e+00 | 86 -0.02058 -1.47360e+01 | 87  0.02509 -4.15813e+00
 88  0.02010 -3.07202e+00 | 89  0.01011 -2.47531e+00 | 90  0.00867 -4.10343e+00
 91  0.00082 -5.16855e+00 | 92  0.03430 -2.49440e+00 | 93 -0.04497 -1.02067e+00
 94  0.02780 -5.67801e+00 | 95  0.00053 -7.48469e+00 | 96 -0.01673 -2.90044e+00
 97 -0.00552 -6.45170e-01 | 98 -0.00107 -9.32654e+00 | 99  0.04738 -6.81141e+00
100 -0.01427  1.62271e+00 |101 -0.03280 -3.95157e-02 |102 -0.00144 -8.56066e-01
103  0.00037 -1.06573e+00 |104  0.00037 -1.06957e+00 |105  0.79593  4.32418e+00
106 -0.42021 -1.31399e+01 |107  0.21881 -2.63271e+01 |108 -0.25164  7.88713e+01
108 variables; iteration 40; function evaluation 53; phase 4
Function value 2.1791092e+03; maximum gradient component mag 1.5222e+02
Var    Value     Gradient |Var    Value     Gradient |Var    Value     Gradient
  1 -0.44439  2.31542e+01 |  2 -0.42255  1.52220e+02 |  3 -0.40826  7.68101e+01
  4  0.60755  2.19764e+01 |  5  0.00208  3.09289e+00 |  6  0.00049  7.06484e-01
  7  0.01067  6.47682e-01 |  8 -0.00570  3.12973e+00 |  9  0.02515 -6.10631e+00
 10 -0.00678  5.51292e-01 | 11 -0.00215  6.18914e-01 | 12  0.03242 -4.02521e-01
 13  0.00308 -3.65531e-01 | 14 -0.00306 -6.22674e-01 | 15 -0.02033 -5.68257e-01
 16  0.01661  2.55115e+00 | 17  0.03790 -3.80496e+00 | 18 -0.00463  3.06798e+00
 19  0.02145  4.50408e+00 | 20 -0.00774 -3.14988e+00 | 21  0.00200  4.15039e+00
 22 -0.00191 -2.52788e+00 | 23  0.01757  3.09439e+00 | 24 -0.00006  2.38527e-01
 25 -0.00581  1.85025e+00 | 26 -0.03924  7.44146e-01 | 27 -0.01354  1.27178e-02
 28 -0.00607  1.81381e+00 | 29  0.00509  1.63295e+00 | 30  0.01924  5.93200e+00
 31 -0.01561  2.10319e+00 | 32 -0.02231  6.84171e-02 | 33 -0.01842  4.84543e-01
 34  0.00335  1.39394e+00 | 35 -0.00409 -1.40215e-01 | 36  0.00995  1.74467e+00
 37 -0.02238 -1.66701e+00 | 38 -0.00405 -7.32311e-01 | 39 -0.03573 -3.19008e+00
 40  0.00985  3.39849e+00 | 41 -0.01121  9.69038e-01 | 42  0.00593  7.91404e-01
 43  0.02336  2.65317e+00 | 44 -0.01253  1.73853e+00 | 45 -0.00510 -9.96853e-01
 46  0.01367  1.17211e+00 | 47 -0.03557 -2.65461e+00 | 48  0.01478  1.16083e+00
 49 -0.00269  1.88656e-01 | 50  0.01556  6.43952e-01 | 51 -0.01022  1.54068e+00
 52  0.00336  1.21733e+00 | 53  0.02387  1.36440e+00 | 54  0.02623  7.54570e-01
 55  0.00644  9.07408e-02 | 56  0.00558 -1.51877e+00 | 57 -0.00731  9.84574e-01
 58 -0.01813  4.96478e-02 | 59 -0.00346  1.02021e+00 | 60 -0.01971 -2.02325e+00
 61 -0.02888  1.30761e-01 | 62  0.02534 -1.02757e+00 | 63  0.05430  5.49804e-01
 64  0.02657  2.43080e+00 | 65 -0.00582 -1.70293e-01 | 66  0.05228 -1.05606e+00
 67  0.01645  8.94535e-01 | 68  0.00900  6.69748e-01 | 69 -0.05117 -7.20540e-01
 70  0.00950 -1.42059e+00 | 71  0.11866 -1.52195e+01 | 72 -0.00927  2.13063e+00
 73  0.02437  4.76413e+00 | 74  0.00873  6.85413e-01 | 75  0.00340 -7.25422e-01
 76  0.00842  4.27110e+00 | 77 -0.03690  1.15443e+00 | 78 -0.01996 -2.68813e+00
 79  0.01121  2.56661e+00 | 80 -0.05051 -1.72373e+00 | 81 -0.02782 -1.74177e+00
 82 -0.03110 -1.05663e+00 | 83 -0.02521  1.03151e+00 | 84 -0.02231 -8.46458e-01
 85 -0.06082  1.04627e+00 | 86 -0.01987 -3.14389e+00 | 87  0.02534 -1.20927e+00
 88  0.02026 -6.39514e-01 | 89  0.01033 -3.69517e-01 | 90  0.00888 -1.44738e+00
 91  0.00110 -3.35461e+00 | 92  0.03444 -6.49654e-01 | 93 -0.04482 -1.54637e+00
 94  0.02809 -6.25632e-02 | 95  0.00108 -1.59286e+00 | 96 -0.01644 -1.56823e+00
 97 -0.00528 -1.18829e+00 | 98 -0.00030 -4.58167e+00 | 99  0.04818 -6.84965e-01
100 -0.01417  2.61852e+00 |101 -0.03185  1.65301e+00 |102 -0.00084  4.45698e-01
103  0.00034 -4.47836e-01 |104  0.00034 -4.48415e-01 |105  0.79621  1.70873e+00
106 -0.41991 -1.73667e+00 |107  0.21644 -1.22310e+01 |108 -0.25226  2.62261e+01
108 variables; iteration 60; function evaluation 80; phase 4
Function value 2.1790576e+03; maximum gradient component mag 2.2448e+01
Var    Value     Gradient |Var    Value     Gradient |Var    Value     Gradient
  1 -0.44709  3.14609e+00 |  2 -0.42261  2.24476e+01 |  3 -0.40785  1.19416e+01
  4  0.60748  3.13361e+00 |  5  0.00076 -9.54642e-02 |  6  0.00017 -4.10253e-02
  7  0.00989 -9.13872e-01 |  8 -0.00619  2.14796e+00 |  9  0.02793 -4.52725e-01
 10 -0.00683  7.74600e-01 | 11 -0.00261 -7.41205e-02 | 12  0.03262  3.13942e-01
 13  0.00299 -3.66568e-01 | 14 -0.00274  4.08280e-01 | 15 -0.02013  1.64329e-01
 16  0.01646  1.99623e+00 | 17  0.03847 -7.62344e-01 | 18 -0.00564 -1.08172e+00
 19  0.02079  3.03115e-02 | 20 -0.00719 -2.65328e-01 | 21  0.00165  1.49979e+00
 22 -0.00175 -1.55433e+00 | 23  0.01734  4.37503e-02 | 24 -0.00012 -6.57041e-01
 25 -0.00587  1.07031e+00 | 26 -0.03932  2.10986e-01 | 27 -0.01349  3.38274e-01
 28 -0.00626 -7.94434e-01 | 29  0.00502  8.88236e-03 | 30  0.01903  1.10477e+00
 31 -0.01578 -4.37073e-02 | 32 -0.02227  4.18377e-01 | 33 -0.01838  7.05059e-01
 34  0.00331  1.63617e-01 | 35 -0.00396  1.06939e+00 | 36  0.00988  3.86330e-02
 37 -0.02237 -1.70344e+00 | 38 -0.00401 -5.18723e-01 | 39 -0.03523  8.87600e-01
 40  0.00970  8.43536e-01 | 41 -0.01125  3.62537e-03 | 42  0.00591 -2.84743e-01
 43  0.02331  4.88790e-01 | 44 -0.01270 -6.55522e-01 | 45 -0.00485  1.66633e+00
 46  0.01367  7.31050e-01 | 47 -0.03517  6.48539e-01 | 48  0.01478  5.57408e-01
 49 -0.00261  7.41247e-01 | 50  0.01565  1.18448e+00 | 51 -0.01034 -3.12916e-01
 52  0.00329 -7.52367e-01 | 53  0.02388  8.80453e-02 | 54  0.02623 -2.33036e-01
 55  0.00651  4.01913e-01 | 56  0.00576  6.74028e-01 | 57 -0.00738 -4.01821e-01
 58 -0.01812 -7.36787e-02 | 59 -0.00351 -3.37489e-01 | 60 -0.01961 -9.18295e-01
 61 -0.02886  1.01018e-01 | 62  0.02542 -2.64972e-01 | 63  0.05438  1.58330e-01
 64  0.02653  5.53967e-02 | 65 -0.00572  9.26054e-01 | 66  0.05235 -2.54385e-01
 67  0.01651  2.11242e+00 | 68  0.00892 -1.09205e+00 | 69 -0.05110 -3.38617e-01
 70  0.00965  5.15976e-01 | 71  0.11885 -1.30477e+00 | 72 -0.00937  4.68321e-01
 73  0.02426  6.62669e-01 | 74  0.00875  5.29590e-01 | 75  0.00349 -2.53398e-01
 76  0.00831  5.51382e-01 | 77 -0.03699 -3.65177e-01 | 78 -0.01981 -2.77276e-01
 79  0.01118  4.04712e-01 | 80 -0.05049 -1.79658e+00 | 81 -0.02779 -1.72060e+00
 82 -0.03116 -3.39713e+00 | 83 -0.02528 -1.36197e+00 | 84 -0.02228 -1.70681e-02
 85 -0.06076  1.21834e+00 | 86 -0.01965  1.20330e-04 | 87  0.02544  2.06726e-02
 88  0.02033  2.62470e-01 | 89  0.01043  9.09474e-01 | 90  0.00902  1.19598e+00
 91  0.00135  7.62717e-01 | 92  0.03450  9.47755e-02 | 93 -0.04470 -9.16389e-01
 94  0.02816  3.44277e-01 | 95  0.00120 -1.18148e+00 | 96 -0.01634 -1.22323e+00
 97 -0.00521 -9.95444e-01 | 98  0.00014 -3.98000e-01 | 99  0.04837  1.15676e-01
100 -0.01462  5.96245e-02 |101 -0.03212  5.41006e-01 |102 -0.00218 -1.36078e+00
103  0.00035 -3.20675e-02 |104  0.00035 -3.21582e-02 |105  0.79565  2.59258e-01
106 -0.41990  5.52059e-01 |107  0.21657 -1.75452e+00 |108 -0.25215  3.56814e+00
Maximum number of function evaluations exceeded

 - final statistics:
108 variables; iteration 77; function evaluation 100
Function value 2.1791e+03; maximum gradient component mag 3.9627e+00
Exit code = 3;  converg criter 1.0000e+00
Var    Value     Gradient |Var    Value     Gradient |Var    Value     Gradient
  1 -0.44712  7.10657e-01 |  2 -0.42260  3.96273e+00 |  3 -0.40792  2.13098e+00
  4  0.60748  5.10554e-01 |  5  0.00082  1.41049e-01 |  6  0.00019  2.51675e-02
  7  0.01064  2.88523e-01 |  8 -0.00708  6.18579e-01 |  9  0.02815  1.75342e-02
 10 -0.00740 -2.77579e-01 | 11 -0.00258  8.18774e-02 | 12  0.03276  7.67909e-01
 13  0.00332  5.31165e-01 | 14 -0.00276  4.35185e-01 | 15 -0.02013  2.38438e-01
 16  0.01598  2.14583e-01 | 17  0.03863  2.26720e-01 | 18 -0.00548 -3.42803e-01
 19  0.02080  1.02487e-01 | 20 -0.00732 -8.84060e-01 | 21  0.00151  5.62699e-01
 22 -0.00160 -3.49350e-01 | 23  0.01734  3.31359e-02 | 24 -0.00008 -1.95026e-01
 25 -0.00593  3.44465e-01 | 26 -0.03951 -1.26101e+00 | 27 -0.01349  2.81220e-01
 28 -0.00621 -2.35570e-01 | 29  0.00502 -6.67703e-03 | 30  0.01900  4.81537e-01
 31 -0.01577  4.72729e-02 | 32 -0.02227  3.93916e-01 | 33 -0.01844 -1.12719e-02
 34  0.00330  2.89235e-02 | 35 -0.00401  3.00737e-01 | 36  0.00987 -1.43524e-01
 37 -0.02226 -4.62301e-01 | 38 -0.00399 -2.70970e-01 | 39 -0.03532  9.93815e-02
 40  0.00966  1.00393e-01 | 41 -0.01127 -2.15477e-01 | 42  0.00593 -1.14367e-01
 43  0.02327 -1.25777e-01 | 44 -0.01265 -1.16577e-01 | 45 -0.00496  2.96186e-01
 46  0.01362 -1.53991e-01 | 47 -0.03523  1.13381e-01 | 48  0.01476  1.35418e-01
 49 -0.00266  1.56809e-02 | 50  0.01560  2.24775e-01 | 51 -0.01032 -9.41753e-02
 52  0.00333 -2.42408e-01 | 53  0.02387 -2.86766e-01 | 54  0.02632  1.21725e+00
 55  0.00650  7.59778e-02 | 56  0.00573 -3.54077e-02 | 57 -0.00734 -1.19977e-01
 58 -0.01810  2.32814e-02 | 59 -0.00351 -4.41953e-01 | 60 -0.01957 -3.13975e-01
 61 -0.02886  6.91246e-04 | 62  0.02544 -8.58156e-02 | 63  0.05439  1.36364e-02
 64  0.02653 -2.80926e-02 | 65 -0.00574  3.94085e-01 | 66  0.05237  2.61807e-02
 67  0.01640 -4.83140e-01 | 68  0.00903  1.43808e+00 | 69 -0.05097  8.66814e-01
 70  0.00967  6.70862e-01 | 71  0.11887 -2.25282e-01 | 72 -0.00939  1.81151e-01
 73  0.02424  9.05077e-02 | 74  0.00872 -2.27012e-01 | 75  0.00353  4.22861e-01
 76  0.00829  4.61591e-02 | 77 -0.03698 -2.09529e-01 | 78 -0.01983 -1.04301e+00
 79  0.01117  1.56111e-01 | 80 -0.05039 -1.20289e-01 | 81 -0.02773 -2.54555e-01
 82 -0.03108 -1.36269e+00 | 83 -0.02523 -2.50229e-01 | 84 -0.02228 -5.69577e-02
 85 -0.06083  1.61344e-01 | 86 -0.01965 -4.41209e-01 | 87  0.02545  7.35681e-02
 88  0.02033  1.18547e-01 | 89  0.01042  3.54621e-01 | 90  0.00899  2.32928e-01
 91  0.00138  1.28522e+00 | 92  0.03450  1.08432e-02 | 93 -0.04463 -1.80123e-01
 94  0.02817  1.84454e-01 | 95  0.00123 -7.51252e-01 | 96 -0.01628 -3.74958e-01
 97 -0.00516 -2.65848e-01 | 98  0.00019 -5.48567e-02 | 99  0.04840  8.99920e-02
100 -0.01469 -4.13471e-01 |101 -0.03227  8.36841e-02 |102 -0.00175 -6.12313e-01
103  0.00033  1.11109e-02 |104  0.00033  1.11762e-02 |105  0.79548  3.45674e-03
106 -0.41993  2.03052e-01 |107  0.21673 -1.05668e-01 |108 -0.25210  5.55031e-01

Initial statistics: 110 variables; iteration 0; function evaluation 0; phase 5
Function value 2.1790531e+03; maximum gradient component mag -5.1329e+01
Var    Value     Gradient |Var    Value     Gradient |Var    Value     Gradient
  1 -0.44712  7.10657e-01 |  2 -0.42260  3.96273e+00 |  3 -0.40792  2.13098e+00
  4 -0.41222 -3.10428e+01 |  5 -0.41222 -5.13285e+01 |  6  0.60748  5.10554e-01
  7  0.00082  1.41049e-01 |  8  0.00019  2.51675e-02 |  9  0.01064  2.88523e-01
 10 -0.00708  6.18579e-01 | 11  0.02815  1.75342e-02 | 12 -0.00740 -2.79196e-01
 13 -0.00258  8.02602e-02 | 14  0.03276  7.66294e-01 | 15  0.00332  5.29548e-01
 16 -0.00276  4.33567e-01 | 17 -0.02013  2.36821e-01 | 18  0.01598  2.12966e-01
 19  0.03863  2.25105e-01 | 20 -0.00548 -3.44420e-01 | 21  0.02080  1.00870e-01
 22 -0.00732 -8.85677e-01 | 23  0.00151  5.61081e-01 | 24 -0.00160 -3.50968e-01
 25  0.01734  3.15193e-02 | 26 -0.00008 -1.96643e-01 | 27 -0.00593  3.42848e-01
 28 -0.03951 -1.26262e+00 | 29 -0.01349  2.79603e-01 | 30 -0.00621 -2.37187e-01
 31  0.00502 -8.29421e-03 | 32  0.01900  4.79921e-01 | 33 -0.01577  4.56562e-02
 34 -0.02227  3.92300e-01 | 35 -0.01844 -1.28884e-02 | 36  0.00330  2.73063e-02
 37 -0.00401  2.99120e-01 | 38  0.00987 -1.45141e-01 | 39 -0.02226 -4.63917e-01
 40 -0.00399 -2.72588e-01 | 41 -0.03532  9.77668e-02 | 42  0.00966  9.87757e-02
 43 -0.01127 -2.17094e-01 | 44  0.00593 -1.15984e-01 | 45  0.02327 -1.27393e-01
 46 -0.01265 -1.18194e-01 | 47 -0.00496  2.94569e-01 | 48  0.01362 -1.55608e-01
 49 -0.03523  1.11766e-01 | 50  0.01476  1.33801e-01 | 51 -0.00266  1.40637e-02
 52  0.01560  2.23158e-01 | 53 -0.01032 -9.57923e-02 | 54  0.00333 -2.44025e-01
 55  0.02387 -2.88382e-01 | 56  0.02632  1.21563e+00 | 57  0.00650  7.43606e-02
 58  0.00573 -3.70248e-02 | 59 -0.00734 -1.21594e-01 | 60 -0.01810  2.16648e-02
 61 -0.00351 -4.43571e-01 | 62 -0.01957 -3.15591e-01 | 63 -0.02886 -9.24320e-04
 64  0.02544 -8.74316e-02 | 65  0.05439  1.20251e-02 | 66  0.02653 -2.97084e-02
 67 -0.00574  3.92468e-01 | 68  0.05237  2.45690e-02 | 69  0.01640 -4.84757e-01
 70  0.00903  1.43646e+00 | 71 -0.05097  8.65201e-01 | 72  0.00967  6.69245e-01
 73  0.11887 -2.26871e-01 | 74 -0.00939  1.79534e-01 | 75  0.02424  8.88917e-02
 76  0.00872 -2.28629e-01 | 77  0.00353  4.21244e-01 | 78  0.00829  4.45420e-02
 79 -0.03698 -2.11144e-01 | 80 -0.01983 -1.04462e+00 | 81  0.01117  1.54494e-01
 82 -0.05039 -1.21901e-01 | 83 -0.02773 -2.56171e-01 | 84 -0.03108 -1.36431e+00
 85 -0.02523 -2.51845e-01 | 86 -0.02228 -5.85739e-02 | 87 -0.06083  1.59734e-01
 88 -0.01965 -4.42826e-01 | 89  0.02545  7.19521e-02 | 90  0.02033  1.16931e-01
 91  0.01042  3.53004e-01 | 92  0.00899  2.31311e-01 | 93  0.00138  1.28360e+00
 94  0.03450  9.22839e-03 | 95 -0.04463 -1.81736e-01 | 96  0.02817  1.82838e-01
 97  0.00123 -7.52869e-01 | 98 -0.01628 -3.76575e-01 | 99 -0.00516 -2.67465e-01
100  0.00019 -5.64740e-02 |101  0.04840  8.83794e-02 |102 -0.01469 -4.15087e-01
103 -0.03227  8.20690e-02 |104 -0.00175 -6.13930e-01 |105  0.00033  9.49371e-03
106  0.00033  9.55902e-03 |107  0.79548  3.45674e-03 |108 -0.41993  2.03052e-01
109  0.21673 -1.05668e-01 |110 -0.25210  5.55031e-01 |

Intermediate statistics: 110 variables; iteration 20; function evaluation 23; phase 5
Function value 2.1785025e+03; maximum gradient component mag 7.2924e+02
Var    Value     Gradient |Var    Value     Gradient |Var    Value     Gradient
  1 -0.46361  3.94222e+01 |  2 -0.42392  7.29237e+02 |  3 -0.40356  2.39522e+02
  4 -0.38341  7.22512e+00 |  5 -0.40515  2.82278e+01 |  6  0.60782  2.74924e+02
  7  0.00096  1.28622e+00 |  8  0.00022  2.76254e-01 |  9  0.01063  5.72702e-01
 10 -0.00711  8.33828e-01 | 11  0.02821  6.80385e-01 | 12 -0.00735 -7.11847e+00
 13 -0.00255 -6.67529e+00 | 14  0.03276 -5.51452e+00 | 15  0.00332 -6.01041e+00
 16 -0.00279 -6.10903e+00 | 17 -0.02017 -6.42395e+00 | 18  0.01581 -6.21741e+00
 19  0.03828 -6.54446e+00 | 20 -0.00567 -7.00879e+00 | 21  0.02036 -7.59485e+00
 22 -0.00750 -7.45333e+00 | 23  0.00096 -8.19977e+00 | 24 -0.00181 -6.43520e+00
 25  0.01717 -3.78687e+00 | 26 -0.00005 -1.94667e+00 | 27 -0.00605 -2.81812e+00
 28 -0.03909 -7.70329e-01 | 29 -0.01353  4.90246e-02 | 30 -0.00616  5.67083e-02
 31  0.00498 -3.32339e-01 | 32  0.01864 -6.88203e+00 | 33 -0.01591 -4.88170e+00
 34 -0.02249 -4.77364e+00 | 35 -0.01850 -2.96661e+00 | 36  0.00318 -1.11425e+00
 37 -0.00416 -1.09983e+00 | 38  0.00987  1.42115e+00 | 39 -0.02219 -2.94454e+00
 40 -0.00382  2.97113e+00 | 41 -0.03506  3.43476e+00 | 42  0.00975  5.68410e+00
 43 -0.01114  2.28692e+00 | 44  0.00600  2.56878e+00 | 45  0.02327  4.40333e-01
 46 -0.01267 -1.89680e+00 | 47 -0.00510 -2.19638e+00 | 48  0.01354 -1.49589e+00
 49 -0.03525 -1.78182e+00 | 50  0.01476  4.88888e+00 | 51 -0.00273 -3.91328e-01
 52  0.01553  4.28416e+00 | 53 -0.01032  9.71494e-01 | 54  0.00338  2.44125e+00
 55  0.02396  8.35805e+00 | 56  0.02595 -1.24047e+00 | 57  0.00644  3.64780e+00
 58  0.00579  6.19101e+00 | 59 -0.00718  7.66479e+00 | 60 -0.01808  2.68769e+00
 61 -0.00319  1.09575e+01 | 62 -0.01936  5.07632e+00 | 63 -0.02868  4.71344e+00
 64  0.02608  2.22336e+01 | 65  0.05344 -3.15583e+01 | 66  0.02638  6.45632e+00
 67 -0.00584  2.34401e+00 | 68  0.05256  1.82251e+01 | 69  0.01612  4.19682e+00
 70  0.00890  5.94123e+00 | 71 -0.05102  1.72604e+00 | 72  0.00976  6.29217e+00
 73  0.11921  7.05454e+01 | 74 -0.00976 -2.45506e+00 | 75  0.02399  6.16458e+00
 76  0.00898  8.10399e+00 | 77  0.00344  5.14476e+00 | 78  0.00789  1.70149e+00
 79 -0.03685  4.01622e+00 | 80 -0.01977  4.41715e-01 | 81  0.01174  2.59924e+01
 82 -0.05025  2.28997e+00 | 83 -0.02803 -4.32331e+00 | 84 -0.03128 -4.24733e+00
 85 -0.02532 -2.67889e+00 | 86 -0.02222  1.87861e+00 | 87 -0.06074 -3.11251e+00
 88 -0.01977 -2.53149e+00 | 89  0.02522 -8.70234e+00 | 90  0.02033  6.97201e-01
 91  0.01049  1.95361e+00 | 92  0.00929  2.76699e+00 | 93  0.00165  2.43511e-01
 94  0.03489  7.84310e+00 | 95 -0.04438 -6.15619e+00 | 96  0.02892  1.04079e+01
 97  0.00131 -1.16557e+01 | 98 -0.01590  1.29068e+00 | 99 -0.00506 -1.07614e+01
100  0.00059 -6.08847e+00 |101  0.04855 -1.31982e+01 |102 -0.01486 -7.73082e+00
103 -0.03205 -5.48822e+00 |104 -0.00128 -7.49684e+00 |105  0.00032 -7.30624e+00
106  0.00032 -7.30621e+00 |107  0.79069  1.31907e+01 |108 -0.42116 -6.58257e+01
109  0.20980 -1.36553e+01 |110 -0.25356  2.53368e+00 |
110 variables; iteration 40; function evaluation 45; phase 5
Function value 2.1782690e+03; maximum gradient component mag -9.8715e+01
Var    Value     Gradient |Var    Value     Gradient |Var    Value     Gradient
  1 -0.47174  1.08163e+00 |  2 -0.42482 -9.87150e+01 |  3 -0.40147 -1.61033e+01
  4 -0.37306 -6.43767e-01 |  5 -0.40365 -6.56264e+00 |  6  0.60765 -4.09160e+01
  7  0.00055 -8.35007e-01 |  8  0.00013 -1.90699e-01 |  9  0.01051 -7.10908e-02
 10 -0.00731  1.22914e-01 | 11  0.02820 -7.12390e-02 | 12 -0.00702  1.43691e+00
 13 -0.00259  9.94466e-01 | 14  0.03250  8.43363e-01 | 15  0.00295  4.90111e-01
 16 -0.00285  1.07758e+00 | 17 -0.01999  1.47842e+00 | 18  0.01540 -1.30840e+00
 19  0.03800 -2.85366e+00 | 20 -0.00395  6.78115e+00 | 21  0.02044 -1.67851e+00
 22 -0.00772 -2.38493e+00 | 23  0.00195  4.32124e+00 | 24 -0.00052  9.23660e+00
 25  0.01709 -4.17699e-01 | 26 -0.00056 -2.56048e+00 | 27 -0.00635 -1.87155e+00
 28 -0.04038 -4.71344e+00 | 29 -0.01415 -2.56795e+00 | 30 -0.00616  3.56035e+00
 31  0.00477 -7.76523e-01 | 32  0.01898  1.31444e+00 | 33 -0.01591 -2.00405e-01
 34 -0.02238  1.35497e+00 | 35 -0.01862 -4.06172e-01 | 36  0.00314  6.58503e-01
 37 -0.00426  5.87012e-01 | 38  0.00959 -9.31644e-01 | 39 -0.02234 -2.36424e-01
 40 -0.00421  2.62060e-01 | 41 -0.03578  2.90721e+00 | 42  0.00924 -7.82168e-01
 43 -0.01172 -1.37472e+00 | 44  0.00566 -9.95723e-01 | 45  0.02331 -3.97905e-01
 46 -0.01280 -5.89760e-01 | 47 -0.00519 -1.61618e+00 | 48  0.01362 -1.49574e+00
 49 -0.03536  1.27607e+00 | 50  0.01455 -1.56038e-01 | 51 -0.00284 -1.90288e+00
 52  0.01542 -6.26488e-01 | 53 -0.01043  2.32544e-01 | 54  0.00331 -1.30571e+00
 55  0.02382 -1.65973e+00 | 56  0.02660  2.35410e+00 | 57  0.00651  3.39113e-01
 58  0.00566 -7.62206e-01 | 59 -0.00760 -3.59638e-01 | 60 -0.01828 -1.34287e+00
 61 -0.00365 -1.31549e+00 | 62 -0.01962 -6.93714e-01 | 63 -0.02901 -6.65926e-01
 64  0.02566 -8.35758e+00 | 65  0.05479  7.10455e+00 | 66  0.02663  4.63090e+00
 67 -0.00589 -1.16251e+00 | 68  0.05269 -1.41524e+00 | 69  0.01607 -2.30262e+00
 70  0.00869 -3.85319e+00 | 71 -0.05103  5.33374e+00 | 72  0.00977 -3.07375e+00
 73  0.11928 -8.03279e+00 | 74 -0.00942  4.14001e-01 | 75  0.02387 -6.02330e+00
 76  0.00891 -2.95330e+00 | 77  0.00341 -2.07554e+00 | 78  0.00806  6.85846e-01
 79 -0.03729 -1.52494e+00 | 80 -0.01968 -2.77411e+00 | 81  0.01129 -2.67000e+00
 82 -0.05053 -9.28970e-01 | 83 -0.02800 -3.06276e+00 | 84 -0.03094  4.62685e+00
 85 -0.02496  7.23642e+00 | 86 -0.02214  4.50805e+00 | 87 -0.06068  2.49477e-01
 88 -0.01970 -3.43328e+00 | 89  0.02575  3.07359e+00 | 90  0.02049 -2.89281e-01
 91  0.01033 -3.73549e+00 | 92  0.00934  1.61798e+00 | 93  0.00164 -1.00303e-01
 94  0.03473 -1.38406e+00 | 95 -0.04410  1.97187e+00 | 96  0.02868  5.25810e-01
 97  0.00187  2.02309e+00 | 98 -0.01659 -1.97038e+00 | 99 -0.00442  3.98575e+00
100  0.00103  3.25843e+00 |101  0.04924  7.11746e-01 |102 -0.01503 -1.51974e+00
103 -0.03110  4.55865e+00 |104 -0.00106  1.23422e+00 |105  0.00028  1.04152e+00
106  0.00028  1.04155e+00 |107  0.79094 -3.77763e+00 |108 -0.42100  1.50378e+01
109  0.21215  3.35072e-02 |110 -0.25253  4.84958e+00 |
110 variables; iteration 60; function evaluation 73; phase 5
Function value 2.1782385e+03; maximum gradient component mag -2.3573e+00
Var    Value     Gradient |Var    Value     Gradient |Var    Value     Gradient
  1 -0.47184  7.35764e-01 |  2 -0.42470  1.08642e-02 |  3 -0.40172  9.64394e-01
  4 -0.37288 -9.69574e-03 |  5 -0.40376  9.83452e-02 |  6  0.60762 -2.02108e+00
  7  0.00096  3.38392e-01 |  8  0.00022  6.97578e-02 |  9  0.01061  2.54924e-01
 10 -0.00734  1.71534e-01 | 11  0.02825  2.12791e-01 | 12 -0.00690  7.62328e-01
 13 -0.00255  1.89880e-01 | 14  0.03283  1.01586e+00 | 15  0.00339  7.53594e-01
 16 -0.00275  5.18181e-01 | 17 -0.02022  8.31178e-02 | 18  0.01551 -1.53587e+00
 19  0.03844 -8.08969e-01 | 20 -0.00540  9.54986e-03 | 21  0.02042 -2.35728e+00
 22 -0.00683  1.74810e+00 | 23  0.00159  1.20321e+00 | 24 -0.00184 -1.67930e+00
 25  0.01713 -4.24196e-01 | 26 -0.00028 -1.57647e-02 | 27 -0.00619 -3.36686e-01
 28 -0.03982 -1.05315e+00 | 29 -0.01396 -6.94080e-01 | 30 -0.00650 -9.45084e-01
 31  0.00483 -3.81636e-02 | 32  0.01896  9.87552e-01 | 33 -0.01591 -6.15327e-01
 34 -0.02241  4.91840e-01 | 35 -0.01857 -2.51289e-01 | 36  0.00306 -7.79866e-01
 37 -0.00433 -5.27110e-01 | 38  0.00965  2.30860e-02 | 39 -0.02226  1.33275e-01
 40 -0.00414  7.48010e-01 | 41 -0.03619 -1.25865e+00 | 42  0.00926 -6.66339e-01
 43 -0.01154  4.24237e-01 | 44  0.00574 -2.50044e-02 | 45  0.02338  1.00872e+00
 46 -0.01277 -5.87774e-01 | 47 -0.00500  5.29478e-01 | 48  0.01366 -8.68889e-01
 49 -0.03543  2.85780e-02 | 50  0.01458  3.05331e-01 | 51 -0.00264  5.87020e-01
 52  0.01541 -5.19613e-01 | 53 -0.01044 -6.09422e-02 | 54  0.00334 -7.45209e-01
 55  0.02396  1.66641e+00 | 56  0.02637 -1.33870e+00 | 57  0.00645 -2.66794e-01
 58  0.00570  2.22002e-01 | 59 -0.00758 -9.32847e-02 | 60 -0.01817 -5.90447e-02
 61 -0.00362 -7.68427e-01 | 62 -0.01960 -5.27895e-01 | 63 -0.02896 -8.07831e-02
 64  0.02588 -7.56102e-02 | 65  0.05462  6.87012e-01 | 66  0.02646  2.61701e-01
 67 -0.00582 -1.00975e-01 | 68  0.05267 -3.49987e-02 | 69  0.01618  1.30938e+00
 70  0.00893  2.13034e+00 | 71 -0.05138  1.74561e+00 | 72  0.00995  1.37831e+00
 73  0.11927 -1.85034e-01 | 74 -0.00959 -1.80994e+00 | 75  0.02403 -1.10054e-01
 76  0.00895 -9.26184e-01 | 77  0.00347 -1.03564e-01 | 78  0.00800 -6.45753e-02
 79 -0.03718  9.92439e-02 | 80 -0.01953  8.43426e-01 | 81  0.01133 -2.07278e-01
 82 -0.05051 -1.01438e+00 | 83 -0.02793 -1.93731e+00 | 84 -0.03110  2.38256e-01
 85 -0.02516  1.21048e+00 | 86 -0.02232 -8.19613e-01 | 87 -0.06068 -3.73289e-01
 88 -0.01948  1.30795e+00 | 89  0.02568  2.53749e-01 | 90  0.02051  3.11104e-01
 91  0.01047 -4.27926e-01 | 92  0.00935  1.38982e+00 | 93  0.00166 -6.13355e-01
 94  0.03479  6.01376e-02 | 95 -0.04412  5.98533e-01 | 96  0.02870  3.31884e-02
 97  0.00184  6.56550e-02 | 98 -0.01643 -9.38236e-01 | 99 -0.00455  5.42980e-01
100  0.00102  1.51697e+00 |101  0.04923 -4.08398e-01 |102 -0.01446  5.63720e-01
103 -0.03251 -3.21179e-01 |104 -0.00106  1.65743e-01 |105  0.00029  2.11157e-02
106  0.00029  2.11408e-02 |107  0.79105 -4.68374e-01 |108 -0.42098  1.98867e+00
109  0.21158 -3.06639e-01 |110 -0.25268  8.60740e-01 |
110 variables; iteration 80; function evaluation 103; phase 5
Function value 2.1782353e+03; maximum gradient component mag 8.7508e-01
Var    Value     Gradient |Var    Value     Gradient |Var    Value     Gradient
  1 -0.47209  3.31851e-01 |  2 -0.42471  8.75082e-01 |  3 -0.40166  6.67600e-01
  4 -0.37270  1.72737e-02 |  5 -0.40375  4.90366e-02 |  6  0.60761 -2.77991e-01
  7  0.00091  1.68277e-01 |  8  0.00019  1.05587e-02 |  9  0.01056  1.36260e-01
 10 -0.00747 -7.54935e-02 | 11  0.02810 -1.43129e-01 | 12 -0.00723  5.22071e-02
 13 -0.00266 -9.52130e-02 | 14  0.03258  2.45339e-01 | 15  0.00309 -4.52660e-02
 16 -0.00289  1.02873e-01 | 17 -0.02018  1.07277e-01 | 18  0.01584 -3.37452e-01
 19  0.03862  2.08311e-01 | 20 -0.00541 -4.25937e-02 | 21  0.02068 -6.68790e-01
 22 -0.00710  2.22141e-01 | 23  0.00148  3.71152e-01 | 24 -0.00167 -3.59922e-01
 25  0.01714 -2.71763e-01 | 26 -0.00026  2.30587e-01 | 27 -0.00617 -1.31701e-01
 28 -0.03969 -9.57876e-02 | 29 -0.01391 -1.80052e-01 | 30 -0.00644 -3.01526e-01
 31  0.00484 -2.58926e-02 | 32  0.01893  3.50645e-01 | 33 -0.01587 -2.15376e-01
 34 -0.02243  2.13108e-01 | 35 -0.01856 -1.41834e-01 | 36  0.00310 -1.95211e-01
 37 -0.00431 -2.16405e-01 | 38  0.00965  5.69456e-02 | 39 -0.02226  1.69535e-01
 40 -0.00419  1.22760e-01 | 41 -0.03607 -2.49266e-01 | 42  0.00928 -3.65953e-01
 43 -0.01157  1.13486e-01 | 44  0.00574  6.31057e-02 | 45  0.02333  1.25504e-01
 46 -0.01272 -5.08162e-02 | 47 -0.00504  1.66028e-02 | 48  0.01370 -1.54168e-01
 49 -0.03546 -2.68432e-01 | 50  0.01456 -1.20289e-02 | 51 -0.00267  1.31525e-01
 52  0.01544 -7.92962e-03 | 53 -0.01044 -4.76708e-02 | 54  0.00338 -1.73211e-01
 55  0.02390  5.28541e-01 | 56  0.02642 -4.24462e-01 | 57  0.00646 -8.47491e-02
 58  0.00570  9.80160e-02 | 59 -0.00758  5.70962e-03 | 60 -0.01816  1.39721e-01
 61 -0.00360 -3.44464e-01 | 62 -0.01957 -1.04815e-01 | 63 -0.02895  5.35478e-02
 64  0.02589  4.47807e-02 | 65  0.05461  1.66833e-01 | 66  0.02645  4.21833e-02
 67 -0.00583 -2.27585e-01 | 68  0.05268  1.78607e-02 | 69  0.01614  1.82180e-01
 70  0.00886  5.27345e-01 | 71 -0.05153  3.26253e-01 | 72  0.00991  3.51608e-01
 73  0.11928  1.99261e-02 | 74 -0.00951 -6.27731e-01 | 75  0.02404  3.91992e-02
 76  0.00898 -2.65847e-01 | 77  0.00349  1.66535e-01 | 78  0.00800 -5.19634e-02
 79 -0.03718  6.85033e-02 | 80 -0.01956 -4.45611e-02 | 81  0.01133 -3.50809e-02
 82 -0.05046 -1.78319e-01 | 83 -0.02786 -3.27840e-01 | 84 -0.03111  2.04889e-02
 85 -0.02521  9.35452e-02 | 86 -0.02229 -2.28384e-01 | 87 -0.06065 -8.98815e-02
 88 -0.01952  1.72014e-01 | 89  0.02568  6.71280e-02 | 90  0.02050  7.88479e-02
 91  0.01049 -6.92039e-02 | 92  0.00931  3.25386e-01 | 93  0.00169 -9.94187e-02
 94  0.03479  6.15000e-02 | 95 -0.04414  2.36384e-01 | 96  0.02870 -5.94213e-03
 97  0.00187  7.05678e-01 | 98 -0.01638 -1.45605e-01 | 99 -0.00457  1.56154e-01
100  0.00094  4.40485e-01 |101  0.04924 -3.46462e-01 |102 -0.01455  5.69351e-02
103 -0.03241 -9.29018e-02 |104 -0.00089  3.93162e-01 |105  0.00028 -4.32565e-02
106  0.00028 -4.32166e-02 |107  0.79101 -1.37470e-01 |108 -0.42099  6.41681e-01
109  0.21150 -1.36535e-01 |110 -0.25270  3.34626e-01 |
110 variables; iteration 100; function evaluation 132; phase 5
Function value 2.1782350e+03; maximum gradient component mag -1.1855e-01
Var    Value     Gradient |Var    Value     Gradient |Var    Value     Gradient
  1 -0.47223  2.75222e-02 |  2 -0.42472  9.74469e-02 |  3 -0.40162  5.88602e-02
  4 -0.37259  3.86779e-05 |  5 -0.40375  5.18797e-03 |  6  0.60761 -2.56605e-02
  7  0.00084  1.78427e-02 |  8  0.00020  1.73309e-02 |  9  0.01049  1.30245e-02
 10 -0.00743 -3.72452e-03 | 11  0.02818  2.93797e-02 | 12 -0.00725  4.70951e-03
 13 -0.00263 -4.27961e-02 | 14  0.03249 -9.17719e-03 | 15  0.00313  2.93117e-02
 16 -0.00294 -3.33193e-02 | 17 -0.02018  9.62046e-02 | 18  0.01592 -2.71686e-02
 19  0.03859  1.22259e-02 | 20 -0.00540 -5.80638e-03 | 21  0.02078 -4.96411e-02
 22 -0.00714  1.37951e-02 | 23  0.00143  2.39562e-02 | 24 -0.00162 -2.79866e-02
 25  0.01716 -1.84352e-02 | 26 -0.00027  2.42041e-02 | 27 -0.00615  3.54275e-02
 28 -0.03968 -3.23303e-03 | 29 -0.01389 -2.81261e-03 | 30 -0.00642  2.13642e-02
 31  0.00484 -6.07150e-02 | 32  0.01892  3.12653e-02 | 33 -0.01585 -6.60531e-03
 34 -0.02245  2.42892e-02 | 35 -0.01855 -4.70611e-02 | 36  0.00310 -8.15960e-02
 37 -0.00429 -1.93339e-03 | 38  0.00965 -9.76520e-02 | 39 -0.02227  3.56113e-02
 40 -0.00420  1.49421e-02 | 41 -0.03605 -1.05498e-02 | 42  0.00930 -3.44420e-02
 43 -0.01158 -1.87384e-02 | 44  0.00573 -1.18548e-01 | 45  0.02333  1.24497e-02
 46 -0.01272 -7.17780e-02 | 47 -0.00504  5.75518e-02 | 48  0.01371 -2.54993e-02
 49 -0.03543 -1.05812e-02 | 50  0.01456 -6.12021e-02 | 51 -0.00268  4.63557e-02
 52  0.01544 -3.06820e-02 | 53 -0.01044 -5.97871e-02 | 54  0.00339 -2.73686e-02
 55  0.02387  4.26676e-02 | 56  0.02644 -3.09127e-02 | 57  0.00647  9.23436e-02
 58  0.00569  7.52162e-02 | 59 -0.00758 -2.38108e-02 | 60 -0.01817  4.88789e-02
 61 -0.00358  2.95847e-02 | 62 -0.01956  2.81941e-02 | 63 -0.02895  7.21314e-02
 64  0.02589  9.31707e-03 | 65  0.05461  1.84325e-02 | 66  0.02645  8.13576e-03
 67 -0.00582 -9.31120e-02 | 68  0.05268  4.03291e-03 | 69  0.01613  1.02083e-02
 70  0.00884  3.65108e-02 | 71 -0.05156  2.47057e-02 | 72  0.00990  3.19210e-02
 73  0.11928  4.60827e-03 | 74 -0.00948 -6.10157e-02 | 75  0.02404  6.49375e-03
 76  0.00900 -1.51483e-02 | 77  0.00349  1.76822e-02 | 78  0.00800  4.05316e-03
 79 -0.03719 -5.26835e-02 | 80 -0.01956  1.11202e-02 | 81  0.01134 -3.74323e-03
 82 -0.05045  6.37360e-02 | 83 -0.02784 -2.64191e-02 | 84 -0.03111  8.22617e-03
 85 -0.02521  1.12623e-02 | 86 -0.02228 -1.24064e-02 | 87 -0.06064  4.47399e-02
 88 -0.01953  1.71472e-02 | 89  0.02568  7.59457e-03 | 90  0.02050  7.77150e-03
 91  0.01049 -5.42134e-03 | 92  0.00930  2.31316e-02 | 93  0.00169 -7.17020e-03
 94  0.03478  4.07978e-03 | 95 -0.04416  1.42005e-02 | 96  0.02870 -1.41924e-03
 97  0.00184  5.23065e-02 | 98 -0.01637 -2.09793e-03 | 99 -0.00458 -3.09193e-02
100  0.00091  3.52666e-02 |101  0.04926 -3.09513e-02 |102 -0.01457  5.13575e-03
103 -0.03238 -1.34955e-02 |104 -0.00111  3.25092e-02 |105  0.00031  2.95000e-03
106  0.00031  2.95617e-03 |107  0.79098 -1.40725e-02 |108 -0.42099  5.63443e-02
109  0.21147 -1.14390e-02 |110 -0.25270  3.52535e-02 |

 - final statistics:
110 variables; iteration 120; function evaluation 167
Function value 2.1782e+03; maximum gradient component mag 4.7652e-06
Exit code = 1;  converg criter 1.0000e-04
Var    Value     Gradient |Var    Value     Gradient |Var    Value     Gradient
  1 -0.47225  2.09996e-06 |  2 -0.42472  4.76518e-06 |  3 -0.40162  4.73495e-06
  4 -0.37258  2.51991e-07 |  5 -0.40375  1.14952e-07 |  6  0.60761 -7.46016e-07
  7  0.00084 -4.80207e-08 |  8  0.00019 -7.77346e-09 |  9  0.01048 -7.46454e-08
 10 -0.00742  6.03126e-08 | 11  0.02817  9.62570e-09 | 12 -0.00725 -8.51297e-08
 13 -0.00261  4.71425e-09 | 14  0.03249 -1.05319e-07 | 15  0.00312  1.42895e-09
 16 -0.00292 -3.92928e-08 | 17 -0.02022  2.48120e-08 | 18  0.01593  8.26794e-08
 19  0.03859  3.80484e-08 | 20 -0.00539 -9.23856e-08 | 21  0.02079  2.00060e-07
 22 -0.00714 -7.46000e-08 | 23  0.00143 -1.08846e-07 | 24 -0.00162 -9.72216e-08
 25  0.01716  2.98285e-08 | 26 -0.00028 -6.81847e-08 | 27 -0.00616  5.14287e-08
 28 -0.03968  9.47609e-08 | 29 -0.01389  1.51279e-07 | 30 -0.00642 -6.85893e-09
 31  0.00484  9.25504e-08 | 32  0.01891 -2.13433e-07 | 33 -0.01584 -5.15220e-08
 34 -0.02245 -1.46503e-07 | 35 -0.01855 -1.19450e-07 | 36  0.00311  1.56275e-07
 37 -0.00429  1.26667e-07 | 38  0.00965 -3.07340e-07 | 39 -0.02227 -3.59282e-08
 40 -0.00420 -3.62576e-07 | 41 -0.03604  4.78961e-08 | 42  0.00930 -2.78760e-07
 43 -0.01158 -1.14296e-07 | 44  0.00574 -9.03614e-08 | 45  0.02333 -3.04517e-07
 46 -0.01272  2.92399e-08 | 47 -0.00504  7.21897e-08 | 48  0.01371 -2.71070e-07
 49 -0.03543  7.23310e-09 | 50  0.01456 -4.10669e-07 | 51 -0.00268  1.15385e-07
 52  0.01544 -3.66994e-07 | 53 -0.01044  2.98176e-07 | 54  0.00339  2.44105e-08
 55  0.02387 -2.09685e-07 | 56  0.02644  7.37537e-08 | 57  0.00647 -1.05620e-07
 58  0.00569  2.47598e-07 | 59 -0.00758  3.34367e-07 | 60 -0.01817 -2.59229e-09
 61 -0.00358 -3.56346e-09 | 62 -0.01956  2.36354e-08 | 63 -0.02895  1.05983e-08
 64  0.02589  2.90074e-07 | 65  0.05461  7.47691e-07 | 66  0.02645 -1.69781e-07
 67 -0.00581 -3.37624e-09 | 68  0.05268  2.78274e-08 | 69  0.01613 -9.86318e-08
 70  0.00884 -2.91596e-07 | 71 -0.05156 -1.73196e-07 | 72  0.00990  6.21082e-08
 73  0.11928  1.32076e-07 | 74 -0.00947  1.44328e-07 | 75  0.02404  8.95700e-08
 76  0.00900 -2.47074e-08 | 77  0.00349  1.11039e-07 | 78  0.00800 -1.68533e-08
 79 -0.03718 -1.77222e-07 | 80 -0.01956  6.79487e-08 | 81  0.01134 -1.97395e-07
 82 -0.05045 -1.18398e-07 | 83 -0.02784  1.92301e-07 | 84 -0.03111 -3.84221e-08
 85 -0.02521 -1.38229e-07 | 86 -0.02228 -2.55642e-07 | 87 -0.06064 -3.43836e-08
 88 -0.01953  2.59059e-07 | 89  0.02568  3.37208e-07 | 90  0.02050  1.22782e-07
 91  0.01049  1.96871e-07 | 92  0.00930 -1.11125e-07 | 93  0.00170  4.59315e-08
 94  0.03478 -2.65149e-08 | 95 -0.04416 -8.98840e-08 | 96  0.02870 -1.14011e-07
 97  0.00183  1.00195e-07 | 98 -0.01637  1.56740e-07 | 99 -0.00458  2.03528e-07
100  0.00091 -2.42039e-08 |101  0.04926  4.29011e-07 |102 -0.01457  2.91085e-08
103 -0.03237 -7.38496e-08 |104 -0.00113 -6.25390e-08 |105  0.00031  6.76795e-08
106  0.00031 -1.36689e-09 |107  0.79098 -7.50690e-07 |108 -0.42099  3.60341e-06
109  0.21147 -8.58356e-07 |110 -0.25270  2.17486e-06 |

 - final statistics:
122 variables; iteration 0; function evaluation 0
Function value 2.1782e+03; maximum gradient component mag 4.7651e-06
Exit code = 0;  converg criter 1.0000e-04
Var    Value     Gradient |Var    Value     Gradient |Var    Value     Gradient
  1 -0.47225  2.09997e-06 |  2 -0.42472  4.76506e-06 |  3 -0.40162  4.73494e-06
  4 -0.37258  2.51993e-07 |  5 -0.40375  1.14953e-07 |  6  0.60761 -7.46248e-07
  7  0.00084 -4.80212e-08 |  8  0.00019 -7.77359e-09 |  9  0.01048 -7.46456e-08
 10 -0.00742  6.03124e-08 | 11  0.02817  9.62531e-09 | 12 -0.00725 -8.34612e-08
 13 -0.00261  6.38277e-09 | 14  0.03249 -1.03653e-07 | 15  0.00312  3.09722e-09
 16 -0.00292 -3.76245e-08 | 17 -0.02022  2.64794e-08 | 18  0.01593  8.43464e-08
 19  0.03859  3.97120e-08 | 20 -0.00539 -9.07181e-08 | 21  0.02079  2.01726e-07
 22 -0.00714 -7.29331e-08 | 23  0.00143 -1.07179e-07 | 24 -0.00162 -9.55557e-08
 25  0.01716  3.14923e-08 | 26 -0.00028 -6.65195e-08 | 27 -0.00616  5.30944e-08
 28 -0.03968  9.64245e-08 | 29 -0.01389  1.52945e-07 | 30 -0.00642 -5.19391e-09
 31  0.00484  9.42149e-08 | 32  0.01891 -2.11771e-07 | 33 -0.01584 -4.98568e-08
 34 -0.02245 -1.44838e-07 | 35 -0.01855 -1.17785e-07 | 36  0.00311  1.57937e-07
 37 -0.00429  1.28332e-07 | 38  0.00965 -3.05676e-07 | 39 -0.02227 -3.42637e-08
 40 -0.00420 -3.60911e-07 | 41 -0.03604  4.95599e-08 | 42  0.00930 -2.77097e-07
 43 -0.01158 -1.12632e-07 | 44  0.00574 -8.86999e-08 | 45  0.02333 -3.02857e-07
 46 -0.01272  3.09040e-08 | 47 -0.00504  7.38534e-08 | 48  0.01371 -2.69407e-07
 49 -0.03543  8.89611e-09 | 50  0.01456 -4.09006e-07 | 51 -0.00268  1.17048e-07
 52  0.01544 -3.65334e-07 | 53 -0.01044  2.99839e-07 | 54  0.00339  2.60715e-08
 55  0.02387 -2.08029e-07 | 56  0.02644  7.54093e-08 | 57  0.00647 -1.03961e-07
 58  0.00569  2.49257e-07 | 59 -0.00758  3.36027e-07 | 60 -0.01817 -9.31756e-10
 61 -0.00358 -1.90429e-09 | 62 -0.01956  2.52955e-08 | 63 -0.02895  1.22590e-08
 64  0.02589  2.91723e-07 | 65  0.05461  7.49332e-07 | 66  0.02645 -1.68133e-07
 67 -0.00581 -1.71648e-09 | 68  0.05268  2.94640e-08 | 69  0.01613 -9.69729e-08
 70  0.00884 -2.89936e-07 | 71 -0.05156 -1.71537e-07 | 72  0.00990  6.37664e-08
 73  0.11928  1.33644e-07 | 74 -0.00947  1.45988e-07 | 75  0.02404  9.12224e-08
 76  0.00900 -2.30515e-08 | 77  0.00349  1.12696e-07 | 78  0.00800 -1.51995e-08
 79 -0.03718 -1.75563e-07 | 80 -0.01956  6.96082e-08 | 81  0.01134 -1.95740e-07
 82 -0.05045 -1.16739e-07 | 83 -0.02784  1.93962e-07 | 84 -0.03111 -3.67603e-08
 85 -0.02521 -1.36568e-07 | 86 -0.02228 -2.53981e-07 | 87 -0.06064 -3.27247e-08
 88 -0.01953  2.60724e-07 | 89  0.02568  3.38867e-07 | 90  0.02050  1.24441e-07
 91  0.01049  1.98533e-07 | 92  0.00930 -1.09463e-07 | 93  0.00170  4.75958e-08
 94  0.03478 -2.48571e-08 | 95 -0.04416 -8.82208e-08 | 96  0.02870 -1.12347e-07
 97  0.00183  1.01865e-07 | 98 -0.01637  1.58408e-07 | 99 -0.00458  2.05196e-07
100  0.00091 -2.25339e-08 |101  0.04926  4.30677e-07 |102 -0.01457  3.07773e-08
103 -0.03237 -7.21824e-08 |104 -0.00113 -6.08701e-08 |105  0.00031  6.93485e-08
106  0.00031  3.01964e-10 |107  0.00000  0.00000e+00 |108  0.00000  0.00000e+00
109  0.00000  0.00000e+00 |110  0.00000  0.00000e+00 |111  0.00000  0.00000e+00
112  0.00000  0.00000e+00 |113  0.00000  0.00000e+00 |114  0.00000  0.00000e+00
115  0.00000  0.00000e+00 |116  0.00000  0.00000e+00 |117  0.00000  0.00000e+00
118  0.00000  0.00000e+00 |119  0.79098 -7.50717e-07 |120 -0.42099  3.60354e-06
121  0.21147 -8.58371e-07 |122 -0.25270  2.17491e-06 |
size of file gradfil1.tmp = 0
size of file gradfil2.tmp = 0
size of file varssave.tmp = 0
size of file cmpdiff.tmp = 0
