
Initial statistics: 1 variables; iteration 0; function evaluation 0; phase 1
Function value 2.6164321e+03; maximum gradient component mag -4.9909e+03
Var    Value     Gradient |Var    Value     Gradient |Var    Value     Gradient
  1  0.63197 -4.99090e+03 |

 - final statistics:
1 variables; iteration 4; function evaluation 7
Function value 2.5962e+03; maximum gradient component mag -5.4864e-01
Exit code = 1;  converg criter 1.0000e+01
Var    Value     Gradient |Var    Value     Gradient |Var    Value     Gradient
  1  0.64066 -5.48640e-01 |

Initial statistics: 98 variables; iteration 0; function evaluation 0; phase 2
Function value 2.5962078e+03; maximum gradient component mag -1.6060e+03
Var    Value     Gradient |Var    Value     Gradient |Var    Value     Gradient
  1  0.64066 -5.48640e-01 |  2  0.00000  1.14763e+01 |  3  0.00000  5.51868e+00
  4  0.00000 -4.88893e+01 |  5  0.00000  1.19696e+01 |  6  0.00000 -1.44098e+02
  7  0.00000 -4.17612e+01 |  8  0.00000 -5.30309e+01 |  9  0.00000  7.43017e+01
 10  0.00000 -2.70563e+01 | 11  0.00000  9.63625e+01 | 12  0.00000  1.50513e+02
 13  0.00000 -1.62195e+01 | 14  0.00000 -3.12097e+01 | 15  0.00000 -4.86498e+01
 16  0.00000  4.43047e+02 | 17  0.00000  4.16609e+02 | 18  0.00000  2.49317e+02
 19  0.00000  4.62404e+01 | 20  0.00000 -3.21569e+02 | 21  0.00000 -5.84269e+02
 22  0.00000  1.42308e+02 | 23  0.00000 -1.35095e+02 | 24  0.00000 -8.43267e+01
 25  0.00000  8.35095e+01 | 26  0.00000  5.06748e+02 | 27  0.00000  4.24418e+02
 28  0.00000  4.19988e+02 | 29  0.00000 -3.56145e+02 | 30  0.00000  8.85387e+01
 31  0.00000  1.62348e+02 | 32  0.00000 -9.18398e+01 | 33  0.00000  5.50661e+02
 34  0.00000  4.00604e+02 | 35  0.00000 -5.63980e+02 | 36  0.00000 -1.78325e+02
 37  0.00000  1.44031e+02 | 38  0.00000 -1.27146e+02 | 39  0.00000  1.02281e+02
 40  0.00000 -9.51954e+01 | 41  0.00000  3.67449e+02 | 42  0.00000 -8.96247e+02
 43  0.00000  3.96658e+02 | 44  0.00000  3.66358e+02 | 45  0.00000  1.19859e+02
 46  0.00000 -8.67680e+02 | 47  0.00000  5.97201e+02 | 48  0.00000  2.39911e+02
 49  0.00000 -1.20710e+02 | 50  0.00000  1.87157e+02 | 51  0.00000 -1.03144e+03
 52  0.00000  2.22895e+02 | 53  0.00000 -2.81780e+01 | 54  0.00000  1.11781e+03
 55  0.00000  6.95789e+02 | 56  0.00000 -2.34416e+02 | 57  0.00000 -3.85258e+02
 58  0.00000 -5.26766e+02 | 59  0.00000 -7.86633e+00 | 60  0.00000 -3.54040e+02
 61  0.00000  2.27234e+02 | 62  0.00000 -1.60599e+03 | 63  0.00000 -2.01407e+02
 64  0.00000 -7.77250e+02 | 65  0.00000 -7.79544e+01 | 66  0.00000 -1.80044e+02
 67  0.00000 -7.32033e+02 | 68  0.00000  2.66092e+02 | 69  0.00000 -8.86876e+02
 70  0.00000 -6.08048e+02 | 71  0.00000 -1.26611e+02 | 72  0.00000 -2.23911e+02
 73  0.00000 -1.85710e+02 | 74  0.00000  5.96435e+02 | 75  0.00000  1.13793e+03
 76  0.00000  2.55198e+02 | 77  0.00000 -1.74473e+02 | 78  0.00000  1.06688e+03
 79  0.00000  6.28236e+02 | 80  0.00000 -1.32302e+02 | 81  0.00000 -3.64456e+01
 82  0.00000 -3.98990e+02 | 83  0.00000  3.62100e+02 | 84  0.00000  9.75282e+02
 85  0.00000  7.43082e+02 | 86  0.00000  2.56866e+02 | 87  0.00000 -5.29750e+01
 88  0.00000 -8.22360e+02 | 89  0.00000 -1.07955e+02 | 90  0.00000 -2.27048e+02
 91  0.00000 -4.63959e+02 | 92  0.00000  4.49794e+01 | 93  0.00000  2.15360e+01
 94  0.00000  2.45149e+00 | 95  0.00000 -1.21953e+00 | 96  0.00000 -1.21962e+00
 97  0.81654  2.14419e+02 | 98  0.22185 -7.48837e+01 |

Intermediate statistics: 98 variables; iteration 20; function evaluation 29; phase 2
Function value 2.2287705e+03; maximum gradient component mag 1.3903e+03
Var    Value     Gradient |Var    Value     Gradient |Var    Value     Gradient
  1  0.63169  1.39029e+03 |  2 -0.07616 -1.65871e+02 |  3 -0.01613 -6.84753e+01
  4 -0.02501 -1.43018e+02 |  5  0.01946  2.57690e+01 |  6  0.06061  3.95015e+01
  7  0.02209 -3.09279e+00 |  8  0.02153 -5.47261e+00 |  9 -0.00758  1.56779e+00
 10  0.00062 -6.74749e+01 | 11 -0.01803 -3.84754e+01 | 12 -0.00822  5.33383e+01
 13  0.01416  4.41349e+01 | 14  0.00567 -4.25181e+01 | 15  0.00017 -1.20084e+02
 16 -0.03515  4.54755e+01 | 17 -0.01909  1.15872e+02 | 18 -0.01189  2.46269e+01
 19 -0.00202 -3.30545e+01 | 20  0.01561 -1.34973e+02 | 21  0.02103 -2.93734e+02
 22 -0.01200 -4.30726e+01 | 23  0.00783 -5.96052e+01 | 24  0.00488 -4.97780e+01
 25  0.00156  6.51586e+01 | 26 -0.02523  1.36361e+02 | 27 -0.01606  1.55519e+02
 28 -0.02197  9.86442e+01 | 29  0.01111 -2.01493e+02 | 30 -0.00530 -7.84530e+00
 31 -0.00874  1.20674e+01 | 32  0.00229 -9.46596e+01 | 33 -0.03153  1.06451e+02
 34 -0.01993  9.37800e+01 | 35  0.02390 -1.81187e+02 | 36  0.01545  2.53775e+01
 37 -0.00525  2.39969e+01 | 38  0.01261 -1.10168e+00 | 39 -0.00106  2.54516e+01
 40  0.01072  2.63714e+00 | 41 -0.02566  1.23118e+01 | 42  0.05150  1.32186e+02
 43 -0.02461  5.28001e+01 | 44 -0.01553  1.07102e+02 | 45  0.00647  1.89439e+02
 46  0.03580 -1.46413e+02 | 47 -0.02600  2.01788e+02 | 48 -0.00889  5.82509e+01
 49  0.00338 -7.60914e+01 | 50 -0.01703 -9.33346e+01 | 51  0.02334 -4.23915e+02
 52  0.00321  3.38761e+02 | 53  0.00001 -2.32025e+01 | 54 -0.02336  4.73200e+02
 55 -0.01852  1.85674e+02 | 56  0.00511 -8.02249e+01 | 57  0.00694 -1.45932e+02
 58  0.01927  9.22472e+01 | 59  0.00614  2.11981e+02 | 60  0.01278  3.24810e+01
 61 -0.00424  1.94127e+02 | 62  0.03579 -3.71058e+02 | 63 -0.00756 -3.06774e+02
 64  0.01840 -2.25303e+02 | 65 -0.00235 -8.63004e+01 | 66  0.00456 -4.86123e+00
 67  0.02895  1.95395e+02 | 68 -0.01858 -7.58392e+01 | 69  0.03130  1.41513e+02
 70  0.01361 -1.77123e+02 | 71 -0.00204 -1.68298e+02 | 72  0.00577 -6.83548e+01
 73  0.01480  2.39788e+02 | 74 -0.01003  2.40093e+02 | 75 -0.02541  3.94736e+02
 76  0.01073  5.23014e+02 | 77 -0.00192 -3.35596e+02 | 78 -0.02870  2.00836e+02
 79 -0.01781  1.55205e+01 | 80  0.00050 -2.27898e+02 | 81 -0.00346 -1.93073e+02
 82  0.02000  1.96001e+02 | 83 -0.01013 -1.21838e+01 | 84 -0.02047  3.07195e+02
 85 -0.01564  1.89987e+02 | 86 -0.01039 -1.26236e+02 | 87  0.00890  5.11643e+01
 88  0.02018 -4.67789e+02 | 89  0.01139  9.65092e+00 | 90  0.01336 -9.77115e+01
 91  0.03484 -1.41930e+02 | 92 -0.00941 -8.80653e+01 | 93  0.00792 -2.93065e+01
 94 -0.03732 -9.88711e+01 | 95  0.01243 -2.39186e+01 | 96  0.01243 -2.39167e+01
 97  0.81172  1.47847e+02 | 98  0.22850  9.41391e+01 |
98 variables; iteration 40; function evaluation 55; phase 2
Function value 2.1833617e+03; maximum gradient component mag 2.0656e+03
Var    Value     Gradient |Var    Value     Gradient |Var    Value     Gradient
  1  0.63162  2.06563e+03 |  2  0.03732  3.59889e+01 |  3  0.01387 -2.10808e+01
  4  0.04749  2.39979e+01 |  5 -0.01866 -9.07376e+01 |  6  0.03460 -8.80247e+01
  7  0.00339 -8.84685e+01 |  8 -0.00460 -1.29887e+02 |  9 -0.04606 -1.45372e+02
 10  0.01424 -1.40114e+01 | 11 -0.00156  2.45768e+01 | 12 -0.02021 -2.97392e+01
 13 -0.00243 -1.04839e+02 | 14 -0.02101 -2.66363e+02 | 15 -0.00227 -1.61496e+02
 16 -0.02997  6.41868e+01 | 17 -0.03476 -3.53777e+01 | 18 -0.02264 -9.62279e+01
 19 -0.00528 -6.38029e+01 | 20  0.01930 -3.21659e+01 | 21  0.03796  1.17644e+02
 22 -0.01275 -4.27532e+01 | 23  0.00414 -1.13156e+02 | 24 -0.00083 -1.40458e+02
 25 -0.01052 -1.15071e+02 | 26 -0.04293 -4.92706e+01 | 27 -0.03010 -1.39877e+01
 28 -0.03428 -3.24951e+01 | 29  0.02106  1.79929e+01 | 30 -0.00779 -2.91374e+01
 31 -0.01272 -3.62772e+01 | 32  0.00210 -9.50899e+01 | 33 -0.04485 -2.68983e+01
 34 -0.02573  2.66393e+01 | 35  0.03429  8.26274e+01 | 36  0.01105 -3.58203e+01
 37 -0.00698  9.25142e-01 | 38  0.00621 -9.85482e+01 | 39 -0.00449 -1.96736e+01
 40  0.00712 -4.48257e+01 | 41 -0.02794 -1.13517e+01 | 42  0.05026  1.41449e+02
 43 -0.02701  2.68794e+01 | 44 -0.01713  8.77149e+01 | 45 -0.00290  4.98926e+01
 46  0.04487  1.52306e+02 | 47 -0.03349  1.14547e+02 | 48 -0.01722 -6.25431e+01
 49  0.01458  1.89656e+02 | 50 -0.01467 -3.45413e+01 | 51  0.03991  2.06634e+02
 52 -0.00803  1.12159e+02 | 53  0.00372  7.86417e+01 | 54 -0.03927  1.54795e+02
 55 -0.02135  1.22397e+02 | 56  0.00672  3.84469e+00 | 57  0.01145  3.55171e+01
 58  0.01994  1.61079e+02 | 59  0.00128  1.12925e+02 | 60  0.01663  1.73186e+02
 61 -0.01369  4.81065e+00 | 62  0.04074 -8.98473e+01 | 63  0.00456  2.19085e+01
 64  0.02465  4.31840e+01 | 65  0.00177  3.87566e+01 | 66  0.00667  6.89850e+01
 67  0.03162  3.26885e+02 | 68 -0.01949 -9.38094e+01 | 69  0.03139  1.81027e+02
 70  0.01777 -1.07168e+01 | 71  0.00340 -1.16815e+00 | 72  0.00842  2.18693e+01
 73  0.00720 -1.73819e+01 | 74 -0.01686  3.82279e+01 | 75 -0.04080  7.18206e+01
 76 -0.00144  8.44784e+01 | 77  0.00482 -1.50426e+02 | 78 -0.03639  4.03152e+01
 79 -0.01829 -9.91786e+00 | 80  0.00279 -1.68388e+02 | 81  0.00042 -1.09248e+02
 82  0.01572 -4.93363e+00 | 83 -0.00752 -6.02716e+00 | 84 -0.03228  2.40529e+01
 85 -0.02136  6.22895e+00 | 86 -0.00299 -3.04946e+01 | 87  0.00731 -4.31729e+01
 88  0.04184  4.52791e+01 | 89  0.01337 -3.26392e+01 | 90  0.02350 -2.66437e+01
 91  0.05645  1.18073e+02 | 92  0.00700 -3.93816e+01 | 93  0.00256 -8.28875e+01
 94  0.02809 -1.65910e+01 | 95 -0.01105 -8.08222e+01 | 96 -0.01105 -8.08240e+01
 97  0.82908  2.20006e+02 | 98  0.22601 -9.71354e+00 |
98 variables; iteration 60; function evaluation 87; phase 2
Function value 2.1543747e+03; maximum gradient component mag 5.0037e+02
Var    Value     Gradient |Var    Value     Gradient |Var    Value     Gradient
  1  0.62903  5.00368e+02 |  2 -0.00197 -8.61784e+00 |  3 -0.00310 -1.73745e+01
  4  0.02450 -6.22038e+00 |  5 -0.01057 -3.03618e+01 |  6  0.04149 -2.86814e+01
  7  0.01311 -1.85072e+01 |  8  0.01864 -2.65152e+00 |  9 -0.01520 -8.16740e+00
 10  0.00835 -1.44769e+01 | 11 -0.01806 -2.19388e+01 | 12 -0.02421 -1.43688e+01
 13  0.00520 -2.20718e+01 | 14  0.00733 -2.27945e+01 | 15  0.00873 -3.09206e+01
 16 -0.04230  1.12712e+01 | 17 -0.03377  6.65842e-01 | 18 -0.01628 -1.26441e+01
 19 -0.00172 -1.14222e+01 | 20  0.02136 -1.41794e+01 | 21  0.03389 -1.60893e+01
 22 -0.01002  4.42050e-01 | 23  0.01053 -9.16996e+00 | 24  0.00666 -1.96085e+01
 25 -0.00278  1.15569e+00 | 26 -0.03859  1.20205e+01 | 27 -0.03022  1.67647e+00
 28 -0.03212  3.71908e+00 | 29  0.02144 -1.58203e+00 | 30 -0.00641 -8.91173e+00
 31 -0.01076 -3.72105e+00 | 32  0.00736 -1.27194e+01 | 33 -0.04326  8.36337e+00
 34 -0.02858  7.94185e+00 | 35  0.03287  2.98485e+00 | 36  0.01444  3.76264e+00
 37 -0.00717  1.60557e+00 | 38  0.01279 -5.91500e+00 | 39 -0.00264  5.19233e+00
 40  0.01084 -5.55350e-02 | 41 -0.02818 -3.86578e+00 | 42  0.04882  1.33088e+01
 43 -0.02981  5.37022e+00 | 44 -0.02342  1.74112e+01 | 45 -0.00355  2.20977e+01
 46  0.04246 -1.43119e+01 | 47 -0.04328  2.50155e+01 | 48 -0.01118  1.11735e+01
 49  0.00976  3.39550e+01 | 50 -0.01068  6.29945e+00 | 51  0.03763  1.43519e+00
 52 -0.01024  3.12640e+01 | 53  0.00237 -1.54264e+01 | 54 -0.04538  5.49539e+01
 55 -0.02432  4.71388e+01 | 56  0.00843  1.74669e+01 | 57  0.01371  5.60076e+01
 58  0.01874  5.01668e+01 | 59 -0.00073  1.84261e+01 | 60  0.01512  5.68921e+01
 61 -0.01346 -9.46554e+00 | 62  0.04538  2.91009e+01 | 63  0.00641  3.81500e+01
 64  0.02605  2.71285e+01 | 65  0.00177  6.89077e+00 | 66  0.00723  3.73070e+01
 67  0.02583  3.08534e+01 | 68 -0.01435 -9.85202e+00 | 69  0.02871  8.22466e+00
 70  0.01861 -3.06841e+01 | 71  0.00476  1.16777e+01 | 72  0.00967  2.87792e+01
 73  0.00690 -5.80536e+01 | 74 -0.01819 -1.34810e+00 | 75 -0.04425  2.57074e+01
 76 -0.00368  3.54968e+00 | 77  0.00844 -4.81092e+01 | 78 -0.03886  1.63008e+01
 79 -0.01896 -9.02032e+00 | 80  0.00797  7.74456e+00 | 81  0.00167 -5.28246e+01
 82  0.01495 -2.03972e+01 | 83 -0.00917 -1.92684e+01 | 84 -0.03492  1.92504e+01
 85 -0.02376  1.01937e+01 | 86 -0.00495 -1.36821e+01 | 87  0.00498 -2.48056e+01
 88  0.03574 -4.35633e+01 | 89  0.01074  1.10432e+01 | 90  0.01902 -8.49724e+00
 91  0.04266 -1.49581e+01 | 92 -0.00068 -2.01587e+01 | 93  0.00406 -1.97784e+01
 94  0.00083 -1.27114e+01 | 95  0.00340 -1.15751e+01 | 96  0.00340 -1.15745e+01
 97  0.80543  1.69926e+01 | 98  0.22572  9.47173e+00 |
Maximum number of function evaluations exceeded

 - final statistics:
98 variables; iteration 71; function evaluation 100
Function value 2.1532e+03; maximum gradient component mag 4.1056e+01
Exit code = 3;  converg criter 1.0000e+01
Var    Value     Gradient |Var    Value     Gradient |Var    Value     Gradient
  1  0.62735  4.10562e+01 |  2 -0.00365  1.14593e+00 |  3 -0.00642 -1.13419e+01
  4  0.02227  4.64781e-01 |  5  0.00037  8.50976e+00 |  6  0.04551 -1.88881e+00
  7  0.01038 -1.59271e+01 |  8  0.01679  5.38459e-01 |  9 -0.01866 -8.32808e+00
 10  0.00615 -1.49790e+01 | 11 -0.01918 -1.56536e+01 | 12 -0.02283  2.99599e+00
 13  0.00624 -5.39293e+00 | 14  0.00913  1.18527e+00 | 15  0.01081 -2.25085e+00
 16 -0.04543  2.30753e+00 | 17 -0.03532 -2.35855e+00 | 18 -0.01534  3.50744e+00
 19 -0.00151 -3.61025e+00 | 20  0.02174 -5.88908e+00 | 21  0.03472  4.50627e-03
 22 -0.01031  2.96205e+00 | 23  0.01027 -9.65695e+00 | 24  0.00798  3.74678e+00
 25 -0.00316  1.09931e-01 | 26 -0.04077  8.89701e-01 | 27 -0.03077  2.03243e+00
 28 -0.03402 -7.39369e+00 | 29  0.02175  2.93873e+00 | 30 -0.00546  7.82972e+00
 31 -0.01113 -3.57714e+00 | 32  0.00848  6.23021e+00 | 33 -0.04453  4.89769e+00
 34 -0.03064 -7.75715e+00 | 35  0.03288 -7.40663e+00 | 36  0.01506  9.03208e+00
 37 -0.00716  1.60889e+00 | 38  0.01346 -1.53670e+00 | 39 -0.00218  8.29645e+00
 40  0.01148  2.20833e+00 | 41 -0.02703  8.06390e+00 | 42  0.04936 -2.76994e+00
 43 -0.02981  5.10201e+00 | 44 -0.02404  8.47646e+00 | 45 -0.00440  1.09848e+00
 46  0.04418 -2.53932e+00 | 47 -0.04572  3.83078e+00 | 48 -0.01084  4.55569e+00
 49  0.00911 -1.89348e+00 | 50 -0.01003  3.10661e+00 | 51  0.03859 -1.04489e+01
 52 -0.01096  3.62246e+00 | 53  0.00407  5.27456e+00 | 54 -0.04802  1.20429e+01
 55 -0.02563  9.18058e+00 | 56  0.00884  1.43539e+00 | 57  0.01302  5.38073e+00
 58  0.01819 -2.54356e-01 | 59 -0.00048  3.57753e+00 | 60  0.01416  1.73012e+00
 61 -0.01174  1.22066e+01 | 62  0.04577  7.95076e-02 | 63  0.00575  7.96488e-01
 64  0.02618 -2.12286e-01 | 65  0.00234  3.10789e+00 | 66  0.00655 -3.12446e-01
 67  0.02563 -6.48195e+00 | 68 -0.01353 -2.55736e+00 | 69  0.02901 -7.68568e+00
 70  0.02022  6.67731e-01 | 71  0.00508  5.53359e+00 | 72  0.00904 -4.63387e+00
 73  0.00939  1.91896e+00 | 74 -0.01801 -2.46265e+00 | 75 -0.04567  5.01094e+00
 76 -0.00380 -9.20923e+00 | 77  0.01046  7.89533e+00 | 78 -0.03989  8.72136e-01
 79 -0.01853 -2.87790e+00 | 80  0.00806  3.06411e+00 | 81  0.00370  1.19591e+00
 82  0.01575  1.67818e+00 | 83 -0.00842 -2.80583e+00 | 84 -0.03570  9.64210e+00
 85 -0.02410  5.97623e+00 | 86 -0.00450 -1.75188e+00 | 87  0.00591  8.03988e-01
 88  0.03689 -8.93507e+00 | 89  0.00969 -2.04908e+00 | 90  0.01893 -5.63177e+00
 91  0.04307 -2.02433e+00 | 92  0.00107  2.46866e+00 | 93  0.00494 -3.37021e+00
 94 -0.00087 -1.86629e+00 | 95  0.00088 -1.89036e+00 | 96  0.00088 -1.89055e+00
 97  0.80681  7.90461e+00 | 98  0.22561  7.34912e-01 |

Initial statistics: 100 variables; iteration 0; function evaluation 0; phase 3
Function value 2.1532299e+03; maximum gradient component mag -8.1018e+01
Var    Value     Gradient |Var    Value     Gradient |Var    Value     Gradient
  1  0.62735  4.10562e+01 |  2 -0.00365  1.13173e+00 |  3 -0.00642 -1.13561e+01
  4  0.02227  4.50587e-01 |  5  0.00036  8.49556e+00 |  6  0.04551 -1.90298e+00
  7  0.01038 -1.59413e+01 |  8  0.01678  5.24261e-01 |  9 -0.01866 -8.34228e+00
 10  0.00615 -1.49932e+01 | 11 -0.01918 -1.56678e+01 | 12 -0.02284  2.98179e+00
 13  0.00624 -5.40713e+00 | 14  0.00913  1.17107e+00 | 15  0.01081 -2.26505e+00
 16 -0.04543  2.29336e+00 | 17 -0.03532 -2.37273e+00 | 18 -0.01534  3.49324e+00
 19 -0.00151 -3.62446e+00 | 20  0.02174 -5.90328e+00 | 21  0.03472 -9.67521e-03
 22 -0.01031  2.94785e+00 | 23  0.01027 -9.67116e+00 | 24  0.00798  3.73258e+00
 25 -0.00316  9.57286e-02 | 26 -0.04077  8.75528e-01 | 27 -0.03077  2.01824e+00
 28 -0.03402 -7.40787e+00 | 29  0.02175  2.92453e+00 | 30 -0.00547  7.81551e+00
 31 -0.01113 -3.59134e+00 | 32  0.00848  6.21601e+00 | 33 -0.04453  4.88352e+00
 34 -0.03064 -7.77133e+00 | 35  0.03288 -7.42081e+00 | 36  0.01506  9.01788e+00
 37 -0.00716  1.59469e+00 | 38  0.01346 -1.55090e+00 | 39 -0.00218  8.28224e+00
 40  0.01148  2.19413e+00 | 41 -0.02703  8.04971e+00 | 42  0.04936 -2.78410e+00
 43 -0.02981  5.08783e+00 | 44 -0.02404  8.46227e+00 | 45 -0.00440  1.08428e+00
 46  0.04418 -2.55348e+00 | 47 -0.04572  3.81662e+00 | 48 -0.01084  4.54149e+00
 49  0.00911 -1.90768e+00 | 50 -0.01003  3.09241e+00 | 51  0.03859 -1.04631e+01
 52 -0.01096  3.60826e+00 | 53  0.00407  5.26036e+00 | 54 -0.04802  1.20287e+01
 55 -0.02563  9.16639e+00 | 56  0.00884  1.42119e+00 | 57  0.01302  5.36653e+00
 58  0.01819 -2.68553e-01 | 59 -0.00048  3.56332e+00 | 60  0.01416  1.71592e+00
 61 -0.01174  1.21924e+01 | 62  0.04577  6.53417e-02 | 63  0.00575  7.82286e-01
 64  0.02618 -2.26477e-01 | 65  0.00234  3.09369e+00 | 66  0.00655 -3.26648e-01
 67  0.02563 -6.49614e+00 | 68 -0.01353 -2.57156e+00 | 69  0.02901 -7.69986e+00
 70  0.02022  6.53536e-01 | 71  0.00508  5.51938e+00 | 72  0.00904 -4.64807e+00
 73  0.00939  1.90476e+00 | 74 -0.01801 -2.47684e+00 | 75 -0.04567  4.99677e+00
 76 -0.00380 -9.22344e+00 | 77  0.01046  7.88113e+00 | 78 -0.03989  8.57961e-01
 79 -0.01853 -2.89210e+00 | 80  0.00806  3.04991e+00 | 81  0.00370  1.18171e+00
 82  0.01575  1.66398e+00 | 83 -0.00842 -2.82003e+00 | 84 -0.03570  9.62792e+00
 85 -0.02410  5.96204e+00 | 86 -0.00450 -1.76609e+00 | 87  0.00591  7.89786e-01
 88  0.03689 -8.94925e+00 | 89  0.00969 -2.06328e+00 | 90  0.01893 -5.64597e+00
 91  0.04307 -2.03850e+00 | 92  0.00107  2.45446e+00 | 93  0.00494 -3.38442e+00
 94 -0.00087 -1.88050e+00 | 95  0.00088 -1.90456e+00 | 96  0.00088 -1.90476e+00
 97  0.80681  7.90461e+00 | 98 -0.41581  5.72059e+01 | 99  0.22561  7.34912e-01
100 -0.25275 -8.10178e+01 |

Intermediate statistics: 100 variables; iteration 20; function evaluation 23; phase 3
Function value 2.1529947e+03; maximum gradient component mag -1.6043e+02
Var    Value     Gradient |Var    Value     Gradient |Var    Value     Gradient
  1  0.62761  1.71190e+01 |  2 -0.00452  3.71645e-01 |  3 -0.00316 -3.65192e+00
  4  0.02190  3.08848e-01 |  5 -0.00193  3.72556e+00 |  6  0.04558 -1.18084e+00
  7  0.01211 -9.51097e+00 |  8  0.01674  7.95802e-01 |  9 -0.01781 -4.82930e+00
 10  0.00650 -1.29927e+01 | 11 -0.01840 -1.18744e+01 | 12 -0.02285  3.28276e+00
 13  0.00639 -4.49448e+00 | 14  0.00938  3.02061e+00 | 15  0.01101 -5.18269e-01
 16 -0.04529  3.78878e+00 | 17 -0.03530 -1.37133e+00 | 18 -0.01529  4.44162e+00
 19 -0.00142 -2.57125e+00 | 20  0.02188 -4.39273e+00 | 21  0.03475 -8.81086e-01
 22 -0.01026  3.69314e+00 | 23  0.01043 -7.27492e+00 | 24  0.00799  3.96484e+00
 25 -0.00312  9.57001e-01 | 26 -0.04072  2.00820e+00 | 27 -0.03072  3.17043e+00
 28 -0.03403 -6.91384e+00 | 29  0.02169  1.43862e+00 | 30 -0.00549  7.54162e+00
 31 -0.01110 -2.91358e+00 | 32  0.00838  4.97431e+00 | 33 -0.04447  6.17638e+00
 34 -0.03067 -7.19423e+00 | 35  0.03311 -2.09030e+00 | 36  0.01493  7.08989e+00
 37 -0.00722  1.53580e+00 | 38  0.01339 -2.11495e+00 | 39 -0.00231  7.34738e+00
 40  0.01135  8.86158e-01 | 41 -0.02708  8.55887e+00 | 42  0.04943 -6.55157e-02
 43 -0.02991  5.28646e+00 | 44 -0.02419  8.20390e+00 | 45 -0.00458 -6.23061e-02
 46  0.04429  2.02869e+00 | 47 -0.04588  3.76407e+00 | 48 -0.01110  2.33586e+00
 49  0.00889 -4.33995e+00 | 50 -0.01026  1.42625e+00 | 51  0.03894  5.42197e+00
 52 -0.01124  7.74848e-01 | 53  0.00357 -5.70985e+00 | 54 -0.04829  8.69719e+00
 55 -0.02601  2.71567e+00 | 56  0.00882  1.25392e+00 | 57  0.01266 -4.54905e+00
 58  0.01830  3.87792e+00 | 59 -0.00076 -1.68824e+00 | 60  0.01397 -3.54917e+00
 61 -0.01215  4.44145e+00 | 62  0.04524 -2.55055e+01 | 63  0.00557 -2.75777e+00
 64  0.02629  4.82774e+00 | 65  0.00210 -1.04228e+00 | 66  0.00653  9.04998e-01
 67  0.02587  4.44296e+00 | 68 -0.01355 -7.23211e-01 | 69  0.02932  6.27300e+00
 70  0.02026  4.33685e+00 | 71  0.00472 -1.76282e+00 | 72  0.00941  7.96025e+00
 73  0.00927  1.03002e+00 | 74 -0.01801 -4.15100e-01 | 75 -0.04581  5.38602e+00
 76 -0.00315  1.18316e+01 | 77  0.01011 -7.90425e-01 | 78 -0.04000  6.09151e-01
 79 -0.01860 -2.10035e+00 | 80  0.00797  2.89393e+00 | 81  0.00357 -1.56949e-01
 82  0.01572  3.60211e+00 | 83 -0.00851 -2.73939e+00 | 84 -0.03594  7.27741e+00
 85 -0.02441  2.05004e+00 | 86 -0.00468 -4.06182e+00 | 87  0.00565 -2.47534e+00
 88  0.03732  8.32181e+00 | 89  0.00950 -2.73710e+00 | 90  0.01880 -6.61168e+00
 91  0.04283 -6.57062e+00 | 92  0.00140  3.64136e+00 | 93  0.00536 -2.61287e+00
 94 -0.00082 -6.97341e-01 | 95  0.00121 -3.27762e-01 | 96  0.00121 -3.27761e-01
 97  0.79216  8.29661e+00 | 98 -0.41852 -5.50441e+01 | 99  0.22895  3.56860e+01
100 -0.25205 -1.60430e+02 |
100 variables; iteration 40; function evaluation 50; phase 3
Function value 2.1528165e+03; maximum gradient component mag 1.9085e+01
Var    Value     Gradient |Var    Value     Gradient |Var    Value     Gradient
  1  0.62776 -3.27011e+00 |  2 -0.00555 -1.10712e+00 |  3 -0.00092  1.60441e+00
  4  0.02166  4.66653e-01 |  5 -0.00320  1.30466e+00 |  6  0.04542 -5.90040e-01
  7  0.01549  2.99860e+00 |  8  0.01630 -5.15996e-03 |  9 -0.01625  1.31482e+00
 10  0.00904  7.85928e-01 | 11 -0.01611 -1.03982e+00 | 12 -0.02340  1.54251e+00
 13  0.00689  1.44531e-01 | 14  0.00899  8.79081e-02 | 15  0.01116  1.13834e+00
 16 -0.04621 -1.79835e+00 | 17 -0.03500  3.23479e-01 | 18 -0.01592 -2.72169e+00
 19 -0.00122 -6.09537e-01 | 20  0.02210 -1.19958e+00 | 21  0.03471 -2.24420e+00
 22 -0.01065 -3.80943e-01 | 23  0.01103  2.58247e+00 | 24  0.00768 -4.36956e-01
 25 -0.00317  1.83405e-01 | 26 -0.04102 -4.24713e-01 | 27 -0.03115 -8.14844e-01
 28 -0.03346 -1.62861e+00 | 29  0.02174  2.39856e+00 | 30 -0.00603  3.63765e-01
 31 -0.01096 -1.27983e+00 | 32  0.00816  1.06849e+00 | 33 -0.04523  1.38331e-01
 34 -0.02996 -1.44637e-01 | 35  0.03319 -1.16834e-01 | 36  0.01469  3.21251e+00
 37 -0.00736 -1.31357e-01 | 38  0.01347 -1.00484e+00 | 39 -0.00277  1.69786e+00
 40  0.01134  6.23835e-01 | 41 -0.02804 -2.02979e-01 | 42  0.04932 -3.82275e+00
 43 -0.03051 -2.19301e-01 | 44 -0.02528 -2.71168e+00 | 45 -0.00457 -3.11930e-01
 46  0.04421 -1.03880e+00 | 47 -0.04629  2.78333e-01 | 48 -0.01130 -6.01056e-01
 49  0.00921  1.66127e+00 | 50 -0.01030  6.64597e-01 | 51  0.03886  1.90423e+00
 52 -0.01135 -1.38316e+00 | 53  0.00367 -4.33564e+00 | 54 -0.04908 -3.09556e+00
 55 -0.02619  8.66347e-01 | 56  0.00890  3.64626e+00 | 57  0.01283  4.33896e+00
 58  0.01831  3.70167e+00 | 59 -0.00097 -4.14086e+00 | 60  0.01424  3.46230e+00
 61 -0.01249  6.67132e-01 | 62  0.04578  8.98141e-01 | 63  0.00560  7.78058e-01
 64  0.02613 -1.64836e+00 | 65  0.00197 -2.27718e+00 | 66  0.00649 -8.91896e-01
 67  0.02566 -5.42176e-03 | 68 -0.01329  3.72790e+00 | 69  0.02902 -1.13936e+00
 70  0.02022  2.36361e+00 | 71  0.00483  3.18281e+00 | 72  0.00907 -2.53836e+00
 73  0.00917  1.08264e-01 | 74 -0.01795  3.67531e-01 | 75 -0.04632 -1.40846e+00
 76 -0.00357 -1.39848e+00 | 77  0.01011  1.54706e+00 | 78 -0.04007 -5.55532e-01
 79 -0.01853  1.49483e+00 | 80  0.00773 -5.65645e+00 | 81  0.00336 -3.39686e+00
 82  0.01575  4.47825e+00 | 83 -0.00843  1.56613e+00 | 84 -0.03635  5.87332e-01
 85 -0.02478 -2.51316e+00 | 86 -0.00449  2.09596e-01 | 87  0.00553 -1.69051e+00
 88  0.03698 -2.37574e+00 | 89  0.00948  2.25851e-01 | 90  0.01918  3.61562e-01
 91  0.04288 -5.10966e-01 | 92  0.00054 -1.71571e+00 | 93  0.00523 -7.46765e-01
 94 -0.00079  3.56283e-02 | 95  0.00153  4.73116e-01 | 96  0.00153  4.73331e-01
 97  0.79247 -1.31315e+00 | 98 -0.41826  7.19922e+00 | 99  0.23311 -3.28468e+00
100 -0.25008  1.90847e+01 |
100 variables; iteration 60; function evaluation 75; phase 3
Function value 2.1528093e+03; maximum gradient component mag 9.0863e+00
Var    Value     Gradient |Var    Value     Gradient |Var    Value     Gradient
  1  0.62774 -1.52885e+00 |  2 -0.00538 -8.38852e-01 |  3 -0.00142  5.02226e-01
  4  0.02210  1.50416e+00 |  5 -0.00363  2.04223e-01 |  6  0.04557 -1.07448e-01
  7  0.01507  1.42883e+00 |  8  0.01655  9.34038e-01 |  9 -0.01661 -1.79479e-02
 10  0.00891  2.44022e-03 | 11 -0.01587 -8.77284e-02 | 12 -0.02355  7.36666e-01
 13  0.00690  1.20400e-01 | 14  0.00903  3.73594e-01 | 15  0.01109  2.60293e-01
 16 -0.04607 -9.92166e-01 | 17 -0.03525 -1.49298e+00 | 18 -0.01563  2.50666e-01
 19 -0.00125 -9.86008e-01 | 20  0.02208 -1.49403e+00 | 21  0.03471 -2.42165e+00
 22 -0.01072 -1.40664e+00 | 23  0.01096  1.31554e+00 | 24  0.00776  7.31707e-01
 25 -0.00307  1.68503e+00 | 26 -0.04086  9.44873e-01 | 27 -0.03111 -3.87219e-01
 28 -0.03348 -1.81399e+00 | 29  0.02166  7.08964e-01 | 30 -0.00600  8.04045e-01
 31 -0.01084  1.31394e-01 | 32  0.00810  4.20152e-02 | 33 -0.04541 -1.31016e+00
 34 -0.02982  1.21628e+00 | 35  0.03320  1.32984e-01 | 36  0.01463  2.21920e+00
 37 -0.00739 -4.26727e-01 | 38  0.01355  2.70440e-01 | 39 -0.00280  1.36855e+00
 40  0.01134  6.79349e-01 | 41 -0.02791  9.97816e-01 | 42  0.04938 -1.99759e+00
 43 -0.03048  1.19009e-01 | 44 -0.02520 -1.97602e+00 | 45 -0.00451  5.48835e-01
 46  0.04423 -3.94274e-01 | 47 -0.04638 -4.82832e-01 | 48 -0.01123  3.41803e-01
 49  0.00920  1.34386e+00 | 50 -0.01030  5.83388e-01 | 51  0.03883  6.37458e-01
 52 -0.01129 -3.09545e-01 | 53  0.00378 -1.05355e+00 | 54 -0.04901 -1.97704e+00
 55 -0.02619  6.81653e-01 | 56  0.00889  3.00244e+00 | 57  0.01273  7.43200e-01
 58  0.01827  2.38624e+00 | 59 -0.00088 -2.33854e+00 | 60  0.01413  2.42882e-01
 61 -0.01249  2.69769e-01 | 62  0.04578  4.66457e-01 | 63  0.00565  1.64504e+00
 64  0.02616 -7.72418e-01 | 65  0.00208  1.17192e-01 | 66  0.00641 -3.14575e+00
 67  0.02571  9.08109e-01 | 68 -0.01349 -3.86794e-01 | 69  0.02907 -2.91928e-01
 70  0.02022  1.91045e+00 | 71  0.00475  5.79746e-01 | 72  0.00908 -2.52411e+00
 73  0.00925  2.19967e+00 | 74 -0.01794  5.76043e-01 | 75 -0.04620  3.18888e-01
 76 -0.00354 -5.75628e-01 | 77  0.01011  1.00262e+00 | 78 -0.04007 -8.29609e-01
 79 -0.01857  1.90599e-01 | 80  0.00782 -2.60806e+00 | 81  0.00343 -1.55205e+00
 82  0.01568  1.95333e+00 | 83 -0.00842  1.33174e+00 | 84 -0.03644 -1.02257e+00
 85 -0.02475 -2.47625e+00 | 86 -0.00450 -1.61370e-01 | 87  0.00554 -1.82124e+00
 88  0.03702 -1.66171e+00 | 89  0.00953  6.32706e-01 | 90  0.01923  8.33940e-01
 91  0.04294 -1.15165e-01 | 92  0.00067 -1.04485e+00 | 93  0.00521 -1.03430e+00
 94 -0.00088 -1.64182e-01 | 95  0.00138  2.01287e-01 | 96  0.00138  2.01361e-01
 97  0.79258 -4.88656e-01 | 98 -0.41826  2.96870e+00 | 99  0.23287 -1.17708e+00
100 -0.25020  9.08629e+00 |
100 variables; iteration 80; function evaluation 100; phase 3
Function value 2.1528063e+03; maximum gradient component mag 5.1536e+00
Var    Value     Gradient |Var    Value     Gradient |Var    Value     Gradient
  1  0.62775 -8.04312e-01 |  2 -0.00517 -4.75328e-01 |  3 -0.00150  2.82084e-01
  4  0.02188  8.86822e-01 |  5 -0.00366  9.53869e-02 |  6  0.04547 -5.62810e-01
  7  0.01485  6.37691e-01 |  8  0.01654  8.64561e-01 |  9 -0.01650  3.31580e-01
 10  0.00891 -3.13920e-02 | 11 -0.01583  6.53691e-02 | 12 -0.02360  4.83237e-01
 13  0.00683 -4.32598e-01 | 14  0.00899  1.00485e-02 | 15  0.01103 -3.25584e-01
 16 -0.04606 -9.37158e-01 | 17 -0.03508 -2.31792e-01 | 18 -0.01571 -4.23424e-01
 19 -0.00123 -5.75128e-01 | 20  0.02214 -3.09996e-01 | 21  0.03475 -1.33143e+00
 22 -0.01066 -6.09778e-01 | 23  0.01093  9.07098e-01 | 24  0.00773  3.37930e-01
 25 -0.00305  1.95885e+00 | 26 -0.04083  1.20162e+00 | 27 -0.03107  1.11283e-02
 28 -0.03342 -1.22792e+00 | 29  0.02159 -6.50312e-01 | 30 -0.00602  5.09602e-01
 31 -0.01082  5.41126e-01 | 32  0.00807 -3.84967e-01 | 33 -0.04544 -1.57700e+00
 34 -0.02989  6.11143e-01 | 35  0.03321  5.77675e-01 | 36  0.01458  1.52114e+00
 37 -0.00737 -1.51476e-01 | 38  0.01357  6.29403e-01 | 39 -0.00284  8.16791e-01
 40  0.01132  4.00268e-01 | 41 -0.02801  3.57869e-02 | 42  0.04942 -8.23592e-01
 43 -0.03036  1.17928e+00 | 44 -0.02510 -8.82947e-01 | 45 -0.00450  6.80130e-01
 46  0.04421 -1.02263e+00 | 47 -0.04637 -3.72075e-01 | 48 -0.01124  2.78424e-01
 49  0.00918  1.12076e+00 | 50 -0.01029  8.70351e-01 | 51  0.03881  1.44494e-01
 52 -0.01132 -7.70510e-01 | 53  0.00379 -7.63478e-01 | 54 -0.04891 -5.40282e-01
 55 -0.02620  4.75800e-01 | 56  0.00884  1.53656e+00 | 57  0.01272  2.25812e-01
 58  0.01823  1.24800e+00 | 59 -0.00084 -1.45948e+00 | 60  0.01412 -1.15775e-01
 61 -0.01249  2.41677e-01 | 62  0.04577  1.78059e-01 | 63  0.00566  1.82164e+00
 64  0.02616 -5.33537e-01 | 65  0.00207 -1.67635e-01 | 66  0.00647 -1.60871e+00
 67  0.02569  4.51692e-01 | 68 -0.01347  9.72478e-02 | 69  0.02907 -2.06871e-01
 70  0.02019  1.10785e+00 | 71  0.00473  1.18428e-01 | 72  0.00911 -1.41384e+00
 73  0.00922  1.31220e+00 | 74 -0.01796  1.70982e-01 | 75 -0.04627 -8.15392e-01
 76 -0.00352 -1.05927e-01 | 77  0.01009  5.00295e-01 | 78 -0.04007 -7.11651e-01
 79 -0.01861 -5.25273e-01 | 80  0.00787 -9.59137e-01 | 81  0.00340 -2.40190e+00
 82  0.01567  1.34856e+00 | 83 -0.00845  5.06287e-01 | 84 -0.03638 -1.20937e-01
 85 -0.02470 -1.45008e+00 | 86 -0.00449  1.72220e-01 | 87  0.00558 -1.13909e+00
 88  0.03705 -9.73485e-01 | 89  0.00953  3.24389e-01 | 90  0.01921  3.92291e-01
 91  0.04297  1.94274e-02 | 92  0.00080 -2.57311e-01 | 93  0.00540 -4.60776e-01
 94 -0.00085 -1.56277e-01 | 95  0.00133  1.05415e-01 | 96  0.00133  1.05717e-01
 97  0.79259 -3.06115e-01 | 98 -0.41826  1.74818e+00 | 99  0.23270 -7.70445e-01
100 -0.25027  5.15364e+00 |
Maximum number of function evaluations exceeded

 - final statistics:
100 variables; iteration 81; function evaluation 100
Function value 2.1528e+03; maximum gradient component mag 5.1536e+00
Exit code = 3;  converg criter 1.0000e+00
Var    Value     Gradient |Var    Value     Gradient |Var    Value     Gradient
  1  0.62775 -8.04312e-01 |  2 -0.00517 -4.75328e-01 |  3 -0.00150  2.82084e-01
  4  0.02188  8.86822e-01 |  5 -0.00366  9.53869e-02 |  6  0.04547 -5.62810e-01
  7  0.01485  6.37691e-01 |  8  0.01654  8.64561e-01 |  9 -0.01650  3.31580e-01
 10  0.00891 -3.13920e-02 | 11 -0.01583  6.53691e-02 | 12 -0.02360  4.83237e-01
 13  0.00683 -4.32598e-01 | 14  0.00899  1.00485e-02 | 15  0.01103 -3.25584e-01
 16 -0.04606 -9.37158e-01 | 17 -0.03508 -2.31792e-01 | 18 -0.01571 -4.23424e-01
 19 -0.00123 -5.75128e-01 | 20  0.02214 -3.09996e-01 | 21  0.03475 -1.33143e+00
 22 -0.01066 -6.09778e-01 | 23  0.01093  9.07098e-01 | 24  0.00773  3.37930e-01
 25 -0.00305  1.95885e+00 | 26 -0.04083  1.20162e+00 | 27 -0.03107  1.11283e-02
 28 -0.03342 -1.22792e+00 | 29  0.02159 -6.50312e-01 | 30 -0.00602  5.09602e-01
 31 -0.01082  5.41126e-01 | 32  0.00807 -3.84967e-01 | 33 -0.04544 -1.57700e+00
 34 -0.02989  6.11143e-01 | 35  0.03321  5.77675e-01 | 36  0.01458  1.52114e+00
 37 -0.00737 -1.51476e-01 | 38  0.01357  6.29403e-01 | 39 -0.00284  8.16791e-01
 40  0.01132  4.00268e-01 | 41 -0.02801  3.57869e-02 | 42  0.04942 -8.23592e-01
 43 -0.03036  1.17928e+00 | 44 -0.02510 -8.82947e-01 | 45 -0.00450  6.80130e-01
 46  0.04421 -1.02263e+00 | 47 -0.04637 -3.72075e-01 | 48 -0.01124  2.78424e-01
 49  0.00918  1.12076e+00 | 50 -0.01029  8.70351e-01 | 51  0.03881  1.44494e-01
 52 -0.01132 -7.70510e-01 | 53  0.00379 -7.63478e-01 | 54 -0.04891 -5.40282e-01
 55 -0.02620  4.75800e-01 | 56  0.00884  1.53656e+00 | 57  0.01272  2.25812e-01
 58  0.01823  1.24800e+00 | 59 -0.00084 -1.45948e+00 | 60  0.01412 -1.15775e-01
 61 -0.01249  2.41677e-01 | 62  0.04577  1.78059e-01 | 63  0.00566  1.82164e+00
 64  0.02616 -5.33537e-01 | 65  0.00207 -1.67635e-01 | 66  0.00647 -1.60871e+00
 67  0.02569  4.51692e-01 | 68 -0.01347  9.72478e-02 | 69  0.02907 -2.06871e-01
 70  0.02019  1.10785e+00 | 71  0.00473  1.18428e-01 | 72  0.00911 -1.41384e+00
 73  0.00922  1.31220e+00 | 74 -0.01796  1.70982e-01 | 75 -0.04627 -8.15392e-01
 76 -0.00352 -1.05927e-01 | 77  0.01009  5.00295e-01 | 78 -0.04007 -7.11651e-01
 79 -0.01861 -5.25273e-01 | 80  0.00787 -9.59137e-01 | 81  0.00340 -2.40190e+00
 82  0.01567  1.34856e+00 | 83 -0.00845  5.06287e-01 | 84 -0.03638 -1.20937e-01
 85 -0.02470 -1.45008e+00 | 86 -0.00449  1.72220e-01 | 87  0.00558 -1.13909e+00
 88  0.03705 -9.73485e-01 | 89  0.00953  3.24389e-01 | 90  0.01921  3.92291e-01
 91  0.04297  1.94274e-02 | 92  0.00080 -2.57311e-01 | 93  0.00540 -4.60776e-01
 94 -0.00085 -1.56277e-01 | 95  0.00133  1.05415e-01 | 96  0.00133  1.05717e-01
 97  0.79259 -3.06115e-01 | 98 -0.41826  1.74818e+00 | 99  0.23270 -7.70445e-01
100 -0.25027  5.15364e+00 |

Initial statistics: 108 variables; iteration 0; function evaluation 0; phase 4
Function value 2.1528063e+03; maximum gradient component mag 1.1305e+03
Var    Value     Gradient |Var    Value     Gradient |Var    Value     Gradient
  1 -0.42263  2.61130e+01 |  2 -0.42263  1.13050e+03 |  3 -0.41094  1.27236e+02
  4  0.62775 -8.04312e-01 |  5  0.00000 -6.45706e+01 |  6  0.00000 -6.32531e+01
  7  0.00000 -9.26823e+00 |  8  0.00000  1.13302e+01 |  9  0.00000 -3.32976e+01
 10 -0.00517 -4.69397e-01 | 11 -0.00150  2.88016e-01 | 12  0.02188  8.92751e-01
 13 -0.00366  1.01319e-01 | 14  0.04547 -5.56894e-01 | 15  0.01485  6.43622e-01
 16  0.01654  8.70491e-01 | 17 -0.01650  3.37510e-01 | 18  0.00891 -2.54605e-02
 19 -0.01583  7.12993e-02 | 20 -0.02360  4.89165e-01 | 21  0.00683 -4.26666e-01
 22  0.00899  1.59800e-02 | 23  0.01103 -3.19653e-01 | 24 -0.04606 -9.31242e-01
 25 -0.03508 -2.25869e-01 | 26 -0.01571 -4.17494e-01 | 27 -0.00123 -5.69196e-01
 28  0.02214 -3.04068e-01 | 29  0.03475 -1.32550e+00 | 30 -0.01066 -6.03847e-01
 31  0.01093  9.13029e-01 | 32  0.00773  3.43861e-01 | 33 -0.00305  1.96479e+00
 34 -0.04083  1.20754e+00 | 35 -0.03107  1.70532e-02 | 36 -0.03342 -1.22200e+00
 37  0.02159 -6.44383e-01 | 38 -0.00602  5.15534e-01 | 39 -0.01082  5.47057e-01
 40  0.00807 -3.79036e-01 | 41 -0.04544 -1.57109e+00 | 42 -0.02989  6.17069e-01
 43  0.03321  5.83599e-01 | 44  0.01458  1.52707e+00 | 45 -0.00737 -1.45544e-01
 46  0.01357  6.35334e-01 | 47 -0.00284  8.22723e-01 | 48  0.01132  4.06200e-01
 49 -0.02801  4.17132e-02 | 50  0.04942 -8.17678e-01 | 51 -0.03036  1.18520e+00
 52 -0.02510 -8.77020e-01 | 53 -0.00450  6.86062e-01 | 54  0.04421 -1.01671e+00
 55 -0.04637 -3.66159e-01 | 56 -0.01124  2.84356e-01 | 57  0.00918  1.12669e+00
 58 -0.01029  8.76283e-01 | 59  0.03881  1.50415e-01 | 60 -0.01132 -7.64579e-01
 61  0.00379 -7.57546e-01 | 62 -0.04891 -5.34367e-01 | 63 -0.02620  4.81727e-01
 64  0.00884  1.54249e+00 | 65  0.01272  2.31743e-01 | 66  0.01823  1.25393e+00
 67 -0.00084 -1.45355e+00 | 68  0.01412 -1.09844e-01 | 69 -0.01249  2.47608e-01
 70  0.04577  1.83976e-01 | 71  0.00566  1.82758e+00 | 72  0.02616 -5.27610e-01
 73  0.00207 -1.61703e-01 | 74  0.00647 -1.60278e+00 | 75  0.02569  4.57619e-01
 76 -0.01347  1.03179e-01 | 77  0.02907 -2.00945e-01 | 78  0.02019  1.11378e+00
 79  0.00473  1.24359e-01 | 80  0.00911 -1.40790e+00 | 81  0.00922  1.31813e+00
 82 -0.01796  1.76911e-01 | 83 -0.04627 -8.09476e-01 | 84 -0.00352 -9.99953e-02
 85  0.01009  5.06226e-01 | 86 -0.04007 -7.05730e-01 | 87 -0.01861 -5.19344e-01
 88  0.00787 -9.53205e-01 | 89  0.00340 -2.39597e+00 | 90  0.01567  1.35450e+00
 91 -0.00845  5.12218e-01 | 92 -0.03638 -1.15015e-01 | 93 -0.02470 -1.44415e+00
 94 -0.00449  1.78152e-01 | 95  0.00558 -1.13315e+00 | 96  0.03705 -9.67563e-01
 97  0.00953  3.30320e-01 | 98  0.01921  3.98220e-01 | 99  0.04297  2.53460e-02
100  0.00080 -2.51379e-01 |101  0.00540 -4.54844e-01 |102 -0.00085 -1.50345e-01
103  0.00133  1.11347e-01 |104  0.00133  1.11649e-01 |105  0.79259 -3.06115e-01
106 -0.41826  1.74818e+00 |107  0.23270 -7.70445e-01 |108 -0.25027  5.15364e+00

Intermediate statistics: 108 variables; iteration 20; function evaluation 24; phase 4
Function value 2.1490353e+03; maximum gradient component mag 5.1454e+02
Var    Value     Gradient |Var    Value     Gradient |Var    Value     Gradient
  1 -0.45259  3.17061e+01 |  2 -0.42613  5.14543e+02 |  3 -0.39657  1.56120e+02
  4  0.62755 -1.71314e+02 |  5  0.01814 -1.95558e+01 |  6  0.03164 -9.90079e+00
  7  0.00285 -2.85364e+00 |  8 -0.00702  3.69219e-01 |  9  0.01361 -7.21612e+00
 10 -0.00549  3.69971e+00 | 11 -0.00173  3.98075e+00 | 12  0.02157  3.66736e+00
 13 -0.00358  3.81669e+00 | 14  0.04595  1.87577e+00 | 15  0.01525  3.39065e+00
 16  0.01711  3.07867e+00 | 17 -0.01594  3.69754e+00 | 18  0.00943  1.48512e+00
 19 -0.01535  2.65387e+00 | 20 -0.02326  2.71372e+00 | 21  0.00693 -2.22102e+00
 22  0.00908 -2.63775e+00 | 23  0.01117 -3.37548e+00 | 24 -0.04568  1.96649e+00
 25 -0.03472  1.79648e+00 | 26 -0.01541 -7.56693e-01 | 27 -0.00114 -4.33834e+00
 28  0.02193 -1.57185e+01 | 29  0.03403 -3.46409e+01 | 30 -0.01072 -6.67712e+00
 31  0.01076 -8.52929e+00 | 32  0.00762 -7.72332e+00 | 33 -0.00304 -2.22195e+00
 34 -0.04078  2.00974e+00 | 35 -0.03101  5.91135e-01 | 36 -0.03342 -1.15119e+00
 37  0.02118 -1.61091e+01 | 38 -0.00618 -5.40238e+00 | 39 -0.01088 -4.57025e+00
 40  0.00785 -1.15400e+01 | 41 -0.04544 -1.57749e+00 | 42 -0.02998 -1.15725e+00
 43  0.03258 -2.42273e+01 | 44  0.01417 -1.37399e+01 | 45 -0.00757 -7.93355e+00
 46  0.01325 -1.33752e+01 | 47 -0.00319 -9.66089e+00 | 48  0.01090 -1.48794e+01
 49 -0.02827 -4.58402e+00 | 50  0.04882 -3.94311e+01 | 51 -0.03064 -4.49816e+00
 52 -0.02536 -7.68510e+00 | 53 -0.00490 -1.20560e+01 | 54  0.04376 -3.69350e+01
 55 -0.04671 -5.61014e+00 | 56 -0.01169 -1.29317e+01 | 57  0.00867 -1.93750e+01
 58 -0.01072 -1.17839e+01 | 59  0.03922 -5.34524e+00 | 60 -0.01157 -1.18324e+01
 61  0.00390 -1.04273e+01 | 62 -0.04914 -3.32557e+00 | 63 -0.02610  3.70445e+00
 64  0.00947  2.59549e+01 | 65  0.01341  2.37459e+01 | 66  0.01878  1.67615e+01
 67 -0.00103 -4.19280e+00 | 68  0.01449  6.98165e+00 | 69 -0.01247  2.22140e+00
 70  0.04701  5.76612e+01 | 71  0.00596  8.65271e+00 | 72  0.02646  1.07692e+01
 73  0.00201 -5.83494e-01 | 74  0.00668  4.67188e+00 | 75  0.02568  8.76863e-01
 76 -0.01361  1.75325e+00 | 77  0.02974  2.20854e+01 | 78  0.01983 -8.27877e+00
 79  0.00490  5.81982e+00 | 80  0.00933  4.71040e+00 | 81  0.00919 -6.76287e-01
 82 -0.01817 -1.84046e+00 | 83 -0.04627  3.71636e+00 | 84 -0.00313  1.52947e+01
 85  0.01021  6.92329e+00 | 86 -0.04019  6.00857e-01 | 87 -0.01854  7.61302e+00
 88  0.00852  2.86830e+01 | 89  0.00363  9.82943e+00 | 90  0.01576  7.83603e+00
 91 -0.00850  3.56424e+00 | 92 -0.03641  3.82544e+00 | 93 -0.02484  2.16242e+00
 94 -0.00430  1.51610e+01 | 95  0.00591  1.74744e+01 | 96  0.03720  1.76878e+01
 97  0.00921  2.88287e+00 | 98  0.01913  6.26741e+00 | 99  0.04279  3.57141e+00
100  0.00047  2.54531e+00 |101  0.00478  4.01108e+00 |102 -0.00059  4.66512e+00
103  0.00091  4.49293e+00 |104  0.00091  4.49293e+00 |105  0.79170 -1.53785e+01
106 -0.41825  4.77563e+01 |107  0.22782 -2.51760e+01 |108 -0.25025  6.05766e+01
108 variables; iteration 40; function evaluation 47; phase 4
Function value 2.1484964e+03; maximum gradient component mag 1.1295e+02
Var    Value     Gradient |Var    Value     Gradient |Var    Value     Gradient
  1 -0.45399  1.27956e+01 |  2 -0.42700  1.12948e+02 |  3 -0.39504  4.51859e+01
  4  0.62880 -7.11053e+01 |  5  0.02405 -3.63516e+00 |  6  0.03695  6.19223e-02
  7  0.00307 -1.89434e+00 |  8 -0.00596  2.63444e+00 |  9  0.01164 -1.01256e+01
 10 -0.00373  4.77877e+00 | 11  0.00012  5.44834e+00 | 12  0.02231  3.27697e+00
 13 -0.00246  4.10199e+00 | 14  0.04602 -6.59387e-02 | 15  0.01373 -4.21409e+00
 16  0.01809  4.53455e+00 | 17 -0.01685 -1.94838e+00 | 18  0.00970  3.80795e-01
 19 -0.01426  5.03047e+00 | 20 -0.02244  4.22479e+00 | 21  0.00649 -7.30359e+00
 22  0.01037  7.52126e+00 | 23  0.01069 -9.63783e+00 | 24 -0.04618 -2.94411e+00
 25 -0.03481 -1.05335e+00 | 26 -0.01533 -2.19318e+00 | 27 -0.00061  1.05426e-01
 28  0.02242 -7.80618e+00 | 29  0.03506 -1.18271e+01 | 30 -0.01018 -2.62969e-01
 31  0.01109 -3.20159e+00 | 32  0.00777 -5.11812e+00 | 33 -0.00277  1.36568e+00
 34 -0.04055  2.64763e+00 | 35 -0.03109 -1.19984e+00 | 36 -0.03299  1.80642e+00
 37  0.02143 -9.63010e+00 | 38 -0.00589 -6.90154e-01 | 39 -0.01045  1.81021e+00
 40  0.00827 -2.27738e+00 | 41 -0.04499  1.29760e+00 | 42 -0.03014 -3.06511e+00
 43  0.03308 -8.84281e+00 | 44  0.01452 -4.09967e+00 | 45 -0.00701  1.16721e+00
 46  0.01346 -5.23796e+00 | 47 -0.00273 -2.07013e-01 | 48  0.01114 -5.93463e+00
 49 -0.02836 -3.51505e+00 | 50  0.04927 -1.34643e+01 | 51 -0.03088 -4.00731e+00
 52 -0.02565 -6.98695e+00 | 53 -0.00487 -5.28207e+00 | 54  0.04418 -6.73483e+00
 55 -0.04647 -6.49708e-01 | 56 -0.01147 -2.82312e+00 | 57  0.00878 -5.73951e+00
 58 -0.01057 -1.14337e+00 | 59  0.03886  4.72944e+00 | 60 -0.01190 -8.98099e+00
 61  0.00319 -1.62050e+01 | 62 -0.04908  9.09026e-01 | 63 -0.02639  1.49792e+00
 64  0.00864  5.89922e+00 | 65  0.01279  9.54494e+00 | 66  0.01816  4.74554e+00
 67 -0.00125 -4.74864e+00 | 68  0.01394 -1.36353e+00 | 69 -0.01264  6.93512e-01
 70  0.04603  1.94477e+01 | 71  0.00573  4.65987e+00 | 72  0.02617  6.04385e+00
 73  0.00190 -8.76714e-01 | 74  0.00672  8.80061e+00 | 75  0.02573  6.93378e+00
 76 -0.01378 -5.68235e-01 | 77  0.02923  6.56480e+00 | 78  0.01990 -1.73916e+00
 79  0.00474  4.43355e+00 | 80  0.00913  3.78526e+00 | 81  0.00904  6.31094e-02
 82 -0.01833 -1.75598e+00 | 83 -0.04630  3.99177e+00 | 84 -0.00343  1.16161e+01
 85  0.00982 -9.29799e-01 | 86 -0.04046 -2.48253e+00 | 87 -0.01901 -1.76932e+00
 88  0.00745 -2.38014e+00 | 89  0.00311 -1.09104e+00 | 90  0.01565  1.40890e+01
 91 -0.00889  6.25788e-01 | 92 -0.03680  1.45330e+00 | 93 -0.02525 -1.02841e+00
 94 -0.00510  2.19143e+00 | 95  0.00515  3.48251e+00 | 96  0.03630 -1.16538e+00
 97  0.00883  1.46394e-01 | 98  0.01877  4.94382e+00 | 99  0.04250  2.87098e+00
100  0.00049  3.03184e+00 |101  0.00572  5.36599e+00 |102 -0.00068  1.82654e+00
103  0.00066  1.49359e+00 |104  0.00066  1.49347e+00 |105  0.79558 -2.40185e+00
106 -0.41745  2.32196e+01 |107  0.22668 -1.65680e+01 |108 -0.25067  2.38077e+01
108 variables; iteration 60; function evaluation 70; phase 4
Function value 2.1483839e+03; maximum gradient component mag 3.6219e+01
Var    Value     Gradient |Var    Value     Gradient |Var    Value     Gradient
  1 -0.45454  4.16594e+00 |  2 -0.42717  3.62192e+01 |  3 -0.39478  1.42514e+01
  4  0.62915 -2.49925e+01 |  5  0.02504 -7.77856e-01 |  6  0.03738  1.03565e+00
  7  0.00332 -1.35554e+00 |  8 -0.00537  3.76687e+00 |  9  0.01501 -3.71782e+00
 10 -0.00522  6.44652e-01 | 11 -0.00275 -1.82451e+00 | 12  0.02277  3.19778e+00
 13 -0.00366 -4.29126e-02 | 14  0.04746  4.24085e+00 | 15  0.01444 -3.15774e+00
 16  0.01762  1.15318e+00 | 17 -0.01642 -1.87832e+00 | 18  0.01083  4.53858e+00
 19 -0.01547 -1.67426e+00 | 20 -0.02330 -1.08764e+00 | 21  0.00754 -8.69060e-01
 22  0.01019  4.52832e+00 | 23  0.01161 -1.07536e+00 | 24 -0.04620 -4.25176e+00
 25 -0.03444  5.58632e-01 | 26 -0.01507 -9.31477e-01 | 27 -0.00043  7.88679e-01
 28  0.02283 -2.22326e+00 | 29  0.03540 -5.87679e+00 | 30 -0.01015 -8.16513e-01
 31  0.01128 -1.11734e+00 | 32  0.00797 -2.93007e+00 | 33 -0.00274  7.71339e-01
 34 -0.04092 -1.54251e+00 | 35 -0.03108 -2.23724e+00 | 36 -0.03309 -5.27764e-02
 37  0.02192  1.04308e-01 | 38 -0.00577  6.37280e-01 | 39 -0.01060 -2.73598e-01
 40  0.00833 -1.26526e+00 | 41 -0.04546 -3.13268e+00 | 42 -0.03002 -2.43435e+00
 43  0.03318 -5.65043e+00 | 44  0.01461 -1.83367e+00 | 45 -0.00715 -6.34452e-02
 46  0.01364 -1.37745e+00 | 47 -0.00276  1.58855e-01 | 48  0.01132 -1.77466e+00
 49 -0.02817 -1.56609e+00 | 50  0.04943 -4.67556e+00 | 51 -0.03063 -1.15024e+00
 52 -0.02540 -3.67322e+00 | 53 -0.00467 -9.09622e-01 | 54  0.04408 -3.72180e+00
 55 -0.04649 -2.02179e-01 | 56 -0.01141  4.02500e-01 | 57  0.00901  2.59555e+00
 58 -0.01070 -5.27359e-01 | 59  0.03855  1.19318e+00 | 60 -0.01183 -4.49266e+00
 61  0.00338 -6.17991e+00 | 62 -0.04908  1.61503e+00 | 63 -0.02644  1.17637e+00
 64  0.00850  2.24109e+00 | 65  0.01249  1.68920e+00 | 66  0.01801  1.40439e+00
 67 -0.00127 -3.82865e+00 | 68  0.01392 -2.61701e-01 | 69 -0.01265  9.38435e-01
 70  0.04571  6.22481e+00 | 71  0.00575  5.66212e+00 | 72  0.02601  1.38316e+00
 73  0.00205  2.81174e+00 | 74  0.00646  1.87824e+00 | 75  0.02559  2.47367e+00
 76 -0.01370  3.73417e-01 | 77  0.02909  2.09983e+00 | 78  0.01994  8.10621e-02
 79  0.00452 -1.39119e+00 | 80  0.00905  1.78716e+00 | 81  0.00902  5.12073e-01
 82 -0.01824  3.99252e-01 | 83 -0.04637  2.44206e+00 | 84 -0.00368  4.44593e+00
 85  0.00980 -7.71693e-01 | 86 -0.04024  9.16464e-01 | 87 -0.01900 -1.00650e+00
 88  0.00755  1.21630e+00 | 89  0.00287 -7.51402e+00 | 90  0.01545  7.04362e+00
 91 -0.00913 -4.98666e+00 | 92 -0.03688 -3.77805e-01 | 93 -0.02523 -7.30171e-01
 94 -0.00498  4.64352e+00 | 95  0.00519  3.98673e+00 | 96  0.03631 -1.43174e+00
 97  0.00894  1.11331e+00 | 98  0.01869  1.74506e+00 | 99  0.04253  1.52951e+00
100  0.00114  5.10856e+00 |101  0.00630  5.60314e+00 |102 -0.00066  6.29044e-01
103  0.00059  1.38348e-01 |104  0.00059  1.38192e-01 |105  0.79343 -9.52226e-01
106 -0.41775  6.18626e+00 |107  0.22846 -5.47667e+00 |108 -0.25017  7.49855e+00
108 variables; iteration 80; function evaluation 95; phase 4
Function value 2.1483404e+03; maximum gradient component mag -2.6962e+00
Var    Value     Gradient |Var    Value     Gradient |Var    Value     Gradient
  1 -0.45490 -5.55730e-02 |  2 -0.42727 -2.69619e+00 |  3 -0.39458 -6.14787e-01
  4  0.62943 -1.02245e+00 |  5  0.02537 -1.35011e-02 |  6  0.03674  2.42183e-02
  7  0.00419  1.31373e-01 |  8 -0.00755 -4.64052e-03 |  9  0.01700  7.81191e-03
 10 -0.00530 -1.91180e-01 | 11 -0.00168 -2.82755e-01 | 12  0.02161 -4.62170e-01
 13 -0.00298  8.63210e-01 | 14  0.04656 -5.31070e-02 | 15  0.01561  8.15125e-02
 16  0.01752 -3.85522e-02 | 17 -0.01565  1.76994e-02 | 18  0.01006 -6.39260e-02
 19 -0.01495 -1.35870e-01 | 20 -0.02288  1.17622e-01 | 21  0.00779  3.11626e-01
 22  0.00981  6.01263e-01 | 23  0.01172 -3.10795e-01 | 24 -0.04551 -7.19011e-01
 25 -0.03453 -5.33497e-01 | 26 -0.01490  4.37058e-01 | 27 -0.00038  8.37138e-01
 28  0.02290 -1.25216e+00 | 29  0.03565 -4.65144e-01 | 30 -0.01002  4.80904e-01
 31  0.01139  4.36739e-01 | 32  0.00817 -4.78006e-02 | 33 -0.00272  8.59005e-01
 34 -0.04081 -1.02044e+00 | 35 -0.03084 -4.00097e-01 | 36 -0.03306 -1.04025e-01
 37  0.02194  2.58179e-01 | 38 -0.00578  1.41713e-01 | 39 -0.01070 -1.65191e+00
 40  0.00847  1.26260e+00 | 41 -0.04499  3.59197e-01 | 42 -0.02974  4.95126e-02
 43  0.03337 -6.69982e-01 | 44  0.01475  1.11040e+00 | 45 -0.00722 -5.83281e-01
 46  0.01374  8.83730e-01 | 47 -0.00285 -2.95994e-01 | 48  0.01136 -2.13302e-01
 49 -0.02806 -2.10013e-01 | 50  0.04947 -3.54621e-01 | 51 -0.03050  6.67344e-01
 52 -0.02501  9.68229e-01 | 53 -0.00484 -1.63149e+00 | 54  0.04405 -3.31460e-01
 55 -0.04661 -5.64079e-01 | 56 -0.01157 -3.02299e-01 | 57  0.00874 -2.32545e-01
 58 -0.01077  1.81746e-01 | 59  0.03835 -2.70758e-01 | 60 -0.01169  5.18055e-01
 61  0.00348 -1.48452e-01 | 62 -0.04927 -2.20955e-01 | 63 -0.02650  8.63650e-01
 64  0.00839 -1.31372e-01 | 65  0.01237 -4.45355e-01 | 66  0.01790 -7.58778e-02
 67 -0.00116  2.47419e-01 | 68  0.01385 -4.69856e-01 | 69 -0.01264  2.05649e+00
 70  0.04552 -3.09272e-01 | 71  0.00549 -2.33818e-02 | 72  0.02594 -8.85680e-02
 73  0.00185 -9.94755e-01 | 74  0.00636  4.22246e-02 | 75  0.02546 -3.28219e-01
 76 -0.01367  1.32449e+00 | 77  0.02898 -2.53734e-01 | 78  0.01989 -1.45432e-01
 79  0.00453 -9.11942e-02 | 80  0.00894 -2.63208e-01 | 81  0.00895 -8.88506e-03
 82 -0.01832 -6.65112e-01 | 83 -0.04653  2.82530e-01 | 84 -0.00387 -1.35530e-01
 85  0.00976 -1.97742e-01 | 86 -0.04022  1.84679e+00 | 87 -0.01902 -5.63476e-01
 88  0.00746  1.07375e-02 | 89  0.00308 -1.47841e-01 | 90  0.01518 -1.10286e-01
 91 -0.00900 -4.16619e-01 | 92 -0.03692 -2.38514e-01 | 93 -0.02522  5.27463e-01
 94 -0.00522  3.85976e-01 | 95  0.00496  2.77556e-01 | 96  0.03625  6.11574e-02
 97  0.00878  3.39213e-01 | 98  0.01849  2.52357e-01 | 99  0.04230 -1.02526e-01
100  0.00025 -7.53185e-01 |101  0.00482 -1.17282e-01 |102 -0.00066  2.43639e-03
103  0.00122  4.31016e-01 |104  0.00122  4.31131e-01 |105  0.79264 -3.31139e-01
106 -0.41783  1.64995e+00 |107  0.22910  4.01357e-02 |108 -0.24996  2.55598e-01
Maximum number of function evaluations exceeded

 - final statistics:
108 variables; iteration 84; function evaluation 100
Function value 2.1483e+03; maximum gradient component mag -2.7921e+00
Exit code = 3;  converg criter 1.0000e+00
Var    Value     Gradient |Var    Value     Gradient |Var    Value     Gradient
  1 -0.45490 -5.89099e-02 |  2 -0.42727 -2.79213e+00 |  3 -0.39458 -6.44982e-01
  4  0.62943 -1.01630e+00 |  5  0.02536 -4.63401e-02 |  6  0.03676  4.77465e-02
  7  0.00418  1.13790e-01 |  8 -0.00750  9.27915e-02 |  9  0.01704  7.83843e-02
 10 -0.00529 -1.82652e-01 | 11 -0.00160 -1.25090e-01 | 12  0.02165 -3.62101e-01
 13 -0.00308  6.46131e-01 | 14  0.04654 -9.56501e-02 | 15  0.01561  9.13060e-02
 16  0.01754  5.47155e-02 | 17 -0.01564  3.69674e-02 | 18  0.01006 -7.60076e-02
 19 -0.01498 -2.53782e-01 | 20 -0.02287  1.78177e-01 | 21  0.00779  3.81891e-01
 22  0.00981  5.64230e-01 | 23  0.01173 -2.23776e-01 | 24 -0.04553 -7.89928e-01
 25 -0.03457 -8.00938e-01 | 26 -0.01490  4.22335e-01 | 27 -0.00040  6.78347e-01
 28  0.02290 -1.26632e+00 | 29  0.03565 -4.30657e-01 | 30 -0.01003  3.82310e-01
 31  0.01139  4.13134e-01 | 32  0.00817 -3.49131e-02 | 33 -0.00272  8.36732e-01
 34 -0.04080 -9.67393e-01 | 35 -0.03083 -3.05094e-01 | 36 -0.03305 -7.67467e-02
 37  0.02194  3.50906e-01 | 38 -0.00578  1.12398e-01 | 39 -0.01069 -1.55207e+00
 40  0.00848  1.39862e+00 | 41 -0.04501  2.35980e-01 | 42 -0.02974  6.05830e-02
 43  0.03337 -6.45181e-01 | 44  0.01475  1.19855e+00 | 45 -0.00721 -4.76688e-01
 46  0.01373  8.77979e-01 | 47 -0.00285 -3.53054e-01 | 48  0.01135 -3.55164e-01
 49 -0.02807 -2.73149e-01 | 50  0.04946 -3.37283e-01 | 51 -0.03052  5.15371e-01
 52 -0.02502  9.54196e-01 | 53 -0.00484 -1.58340e+00 | 54  0.04405 -3.19446e-01
 55 -0.04659 -4.32248e-01 | 56 -0.01157 -2.98263e-01 | 57  0.00874 -2.52808e-01
 58 -0.01077  1.94257e-01 | 59  0.03835 -2.53718e-01 | 60 -0.01169  5.14300e-01
 61  0.00348 -1.09137e-01 | 62 -0.04926 -1.19552e-01 | 63 -0.02649  9.87101e-01
 64  0.00838 -1.26069e-01 | 65  0.01237 -4.28888e-01 | 66  0.01790 -4.75239e-02
 67 -0.00116  1.58924e-01 | 68  0.01385 -4.10985e-01 | 69 -0.01265  1.75716e+00
 70  0.04552 -3.03824e-01 | 71  0.00549 -1.64896e-02 | 72  0.02593 -8.48872e-02
 73  0.00185 -1.00529e+00 | 74  0.00636  5.31877e-02 | 75  0.02546 -3.01967e-01
 76 -0.01369  1.02311e+00 | 77  0.02898 -2.29962e-01 | 78  0.01989 -1.36682e-01
 79  0.00452 -7.78742e-02 | 80  0.00894 -2.54316e-01 | 81  0.00895 -2.80628e-02
 82 -0.01831 -4.48440e-01 | 83 -0.04653  2.02872e-01 | 84 -0.00387 -1.29679e-01
 85  0.00976 -1.96243e-01 | 86 -0.04021  1.97394e+00 | 87 -0.01901 -2.93983e-01
 88  0.00746 -1.68256e-02 | 89  0.00307 -1.44930e-01 | 90  0.01518 -1.16316e-01
 91 -0.00900 -4.75949e-01 | 92 -0.03693 -2.98360e-01 | 93 -0.02522  5.52335e-01
 94 -0.00522  2.75021e-01 | 95  0.00495  2.12714e-01 | 96  0.03625  4.11176e-02
 97  0.00877  2.99519e-01 | 98  0.01849  2.75686e-01 | 99  0.04230 -1.43739e-01
100  0.00024 -8.15561e-01 |101  0.00481 -1.48849e-01 |102 -0.00066 -2.43005e-03
103  0.00130  5.56319e-01 |104  0.00130  5.56469e-01 |105  0.79264 -3.25120e-01
106 -0.41783  1.64643e+00 |107  0.22910  3.59028e-02 |108 -0.24996  2.44808e-01

Initial statistics: 110 variables; iteration 0; function evaluation 0; phase 5
Function value 2.1483404e+03; maximum gradient component mag 1.3213e+01
Var    Value     Gradient |Var    Value     Gradient |Var    Value     Gradient
  1 -0.45490 -5.89099e-02 |  2 -0.42727 -2.79213e+00 |  3 -0.39458 -6.44982e-01
  4 -0.41222  1.32128e+01 |  5 -0.41222  1.08281e+01 |  6  0.62943 -1.01630e+00
  7  0.02536 -4.63401e-02 |  8  0.03676  4.77465e-02 |  9  0.00418  1.13790e-01
 10 -0.00750  9.27915e-02 | 11  0.01704  7.83843e-02 | 12 -0.00529 -1.82470e-01
 13 -0.00160 -1.24907e-01 | 14  0.02165 -3.61919e-01 | 15 -0.00308  6.46314e-01
 16  0.04654 -9.54679e-02 | 17  0.01561  9.14886e-02 | 18  0.01754  5.48981e-02
 19 -0.01564  3.71501e-02 | 20  0.01006 -7.58250e-02 | 21 -0.01498 -2.53600e-01
 22 -0.02287  1.78359e-01 | 23  0.00779  3.82073e-01 | 24  0.00981  5.64413e-01
 25  0.01173 -2.23593e-01 | 26 -0.04553 -7.89746e-01 | 27 -0.03457 -8.00756e-01
 28 -0.01490  4.22518e-01 | 29 -0.00040  6.78530e-01 | 30  0.02290 -1.26614e+00
 31  0.03565 -4.30474e-01 | 32 -0.01003  3.82493e-01 | 33  0.01139  4.13317e-01
 34  0.00817 -3.47305e-02 | 35 -0.00272  8.36914e-01 | 36 -0.04080 -9.67211e-01
 37 -0.03083 -3.04912e-01 | 38 -0.03305 -7.65642e-02 | 39  0.02194  3.51089e-01
 40 -0.00578  1.12581e-01 | 41 -0.01069 -1.55189e+00 | 42  0.00848  1.39880e+00
 43 -0.04501  2.36162e-01 | 44 -0.02974  6.07655e-02 | 45  0.03337 -6.44999e-01
 46  0.01475  1.19873e+00 | 47 -0.00721 -4.76505e-01 | 48  0.01373  8.78161e-01
 49 -0.00285 -3.52871e-01 | 50  0.01135 -3.54981e-01 | 51 -0.02807 -2.72966e-01
 52  0.04946 -3.37101e-01 | 53 -0.03052  5.15554e-01 | 54 -0.02502  9.54378e-01
 55 -0.00484 -1.58322e+00 | 56  0.04405 -3.19264e-01 | 57 -0.04659 -4.32066e-01
 58 -0.01157 -2.98080e-01 | 59  0.00874 -2.52625e-01 | 60 -0.01077  1.94440e-01
 61  0.03835 -2.53535e-01 | 62 -0.01169  5.14483e-01 | 63  0.00348 -1.08954e-01
 64 -0.04926 -1.19370e-01 | 65 -0.02649  9.87284e-01 | 66  0.00838 -1.25886e-01
 67  0.01237 -4.28705e-01 | 68  0.01790 -4.73413e-02 | 69 -0.00116  1.59106e-01
 70  0.01385 -4.10802e-01 | 71 -0.01265  1.75734e+00 | 72  0.04552 -3.03642e-01
 73  0.00549 -1.63069e-02 | 74  0.02593 -8.47046e-02 | 75  0.00185 -1.00511e+00
 76  0.00636  5.33703e-02 | 77  0.02546 -3.01785e-01 | 78 -0.01369  1.02329e+00
 79  0.02898 -2.29780e-01 | 80  0.01989 -1.36499e-01 | 81  0.00452 -7.76915e-02
 82  0.00894 -2.54133e-01 | 83  0.00895 -2.78801e-02 | 84 -0.01831 -4.48257e-01
 85 -0.04653  2.03054e-01 | 86 -0.00387 -1.29496e-01 | 87  0.00976 -1.96060e-01
 88 -0.04021  1.97412e+00 | 89 -0.01901 -2.93800e-01 | 90  0.00746 -1.66429e-02
 91  0.00307 -1.44747e-01 | 92  0.01518 -1.16134e-01 | 93 -0.00900 -4.75766e-01
 94 -0.03693 -2.98177e-01 | 95 -0.02522  5.52518e-01 | 96 -0.00522  2.75204e-01
 97  0.00495  2.12897e-01 | 98  0.03625  4.13000e-02 | 99  0.00877  2.99702e-01
100  0.01849  2.75869e-01 |101  0.04230 -1.43557e-01 |102  0.00024 -8.15378e-01
103  0.00481 -1.48666e-01 |104 -0.00066 -2.24736e-03 |105  0.00130  5.56502e-01
106  0.00130  5.56652e-01 |107  0.79264 -3.25120e-01 |108 -0.41783  1.64643e+00
109  0.22910  3.59028e-02 |110 -0.24996  2.44808e-01 |

Intermediate statistics: 110 variables; iteration 20; function evaluation 22; phase 5
Function value 2.1481850e+03; maximum gradient component mag 1.0430e+02
Var    Value     Gradient |Var    Value     Gradient |Var    Value     Gradient
  1 -0.44623  4.29930e+00 |  2 -0.42686  1.04305e+02 |  3 -0.39597  2.76917e+01
  4 -0.43366  7.48151e+00 |  5 -0.41172  1.26793e+01 |  6  0.62949  3.67985e+01
  7  0.02538  3.81397e-01 |  8  0.03679  2.02245e-01 |  9  0.00423  2.78584e-01
 10 -0.00745  2.51346e-01 | 11  0.01709  3.11758e-01 | 12 -0.00532 -1.05735e+00
 13 -0.00160 -9.15553e-01 | 14  0.02163 -1.10575e+00 | 15 -0.00288  3.77560e-01
 16  0.04660 -3.18732e-01 | 17  0.01567 -2.87318e-01 | 18  0.01759 -2.47750e-01
 19 -0.01557 -3.74746e-01 | 20  0.01014 -1.64159e-01 | 21 -0.01488 -4.42159e-01
 22 -0.02281 -2.43542e-01 | 23  0.00785  1.90957e-01 | 24  0.00975 -5.88201e-01
 25  0.01192  1.00653e+00 | 26 -0.04533 -7.17627e-01 | 27 -0.03431 -5.14078e-02
 28 -0.01498 -9.47818e-01 | 29 -0.00058 -1.82426e+00 | 30  0.02284 -3.88770e+00
 31  0.03541 -5.88389e+00 | 32 -0.01010 -5.30717e-01 | 33  0.01146  1.45936e+00
 34  0.00831  1.61307e+00 | 35 -0.00279 -1.07552e+00 | 36 -0.04049  9.48356e-01
 37 -0.03070 -8.99583e-01 | 38 -0.03301 -1.00996e+00 | 39  0.02206  2.79347e+00
 40 -0.00580 -6.24664e-01 | 41 -0.01019  3.80041e+00 | 42  0.00856  2.75686e+00
 43 -0.04503 -5.29700e-01 | 44 -0.02976 -6.50171e-01 | 45  0.03310 -6.30513e+00
 46  0.01476  2.22891e+00 | 47 -0.00698  2.59142e+00 | 48  0.01377  2.14291e+00
 49 -0.00264  1.98343e+00 | 50  0.01138  1.10894e+00 | 51 -0.02792  1.29382e+00
 52  0.04938  1.15768e+00 | 53 -0.03062 -8.07385e-01 | 54 -0.02531 -2.30234e+00
 55 -0.00443  5.08990e+00 | 56  0.04395  1.55081e+00 | 57 -0.04635  2.17620e+00
 58 -0.01148  2.71726e+00 | 59  0.00859 -7.03280e-01 | 60 -0.01078  2.03391e+00
 61  0.03814 -1.18245e+00 | 62 -0.01155  4.73956e+00 | 63  0.00345 -2.38591e-01
 64 -0.04915  2.30885e+00 | 65 -0.02619  9.20133e+00 | 66  0.00825  1.34812e+00
 67  0.01237  1.85700e+00 | 68  0.01794  5.94979e+00 | 69 -0.00098  4.06496e+00
 70  0.01383  1.64384e+00 | 71 -0.01214  1.42784e+01 | 72  0.04513 -1.05986e+01
 73  0.00527 -1.32534e+00 | 74  0.02585  8.10124e-01 | 75  0.00161 -6.87716e+00
 76  0.00631  1.55427e+00 | 77  0.02537 -8.60194e-01 | 78 -0.01329  1.00356e+01
 79  0.02896  2.47518e+00 | 80  0.01961 -6.42373e+00 | 81  0.00438 -2.00294e+00
 82  0.00889 -9.59101e-01 | 83  0.00891  1.45176e-01 | 84 -0.01847 -4.17122e+00
 85 -0.04652 -2.44492e-01 | 86 -0.00398 -8.54247e-01 | 87  0.00963 -1.86538e+00
 88 -0.03999  5.57226e+00 | 89 -0.01919 -2.18639e+00 | 90  0.00743  2.35553e+00
 91  0.00296 -1.80850e+00 | 92  0.01479 -1.01566e+01 | 93 -0.00926 -5.16781e+00
 94 -0.03671  1.18506e+00 | 95 -0.02503  4.03582e+00 | 96 -0.00551 -6.22605e-01
 97  0.00478  3.02334e-01 | 98  0.03606 -7.44433e-01 | 99  0.00872  1.13054e+00
100  0.01835  5.92055e-01 |101  0.04199 -4.38993e-01 |102  0.00027 -1.07587e+00
103  0.00481 -1.42674e+00 |104 -0.00081 -1.04331e+00 |105  0.00147 -9.97372e-02
106  0.00147 -9.95107e-02 |107  0.79899  2.30485e+00 |108 -0.41669  8.15452e+00
109  0.23171  5.30554e+00 |110 -0.24957 -8.70541e+00 |
110 variables; iteration 40; function evaluation 43; phase 5
Function value 2.1481378e+03; maximum gradient component mag 5.2722e+01
Var    Value     Gradient |Var    Value     Gradient |Var    Value     Gradient
  1 -0.44456  2.32845e+00 |  2 -0.42677  5.27219e+01 |  3 -0.39611  1.58038e+01
  4 -0.44028  2.94842e+00 |  5 -0.41205  5.46376e+00 |  6  0.62942  1.64391e+01
  7  0.02555  4.01679e-01 |  8  0.03675  6.07206e-02 |  9  0.00409 -3.17943e-02
 10 -0.00759 -6.96815e-02 | 11  0.01690 -1.73923e-01 | 12 -0.00506 -1.46169e-01
 13 -0.00144 -2.13988e-01 | 14  0.02194 -5.10979e-02 | 15 -0.00362 -1.09336e+00
 16  0.04657 -4.79905e-01 | 17  0.01560 -4.22652e-01 | 18  0.01751 -5.80535e-01
 19 -0.01562 -3.87688e-01 | 20  0.01056  1.82859e+00 | 21 -0.01482 -1.87172e-01
 22 -0.02266  4.42438e-01 | 23  0.00788 -1.44304e-02 | 24  0.00974 -1.35898e+00
 25  0.01195  3.13818e-01 | 26 -0.04532 -8.77985e-01 | 27 -0.03467 -3.01866e+00
 28 -0.01484  1.85473e-01 | 29 -0.00050 -8.95198e-01 | 30  0.02312 -3.59626e-02
 31  0.03566 -1.65299e+00 | 32 -0.01022 -2.26700e+00 | 33  0.01143  9.85376e-02
 34  0.00831  6.64545e-01 | 35 -0.00262  4.51539e-01 | 36 -0.04047  1.10255e+00
 37 -0.03054 -3.26622e-02 | 38 -0.03291 -6.01511e-01 | 39  0.02202  7.94035e-01
 40 -0.00572 -3.77787e-01 | 41 -0.01019  2.93603e+00 | 42  0.00849  6.01940e-01
 43 -0.04485  9.02331e-01 | 44 -0.02966  1.00618e-01 | 45  0.03333 -2.37072e+00
 46  0.01465 -9.36306e-02 | 47 -0.00699  2.03460e+00 | 48  0.01361 -1.43828e+00
 49 -0.00268  6.79971e-01 | 50  0.01128 -1.31500e+00 | 51 -0.02786  1.58919e+00
 52  0.04932 -1.87037e+00 | 53 -0.03052 -2.67992e-01 | 54 -0.02491  8.98026e-01
 55 -0.00482 -8.08306e-01 | 56  0.04404  1.87860e+00 | 57 -0.04632  2.41176e+00
 58 -0.01153  1.42383e+00 | 59  0.00861 -1.48533e+00 | 60 -0.01093 -8.76573e-01
 61  0.03829  1.99590e+00 | 62 -0.01170  1.27302e+00 | 63  0.00352 -3.70241e-01
 64 -0.04916  1.89369e+00 | 65 -0.02645  4.05221e+00 | 66  0.00829  2.47517e+00
 67  0.01238  7.90558e-01 | 68  0.01786  2.75805e+00 | 69 -0.00096  3.14100e+00
 70  0.01384  4.61361e-01 | 71 -0.01257  5.71903e+00 | 72  0.04527 -4.01555e+00
 73  0.00528 -7.62946e-01 | 74  0.02580 -1.23163e+00 | 75  0.00177 -4.09345e+00
 76  0.00626  4.40372e-02 | 77  0.02547  1.48647e+00 | 78 -0.01354  5.01387e+00
 79  0.02895  9.27921e-01 | 80  0.01970 -2.88119e+00 | 81  0.00445  5.22034e-02
 82  0.00894  4.92677e-01 | 83  0.00896  1.77180e+00 | 84 -0.01835 -1.48498e+00
 85 -0.04658 -1.03851e+00 | 86 -0.00394  8.86965e-01 | 87  0.00961 -2.34483e+00
 88 -0.04011  3.54773e+00 | 89 -0.01917 -1.02548e+00 | 90  0.00736  1.24526e+00
 91  0.00303  1.34116e+00 | 92  0.01488 -4.63700e+00 | 93 -0.00915 -1.20171e+00
 94 -0.03678 -3.41987e-01 | 95 -0.02529 -3.85325e-01 | 96 -0.00564 -1.30054e+00
 97  0.00464 -7.44019e-01 | 98  0.03600  5.84879e-01 | 99  0.00858  5.91572e-01
100  0.01820  2.12707e-01 |101  0.04189  6.86426e-01 |102  0.00007 -1.37415e+00
103  0.00529  9.23860e-01 |104 -0.00073 -3.98543e-01 |105  0.00116 -6.87672e-02
106  0.00116 -6.86784e-02 |107  0.79855  6.82690e-01 |108 -0.41674  4.03935e+00
109  0.23186  2.33204e+00 |110 -0.24956 -1.77490e+00 |
110 variables; iteration 60; function evaluation 71; phase 5
Function value 2.1481264e+03; maximum gradient component mag 1.5839e+01
Var    Value     Gradient |Var    Value     Gradient |Var    Value     Gradient
  1 -0.44347  1.03965e+00 |  2 -0.42670  1.58394e+01 |  3 -0.39636  5.39470e+00
  4 -0.44281  9.37695e-01 |  5 -0.41247  1.35817e+00 |  6  0.62938  4.79164e+00
  7  0.02546  5.00349e-02 |  8  0.03688  2.21707e-01 |  9  0.00435  3.81365e-01
 10 -0.00737  2.76707e-01 | 11  0.01683 -3.58795e-01 | 12 -0.00492  3.33511e-01
 13 -0.00131  2.71936e-01 | 14  0.02167 -5.79205e-01 | 15 -0.00306  4.38404e-01
 16  0.04668 -2.46174e-02 | 17  0.01564 -1.78311e-01 | 18  0.01763 -2.05606e-02
 19 -0.01560 -2.14414e-01 | 20  0.01010 -5.23593e-01 | 21 -0.01470  3.60721e-01
 22 -0.02263  5.94432e-01 | 23  0.00790 -6.99529e-02 | 24  0.00992 -5.74725e-02
 25  0.01199  3.38188e-01 | 26 -0.04523 -3.63504e-01 | 27 -0.03432 -4.89387e-01
 28 -0.01477  7.71266e-01 | 29 -0.00038  3.77759e-01 | 30  0.02320  7.44336e-01
 31  0.03578  6.95042e-02 | 32 -0.01008 -7.30756e-01 | 33  0.01146  1.05518e-01
 34  0.00831  9.20398e-02 | 35 -0.00260  2.40862e-01 | 36 -0.04055  3.40426e-01
 37 -0.03052 -2.62770e-01 | 38 -0.03283 -8.80923e-02 | 39  0.02204  5.63785e-01
 40 -0.00562  5.71160e-01 | 41 -0.01031  1.14369e+00 | 42  0.00850  2.75293e-01
 43 -0.04495  5.23289e-02 | 44 -0.02967 -5.19436e-02 | 45  0.03342 -9.77212e-01
 46  0.01469  5.91522e-02 | 47 -0.00708  5.56697e-01 | 48  0.01370 -5.59603e-01
 49 -0.00269 -8.08453e-03 | 50  0.01141  1.05581e-02 | 51 -0.02804 -1.83444e-01
 52  0.04946  8.60752e-01 | 53 -0.03047  9.43409e-03 | 54 -0.02499 -1.98455e-01
 55 -0.00471  1.87862e-01 | 56  0.04402 -1.34244e-01 | 57 -0.04652  6.27889e-01
 58 -0.01162 -1.38980e-01 | 59  0.00871 -1.76497e-01 | 60 -0.01089 -6.10732e-01
 61  0.03826 -5.39997e-02 | 62 -0.01168  1.06614e+00 | 63  0.00358 -5.30384e-02
 64 -0.04928  8.76687e-04 | 65 -0.02661  4.04368e-01 | 66  0.00826  7.70883e-01
 67  0.01237 -7.43586e-01 | 68  0.01782  6.06933e-01 | 69 -0.00101  7.75499e-01
 70  0.01386 -2.42672e-01 | 71 -0.01280  7.28153e-01 | 72  0.04535 -9.02522e-01
 73  0.00528 -8.64504e-01 | 74  0.02586  3.06680e-01 | 75  0.00196 -3.98881e-01
 76  0.00625 -6.51215e-01 | 77  0.02548  2.91437e-01 | 78 -0.01366  2.13471e+00
 79  0.02895  1.45252e-01 | 80  0.01979 -4.07654e-01 | 81  0.00445 -3.97023e-01
 82  0.00887 -2.06835e+00 | 83  0.00896  1.36428e+00 | 84 -0.01828 -1.40498e-01
 85 -0.04650 -1.63034e-01 | 86 -0.00406 -2.40311e+00 | 87  0.00970  1.64254e-01
 88 -0.04023  1.48234e+00 | 89 -0.01911  1.74930e-01 | 90  0.00733  1.49176e-01
 91  0.00305  1.74133e+00 | 92  0.01495 -1.51082e+00 | 93 -0.00911  2.00791e-02
 94 -0.03674  3.87221e-01 | 95 -0.02520  1.52031e+00 | 96 -0.00563  2.25680e-01
 97  0.00464  1.38524e-01 | 98  0.03589 -1.30490e+00 | 99  0.00845 -8.80097e-01
100  0.01808 -5.50565e-01 |101  0.04173  2.12630e-02 |102  0.00012 -3.63465e-01
103  0.00500  4.00409e-01 |104 -0.00078 -2.16468e-01 |105  0.00061 -6.59843e-01
106  0.00061 -6.59990e-01 |107  0.79836  3.24381e-01 |108 -0.41675  1.44828e+00
109  0.23157  3.93475e-01 |110 -0.24967 -3.07517e-01 |
110 variables; iteration 80; function evaluation 97; phase 5
Function value 2.1481245e+03; maximum gradient component mag 1.6836e+00
Var    Value     Gradient |Var    Value     Gradient |Var    Value     Gradient
  1 -0.44327  1.27437e-01 |  2 -0.42668  1.68357e+00 |  3 -0.39641  5.63866e-01
  4 -0.44360  8.77115e-02 |  5 -0.41254  1.31413e-01 |  6  0.62937  5.58464e-01
  7  0.02550  6.55844e-02 |  8  0.03671 -7.86211e-02 |  9  0.00410 -6.10758e-02
 10 -0.00754 -2.56496e-02 | 11  0.01702 -2.17226e-02 | 12 -0.00519 -9.33289e-02
 13 -0.00160 -2.61712e-01 | 14  0.02188  2.88364e-02 | 15 -0.00325  4.67186e-02
 16  0.04667  1.66224e-03 | 17  0.01567 -2.68295e-02 | 18  0.01763  2.54511e-02
 19 -0.01559 -9.48134e-02 | 20  0.01019  1.10678e-03 | 21 -0.01474  2.45701e-01
 22 -0.02280 -1.03840e-01 | 23  0.00794  2.16400e-01 | 24  0.00994  8.07309e-02
 25  0.01198  2.16408e-01 | 26 -0.04522 -2.25000e-01 | 27 -0.03428 -1.37112e-01
 28 -0.01483  2.44736e-01 | 29 -0.00042 -9.93181e-02 | 30  0.02318  2.06348e-01
 31  0.03577 -5.61628e-02 | 32 -0.01004 -2.17881e-01 | 33  0.01146  1.04944e-01
 34  0.00832  3.76690e-01 | 35 -0.00262 -8.83981e-02 | 36 -0.04055  3.74740e-01
 37 -0.03049  9.10626e-03 | 38 -0.03281  7.48345e-02 | 39  0.02203  2.81612e-01
 40 -0.00566 -2.84730e-02 | 41 -0.01041 -1.77622e-01 | 42  0.00848 -7.63596e-03
 43 -0.04498 -2.12679e-01 | 44 -0.02965  8.82829e-02 | 45  0.03347 -7.02496e-03
 46  0.01469  3.03247e-02 | 47 -0.00711  2.12103e-01 | 48  0.01375  3.37218e-02
 49 -0.00268  8.50540e-02 | 50  0.01141 -1.58752e-01 | 51 -0.02801  8.62425e-02
 52  0.04944  1.36439e-01 | 53 -0.03046 -5.60963e-03 | 54 -0.02496 -3.60824e-02
 55 -0.00471  5.36056e-02 | 56  0.04403 -6.42121e-02 | 57 -0.04662 -2.44561e-01
 58 -0.01161 -1.39614e-01 | 59  0.00872 -8.92895e-02 | 60 -0.01085 -3.82010e-02
 61  0.03827 -2.03753e-02 | 62 -0.01175 -3.92433e-01 | 63  0.00359  2.64029e-02
 64 -0.04929 -1.18991e-01 | 65 -0.02662  9.15030e-02 | 66  0.00824  1.04767e-01
 67  0.01239 -2.04422e-01 | 68  0.01781  7.63453e-02 | 69 -0.00103  2.06461e-01
 70  0.01387 -6.31943e-02 | 71 -0.01283  1.23038e-01 | 72  0.04537 -9.08097e-02
 73  0.00531  6.64734e-02 | 74  0.02585  3.33144e-02 | 75  0.00198 -4.22954e-02
 76  0.00626 -1.79776e-01 | 77  0.02548  9.26638e-02 | 78 -0.01376 -3.66996e-02
 79  0.02895  2.76443e-02 | 80  0.01980  3.10627e-02 | 81  0.00446 -2.23085e-01
 82  0.00893 -4.06939e-01 | 83  0.00893  4.34310e-01 | 84 -0.01830 -6.58838e-01
 85 -0.04650 -1.21103e-01 | 86 -0.00399 -4.07992e-01 | 87  0.00969  7.34050e-02
 88 -0.04032  6.44320e-02 | 89 -0.01914 -4.36791e-01 | 90  0.00732  5.63655e-02
 91  0.00300  3.58161e-01 | 92  0.01499 -1.44690e-01 | 93 -0.00911  2.44005e-01
 94 -0.03676 -3.50431e-02 | 95 -0.02528  1.87159e-01 | 96 -0.00562  4.76452e-01
 97  0.00463  1.79774e-01 | 98  0.03592 -8.78949e-02 | 99  0.00848 -1.61897e-01
100  0.01810 -8.11879e-03 |101  0.04173  2.81454e-01 |102  0.00018  6.55038e-02
103  0.00486 -7.72439e-04 |104 -0.00057  2.06938e-01 |105  0.00096 -2.52568e-02
106  0.00096 -2.52705e-02 |107  0.79817  3.92482e-02 |108 -0.41678  1.39800e-01
109  0.23154  1.41436e-02 |110 -0.24968 -4.91670e-02 |
110 variables; iteration 100; function evaluation 124; phase 5
Function value 2.1481244e+03; maximum gradient component mag 2.8078e-01
Var    Value     Gradient |Var    Value     Gradient |Var    Value     Gradient
  1 -0.44326 -3.45067e-03 |  2 -0.42667 -4.12038e-02 |  3 -0.39642 -2.61529e-02
  4 -0.44369 -6.03215e-03 |  5 -0.41255 -9.08657e-04 |  6  0.62937 -2.39485e-02
  7  0.02548  4.47512e-02 |  8  0.03677  2.67857e-02 |  9  0.00414  7.35125e-03
 10 -0.00754 -1.48941e-02 | 11  0.01705  2.77340e-02 | 12 -0.00514  1.59007e-02
 13 -0.00147  2.39865e-02 | 14  0.02188  2.35425e-02 | 15 -0.00327  1.27552e-02
 16  0.04667  2.42497e-02 | 17  0.01568  3.47343e-02 | 18  0.01762 -3.66423e-02
 19 -0.01556  1.48078e-02 | 20  0.01019 -5.10506e-03 | 21 -0.01481 -3.26459e-02
 22 -0.02277  1.16178e-02 | 23  0.00791  1.63249e-03 | 24  0.00994  6.94633e-02
 25  0.01196  1.99395e-02 | 26 -0.04518  7.35257e-03 | 27 -0.03426 -4.07811e-03
 28 -0.01485  8.68601e-03 | 29 -0.00041  3.73758e-03 | 30  0.02316 -9.81555e-02
 31  0.03578  4.01006e-02 | 32 -0.01004 -1.93616e-01 | 33  0.01145 -1.31599e-01
 34  0.00830  5.59837e-02 | 35 -0.00260  1.54968e-01 | 36 -0.04060 -5.73855e-02
 37 -0.03049 -5.76034e-04 | 38 -0.03282  1.54317e-02 | 39  0.02202  5.41163e-02
 40 -0.00567 -1.30904e-01 | 41 -0.01039 -6.08530e-03 | 42  0.00849  8.27491e-02
 43 -0.04496 -4.63675e-02 | 44 -0.02967 -3.53110e-02 | 45  0.03347 -1.61473e-02
 46  0.01468 -1.13896e-01 | 47 -0.00715 -2.53530e-01 | 48  0.01374 -1.52246e-01
 49 -0.00268  9.44864e-03 | 50  0.01142  3.23504e-02 | 51 -0.02801  5.89589e-02
 52  0.04944 -4.97537e-03 | 53 -0.03046 -7.85972e-03 | 54 -0.02496 -3.63370e-04
 55 -0.00471  1.15972e-01 | 56  0.04403  7.30491e-03 | 57 -0.04659  5.70705e-02
 58 -0.01162 -2.39694e-01 | 59  0.00873 -4.83824e-03 | 60 -0.01083  2.80775e-01
 61  0.03827 -1.28499e-03 | 62 -0.01172  8.07539e-02 | 63  0.00359  1.23061e-03
 64 -0.04928  1.12432e-01 | 65 -0.02662  4.31602e-02 | 66  0.00824  3.04435e-03
 67  0.01240  6.18719e-03 | 68  0.01781  2.84488e-03 | 69 -0.00104 -1.35985e-02
 70  0.01387  2.81655e-03 | 71 -0.01284 -2.70150e-02 | 72  0.04537  1.54715e-03
 73  0.00531 -3.28999e-03 | 74  0.02585 -1.68508e-03 | 75  0.00198 -4.32451e-03
 76  0.00627  1.28782e-03 | 77  0.02548 -1.50941e-03 | 78 -0.01376  2.88530e-03
 79  0.02895  3.80741e-04 | 80  0.01980  2.95092e-03 | 81  0.00447  6.22249e-03
 82  0.00895  9.10806e-03 | 83  0.00892 -1.11141e-02 | 84 -0.01827  7.85360e-02
 85 -0.04650  1.13496e-03 | 86 -0.00398  9.55337e-03 | 87  0.00969  3.23326e-03
 88 -0.04032  1.44773e-02 | 89 -0.01912  3.92341e-02 | 90  0.00732 -1.91563e-03
 91  0.00298 -4.63526e-03 | 92  0.01499  6.69732e-03 | 93 -0.00912 -2.80028e-02
 94 -0.03675  4.56767e-02 | 95 -0.02529 -5.21123e-02 | 96 -0.00565 -3.68190e-03
 97  0.00462 -6.18549e-02 | 98  0.03592  3.51626e-02 | 99  0.00847 -2.17730e-01
100  0.01811  1.46670e-01 |101  0.04172  1.31991e-01 |102  0.00017 -1.62338e-02
103  0.00485  3.37395e-04 |104 -0.00072 -1.40064e-02 |105  0.00097  1.59035e-03
106  0.00097  1.58997e-03 |107  0.79816 -3.54803e-03 |108 -0.41678 -5.32481e-03
109  0.23154 -1.44023e-02 |110 -0.24968 -2.54999e-03 |

 - final statistics:
110 variables; iteration 118; function evaluation 152
Function value 2.1481e+03; maximum gradient component mag 7.1079e-06
Exit code = 1;  converg criter 1.0000e-04
Var    Value     Gradient |Var    Value     Gradient |Var    Value     Gradient
  1 -0.44326 -3.86707e-07 |  2 -0.42667 -3.27137e-06 |  3 -0.39642 -1.50193e-06
  4 -0.44369  6.05117e-10 |  5 -0.41255 -9.52411e-08 |  6  0.62937 -3.08351e-07
  7  0.02547  1.69900e-07 |  8  0.03676 -4.41934e-09 |  9  0.00413 -2.39754e-07
 10 -0.00753  3.79057e-07 | 11  0.01703 -3.45079e-07 | 12 -0.00514 -3.35339e-07
 13 -0.00148  6.33229e-08 | 14  0.02187  1.55907e-07 | 15 -0.00328  9.02988e-08
 16  0.04667  3.77633e-08 | 17  0.01568 -1.85337e-07 | 18  0.01763 -1.11132e-07
 19 -0.01556 -1.84700e-07 | 20  0.01019 -4.06579e-08 | 21 -0.01480  2.18693e-07
 22 -0.02277 -1.56580e-07 | 23  0.00791 -3.45438e-07 | 24  0.00993 -1.18704e-06
 25  0.01196  9.22218e-08 | 26 -0.04518 -1.14263e-07 | 27 -0.03426  5.21978e-08
 28 -0.01485  5.63272e-08 | 29 -0.00041 -3.06596e-07 | 30  0.02317  1.30115e-06
 31  0.03577 -2.47906e-07 | 32 -0.01003  2.34681e-06 | 33  0.01146  2.91098e-06
 34  0.00830 -4.43626e-07 | 35 -0.00261 -2.02810e-06 | 36 -0.04060  5.06874e-07
 37 -0.03049  2.30948e-06 | 38 -0.03282 -2.63862e-07 | 39  0.02201 -4.91755e-07
 40 -0.00566  2.12930e-06 | 41 -0.01039  2.80472e-07 | 42  0.00848 -1.57333e-06
 43 -0.04496  2.55658e-07 | 44 -0.02966 -1.78794e-07 | 45  0.03347  1.00476e-07
 46  0.01469  1.81377e-06 | 47 -0.00713  2.71770e-06 | 48  0.01375  1.33319e-06
 49 -0.00268 -2.08514e-06 | 50  0.01142  9.42870e-08 | 51 -0.02801 -1.30294e-06
 52  0.04944  6.72426e-08 | 53 -0.03046 -1.75470e-06 | 54 -0.02496  2.39407e-07
 55 -0.00471 -1.29256e-06 | 56  0.04403 -2.63677e-08 | 57 -0.04659 -8.41269e-07
 58 -0.01160  1.96072e-06 | 59  0.00873  3.17456e-07 | 60 -0.01085 -3.31518e-06
 61  0.03827  8.08782e-08 | 62 -0.01173 -6.52676e-07 | 63  0.00359  2.16319e-09
 64 -0.04928 -4.96798e-07 | 65 -0.02663 -5.94479e-07 | 66  0.00823 -6.30858e-08
 67  0.01240 -1.04344e-07 | 68  0.01781 -9.80704e-08 | 69 -0.00104  8.13135e-08
 70  0.01387 -5.26419e-08 | 71 -0.01284  2.51778e-07 | 72  0.04537  1.05881e-08
 73  0.00531  1.56827e-08 | 74  0.02585 -1.90461e-08 | 75  0.00198  5.28733e-08
 76  0.00627 -2.99093e-08 | 77  0.02548 -1.78882e-08 | 78 -0.01376 -5.62116e-08
 79  0.02895 -8.15443e-08 | 80  0.01980  8.99385e-09 | 81  0.00447 -5.31323e-08
 82  0.00895 -7.54340e-08 | 83  0.00892  6.63018e-08 | 84 -0.01827 -4.84787e-07
 85 -0.04650 -1.57745e-06 | 86 -0.00398  8.12745e-09 | 87  0.00969 -3.61325e-08
 88 -0.04032 -3.42909e-07 | 89 -0.01912 -2.97453e-07 | 90  0.00732 -3.42188e-08
 91  0.00298  2.52601e-08 | 92  0.01499  3.97217e-08 | 93 -0.00912  3.82633e-07
 94 -0.03676 -1.22016e-06 | 95 -0.02529  1.07607e-06 | 96 -0.00565  4.97699e-08
 97  0.00462  7.85396e-07 | 98  0.03592 -1.92008e-07 | 99  0.00848  2.21897e-06
100  0.01810  7.60317e-07 |101  0.04171 -2.21755e-06 |102  0.00017 -3.90642e-08
103  0.00485 -1.71474e-08 |104 -0.00071  1.22654e-07 |105  0.00097  7.10792e-06
106  0.00097 -7.08692e-06 |107  0.79816  2.27252e-07 |108 -0.41678 -9.82598e-07
109  0.23154  9.71270e-08 |110 -0.24968 -3.57968e-07 |

 - final statistics:
122 variables; iteration 0; function evaluation 0
Function value 2.1481e+03; maximum gradient component mag 7.1097e-06
Exit code = 0;  converg criter 1.0000e-04
Var    Value     Gradient |Var    Value     Gradient |Var    Value     Gradient
  1 -0.44326 -3.86683e-07 |  2 -0.42667 -3.27110e-06 |  3 -0.39642 -1.50183e-06
  4 -0.44369  6.11733e-10 |  5 -0.41255 -9.52268e-08 |  6  0.62937 -3.08294e-07
  7  0.02547  1.69900e-07 |  8  0.03676 -4.41934e-09 |  9  0.00413 -2.39754e-07
 10 -0.00753  3.79057e-07 | 11  0.01703 -3.45079e-07 | 12 -0.00514 -3.33579e-07
 13 -0.00148  6.50835e-08 | 14  0.02187  1.57667e-07 | 15 -0.00328  9.20594e-08
 16  0.04667  3.95192e-08 | 17  0.01568 -1.83577e-07 | 18  0.01763 -1.09372e-07
 19 -0.01556 -1.82940e-07 | 20  0.01019 -3.88976e-08 | 21 -0.01480  2.20453e-07
 22 -0.02277 -1.54820e-07 | 23  0.00791 -3.43678e-07 | 24  0.00993 -1.18528e-06
 25  0.01196  9.39818e-08 | 26 -0.04518 -1.12507e-07 | 27 -0.03426  5.39558e-08
 28 -0.01485  5.80878e-08 | 29 -0.00041 -3.04834e-07 | 30  0.02317  1.30291e-06
 31  0.03577 -2.46148e-07 | 32 -0.01003  2.34857e-06 | 33  0.01146  2.91274e-06
 34  0.00830 -4.41865e-07 | 35 -0.00261 -2.02634e-06 | 36 -0.04060  5.08631e-07
 37 -0.03049  2.31124e-06 | 38 -0.03282 -2.62103e-07 | 39  0.02201 -4.89995e-07
 40 -0.00566  2.13106e-06 | 41 -0.01039  2.82233e-07 | 42  0.00848 -1.57156e-06
 43 -0.04496  2.57415e-07 | 44 -0.02966 -1.77034e-07 | 45  0.03347  1.02235e-07
 46  0.01469  1.81553e-06 | 47 -0.00713  2.71946e-06 | 48  0.01375  1.33495e-06
 49 -0.00268 -2.08338e-06 | 50  0.01142  9.60489e-08 | 51 -0.02801 -1.30118e-06
 52  0.04944  6.90022e-08 | 53 -0.03046 -1.75294e-06 | 54 -0.02496  2.41167e-07
 55 -0.00471 -1.29080e-06 | 56  0.04403 -2.46073e-08 | 57 -0.04659 -8.39513e-07
 58 -0.01160  1.96249e-06 | 59  0.00873  3.19220e-07 | 60 -0.01085 -3.31342e-06
 61  0.03827  8.26415e-08 | 62 -0.01173 -6.50914e-07 | 63  0.00359  3.92580e-09
 64 -0.04928 -4.95041e-07 | 65 -0.02663 -5.92718e-07 | 66  0.00823 -6.13206e-08
 67  0.01240 -1.02579e-07 | 68  0.01781 -9.63067e-08 | 69 -0.00104  8.30763e-08
 70  0.01387 -5.08794e-08 | 71 -0.01284  2.53541e-07 | 72  0.04537  1.23506e-08
 73  0.00531  1.74468e-08 | 74  0.02585 -1.72827e-08 | 75  0.00198  5.46366e-08
 76  0.00627 -2.81459e-08 | 77  0.02548 -1.61242e-08 | 78 -0.01376 -5.44493e-08
 79  0.02895 -7.97807e-08 | 80  0.01980  1.07565e-08 | 81  0.00447 -5.13686e-08
 82  0.00895 -7.36704e-08 | 83  0.00892  6.80653e-08 | 84 -0.01827 -4.83025e-07
 85 -0.04650 -1.57569e-06 | 86 -0.00398  9.89104e-09 | 87  0.00969 -3.43690e-08
 88 -0.04032 -3.41151e-07 | 89 -0.01912 -2.95691e-07 | 90  0.00732 -3.24538e-08
 91  0.00298  2.70242e-08 | 92  0.01499  4.14851e-08 | 93 -0.00912  3.84395e-07
 94 -0.03676 -1.21840e-06 | 95 -0.02529  1.07784e-06 | 96 -0.00565  5.15319e-08
 97  0.00462  7.87159e-07 | 98  0.03592 -1.90248e-07 | 99  0.00848  2.22074e-06
100  0.01810  7.62079e-07 |101  0.04171 -2.21579e-06 |102  0.00017 -3.73030e-08
103  0.00485 -1.53861e-08 |104 -0.00071  1.24415e-07 |105  0.00097  7.10968e-06
106  0.00097 -7.08516e-06 |107  0.00000  0.00000e+00 |108  0.00000  0.00000e+00
109  0.00000  0.00000e+00 |110  0.00000  0.00000e+00 |111  0.00000  0.00000e+00
112  0.00000  0.00000e+00 |113  0.00000  0.00000e+00 |114  0.00000  0.00000e+00
115  0.00000  0.00000e+00 |116  0.00000  0.00000e+00 |117  0.00000  0.00000e+00
118  0.00000  0.00000e+00 |119  0.79816  2.27239e-07 |120 -0.41678 -9.82519e-07
121  0.23154  9.71158e-08 |122 -0.24968 -3.57933e-07 |
size of file gradfil1.tmp = 0
size of file gradfil2.tmp = 0
size of file varssave.tmp = 0
size of file cmpdiff.tmp = 0
