
Initial statistics: 1 variables; iteration 0; function evaluation 0; phase 1
Function value 2.8071669e+03; maximum gradient component mag -8.4391e+03
Var    Value     Gradient |Var    Value     Gradient |Var    Value     Gradient
  1  0.63197 -8.43910e+03 |

 - final statistics:
1 variables; iteration 5; function evaluation 8
Function value 2.7563e+03; maximum gradient component mag -1.0195e+00
Exit code = 1;  converg criter 1.0000e+01
Var    Value     Gradient |Var    Value     Gradient |Var    Value     Gradient
  1  0.64545 -1.01949e+00 |

Initial statistics: 98 variables; iteration 0; function evaluation 0; phase 2
Function value 2.7563212e+03; maximum gradient component mag -1.6898e+03
Var    Value     Gradient |Var    Value     Gradient |Var    Value     Gradient
  1  0.64545 -1.01949e+00 |  2  0.00000  2.54066e+01 |  3  0.00000  3.14498e+00
  4  0.00000  4.57449e+01 |  5  0.00000  2.79716e+01 |  6  0.00000 -2.47542e+00
  7  0.00000  6.84927e+01 |  8  0.00000  9.40682e+01 |  9  0.00000  1.25207e+02
 10  0.00000  1.00213e+02 | 11  0.00000  1.46119e+02 | 12  0.00000 -1.12373e+02
 13  0.00000 -5.70030e+01 | 14  0.00000  2.76524e+02 | 15  0.00000  1.50716e+02
 16  0.00000  1.13836e+02 | 17  0.00000  1.41576e+02 | 18  0.00000  2.16788e+02
 19  0.00000 -3.28278e+01 | 20  0.00000 -2.11799e+02 | 21  0.00000 -5.57023e+02
 22  0.00000 -1.09522e+03 | 23  0.00000 -3.13045e+02 | 24  0.00000  1.64770e+01
 25  0.00000  2.89243e+02 | 26  0.00000 -4.53971e+02 | 27  0.00000  9.53802e+01
 28  0.00000 -8.58396e+02 | 29  0.00000  4.07661e+02 | 30  0.00000  1.41374e+02
 31  0.00000  2.74608e+02 | 32  0.00000  5.22307e+02 | 33  0.00000 -7.17207e+01
 34  0.00000  3.38920e+02 | 35  0.00000  6.29245e+01 | 36  0.00000  2.06459e+02
 37  0.00000  1.50773e+02 | 38  0.00000  3.85706e+02 | 39  0.00000  2.81165e+02
 40  0.00000  2.37017e+02 | 41  0.00000 -2.05706e+02 | 42  0.00000  2.41577e+02
 43  0.00000 -5.07664e+02 | 44  0.00000  3.64180e+02 | 45  0.00000  7.92900e+02
 46  0.00000  6.65552e+02 | 47  0.00000  5.08212e+02 | 48  0.00000  7.62059e+02
 49  0.00000 -1.05869e+03 | 50  0.00000  1.02165e+02 | 51  0.00000  5.57976e+02
 52  0.00000  8.70483e+02 | 53  0.00000  1.16262e+02 | 54  0.00000  9.65486e+02
 55  0.00000 -1.15446e+02 | 56  0.00000 -8.11887e+02 | 57  0.00000 -8.62195e+01
 58  0.00000 -9.43209e+02 | 59  0.00000 -1.07145e+03 | 60  0.00000  3.64723e+02
 61  0.00000 -1.03094e+03 | 62  0.00000  4.15511e+02 | 63  0.00000 -7.77930e+02
 64  0.00000 -1.68981e+03 | 65  0.00000 -1.87516e+02 | 66  0.00000 -8.92322e+02
 67  0.00000  3.13589e+02 | 68  0.00000  5.16249e+02 | 69  0.00000  2.06556e+02
 70  0.00000 -2.08270e+02 | 71  0.00000  2.00543e+02 | 72  0.00000  4.90679e+02
 73  0.00000 -1.00704e+03 | 74  0.00000 -1.13338e+03 | 75  0.00000  3.32940e+02
 76  0.00000 -1.01864e+02 | 77  0.00000  5.06243e+02 | 78  0.00000  7.79286e+02
 79  0.00000 -4.37776e+02 | 80  0.00000  2.15388e+02 | 81  0.00000  1.11164e+03
 82  0.00000  6.24380e+02 | 83  0.00000 -7.89127e+02 | 84  0.00000 -1.66584e+03
 85  0.00000 -2.81918e+02 | 86  0.00000  2.24283e+02 | 87  0.00000  5.48089e+02
 88  0.00000  2.52904e+02 | 89  0.00000  5.11306e+02 | 90  0.00000  3.45764e+02
 91  0.00000 -3.99941e+01 | 92  0.00000 -7.82705e+01 | 93  0.00000  3.18858e+01
 94  0.00000  3.55952e+00 | 95  0.00000 -4.29919e-02 | 96  0.00000 -4.30834e-02
 97  0.81654  2.51136e+01 | 98  0.22185  1.70107e+02 |

Intermediate statistics: 98 variables; iteration 20; function evaluation 29; phase 2
Function value 2.2473594e+03; maximum gradient component mag 5.0322e+02
Var    Value     Gradient |Var    Value     Gradient |Var    Value     Gradient
  1  0.63178  5.03222e+02 |  2 -0.03402 -5.99218e+01 |  3 -0.00877 -3.49931e+01
  4 -0.02660 -3.39405e+01 |  5 -0.00322 -1.73328e+00 |  6 -0.04154 -1.28518e+02
  7  0.00287  5.35887e+01 |  8 -0.00748  4.21498e+01 |  9 -0.02645  2.60719e+00
 10 -0.04721 -1.03829e+02 | 11 -0.05651 -1.12543e+02 | 12  0.02897  6.26865e+01
 13  0.02166  8.32980e+01 | 14  0.00872  3.13510e+02 | 15 -0.02537 -1.05726e+02
 16  0.00329  1.03952e+02 | 17  0.00108  1.02914e+02 | 18 -0.00237  1.39329e+02
 19  0.00553 -4.61433e+00 | 20  0.01693 -1.03046e+01 | 21  0.04093  5.51739e+01
 22  0.05820 -9.89948e+01 | 23  0.01253 -1.89890e+02 | 24  0.01536  1.45131e+02
 25 -0.04160 -1.25836e+02 | 26  0.03130 -4.04904e+01 | 27  0.00507  1.22024e+02
 28  0.04447 -1.07194e+02 | 29 -0.02926  3.97067e+01 | 30 -0.00613 -1.55613e+01
 31 -0.01429  3.50932e+00 | 32 -0.02472  1.29441e+02 | 33  0.00994  2.30288e+01
 34 -0.02055  5.38064e+00 | 35  0.00105  2.90551e+01 | 36 -0.00911  1.91167e+01
 37 -0.00313  4.20421e+01 | 38 -0.02077  2.54997e+01 | 39 -0.01267  2.07996e+01
 40 -0.01168  3.24321e-01 | 41  0.01497 -1.50157e+01 | 42 -0.01303  1.30808e+01
 43  0.03534  1.70078e+02 | 44 -0.01279  8.46870e+01 | 45 -0.04086  1.19469e+02
 46 -0.02359  1.79562e+02 | 47 -0.01158  1.95978e+02 | 48 -0.03759  1.20683e+02
 49  0.03022 -4.82754e+02 | 50 -0.00868 -1.79717e+02 | 51 -0.01233  1.58712e+02
 52 -0.01087  4.72666e+02 | 53  0.00718  1.69948e+02 | 54 -0.02103  3.41068e+02
 55  0.01307  1.62435e+02 | 56  0.02418 -1.71497e+02 | 57 -0.00359 -1.87450e+02
 58  0.02916 -1.38112e+02 | 59  0.02697 -3.63149e+02 | 60 -0.01045  1.32088e+02
 61  0.02886 -2.95823e+02 | 62 -0.01602  7.72524e+01 | 63  0.01412 -3.97836e+02
 64  0.04127 -4.38625e+02 | 65 -0.00619 -2.13485e+02 | 66  0.02166 -3.13684e+02
 67 -0.01616 -8.27254e+01 | 68 -0.01740  2.59136e+01 | 69 -0.01193 -1.55013e+02
 70  0.01550  1.71623e+02 | 71 -0.00664 -2.83936e+01 | 72 -0.01426  1.08825e+02
 73  0.03220  5.31061e+01 | 74  0.02874 -2.19429e+02 | 75 -0.01316 -1.22751e+01
 76  0.01184  1.51239e+02 | 77 -0.01041  1.39071e+02 | 78 -0.01641  2.71788e+02
 79  0.01378 -1.29539e+02 | 80 -0.00546 -4.66253e+01 | 81 -0.02799  3.23948e+02
 82 -0.01938  5.07182e+01 | 83  0.02039 -1.74710e+02 | 84  0.03782 -3.86968e+02
 85  0.00656 -9.66866e+01 | 86 -0.00732  8.83717e+00 | 87 -0.01701  1.42698e+02
 88 -0.00239  1.31448e+02 | 89 -0.02930 -1.66953e+01 | 90 -0.02059  2.59750e+01
 91  0.00645  5.67080e+01 | 92 -0.00815 -1.28954e+02 | 93 -0.02604 -6.23844e+01
 94  0.01703  1.83188e+01 | 95  0.09363  1.29226e+02 | 96  0.09363  1.29229e+02
 97  0.82668  1.19027e+02 | 98  0.21968  1.34219e+02 |
98 variables; iteration 40; function evaluation 53; phase 2
Function value 2.1872171e+03; maximum gradient component mag 2.8019e+03
Var    Value     Gradient |Var    Value     Gradient |Var    Value     Gradient
  1  0.62635  2.80187e+03 |  2 -0.01003 -8.03813e+01 |  3  0.00124 -7.99003e+01
  4 -0.01220 -6.96641e+01 |  5 -0.00796 -8.05670e+01 |  6  0.01425 -4.97441e+01
  7 -0.02423 -9.38180e+01 |  8 -0.03117 -9.76411e+01 |  9 -0.03513 -9.21890e+01
 10 -0.00966 -4.22855e+01 | 11 -0.01461 -2.89977e+01 | 12  0.01803 -1.01973e+02
 13  0.01080 -9.12829e+01 | 14 -0.04470 -1.27467e+02 | 15 -0.00280 -3.29581e+00
 16 -0.00569 -7.94638e+01 | 17 -0.00642 -6.79989e+01 | 18 -0.01681 -8.88782e+01
 19  0.01360  1.60972e+01 | 20  0.02382  5.34043e+00 | 21  0.04037 -5.15745e+01
 22  0.06752  2.95707e+01 | 23  0.03956  1.09431e+02 | 24  0.00460 -6.38038e+01
 25 -0.00998  4.14151e+01 | 26  0.04206  6.36507e+01 | 27  0.00006 -3.69516e+01
 28  0.05508  4.24281e+01 | 29 -0.02994 -4.70096e+01 | 30  0.00336  2.04627e+01
 31 -0.00685  5.01075e+00 | 32 -0.03392 -5.03212e+01 | 33  0.01295 -2.52360e+01
 34 -0.01214  2.36835e+01 | 35  0.00375 -1.38021e+01 | 36 -0.00457  2.67002e+00
 37 -0.00187 -1.82484e+01 | 38 -0.01612  1.02427e+01 | 39 -0.00928  1.07751e+00
 40 -0.00562  2.64898e+01 | 41  0.01911  2.70042e+01 | 42 -0.00527  7.49638e+01
 43  0.03512  1.48252e+02 | 44 -0.01493  6.11709e+00 | 45 -0.04627  6.04036e+00
 46 -0.03784 -5.16798e+01 | 47 -0.02702 -7.76109e+01 | 48 -0.04340  2.12144e+01
 49  0.05038  2.98398e+02 | 50  0.00553  1.13267e+02 | 51 -0.01593  6.76362e+01
 52 -0.03078  6.31985e+01 | 53  0.00897  1.71059e+02 | 54 -0.03396  4.49881e+01
 55  0.01515  2.09971e+02 | 56  0.02691 -4.78531e+01 | 57  0.00417 -9.50655e+00
 58  0.03248  2.32897e+01 | 59  0.03673  1.25631e+01 | 60 -0.02146 -8.10264e+01
 61  0.03881  8.73488e+01 | 62 -0.02344 -6.93115e+01 | 63  0.02946  1.12484e+02
 64  0.05515  3.11847e+02 | 65  0.00563  7.02680e+01 | 66  0.03085  5.01060e+01
 67 -0.01001  2.41936e+01 | 68 -0.01353  7.78176e+01 | 69 -0.00168  4.99270e+01
 70  0.01309  6.04696e+01 | 71 -0.00179  4.00893e+01 | 72 -0.01549  2.70595e+01
 73  0.02213 -3.48501e+02 | 74  0.04644  5.98087e+02 | 75 -0.00914  4.41912e+01
 76  0.00340 -1.78495e+02 | 77 -0.01504 -5.71646e+01 | 78 -0.02682 -1.63245e+01
 79  0.02245  9.60671e+01 | 80 -0.00014  4.92226e+00 | 81 -0.04192  6.61891e+00
 82 -0.01384  7.62529e+01 | 83  0.02635 -3.99839e+01 | 84  0.05128  1.72555e+02
 85  0.01267 -1.00629e+01 | 86 -0.00441 -3.44386e+01 | 87 -0.02480 -9.76585e+01
 88 -0.00861 -1.34229e+02 | 89 -0.02947 -1.30846e+02 | 90 -0.02232 -1.06506e+02
 91  0.00018 -1.19118e+02 | 92  0.01140 -4.07492e+01 | 93 -0.01235 -8.06334e+01
 94 -0.00868 -9.08340e+01 | 95 -0.02161 -1.14085e+02 | 96 -0.02161 -1.14086e+02
 97  0.81603  1.08810e+02 | 98  0.21871  9.98927e+01 |
98 variables; iteration 60; function evaluation 79; phase 2
Function value 2.1706955e+03; maximum gradient component mag 1.3709e+03
Var    Value     Gradient |Var    Value     Gradient |Var    Value     Gradient
  1  0.62413  1.37088e+03 |  2 -0.00063 -2.05283e+01 |  3  0.00680 -2.72543e+01
  4 -0.02274 -5.25676e+01 |  5 -0.00644 -3.72645e+01 |  6  0.00610 -3.62119e+01
  7 -0.00835 -1.04633e+01 |  8 -0.02352 -3.70817e+01 |  9 -0.04321 -7.60361e+01
 10 -0.01213 -1.53133e+01 | 11 -0.02752 -4.52987e+01 | 12  0.01623 -8.33937e+01
 13  0.01776 -2.51120e+00 | 14 -0.03986 -6.70337e+01 | 15 -0.00654 -4.61727e+00
 16 -0.00441 -3.46032e+01 | 17 -0.00737 -4.52438e+01 | 18 -0.01128 -4.33700e+00
 19  0.00906 -1.43424e+01 | 20  0.02337  2.43092e+01 | 21  0.04224  4.42257e+00
 22  0.06596 -4.00220e+00 | 23  0.03588  6.71303e+01 | 24  0.00447 -3.99187e+01
 25 -0.01942 -1.21999e+01 | 26  0.03767 -1.10490e+01 | 27  0.00176  1.11453e+01
 28  0.05243 -1.96385e+01 | 29 -0.02844 -2.65705e+00 | 30  0.00188  2.49669e+01
 31 -0.00825  1.44497e+01 | 32 -0.03249 -5.48854e+00 | 33  0.01261 -1.36172e+01
 34 -0.01447  1.75659e+01 | 35  0.00254 -1.87253e+01 | 36 -0.00585 -5.83659e-01
 37 -0.00402 -3.83142e+01 | 38 -0.01705  1.54701e+01 | 39 -0.00897  1.70433e+01
 40 -0.00675  1.71326e+01 | 41  0.01997  2.46093e+01 | 42 -0.00926  1.51730e+01
 43  0.03189  1.10087e+01 | 44 -0.01477  5.26738e+00 | 45 -0.04890 -3.51462e+00
 46 -0.03678 -3.08261e+01 | 47 -0.02234 -1.49001e+01 | 48 -0.04437  1.84747e+01
 49  0.04823  8.78071e+01 | 50  0.00419  3.73338e+01 | 51 -0.01749  1.90189e+01
 52 -0.03237  3.13016e+01 | 53  0.00718  7.26127e+01 | 54 -0.03495  2.92169e+01
 55  0.01318  1.09658e+02 | 56  0.03135  6.93440e+01 | 57  0.00606  1.84797e+01
 58  0.03387  1.40000e+01 | 59  0.03823  8.17308e+00 | 60 -0.01702 -7.62118e+00
 61  0.03851  2.10696e+01 | 62 -0.01699  4.28770e+01 | 63  0.02952  7.00732e+01
 64  0.05248  9.00817e+01 | 65  0.00522  3.80430e+01 | 66  0.02961 -4.33584e+01
 67 -0.00960  2.80431e+01 | 68 -0.01363  7.41145e+01 | 69 -0.00273  1.54690e+01
 70  0.01377  6.08043e+01 | 71 -0.00154  4.11101e+01 | 72 -0.01577  2.81147e+01
 73  0.02844 -1.47633e+02 | 74  0.03964  1.96119e+02 | 75 -0.01115 -5.97214e+00
 76  0.00823 -3.94244e+01 | 77 -0.01340 -5.42808e+00 | 78 -0.02651  6.62788e+00
 79  0.02107  3.38896e+01 | 80 -0.00041  2.35083e+00 | 81 -0.04286  1.80595e+01
 82 -0.01644  3.90592e+01 | 83  0.02656 -2.80292e+01 | 84  0.04887  4.18240e+01
 85  0.01237  7.82485e-01 | 86 -0.00430  1.49399e+00 | 87 -0.02362 -3.71994e+01
 88 -0.00683 -5.24493e+01 | 89 -0.02999 -9.00923e+01 | 90 -0.02384 -7.70224e+01
 91  0.00117 -6.16302e+01 | 92  0.00608 -4.10715e+01 | 93 -0.00292 -1.22174e+00
 94 -0.02221 -7.05191e+01 | 95 -0.00471 -4.64309e+01 | 96 -0.00470 -4.64207e+01
 97  0.81394  1.87636e+01 | 98  0.21759  3.08972e+01 |
Maximum number of function evaluations exceeded

 - final statistics:
98 variables; iteration 74; function evaluation 100
Function value 2.1651e+03; maximum gradient component mag -5.6815e+01
Exit code = 3;  converg criter 1.0000e+01
Var    Value     Gradient |Var    Value     Gradient |Var    Value     Gradient
  1  0.62029 -5.68146e+01 |  2 -0.01313 -6.02075e+00 |  3 -0.00081 -4.67934e+00
  4 -0.01745 -1.38215e+00 |  5 -0.00359  9.16744e+00 |  6  0.00546  5.34018e-01
  7 -0.01925 -2.23051e+00 |  8 -0.02440 -6.00613e-01 |  9 -0.02768  7.50049e+00
 10 -0.02023 -7.97357e+00 | 11 -0.02587 -1.04004e+00 | 12  0.02247 -3.77308e+00
 13  0.01144 -2.09482e+01 | 14 -0.03318  4.45350e+00 | 15 -0.01262 -2.08882e+01
 16 -0.00508 -9.50352e+00 | 17 -0.00675 -8.76262e+00 | 18 -0.01329  6.20030e+00
 19  0.00841  9.79051e-01 | 20  0.02044 -1.04244e-01 | 21  0.04090 -1.38222e+01
 22  0.06494 -4.50561e+01 | 23  0.02990 -1.63350e+01 | 24  0.00525 -1.46352e+01
 25 -0.01973  1.05317e+01 | 26  0.03729 -1.55130e+01 | 27 -0.00105 -2.90059e+00
 28  0.05357 -3.64930e+00 | 29 -0.03171 -5.00805e+00 | 30 -0.00186 -1.13676e+01
 31 -0.01127 -6.14721e+00 | 32 -0.03477 -2.24383e+00 | 33  0.01291 -5.93693e+00
 34 -0.01827 -1.08344e+01 | 35  0.00263 -1.22342e+01 | 36 -0.00737 -1.32270e+01
 37 -0.00285 -1.80521e+01 | 38 -0.01990 -9.60299e+00 | 39 -0.01002  3.04949e+00
 40 -0.00755  9.36239e-01 | 41  0.02095  5.57139e+00 | 42 -0.01091 -1.77799e+01
 43  0.03264 -4.11092e+01 | 44 -0.01405  3.93185e-01 | 45 -0.04931  8.75773e-01
 46 -0.03449 -8.31545e+00 | 47 -0.02044 -5.02434e+00 | 48 -0.04691 -4.87157e+00
 49  0.04894 -3.48880e+01 | 50  0.00454 -1.18940e+01 | 51 -0.01637  7.81124e+00
 52 -0.03320  6.35361e+00 | 53  0.00725  1.69710e+01 | 54 -0.03563  1.07498e+01
 55  0.01147  3.89184e+00 | 56  0.03191  7.19229e+00 | 57  0.00666 -2.78696e+00
 58  0.03550 -5.84902e-01 | 59  0.03998  4.13610e-01 | 60 -0.01451  2.69891e+01
 61  0.03988 -3.41215e-01 | 62 -0.01822  1.43352e+01 | 63  0.02946  8.24522e+00
 64  0.05283  2.78761e+00 | 65  0.00508  1.18342e+01 | 66  0.03261  7.04825e+00
 67 -0.00969  1.48102e+01 | 68 -0.01629  1.16350e+01 | 69 -0.00167  1.77792e+01
 70  0.01355  1.47974e+01 | 71 -0.00179  1.61957e+01 | 72 -0.01576  2.57739e+01
 73  0.03474  5.39545e+01 | 74  0.03724  2.74836e+01 | 75 -0.01001  9.58290e+00
 76  0.01099  2.12114e+01 | 77 -0.01323 -1.91651e+00 | 78 -0.02532  3.31549e+01
 79  0.02043 -1.96860e+01 | 80 -0.00008 -1.55836e+00 | 81 -0.04526  1.26028e+00
 82 -0.01821  8.79368e+00 | 83  0.02787  2.70547e+00 | 84  0.04880 -2.60348e+00
 85  0.01206 -1.13877e+01 | 86 -0.00528 -9.52572e+00 | 87 -0.02180  1.29483e+01
 88 -0.00510  7.78843e+00 | 89 -0.02489  1.41256e+01 | 90 -0.01926  1.89325e+01
 91  0.00370  6.54753e+00 | 92  0.00355 -3.23181e+01 | 93 -0.01415 -3.93902e+00
 94  0.00082  7.20709e+00 | 95  0.00137  3.86998e+00 | 96  0.00137  3.86516e+00
 97  0.82246  5.13840e+00 | 98  0.21612 -1.56460e+01 |

Initial statistics: 100 variables; iteration 0; function evaluation 0; phase 3
Function value 2.1650868e+03; maximum gradient component mag -1.3730e+02
Var    Value     Gradient |Var    Value     Gradient |Var    Value     Gradient
  1  0.62029 -5.68812e+01 |  2 -0.01313 -6.05192e+00 |  3 -0.00081 -4.80742e+00
  4 -0.01745 -1.47255e+00 |  5 -0.00359  9.02470e+00 |  6  0.00546  4.87377e-01
  7 -0.01925 -2.16787e+00 |  8 -0.02441 -7.55311e-01 |  9 -0.02768  7.52993e+00
 10 -0.02023 -7.99298e+00 | 11 -0.02587 -1.07415e+00 | 12  0.02247 -3.81983e+00
 13  0.01144 -2.09938e+01 | 14 -0.03318  4.40620e+00 | 15 -0.01262 -2.09087e+01
 16 -0.00508 -9.42592e+00 | 17 -0.00675 -8.81198e+00 | 18 -0.01329  6.08284e+00
 19  0.00841  9.09371e-01 | 20  0.02044 -1.85077e-01 | 21  0.04090 -1.38009e+01
 22  0.06494 -4.50771e+01 | 23  0.02990 -1.63350e+01 | 24  0.00525 -1.47252e+01
 25 -0.01973  1.04439e+01 | 26  0.03729 -1.55061e+01 | 27 -0.00105 -3.03442e+00
 28  0.05357 -3.69568e+00 | 29 -0.03171 -4.99119e+00 | 30 -0.00186 -1.13430e+01
 31 -0.01127 -6.22141e+00 | 32 -0.03477 -2.27401e+00 | 33  0.01291 -5.83307e+00
 34 -0.01828 -1.08386e+01 | 35  0.00263 -1.22947e+01 | 36 -0.00737 -1.32676e+01
 37 -0.00285 -1.80460e+01 | 38 -0.01990 -9.64783e+00 | 39 -0.01002  2.97297e+00
 40 -0.00755  8.71050e-01 | 41  0.02095  5.56944e+00 | 42 -0.01091 -1.77719e+01
 43  0.03264 -4.12782e+01 | 44 -0.01405  3.26945e-01 | 45 -0.04931  8.14164e-01
 46 -0.03449 -8.41730e+00 | 47 -0.02044 -5.06852e+00 | 48 -0.04691 -4.93165e+00
 49  0.04894 -3.49754e+01 | 50  0.00454 -1.20701e+01 | 51 -0.01637  7.80526e+00
 52 -0.03320  6.32496e+00 | 53  0.00725  1.69068e+01 | 54 -0.03563  1.08321e+01
 55  0.01147  3.84246e+00 | 56  0.03191  7.09381e+00 | 57  0.00666 -2.64886e+00
 58  0.03550 -6.39857e-01 | 59  0.03998  3.54018e-01 | 60 -0.01451  2.70445e+01
 61  0.03988 -3.90277e-01 | 62 -0.01823  1.42524e+01 | 63  0.02946  8.24236e+00
 64  0.05283  2.76123e+00 | 65  0.00508  1.19857e+01 | 66  0.03260  7.03447e+00
 67 -0.00969  1.44445e+01 | 68 -0.01629  1.15638e+01 | 69 -0.00167  1.76127e+01
 70  0.01355  1.49171e+01 | 71 -0.00179  1.58781e+01 | 72 -0.01576  2.57353e+01
 73  0.03474  5.38704e+01 | 74  0.03723  2.73956e+01 | 75 -0.01001  9.68949e+00
 76  0.01099  2.10746e+01 | 77 -0.01324 -1.74160e+00 | 78 -0.02532  3.29673e+01
 79  0.02043 -1.96019e+01 | 80 -0.00008 -1.43669e+00 | 81 -0.04526  1.12067e+00
 82 -0.01821  8.99021e+00 | 83  0.02787  2.54965e+00 | 84  0.04880 -2.70013e+00
 85  0.01206 -1.15163e+01 | 86 -0.00528 -9.45757e+00 | 87 -0.02180  1.29116e+01
 88 -0.00510  7.60865e+00 | 89 -0.02489  1.40452e+01 | 90 -0.01926  1.88651e+01
 91  0.00370  6.66971e+00 | 92  0.00354 -3.23498e+01 | 93 -0.01415 -3.98050e+00
 94  0.00082  7.16217e+00 | 95  0.00137  3.82581e+00 | 96  0.00137  3.81948e+00
 97  0.82246  5.10656e+00 | 98 -0.41581 -1.37304e+02 | 99  0.21612 -1.55692e+01
100 -0.25275  1.20600e+02 |

Intermediate statistics: 100 variables; iteration 20; function evaluation 28; phase 3
Function value 2.1644790e+03; maximum gradient component mag 1.1010e+02
Var    Value     Gradient |Var    Value     Gradient |Var    Value     Gradient
  1  0.62053  7.10630e+00 |  2 -0.00945 -9.74200e-02 |  3  0.00179 -3.55554e-01
  4 -0.01633 -3.73018e-01 |  5 -0.00694 -4.56389e-01 |  6  0.00543 -6.73116e-01
  7 -0.01825 -6.45691e-01 |  8 -0.02398 -6.68990e-01 |  9 -0.02996 -4.26384e-01
 10 -0.01815 -1.30773e+00 | 11 -0.02564 -1.05086e+00 | 12  0.02249 -3.48052e+00
 13  0.01290 -9.46500e+00 | 14 -0.03399 -7.23359e-01 | 15 -0.01105 -9.17024e+00
 16 -0.00460 -5.89944e+00 | 17 -0.00623 -5.20351e+00 | 18 -0.01361  1.73823e+00
 19  0.00844  1.13783e-01 | 20  0.02043 -2.03978e-01 | 21  0.04117 -6.55701e+00
 22  0.06574 -1.74042e+01 | 23  0.03012 -9.89171e+00 | 24  0.00574 -8.11073e+00
 25 -0.02083  2.29163e+00 | 26  0.03757 -6.95423e+00 | 27 -0.00109 -2.18691e+00
 28  0.05348 -5.08573e-01 | 29 -0.03146 -2.63956e+00 | 30 -0.00161 -6.59384e+00
 31 -0.01114 -3.53689e+00 | 32 -0.03469 -1.31132e+00 | 33  0.01297 -2.00363e+00
 34 -0.01790 -5.26061e+00 | 35  0.00286 -5.72939e+00 | 36 -0.00706 -6.63320e+00
 37 -0.00244 -9.11276e+00 | 38 -0.01959 -4.22427e+00 | 39 -0.01020  3.15016e+00
 40 -0.00767  2.30024e+00 | 41  0.02068  7.28617e+00 | 42 -0.01045 -7.62170e+00
 43  0.03348 -1.04402e+01 | 44 -0.01418  2.55330e+00 | 45 -0.04951  4.78057e-01
 46 -0.03417 -2.91349e+00 | 47 -0.02036 -4.51934e-01 | 48 -0.04677 -1.19347e+00
 49  0.04951  4.43282e+00 | 50  0.00476  1.01174e+00 | 51 -0.01661  8.86650e+00
 52 -0.03339  5.72626e+00 | 53  0.00687  9.78215e+00 | 54 -0.03602  6.79865e+00
 55  0.01144  6.55835e+00 | 56  0.03185  1.23759e+01 | 57  0.00675  2.43392e+00
 58  0.03550  5.95059e+00 | 59  0.04009  7.47027e+00 | 60 -0.01526  1.52306e+01
 61  0.03996  2.97062e+00 | 62 -0.01863  7.36994e+00 | 63  0.02939  4.51909e+00
 64  0.05262 -7.35081e+00 | 65  0.00485  4.31578e+00 | 66  0.03246 -2.12240e-01
 67 -0.00998  5.42286e+00 | 68 -0.01659  3.47875e+00 | 69 -0.00201  5.68131e+00
 70  0.01328  3.57929e+00 | 71 -0.00208  4.59672e+00 | 72 -0.01642  9.73472e+00
 73  0.03395  1.37639e+01 | 74  0.03659 -5.72762e+00 | 75 -0.01018  2.10183e+00
 76  0.01058  6.52490e+00 | 77 -0.01312 -2.55760e+00 | 78 -0.02624  1.55874e+01
 79  0.02065 -1.43375e+01 | 80 -0.00014 -3.34468e+00 | 81 -0.04527 -9.06794e-01
 82 -0.01848  3.01278e+00 | 83  0.02786  6.84394e-01 | 84  0.04892  4.48790e+00
 85  0.01236 -4.02770e+00 | 86 -0.00508 -5.01486e+00 | 87 -0.02212  6.87064e+00
 88 -0.00531  3.29601e+00 | 89 -0.02520  7.90998e+00 | 90 -0.01990  1.01879e+01
 91  0.00343  3.89303e+00 | 92  0.00529 -1.40297e+01 | 93 -0.01295  3.91999e-01
 94 -0.00267 -3.64975e-01 | 95 -0.00035 -4.23089e-01 | 96 -0.00034 -4.22543e-01
 97  0.83211 -8.92213e+00 | 98 -0.41384  5.67053e+01 | 99  0.21062 -3.32194e+01
100 -0.25454  1.10096e+02 |
100 variables; iteration 40; function evaluation 49; phase 3
Function value 2.1643813e+03; maximum gradient component mag 2.3485e+01
Var    Value     Gradient |Var    Value     Gradient |Var    Value     Gradient
  1  0.62067  1.99136e+00 |  2 -0.01104 -3.04660e+00 |  3  0.00182  2.86404e-03
  4 -0.01633 -8.81469e-02 |  5 -0.00763 -1.79555e+00 |  6  0.00587  1.05033e+00
  7 -0.01736  2.19412e+00 |  8 -0.02341  1.38729e+00 |  9 -0.03013 -4.85378e-01
 10 -0.01768  1.01529e+00 | 11 -0.02483  2.68807e+00 | 12  0.02296  1.36268e+00
 13  0.01381 -9.36893e-01 | 14 -0.03447 -2.59572e+00 | 15 -0.01010 -6.75327e-01
 16 -0.00442 -3.49329e+00 | 17 -0.00588 -1.25063e+00 | 18 -0.01359  2.12116e+00
 19  0.00840 -1.76280e-02 | 20  0.02064  3.27221e+00 | 21  0.04131 -2.57591e+00
 22  0.06590 -9.41359e+00 | 23  0.03060 -4.77209e-01 | 24  0.00591 -4.53727e+00
 25 -0.02071  4.34478e+00 | 26  0.03791  1.67068e+00 | 27 -0.00097  2.35557e-01
 28  0.05344  7.95394e-01 | 29 -0.03096  2.12853e+00 | 30 -0.00119 -2.93032e-01
 31 -0.01089  2.84719e-02 | 32 -0.03464 -5.34568e-01 | 33  0.01301 -6.73949e-01
 34 -0.01751 -2.88422e-01 | 35  0.00330  1.83521e+00 | 36 -0.00679 -2.20118e+00
 37 -0.00214 -3.97013e+00 | 38 -0.01926  2.53223e-02 | 39 -0.01031  2.05281e+00
 40 -0.00776  1.62057e+00 | 41  0.02027  9.55616e-01 | 42 -0.00975  2.09368e+00
 43  0.03364 -4.08871e+00 | 44 -0.01441  6.45135e-01 | 45 -0.04975 -8.83742e-01
 46 -0.03397 -1.56982e-01 | 47 -0.02042 -3.89273e-01 | 48 -0.04682 -1.03394e+00
 49  0.04915 -5.68749e+00 | 50  0.00461 -3.01050e-01 | 51 -0.01713  2.01494e+00
 52 -0.03356  4.38636e+00 | 53  0.00626 -5.04230e+00 | 54 -0.03618  5.11974e+00
 55  0.01142  5.69835e+00 | 56  0.03144 -2.06924e+00 | 57  0.00657 -3.14381e+00
 58  0.03533  4.24771e-01 | 59  0.04040  1.79519e+01 | 60 -0.01627 -1.51358e+00
 61  0.03977 -7.89139e+00 | 62 -0.01910 -6.92483e-01 | 63  0.02938  2.07949e+00
 64  0.05268 -4.98408e+00 | 65  0.00484  3.27349e+00 | 66  0.03259  4.08488e+00
 67 -0.01020  4.40611e-01 | 68 -0.01678 -2.67798e-01 | 69 -0.00232 -2.75115e+00
 70  0.01306 -3.30187e+00 | 71 -0.00233 -2.65410e+00 | 72 -0.01708 -3.36549e+00
 73  0.03358 -2.95352e+00 | 74  0.03673  5.44514e-01 | 75 -0.01022  1.44532e+00
 76  0.01059  7.85928e+00 | 77 -0.01309 -2.11773e+00 | 78 -0.02670  8.69434e+00
 79  0.02094 -3.04449e+00 | 80  0.00009  5.10805e+00 | 81 -0.04530 -6.12603e-01
 82 -0.01861  1.41182e+00 | 83  0.02767 -6.60474e+00 | 84  0.04878  7.47250e-01
 85  0.01239 -1.88962e+00 | 86 -0.00485  1.39623e+00 | 87 -0.02247  2.20460e+00
 88 -0.00548  8.37414e-01 | 89 -0.02530  5.91102e+00 | 90 -0.02083 -1.41911e+00
 91  0.00328  1.14488e+00 | 92  0.00660 -2.14629e+00 | 93 -0.01333 -1.76307e+00
 94 -0.00283 -6.28860e-01 | 95 -0.00074 -8.92925e-01 | 96 -0.00074 -8.90832e-01
 97  0.83182 -1.65983e+00 | 98 -0.41394  1.09631e+01 | 99  0.21065 -5.81839e+00
100 -0.25491  2.34854e+01 |
100 variables; iteration 60; function evaluation 75; phase 3
Function value 2.1643563e+03; maximum gradient component mag 1.0304e+01
Var    Value     Gradient |Var    Value     Gradient |Var    Value     Gradient
  1  0.62071  3.49561e-01 |  2 -0.00987 -6.44006e-01 |  3  0.00205  5.82952e-01
  4 -0.01616  3.44648e-01 |  5 -0.00681  2.75968e-01 |  6  0.00564  4.65648e-01
  7 -0.01809  2.57259e-01 |  8 -0.02374  5.02845e-01 |  9 -0.03007 -2.33052e-01
 10 -0.01771  9.82883e-01 | 11 -0.02571 -6.35477e-01 | 12  0.02269 -4.64799e-01
 13  0.01389 -1.35382e-02 | 14 -0.03408 -3.64354e-01 | 15 -0.01021 -1.17344e+00
 16 -0.00405  7.14497e-01 | 17 -0.00589 -8.77878e-01 | 18 -0.01375  8.30839e-01
 19  0.00834 -5.29460e-01 | 20  0.02039  1.09811e-01 | 21  0.04146  7.14688e-01
 22  0.06589 -8.97091e+00 | 23  0.03057 -3.57699e-01 | 24  0.00630 -1.59558e-01
 25 -0.02117  1.00024e+00 | 26  0.03778 -2.96809e-01 | 27 -0.00102  5.71299e-02
 28  0.05347  2.24883e+00 | 29 -0.03119  4.38301e-01 | 30 -0.00141 -2.72951e+00
 31 -0.01100 -9.89428e-01 | 32 -0.03469 -7.50988e-01 | 33  0.01289 -2.25127e+00
 34 -0.01755 -3.54281e-01 | 35  0.00328  2.08940e+00 | 36 -0.00666  2.98603e-01
 37 -0.00183  1.34328e+00 | 38 -0.01929  8.20149e-02 | 39 -0.01043  6.84444e-01
 40 -0.00790 -1.13591e-01 | 41  0.02020 -7.38851e-02 | 42 -0.00989  7.45471e-01
 43  0.03382  9.98381e-01 | 44 -0.01438  1.44373e+00 | 45 -0.04964  2.19248e-01
 46 -0.03400 -1.99767e-01 | 47 -0.02039  3.00984e-01 | 48 -0.04681 -6.09446e-01
 49  0.04920 -2.35811e+00 | 50  0.00469  2.05722e+00 | 51 -0.01718  1.81276e+00
 52 -0.03388  3.03124e-01 | 53  0.00630 -3.44569e+00 | 54 -0.03633  3.08243e+00
 55  0.01123  2.58553e-01 | 56  0.03142 -1.36498e+00 | 57  0.00679  2.77468e+00
 58  0.03528 -6.20136e-01 | 59  0.04002  2.95412e+00 | 60 -0.01619  5.18389e-02
 61  0.03991 -1.69488e+00 | 62 -0.01909 -6.21735e-02 | 63  0.02931 -1.20073e-02
 64  0.05275 -1.06823e+00 | 65  0.00474  1.09824e+00 | 66  0.03248  4.04606e-01
 67 -0.01026 -7.48504e-01 | 68 -0.01683 -7.05316e-01 | 69 -0.00215  1.46723e+00
 70  0.01310 -1.16056e+00 | 71 -0.00228 -1.00040e+00 | 72 -0.01691  5.35915e-01
 73  0.03362 -9.21312e-01 | 74  0.03669 -8.57469e-02 | 75 -0.01030 -2.75898e-01
 76  0.01032  3.82318e-02 | 77 -0.01303 -1.08782e+00 | 78 -0.02714  1.36265e+00
 79  0.02105  3.43695e-01 | 80 -0.00033 -5.41918e+00 | 81 -0.04525 -1.47303e-01
 82 -0.01869  2.25095e-01 | 83  0.02782 -9.14236e-01 | 84  0.04872 -5.63775e-01
 85  0.01284  1.03036e+01 | 86 -0.00483  2.52639e+00 | 87 -0.02257  4.59557e-01
 88 -0.00559 -1.69832e+00 | 89 -0.02569  5.28917e-02 | 90 -0.02088 -2.34628e+00
 91  0.00328  9.09101e-01 | 92  0.00691  9.67510e-01 | 93 -0.01299 -7.48177e-01
 94 -0.00252 -1.55908e-01 | 95 -0.00026 -1.14750e-01 | 96 -0.00026 -1.14501e-01
 97  0.83193 -2.96624e-01 | 98 -0.41395  1.55845e+00 | 99  0.21031 -4.17177e-01
100 -0.25513  2.83503e+00 |
Maximum number of function evaluations exceeded

 - final statistics:
100 variables; iteration 80; function evaluation 100
Function value 2.1644e+03; maximum gradient component mag 6.1007e+00
Exit code = 3;  converg criter 1.0000e+00
Var    Value     Gradient |Var    Value     Gradient |Var    Value     Gradient
  1  0.62069  1.64695e-01 |  2 -0.00975 -4.01555e-01 |  3  0.00225  1.02202e+00
  4 -0.01667 -7.89633e-01 |  5 -0.00672  4.81936e-01 |  6  0.00530 -5.26970e-01
  7 -0.01792  6.93536e-01 |  8 -0.02391  1.49718e-02 |  9 -0.03016 -5.31493e-01
 10 -0.01781  5.87292e-01 | 11 -0.02562 -2.89806e-01 | 12  0.02263 -1.03203e+00
 13  0.01390  5.71851e-02 | 14 -0.03405 -2.06164e-01 | 15 -0.01009 -2.30499e-01
 16 -0.00406  6.32077e-01 | 17 -0.00591 -1.14602e+00 | 18 -0.01378  5.10687e-01
 19  0.00831 -9.76721e-01 | 20  0.02044  7.61015e-01 | 21  0.04148  1.02114e+00
 22  0.06604 -5.01964e+00 | 23  0.03061  6.90161e-02 | 24  0.00627 -4.79735e-01
 25 -0.02119  7.49743e-01 | 26  0.03780 -2.52361e-01 | 27 -0.00103 -2.09120e-01
 28  0.05345  1.60976e+00 | 29 -0.03119  4.07539e-01 | 30 -0.00131 -1.60375e+00
 31 -0.01096 -5.79850e-01 | 32 -0.03462 -1.84940e-01 | 33  0.01294 -1.46263e+00
 34 -0.01752 -1.45458e-01 | 35  0.00323  1.13830e+00 | 36 -0.00664  4.07115e-01
 37 -0.00185  7.54295e-01 | 38 -0.01931 -2.46348e-01 | 39 -0.01044  5.85556e-01
 40 -0.00790 -1.90052e-01 | 41  0.02022  8.15711e-02 | 42 -0.00991  4.79905e-01
 43  0.03381  6.18624e-01 | 44 -0.01448  1.04314e-01 | 45 -0.04961  4.36475e-01
 46 -0.03401 -3.77377e-01 | 47 -0.02042 -1.76594e-01 | 48 -0.04679 -5.35774e-01
 49  0.04924 -1.17800e+00 | 50  0.00464  1.02273e+00 | 51 -0.01722  8.99729e-01
 52 -0.03386  4.41830e-01 | 53  0.00637 -1.81140e+00 | 54 -0.03641  1.73807e+00
 55  0.01124  2.42460e-01 | 56  0.03145 -7.09598e-01 | 57  0.00675  1.70841e+00
 58  0.03530 -2.96770e-01 | 59  0.04000  1.72251e+00 | 60 -0.01619 -1.23368e-01
 61  0.03994 -9.01291e-01 | 62 -0.01909 -1.28140e-01 | 63  0.02932  3.50253e-02
 64  0.05277 -5.77338e-01 | 65  0.00473  7.38111e-01 | 66  0.03248  2.35736e-01
 67 -0.01022 -1.30071e-01 | 68 -0.01682 -5.69689e-01 | 69 -0.00217  1.02866e+00
 70  0.01312 -5.41551e-01 | 71 -0.00227 -9.52648e-01 | 72 -0.01692  3.60724e-01
 73  0.03363 -4.87678e-01 | 74  0.03670 -7.04302e-02 | 75 -0.01026  5.50545e-01
 76  0.01032  7.41439e-02 | 77 -0.01303 -1.21149e+00 | 78 -0.02716  9.28782e-01
 79  0.02105  2.27582e-01 | 80 -0.00024 -3.10032e+00 | 81 -0.04522  3.04013e-01
 82 -0.01872 -3.36990e-01 | 83  0.02783 -4.32235e-01 | 84  0.04873 -2.92956e-01
 85  0.01269  6.10065e+00 | 86 -0.00487  1.53496e+00 | 87 -0.02259  2.85321e-01
 88 -0.00552 -2.64646e-01 | 89 -0.02576 -6.33868e-01 | 90 -0.02079 -1.23282e+00
 91  0.00322  1.61986e-01 | 92  0.00686  5.12823e-01 | 93 -0.01285 -2.26603e-01
 94 -0.00249 -9.20637e-02 | 95 -0.00023 -5.21947e-02 | 96 -0.00024 -6.76863e-02
 97  0.83192 -1.80294e-01 | 98 -0.41395  8.46317e-01 | 99  0.21031 -2.75300e-02
100 -0.25513  1.57261e+00 |

Initial statistics: 108 variables; iteration 0; function evaluation 0; phase 4
Function value 2.1643519e+03; maximum gradient component mag 7.6016e+02
Var    Value     Gradient |Var    Value     Gradient |Var    Value     Gradient
  1 -0.42263  1.65253e+02 |  2 -0.42263  7.60164e+02 |  3 -0.41094  4.70659e+02
  4  0.62069  1.64695e-01 |  5  0.00000 -5.39722e+00 |  6  0.00000  5.75238e+00
  7  0.00000  1.39976e+01 |  8  0.00000 -1.08079e+01 |  9  0.00000 -2.76051e+00
 10 -0.00975 -4.01980e-01 | 11  0.00225  1.02160e+00 | 12 -0.01667 -7.90058e-01
 13 -0.00672  4.81511e-01 | 14  0.00530 -5.27395e-01 | 15 -0.01792  6.93111e-01
 16 -0.02391  1.45469e-02 | 17 -0.03016 -5.31918e-01 | 18 -0.01781  5.86867e-01
 19 -0.02562 -2.90231e-01 | 20  0.02263 -1.03246e+00 | 21  0.01390  5.67600e-02
 22 -0.03405 -2.06589e-01 | 23 -0.01009 -2.30924e-01 | 24 -0.00406  6.31652e-01
 25 -0.00591 -1.14644e+00 | 26 -0.01378  5.10262e-01 | 27  0.00831 -9.77146e-01
 28  0.02044  7.60590e-01 | 29  0.04148  1.02072e+00 | 30  0.06604 -5.02007e+00
 31  0.03061  6.85914e-02 | 32  0.00627 -4.80160e-01 | 33 -0.02119  7.49318e-01
 34  0.03780 -2.52785e-01 | 35 -0.00103 -2.09545e-01 | 36  0.05345  1.60933e+00
 37 -0.03119  4.07115e-01 | 38 -0.00131 -1.60418e+00 | 39 -0.01096 -5.80276e-01
 40 -0.03462 -1.85364e-01 | 41  0.01294 -1.46305e+00 | 42 -0.01752 -1.45883e-01
 43  0.00323  1.13788e+00 | 44 -0.00664  4.06690e-01 | 45 -0.00185  7.53870e-01
 46 -0.01931 -2.46773e-01 | 47 -0.01044  5.85131e-01 | 48 -0.00790 -1.90477e-01
 49  0.02022  8.11462e-02 | 50 -0.00991  4.79480e-01 | 51  0.03381  6.18199e-01
 52 -0.01448  1.03889e-01 | 53 -0.04961  4.36052e-01 | 54 -0.03401 -3.77802e-01
 55 -0.02042 -1.77019e-01 | 56 -0.04679 -5.36198e-01 | 57  0.04924 -1.17842e+00
 58  0.00464  1.02231e+00 | 59 -0.01722  8.99304e-01 | 60 -0.03386  4.41405e-01
 61  0.00637 -1.81183e+00 | 62 -0.03641  1.73765e+00 | 63  0.01124  2.42035e-01
 64  0.03145 -7.10022e-01 | 65  0.00675  1.70799e+00 | 66  0.03530 -2.97195e-01
 67  0.04000  1.72208e+00 | 68 -0.01619 -1.23793e-01 | 69  0.03994 -9.01715e-01
 70 -0.01909 -1.28565e-01 | 71  0.02932  3.46006e-02 | 72  0.05277 -5.77762e-01
 73  0.00473  7.37686e-01 | 74  0.03248  2.35311e-01 | 75 -0.01022 -1.30496e-01
 76 -0.01682 -5.70114e-01 | 77 -0.00217  1.02824e+00 | 78  0.01312 -5.41976e-01
 79 -0.00227 -9.53073e-01 | 80 -0.01692  3.60299e-01 | 81  0.03363 -4.88102e-01
 82  0.03670 -7.08547e-02 | 83 -0.01026  5.50120e-01 | 84  0.01032  7.37187e-02
 85 -0.01303 -1.21192e+00 | 86 -0.02716  9.28357e-01 | 87  0.02105  2.27157e-01
 88 -0.00024 -3.10074e+00 | 89 -0.04522  3.03589e-01 | 90 -0.01872 -3.37415e-01
 91  0.02783 -4.32659e-01 | 92  0.04873 -2.93380e-01 | 93  0.01269  6.10023e+00
 94 -0.00487  1.53453e+00 | 95 -0.02259  2.84896e-01 | 96 -0.00552 -2.65072e-01
 97 -0.02576 -6.34293e-01 | 98 -0.02079 -1.23324e+00 | 99  0.00322  1.61561e-01
100  0.00686  5.12398e-01 |101 -0.01285 -2.27028e-01 |102 -0.00249 -9.24889e-02
103 -0.00023 -5.26199e-02 |104 -0.00024 -6.81115e-02 |105  0.83192 -1.80294e-01
106 -0.41395  8.46317e-01 |107  0.21031 -2.75300e-02 |108 -0.25513  1.57261e+00

Intermediate statistics: 108 variables; iteration 20; function evaluation 27; phase 4
Function value 2.1632095e+03; maximum gradient component mag 3.4930e+02
Var    Value     Gradient |Var    Value     Gradient |Var    Value     Gradient
  1 -0.43837  3.12869e+01 |  2 -0.42215  3.49299e+02 |  3 -0.41042  9.26602e+01
  4  0.62080 -1.23267e+02 |  5  0.00119 -1.42522e+00 |  6 -0.00181  3.14723e+00
  7 -0.00354  8.13020e+00 |  8  0.00250 -5.66009e+00 |  9  0.00070 -8.51398e-01
 10 -0.00945  4.64958e+00 | 11  0.00244  6.13083e+00 | 12 -0.01630  4.63387e+00
 13 -0.00641  6.09705e+00 | 14  0.00574  6.00391e+00 | 15 -0.01759  6.56837e+00
 16 -0.02355  6.05620e+00 | 17 -0.02981  5.58416e+00 | 18 -0.01745  7.35543e+00
 19 -0.02529  6.33804e+00 | 20  0.02326  1.09460e+01 | 21  0.01455  1.19220e+01
 22 -0.03376  6.46674e+00 | 23 -0.00965  8.83985e+00 | 24 -0.00368  9.36885e+00
 25 -0.00584  3.45629e+00 | 26 -0.01364  5.23597e+00 | 27  0.00846  5.00092e+00
 28  0.02057  5.29880e+00 | 29  0.04191  1.59046e+01 | 30  0.06623  8.99491e+00
 31  0.03104  1.30785e+01 | 32  0.00668  9.62925e+00 | 33 -0.02082  8.93701e+00
 34  0.03810  1.16575e+01 | 35 -0.00086  5.78629e+00 | 36  0.05348  6.75923e+00
 37 -0.03092  6.74697e+00 | 38 -0.00106  5.81863e+00 | 39 -0.01073  6.03234e+00
 40 -0.03461  2.47280e+00 | 41  0.01305  1.75550e+00 | 42 -0.01736  4.65302e+00
 43  0.00339  5.58031e+00 | 44 -0.00648  5.14115e+00 | 45 -0.00174  3.96062e+00
 46 -0.01928  2.51436e+00 | 47 -0.01058 -8.24278e-01 | 48 -0.00811 -2.80137e+00
 49  0.01999 -5.75904e+00 | 50 -0.01008 -2.07052e+00 | 51  0.03354 -7.83742e+00
 52 -0.01445  2.00721e+00 | 53 -0.04975 -5.74275e-02 | 54 -0.03423 -2.91243e+00
 55 -0.02092 -8.33253e+00 | 56 -0.04730 -6.30225e+00 | 57  0.04856 -4.03460e+01
 58  0.00430 -8.96600e+00 | 59 -0.01752 -5.59527e+00 | 60 -0.03417 -5.23109e+00
 61  0.00592 -2.00071e+01 | 62 -0.03693 -9.66331e+00 | 63  0.01100 -1.94465e+01
 64  0.03138 -1.30078e+01 | 65  0.00654 -7.17424e+00 | 66  0.03516 -1.46576e+01
 67  0.03979 -1.50765e+01 | 68 -0.01634 -4.39377e+00 | 69  0.04001 -9.03504e+00
 70 -0.01927 -1.75636e+00 | 71  0.02960 -7.26874e+00 | 72  0.05303  4.80313e+00
 73  0.00477  2.03197e+00 | 74  0.03224 -7.11356e+00 | 75 -0.01027 -2.58143e+00
 76 -0.01703 -4.45702e+00 | 77 -0.00228 -3.85358e+00 | 78  0.01304 -2.70738e+00
 79 -0.00233 -2.71565e+00 | 80 -0.01702  3.10597e+00 | 81  0.03415  7.33514e+00
 82  0.03657 -1.38105e+00 | 83 -0.01029  3.90302e+00 | 84  0.01015 -5.50478e+00
 85 -0.01315 -2.18915e+00 | 86 -0.02747 -6.24019e+00 | 87  0.02093 -6.62537e+00
 88 -0.00046 -2.94128e+00 | 89 -0.04519  4.71284e+00 | 90 -0.01913 -1.10436e+01
 91  0.02807  1.95014e+00 | 92  0.04877  5.39166e+00 | 93  0.01228 -1.02621e+00
 94 -0.00518 -3.01255e-01 | 95 -0.02294 -2.89136e+00 | 96 -0.00591 -1.65188e+00
 97 -0.02618 -2.68941e+00 | 98 -0.02148 -9.32978e+00 | 99  0.00259 -6.34826e+00
100  0.00643  8.73338e-01 |101 -0.01313  3.12593e+00 |102 -0.00171  4.46259e+00
103 -0.00019  3.92140e+00 |104 -0.00020  3.91464e+00 |105  0.82666  2.07465e+00
106 -0.41377 -9.16767e+00 |107  0.20569  1.36973e+01 |108 -0.25556 -3.71527e+01
108 variables; iteration 40; function evaluation 50; phase 4
Function value 2.1628721e+03; maximum gradient component mag 9.1859e+01
Var    Value     Gradient |Var    Value     Gradient |Var    Value     Gradient
  1 -0.44690  1.24139e+01 |  2 -0.42300  9.18588e+01 |  3 -0.40745  3.04542e+01
  4  0.62107 -3.99161e+01 |  5  0.00339  3.07488e+00 |  6 -0.00231  2.35796e+00
  7 -0.00572  4.16140e+00 |  8  0.00556 -1.21836e-01 |  9  0.00142  2.32422e-01
 10 -0.00997  6.21016e-01 | 11  0.00018 -2.06789e+00 | 12 -0.01680  4.54932e-01
 13 -0.00817 -1.46657e+00 | 14  0.00615  3.64196e+00 | 15 -0.01856  5.84600e-01
 16 -0.02356  2.66753e+00 | 17 -0.02929  3.77269e+00 | 18 -0.01745  3.73778e+00
 19 -0.02613 -4.57877e-01 | 20  0.02329  6.55228e+00 | 21  0.01367  6.09714e-01
 22 -0.03468 -1.65101e+00 | 23 -0.00998  2.83127e+00 | 24 -0.00376  5.61186e+00
 25 -0.00588  3.03185e-01 | 26 -0.01375  1.43644e+00 | 27  0.00850  2.47777e+00
 28  0.02057  1.18232e+00 | 29  0.04152  4.21771e+00 | 30  0.06616  6.74724e-01
 31  0.03093  6.83498e+00 | 32  0.00676  6.66751e+00 | 33 -0.02164 -5.15123e-01
 34  0.03803  6.49212e+00 | 35 -0.00086  2.67024e+00 | 36  0.05316 -4.89876e+00
 37 -0.03154 -9.47334e-01 | 38 -0.00132  2.40194e-01 | 39 -0.01095  1.52485e+00
 40 -0.03455  1.02248e+00 | 41  0.01302  3.15299e-01 | 42 -0.01739  2.87765e+00
 43  0.00324  1.98701e+00 | 44 -0.00665  1.66314e+00 | 45 -0.00178  2.23975e+00
 46 -0.01928  1.41460e+00 | 47 -0.01052 -9.64467e-01 | 48 -0.00792 -1.23643e+00
 49  0.02009 -3.22119e+00 | 50 -0.00995 -9.05606e-01 | 51  0.03392  3.88895e+00
 52 -0.01471 -1.39788e+00 | 53 -0.04956  4.51323e-01 | 54 -0.03416 -2.41514e+00
 55 -0.02045 -1.34630e+00 | 56 -0.04634  2.04301e+00 | 57  0.04915 -1.01460e+01
 58  0.00430 -5.09782e+00 | 59 -0.01746 -3.26730e+00 | 60 -0.03389 -1.08947e+00
 61  0.00631 -7.11770e+00 | 62 -0.03659 -4.98265e+00 | 63  0.01126 -1.08183e+01
 64  0.03146 -6.81500e+00 | 65  0.00670 -1.36686e+00 | 66  0.03558  5.00651e+00
 67  0.03992 -4.89832e+00 | 68 -0.01606 -1.80072e-01 | 69  0.04003 -4.93519e+00
 70 -0.01917 -7.41863e-02 | 71  0.02969 -5.07056e+00 | 72  0.05291  2.70294e+00
 73  0.00443 -4.54971e+00 | 74  0.03235  2.32910e-01 | 75 -0.01027 -2.98721e+00
 76 -0.01685 -1.68752e+00 | 77 -0.00225 -3.22883e+00 | 78  0.01314  8.42530e-01
 79 -0.00224 -1.42155e+00 | 80 -0.01709  1.33677e+00 | 81  0.03412  3.27681e+00
 82  0.03656 -1.67313e+00 | 83 -0.01051 -1.19047e+00 | 84  0.01054  5.90515e+00
 85 -0.01302  6.75842e-01 | 86 -0.02666  5.70017e+00 | 87  0.02101 -3.53936e+00
 88 -0.00019  3.55253e+00 | 89 -0.04531  1.49202e+00 | 90 -0.01864 -4.93091e+00
 91  0.02822  3.62777e+00 | 92  0.04873  9.40391e-01 | 93  0.01250  2.15191e+00
 94 -0.00508 -8.49362e-01 | 95 -0.02260 -7.65931e-01 | 96 -0.00566  1.34169e-01
 97 -0.02591 -2.42044e+00 | 98 -0.02046 -1.31782e+00 | 99  0.00304 -4.75844e+00
100  0.00646 -3.16150e+00 |101 -0.01316  5.58107e-01 |102 -0.00034  3.80911e+00
103 -0.00016  1.36535e+00 |104 -0.00016  1.36341e+00 |105  0.82642 -5.98050e-01
106 -0.41357  4.82372e+00 |107  0.20342  6.66816e-01 |108 -0.25565 -5.61853e+00
108 variables; iteration 60; function evaluation 76; phase 4
Function value 2.1628131e+03; maximum gradient component mag 2.0714e+01
Var    Value     Gradient |Var    Value     Gradient |Var    Value     Gradient
  1 -0.45002  3.92683e+00 |  2 -0.42325  2.07139e+01 |  3 -0.40647  9.00396e+00
  4  0.62125 -1.12021e+01 |  5  0.00245  4.08942e-01 |  6 -0.00316  8.12203e-01
  7 -0.00708  1.70422e+00 |  8  0.00630  1.17873e+00 |  9  0.00154  4.12974e-01
 10 -0.00979  1.30191e-03 | 11  0.00168  2.71794e-01 | 12 -0.01640  3.30563e-01
 13 -0.00698  4.34593e-01 | 14  0.00591  1.88781e+00 | 15 -0.01875 -9.42325e-01
 16 -0.02392  6.06794e-01 | 17 -0.02927  2.83528e+00 | 18 -0.01831 -4.39556e-01
 19 -0.02564  4.48980e-01 | 20  0.02260  3.03702e-01 | 21  0.01355 -1.25699e+00
 22 -0.03428 -3.55417e-01 | 23 -0.01025  1.67711e-02 | 24 -0.00426  1.84098e-01
 25 -0.00577  1.02762e+00 | 26 -0.01397 -1.00186e+00 | 27  0.00840  9.23823e-01
 28  0.02056  6.44794e-01 | 29  0.04131  2.51658e-01 | 30  0.06618  4.73075e-01
 31  0.03065  1.77206e+00 | 32  0.00636  1.40660e+00 | 33 -0.02140  4.46437e-01
 34  0.03779  1.55631e+00 | 35 -0.00090  1.63040e+00 | 36  0.05335  4.90200e-01
 37 -0.03149 -9.35607e-01 | 38 -0.00124  1.30337e+00 | 39 -0.01099  1.11453e+00
 40 -0.03441  1.90834e+00 | 41  0.01292 -1.17688e+00 | 42 -0.01748  1.64906e+00
 43  0.00304 -1.00306e+00 | 44 -0.00680 -5.01228e-01 | 45 -0.00207 -1.89853e+00
 46 -0.01934  8.19970e-01 | 47 -0.01048 -1.52717e-01 | 48 -0.00787 -1.35918e-01
 49  0.02018 -4.66685e-01 | 50 -0.00995 -5.43118e-01 | 51  0.03375  1.43466e+00
 52 -0.01464  1.26076e-01 | 53 -0.04942  1.59089e+00 | 54 -0.03388  8.99133e-01
 55 -0.02055 -2.00070e+00 | 56 -0.04679 -1.84706e+00 | 57  0.04927 -1.64093e+00
 58  0.00434 -2.44629e+00 | 59 -0.01756 -3.77593e+00 | 60 -0.03384  1.04509e-01
 61  0.00646 -1.06763e+00 | 62 -0.03644 -2.17040e+00 | 63  0.01148 -2.44773e+00
 64  0.03150 -2.13109e+00 | 65  0.00676  1.53171e+00 | 66  0.03542  1.47310e+00
 67  0.03995 -7.15920e-01 | 68 -0.01594  2.34521e+00 | 69  0.04006 -9.45426e-01
 70 -0.01917  7.24948e-01 | 71  0.02977 -1.18748e+00 | 72  0.05278  6.79694e-01
 73  0.00459  1.23537e-01 | 74  0.03227  1.53831e-02 | 75 -0.01021 -1.29815e+00
 76 -0.01686 -1.29744e+00 | 77 -0.00225 -2.34755e+00 | 78  0.01311  1.30091e+00
 79 -0.00231 -2.54193e+00 | 80 -0.01715  4.49148e-01 | 81  0.03406  1.18964e+00
 82  0.03654 -2.52802e-01 | 83 -0.01054 -1.27966e+00 | 84  0.01043  2.79401e+00
 85 -0.01311 -1.43736e+00 | 86 -0.02699 -8.66137e-01 | 87  0.02109 -5.06100e-01
 88 -0.00027  2.01626e+00 | 89 -0.04538  3.09100e-01 | 90 -0.01837 -4.21106e-01
 91  0.02818  1.40870e+00 | 92  0.04874  4.06668e-01 | 93  0.01255  2.60426e+00
 94 -0.00502 -5.57804e-01 | 95 -0.02247  5.83604e-02 | 96 -0.00551  1.81838e+00
 97 -0.02575 -1.70439e+00 | 98 -0.02011  1.03901e+00 | 99  0.00333 -3.06310e+00
100  0.00679 -2.26044e+00 |101 -0.01288  3.27077e-01 |102 -0.00154  9.20574e-01
103 -0.00021  3.75554e-01 |104 -0.00021  3.75192e-01 |105  0.82640 -4.50205e-01
106 -0.41350  3.06435e+00 |107  0.20333  3.56822e-01 |108 -0.25549 -5.18193e-01
Maximum number of function evaluations exceeded

 - final statistics:
108 variables; iteration 78; function evaluation 100
Function value 2.1628e+03; maximum gradient component mag 5.4909e+00
Exit code = 3;  converg criter 1.0000e+00
Var    Value     Gradient |Var    Value     Gradient |Var    Value     Gradient
  1 -0.45094  1.03055e+00 |  2 -0.42331  5.49087e+00 |  3 -0.40622  2.66296e+00
  4  0.62129 -2.48771e+00 |  5  0.00237  3.05556e-02 |  6 -0.00358  7.23181e-02
  7 -0.00776  4.81784e-01 |  8  0.00591  4.14408e-01 |  9  0.00132 -6.91517e-02
 10 -0.00961  7.03682e-02 | 11  0.00179  2.13629e-01 | 12 -0.01637  8.44819e-02
 13 -0.00712 -2.29704e-01 | 14  0.00551  4.02912e-01 | 15 -0.01830 -3.20103e-02
 16 -0.02402  1.13449e-03 | 17 -0.02985  7.71540e-01 | 18 -0.01810  8.07782e-03
 19 -0.02564  1.41061e-01 | 20  0.02256 -3.34281e-01 | 21  0.01373  7.39608e-03
 22 -0.03419 -9.88906e-02 | 23 -0.01022  7.47048e-02 | 24 -0.00426  1.01718e-01
 25 -0.00585  1.09715e-01 | 26 -0.01382  1.78767e-01 | 27  0.00834  9.12213e-02
 28  0.02055  2.22966e-01 | 29  0.04128 -4.04217e-01 | 30  0.06617  1.93148e-01
 31  0.03058  5.54429e-01 | 32  0.00628  2.87343e-01 | 33 -0.02148 -4.24014e-01
 34  0.03775  7.42952e-01 | 35 -0.00100  4.00955e-01 | 36  0.05333  2.03083e-01
 37 -0.03137 -1.17110e-01 | 38 -0.00131  3.74941e-01 | 39 -0.01105  2.35318e-01
 40 -0.03452  7.31699e-01 | 41  0.01297 -2.92790e-01 | 42 -0.01759  4.16128e-01
 43  0.00307 -5.26035e-01 | 44 -0.00678 -1.43542e-01 | 45 -0.00198 -4.86532e-01
 46 -0.01939  2.21789e-01 | 47 -0.01047  4.82794e-03 | 48 -0.00787 -2.48463e-03
 49  0.02019  2.10393e-01 | 50 -0.00992 -1.66250e-01 | 51  0.03368  4.36005e-01
 52 -0.01466  1.16401e-02 | 53 -0.04953  6.37212e-01 | 54 -0.03395  1.64424e-01
 55 -0.02045 -4.70923e-01 | 56 -0.04664 -5.08089e-01 | 57  0.04927 -3.46405e-01
 58  0.00439 -8.23203e-01 | 59 -0.01738 -6.92085e-01 | 60 -0.03386 -3.18372e-02
 61  0.00647 -2.19091e-01 | 62 -0.03633 -5.63899e-01 | 63  0.01154 -5.17798e-01
 64  0.03153 -4.50738e-01 | 65  0.00670  3.50540e-01 | 66  0.03538  3.91764e-01
 67  0.03995 -1.16354e-01 | 68 -0.01607  4.05892e-01 | 69  0.04006 -1.67827e-01
 70 -0.01920  3.26378e-01 | 71  0.02980 -2.19343e-01 | 72  0.05275  1.83053e-01
 73  0.00459  2.72850e-01 | 74  0.03225  4.72449e-02 | 75 -0.01016 -2.35534e-01
 76 -0.01687 -1.31193e+00 | 77 -0.00216 -1.04617e-01 | 78  0.01307  3.55281e-01
 79 -0.00223 -6.75608e-01 | 80 -0.01719 -1.43559e-01 | 81  0.03404  3.45583e-01
 82  0.03654 -1.40541e-02 | 83 -0.01050 -3.49674e-01 | 84  0.01036  7.08042e-01
 85 -0.01305 -1.64593e-01 | 86 -0.02694 -1.69615e-01 | 87  0.02110 -9.38782e-02
 88 -0.00033  6.04957e-01 | 89 -0.04538  1.62744e-02 | 90 -0.01833  1.11395e-03
 91  0.02816  3.55715e-01 | 92  0.04874  1.14765e-01 | 93  0.01249  5.07256e-01
 94 -0.00497 -2.21383e-02 | 95 -0.02244  8.31892e-03 | 96 -0.00556  2.33664e-01
 97 -0.02561 -5.06201e-01 | 98 -0.02013  2.52808e-01 | 99  0.00355 -8.43530e-01
100  0.00705 -6.00360e-01 |101 -0.01303 -5.93695e-01 |102 -0.00179  2.31734e-01
103 -0.00020  1.17791e-01 |104 -0.00020  1.17410e-01 |105  0.82637 -1.43507e-01
106 -0.41349  1.05355e+00 |107  0.20325  4.94120e-01 |108 -0.25545  4.50776e-02

Initial statistics: 110 variables; iteration 0; function evaluation 0; phase 5
Function value 2.1628035e+03; maximum gradient component mag -4.4032e+01
Var    Value     Gradient |Var    Value     Gradient |Var    Value     Gradient
  1 -0.45094  1.03055e+00 |  2 -0.42331  5.49087e+00 |  3 -0.40622  2.66296e+00
  4 -0.41222  1.16377e+01 |  5 -0.41222 -4.40321e+01 |  6  0.62129 -2.48771e+00
  7  0.00237  3.05556e-02 |  8 -0.00358  7.23181e-02 |  9 -0.00776  4.81784e-01
 10  0.00591  4.14408e-01 | 11  0.00132 -6.91517e-02 | 12 -0.00961  6.99061e-02
 13  0.00179  2.13167e-01 | 14 -0.01637  8.40200e-02 | 15 -0.00712 -2.30166e-01
 16  0.00551  4.02450e-01 | 17 -0.01830 -3.24722e-02 | 18 -0.02402  6.72712e-04
 19 -0.02985  7.71078e-01 | 20 -0.01810  7.61590e-03 | 21 -0.02564  1.40599e-01
 22  0.02256 -3.34743e-01 | 23  0.01373  6.93408e-03 | 24 -0.03419 -9.93520e-02
 25 -0.01022  7.42428e-02 | 26 -0.00426  1.01255e-01 | 27 -0.00585  1.09253e-01
 28 -0.01382  1.78305e-01 | 29  0.00834  9.07592e-02 | 30  0.02055  2.22504e-01
 31  0.04128 -4.04678e-01 | 32  0.06617  1.92688e-01 | 33  0.03058  5.53967e-01
 34  0.00628  2.86881e-01 | 35 -0.02148 -4.24476e-01 | 36  0.03775  7.42491e-01
 37 -0.00100  4.00493e-01 | 38  0.05333  2.02623e-01 | 39 -0.03137 -1.17572e-01
 40 -0.00131  3.74479e-01 | 41 -0.01105  2.34856e-01 | 42 -0.03452  7.31238e-01
 43  0.01297 -2.93252e-01 | 44 -0.01759  4.15666e-01 | 45  0.00307 -5.26497e-01
 46 -0.00678 -1.44004e-01 | 47 -0.00198 -4.86994e-01 | 48 -0.01939  2.21327e-01
 49 -0.01047  4.36590e-03 | 50 -0.00787 -2.94670e-03 | 51  0.02019  2.09931e-01
 52 -0.00992 -1.66712e-01 | 53  0.03368  4.35543e-01 | 54 -0.01466  1.11781e-02
 55 -0.04953  6.36752e-01 | 56 -0.03395  1.63963e-01 | 57 -0.02045 -4.71385e-01
 58 -0.04664 -5.08550e-01 | 59  0.04927 -3.46866e-01 | 60  0.00439 -8.23665e-01
 61 -0.01738 -6.92547e-01 | 62 -0.03386 -3.22987e-02 | 63  0.00647 -2.19554e-01
 64 -0.03633 -5.64360e-01 | 65  0.01154 -5.18260e-01 | 66  0.03153 -4.51200e-01
 67  0.00670  3.50078e-01 | 68  0.03538  3.91303e-01 | 69  0.03995 -1.16816e-01
 70 -0.01607  4.05430e-01 | 71  0.04006 -1.68288e-01 | 72 -0.01920  3.25916e-01
 73  0.02980 -2.19805e-01 | 74  0.05275  1.82592e-01 | 75  0.00459  2.72388e-01
 76  0.03225  4.67833e-02 | 77 -0.01016 -2.35996e-01 | 78 -0.01687 -1.31239e+00
 79 -0.00216 -1.05079e-01 | 80  0.01307  3.54819e-01 | 81 -0.00223 -6.76070e-01
 82 -0.01719 -1.44021e-01 | 83  0.03404  3.45121e-01 | 84  0.03654 -1.45155e-02
 85 -0.01050 -3.50136e-01 | 86  0.01036  7.07580e-01 | 87 -0.01305 -1.65055e-01
 88 -0.02694 -1.70077e-01 | 89  0.02110 -9.43401e-02 | 90 -0.00033  6.04495e-01
 91 -0.04538  1.58135e-02 | 92 -0.01833  6.52039e-04 | 93  0.02816  3.55253e-01
 94  0.04874  1.14304e-01 | 95  0.01249  5.06794e-01 | 96 -0.00497 -2.26004e-02
 97 -0.02244  7.85710e-03 | 98 -0.00556  2.33202e-01 | 99 -0.02561 -5.06662e-01
100 -0.02013  2.52346e-01 |101  0.00355 -8.43992e-01 |102  0.00705 -6.00822e-01
103 -0.01303 -5.94157e-01 |104 -0.00179  2.31272e-01 |105 -0.00020  1.17329e-01
106 -0.00020  1.16948e-01 |107  0.82637 -1.43507e-01 |108 -0.41349  1.05355e+00
109  0.20325  4.94120e-01 |110 -0.25545  4.50776e-02 |

Intermediate statistics: 110 variables; iteration 20; function evaluation 22; phase 5
Function value 2.1624163e+03; maximum gradient component mag 7.7689e+01
Var    Value     Gradient |Var    Value     Gradient |Var    Value     Gradient
  1 -0.44617  3.38380e+01 |  2 -0.42462 -1.08604e+01 |  3 -0.40325  7.05918e+01
  4 -0.43642  9.54369e+00 |  5 -0.40233 -3.22382e+01 |  6  0.62134 -3.59881e+01
  7  0.00245 -6.54023e-01 |  8 -0.00353 -2.05239e-02 |  9 -0.00764  4.82846e-01
 10  0.00605  3.57993e-01 | 11  0.00141 -2.49395e-01 | 12 -0.00951  7.42981e-01
 13  0.00190  7.52169e-01 | 14 -0.01627  6.44187e-01 | 15 -0.00704  7.70057e-02
 16  0.00555  2.61826e-01 | 17 -0.01823  9.39408e-02 | 18 -0.02396  2.31818e-02
 19 -0.02984  5.59083e-01 | 20 -0.01804 -4.27431e-01 | 21 -0.02559 -3.20452e-01
 22  0.02266 -2.20710e+00 | 23  0.01376 -2.22481e+00 | 24 -0.03408 -2.75546e-01
 25 -0.01024 -1.32119e+00 | 26 -0.00437 -1.87580e+00 | 27 -0.00574  1.26296e+00
 28 -0.01355  2.76034e+00 | 29  0.00838  2.01429e-01 | 30  0.02060 -1.98819e-01
 31  0.04094 -1.05331e+01 | 32  0.06630 -2.52721e+00 | 33  0.03003 -1.01712e+01
 34  0.00645 -2.02585e-02 | 35 -0.02131  4.68319e-03 | 36  0.03686 -1.91669e+01
 37 -0.00135 -4.66094e+00 | 38  0.05327 -4.73591e+00 | 39 -0.03126  3.55454e-01
 40 -0.00133 -1.24281e+00 | 41 -0.01125 -2.71410e+00 | 42 -0.03469 -2.13335e-01
 43  0.01310 -8.28302e-02 | 44 -0.01797 -4.76899e+00 | 45  0.00326  4.53787e-01
 46 -0.00696 -3.79199e+00 | 47 -0.00179  6.39226e-01 | 48 -0.01954 -2.02994e+00
 49 -0.01031  2.16315e+00 | 50 -0.00765  2.60134e+00 | 51  0.01999 -4.75810e+00
 52 -0.00974  1.10813e+00 | 53  0.03359 -7.44860e+00 | 54 -0.01507 -7.15110e+00
 55 -0.04962  5.27541e-02 | 56 -0.03371  2.10919e+00 | 57 -0.02017  3.79580e+00
 58 -0.04636  2.09514e+00 | 59  0.04934 -1.49003e+00 | 60  0.00475  2.38681e+00
 61 -0.01708  2.76849e+00 | 62 -0.03378  1.23466e+00 | 63  0.00638 -1.81749e+00
 64 -0.03573  1.06295e+01 | 65  0.01119 -7.72900e+00 | 66  0.03097 -2.04680e+01
 67  0.00662 -2.50475e+00 | 68  0.03547  6.72032e+00 | 69  0.03972 -8.32327e+00
 70 -0.01622 -2.48748e+00 | 71  0.03957 -2.00422e+01 | 72 -0.01963 -6.71905e+00
 73  0.02944 -8.87456e+00 | 74  0.05280  1.92195e+00 | 75  0.00448 -5.40765e+00
 76  0.03254  9.26393e+00 | 77 -0.01004  3.30920e+00 | 78 -0.01607  1.71285e+01
 79 -0.00234 -1.83862e+00 | 80  0.01301  1.24988e+00 | 81 -0.00208  2.92149e+00
 82 -0.01743 -2.99611e+00 | 83  0.03382 -2.05153e+00 | 84  0.03720  2.98336e+01
 85 -0.01039  2.57209e+00 | 86  0.01045  8.52840e+00 | 87 -0.01290  4.04466e+00
 88 -0.02649  1.06946e+01 | 89  0.02083 -2.28783e+00 | 90 -0.00035  1.50865e-01
 91 -0.04527  1.80898e+00 | 92 -0.01819  7.47818e+00 | 93  0.02804  4.65654e+00
 94  0.04865  3.04557e+00 | 95  0.01263  4.95589e+00 | 96 -0.00497  2.69457e+00
 97 -0.02229  5.92547e+00 | 98 -0.00573  2.85561e-01 | 99 -0.02563  3.95332e+00
100 -0.02010  5.84958e+00 |101  0.00359  6.50173e+00 |102  0.00671  3.35848e-01
103 -0.01337  1.41011e-01 |104 -0.00155  1.51562e+00 |105 -0.00019  9.91425e-01
106 -0.00019  9.90987e-01 |107  0.83742 -9.06015e+00 |108 -0.41230  7.76894e+01
109  0.20410 -1.57854e+01 |110 -0.25540  3.42493e+01 |
110 variables; iteration 40; function evaluation 44; phase 5
Function value 2.1621809e+03; maximum gradient component mag 3.2154e+01
Var    Value     Gradient |Var    Value     Gradient |Var    Value     Gradient
  1 -0.45133  1.02019e+01 |  2 -0.42562  2.70079e+01 |  3 -0.40029  2.82903e+01
  4 -0.44730  2.80297e+00 |  5 -0.39401 -6.59960e+00 |  6  0.62134 -5.72498e+00
  7  0.00212 -1.46210e+00 |  8 -0.00359 -1.34216e-01 |  9 -0.00811 -3.38550e-01
 10  0.00502 -1.59875e+00 | 11  0.00102 -1.00483e+00 | 12 -0.01000 -1.07412e+00
 13  0.00113 -1.78530e+00 | 14 -0.01678 -1.30023e+00 | 15 -0.00669  8.13316e-02
 16  0.00584  2.21069e-01 | 17 -0.01790  8.92168e-02 | 18 -0.02362  7.82884e-02
 19 -0.02965  1.85345e-01 | 20 -0.01805 -1.48586e+00 | 21 -0.02555 -1.18291e+00
 22  0.02255 -4.28625e+00 | 23  0.01435  1.42628e+00 | 24 -0.03493 -5.73534e+00
 25 -0.00997 -1.13480e-01 | 26 -0.00441 -2.75709e+00 | 27 -0.00601 -1.46559e+00
 28 -0.01329  5.13611e+00 | 29  0.00837  1.22397e-01 | 30  0.02040 -3.17392e+00
 31  0.04136 -4.03246e+00 | 32  0.06657  3.32753e+00 | 33  0.03125  6.90638e+00
 34  0.00645  1.80765e-01 | 35 -0.02141 -9.52917e-01 | 36  0.03745 -8.65806e+00
 37 -0.00086  3.89954e-01 | 38  0.05357  3.08082e+00 | 39 -0.03116  6.38152e-01
 40 -0.00129 -1.01526e+00 | 41 -0.01099 -4.69313e-01 | 42 -0.03463 -3.42791e-01
 43  0.01297 -3.30156e+00 | 44 -0.01745  1.05524e-01 | 45  0.00341  2.21829e+00
 46 -0.00646  2.38129e+00 | 47 -0.00168  2.04361e+00 | 48 -0.01937 -1.20112e-01
 49 -0.01054  2.11576e-03 | 50 -0.00790  2.83278e-01 | 51  0.01992 -4.51437e+00
 52 -0.00982  1.01249e+00 | 53  0.03375 -2.11294e+00 | 54 -0.01516 -8.35477e+00
 55 -0.04947  1.48422e+00 | 56 -0.03394  3.18344e-01 | 57 -0.02060 -5.02776e-01
 58 -0.04620  3.77384e+00 | 59  0.04924 -9.00870e-01 | 60  0.00461  2.09955e-01
 61 -0.01730 -1.88695e-01 | 62 -0.03397 -7.67638e-01 | 63  0.00644  2.22478e+00
 64 -0.03610  5.32627e+00 | 65  0.01105 -1.02771e+01 | 66  0.03176  1.14668e+01
 67  0.00657 -2.77871e+00 | 68  0.03543  5.14491e+00 | 69  0.03970 -9.04380e+00
 70 -0.01625 -3.40907e+00 | 71  0.04005 -8.44475e-01 | 72 -0.01973 -7.87322e+00
 73  0.02968 -3.02062e+00 | 74  0.05273 -9.92569e-01 | 75  0.00503  5.22735e+00
 76  0.03255  9.69696e+00 | 77 -0.00963  1.00886e+01 | 78 -0.01684  2.69985e+00
 79 -0.00204  4.19059e+00 | 80  0.01338  1.27870e+01 | 81 -0.00193  6.20671e+00
 82 -0.01743 -3.16073e+00 | 83  0.03369 -1.19268e+01 | 84  0.03685  1.07620e+01
 85 -0.01045 -4.84844e-01 | 86  0.01051  9.05561e+00 | 87 -0.01303 -5.06609e-01
 88 -0.02716 -2.75439e+00 | 89  0.02104  3.64824e+00 | 90 -0.00095 -1.58808e+01
 91 -0.04536 -9.84306e-01 | 92 -0.01843  7.83272e-01 | 93  0.02830  1.32113e+01
 94  0.04860 -1.79736e-01 | 95  0.01214 -1.01380e+01 | 96 -0.00526 -3.97903e+00
 97 -0.02271 -1.28403e-01 | 98 -0.00607 -4.62291e+00 | 99 -0.02602  2.64663e-01
100 -0.02029  4.57613e+00 |101  0.00305  1.50450e+00 |102  0.00661 -3.70809e-01
103 -0.01409 -2.94034e+00 |104 -0.00093  1.50711e+00 |105 -0.00017  1.71058e-01
106 -0.00017  1.70390e-01 |107  0.83853 -4.65836e+00 |108 -0.41229  3.21540e+01
109  0.20443 -3.91541e+00 |110 -0.25511  1.04591e+01 |
110 variables; iteration 60; function evaluation 70; phase 5
Function value 2.1621199e+03; maximum gradient component mag 1.4872e+01
Var    Value     Gradient |Var    Value     Gradient |Var    Value     Gradient
  1 -0.45276  3.11537e+00 |  2 -0.42594  1.48721e+01 |  3 -0.39938  1.00427e+01
  4 -0.45030  1.04183e+00 |  5 -0.39160 -6.94580e-01 |  6  0.62142 -9.21904e-01
  7  0.00320  1.52106e+00 |  8 -0.00340  3.36375e-01 |  9 -0.00739  1.01009e+00
 10  0.00554 -5.02007e-01 | 11  0.00131 -3.44543e-01 | 12 -0.00965 -3.75830e-01
 13  0.00217  5.54024e-01 | 14 -0.01609  1.98487e-01 | 15 -0.00668  1.40596e-01
 16  0.00563 -2.93890e-01 | 17 -0.01802 -2.12139e-01 | 18 -0.02376 -2.86660e-01
 19 -0.02978 -1.53247e-01 | 20 -0.01776 -3.17384e-01 | 21 -0.02506  8.04009e-01
 22  0.02329  1.66885e+00 | 23  0.01415  3.62482e-02 | 24 -0.03454 -3.65016e+00
 25 -0.00991  3.64259e-01 | 26 -0.00401  9.99167e-01 | 27 -0.00586 -1.76963e-01
 28 -0.01386 -2.59309e-01 | 29  0.00844  8.74780e-01 | 30  0.02056 -7.24113e-01
 31  0.04149 -1.55751e+00 | 32  0.06641 -2.83349e-01 | 33  0.03080  7.05862e-01
 34  0.00641  2.00751e-01 | 35 -0.02131  2.69545e-01 | 36  0.03782 -5.68574e-01
 37 -0.00099 -7.32100e-01 | 38  0.05345  1.02913e+00 | 39 -0.03124  2.64944e-01
 40 -0.00127 -6.63303e-02 | 41 -0.01098  2.99606e-02 | 42 -0.03479 -1.31461e+00
 43  0.01313  3.68356e-01 | 44 -0.01748  1.87540e-01 | 45  0.00321 -3.93338e-01
 46 -0.00662  4.90196e-01 | 47 -0.00186 -1.86315e-01 | 48 -0.01936  4.51461e-01
 49 -0.01059  9.81589e-02 | 50 -0.00802 -4.78374e-01 | 51  0.02013  4.09036e-01
 52 -0.00995  6.14255e-02 | 53  0.03389  2.04966e+00 | 54 -0.01464 -1.39922e+00
 55 -0.04973 -4.33498e-01 | 56 -0.03413 -1.29016e+00 | 57 -0.02069 -1.20403e+00
 58 -0.04654  1.03845e+00 | 59  0.04924  8.15204e-01 | 60  0.00466  1.99961e+00
 61 -0.01743 -1.64869e+00 | 62 -0.03396 -2.15592e-02 | 63  0.00630 -2.24482e-01
 64 -0.03641  1.20818e+00 | 65  0.01127 -3.36613e+00 | 66  0.03152  3.45032e+00
 67  0.00668 -5.16348e-01 | 68  0.03525 -7.03239e-01 | 69  0.03992 -3.51222e-01
 70 -0.01618 -1.95096e+00 | 71  0.04008  8.85920e-01 | 72 -0.01943 -2.70323e+00
 73  0.02974 -1.14030e+00 | 74  0.05276  3.81359e-01 | 75  0.00479 -4.32702e-01
 76  0.03241  3.72094e+00 | 77 -0.01008  6.51102e-01 | 78 -0.01694  7.95949e-01
 79 -0.00211  2.10411e+00 | 80  0.01309  4.03985e+00 | 81 -0.00202  3.75371e+00
 82 -0.01738 -1.54041e+00 | 83  0.03393 -2.72366e+00 | 84  0.03666  2.66168e+00
 85 -0.01041 -2.04402e-01 | 86  0.01030  2.36177e+00 | 87 -0.01302 -4.38199e-01
 88 -0.02703 -2.38376e-01 | 89  0.02096  2.39683e+00 | 90 -0.00056 -4.58459e+00
 91 -0.04535 -4.22306e-01 | 92 -0.01848 -7.75058e-01 | 93  0.02806  2.75402e+00
 94  0.04862  1.04666e-01 | 95  0.01237 -4.27350e+00 | 96 -0.00513 -1.23110e+00
 97 -0.02273 -1.77116e-01 | 98 -0.00599 -3.13623e+00 | 99 -0.02599  4.14378e-01
100 -0.02041  2.54646e+00 |101  0.00310  1.40158e+00 |102  0.00673  4.09846e-01
103 -0.01349 -1.13718e+00 |104 -0.00276 -1.53335e+00 |105 -0.00036 -2.01558e-01
106 -0.00036 -2.00193e-01 |107  0.83987 -1.83304e+00 |108 -0.41219  1.31773e+01
109  0.20458 -7.16565e-01 |110 -0.25506  2.79543e+00 |
110 variables; iteration 80; function evaluation 100; phase 5
Function value 2.1621118e+03; maximum gradient component mag 4.8217e+00
Var    Value     Gradient |Var    Value     Gradient |Var    Value     Gradient
  1 -0.45301  8.40963e-01 |  2 -0.42600  4.82167e+00 |  3 -0.39922  2.86444e+00
  4 -0.45119  2.24404e-01 |  5 -0.39110 -1.27410e-01 |  6  0.62146 -1.68306e-01
  7  0.00259 -4.59836e-02 |  8 -0.00360 -6.34014e-02 |  9 -0.00821 -4.32445e-01
 10  0.00607  4.88647e-01 | 11  0.00136 -2.46299e-01 | 12 -0.00965 -3.97848e-01
 13  0.00201  1.59044e-01 | 14 -0.01630 -2.90387e-01 | 15 -0.00692 -4.58197e-01
 16  0.00562 -3.35834e-01 | 17 -0.01815 -5.64559e-01 | 18 -0.02366 -2.88375e-02
 19 -0.02990 -5.40109e-01 | 20 -0.01757  3.78738e-01 | 21 -0.02528 -3.51473e-02
 22  0.02313  5.78546e-01 | 23  0.01420  5.54538e-01 | 24 -0.03402 -8.31094e-01
 25 -0.00994  3.20548e-01 | 26 -0.00415 -8.49821e-02 | 27 -0.00590 -2.91930e-01
 28 -0.01385  4.76691e-02 | 29  0.00833 -2.05829e-01 | 30  0.02054 -5.73942e-01
 31  0.04155 -1.86398e-01 | 32  0.06641 -9.16389e-02 | 33  0.03076  4.19298e-01
 34  0.00637 -1.71743e-01 | 35 -0.02139 -2.32336e-01 | 36  0.03781 -5.24676e-01
 37 -0.00102 -9.36241e-01 | 38  0.05341  3.36894e-01 | 39 -0.03128  1.40984e-02
 40 -0.00127  1.07700e-01 | 41 -0.01101 -9.58864e-02 | 42 -0.03461  4.36126e-01
 43  0.01310  8.07635e-02 | 44 -0.01747  5.06593e-01 | 45  0.00320 -2.68681e-01
 46 -0.00667 -5.42188e-02 | 47 -0.00187 -8.53312e-02 | 48 -0.01936  6.02237e-01
 49 -0.01061 -1.68957e-02 | 50 -0.00798  3.61815e-01 | 51  0.02008 -2.25610e-01
 52 -0.00995  2.72431e-01 | 53  0.03382  7.09498e-01 | 54 -0.01458 -4.82819e-01
 55 -0.04980 -9.25003e-01 | 56 -0.03406 -4.02027e-01 | 57 -0.02065 -5.32425e-01
 58 -0.04666  1.14274e-01 | 59  0.04921  2.85975e-01 | 60  0.00457  4.44093e-01
 61 -0.01735 -1.91047e-01 | 62 -0.03398 -1.10040e-01 | 63  0.00629 -2.48278e-02
 64 -0.03647  6.23913e-01 | 65  0.01134 -8.22279e-01 | 66  0.03144  9.42233e-01
 67  0.00669 -8.49181e-02 | 68  0.03525 -1.71269e-01 | 69  0.03991 -5.86117e-02
 70 -0.01609 -2.90292e-01 | 71  0.04005  2.58273e-01 | 72 -0.01930 -3.90550e-01
 73  0.02976 -2.68889e-01 | 74  0.05274  1.01663e-01 | 75  0.00480 -1.22147e-01
 76  0.03232  9.17699e-01 | 77 -0.01009  4.62283e-01 | 78 -0.01700 -1.73452e-01
 79 -0.00217  7.67950e-01 | 80  0.01299  1.04414e+00 | 81 -0.00215  7.21577e-01
 82 -0.01733 -2.80252e-01 | 83  0.03397 -6.75580e-01 | 84  0.03660  6.22063e-01
 85 -0.01040  1.69001e-01 | 86  0.01023  5.79366e-01 | 87 -0.01301 -1.38916e-01
 88 -0.02702  4.77683e-02 | 89  0.02089  6.29764e-01 | 90 -0.00044 -1.11226e+00
 91 -0.04534 -7.34122e-02 | 92 -0.01845  9.85732e-02 | 93  0.02800  7.26611e-01
 94  0.04861  7.23017e-02 | 95  0.01249 -1.05581e+00 | 96 -0.00510 -2.85321e-01
 97 -0.02272  1.43580e-01 | 98 -0.00586 -2.99162e-01 | 99 -0.02598  3.77193e-01
100 -0.02058 -9.76586e-03 |101  0.00308  6.46291e-01 |102  0.00675  5.21228e-01
103 -0.01319 -1.47287e-01 |104 -0.00192 -2.48765e-01 |105 -0.00031 -1.59672e-01
106 -0.00031 -1.58962e-01 |107  0.84026 -6.30834e-01 |108 -0.41217  3.91395e+00
109  0.20443 -4.24024e-01 |110 -0.25511  6.18188e-01 |
110 variables; iteration 100; function evaluation 129; phase 5
Function value 2.1621110e+03; maximum gradient component mag 2.3232e+00
Var    Value     Gradient |Var    Value     Gradient |Var    Value     Gradient
  1 -0.45305  4.27994e-01 |  2 -0.42601  2.32324e+00 |  3 -0.39918  1.41465e+00
  4 -0.45134  1.24271e-01 |  5 -0.39101 -5.49122e-02 |  6  0.62149 -9.10958e-02
  7  0.00256 -8.34795e-02 |  8 -0.00354  4.21627e-02 |  9 -0.00811 -2.55782e-01
 10  0.00598  3.16804e-01 | 11  0.00137 -2.30887e-01 | 12 -0.00961 -3.07937e-01
 13  0.00194  1.54705e-02 | 14 -0.01613  9.71820e-02 | 15 -0.00674 -1.95558e-02
 16  0.00565 -2.31724e-01 | 17 -0.01808 -3.64941e-01 | 18 -0.02365  3.21884e-02
 19 -0.02981 -2.52390e-01 | 20 -0.01763  1.82005e-01 | 21 -0.02528 -1.40676e-02
 22  0.02309  3.12755e-01 | 23  0.01414  1.98559e-01 | 24 -0.03395 -4.00222e-01
 25 -0.00997  1.38928e-01 | 26 -0.00416 -7.78038e-02 | 27 -0.00588 -1.64729e-02
 28 -0.01386  3.84911e-03 | 29  0.00833 -1.16289e-01 | 30  0.02056 -2.51713e-01
 31  0.04155  5.34207e-02 | 32  0.06640 -6.71792e-02 | 33  0.03074  1.72787e-01
 34  0.00638  8.33184e-02 | 35 -0.02136  6.45922e-02 | 36  0.03782 -2.06554e-01
 37 -0.00099 -4.62028e-01 | 38  0.05339  1.50306e-01 | 39 -0.03124  3.93041e-01
 40 -0.00128  4.57988e-02 | 41 -0.01102 -3.07407e-02 | 42 -0.03463  3.45127e-01
 43  0.01308 -3.54992e-02 | 44 -0.01750  2.69130e-01 | 45  0.00320 -1.80782e-01
 46 -0.00668  1.83523e-02 | 47 -0.00188 -1.85840e-01 | 48 -0.01940  2.90213e-01
 49 -0.01062  3.48579e-02 | 50 -0.00800  1.39576e-01 | 51  0.02006 -3.68852e-01
 52 -0.00997  1.13824e-01 | 53  0.03380  3.28394e-01 | 54 -0.01457 -2.65747e-01
 55 -0.04974 -2.95805e-01 | 56 -0.03405 -2.49379e-01 | 57 -0.02064 -2.40579e-01
 58 -0.04667  7.39176e-02 | 59  0.04920  1.31212e-01 | 60  0.00456  2.72840e-01
 61 -0.01735 -8.12264e-02 | 62 -0.03399 -1.49025e-01 | 63  0.00628 -7.47109e-03
 64 -0.03650  2.70768e-01 | 65  0.01135 -4.06023e-01 | 66  0.03142  4.50825e-01
 67  0.00669 -4.92590e-02 | 68  0.03525 -9.34317e-02 | 69  0.03991 -3.50899e-02
 70 -0.01609 -2.11852e-01 | 71  0.04004  1.20985e-01 | 72 -0.01929 -1.89337e-01
 73  0.02976 -1.40019e-01 | 74  0.05273  3.98394e-02 | 75  0.00480 -3.78983e-02
 76  0.03230  4.41201e-01 | 77 -0.01011  1.66074e-01 | 78 -0.01700 -5.37056e-02
 79 -0.00220  3.64505e-01 | 80  0.01297  4.99158e-01 | 81 -0.00217  3.57023e-01
 82 -0.01733 -2.42121e-01 | 83  0.03397 -3.34497e-01 | 84  0.03659  3.03038e-01
 85 -0.01041 -9.37610e-02 | 86  0.01021  2.70076e-01 | 87 -0.01301  2.23580e-02
 88 -0.02702  6.80720e-02 | 89  0.02087  2.87872e-01 | 90 -0.00043 -5.48311e-01
 91 -0.04535 -8.48744e-02 | 92 -0.01846  3.69561e-02 | 93  0.02798  3.38219e-01
 94  0.04860  1.78118e-02 | 95  0.01250 -5.43500e-01 | 96 -0.00510 -1.45884e-01
 97 -0.02274  3.42422e-02 | 98 -0.00586 -2.03198e-01 | 99 -0.02601  1.16369e-01
100 -0.02060 -7.38310e-02 |101  0.00304  2.62098e-01 |102  0.00671  3.00554e-01
103 -0.01318 -5.64795e-02 |104 -0.00184 -1.19257e-01 |105 -0.00027 -9.77790e-02
106 -0.00027 -9.72888e-02 |107  0.84039 -3.14620e-01 |108 -0.41216  1.99247e+00
109  0.20446 -2.08398e-01 |110 -0.25510  3.00167e-01 |

 - final statistics:
110 variables; iteration 119; function evaluation 165
Function value 2.1621e+03; maximum gradient component mag 6.0142e-05
Exit code = 1;  converg criter 1.0000e-04
Var    Value     Gradient |Var    Value     Gradient |Var    Value     Gradient
  1 -0.45309  2.94212e-06 |  2 -0.42603  1.09025e-05 |  3 -0.39914  7.15234e-06
  4 -0.45151  1.77231e-06 |  5 -0.39091  4.61864e-06 |  6  0.62151 -1.84599e-05
  7  0.00259 -1.66244e-07 |  8 -0.00357  1.61809e-08 |  9 -0.00796  6.31218e-07
 10  0.00581 -1.05385e-07 | 11  0.00148  2.77884e-08 | 12 -0.00946  7.20910e-07
 13  0.00192  4.80418e-07 | 14 -0.01618  5.02682e-07 | 15 -0.00674  5.00540e-07
 16  0.00573  5.97221e-07 | 17 -0.01795  6.77957e-07 | 18 -0.02367  5.88276e-07
 19 -0.02973  6.28139e-07 | 20 -0.01769  2.83342e-08 | 21 -0.02528  3.95682e-07
 22  0.02304 -5.49237e-07 | 23  0.01411 -2.93555e-07 | 24 -0.03388  1.75720e-06
 25 -0.00999 -2.40849e-07 | 26 -0.00416 -5.55915e-08 | 27 -0.00589  2.45331e-07
 28 -0.01387 -2.12291e-07 | 29  0.00833  1.23925e-07 | 30  0.02057  6.47195e-07
 31  0.04154  5.59620e-07 | 32  0.06639 -7.80285e-07 | 33  0.03072 -3.30437e-07
 34  0.00637  3.40144e-08 | 35 -0.02138 -5.16154e-08 | 36  0.03782  1.44391e-06
 37 -0.00096  1.04971e-06 | 38  0.05338 -1.11635e-06 | 39 -0.03130 -6.67566e-08
 40 -0.00129  1.58775e-07 | 41 -0.01102  1.84865e-07 | 42 -0.03467  5.46819e-07
 43  0.01308 -2.18690e-07 | 44 -0.01753 -5.62806e-08 | 45  0.00320 -7.02864e-08
 46 -0.00669 -1.98807e-07 | 47 -0.00188 -1.91569e-07 | 48 -0.01943 -3.90830e-07
 49 -0.01063 -7.30266e-08 | 50 -0.00802 -1.78787e-07 | 51  0.02007  2.12556e-07
 52 -0.00998 -1.19911e-07 | 53  0.03378 -1.12020e-06 | 54 -0.01456  9.11863e-07
 55 -0.04971  8.10942e-07 | 56 -0.03404  6.73456e-07 | 57 -0.02063 -6.17306e-08
 58 -0.04668 -3.23921e-09 | 59  0.04919 -1.94655e-06 | 60  0.00454 -1.05645e-06
 61 -0.01735  7.56441e-09 | 62 -0.03399  2.33396e-07 | 63  0.00628 -3.57284e-07
 64 -0.03652 -1.20484e-06 | 65  0.01136  2.05117e-06 | 66  0.03140 -8.71376e-07
 67  0.00669  1.80918e-07 | 68  0.03525 -7.40088e-07 | 69  0.03990  1.43249e-07
 70 -0.01608  6.45323e-07 | 71  0.04003  3.81443e-07 | 72 -0.01929  1.24069e-06
 73  0.02976  9.01481e-07 | 74  0.05273 -1.35983e-06 | 75  0.00480 -1.14796e-07
 76  0.03229 -3.18569e-06 | 77 -0.01012 -1.32545e-06 | 78 -0.01700 -9.61082e-07
 79 -0.00222 -1.05546e-06 | 80  0.01295 -2.47312e-06 | 81 -0.00219 -1.34850e-06
 82 -0.01733  6.68456e-07 | 83  0.03397  1.15068e-06 | 84  0.03658 -4.14303e-06
 85 -0.01041 -8.85177e-08 | 86  0.01020 -1.78589e-06 | 87 -0.01301 -1.36675e-07
 88 -0.02703 -2.97221e-07 | 89  0.02086 -1.08131e-06 | 90 -0.00042  2.41213e-06
 91 -0.04535  5.64822e-07 | 92 -0.01846 -1.02595e-07 | 93  0.02797 -1.21004e-06
 94  0.04859 -2.11650e-07 | 95  0.01251  1.97527e-06 | 96 -0.00510  9.06599e-07
 97 -0.02275 -5.72774e-08 | 98 -0.00586  1.21926e-06 | 99 -0.02603  4.02073e-07
100 -0.02059  4.26499e-08 |101  0.00302  2.12824e-07 |102  0.00668  3.69118e-07
103 -0.01316  1.20914e-06 |104 -0.00176  1.06348e-06 |105 -0.00021  6.79665e-07
106 -0.00021  5.83610e-07 |107  0.84053 -1.26316e-05 |108 -0.41215  6.01424e-05
109  0.20449  1.38754e-06 |110 -0.25509  1.36984e-07 |

 - final statistics:
122 variables; iteration 0; function evaluation 0
Function value 2.1621e+03; maximum gradient component mag 6.0142e-05
Exit code = 0;  converg criter 1.0000e-04
Var    Value     Gradient |Var    Value     Gradient |Var    Value     Gradient
  1 -0.45309  2.94214e-06 |  2 -0.42603  1.09028e-05 |  3 -0.39914  7.15243e-06
  4 -0.45151  1.77232e-06 |  5 -0.39091  4.61865e-06 |  6  0.62151 -1.84599e-05
  7  0.00259 -1.66244e-07 |  8 -0.00357  1.61809e-08 |  9 -0.00796  6.31218e-07
 10  0.00581 -1.05385e-07 | 11  0.00148  2.77884e-08 | 12 -0.00946  7.18695e-07
 13  0.00192  4.78203e-07 | 14 -0.01618  5.00467e-07 | 15 -0.00674  4.98324e-07
 16  0.00573  5.95006e-07 | 17 -0.01795  6.75742e-07 | 18 -0.02367  5.86062e-07
 19 -0.02973  6.25926e-07 | 20 -0.01769  2.61194e-08 | 21 -0.02528  3.93468e-07
 22  0.02304 -5.51451e-07 | 23  0.01411 -2.95770e-07 | 24 -0.03388  1.75499e-06
 25 -0.00999 -2.43064e-07 | 26 -0.00416 -5.78073e-08 | 27 -0.00589  2.43116e-07
 28 -0.01387 -2.14506e-07 | 29  0.00833  1.21710e-07 | 30  0.02057  6.44981e-07
 31  0.04154  5.57409e-07 | 32  0.06639 -7.82486e-07 | 33  0.03072 -3.32648e-07
 34  0.00637  3.17991e-08 | 35 -0.02138 -5.38297e-08 | 36  0.03782  1.44170e-06
 37 -0.00096  1.04749e-06 | 38  0.05338 -1.11855e-06 | 39 -0.03130 -6.89692e-08
 40 -0.00129  1.56560e-07 | 41 -0.01102  1.82650e-07 | 42 -0.03467  5.44607e-07
 43  0.01308 -2.20904e-07 | 44 -0.01753 -5.84951e-08 | 45  0.00320 -7.24992e-08
 46 -0.00669 -2.01021e-07 | 47 -0.00188 -1.93783e-07 | 48 -0.01943 -3.93044e-07
 49 -0.01063 -7.52409e-08 | 50 -0.00802 -1.81001e-07 | 51  0.02007  2.10343e-07
 52 -0.00998 -1.22125e-07 | 53  0.03378 -1.12242e-06 | 54 -0.01456  9.09648e-07
 55 -0.04971  8.08734e-07 | 56 -0.03404  6.71245e-07 | 57 -0.02063 -6.39433e-08
 58 -0.04668 -5.44770e-09 | 59  0.04919 -1.94875e-06 | 60  0.00454 -1.05866e-06
 61 -0.01735  5.35080e-09 | 62 -0.03399  2.31185e-07 | 63  0.00628 -3.59498e-07
 64 -0.03652 -1.20705e-06 | 65  0.01136  2.04896e-06 | 66  0.03140 -8.73586e-07
 67  0.00669  1.78705e-07 | 68  0.03525 -7.42300e-07 | 69  0.03990  1.41043e-07
 70 -0.01608  6.43111e-07 | 71  0.04003  3.79237e-07 | 72 -0.01929  1.23848e-06
 73  0.02976  8.99277e-07 | 74  0.05273 -1.36203e-06 | 75  0.00480 -1.17008e-07
 76  0.03229 -3.18790e-06 | 77 -0.01012 -1.32767e-06 | 78 -0.01700 -9.63295e-07
 79 -0.00222 -1.05767e-06 | 80  0.01295 -2.47533e-06 | 81 -0.00219 -1.35072e-06
 82 -0.01733  6.66243e-07 | 83  0.03397  1.14848e-06 | 84  0.03658 -4.14524e-06
 85 -0.01041 -9.07326e-08 | 86  0.01020 -1.78811e-06 | 87 -0.01301 -1.38889e-07
 88 -0.02703 -2.99435e-07 | 89  0.02086 -1.08352e-06 | 90 -0.00042  2.40991e-06
 91 -0.04535  5.62612e-07 | 92 -0.01846 -1.04809e-07 | 93  0.02797 -1.21225e-06
 94  0.04859 -2.13858e-07 | 95  0.01251  1.97306e-06 | 96 -0.00510  9.04383e-07
 97 -0.02275 -5.94917e-08 | 98 -0.00586  1.21704e-06 | 99 -0.02603  3.99860e-07
100 -0.02059  4.04365e-08 |101  0.00302  2.10611e-07 |102  0.00668  3.66903e-07
103 -0.01316  1.20693e-06 |104 -0.00176  1.06126e-06 |105 -0.00021  6.77449e-07
106 -0.00021  5.81395e-07 |107  0.00000  0.00000e+00 |108  0.00000  0.00000e+00
109  0.00000  0.00000e+00 |110  0.00000  0.00000e+00 |111  0.00000  0.00000e+00
112  0.00000  0.00000e+00 |113  0.00000  0.00000e+00 |114  0.00000  0.00000e+00
115  0.00000  0.00000e+00 |116  0.00000  0.00000e+00 |117  0.00000  0.00000e+00
118  0.00000  0.00000e+00 |119  0.84053 -1.26316e-05 |120 -0.41215  6.01425e-05
121  0.20449  1.38754e-06 |122 -0.25509  1.37008e-07 |
size of file gradfil1.tmp = 0
size of file gradfil2.tmp = 0
size of file varssave.tmp = 0
size of file cmpdiff.tmp = 0
