
Initial statistics: 1 variables; iteration 0; function evaluation 0; phase 1
Function value 2.6362060e+03; maximum gradient component mag -1.4160e+04
Var    Value     Gradient |Var    Value     Gradient |Var    Value     Gradient
  1  0.63197 -1.41605e+04 |

 - final statistics:
1 variables; iteration 6; function evaluation 9
Function value 2.5133e+03; maximum gradient component mag -7.9948e+00
Exit code = 1;  converg criter 1.0000e+01
Var    Value     Gradient |Var    Value     Gradient |Var    Value     Gradient
  1  0.65277 -7.99476e+00 |

Initial statistics: 98 variables; iteration 0; function evaluation 0; phase 2
Function value 2.5132898e+03; maximum gradient component mag -1.5435e+03
Var    Value     Gradient |Var    Value     Gradient |Var    Value     Gradient
  1  0.65277 -7.99476e+00 |  2  0.00000 -2.38135e+01 |  3  0.00000  3.80313e+01
  4  0.00000  1.76416e+01 |  5  0.00000 -9.10959e+01 |  6  0.00000  5.17078e+01
  7  0.00000  2.88950e+01 |  8  0.00000  8.98907e+01 |  9  0.00000  1.22361e+02
 10  0.00000  1.30387e+02 | 11  0.00000  2.13137e+01 | 12  0.00000  1.14812e+02
 13  0.00000  2.12743e+00 | 14  0.00000  1.68429e+02 | 15  0.00000  1.89686e+02
 16  0.00000  2.88883e+02 | 17  0.00000  1.46801e+02 | 18  0.00000  4.62092e+01
 19  0.00000  6.43351e+01 | 20  0.00000  2.70079e+02 | 21  0.00000 -1.47270e+02
 22  0.00000  3.46996e+02 | 23  0.00000 -2.25258e+02 | 24  0.00000 -2.62529e+02
 25  0.00000  1.46330e+02 | 26  0.00000  1.43761e+02 | 27  0.00000  1.43715e+02
 28  0.00000  1.29982e+02 | 29  0.00000 -3.16767e+02 | 30  0.00000 -2.43368e+02
 31  0.00000  1.40489e+02 | 32  0.00000 -5.35019e+02 | 33  0.00000 -1.01079e+02
 34  0.00000 -7.54419e+01 | 35  0.00000  1.22763e+02 | 36  0.00000  2.90630e+02
 37  0.00000  6.03619e+02 | 38  0.00000  2.06014e+02 | 39  0.00000 -6.24559e+01
 40  0.00000  2.86169e+02 | 41  0.00000  5.29588e+02 | 42  0.00000 -4.71172e+02
 43  0.00000  1.82691e+02 | 44  0.00000  2.02543e+02 | 45  0.00000 -1.42132e+02
 46  0.00000 -5.11148e+01 | 47  0.00000  7.78370e+02 | 48  0.00000  1.64972e+01
 49  0.00000 -1.14319e+02 | 50  0.00000 -5.77065e+00 | 51  0.00000  5.66332e+02
 52  0.00000  3.15109e+02 | 53  0.00000 -4.38915e+02 | 54  0.00000  4.26218e+01
 55  0.00000  3.14004e+02 | 56  0.00000 -1.68120e+02 | 57  0.00000  4.76586e+02
 58  0.00000 -5.88297e+02 | 59  0.00000  5.38339e+02 | 60  0.00000 -3.26704e+02
 61  0.00000  3.07813e+02 | 62  0.00000 -1.54352e+03 | 63  0.00000  6.97945e+02
 64  0.00000  4.56408e+01 | 65  0.00000  6.69004e+02 | 66  0.00000 -7.13963e+02
 67  0.00000 -3.45922e+02 | 68  0.00000 -1.27893e+03 | 69  0.00000 -1.06872e+03
 70  0.00000 -6.74532e+01 | 71  0.00000 -2.64640e+02 | 72  0.00000  7.30038e+02
 73  0.00000  2.81440e+02 | 74  0.00000 -4.73265e+02 | 75  0.00000  5.83115e+02
 76  0.00000  8.36084e+02 | 77  0.00000 -1.05952e+03 | 78  0.00000 -1.24129e+02
 79  0.00000 -8.51441e+02 | 80  0.00000  6.40596e+02 | 81  0.00000  5.17894e+02
 82  0.00000 -5.03109e+02 | 83  0.00000  4.75228e+02 | 84  0.00000 -9.30399e+02
 85  0.00000 -6.81813e+02 | 86  0.00000 -1.23732e+02 | 87  0.00000  2.26865e+02
 88  0.00000 -6.06722e+02 | 89  0.00000  4.27892e+01 | 90  0.00000  5.09229e+02
 91  0.00000 -1.20336e+01 | 92  0.00000  2.14465e+02 | 93  0.00000 -6.80188e+01
 94  0.00000  7.53549e+00 | 95  0.00000  3.77409e+00 | 96  0.00000  3.77400e+00
 97  0.81654  1.67511e+02 | 98  0.22185  4.21230e-01 |

Intermediate statistics: 98 variables; iteration 20; function evaluation 31; phase 2
Function value 2.1787740e+03; maximum gradient component mag -6.4057e+02
Var    Value     Gradient |Var    Value     Gradient |Var    Value     Gradient
  1  0.64306 -6.40570e+02 |  2  0.01309  2.04790e+01 |  3 -0.04654 -4.34194e+01
  4 -0.00254  2.70440e+01 |  5  0.02502  4.79297e-01 |  6  0.00297  7.64434e+01
  7 -0.00574  2.51795e+01 |  8 -0.01387  5.46700e+01 |  9 -0.02998  2.34218e+01
 10 -0.05381 -6.25758e+01 | 11 -0.00013  3.51716e+01 | 12 -0.00867  7.47924e+01
 13  0.00217  3.64053e+01 | 14 -0.02398 -5.61297e+00 | 15 -0.01267  8.42472e+01
 16 -0.01484  1.46854e+02 | 17 -0.00973  5.40573e+01 | 18 -0.00256  4.94312e+01
 19 -0.00350  5.24942e+01 | 20 -0.01797  6.95879e+01 | 21  0.00590 -3.60360e+01
 22 -0.02094  9.53038e+01 | 23  0.01087 -6.38811e+01 | 24  0.01357 -6.69235e+01
 25 -0.00557  5.97913e+01 | 26  0.00224  1.47883e+02 | 27  0.00254  1.44955e+02
 28 -0.00255  6.35484e+01 | 29  0.01512 -1.35188e+02 | 30  0.01567 -5.49807e+01
 31 -0.00802  1.59597e+01 | 32  0.03052 -7.38644e+01 | 33  0.01123  3.49345e+01
 34  0.01183  6.36613e+01 | 35  0.00031  8.67305e+01 | 36 -0.00959  1.04147e+02
 37 -0.02812  1.97549e+02 | 38 -0.00479  8.14741e+01 | 39  0.00270 -7.06669e+01
 40 -0.01004  8.73567e+01 | 41 -0.02767  1.25292e+02 | 42  0.02683 -1.59254e+01
 43 -0.00134  1.11078e+02 | 44 -0.00211  1.07636e+02 | 45  0.00811 -8.71281e+01
 46  0.00799 -9.31611e+00 | 47 -0.03632  2.11601e+02 | 48  0.00373 -2.16790e+01
 49  0.00924 -4.70563e+01 | 50  0.00542 -1.86783e+01 | 51 -0.01768  1.31609e+02
 52 -0.00140  1.64943e+02 | 53  0.00981 -2.94556e+02 | 54  0.00291  2.31232e+01
 55 -0.00336  1.33195e+02 | 56  0.00987  9.05329e+00 | 57 -0.01250  9.78868e+01
 58  0.01207 -3.54997e+02 | 59 -0.01524  1.05913e+02 | 60  0.00718 -2.13748e+02
 61 -0.00859  1.10049e+02 | 62  0.03661 -4.13754e+02 | 63 -0.02015  2.40604e+02
 64  0.00067 -3.59835e+01 | 65 -0.01576  2.55344e+02 | 66  0.01213 -4.56012e+02
 67  0.00676 -1.77158e+02 | 68  0.02437 -5.79027e+02 | 69  0.01916 -5.43401e+02
 70  0.00141 -3.70099e+01 | 71  0.00474 -2.02111e+02 | 72 -0.01891  2.31604e+02
 73 -0.00334  1.37304e+02 | 74  0.01007 -2.21487e+02 | 75 -0.00681  3.45969e+02
 76 -0.02449  2.34998e+02 | 77  0.02021 -5.04814e+02 | 78  0.00029 -1.00416e+02
 79  0.02030 -3.24218e+02 | 80 -0.01518  2.52109e+02 | 81 -0.01214  1.82703e+02
 82  0.01825 -6.90105e+01 | 83 -0.00921  2.36296e+02 | 84  0.02119 -3.96321e+02
 85  0.01730 -2.84462e+02 | 86  0.00608 -3.55190e+01 | 87 -0.00883  3.29141e+01
 88  0.02261 -1.63029e+02 | 89  0.00464  7.46283e+01 | 90 -0.02211  1.70867e+02
 91  0.01123  7.38702e+01 | 92 -0.01525  1.00773e+02 | 93  0.02075  2.67786e+01
 94 -0.00560  1.46686e+01 | 95  0.04541  8.97937e+01 | 96  0.04541  8.97958e+01
 97  0.82537  1.18013e+02 | 98  0.22252 -8.76276e-01 |
98 variables; iteration 40; function evaluation 57; phase 2
Function value 2.1395243e+03; maximum gradient component mag 1.2548e+03
Var    Value     Gradient |Var    Value     Gradient |Var    Value     Gradient
  1  0.63634  1.25479e+03 |  2  0.01655 -3.44313e+01 |  3 -0.00565 -2.11723e+01
  4 -0.00635 -4.50667e+01 |  5  0.03578 -3.14915e+01 |  6 -0.03469 -8.83707e+01
  7 -0.00719 -4.61604e+01 |  8 -0.04948 -1.14097e+02 |  9 -0.01981 -9.63418e+00
 10 -0.00135  6.42056e+01 | 11 -0.00678 -7.72288e+01 | 12 -0.02472 -8.80091e+01
 13  0.00057 -6.25099e+01 | 14  0.00862  1.76955e+02 | 15 -0.00635  5.17511e+01
 16 -0.02510 -4.08585e+01 | 17 -0.00862 -3.42003e+01 | 18 -0.00139 -4.18185e+01
 19 -0.00198 -3.12288e+01 | 20 -0.01512  9.73679e+00 | 21  0.01366 -1.77660e+01
 22 -0.02605 -3.73866e+01 | 23  0.02034 -3.79246e+00 | 24  0.02046 -4.69920e+01
 25 -0.00040  3.47923e+01 | 26 -0.00626 -6.36852e+01 | 27 -0.00532 -5.70744e+01
 28  0.00157  2.41815e+01 | 29  0.02569 -5.14930e+01 | 30  0.02105 -5.50501e+01
 31  0.00129  4.88916e+01 | 32  0.03920  7.11053e+00 | 33  0.01291 -2.73376e+01
 34  0.00763 -8.54242e+01 | 35 -0.00158 -2.53364e+01 | 36 -0.00641  5.79336e+01
 37 -0.05007 -6.44753e+01 | 38 -0.00478  6.06473e+00 | 39  0.01381  5.43010e+01
 40 -0.00809  5.07940e+01 | 41 -0.03179  1.85727e+01 | 42  0.02614 -1.08332e+02
 43 -0.00506 -1.03289e+01 | 44 -0.00520  2.45825e+00 | 45  0.01648  5.51289e+00
 46  0.00861 -5.22608e+01 | 47 -0.03735  1.44079e+02 | 48  0.00551 -4.77036e+01
 49  0.01155 -6.15046e+01 | 50  0.00718 -4.97910e+01 | 51 -0.02426 -2.86013e+01
 52 -0.00745 -8.11459e+00 | 53  0.02817  2.69773e+02 | 54  0.01118  2.36392e+02
 55 -0.00370  7.07069e+01 | 56  0.00899 -8.02009e+01 | 57 -0.00994  1.15342e+02
 58  0.02764  1.88630e+02 | 59 -0.01469  1.03012e+02 | 60  0.02033  2.03788e+02
 61 -0.00776  1.24483e+02 | 62  0.04425 -4.23296e+01 | 63 -0.02610  1.06868e+02
 64  0.00209 -3.59837e+01 | 65 -0.02812  1.58556e+01 | 66  0.03116  2.04352e+02
 67  0.01163 -1.50104e+01 | 68  0.03198 -2.49068e+02 | 69  0.03569  8.22890e+01
 70 -0.00009 -5.56403e+01 | 71  0.01524  8.45458e+01 | 72 -0.02491  7.76259e+01
 73 -0.00588  2.63224e+01 | 74  0.01895  1.83580e+01 | 75 -0.02099 -4.42026e+01
 76 -0.02588  1.54922e+02 | 77  0.03489  4.67293e+01 | 78  0.00543  1.85480e+01
 79  0.03341  1.05278e+02 | 80 -0.02391  3.17513e+01 | 81 -0.01651  1.00737e+01
 82  0.01661 -2.43873e+02 | 83 -0.02238 -8.43082e+01 | 84  0.03717  9.34232e+01
 85  0.02971  2.91993e+01 | 86  0.00862 -4.32846e+01 | 87 -0.00991 -5.18722e+01
 88  0.03328  4.11492e+01 | 89 -0.00174 -1.07828e+02 | 90 -0.03055  5.55708e+00
 91  0.00322 -1.21557e+02 | 92 -0.04322 -1.15315e+02 | 93  0.01745 -5.42974e+01
 94 -0.00423 -4.12165e+01 | 95 -0.03338 -8.93908e+01 | 96 -0.03338 -8.93931e+01
 97  0.80541  1.52334e+01 | 98  0.22419  1.15645e+02 |
98 variables; iteration 60; function evaluation 83; phase 2
Function value 2.1192492e+03; maximum gradient component mag 5.6064e+02
Var    Value     Gradient |Var    Value     Gradient |Var    Value     Gradient
  1  0.63644  5.60644e+02 |  2  0.01288 -2.13460e+01 |  3 -0.01536 -2.10399e+01
  4 -0.00281 -1.55682e+01 |  5  0.03514 -1.15309e+01 |  6 -0.02127 -3.47630e+01
  7 -0.01171 -3.81921e+01 |  8 -0.02439 -2.40272e+01 |  9 -0.02977 -2.10067e+01
 10 -0.01899  1.09104e+01 | 11 -0.00704 -5.60357e+01 | 12 -0.01708 -2.73418e+01
 13 -0.00125 -5.27238e+01 | 14 -0.01203  2.15246e+01 | 15 -0.01446  3.45352e+00
 16 -0.02554 -1.82364e+01 | 17 -0.01069 -2.59729e+01 | 18 -0.00183 -9.90217e+00
 19 -0.00368 -1.69041e+01 | 20 -0.01967 -8.15804e+00 | 21  0.01148 -1.59675e+01
 22 -0.02636 -1.49531e+01 | 23  0.01852 -6.61174e+00 | 24  0.02062 -1.97154e+01
 25 -0.00500 -3.63736e-01 | 26 -0.00563 -3.37774e+01 | 27 -0.00480 -2.94212e+01
 28 -0.00160  4.88308e+00 | 29  0.02676 -1.41135e+01 | 30  0.02172 -2.75573e+01
 31 -0.00166  2.85013e+01 | 32  0.03819 -3.42731e+00 | 33  0.01210 -2.35691e+01
 34  0.01220 -5.30229e+00 | 35 -0.00166 -1.02563e+01 | 36 -0.01199  5.40829e+00
 37 -0.04595 -1.68963e+01 | 38 -0.00527  1.15912e+01 | 39  0.00930 -2.13125e+01
 40 -0.01235  2.95348e+00 | 41 -0.03498  1.58305e+00 | 42  0.02934 -3.21866e+01
 43 -0.00494 -5.07109e-01 | 44 -0.00532  4.50377e+00 | 45  0.01554 -1.94820e+01
 46  0.01053 -2.83406e+01 | 47 -0.04820  5.34736e+01 | 48  0.00745 -1.89560e+01
 49  0.01451 -5.91091e+00 | 50  0.01053  1.52307e+01 | 51 -0.02366 -1.55213e+01
 52 -0.00687 -4.25346e+00 | 53  0.02387  8.06826e+01 | 54  0.00591  5.93857e+01
 55 -0.00425  5.64572e+01 | 56  0.01171  4.18334e+00 | 57 -0.01461  2.16206e+01
 58  0.02522  7.65122e+01 | 59 -0.01809  3.43130e+01 | 60  0.01672  6.41105e+01
 61 -0.01274  2.21029e+01 | 62  0.04618  3.09791e+01 | 63 -0.03049  4.72502e+01
 64  0.00415  2.22400e+01 | 65 -0.02867  1.38134e+01 | 66  0.02772  5.80747e+01
 67  0.01332  3.35101e+01 | 68  0.03771 -2.17304e+01 | 69  0.03476  4.75842e+01
 70  0.00242  6.49763e+00 | 71  0.01265  4.39555e+00 | 72 -0.02762  3.68298e+01
 73 -0.00752 -4.72807e+00 | 74  0.01852  1.30198e+01 | 75 -0.01887  1.48417e+01
 76 -0.03244  5.34541e+01 | 77  0.03437  2.68270e+01 | 78  0.00441  6.21221e-01
 79  0.03194  5.07644e+01 | 80 -0.02569  1.66514e+01 | 81 -0.01741  1.48681e+01
 82  0.02181 -5.58625e+01 | 83 -0.02018 -2.70314e+01 | 84  0.03536  2.80268e+01
 85  0.02892  1.05467e+01 | 86  0.00918 -1.86579e+01 | 87 -0.00739  2.40729e+00
 88  0.03094 -2.19226e+01 | 89  0.00126 -5.35801e+01 | 90 -0.03414 -1.00713e+01
 91  0.00798 -4.55654e+01 | 92 -0.03259 -4.29601e+01 | 93  0.02372  4.96658e-01
 94  0.00934  9.26099e-01 | 95 -0.00527 -2.57854e+01 | 96 -0.00527 -2.57817e+01
 97  0.81148  1.34369e+01 | 98  0.22207  3.01492e+01 |
Maximum number of function evaluations exceeded

 - final statistics:
98 variables; iteration 73; function evaluation 100
Function value 2.1172e+03; maximum gradient component mag 2.4659e+02
Exit code = 3;  converg criter 1.0000e+01
Var    Value     Gradient |Var    Value     Gradient |Var    Value     Gradient
  1  0.63633  2.46590e+02 |  2  0.01439 -7.85823e+00 |  3 -0.01406 -8.19552e+00
  4 -0.00495 -1.04070e+01 |  5  0.03279 -8.82821e+00 |  6 -0.01553 -9.66009e+00
  7 -0.00558 -8.92410e+00 |  8 -0.02306 -9.57316e+00 |  9 -0.03010 -1.15946e+01
 10 -0.02329  5.01635e+00 | 11 -0.00142 -1.56105e+01 | 12 -0.01253  8.00573e+00
 13  0.00187 -1.83820e+01 | 14 -0.01488  1.00110e+01 | 15 -0.01555  2.90828e+00
 16 -0.02539 -9.07402e+00 | 17 -0.01047 -1.71545e+01 | 18 -0.00194 -6.13232e+00
 19 -0.00353 -9.40226e+00 | 20 -0.02047 -1.02047e+01 | 21  0.01178 -6.03548e+00
 22 -0.02587 -1.76005e+00 | 23  0.01836 -1.95697e+00 | 24  0.02086 -8.65644e+00
 25 -0.00601 -4.46031e+00 | 26 -0.00478 -1.50434e+01 | 27 -0.00404 -1.19293e+01
 28 -0.00255  1.32338e+00 | 29  0.02665 -9.52192e+00 | 30  0.02218 -1.35527e+01
 31 -0.00376  1.08550e+01 | 32  0.03778 -7.05593e+00 | 33  0.01303 -3.88158e+00
 34  0.01204 -1.60771e+00 | 35 -0.00190 -7.75301e+00 | 36 -0.01341 -5.43065e+00
 37 -0.04569 -8.13205e+00 | 38 -0.00606  5.00592e+00 | 39  0.00976 -1.07679e+01
 40 -0.01237  7.15065e+00 | 41 -0.03516  5.87064e+00 | 42  0.03088  1.76543e+00
 43 -0.00515 -1.37714e+00 | 44 -0.00557  2.61056e+00 | 45  0.01648 -4.30315e+00
 46  0.01195 -5.29479e+00 | 47 -0.05225  2.59322e+01 | 48  0.00831 -5.65963e+00
 49  0.01505  1.82996e+00 | 50  0.01004  2.81298e+00 | 51 -0.02272 -5.04910e-01
 52 -0.00696 -8.16437e+00 | 53  0.02252  2.25932e+01 | 54  0.00461  1.45853e+01
 55 -0.00534  2.67668e+01 | 56  0.01182  1.06781e+00 | 57 -0.01551  1.81668e+00
 58  0.02412  2.14898e+01 | 59 -0.01902  1.36289e+01 | 60  0.01562  1.79308e+01
 61 -0.01282  1.74819e+01 | 62  0.04602  5.74138e-01 | 63 -0.03223  2.10968e+01
 64  0.00415  1.57114e+01 | 65 -0.02940  2.42173e+00 | 66  0.02704  1.91709e+01
 67  0.01295  1.49201e+01 | 68  0.03845 -7.10148e+00 | 69  0.03425  1.42515e+01
 70  0.00262  6.57033e+00 | 71  0.01283  3.86344e+00 | 72 -0.02888  1.81967e+01
 73 -0.00664  1.71059e+01 | 74  0.01839  5.56251e+00 | 75 -0.01967  3.40946e-01
 76 -0.03456  2.19285e+01 | 77  0.03406  8.38320e+00 | 78  0.00462  6.55355e+00
 79  0.03105  1.32021e+01 | 80 -0.02642  9.03730e+00 | 81 -0.01817  7.57373e+00
 82  0.02287 -1.54476e+01 | 83 -0.01933 -4.73087e+00 | 84  0.03463  2.58318e+00
 85  0.02840 -2.61258e+00 | 86  0.00962 -3.66285e+00 | 87 -0.00813 -1.56259e+00
 88  0.03102 -1.10551e+01 | 89  0.00257 -2.26966e+01 | 90 -0.03578 -1.30692e+01
 91  0.00976 -1.05003e+01 | 92 -0.03071 -2.27899e+01 | 93  0.02239  4.57295e+00
 94  0.00172 -1.51444e+00 | 95 -0.00134 -9.99142e+00 | 96 -0.00134 -9.99702e+00
 97  0.81151  6.15348e+00 | 98  0.22133  9.96823e+00 |

Initial statistics: 100 variables; iteration 0; function evaluation 0; phase 3
Function value 2.1171601e+03; maximum gradient component mag 2.4659e+02
Var    Value     Gradient |Var    Value     Gradient |Var    Value     Gradient
  1  0.63633  2.46590e+02 |  2  0.01439 -7.87526e+00 |  3 -0.01406 -8.21254e+00
  4 -0.00495 -1.04240e+01 |  5  0.03279 -8.84522e+00 |  6 -0.01553 -9.67711e+00
  7 -0.00558 -8.94113e+00 |  8 -0.02306 -9.59017e+00 |  9 -0.03010 -1.16116e+01
 10 -0.02329  4.99934e+00 | 11 -0.00143 -1.56275e+01 | 12 -0.01253  7.98871e+00
 13  0.00187 -1.83990e+01 | 14 -0.01488  9.99399e+00 | 15 -0.01555  2.89126e+00
 16 -0.02539 -9.09103e+00 | 17 -0.01047 -1.71715e+01 | 18 -0.00194 -6.14935e+00
 19 -0.00353 -9.41929e+00 | 20 -0.02047 -1.02218e+01 | 21  0.01178 -6.05250e+00
 22 -0.02587 -1.77707e+00 | 23  0.01836 -1.97399e+00 | 24  0.02086 -8.67346e+00
 25 -0.00601 -4.47734e+00 | 26 -0.00478 -1.50605e+01 | 27 -0.00404 -1.19463e+01
 28 -0.00255  1.30636e+00 | 29  0.02665 -9.53893e+00 | 30  0.02218 -1.35697e+01
 31 -0.00376  1.08379e+01 | 32  0.03778 -7.07293e+00 | 33  0.01303 -3.89860e+00
 34  0.01204 -1.62473e+00 | 35 -0.00190 -7.77004e+00 | 36 -0.01341 -5.44767e+00
 37 -0.04569 -8.14903e+00 | 38 -0.00606  4.98889e+00 | 39  0.00976 -1.07849e+01
 40 -0.01237  7.13363e+00 | 41 -0.03516  5.85364e+00 | 42  0.03088  1.74842e+00
 43 -0.00515 -1.39417e+00 | 44 -0.00557  2.59354e+00 | 45  0.01648 -4.32017e+00
 46  0.01195 -5.31181e+00 | 47 -0.05225  2.59153e+01 | 48  0.00831 -5.67666e+00
 49  0.01505  1.81294e+00 | 50  0.01004  2.79596e+00 | 51 -0.02272 -5.21924e-01
 52 -0.00696 -8.18140e+00 | 53  0.02252  2.25762e+01 | 54  0.00461  1.45683e+01
 55 -0.00534  2.67497e+01 | 56  0.01182  1.05079e+00 | 57 -0.01552  1.79965e+00
 58  0.02412  2.14728e+01 | 59 -0.01902  1.36118e+01 | 60  0.01562  1.79138e+01
 61 -0.01282  1.74649e+01 | 62  0.04602  5.57157e-01 | 63 -0.03223  2.10797e+01
 64  0.00415  1.56943e+01 | 65 -0.02940  2.40472e+00 | 66  0.02704  1.91539e+01
 67  0.01295  1.49031e+01 | 68  0.03845 -7.11847e+00 | 69  0.03425  1.42345e+01
 70  0.00262  6.55330e+00 | 71  0.01283  3.84642e+00 | 72 -0.02888  1.81797e+01
 73 -0.00664  1.70889e+01 | 74  0.01839  5.54549e+00 | 75 -0.01967  3.23928e-01
 76 -0.03456  2.19115e+01 | 77  0.03406  8.36620e+00 | 78  0.00462  6.53653e+00
 79  0.03105  1.31851e+01 | 80 -0.02642  9.02029e+00 | 81 -0.01817  7.55671e+00
 82  0.02287 -1.54646e+01 | 83 -0.01933 -4.74789e+00 | 84  0.03463  2.56618e+00
 85  0.02840 -2.62959e+00 | 86  0.00962 -3.67987e+00 | 87 -0.00813 -1.57961e+00
 88  0.03102 -1.10721e+01 | 89  0.00257 -2.27136e+01 | 90 -0.03578 -1.30862e+01
 91  0.00976 -1.05173e+01 | 92 -0.03072 -2.28069e+01 | 93  0.02239  4.55593e+00
 94  0.00172 -1.53146e+00 | 95 -0.00134 -1.00084e+01 | 96 -0.00134 -1.00140e+01
 97  0.81151  6.15348e+00 | 98 -0.41581 -2.93208e+01 | 99  0.22133  9.96823e+00
100 -0.25275 -9.51377e+01 |

Intermediate statistics: 100 variables; iteration 20; function evaluation 23; phase 3
Function value 2.1169033e+03; maximum gradient component mag 1.9689e+02
Var    Value     Gradient |Var    Value     Gradient |Var    Value     Gradient
  1  0.63620  1.96892e+02 |  2  0.01461 -5.51249e+00 |  3 -0.01368 -5.58583e+00
  4 -0.00375 -5.68684e+00 |  5  0.03322 -5.28947e+00 |  6 -0.01471 -5.62318e+00
  7 -0.00509 -5.42673e+00 |  8 -0.02237 -5.55825e+00 |  9 -0.02890 -5.85285e+00
 10 -0.02583 -2.52768e+00 | 11 -0.00028 -7.21561e+00 | 12 -0.01426  6.07443e-01
 13  0.00257 -1.06966e+01 | 14 -0.01590  4.57986e+00 | 15 -0.01595  1.55452e+00
 16 -0.02526 -5.95052e+00 | 17 -0.01023 -1.24187e+01 | 18 -0.00197 -4.58275e+00
 19 -0.00351 -7.19725e+00 | 20 -0.02037 -7.26693e+00 | 21  0.01177 -4.40040e+00
 22 -0.02600 -1.37384e+00 | 23  0.01832 -9.56346e-01 | 24  0.02088 -6.65539e+00
 25 -0.00603 -3.11654e+00 | 26 -0.00461 -1.13405e+01 | 27 -0.00392 -8.90203e+00
 28 -0.00269  1.14275e+00 | 29  0.02668 -7.69797e+00 | 30  0.02226 -1.09986e+01
 31 -0.00411  8.07983e+00 | 32  0.03776 -6.68296e+00 | 33  0.01301 -3.11445e+00
 34  0.01199 -1.28486e+00 | 35 -0.00186 -6.05563e+00 | 36 -0.01340 -4.08315e+00
 37 -0.04551 -5.38174e+00 | 38 -0.00619  4.30610e+00 | 39  0.00983 -8.98532e+00
 40 -0.01253  5.88710e+00 | 41 -0.03552  3.56439e+00 | 42  0.03085  7.30305e-01
 43 -0.00518 -1.06663e+00 | 44 -0.00565  2.09451e+00 | 45  0.01647 -4.53849e+00
 46  0.01199 -5.04862e+00 | 47 -0.05392  1.39112e+01 | 48  0.00835 -5.70772e+00
 49  0.01498 -6.19268e-01 | 50  0.00995  2.06346e-01 | 51 -0.02276 -6.89582e-01
 52 -0.00697 -7.85000e+00 | 53  0.02258  2.45297e+01 | 54  0.00472  1.60159e+01
 55 -0.00525  2.83800e+01 | 56  0.01184 -5.75095e-01 | 57 -0.01554  1.27825e+00
 58  0.02423  2.29218e+01 | 59 -0.01910  1.24041e+01 | 60  0.01575  2.00993e+01
 61 -0.01289  1.66450e+01 | 62  0.04629  1.05665e+01 | 63 -0.03247  1.82609e+01
 64  0.00425  1.65409e+01 | 65 -0.02944  2.15065e+00 | 66  0.02701  1.54114e+01
 67  0.01296  1.48149e+01 | 68  0.03863 -2.35197e+00 | 69  0.03419  1.06154e+01
 70  0.00265  6.09207e+00 | 71  0.01277  9.95688e-01 | 72 -0.02899  1.59086e+01
 73 -0.00659  1.78860e+01 | 74  0.01828 -9.35946e-01 | 75 -0.01967  3.25630e-01
 76 -0.03476  1.81858e+01 | 77  0.03375 -7.99639e+00 | 78  0.00462  4.25198e+00
 79  0.03083  2.47448e+00 | 80 -0.02647  7.57609e+00 | 81 -0.01828  5.65561e+00
 82  0.02281 -2.00881e+01 | 83 -0.01933 -4.64915e+00 | 84  0.03461 -1.23404e+00
 85  0.02840 -4.27816e+00 | 86  0.00979 -1.75411e+00 | 87 -0.00809 -1.13374e+00
 88  0.03119 -9.49667e+00 | 89  0.00285 -1.88913e+01 | 90 -0.03526 -8.81266e+00
 91  0.00987 -9.08814e+00 | 92 -0.02803 -9.59390e+00 | 93  0.02073 -4.51831e+00
 94 -0.00268 -6.71701e+00 | 95  0.00046 -5.55647e+00 | 96  0.00046 -5.55586e+00
 97  0.81308  1.74717e+01 | 98 -0.41581 -9.75956e+01 | 99  0.22616  3.84767e+01
100 -0.25139 -1.33117e+02 |
100 variables; iteration 40; function evaluation 48; phase 3
Function value 2.1166689e+03; maximum gradient component mag 3.3893e+01
Var    Value     Gradient |Var    Value     Gradient |Var    Value     Gradient
  1  0.63586  3.38931e+01 |  2  0.01454 -1.25072e+00 |  3 -0.01417 -2.12412e+00
  4 -0.00535 -5.08946e+00 |  5  0.03359 -5.28567e-02 |  6 -0.01494 -1.91072e+00
  7 -0.00459  2.91075e-01 |  8 -0.02188  1.34422e-01 |  9 -0.02822  4.79485e-01
 10 -0.02630 -2.96617e-01 | 11  0.00060  9.37564e-01 | 12 -0.01552 -2.82820e+00
 13  0.00325 -2.77356e+00 | 14 -0.01687  5.37940e-01 | 15 -0.01657 -8.03905e-01
 16 -0.02507 -1.25240e+00 | 17 -0.00974 -3.87792e+00 | 18 -0.00189 -7.22059e-01
 19 -0.00325 -9.12097e-01 | 20 -0.02006 -7.99198e-01 | 21  0.01185 -1.38546e+00
 22 -0.02623 -6.80670e-01 | 23  0.01831 -1.15747e-01 | 24  0.02111 -1.80745e+00
 25 -0.00603 -8.03716e-01 | 26 -0.00403 -1.86078e+00 | 27 -0.00350 -1.59982e+00
 28 -0.00286  1.18526e+00 | 29  0.02706 -5.52494e-01 | 30  0.02273 -2.65951e+00
 31 -0.00464  3.79954e+00 | 32  0.03814 -9.86877e-02 | 33  0.01314 -5.81590e-01
 34  0.01195 -1.08983e+00 | 35 -0.00139  1.18244e+00 | 36 -0.01320 -1.20631e-01
 37 -0.04530 -1.07558e+00 | 38 -0.00665 -1.20490e+00 | 39  0.01035 -9.39260e-01
 40 -0.01303  1.57486e-01 | 41 -0.03647 -3.50457e+00 | 42  0.03092 -1.69114e+00
 43 -0.00508 -8.15439e-02 | 44 -0.00587 -1.16093e+00 | 45  0.01681 -1.44321e+00
 46  0.01242 -8.32132e-01 | 47 -0.05552  3.68295e+00 | 48  0.00885 -3.57071e-01
 49  0.01525 -7.35536e-02 | 50  0.01019  6.48366e-01 | 51 -0.02271 -1.17950e+00
 52 -0.00647 -2.08537e+00 | 53  0.02235  6.30460e+00 | 54  0.00449  1.48461e+00
 55 -0.00612  4.13926e+00 | 56  0.01217  2.07113e+00 | 57 -0.01547  9.56830e-01
 58  0.02405  5.64326e+00 | 59 -0.01945  3.45652e+00 | 60  0.01558  5.37713e+00
 61 -0.01331  5.59467e+00 | 62  0.04647  1.77417e+00 | 63 -0.03345  2.74518e+00
 64  0.00397  2.09086e+00 | 65 -0.02951 -7.91718e-02 | 66  0.02694  1.79681e+00
 67  0.01276  3.36295e+00 | 68  0.03899 -4.10718e-01 | 69  0.03421  1.81865e+00
 70  0.00265  7.08392e-01 | 71  0.01288 -2.38581e+00 | 72 -0.02973  2.07889e+00
 73 -0.00702  4.82301e+00 | 74  0.01850  4.48953e-01 | 75 -0.01970 -7.35978e-01
 76 -0.03561  5.00195e+00 | 77  0.03403 -9.37765e-01 | 78  0.00451 -6.64513e-01
 79  0.03093  1.69560e+00 | 80 -0.02696  1.34328e-01 | 81 -0.01881 -2.05545e+00
 82  0.02343 -1.78944e+00 | 83 -0.01934 -2.06705e+00 | 84  0.03478  2.34185e+00
 85  0.02847 -2.11902e+00 | 86  0.00980 -1.42182e+00 | 87 -0.00822 -4.22069e-01
 88  0.03142 -2.32635e+00 | 89  0.00348 -3.99733e+00 | 90 -0.03482 -7.08400e-01
 91  0.01011 -4.97780e-01 | 92 -0.02728 -1.15749e+00 | 93  0.02090  3.13894e+00
 94 -0.00235 -1.21095e+00 | 95  0.00082 -2.17638e-01 | 96  0.00082 -2.15787e-01
 97  0.81217  2.35491e+00 | 98 -0.41581 -1.77599e+01 | 99  0.22678  5.87079e+00
100 -0.25073 -1.96564e+01 |
100 variables; iteration 60; function evaluation 73; phase 3
Function value 2.1166526e+03; maximum gradient component mag 6.0581e+00
Var    Value     Gradient |Var    Value     Gradient |Var    Value     Gradient
  1  0.63582  6.05814e+00 |  2  0.01494  4.79865e-01 |  3 -0.01423 -1.39306e+00
  4 -0.00372 -3.71812e-01 |  5  0.03343  2.33364e-01 |  6 -0.01438  3.99923e-01
  7 -0.00463  9.99412e-01 |  8 -0.02199  5.96469e-01 |  9 -0.02819  1.37840e+00
 10 -0.02616  1.00437e+00 | 11  0.00046  8.80053e-01 | 12 -0.01519 -3.47674e-01
 13  0.00348 -3.54671e-01 | 14 -0.01701  1.54957e-01 | 15 -0.01660 -5.56786e-01
 16 -0.02505 -6.64067e-01 | 17 -0.00948 -5.56804e-01 | 18 -0.00182  5.78453e-01
 19 -0.00313  1.04501e+00 | 20 -0.02000  1.82405e-01 | 21  0.01199  8.84010e-01
 22 -0.02640 -1.81747e+00 | 23  0.01828 -2.44134e-01 | 24  0.02118 -3.93892e-01
 25 -0.00606 -6.32481e-01 | 26 -0.00389  3.62251e-01 | 27 -0.00338  3.44598e-01
 28 -0.00305 -5.29152e-01 | 29  0.02702 -1.03676e+00 | 30  0.02284 -4.25003e-01
 31 -0.00486  1.86154e+00 | 32  0.03814  1.34168e-01 | 33  0.01316  9.78859e-02
 34  0.01205  6.51897e-01 | 35 -0.00165 -1.86651e+00 | 36 -0.01320  1.47942e-01
 37 -0.04536 -1.02696e+00 | 38 -0.00667 -1.30322e+00 | 39  0.01038 -3.30928e-01
 40 -0.01307 -4.56416e-02 | 41 -0.03619 -5.24443e-01 | 42  0.03090 -2.75813e+00
 43 -0.00507  1.53913e-02 | 44 -0.00576  1.97251e-01 | 45  0.01700  1.55031e+00
 46  0.01254  8.00670e-01 | 47 -0.05600  5.60148e-01 | 48  0.00898  1.33835e+00
 49  0.01521 -1.65142e+00 | 50  0.01024  8.08808e-01 | 51 -0.02274 -1.63407e+00
 52 -0.00629  8.47603e-01 | 53  0.02223  9.85822e-01 | 54  0.00448 -4.75443e-02
 55 -0.00625  5.06382e-01 | 56  0.01215  1.99183e-01 | 57 -0.01549 -1.19803e-02
 58  0.02397  9.30482e-01 | 59 -0.01955  1.06702e+00 | 60  0.01549  7.55356e-01
 61 -0.01345  2.41472e+00 | 62  0.04650  1.84431e-01 | 63 -0.03357  7.78206e-01
 64  0.00395  6.65338e-01 | 65 -0.02953 -5.86636e-01 | 66  0.02695  3.33030e-01
 67  0.01269  3.64961e-01 | 68  0.03905 -1.67473e-01 | 69  0.03422  3.56052e-01
 70  0.00257 -1.92343e+00 | 71  0.01298 -2.04511e-01 | 72 -0.02981  5.14080e-01
 73 -0.00720  1.58464e-01 | 74  0.01852  3.04202e-02 | 75 -0.01965  3.25428e-01
 76 -0.03588  8.81002e-01 | 77  0.03406 -2.43346e-01 | 78  0.00453 -3.79396e-01
 79  0.03089  1.46298e-01 | 80 -0.02694  9.01714e-01 | 81 -0.01874 -3.15076e-01
 82  0.02346 -4.24943e-01 | 83 -0.01924  2.59097e-01 | 84  0.03472  3.20689e-01
 85  0.02845 -1.38515e+00 | 86  0.00995  2.95384e+00 | 87 -0.00837 -1.54682e+00
 88  0.03138 -1.58565e+00 | 89  0.00350 -1.89877e+00 | 90 -0.03501 -1.06324e+00
 91  0.00992 -8.66400e-01 | 92 -0.02742 -8.61004e-01 | 93  0.01995  1.30688e-01
 94 -0.00226 -1.87589e-01 | 95  0.00040 -1.82313e-02 | 96  0.00040 -1.78555e-02
 97  0.81266  6.59770e-01 | 98 -0.41569 -3.20005e+00 | 99  0.22666  1.07877e+00
100 -0.25068 -3.67492e+00 |

 - final statistics:
100 variables; iteration 69; function evaluation 85
Function value 2.1166e+03; maximum gradient component mag 9.7125e-01
Exit code = 1;  converg criter 1.0000e+00
Var    Value     Gradient |Var    Value     Gradient |Var    Value     Gradient
  1  0.63578  7.63162e-01 |  2  0.01452 -3.37995e-01 |  3 -0.01377 -3.21095e-01
  4 -0.00358  4.71910e-02 |  5  0.03335 -1.37625e-02 |  6 -0.01452  1.05260e-01
  7 -0.00492  1.21813e-01 |  8 -0.02220  1.65979e-02 |  9 -0.02855  2.80422e-01
 10 -0.02641  1.13869e-01 | 11  0.00034  2.03281e-01 | 12 -0.01512  7.65753e-02
 13  0.00350 -1.69378e-01 | 14 -0.01704  4.48992e-02 | 15 -0.01652  2.43893e-01
 16 -0.02497  2.63572e-01 | 17 -0.00942  3.67351e-01 | 18 -0.00187  8.92444e-05
 19 -0.00321  3.21121e-02 | 20 -0.02003 -6.94168e-02 | 21  0.01193 -9.38831e-02
 22 -0.02627 -5.32232e-01 | 23  0.01832  3.91102e-01 | 24  0.02122  3.91864e-01
 25 -0.00600  1.60467e-01 | 26 -0.00393 -1.63614e-01 | 27 -0.00340  6.39246e-03
 28 -0.00302 -2.48424e-01 | 29  0.02704 -8.07237e-01 | 30  0.02288 -6.58556e-02
 31 -0.00499  2.70674e-01 | 32  0.03820  9.71248e-01 | 33  0.01319  4.49456e-01
 34  0.01205  4.77588e-01 | 35 -0.00149  1.72355e-02 | 36 -0.01320  1.28072e-01
 37 -0.04526 -2.20243e-01 | 38 -0.00655  1.08903e-01 | 39  0.01045  5.24552e-01
 40 -0.01305  2.35426e-02 | 41 -0.03614 -1.13732e-01 | 42  0.03102 -2.10313e-01
 43 -0.00511 -6.57585e-01 | 44 -0.00579 -3.30226e-01 | 45  0.01695  3.24258e-01
 46  0.01251  1.02926e-01 | 47 -0.05607  2.88695e-02 | 48  0.00895  6.14651e-01
 49  0.01526 -7.72804e-01 | 50  0.01019 -3.90806e-01 | 51 -0.02266 -7.24167e-01
 52 -0.00633 -1.63393e-01 | 53  0.02222  7.08745e-02 | 54  0.00449 -9.26532e-02
 55 -0.00626 -3.87977e-02 | 56  0.01216 -1.89731e-02 | 57 -0.01548  7.57578e-02
 58  0.02397  6.19804e-02 | 59 -0.01957  4.84479e-01 | 60  0.01549  6.80538e-02
 61 -0.01356  9.06994e-02 | 62  0.04651  1.49118e-02 | 63 -0.03360  2.18630e-01
 64  0.00394  2.49856e-02 | 65 -0.02950 -1.58969e-01 | 66  0.02696  1.05807e-02
 67  0.01269 -1.16971e-02 | 68  0.03908 -4.73451e-02 | 69  0.03422  2.20141e-02
 70  0.00264 -3.77835e-01 | 71  0.01300 -5.07996e-02 | 72 -0.02982  2.60337e-01
 73 -0.00720 -1.06973e-01 | 74  0.01853 -7.15856e-02 | 75 -0.01962  7.21199e-01
 76 -0.03594 -1.46509e-01 | 77  0.03408 -4.22392e-02 | 78  0.00455 -1.01725e-01
 79  0.03090 -5.26831e-02 | 80 -0.02694  7.12884e-01 | 81 -0.01873 -2.05601e-01
 82  0.02348 -1.15465e-01 | 83 -0.01927 -4.23968e-01 | 84  0.03473 -4.03150e-02
 85  0.02851 -2.35117e-01 | 86  0.00983 -1.23233e-01 | 87 -0.00826 -2.04401e-02
 88  0.03144 -4.22849e-01 | 89  0.00361 -2.65807e-01 | 90 -0.03486  2.39104e-01
 91  0.00997 -3.59302e-01 | 92 -0.02726 -3.16725e-02 | 93  0.01993  7.74060e-02
 94 -0.00225 -2.47797e-02 | 95  0.00032 -6.20662e-03 | 96  0.00032 -3.34075e-03
 97  0.81270  1.04693e-01 | 98 -0.41569 -3.02925e-01 | 99  0.22668  9.09353e-02
100 -0.25066 -4.45368e-01 |

Initial statistics: 108 variables; iteration 0; function evaluation 0; phase 4
Function value 2.1166491e+03; maximum gradient component mag 1.4299e+03
Var    Value     Gradient |Var    Value     Gradient |Var    Value     Gradient
  1 -0.42263  9.94706e+01 |  2 -0.42263  1.42988e+03 |  3 -0.41094  5.24989e+02
  4  0.63578  7.63162e-01 |  5  0.00000 -2.18391e+01 |  6  0.00000  5.59703e+00
  7  0.00000  6.83617e+00 |  8  0.00000 -3.88634e+00 |  9  0.00000 -7.63277e+01
 10  0.01452 -3.38630e-01 | 11 -0.01377 -3.21730e-01 | 12 -0.00358  4.65557e-02
 13  0.03335 -1.43969e-02 | 14 -0.01452  1.04625e-01 | 15 -0.00492  1.21178e-01
 16 -0.02220  1.59629e-02 | 17 -0.02855  2.79787e-01 | 18 -0.02641  1.13234e-01
 19  0.00034  2.02646e-01 | 20 -0.01512  7.59402e-02 | 21  0.00350 -1.70014e-01
 22 -0.01704  4.42640e-02 | 23 -0.01652  2.43258e-01 | 24 -0.02497  2.62937e-01
 25 -0.00942  3.66715e-01 | 26 -0.00187 -5.46114e-04 | 27 -0.00321  3.14767e-02
 28 -0.02003 -7.00519e-02 | 29  0.01193 -9.45183e-02 | 30 -0.02627 -5.32867e-01
 31  0.01832  3.90467e-01 | 32  0.02122  3.91229e-01 | 33 -0.00600  1.59832e-01
 34 -0.00393 -1.64249e-01 | 35 -0.00340  5.75711e-03 | 36 -0.00302 -2.49060e-01
 37  0.02704 -8.07872e-01 | 38  0.02288 -6.64905e-02 | 39 -0.00499  2.70038e-01
 40  0.03820  9.70614e-01 | 41  0.01319  4.48821e-01 | 42  0.01205  4.76952e-01
 43 -0.00149  1.66001e-02 | 44 -0.01320  1.27437e-01 | 45 -0.04526 -2.20877e-01
 46 -0.00655  1.08267e-01 | 47  0.01045  5.23917e-01 | 48 -0.01305  2.29074e-02
 49 -0.03614 -1.14366e-01 | 50  0.03102 -2.10947e-01 | 51 -0.00511 -6.58220e-01
 52 -0.00579 -3.30862e-01 | 53  0.01695  3.23623e-01 | 54  0.01251  1.02291e-01
 55 -0.05607  2.82366e-02 | 56  0.00895  6.14015e-01 | 57  0.01526 -7.73439e-01
 58  0.01019 -3.91441e-01 | 59 -0.02266 -7.24802e-01 | 60 -0.00633 -1.64029e-01
 61  0.02222  7.02395e-02 | 62  0.00449 -9.32885e-02 | 63 -0.00626 -3.94330e-02
 64  0.01216 -1.96083e-02 | 65 -0.01548  7.51226e-02 | 66  0.02397  6.13454e-02
 67 -0.01957  4.83844e-01 | 68  0.01549  6.74186e-02 | 69 -0.01356  9.00641e-02
 70  0.04651  1.42781e-02 | 71 -0.03360  2.17996e-01 | 72  0.00394  2.43502e-02
 73 -0.02950 -1.59604e-01 | 74  0.02696  9.94593e-03 | 75  0.01269 -1.23323e-02
 76  0.03908 -4.79793e-02 | 77  0.03422  2.13796e-02 | 78  0.00264 -3.78470e-01
 79  0.01300 -5.14348e-02 | 80 -0.02982  2.59702e-01 | 81 -0.00720 -1.07608e-01
 82  0.01853 -7.22207e-02 | 83 -0.01962  7.20564e-01 | 84 -0.03594 -1.47143e-01
 85  0.03408 -4.28737e-02 | 86  0.00455 -1.02360e-01 | 87  0.03090 -5.33177e-02
 88 -0.02694  7.12249e-01 | 89 -0.01873 -2.06237e-01 | 90  0.02348 -1.16100e-01
 91 -0.01927 -4.24603e-01 | 92  0.03473 -4.09494e-02 | 93  0.02851 -2.35752e-01
 94  0.00983 -1.23868e-01 | 95 -0.00826 -2.10754e-02 | 96  0.03144 -4.23484e-01
 97  0.00361 -2.66442e-01 | 98 -0.03486  2.38470e-01 | 99  0.00997 -3.59937e-01
100 -0.02726 -3.23073e-02 |101  0.01993  7.67709e-02 |102 -0.00225 -2.54151e-02
103  0.00032 -6.84198e-03 |104  0.00032 -3.97611e-03 |105  0.81270  1.04693e-01
106 -0.41569 -3.02925e-01 |107  0.22668  9.09353e-02 |108 -0.25066 -4.45368e-01

Intermediate statistics: 108 variables; iteration 20; function evaluation 25; phase 4
Function value 2.1153209e+03; maximum gradient component mag 1.0975e+03
Var    Value     Gradient |Var    Value     Gradient |Var    Value     Gradient
  1 -0.42786  6.46245e+01 |  2 -0.42313  1.09751e+03 |  3 -0.40988  3.92565e+02
  4  0.63659  1.46373e+02 |  5  0.00002 -2.18307e+01 |  6 -0.00289  8.79296e-01
  7 -0.00343  1.17584e+00 |  8 -0.00034 -4.42449e+00 |  9  0.01457 -4.91052e+01
 10  0.01378 -6.69985e+00 | 11 -0.01405 -5.72646e+00 | 12 -0.00391 -5.68608e+00
 13  0.03299 -6.78558e+00 | 14 -0.01475 -5.57508e+00 | 15 -0.00515 -5.88752e+00
 16 -0.02238 -5.72564e+00 | 17 -0.02873 -5.50557e+00 | 18 -0.02663 -6.01076e+00
 19 -0.00015 -8.32245e+00 | 20 -0.01544 -7.25051e+00 | 21  0.00331 -7.60129e+00
 22 -0.01702 -5.26135e+00 | 23 -0.01633 -3.41612e+00 | 24 -0.02477 -2.89305e+00
 25 -0.00925 -2.18144e+00 | 26 -0.00187 -4.60604e+00 | 27 -0.00330 -6.12984e+00
 28 -0.02020 -7.08870e+00 | 29  0.01188 -5.89806e+00 | 30 -0.02643 -6.55840e+00
 31  0.01816 -6.98620e+00 | 32  0.02137 -4.70187e-01 | 33 -0.00583 -1.10226e+00
 34 -0.00399 -4.67867e+00 | 35 -0.00373 -8.53824e+00 | 36 -0.00331 -8.22546e+00
 37  0.02676 -9.75471e+00 | 38  0.02271 -6.59791e+00 | 39 -0.00514 -5.21259e+00
 40  0.03788 -9.23678e+00 | 41  0.01314 -3.08855e+00 | 42  0.01241  4.27942e+00
 43 -0.00114  3.41780e+00 | 44 -0.01304  7.61684e-02 | 45 -0.04528 -3.26772e+00
 46 -0.00647  3.15627e-02 | 47  0.01053  1.56581e+00 | 48 -0.01309 -1.91143e+00
 49 -0.03628 -3.80047e+00 | 50  0.03095 -6.40954e-01 | 51 -0.00538 -4.93984e+00
 52 -0.00602 -3.79416e+00 | 53  0.01707  5.41440e+00 | 54  0.01289  1.05606e+01
 55 -0.05616 -2.34888e+00 | 56  0.00894  2.93873e+00 | 57  0.01528  3.94522e+00
 58  0.01060  1.29751e+01 | 59 -0.02252  2.84550e+00 | 60 -0.00625  4.21330e+00
 61  0.02272  2.46166e+01 | 62  0.00501  2.01862e+01 | 63 -0.00582  1.24613e+01
 64  0.01247  1.55488e+01 | 65 -0.01548  1.02550e+00 | 66  0.02429  2.02510e+01
 67 -0.01946  2.94304e+00 | 68  0.01547  3.44914e+00 | 69 -0.01375 -4.60635e+00
 70  0.04597 -1.37528e+01 | 71 -0.03311  7.89532e+00 | 72  0.00405  6.46708e+00
 73 -0.02990 -8.09000e+00 | 74  0.02686  8.38888e-01 | 75  0.01261 -1.05732e+00
 76  0.03903  4.87615e+00 | 77  0.03422  5.94271e+00 | 78  0.00303  1.29203e+01
 79  0.01350  2.10313e+01 | 80 -0.02942  7.55506e+00 | 81 -0.00723 -1.52067e-03
 82  0.01877  1.41016e+01 | 83 -0.01944  4.12002e+00 | 84 -0.03642 -1.14059e+01
 85  0.03414  1.22442e+00 | 86  0.00451 -9.11989e-01 | 87  0.03102  7.67592e+00
 88 -0.02661  4.60397e+00 | 89 -0.01849  3.17415e+00 | 90  0.02378  1.22642e+01
 91 -0.01935 -5.29760e+00 | 92  0.03471 -3.86983e+00 | 93  0.02859 -8.93933e-01
 94  0.01036  1.02308e+01 | 95 -0.00781  5.26423e+00 | 96  0.03188  1.11269e+01
 97  0.00416  6.30626e+00 | 98 -0.03454 -1.25388e+00 | 99  0.00946 -1.46318e+01
100 -0.02756 -7.89955e+00 |101  0.01941 -9.81968e+00 |102 -0.00234 -4.92308e+00
103 -0.00001 -4.98659e+00 |104 -0.00001 -4.98542e+00 |105  0.80985 -1.97181e+01
106 -0.41541  1.22551e+02 |107  0.22605  1.80566e+01 |108 -0.25064 -5.92431e+01
108 variables; iteration 40; function evaluation 47; phase 4
Function value 2.1143350e+03; maximum gradient component mag 1.2819e+02
Var    Value     Gradient |Var    Value     Gradient |Var    Value     Gradient
  1 -0.43007  5.79716e+00 |  2 -0.42400  1.28188e+02 |  3 -0.40892  4.79776e+01
  4  0.63720  1.81619e+01 |  5  0.01079  6.35363e+00 |  6 -0.00967 -8.99468e+00
  7 -0.01119 -1.02041e+01 |  8 -0.00037 -2.85515e+00 |  9  0.03504 -5.92235e+00
 10  0.01645  4.61919e+00 | 11 -0.01292  1.32813e+00 | 12 -0.00190  3.91927e+00
 13  0.03110 -8.37553e+00 | 14 -0.01346  2.49419e+00 | 15 -0.00572 -3.05015e+00
 16 -0.02260 -1.86967e+00 | 17 -0.02958 -3.66042e+00 | 18 -0.02815 -6.87027e+00
 19  0.00185  7.63090e+00 | 20 -0.01402  5.23664e+00 | 21  0.00225 -1.08970e+01
 22 -0.01764 -5.05918e+00 | 23 -0.01666 -2.17106e+00 | 24 -0.02509 -2.55473e+00
 25 -0.00923 -3.58126e-01 | 26 -0.00163 -7.36143e-01 | 27 -0.00304 -1.89786e+00
 28 -0.01945  2.49241e+00 | 29  0.01208 -1.68241e+00 | 30 -0.02545  6.24975e+00
 31  0.01847  5.13233e-03 | 32  0.02132  9.46278e-01 | 33 -0.00579  2.43561e+00
 34 -0.00383 -3.76147e-01 | 35 -0.00338 -2.80370e+00 | 36 -0.00285 -1.03482e+00
 37  0.02707 -3.72320e+00 | 38  0.02301 -7.72845e-01 | 39 -0.00467  2.01728e+00
 40  0.03833 -1.18544e+00 | 41  0.01323 -3.50373e-01 | 42  0.01206  1.35892e+00
 43 -0.00146  1.81681e+00 | 44 -0.01330 -9.07442e-01 | 45 -0.04559 -2.97840e+00
 46 -0.00653  4.15953e-02 | 47  0.01054  5.26359e-01 | 48 -0.01316 -2.36348e+00
 49 -0.03559  3.84742e+00 | 50  0.03121  1.43192e-01 | 51 -0.00506 -1.95331e+00
 52 -0.00576 -1.98119e+00 | 53  0.01704  2.75352e-01 | 54  0.01260  2.07649e+00
 55 -0.05633 -2.19006e+00 | 56  0.00907  2.02998e-01 | 57  0.01544  1.31462e+00
 58  0.01016  3.09814e-01 | 59 -0.02257  1.56254e+00 | 60 -0.00624  7.50652e-01
 61  0.02213 -2.76100e+00 | 62  0.00434 -2.21396e+00 | 63 -0.00625  3.42494e-03
 64  0.01229  5.67203e+00 | 65 -0.01537  1.54533e+00 | 66  0.02403  4.89813e+00
 67 -0.01949  1.38333e+00 | 68  0.01575  6.89177e+00 | 69 -0.01342  3.73782e-01
 70  0.04638 -1.79600e+00 | 71 -0.03369  1.02554e+00 | 72  0.00397  6.43466e-01
 73 -0.02926  7.98176e-01 | 74  0.02699 -1.45730e+00 | 75  0.01285  2.00492e+00
 76  0.03914  1.25817e+00 | 77  0.03408 -5.43937e+00 | 78  0.00262  1.40131e+00
 79  0.01298  4.33632e+00 | 80 -0.02991  7.87875e-01 | 81 -0.00715  9.41393e-01
 82  0.01835 -2.71437e+00 | 83 -0.01970  8.11885e-02 | 84 -0.03566  9.37036e-01
 85  0.03422 -1.63990e-01 | 86  0.00454 -2.94478e-01 | 87  0.03093  3.89144e+00
 88 -0.02701  8.83467e-01 | 89 -0.01876  1.48385e+00 | 90  0.02349  5.43254e+00
 91 -0.01935 -1.72130e+00 | 92  0.03478  1.15457e+00 | 93  0.02843 -1.36024e+00
 94  0.00963 -5.41293e-01 | 95 -0.00860 -1.46988e+00 | 96  0.03147  6.47686e+00
 97  0.00321 -1.87602e+00 | 98 -0.03451  4.88351e+00 | 99  0.00972 -4.74026e+00
100 -0.02678  1.61901e+00 |101  0.01957 -3.31359e+00 |102 -0.00360 -2.60831e+00
103 -0.00098 -2.16005e+00 |104 -0.00098 -2.16326e+00 |105  0.81721  5.27234e+00
106 -0.41442  1.58997e+01 |107  0.22540  1.10613e+00 |108 -0.25040 -7.39899e+00
108 variables; iteration 60; function evaluation 73; phase 4
Function value 2.1141694e+03; maximum gradient component mag 1.4030e+01
Var    Value     Gradient |Var    Value     Gradient |Var    Value     Gradient
  1 -0.42831 -7.04010e-01 |  2 -0.42393 -3.52847e+00 |  3 -0.40970 -4.37283e+00
  4  0.63748  2.60752e+00 |  5  0.00790  2.03833e-01 |  6 -0.00448 -5.09772e-01
  7 -0.00510 -1.20039e-01 |  8  0.00204  1.40356e+00 |  9  0.03831  9.31899e-01
 10  0.01319 -2.17197e+00 | 11 -0.01404 -6.74896e-01 | 12 -0.00407 -9.42007e-01
 13  0.03298 -1.79031e+00 | 14 -0.01366  2.27229e+00 | 15 -0.00474  2.43718e-01
 16 -0.02174  9.82047e-01 | 17 -0.02870 -6.43431e-01 | 18 -0.02564  2.42160e+00
 19  0.00070  1.11586e+00 | 20 -0.01553 -2.94660e+00 | 21  0.00361 -7.10798e-01
 22 -0.01704 -1.08097e+00 | 23 -0.01631  4.10237e-01 | 24 -0.02481 -2.49457e-01
 25 -0.00900  2.07310e+00 | 26 -0.00150  1.52885e-01 | 27 -0.00284 -1.50750e-01
 28 -0.01944  1.76355e+00 | 29  0.01227 -6.12647e-02 | 30 -0.02609 -1.38657e-01
 31  0.01853  1.92639e-01 | 32  0.02130  1.58462e-01 | 33 -0.00603 -3.86780e-01
 34 -0.00380  9.68527e-02 | 35 -0.00308  9.22285e-01 | 36 -0.00283 -5.85452e-01
 37  0.02729 -8.79981e-02 | 38  0.02307  1.92839e-01 | 39 -0.00492 -8.35023e-01
 40  0.03838 -1.00146e+00 | 41  0.01329  3.47623e-01 | 42  0.01198  3.26754e-01
 43 -0.00168 -5.70360e-01 | 44 -0.01323  3.68910e-01 | 45 -0.04518  6.92076e-01
 46 -0.00656  8.91420e-02 | 47  0.01051  3.28323e-01 | 48 -0.01287  1.49463e+00
 49 -0.03612 -8.10111e-01 | 50  0.03111 -2.65551e+00 | 51 -0.00497 -4.81033e-01
 52 -0.00566 -3.70274e-01 | 53  0.01701  1.62181e-01 | 54  0.01244 -9.14874e-02
 55 -0.05614 -3.02077e-01 | 56  0.00903 -2.88000e-01 | 57  0.01540  6.55879e-01
 58  0.01006 -1.33303e+00 | 59 -0.02264  1.08111e+00 | 60 -0.00632 -2.79372e-01
 61  0.02218 -7.47869e-02 | 62  0.00451  3.79468e+00 | 63 -0.00617  3.24114e+00
 64  0.01209 -1.82529e-01 | 65 -0.01544  3.29995e-01 | 66  0.02389  4.57951e-02
 67 -0.01956  3.43616e-01 | 68  0.01551 -6.58104e-01 | 69 -0.01345  2.40173e-01
 70  0.04639 -6.40425e-02 | 71 -0.03392 -1.59228e+00 | 72  0.00382 -2.94596e+00
 73 -0.02935 -4.77262e-01 | 74  0.02695 -2.55831e+00 | 75  0.01326  1.40301e+01
 76  0.03907 -1.11621e+00 | 77  0.03423  4.06486e-01 | 78  0.00245 -2.15057e+00
 79  0.01283  3.41394e-01 | 80 -0.03000 -2.29981e-02 | 81 -0.00719  7.23986e-01
 82  0.01838 -4.18111e-01 | 83 -0.01975 -2.11118e-01 | 84 -0.03578 -5.51081e-01
 85  0.03423  3.32785e-01 | 86  0.00441 -3.13761e+00 | 87  0.03081  4.48957e-01
 88 -0.02715 -2.86017e-01 | 89 -0.01892 -1.44583e-01 | 90  0.02328  5.44869e-02
 91 -0.01932  7.16546e-03 | 92  0.03468 -1.12591e-01 | 93  0.02839 -6.34549e-02
 94  0.00946 -1.42311e+00 | 95 -0.00864 -4.90466e-02 | 96  0.03104 -1.77333e+00
 97  0.00316 -6.46367e-02 | 98 -0.03539 -6.77351e-01 | 99  0.00987 -5.89338e-01
100 -0.02716  9.67885e-01 |101  0.02010  1.66956e-02 |102 -0.00255 -3.89090e-01
103 -0.00011 -3.38820e-01 |104 -0.00011 -3.39483e-01 |105  0.81000  1.69424e+00
106 -0.41552 -1.14277e+01 |107  0.22568  8.45446e-02 |108 -0.25038 -2.74959e-01
108 variables; iteration 80; function evaluation 100; phase 4
Function value 2.1141599e+03; maximum gradient component mag 2.0017e+00
Var    Value     Gradient |Var    Value     Gradient |Var    Value     Gradient
  1 -0.42870 -1.37971e-02 |  2 -0.42396 -1.81321e+00 |  3 -0.40952 -5.23641e-01
  4  0.63750 -4.13320e-01 |  5  0.00771 -3.18049e-01 |  6 -0.00433 -2.73047e-01
  7 -0.00501  6.75915e-04 |  8  0.00164  6.64977e-01 |  9  0.03791  4.48646e-02
 10  0.01446  6.71224e-01 | 11 -0.01368  1.68281e-01 | 12 -0.00414 -1.03883e+00
 13  0.03356  2.55755e-01 | 14 -0.01438  4.28888e-01 | 15 -0.00496 -3.69308e-01
 16 -0.02185  7.06013e-01 | 17 -0.02884 -1.04025e+00 | 18 -0.02630  7.02942e-02
 19  0.00062  7.72038e-01 | 20 -0.01514 -8.35673e-01 | 21  0.00370  5.70118e-02
 22 -0.01697 -4.83873e-01 | 23 -0.01645 -6.35612e-01 | 24 -0.02482 -3.07605e-01
 25 -0.00911  8.03529e-01 | 26 -0.00149  4.44863e-01 | 27 -0.00278  7.76639e-01
 28 -0.01970 -9.34947e-01 | 29  0.01226 -4.64488e-02 | 30 -0.02599  1.02381e+00
 31  0.01852  1.89863e-01 | 32  0.02129  8.46963e-02 | 33 -0.00604 -3.76182e-01
 34 -0.00383 -2.12971e-01 | 35 -0.00310  7.79940e-01 | 36 -0.00280 -1.65436e-01
 37  0.02728 -1.44556e-01 | 38  0.02306 -2.06824e-02 | 39 -0.00478  8.83176e-01
 40  0.03846  8.97526e-01 | 41  0.01333  1.07667e+00 | 42  0.01198  4.71681e-01
 43 -0.00165 -1.95740e-01 | 44 -0.01328 -2.18712e-01 | 45 -0.04545 -1.35973e+00
 46 -0.00656  2.67428e-02 | 47  0.01046 -5.01986e-01 | 48 -0.01298  1.21776e-01
 49 -0.03625 -1.88772e+00 | 50  0.03120 -1.86218e-01 | 51 -0.00490  5.81716e-01
 52 -0.00571 -9.00002e-01 | 53  0.01705  8.58946e-01 | 54  0.01245  6.82878e-02
 55 -0.05604  5.58663e-01 | 56  0.00908  8.86597e-01 | 57  0.01543  1.54249e+00
 58  0.01009 -3.46030e-01 | 59 -0.02273  1.25880e-01 | 60 -0.00642 -1.83987e+00
 61  0.02219  2.69052e-01 | 62  0.00439  5.76555e-01 | 63 -0.00629  4.60894e-01
 64  0.01209  1.04553e-01 | 65 -0.01550 -6.50915e-01 | 66  0.02389  1.84853e-01
 67 -0.01961 -3.31087e-01 | 68  0.01553  1.14377e-01 | 69 -0.01349 -4.67022e-01
 70  0.04639  1.20805e-01 | 71 -0.03378  7.15834e-01 | 72  0.00391 -3.03267e-01
 73 -0.02930  6.51209e-01 | 74  0.02702 -1.68316e-01 | 75  0.01284  2.00171e+00
 76  0.03910 -1.51592e-03 | 77  0.03422  2.05927e-01 | 78  0.00253 -4.07005e-02
 79  0.01282  3.42965e-01 | 80 -0.03006 -8.23365e-01 | 81 -0.00722  1.79964e-01
 82  0.01838  1.30994e-01 | 83 -0.01971  9.17642e-01 | 84 -0.03584 -1.26229e+00
 85  0.03421  2.02862e-01 | 86  0.00451 -1.67838e-01 | 87  0.03079  2.27151e-01
 88 -0.02721 -1.09968e+00 | 89 -0.01894 -4.28351e-01 | 90  0.02327  2.09861e-01
 91 -0.01939 -9.26893e-01 | 92  0.03467  9.11068e-02 | 93  0.02838  6.03666e-02
 94  0.00951 -5.30564e-02 | 95 -0.00867 -8.89681e-02 | 96  0.03107 -1.90010e-01
 97  0.00311 -3.95748e-01 | 98 -0.03543 -7.43080e-01 | 99  0.00988 -2.95773e-01
100 -0.02758 -1.16065e+00 |101  0.02008  9.59560e-02 |102 -0.00240 -7.19095e-02
103  0.00021  2.39827e-01 |104  0.00021  2.40327e-01 |105  0.81000  1.96268e-02
106 -0.41549 -6.47064e-01 |107  0.22570  1.68884e-01 |108 -0.25035  2.99174e-02
Maximum number of function evaluations exceeded

 - final statistics:
108 variables; iteration 81; function evaluation 100
Function value 2.1142e+03; maximum gradient component mag 2.0017e+00
Exit code = 3;  converg criter 1.0000e+00
Var    Value     Gradient |Var    Value     Gradient |Var    Value     Gradient
  1 -0.42870 -1.37971e-02 |  2 -0.42396 -1.81321e+00 |  3 -0.40952 -5.23641e-01
  4  0.63750 -4.13320e-01 |  5  0.00771 -3.18049e-01 |  6 -0.00433 -2.73047e-01
  7 -0.00501  6.75915e-04 |  8  0.00164  6.64977e-01 |  9  0.03791  4.48646e-02
 10  0.01446  6.71224e-01 | 11 -0.01368  1.68281e-01 | 12 -0.00414 -1.03883e+00
 13  0.03356  2.55755e-01 | 14 -0.01438  4.28888e-01 | 15 -0.00496 -3.69308e-01
 16 -0.02185  7.06013e-01 | 17 -0.02884 -1.04025e+00 | 18 -0.02630  7.02942e-02
 19  0.00062  7.72038e-01 | 20 -0.01514 -8.35673e-01 | 21  0.00370  5.70118e-02
 22 -0.01697 -4.83873e-01 | 23 -0.01645 -6.35612e-01 | 24 -0.02482 -3.07605e-01
 25 -0.00911  8.03529e-01 | 26 -0.00149  4.44863e-01 | 27 -0.00278  7.76639e-01
 28 -0.01970 -9.34947e-01 | 29  0.01226 -4.64488e-02 | 30 -0.02599  1.02381e+00
 31  0.01852  1.89863e-01 | 32  0.02129  8.46963e-02 | 33 -0.00604 -3.76182e-01
 34 -0.00383 -2.12971e-01 | 35 -0.00310  7.79940e-01 | 36 -0.00280 -1.65436e-01
 37  0.02728 -1.44556e-01 | 38  0.02306 -2.06824e-02 | 39 -0.00478  8.83176e-01
 40  0.03846  8.97526e-01 | 41  0.01333  1.07667e+00 | 42  0.01198  4.71681e-01
 43 -0.00165 -1.95740e-01 | 44 -0.01328 -2.18712e-01 | 45 -0.04545 -1.35973e+00
 46 -0.00656  2.67428e-02 | 47  0.01046 -5.01986e-01 | 48 -0.01298  1.21776e-01
 49 -0.03625 -1.88772e+00 | 50  0.03120 -1.86218e-01 | 51 -0.00490  5.81716e-01
 52 -0.00571 -9.00002e-01 | 53  0.01705  8.58946e-01 | 54  0.01245  6.82878e-02
 55 -0.05604  5.58663e-01 | 56  0.00908  8.86597e-01 | 57  0.01543  1.54249e+00
 58  0.01009 -3.46030e-01 | 59 -0.02273  1.25880e-01 | 60 -0.00642 -1.83987e+00
 61  0.02219  2.69052e-01 | 62  0.00439  5.76555e-01 | 63 -0.00629  4.60894e-01
 64  0.01209  1.04553e-01 | 65 -0.01550 -6.50915e-01 | 66  0.02389  1.84853e-01
 67 -0.01961 -3.31087e-01 | 68  0.01553  1.14377e-01 | 69 -0.01349 -4.67022e-01
 70  0.04639  1.20805e-01 | 71 -0.03378  7.15834e-01 | 72  0.00391 -3.03267e-01
 73 -0.02930  6.51209e-01 | 74  0.02702 -1.68316e-01 | 75  0.01284  2.00171e+00
 76  0.03910 -1.51592e-03 | 77  0.03422  2.05927e-01 | 78  0.00253 -4.07005e-02
 79  0.01282  3.42965e-01 | 80 -0.03006 -8.23365e-01 | 81 -0.00722  1.79964e-01
 82  0.01838  1.30994e-01 | 83 -0.01971  9.17642e-01 | 84 -0.03584 -1.26229e+00
 85  0.03421  2.02862e-01 | 86  0.00451 -1.67838e-01 | 87  0.03079  2.27151e-01
 88 -0.02721 -1.09968e+00 | 89 -0.01894 -4.28351e-01 | 90  0.02327  2.09861e-01
 91 -0.01939 -9.26893e-01 | 92  0.03467  9.11068e-02 | 93  0.02838  6.03666e-02
 94  0.00951 -5.30564e-02 | 95 -0.00867 -8.89681e-02 | 96  0.03107 -1.90010e-01
 97  0.00311 -3.95748e-01 | 98 -0.03543 -7.43080e-01 | 99  0.00988 -2.95773e-01
100 -0.02758 -1.16065e+00 |101  0.02008  9.59560e-02 |102 -0.00240 -7.19095e-02
103  0.00021  2.39827e-01 |104  0.00021  2.40327e-01 |105  0.81000  1.96268e-02
106 -0.41549 -6.47064e-01 |107  0.22570  1.68884e-01 |108 -0.25035  2.99174e-02

Initial statistics: 110 variables; iteration 0; function evaluation 0; phase 5
Function value 2.1141599e+03; maximum gradient component mag 7.3214e+01
Var    Value     Gradient |Var    Value     Gradient |Var    Value     Gradient
  1 -0.42870 -1.37971e-02 |  2 -0.42396 -1.81321e+00 |  3 -0.40952 -5.23641e-01
  4 -0.41222  5.11117e+01 |  5 -0.41222  7.32136e+01 |  6  0.63750 -4.13320e-01
  7  0.00771 -3.18049e-01 |  8 -0.00433 -2.73047e-01 |  9 -0.00501  6.75915e-04
 10  0.00164  6.64977e-01 | 11  0.03791  4.48646e-02 | 12  0.01446  6.71712e-01
 13 -0.01368  1.68768e-01 | 14 -0.00414 -1.03834e+00 | 15  0.03356  2.56242e-01
 16 -0.01438  4.29376e-01 | 17 -0.00496 -3.68820e-01 | 18 -0.02185  7.06501e-01
 19 -0.02884 -1.03976e+00 | 20 -0.02630  7.07817e-02 | 21  0.00062  7.72526e-01
 22 -0.01514 -8.35185e-01 | 23  0.00370  5.74997e-02 | 24 -0.01697 -4.83386e-01
 25 -0.01645 -6.35124e-01 | 26 -0.02482 -3.07118e-01 | 27 -0.00911  8.04016e-01
 28 -0.00149  4.45351e-01 | 29 -0.00278  7.77127e-01 | 30 -0.01970 -9.34459e-01
 31  0.01226 -4.59610e-02 | 32 -0.02599  1.02430e+00 | 33  0.01852  1.90350e-01
 34  0.02129  8.51839e-02 | 35 -0.00604 -3.75694e-01 | 36 -0.00383 -2.12483e-01
 37 -0.00310  7.80428e-01 | 38 -0.00280 -1.64948e-01 | 39  0.02728 -1.44068e-01
 40  0.02306 -2.01948e-02 | 41 -0.00478  8.83664e-01 | 42  0.03846  8.98013e-01
 43  0.01333  1.07715e+00 | 44  0.01198  4.72169e-01 | 45 -0.00165 -1.95252e-01
 46 -0.01328 -2.18224e-01 | 47 -0.04545 -1.35924e+00 | 48 -0.00656  2.72307e-02
 49  0.01046 -5.01499e-01 | 50 -0.01298  1.22264e-01 | 51 -0.03625 -1.88723e+00
 52  0.03120 -1.85730e-01 | 53 -0.00490  5.82204e-01 | 54 -0.00571 -8.99514e-01
 55  0.01705  8.59434e-01 | 56  0.01245  6.87757e-02 | 57 -0.05604  5.59149e-01
 58  0.00908  8.87085e-01 | 59  0.01543  1.54298e+00 | 60  0.01009 -3.45542e-01
 61 -0.02273  1.26368e-01 | 62 -0.00642 -1.83938e+00 | 63  0.02219  2.69539e-01
 64  0.00439  5.77043e-01 | 65 -0.00629  4.61382e-01 | 66  0.01209  1.05041e-01
 67 -0.01550 -6.50427e-01 | 68  0.02389  1.85341e-01 | 69 -0.01961 -3.30599e-01
 70  0.01553  1.14864e-01 | 71 -0.01349 -4.66534e-01 | 72  0.04639  1.21292e-01
 73 -0.03378  7.16321e-01 | 74  0.00391 -3.02779e-01 | 75 -0.02930  6.51697e-01
 76  0.02702 -1.67828e-01 | 77  0.01284  2.00220e+00 | 78  0.03910 -1.02893e-03
 79  0.03422  2.06414e-01 | 80  0.00253 -4.02126e-02 | 81  0.01282  3.43453e-01
 82 -0.03006 -8.22878e-01 | 83 -0.00722  1.80452e-01 | 84  0.01838  1.31482e-01
 85 -0.01971  9.18130e-01 | 86 -0.03584 -1.26181e+00 | 87  0.03421  2.03349e-01
 88  0.00451 -1.67350e-01 | 89  0.03079  2.27638e-01 | 90 -0.02721 -1.09920e+00
 91 -0.01894 -4.27863e-01 | 92  0.02327  2.10349e-01 | 93 -0.01939 -9.26405e-01
 94  0.03467  9.15940e-02 | 95  0.02838  6.08540e-02 | 96  0.00951 -5.25685e-02
 97 -0.00867 -8.84803e-02 | 98  0.03107 -1.89522e-01 | 99  0.00311 -3.95260e-01
100 -0.03543 -7.42593e-01 |101  0.00988 -2.95286e-01 |102 -0.02758 -1.16017e+00
103  0.02008  9.64437e-02 |104 -0.00240 -7.14216e-02 |105  0.00021  2.40315e-01
106  0.00021  2.40815e-01 |107  0.81000  1.96268e-02 |108 -0.41549 -6.47064e-01
109  0.22570  1.68884e-01 |110 -0.25035  2.99174e-02 |

Intermediate statistics: 110 variables; iteration 20; function evaluation 25; phase 5
Function value 2.1121782e+03; maximum gradient component mag 6.0777e+02
Var    Value     Gradient |Var    Value     Gradient |Var    Value     Gradient
  1 -0.40781  4.11504e+01 |  2 -0.42141  6.07768e+02 |  3 -0.41572  1.94905e+02
  4 -0.46328  3.78711e+01 |  5 -0.41859  8.08448e+01 |  6  0.63717  9.07115e+01
  7  0.00745  5.88250e-01 |  8 -0.00448 -2.64420e-01 |  9 -0.00507  2.18747e-01
 10  0.00180  1.38822e+00 | 11  0.03783  8.14923e-01 | 12  0.01459 -8.97891e-01
 13 -0.01366 -1.82778e+00 | 14 -0.00436 -3.35939e+00 | 15  0.03366 -2.86203e-01
 16 -0.01421 -8.15083e-01 | 17 -0.00478 -1.21474e+00 | 18 -0.02160 -1.45388e-01
 19 -0.02856 -1.85471e+00 | 20 -0.02596 -4.49643e-01 | 21  0.00104  1.54092e+00
 22 -0.01445  7.60074e-01 | 23  0.00442  3.37725e+00 | 24 -0.01629  1.45066e+00
 25 -0.01594  1.79780e-03 | 26 -0.02481 -4.75366e+00 | 27 -0.00942 -7.66354e+00
 28 -0.00143 -3.05796e+00 | 29 -0.00286 -3.18921e+00 | 30 -0.01930 -6.53302e-01
 31  0.01253 -3.22770e+00 | 32 -0.02631 -4.09309e+00 | 33  0.01860 -1.20579e+00
 34  0.02143  2.15239e-01 | 35 -0.00562  2.95382e+00 | 36 -0.00353  4.18646e+00
 37 -0.00333 -5.07245e+00 | 38 -0.00265 -9.64618e-01 | 39  0.02727  3.56472e-01
 40  0.02309  1.13665e+00 | 41 -0.00492 -2.48852e-01 | 42  0.03880  5.65339e+00
 43  0.01308 -6.24931e+00 | 44  0.01188 -5.75665e+00 | 45 -0.00160 -2.84227e+00
 46 -0.01347 -7.53316e+00 | 47 -0.04540 -7.34739e+00 | 48 -0.00654 -4.94054e-01
 49  0.01050  3.21307e+00 | 50 -0.01294 -1.57396e+00 | 51 -0.03461  1.35836e+01
 52  0.03074 -8.15654e+00 | 53 -0.00500  9.51562e-01 | 54 -0.00538  1.26150e+00
 55  0.01688 -3.35631e+00 | 56  0.01243 -1.16279e+00 | 57 -0.05582  1.63740e+00
 58  0.00877 -2.12539e+00 | 59  0.01520 -1.45473e+00 | 60  0.00995 -4.98239e+00
 61 -0.02288 -1.51720e+00 | 62 -0.00664 -4.71338e+00 | 63  0.02205 -1.31352e+00
 64  0.00420  3.58919e-02 | 65 -0.00625  5.18052e+00 | 66  0.01149 -6.69543e+00
 67 -0.01518  4.76376e-01 | 68  0.02385  7.03215e+00 | 69 -0.01947  6.28605e-01
 70  0.01540  6.04175e+00 | 71 -0.01335  5.86652e-01 | 72  0.04601 -6.66164e+00
 73 -0.03387 -1.33965e+00 | 74  0.00386  2.06412e+00 | 75 -0.02945 -4.92105e+00
 76  0.02735  1.97295e+01 | 77  0.01315  2.05299e+01 | 78  0.03827 -1.44929e+01
 79  0.03397  4.72885e+00 | 80  0.00266  4.41647e+00 | 81  0.01337  1.62405e+01
 82 -0.02970  1.09162e+00 | 83 -0.00703  6.79678e+00 | 84  0.01799 -5.35485e+00
 85 -0.01987  6.79097e-01 | 86 -0.03571  4.46201e-01 | 87  0.03444  2.40015e+01
 88  0.00423 -9.26001e-01 | 89  0.03103  1.91499e+01 | 90 -0.02691 -3.01246e+00
 91 -0.01871 -3.07555e+00 | 92  0.02296 -3.16164e+00 | 93 -0.01948  5.04783e+00
 94  0.03389 -7.47004e+00 | 95  0.02792 -4.07849e-01 | 96  0.00953  8.05780e-01
 97 -0.00867 -1.24351e+00 | 98  0.03005 -1.25026e+01 | 99  0.00290 -1.74708e+00
100 -0.03535  3.07611e-01 |101  0.00939  3.11624e+00 |102 -0.02802 -4.31493e+00
103  0.01931  7.47636e-01 |104 -0.00350 -3.74806e+00 |105  0.00032 -2.25941e+00
106  0.00032 -2.25823e+00 |107  0.82479 -1.57279e+01 |108 -0.41244  1.98043e+02
109  0.23143 -4.54320e+01 |110 -0.24876  1.79317e+02 |
110 variables; iteration 40; function evaluation 45; phase 5
Function value 2.1115445e+03; maximum gradient component mag 3.7250e+02
Var    Value     Gradient |Var    Value     Gradient |Var    Value     Gradient
  1 -0.39398  2.84852e+01 |  2 -0.41990  3.72501e+02 |  3 -0.42032  1.32242e+02
  4 -0.48532  1.41798e+01 |  5 -0.42694  3.60420e+01 |  6  0.63699  6.18681e+01
  7  0.00850  2.29082e+00 |  8 -0.00390  6.03032e-01 |  9 -0.00510  7.43216e-02
 10 -0.00015 -2.23216e+00 | 11  0.03753 -2.49042e-01 | 12  0.01218 -5.71032e+00
 13 -0.01461 -3.29680e+00 | 14 -0.00238  1.80414e+00 | 15  0.03232 -4.88257e+00
 16 -0.01522 -3.10558e+00 | 17 -0.00517 -2.26912e+00 | 18 -0.02190 -8.53089e-01
 19 -0.02887 -2.69552e+00 | 20 -0.02764 -6.61106e+00 | 21  0.00141  2.70188e+00
 22 -0.01378  3.59979e+00 | 23  0.00497  6.06025e+00 | 24 -0.01786 -1.07235e+01
 25 -0.01547  2.65699e+00 | 26 -0.02556 -1.22599e+01 | 27 -0.00867  4.78184e-01
 28 -0.00092  3.23876e+00 | 29 -0.00230  4.25646e+00 | 30 -0.02003 -9.58649e+00
 31  0.01308  1.78770e+00 | 32 -0.02660 -7.15266e+00 | 33  0.01854 -3.94428e+00
 34  0.02133 -2.55699e+00 | 35 -0.00572  2.21592e+00 | 36 -0.00252  1.84797e+01
 37 -0.00414 -1.71974e+01 | 38 -0.00373 -1.61413e+01 | 39  0.02693 -8.26251e+00
 40  0.02323  1.90821e+00 | 41 -0.00498 -1.10821e+00 | 42  0.03985  2.28136e+01
 43  0.01429  8.06659e+00 | 44  0.01248 -3.60216e-01 | 45 -0.00204 -9.72165e+00
 46 -0.01129  1.50200e+01 | 47 -0.04352  4.82115e+00 | 48 -0.00713 -8.90951e+00
 49  0.00997 -5.97696e+00 | 50 -0.01180  1.08134e+01 | 51 -0.03551  6.17980e+00
 52  0.03141  6.20550e+00 | 53 -0.00598 -1.21174e+01 | 54 -0.00590 -7.87379e+00
 55  0.01743  3.79703e+00 | 56  0.01230 -4.98323e+00 | 57 -0.05688 -5.35724e+00
 58  0.00902  2.85907e+00 | 59  0.01521 -1.42960e+00 | 60  0.01050  4.29559e+00
 61 -0.02411 -1.73944e+01 | 62 -0.00564  1.47956e+01 | 63  0.02191 -5.79936e+00
 64  0.00404 -5.35313e+00 | 65 -0.00685 -9.03653e+00 | 66  0.01177  5.23058e+00
 67 -0.01508 -4.12674e+00 | 68  0.02384  6.36398e+00 | 69 -0.01943 -2.79102e+00
 70  0.01561  1.20558e+01 | 71 -0.01361 -8.75466e+00 | 72  0.04613  4.31397e-01
 73 -0.03380 -8.80929e-01 | 74  0.00432  1.36513e+01 | 75 -0.02998 -1.91408e+01
 76  0.02717  9.34622e+00 | 77  0.01298  1.49954e+01 | 78  0.03838 -3.37981e+00
 79  0.03384 -7.00269e-01 | 80  0.00293  7.89565e+00 | 81  0.01296 -2.87577e+00
 82 -0.02957  3.03195e-01 | 83 -0.00637  2.10036e+01 | 84  0.01795 -1.09320e+00
 85 -0.01992 -1.31643e+00 | 86 -0.03555  1.92068e+00 | 87  0.03422  1.10332e+01
 88  0.00400 -7.30184e+00 | 89  0.03071  5.70225e+00 | 90 -0.02657 -6.73321e-01
 91 -0.01776  7.77088e+00 | 92  0.02280 -5.85909e+00 | 93 -0.02013 -3.50498e+00
 94  0.03380  6.97283e-01 | 95  0.02837  1.74820e+01 | 96  0.00945 -1.12863e-01
 97 -0.00871 -3.92881e+00 | 98  0.03000 -3.02855e+00 | 99  0.00283 -2.65146e+00
100 -0.03523  3.19153e+00 |101  0.00939  3.27480e+00 |102 -0.02926 -1.01962e+01
103  0.02149  1.10490e+01 |104 -0.00135  6.82790e-01 |105 -0.00012 -2.09235e+00
106 -0.00012 -2.09320e+00 |107  0.82017 -6.31121e+00 |108 -0.41326  6.72466e+01
109  0.23323 -1.93399e+01 |110 -0.24929  8.26576e+01 |
110 variables; iteration 60; function evaluation 68; phase 5
Function value 2.1112330e+03; maximum gradient component mag 2.2863e+01
Var    Value     Gradient |Var    Value     Gradient |Var    Value     Gradient
  1 -0.38923  2.91597e-01 |  2 -0.41928  2.28632e+01 |  3 -0.42239  4.78756e+00
  4 -0.49136  1.99924e-01 |  5 -0.43185  2.88492e+00 |  6  0.63700  4.15555e-01
  7  0.00726 -1.24504e+00 |  8 -0.00438 -3.49718e-01 |  9 -0.00516 -2.41874e-01
 10  0.00163  6.70671e-01 | 11  0.03736 -1.02997e+00 | 12  0.01323 -1.92491e+00
 13 -0.01434 -1.12973e+00 | 14 -0.00441 -1.52582e+00 | 15  0.03353  5.00665e-01
 16 -0.01373  2.28454e+00 | 17 -0.00478  3.05553e-01 | 18 -0.02245 -1.17464e+00
 19 -0.02827  5.64469e-01 | 20 -0.02664 -1.78269e+00 | 21  0.00015 -3.48152e+00
 22 -0.01476 -8.04859e-01 | 23  0.00404 -8.55202e-01 | 24 -0.01574  5.06876e+00
 25 -0.01590 -2.88763e-01 | 26 -0.02503 -7.22893e+00 | 27 -0.00842  3.73538e+00
 28 -0.00085  3.80817e+00 | 29 -0.00240  2.98059e+00 | 30 -0.01859  5.91499e+00
 31  0.01303  1.02444e-01 | 32 -0.02579  1.41172e+00 | 33  0.01872 -1.52082e+00
 34  0.02150 -3.18122e-01 | 35 -0.00583  1.23300e+00 | 36 -0.00378  3.16208e+00
 37 -0.00304 -3.61109e+00 | 38 -0.00279 -3.92967e+00 | 39  0.02741  1.83102e+00
 40  0.02325  2.99794e+00 | 41 -0.00489  2.87024e-01 | 42  0.03910  3.24633e+00
 43  0.01381  1.38692e-02 | 44  0.01254  1.67303e-01 | 45 -0.00147 -1.92186e+00
 46 -0.01259 -5.67676e-02 | 47 -0.04341  5.83749e+00 | 48 -0.00661 -3.36867e-01
 49  0.01008 -2.39885e+00 | 50 -0.01261  6.55587e-01 | 51 -0.03625  2.51786e-01
 52  0.03124  1.13494e+00 | 53 -0.00511  5.35200e-01 | 54 -0.00548 -2.62772e+00
 55  0.01724 -1.28393e+00 | 56  0.01260 -5.95661e-01 | 57 -0.05649 -1.45557e+00
 58  0.00911  3.78192e+00 | 59  0.01532 -5.58301e-01 | 60  0.01040  1.50922e+00
 61 -0.02267  2.96061e+00 | 62 -0.00634  6.75444e-01 | 63  0.02214 -3.76876e-01
 64  0.00400 -5.87184e+00 | 65 -0.00653 -1.67703e+00 | 66  0.01161  1.06995e+00
 67 -0.01484 -2.81451e+00 | 68  0.02371  4.10766e-01 | 69 -0.01914  6.83719e-01
 70  0.01532  1.12296e+00 | 71 -0.01301  7.64368e-01 | 72  0.04613  2.25699e-01
 73 -0.03378 -8.22746e-01 | 74  0.00366 -5.48986e+00 | 75 -0.02873 -3.00848e+00
 76  0.02699 -3.20481e-01 | 77  0.01265  3.59487e+00 | 78  0.03844 -3.01245e-01
 79  0.03392  1.21925e-02 | 80  0.00284  4.80283e+00 | 81  0.01313 -1.32804e+00
 82 -0.02962 -1.50091e+00 | 83 -0.00709  8.00956e-01 | 84  0.01796  3.24007e-02
 85 -0.01987 -7.27319e-01 | 86 -0.03571 -9.75723e-01 | 87  0.03407  1.87702e-01
 88  0.00430  9.91536e-01 | 89  0.03060  4.23299e-01 | 90 -0.02656 -1.11739e+00
 91 -0.01806  6.85939e-01 | 92  0.02280 -2.52008e+00 | 93 -0.02017 -1.42735e+00
 94  0.03361 -2.10320e-01 | 95  0.02776  1.10761e+00 | 96  0.00944  3.11746e+00
 97 -0.00881 -3.03498e+00 | 98  0.02974  1.03310e+00 | 99  0.00262 -1.42084e+00
100 -0.03586  1.72871e+00 |101  0.00872 -4.59910e-01 |102 -0.02843 -2.62739e+00
103  0.01921  1.34568e+00 |104 -0.00230  8.87166e-01 |105 -0.00087 -1.46157e+00
106 -0.00088 -1.46633e+00 |107  0.81822 -3.48389e-01 |108 -0.41353  4.47918e+00
109  0.23238 -4.70013e-01 |110 -0.24996  3.25811e+00 |
110 variables; iteration 80; function evaluation 95; phase 5
Function value 2.1112085e+03; maximum gradient component mag -1.8239e+00
Var    Value     Gradient |Var    Value     Gradient |Var    Value     Gradient
  1 -0.38890 -6.71303e-01 |  2 -0.41924 -1.15529e+00 |  3 -0.42255 -1.82392e+00
  4 -0.49114 -2.66576e-01 |  5 -0.43234  3.43737e-01 |  6  0.63710 -1.18475e+00
  7  0.00759 -1.45424e-01 |  8 -0.00423 -4.20160e-02 |  9 -0.00510 -4.74575e-02
 10  0.00099 -3.41940e-01 | 11  0.03776  3.13853e-02 | 12  0.01416  3.14432e-01
 13 -0.01381  1.23741e-01 | 14 -0.00388 -9.43243e-02 | 15  0.03321 -3.02749e-01
 16 -0.01467 -1.62460e-02 | 17 -0.00496 -3.21380e-02 | 18 -0.02221 -1.94049e-01
 19 -0.02853 -5.26895e-02 | 20 -0.02618  1.72651e-01 | 21  0.00051 -1.03871e+00
 22 -0.01456  6.66292e-01 | 23  0.00401 -4.86796e-01 | 24 -0.01648  2.67575e-01
 25 -0.01591  6.43655e-02 | 26 -0.02437 -1.20218e+00 | 27 -0.00870  8.30796e-01
 28 -0.00107  8.49383e-01 | 29 -0.00257  6.71033e-01 | 30 -0.01913  1.96021e-01
 31  0.01305  4.81897e-01 | 32 -0.02600 -3.30742e-01 | 33  0.01879  2.59230e-01
 34  0.02147 -6.50632e-02 | 35 -0.00594  2.13973e-01 | 36 -0.00403  4.84059e-01
 37 -0.00282 -4.58297e-01 | 38 -0.00255 -7.30771e-01 | 39  0.02727 -2.55350e-01
 40  0.02305 -1.65366e-01 | 41 -0.00488  5.16658e-01 | 42  0.03897  7.19396e-01
 43  0.01379 -1.01039e-01 | 44  0.01245 -6.98929e-01 | 45 -0.00135 -1.22358e-01
 46 -0.01262 -3.49983e-01 | 47 -0.04407  7.99446e-01 | 48 -0.00658  3.93080e-01
 49  0.01019 -1.04773e-01 | 50 -0.01275 -7.58939e-01 | 51 -0.03631 -1.11622e-01
 52  0.03121  8.38177e-01 | 53 -0.00517  7.44791e-02 | 54 -0.00527  3.22779e-01
 55  0.01731  3.78587e-01 | 56  0.01257 -6.42447e-01 | 57 -0.05624  5.13476e-01
 58  0.00888 -2.90454e-01 | 59  0.01533 -3.33780e-01 | 60  0.01031 -3.43448e-01
 61 -0.02292 -3.94116e-01 | 62 -0.00632  1.33423e+00 | 63  0.02211 -2.73865e-01
 64  0.00413 -1.25494e+00 | 65 -0.00651 -2.09112e-01 | 66  0.01154 -9.40173e-02
 67 -0.01467  1.26802e+00 | 68  0.02366 -9.75345e-02 | 69 -0.01920 -1.44182e-01
 70  0.01526 -2.85259e-03 | 71 -0.01303  6.11780e-01 | 72  0.04610  6.72768e-02
 73 -0.03375  1.60872e-01 | 74  0.00377 -1.21913e+00 | 75 -0.02859 -2.84564e-01
 76  0.02696 -3.12635e-01 | 77  0.01252  5.76592e-01 | 78  0.03841 -5.47283e-02
 79  0.03390  7.26447e-02 | 80  0.00257 -1.17875e+00 | 81  0.01315  4.26789e-02
 82 -0.02957 -7.40987e-02 | 83 -0.00714  3.33774e-01 | 84  0.01792 -1.06291e-01
 85 -0.01985  2.10979e-01 | 86 -0.03567  1.15882e-01 | 87  0.03404 -2.23544e-01
 88  0.00425  2.19903e-01 | 89  0.03056 -6.62348e-02 | 90 -0.02651  1.43533e-01
 91 -0.01812  8.29239e-02 | 92  0.02283 -4.10759e-01 | 93 -0.02011  1.35062e-01
 94  0.03357 -8.09322e-02 | 95  0.02772  2.41324e-01 | 96  0.00925 -6.53788e-01
 97 -0.00865 -1.56086e-02 | 98  0.02968  2.32496e-01 | 99  0.00268 -1.11017e-01
100 -0.03611 -1.98224e-01 |101  0.00872  3.94457e-02 |102 -0.02798  1.09255e-01
103  0.01895  7.25462e-02 |104 -0.00287  1.88674e-02 |105  0.00019  2.31446e-01
106  0.00019  2.32115e-01 |107  0.81791 -2.77967e-03 |108 -0.41358  2.32929e-02
109  0.23231  3.11319e-01 |110 -0.25001 -9.30105e-01 |
110 variables; iteration 100; function evaluation 125; phase 5
Function value 2.1112077e+03; maximum gradient component mag -6.1783e-01
Var    Value     Gradient |Var    Value     Gradient |Var    Value     Gradient
  1 -0.38887 -2.77409e-02 |  2 -0.41923 -6.17834e-01 |  3 -0.42258 -1.26240e-01
  4 -0.49071  2.41453e-02 |  5 -0.43252 -1.16977e-01 |  6  0.63709 -6.04610e-02
  7  0.00770  1.67945e-01 |  8 -0.00428 -9.88631e-02 |  9 -0.00507  1.72455e-02
 10  0.00122  8.90453e-02 | 11  0.03774  3.82475e-02 | 12  0.01400 -3.82087e-02
 13 -0.01385  3.09957e-02 | 14 -0.00382  4.27182e-02 | 15  0.03330  3.47687e-02
 16 -0.01462  1.22173e-01 | 17 -0.00498 -6.16305e-02 | 18 -0.02213  4.81070e-02
 19 -0.02849  1.09709e-01 | 20 -0.02624 -4.57280e-02 | 21  0.00074  2.61627e-01
 22 -0.01472 -1.54056e-01 | 23  0.00410  2.72515e-01 | 24 -0.01653 -7.01822e-02
 25 -0.01599 -5.86774e-01 | 26 -0.02420  1.54219e-01 | 27 -0.00879 -3.35140e-01
 28 -0.00113 -1.74277e-01 | 29 -0.00262 -2.28065e-01 | 30 -0.01914 -8.83644e-02
 31  0.01300 -3.86858e-01 | 32 -0.02596  2.78193e-02 | 33  0.01879  2.91630e-01
 34  0.02150  3.67312e-01 | 35 -0.00598 -2.44413e-01 | 36 -0.00407 -1.28852e-01
 37 -0.00280 -1.81056e-01 | 38 -0.00249  2.62070e-02 | 39  0.02728 -2.63796e-01
 40  0.02306 -1.00178e-01 | 41 -0.00494 -3.04859e-01 | 42  0.03894 -1.35888e-01
 43  0.01380 -1.63106e-02 | 44  0.01253  3.33816e-01 | 45 -0.00132  2.65981e-01
 46 -0.01258  5.11397e-02 | 47 -0.04418 -1.36944e-01 | 48 -0.00659  8.86776e-02
 49  0.01020  1.35206e-01 | 50 -0.01267  1.61168e-01 | 51 -0.03629  7.85523e-02
 52  0.03118 -1.20746e-01 | 53 -0.00518 -1.62836e-01 | 54 -0.00528  1.84495e-01
 55  0.01730  1.09345e-01 | 56  0.01262  8.45504e-02 | 57 -0.05632 -9.44004e-02
 58  0.00892  4.08304e-01 | 59  0.01534 -2.45019e-02 | 60  0.01033  1.79040e-01
 61 -0.02288  3.84964e-02 | 62 -0.00639 -2.03052e-01 | 63  0.02213  7.54815e-02
 64  0.00419  3.14504e-01 | 65 -0.00650  9.08909e-02 | 66  0.01155  4.89369e-02
 67 -0.01473 -1.67007e-01 | 68  0.02367  2.05852e-02 | 69 -0.01917  4.51095e-01
 70  0.01527  1.59978e-03 | 71 -0.01307 -5.00492e-02 | 72  0.04611  2.04731e-02
 73 -0.03380 -5.56222e-01 | 74  0.00383  3.47148e-01 | 75 -0.02857  9.05113e-02
 76  0.02697  8.75548e-02 | 77  0.01250 -9.05648e-02 | 78  0.03842  3.58821e-02
 79  0.03390  1.29116e-02 | 80  0.00263  3.45755e-01 | 81  0.01315  6.55827e-02
 82 -0.02957 -2.18712e-01 | 83 -0.00715  6.77250e-02 | 84  0.01793  6.49901e-02
 85 -0.01985  1.64767e-01 | 86 -0.03567  3.20453e-02 | 87  0.03405  7.83468e-02
 88  0.00424  2.46416e-02 | 89  0.03057  7.52482e-02 | 90 -0.02652 -2.31053e-01
 91 -0.01815 -4.64414e-01 | 92  0.02285  1.78598e-01 | 93 -0.02013 -2.27971e-01
 94  0.03358  4.06816e-02 | 95  0.02771 -4.37714e-02 | 96  0.00929  1.91803e-01
 97 -0.00865 -1.07561e-01 | 98  0.02968 -2.94325e-03 | 99  0.00268 -2.17248e-01
100 -0.03609 -1.29192e-01 |101  0.00873  1.43254e-02 |102 -0.02800 -1.84155e-02
103  0.01893 -6.91986e-03 |104 -0.00284  3.44535e-02 |105  0.00005 -3.04306e-02
106  0.00005 -3.05339e-02 |107  0.81780  1.20160e-02 |108 -0.41360 -1.47612e-01
109  0.23231 -1.46378e-02 |110 -0.25001  8.67132e-02 |
110 variables; iteration 120; function evaluation 156; phase 5
Function value 2.1112075e+03; maximum gradient component mag -1.0791e-03
Var    Value     Gradient |Var    Value     Gradient |Var    Value     Gradient
  1 -0.38886 -1.92781e-04 |  2 -0.41923 -1.07910e-03 |  3 -0.42258 -5.97745e-04
  4 -0.49079 -1.15726e-05 |  5 -0.43248 -3.74217e-05 |  6  0.63709 -1.39511e-04
  7  0.00764 -3.53921e-06 |  8 -0.00421  2.90679e-06 |  9 -0.00508  1.06990e-07
 10  0.00118 -3.13768e-06 | 11  0.03773  2.09478e-07 | 12  0.01403  5.73233e-06
 13 -0.01386  5.07376e-06 | 14 -0.00383  5.37600e-07 | 15  0.03330 -6.70629e-07
 16 -0.01466  5.66079e-06 | 17 -0.00495  4.01156e-06 | 18 -0.02214  4.72425e-06
 19 -0.02852  1.26459e-06 | 20 -0.02623 -1.05660e-06 | 21  0.00070 -2.20613e-06
 22 -0.01469  9.68607e-06 | 23  0.00407  6.94068e-06 | 24 -0.01652  5.00970e-07
 25 -0.01592  1.63449e-05 | 26 -0.02422  2.76141e-06 | 27 -0.00876  1.57392e-05
 28 -0.00112  8.55494e-06 | 29 -0.00260  1.35253e-05 | 30 -0.01914  1.37113e-06
 31  0.01302  7.56323e-06 | 32 -0.02597  3.78599e-06 | 33  0.01877 -2.81439e-07
 34  0.02148  7.04365e-07 | 35 -0.00596  1.86848e-05 | 36 -0.00406  7.34875e-06
 37 -0.00278  4.84707e-06 | 38 -0.00249 -1.08261e-07 | 39  0.02729  1.48880e-05
 40  0.02306  5.81419e-06 | 41 -0.00492  6.92722e-06 | 42  0.03895  4.37675e-06
 43  0.01380  1.70536e-05 | 44  0.01250 -2.57099e-06 | 45 -0.00134  2.13202e-06
 46 -0.01258  9.43321e-06 | 47 -0.04417  1.32915e-05 | 48 -0.00660  1.15497e-06
 49  0.01019  3.01622e-06 | 50 -0.01269  5.37279e-06 | 51 -0.03630 -1.44855e-06
 52  0.03118  6.37418e-06 | 53 -0.00517  4.33784e-06 | 54 -0.00530  4.90260e-06
 55  0.01730 -4.01604e-07 | 56  0.01261  1.49774e-06 | 57 -0.05631  2.66421e-06
 58  0.00890 -9.84052e-06 | 59  0.01534 -6.44553e-06 | 60  0.01032 -5.23695e-06
 61 -0.02288 -9.78066e-07 | 62 -0.00638  2.16300e-06 | 63  0.02213 -6.39333e-06
 64  0.00417 -7.56707e-06 | 65 -0.00650 -1.28666e-05 | 66  0.01155 -7.57996e-06
 67 -0.01473 -6.97001e-06 | 68  0.02367 -1.15647e-05 | 69 -0.01919 -1.23387e-05
 70  0.01527 -9.14053e-06 | 71 -0.01306 -9.67418e-06 | 72  0.04610 -8.35427e-06
 73 -0.03376  6.88222e-06 | 74  0.00382 -8.32216e-06 | 75 -0.02857 -1.12184e-05
 76  0.02697 -1.74812e-05 | 77  0.01250 -1.07039e-05 | 78  0.03842 -1.14900e-05
 79  0.03390 -9.86426e-06 | 80  0.00262 -3.93331e-06 | 81  0.01315 -8.68121e-06
 82 -0.02956  6.35984e-06 | 83 -0.00715 -9.34292e-06 | 84  0.01793 -7.29742e-06
 85 -0.01986 -3.75700e-06 | 86 -0.03568 -2.58322e-06 | 87  0.03404 -2.57124e-05
 88  0.00424 -2.90146e-06 | 89  0.03056 -1.53153e-05 | 90 -0.02651  7.16096e-06
 91 -0.01812  4.45839e-06 | 92  0.02285 -4.61507e-06 | 93 -0.02012  7.37620e-07
 94  0.03358 -1.33309e-05 | 95  0.02771 -1.02315e-05 | 96  0.00928 -2.53585e-06
 97 -0.00865  1.51573e-07 | 98  0.02968  1.81778e-06 | 99  0.00270  2.85589e-06
100 -0.03608  4.33622e-06 |101  0.00873 -5.61908e-06 |102 -0.02799  4.39971e-06
103  0.01894  7.94119e-08 |104 -0.00286  9.37184e-06 |105  0.00007  4.32305e-06
106  0.00007  2.69444e-06 |107  0.81782  5.21276e-05 |108 -0.41360 -3.24483e-04
109  0.23231  6.91952e-05 |110 -0.25001 -2.41794e-04 |

 - final statistics:
110 variables; iteration 122; function evaluation 158
Function value 2.1112e+03; maximum gradient component mag 2.7922e-08
Exit code = 1;  converg criter 1.0000e-04
Var    Value     Gradient |Var    Value     Gradient |Var    Value     Gradient
  1 -0.38886 -4.13134e-10 |  2 -0.41923  2.79216e-08 |  3 -0.42258  3.17416e-10
  4 -0.49079  9.07811e-10 |  5 -0.43248  2.79284e-09 |  6  0.63709  8.87801e-09
  7  0.00764  6.03739e-11 |  8 -0.00421 -3.30059e-11 |  9 -0.00508  1.79236e-11
 10  0.00118  1.17846e-10 | 11  0.03773  8.45717e-11 | 12  0.01403 -9.18105e-11
 13 -0.01386 -1.67517e-10 | 14 -0.00383 -2.43504e-10 | 15  0.03330  2.13792e-11
 16 -0.01466 -4.49145e-11 | 17 -0.00495 -3.95757e-11 | 18 -0.02214  5.50127e-11
 19 -0.02852 -1.00037e-10 | 20 -0.02623  8.21607e-11 | 21  0.00070  1.93934e-10
 22 -0.01469  1.34826e-10 | 23  0.00407 -2.20157e-10 | 24 -0.01652  1.17129e-11
 25 -0.01592 -7.59181e-11 | 26 -0.02422  4.61122e-11 | 27 -0.00876  5.53328e-10
 28 -0.00112  1.59348e-10 | 29 -0.00260  2.94471e-10 | 30 -0.01914  1.34150e-10
 31  0.01302  4.09178e-10 | 32 -0.02597  1.00656e-10 | 33  0.01877  2.61244e-10
 34  0.02148  3.64985e-11 | 35 -0.00596 -2.48751e-10 | 36 -0.00406 -2.74486e-10
 37 -0.00278  2.29772e-10 | 38 -0.00249 -8.58747e-11 | 39  0.02729  1.01902e-11
 40  0.02306  1.96665e-11 | 41 -0.00492  6.78628e-11 | 42  0.03895  7.10275e-10
 43  0.01380  3.41461e-10 | 44  0.01250  1.85647e-10 | 45 -0.00134  2.44439e-10
 46 -0.01258  2.06559e-10 | 47 -0.04417 -3.45987e-11 | 48 -0.00660  1.08672e-10
 49  0.01019 -3.15631e-10 | 50 -0.01269  1.17125e-10 | 51 -0.03630 -1.42485e-10
 52  0.03118  6.76083e-10 | 53 -0.00517  1.74579e-10 | 54 -0.00530  9.69024e-11
 55  0.01730  5.74676e-10 | 56  0.01261  1.74985e-10 | 57 -0.05631 -1.09321e-10
 58  0.00890  4.47966e-10 | 59  0.01534  6.22248e-10 | 60  0.01032  1.99775e-10
 61 -0.02288  2.05501e-10 | 62 -0.00638  1.37133e-10 | 63  0.02213  6.72830e-10
 64  0.00417  2.21095e-11 | 65 -0.00650 -1.27676e-10 | 66  0.01155  2.28766e-10
 67 -0.01473  3.20587e-10 | 68  0.02367  2.05020e-10 | 69 -0.01919 -4.62952e-11
 70  0.01527  2.15068e-10 | 71 -0.01306  6.49650e-11 | 72  0.04610  3.26535e-10
 73 -0.03376 -1.62251e-12 | 74  0.00382  7.79645e-12 | 75 -0.02857  3.07131e-10
 76  0.02697 -2.38544e-10 | 77  0.01250  1.93408e-10 | 78  0.03842  1.24172e-10
 79  0.03390  2.39174e-10 | 80  0.00262  3.24737e-11 | 81  0.01315  2.58211e-10
 82 -0.02956 -1.52705e-10 | 83 -0.00715  2.10992e-10 | 84  0.01793 -3.32255e-10
 85 -0.01986 -1.50162e-11 | 86 -0.03568 -3.17680e-10 | 87  0.03404 -1.15780e-10
 88  0.00424 -1.01345e-10 | 89  0.03056 -4.61044e-10 | 90 -0.02651 -1.38211e-10
 91 -0.01812  1.57622e-11 | 92  0.02285 -2.33974e-10 | 93 -0.02012 -9.67623e-10
 94  0.03358 -7.65824e-10 | 95  0.02771 -5.69018e-10 | 96  0.00928 -4.54156e-10
 97 -0.00865 -2.72203e-10 | 98  0.02968 -5.65256e-10 | 99  0.00270 -4.19846e-10
100 -0.03608 -3.33197e-10 |101  0.00873 -6.59832e-10 |102 -0.02799 -5.04153e-10
103  0.01894 -4.92683e-10 |104 -0.00286 -5.28603e-10 |105  0.00007 -2.06737e-10
106  0.00007 -1.81854e-10 |107  0.81782  2.77667e-09 |108 -0.41360 -1.42664e-08
109  0.23231  1.91591e-09 |110 -0.25001 -1.31180e-09 |

 - final statistics:
122 variables; iteration 0; function evaluation 0
Function value 2.1112e+03; maximum gradient component mag 2.7957e-08
Exit code = 0;  converg criter 1.0000e-04
Var    Value     Gradient |Var    Value     Gradient |Var    Value     Gradient
  1 -0.38886 -4.00732e-10 |  2 -0.41923  2.79572e-08 |  3 -0.42258  3.47018e-10
  4 -0.49079  9.10454e-10 |  5 -0.43248  2.79823e-09 |  6  0.63709  8.72853e-09
  7  0.00764  6.03321e-11 |  8 -0.00421 -3.30225e-11 |  9 -0.00508  1.79010e-11
 10  0.00118  1.17820e-10 | 11  0.03773  8.44603e-11 | 12  0.01403 -8.73038e-11
 13 -0.01386 -1.63076e-10 | 14 -0.00383 -2.39076e-10 | 15  0.03330  2.57032e-11
 16 -0.01466 -4.05369e-11 | 17 -0.00495 -3.52311e-11 | 18 -0.02214  5.93469e-11
 19 -0.02852 -9.57667e-11 | 20 -0.02623  8.63963e-11 | 21  0.00070  1.97819e-10
 22 -0.01469  1.38580e-10 | 23  0.00407 -2.17102e-10 | 24 -0.01652  1.51557e-11
 25 -0.01592 -7.27611e-11 | 26 -0.02422  4.93724e-11 | 27 -0.00876  5.56064e-10
 28 -0.00112  1.61926e-10 | 29 -0.00260  2.97213e-10 | 30 -0.01914  1.37237e-10
 31  0.01302  4.11247e-10 | 32 -0.02597  1.03588e-10 | 33  0.01877  2.63337e-10
 34  0.02148  3.74935e-11 | 35 -0.00596 -2.46685e-10 | 36 -0.00406 -2.72188e-10
 37 -0.00278  2.32401e-10 | 38 -0.00249 -8.35530e-11 | 39  0.02729  1.15541e-11
 40  0.02306  2.05568e-11 | 41 -0.00492  7.00877e-11 | 42  0.03895  7.09918e-10
 43  0.01380  3.41912e-10 | 44  0.01250  1.85509e-10 | 45 -0.00134  2.44934e-10
 46 -0.01258  2.07642e-10 | 47 -0.04417 -3.21512e-11 | 48 -0.00660  1.09330e-10
 49  0.01019 -3.16233e-10 | 50 -0.01269  1.17831e-10 | 51 -0.03630 -1.40592e-10
 52  0.03118  6.72654e-10 | 53 -0.00517  1.74057e-10 | 54 -0.00530  9.64923e-11
 55  0.01730  5.71069e-10 | 56  0.01261  1.70279e-10 | 57 -0.05631 -1.07892e-10
 58  0.00890  4.44475e-10 | 59  0.01534  6.17029e-10 | 60  0.01032  1.94797e-10
 61 -0.02288  2.03624e-10 | 62 -0.00638  1.34088e-10 | 63  0.02213  6.64357e-10
 64  0.00417  1.63893e-11 | 65 -0.00650 -1.31283e-10 | 66  0.01155  2.21158e-10
 67 -0.01473  3.17869e-10 | 68  0.02367  1.95656e-10 | 69 -0.01919 -4.78730e-11
 70  0.01527  2.08860e-10 | 71 -0.01306  6.26684e-11 | 72  0.04610  3.10601e-10
 73 -0.03376 -2.38382e-12 | 74  0.00382  5.56658e-12 | 75 -0.02857  3.07484e-10
 76  0.02697 -2.44185e-10 | 77  0.01250  1.89737e-10 | 78  0.03842  1.17248e-10
 79  0.03390  2.32317e-10 | 80  0.00262  2.95096e-11 | 81  0.01315  2.52936e-10
 82 -0.02956 -1.53313e-10 | 83 -0.00715  2.09731e-10 | 84  0.01793 -3.36964e-10
 85 -0.01986 -1.50670e-11 | 86 -0.03568 -3.15467e-10 | 87  0.03404 -1.18610e-10
 88  0.00424 -1.01839e-10 | 89  0.03056 -4.64474e-10 | 90 -0.02651 -1.37216e-10
 91 -0.01812  1.69072e-11 | 92  0.02285 -2.35983e-10 | 93 -0.02012 -9.66004e-10
 94  0.03358 -7.66955e-10 | 95  0.02771 -5.69194e-10 | 96  0.00928 -4.54063e-10
 97 -0.00865 -2.70268e-10 | 98  0.02968 -5.64443e-10 | 99  0.00270 -4.16961e-10
100 -0.03608 -3.29159e-10 |101  0.00873 -6.54479e-10 |102 -0.02799 -4.99492e-10
103  0.01894 -4.87414e-10 |104 -0.00286 -5.24035e-10 |105  0.00007 -2.02233e-10
106  0.00007 -1.77350e-10 |107  0.00000  0.00000e+00 |108  0.00000  0.00000e+00
109  0.00000  0.00000e+00 |110  0.00000  0.00000e+00 |111  0.00000  0.00000e+00
112  0.00000  0.00000e+00 |113  0.00000  0.00000e+00 |114  0.00000  0.00000e+00
115  0.00000  0.00000e+00 |116  0.00000  0.00000e+00 |117  0.00000  0.00000e+00
118  0.00000  0.00000e+00 |119  0.81782  2.76278e-09 |120 -0.41360 -1.41865e-08
121  0.23231  1.90885e-09 |122 -0.25001 -1.28484e-09 |
size of file gradfil1.tmp = 0
size of file gradfil2.tmp = 0
size of file varssave.tmp = 0
size of file cmpdiff.tmp = 0
