
Initial statistics: 1 variables; iteration 0; function evaluation 0; phase 1
Function value -nan; maximum gradient component mag -1.9504e+03
Var    Value     Gradient |Var    Value     Gradient |Var    Value     Gradient
  1  0.63197 -1.95041e+03 |
  ic > imax  in fminim is answer attained ?
Var    Value     Gradient |Var    Value     Gradient |Var    Value     Gradient
  1  0.63311 -1.21386e+03 |
Function minimizer not making progress ... is minimum attained?
Minimprove criterion = 0.0000e+00

 - final statistics:
1 variables; iteration 2; function evaluation 33
Function value -nan; maximum gradient component mag -1.2139e+03
Exit code = 1;  converg criter 1.0000e+01
Var    Value     Gradient |Var    Value     Gradient |Var    Value     Gradient
  1  0.63311 -1.21386e+03 |

Initial statistics: 98 variables; iteration 0; function evaluation 0; phase 2
Function value -nan; maximum gradient component mag -1.2139e+03
Var    Value     Gradient |Var    Value     Gradient |Var    Value     Gradient
  1  0.63311 -1.21386e+03 |  2  0.00000          nan |  3  0.00000          nan
  4  0.00000          nan |  5  0.00000          nan |  6  0.00000          nan
  7  0.00000          nan |  8  0.00000          nan |  9  0.00000          nan
 10  0.00000          nan | 11  0.00000          nan | 12  0.00000          nan
 13  0.00000          nan | 14  0.00000          nan | 15  0.00000          nan
 16  0.00000          nan | 17  0.00000          nan | 18  0.00000          nan
 19  0.00000          nan | 20  0.00000          nan | 21  0.00000          nan
 22  0.00000          nan | 23  0.00000          nan | 24  0.00000          nan
 25  0.00000          nan | 26  0.00000          nan | 27  0.00000          nan
 28  0.00000          nan | 29  0.00000          nan | 30  0.00000          nan
 31  0.00000          nan | 32  0.00000          nan | 33  0.00000          nan
 34  0.00000          nan | 35  0.00000          nan | 36  0.00000          nan
 37  0.00000          nan | 38  0.00000          nan | 39  0.00000          nan
 40  0.00000          nan | 41  0.00000          nan | 42  0.00000          nan
 43  0.00000          nan | 44  0.00000          nan | 45  0.00000          nan
 46  0.00000          nan | 47  0.00000          nan | 48  0.00000          nan
 49  0.00000          nan | 50  0.00000          nan | 51  0.00000          nan
 52  0.00000          nan | 53  0.00000          nan | 54  0.00000          nan
 55  0.00000          nan | 56  0.00000          nan | 57  0.00000          nan
 58  0.00000          nan | 59  0.00000          nan | 60  0.00000          nan
 61  0.00000          nan | 62  0.00000          nan | 63  0.00000          nan
 64  0.00000          nan | 65  0.00000          nan | 66  0.00000         -nan
 67  0.00000         -nan | 68  0.00000         -nan | 69  0.00000         -nan
 70  0.00000         -nan | 71  0.00000         -nan | 72  0.00000         -nan
 73  0.00000         -nan | 74  0.00000         -nan | 75  0.00000         -nan
 76  0.00000         -nan | 77  0.00000         -nan | 78  0.00000         -nan
 79  0.00000         -nan | 80  0.00000         -nan | 81  0.00000         -nan
 82  0.00000         -nan | 83  0.00000         -nan | 84  0.00000         -nan
 85  0.00000         -nan | 86  0.00000         -nan | 87  0.00000         -nan
 88  0.00000         -nan | 89  0.00000         -nan | 90  0.00000         -nan
 91  0.00000         -nan | 92  0.00000         -nan | 93  0.00000         -nan
 94  0.00000         -nan | 95  0.00000         -nan | 96  0.00000         -nan
 97  0.81654 -9.23378e+01 | 98  0.22185  1.40045e+02 |
  ic > imax  in fminim is answer attained ?
Var    Value     Gradient |Var    Value     Gradient |Var    Value     Gradient
  1  0.63311 -1.21386e+03 |  2  0.00000          nan |  3  0.00000          nan
  4  0.00000          nan |  5  0.00000          nan |  6  0.00000          nan
  7  0.00000          nan |  8  0.00000          nan |  9  0.00000          nan
 10  0.00000          nan | 11  0.00000          nan | 12  0.00000          nan
 13  0.00000          nan | 14  0.00000          nan | 15  0.00000          nan
 16  0.00000          nan | 17  0.00000          nan | 18  0.00000          nan
 19  0.00000          nan | 20  0.00000          nan | 21  0.00000          nan
 22  0.00000          nan | 23  0.00000          nan | 24  0.00000          nan
 25  0.00000          nan | 26  0.00000          nan | 27  0.00000          nan
 28  0.00000          nan | 29  0.00000          nan | 30  0.00000          nan
 31  0.00000          nan | 32  0.00000          nan | 33  0.00000          nan
 34  0.00000          nan | 35  0.00000          nan | 36  0.00000          nan
 37  0.00000          nan | 38  0.00000          nan | 39  0.00000          nan
 40  0.00000          nan | 41  0.00000          nan | 42  0.00000          nan
 43  0.00000          nan | 44  0.00000          nan | 45  0.00000          nan
 46  0.00000          nan | 47  0.00000          nan | 48  0.00000          nan
 49  0.00000          nan | 50  0.00000          nan | 51  0.00000          nan
 52  0.00000          nan | 53  0.00000          nan | 54  0.00000          nan
 55  0.00000          nan | 56  0.00000          nan | 57  0.00000          nan
 58  0.00000          nan | 59  0.00000          nan | 60  0.00000          nan
 61  0.00000          nan | 62  0.00000          nan | 63  0.00000          nan
 64  0.00000          nan | 65  0.00000          nan | 66  0.00000         -nan
 67  0.00000         -nan | 68  0.00000         -nan | 69  0.00000         -nan
 70  0.00000         -nan | 71  0.00000         -nan | 72  0.00000         -nan
 73  0.00000         -nan | 74  0.00000         -nan | 75  0.00000         -nan
 76  0.00000         -nan | 77  0.00000         -nan | 78  0.00000         -nan
 79  0.00000         -nan | 80  0.00000         -nan | 81  0.00000         -nan
 82  0.00000         -nan | 83  0.00000         -nan | 84  0.00000         -nan
 85  0.00000         -nan | 86  0.00000         -nan | 87  0.00000         -nan
 88  0.00000         -nan | 89  0.00000         -nan | 90  0.00000         -nan
 91  0.00000         -nan | 92  0.00000         -nan | 93  0.00000         -nan
 94  0.00000         -nan | 95  0.00000         -nan | 96  0.00000         -nan
 97  0.81654 -9.23378e+01 | 98  0.22185  1.40045e+02 |
Function minimizer not making progress ... is minimum attained?
Minimprove criterion = 0.0000e+00

 - final statistics:
98 variables; iteration 1; function evaluation 30
Function value -nan; maximum gradient component mag -1.2139e+03
Exit code = 1;  converg criter 1.0000e+01
Var    Value     Gradient |Var    Value     Gradient |Var    Value     Gradient
  1  0.63311 -1.21386e+03 |  2  0.00000          nan |  3  0.00000          nan
  4  0.00000          nan |  5  0.00000          nan |  6  0.00000          nan
  7  0.00000          nan |  8  0.00000          nan |  9  0.00000          nan
 10  0.00000          nan | 11  0.00000          nan | 12  0.00000          nan
 13  0.00000          nan | 14  0.00000          nan | 15  0.00000          nan
 16  0.00000          nan | 17  0.00000          nan | 18  0.00000          nan
 19  0.00000          nan | 20  0.00000          nan | 21  0.00000          nan
 22  0.00000          nan | 23  0.00000          nan | 24  0.00000          nan
 25  0.00000          nan | 26  0.00000          nan | 27  0.00000          nan
 28  0.00000          nan | 29  0.00000          nan | 30  0.00000          nan
 31  0.00000          nan | 32  0.00000          nan | 33  0.00000          nan
 34  0.00000          nan | 35  0.00000          nan | 36  0.00000          nan
 37  0.00000          nan | 38  0.00000          nan | 39  0.00000          nan
 40  0.00000          nan | 41  0.00000          nan | 42  0.00000          nan
 43  0.00000          nan | 44  0.00000          nan | 45  0.00000          nan
 46  0.00000          nan | 47  0.00000          nan | 48  0.00000          nan
 49  0.00000          nan | 50  0.00000          nan | 51  0.00000          nan
 52  0.00000          nan | 53  0.00000          nan | 54  0.00000          nan
 55  0.00000          nan | 56  0.00000          nan | 57  0.00000          nan
 58  0.00000          nan | 59  0.00000          nan | 60  0.00000          nan
 61  0.00000          nan | 62  0.00000          nan | 63  0.00000          nan
 64  0.00000          nan | 65  0.00000          nan | 66  0.00000         -nan
 67  0.00000         -nan | 68  0.00000         -nan | 69  0.00000         -nan
 70  0.00000         -nan | 71  0.00000         -nan | 72  0.00000         -nan
 73  0.00000         -nan | 74  0.00000         -nan | 75  0.00000         -nan
 76  0.00000         -nan | 77  0.00000         -nan | 78  0.00000         -nan
 79  0.00000         -nan | 80  0.00000         -nan | 81  0.00000         -nan
 82  0.00000         -nan | 83  0.00000         -nan | 84  0.00000         -nan
 85  0.00000         -nan | 86  0.00000         -nan | 87  0.00000         -nan
 88  0.00000         -nan | 89  0.00000         -nan | 90  0.00000         -nan
 91  0.00000         -nan | 92  0.00000         -nan | 93  0.00000         -nan
 94  0.00000         -nan | 95  0.00000         -nan | 96  0.00000         -nan
 97  0.81654 -9.23378e+01 | 98  0.22185  1.40045e+02 |

Initial statistics: 100 variables; iteration 0; function evaluation 0; phase 3
Function value -nan; maximum gradient component mag -1.2139e+03
Var    Value     Gradient |Var    Value     Gradient |Var    Value     Gradient
  1  0.63311 -1.21386e+03 |  2  0.00000          nan |  3  0.00000          nan
  4  0.00000          nan |  5  0.00000          nan |  6  0.00000          nan
  7  0.00000          nan |  8  0.00000          nan |  9  0.00000          nan
 10  0.00000          nan | 11  0.00000          nan | 12  0.00000          nan
 13  0.00000          nan | 14  0.00000          nan | 15  0.00000          nan
 16  0.00000          nan | 17  0.00000          nan | 18  0.00000          nan
 19  0.00000          nan | 20  0.00000          nan | 21  0.00000          nan
 22  0.00000          nan | 23  0.00000          nan | 24  0.00000          nan
 25  0.00000          nan | 26  0.00000          nan | 27  0.00000          nan
 28  0.00000          nan | 29  0.00000          nan | 30  0.00000          nan
 31  0.00000          nan | 32  0.00000          nan | 33  0.00000          nan
 34  0.00000          nan | 35  0.00000          nan | 36  0.00000          nan
 37  0.00000          nan | 38  0.00000          nan | 39  0.00000          nan
 40  0.00000          nan | 41  0.00000          nan | 42  0.00000          nan
 43  0.00000          nan | 44  0.00000          nan | 45  0.00000          nan
 46  0.00000          nan | 47  0.00000          nan | 48  0.00000          nan
 49  0.00000          nan | 50  0.00000          nan | 51  0.00000          nan
 52  0.00000          nan | 53  0.00000          nan | 54  0.00000          nan
 55  0.00000          nan | 56  0.00000          nan | 57  0.00000          nan
 58  0.00000          nan | 59  0.00000          nan | 60  0.00000          nan
 61  0.00000          nan | 62  0.00000          nan | 63  0.00000          nan
 64  0.00000          nan | 65  0.00000          nan | 66  0.00000         -nan
 67  0.00000         -nan | 68  0.00000         -nan | 69  0.00000         -nan
 70  0.00000         -nan | 71  0.00000         -nan | 72  0.00000         -nan
 73  0.00000         -nan | 74  0.00000         -nan | 75  0.00000         -nan
 76  0.00000         -nan | 77  0.00000         -nan | 78  0.00000         -nan
 79  0.00000         -nan | 80  0.00000         -nan | 81  0.00000         -nan
 82  0.00000         -nan | 83  0.00000         -nan | 84  0.00000         -nan
 85  0.00000         -nan | 86  0.00000         -nan | 87  0.00000         -nan
 88  0.00000         -nan | 89  0.00000         -nan | 90  0.00000         -nan
 91  0.00000         -nan | 92  0.00000         -nan | 93  0.00000         -nan
 94  0.00000         -nan | 95  0.00000         -nan | 96  0.00000         -nan
 97  0.81654 -9.23378e+01 | 98 -0.41581  4.14493e+02 | 99  0.22185  1.40045e+02
100 -0.25275 -2.35352e+02 |
  ic > imax  in fminim is answer attained ?
Var    Value     Gradient |Var    Value     Gradient |Var    Value     Gradient
  1  0.63311 -1.21386e+03 |  2  0.00000          nan |  3  0.00000          nan
  4  0.00000          nan |  5  0.00000          nan |  6  0.00000          nan
  7  0.00000          nan |  8  0.00000          nan |  9  0.00000          nan
 10  0.00000          nan | 11  0.00000          nan | 12  0.00000          nan
 13  0.00000          nan | 14  0.00000          nan | 15  0.00000          nan
 16  0.00000          nan | 17  0.00000          nan | 18  0.00000          nan
 19  0.00000          nan | 20  0.00000          nan | 21  0.00000          nan
 22  0.00000          nan | 23  0.00000          nan | 24  0.00000          nan
 25  0.00000          nan | 26  0.00000          nan | 27  0.00000          nan
 28  0.00000          nan | 29  0.00000          nan | 30  0.00000          nan
 31  0.00000          nan | 32  0.00000          nan | 33  0.00000          nan
 34  0.00000          nan | 35  0.00000          nan | 36  0.00000          nan
 37  0.00000          nan | 38  0.00000          nan | 39  0.00000          nan
 40  0.00000          nan | 41  0.00000          nan | 42  0.00000          nan
 43  0.00000          nan | 44  0.00000          nan | 45  0.00000          nan
 46  0.00000          nan | 47  0.00000          nan | 48  0.00000          nan
 49  0.00000          nan | 50  0.00000          nan | 51  0.00000          nan
 52  0.00000          nan | 53  0.00000          nan | 54  0.00000          nan
 55  0.00000          nan | 56  0.00000          nan | 57  0.00000          nan
 58  0.00000          nan | 59  0.00000          nan | 60  0.00000          nan
 61  0.00000          nan | 62  0.00000          nan | 63  0.00000          nan
 64  0.00000          nan | 65  0.00000          nan | 66  0.00000         -nan
 67  0.00000         -nan | 68  0.00000         -nan | 69  0.00000         -nan
 70  0.00000         -nan | 71  0.00000         -nan | 72  0.00000         -nan
 73  0.00000         -nan | 74  0.00000         -nan | 75  0.00000         -nan
 76  0.00000         -nan | 77  0.00000         -nan | 78  0.00000         -nan
 79  0.00000         -nan | 80  0.00000         -nan | 81  0.00000         -nan
 82  0.00000         -nan | 83  0.00000         -nan | 84  0.00000         -nan
 85  0.00000         -nan | 86  0.00000         -nan | 87  0.00000         -nan
 88  0.00000         -nan | 89  0.00000         -nan | 90  0.00000         -nan
 91  0.00000         -nan | 92  0.00000         -nan | 93  0.00000         -nan
 94  0.00000         -nan | 95  0.00000         -nan | 96  0.00000         -nan
 97  0.81654 -9.23378e+01 | 98 -0.41581  4.14493e+02 | 99  0.22185  1.40045e+02
100 -0.25275 -2.35352e+02 |
Function minimizer not making progress ... is minimum attained?
Minimprove criterion = 0.0000e+00

 - final statistics:
100 variables; iteration 1; function evaluation 30
Function value -nan; maximum gradient component mag -1.2139e+03
Exit code = 1;  converg criter 1.0000e+00
Var    Value     Gradient |Var    Value     Gradient |Var    Value     Gradient
  1  0.63311 -1.21386e+03 |  2  0.00000          nan |  3  0.00000          nan
  4  0.00000          nan |  5  0.00000          nan |  6  0.00000          nan
  7  0.00000          nan |  8  0.00000          nan |  9  0.00000          nan
 10  0.00000          nan | 11  0.00000          nan | 12  0.00000          nan
 13  0.00000          nan | 14  0.00000          nan | 15  0.00000          nan
 16  0.00000          nan | 17  0.00000          nan | 18  0.00000          nan
 19  0.00000          nan | 20  0.00000          nan | 21  0.00000          nan
 22  0.00000          nan | 23  0.00000          nan | 24  0.00000          nan
 25  0.00000          nan | 26  0.00000          nan | 27  0.00000          nan
 28  0.00000          nan | 29  0.00000          nan | 30  0.00000          nan
 31  0.00000          nan | 32  0.00000          nan | 33  0.00000          nan
 34  0.00000          nan | 35  0.00000          nan | 36  0.00000          nan
 37  0.00000          nan | 38  0.00000          nan | 39  0.00000          nan
 40  0.00000          nan | 41  0.00000          nan | 42  0.00000          nan
 43  0.00000          nan | 44  0.00000          nan | 45  0.00000          nan
 46  0.00000          nan | 47  0.00000          nan | 48  0.00000          nan
 49  0.00000          nan | 50  0.00000          nan | 51  0.00000          nan
 52  0.00000          nan | 53  0.00000          nan | 54  0.00000          nan
 55  0.00000          nan | 56  0.00000          nan | 57  0.00000          nan
 58  0.00000          nan | 59  0.00000          nan | 60  0.00000          nan
 61  0.00000          nan | 62  0.00000          nan | 63  0.00000          nan
 64  0.00000          nan | 65  0.00000          nan | 66  0.00000         -nan
 67  0.00000         -nan | 68  0.00000         -nan | 69  0.00000         -nan
 70  0.00000         -nan | 71  0.00000         -nan | 72  0.00000         -nan
 73  0.00000         -nan | 74  0.00000         -nan | 75  0.00000         -nan
 76  0.00000         -nan | 77  0.00000         -nan | 78  0.00000         -nan
 79  0.00000         -nan | 80  0.00000         -nan | 81  0.00000         -nan
 82  0.00000         -nan | 83  0.00000         -nan | 84  0.00000         -nan
 85  0.00000         -nan | 86  0.00000         -nan | 87  0.00000         -nan
 88  0.00000         -nan | 89  0.00000         -nan | 90  0.00000         -nan
 91  0.00000         -nan | 92  0.00000         -nan | 93  0.00000         -nan
 94  0.00000         -nan | 95  0.00000         -nan | 96  0.00000         -nan
 97  0.81654 -9.23378e+01 | 98 -0.41581  4.14493e+02 | 99  0.22185  1.40045e+02
100 -0.25275 -2.35352e+02 |

Initial statistics: 108 variables; iteration 0; function evaluation 0; phase 4
Function value -nan; maximum gradient component mag -2.1863e+03
Var    Value     Gradient |Var    Value     Gradient |Var    Value     Gradient
  1 -0.42263 -1.54669e+02 |  2 -0.42263 -2.18631e+03 |  3 -0.41094 -7.70949e+02
  4  0.63311 -1.21386e+03 |  5  0.00000 -2.64556e+00 |  6  0.00000  2.88333e+00
  7  0.00000  6.99950e+00 |  8  0.00000  1.20336e+01 |  9  0.00000 -9.35803e-01
 10  0.00000          nan | 11  0.00000          nan | 12  0.00000          nan
 13  0.00000          nan | 14  0.00000          nan | 15  0.00000          nan
 16  0.00000          nan | 17  0.00000          nan | 18  0.00000          nan
 19  0.00000          nan | 20  0.00000          nan | 21  0.00000          nan
 22  0.00000          nan | 23  0.00000          nan | 24  0.00000          nan
 25  0.00000          nan | 26  0.00000          nan | 27  0.00000          nan
 28  0.00000          nan | 29  0.00000          nan | 30  0.00000          nan
 31  0.00000          nan | 32  0.00000          nan | 33  0.00000          nan
 34  0.00000          nan | 35  0.00000          nan | 36  0.00000          nan
 37  0.00000          nan | 38  0.00000          nan | 39  0.00000          nan
 40  0.00000          nan | 41  0.00000          nan | 42  0.00000          nan
 43  0.00000          nan | 44  0.00000          nan | 45  0.00000          nan
 46  0.00000          nan | 47  0.00000          nan | 48  0.00000          nan
 49  0.00000          nan | 50  0.00000          nan | 51  0.00000          nan
 52  0.00000          nan | 53  0.00000          nan | 54  0.00000          nan
 55  0.00000          nan | 56  0.00000          nan | 57  0.00000          nan
 58  0.00000          nan | 59  0.00000          nan | 60  0.00000          nan
 61  0.00000          nan | 62  0.00000          nan | 63  0.00000          nan
 64  0.00000          nan | 65  0.00000          nan | 66  0.00000          nan
 67  0.00000          nan | 68  0.00000          nan | 69  0.00000          nan
 70  0.00000          nan | 71  0.00000          nan | 72  0.00000          nan
 73  0.00000          nan | 74  0.00000         -nan | 75  0.00000         -nan
 76  0.00000         -nan | 77  0.00000         -nan | 78  0.00000         -nan
 79  0.00000         -nan | 80  0.00000         -nan | 81  0.00000         -nan
 82  0.00000         -nan | 83  0.00000         -nan | 84  0.00000         -nan
 85  0.00000         -nan | 86  0.00000         -nan | 87  0.00000         -nan
 88  0.00000         -nan | 89  0.00000         -nan | 90  0.00000         -nan
 91  0.00000         -nan | 92  0.00000         -nan | 93  0.00000         -nan
 94  0.00000         -nan | 95  0.00000         -nan | 96  0.00000         -nan
 97  0.00000         -nan | 98  0.00000         -nan | 99  0.00000         -nan
100  0.00000         -nan |101  0.00000         -nan |102  0.00000         -nan
103  0.00000         -nan |104  0.00000         -nan |105  0.81654 -9.23378e+01
106 -0.41581  4.14493e+02 |107  0.22185  1.40045e+02 |108 -0.25275 -2.35352e+02
  ic > imax  in fminim is answer attained ?
Var    Value     Gradient |Var    Value     Gradient |Var    Value     Gradient
  1 -0.42263 -1.54669e+02 |  2 -0.42263 -2.18631e+03 |  3 -0.41094 -7.70949e+02
  4  0.63311 -1.21386e+03 |  5  0.00000 -2.64556e+00 |  6  0.00000  2.88333e+00
  7  0.00000  6.99950e+00 |  8  0.00000  1.20336e+01 |  9  0.00000 -9.35803e-01
 10  0.00000          nan | 11  0.00000          nan | 12  0.00000          nan
 13  0.00000          nan | 14  0.00000          nan | 15  0.00000          nan
 16  0.00000          nan | 17  0.00000          nan | 18  0.00000          nan
 19  0.00000          nan | 20  0.00000          nan | 21  0.00000          nan
 22  0.00000          nan | 23  0.00000          nan | 24  0.00000          nan
 25  0.00000          nan | 26  0.00000          nan | 27  0.00000          nan
 28  0.00000          nan | 29  0.00000          nan | 30  0.00000          nan
 31  0.00000          nan | 32  0.00000          nan | 33  0.00000          nan
 34  0.00000          nan | 35  0.00000          nan | 36  0.00000          nan
 37  0.00000          nan | 38  0.00000          nan | 39  0.00000          nan
 40  0.00000          nan | 41  0.00000          nan | 42  0.00000          nan
 43  0.00000          nan | 44  0.00000          nan | 45  0.00000          nan
 46  0.00000          nan | 47  0.00000          nan | 48  0.00000          nan
 49  0.00000          nan | 50  0.00000          nan | 51  0.00000          nan
 52  0.00000          nan | 53  0.00000          nan | 54  0.00000          nan
 55  0.00000          nan | 56  0.00000          nan | 57  0.00000          nan
 58  0.00000          nan | 59  0.00000          nan | 60  0.00000          nan
 61  0.00000          nan | 62  0.00000          nan | 63  0.00000          nan
 64  0.00000          nan | 65  0.00000          nan | 66  0.00000          nan
 67  0.00000          nan | 68  0.00000          nan | 69  0.00000          nan
 70  0.00000          nan | 71  0.00000          nan | 72  0.00000          nan
 73  0.00000          nan | 74  0.00000         -nan | 75  0.00000         -nan
 76  0.00000         -nan | 77  0.00000         -nan | 78  0.00000         -nan
 79  0.00000         -nan | 80  0.00000         -nan | 81  0.00000         -nan
 82  0.00000         -nan | 83  0.00000         -nan | 84  0.00000         -nan
 85  0.00000         -nan | 86  0.00000         -nan | 87  0.00000         -nan
 88  0.00000         -nan | 89  0.00000         -nan | 90  0.00000         -nan
 91  0.00000         -nan | 92  0.00000         -nan | 93  0.00000         -nan
 94  0.00000         -nan | 95  0.00000         -nan | 96  0.00000         -nan
 97  0.00000         -nan | 98  0.00000         -nan | 99  0.00000         -nan
100  0.00000         -nan |101  0.00000         -nan |102  0.00000         -nan
103  0.00000         -nan |104  0.00000         -nan |105  0.81654 -9.23378e+01
106 -0.41581  4.14493e+02 |107  0.22185  1.40045e+02 |108 -0.25275 -2.35352e+02
Function minimizer not making progress ... is minimum attained?
Minimprove criterion = 0.0000e+00

 - final statistics:
108 variables; iteration 1; function evaluation 30
Function value -nan; maximum gradient component mag -2.1863e+03
Exit code = 1;  converg criter 1.0000e+00
Var    Value     Gradient |Var    Value     Gradient |Var    Value     Gradient
  1 -0.42263 -1.54669e+02 |  2 -0.42263 -2.18631e+03 |  3 -0.41094 -7.70949e+02
  4  0.63311 -1.21386e+03 |  5  0.00000 -2.64556e+00 |  6  0.00000  2.88333e+00
  7  0.00000  6.99950e+00 |  8  0.00000  1.20336e+01 |  9  0.00000 -9.35803e-01
 10  0.00000          nan | 11  0.00000          nan | 12  0.00000          nan
 13  0.00000          nan | 14  0.00000          nan | 15  0.00000          nan
 16  0.00000          nan | 17  0.00000          nan | 18  0.00000          nan
 19  0.00000          nan | 20  0.00000          nan | 21  0.00000          nan
 22  0.00000          nan | 23  0.00000          nan | 24  0.00000          nan
 25  0.00000          nan | 26  0.00000          nan | 27  0.00000          nan
 28  0.00000          nan | 29  0.00000          nan | 30  0.00000          nan
 31  0.00000          nan | 32  0.00000          nan | 33  0.00000          nan
 34  0.00000          nan | 35  0.00000          nan | 36  0.00000          nan
 37  0.00000          nan | 38  0.00000          nan | 39  0.00000          nan
 40  0.00000          nan | 41  0.00000          nan | 42  0.00000          nan
 43  0.00000          nan | 44  0.00000          nan | 45  0.00000          nan
 46  0.00000          nan | 47  0.00000          nan | 48  0.00000          nan
 49  0.00000          nan | 50  0.00000          nan | 51  0.00000          nan
 52  0.00000          nan | 53  0.00000          nan | 54  0.00000          nan
 55  0.00000          nan | 56  0.00000          nan | 57  0.00000          nan
 58  0.00000          nan | 59  0.00000          nan | 60  0.00000          nan
 61  0.00000          nan | 62  0.00000          nan | 63  0.00000          nan
 64  0.00000          nan | 65  0.00000          nan | 66  0.00000          nan
 67  0.00000          nan | 68  0.00000          nan | 69  0.00000          nan
 70  0.00000          nan | 71  0.00000          nan | 72  0.00000          nan
 73  0.00000          nan | 74  0.00000         -nan | 75  0.00000         -nan
 76  0.00000         -nan | 77  0.00000         -nan | 78  0.00000         -nan
 79  0.00000         -nan | 80  0.00000         -nan | 81  0.00000         -nan
 82  0.00000         -nan | 83  0.00000         -nan | 84  0.00000         -nan
 85  0.00000         -nan | 86  0.00000         -nan | 87  0.00000         -nan
 88  0.00000         -nan | 89  0.00000         -nan | 90  0.00000         -nan
 91  0.00000         -nan | 92  0.00000         -nan | 93  0.00000         -nan
 94  0.00000         -nan | 95  0.00000         -nan | 96  0.00000         -nan
 97  0.00000         -nan | 98  0.00000         -nan | 99  0.00000         -nan
100  0.00000         -nan |101  0.00000         -nan |102  0.00000         -nan
103  0.00000         -nan |104  0.00000         -nan |105  0.81654 -9.23378e+01
106 -0.41581  4.14493e+02 |107  0.22185  1.40045e+02 |108 -0.25275 -2.35352e+02

Initial statistics: 110 variables; iteration 0; function evaluation 0; phase 5
Function value -nan; maximum gradient component mag -2.1863e+03
Var    Value     Gradient |Var    Value     Gradient |Var    Value     Gradient
  1 -0.42263 -1.54669e+02 |  2 -0.42263 -2.18631e+03 |  3 -0.41094 -7.70949e+02
  4 -0.41222 -9.05853e+01 |  5 -0.41222 -1.50100e+02 |  6  0.63311 -1.21386e+03
  7  0.00000 -2.64556e+00 |  8  0.00000  2.88333e+00 |  9  0.00000  6.99950e+00
 10  0.00000  1.20336e+01 | 11  0.00000 -9.35803e-01 | 12  0.00000          nan
 13  0.00000          nan | 14  0.00000          nan | 15  0.00000          nan
 16  0.00000          nan | 17  0.00000          nan | 18  0.00000          nan
 19  0.00000          nan | 20  0.00000          nan | 21  0.00000          nan
 22  0.00000          nan | 23  0.00000          nan | 24  0.00000          nan
 25  0.00000          nan | 26  0.00000          nan | 27  0.00000          nan
 28  0.00000          nan | 29  0.00000          nan | 30  0.00000          nan
 31  0.00000          nan | 32  0.00000          nan | 33  0.00000          nan
 34  0.00000          nan | 35  0.00000          nan | 36  0.00000          nan
 37  0.00000          nan | 38  0.00000          nan | 39  0.00000          nan
 40  0.00000          nan | 41  0.00000          nan | 42  0.00000          nan
 43  0.00000          nan | 44  0.00000          nan | 45  0.00000          nan
 46  0.00000          nan | 47  0.00000          nan | 48  0.00000          nan
 49  0.00000          nan | 50  0.00000          nan | 51  0.00000          nan
 52  0.00000          nan | 53  0.00000          nan | 54  0.00000          nan
 55  0.00000          nan | 56  0.00000          nan | 57  0.00000          nan
 58  0.00000          nan | 59  0.00000          nan | 60  0.00000          nan
 61  0.00000          nan | 62  0.00000          nan | 63  0.00000          nan
 64  0.00000          nan | 65  0.00000          nan | 66  0.00000          nan
 67  0.00000          nan | 68  0.00000          nan | 69  0.00000          nan
 70  0.00000          nan | 71  0.00000          nan | 72  0.00000          nan
 73  0.00000          nan | 74  0.00000          nan | 75  0.00000          nan
 76  0.00000         -nan | 77  0.00000         -nan | 78  0.00000         -nan
 79  0.00000         -nan | 80  0.00000         -nan | 81  0.00000         -nan
 82  0.00000         -nan | 83  0.00000         -nan | 84  0.00000         -nan
 85  0.00000         -nan | 86  0.00000         -nan | 87  0.00000         -nan
 88  0.00000         -nan | 89  0.00000         -nan | 90  0.00000         -nan
 91  0.00000         -nan | 92  0.00000         -nan | 93  0.00000         -nan
 94  0.00000         -nan | 95  0.00000         -nan | 96  0.00000         -nan
 97  0.00000         -nan | 98  0.00000         -nan | 99  0.00000         -nan
100  0.00000         -nan |101  0.00000         -nan |102  0.00000         -nan
103  0.00000         -nan |104  0.00000         -nan |105  0.00000         -nan
106  0.00000         -nan |107  0.81654 -9.23378e+01 |108 -0.41581  4.14493e+02
109  0.22185  1.40045e+02 |110 -0.25275 -2.35352e+02 |
  ic > imax  in fminim is answer attained ?
Var    Value     Gradient |Var    Value     Gradient |Var    Value     Gradient
  1 -0.42263 -1.54669e+02 |  2 -0.42263 -2.18631e+03 |  3 -0.41094 -7.70949e+02
  4 -0.41222 -9.05853e+01 |  5 -0.41222 -1.50100e+02 |  6  0.63311 -1.21386e+03
  7  0.00000 -2.64556e+00 |  8  0.00000  2.88333e+00 |  9  0.00000  6.99950e+00
 10  0.00000  1.20336e+01 | 11  0.00000 -9.35803e-01 | 12  0.00000          nan
 13  0.00000          nan | 14  0.00000          nan | 15  0.00000          nan
 16  0.00000          nan | 17  0.00000          nan | 18  0.00000          nan
 19  0.00000          nan | 20  0.00000          nan | 21  0.00000          nan
 22  0.00000          nan | 23  0.00000          nan | 24  0.00000          nan
 25  0.00000          nan | 26  0.00000          nan | 27  0.00000          nan
 28  0.00000          nan | 29  0.00000          nan | 30  0.00000          nan
 31  0.00000          nan | 32  0.00000          nan | 33  0.00000          nan
 34  0.00000          nan | 35  0.00000          nan | 36  0.00000          nan
 37  0.00000          nan | 38  0.00000          nan | 39  0.00000          nan
 40  0.00000          nan | 41  0.00000          nan | 42  0.00000          nan
 43  0.00000          nan | 44  0.00000          nan | 45  0.00000          nan
 46  0.00000          nan | 47  0.00000          nan | 48  0.00000          nan
 49  0.00000          nan | 50  0.00000          nan | 51  0.00000          nan
 52  0.00000          nan | 53  0.00000          nan | 54  0.00000          nan
 55  0.00000          nan | 56  0.00000          nan | 57  0.00000          nan
 58  0.00000          nan | 59  0.00000          nan | 60  0.00000          nan
 61  0.00000          nan | 62  0.00000          nan | 63  0.00000          nan
 64  0.00000          nan | 65  0.00000          nan | 66  0.00000          nan
 67  0.00000          nan | 68  0.00000          nan | 69  0.00000          nan
 70  0.00000          nan | 71  0.00000          nan | 72  0.00000          nan
 73  0.00000          nan | 74  0.00000          nan | 75  0.00000          nan
 76  0.00000         -nan | 77  0.00000         -nan | 78  0.00000         -nan
 79  0.00000         -nan | 80  0.00000         -nan | 81  0.00000         -nan
 82  0.00000         -nan | 83  0.00000         -nan | 84  0.00000         -nan
 85  0.00000         -nan | 86  0.00000         -nan | 87  0.00000         -nan
 88  0.00000         -nan | 89  0.00000         -nan | 90  0.00000         -nan
 91  0.00000         -nan | 92  0.00000         -nan | 93  0.00000         -nan
 94  0.00000         -nan | 95  0.00000         -nan | 96  0.00000         -nan
 97  0.00000         -nan | 98  0.00000         -nan | 99  0.00000         -nan
100  0.00000         -nan |101  0.00000         -nan |102  0.00000         -nan
103  0.00000         -nan |104  0.00000         -nan |105  0.00000         -nan
106  0.00000         -nan |107  0.81654 -9.23378e+01 |108 -0.41581  4.14493e+02
109  0.22185  1.40045e+02 |110 -0.25275 -2.35352e+02 |
Function minimizer not making progress ... is minimum attained?
Minimprove criterion = 0.0000e+00

 - final statistics:
110 variables; iteration 1; function evaluation 30
Function value -nan; maximum gradient component mag -2.1863e+03
Exit code = 1;  converg criter 1.0000e-04
Var    Value     Gradient |Var    Value     Gradient |Var    Value     Gradient
  1 -0.42263 -1.54669e+02 |  2 -0.42263 -2.18631e+03 |  3 -0.41094 -7.70949e+02
  4 -0.41222 -9.05853e+01 |  5 -0.41222 -1.50100e+02 |  6  0.63311 -1.21386e+03
  7  0.00000 -2.64556e+00 |  8  0.00000  2.88333e+00 |  9  0.00000  6.99950e+00
 10  0.00000  1.20336e+01 | 11  0.00000 -9.35803e-01 | 12  0.00000          nan
 13  0.00000          nan | 14  0.00000          nan | 15  0.00000          nan
 16  0.00000          nan | 17  0.00000          nan | 18  0.00000          nan
 19  0.00000          nan | 20  0.00000          nan | 21  0.00000          nan
 22  0.00000          nan | 23  0.00000          nan | 24  0.00000          nan
 25  0.00000          nan | 26  0.00000          nan | 27  0.00000          nan
 28  0.00000          nan | 29  0.00000          nan | 30  0.00000          nan
 31  0.00000          nan | 32  0.00000          nan | 33  0.00000          nan
 34  0.00000          nan | 35  0.00000          nan | 36  0.00000          nan
 37  0.00000          nan | 38  0.00000          nan | 39  0.00000          nan
 40  0.00000          nan | 41  0.00000          nan | 42  0.00000          nan
 43  0.00000          nan | 44  0.00000          nan | 45  0.00000          nan
 46  0.00000          nan | 47  0.00000          nan | 48  0.00000          nan
 49  0.00000          nan | 50  0.00000          nan | 51  0.00000          nan
 52  0.00000          nan | 53  0.00000          nan | 54  0.00000          nan
 55  0.00000          nan | 56  0.00000          nan | 57  0.00000          nan
 58  0.00000          nan | 59  0.00000          nan | 60  0.00000          nan
 61  0.00000          nan | 62  0.00000          nan | 63  0.00000          nan
 64  0.00000          nan | 65  0.00000          nan | 66  0.00000          nan
 67  0.00000          nan | 68  0.00000          nan | 69  0.00000          nan
 70  0.00000          nan | 71  0.00000          nan | 72  0.00000          nan
 73  0.00000          nan | 74  0.00000          nan | 75  0.00000          nan
 76  0.00000         -nan | 77  0.00000         -nan | 78  0.00000         -nan
 79  0.00000         -nan | 80  0.00000         -nan | 81  0.00000         -nan
 82  0.00000         -nan | 83  0.00000         -nan | 84  0.00000         -nan
 85  0.00000         -nan | 86  0.00000         -nan | 87  0.00000         -nan
 88  0.00000         -nan | 89  0.00000         -nan | 90  0.00000         -nan
 91  0.00000         -nan | 92  0.00000         -nan | 93  0.00000         -nan
 94  0.00000         -nan | 95  0.00000         -nan | 96  0.00000         -nan
 97  0.00000         -nan | 98  0.00000         -nan | 99  0.00000         -nan
100  0.00000         -nan |101  0.00000         -nan |102  0.00000         -nan
103  0.00000         -nan |104  0.00000         -nan |105  0.00000         -nan
106  0.00000         -nan |107  0.81654 -9.23378e+01 |108 -0.41581  4.14493e+02
109  0.22185  1.40045e+02 |110 -0.25275 -2.35352e+02 |

Initial statistics: 122 variables; iteration 0; function evaluation 0; phase 6
Function value -nan; maximum gradient component mag -2.1863e+03
Var    Value     Gradient |Var    Value     Gradient |Var    Value     Gradient
  1 -0.42263 -1.54669e+02 |  2 -0.42263 -2.18631e+03 |  3 -0.41094 -7.70949e+02
  4 -0.41222 -9.05853e+01 |  5 -0.41222 -1.50100e+02 |  6  0.63311 -1.21386e+03
  7  0.00000 -2.64556e+00 |  8  0.00000  2.88333e+00 |  9  0.00000  6.99950e+00
 10  0.00000  1.20336e+01 | 11  0.00000 -9.35803e-01 | 12  0.00000          nan
 13  0.00000          nan | 14  0.00000          nan | 15  0.00000          nan
 16  0.00000          nan | 17  0.00000          nan | 18  0.00000          nan
 19  0.00000          nan | 20  0.00000          nan | 21  0.00000          nan
 22  0.00000          nan | 23  0.00000          nan | 24  0.00000          nan
 25  0.00000          nan | 26  0.00000          nan | 27  0.00000          nan
 28  0.00000          nan | 29  0.00000          nan | 30  0.00000          nan
 31  0.00000          nan | 32  0.00000          nan | 33  0.00000          nan
 34  0.00000          nan | 35  0.00000          nan | 36  0.00000          nan
 37  0.00000          nan | 38  0.00000          nan | 39  0.00000          nan
 40  0.00000          nan | 41  0.00000          nan | 42  0.00000          nan
 43  0.00000          nan | 44  0.00000          nan | 45  0.00000          nan
 46  0.00000          nan | 47  0.00000          nan | 48  0.00000          nan
 49  0.00000          nan | 50  0.00000          nan | 51  0.00000          nan
 52  0.00000          nan | 53  0.00000          nan | 54  0.00000          nan
 55  0.00000          nan | 56  0.00000          nan | 57  0.00000          nan
 58  0.00000          nan | 59  0.00000          nan | 60  0.00000          nan
 61  0.00000          nan | 62  0.00000          nan | 63  0.00000          nan
 64  0.00000          nan | 65  0.00000          nan | 66  0.00000          nan
 67  0.00000          nan | 68  0.00000          nan | 69  0.00000          nan
 70  0.00000          nan | 71  0.00000          nan | 72  0.00000          nan
 73  0.00000          nan | 74  0.00000          nan | 75  0.00000          nan
 76  0.00000         -nan | 77  0.00000         -nan | 78  0.00000         -nan
 79  0.00000         -nan | 80  0.00000         -nan | 81  0.00000         -nan
 82  0.00000         -nan | 83  0.00000         -nan | 84  0.00000         -nan
 85  0.00000         -nan | 86  0.00000         -nan | 87  0.00000         -nan
 88  0.00000         -nan | 89  0.00000         -nan | 90  0.00000         -nan
 91  0.00000         -nan | 92  0.00000         -nan | 93  0.00000         -nan
 94  0.00000         -nan | 95  0.00000         -nan | 96  0.00000         -nan
 97  0.00000         -nan | 98  0.00000         -nan | 99  0.00000         -nan
100  0.00000         -nan |101  0.00000         -nan |102  0.00000         -nan
103  0.00000         -nan |104  0.00000         -nan |105  0.00000         -nan
106  0.00000         -nan |107  0.00000  0.00000e+00 |108  0.00000  0.00000e+00
109  0.00000  0.00000e+00 |110  0.00000  0.00000e+00 |111  0.00000  0.00000e+00
112  0.00000  0.00000e+00 |113  0.00000  0.00000e+00 |114  0.00000  0.00000e+00
115  0.00000  0.00000e+00 |116  0.00000  0.00000e+00 |117  0.00000  0.00000e+00
118  0.00000  0.00000e+00 |119  0.81654 -9.23378e+01 |120 -0.41581  4.14493e+02
121  0.22185  1.40045e+02 |122 -0.25275 -2.35352e+02 |
  ic > imax  in fminim is answer attained ?
Var    Value     Gradient |Var    Value     Gradient |Var    Value     Gradient
  1 -0.42263 -1.54669e+02 |  2 -0.42263 -2.18631e+03 |  3 -0.41094 -7.70949e+02
  4 -0.41222 -9.05853e+01 |  5 -0.41222 -1.50100e+02 |  6  0.63311 -1.21386e+03
  7  0.00000 -2.64556e+00 |  8  0.00000  2.88333e+00 |  9  0.00000  6.99950e+00
 10  0.00000  1.20336e+01 | 11  0.00000 -9.35803e-01 | 12  0.00000          nan
 13  0.00000          nan | 14  0.00000          nan | 15  0.00000          nan
 16  0.00000          nan | 17  0.00000          nan | 18  0.00000          nan
 19  0.00000          nan | 20  0.00000          nan | 21  0.00000          nan
 22  0.00000          nan | 23  0.00000          nan | 24  0.00000          nan
 25  0.00000          nan | 26  0.00000          nan | 27  0.00000          nan
 28  0.00000          nan | 29  0.00000          nan | 30  0.00000          nan
 31  0.00000          nan | 32  0.00000          nan | 33  0.00000          nan
 34  0.00000          nan | 35  0.00000          nan | 36  0.00000          nan
 37  0.00000          nan | 38  0.00000          nan | 39  0.00000          nan
 40  0.00000          nan | 41  0.00000          nan | 42  0.00000          nan
 43  0.00000          nan | 44  0.00000          nan | 45  0.00000          nan
 46  0.00000          nan | 47  0.00000          nan | 48  0.00000          nan
 49  0.00000          nan | 50  0.00000          nan | 51  0.00000          nan
 52  0.00000          nan | 53  0.00000          nan | 54  0.00000          nan
 55  0.00000          nan | 56  0.00000          nan | 57  0.00000          nan
 58  0.00000          nan | 59  0.00000          nan | 60  0.00000          nan
 61  0.00000          nan | 62  0.00000          nan | 63  0.00000          nan
 64  0.00000          nan | 65  0.00000          nan | 66  0.00000          nan
 67  0.00000          nan | 68  0.00000          nan | 69  0.00000          nan
 70  0.00000          nan | 71  0.00000          nan | 72  0.00000          nan
 73  0.00000          nan | 74  0.00000          nan | 75  0.00000          nan
 76  0.00000         -nan | 77  0.00000         -nan | 78  0.00000         -nan
 79  0.00000         -nan | 80  0.00000         -nan | 81  0.00000         -nan
 82  0.00000         -nan | 83  0.00000         -nan | 84  0.00000         -nan
 85  0.00000         -nan | 86  0.00000         -nan | 87  0.00000         -nan
 88  0.00000         -nan | 89  0.00000         -nan | 90  0.00000         -nan
 91  0.00000         -nan | 92  0.00000         -nan | 93  0.00000         -nan
 94  0.00000         -nan | 95  0.00000         -nan | 96  0.00000         -nan
 97  0.00000         -nan | 98  0.00000         -nan | 99  0.00000         -nan
100  0.00000         -nan |101  0.00000         -nan |102  0.00000         -nan
103  0.00000         -nan |104  0.00000         -nan |105  0.00000         -nan
106  0.00000         -nan |107  0.00000  0.00000e+00 |108  0.00000  0.00000e+00
109  0.00000  0.00000e+00 |110  0.00000  0.00000e+00 |111  0.00000  0.00000e+00
112  0.00000  0.00000e+00 |113  0.00000  0.00000e+00 |114  0.00000  0.00000e+00
115  0.00000  0.00000e+00 |116  0.00000  0.00000e+00 |117  0.00000  0.00000e+00
118  0.00000  0.00000e+00 |119  0.81654 -9.23378e+01 |120 -0.41581  4.14493e+02
121  0.22185  1.40045e+02 |122 -0.25275 -2.35352e+02 |
Function minimizer not making progress ... is minimum attained?
Minimprove criterion = 0.0000e+00

 - final statistics:
122 variables; iteration 1; function evaluation 30
Function value -nan; maximum gradient component mag -2.1863e+03
Exit code = 1;  converg criter 1.0000e-04
Var    Value     Gradient |Var    Value     Gradient |Var    Value     Gradient
  1 -0.42263 -1.54669e+02 |  2 -0.42263 -2.18631e+03 |  3 -0.41094 -7.70949e+02
  4 -0.41222 -9.05853e+01 |  5 -0.41222 -1.50100e+02 |  6  0.63311 -1.21386e+03
  7  0.00000 -2.64556e+00 |  8  0.00000  2.88333e+00 |  9  0.00000  6.99950e+00
 10  0.00000  1.20336e+01 | 11  0.00000 -9.35803e-01 | 12  0.00000          nan
 13  0.00000          nan | 14  0.00000          nan | 15  0.00000          nan
 16  0.00000          nan | 17  0.00000          nan | 18  0.00000          nan
 19  0.00000          nan | 20  0.00000          nan | 21  0.00000          nan
 22  0.00000          nan | 23  0.00000          nan | 24  0.00000          nan
 25  0.00000          nan | 26  0.00000          nan | 27  0.00000          nan
 28  0.00000          nan | 29  0.00000          nan | 30  0.00000          nan
 31  0.00000          nan | 32  0.00000          nan | 33  0.00000          nan
 34  0.00000          nan | 35  0.00000          nan | 36  0.00000          nan
 37  0.00000          nan | 38  0.00000          nan | 39  0.00000          nan
 40  0.00000          nan | 41  0.00000          nan | 42  0.00000          nan
 43  0.00000          nan | 44  0.00000          nan | 45  0.00000          nan
 46  0.00000          nan | 47  0.00000          nan | 48  0.00000          nan
 49  0.00000          nan | 50  0.00000          nan | 51  0.00000          nan
 52  0.00000          nan | 53  0.00000          nan | 54  0.00000          nan
 55  0.00000          nan | 56  0.00000          nan | 57  0.00000          nan
 58  0.00000          nan | 59  0.00000          nan | 60  0.00000          nan
 61  0.00000          nan | 62  0.00000          nan | 63  0.00000          nan
 64  0.00000          nan | 65  0.00000          nan | 66  0.00000          nan
 67  0.00000          nan | 68  0.00000          nan | 69  0.00000          nan
 70  0.00000          nan | 71  0.00000          nan | 72  0.00000          nan
 73  0.00000          nan | 74  0.00000          nan | 75  0.00000          nan
 76  0.00000         -nan | 77  0.00000         -nan | 78  0.00000         -nan
 79  0.00000         -nan | 80  0.00000         -nan | 81  0.00000         -nan
 82  0.00000         -nan | 83  0.00000         -nan | 84  0.00000         -nan
 85  0.00000         -nan | 86  0.00000         -nan | 87  0.00000         -nan
 88  0.00000         -nan | 89  0.00000         -nan | 90  0.00000         -nan
 91  0.00000         -nan | 92  0.00000         -nan | 93  0.00000         -nan
 94  0.00000         -nan | 95  0.00000         -nan | 96  0.00000         -nan
 97  0.00000         -nan | 98  0.00000         -nan | 99  0.00000         -nan
100  0.00000         -nan |101  0.00000         -nan |102  0.00000         -nan
103  0.00000         -nan |104  0.00000         -nan |105  0.00000         -nan
106  0.00000         -nan |107  0.00000  0.00000e+00 |108  0.00000  0.00000e+00
109  0.00000  0.00000e+00 |110  0.00000  0.00000e+00 |111  0.00000  0.00000e+00
112  0.00000  0.00000e+00 |113  0.00000  0.00000e+00 |114  0.00000  0.00000e+00
115  0.00000  0.00000e+00 |116  0.00000  0.00000e+00 |117  0.00000  0.00000e+00
118  0.00000  0.00000e+00 |119  0.81654 -9.23378e+01 |120 -0.41581  4.14493e+02
121  0.22185  1.40045e+02 |122 -0.25275 -2.35352e+02 |
size of file gradfil1.tmp = 0
size of file gradfil2.tmp = 0
size of file varssave.tmp = 0
size of file cmpdiff.tmp = 0
