
Initial statistics: 1 variables; iteration 0; function evaluation 0; phase 1
Function value 2.8274150e+03; maximum gradient component mag -7.2211e+03
Var    Value     Gradient |Var    Value     Gradient |Var    Value     Gradient
  1  0.63197 -7.22114e+03 |

 - final statistics:
1 variables; iteration 4; function evaluation 7
Function value 2.7869e+03; maximum gradient component mag -8.5561e+00
Exit code = 1;  converg criter 1.0000e+01
Var    Value     Gradient |Var    Value     Gradient |Var    Value     Gradient
  1  0.64433 -8.55611e+00 |

Initial statistics: 98 variables; iteration 0; function evaluation 0; phase 2
Function value 2.7868823e+03; maximum gradient component mag -2.5148e+03
Var    Value     Gradient |Var    Value     Gradient |Var    Value     Gradient
  1  0.64433 -8.55611e+00 |  2  0.00000  4.81295e+01 |  3  0.00000  2.65000e+01
  4  0.00000  5.41179e+01 |  5  0.00000  9.23459e+00 |  6  0.00000  3.09743e+01
  7  0.00000  6.95052e+01 |  8  0.00000  3.41068e+01 |  9  0.00000  6.68915e+01
 10  0.00000  1.21495e+02 | 11  0.00000  1.98757e+02 | 12  0.00000  1.42291e+02
 13  0.00000  1.25495e+02 | 14  0.00000 -4.01756e+02 | 15  0.00000  2.21877e+02
 16  0.00000  8.33293e+01 | 17  0.00000 -6.58415e+01 | 18  0.00000 -3.96931e+02
 19  0.00000  3.07055e+01 | 20  0.00000  1.69488e+02 | 21  0.00000  1.11817e+02
 22  0.00000  4.41908e+02 | 23  0.00000  9.02932e+01 | 24  0.00000  7.35340e+01
 25  0.00000 -6.54861e+02 | 26  0.00000 -7.28218e+01 | 27  0.00000  1.27083e+02
 28  0.00000  1.18588e+02 | 29  0.00000 -1.72523e+02 | 30  0.00000  4.62659e+02
 31  0.00000 -9.53693e+01 | 32  0.00000  4.00993e+02 | 33  0.00000 -1.25291e+02
 34  0.00000  4.79134e+02 | 35  0.00000  2.13306e+02 | 36  0.00000  1.74212e+02
 37  0.00000  4.85929e+01 | 38  0.00000 -1.63441e+02 | 39  0.00000  3.07783e+02
 40  0.00000  5.52635e+02 | 41  0.00000  1.23587e+02 | 42  0.00000 -1.43447e+02
 43  0.00000 -3.38087e+02 | 44  0.00000  5.87920e+02 | 45  0.00000  3.04789e+02
 46  0.00000  5.59104e+02 | 47  0.00000  4.28682e+02 | 48  0.00000 -2.53134e+02
 49  0.00000  5.37977e+02 | 50  0.00000  3.40684e+02 | 51  0.00000 -2.38373e+02
 52  0.00000  4.61183e+02 | 53  0.00000  3.30879e+02 | 54  0.00000  9.74204e+02
 55  0.00000  3.85713e+02 | 56  0.00000  3.21387e+01 | 57  0.00000  1.39775e+02
 58  0.00000 -2.37452e+03 | 59  0.00000  8.41526e+01 | 60  0.00000 -9.98103e+01
 61  0.00000  1.21875e+03 | 62  0.00000  3.48961e+02 | 63  0.00000  3.15007e+02
 64  0.00000  2.67179e+02 | 65  0.00000 -5.45012e+02 | 66  0.00000 -4.48264e+02
 67  0.00000  4.24110e+02 | 68  0.00000 -1.93799e+02 | 69  0.00000 -1.26654e+03
 70  0.00000 -2.51479e+03 | 71  0.00000 -8.02002e+02 | 72  0.00000  1.04191e+02
 73  0.00000  1.30563e+02 | 74  0.00000  3.21753e+02 | 75  0.00000 -1.12241e+03
 76  0.00000  4.39173e+02 | 77  0.00000 -1.27074e+03 | 78  0.00000 -6.96532e+02
 79  0.00000  2.31340e+02 | 80  0.00000 -4.48271e+02 | 81  0.00000 -1.40774e+03
 82  0.00000  2.88324e+02 | 83  0.00000 -9.90457e+02 | 84  0.00000  6.32777e+02
 85  0.00000  8.16648e+02 | 86  0.00000  1.55237e+02 | 87  0.00000  4.47305e+02
 88  0.00000  2.85633e+02 | 89  0.00000  3.33783e+02 | 90  0.00000  1.98067e+01
 91  0.00000  1.40481e+02 | 92  0.00000  7.81846e+01 | 93  0.00000 -2.42355e+01
 94  0.00000 -5.67679e+00 | 95  0.00000  3.62393e+00 | 96  0.00000  3.62384e+00
 97  0.81654 -8.93530e+01 | 98  0.22185  1.66813e+02 |

Intermediate statistics: 98 variables; iteration 20; function evaluation 31; phase 2
Function value 2.3201822e+03; maximum gradient component mag 1.2894e+03
Var    Value     Gradient |Var    Value     Gradient |Var    Value     Gradient
  1  0.63545  1.28935e+03 |  2  0.03424  8.95226e+01 |  3 -0.00005 -1.55836e+01
  4  0.03956  1.26879e+02 |  5 -0.01525 -7.50267e+01 |  6 -0.00894 -4.10453e+01
  7 -0.02957 -6.75584e+01 |  8  0.01916  6.81688e+01 |  9 -0.00150  1.13876e+01
 10 -0.03386 -7.06448e+01 | 11 -0.08139 -1.65482e+02 | 12  0.03829  4.03091e+02
 13 -0.00044  6.52967e+01 | 14  0.04420  4.56776e+01 | 15 -0.05223 -2.05474e+02
 16  0.00594  8.31067e+01 | 17 -0.00057 -1.37820e+02 | 18  0.02111 -1.87141e+02
 19 -0.00692 -1.29626e+02 | 20 -0.01430 -9.42889e+01 | 21 -0.00497 -6.55450e+01
 22 -0.01681  1.29763e+02 | 23 -0.00452 -5.58429e+01 | 24 -0.00136 -2.82964e+00
 25  0.04315  6.27554e+01 | 26  0.00976  4.61996e+00 | 27  0.00226  7.37758e+01
 28  0.00454  9.62347e+01 | 29  0.01340 -4.23188e+01 | 30 -0.01468  1.74510e+02
 31  0.00816 -5.40809e+01 | 32 -0.01580  1.02452e+02 | 33  0.00951 -4.70304e+01
 34 -0.01652  1.71493e+02 | 35  0.00075  1.53959e+02 | 36  0.00038  1.17664e+02
 37  0.00379  5.09573e+01 | 38  0.01418  1.38821e+01 | 39 -0.01274  4.34329e+01
 40 -0.02765  9.76183e+01 | 41 -0.00153  3.00807e+01 | 42  0.01724  1.33546e+02
 43  0.02556  1.38215e+02 | 44 -0.04138 -3.75081e+01 | 45 -0.00450  1.40751e+02
 46 -0.02002  1.49755e+02 | 47 -0.00753  2.18837e+02 | 48  0.01921  1.20476e+02
 49 -0.01715  1.50932e+02 | 50 -0.00802  1.03205e+02 | 51  0.02165  2.94072e+02
 52 -0.01238  9.80376e+01 | 53  0.00040  2.11866e+02 | 54 -0.03119  8.34574e+01
 55 -0.00253  1.98558e+02 | 56  0.01417  4.61511e+02 | 57  0.00557  3.60977e+02
 58  0.05108 -3.06416e+02 | 59 -0.00589  1.06830e+01 | 60  0.00838  1.10849e+02
 61 -0.03435  3.75175e+02 | 62 -0.00909  2.92212e+01 | 63 -0.01180 -2.69943e+01
 64 -0.01875 -1.62002e+02 | 65  0.01893  1.09908e+02 | 66  0.01169 -4.26124e+01
 67 -0.02238 -5.38460e+00 | 68 -0.00320 -1.76995e+02 | 69  0.02808 -3.24870e+02
 70  0.05490 -5.12397e+02 | 71  0.01497 -2.78580e+02 | 72 -0.02318 -2.69470e+02
 73 -0.01151 -1.28221e+02 | 74 -0.03058 -2.10969e+02 | 75  0.03292 -1.12990e+02
 76 -0.03536 -1.17823e+02 | 77  0.03543 -1.32101e+02 | 78  0.01374 -2.92626e+02
 79 -0.03573 -3.43549e+02 | 80  0.00994 -1.50857e+02 | 81  0.03094 -3.81115e+02
 82 -0.02687 -1.91959e+02 | 83  0.02897 -6.88095e+01 | 84 -0.02844 -1.04021e+01
 85 -0.04156 -7.50040e+01 | 86 -0.00928 -1.39707e+02 | 87 -0.01373  1.23918e+02
 88 -0.00637  1.52377e+02 | 89 -0.01924  1.25056e+01 | 90 -0.00174  1.04834e+00
 91 -0.01329 -2.82755e+01 | 92 -0.03945 -2.13677e+02 | 93  0.03559  1.64849e+02
 94  0.07509  7.85698e+01 | 95  0.04165  2.81582e+01 | 96  0.04165  2.81602e+01
 97  0.81150 -7.08830e+01 | 98  0.22144  1.02836e+02 |
98 variables; iteration 40; function evaluation 58; phase 2
Function value 2.2553274e+03; maximum gradient component mag 2.5654e+03
Var    Value     Gradient |Var    Value     Gradient |Var    Value     Gradient
  1  0.62323  2.56539e+03 |  2 -0.01330 -6.37246e+01 |  3 -0.00955 -8.05040e+01
  4 -0.02708 -9.45593e+01 |  5  0.00887 -5.62670e+01 |  6 -0.00174 -6.63844e+01
  7 -0.02941 -1.11801e+02 |  8  0.00639 -4.07382e+01 |  9 -0.00182 -4.34534e+01
 10 -0.01727 -5.94297e+01 | 11 -0.02935 -4.67347e+01 | 12 -0.00475 -2.92363e+00
 13 -0.00943 -5.80675e+01 | 14  0.04317 -6.16141e+01 | 15 -0.02582 -1.04404e+02
 16  0.00289 -8.60551e+00 | 17  0.00988 -6.53027e+01 | 18  0.03200 -6.04240e+01
 19  0.00445 -4.84959e+01 | 20 -0.00714 -7.31916e+01 | 21  0.00196 -4.69984e+01
 22 -0.02452 -1.53606e+01 | 23  0.00271 -4.18939e+01 | 24  0.00360 -1.14311e+01
 25  0.05093  1.48513e+02 | 26  0.01255 -3.33818e+01 | 27  0.00249 -1.91119e+00
 28  0.00374  4.03762e+00 | 29  0.01986 -8.60471e+00 | 30 -0.02222  2.46646e+01
 31  0.01576 -2.11740e+00 | 32 -0.01944 -3.58095e+00 | 33  0.01676  2.95380e+00
 34 -0.02398  1.81735e+01 | 35 -0.00165  3.57929e+01 | 36 -0.00069  2.23747e+01
 37  0.00645  1.55397e+01 | 38  0.02178  7.51773e+01 | 39 -0.00967  1.19110e+01
 40 -0.03073 -1.18349e+00 | 41  0.00402  3.47640e+01 | 42  0.02213  1.37720e+02
 43  0.02976  1.30131e+02 | 44 -0.03539 -4.30359e+01 | 45 -0.00336  6.87410e+01
 46 -0.02018  6.50609e+01 | 47 -0.00969  9.05123e+01 | 48  0.02440  1.31481e+02
 49 -0.01804  5.04541e+01 | 50 -0.00158  1.34653e+02 | 51  0.02613  3.05865e+02
 52 -0.00522  1.50231e+02 | 53 -0.00029  7.54746e+01 | 54 -0.02741  6.17861e+01
 55 -0.00009  1.44217e+02 | 56  0.00711  7.11611e+01 | 57  0.00125  1.45014e+02
 58  0.07131  8.79541e+02 | 59 -0.00045  8.48877e+01 | 60  0.01145  8.89648e+01
 61 -0.04983  6.01202e+01 | 62 -0.00891 -7.54055e+01 | 63 -0.00733  6.81189e+00
 64 -0.00698  4.99457e+01 | 65  0.02544  2.88246e+02 | 66  0.01530 -5.83612e+00
 67 -0.02302 -6.96973e+01 | 68  0.00550 -2.42480e+01 | 69  0.03914  4.73659e+01
 70  0.06674  9.70918e+01 | 71  0.02649  3.58677e+01 | 72 -0.01269 -1.31112e+02
 73 -0.01020 -1.47368e+02 | 74 -0.02497 -1.81204e+02 | 75  0.03675 -4.20597e+01
 76 -0.03172 -1.20709e+02 | 77  0.03805 -1.02356e+02 | 78  0.01964 -1.84660e+02
 79 -0.02284 -2.05514e+02 | 80  0.01241 -1.46774e+02 | 81  0.04564  1.66570e+02
 82 -0.02088 -1.54963e+02 | 83  0.03211 -8.47745e+01 | 84 -0.02722 -8.16094e+01
 85 -0.04187 -1.55648e+02 | 86  0.00284  3.07896e+01 | 87 -0.01516 -2.04231e+01
 88 -0.00968 -6.30249e+01 | 89 -0.01973 -1.05518e+02 | 90  0.00305 -2.76698e+01
 91 -0.00772 -2.38028e+01 | 92 -0.01661 -1.22333e+02 | 93  0.01666  3.42661e+00
 94 -0.01061 -9.76680e+01 | 95 -0.02453 -1.10955e+02 | 96 -0.02453 -1.10956e+02
 97  0.83737  1.16996e+02 | 98  0.21399 -1.74020e+01 |
98 variables; iteration 60; function evaluation 87; phase 2
Function value 2.2341764e+03; maximum gradient component mag 3.2942e+02
Var    Value     Gradient |Var    Value     Gradient |Var    Value     Gradient
  1  0.62023  3.29415e+02 |  2 -0.02027 -1.50964e+01 |  3 -0.00958 -1.87782e+01
  4 -0.01641 -1.00387e+01 |  5  0.00678 -2.45864e+00 |  6  0.00037 -8.92569e-01
  7 -0.01476 -1.18719e+01 |  8  0.00041 -6.13484e+00 |  9 -0.00822 -1.16169e+01
 10 -0.01577  2.86220e+00 | 11 -0.03424 -8.05805e+00 | 12 -0.01436 -1.54985e+00
 13 -0.01042 -1.29305e+01 | 14  0.04450 -1.24150e+01 | 15 -0.02022 -1.53156e+01
 16 -0.00087 -2.20840e+00 | 17  0.01123 -7.24780e+00 | 18  0.03231 -2.38335e+01
 19  0.00503  5.02571e-01 | 20 -0.00586 -1.48586e+01 | 21  0.00073 -2.23458e+01
 22 -0.02806 -6.15264e-02 | 23  0.00262 -5.96372e+00 | 24  0.00162 -2.69471e+00
 25  0.04396 -1.95853e+01 | 26  0.01181 -1.68701e+01 | 27  0.00027  2.62346e+00
 28  0.00127  2.02073e+00 | 29  0.01959  8.20551e+00 | 30 -0.02819  5.84142e+00
 31  0.01503 -2.86527e-01 | 32 -0.02271 -4.71750e+00 | 33  0.01504 -2.35598e+01
 34 -0.02873  5.60714e-01 | 35 -0.00519 -8.49200e-01 | 36 -0.00326 -4.62190e+00
 37  0.00583  3.21309e+00 | 38  0.02120  3.75969e+01 | 39 -0.01127 -2.86538e+00
 40 -0.03289 -3.17474e+00 | 41  0.00293 -4.44279e+00 | 42  0.01813  1.34482e+00
 43  0.02909  3.17798e+01 | 44 -0.03304 -1.26660e+01 | 45 -0.00564 -9.95944e-01
 46 -0.02347  7.06877e+00 | 47 -0.01325  3.13925e-01 | 48  0.02496  1.84848e+01
 49 -0.01896 -2.30431e+00 | 50 -0.00368  1.70830e+01 | 51  0.02204  2.41559e+01
 52 -0.00869  1.15440e+01 | 53  0.00186  5.95311e+01 | 54 -0.02527  9.04554e+01
 55 -0.00192  4.83450e+01 | 56  0.00741  1.43516e+01 | 57 -0.00270 -1.61970e+01
 58  0.06131 -8.77620e+01 | 59  0.00119  6.69311e+01 | 60  0.01132  3.39555e+01
 61 -0.05366  4.02224e+01 | 62 -0.00494  2.50510e+01 | 63 -0.00694  1.93672e+01
 64 -0.00925 -7.57605e+00 | 65  0.02148  9.78899e+01 | 66  0.01670  1.40845e+01
 67 -0.02009  5.84985e-01 | 68  0.00639 -4.17805e+00 | 69  0.04051  4.84984e+01
 70  0.06882  9.98939e+01 | 71  0.02509 -2.21471e+01 | 72 -0.00610  1.57217e+01
 73 -0.00517 -1.15877e+01 | 74 -0.01771 -1.94669e+01 | 75  0.03743 -7.27157e+00
 76 -0.02728 -1.19905e+01 | 77  0.03922 -4.48366e+01 | 78  0.02214 -7.32571e+01
 79 -0.01471 -1.78979e+01 | 80  0.01850  6.88912e+01 | 81  0.04074 -4.83686e+01
 82 -0.01760 -5.23966e+01 | 83  0.03180 -6.14577e+01 | 84 -0.02499  1.28345e+01
 85 -0.03712 -3.21411e+01 | 86  0.00013  1.28296e+01 | 87 -0.01683  2.20762e+00
 88 -0.01138 -3.42396e+01 | 89 -0.01806 -1.73140e+01 | 90  0.00065 -6.99780e-01
 91 -0.01297 -5.97800e+00 | 92 -0.01053 -9.15077e+00 | 93  0.00089 -1.08276e+01
 94 -0.00612 -2.71976e+01 | 95 -0.00037 -9.69952e+00 | 96 -0.00037 -9.69675e+00
 97  0.83656  9.95756e+00 | 98  0.21487  4.61699e+00 |
Maximum number of function evaluations exceeded

 - final statistics:
98 variables; iteration 70; function evaluation 100
Function value 2.2331e+03; maximum gradient component mag 1.2934e+02
Exit code = 3;  converg criter 1.0000e+01
Var    Value     Gradient |Var    Value     Gradient |Var    Value     Gradient
  1  0.62032  1.29345e+02 |  2 -0.01825 -5.15941e+00 |  3  0.00379  1.64109e+01
  4 -0.01837 -8.23241e+00 |  5  0.00382 -4.43630e+00 |  6 -0.00495 -1.00800e+01
  7 -0.01492 -6.36615e+00 |  8 -0.00037 -2.96777e+00 |  9 -0.00884 -7.94735e+00
 10 -0.01615  7.37284e+00 | 11 -0.03502 -4.85355e+00 | 12 -0.01585 -2.83516e+00
 13 -0.00834  5.72040e+00 | 14  0.04460 -4.30629e+00 | 15 -0.01853  2.68910e+00
 16 -0.00177 -4.74213e+00 | 17  0.01145  1.32037e+00 | 18  0.03241 -1.67367e+01
 19  0.00445 -9.18491e-01 | 20 -0.00567 -7.02034e+00 | 21  0.00156 -6.33468e+00
 22 -0.02843  2.45873e+00 | 23  0.00265 -6.33471e-01 | 24  0.00117 -3.11186e+00
 25  0.04411 -1.22769e+01 | 26  0.01137 -1.88964e+01 | 27 -0.00019  9.20330e-01
 28  0.00071 -1.71932e+00 | 29  0.01902  8.84808e-01 | 30 -0.02829  9.53270e+00
 31  0.01537  9.02580e+00 | 32 -0.02250  2.00263e+00 | 33  0.01591 -5.04269e+00
 34 -0.02941 -1.81461e+00 | 35 -0.00547 -1.99295e+00 | 36 -0.00371 -8.97008e+00
 37  0.00577  2.15903e+00 | 38  0.01937  1.89455e+00 | 39 -0.01117 -7.90809e-01
 40 -0.03392 -9.89169e+00 | 41  0.00327  3.30848e-01 | 42  0.01839  3.10752e+00
 43  0.02848  1.21902e+01 | 44 -0.03184 -7.50287e-02 | 45 -0.00551 -1.57115e+00
 46 -0.02442 -4.60145e+00 | 47 -0.01298  1.60107e+00 | 48  0.02471  4.00804e+00
 49 -0.01813  7.73683e+00 | 50 -0.00358  1.53771e+01 | 51  0.02088 -1.73826e+01
 52 -0.00932 -5.88369e+00 | 53  0.00012  8.38060e+00 | 54 -0.02798  3.78404e+01
 55 -0.00286  1.83928e+01 | 56  0.00683 -5.01427e+00 | 57 -0.00179  4.20566e+00
 58  0.06243 -3.65414e+01 | 59  0.00024  4.08574e+01 | 60  0.01092  1.38739e+01
 61 -0.05471  2.91082e+01 | 62 -0.00520  1.59885e+01 | 63 -0.00742  7.19562e+00
 64 -0.00904 -3.58073e+00 | 65  0.02000  4.32624e+01 | 66  0.01662  9.94007e+00
 67 -0.01977  9.36748e+00 | 68  0.00643 -2.09605e+00 | 69  0.03985  1.87446e+01
 70  0.06761  2.23181e+01 | 71  0.02576 -4.05883e+00 | 72 -0.00600  2.16814e+01
 73 -0.00481  5.02348e-01 | 74 -0.01749 -1.00439e+01 | 75  0.03760  4.09578e+00
 76 -0.02757 -1.03787e+01 | 77  0.03983 -1.27088e+01 | 78  0.02336 -2.82666e+01
 79 -0.01455 -9.40461e+00 | 80  0.01706  2.93720e+01 | 81  0.04088 -3.67412e+01
 82 -0.01601 -1.55268e+01 | 83  0.03229 -3.23941e+01 | 84 -0.02557  1.05057e+01
 85 -0.03526  4.80751e-01 | 86 -0.00076 -5.35697e+00 | 87 -0.01796 -1.40265e+01
 88 -0.01042 -9.08808e+00 | 89 -0.01712  3.94968e+00 | 90  0.00052  3.26706e+00
 91 -0.01339 -5.79989e+00 | 92 -0.01220 -1.66757e+01 | 93  0.00147 -1.50776e+00
 94  0.00274 -7.25651e+00 | 95 -0.00093 -4.61402e+00 | 96 -0.00093 -4.62083e+00
 97  0.83803  1.36249e+01 | 98  0.21479 -4.43001e+00 |

Initial statistics: 100 variables; iteration 0; function evaluation 0; phase 3
Function value 2.2330754e+03; maximum gradient component mag 1.2934e+02
Var    Value     Gradient |Var    Value     Gradient |Var    Value     Gradient
  1  0.62032  1.29345e+02 |  2 -0.01824 -5.12474e+00 |  3  0.00379  1.64456e+01
  4 -0.01836 -8.19773e+00 |  5  0.00382 -4.40161e+00 |  6 -0.00495 -1.00453e+01
  7 -0.01492 -6.33147e+00 |  8 -0.00037 -2.93308e+00 |  9 -0.00884 -7.91266e+00
 10 -0.01615  7.40752e+00 | 11 -0.03502 -4.81891e+00 | 12 -0.01585 -2.80048e+00
 13 -0.00834  5.75509e+00 | 14  0.04460 -4.27169e+00 | 15 -0.01853  2.72378e+00
 16 -0.00177 -4.70744e+00 | 17  0.01145  1.35505e+00 | 18  0.03241 -1.67020e+01
 19  0.00445 -8.83800e-01 | 20 -0.00567 -6.98565e+00 | 21  0.00156 -6.29999e+00
 22 -0.02843  2.49339e+00 | 23  0.00265 -5.98779e-01 | 24  0.00117 -3.07717e+00
 25  0.04411 -1.22423e+01 | 26  0.01137 -1.88617e+01 | 27 -0.00019  9.55022e-01
 28  0.00071 -1.68463e+00 | 29  0.01902  9.19484e-01 | 30 -0.02829  9.56736e+00
 31  0.01538  9.06048e+00 | 32 -0.02250  2.03730e+00 | 33  0.01591 -5.00801e+00
 34 -0.02941 -1.77996e+00 | 35 -0.00547 -1.95826e+00 | 36 -0.00371 -8.93539e+00
 37  0.00577  2.19372e+00 | 38  0.01938  1.92922e+00 | 39 -0.01117 -7.56122e-01
 40 -0.03392 -9.85705e+00 | 41  0.00327  3.65539e-01 | 42  0.01839  3.14220e+00
 43  0.02848  1.22248e+01 | 44 -0.03184 -4.03803e-02 | 45 -0.00551 -1.53646e+00
 46 -0.02442 -4.56679e+00 | 47 -0.01298  1.63576e+00 | 48  0.02471  4.04270e+00
 49 -0.01813  7.77151e+00 | 50 -0.00358  1.54118e+01 | 51  0.02088 -1.73479e+01
 52 -0.00932 -5.84901e+00 | 53  0.00013  8.41529e+00 | 54 -0.02798  3.78750e+01
 55 -0.00286  1.84275e+01 | 56  0.00683 -4.97958e+00 | 57 -0.00179  4.24035e+00
 58  0.06243 -3.65069e+01 | 59  0.00024  4.08921e+01 | 60  0.01092  1.39086e+01
 61 -0.05471  2.91428e+01 | 62 -0.00520  1.60232e+01 | 63 -0.00742  7.23031e+00
 64 -0.00903 -3.54604e+00 | 65  0.02000  4.32970e+01 | 66  0.01662  9.97475e+00
 67 -0.01977  9.40216e+00 | 68  0.00643 -2.06136e+00 | 69  0.03985  1.87792e+01
 70  0.06761  2.23526e+01 | 71  0.02576 -4.02417e+00 | 72 -0.00600  2.17161e+01
 73 -0.00481  5.37039e-01 | 74 -0.01749 -1.00092e+01 | 75  0.03760  4.13041e+00
 76 -0.02757 -1.03440e+01 | 77  0.03983 -1.26742e+01 | 78  0.02336 -2.82319e+01
 79 -0.01455 -9.36993e+00 | 80  0.01706  2.94066e+01 | 81  0.04088 -3.67066e+01
 82 -0.01601 -1.54921e+01 | 83  0.03229 -3.23594e+01 | 84 -0.02557  1.05404e+01
 85 -0.03526  5.15390e-01 | 86 -0.00076 -5.32228e+00 | 87 -0.01795 -1.39918e+01
 88 -0.01042 -9.05339e+00 | 89 -0.01712  3.98436e+00 | 90  0.00053  3.30175e+00
 91 -0.01339 -5.76520e+00 | 92 -0.01220 -1.66410e+01 | 93  0.00147 -1.47307e+00
 94  0.00274 -7.22182e+00 | 95 -0.00092 -4.57932e+00 | 96 -0.00093 -4.58614e+00
 97  0.83803  1.36249e+01 | 98 -0.41581 -3.16874e+01 | 99  0.21479 -4.43001e+00
100 -0.25275 -7.21787e+01 |

Intermediate statistics: 100 variables; iteration 20; function evaluation 22; phase 3
Function value 2.2327141e+03; maximum gradient component mag -1.0215e+02
Var    Value     Gradient |Var    Value     Gradient |Var    Value     Gradient
  1  0.62048  6.53476e+01 |  2 -0.01736 -1.75496e+00 |  3 -0.00543 -2.30058e+00
  4 -0.01603 -1.59004e+00 |  5  0.00433 -1.56894e+00 |  6 -0.00244 -1.51298e+00
  7 -0.01375 -1.52661e+00 |  8 -0.00028 -1.28176e+00 |  9 -0.00737 -1.20419e+00
 10 -0.01876 -1.16974e+00 | 11 -0.03440 -1.27865e+00 | 12 -0.01565 -7.88387e-01
 13 -0.00926  1.05910e+00 | 14  0.04491 -3.49248e-01 | 15 -0.01891  1.14727e+00
 16 -0.00153 -1.16319e+00 | 17  0.01139  2.33375e+00 | 18  0.03268 -1.04959e+01
 19  0.00442  4.64304e-01 | 20 -0.00543 -2.75156e+00 | 21  0.00174 -2.53359e+00
 22 -0.02870  1.71026e+00 | 23  0.00269  1.33937e+00 | 24  0.00128 -1.98650e-01
 25  0.04439 -4.52778e+00 | 26  0.01169 -1.25482e+01 | 27 -0.00023  2.02781e+00
 28  0.00076  5.75043e-01 | 29  0.01907  3.02065e+00 | 30 -0.02889  5.44305e+00
 31  0.01535  9.82196e+00 | 32 -0.02264  2.27677e+00 | 33  0.01603 -1.26878e+00
 34 -0.02941  7.62539e-02 | 35 -0.00543  3.66556e-01 | 36 -0.00350 -4.30500e+00
 37  0.00577  3.98168e+00 | 38  0.01943  4.56027e+00 | 39 -0.01114  1.50479e+00
 40 -0.03339 -3.20685e+00 | 41  0.00330  2.68343e+00 | 42  0.01842  5.52810e+00
 43  0.02842  1.27557e+01 | 44 -0.03189  1.39633e+00 | 45 -0.00550  7.54662e-01
 46 -0.02429 -8.71010e-01 | 47 -0.01306  2.93717e+00 | 48  0.02477  8.11712e+00
 49 -0.01835  7.24820e+00 | 50 -0.00380  1.44810e+01 | 51  0.02117 -5.04647e+00
 52 -0.00931 -2.09070e+00 | 53  0.00002  8.89010e+00 | 54 -0.02832  3.11533e+01
 55 -0.00305  1.40261e+01 | 56  0.00703 -2.68582e-01 | 57 -0.00188  2.01487e+00
 58  0.06183 -7.83806e+01 | 59 -0.00034  2.63370e+01 | 60  0.01096  1.31804e+01
 61 -0.05582  1.73401e+01 | 62 -0.00527  1.33647e+01 | 63 -0.00753  5.69579e+00
 64 -0.00894 -2.26605e+00 | 65  0.01936  2.05411e+01 | 66  0.01648  2.57579e+00
 67 -0.01995  6.69557e+00 | 68  0.00650 -2.40990e+00 | 69  0.03961  7.68924e+00
 70  0.06783  2.91124e+01 | 71  0.02573 -6.12745e+00 | 72 -0.00628  1.54065e+01
 73 -0.00492 -1.55041e+00 | 74 -0.01739 -8.74755e+00 | 75  0.03737 -5.86120e+00
 76 -0.02744 -8.38156e+00 | 77  0.03965 -1.98365e+01 | 78  0.02361 -2.13404e+01
 79 -0.01454 -8.03965e+00 | 80  0.01669  1.68276e+01 | 81  0.04047 -5.55079e+01
 82 -0.01584 -1.22440e+01 | 83  0.03238 -2.81277e+01 | 84 -0.02565  9.77636e+00
 85 -0.03530  1.60561e+00 | 86 -0.00055 -1.86998e-01 | 87 -0.01774 -8.47060e+00
 88 -0.01011 -3.35247e+00 | 89 -0.01711  4.92543e+00 | 90  0.00076  4.90415e+00
 91 -0.01311 -3.08387e+00 | 92 -0.01034 -5.50210e+00 | 93  0.00146 -3.44099e+00
 94  0.00467 -1.95562e+00 | 95 -0.00037 -1.93354e+00 | 96 -0.00037 -1.93280e+00
 97  0.82820  9.10418e+00 | 98 -0.41728 -7.04623e+01 | 99  0.22288  3.19557e+01
100 -0.25041 -1.02147e+02 |
100 variables; iteration 40; function evaluation 47; phase 3
Function value 2.2324498e+03; maximum gradient component mag 1.1640e+01
Var    Value     Gradient |Var    Value     Gradient |Var    Value     Gradient
  1  0.62027  3.94905e+00 |  2 -0.01722  2.81724e-01 |  3 -0.00500  3.43120e-01
  4 -0.01614 -1.16303e-01 |  5  0.00425 -2.04635e-01 |  6 -0.00243  6.72533e-02
  7 -0.01380 -1.26201e-01 |  8 -0.00046 -5.27164e-01 |  9 -0.00779 -1.40369e+00
 10 -0.01848  1.25758e+00 | 11 -0.03465 -7.85287e-01 | 12 -0.01573 -1.89398e-02
 13 -0.00979 -1.15724e+00 | 14  0.04507  1.17848e+00 | 15 -0.01902  1.23220e+00
 16 -0.00152 -5.89149e-01 | 17  0.01111 -9.02747e-01 | 18  0.03318 -2.04760e+00
 19  0.00431 -3.58005e-01 | 20 -0.00538 -1.72954e+00 | 21  0.00206  1.38896e+00
 22 -0.02904 -5.93812e-01 | 23  0.00263  2.76947e-01 | 24  0.00130 -2.95314e-02
 25  0.04454 -2.73495e+00 | 26  0.01255 -1.00428e-02 | 27 -0.00036  2.72417e-01
 28  0.00083  1.07466e+00 | 29  0.01894 -1.01025e+00 | 30 -0.02948  5.69722e-03
 31  0.01488 -2.27691e-01 | 32 -0.02273  1.18182e+00 | 33  0.01614 -9.85211e-01
 34 -0.02947 -3.86587e-01 | 35 -0.00535  6.53781e-01 | 36 -0.00308  3.65938e-01
 37  0.00568  6.81271e-01 | 38  0.01927 -1.42318e+00 | 39 -0.01113  3.25759e-01
 40 -0.03285  1.24765e+00 | 41  0.00328  8.59565e-02 | 42  0.01829 -1.06972e+00
 43  0.02825  3.55267e+00 | 44 -0.03186  6.21999e-01 | 45 -0.00538 -3.61939e-02
 46 -0.02416 -1.00485e+00 | 47 -0.01308  1.00104e-01 | 48  0.02464 -1.75551e+00
 49 -0.01866  3.02074e-01 | 50 -0.00446 -9.55798e-01 | 51  0.02150 -2.49885e+00
 52 -0.00907 -1.28513e+00 | 53 -0.00022 -3.18302e+00 | 54 -0.02983  1.49725e+00
 55 -0.00336  1.49737e+00 | 56  0.00727  2.02185e+00 | 57 -0.00195  1.05833e-01
 58  0.06328 -1.13644e+00 | 59 -0.00139  2.20017e-01 | 60  0.01115  1.16405e+01
 61 -0.05722  3.39198e-01 | 62 -0.00567 -2.12722e+00 | 63 -0.00764  1.12126e-01
 64 -0.00881 -2.51000e+00 | 65  0.01876 -2.47436e+00 | 66  0.01678  7.67454e+00
 67 -0.02033  2.28520e-01 | 68  0.00668 -4.74062e-01 | 69  0.03947 -4.18696e-01
 70  0.06747  5.40848e-01 | 71  0.02594 -2.91308e+00 | 72 -0.00708 -5.95476e-01
 73 -0.00484  4.95130e-02 | 74 -0.01692 -2.63395e-01 | 75  0.03750  2.48874e-01
 76 -0.02689  1.06087e+00 | 77  0.04007 -7.22478e-01 | 78  0.02428  1.34717e-01
 79 -0.01424 -1.54629e+00 | 80  0.01607 -1.54719e+00 | 81  0.04167 -5.28487e-01
 82 -0.01529  5.36632e-01 | 83  0.03305 -1.71034e-01 | 84 -0.02628 -2.85051e-01
 85 -0.03538  6.10874e-01 | 86 -0.00065 -3.88792e+00 | 87 -0.01729  4.24162e-01
 88 -0.00973  3.58833e+00 | 89 -0.01739  1.53732e+00 | 90  0.00053  3.76559e-01
 91 -0.01305 -4.50134e-01 | 92 -0.01006 -1.49228e+00 | 93  0.00123 -7.80879e-01
 94  0.00559  1.59730e+00 | 95 -0.00006  4.24931e-01 | 96 -0.00006  4.30041e-01
 97  0.82980  7.74206e-01 | 98 -0.41692 -5.41807e+00 | 99  0.22286 -8.21698e-03
100 -0.25000  4.06695e+00 |
100 variables; iteration 60; function evaluation 71; phase 3
Function value 2.2324422e+03; maximum gradient component mag 2.3545e+00
Var    Value     Gradient |Var    Value     Gradient |Var    Value     Gradient
  1  0.62018  1.09560e-01 |  2 -0.01768 -5.42030e-01 |  3 -0.00518  1.44525e-02
  4 -0.01600  2.49095e-01 |  5  0.00448  4.58981e-01 |  6 -0.00260 -3.84810e-01
  7 -0.01376  4.24248e-04 |  8 -0.00047 -5.71835e-01 |  9 -0.00734  2.28534e-01
 10 -0.01887 -2.21511e-01 | 11 -0.03473 -1.09893e+00 | 12 -0.01565  2.25638e-01
 13 -0.00957 -1.57719e-02 | 14  0.04504  1.09679e-01 | 15 -0.01920 -2.22244e-01
 16 -0.00136  7.56117e-01 | 17  0.01124  4.55024e-01 | 18  0.03336  7.44701e-01
 19  0.00438  2.55564e-01 | 20 -0.00526 -7.33921e-01 | 21  0.00198 -1.28878e-01
 22 -0.02907 -1.12948e+00 | 23  0.00264  4.89719e-02 | 24  0.00134  2.36236e-01
 25  0.04478  2.35449e+00 | 26  0.01258  1.19111e-01 | 27 -0.00033  3.56217e-01
 28  0.00078  1.39362e-02 | 29  0.01901 -3.16839e-01 | 30 -0.02944  1.33543e-01
 31  0.01490 -4.03658e-01 | 32 -0.02285 -3.24656e-01 | 33  0.01621 -2.77932e-01
 34 -0.02937  3.57219e-01 | 35 -0.00536  2.73947e-01 | 36 -0.00304  4.96391e-01
 37  0.00568  3.38415e-01 | 38  0.01933 -8.83313e-01 | 39 -0.01111  2.53868e-01
 40 -0.03303 -4.54390e-01 | 41  0.00331  1.52469e-01 | 42  0.01834 -6.10962e-01
 43  0.02815  6.21896e-01 | 44 -0.03195 -3.75447e-01 | 45 -0.00534  1.74289e-01
 46 -0.02408 -3.43472e-01 | 47 -0.01305  1.83254e-01 | 48  0.02473 -3.76436e-01
 49 -0.01865  1.16688e-02 | 50 -0.00438 -2.05076e-01 | 51  0.02161 -3.78693e-01
 52 -0.00898 -3.19162e-02 | 53 -0.00000  1.08356e+00 | 54 -0.02989 -1.48734e-01
 55 -0.00341 -1.09880e+00 | 56  0.00724  1.14320e-01 | 57 -0.00186  1.41124e+00
 58  0.06333  1.03414e-01 | 59 -0.00135  2.55956e-01 | 60  0.01082  2.90918e-01
 61 -0.05721 -7.43542e-02 | 62 -0.00555  1.77736e-01 | 63 -0.00761  5.10084e-01
 64 -0.00872 -7.69886e-01 | 65  0.01888  3.90158e-02 | 66  0.01658  1.89344e-01
 67 -0.02031 -1.19830e-01 | 68  0.00668 -1.16595e+00 | 69  0.03952  1.58579e-01
 70  0.06750  6.43336e-02 | 71  0.02607 -5.14862e-02 | 72 -0.00700  5.64693e-01
 73 -0.00475  1.14737e+00 | 74 -0.01692 -6.65580e-01 | 75  0.03753  1.40458e-01
 76 -0.02695 -1.14592e-01 | 77  0.04012  1.10630e-01 | 78  0.02430  1.08555e-01
 79 -0.01414 -1.35464e-01 | 80  0.01614  6.96799e-03 | 81  0.04172  1.66956e-01
 82 -0.01539 -1.70989e+00 | 83  0.03309  1.46555e-01 | 84 -0.02623  2.78206e-01
 85 -0.03546 -7.23695e-01 | 86 -0.00051 -7.25770e-01 | 87 -0.01727  5.83906e-01
 88 -0.00985  8.39533e-01 | 89 -0.01746 -5.47001e-02 | 90  0.00052  1.06512e-01
 91 -0.01302 -1.26509e-01 | 92 -0.00993 -2.40348e-01 | 93  0.00142  1.65635e-01
 94  0.00478  3.98246e-01 | 95 -0.00068 -4.09910e-01 | 96 -0.00068 -4.13210e-01
 97  0.82979  2.43165e-02 | 98 -0.41690 -1.44549e-01 | 99  0.22250  1.31683e-01
100 -0.25013 -3.14056e-01 |

 - final statistics:
100 variables; iteration 71; function evaluation 84
Function value 2.2324e+03; maximum gradient component mag 9.2688e-01
Exit code = 1;  converg criter 1.0000e+00
Var    Value     Gradient |Var    Value     Gradient |Var    Value     Gradient
  1  0.62019  4.36476e-02 |  2 -0.01751 -2.07742e-01 |  3 -0.00519  3.37794e-03
  4 -0.01607  1.01694e-01 |  5  0.00436  1.55985e-01 |  6 -0.00252 -1.36794e-01
  7 -0.01378 -1.57778e-02 |  8 -0.00038 -2.27418e-01 |  9 -0.00741 -1.06417e-02
 10 -0.01886 -1.54645e-01 | 11 -0.03454 -3.91727e-01 | 12 -0.01571  1.43769e-02
 13 -0.00956  5.25977e-02 | 14  0.04501 -1.13242e-01 | 15 -0.01918 -2.42128e-02
 16 -0.00136  7.51282e-01 | 17  0.01122  2.33525e-01 | 18  0.03331 -5.78714e-02
 19  0.00431 -4.92014e-01 | 20 -0.00521 -1.58585e-01 | 21  0.00196 -2.05482e-01
 22 -0.02898 -3.21181e-01 | 23  0.00262 -9.96179e-02 | 24  0.00132 -1.51967e-02
 25  0.04472  9.26879e-01 | 26  0.01258  2.03567e-01 | 27 -0.00033  3.94160e-01
 28  0.00078  1.11980e-01 | 29  0.01901 -1.57651e-01 | 30 -0.02944  2.29234e-01
 31  0.01490 -2.44225e-01 | 32 -0.02279  3.14849e-01 | 33  0.01621 -9.26094e-02
 34 -0.02939  2.78301e-01 | 35 -0.00536  2.50316e-01 | 36 -0.00305  4.68664e-01
 37  0.00564 -9.55773e-02 | 38  0.01936 -2.84330e-01 | 39 -0.01112  2.01785e-01
 40 -0.03297  8.39659e-02 | 41  0.00328 -1.38748e-01 | 42  0.01836 -1.75359e-01
 43  0.02813  3.72766e-01 | 44 -0.03195 -3.88140e-01 | 45 -0.00537 -1.51814e-01
 46 -0.02406 -4.07287e-02 | 47 -0.01307 -4.14262e-02 | 48  0.02473 -3.08384e-01
 49 -0.01867 -2.17693e-01 | 50 -0.00437  1.52107e-01 | 51  0.02161 -2.05173e-01
 52 -0.00898  1.14742e-01 | 53 -0.00004  4.25688e-01 | 54 -0.02990 -1.57753e-01
 55 -0.00339 -4.14002e-01 | 56  0.00723 -1.61422e-02 | 57 -0.00189  7.78375e-01
 58  0.06333  1.41385e-02 | 59 -0.00135  1.54534e-01 | 60  0.01081  7.28251e-02
 61 -0.05721 -7.46136e-03 | 62 -0.00556  5.62148e-02 | 63 -0.00763  4.74862e-02
 64 -0.00869 -2.09436e-02 | 65  0.01887  2.98201e-03 | 66  0.01657  6.73689e-02
 67 -0.02031 -1.38890e-01 | 68  0.00672 -1.02462e-01 | 69  0.03951  3.02155e-02
 70  0.06749  2.25098e-02 | 71  0.02607  9.33209e-03 | 72 -0.00704 -3.74363e-02
 73 -0.00480  2.89256e-01 | 74 -0.01692 -5.05013e-01 | 75  0.03752  9.17043e-02
 76 -0.02698 -4.81569e-01 | 77  0.04012  6.51221e-02 | 78  0.02429  5.73433e-02
 79 -0.01414 -4.22919e-02 | 80  0.01613  3.13738e-02 | 81  0.04171  7.94207e-02
 82 -0.01534 -7.02852e-01 | 83  0.03308  7.48637e-02 | 84 -0.02625  5.06920e-02
 85 -0.03543 -4.83100e-02 | 86 -0.00050 -2.85912e-01 | 87 -0.01730  1.81876e-01
 88 -0.00988  3.97553e-01 | 89 -0.01747 -1.68977e-01 | 90  0.00053  2.63501e-01
 91 -0.01304 -2.53370e-01 | 92 -0.00991 -3.85258e-02 | 93  0.00140  8.35192e-02
 94  0.00462  1.42646e-01 | 95 -0.00051 -1.54276e-01 | 96 -0.00051 -1.55182e-01
 97  0.82979  7.75234e-03 | 98 -0.41690 -4.11002e-02 | 99  0.22250  3.57557e-02
100 -0.25013 -1.11476e-01 |

Initial statistics: 108 variables; iteration 0; function evaluation 0; phase 4
Function value 2.2324412e+03; maximum gradient component mag -4.9755e+02
Var    Value     Gradient |Var    Value     Gradient |Var    Value     Gradient
  1 -0.42263 -1.28661e+02 |  2 -0.42263 -4.97554e+02 |  3 -0.41094 -4.62761e+02
  4  0.62019  4.36476e-02 |  5  0.00000 -1.13725e+01 |  6  0.00000  4.44276e+00
  7  0.00000 -6.76677e+00 |  8  0.00000  1.78969e+01 |  9  0.00000  2.53421e+01
 10 -0.01751 -2.07763e-01 | 11 -0.00519  3.35709e-03 | 12 -0.01607  1.01673e-01
 13  0.00436  1.55964e-01 | 14 -0.00252 -1.36815e-01 | 15 -0.01378 -1.57986e-02
 16 -0.00038 -2.27438e-01 | 17 -0.00741 -1.06626e-02 | 18 -0.01886 -1.54666e-01
 19 -0.03454 -3.91747e-01 | 20 -0.01571  1.43560e-02 | 21 -0.00956  5.25769e-02
 22  0.04501 -1.13263e-01 | 23 -0.01918 -2.42336e-02 | 24 -0.00136  7.51262e-01
 25  0.01122  2.33504e-01 | 26  0.03331 -5.78922e-02 | 27  0.00431 -4.92035e-01
 28 -0.00521 -1.58606e-01 | 29  0.00196 -2.05503e-01 | 30 -0.02898 -3.21201e-01
 31  0.00262 -9.96387e-02 | 32  0.00132 -1.52176e-02 | 33  0.04472  9.26858e-01
 34  0.01258  2.03546e-01 | 35 -0.00033  3.94139e-01 | 36  0.00078  1.11959e-01
 37  0.01901 -1.57672e-01 | 38 -0.02944  2.29213e-01 | 39  0.01490 -2.44246e-01
 40 -0.02279  3.14828e-01 | 41  0.01621 -9.26303e-02 | 42 -0.02939  2.78280e-01
 43 -0.00536  2.50295e-01 | 44 -0.00305  4.68643e-01 | 45  0.00564 -9.55981e-02
 46  0.01936 -2.84351e-01 | 47 -0.01112  2.01764e-01 | 48 -0.03297  8.39451e-02
 49  0.00328 -1.38769e-01 | 50  0.01836 -1.75380e-01 | 51  0.02813  3.72745e-01
 52 -0.03195 -3.88161e-01 | 53 -0.00537 -1.51835e-01 | 54 -0.02406 -4.07495e-02
 55 -0.01307 -4.14470e-02 | 56  0.02473 -3.08405e-01 | 57 -0.01867 -2.17714e-01
 58 -0.00437  1.52086e-01 | 59  0.02161 -2.05193e-01 | 60 -0.00898  1.14721e-01
 61 -0.00004  4.25667e-01 | 62 -0.02990 -1.57774e-01 | 63 -0.00339 -4.14023e-01
 64  0.00723 -1.61631e-02 | 65 -0.00189  7.78354e-01 | 66  0.06333  1.41177e-02
 67 -0.00135  1.54513e-01 | 68  0.01081  7.28042e-02 | 69 -0.05721 -7.48213e-03
 70 -0.00556  5.61939e-02 | 71 -0.00763  4.74653e-02 | 72 -0.00869 -2.09645e-02
 73  0.01887  2.96116e-03 | 74  0.01657  6.73480e-02 | 75 -0.02031 -1.38911e-01
 76  0.00672 -1.02483e-01 | 77  0.03951  3.01947e-02 | 78  0.06749  2.24890e-02
 79  0.02607  9.31125e-03 | 80 -0.00704 -3.74571e-02 | 81 -0.00480  2.89235e-01
 82 -0.01692 -5.05034e-01 | 83  0.03752  9.16835e-02 | 84 -0.02698 -4.81590e-01
 85  0.04012  6.51013e-02 | 86  0.02429  5.73225e-02 | 87 -0.01414 -4.23128e-02
 88  0.01613  3.13530e-02 | 89  0.04171  7.93998e-02 | 90 -0.01534 -7.02873e-01
 91  0.03308  7.48429e-02 | 92 -0.02625  5.06712e-02 | 93 -0.03543 -4.83308e-02
 94 -0.00050 -2.85933e-01 | 95 -0.01730  1.81855e-01 | 96 -0.00988  3.97532e-01
 97 -0.01747 -1.68997e-01 | 98  0.00053  2.63480e-01 | 99 -0.01304 -2.53391e-01
100 -0.00991 -3.85466e-02 |101  0.00140  8.34984e-02 |102  0.00462  1.42625e-01
103 -0.00051 -1.54296e-01 |104 -0.00051 -1.55203e-01 |105  0.82979  7.75234e-03
106 -0.41690 -4.11002e-02 |107  0.22250  3.57557e-02 |108 -0.25013 -1.11476e-01

Intermediate statistics: 108 variables; iteration 20; function evaluation 28; phase 4
Function value 2.2314137e+03; maximum gradient component mag 2.4465e+02
Var    Value     Gradient |Var    Value     Gradient |Var    Value     Gradient
  1 -0.41950 -4.31125e+01 |  2 -0.42343  6.68419e+01 |  3 -0.40858 -1.20774e+02
  4  0.62069  2.44652e+02 |  5  0.00420 -2.34155e+00 |  6 -0.00263  4.42301e-01
  7  0.00343 -8.32383e-01 |  8 -0.00808  3.17577e+00 |  9 -0.01048  5.12671e+00
 10 -0.01714 -7.00428e+00 | 11 -0.00484 -6.86445e+00 | 12 -0.01576 -6.83676e+00
 13  0.00472 -6.66822e+00 | 14 -0.00212 -6.75493e+00 | 15 -0.01342 -6.72144e+00
 16  0.00005 -6.57611e+00 | 17 -0.00704 -6.46110e+00 | 18 -0.01850 -6.54686e+00
 19 -0.03419 -6.72122e+00 | 20 -0.01544 -6.29940e+00 | 21 -0.00941 -6.49098e+00
 22  0.04508 -6.38010e+00 | 23 -0.01912 -6.76191e+00 | 24 -0.00139 -6.12681e+00
 25  0.01125 -5.07291e+00 | 26  0.03341 -3.11025e+00 | 27  0.00443 -5.34744e+00
 28 -0.00514 -5.53001e+00 | 29  0.00206 -5.03079e+00 | 30 -0.02898 -6.22211e+00
 31  0.00262 -4.68767e+00 | 32  0.00130 -4.45106e+00 | 33  0.04483  8.32951e-01
 34  0.01268 -3.62532e+00 | 35 -0.00030 -3.84553e+00 | 36  0.00085 -3.78301e+00
 37  0.01905 -1.86004e+00 | 38 -0.02950 -4.74276e+00 | 39  0.01495 -1.65578e+00
 40 -0.02280 -4.16574e+00 | 41  0.01624 -4.97681e-01 | 42 -0.02940 -4.21945e+00
 43 -0.00535 -2.08419e+00 | 44 -0.00311 -1.22301e+00 | 45  0.00563 -1.76194e-01
 46  0.01945  2.31360e+00 | 47 -0.01109 -1.34503e+00 | 48 -0.03302 -2.83656e+00
 49  0.00325  1.32903e+00 | 50  0.01838  4.72377e+00 | 51  0.02820  8.21568e+00
 52 -0.03195 -1.75154e+00 | 53 -0.00538  2.37715e+00 | 54 -0.02411  4.62119e-01
 55 -0.01315  2.58021e+00 | 56  0.02465  1.09257e+01 | 57 -0.01871  2.82718e+00
 58 -0.00439  7.05595e+00 | 59  0.02155  1.47875e+01 | 60 -0.00906  6.27475e+00
 61 -0.00011  6.85920e+00 | 62 -0.02995  2.14484e+00 | 63 -0.00349  6.47141e+00
 64  0.00708  9.31806e+00 | 65 -0.00212  6.27782e+00 | 66  0.06309  1.99482e+01
 67 -0.00125  7.10920e+00 | 68  0.01089  1.02158e+01 | 69 -0.05730 -1.45436e+00
 70 -0.00564  5.30479e+00 | 71 -0.00773  4.82984e+00 | 72 -0.00892  2.28853e+00
 73  0.01871  8.10487e+00 | 74  0.01660  7.08095e+00 | 75 -0.02047  1.11002e+00
 76  0.00650  3.13782e+00 | 77  0.03924  8.99667e+00 | 78  0.06752  2.59716e+01
 79  0.02609  8.10562e+00 | 80 -0.00701  1.33965e+00 | 81 -0.00486  1.68182e+00
 82 -0.01706 -3.51250e-01 | 83  0.03737  6.14910e+00 | 84 -0.02707 -1.95160e+00
 85  0.03993  7.09829e+00 | 86  0.02424  4.27663e+00 | 87 -0.01415 -7.48693e-01
 88  0.01604  1.92435e+00 | 89  0.04158  4.98351e+00 | 90 -0.01542 -2.04261e+00
 91  0.03306  5.96771e+00 | 92 -0.02623 -3.48735e+00 | 93 -0.03561 -4.08767e+00
 94 -0.00063 -4.23055e+00 | 95 -0.01743 -4.58100e+00 | 96 -0.01007 -5.24711e+00
 97 -0.01775 -5.30799e+00 | 98  0.00042 -5.67000e+00 | 99 -0.01318 -5.65361e+00
100 -0.01000 -7.28715e+00 |101  0.00038 -7.74082e+00 |102  0.00460 -7.12629e+00
103 -0.00039 -7.29490e+00 |104 -0.00039 -7.29499e+00 |105  0.83386 -1.10222e+00
106 -0.41658  4.15996e+01 |107  0.22430 -1.28983e+01 |108 -0.24979  4.79098e+01
108 variables; iteration 40; function evaluation 50; phase 4
Function value 2.2310936e+03; maximum gradient component mag -1.9979e+01
Var    Value     Gradient |Var    Value     Gradient |Var    Value     Gradient
  1 -0.41724 -3.67156e+00 |  2 -0.42412 -1.65632e+01 |  3 -0.40628 -1.99787e+01
  4  0.62009  1.93448e+01 |  5  0.00731  4.07323e+00 |  6 -0.00465 -2.72429e+00
  7  0.00555  2.76388e+00 |  8 -0.00970  8.47120e-02 |  9 -0.01105  3.74736e+00
 10 -0.01684 -1.46913e-01 | 11 -0.00458 -1.89323e-01 | 12 -0.01550 -1.87322e-01
 13  0.00494 -4.15937e-01 | 14 -0.00191 -6.22633e-01 | 15 -0.01329 -7.82141e-01
 16 -0.00066 -3.98414e+00 | 17 -0.00766 -3.73006e+00 | 18 -0.01906 -3.51691e+00
 19 -0.03475 -3.43859e+00 | 20 -0.01409  4.89205e+00 | 21 -0.00883  1.06349e+00
 22  0.04515 -5.48384e+00 | 23 -0.01949 -5.19274e+00 | 24 -0.00112 -3.16996e-01
 25  0.01129 -2.06106e+00 | 26  0.03336 -4.24967e+00 | 27  0.00467 -9.14377e-01
 28 -0.00527 -4.26628e+00 | 29  0.00287  7.28283e+00 | 30 -0.02857  1.78617e+00
 31  0.00295  2.58009e+00 | 32  0.00135 -7.59699e-01 | 33  0.04482 -2.89625e+00
 34  0.01257 -5.74839e+00 | 35  0.00015  3.63587e+00 | 36  0.00126  2.86177e+00
 37  0.01918  2.55892e-01 | 38 -0.02932  7.95238e-01 | 39  0.01534  4.39257e+00
 40 -0.02293 -2.94493e+00 | 41  0.01646  2.45985e+00 | 42 -0.02915  7.73095e-01
 43 -0.00503  3.01637e+00 | 44 -0.00302  1.57363e+00 | 45  0.00576  1.61482e+00
 46  0.01954  4.58887e-01 | 47 -0.01086  1.63354e+00 | 48 -0.03302 -1.80420e-01
 49  0.00332  2.00819e+00 | 50  0.01857  4.55597e+00 | 51  0.02795 -4.60700e+00
 52 -0.03200 -8.36396e-01 | 53 -0.00542  6.41893e-01 | 54 -0.02371  5.97931e+00
 55 -0.01339 -8.42758e-01 | 56  0.02444 -1.72955e+00 | 57 -0.01889 -5.78736e-01
 58 -0.00473 -1.89392e+00 | 59  0.02127  3.25818e-01 | 60 -0.00885  8.46181e+00
 61 -0.00007  3.02008e+00 | 62 -0.03043 -5.81349e+00 | 63 -0.00385 -6.12965e+00
 64  0.00691  2.76861e+00 | 65 -0.00227  1.47548e+00 | 66  0.06315  1.39203e+00
 67 -0.00135 -3.20825e+00 | 68  0.01063 -7.10240e+00 | 69 -0.05685  6.41453e+00
 70 -0.00559  5.64250e+00 | 71 -0.00783  1.61763e+00 | 72 -0.00904  1.11443e+00
 73  0.01850 -2.43209e+00 | 74  0.01665  1.27441e+00 | 75 -0.02088 -4.09653e+00
 76  0.00619 -3.86232e+00 | 77  0.03918  5.42705e-01 | 78  0.06738  1.15615e+00
 79  0.02657  1.35878e+01 | 80 -0.00713 -2.31754e+00 | 81 -0.00492 -5.95144e-01
 82 -0.01750 -4.81635e+00 | 83  0.03736  3.35944e-01 | 84 -0.02689  4.20343e+00
 85  0.03984  3.68841e-01 | 86  0.02409 -3.30332e+00 | 87 -0.01417 -6.37117e-01
 88  0.01592 -1.77568e+00 | 89  0.04152 -2.43004e-01 | 90 -0.01526  5.22031e+00
 91  0.03289 -3.46188e-01 | 92 -0.02613  1.87628e+00 | 93 -0.03604 -3.10738e+00
 94 -0.00077 -2.61484e-01 | 95 -0.01766 -1.20779e+00 | 96 -0.01020  2.14938e+00
 97 -0.01829 -2.61136e+00 | 98  0.00035  1.75416e+00 | 99 -0.01393 -4.72242e+00
100 -0.00957  2.84842e+00 |101 -0.00029 -1.87470e+00 |102  0.00480 -2.23170e-01
103 -0.00002 -4.86883e-02 |104 -0.00002 -4.79452e-02 |105  0.83297 -8.50350e-01
106 -0.41739 -1.71849e+00 |107  0.22556  2.90065e-01 |108 -0.24996  2.29577e+00
108 variables; iteration 60; function evaluation 75; phase 4
Function value 2.2310469e+03; maximum gradient component mag -9.0371e+00
Var    Value     Gradient |Var    Value     Gradient |Var    Value     Gradient
  1 -0.41843 -2.93230e-01 |  2 -0.42426 -9.03713e+00 |  3 -0.40557 -4.69497e+00
  4  0.62012 -2.04728e-01 |  5  0.00585  3.72495e-01 |  6 -0.00359 -1.17744e+00
  7  0.00399 -6.91503e-02 |  8 -0.00895  1.33415e+00 |  9 -0.01327 -4.30490e-01
 10 -0.01709 -6.25502e-02 | 11 -0.00449  5.57648e-01 | 12 -0.01538  6.33647e-01
 13  0.00583  2.56231e+00 | 14 -0.00121  1.97970e+00 | 15 -0.01266  1.61605e+00
 16 -0.00063 -3.21168e+00 | 17 -0.00641  1.53949e+00 | 18 -0.01769  2.22309e+00
 19 -0.03429 -1.09926e+00 | 20 -0.01484  2.00632e+00 | 21 -0.00929 -8.56614e-01
 22  0.04543 -4.05533e-01 | 23 -0.01888 -2.11955e-01 | 24 -0.00143 -2.53055e+00
 25  0.01135 -4.88290e-01 | 26  0.03353 -4.99976e-01 | 27  0.00451 -2.17433e+00
 28 -0.00481  1.05939e+00 | 29  0.00241  1.56094e+00 | 30 -0.02895 -1.05620e+00
 31  0.00283  1.50616e+00 | 32  0.00137  2.54856e-01 | 33  0.04488 -2.70663e-01
 34  0.01288 -3.71963e-01 | 35 -0.00004  1.69838e+00 | 36  0.00095 -9.28835e-01
 37  0.01915  4.38976e-01 | 38 -0.02928  1.82860e+00 | 39  0.01519  2.40602e+00
 40 -0.02284 -1.50859e+00 | 41  0.01629  3.95144e-02 | 42 -0.02928  6.67111e-05
 43 -0.00526  4.63575e-01 | 44 -0.00318 -4.68133e-02 | 45  0.00560 -3.05559e-01
 46  0.01950 -8.08037e-02 | 47 -0.01097  6.61547e-01 | 48 -0.03304  1.20563e-01
 49  0.00315 -2.68709e-01 | 50  0.01831 -1.74724e-01 | 51  0.02816 -2.27503e-02
 52 -0.03204 -8.44876e-01 | 53 -0.00549 -3.53304e-01 | 54 -0.02423  1.92744e-01
 55 -0.01339 -7.22681e-01 | 56  0.02445 -1.72377e+00 | 57 -0.01893 -9.07687e-01
 58 -0.00456  8.72669e-01 | 59  0.02126 -6.03231e-01 | 60 -0.00923  9.23386e-01
 61 -0.00015  7.30320e-01 | 62 -0.03023 -1.58321e+00 | 63 -0.00371 -1.71031e+00
 64  0.00678  4.72465e-02 | 65 -0.00231  1.22225e+00 | 66  0.06311 -2.92231e-01
 67 -0.00125 -6.64694e-01 | 68  0.01082 -1.15087e+00 | 69 -0.05743  1.61677e-01
 70 -0.00582  2.78822e-01 | 71 -0.00791 -3.38043e-02 | 72 -0.00914 -1.87037e-01
 73  0.01853 -5.47307e-01 | 74  0.01657 -2.13572e-01 | 75 -0.02069 -3.35439e-02
 76  0.00630  9.63222e-02 | 77  0.03913 -2.75435e-01 | 78  0.06736 -2.68793e-01
 79  0.02617  1.85450e+00 | 80 -0.00707 -1.10781e+00 | 81 -0.00500 -1.49224e+00
 82 -0.01735 -1.11655e+00 | 83  0.03732 -1.97891e-01 | 84 -0.02715  9.45545e-01
 85  0.03980 -1.93830e-01 | 86  0.02413 -7.66993e-01 | 87 -0.01419 -1.63730e-01
 88  0.01592 -4.31506e-01 | 89  0.04150 -1.65946e-01 | 90 -0.01558  5.79602e-02
 91  0.03288 -1.07953e-01 | 92 -0.02629  2.17591e-01 | 93 -0.03590 -7.10849e-03
 94 -0.00080  1.06319e+00 | 95 -0.01767 -1.19470e-01 | 96 -0.01035  9.97355e-01
 97 -0.01819 -2.31564e-01 | 98  0.00012  1.09603e-02 | 99 -0.01374 -2.18342e+00
100 -0.01003  5.30422e-01 |101  0.00002  5.76258e-01 |102  0.00479  2.57516e-01
103 -0.00015  3.26837e-01 |104 -0.00015  3.27210e-01 |105  0.83417  1.82045e-01
106 -0.41724 -1.55606e+00 |107  0.22470 -1.74170e+00 |108 -0.25021 -8.46724e-01

 - final statistics:
108 variables; iteration 76; function evaluation 96
Function value 2.2310e+03; maximum gradient component mag 9.8116e-01
Exit code = 1;  converg criter 1.0000e+00
Var    Value     Gradient |Var    Value     Gradient |Var    Value     Gradient
  1 -0.41872  4.51042e-02 |  2 -0.42428 -5.59171e-01 |  3 -0.40545 -2.50977e-01
  4  0.62003 -7.55836e-02 |  5  0.00572 -2.86300e-02 |  6 -0.00294 -1.63373e-01
  7  0.00413  1.31287e-01 |  8 -0.00949  3.33138e-01 |  9 -0.01310 -1.61531e-01
 10 -0.01696  1.34107e-01 | 11 -0.00453  3.88655e-01 | 12 -0.01546  3.88276e-01
 13  0.00462 -8.04951e-01 | 14 -0.00166  5.76972e-01 | 15 -0.01290  8.00009e-01
 16  0.00007 -9.64374e-01 | 17 -0.00662  6.01334e-01 | 18 -0.01841 -6.34178e-01
 19 -0.03366  9.81157e-01 | 20 -0.01517  1.57079e-01 | 21 -0.00912 -1.01980e-01
 22  0.04548 -1.58765e-01 | 23 -0.01882  2.97941e-02 | 24 -0.00122 -6.57739e-01
 25  0.01140 -7.48787e-03 | 26  0.03361  7.58852e-01 | 27  0.00468 -4.42628e-01
 28 -0.00493 -5.45744e-01 | 29  0.00233  1.20321e-01 | 30 -0.02880 -1.05226e-01
 31  0.00277  4.17511e-01 | 32  0.00140  1.87268e-01 | 33  0.04491 -3.13385e-01
 34  0.01292 -1.57836e-01 | 35 -0.00011  4.55688e-01 | 36  0.00102 -2.93753e-01
 37  0.01916  8.60210e-02 | 38 -0.02944  8.47101e-02 | 39  0.01510  4.13155e-01
 40 -0.02263  4.09555e-01 | 41  0.01632  3.10131e-01 | 42 -0.02927 -7.53978e-02
 43 -0.00529 -2.83452e-01 | 44 -0.00317 -1.45267e-01 | 45  0.00564 -4.16924e-02
 46  0.01952 -9.20237e-02 | 47 -0.01099  1.26041e-01 | 48 -0.03299  3.55517e-01
 49  0.00320  1.02739e-01 | 50  0.01829 -9.09062e-01 | 51  0.02819  2.22543e-01
 52 -0.03192  6.44088e-02 | 53 -0.00543  1.66305e-01 | 54 -0.02425 -2.86786e-01
 55 -0.01331  1.33042e-01 | 56  0.02453 -1.34017e-01 | 57 -0.01884  2.32109e-03
 58 -0.00462 -4.39125e-01 | 59  0.02130 -4.54739e-02 | 60 -0.00925  2.01791e-01
 61 -0.00016 -2.78569e-02 | 62 -0.03015 -6.98106e-01 | 63 -0.00363 -9.74698e-02
 64  0.00680 -6.63411e-02 | 65 -0.00233  3.18551e-01 | 66  0.06314 -7.02081e-02
 67 -0.00117  8.56964e-01 | 68  0.01088 -1.59758e-01 | 69 -0.05746 -3.63086e-01
 70 -0.00579  1.93889e-01 | 71 -0.00790 -3.25256e-01 | 72 -0.00910  1.83085e-01
 73  0.01856 -5.64785e-02 | 74  0.01659 -8.47139e-02 | 75 -0.02063  8.01085e-01
 76  0.00631 -1.64061e-01 | 77  0.03915 -3.76282e-02 | 78  0.06738 -4.90978e-02
 79  0.02613  4.39521e-02 | 80 -0.00698  3.22182e-02 | 81 -0.00494 -5.44261e-01
 82 -0.01726  3.52940e-02 | 83  0.03735 -3.45027e-02 | 84 -0.02719 -3.14760e-02
 85  0.03983 -2.57789e-02 | 86  0.02418 -2.15111e-02 | 87 -0.01418 -4.40537e-01
 88  0.01597 -1.29649e-02 | 89  0.04153 -5.85460e-02 | 90 -0.01550  9.46271e-01
 91  0.03291 -4.50640e-02 | 92 -0.02629 -3.64899e-01 | 93 -0.03588 -2.18507e-01
 94 -0.00080  9.65402e-03 | 95 -0.01760  6.39846e-01 | 96 -0.01037 -1.03657e-01
 97 -0.01815 -2.22806e-01 | 98  0.00013 -3.37141e-01 | 99 -0.01352 -3.14438e-01
100 -0.01003  1.12675e-01 |101 -0.00002  3.16446e-02 |102  0.00460 -4.28344e-02
103 -0.00042 -1.12282e-01 |104 -0.00042 -1.12392e-01 |105  0.83432 -6.63716e-03
106 -0.41722  1.58664e-01 |107  0.22515 -2.57546e-01 |108 -0.25006 -1.27165e-01

Initial statistics: 110 variables; iteration 0; function evaluation 0; phase 5
Function value 2.2310382e+03; maximum gradient component mag -2.0587e+01
Var    Value     Gradient |Var    Value     Gradient |Var    Value     Gradient
  1 -0.41872  4.51042e-02 |  2 -0.42428 -5.59171e-01 |  3 -0.40545 -2.50977e-01
  4 -0.41222  2.06343e+00 |  5 -0.41222 -2.05875e+01 |  6  0.62003 -7.55836e-02
  7  0.00572 -2.86300e-02 |  8 -0.00294 -1.63373e-01 |  9  0.00413  1.31287e-01
 10 -0.00949  3.33138e-01 | 11 -0.01310 -1.61531e-01 | 12 -0.01696  1.34161e-01
 13 -0.00453  3.88708e-01 | 14 -0.01546  3.88330e-01 | 15  0.00462 -8.04897e-01
 16 -0.00166  5.77026e-01 | 17 -0.01290  8.00063e-01 | 18  0.00007 -9.64321e-01
 19 -0.00662  6.01388e-01 | 20 -0.01841 -6.34124e-01 | 21 -0.03366  9.81211e-01
 22 -0.01517  1.57132e-01 | 23 -0.00912 -1.01927e-01 | 24  0.04548 -1.58712e-01
 25 -0.01882  2.98477e-02 | 26 -0.00122 -6.57685e-01 | 27  0.01140 -7.43428e-03
 28  0.03361  7.58905e-01 | 29  0.00468 -4.42574e-01 | 30 -0.00493 -5.45691e-01
 31  0.00233  1.20375e-01 | 32 -0.02880 -1.05172e-01 | 33  0.00277  4.17565e-01
 34  0.00140  1.87322e-01 | 35  0.04491 -3.13332e-01 | 36  0.01292 -1.57783e-01
 37 -0.00011  4.55741e-01 | 38  0.00102 -2.93699e-01 | 39  0.01916  8.60746e-02
 40 -0.02944  8.47636e-02 | 41  0.01510  4.13209e-01 | 42 -0.02263  4.09609e-01
 43  0.01632  3.10184e-01 | 44 -0.02927 -7.53443e-02 | 45 -0.00529 -2.83399e-01
 46 -0.00317 -1.45213e-01 | 47  0.00564 -4.16388e-02 | 48  0.01952 -9.19702e-02
 49 -0.01099  1.26095e-01 | 50 -0.03299  3.55571e-01 | 51  0.00320  1.02793e-01
 52  0.01829 -9.09008e-01 | 53  0.02819  2.22596e-01 | 54 -0.03192  6.44623e-02
 55 -0.00543  1.66359e-01 | 56 -0.02425 -2.86733e-01 | 57 -0.01331  1.33096e-01
 58  0.02453 -1.33963e-01 | 59 -0.01884  2.37466e-03 | 60 -0.00462 -4.39072e-01
 61  0.02130 -4.54203e-02 | 62 -0.00925  2.01845e-01 | 63 -0.00016 -2.78033e-02
 64 -0.03015 -6.98052e-01 | 65 -0.00363 -9.74162e-02 | 66  0.00680 -6.62875e-02
 67 -0.00233  3.18605e-01 | 68  0.06314 -7.01548e-02 | 69 -0.00117  8.57018e-01
 70  0.01088 -1.59705e-01 | 71 -0.05746 -3.63032e-01 | 72 -0.00579  1.93943e-01
 73 -0.00790 -3.25203e-01 | 74 -0.00910  1.83139e-01 | 75  0.01856 -5.64249e-02
 76  0.01659 -8.46603e-02 | 77 -0.02063  8.01139e-01 | 78  0.00631 -1.64007e-01
 79  0.03915 -3.75747e-02 | 80  0.06738 -4.90445e-02 | 81  0.02613  4.40056e-02
 82 -0.00698  3.22718e-02 | 83 -0.00494 -5.44207e-01 | 84 -0.01726  3.53476e-02
 85  0.03735 -3.44492e-02 | 86 -0.02719 -3.14224e-02 | 87  0.03983 -2.57255e-02
 88  0.02418 -2.14576e-02 | 89 -0.01418 -4.40483e-01 | 90  0.01597 -1.29113e-02
 91  0.04153 -5.84925e-02 | 92 -0.01550  9.46325e-01 | 93  0.03291 -4.50105e-02
 94 -0.02629 -3.64845e-01 | 95 -0.03588 -2.18454e-01 | 96 -0.00080  9.70761e-03
 97 -0.01760  6.39900e-01 | 98 -0.01037 -1.03604e-01 | 99 -0.01815 -2.22752e-01
100  0.00013 -3.37087e-01 |101 -0.01352 -3.14384e-01 |102 -0.01003  1.12728e-01
103 -0.00002  3.16982e-02 |104  0.00460 -4.27808e-02 |105 -0.00042 -1.12228e-01
106 -0.00042 -1.12339e-01 |107  0.83432 -6.63716e-03 |108 -0.41722  1.58664e-01
109  0.22515 -2.57546e-01 |110 -0.25006 -1.27165e-01 |

Intermediate statistics: 110 variables; iteration 20; function evaluation 26; phase 5
Function value 2.2309628e+03; maximum gradient component mag 9.0525e+01
Var    Value     Gradient |Var    Value     Gradient |Var    Value     Gradient
  1 -0.42035  7.33407e+00 |  2 -0.42510  9.05246e+01 |  3 -0.40318  3.49337e+01
  4 -0.41778  3.21926e+00 |  5 -0.40641 -4.49701e+00 |  6  0.62003  2.54596e+01
  7  0.00578  1.80264e-01 |  8 -0.00290 -9.12465e-02 |  9  0.00415  1.78651e-01
 10 -0.00948  3.64169e-01 | 11 -0.01305 -6.77752e-02 | 12 -0.01692 -5.11532e-01
 13 -0.00449 -2.53352e-01 | 14 -0.01542 -2.57151e-01 | 15  0.00472 -1.27358e+00
 16 -0.00166 -1.71463e-01 | 17 -0.01293 -1.78106e-02 | 18  0.00023 -1.18115e+00
 19 -0.00668 -3.89695e-01 | 20 -0.01830 -9.76469e-01 | 21 -0.03379 -1.83676e-01
 22 -0.01518 -6.08979e-01 | 23 -0.00910 -6.34909e-01 | 24  0.04547 -7.86599e-01
 25 -0.01884 -5.98174e-01 | 26 -0.00107  7.74175e-01 | 27  0.01137  2.40269e-01
 28  0.03346 -5.85498e-01 | 29  0.00477  9.84468e-01 | 30 -0.00478  1.42944e+00
 31  0.00225 -3.76105e-01 | 32 -0.02876  4.39261e-01 | 33  0.00263 -9.32855e-01
 34  0.00133 -4.15196e-01 | 35  0.04491  1.67905e-01 | 36  0.01292 -8.71646e-01
 37 -0.00025 -1.71420e+00 | 38  0.00106 -4.58607e-01 | 39  0.01915 -1.73089e-01
 40 -0.02946 -4.55597e-02 | 41  0.01503 -1.31639e-01 | 42 -0.02280 -1.48971e+00
 43  0.01630  2.08069e-01 | 44 -0.02925 -2.53568e-01 | 45 -0.00527  2.17628e-01
 46 -0.00316  5.99319e-01 | 47  0.00565  6.67815e-01 | 48  0.01956  9.88268e-01
 49 -0.01104 -3.59892e-01 | 50 -0.03309 -3.87987e-01 | 51  0.00319  8.17879e-01
 52  0.01841  2.09279e+00 | 53  0.02831  3.58607e+00 | 54 -0.03194 -1.90485e-01
 55 -0.00543  5.63209e-01 | 56 -0.02416  1.07307e+00 | 57 -0.01330  8.65321e-01
 58  0.02465  4.01535e+00 | 59 -0.01880  6.61201e-01 | 60 -0.00448  2.32820e+00
 61  0.02139  4.18836e+00 | 62 -0.00923  1.89095e+00 | 63 -0.00021  4.49562e-02
 64 -0.03009  1.19495e+00 | 65 -0.00370 -7.44817e-01 | 66  0.00677  7.24358e-01
 67 -0.00230  2.41470e+00 | 68  0.06305 -2.98420e+00 | 69 -0.00096  5.18160e+00
 70  0.01083 -6.61277e-01 | 71 -0.05733  1.46962e+00 | 72 -0.00597 -2.24826e+00
 73 -0.00809 -3.65328e+00 | 74 -0.00916 -3.07608e-01 | 75  0.01843 -2.81276e+00
 76  0.01655 -9.39153e-01 | 77 -0.02074 -7.02222e-01 | 78  0.00616 -2.81892e+00
 79  0.03904 -3.51816e+00 | 80  0.06765  1.38010e+01 | 81  0.02622  1.75661e+00
 82 -0.00702 -1.39788e+00 | 83 -0.00503 -1.91545e+00 | 84 -0.01732 -5.77463e-01
 85  0.03725 -3.26085e+00 | 86 -0.02719 -6.70701e-01 | 87  0.03980 -1.54198e+00
 88  0.02413 -1.72035e+00 | 89 -0.01414 -6.16204e-01 | 90  0.01603  1.56654e-01
 91  0.04157 -5.74331e-01 | 92 -0.01552 -7.57663e-01 | 93  0.03294 -5.61361e-01
 94 -0.02626 -6.41155e-01 | 95 -0.03582  4.58999e-01 | 96 -0.00084 -2.21555e-01
 97 -0.01764 -4.56833e-01 | 98 -0.01039  1.91778e-01 | 99 -0.01804  9.15959e-01
100  0.00009 -5.18158e-01 |101 -0.01337  6.41539e-01 |102 -0.01014 -1.35600e+00
103 -0.00013 -5.33773e-01 |104  0.00476 -6.17942e-01 |105 -0.00041 -8.08536e-01
106 -0.00041 -8.08677e-01 |107  0.83831  7.44093e+00 |108 -0.41703 -4.80133e+01
109  0.22508 -3.73196e+00 |110 -0.25002  6.05718e+00 |
110 variables; iteration 40; function evaluation 47; phase 5
Function value 2.2309560e+03; maximum gradient component mag 7.9072e+01
Var    Value     Gradient |Var    Value     Gradient |Var    Value     Gradient
  1 -0.41999  6.58728e+00 |  2 -0.42512  7.90721e+01 |  3 -0.40320  3.02448e+01
  4 -0.41921  2.32414e+00 |  5 -0.40604 -3.88415e+00 |  6  0.62005  2.22490e+01
  7  0.00572 -1.13752e-02 |  8 -0.00300 -2.56192e-01 |  9  0.00423  3.01751e-01
 10 -0.00934  6.07539e-01 | 11 -0.01309 -1.44349e-01 | 12 -0.01691 -5.89592e-01
 13 -0.00458 -5.48211e-01 | 14 -0.01552 -5.66622e-01 | 15  0.00487 -9.90708e-01
 16 -0.00171 -4.40420e-01 | 17 -0.01299 -3.25852e-01 | 18  0.00026 -1.23570e+00
 19 -0.00666 -4.67097e-01 | 20 -0.01827 -1.00317e+00 | 21 -0.03377 -2.62835e-01
 22 -0.01516 -7.02305e-01 | 23 -0.00918 -1.33539e+00 | 24  0.04550 -7.57662e-01
 25 -0.01882 -6.22311e-01 | 26 -0.00108  5.18122e-01 | 27  0.01137  3.74476e-02
 28  0.03349 -3.92777e-01 | 29  0.00478  9.10368e-01 | 30 -0.00485  5.04976e-01
 31  0.00226 -4.90399e-01 | 32 -0.02876  2.29534e-01 | 33  0.00262 -1.15713e+00
 34  0.00134 -5.73079e-01 | 35  0.04492 -7.24559e-02 | 36  0.01293 -9.89811e-01
 37 -0.00024 -1.74689e+00 | 38  0.00107 -5.34337e-01 | 39  0.01916 -2.66005e-01
 40 -0.02947 -3.34821e-01 | 41  0.01502 -6.44826e-01 | 42 -0.02276 -1.28123e+00
 43  0.01631  1.01946e-01 | 44 -0.02926 -5.63188e-01 | 45 -0.00526  7.18534e-02
 46 -0.00316  3.89390e-01 | 47  0.00565  4.77735e-01 | 48  0.01956  6.84784e-01
 49 -0.01103 -3.96292e-01 | 50 -0.03310 -6.68056e-01 | 51  0.00319  5.49376e-01
 52  0.01839  1.57752e+00 | 53  0.02830  3.01816e+00 | 54 -0.03194 -3.53359e-01
 55 -0.00543  4.06046e-01 | 56 -0.02419  6.07770e-01 | 57 -0.01330  6.75816e-01
 58  0.02462  2.95347e+00 | 59 -0.01880  4.96562e-01 | 60 -0.00447  2.25710e+00
 61  0.02139  4.00872e+00 | 62 -0.00923  1.87931e+00 | 63 -0.00022 -1.91266e-01
 64 -0.03007  1.36392e+00 | 65 -0.00373 -1.59591e+00 | 66  0.00675  1.26181e-01
 67 -0.00231  1.94095e+00 | 68  0.06306 -2.62033e+00 | 69 -0.00100  3.90739e+00
 70  0.01080 -1.93717e+00 | 71 -0.05740  5.82818e-01 | 72 -0.00593 -1.33783e+00
 73 -0.00807 -2.98358e+00 | 74 -0.00916 -3.98765e-01 | 75  0.01845 -2.14615e+00
 76  0.01658 -1.19897e-01 | 77 -0.02075 -1.00977e+00 | 78  0.00617 -2.52458e+00
 79  0.03905 -3.04512e+00 | 80  0.06761  1.16931e+01 | 81  0.02621  1.22802e+00
 82 -0.00702 -1.48889e+00 | 83 -0.00505 -2.43856e+00 | 84 -0.01733 -6.96906e-01
 85  0.03723 -4.02805e+00 | 86 -0.02718 -5.87216e-01 | 87  0.03980 -1.25125e+00
 88  0.02414 -1.41277e+00 | 89 -0.01415 -8.48267e-01 | 90  0.01604  3.60051e-01
 91  0.04156 -7.39801e-01 | 92 -0.01552 -7.42729e-01 | 93  0.03297  8.09882e-01
 94 -0.02627 -7.08210e-01 | 95 -0.03585  1.66407e-01 | 96 -0.00086 -4.97408e-01
 97 -0.01764 -4.15719e-01 | 98 -0.01042 -7.65821e-02 | 99 -0.01808  5.82103e-01
100  0.00004 -9.58824e-01 |101 -0.01336  8.21454e-01 |102 -0.01015 -1.35049e+00
103 -0.00016 -6.38554e-01 |104  0.00505 -2.51283e-01 |105 -0.00048 -9.98007e-01
106 -0.00048 -9.98433e-01 |107  0.83816  6.07104e+00 |108 -0.41703 -4.14835e+01
109  0.22526 -3.22265e+00 |110 -0.24999  5.24872e+00 |
110 variables; iteration 60; function evaluation 73; phase 5
Function value 2.2309377e+03; maximum gradient component mag 6.1750e+00
Var    Value     Gradient |Var    Value     Gradient |Var    Value     Gradient
  1 -0.42221  5.22819e-01 |  2 -0.42553  6.17502e+00 |  3 -0.40204  2.46624e+00
  4 -0.42135  1.48490e-01 |  5 -0.40350 -2.58531e-01 |  6  0.62010  1.54889e+00
  7  0.00599  4.73795e-01 |  8 -0.00279  7.14213e-02 |  9  0.00420  2.32433e-01
 10 -0.00962  6.33059e-02 | 11 -0.01294  7.13351e-02 | 12 -0.01719 -4.66674e-01
 13 -0.00456  1.34604e-01 | 14 -0.01541  2.87093e-01 | 15  0.00478 -6.83712e-01
 16 -0.00197 -6.59675e-01 | 17 -0.01334 -7.95390e-01 | 18  0.00034 -5.31286e-01
 19 -0.00666 -7.63216e-02 | 20 -0.01808  1.10741e-01 | 21 -0.03377  1.78461e-01
 22 -0.01546 -1.83101e+00 | 23 -0.00886  7.72358e-01 | 24  0.04559 -9.02046e-02
 25 -0.01883 -4.21134e-01 | 26 -0.00101  1.37772e+00 | 27  0.01132 -2.64567e-01
 28  0.03352  4.11605e-01 | 29  0.00464 -4.34261e-01 | 30 -0.00503 -1.19515e+00
 31  0.00224 -4.96665e-01 | 32 -0.02881  3.83176e-01 | 33  0.00270  1.24701e-01
 34  0.00137  3.25452e-02 | 35  0.04491 -8.76681e-01 | 36  0.01302  9.37626e-02
 37 -0.00013 -5.01404e-01 | 38  0.00109 -5.04611e-01 | 39  0.01919 -3.13681e-01
 40 -0.02938  7.67137e-01 | 41  0.01507 -4.53013e-02 | 42 -0.02264  5.37611e-02
 43  0.01636  5.11849e-01 | 44 -0.02917  4.06799e-01 | 45 -0.00525 -7.47802e-02
 46 -0.00316  1.78614e-01 | 47  0.00569  5.84475e-01 | 48  0.01956 -3.72872e-02
 49 -0.01104 -5.90667e-01 | 50 -0.03297  7.28414e-01 | 51  0.00321  4.97130e-01
 52  0.01838  5.23291e-01 | 53  0.02824  3.74552e-01 | 54 -0.03194 -2.60422e-01
 55 -0.00537  9.46269e-01 | 56 -0.02422  1.53922e-01 | 57 -0.01334 -1.38084e-01
 58  0.02456  1.29609e-01 | 59 -0.01886 -6.98368e-01 | 60 -0.00456 -1.18317e-01
 61  0.02129 -1.24907e-01 | 62 -0.00927  8.67610e-01 | 63 -0.00023 -6.28640e-01
 64 -0.03015  1.73324e-01 | 65 -0.00367 -1.56876e-01 | 66  0.00678 -7.10143e-02
 67 -0.00230  1.63901e+00 | 68  0.06315 -1.66416e-01 | 69 -0.00117 -3.11475e-01
 70  0.01090  6.29069e-01 | 71 -0.05746  4.53100e-01 | 72 -0.00590 -3.91186e-02
 73 -0.00796 -1.79699e-01 | 74 -0.00915 -3.08653e-01 | 75  0.01852 -4.97735e-02
 76  0.01657  1.79682e-01 | 77 -0.02076 -8.41411e-01 | 78  0.00625 -5.21836e-01
 79  0.03916 -1.66097e-01 | 80  0.06744  8.66805e-01 | 81  0.02616 -5.45281e-01
 82 -0.00696 -1.48735e-01 | 83 -0.00498 -1.73371e-01 | 84 -0.01736 -4.93209e-01
 85  0.03732 -2.85266e-01 | 86 -0.02710  9.60152e-01 | 87  0.03985 -2.46988e-02
 88  0.02416 -3.63881e-01 | 89 -0.01415 -4.46488e-01 | 90  0.01609  1.57631e+00
 91  0.04159 -1.61800e-01 | 92 -0.01549 -8.49457e-02 | 93  0.03295  1.29201e-02
 94 -0.02624  6.52189e-01 | 95 -0.03588  3.10195e-01 | 96 -0.00093 -6.82632e-01
 97 -0.01766  1.81775e-01 | 98 -0.01057 -1.53992e+00 | 99 -0.01813  3.35864e-01
100  0.00004  8.77307e-01 |101 -0.01358 -2.60887e-01 |102 -0.01007  1.22955e-01
103 -0.00015 -2.82484e-01 |104  0.00458 -2.98397e-01 |105 -0.00004  4.08749e-01
106 -0.00004  4.09948e-01 |107  0.83878  3.39717e-01 |108 -0.41685 -2.32228e+00
109  0.22558 -2.70321e-01 |110 -0.24979  4.70018e-01 |
110 variables; iteration 80; function evaluation 101; phase 5
Function value 2.2309360e+03; maximum gradient component mag -5.7699e-01
Var    Value     Gradient |Var    Value     Gradient |Var    Value     Gradient
  1 -0.42239 -4.31694e-03 |  2 -0.42556 -4.08727e-01 |  3 -0.40194 -1.26964e-01
  4 -0.42150 -2.62201e-04 |  5 -0.40329  5.05623e-02 |  6  0.62012 -1.04152e-01
  7  0.00574 -1.70010e-01 |  8 -0.00282 -1.41971e-02 |  9  0.00406 -3.13420e-02
 10 -0.00968 -5.59618e-02 | 11 -0.01297  8.28154e-03 | 12 -0.01695  6.42057e-02
 13 -0.00463  3.76775e-02 | 14 -0.01557 -6.40909e-03 | 15  0.00507  1.52003e-01
 16 -0.00172  1.19613e-01 | 17 -0.01303  1.52784e-01 | 18  0.00048  4.37764e-02
 19 -0.00668 -7.53523e-02 | 20 -0.01818 -1.90890e-01 | 21 -0.03386 -1.04618e-01
 22 -0.01504  2.44327e-01 | 23 -0.00901 -6.05238e-02 | 24  0.04558 -2.17566e-01
 25 -0.01876  2.45567e-02 | 26 -0.00114  5.49768e-02 | 27  0.01134  2.39616e-02
 28  0.03351  3.02134e-01 | 29  0.00469  1.83125e-01 | 30 -0.00492  1.15256e-01
 31  0.00225 -1.93722e-01 | 32 -0.02887 -6.00293e-02 | 33  0.00271  2.81644e-01
 34  0.00138  1.41446e-01 | 35  0.04492 -5.76992e-01 | 36  0.01303  2.93274e-01
 37 -0.00011 -7.94425e-02 | 38  0.00113  7.56307e-02 | 39  0.01921 -8.18302e-02
 40 -0.02945  1.07162e-01 | 41  0.01508  1.36950e-01 | 42 -0.02264  1.37265e-01
 43  0.01633 -2.84128e-02 | 44 -0.02921 -4.11420e-03 | 45 -0.00525 -3.13141e-02
 46 -0.00318 -7.48064e-02 | 47  0.00563 -2.27979e-01 | 48  0.01958  3.36497e-01
 49 -0.01102 -2.23210e-01 | 50 -0.03307 -1.88115e-01 | 51  0.00316 -1.61918e-01
 52  0.01835  1.71738e-02 | 53  0.02822  6.77666e-02 | 54 -0.03194 -2.37926e-01
 55 -0.00543  2.10493e-02 | 56 -0.02424 -6.79969e-02 | 57 -0.01332  9.37843e-02
 58  0.02456  1.09459e-01 | 59 -0.01880  6.25357e-02 | 60 -0.00455 -6.56456e-02
 61  0.02129 -7.00793e-02 | 62 -0.00930  2.46606e-01 | 63 -0.00022 -4.49153e-01
 64 -0.03016  6.59655e-02 | 65 -0.00366  1.76172e-02 | 66  0.00678 -1.33426e-01
 67 -0.00235  5.34287e-01 | 68  0.06316  1.25003e-02 | 69 -0.00118 -4.45388e-01
 70  0.01088  7.31299e-02 | 71 -0.05752 -1.54617e-01 | 72 -0.00590  7.17549e-02
 73 -0.00797 -1.01988e-01 | 74 -0.00913  4.58341e-01 | 75  0.01851 -4.16817e-02
 76  0.01656 -1.16044e-02 | 77 -0.02070  2.37958e-01 | 78  0.00625 -3.59242e-01
 79  0.03917  4.57235e-02 | 80  0.06743 -8.22807e-02 | 81  0.02618 -5.85780e-02
 82 -0.00696 -3.61545e-03 | 83 -0.00498  9.26750e-02 | 84 -0.01733  1.78430e-01
 85  0.03732 -2.87556e-03 | 86 -0.02716  1.33698e-01 | 87  0.03985 -5.93936e-03
 88  0.02416 -1.13215e-02 | 89 -0.01413  2.91915e-02 | 90  0.01604 -3.50764e-03
 91  0.04159 -1.78528e-02 | 92 -0.01549 -1.08020e-01 | 93  0.03294 -4.38208e-02
 94 -0.02629  2.03025e-02 | 95 -0.03590  1.98053e-01 | 96 -0.00092 -9.33085e-02
 97 -0.01769 -1.07708e-01 | 98 -0.01053 -4.27696e-01 | 99 -0.01817 -1.17972e-01
100 -0.00002  6.91902e-02 |101 -0.01355  4.97873e-02 |102 -0.01009  1.25540e-01
103 -0.00009  5.60952e-02 |104  0.00473 -9.93889e-04 |105 -0.00042 -1.03548e-01
106 -0.00042 -1.03819e-01 |107  0.83880 -4.17524e-02 |108 -0.41684  3.32766e-01
109  0.22561  2.33149e-02 |110 -0.24978 -6.71690e-03 |
110 variables; iteration 100; function evaluation 129; phase 5
Function value 2.2309359e+03; maximum gradient component mag 3.5387e-01
Var    Value     Gradient |Var    Value     Gradient |Var    Value     Gradient
  1 -0.42239 -9.71767e-03 |  2 -0.42556 -1.98339e-01 |  3 -0.40194 -7.45105e-02
  4 -0.42149 -2.40075e-03 |  5 -0.40330  2.06013e-02 |  6  0.62012 -6.02986e-02
  7  0.00583  6.41774e-02 |  8 -0.00283 -2.07009e-02 |  9  0.00402 -9.95228e-02
 10 -0.00965  5.56870e-03 | 11 -0.01299 -3.32459e-02 | 12 -0.01696  4.06500e-02
 13 -0.00462  5.57873e-02 | 14 -0.01557 -8.38887e-03 | 15  0.00508  1.83568e-01
 16 -0.00174  6.93661e-02 | 17 -0.01305  1.10244e-01 | 18  0.00044 -9.05692e-02
 19 -0.00669 -1.27614e-01 | 20 -0.01815 -7.40396e-02 | 21 -0.03386 -8.48330e-02
 22 -0.01507  1.35829e-01 | 23 -0.00901 -3.03842e-02 | 24  0.04559 -4.55214e-02
 25 -0.01877  2.90338e-03 | 26 -0.00115  3.73796e-03 | 27  0.01134 -1.93252e-02
 28  0.03350  5.03610e-02 | 29  0.00468  6.99024e-02 | 30 -0.00493  3.14310e-02
 31  0.00226 -7.59273e-02 | 32 -0.02887 -2.44593e-02 | 33  0.00270  9.83503e-02
 34  0.00137  4.42207e-02 | 35  0.04493 -3.24767e-01 | 36  0.01302  8.66894e-02
 37 -0.00010 -3.13275e-02 | 38  0.00113 -2.24326e-02 | 39  0.01921 -2.33055e-04
 40 -0.02946  2.21658e-02 | 41  0.01508  1.32376e-01 | 42 -0.02265  4.52860e-02
 43  0.01633  1.14284e-02 | 44 -0.02921 -5.23364e-03 | 45 -0.00525 -6.64623e-03
 46 -0.00318 -1.35394e-02 | 47  0.00564 -8.84530e-02 | 48  0.01956  2.64716e-02
 49 -0.01100 -2.79216e-02 | 50 -0.03306 -5.87711e-02 | 51  0.00317 -1.14888e-01
 52  0.01836  6.74561e-02 | 53  0.02822  1.99380e-02 | 54 -0.03193 -1.46203e-01
 55 -0.00544 -1.37541e-02 | 56 -0.02424 -4.45358e-02 | 57 -0.01333  1.03860e-02
 58  0.02455  7.40363e-02 | 59 -0.01881 -9.97462e-03 | 60 -0.00454  7.75516e-02
 61  0.02129 -3.53580e-02 | 62 -0.00931  1.83971e-01 | 63 -0.00021 -2.13556e-01
 64 -0.03016 -1.18218e-02 | 65 -0.00366  2.47242e-02 | 66  0.00678 -5.98822e-02
 67 -0.00236  2.65344e-01 | 68  0.06316  1.00318e-02 | 69 -0.00117 -2.48544e-01
 70  0.01088  4.14108e-02 | 71 -0.05751 -4.13986e-02 | 72 -0.00590  7.55514e-02
 73 -0.00797 -1.30319e-01 | 74 -0.00913  3.53871e-01 | 75  0.01852 -3.09768e-02
 76  0.01656  5.07390e-03 | 77 -0.02071  5.14182e-03 | 78  0.00626 -1.64904e-01
 79  0.03917  2.39431e-02 | 80  0.06743 -4.15179e-02 | 81  0.02618 -3.20286e-02
 82 -0.00696  2.33485e-03 | 83 -0.00498  8.70270e-02 | 84 -0.01733  1.92324e-02
 85  0.03732  5.37910e-03 | 86 -0.02717  2.24090e-02 | 87  0.03985 -5.74628e-04
 88  0.02416 -9.38380e-03 | 89 -0.01413  1.06571e-01 | 90  0.01604 -4.14777e-03
 91  0.04159 -8.24474e-03 | 92 -0.01548  3.78945e-02 | 93  0.03295 -2.35409e-02
 94 -0.02628  5.67027e-02 | 95 -0.03591  8.92931e-02 | 96 -0.00092 -4.29373e-02
 97 -0.01769  7.15592e-03 | 98 -0.01052 -1.93278e-01 | 99 -0.01817 -1.04739e-01
100 -0.00003  4.42888e-03 |101 -0.01355  1.69820e-02 |102 -0.01010  3.21805e-02
103 -0.00009  4.65260e-02 |104  0.00474  1.68920e-02 |105 -0.00037 -3.67862e-02
106 -0.00037 -3.68542e-02 |107  0.83880 -2.16897e-02 |108 -0.41684  1.67893e-01
109  0.22561  3.33026e-02 |110 -0.24978  7.47059e-03 |

 - final statistics:
110 variables; iteration 119; function evaluation 165
Function value 2.2309e+03; maximum gradient component mag -6.0500e-05
Exit code = 1;  converg criter 1.0000e-04
Var    Value     Gradient |Var    Value     Gradient |Var    Value     Gradient
  1 -0.42239  3.25234e-07 |  2 -0.42556 -2.10717e-06 |  3 -0.40195  1.33329e-06
  4 -0.42148  3.71862e-07 |  5 -0.40331 -1.13268e-06 |  6  0.62012 -1.75410e-06
  7  0.00580 -4.69391e-07 |  8 -0.00282 -1.20616e-07 |  9  0.00408  2.45926e-07
 10 -0.00965 -8.42060e-08 | 11 -0.01298  3.54003e-08 | 12 -0.01698 -2.13242e-07
 13 -0.00465 -4.56376e-07 | 14 -0.01557  3.39340e-09 | 15  0.00502 -8.28024e-07
 16 -0.00176  2.92119e-07 | 17 -0.01308 -1.29700e-06 | 18  0.00047 -1.23519e-07
 19 -0.00666 -2.36824e-07 | 20 -0.01813 -2.97454e-07 | 21 -0.03384 -6.81795e-08
 22 -0.01509 -1.28238e-06 | 23 -0.00900 -1.06559e-06 | 24  0.04560 -2.84616e-05
 25 -0.01877 -1.01918e-06 | 26 -0.00115 -1.02201e-06 | 27  0.01134  2.79067e-06
 28  0.03350 -5.26843e-06 | 29  0.00467  3.44509e-06 | 30 -0.00493  1.80378e-06
 31  0.00227 -1.13664e-06 | 32 -0.02886 -1.29760e-06 | 33  0.00269 -1.03339e-05
 34  0.00137 -7.85166e-06 | 35  0.04494  2.64738e-06 | 36  0.01301  4.44400e-05
 37 -0.00010 -7.26580e-06 | 38  0.00113  1.57554e-05 | 39  0.01921  8.76110e-06
 40 -0.02946 -3.45643e-06 | 41  0.01507  1.27688e-05 | 42 -0.02265 -6.09507e-06
 43  0.01633  1.27972e-05 | 44 -0.02921 -4.61203e-06 | 45 -0.00525  1.50070e-06
 46 -0.00317  2.03367e-05 | 47  0.00565  5.87522e-05 | 48  0.01956  1.74603e-06
 49 -0.01100 -1.34030e-05 | 50 -0.03305 -1.94258e-06 | 51  0.00318  3.27141e-05
 52  0.01835 -3.04703e-06 | 53  0.02822  7.48233e-08 | 54 -0.03191 -1.41545e-06
 55 -0.00544 -6.04999e-05 | 56 -0.02424 -3.61617e-06 | 57 -0.01333 -1.44653e-05
 58  0.02455  3.31164e-07 | 59 -0.01880 -2.79508e-05 | 60 -0.00455  3.36438e-06
 61  0.02129  9.83420e-07 | 62 -0.00932  2.39621e-06 | 63 -0.00021  1.67575e-06
 64 -0.03016  4.66751e-06 | 65 -0.00366  1.23452e-06 | 66  0.00678  1.61476e-06
 67 -0.00237  9.53718e-07 | 68  0.06316  8.12957e-07 | 69 -0.00116  2.49659e-06
 70  0.01088  1.05373e-06 | 71 -0.05750 -1.87925e-06 | 72 -0.00591  8.42371e-07
 73 -0.00796  1.29973e-06 | 74 -0.00914 -2.87425e-07 | 75  0.01852  6.36795e-07
 76  0.01656  5.18179e-07 | 77 -0.02071  3.48940e-06 | 78  0.00627  9.26582e-07
 79  0.03917  2.52504e-07 | 80  0.06743  4.31866e-07 | 81  0.02618  6.69382e-07
 82 -0.00696  1.57782e-07 | 83 -0.00498  7.36265e-07 | 84 -0.01733  1.93461e-06
 85  0.03732  3.76699e-08 | 86 -0.02717  8.00398e-06 | 87  0.03985 -6.54776e-09
 88  0.02417  3.62866e-07 | 89 -0.01413 -1.33515e-06 | 90  0.01604 -1.27271e-07
 91  0.04160 -4.27999e-07 | 92 -0.01549 -1.67454e-06 | 93  0.03295 -9.41895e-07
 94 -0.02629  1.66972e-06 | 95 -0.03591 -2.10937e-05 | 96 -0.00091 -1.02668e-06
 97 -0.01769 -5.75074e-06 | 98 -0.01051 -1.14221e-06 | 99 -0.01816 -2.28746e-05
100 -0.00002 -9.45222e-06 |101 -0.01355  7.61228e-06 |102 -0.01010  4.59765e-06
103 -0.00010  1.17641e-06 |104  0.00473 -9.43427e-08 |105 -0.00035  5.86651e-08
106 -0.00035  1.45431e-07 |107  0.83879  5.83492e-07 |108 -0.41684 -2.27484e-07
109  0.22560 -3.40550e-07 |110 -0.24978 -6.55457e-08 |

 - final statistics:
122 variables; iteration 0; function evaluation 0
Function value 2.2309e+03; maximum gradient component mag -6.0495e-05
Exit code = 0;  converg criter 1.0000e-04
Var    Value     Gradient |Var    Value     Gradient |Var    Value     Gradient
  1 -0.42239  3.25243e-07 |  2 -0.42556 -2.10725e-06 |  3 -0.40195  1.33329e-06
  4 -0.42148  3.71864e-07 |  5 -0.40331 -1.13268e-06 |  6  0.62012 -1.75428e-06
  7  0.00580 -4.69391e-07 |  8 -0.00282 -1.20616e-07 |  9  0.00408  2.45926e-07
 10 -0.00965 -8.42061e-08 | 11 -0.01298  3.54002e-08 | 12 -0.01698 -2.08092e-07
 13 -0.00465 -4.51225e-07 | 14 -0.01557  8.54344e-09 | 15  0.00502 -8.22873e-07
 16 -0.00176  2.97271e-07 | 17 -0.01308 -1.29185e-06 | 18  0.00047 -1.18368e-07
 19 -0.00666 -2.31673e-07 | 20 -0.01813 -2.92305e-07 | 21 -0.03384 -6.30356e-08
 22 -0.01509 -1.27724e-06 | 23 -0.00900 -1.06044e-06 | 24  0.04560 -2.84564e-05
 25 -0.01877 -1.01403e-06 | 26 -0.00115 -1.01686e-06 | 27  0.01134  2.79582e-06
 28  0.03350 -5.26329e-06 | 29  0.00467  3.45024e-06 | 30 -0.00493  1.80893e-06
 31  0.00227 -1.13149e-06 | 32 -0.02886 -1.29245e-06 | 33  0.00269 -1.03288e-05
 34  0.00137 -7.84651e-06 | 35  0.04494  2.65251e-06 | 36  0.01301  4.44451e-05
 37 -0.00010 -7.26065e-06 | 38  0.00113  1.57606e-05 | 39  0.01921  8.76624e-06
 40 -0.02946 -3.45129e-06 | 41  0.01507  1.27740e-05 | 42 -0.02265 -6.08993e-06
 43  0.01633  1.28023e-05 | 44 -0.02921 -4.60689e-06 | 45 -0.00525  1.50584e-06
 46 -0.00317  2.03418e-05 | 47  0.00565  5.87573e-05 | 48  0.01956  1.75117e-06
 49 -0.01100 -1.33979e-05 | 50 -0.03305 -1.93744e-06 | 51  0.00318  3.27192e-05
 52  0.01835 -3.04189e-06 | 53  0.02822  7.99581e-08 | 54 -0.03191 -1.41031e-06
 55 -0.00544 -6.04948e-05 | 56 -0.02424 -3.61103e-06 | 57 -0.01333 -1.44602e-05
 58  0.02455  3.36297e-07 | 59 -0.01880 -2.79457e-05 | 60 -0.00455  3.36952e-06
 61  0.02129  9.88553e-07 | 62 -0.00932  2.40135e-06 | 63 -0.00021  1.68089e-06
 64 -0.03016  4.67265e-06 | 65 -0.00366  1.23966e-06 | 66  0.00678  1.61991e-06
 67 -0.00237  9.58861e-07 | 68  0.06316  8.18061e-07 | 69 -0.00116  2.50173e-06
 70  0.01088  1.05886e-06 | 71 -0.05750 -1.87412e-06 | 72 -0.00591  8.47514e-07
 73 -0.00796  1.30487e-06 | 74 -0.00914 -2.82281e-07 | 75  0.01852  6.41933e-07
 76  0.01656  5.23319e-07 | 77 -0.02071  3.49454e-06 | 78  0.00627  9.31729e-07
 79  0.03917  2.57635e-07 | 80  0.06743  4.36969e-07 | 81  0.02618  6.74520e-07
 82 -0.00696  1.62927e-07 | 83 -0.00498  7.41410e-07 | 84 -0.01733  1.93976e-06
 85  0.03732  4.28018e-08 | 86 -0.02717  8.00912e-06 | 87  0.03985 -1.41636e-09
 88  0.02417  3.68009e-07 | 89 -0.01413 -1.33000e-06 | 90  0.01604 -1.22129e-07
 91  0.04160 -4.22869e-07 | 92 -0.01549 -1.66939e-06 | 93  0.03295 -9.36754e-07
 94 -0.02629  1.67486e-06 | 95 -0.03591 -2.10886e-05 | 96 -0.00091 -1.02153e-06
 97 -0.01769 -5.74559e-06 | 98 -0.01051 -1.13707e-06 | 99 -0.01816 -2.28695e-05
100 -0.00002 -9.44706e-06 |101 -0.01355  7.61743e-06 |102 -0.01010  4.60280e-06
103 -0.00010  1.18156e-06 |104  0.00473 -8.91911e-08 |105 -0.00035  6.38169e-08
106 -0.00035  1.50582e-07 |107  0.00000  0.00000e+00 |108  0.00000  0.00000e+00
109  0.00000  0.00000e+00 |110  0.00000  0.00000e+00 |111  0.00000  0.00000e+00
112  0.00000  0.00000e+00 |113  0.00000  0.00000e+00 |114  0.00000  0.00000e+00
115  0.00000  0.00000e+00 |116  0.00000  0.00000e+00 |117  0.00000  0.00000e+00
118  0.00000  0.00000e+00 |119  0.83879  5.83478e-07 |120 -0.41684 -2.27395e-07
121  0.22560 -3.40561e-07 |122 -0.24978 -6.55137e-08 |
size of file gradfil1.tmp = 0
size of file gradfil2.tmp = 0
size of file varssave.tmp = 0
size of file cmpdiff.tmp = 0
