
Initial statistics: 1 variables; iteration 0; function evaluation 0; phase 1
Function value 3.4576943e+03; maximum gradient component mag -6.2012e+04
Var    Value     Gradient |Var    Value     Gradient |Var    Value     Gradient
  1  0.63197 -6.20116e+04 |

 - final statistics:
1 variables; iteration 8; function evaluation 12
Function value 2.7277e+03; maximum gradient component mag -2.7237e-01
Exit code = 1;  converg criter 1.0000e+01
Var    Value     Gradient |Var    Value     Gradient |Var    Value     Gradient
  1  0.67197 -2.72370e-01 |

Initial statistics: 98 variables; iteration 0; function evaluation 0; phase 2
Function value 2.7277479e+03; maximum gradient component mag -2.3457e+03
Var    Value     Gradient |Var    Value     Gradient |Var    Value     Gradient
  1  0.67197 -2.72370e-01 |  2  0.00000  3.48389e+01 |  3  0.00000  1.40395e+01
  4  0.00000 -4.53075e+00 |  5  0.00000 -2.03512e+01 |  6  0.00000  1.77412e+01
  7  0.00000  1.19132e+00 |  8  0.00000  8.18805e+01 |  9  0.00000  1.15507e+02
 10  0.00000  2.03073e+02 | 11  0.00000  1.72936e+02 | 12  0.00000  1.98877e+02
 13  0.00000  3.34132e+01 | 14  0.00000  1.09013e+02 | 15  0.00000  3.11048e+01
 16  0.00000  2.08885e+02 | 17  0.00000 -2.04178e+02 | 18  0.00000 -5.42631e+02
 19  0.00000  8.08806e+01 | 20  0.00000 -3.50379e+02 | 21  0.00000  3.78156e+02
 22  0.00000  3.77261e+02 | 23  0.00000  2.12355e+02 | 24  0.00000  2.00090e+02
 25  0.00000  5.68765e+01 | 26  0.00000  3.94243e+02 | 27  0.00000 -6.21863e+02
 28  0.00000 -3.07757e+02 | 29  0.00000 -2.19158e+02 | 30  0.00000 -2.32697e+02
 31  0.00000 -8.55380e+01 | 32  0.00000 -4.51870e+02 | 33  0.00000  3.76792e+01
 34  0.00000 -2.54086e+02 | 35  0.00000 -7.61917e+01 | 36  0.00000 -4.06277e+02
 37  0.00000  5.29533e+02 | 38  0.00000  3.97915e+02 | 39  0.00000  2.95839e+02
 40  0.00000  1.98213e+02 | 41  0.00000  1.83340e+02 | 42  0.00000  1.45892e+02
 43  0.00000  7.53410e+01 | 44  0.00000  1.59127e+02 | 45  0.00000  3.32285e+02
 46  0.00000 -3.63499e+02 | 47  0.00000 -9.15157e+02 | 48  0.00000 -1.25829e+02
 49  0.00000  1.58719e+02 | 50  0.00000 -1.50688e+02 | 51  0.00000  2.85347e+02
 52  0.00000  2.84771e+02 | 53  0.00000  5.00066e+02 | 54  0.00000 -6.73516e+02
 55  0.00000 -5.21973e+02 | 56  0.00000  2.03722e+02 | 57  0.00000  1.57873e+02
 58  0.00000  1.33030e+02 | 59  0.00000 -9.24615e+02 | 60  0.00000  7.22165e+02
 61  0.00000 -5.17939e+02 | 62  0.00000  5.20907e+02 | 63  0.00000  2.94013e+01
 64  0.00000 -5.70005e+02 | 65  0.00000 -6.13302e+02 | 66  0.00000 -2.82656e+02
 67  0.00000  8.17020e+02 | 68  0.00000  6.52165e+02 | 69  0.00000  9.14721e+02
 70  0.00000 -2.15359e+02 | 71  0.00000 -9.80868e+02 | 72  0.00000 -4.09480e+02
 73  0.00000 -2.34573e+03 | 74  0.00000 -3.86436e+02 | 75  0.00000 -2.76608e+01
 76  0.00000 -6.11197e+02 | 77  0.00000  4.48793e+02 | 78  0.00000 -5.59480e+02
 79  0.00000  2.75455e+02 | 80  0.00000  6.56128e+02 | 81  0.00000 -3.66650e+02
 82  0.00000  1.51663e+02 | 83  0.00000 -4.84444e+02 | 84  0.00000  5.61974e+02
 85  0.00000  1.25281e+03 | 86  0.00000  5.15612e+02 | 87  0.00000  4.22666e+02
 88  0.00000  8.65790e+02 | 89  0.00000  1.33906e+02 | 90  0.00000  2.48458e+02
 91  0.00000 -2.15019e+02 | 92  0.00000 -2.16799e+02 | 93  0.00000  5.58391e+01
 94  0.00000  5.54675e+00 | 95  0.00000  1.87120e+00 | 96  0.00000  1.87111e+00
 97  0.81654  1.16997e+02 | 98  0.22185 -1.77602e+02 |

Intermediate statistics: 98 variables; iteration 20; function evaluation 30; phase 2
Function value 2.3213803e+03; maximum gradient component mag -5.7001e+02
Var    Value     Gradient |Var    Value     Gradient |Var    Value     Gradient
  1  0.65126  2.85920e+02 |  2 -0.05629 -8.51472e+01 |  3 -0.00095 -1.01019e+01
  4 -0.03750 -1.05291e+02 |  5 -0.03642 -1.27176e+02 |  6  0.00497  2.92813e+00
  7  0.03730  1.11177e+02 |  8 -0.01071  9.98424e+00 |  9 -0.03024 -3.18924e+01
 10 -0.06278 -6.18277e+01 | 11 -0.01503  4.92718e+01 | 12  0.00480  1.74107e+02
 13  0.01134  6.19574e+01 | 14 -0.01166 -4.24299e+01 | 15  0.00917  6.76416e+01
 16 -0.01694 -8.76277e-01 | 17  0.01792  1.37784e+01 | 18  0.03305 -3.93822e+01
 19 -0.00536 -1.30088e+01 | 20  0.01653 -1.56259e+02 | 21 -0.01541  1.35027e+02
 22 -0.02630 -8.53278e+00 | 23 -0.01594 -5.79399e+01 | 24 -0.01174 -2.06599e+01
 25  0.00049 -9.34176e+00 | 26 -0.04510 -7.55844e+01 | 27  0.03864 -6.28196e+01
 28  0.02704  3.20609e+01 | 29  0.02206  2.29038e+01 | 30  0.02979  1.17481e+02
 31  0.00582 -8.28742e+01 | 32  0.02864 -1.20077e+02 | 33  0.00790  8.56714e+01
 34  0.02227  1.55508e+01 | 35  0.00727 -1.91063e+01 | 36  0.02129 -1.06261e+02
 37 -0.01432  2.72748e+02 | 38 -0.02728 -1.78355e+01 | 39 -0.01774 -9.15053e+00
 40 -0.00831  2.35849e+01 | 41 -0.00945  3.12552e+00 | 42 -0.00603  1.45451e+01
 43  0.00135  4.06814e+01 | 44 -0.00844 -1.90538e+01 | 45 -0.00810  1.62726e+02
 46  0.01855 -1.17765e+02 | 47  0.04228 -1.24217e+02 | 48  0.02155  1.88384e+02
 49  0.00422  1.39236e+02 | 50  0.00999 -8.09553e+01 | 51 -0.00626  5.04956e+01
 52  0.00929  3.58037e+02 | 53 -0.00597  2.57790e+02 | 54  0.02613  2.34488e+01
 55  0.01854 -9.70358e+01 | 56 -0.00414 -1.83789e+01 | 57 -0.00093 -1.35702e+01
 58 -0.00070 -1.12076e+01 | 59  0.01766 -5.70007e+02 | 60 -0.02063  1.76089e+02
 61  0.03293  4.73448e+02 | 62 -0.01715  2.83420e+01 | 63 -0.00009 -6.61793e+01
 64  0.01400 -2.48042e+02 | 65  0.01169 -3.35792e+02 | 66  0.01079 -5.82770e+01
 67 -0.02882  9.47312e+01 | 68  0.00129  5.39993e+02 | 69 -0.02496  2.66931e+02
 70  0.00985 -1.86501e+01 | 71  0.03127 -5.89725e+01 | 72  0.00099 -3.28326e+02
 73  0.05961 -2.75293e+02 | 74  0.01011 -1.21364e+02 | 75  0.00392 -5.39652e+00
 76  0.00892 -4.95308e+02 | 77 -0.01168  1.26239e+02 | 78  0.02432  5.32182e+01
 79 -0.00572  3.56757e+01 | 80 -0.02863 -6.00716e+01 | 81  0.01183 -1.21987e+02
 82 -0.01391 -1.94948e+02 | 83  0.02011  1.75537e+02 | 84 -0.01761  7.67775e+01
 85 -0.04947  1.61274e+02 | 86 -0.01804  4.51345e+01 | 87 -0.01834  5.94802e+00
 88 -0.04030  9.97614e+01 | 89 -0.01550 -1.01599e+02 | 90 -0.01632  7.96761e+01
 91  0.00310 -8.83100e+01 | 92  0.01133 -6.31326e+01 | 93 -0.02781 -4.74312e+01
 94 -0.00265 -8.73526e+00 | 95  0.04570  6.21211e+01 | 96  0.04570  6.21232e+01
 97  0.80947  5.40438e+01 | 98  0.22800  6.20167e+01 |
98 variables; iteration 40; function evaluation 54; phase 2
Function value 2.2778167e+03; maximum gradient component mag 1.9074e+03
Var    Value     Gradient |Var    Value     Gradient |Var    Value     Gradient
  1  0.65275  1.90736e+03 |  2  0.00531 -2.02543e+01 |  3  0.00723 -3.72997e+01
  4  0.02179 -1.98020e+01 |  5  0.04172  3.01869e+01 |  6  0.00581 -3.98286e+01
  7 -0.00647 -9.80989e+01 |  8 -0.01864 -6.49918e+01 |  9 -0.01936 -4.60017e+01
 10 -0.03368 -2.46525e+01 | 11 -0.01814 -1.52698e+01 | 12 -0.04652 -1.30539e+02
 13  0.00553 -3.79601e+01 | 14 -0.01024 -8.57967e+01 | 15  0.00009 -7.94845e+01
 16 -0.01448 -2.95153e+01 | 17  0.01630 -5.35052e+01 | 18  0.03718  9.37056e+00
 19 -0.00701 -7.32670e+01 | 20  0.02800  6.28375e+00 | 21 -0.02880 -3.93055e+01
 22 -0.02734 -6.83354e+01 | 23 -0.00865 -2.73698e+01 | 24 -0.00867 -3.23168e+01
 25  0.00131 -4.12398e+01 | 26 -0.02820  9.69612e+00 | 27  0.04444  2.92319e+01
 28  0.02500 -4.04866e+01 | 29  0.02174 -2.31396e+01 | 30  0.02283 -2.98925e+01
 31  0.01468  9.37580e-01 | 32  0.03443 -3.99702e+01 | 33 -0.00104 -5.33882e+01
 34  0.02018 -4.52136e+01 | 35  0.00924 -1.70016e+01 | 36  0.02787  4.29639e+00
 37 -0.03865 -2.21031e+01 | 38 -0.02716 -5.53332e+01 | 39 -0.01212  2.94422e+01
 40 -0.00742  9.46240e+00 | 41 -0.00758  2.88939e+00 | 42 -0.00517  2.33782e+00
 43  0.00038  6.90460e+00 | 44 -0.00343  2.71446e+01 | 45 -0.02121 -1.28114e+01
 46  0.02465  9.60400e+00 | 47  0.04562  9.03896e+00 | 48  0.00927 -3.87298e+01
 49 -0.00267  2.29776e+01 | 50  0.01572  4.68651e+01 | 51 -0.00810  6.34656e+00
 52 -0.00368  5.70827e+01 | 53 -0.01527  6.26755e+01 | 54  0.03233  3.48574e+02
 55  0.03031  4.11865e+02 | 56  0.00012  1.20592e+02 | 57  0.00024  4.21196e+01
 58 -0.00115  8.76065e+00 | 59  0.02771 -1.54593e+02 | 60 -0.02919  2.77234e+01
 61  0.03344  5.65878e+02 | 62 -0.01674  4.92256e+01 | 63  0.00015 -1.41602e+01
 64  0.01584 -9.59453e+01 | 65  0.01996  2.29631e+01 | 66  0.00542 -1.60211e+02
 67 -0.03370 -3.76728e-01 | 68 -0.01625  9.86134e+01 | 69 -0.03825  2.52069e+01
 70  0.00781 -5.17789e+01 | 71  0.03181  4.94116e+01 | 72  0.01325  4.12214e+01
 73  0.06771  3.73841e+02 | 74  0.01487  5.27727e+01 | 75  0.00239  4.62453e+00
 76  0.02742  1.27564e+02 | 77 -0.01973 -8.83853e+00 | 78  0.02672  1.76085e+02
 79 -0.00873 -3.04273e+01 | 80 -0.02634 -3.57331e+01 | 81  0.01001 -1.55882e+02
 82 -0.00756 -5.02273e+01 | 83  0.01865  1.29833e+02 | 84 -0.02335 -9.39358e+01
 85 -0.06607 -1.05316e+02 | 86 -0.01691  2.49131e+01 | 87 -0.01775 -3.09382e+01
 88 -0.04907 -8.21711e+01 | 89 -0.01198 -9.51306e+01 | 90 -0.01955 -2.21886e+01
 91  0.00925 -6.06719e+01 | 92  0.01554 -7.62832e+01 | 93 -0.01250 -4.84271e+01
 94 -0.00663 -6.53655e+01 | 95 -0.02287 -9.34626e+01 | 96 -0.02287 -9.34638e+01
 97  0.80801  1.01431e+02 | 98  0.22821  1.87274e+01 |
98 variables; iteration 60; function evaluation 81; phase 2
Function value 2.2606879e+03; maximum gradient component mag 6.6884e+02
Var    Value     Gradient |Var    Value     Gradient |Var    Value     Gradient
  1  0.64981  6.68839e+02 |  2 -0.01224 -1.97618e+01 |  3 -0.00824 -3.60705e+01
  4  0.00974 -1.81019e+01 |  5  0.01419 -2.30497e+01 |  6  0.00262 -1.72477e+01
  7  0.00652 -2.45377e+01 |  8 -0.01329 -1.47530e+01 |  9 -0.02209 -2.21068e+01
 10 -0.03941 -9.76499e+00 | 11 -0.03071 -3.43342e+01 | 12 -0.03201 -4.02404e+01
 13  0.00318 -2.72656e+01 | 14 -0.00856 -4.31711e+01 | 15  0.00322 -1.94644e+01
 16 -0.01633 -1.39664e+01 | 17  0.01710 -1.43153e+01 | 18  0.03530 -7.46875e+00
 19 -0.00540 -2.48174e+01 | 20  0.02569 -1.39898e+01 | 21 -0.02978 -1.59395e+01
 22 -0.02590 -2.41318e+01 | 23 -0.00987 -1.13227e+01 | 24 -0.00939 -1.13171e+01
 25  0.00142 -1.37355e+01 | 26 -0.03335 -3.32171e+00 | 27  0.04294  4.15225e+00
 28  0.02605 -1.02522e+01 | 29  0.02213 -4.35811e+00 | 30  0.02409 -8.42393e-01
 31  0.01352 -3.05582e+00 | 32  0.03677  3.82515e+00 | 33  0.00097 -1.46936e+01
 34  0.02175 -1.53429e+01 | 35  0.00954 -5.24577e+00 | 36  0.02842  9.95751e+00
 37 -0.03883 -1.92582e+00 | 38 -0.02520 -1.75506e+01 | 39 -0.01457  8.36886e+00
 40 -0.00864 -1.74845e+00 | 41 -0.00826 -1.91152e+00 | 42 -0.00545 -3.50602e-01
 43  0.00056  4.12966e+00 | 44 -0.00466  5.12128e+00 | 45 -0.02062 -2.88119e+00
 46  0.02656  1.21575e+01 | 47  0.04816  1.09722e+01 | 48  0.01262 -6.91051e+00
 49 -0.00214  1.41078e+01 | 50  0.01601  1.56175e+01 | 51 -0.00664  1.52401e+01
 52 -0.00441  2.07161e+01 | 53 -0.01649  2.02912e+01 | 54  0.02766  6.74859e+01
 55  0.02417  9.36758e+01 | 56 -0.00266  1.62288e+01 | 57  0.00073  2.58491e+01
 58 -0.00075  4.51815e+00 | 59  0.03285 -4.81847e+00 | 60 -0.02952  1.41098e+01
 61  0.02434  9.51000e+01 | 62 -0.01629  3.20373e+01 | 63  0.00202  8.19331e+00
 64  0.02060  2.21931e+01 | 65  0.02133  3.08195e+01 | 66  0.01140 -9.14045e+00
 67 -0.03264  1.75181e+01 | 68 -0.01855  3.64649e+01 | 69 -0.03871  2.13321e+01
 70  0.00998 -1.42295e+01 | 71  0.03219  1.71922e+01 | 72  0.01305  5.61628e+00
 73  0.06453  7.09075e+01 | 74  0.01500  2.89353e+01 | 75  0.00410  3.17760e+01
 76  0.02617  4.78172e+01 | 77 -0.01869  7.49582e+00 | 78  0.02346  1.96845e+01
 79 -0.00703  3.67290e+00 | 80 -0.02544 -4.80347e+00 | 81  0.01437 -1.76317e+01
 82 -0.00512  1.50889e+01 | 83  0.01548  1.02370e+00 | 84 -0.02143 -3.70759e+01
 85 -0.06088 -1.49473e+01 | 86 -0.01829  1.22531e+01 | 87 -0.01822 -1.72563e+01
 88 -0.04699 -1.98164e+01 | 89 -0.01022 -2.70385e+01 | 90 -0.02159 -1.60961e+01
 91  0.00953 -2.23471e+01 | 92  0.01729 -2.14280e+01 | 93 -0.01528 -2.00882e+01
 94  0.00403 -1.04934e+01 | 95 -0.00126 -2.23569e+01 | 96 -0.00126 -2.23561e+01
 97  0.80890  4.15907e+01 | 98  0.22754 -3.79611e+00 |
Maximum number of function evaluations exceeded

 - final statistics:
98 variables; iteration 73; function evaluation 100
Function value 2.2596e+03; maximum gradient component mag 1.3151e+02
Exit code = 3;  converg criter 1.0000e+01
Var    Value     Gradient |Var    Value     Gradient |Var    Value     Gradient
  1  0.64892  1.31514e+02 |  2 -0.01339 -5.42278e+00 |  3 -0.00117 -5.47111e+00
  4  0.00784 -6.33322e+00 |  5  0.01639 -1.28591e+00 |  6 -0.00102 -1.12673e+01
  7  0.00892 -9.76387e-01 |  8 -0.01370 -3.72902e-01 |  9 -0.02317 -9.99375e+00
 10 -0.04165 -9.90804e-01 | 11 -0.02739 -6.25579e+00 | 12 -0.02755 -5.98889e+00
 13  0.00448 -4.44933e+00 | 14 -0.00547 -7.11403e+00 | 15  0.00387 -1.83751e+00
 16 -0.01677 -6.24838e+00 | 17  0.01727 -5.36150e+00 | 18  0.03552 -4.86331e-01
 19 -0.00425 -2.06157e+00 | 20  0.02613 -2.04960e+00 | 21 -0.02981 -5.08684e+00
 22 -0.02539 -8.11445e+00 | 23 -0.01024 -5.33521e+00 | 24 -0.00949 -2.57802e+00
 25  0.00166 -1.96603e+00 | 26 -0.03448 -8.59924e-02 | 27  0.04267 -4.80945e-02
 28  0.02586 -7.84781e+00 | 29  0.02184 -2.78302e+00 | 30  0.02398  2.44203e+00
 31  0.01332  2.35160e-01 | 32  0.03610 -8.32021e+00 | 33  0.00139 -3.33517e+00
 34  0.02232 -4.02768e+00 | 35  0.00935 -4.56253e+00 | 36  0.02816  2.00511e+00
 37 -0.03980 -6.45848e-01 | 38 -0.02458 -3.73868e+00 | 39 -0.01512  6.64209e+00
 40 -0.00909 -4.66468e+00 | 41 -0.00838 -1.14468e+00 | 42 -0.00564 -2.11347e+00
 43  0.00029 -1.72918e+00 | 44 -0.00511 -2.11305e+00 | 45 -0.02026  2.69251e+00
 46  0.02653 -4.34911e+00 | 47  0.04879 -2.62772e+00 | 48  0.01386  2.33403e+00
 49 -0.00238  2.96654e+00 | 50  0.01594 -3.57832e+00 | 51 -0.00709 -4.13639e-01
 52 -0.00447  9.13736e+00 | 53 -0.01701  4.10907e+00 | 54  0.02679  2.50583e+00
 55  0.02243  4.62513e+00 | 56 -0.00259  4.23532e+00 | 57  0.00026  3.22829e+00
 58  0.00019  1.88149e+01 | 59  0.03380  6.94626e+00 | 60 -0.02980  8.07831e+00
 61  0.02299  1.66846e+01 | 62 -0.01712  7.59046e+00 | 63  0.00189 -8.20000e+00
 64  0.02090  9.95607e+00 | 65  0.02110  2.98238e+00 | 66  0.01255  1.15619e+01
 67 -0.03325  8.56699e+00 | 68 -0.01937  1.58089e+01 | 69 -0.03958  1.23631e+01
 70  0.01123  1.30812e+01 | 71  0.03231  3.98195e+00 | 72  0.01341  4.39946e+00
 73  0.06406  1.31504e-03 | 74  0.01456  4.86634e+00 | 75  0.00357  1.19405e+01
 76  0.02529  1.05572e+00 | 77 -0.01894  3.80699e+00 | 78  0.02330  3.26630e+00
 79 -0.00674  1.13234e+01 | 80 -0.02521  5.47762e+00 | 81  0.01476 -7.86217e+00
 82 -0.00590 -1.57780e+00 | 83  0.01523 -7.13484e+00 | 84 -0.02025 -1.76265e-01
 85 -0.06037  5.70745e+00 | 86 -0.01952 -3.38671e+00 | 87 -0.01825 -2.63441e+00
 88 -0.04723 -5.28649e+00 | 89 -0.00988  4.08901e-01 | 90 -0.02240 -7.33613e+00
 91  0.00910 -8.03802e+00 | 92  0.01731 -1.52722e+00 | 93 -0.01585 -4.21302e+00
 94 -0.00213 -3.58108e+00 | 95 -0.00061 -4.65044e+00 | 96 -0.00061 -4.65196e+00
 97  0.80692  4.69442e+00 | 98  0.22710 -1.71692e+01 |

Initial statistics: 100 variables; iteration 0; function evaluation 0; phase 3
Function value 2.2595868e+03; maximum gradient component mag 3.1330e+02
Var    Value     Gradient |Var    Value     Gradient |Var    Value     Gradient
  1  0.64892  1.31514e+02 |  2 -0.01339 -5.42728e+00 |  3 -0.00117 -5.47560e+00
  4  0.00784 -6.33772e+00 |  5  0.01639 -1.29040e+00 |  6 -0.00102 -1.12718e+01
  7  0.00892 -9.80879e-01 |  8 -0.01370 -3.77393e-01 |  9 -0.02317 -9.99824e+00
 10 -0.04165 -9.95288e-01 | 11 -0.02739 -6.26028e+00 | 12 -0.02755 -5.99338e+00
 13  0.00448 -4.45382e+00 | 14 -0.00547 -7.11852e+00 | 15  0.00387 -1.84201e+00
 16 -0.01677 -6.25288e+00 | 17  0.01727 -5.36600e+00 | 18  0.03552 -4.90817e-01
 19 -0.00425 -2.06607e+00 | 20  0.02613 -2.05409e+00 | 21 -0.02981 -5.09133e+00
 22 -0.02539 -8.11894e+00 | 23 -0.01024 -5.33970e+00 | 24 -0.00949 -2.58251e+00
 25  0.00166 -1.97052e+00 | 26 -0.03448 -9.04787e-02 | 27  0.04267 -5.25773e-02
 28  0.02586 -7.85230e+00 | 29  0.02184 -2.78751e+00 | 30  0.02398  2.43754e+00
 31  0.01332  2.30668e-01 | 32  0.03609 -8.32470e+00 | 33  0.00139 -3.33967e+00
 34  0.02232 -4.03217e+00 | 35  0.00935 -4.56703e+00 | 36  0.02816  2.00062e+00
 37 -0.03980 -6.50332e-01 | 38 -0.02458 -3.74317e+00 | 39 -0.01512  6.63759e+00
 40 -0.00909 -4.66917e+00 | 41 -0.00838 -1.14917e+00 | 42 -0.00564 -2.11796e+00
 43  0.00029 -1.73368e+00 | 44 -0.00511 -2.11754e+00 | 45 -0.02026  2.68802e+00
 46  0.02653 -4.35360e+00 | 47  0.04879 -2.63220e+00 | 48  0.01386  2.32953e+00
 49 -0.00238  2.96204e+00 | 50  0.01594 -3.58281e+00 | 51 -0.00709 -4.18131e-01
 52 -0.00447  9.13287e+00 | 53 -0.01701  4.10458e+00 | 54  0.02679  2.50134e+00
 55  0.02243  4.62064e+00 | 56 -0.00259  4.23082e+00 | 57  0.00026  3.22380e+00
 58  0.00019  1.88104e+01 | 59  0.03380  6.94177e+00 | 60 -0.02980  8.07382e+00
 61  0.02299  1.66801e+01 | 62 -0.01712  7.58597e+00 | 63  0.00189 -8.20449e+00
 64  0.02090  9.95158e+00 | 65  0.02110  2.97789e+00 | 66  0.01255  1.15574e+01
 67 -0.03325  8.56250e+00 | 68 -0.01937  1.58044e+01 | 69 -0.03958  1.23587e+01
 70  0.01123  1.30767e+01 | 71  0.03231  3.97746e+00 | 72  0.01341  4.39497e+00
 73  0.06406 -3.15511e-03 | 74  0.01456  4.86185e+00 | 75  0.00357  1.19360e+01
 76  0.02529  1.05123e+00 | 77 -0.01894  3.80250e+00 | 78  0.02330  3.26181e+00
 79 -0.00674  1.13189e+01 | 80 -0.02521  5.47313e+00 | 81  0.01476 -7.86667e+00
 82 -0.00590 -1.58229e+00 | 83  0.01523 -7.13934e+00 | 84 -0.02025 -1.80756e-01
 85 -0.06037  5.70298e+00 | 86 -0.01952 -3.39120e+00 | 87 -0.01825 -2.63890e+00
 88 -0.04723 -5.29097e+00 | 89 -0.00988  4.04408e-01 | 90 -0.02240 -7.34062e+00
 91  0.00910 -8.04251e+00 | 92  0.01731 -1.53171e+00 | 93 -0.01585 -4.21751e+00
 94 -0.00213 -3.58558e+00 | 95 -0.00061 -4.65493e+00 | 96 -0.00061 -4.65645e+00
 97  0.80692  4.69442e+00 | 98 -0.41581  3.13302e+02 | 99  0.22710 -1.71692e+01
100 -0.25275  3.58315e+01 |

Intermediate statistics: 100 variables; iteration 20; function evaluation 26; phase 3
Function value 2.2587281e+03; maximum gradient component mag 2.6581e+02
Var    Value     Gradient |Var    Value     Gradient |Var    Value     Gradient
  1  0.64892 -1.05040e+02 |  2 -0.01290  2.43513e+00 |  3 -0.00066  2.38029e+00
  4  0.00832  1.35758e+00 |  5  0.01733  7.54882e+00 |  6 -0.00102 -4.91899e+00
  7  0.00985  8.03698e+00 |  8 -0.01273  8.77921e+00 |  9 -0.02303 -3.49434e+00
 10 -0.04073  7.98189e+00 | 11 -0.02689  1.29626e+00 | 12 -0.02701  1.66238e+00
 13  0.00532  4.99548e+00 | 14 -0.00502 -3.46091e-01 | 15  0.00467  8.45401e+00
 16 -0.01649  3.05340e-02 | 17  0.01745 -9.46158e-01 | 18  0.03567  1.52417e+00
 19 -0.00388  4.86411e+00 | 20  0.02638  2.04785e+00 | 21 -0.02958  9.79494e-01
 22 -0.02546 -4.53032e+00 | 23 -0.01007  2.77884e-01 | 24 -0.00919  4.70575e+00
 25  0.00193  5.01649e+00 | 26 -0.03382  9.99262e+00 | 27  0.04278  1.66576e+00
 28  0.02584 -7.06459e+00 | 29  0.02191  1.62760e-01 | 30  0.02417  7.20308e+00
 31  0.01350  5.09321e+00 | 32  0.03603 -9.32823e+00 | 33  0.00141 -1.96311e-01
 34  0.02232 -3.20305e+00 | 35  0.00930 -3.50237e+00 | 36  0.02824  3.20882e+00
 37 -0.03951  6.43217e+00 | 38 -0.02463 -3.41891e-01 | 39 -0.01461  1.60108e+01
 40 -0.00919 -3.38891e+00 | 41 -0.00831  1.86945e+00 | 42 -0.00567 -8.54602e-01
 43  0.00019 -2.02656e+00 | 44 -0.00531 -3.05711e+00 | 45 -0.02016  6.45357e+00
 46  0.02641 -9.13169e+00 | 47  0.04944  8.54465e+00 | 48  0.01370 -1.91314e+00
 49 -0.00252  6.50845e-01 | 50  0.01579 -1.02901e+01 | 51 -0.00736 -5.72636e+00
 52 -0.00461  4.64408e+00 | 53 -0.01718  8.45357e-01 | 54  0.02701  4.01363e+00
 55  0.02255  4.52675e+00 | 56 -0.00278 -2.44515e+00 | 57 -0.00003 -6.77599e+00
 58 -0.00058 -3.88318e+00 | 59  0.03386 -6.16935e-01 | 60 -0.02988  6.95062e+00
 61  0.02232 -1.50013e+01 | 62 -0.01733  1.96195e+00 | 63  0.00220 -3.36413e+00
 64  0.02054 -1.02259e+01 | 65  0.02113 -4.50270e+00 | 66  0.01193 -1.48038e+01
 67 -0.03342  6.62282e+00 | 68 -0.01982  6.70065e+00 | 69 -0.03950  1.52135e+01
 70  0.01038 -1.73172e+01 | 71  0.03232 -4.02109e+00 | 72  0.01306 -1.07253e+01
 73  0.06407 -1.90861e+01 | 74  0.01405 -1.47229e+01 | 75  0.00302 -3.49255e+00
 76  0.02523 -8.01536e+00 | 77 -0.01920  3.90921e-01 | 78  0.02307 -1.00953e+01
 79 -0.00734 -1.00564e+00 | 80 -0.02550  3.60057e+00 | 81  0.01503  4.12387e+00
 82 -0.00617 -3.15174e+00 | 83  0.01546  8.44677e+00 | 84 -0.02075 -3.05454e+00
 85 -0.06036  1.46245e+01 | 86 -0.02007 -4.86401e+00 | 87 -0.01882 -1.27402e+00
 88 -0.04791 -2.69499e+00 | 89 -0.01054  4.79123e+00 | 90 -0.02333 -5.66066e+00
 91  0.00810 -5.21863e+00 | 92  0.01670  4.64866e+00 | 93 -0.01617  4.92074e+00
 94 -0.00216  3.83815e+00 | 95 -0.00041  2.92495e+00 | 96 -0.00041  2.92382e+00
 97  0.78606 -1.82759e+01 | 98 -0.41952  2.65812e+02 | 99  0.22657 -5.66439e+01
100 -0.25239  1.61712e+02 |
100 variables; iteration 40; function evaluation 50; phase 3
Function value 2.2582109e+03; maximum gradient component mag 2.1007e+02
Var    Value     Gradient |Var    Value     Gradient |Var    Value     Gradient
  1  0.64932 -7.30200e+01 |  2 -0.01210  2.38717e+00 |  3 -0.00013  1.73365e+00
  4  0.01035  4.03800e+00 |  5  0.01429 -2.78514e+00 |  6  0.00241  2.05788e+00
  7  0.00683 -4.64376e+00 |  8 -0.01453  6.67411e-01 |  9 -0.02209 -2.98157e+00
 10 -0.04199  1.75694e+00 | 11 -0.02693 -1.85035e+00 | 12 -0.02716 -2.28164e+00
 13  0.00619  6.17188e+00 | 14 -0.00425  5.64876e-01 | 15  0.00396 -3.74061e+00
 16 -0.01589  1.70031e+00 | 17  0.01771 -6.88965e-01 | 18  0.03579 -8.98715e-01
 19 -0.00394  7.62411e-01 | 20  0.02648 -3.81334e-01 | 21 -0.02916  2.48171e+00
 22 -0.02439  3.56243e+00 | 23 -0.01006 -1.77985e+00 | 24 -0.00925  1.36279e+00
 25  0.00170 -1.41190e+00 | 26 -0.03417  4.97932e+00 | 27  0.04285 -1.46391e+00
 28  0.02645 -8.40400e-01 | 29  0.02206 -8.51120e-01 | 30  0.02381 -1.58057e+00
 31  0.01318 -1.84772e+00 | 32  0.03647 -4.26382e+00 | 33  0.00152 -7.74157e-01
 34  0.02251 -2.29364e+00 | 35  0.00974  7.76945e-01 | 36  0.02804 -3.41212e+00
 37 -0.04035 -2.23158e+00 | 38 -0.02445 -1.15048e-01 | 39 -0.01551  3.65022e+00
 40 -0.00891 -1.17927e+00 | 41 -0.00836  4.44947e-01 | 42 -0.00553  6.90902e-01
 43  0.00036  4.05839e-01 | 44 -0.00514 -7.72326e-01 | 45 -0.02079 -8.66412e-02
 46  0.02675 -1.95083e+00 | 47  0.04880 -8.01229e+00 | 48  0.01364 -1.89081e+00
 49 -0.00287 -2.88026e+00 | 50  0.01600 -2.50889e+00 | 51 -0.00726 -1.61951e+00
 52 -0.00510 -1.30985e+00 | 53 -0.01741 -6.38630e-01 | 54  0.02680 -3.99938e-01
 55  0.02228 -3.19095e+00 | 56 -0.00272  1.12567e+00 | 57  0.00016 -4.53868e-01
 58 -0.00060 -1.82551e+00 | 59  0.03374 -2.92733e+00 | 60 -0.03029  1.70783e+00
 61  0.02269  1.14912e+00 | 62 -0.01760 -1.05138e+00 | 63  0.00226  1.61794e-01
 64  0.02063 -2.32272e+00 | 65  0.02094 -6.91389e+00 | 66  0.01232  1.98449e+00
 67 -0.03386  8.01494e-01 | 68 -0.02028 -1.42530e+00 | 69 -0.04098 -4.72940e+00
 70  0.01070 -3.52001e+00 | 71  0.03229 -4.86102e-01 | 72  0.01327 -6.07559e-01
 73  0.06424 -3.04746e+00 | 74  0.01447 -2.21960e-01 | 75  0.00318  2.14847e+00
 76  0.02518 -5.19350e+00 | 77 -0.01919  1.75550e+00 | 78  0.02329  2.48843e+00
 79 -0.00723  3.19844e+00 | 80 -0.02552  4.27643e+00 | 81  0.01502  4.70537e+00
 82 -0.00602  1.06422e+00 | 83  0.01519 -2.07197e+00 | 84 -0.02048  1.75839e+00
 85 -0.06142  1.14218e-01 | 86 -0.01970  2.53737e+00 | 87 -0.01851  3.50372e+00
 88 -0.04742  2.69285e+00 | 89 -0.01042  3.97903e+00 | 90 -0.02240  5.21254e+00
 91  0.00940  8.47676e+00 | 92  0.01778  8.87810e+00 | 93 -0.01591  4.44871e-01
 94 -0.00639 -4.20279e+00 | 95  0.00046  3.15903e+00 | 96  0.00046  3.16976e+00
 97  0.76497 -4.60208e+01 | 98 -0.42375  2.10068e+02 | 99  0.22878 -6.09907e-01
100 -0.25245 -4.49005e+00 |
100 variables; iteration 60; function evaluation 73; phase 3
Function value 2.2581172e+03; maximum gradient component mag -1.9455e+01
Var    Value     Gradient |Var    Value     Gradient |Var    Value     Gradient
  1  0.64936  6.81469e-01 |  2 -0.01179  1.14547e+00 |  3 -0.00031 -2.83717e-01
  4  0.01005  1.93062e+00 |  5  0.01607  7.16491e-01 |  6  0.00175 -9.47165e-01
  7  0.00854  6.20852e-03 |  8 -0.01492 -1.70406e+00 |  9 -0.02125 -1.37136e+00
 10 -0.04305 -2.68178e+00 | 11 -0.02711 -3.33570e+00 | 12 -0.02582  3.02936e+00
 13  0.00492 -2.27970e+00 | 14 -0.00388  4.09087e+00 | 15  0.00404 -1.61226e+00
 16 -0.01623 -8.77098e-01 | 17  0.01765 -3.39952e-02 | 18  0.03575  4.07580e-01
 19 -0.00398  4.20244e-01 | 20  0.02640 -4.40371e-01 | 21 -0.02950 -1.12170e+00
 22 -0.02491 -1.70893e+00 | 23 -0.00970  2.14888e+00 | 24 -0.00942 -5.58632e-01
 25  0.00171 -8.41519e-01 | 26 -0.03424  3.71623e+00 | 27  0.04284  7.05565e-01
 28  0.02650  1.27067e+00 | 29  0.02202 -3.53551e-01 | 30  0.02371 -1.99870e+00
 31  0.01319 -8.83315e-01 | 32  0.03666  1.50598e+00 | 33  0.00152 -1.88539e-01
 34  0.02251 -6.37089e-01 | 35  0.00962  1.31063e-01 | 36  0.02810  1.81222e-01
 37 -0.04059 -4.84982e+00 | 38 -0.02430  1.42477e+00 | 39 -0.01572  1.46487e+00
 40 -0.00882  5.76885e-01 | 41 -0.00842  2.29706e-01 | 42 -0.00561  3.15930e-01
 43  0.00027  1.25779e-01 | 44 -0.00508  6.74907e-01 | 45 -0.02098 -1.97647e+00
 46  0.02678  1.15492e+00 | 47  0.04873 -5.14647e+00 | 48  0.01368  7.74821e-01
 49 -0.00277 -2.66923e-01 | 50  0.01607  1.58602e+00 | 51 -0.00720  7.81157e-01
 52 -0.00510  4.26577e-01 | 53 -0.01740  2.60754e-01 | 54  0.02671 -8.74878e-01
 55  0.02229 -1.89513e-01 | 56 -0.00280  4.35534e-01 | 57  0.00010 -5.21247e-01
 58 -0.00058  7.89158e-02 | 59  0.03370 -7.97703e-01 | 60 -0.03032  1.01114e+00
 61  0.02262  1.15626e+00 | 62 -0.01756 -3.61613e-02 | 63  0.00221  3.73720e-01
 64  0.02059 -1.16683e+00 | 65  0.02110  1.39408e+00 | 66  0.01229  2.60382e+00
 67 -0.03391 -3.22780e-01 | 68 -0.02028 -1.32800e+00 | 69 -0.04058  2.42742e-01
 70  0.01083  1.75545e+00 | 71  0.03227  8.66659e-01 | 72  0.01335  2.54692e+00
 73  0.06424  2.09663e+00 | 74  0.01430 -3.62138e+00 | 75  0.00304 -5.15434e-01
 76  0.02532  9.38113e-01 | 77 -0.01927  1.68117e-01 | 78  0.02323  1.08273e+00
 79 -0.00734  6.88599e-02 | 80 -0.02571 -4.54215e-01 | 81  0.01488 -4.69833e-01
 82 -0.00611 -1.86826e+00 | 83  0.01524 -3.91118e-01 | 84 -0.02048  4.45280e-01
 85 -0.06143 -1.74228e+00 | 86 -0.01964  2.09003e+00 | 87 -0.01851  1.50272e+00
 88 -0.04738  7.86356e-01 | 89 -0.01048 -1.92694e-01 | 90 -0.02238  2.02991e+00
 91  0.00920  1.11786e+00 | 92  0.01728 -1.45394e-01 | 93 -0.01571 -1.21225e+00
 94 -0.00306 -1.04477e+00 | 95 -0.00110 -1.42242e+00 | 96 -0.00111 -1.43738e+00
 97  0.76759  1.57122e+00 | 98 -0.42383  8.40658e+00 | 99  0.22960  7.38255e+00
100 -0.25224 -1.94546e+01 |
100 variables; iteration 80; function evaluation 100; phase 3
Function value 2.2580995e+03; maximum gradient component mag 4.2105e+00
Var    Value     Gradient |Var    Value     Gradient |Var    Value     Gradient
  1  0.64949 -9.32449e-01 |  2 -0.01220  4.48229e-01 |  3 -0.00003  3.44362e-01
  4  0.00915 -8.42094e-02 |  5  0.01583  1.32039e-01 |  6  0.00204 -6.81315e-02
  7  0.00861  3.36530e-01 |  8 -0.01443 -8.43583e-02 |  9 -0.02089 -8.42250e-02
 10 -0.04238 -5.87616e-01 | 11 -0.02630 -1.00254e-01 | 12 -0.02641  5.31244e-01
 13  0.00525  2.91491e-01 | 14 -0.00423  1.58433e+00 | 15  0.00411 -8.83162e-01
 16 -0.01632 -1.56527e+00 | 17  0.01767  4.99651e-01 | 18  0.03574  4.55784e-01
 19 -0.00403  5.40248e-02 | 20  0.02634 -1.25929e+00 | 21 -0.02957 -1.50707e+00
 22 -0.02471  4.98703e-01 | 23 -0.00982  1.25390e+00 | 24 -0.00941 -1.04657e-01
 25  0.00176  9.74730e-02 | 26 -0.03478 -2.92140e-01 | 27  0.04273 -1.26198e+00
 28  0.02643  5.85862e-01 | 29  0.02202  1.04066e-02 | 30  0.02377 -6.23753e-01
 31  0.01319 -5.34179e-01 | 32  0.03657  3.41328e-01 | 33  0.00147 -4.87805e-01
 34  0.02258  1.00324e+00 | 35  0.00956 -3.40948e-01 | 36  0.02802 -7.40061e-01
 37 -0.04009 -3.00564e-01 | 38 -0.02448 -1.51351e-01 | 39 -0.01586  3.46427e-02
 40 -0.00892 -3.68662e-01 | 41 -0.00849 -3.29616e-01 | 42 -0.00566  5.21568e-03
 43  0.00020 -4.07936e-01 | 44 -0.00515  2.06786e-01 | 45 -0.02078  4.86203e-01
 46  0.02665 -4.47097e-01 | 47  0.04887 -2.16860e-01 | 48  0.01361  2.02667e-01
 49 -0.00276  4.51169e-01 | 50  0.01594 -5.00468e-01 | 51 -0.00726  2.95100e-01
 52 -0.00515 -6.16461e-02 | 53 -0.01741  6.17235e-01 | 54  0.02668 -2.83872e-01
 55  0.02225 -1.85459e-01 | 56 -0.00282  9.07360e-01 | 57  0.00005 -6.02287e-01
 58 -0.00060  4.00634e-01 | 59  0.03367 -2.55384e-01 | 60 -0.03035  1.13051e+00
 61  0.02254 -1.43753e-01 | 62 -0.01754  9.83144e-01 | 63  0.00215 -1.86482e-01
 64  0.02058 -1.67174e-01 | 65  0.02104  3.00512e-01 | 66  0.01217  1.43226e-01
 67 -0.03390  4.38519e-01 | 68 -0.02029 -6.55751e-01 | 69 -0.04064 -1.53687e-02
 70  0.01075  3.27628e-01 | 71  0.03221  7.37023e-02 | 72  0.01324  2.68451e-01
 73  0.06418  2.76545e-01 | 74  0.01438 -7.18503e-01 | 75  0.00303  2.13510e-01
 76  0.02527  2.43825e-01 | 77 -0.01936 -9.01536e-01 | 78  0.02317  2.38168e-01
 79 -0.00742 -9.26274e-01 | 80 -0.02571  4.73730e-01 | 81  0.01483 -2.55973e-01
 82 -0.00608  1.25877e-01 | 83  0.01519  1.05628e-02 | 84 -0.02053  9.33286e-01
 85 -0.06143 -9.44922e-01 | 86 -0.01971  2.30919e+00 | 87 -0.01863  6.56702e-01
 88 -0.04752 -6.76254e-02 | 89 -0.01059 -6.03586e-01 | 90 -0.02268 -7.60652e-01
 91  0.00896 -7.96088e-01 | 92  0.01718  2.36271e-01 | 93 -0.01540  4.90156e-01
 94 -0.00234  1.64364e-01 | 95 -0.00029 -1.15497e-01 | 96 -0.00029 -1.21426e-01
 97  0.76594 -2.48991e-01 | 98 -0.42417  4.21051e+00 | 99  0.22910  8.62595e-01
100 -0.25233 -2.97345e+00 |
Maximum number of function evaluations exceeded

 - final statistics:
100 variables; iteration 81; function evaluation 100
Function value 2.2581e+03; maximum gradient component mag 4.2105e+00
Exit code = 3;  converg criter 1.0000e+00
Var    Value     Gradient |Var    Value     Gradient |Var    Value     Gradient
  1  0.64949 -9.32449e-01 |  2 -0.01220  4.48229e-01 |  3 -0.00003  3.44362e-01
  4  0.00915 -8.42094e-02 |  5  0.01583  1.32039e-01 |  6  0.00204 -6.81315e-02
  7  0.00861  3.36530e-01 |  8 -0.01443 -8.43583e-02 |  9 -0.02089 -8.42250e-02
 10 -0.04238 -5.87616e-01 | 11 -0.02630 -1.00254e-01 | 12 -0.02641  5.31244e-01
 13  0.00525  2.91491e-01 | 14 -0.00423  1.58433e+00 | 15  0.00411 -8.83162e-01
 16 -0.01632 -1.56527e+00 | 17  0.01767  4.99651e-01 | 18  0.03574  4.55784e-01
 19 -0.00403  5.40248e-02 | 20  0.02634 -1.25929e+00 | 21 -0.02957 -1.50707e+00
 22 -0.02471  4.98703e-01 | 23 -0.00982  1.25390e+00 | 24 -0.00941 -1.04657e-01
 25  0.00176  9.74730e-02 | 26 -0.03478 -2.92140e-01 | 27  0.04273 -1.26198e+00
 28  0.02643  5.85862e-01 | 29  0.02202  1.04066e-02 | 30  0.02377 -6.23753e-01
 31  0.01319 -5.34179e-01 | 32  0.03657  3.41328e-01 | 33  0.00147 -4.87805e-01
 34  0.02258  1.00324e+00 | 35  0.00956 -3.40948e-01 | 36  0.02802 -7.40061e-01
 37 -0.04009 -3.00564e-01 | 38 -0.02448 -1.51351e-01 | 39 -0.01586  3.46427e-02
 40 -0.00892 -3.68662e-01 | 41 -0.00849 -3.29616e-01 | 42 -0.00566  5.21568e-03
 43  0.00020 -4.07936e-01 | 44 -0.00515  2.06786e-01 | 45 -0.02078  4.86203e-01
 46  0.02665 -4.47097e-01 | 47  0.04887 -2.16860e-01 | 48  0.01361  2.02667e-01
 49 -0.00276  4.51169e-01 | 50  0.01594 -5.00468e-01 | 51 -0.00726  2.95100e-01
 52 -0.00515 -6.16461e-02 | 53 -0.01741  6.17235e-01 | 54  0.02668 -2.83872e-01
 55  0.02225 -1.85459e-01 | 56 -0.00282  9.07360e-01 | 57  0.00005 -6.02287e-01
 58 -0.00060  4.00634e-01 | 59  0.03367 -2.55384e-01 | 60 -0.03035  1.13051e+00
 61  0.02254 -1.43753e-01 | 62 -0.01754  9.83144e-01 | 63  0.00215 -1.86482e-01
 64  0.02058 -1.67174e-01 | 65  0.02104  3.00512e-01 | 66  0.01217  1.43226e-01
 67 -0.03390  4.38519e-01 | 68 -0.02029 -6.55751e-01 | 69 -0.04064 -1.53687e-02
 70  0.01075  3.27628e-01 | 71  0.03221  7.37023e-02 | 72  0.01324  2.68451e-01
 73  0.06418  2.76545e-01 | 74  0.01438 -7.18503e-01 | 75  0.00303  2.13510e-01
 76  0.02527  2.43825e-01 | 77 -0.01936 -9.01536e-01 | 78  0.02317  2.38168e-01
 79 -0.00742 -9.26274e-01 | 80 -0.02571  4.73730e-01 | 81  0.01483 -2.55973e-01
 82 -0.00608  1.25877e-01 | 83  0.01519  1.05628e-02 | 84 -0.02053  9.33286e-01
 85 -0.06143 -9.44922e-01 | 86 -0.01971  2.30919e+00 | 87 -0.01863  6.56702e-01
 88 -0.04752 -6.76254e-02 | 89 -0.01059 -6.03586e-01 | 90 -0.02268 -7.60652e-01
 91  0.00896 -7.96088e-01 | 92  0.01718  2.36271e-01 | 93 -0.01540  4.90156e-01
 94 -0.00234  1.64364e-01 | 95 -0.00029 -1.15497e-01 | 96 -0.00029 -1.21426e-01
 97  0.76594 -2.48991e-01 | 98 -0.42417  4.21051e+00 | 99  0.22910  8.62595e-01
100 -0.25233 -2.97345e+00 |

Initial statistics: 108 variables; iteration 0; function evaluation 0; phase 4
Function value 2.2580995e+03; maximum gradient component mag -2.6418e+02
Var    Value     Gradient |Var    Value     Gradient |Var    Value     Gradient
  1 -0.42263 -8.86171e+01 |  2 -0.42263 -4.85032e+00 |  3 -0.41094 -2.64178e+02
  4  0.64949 -9.32449e-01 |  5  0.00000  3.94685e+00 |  6  0.00000  8.56141e-01
  7  0.00000  7.97075e+00 |  8  0.00000 -1.82572e+01 |  9  0.00000  3.00405e-01
 10 -0.01220  4.48172e-01 | 11 -0.00003  3.44305e-01 | 12  0.00915 -8.42658e-02
 13  0.01583  1.31983e-01 | 14  0.00204 -6.81879e-02 | 15  0.00861  3.36473e-01
 16 -0.01443 -8.44148e-02 | 17 -0.02089 -8.42814e-02 | 18 -0.04238 -5.87673e-01
 19 -0.02630 -1.00310e-01 | 20 -0.02641  5.31188e-01 | 21  0.00525  2.91434e-01
 22 -0.00423  1.58427e+00 | 23  0.00411 -8.83218e-01 | 24 -0.01632 -1.56532e+00
 25  0.01767  4.99595e-01 | 26  0.03574  4.55728e-01 | 27 -0.00403  5.39684e-02
 28  0.02634 -1.25935e+00 | 29 -0.02957 -1.50712e+00 | 30 -0.02471  4.98646e-01
 31 -0.00982  1.25384e+00 | 32 -0.00941 -1.04714e-01 | 33  0.00176  9.74166e-02
 34 -0.03478 -2.92197e-01 | 35  0.04273 -1.26203e+00 | 36  0.02643  5.85805e-01
 37  0.02202  1.03502e-02 | 38  0.02377 -6.23810e-01 | 39  0.01319 -5.34235e-01
 40  0.03657  3.41271e-01 | 41  0.00147 -4.87861e-01 | 42  0.02258  1.00318e+00
 43  0.00956 -3.41004e-01 | 44  0.02802 -7.40117e-01 | 45 -0.04009 -3.00621e-01
 46 -0.02448 -1.51407e-01 | 47 -0.01586  3.45863e-02 | 48 -0.00892 -3.68718e-01
 49 -0.00849 -3.29673e-01 | 50 -0.00566  5.15923e-03 | 51  0.00020 -4.07992e-01
 52 -0.00515  2.06730e-01 | 53 -0.02078  4.86147e-01 | 54  0.02665 -4.47153e-01
 55  0.04887 -2.16916e-01 | 56  0.01361  2.02610e-01 | 57 -0.00276  4.51113e-01
 58  0.01594 -5.00524e-01 | 59 -0.00726  2.95044e-01 | 60 -0.00515 -6.17026e-02
 61 -0.01741  6.17178e-01 | 62  0.02668 -2.83928e-01 | 63  0.02225 -1.85516e-01
 64 -0.00282  9.07304e-01 | 65  0.00005 -6.02343e-01 | 66 -0.00060  4.00578e-01
 67  0.03367 -2.55441e-01 | 68 -0.03035  1.13045e+00 | 69  0.02254 -1.43809e-01
 70 -0.01754  9.83088e-01 | 71  0.00215 -1.86538e-01 | 72  0.02058 -1.67230e-01
 73  0.02104  3.00456e-01 | 74  0.01217  1.43170e-01 | 75 -0.03390  4.38463e-01
 76 -0.02029 -6.55807e-01 | 77 -0.04064 -1.54251e-02 | 78  0.01075  3.27571e-01
 79  0.03221  7.36459e-02 | 80  0.01324  2.68394e-01 | 81  0.06418  2.76489e-01
 82  0.01438 -7.18559e-01 | 83  0.00303  2.13454e-01 | 84  0.02527  2.43768e-01
 85 -0.01936 -9.01593e-01 | 86  0.02317  2.38112e-01 | 87 -0.00742 -9.26330e-01
 88 -0.02571  4.73674e-01 | 89  0.01483 -2.56029e-01 | 90 -0.00608  1.25820e-01
 91  0.01519  1.05064e-02 | 92 -0.02053  9.33229e-01 | 93 -0.06143 -9.44978e-01
 94 -0.01971  2.30913e+00 | 95 -0.01863  6.56645e-01 | 96 -0.04752 -6.76817e-02
 97 -0.01059 -6.03642e-01 | 98 -0.02268 -7.60709e-01 | 99  0.00896 -7.96144e-01
100  0.01718  2.36214e-01 |101 -0.01540  4.90100e-01 |102 -0.00234  1.64308e-01
103 -0.00029 -1.15553e-01 |104 -0.00029 -1.21483e-01 |105  0.76594 -2.48991e-01
106 -0.42417  4.21051e+00 |107  0.22910  8.62595e-01 |108 -0.25233 -2.97345e+00

Intermediate statistics: 108 variables; iteration 20; function evaluation 27; phase 4
Function value 2.2575452e+03; maximum gradient component mag 3.8941e+02
Var    Value     Gradient |Var    Value     Gradient |Var    Value     Gradient
  1 -0.42393 -4.52320e+01 |  2 -0.42384  3.89408e+02 |  3 -0.40707 -1.87116e+01
  4  0.65026  3.08384e+02 |  5 -0.00081  2.03192e+00 |  6 -0.00018  4.41762e-01
  7 -0.00401  1.21961e+00 |  8  0.00921 -2.03266e+00 |  9  0.00014  5.31735e-01
 10 -0.01208 -8.80398e+00 | 11  0.00023 -8.62439e+00 | 12  0.00962 -8.52276e+00
 13  0.01628 -8.21998e+00 | 14  0.00252 -8.31649e+00 | 15  0.00905 -7.77251e+00
 16 -0.01398 -8.19036e+00 | 17 -0.02045 -8.08297e+00 | 18 -0.04191 -8.47015e+00
 19 -0.02588 -7.59932e+00 | 20 -0.02610 -7.02491e+00 | 21  0.00552 -5.89380e+00
 22 -0.00412 -5.50613e+00 | 23  0.00431 -6.21748e+00 | 24 -0.01607 -7.06265e+00
 25  0.01774 -4.59916e+00 | 26  0.03585 -4.22239e+00 | 27 -0.00390 -6.00789e+00
 28  0.02645 -5.18967e+00 | 29 -0.02927 -7.39666e+00 | 30 -0.02465 -6.33912e+00
 31 -0.00976 -5.46756e+00 | 32 -0.00931 -6.01210e+00 | 33  0.00183 -5.23791e+00
 34 -0.03472 -6.89300e+00 | 35  0.04275 -2.81899e+00 | 36  0.02641 -3.47806e+00
 37  0.02204 -4.10701e+00 | 38  0.02378 -4.13089e+00 | 39  0.01319 -3.97344e+00
 40  0.03650 -7.06647e-01 | 41  0.00150 -4.14990e+00 | 42  0.02253 -1.28431e+00
 43  0.00956 -2.63966e+00 | 44  0.02804 -2.91789e-01 | 45 -0.04005 -5.58372e+00
 46 -0.02450 -4.07394e+00 | 47 -0.01590 -2.74092e+00 | 48 -0.00890 -2.01741e+00
 49 -0.00851 -1.53451e+00 | 50 -0.00573 -6.67759e-01 | 51  0.00015  1.20789e-01
 52 -0.00523 -8.79791e-02 | 53 -0.02095 -1.51268e+00 | 54  0.02654  6.97033e+00
 55  0.04868  1.36194e+01 | 56  0.01346  5.95504e+00 | 57 -0.00293  3.44359e+00
 58  0.01577  9.14474e+00 | 59 -0.00743  4.74490e+00 | 60 -0.00530  6.22506e+00
 61 -0.01759  5.12020e+00 | 62  0.02663  2.04004e+01 | 63  0.02215  1.38046e+01
 64 -0.00292  7.36194e+00 | 65 -0.00004  6.06686e+00 | 66 -0.00070  8.63217e+00
 67  0.03367  2.24537e+01 | 68 -0.03042  1.76521e+00 | 69  0.02251  1.70579e+01
 70 -0.01761  4.46089e+00 | 71  0.00203  9.96049e+00 | 72  0.02060  2.03286e+01
 73  0.02102  1.41851e+01 | 74  0.01216  1.21889e+01 | 75 -0.03399 -1.23954e-01
 76 -0.02034  2.76674e+00 | 77 -0.04075 -1.75862e+00 | 78  0.01070  1.15091e+01
 79  0.03220  1.72440e+01 | 80  0.01319  1.18101e+01 | 81  0.06443  4.88402e+01
 82  0.01444  9.31713e+00 | 83  0.00298  4.84253e+00 | 84  0.02527  1.30345e+01
 85 -0.01944 -1.92426e-01 | 86  0.02317  1.28284e+01 | 87 -0.00747  6.06747e-01
 88 -0.02581 -8.23985e-01 | 89  0.01478  7.79208e+00 | 90 -0.00620  1.43692e+00
 91  0.01511  7.33228e-01 | 92 -0.02067 -3.88493e+00 | 93 -0.06159 -8.73227e+00
 94 -0.01999 -4.70981e+00 | 95 -0.01887 -9.36553e+00 | 96 -0.04781 -1.00544e+01
 97 -0.01094 -1.09642e+01 | 98 -0.02299 -1.16276e+01 | 99  0.00851 -1.48143e+01
100  0.01682 -1.22131e+01 |101 -0.01588 -1.15586e+01 |102 -0.00248 -9.61318e+00
103 -0.00017 -9.35991e+00 |104 -0.00017 -9.36031e+00 |105  0.76787  4.83054e+01
106 -0.42463 -2.04787e+02 |107  0.23018  4.31529e+01 |108 -0.25272 -1.34387e+02
108 variables; iteration 40; function evaluation 47; phase 4
Function value 2.2572979e+03; maximum gradient component mag 3.3873e+01
Var    Value     Gradient |Var    Value     Gradient |Var    Value     Gradient
  1 -0.42065 -3.14657e+00 |  2 -0.42432  3.26460e+01 |  3 -0.40617 -6.73356e+00
  4  0.64987  3.38728e+01 |  5  0.00026  2.81303e+00 |  6  0.00001  5.30118e-01
  7 -0.00714 -4.27479e+00 |  8  0.00963 -1.79111e+00 |  9 -0.00044 -1.02403e+00
 10 -0.01261 -1.97904e+00 | 11 -0.00026 -2.08570e+00 | 12  0.00947 -1.62552e+00
 13  0.01705  7.02439e-01 | 14  0.00329  7.28625e-01 | 15  0.00888 -1.84277e+00
 16 -0.01354 -1.95967e-02 | 17 -0.02037 -1.08353e+00 | 18 -0.04124  5.57398e-01
 19 -0.02683 -4.86814e+00 | 20 -0.02606 -6.84605e-01 | 21  0.00663  6.65978e+00
 22 -0.00397  1.86603e-01 | 23  0.00522  6.21249e+00 | 24 -0.01633 -4.80576e+00
 25  0.01780 -2.03942e+00 | 26  0.03604 -1.57212e+00 | 27 -0.00367  1.21769e-01
 28  0.02686  2.57005e+00 | 29 -0.02942 -4.01455e+00 | 30 -0.02462 -1.32466e+00
 31 -0.00956  7.19237e-01 | 32 -0.00919 -8.03226e-01 | 33  0.00184 -1.79058e+00
 34 -0.03428  2.15064e+00 | 35  0.04275 -4.38401e+00 | 36  0.02619 -6.29543e+00
 37  0.02238  1.73952e+00 | 38  0.02428  4.01359e+00 | 39  0.01316 -2.50190e+00
 40  0.03674  2.19057e+00 | 41  0.00156 -1.44192e+00 | 42  0.02205 -1.03351e+01
 43  0.00968 -6.01599e-01 | 44  0.02819 -5.57439e-01 | 45 -0.04041 -4.37661e+00
 46 -0.02395  4.81605e+00 | 47 -0.01598 -1.49305e+00 | 48 -0.00905 -3.43027e+00
 49 -0.00853 -1.37104e+00 | 50 -0.00579 -1.52088e+00 | 51  0.00014 -1.32658e+00
 52 -0.00521 -7.35827e-01 | 53 -0.02136 -4.49329e+00 | 54  0.02657 -3.56364e-01
 55  0.04878  5.24381e-01 | 56  0.01373  4.23438e+00 | 57 -0.00308 -2.15446e+00
 58  0.01608  7.67555e+00 | 59 -0.00757 -1.48327e+00 | 60 -0.00552 -2.54487e+00
 61 -0.01743  5.54828e+00 | 62  0.02635 -2.82711e+00 | 63  0.02212  2.50825e+00
 64 -0.00292  2.23377e+00 | 65 -0.00002  1.47641e+00 | 66 -0.00080  2.35737e-01
 67  0.03351  1.81377e+00 | 68 -0.03063 -3.23788e+00 | 69  0.02256  8.80494e+00
 70 -0.01757  2.03435e+00 | 71  0.00210  8.25064e+00 | 72  0.02045  4.56758e+00
 73  0.02104  3.49684e+00 | 74  0.01252  1.42975e+01 | 75 -0.03419 -2.65340e+00
 76 -0.02046 -6.89953e-01 | 77 -0.04083 -8.89594e-01 | 78  0.01041 -4.15660e+00
 79  0.03201 -1.56781e-01 | 80  0.01291 -2.50213e+00 | 81  0.06402  4.77165e+00
 82  0.01452  3.49514e+00 | 83  0.00308  3.72401e+00 | 84  0.02519  9.01558e-01
 85 -0.01955 -1.34111e+00 | 86  0.02284 -6.43132e+00 | 87 -0.00725  4.37461e+00
 88 -0.02565  3.77362e+00 | 89  0.01462  2.65508e+00 | 90 -0.00646 -3.06027e+00
 91  0.01519  4.44065e+00 | 92 -0.02060  2.17304e+00 | 93 -0.06179 -3.54140e+00
 94 -0.02043 -6.71639e+00 | 95 -0.01927 -9.19357e+00 | 96 -0.04730  6.93778e+00
 97 -0.01130 -2.52915e+00 | 98 -0.02272  3.86912e+00 | 99  0.00821 -2.41168e+00
100  0.01706  1.78686e+00 |101 -0.01710 -4.99923e+00 |102 -0.00317 -2.07778e+00
103 -0.00009 -9.22581e-01 |104 -0.00008 -9.15779e-01 |105  0.77005  8.95676e+00
106 -0.42404 -2.33653e+01 |107  0.23116  5.54910e+00 |108 -0.25229 -1.83261e+01
108 variables; iteration 60; function evaluation 74; phase 4
Function value 2.2572389e+03; maximum gradient component mag -8.1763e+00
Var    Value     Gradient |Var    Value     Gradient |Var    Value     Gradient
  1 -0.42267 -1.35916e-01 |  2 -0.42452 -8.17633e+00 |  3 -0.40524 -1.28476e+00
  4  0.64997 -4.49161e+00 |  5 -0.00115 -3.32626e-01 |  6 -0.00025 -6.96025e-02
  7 -0.00464 -2.50711e-01 |  8  0.01064 -1.32622e-01 |  9  0.00019 -4.99397e-02
 10 -0.01200  1.40354e-01 | 11  0.00050  4.11133e-01 | 12  0.01005  5.45607e-01
 13  0.01643 -1.83451e-01 | 14  0.00269 -1.50951e-01 | 15  0.00928  1.27714e-01
 16 -0.01373  1.23846e-01 | 17 -0.02022  1.19463e-01 | 18 -0.04166  6.65641e-02
 19 -0.02570  9.49939e-02 | 20 -0.02594  3.44078e-01 | 21  0.00560 -9.64106e-01
 22 -0.00386  1.02014e+00 | 23  0.00450 -9.25289e-01 | 24 -0.01593 -9.39526e-01
 25  0.01792  5.15608e-01 | 26  0.03615  1.08013e+00 | 27 -0.00372  2.08565e-01
 28  0.02676  1.27098e+00 | 29 -0.02906 -1.79731e-01 | 30 -0.02444  1.17475e+00
 31 -0.00965  3.32747e-01 | 32 -0.00915  2.89015e-01 | 33  0.00199  7.15632e-01
 34 -0.03469 -8.45639e-02 | 35  0.04292 -4.12095e-01 | 36  0.02660  7.53549e-01
 37  0.02223 -1.92139e-01 | 38  0.02402  3.02558e-01 | 39  0.01339  8.66122e-01
 40  0.03652 -1.54343e+00 | 41  0.00175  1.38079e+00 | 42  0.02256 -1.54122e+00
 43  0.00964 -7.15795e-01 | 44  0.02820 -5.53775e-01 | 45 -0.04004 -6.22038e-01
 46 -0.02428  1.84640e+00 | 47 -0.01593 -3.70843e-01 | 48 -0.00879  3.82173e-01
 49 -0.00839  1.12787e+00 | 50 -0.00572 -6.29973e-02 | 51  0.00021  1.99299e-01
 52 -0.00526 -7.23963e-01 | 53 -0.02090  1.21956e+00 | 54  0.02651 -5.74023e-01
 55  0.04882  2.35350e+00 | 56  0.01345  2.39317e-01 | 57 -0.00297  2.98139e-01
 58  0.01560 -1.79145e+00 | 59 -0.00762 -1.53076e+00 | 60 -0.00533  1.62162e+00
 61 -0.01785 -8.58988e-01 | 62  0.02641 -1.40098e-01 | 63  0.02204  2.83372e-01
 64 -0.00311 -2.15128e+00 | 65 -0.00019 -2.62214e+00 | 66 -0.00090 -2.09862e+00
 67  0.03347  4.27821e-02 | 68 -0.03049 -6.32699e-01 | 69  0.02232 -1.53572e-01
 70 -0.01775 -1.34697e+00 | 71  0.00180  5.62961e-01 | 72  0.02033 -1.48569e-01
 73  0.02097 -1.50741e-02 | 74  0.01208 -4.93646e-02 | 75 -0.03406 -2.50822e-01
 76 -0.02048 -5.37229e-01 | 77 -0.04090 -8.20148e-01 | 78  0.01053  3.83306e-01
 79  0.03199 -3.21225e-01 | 80  0.01300 -3.97956e-02 | 81  0.06395 -6.52182e-01
 82  0.01440 -2.01844e-01 | 83  0.00295  9.08436e-01 | 84  0.02514 -4.84676e-01
 85 -0.01952  2.99228e-01 | 86  0.02298 -4.59797e-01 | 87 -0.00738  2.89831e+00
 88 -0.02598 -1.14306e+00 | 89  0.01450 -1.40396e-01 | 90 -0.00637  3.70843e-01
 91  0.01502 -7.98262e-03 | 92 -0.02082 -8.93217e-01 | 93 -0.06160  7.11588e-01
 94 -0.02020  2.40273e+00 | 95 -0.01899  8.63251e-01 | 96 -0.04806 -1.49363e+00
 97 -0.01134 -5.06588e-01 | 98 -0.02308  1.56640e+00 | 99  0.00823  6.89916e-01
100  0.01649 -1.75303e+00 |101 -0.01606  3.28847e-01 |102 -0.00247  1.57202e-01
103 -0.00015  1.32651e-01 |104 -0.00015  1.32311e-01 |105  0.76756 -7.78761e-01
106 -0.42446  7.95247e-01 |107  0.23094 -6.22477e-02 |108 -0.25220  1.29879e+00

 - final statistics:
108 variables; iteration 74; function evaluation 91
Function value 2.2572e+03; maximum gradient component mag -8.4381e-01
Exit code = 1;  converg criter 1.0000e+00
Var    Value     Gradient |Var    Value     Gradient |Var    Value     Gradient
  1 -0.42252 -3.32246e-02 |  2 -0.42450 -8.43810e-01 |  3 -0.40531 -1.44096e-01
  4  0.64996 -4.46609e-01 |  5 -0.00110 -1.93379e-01 |  6 -0.00024 -4.22431e-02
  7 -0.00452 -4.16764e-02 |  8  0.01068 -3.84006e-02 |  9  0.00012 -1.59423e-01
 10 -0.01207 -8.82037e-02 | 11  0.00047  2.39089e-01 | 12  0.00972 -2.91458e-01
 13  0.01654  4.13852e-02 | 14  0.00274 -9.02259e-02 | 15  0.00924 -9.02686e-02
 16 -0.01364  3.25566e-01 | 17 -0.02018  1.59904e-01 | 18 -0.04164  5.89261e-02
 19 -0.02572 -4.28975e-02 | 20 -0.02601  1.11014e-02 | 21  0.00571 -1.71576e-01
 22 -0.00399  1.04283e-01 | 23  0.00459 -2.12884e-02 | 24 -0.01581  1.24174e-01
 25  0.01790  1.08245e-01 | 26  0.03612  3.90133e-01 | 27 -0.00373  6.15110e-02
 28  0.02671  4.59516e-01 | 29 -0.02903 -6.83294e-03 | 30 -0.02454  1.65291e-01
 31 -0.00966  1.72896e-01 | 32 -0.00918 -7.24409e-02 | 33  0.00195  8.96717e-02
 34 -0.03468 -7.07687e-02 | 35  0.04290 -7.24166e-01 | 36  0.02655 -1.03844e-01
 37  0.02224  3.10734e-02 | 38  0.02402  1.97685e-01 | 39  0.01333  9.22473e-02
 40  0.03658 -4.13284e-01 | 41  0.00163  6.16920e-02 | 42  0.02265 -8.11572e-02
 43  0.00968 -1.38096e-01 | 44  0.02822 -2.17595e-01 | 45 -0.03999 -3.16185e-01
 46 -0.02443  1.80690e-01 | 47 -0.01591 -2.74412e-01 | 48 -0.00881  9.88227e-02
 49 -0.00846  8.25169e-02 | 50 -0.00571  4.31780e-02 | 51  0.00019 -3.12559e-02
 52 -0.00521 -2.41128e-02 | 53 -0.02096  5.70996e-01 | 54  0.02656  3.19504e-01
 55  0.04875  3.39724e-01 | 56  0.01343 -1.27629e-01 | 57 -0.00298  8.45076e-02
 58  0.01566 -4.72425e-01 | 59 -0.00753 -8.21465e-02 | 60 -0.00542 -8.13294e-02
 61 -0.01780  2.43975e-02 | 62  0.02641 -4.05044e-02 | 63  0.02203 -1.87281e-02
 64 -0.00302  5.68526e-02 | 65 -0.00012 -6.82025e-01 | 66 -0.00083 -2.40258e-01
 67  0.03347  2.61316e-03 | 68 -0.03046 -1.34945e-01 | 69  0.02232 -6.58516e-02
 70 -0.01767  2.00031e-01 | 71  0.00178 -1.15546e-02 | 72  0.02033 -2.41011e-02
 73  0.02096 -7.14708e-03 | 74  0.01208 -3.07347e-02 | 75 -0.03405 -7.94254e-02
 76 -0.02045  2.19969e-01 | 77 -0.04084 -1.14907e-02 | 78  0.01052  3.69473e-02
 79  0.03200 -4.04550e-02 | 80  0.01300 -2.54981e-02 | 81  0.06396 -8.57706e-02
 82  0.01441 -5.97885e-02 | 83  0.00291  6.24610e-02 | 84  0.02516 -6.35723e-02
 85 -0.01953 -5.72623e-02 | 86  0.02300 -5.12717e-02 | 87 -0.00748  4.34407e-01
 88 -0.02593 -3.57291e-01 | 89  0.01451 -1.65551e-02 | 90 -0.00638  3.87385e-02
 91  0.01502  5.96075e-03 | 92 -0.02078 -2.30115e-01 | 93 -0.06164 -9.35252e-02
 94 -0.02027  2.16703e-01 | 95 -0.01900  3.18738e-01 | 96 -0.04797 -3.70910e-01
 97 -0.01130  8.25803e-02 | 98 -0.02315  3.29067e-01 | 99  0.00821  2.98881e-02
100  0.01666 -1.13779e-01 |101 -0.01605  2.03469e-01 |102 -0.00247  3.85699e-02
103 -0.00015  8.91634e-03 |104 -0.00015  8.86165e-03 |105  0.76784 -6.80532e-02
106 -0.42441 -2.56240e-02 |107  0.23093  1.29854e-02 |108 -0.25222  1.87450e-01

Initial statistics: 110 variables; iteration 0; function evaluation 0; phase 5
Function value 2.2572363e+03; maximum gradient component mag 1.1008e+02
Var    Value     Gradient |Var    Value     Gradient |Var    Value     Gradient
  1 -0.42252 -3.32246e-02 |  2 -0.42450 -8.43810e-01 |  3 -0.40531 -1.44096e-01
  4 -0.41222  1.64675e+01 |  5 -0.41222  1.10083e+02 |  6  0.64996 -4.46609e-01
  7 -0.00110 -1.93379e-01 |  8 -0.00024 -4.22431e-02 |  9 -0.00452 -4.16764e-02
 10  0.01068 -3.84006e-02 | 11  0.00012 -1.59423e-01 | 12 -0.01207 -8.80441e-02
 13  0.00047  2.39249e-01 | 14  0.00972 -2.91298e-01 | 15  0.01654  4.15448e-02
 16  0.00274 -9.00662e-02 | 17  0.00924 -9.01089e-02 | 18 -0.01364  3.25725e-01
 19 -0.02018  1.60063e-01 | 20 -0.04164  5.90854e-02 | 21 -0.02572 -4.27380e-02
 22 -0.02601  1.12609e-02 | 23  0.00571 -1.71417e-01 | 24 -0.00399  1.04442e-01
 25  0.00459 -2.11287e-02 | 26 -0.01581  1.24334e-01 | 27  0.01790  1.08405e-01
 28  0.03612  3.90292e-01 | 29 -0.00373  6.16707e-02 | 30  0.02671  4.59676e-01
 31 -0.02903 -6.67342e-03 | 32 -0.02454  1.65451e-01 | 33 -0.00966  1.73055e-01
 34 -0.00918 -7.22812e-02 | 35  0.00195  8.98314e-02 | 36 -0.03468 -7.06093e-02
 37  0.04290 -7.24007e-01 | 38  0.02655 -1.03684e-01 | 39  0.02224  3.12329e-02
 40  0.02402  1.97845e-01 | 41  0.01333  9.24069e-02 | 42  0.03658 -4.13125e-01
 43  0.00163  6.18517e-02 | 44  0.02265 -8.09976e-02 | 45  0.00968 -1.37936e-01
 46  0.02822 -2.17435e-01 | 47 -0.03999 -3.16025e-01 | 48 -0.02443  1.80849e-01
 49 -0.01591 -2.74252e-01 | 50 -0.00881  9.89824e-02 | 51 -0.00846  8.26766e-02
 52 -0.00571  4.33376e-02 | 53  0.00019 -3.10962e-02 | 54 -0.00521 -2.39531e-02
 55 -0.02096  5.71156e-01 | 56  0.02656  3.19663e-01 | 57  0.04875  3.39883e-01
 58  0.01343 -1.27470e-01 | 59 -0.00298  8.46673e-02 | 60  0.01566 -4.72265e-01
 61 -0.00753 -8.19869e-02 | 62 -0.00542 -8.11698e-02 | 63 -0.01780  2.45571e-02
 64  0.02641 -4.03448e-02 | 65  0.02203 -1.85685e-02 | 66 -0.00302  5.70123e-02
 67 -0.00012 -6.81866e-01 | 68 -0.00083 -2.40098e-01 | 69  0.03347  2.77263e-03
 70 -0.03046 -1.34786e-01 | 71  0.02232 -6.56920e-02 | 72 -0.01767  2.00191e-01
 73  0.00178 -1.13949e-02 | 74  0.02033 -2.39415e-02 | 75  0.02096 -6.98748e-03
 76  0.01208 -3.05751e-02 | 77 -0.03405 -7.92660e-02 | 78 -0.02045  2.20129e-01
 79 -0.04084 -1.13314e-02 | 80  0.01052  3.71069e-02 | 81  0.03200 -4.02955e-02
 82  0.01300 -2.53385e-02 | 83  0.06396 -8.56117e-02 | 84  0.01441 -5.96288e-02
 85  0.00291  6.26207e-02 | 86  0.02516 -6.34128e-02 | 87 -0.01953 -5.71027e-02
 88  0.02300 -5.11121e-02 | 89 -0.00748  4.34567e-01 | 90 -0.02593 -3.57131e-01
 91  0.01451 -1.63954e-02 | 92 -0.00638  3.88982e-02 | 93  0.01502  6.12039e-03
 94 -0.02078 -2.29955e-01 | 95 -0.06164 -9.33663e-02 | 96 -0.02027  2.16863e-01
 97 -0.01900  3.18897e-01 | 98 -0.04797 -3.70750e-01 | 99 -0.01130  8.27399e-02
100 -0.02315  3.29227e-01 |101  0.00821  3.00478e-02 |102  0.01666 -1.13619e-01
103 -0.01605  2.03629e-01 |104 -0.00247  3.87296e-02 |105 -0.00015  9.07603e-03
106 -0.00015  9.02133e-03 |107  0.76784 -6.80532e-02 |108 -0.42441 -2.56240e-02
109  0.23093  1.29854e-02 |110 -0.25222  1.87450e-01 |

Intermediate statistics: 110 variables; iteration 20; function evaluation 25; phase 5
Function value 2.2558086e+03; maximum gradient component mag 4.8996e+02
Var    Value     Gradient |Var    Value     Gradient |Var    Value     Gradient
  1 -0.39905  3.70155e+01 |  2 -0.41968  2.42602e+02 |  3 -0.41897  6.99625e+01
  4 -0.41262  2.06994e+01 |  5 -0.43727  8.94310e+01 |  6  0.64915 -1.54266e+02
  7 -0.00158 -5.89542e-01 |  8 -0.00034 -1.31154e-01 |  9 -0.00466 -1.52219e-01
 10  0.01047 -2.18779e-01 | 11 -0.00006 -2.94858e-01 | 12 -0.01224  4.54017e+00
 13  0.00017  4.66765e+00 | 14  0.00948  4.25052e+00 | 15  0.01623  4.40031e+00
 16  0.00247  4.31976e+00 | 17  0.00897  4.24781e+00 | 18 -0.01393  4.51009e+00
 19 -0.02044  4.34470e+00 | 20 -0.04185  4.29683e+00 | 21 -0.02593  3.91979e+00
 22 -0.02620  3.63492e+00 | 23  0.00574  3.39082e+00 | 24 -0.00392  3.06428e+00
 25  0.00481  3.57142e+00 | 26 -0.01572  3.30144e+00 | 27  0.01800  7.40411e-01
 28  0.03601  2.05933e+00 | 29 -0.00351  7.69043e+00 | 30  0.02688  3.48407e-01
 31 -0.02904 -6.68945e-01 | 32 -0.02460 -4.05464e+00 | 33 -0.00975 -4.28338e+00
 34 -0.00906  1.76457e+00 | 35  0.00208  3.92586e+00 | 36 -0.03451  2.34781e+00
 37  0.04318 -1.21577e+00 | 38  0.02680  9.05045e-01 | 39  0.02234 -6.48768e-01
 40  0.02418  2.11229e+00 | 41  0.01345  1.51950e+00 | 42  0.03680 -1.48610e+00
 43  0.00164 -2.56347e+00 | 44  0.02278 -2.25795e+00 | 45  0.00973 -5.49018e-01
 46  0.02804 -3.68767e+00 | 47 -0.03990  2.08352e+00 | 48 -0.02444 -2.04308e+00
 49 -0.01586 -3.67984e+00 | 50 -0.00874  1.73193e-01 | 51 -0.00830  3.24344e-01
 52 -0.00561 -4.06620e+00 | 53  0.00028 -4.88951e+00 | 54 -0.00506 -1.26226e+00
 55 -0.02095 -1.99643e+00 | 56  0.02646 -9.57164e+00 | 57  0.04822 -2.23847e+01
 58  0.01336 -5.07921e+00 | 59 -0.00301 -3.93875e+00 | 60  0.01560 -1.21877e+01
 61 -0.00751 -9.26193e+00 | 62 -0.00541 -8.36312e+00 | 63 -0.01784 -7.43188e+00
 64  0.02605 -3.13278e+01 | 65  0.02192 -1.84802e+01 | 66 -0.00296 -6.45095e+00
 67 -0.00003 -5.62899e+00 | 68 -0.00093 -6.62637e+00 | 69  0.03365  8.74631e-01
 70 -0.03033  2.27259e+00 | 71  0.02233 -1.05727e+01 | 72 -0.01755 -5.73868e-02
 73  0.00186 -2.14193e+00 | 74  0.02051 -5.05092e+00 | 75  0.02077 -3.66852e+00
 76  0.01203 -2.36040e+00 | 77 -0.03386  6.21559e-01 | 78 -0.02025  6.44288e-01
 79 -0.04077 -1.03289e+00 | 80  0.01082  2.86780e+00 | 81  0.03221  1.29088e+01
 82  0.01277 -1.40082e+00 | 83  0.06388  8.31735e+00 | 84  0.01406  2.23931e-02
 85  0.00293  3.97109e+00 | 86  0.02548  7.97761e+00 | 87 -0.01948  4.23347e+00
 88  0.02325  6.99610e+00 | 89 -0.00708  7.41839e+00 | 90 -0.02558  3.98259e+00
 91  0.01462  4.26489e+00 | 92 -0.00628  2.49627e+00 | 93  0.01508  4.99817e+00
 94 -0.02101 -6.53288e-01 | 95 -0.06172  2.39511e-01 | 96 -0.02012  2.70066e+00
 97 -0.01888  3.84060e+00 | 98 -0.04787  5.63679e+00 | 99 -0.01158  1.01345e+00
100 -0.02332  4.34386e+00 |101  0.00764  6.70948e+00 |102  0.01707  1.21053e+01
103 -0.01604  7.21948e+00 |104 -0.00325  4.62728e+00 |105 -0.00015  4.79124e+00
106 -0.00015  4.79127e+00 |107  0.76493 -1.00160e+02 |108 -0.42294  4.89960e+02
109  0.23508 -3.82359e+01 |110 -0.25133  1.42489e+02 |
110 variables; iteration 40; function evaluation 46; phase 5
Function value 2.2549111e+03; maximum gradient component mag 1.3193e+02
Var    Value     Gradient |Var    Value     Gradient |Var    Value     Gradient
  1 -0.39013  8.31901e+00 |  2 -0.41806  1.31926e+02 |  3 -0.42313  4.60102e+01
  4 -0.41356  1.40282e+00 |  5 -0.45414  1.33401e+01 |  6  0.64948  2.02124e+01
  7 -0.00031  3.15732e+00 |  8 -0.00007  6.78310e-01 |  9 -0.00467  1.48615e-01
 10  0.01058  4.02516e-01 | 11  0.00004  3.48444e-01 | 12 -0.01210 -9.36150e-02
 13  0.00048  5.85003e-01 | 14  0.01023  1.50416e+00 | 15  0.01651  9.23838e-01
 16  0.00279  9.42716e-01 | 17  0.00963  2.55972e+00 | 18 -0.01337  2.14286e+00
 19 -0.01983  2.40197e+00 | 20 -0.04126  1.99802e+00 | 21 -0.02575  1.16409e+00
 22 -0.02381  1.10458e+01 | 23  0.00635  6.07737e+00 | 24 -0.00584 -1.36909e+01
 25  0.00498  3.58833e+00 | 26 -0.01622 -3.33801e+00 | 27  0.01804 -9.68676e-01
 28  0.03596  2.31694e+00 | 29 -0.00388  2.34972e+00 | 30  0.02698 -1.68483e-01
 31 -0.02774  5.36172e+00 | 32 -0.02476 -1.10589e+01 | 33 -0.00784  1.20344e+01
 34 -0.01010 -1.28851e+01 | 35  0.00237  6.27885e+00 | 36 -0.03447 -1.96871e+00
 37  0.04337  1.49586e+00 | 38  0.02665 -2.77354e+00 | 39  0.02259  1.39956e+00
 40  0.02382 -3.00399e+00 | 41  0.01320 -1.59622e+00 | 42  0.03656 -3.66711e+00
 43  0.00219  1.93050e+00 | 44  0.02253 -4.76307e+00 | 45  0.00943 -2.90319e+00
 46  0.02784 -7.84277e-02 | 47 -0.04112 -9.64485e+00 | 48 -0.02424 -1.74524e+00
 49 -0.01581 -4.14503e+00 | 50 -0.00891  3.99272e-01 | 51 -0.00823  3.41309e+00
 52 -0.00557 -2.66155e+00 | 53  0.00065  2.21312e+00 | 54 -0.00502  2.12227e+00
 55 -0.02081 -5.01216e-02 | 56  0.02661  2.82073e+00 | 57  0.04839  2.65511e+00
 58  0.01327  3.01814e+00 | 59 -0.00342 -3.70930e+00 | 60  0.01582  2.34312e+00
 61 -0.00755 -5.80899e+00 | 62 -0.00509  4.07795e+00 | 63 -0.01781 -1.40476e+00
 64  0.02639 -3.28252e+00 | 65  0.02222  1.20853e+00 | 66 -0.00289  1.97480e+00
 67  0.00012  2.88882e+00 | 68 -0.00090  2.22528e+00 | 69  0.03331  1.51664e+00
 70 -0.03046  2.55548e+00 | 71  0.02259  5.06243e+00 | 72 -0.01783 -2.46158e+00
 73  0.00172 -1.77468e+00 | 74  0.02040 -1.19885e+00 | 75  0.02041 -3.80441e+00
 76  0.01199  6.38453e+00 | 77 -0.03379 -9.16625e-01 | 78 -0.02040 -2.05825e+00
 79 -0.04053 -2.69010e+00 | 80  0.01039 -8.37455e+00 | 81  0.03180  4.42011e+00
 82  0.01256  1.04868e-01 | 83  0.06345  3.80549e+00 | 84  0.01378  1.58008e-01
 85  0.00274 -2.02327e-02 | 86  0.02516 -7.09461e-01 | 87 -0.01961  9.17489e-02
 88  0.02313  5.93330e+00 | 89 -0.00713  2.44319e+00 | 90 -0.02563 -5.53436e-02
 91  0.01453  2.61066e+00 | 92 -0.00643 -7.27450e-01 | 93  0.01480 -2.65935e+00
 94 -0.02113 -1.53470e+00 | 95 -0.06177 -5.71180e+00 | 96 -0.02017 -5.52021e-01
 97 -0.01881 -2.96877e-02 | 98 -0.04875 -9.51546e+00 | 99 -0.01131  2.99823e+00
100 -0.02350 -1.51171e+00 |101  0.00774  1.79456e+00 |102  0.01693  3.27670e+00
103 -0.01401  7.43329e+00 |104 -0.00751 -7.54635e+00 |105 -0.00015 -5.40404e-01
106 -0.00015 -5.38533e-01 |107  0.75916 -1.69178e+01 |108 -0.42518  5.04771e+01
109  0.23504 -2.69329e+00 |110 -0.25229  1.53188e+01 |
110 variables; iteration 60; function evaluation 74; phase 5
Function value 2.2547755e+03; maximum gradient component mag 1.2883e+01
Var    Value     Gradient |Var    Value     Gradient |Var    Value     Gradient
  1 -0.38834  1.26200e-01 |  2 -0.41774  1.28834e+01 |  3 -0.42424  3.73849e+00
  4 -0.41122 -2.36155e-01 |  5 -0.45673  1.61735e+00 |  6  0.64926  4.43717e+00
  7 -0.00109  1.26177e+00 |  8 -0.00025  2.58102e-01 |  9 -0.00485 -2.41023e-01
 10  0.01034 -1.25598e-01 | 11 -0.00019 -1.89489e-01 | 12 -0.01220  7.07927e-02
 13  0.00032  5.93912e-01 | 14  0.00903 -9.62088e-01 | 15  0.01648  1.13440e+00
 16  0.00286  1.50301e+00 | 17  0.00925  1.66135e+00 | 18 -0.01438 -5.51436e-01
 19 -0.02068  7.57071e-02 | 20 -0.04252 -1.36070e+00 | 21 -0.02566  2.04226e+00
 22 -0.02602  1.82128e+00 | 23  0.00535 -2.60792e-01 | 24 -0.00424 -6.12189e-01
 25  0.00441 -4.39620e-01 | 26 -0.01602 -2.49046e-01 | 27  0.01800  4.84833e-02
 28  0.03571 -4.20107e-01 | 29 -0.00418  5.98817e-02 | 30  0.02686 -1.05026e+00
 31 -0.02836  1.04272e+00 | 32 -0.02385 -2.22899e+00 | 33 -0.00887  1.42783e+00
 34 -0.00917 -1.39411e+00 | 35  0.00192  1.22688e+00 | 36 -0.03436 -7.34621e-01
 37  0.04333  6.49326e-01 | 38  0.02683  5.56078e-02 | 39  0.02257  1.22336e+00
 40  0.02401 -2.66565e-01 | 41  0.01330 -4.94536e-01 | 42  0.03664 -3.11078e+00
 43  0.00202 -2.29432e-01 | 44  0.02290  7.70903e-01 | 45  0.00961 -2.99853e-01
 46  0.02782 -5.91406e-01 | 47 -0.04027 -2.39145e+00 | 48 -0.02407 -5.80013e-03
 49 -0.01546 -3.49766e-01 | 50 -0.00895 -3.51128e-01 | 51 -0.00837  7.83835e-01
 52 -0.00532 -2.51545e-01 | 53  0.00063  1.09247e+00 | 54 -0.00509  4.76196e-01
 55 -0.02073  1.33952e-01 | 56  0.02654 -1.72482e-02 | 57  0.04840  7.52489e-01
 58  0.01320  7.87611e-01 | 59 -0.00316 -9.22898e-01 | 60  0.01577 -5.83794e-01
 61 -0.00712 -4.15988e-01 | 62 -0.00521  1.83921e-01 | 63 -0.01771 -1.23948e+00
 64  0.02655 -5.08832e-01 | 65  0.02228  4.25005e-01 | 66 -0.00280  2.36224e+00
 67  0.00017  2.18850e+00 | 68 -0.00099 -1.81083e+00 | 69  0.03336  2.67795e-01
 70 -0.03047  1.74422e+00 | 71  0.02255  6.58568e-01 | 72 -0.01766 -1.85633e-01
 73  0.00194  1.99421e+00 | 74  0.02045 -1.48263e+00 | 75  0.02057 -5.36763e-01
 76  0.01186  3.03614e-01 | 77 -0.03374 -1.42067e+00 | 78 -0.02024 -1.63272e-01
 79 -0.04041 -1.38315e+00 | 80  0.01071 -9.42373e-01 | 81  0.03177  1.86878e-01
 82  0.01259 -8.24492e-01 | 83  0.06345  4.18630e-01 | 84  0.01383  1.09294e+00
 85  0.00283  7.53110e-01 | 86  0.02525 -1.94422e-02 | 87 -0.01960 -8.08715e-01
 88  0.02306  3.54086e-01 | 89 -0.00713  4.52690e-01 | 90 -0.02558 -6.88461e-01
 91  0.01454  3.29106e-01 | 92 -0.00630  1.31744e+00 | 93  0.01489 -1.15465e+00
 94 -0.02101  4.58571e-01 | 95 -0.06128 -7.05140e-02 | 96 -0.02012 -9.60879e-01
 97 -0.01881 -1.82468e+00 | 98 -0.04815 -1.61900e+00 | 99 -0.01131  1.58253e+00
100 -0.02330  5.29218e-01 |101  0.00773  1.15675e+00 |102  0.01665 -1.04271e-01
103 -0.01578  1.34596e+00 |104 -0.00392 -1.27186e+00 |105 -0.00011 -2.21809e-02
106 -0.00011 -2.45975e-02 |107  0.76176 -1.05793e+00 |108 -0.42481  6.77914e-01
109  0.23444 -5.26433e-01 |110 -0.25258  2.57951e+00 |
110 variables; iteration 80; function evaluation 100; phase 5
Function value 2.2547690e+03; maximum gradient component mag 4.0004e+00
Var    Value     Gradient |Var    Value     Gradient |Var    Value     Gradient
  1 -0.38778  5.46207e-01 |  2 -0.41764  4.00045e+00 |  3 -0.42456  2.05823e+00
  4 -0.41054  1.91088e-01 |  5 -0.45736  2.82266e-01 |  6  0.64920  9.23918e-01
  7 -0.00152  2.53385e-01 |  8 -0.00032  6.79790e-02 |  9 -0.00486 -3.06199e-01
 10  0.01037 -1.20148e-01 | 11 -0.00013 -1.36720e-01 | 12 -0.01199  5.26602e-01
 13  0.00019  3.76422e-01 | 14  0.00957  3.02580e-01 | 15  0.01613  2.05146e-01
 16  0.00245  3.83357e-01 | 17  0.00864 -3.40072e-01 | 18 -0.01424 -8.40965e-02
 19 -0.02061  3.45977e-01 | 20 -0.04227 -5.27477e-01 | 21 -0.02614  2.20979e-01
 22 -0.02639  2.14990e-01 | 23  0.00543  3.10936e-01 | 24 -0.00413  3.02240e-01
 25  0.00443 -1.34917e-01 | 26 -0.01599  9.10773e-02 | 27  0.01799  9.28731e-02
 28  0.03577  1.03485e+00 | 29 -0.00419  4.75710e-02 | 30  0.02694  5.97303e-01
 31 -0.02850 -5.66337e-02 | 32 -0.02363 -1.70186e-01 | 33 -0.00898  1.94669e-01
 34 -0.00905 -4.18337e-02 | 35  0.00183 -1.67217e-02 | 36 -0.03417  7.42318e-01
 37  0.04335  1.05012e+00 | 38  0.02684  9.67327e-02 | 39  0.02254  6.48385e-01
 40  0.02403 -7.04767e-03 | 41  0.01334  8.52079e-02 | 42  0.03677 -7.85740e-01
 43  0.00206  2.33931e-01 | 44  0.02287  1.72157e-01 | 45  0.00962 -1.53283e-01
 46  0.02784 -1.14129e-01 | 47 -0.04012 -1.09822e+00 | 48 -0.02408 -1.77981e-01
 49 -0.01543 -1.04581e-01 | 50 -0.00891  1.22444e-02 | 51 -0.00842 -8.52359e-02
 52 -0.00527  1.12720e-01 | 53  0.00059  2.22124e-01 | 54 -0.00511 -2.37283e-02
 55 -0.02072  1.33744e-01 | 56  0.02658  3.06843e-01 | 57  0.04839 -1.32856e-02
 58  0.01320  4.81681e-01 | 59 -0.00311 -3.95533e-01 | 60  0.01577 -1.09359e+00
 61 -0.00710 -3.66961e-01 | 62 -0.00525 -7.82519e-01 | 63 -0.01759  4.80527e-01
 64  0.02659 -1.76413e-01 | 65  0.02229  2.37442e-02 | 66 -0.00288 -6.45403e-02
 67  0.00012  4.01678e-01 | 68 -0.00092 -4.97526e-01 | 69  0.03337  2.98804e-02
 70 -0.03056  8.11671e-02 | 71  0.02256  4.13758e-02 | 72 -0.01763 -9.40866e-02
 73  0.00188  1.45133e-01 | 74  0.02051 -2.14840e-01 | 75  0.02060 -9.08950e-02
 76  0.01185 -9.21177e-02 | 77 -0.03364  1.98958e-02 | 78 -0.02019  7.63788e-01
 79 -0.04032 -2.85773e-01 | 80  0.01076 -2.27499e-01 | 81  0.03178  1.26166e-02
 82  0.01262 -1.71296e-01 | 83  0.06346  6.15359e-02 | 84  0.01378 -2.73996e-01
 85  0.00286  1.05606e+00 | 86  0.02525 -2.48812e-01 | 87 -0.01954  1.70704e-01
 88  0.02307  5.33387e-02 | 89 -0.00717 -8.00059e-01 | 90 -0.02554 -2.34707e-01
 91  0.01454 -1.19004e-02 | 92 -0.00634 -8.10588e-02 | 93  0.01493 -1.48183e-01
 94 -0.02107 -9.40219e-01 | 95 -0.06131 -5.05560e-01 | 96 -0.02010 -3.95965e-01
 97 -0.01875 -2.93665e-01 | 98 -0.04805 -6.06558e-03 | 99 -0.01134  1.00289e+00
100 -0.02334 -3.23679e-02 |101  0.00761 -2.79172e-01 |102  0.01658 -6.94846e-01
103 -0.01612  2.98464e-01 |104 -0.00331 -1.58681e-01 |105 -0.00035 -2.97163e-01
106 -0.00035 -2.90269e-01 |107  0.76211 -3.46804e-01 |108 -0.42474  1.66706e+00
109  0.23439 -1.32385e-01 |110 -0.25263  7.27678e-01 |
110 variables; iteration 100; function evaluation 130; phase 5
Function value 2.2547683e+03; maximum gradient component mag 1.7266e+00
Var    Value     Gradient |Var    Value     Gradient |Var    Value     Gradient
  1 -0.38775  2.28224e-01 |  2 -0.41763  1.72665e+00 |  3 -0.42458  8.81761e-01
  4 -0.41049  1.01366e-01 |  5 -0.45740  1.18669e-01 |  6  0.64919  4.62132e-01
  7 -0.00149  3.12763e-01 |  8 -0.00030  1.09680e-01 |  9 -0.00477 -1.48953e-01
 10  0.01041 -6.74251e-02 | 11 -0.00006 -1.37713e-02 | 12 -0.01212  2.83264e-01
 13 -0.00001 -4.20392e-02 | 14  0.00950  1.39632e-01 | 15  0.01602 -6.72096e-02
 16  0.00240  2.46430e-01 | 17  0.00870 -1.49254e-01 | 18 -0.01414  2.24532e-01
 19 -0.02072  2.92520e-03 | 20 -0.04221 -3.51555e-01 | 21 -0.02618  8.01612e-02
 22 -0.02643  7.48834e-02 | 23  0.00540  7.82119e-02 | 24 -0.00416  8.89917e-02
 25  0.00444 -7.06336e-02 | 26 -0.01597  2.69841e-01 | 27  0.01800  1.55269e-01
 28  0.03574  4.10290e-01 | 29 -0.00418  2.13937e-01 | 30  0.02692  2.85098e-01
 31 -0.02848  1.04643e-01 | 32 -0.02362 -7.07648e-02 | 33 -0.00898  2.30332e-01
 34 -0.00903  2.66166e-01 | 35  0.00183  3.02219e-02 | 36 -0.03423  2.97129e-01
 37  0.04333  4.89687e-01 | 38  0.02684  1.04938e-01 | 39  0.02251  2.43140e-01
 40  0.02406  3.49819e-01 | 41  0.01333 -1.12042e-01 | 42  0.03679 -4.05498e-01
 43  0.00206  1.44498e-01 | 44  0.02286 -7.48579e-03 | 45  0.00963 -9.80720e-02
 46  0.02785 -2.31373e-02 | 47 -0.04004 -4.32542e-01 | 48 -0.02404  1.74885e-01
 49 -0.01543 -1.04017e-01 | 50 -0.00892 -1.02088e-01 | 51 -0.00842 -5.27559e-02
 52 -0.00528 -8.29040e-02 | 53  0.00059  1.66269e-01 | 54 -0.00511 -1.03917e-01
 55 -0.02074 -1.36538e-01 | 56  0.02658  2.19027e-01 | 57  0.04839 -1.87972e-02
 58  0.01319  2.36639e-01 | 59 -0.00310 -3.14943e-01 | 60  0.01580 -5.44101e-01
 61 -0.00708 -1.83560e-01 | 62 -0.00521 -2.85166e-01 | 63 -0.01761  1.95277e-01
 64  0.02659 -8.40528e-02 | 65  0.02230  5.55516e-04 | 66 -0.00287  2.36082e-02
 67  0.00012  1.26951e-01 | 68 -0.00090 -2.08374e-01 | 69  0.03337  8.92789e-03
 70 -0.03056  2.83558e-02 | 71  0.02257  1.65417e-02 | 72 -0.01763 -9.88889e-02
 73  0.00188  5.47110e-02 | 74  0.02052 -9.99345e-02 | 75  0.02060 -4.48314e-02
 76  0.01186 -5.48605e-02 | 77 -0.03363  1.20766e-01 | 78 -0.02021  3.03881e-01
 79 -0.04030 -1.02851e-01 | 80  0.01076 -1.10523e-01 | 81  0.03178 -2.56170e-04
 82  0.01263 -8.40700e-02 | 83  0.06346  2.30000e-02 | 84  0.01379 -1.41609e-01
 85  0.00284  4.99779e-01 | 86  0.02526 -1.28265e-01 | 87 -0.01953  1.54726e-01
 88  0.02307  1.29661e-02 | 89 -0.00715 -3.94758e-01 | 90 -0.02553 -9.59059e-02
 91  0.01455 -2.19452e-02 | 92 -0.00634 -6.56798e-02 | 93  0.01493 -7.91359e-02
 94 -0.02104 -4.67340e-01 | 95 -0.06130 -3.80706e-01 | 96 -0.02008 -2.29973e-01
 97 -0.01874 -1.59032e-01 | 98 -0.04804 -2.35255e-02 | 99 -0.01136  3.28535e-01
100 -0.02333  1.85861e-02 |101  0.00763 -1.00994e-01 |102  0.01662 -3.60982e-01
103 -0.01616  1.35958e-01 |104 -0.00326 -6.56179e-02 |105 -0.00027 -1.54000e-01
106 -0.00026 -1.44298e-01 |107  0.76216 -7.70287e-02 |108 -0.42473  6.28876e-01
109  0.23438 -3.73784e-02 |110 -0.25263  3.01358e-01 |

 - final statistics:
110 variables; iteration 120; function evaluation 164
Function value 2.2548e+03; maximum gradient component mag -6.9497e-05
Exit code = 1;  converg criter 1.0000e-04
Var    Value     Gradient |Var    Value     Gradient |Var    Value     Gradient
  1 -0.38773 -1.27300e-05 |  2 -0.41762 -6.94966e-05 |  3 -0.42461 -4.39062e-05
  4 -0.41047 -2.92872e-06 |  5 -0.45744 -1.16811e-06 |  6  0.64918 -1.64365e-05
  7 -0.00163  7.39701e-08 |  8 -0.00036  6.09416e-09 |  9 -0.00467  6.16420e-08
 10  0.01045  4.21180e-08 | 11 -0.00005  2.27668e-08 | 12 -0.01227  6.34895e-07
 13  0.00001  5.82906e-07 | 14  0.00944  8.36041e-07 | 15  0.01605  6.18083e-07
 16  0.00231  6.73945e-07 | 17  0.00874  4.67401e-07 | 18 -0.01422  6.73623e-07
 19 -0.02072  7.46143e-07 | 20 -0.04210  6.72858e-07 | 21 -0.02620  6.10665e-07
 22 -0.02645  7.92455e-07 | 23  0.00538  9.86191e-07 | 24 -0.00417  7.50409e-07
 25  0.00444  1.09952e-06 | 26 -0.01601  9.00021e-07 | 27  0.01799  8.00114e-07
 28  0.03571  1.53525e-06 | 29 -0.00420  8.29960e-07 | 30  0.02690  1.26248e-06
 31 -0.02850  6.81759e-07 | 32 -0.02362  6.79060e-07 | 33 -0.00900  6.85419e-07
 34 -0.00905  4.45525e-07 | 35  0.00182  6.16589e-07 | 36 -0.03427  7.54203e-07
 37  0.04331  8.28812e-07 | 38  0.02684  5.91184e-07 | 39  0.02250  7.04553e-07
 40  0.02404  6.99025e-07 | 41  0.01334  6.47899e-07 | 42  0.03682  5.20740e-07
 43  0.00205  5.60599e-07 | 44  0.02286  4.67024e-07 | 45  0.00964  5.27174e-07
 46  0.02785  5.37888e-07 | 47 -0.03999  3.64015e-07 | 48 -0.02406  2.27934e-07
 49 -0.01542  1.75728e-07 | 50 -0.00891  3.93372e-07 | 51 -0.00841  1.42086e-07
 52 -0.00528  1.07442e-09 | 53  0.00058 -1.68217e-07 | 54 -0.00511  6.64379e-09
 55 -0.02073  2.00794e-08 | 56  0.02657 -5.95290e-07 | 57  0.04839 -1.60922e-06
 58  0.01317 -2.87796e-07 | 59 -0.00308 -3.46633e-07 | 60  0.01583 -1.04949e-06
 61 -0.00707 -7.53685e-07 | 62 -0.00520 -5.83099e-07 | 63 -0.01761 -6.15867e-07
 64  0.02660 -1.62331e-06 | 65  0.02230 -1.01747e-06 | 66 -0.00287 -7.06943e-07
 67  0.00011 -7.42539e-07 | 68 -0.00089 -7.18581e-07 | 69  0.03338 -1.51664e-06
 70 -0.03056 -1.36548e-07 | 71  0.02257 -9.26891e-07 | 72 -0.01762 -3.81945e-07
 73  0.00188 -1.69669e-06 | 74  0.02052 -1.16687e-06 | 75  0.02060 -1.08397e-06
 76  0.01186 -6.76743e-07 | 77 -0.03363  7.49319e-08 | 78 -0.02022 -1.35937e-07
 79 -0.04029 -1.86756e-07 | 80  0.01077 -1.07975e-06 | 81  0.03179 -1.98649e-06
 82  0.01264 -1.35033e-06 | 83  0.06346 -2.51807e-06 | 84  0.01380 -6.28148e-07
 85  0.00282 -2.99535e-07 | 86  0.02527 -6.13477e-07 | 87 -0.01954 -1.63834e-07
 88  0.02307 -6.56750e-07 | 89 -0.00713 -5.94235e-08 | 90 -0.02552  1.63607e-07
 91  0.01455 -6.11196e-07 | 92 -0.00633 -4.62767e-07 | 93  0.01494 -2.01257e-08
 94 -0.02102  3.64279e-08 | 95 -0.06127  1.85173e-07 | 96 -0.02007 -1.19920e-07
 97 -0.01872  5.49073e-07 | 98 -0.04803  3.68153e-07 | 99 -0.01137 -3.63613e-07
100 -0.02332 -1.06560e-08 |101  0.00764 -7.04719e-07 |102  0.01666  1.70565e-07
103 -0.01620  3.67713e-07 |104 -0.00322  7.45577e-07 |105 -0.00017  5.01070e-07
106 -0.00017  4.99734e-07 |107  0.76216  4.10847e-06 |108 -0.42473 -2.04467e-05
109  0.23437  2.69488e-06 |110 -0.25264 -5.87306e-06 |

 - final statistics:
122 variables; iteration 0; function evaluation 0
Function value 2.2548e+03; maximum gradient component mag -6.9497e-05
Exit code = 0;  converg criter 1.0000e-04
Var    Value     Gradient |Var    Value     Gradient |Var    Value     Gradient
  1 -0.38773 -1.27300e-05 |  2 -0.41762 -6.94967e-05 |  3 -0.42461 -4.39062e-05
  4 -0.41047 -2.92872e-06 |  5 -0.45744 -1.16811e-06 |  6  0.64918 -1.64367e-05
  7 -0.00163  7.39696e-08 |  8 -0.00036  6.09407e-09 |  9 -0.00467  6.16419e-08
 10  0.01045  4.21179e-08 | 11 -0.00005  2.27666e-08 | 12 -0.01227  6.34619e-07
 13  0.00001  5.82629e-07 | 14  0.00944  8.35765e-07 | 15  0.01605  6.17806e-07
 16  0.00231  6.73668e-07 | 17  0.00874  4.67124e-07 | 18 -0.01422  6.73347e-07
 19 -0.02072  7.45867e-07 | 20 -0.04210  6.72582e-07 | 21 -0.02620  6.10388e-07
 22 -0.02645  7.92178e-07 | 23  0.00538  9.85912e-07 | 24 -0.00417  7.50131e-07
 25  0.00444  1.09924e-06 | 26 -0.01601  8.99743e-07 | 27  0.01799  7.99835e-07
 28  0.03571  1.53497e-06 | 29 -0.00420  8.29681e-07 | 30  0.02690  1.26220e-06
 31 -0.02850  6.81481e-07 | 32 -0.02362  6.78782e-07 | 33 -0.00900  6.85140e-07
 34 -0.00905  4.45247e-07 | 35  0.00182  6.16312e-07 | 36 -0.03427  7.53926e-07
 37  0.04331  8.28531e-07 | 38  0.02684  5.90906e-07 | 39  0.02250  7.04273e-07
 40  0.02404  6.98744e-07 | 41  0.01334  6.47618e-07 | 42  0.03682  5.20459e-07
 43  0.00205  5.60318e-07 | 44  0.02286  4.66740e-07 | 45  0.00964  5.26892e-07
 46  0.02785  5.37603e-07 | 47 -0.03999  3.63736e-07 | 48 -0.02406  2.27654e-07
 49 -0.01542  1.75447e-07 | 50 -0.00891  3.93091e-07 | 51 -0.00841  1.41805e-07
 52 -0.00528  7.92680e-10 | 53  0.00058 -1.68500e-07 | 54 -0.00511  6.36144e-09
 55 -0.02073  1.97983e-08 | 56  0.02657 -5.95577e-07 | 57  0.04839 -1.60951e-06
 58  0.01317 -2.88083e-07 | 59 -0.00308 -3.46919e-07 | 60  0.01583 -1.04978e-06
 61 -0.00707 -7.53970e-07 | 62 -0.00520 -5.83385e-07 | 63 -0.01761 -6.16151e-07
 64  0.02660 -1.62360e-06 | 65  0.02230 -1.01776e-06 | 66 -0.00287 -7.07229e-07
 67  0.00011 -7.42826e-07 | 68 -0.00089 -7.18868e-07 | 69  0.03338 -1.51693e-06
 70 -0.03056 -1.36831e-07 | 71  0.02257 -9.27181e-07 | 72 -0.01762 -3.82230e-07
 73  0.00188 -1.69697e-06 | 74  0.02052 -1.16716e-06 | 75  0.02060 -1.08426e-06
 76  0.01186 -6.77029e-07 | 77 -0.03363  7.46504e-08 | 78 -0.02022 -1.36220e-07
 79 -0.04029 -1.87036e-07 | 80  0.01077 -1.08004e-06 | 81  0.03179 -1.98677e-06
 82  0.01264 -1.35062e-06 | 83  0.06346 -2.51837e-06 | 84  0.01380 -6.28434e-07
 85  0.00282 -2.99819e-07 | 86  0.02527 -6.13764e-07 | 87 -0.01954 -1.64115e-07
 88  0.02307 -6.57037e-07 | 89 -0.00713 -5.97066e-08 | 90 -0.02552  1.63326e-07
 91  0.01455 -6.11475e-07 | 92 -0.00633 -4.63049e-07 | 93  0.01494 -2.04106e-08
 94 -0.02102  3.61486e-08 | 95 -0.06127  1.84897e-07 | 96 -0.02007 -1.20198e-07
 97 -0.01872  5.48796e-07 | 98 -0.04803  3.67878e-07 | 99 -0.01137 -3.63887e-07
100 -0.02332 -1.09305e-08 |101  0.00764 -7.04991e-07 |102  0.01666  1.70289e-07
103 -0.01620  3.67438e-07 |104 -0.00322  7.45301e-07 |105 -0.00017  5.00794e-07
106 -0.00017  4.99458e-07 |107  0.00000  0.00000e+00 |108  0.00000  0.00000e+00
109  0.00000  0.00000e+00 |110  0.00000  0.00000e+00 |111  0.00000  0.00000e+00
112  0.00000  0.00000e+00 |113  0.00000  0.00000e+00 |114  0.00000  0.00000e+00
115  0.00000  0.00000e+00 |116  0.00000  0.00000e+00 |117  0.00000  0.00000e+00
118  0.00000  0.00000e+00 |119  0.76216  4.10844e-06 |120 -0.42473 -2.04466e-05
121  0.23437  2.69487e-06 |122 -0.25264 -5.87302e-06 |
size of file gradfil1.tmp = 0
size of file gradfil2.tmp = 0
size of file varssave.tmp = 0
size of file cmpdiff.tmp = 0
